2023-06-30 16:33:34 [scrapy.utils.log] INFO: Scrapy 2.9.0 started (bot: ndlcrawler)
2023-06-30 16:33:34 [scrapy.utils.log] INFO: Versions: lxml 4.9.2.0, libxml2 2.9.14, cssselect 1.2.0, parsel 1.8.1, w3lib 2.1.1, Twisted 22.10.0, Python 3.10.10 (main, Mar  5 2023, 22:26:53) [GCC 12.2.1 20230201], pyOpenSSL 23.2.0 (OpenSSL 3.1.1 30 May 2023), cryptography 41.0.1, Platform Linux-6.2.12-arch1-1-x86_64-with-glibc2.37
2023-06-30 16:33:34 [scrapy.crawler] INFO: Overridden settings:
{'BOT_NAME': 'ndlcrawler',
 'FEED_EXPORT_ENCODING': 'utf-8',
 'LOG_FILE': 'logs/booklist.title.62.DESC.log',
 'NEWSPIDER_MODULE': 'ndlcrawler.spiders',
 'REQUEST_FINGERPRINTER_IMPLEMENTATION': '2.7',
 'ROBOTSTXT_OBEY': True,
 'SPIDER_MODULES': ['ndlcrawler.spiders'],
 'TWISTED_REACTOR': 'twisted.internet.asyncioreactor.AsyncioSelectorReactor'}
2023-06-30 16:33:34 [asyncio] DEBUG: Using selector: EpollSelector
2023-06-30 16:33:34 [scrapy.utils.log] DEBUG: Using reactor: twisted.internet.asyncioreactor.AsyncioSelectorReactor
2023-06-30 16:33:34 [scrapy.utils.log] DEBUG: Using asyncio event loop: asyncio.unix_events._UnixSelectorEventLoop
2023-06-30 16:33:34 [scrapy.extensions.telnet] INFO: Telnet Password: 22459d2fac41512e
2023-06-30 16:33:34 [scrapy.middleware] INFO: Enabled extensions:
['scrapy.extensions.corestats.CoreStats',
 'scrapy.extensions.telnet.TelnetConsole',
 'scrapy.extensions.memusage.MemoryUsage',
 'scrapy.extensions.logstats.LogStats']
2023-06-30 16:33:34 [scrapy.middleware] INFO: Enabled downloader middlewares:
['scrapy.downloadermiddlewares.robotstxt.RobotsTxtMiddleware',
 'scrapy.downloadermiddlewares.httpauth.HttpAuthMiddleware',
 'scrapy.downloadermiddlewares.downloadtimeout.DownloadTimeoutMiddleware',
 'scrapy.downloadermiddlewares.defaultheaders.DefaultHeadersMiddleware',
 'scrapy.downloadermiddlewares.useragent.UserAgentMiddleware',
 'scrapy.downloadermiddlewares.retry.RetryMiddleware',
 'scrapy.downloadermiddlewares.redirect.MetaRefreshMiddleware',
 'scrapy.downloadermiddlewares.httpcompression.HttpCompressionMiddleware',
 'scrapy.downloadermiddlewares.redirect.RedirectMiddleware',
 'scrapy.downloadermiddlewares.cookies.CookiesMiddleware',
 'scrapy.downloadermiddlewares.httpproxy.HttpProxyMiddleware',
 'scrapy.downloadermiddlewares.stats.DownloaderStats']
2023-06-30 16:33:34 [scrapy.middleware] INFO: Enabled spider middlewares:
['scrapy.spidermiddlewares.httperror.HttpErrorMiddleware',
 'scrapy.spidermiddlewares.offsite.OffsiteMiddleware',
 'scrapy.spidermiddlewares.referer.RefererMiddleware',
 'scrapy.spidermiddlewares.urllength.UrlLengthMiddleware',
 'scrapy.spidermiddlewares.depth.DepthMiddleware']
2023-06-30 16:33:34 [scrapy.middleware] INFO: Enabled item pipelines:
[]
2023-06-30 16:33:34 [scrapy.core.engine] INFO: Spider opened
2023-06-30 16:33:35 [scrapy.extensions.logstats] INFO: Crawled 0 pages (at 0 pages/min), scraped 0 items (at 0 items/min)
2023-06-30 16:33:35 [scrapy.extensions.telnet] INFO: Telnet console listening on 127.0.0.1:6023
2023-06-30 16:33:35 [scrapy.core.engine] DEBUG: Crawled (200) <GET https://dl.ndl.go.jp/robots.txt> (referer: None)
2023-06-30 16:33:36 [scrapy.core.engine] DEBUG: Crawled (200) <POST https://dl.ndl.go.jp/api/item/search> (referer: None)
2023-06-30 16:33:36 [booklist] INFO: Fetched page 1
2023-06-30 16:33:37 [booklist] INFO: VALID_ID: 2573287
2023-06-30 16:33:37 [booklist] INFO: VALID_ID: 2576372
2023-06-30 16:33:37 [booklist] INFO: VALID_ID: 2601100
2023-06-30 16:33:37 [booklist] INFO: VALID_ID: 2558953
2023-06-30 16:33:37 [booklist] INFO: VALID_ID: 2597015
2023-06-30 16:33:37 [booklist] INFO: VALID_ID: 2586081
2023-06-30 16:33:37 [booklist] INFO: VALID_ID: 2596409
2023-06-30 16:33:37 [booklist] INFO: VALID_ID: 2573924
2023-06-30 16:33:37 [booklist] INFO: VALID_ID: 2591418
2023-06-30 16:33:37 [booklist] INFO: VALID_ID: 2576756
2023-06-30 16:33:37 [booklist] INFO: VALID_ID: 2589847
2023-06-30 16:33:37 [booklist] INFO: VALID_ID: 2560861
2023-06-30 16:33:37 [booklist] INFO: VALID_ID: 2573844
2023-06-30 16:33:37 [booklist] INFO: VALID_ID: 2577693
2023-06-30 16:33:37 [booklist] INFO: VALID_ID: 2570721
2023-06-30 16:33:37 [booklist] INFO: VALID_ID: 2584977
2023-06-30 16:33:37 [booklist] INFO: VALID_ID: 2555128
2023-06-30 16:33:37 [booklist] INFO: VALID_ID: 2600183
2023-06-30 16:33:37 [booklist] INFO: VALID_ID: 2551061
2023-06-30 16:33:37 [booklist] INFO: VALID_ID: 2588104
2023-06-30 16:33:37 [booklist] INFO: VALID_ID: 2562276
2023-06-30 16:33:37 [booklist] INFO: VALID_ID: 2561467
2023-06-30 16:33:37 [booklist] INFO: VALID_ID: 2558377
2023-06-30 16:33:37 [booklist] INFO: VALID_ID: 2597215
2023-06-30 16:33:37 [booklist] INFO: VALID_ID: 2553523
2023-06-30 16:33:37 [booklist] INFO: VALID_ID: 2561942
2023-06-30 16:33:37 [booklist] INFO: VALID_ID: 2555970
2023-06-30 16:33:37 [booklist] INFO: VALID_ID: 2577554
2023-06-30 16:33:37 [booklist] INFO: VALID_ID: 2590047
2023-06-30 16:33:37 [booklist] INFO: VALID_ID: 11892631
2023-06-30 16:33:37 [booklist] INFO: VALID_ID: 2571111
2023-06-30 16:33:37 [booklist] INFO: VALID_ID: 2590147
2023-06-30 16:33:37 [booklist] INFO: VALID_ID: 2561842
2023-06-30 16:33:37 [booklist] INFO: VALID_ID: 2577454
2023-06-30 16:33:37 [booklist] INFO: VALID_ID: 2590347
2023-06-30 16:33:37 [booklist] INFO: VALID_ID: 2593435
2023-06-30 16:33:37 [booklist] INFO: VALID_ID: 2572297
2023-06-30 16:33:37 [booklist] INFO: VALID_ID: 2589947
2023-06-30 16:33:37 [booklist] INFO: VALID_ID: 2562142
2023-06-30 16:33:37 [booklist] INFO: VALID_ID: 2562042
2023-06-30 16:33:37 [booklist] INFO: VALID_ID: 10303987
2023-06-30 16:33:37 [booklist] INFO: VALID_ID: 2576847
2023-06-30 16:33:37 [booklist] INFO: VALID_ID: 2551161
2023-06-30 16:33:37 [booklist] INFO: VALID_ID: 2597956
2023-06-30 16:33:37 [booklist] INFO: VALID_ID: 2570641
2023-06-30 16:33:37 [booklist] INFO: VALID_ID: 2590247
2023-06-30 16:33:37 [booklist] INFO: VALID_ID: 2597115
2023-06-30 16:33:37 [booklist] INFO: VALID_ID: 2585857
2023-06-30 16:33:37 [booklist] INFO: VALID_ID: 2583960
2023-06-30 16:33:37 [booklist] INFO: VALID_ID: 2553900
2023-06-30 16:33:37 [booklist] INFO: VALID_ID: 12865591
2023-06-30 16:33:37 [booklist] INFO: VALID_ID: 12865597
2023-06-30 16:33:37 [booklist] INFO: VALID_ID: 12865588
2023-06-30 16:33:37 [booklist] INFO: VALID_ID: 12865598
2023-06-30 16:33:37 [booklist] INFO: VALID_ID: 12865446
2023-06-30 16:33:37 [booklist] INFO: VALID_ID: 12865428
2023-06-30 16:33:37 [booklist] INFO: VALID_ID: 12865386
2023-06-30 16:33:37 [booklist] INFO: VALID_ID: 12865599
2023-06-30 16:33:37 [booklist] INFO: VALID_ID: 12865390
2023-06-30 16:33:37 [booklist] INFO: VALID_ID: 12865416
2023-06-30 16:33:37 [booklist] INFO: VALID_ID: 12865402
2023-06-30 16:33:37 [booklist] INFO: VALID_ID: 2585919
2023-06-30 16:33:37 [booklist] INFO: VALID_ID: 12865392
2023-06-30 16:33:37 [booklist] INFO: VALID_ID: 12865593
2023-06-30 16:33:37 [booklist] INFO: VALID_ID: 12865595
2023-06-30 16:33:37 [booklist] INFO: VALID_ID: 12865781
2023-06-30 16:33:37 [booklist] INFO: VALID_ID: 12865434
2023-06-30 16:33:37 [booklist] INFO: VALID_ID: 12865590
2023-06-30 16:33:37 [booklist] INFO: VALID_ID: 12865589
2023-06-30 16:33:37 [booklist] INFO: VALID_ID: 12865406
2023-06-30 16:33:37 [booklist] INFO: VALID_ID: 12865404
2023-06-30 16:33:37 [booklist] INFO: VALID_ID: 12865420
2023-06-30 16:33:37 [booklist] INFO: VALID_ID: 12865422
2023-06-30 16:33:37 [booklist] INFO: VALID_ID: 12865592
2023-06-30 16:33:37 [booklist] INFO: VALID_ID: 12865325
2023-06-30 16:33:37 [booklist] INFO: VALID_ID: 2588589
2023-06-30 16:33:37 [booklist] INFO: VALID_ID: 12865394
2023-06-30 16:33:37 [booklist] INFO: VALID_ID: 12865594
2023-06-30 16:33:37 [booklist] INFO: VALID_ID: 12865440
2023-06-30 16:33:37 [booklist] INFO: VALID_ID: 12865448
2023-06-30 16:33:37 [booklist] INFO: VALID_ID: 12865596
2023-06-30 16:33:37 [booklist] INFO: VALID_ID: 12865410
2023-06-30 16:33:37 [booklist] INFO: VALID_ID: 12865784
2023-06-30 16:33:37 [booklist] INFO: VALID_ID: 12865444
2023-06-30 16:33:37 [booklist] INFO: VALID_ID: 12865396
2023-06-30 16:33:37 [booklist] INFO: VALID_ID: 12865408
2023-06-30 16:33:37 [booklist] INFO: VALID_ID: 12865436
2023-06-30 16:33:37 [booklist] INFO: VALID_ID: 12865380
2023-06-30 16:33:37 [booklist] INFO: VALID_ID: 12865432
2023-06-30 16:33:37 [booklist] INFO: VALID_ID: 12865384
2023-06-30 16:33:37 [booklist] INFO: VALID_ID: 12865398
2023-06-30 16:33:37 [booklist] INFO: VALID_ID: 12865414
2023-06-30 16:33:37 [booklist] INFO: VALID_ID: 12865442
2023-06-30 16:33:37 [booklist] INFO: VALID_ID: 12865388
2023-06-30 16:33:37 [booklist] INFO: VALID_ID: 12865782
2023-06-30 16:33:37 [booklist] INFO: VALID_ID: 12865600
2023-06-30 16:33:37 [booklist] INFO: VALID_ID: 12865424
2023-06-30 16:33:37 [booklist] INFO: VALID_ID: 12865780
2023-06-30 16:33:37 [booklist] INFO: VALID_ID: 12865438
2023-06-30 16:33:37 [booklist] INFO: VALID_ID: 2572397
2023-06-30 16:33:38 [scrapy.core.engine] DEBUG: Crawled (200) <POST https://dl.ndl.go.jp/api/item/search> (referer: https://dl.ndl.go.jp/api/item/search)
2023-06-30 16:33:38 [booklist] INFO: Fetched page 2
2023-06-30 16:33:38 [booklist] INFO: VALID_ID: 12865382
2023-06-30 16:33:38 [booklist] INFO: VALID_ID: 12865412
2023-06-30 16:33:38 [booklist] INFO: VALID_ID: 2585878
2023-06-30 16:33:38 [booklist] INFO: VALID_ID: 12865426
2023-06-30 16:33:38 [booklist] INFO: VALID_ID: 12865378
2023-06-30 16:33:38 [booklist] INFO: VALID_ID: 12865418
2023-06-30 16:33:38 [booklist] INFO: VALID_ID: 12865783
2023-06-30 16:33:38 [booklist] INFO: VALID_ID: 12865601
2023-06-30 16:33:38 [booklist] INFO: VALID_ID: 11446446
2023-06-30 16:33:38 [booklist] INFO: VALID_ID: 2585888
2023-06-30 16:33:38 [booklist] INFO: VALID_ID: 2585898
2023-06-30 16:33:38 [booklist] INFO: VALID_ID: 2606575
2023-06-30 16:33:38 [booklist] INFO: VALID_ID: 2585939
2023-06-30 16:33:38 [booklist] INFO: VALID_ID: 2572088
2023-06-30 16:33:38 [booklist] INFO: VALID_ID: 2585929
2023-06-30 16:33:38 [booklist] INFO: VALID_ID: 2585866
2023-06-30 16:33:38 [booklist] INFO: VALID_ID: 2585909
2023-06-30 16:33:38 [booklist] INFO: VALID_ID: 2571419
2023-06-30 16:33:38 [booklist] INFO: VALID_ID: 2571543
2023-06-30 16:33:38 [booklist] INFO: VALID_ID: 2561726
2023-06-30 16:33:38 [booklist] INFO: VALID_ID: 2574506
2023-06-30 16:33:38 [booklist] INFO: VALID_ID: 2558528
2023-06-30 16:33:38 [booklist] INFO: VALID_ID: 2558476
2023-06-30 16:33:38 [booklist] INFO: VALID_ID: 2558498
2023-06-30 16:33:38 [booklist] INFO: VALID_ID: 2558515
2023-06-30 16:33:38 [booklist] INFO: VALID_ID: 2558490
2023-06-30 16:33:38 [booklist] INFO: VALID_ID: 2558509
2023-06-30 16:33:38 [booklist] INFO: VALID_ID: 2558530
2023-06-30 16:33:38 [booklist] INFO: VALID_ID: 2558533
2023-06-30 16:33:38 [booklist] INFO: VALID_ID: 2553624
2023-06-30 16:33:38 [booklist] INFO: VALID_ID: 2558492
2023-06-30 16:33:38 [booklist] INFO: VALID_ID: 2558475
2023-06-30 16:33:38 [booklist] INFO: VALID_ID: 2558483
2023-06-30 16:33:38 [booklist] INFO: VALID_ID: 2558488
2023-06-30 16:33:38 [booklist] INFO: VALID_ID: 2558496
2023-06-30 16:33:38 [booklist] INFO: VALID_ID: 2558500
2023-06-30 16:33:38 [booklist] INFO: VALID_ID: 2558526
2023-06-30 16:33:38 [booklist] INFO: VALID_ID: 2558519
2023-06-30 16:33:38 [booklist] INFO: VALID_ID: 2558525
2023-06-30 16:33:38 [booklist] INFO: VALID_ID: 2558536
2023-06-30 16:33:38 [booklist] INFO: VALID_ID: 2558489
2023-06-30 16:33:38 [booklist] INFO: VALID_ID: 2558507
2023-06-30 16:33:38 [booklist] INFO: VALID_ID: 2558477
2023-06-30 16:33:38 [booklist] INFO: VALID_ID: 2558484
2023-06-30 16:33:38 [booklist] INFO: VALID_ID: 2558503
2023-06-30 16:33:38 [booklist] INFO: VALID_ID: 2558506
2023-06-30 16:33:38 [booklist] INFO: VALID_ID: 2558516
2023-06-30 16:33:38 [booklist] INFO: VALID_ID: 2558529
2023-06-30 16:33:38 [booklist] INFO: VALID_ID: 2558508
2023-06-30 16:33:38 [booklist] INFO: VALID_ID: 2558511
2023-06-30 16:33:38 [booklist] INFO: VALID_ID: 2558504
2023-06-30 16:33:38 [booklist] INFO: VALID_ID: 2558514
2023-06-30 16:33:38 [booklist] INFO: VALID_ID: 2558497
2023-06-30 16:33:38 [booklist] INFO: VALID_ID: 2558532
2023-06-30 16:33:38 [booklist] INFO: VALID_ID: 2572911
2023-06-30 16:33:38 [booklist] INFO: VALID_ID: 2558510
2023-06-30 16:33:38 [booklist] INFO: VALID_ID: 2558534
2023-06-30 16:33:38 [booklist] INFO: VALID_ID: 2558487
2023-06-30 16:33:38 [booklist] INFO: VALID_ID: 2558467
2023-06-30 16:33:38 [booklist] INFO: VALID_ID: 2558522
2023-06-30 16:33:38 [booklist] INFO: VALID_ID: 2558527
2023-06-30 16:33:38 [booklist] INFO: VALID_ID: 2558481
2023-06-30 16:33:38 [booklist] INFO: VALID_ID: 2558495
2023-06-30 16:33:38 [booklist] INFO: VALID_ID: 2588689
2023-06-30 16:33:38 [booklist] INFO: VALID_ID: 2558505
2023-06-30 16:33:38 [booklist] INFO: VALID_ID: 2558478
2023-06-30 16:33:38 [booklist] INFO: VALID_ID: 2558479
2023-06-30 16:33:38 [booklist] INFO: VALID_ID: 2558491
2023-06-30 16:33:38 [booklist] INFO: VALID_ID: 2558493
2023-06-30 16:33:38 [booklist] INFO: VALID_ID: 2558520
2023-06-30 16:33:38 [booklist] INFO: VALID_ID: 2558523
2023-06-30 16:33:38 [booklist] INFO: VALID_ID: 2558480
2023-06-30 16:33:38 [booklist] INFO: VALID_ID: 2576223
2023-06-30 16:33:38 [booklist] INFO: VALID_ID: 2558521
2023-06-30 16:33:38 [booklist] INFO: VALID_ID: 2588454
2023-06-30 16:33:38 [booklist] INFO: VALID_ID: 2558485
2023-06-30 16:33:38 [booklist] INFO: VALID_ID: 2558486
2023-06-30 16:33:38 [booklist] INFO: VALID_ID: 2558494
2023-06-30 16:33:38 [booklist] INFO: VALID_ID: 2558499
2023-06-30 16:33:38 [booklist] INFO: VALID_ID: 2558531
2023-06-30 16:33:38 [booklist] INFO: VALID_ID: 2558502
2023-06-30 16:33:38 [booklist] INFO: VALID_ID: 2558517
2023-06-30 16:33:38 [booklist] INFO: VALID_ID: 2607922
2023-06-30 16:33:38 [booklist] INFO: VALID_ID: 2558501
2023-06-30 16:33:38 [booklist] INFO: VALID_ID: 2558512
2023-06-30 16:33:38 [booklist] INFO: VALID_ID: 2605969
2023-06-30 16:33:38 [booklist] INFO: VALID_ID: 2573040
2023-06-30 16:33:38 [booklist] INFO: VALID_ID: 2558482
2023-06-30 16:33:38 [booklist] INFO: VALID_ID: 2558513
2023-06-30 16:33:38 [booklist] INFO: VALID_ID: 2558518
2023-06-30 16:33:38 [booklist] INFO: VALID_ID: 2558524
2023-06-30 16:33:38 [booklist] INFO: VALID_ID: 2549798
2023-06-30 16:33:38 [booklist] INFO: VALID_ID: 2561730
2023-06-30 16:33:38 [booklist] INFO: VALID_ID: 2572817
2023-06-30 16:33:38 [booklist] INFO: VALID_ID: 2561710
2023-06-30 16:33:38 [booklist] INFO: VALID_ID: 2596179
2023-06-30 16:33:38 [booklist] INFO: VALID_ID: 2588890
2023-06-30 16:33:38 [booklist] INFO: VALID_ID: 2559093
2023-06-30 16:33:38 [booklist] INFO: VALID_ID: 2561712
2023-06-30 16:33:38 [booklist] INFO: VALID_ID: 2576224
2023-06-30 16:33:40 [scrapy.core.engine] DEBUG: Crawled (200) <POST https://dl.ndl.go.jp/api/item/search> (referer: https://dl.ndl.go.jp/api/item/search)
2023-06-30 16:33:40 [booklist] INFO: Fetched page 3
2023-06-30 16:33:40 [booklist] INFO: VALID_ID: 2553892
2023-06-30 16:33:40 [booklist] INFO: VALID_ID: 2548622
2023-06-30 16:33:40 [booklist] INFO: VALID_ID: 2561714
2023-06-30 16:33:40 [booklist] INFO: VALID_ID: 2572188
2023-06-30 16:33:40 [booklist] INFO: VALID_ID: 2561716
2023-06-30 16:33:40 [booklist] INFO: VALID_ID: 2605718
2023-06-30 16:33:40 [booklist] INFO: VALID_ID: 2561725
2023-06-30 16:33:40 [booklist] INFO: VALID_ID: 2561728
2023-06-30 16:33:40 [booklist] INFO: VALID_ID: 2561733
2023-06-30 16:33:40 [booklist] INFO: VALID_ID: 2561727
2023-06-30 16:33:40 [booklist] INFO: VALID_ID: 2561737
2023-06-30 16:33:40 [booklist] INFO: VALID_ID: 2589244
2023-06-30 16:33:40 [booklist] INFO: VALID_ID: 2561718
2023-06-30 16:33:40 [booklist] INFO: VALID_ID: 2561722
2023-06-30 16:33:40 [booklist] INFO: VALID_ID: 2561723
2023-06-30 16:33:40 [booklist] INFO: VALID_ID: 2550471
2023-06-30 16:33:40 [booklist] INFO: VALID_ID: 11891709
2023-06-30 16:33:40 [booklist] INFO: VALID_ID: 2559168
2023-06-30 16:33:40 [booklist] INFO: VALID_ID: 2561715
2023-06-30 16:33:40 [booklist] INFO: VALID_ID: 2561724
2023-06-30 16:33:40 [booklist] INFO: VALID_ID: 2605357
2023-06-30 16:33:40 [booklist] INFO: VALID_ID: 2561740
2023-06-30 16:33:40 [booklist] INFO: VALID_ID: 2561741
2023-06-30 16:33:40 [booklist] INFO: VALID_ID: 2589090
2023-06-30 16:33:40 [booklist] INFO: VALID_ID: 2560093
2023-06-30 16:33:40 [booklist] INFO: VALID_ID: 2540153
2023-06-30 16:33:40 [booklist] INFO: VALID_ID: 2548940
2023-06-30 16:33:40 [booklist] INFO: VALID_ID: 2576275
2023-06-30 16:33:40 [booklist] INFO: VALID_ID: 2560089
2023-06-30 16:33:40 [booklist] INFO: VALID_ID: 2561734
2023-06-30 16:33:40 [booklist] INFO: VALID_ID: 2561736
2023-06-30 16:33:40 [booklist] INFO: VALID_ID: 2589326
2023-06-30 16:33:40 [booklist] INFO: VALID_ID: 2561732
2023-06-30 16:33:40 [booklist] INFO: VALID_ID: 2561738
2023-06-30 16:33:40 [booklist] INFO: VALID_ID: 2561713
2023-06-30 16:33:40 [booklist] INFO: VALID_ID: 2561721
2023-06-30 16:33:40 [booklist] INFO: VALID_ID: 2561735
2023-06-30 16:33:40 [booklist] INFO: VALID_ID: 11038859
2023-06-30 16:33:40 [booklist] INFO: VALID_ID: 2560092
2023-06-30 16:33:40 [booklist] INFO: VALID_ID: 11038864
2023-06-30 16:33:40 [booklist] INFO: VALID_ID: 2561720
2023-06-30 16:33:40 [booklist] INFO: VALID_ID: 2561731
2023-06-30 16:33:40 [booklist] INFO: VALID_ID: 2550571
2023-06-30 16:33:40 [booklist] INFO: VALID_ID: 2587126
2023-06-30 16:33:40 [booklist] INFO: VALID_ID: 2560090
2023-06-30 16:33:40 [booklist] INFO: VALID_ID: 2560091
2023-06-30 16:33:40 [booklist] INFO: VALID_ID: 11038922
2023-06-30 16:33:40 [booklist] INFO: VALID_ID: 11038873
2023-06-30 16:33:40 [booklist] INFO: VALID_ID: 2609913
2023-06-30 16:33:40 [booklist] INFO: VALID_ID: 11038844
2023-06-30 16:33:40 [booklist] INFO: VALID_ID: 11038853
2023-06-30 16:33:40 [booklist] INFO: VALID_ID: 2553888
2023-06-30 16:33:40 [booklist] INFO: VALID_ID: 11038855
2023-06-30 16:33:40 [booklist] INFO: VALID_ID: 2576683
2023-06-30 16:33:40 [booklist] INFO: VALID_ID: 2608186
2023-06-30 16:33:40 [booklist] INFO: VALID_ID: 2576684
2023-06-30 16:33:40 [booklist] INFO: VALID_ID: 11038843
2023-06-30 16:33:40 [booklist] INFO: VALID_ID: 11038872
2023-06-30 16:33:40 [booklist] INFO: VALID_ID: 2609161
2023-06-30 16:33:40 [booklist] INFO: VALID_ID: 11038868
2023-06-30 16:33:40 [booklist] INFO: VALID_ID: 11038851
2023-06-30 16:33:40 [booklist] INFO: VALID_ID: 11038858
2023-06-30 16:33:40 [booklist] INFO: VALID_ID: 11038846
2023-06-30 16:33:40 [booklist] INFO: VALID_ID: 11038852
2023-06-30 16:33:40 [booklist] INFO: VALID_ID: 11038854
2023-06-30 16:33:40 [booklist] INFO: VALID_ID: 11038856
2023-06-30 16:33:40 [booklist] INFO: VALID_ID: 11038867
2023-06-30 16:33:40 [booklist] INFO: VALID_ID: 11038850
2023-06-30 16:33:40 [booklist] INFO: VALID_ID: 2588990
2023-06-30 16:33:40 [booklist] INFO: VALID_ID: 11038842
2023-06-30 16:33:40 [booklist] INFO: VALID_ID: 11038847
2023-06-30 16:33:40 [booklist] INFO: VALID_ID: 2561729
2023-06-30 16:33:40 [booklist] INFO: VALID_ID: 11038849
2023-06-30 16:33:40 [booklist] INFO: VALID_ID: 11038865
2023-06-30 16:33:40 [booklist] INFO: VALID_ID: 11038845
2023-06-30 16:33:40 [booklist] INFO: VALID_ID: 11038862
2023-06-30 16:33:40 [booklist] INFO: VALID_ID: 11038863
2023-06-30 16:33:40 [booklist] INFO: VALID_ID: 11038860
2023-06-30 16:33:40 [booklist] INFO: VALID_ID: 11038861
2023-06-30 16:33:40 [booklist] INFO: VALID_ID: 11038870
2023-06-30 16:33:40 [booklist] INFO: VALID_ID: 2576685
2023-06-30 16:33:40 [booklist] INFO: VALID_ID: 11038869
2023-06-30 16:33:40 [booklist] INFO: VALID_ID: 11038871
2023-06-30 16:33:40 [booklist] INFO: VALID_ID: 11038848
2023-06-30 16:33:40 [booklist] INFO: VALID_ID: 11038857
2023-06-30 16:33:40 [booklist] INFO: VALID_ID: 11038866
2023-06-30 16:33:40 [booklist] INFO: VALID_ID: 2561717
2023-06-30 16:33:40 [booklist] INFO: VALID_ID: 2561719
2023-06-30 16:33:40 [booklist] INFO: VALID_ID: 2571778
2023-06-30 16:33:40 [booklist] INFO: VALID_ID: 2561711
2023-06-30 16:33:40 [booklist] INFO: VALID_ID: 2561739
2023-06-30 16:33:40 [booklist] INFO: VALID_ID: 2550370
2023-06-30 16:33:40 [booklist] INFO: VALID_ID: 2587397
2023-06-30 16:33:40 [booklist] INFO: VALID_ID: 2583722
2023-06-30 16:33:40 [booklist] INFO: VALID_ID: 2550193
2023-06-30 16:33:40 [booklist] INFO: VALID_ID: 2572535
2023-06-30 16:33:40 [booklist] INFO: VALID_ID: 2587226
2023-06-30 16:33:40 [booklist] INFO: VALID_ID: 2549109
2023-06-30 16:33:40 [booklist] INFO: VALID_ID: 2575856
2023-06-30 16:33:40 [booklist] INFO: VALID_ID: 2575861
2023-06-30 16:33:41 [scrapy.core.engine] DEBUG: Crawled (200) <POST https://dl.ndl.go.jp/api/item/search> (referer: https://dl.ndl.go.jp/api/item/search)
2023-06-30 16:33:41 [booklist] INFO: Fetched page 4
2023-06-30 16:33:42 [booklist] INFO: VALID_ID: 2575850
2023-06-30 16:33:42 [booklist] INFO: VALID_ID: 2575854
2023-06-30 16:33:42 [booklist] INFO: VALID_ID: 2575853
2023-06-30 16:33:42 [booklist] INFO: VALID_ID: 2575851
2023-06-30 16:33:42 [booklist] INFO: VALID_ID: 2572636
2023-06-30 16:33:42 [booklist] INFO: VALID_ID: 2575863
2023-06-30 16:33:42 [booklist] INFO: VALID_ID: 2575860
2023-06-30 16:33:42 [booklist] INFO: VALID_ID: 2575862
2023-06-30 16:33:42 [booklist] INFO: VALID_ID: 2575869
2023-06-30 16:33:42 [booklist] INFO: VALID_ID: 2610662
2023-06-30 16:33:42 [booklist] INFO: VALID_ID: 2575868
2023-06-30 16:33:42 [booklist] INFO: VALID_ID: 2575858
2023-06-30 16:33:42 [booklist] INFO: VALID_ID: 2575865
2023-06-30 16:33:42 [booklist] INFO: VALID_ID: 2575867
2023-06-30 16:33:42 [booklist] INFO: VALID_ID: 2575870
2023-06-30 16:33:42 [booklist] INFO: VALID_ID: 2575857
2023-06-30 16:33:42 [booklist] INFO: VALID_ID: 2575866
2023-06-30 16:33:42 [booklist] INFO: VALID_ID: 2575852
2023-06-30 16:33:42 [booklist] INFO: VALID_ID: 2575855
2023-06-30 16:33:42 [booklist] INFO: VALID_ID: 2575864
2023-06-30 16:33:42 [booklist] INFO: VALID_ID: 2575871
2023-06-30 16:33:42 [booklist] INFO: VALID_ID: 2575859
2023-06-30 16:33:42 [booklist] INFO: VALID_ID: 2550304
2023-06-30 16:33:42 [booklist] INFO: VALID_ID: 2549229
2023-06-30 16:33:42 [booklist] INFO: VALID_ID: 10303783
2023-06-30 16:33:42 [booklist] INFO: VALID_ID: 2593333
2023-06-30 16:33:42 [booklist] INFO: VALID_ID: 2601441
2023-06-30 16:33:42 [booklist] INFO: VALID_ID: 2574388
2023-06-30 16:33:42 [booklist] INFO: VALID_ID: 2583961
2023-06-30 16:33:42 [booklist] INFO: VALID_ID: 2553315
2023-06-30 16:33:42 [booklist] INFO: VALID_ID: 10303511
2023-06-30 16:33:42 [booklist] INFO: VALID_ID: 11038732
2023-06-30 16:33:42 [booklist] INFO: VALID_ID: 2585990
2023-06-30 16:33:42 [booklist] INFO: VALID_ID: 2591231
2023-06-30 16:33:42 [booklist] INFO: VALID_ID: 2570809
2023-06-30 16:33:42 [booklist] INFO: VALID_ID: 2593331
2023-06-30 16:33:42 [booklist] INFO: VALID_ID: 2575207
2023-06-30 16:33:42 [booklist] INFO: VALID_ID: 2593332
2023-06-30 16:33:42 [booklist] INFO: VALID_ID: 2583689
2023-06-30 16:33:42 [booklist] INFO: VALID_ID: 11223341
2023-06-30 16:33:42 [booklist] INFO: VALID_ID: 2574387
2023-06-30 16:33:42 [booklist] INFO: VALID_ID: 2585034
2023-06-30 16:33:42 [booklist] INFO: VALID_ID: 12866105
2023-06-30 16:33:42 [booklist] INFO: VALID_ID: 11038681
2023-06-30 16:33:42 [booklist] INFO: VALID_ID: 11038803
2023-06-30 16:33:42 [booklist] INFO: VALID_ID: 11892632
2023-06-30 16:33:42 [booklist] INFO: VALID_ID: 2590959
2023-06-30 16:33:42 [booklist] INFO: VALID_ID: 2608684
2023-06-30 16:33:42 [booklist] INFO: VALID_ID: 2606175
2023-06-30 16:33:42 [booklist] INFO: VALID_ID: 2585665
2023-06-30 16:33:42 [booklist] INFO: VALID_ID: 2605034
2023-06-30 16:33:42 [booklist] INFO: VALID_ID: 2583445
2023-06-30 16:33:42 [booklist] INFO: VALID_ID: 2607884
2023-06-30 16:33:42 [booklist] INFO: VALID_ID: 2609432
2023-06-30 16:33:42 [booklist] INFO: VALID_ID: 2592090
2023-06-30 16:33:42 [booklist] INFO: VALID_ID: 2586010
2023-06-30 16:33:42 [booklist] INFO: VALID_ID: 11038758
2023-06-30 16:33:42 [booklist] INFO: VALID_ID: 2605073
2023-06-30 16:33:42 [booklist] INFO: VALID_ID: 2611028
2023-06-30 16:33:42 [booklist] INFO: VALID_ID: 2549047
2023-06-30 16:33:42 [booklist] INFO: VALID_ID: 2605093
2023-06-30 16:33:42 [booklist] INFO: VALID_ID: 2576250
2023-06-30 16:33:42 [booklist] INFO: VALID_ID: 2586000
2023-06-30 16:33:42 [booklist] INFO: VALID_ID: 2605053
2023-06-30 16:33:42 [booklist] INFO: VALID_ID: 2547377
2023-06-30 16:33:42 [booklist] INFO: VALID_ID: 11038785
2023-06-30 16:33:42 [booklist] INFO: VALID_ID: 2549125
2023-06-30 16:33:42 [booklist] INFO: VALID_ID: 11446646
2023-06-30 16:33:42 [booklist] INFO: VALID_ID: 2551649
2023-06-30 16:33:42 [booklist] INFO: VALID_ID: 11891811
2023-06-30 16:33:42 [booklist] INFO: VALID_ID: 1288065
2023-06-30 16:33:42 [booklist] INFO: VALID_ID: 1288126
2023-06-30 16:33:42 [booklist] INFO: VALID_ID: 1287962
2023-06-30 16:33:42 [booklist] INFO: VALID_ID: 1287179
2023-06-30 16:33:42 [booklist] INFO: VALID_ID: 11892742
2023-06-30 16:33:42 [booklist] INFO: VALID_ID: 2546399
2023-06-30 16:33:42 [booklist] INFO: VALID_ID: 2549161
2023-06-30 16:33:42 [booklist] INFO: VALID_ID: 11607763
2023-06-30 16:33:42 [booklist] INFO: VALID_ID: 2610264
2023-06-30 16:33:42 [booklist] INFO: VALID_ID: 2559216
2023-06-30 16:33:42 [booklist] INFO: VALID_ID: 2610124
2023-06-30 16:33:42 [booklist] INFO: VALID_ID: 2609581
2023-06-30 16:33:42 [booklist] INFO: VALID_ID: 2609975
2023-06-30 16:33:42 [booklist] INFO: VALID_ID: 2611024
2023-06-30 16:33:42 [booklist] INFO: VALID_ID: 2607434
2023-06-30 16:33:42 [booklist] INFO: VALID_ID: 2606945
2023-06-30 16:33:42 [booklist] INFO: VALID_ID: 9369960
2023-06-30 16:33:42 [booklist] INFO: VALID_ID: 2609818
2023-06-30 16:33:42 [booklist] INFO: VALID_ID: 2609961
2023-06-30 16:33:42 [booklist] INFO: VALID_ID: 2540582
2023-06-30 16:33:42 [booklist] INFO: VALID_ID: 2611073
2023-06-30 16:33:42 [booklist] INFO: VALID_ID: 2610395
2023-06-30 16:33:42 [booklist] INFO: VALID_ID: 2611103
2023-06-30 16:33:42 [booklist] INFO: VALID_ID: 2605995
2023-06-30 16:33:42 [booklist] INFO: VALID_ID: 12865366
2023-06-30 16:33:42 [booklist] INFO: VALID_ID: 2609222
2023-06-30 16:33:42 [booklist] INFO: VALID_ID: 2609205
2023-06-30 16:33:42 [booklist] INFO: VALID_ID: 2609621
2023-06-30 16:33:42 [booklist] INFO: VALID_ID: 2607558
2023-06-30 16:33:42 [booklist] INFO: VALID_ID: 2610129
2023-06-30 16:33:43 [scrapy.core.engine] DEBUG: Crawled (200) <POST https://dl.ndl.go.jp/api/item/search> (referer: https://dl.ndl.go.jp/api/item/search)
2023-06-30 16:33:43 [booklist] INFO: Fetched page 5
2023-06-30 16:33:43 [booklist] INFO: VALID_ID: 2585885
2023-06-30 16:33:43 [booklist] INFO: VALID_ID: 2585803
2023-06-30 16:33:43 [booklist] INFO: VALID_ID: 2585824
2023-06-30 16:33:43 [booklist] INFO: VALID_ID: 2585873
2023-06-30 16:33:43 [booklist] INFO: VALID_ID: 2585918
2023-06-30 16:33:43 [booklist] INFO: VALID_ID: 2585829
2023-06-30 16:33:43 [booklist] INFO: VALID_ID: 2585938
2023-06-30 16:33:43 [booklist] INFO: VALID_ID: 2585941
2023-06-30 16:33:43 [booklist] INFO: VALID_ID: 2585867
2023-06-30 16:33:43 [booklist] INFO: VALID_ID: 2585870
2023-06-30 16:33:43 [booklist] INFO: VALID_ID: 2585782
2023-06-30 16:33:43 [booklist] INFO: VALID_ID: 2585796
2023-06-30 16:33:43 [booklist] INFO: VALID_ID: 2585947
2023-06-30 16:33:43 [booklist] INFO: VALID_ID: 2585856
2023-06-30 16:33:43 [booklist] INFO: VALID_ID: 2585861
2023-06-30 16:33:43 [booklist] INFO: VALID_ID: 2585786
2023-06-30 16:33:43 [booklist] INFO: VALID_ID: 2585790
2023-06-30 16:33:43 [booklist] INFO: VALID_ID: 2585808
2023-06-30 16:33:43 [booklist] INFO: VALID_ID: 2585906
2023-06-30 16:33:43 [booklist] INFO: VALID_ID: 2585912
2023-06-30 16:33:43 [booklist] INFO: VALID_ID: 2585817
2023-06-30 16:33:43 [booklist] INFO: VALID_ID: 2585825
2023-06-30 16:33:43 [booklist] INFO: VALID_ID: 2585924
2023-06-30 16:33:43 [booklist] INFO: VALID_ID: 2607558
2023-06-30 16:33:43 [booklist] INFO: VALID_ID: 2587049
2023-06-30 16:33:43 [booklist] INFO: VALID_ID: 2585863
2023-06-30 16:33:43 [booklist] INFO: VALID_ID: 2585772
2023-06-30 16:33:43 [booklist] INFO: VALID_ID: 2585784
2023-06-30 16:33:43 [booklist] INFO: VALID_ID: 2585812
2023-06-30 16:33:43 [booklist] INFO: VALID_ID: 2585916
2023-06-30 16:33:43 [booklist] INFO: VALID_ID: 2585831
2023-06-30 16:33:43 [booklist] INFO: VALID_ID: 2585942
2023-06-30 16:33:43 [booklist] INFO: VALID_ID: 2585793
2023-06-30 16:33:43 [booklist] INFO: VALID_ID: 2585834
2023-06-30 16:33:43 [booklist] INFO: VALID_ID: 2607835
2023-06-30 16:33:43 [booklist] INFO: VALID_ID: 2585766
2023-06-30 16:33:43 [booklist] INFO: VALID_ID: 2585770
2023-06-30 16:33:43 [booklist] INFO: VALID_ID: 2585877
2023-06-30 16:33:43 [booklist] INFO: VALID_ID: 2585891
2023-06-30 16:33:43 [booklist] INFO: VALID_ID: 2585813
2023-06-30 16:33:43 [booklist] INFO: VALID_ID: 2585836
2023-06-30 16:33:43 [booklist] INFO: VALID_ID: 2585841
2023-06-30 16:33:43 [booklist] INFO: VALID_ID: 2585883
2023-06-30 16:33:43 [booklist] INFO: VALID_ID: 2585800
2023-06-30 16:33:43 [booklist] INFO: VALID_ID: 2585810
2023-06-30 16:33:43 [booklist] INFO: VALID_ID: 2585819
2023-06-30 16:33:43 [booklist] INFO: VALID_ID: 2585926
2023-06-30 16:33:43 [booklist] INFO: VALID_ID: 2585846
2023-06-30 16:33:43 [booklist] INFO: VALID_ID: 2585852
2023-06-30 16:33:43 [booklist] INFO: VALID_ID: 2585876
2023-06-30 16:33:43 [booklist] INFO: VALID_ID: 2585884
2023-06-30 16:33:43 [booklist] INFO: VALID_ID: 2585828
2023-06-30 16:33:43 [booklist] INFO: VALID_ID: 2585928
2023-06-30 16:33:43 [booklist] INFO: VALID_ID: 2585839
2023-06-30 16:33:43 [booklist] INFO: VALID_ID: 2609468
2023-06-30 16:33:43 [booklist] INFO: VALID_ID: 2585896
2023-06-30 16:33:43 [booklist] INFO: VALID_ID: 2585816
2023-06-30 16:33:43 [booklist] INFO: VALID_ID: 2585832
2023-06-30 16:33:43 [booklist] INFO: VALID_ID: 2585837
2023-06-30 16:33:43 [booklist] INFO: VALID_ID: 2585760
2023-06-30 16:33:43 [booklist] INFO: VALID_ID: 2585789
2023-06-30 16:33:43 [booklist] INFO: VALID_ID: 2585887
2023-06-30 16:33:43 [booklist] INFO: VALID_ID: 2585897
2023-06-30 16:33:43 [booklist] INFO: VALID_ID: 2585805
2023-06-30 16:33:43 [booklist] INFO: VALID_ID: 2585814
2023-06-30 16:33:43 [booklist] INFO: VALID_ID: 2585943
2023-06-30 16:33:43 [booklist] INFO: VALID_ID: 2585773
2023-06-30 16:33:43 [booklist] INFO: VALID_ID: 2585869
2023-06-30 16:33:43 [booklist] INFO: VALID_ID: 2585881
2023-06-30 16:33:43 [booklist] INFO: VALID_ID: 2585787
2023-06-30 16:33:43 [booklist] INFO: VALID_ID: 2585806
2023-06-30 16:33:43 [booklist] INFO: VALID_ID: 2585907
2023-06-30 16:33:43 [booklist] INFO: VALID_ID: 2585845
2023-06-30 16:33:43 [booklist] INFO: VALID_ID: 2585944
2023-06-30 16:33:43 [booklist] INFO: VALID_ID: 2585848
2023-06-30 16:33:43 [booklist] INFO: VALID_ID: 2585865
2023-06-30 16:33:43 [booklist] INFO: VALID_ID: 2585781
2023-06-30 16:33:43 [booklist] INFO: VALID_ID: 2585815
2023-06-30 16:33:43 [booklist] INFO: VALID_ID: 2585821
2023-06-30 16:33:43 [booklist] INFO: VALID_ID: 2585925
2023-06-30 16:33:43 [booklist] INFO: VALID_ID: 2585927
2023-06-30 16:33:43 [booklist] INFO: VALID_ID: 2585858
2023-06-30 16:33:43 [booklist] INFO: VALID_ID: 2585780
2023-06-30 16:33:43 [booklist] INFO: VALID_ID: 2585889
2023-06-30 16:33:43 [booklist] INFO: VALID_ID: 2585890
2023-06-30 16:33:43 [booklist] INFO: VALID_ID: 2585895
2023-06-30 16:33:43 [booklist] INFO: VALID_ID: 2585901
2023-06-30 16:33:43 [booklist] INFO: VALID_ID: 2585934
2023-06-30 16:33:43 [booklist] INFO: VALID_ID: 2585763
2023-06-30 16:33:43 [booklist] INFO: VALID_ID: 2585860
2023-06-30 16:33:43 [booklist] INFO: VALID_ID: 2585768
2023-06-30 16:33:43 [booklist] INFO: VALID_ID: 2585835
2023-06-30 16:33:43 [booklist] INFO: VALID_ID: 2585847
2023-06-30 16:33:43 [booklist] INFO: VALID_ID: 2585776
2023-06-30 16:33:43 [booklist] INFO: VALID_ID: 2585778
2023-06-30 16:33:43 [booklist] INFO: VALID_ID: 2585882
2023-06-30 16:33:43 [booklist] INFO: VALID_ID: 2585799
2023-06-30 16:33:43 [booklist] INFO: VALID_ID: 2585833
2023-06-30 16:33:43 [booklist] INFO: VALID_ID: 2585940
2023-06-30 16:33:43 [booklist] INFO: VALID_ID: 2585764
2023-06-30 16:33:44 [scrapy.core.engine] DEBUG: Crawled (200) <POST https://dl.ndl.go.jp/api/item/search> (referer: https://dl.ndl.go.jp/api/item/search)
2023-06-30 16:33:44 [booklist] INFO: Fetched page 6
2023-06-30 16:33:44 [booklist] INFO: VALID_ID: 2585893
2023-06-30 16:33:44 [booklist] INFO: VALID_ID: 2585911
2023-06-30 16:33:44 [booklist] INFO: VALID_ID: 2585917
2023-06-30 16:33:44 [booklist] INFO: VALID_ID: 2585838
2023-06-30 16:33:44 [booklist] INFO: VALID_ID: 2585779
2023-06-30 16:33:44 [booklist] INFO: VALID_ID: 2585886
2023-06-30 16:33:44 [booklist] INFO: VALID_ID: 2585807
2023-06-30 16:33:44 [booklist] INFO: VALID_ID: 2585823
2023-06-30 16:33:44 [booklist] INFO: VALID_ID: 2585920
2023-06-30 16:33:44 [booklist] INFO: VALID_ID: 2585858
2023-06-30 16:33:44 [booklist] INFO: VALID_ID: 2585780
2023-06-30 16:33:44 [booklist] INFO: VALID_ID: 2585889
2023-06-30 16:33:44 [booklist] INFO: VALID_ID: 2585890
2023-06-30 16:33:44 [booklist] INFO: VALID_ID: 2585895
2023-06-30 16:33:44 [booklist] INFO: VALID_ID: 2585901
2023-06-30 16:33:44 [booklist] INFO: VALID_ID: 2585934
2023-06-30 16:33:44 [booklist] INFO: VALID_ID: 2585776
2023-06-30 16:33:44 [booklist] INFO: VALID_ID: 2585778
2023-06-30 16:33:44 [booklist] INFO: VALID_ID: 2585882
2023-06-30 16:33:44 [booklist] INFO: VALID_ID: 2585799
2023-06-30 16:33:44 [booklist] INFO: VALID_ID: 2585833
2023-06-30 16:33:44 [booklist] INFO: VALID_ID: 2585940
2023-06-30 16:33:44 [booklist] INFO: VALID_ID: 2610833
2023-06-30 16:33:44 [booklist] INFO: VALID_ID: 2585763
2023-06-30 16:33:44 [booklist] INFO: VALID_ID: 2585860
2023-06-30 16:33:44 [booklist] INFO: VALID_ID: 2585768
2023-06-30 16:33:44 [booklist] INFO: VALID_ID: 2585835
2023-06-30 16:33:44 [booklist] INFO: VALID_ID: 2585847
2023-06-30 16:33:44 [booklist] INFO: VALID_ID: 2585855
2023-06-30 16:33:44 [booklist] INFO: VALID_ID: 2585777
2023-06-30 16:33:44 [booklist] INFO: VALID_ID: 2585783
2023-06-30 16:33:44 [booklist] INFO: VALID_ID: 2585894
2023-06-30 16:33:44 [booklist] INFO: VALID_ID: 2585830
2023-06-30 16:33:44 [booklist] INFO: VALID_ID: 2585945
2023-06-30 16:33:44 [booklist] INFO: VALID_ID: 12865356
2023-06-30 16:33:44 [booklist] INFO: VALID_ID: 2585874
2023-06-30 16:33:44 [booklist] INFO: VALID_ID: 2585769
2023-06-30 16:33:44 [booklist] INFO: VALID_ID: 2585871
2023-06-30 16:33:44 [booklist] INFO: VALID_ID: 2585892
2023-06-30 16:33:44 [booklist] INFO: VALID_ID: 2585933
2023-06-30 16:33:44 [booklist] INFO: VALID_ID: 2585798
2023-06-30 16:33:44 [booklist] INFO: VALID_ID: 2585902
2023-06-30 16:33:44 [booklist] INFO: VALID_ID: 2585840
2023-06-30 16:33:44 [booklist] INFO: VALID_ID: 2585773
2023-06-30 16:33:44 [booklist] INFO: VALID_ID: 2585869
2023-06-30 16:33:44 [booklist] INFO: VALID_ID: 2585881
2023-06-30 16:33:44 [booklist] INFO: VALID_ID: 2585787
2023-06-30 16:33:44 [booklist] INFO: VALID_ID: 2585806
2023-06-30 16:33:44 [booklist] INFO: VALID_ID: 2585907
2023-06-30 16:33:44 [booklist] INFO: VALID_ID: 2585845
2023-06-30 16:33:44 [booklist] INFO: VALID_ID: 2585944
2023-06-30 16:33:44 [booklist] INFO: VALID_ID: 2585848
2023-06-30 16:33:44 [booklist] INFO: VALID_ID: 2585873
2023-06-30 16:33:44 [booklist] INFO: VALID_ID: 2585918
2023-06-30 16:33:44 [booklist] INFO: VALID_ID: 2585829
2023-06-30 16:33:44 [booklist] INFO: VALID_ID: 2585938
2023-06-30 16:33:44 [booklist] INFO: VALID_ID: 2585941
2023-06-30 16:33:44 [booklist] INFO: VALID_ID: 2585775
2023-06-30 16:33:44 [booklist] INFO: VALID_ID: 2585879
2023-06-30 16:33:44 [booklist] INFO: VALID_ID: 2585802
2023-06-30 16:33:44 [booklist] INFO: VALID_ID: 2585900
2023-06-30 16:33:44 [booklist] INFO: VALID_ID: 2585922
2023-06-30 16:33:44 [booklist] INFO: VALID_ID: 2585936
2023-06-30 16:33:44 [booklist] INFO: VALID_ID: 2607135
2023-06-30 16:33:44 [booklist] INFO: VALID_ID: 2585759
2023-06-30 16:33:44 [booklist] INFO: VALID_ID: 2585762
2023-06-30 16:33:44 [booklist] INFO: VALID_ID: 2585794
2023-06-30 16:33:44 [booklist] INFO: VALID_ID: 2585905
2023-06-30 16:33:44 [booklist] INFO: VALID_ID: 2609279
2023-06-30 16:33:44 [booklist] INFO: VALID_ID: 2585863
2023-06-30 16:33:44 [booklist] INFO: VALID_ID: 2585772
2023-06-30 16:33:44 [booklist] INFO: VALID_ID: 2585784
2023-06-30 16:33:44 [booklist] INFO: VALID_ID: 2585812
2023-06-30 16:33:44 [booklist] INFO: VALID_ID: 2585916
2023-06-30 16:33:44 [booklist] INFO: VALID_ID: 2585831
2023-06-30 16:33:44 [booklist] INFO: VALID_ID: 2585942
2023-06-30 16:33:44 [booklist] INFO: VALID_ID: 2585765
2023-06-30 16:33:44 [booklist] INFO: VALID_ID: 2585859
2023-06-30 16:33:44 [booklist] INFO: VALID_ID: 2585880
2023-06-30 16:33:44 [booklist] INFO: VALID_ID: 2585899
2023-06-30 16:33:44 [booklist] INFO: VALID_ID: 2585811
2023-06-30 16:33:44 [booklist] INFO: VALID_ID: 2585827
2023-06-30 16:33:44 [booklist] INFO: VALID_ID: 2585937
2023-06-30 16:33:44 [booklist] INFO: VALID_ID: 2585843
2023-06-30 16:33:44 [booklist] INFO: VALID_ID: 2585849
2023-06-30 16:33:44 [booklist] INFO: VALID_ID: 2608597
2023-06-30 16:33:44 [booklist] INFO: VALID_ID: 11446659
2023-06-30 16:33:44 [booklist] INFO: VALID_ID: 2610785
2023-06-30 16:33:44 [booklist] INFO: VALID_ID: 11892744
2023-06-30 16:33:44 [booklist] INFO: VALID_ID: 2587049
2023-06-30 16:33:44 [booklist] INFO: VALID_ID: 9369959
2023-06-30 16:33:44 [booklist] INFO: VALID_ID: 2609924
2023-06-30 16:33:44 [booklist] INFO: VALID_ID: 2609552
2023-06-30 16:33:44 [booklist] INFO: VALID_ID: 11892789
2023-06-30 16:33:44 [booklist] INFO: VALID_ID: 2583684
2023-06-30 16:33:44 [booklist] INFO: VALID_ID: 2610288
2023-06-30 16:33:44 [booklist] INFO: VALID_ID: 2583660
2023-06-30 16:33:44 [booklist] INFO: VALID_ID: 2583667
2023-06-30 16:33:44 [booklist] INFO: VALID_ID: 2583705
2023-06-30 16:33:44 [booklist] INFO: VALID_ID: 2583718
2023-06-30 16:33:45 [scrapy.core.engine] DEBUG: Crawled (200) <POST https://dl.ndl.go.jp/api/item/search> (referer: https://dl.ndl.go.jp/api/item/search)
2023-06-30 16:33:45 [booklist] INFO: Fetched page 7
2023-06-30 16:33:45 [booklist] INFO: VALID_ID: 2583668
2023-06-30 16:33:45 [booklist] INFO: VALID_ID: 2583681
2023-06-30 16:33:45 [booklist] INFO: VALID_ID: 2583673
2023-06-30 16:33:45 [booklist] INFO: VALID_ID: 2583660
2023-06-30 16:33:45 [booklist] INFO: VALID_ID: 2583667
2023-06-30 16:33:45 [booklist] INFO: VALID_ID: 2583715
2023-06-30 16:33:45 [booklist] INFO: VALID_ID: 2607286
2023-06-30 16:33:45 [booklist] INFO: VALID_ID: 2583693
2023-06-30 16:33:45 [booklist] INFO: VALID_ID: 2583696
2023-06-30 16:33:45 [booklist] INFO: VALID_ID: 2583716
2023-06-30 16:33:45 [booklist] INFO: VALID_ID: 2583719
2023-06-30 16:33:45 [booklist] INFO: VALID_ID: 2583704
2023-06-30 16:33:45 [booklist] INFO: VALID_ID: 2583708
2023-06-30 16:33:45 [booklist] INFO: VALID_ID: 2583711
2023-06-30 16:33:45 [booklist] INFO: VALID_ID: 2583692
2023-06-30 16:33:45 [booklist] INFO: VALID_ID: 2583662
2023-06-30 16:33:45 [booklist] INFO: VALID_ID: 2583666
2023-06-30 16:33:45 [booklist] INFO: VALID_ID: 2583700
2023-06-30 16:33:45 [booklist] INFO: VALID_ID: 2583686
2023-06-30 16:33:45 [booklist] INFO: VALID_ID: 2583724
2023-06-30 16:33:45 [booklist] INFO: VALID_ID: 2607303
2023-06-30 16:33:45 [booklist] INFO: VALID_ID: 2583675
2023-06-30 16:33:45 [booklist] INFO: VALID_ID: 2583680
2023-06-30 16:33:45 [booklist] INFO: VALID_ID: 2583687
2023-06-30 16:33:45 [booklist] INFO: VALID_ID: 2583697
2023-06-30 16:33:45 [booklist] INFO: VALID_ID: 2610288
2023-06-30 16:33:45 [booklist] INFO: VALID_ID: 2583714
2023-06-30 16:33:45 [booklist] INFO: VALID_ID: 2583683
2023-06-30 16:33:45 [booklist] INFO: VALID_ID: 2583706
2023-06-30 16:33:45 [booklist] INFO: VALID_ID: 2583661
2023-06-30 16:33:45 [booklist] INFO: VALID_ID: 2583664
2023-06-30 16:33:45 [booklist] INFO: VALID_ID: 2583717
2023-06-30 16:33:45 [booklist] INFO: VALID_ID: 2610561
2023-06-30 16:33:45 [booklist] INFO: VALID_ID: 2583672
2023-06-30 16:33:45 [booklist] INFO: VALID_ID: 2583707
2023-06-30 16:33:45 [booklist] INFO: VALID_ID: 2583710
2023-06-30 16:33:45 [booklist] INFO: VALID_ID: 2583695
2023-06-30 16:33:45 [booklist] INFO: VALID_ID: 2583671
2023-06-30 16:33:45 [booklist] INFO: VALID_ID: 2583674
2023-06-30 16:33:45 [booklist] INFO: VALID_ID: 2583701
2023-06-30 16:33:45 [booklist] INFO: VALID_ID: 2583709
2023-06-30 16:33:45 [booklist] INFO: VALID_ID: 2583725
2023-06-30 16:33:45 [booklist] INFO: VALID_ID: 2610707
2023-06-30 16:33:45 [booklist] INFO: VALID_ID: 2583659
2023-06-30 16:33:45 [booklist] INFO: VALID_ID: 2583694
2023-06-30 16:33:45 [booklist] INFO: VALID_ID: 2583678
2023-06-30 16:33:45 [booklist] INFO: VALID_ID: 2583685
2023-06-30 16:33:45 [booklist] INFO: VALID_ID: 2583691
2023-06-30 16:33:45 [booklist] INFO: VALID_ID: 2608047
2023-06-30 16:33:45 [booklist] INFO: VALID_ID: 2583682
2023-06-30 16:33:45 [booklist] INFO: VALID_ID: 2608563
2023-06-30 16:33:45 [booklist] INFO: VALID_ID: 2583698
2023-06-30 16:33:45 [booklist] INFO: VALID_ID: 2583703
2023-06-30 16:33:45 [booklist] INFO: VALID_ID: 2583676
2023-06-30 16:33:45 [booklist] INFO: VALID_ID: 2583712
2023-06-30 16:33:45 [booklist] INFO: VALID_ID: 2583723
2023-06-30 16:33:45 [booklist] INFO: VALID_ID: 2583705
2023-06-30 16:33:45 [booklist] INFO: VALID_ID: 2583718
2023-06-30 16:33:45 [booklist] INFO: VALID_ID: 2583665
2023-06-30 16:33:45 [booklist] INFO: VALID_ID: 2583699
2023-06-30 16:33:45 [booklist] INFO: VALID_ID: 11446370
2023-06-30 16:33:45 [booklist] INFO: VALID_ID: 2610518
2023-06-30 16:33:45 [booklist] INFO: VALID_ID: 2583669
2023-06-30 16:33:45 [booklist] INFO: VALID_ID: 2583670
2023-06-30 16:33:45 [booklist] INFO: VALID_ID: 2583663
2023-06-30 16:33:45 [booklist] INFO: VALID_ID: 2583677
2023-06-30 16:33:45 [booklist] INFO: VALID_ID: 2583713
2023-06-30 16:33:45 [booklist] INFO: VALID_ID: 2583688
2023-06-30 16:33:45 [booklist] INFO: VALID_ID: 2611107
2023-06-30 16:33:45 [booklist] INFO: VALID_ID: 2596069
2023-06-30 16:33:45 [booklist] INFO: VALID_ID: 2596096
2023-06-30 16:33:45 [booklist] INFO: VALID_ID: 2596112
2023-06-30 16:33:45 [booklist] INFO: VALID_ID: 1286526
2023-06-30 16:33:45 [booklist] INFO: VALID_ID: 2596087
2023-06-30 16:33:45 [booklist] INFO: VALID_ID: 2596111
2023-06-30 16:33:45 [booklist] INFO: VALID_ID: 2596129
2023-06-30 16:33:45 [booklist] INFO: VALID_ID: 1286326
2023-06-30 16:33:45 [booklist] INFO: VALID_ID: 2596115
2023-06-30 16:33:45 [booklist] INFO: VALID_ID: 2596121
2023-06-30 16:33:45 [booklist] INFO: VALID_ID: 2596136
2023-06-30 16:33:45 [booklist] INFO: VALID_ID: 2596089
2023-06-30 16:33:45 [booklist] INFO: VALID_ID: 2596095
2023-06-30 16:33:45 [booklist] INFO: VALID_ID: 2610012
2023-06-30 16:33:45 [booklist] INFO: VALID_ID: 2596094
2023-06-30 16:33:45 [booklist] INFO: VALID_ID: 2596114
2023-06-30 16:33:45 [booklist] INFO: VALID_ID: 2596109
2023-06-30 16:33:45 [booklist] INFO: VALID_ID: 2596120
2023-06-30 16:33:45 [booklist] INFO: VALID_ID: 2596058
2023-06-30 16:33:45 [booklist] INFO: VALID_ID: 2596133
2023-06-30 16:33:45 [booklist] INFO: VALID_ID: 2596060
2023-06-30 16:33:45 [booklist] INFO: VALID_ID: 2608195
2023-06-30 16:33:45 [booklist] INFO: VALID_ID: 2596068
2023-06-30 16:33:45 [booklist] INFO: VALID_ID: 2596122
2023-06-30 16:33:45 [booklist] INFO: VALID_ID: 2596123
2023-06-30 16:33:45 [booklist] INFO: VALID_ID: 2596113
2023-06-30 16:33:45 [booklist] INFO: VALID_ID: 2596128
2023-06-30 16:33:45 [booklist] INFO: VALID_ID: 2596118
2023-06-30 16:33:45 [booklist] INFO: VALID_ID: 1286425
2023-06-30 16:33:45 [booklist] INFO: VALID_ID: 12865370
2023-06-30 16:33:45 [booklist] INFO: VALID_ID: 2610026
2023-06-30 16:33:46 [scrapy.core.engine] DEBUG: Crawled (200) <POST https://dl.ndl.go.jp/api/item/search> (referer: https://dl.ndl.go.jp/api/item/search)
2023-06-30 16:33:46 [booklist] INFO: Fetched page 8
2023-06-30 16:33:46 [booklist] INFO: VALID_ID: 2596124
2023-06-30 16:33:46 [booklist] INFO: VALID_ID: 12865370
2023-06-30 16:33:46 [booklist] INFO: VALID_ID: 1287175
2023-06-30 16:33:46 [booklist] INFO: VALID_ID: 2611035
2023-06-30 16:33:46 [booklist] INFO: VALID_ID: 2605758
2023-06-30 16:33:46 [booklist] INFO: VALID_ID: 2610138
2023-06-30 16:33:46 [booklist] INFO: VALID_ID: 2606959
2023-06-30 16:33:46 [booklist] INFO: VALID_ID: 2609107
2023-06-30 16:33:46 [booklist] INFO: VALID_ID: 2609783
2023-06-30 16:33:46 [booklist] INFO: VALID_ID: 2610801
2023-06-30 16:33:46 [booklist] INFO: VALID_ID: 2605465
2023-06-30 16:33:46 [booklist] INFO: VALID_ID: 2609000
2023-06-30 16:33:46 [booklist] INFO: VALID_ID: 11446324
2023-06-30 16:33:46 [scrapy.core.engine] DEBUG: Crawled (200) <POST https://dl.ndl.go.jp/api/item/search> (referer: https://dl.ndl.go.jp/api/item/search)
2023-06-30 16:33:46 [booklist] INFO: Fetched page 9
2023-06-30 16:33:46 [booklist] INFO: No more books on 9
2023-06-30 16:33:46 [scrapy.core.engine] INFO: Closing spider (finished)
2023-06-30 16:33:46 [scrapy.statscollectors] INFO: Dumping Scrapy stats:
{'downloader/request_bytes': 12298,
 'downloader/request_count': 10,
 'downloader/request_method_count/GET': 1,
 'downloader/request_method_count/POST': 9,
 'downloader/response_bytes': 3218710,
 'downloader/response_count': 10,
 'downloader/response_status_count/200': 10,
 'elapsed_time_seconds': 11.544612,
 'finish_reason': 'finished',
 'finish_time': datetime.datetime(2023, 6, 30, 8, 33, 46, 596158),
 'httpcompression/response_bytes': 37361993,
 'httpcompression/response_count': 9,
 'log_count/DEBUG': 13,
 'log_count/INFO': 733,
 'memusage/max': 63983616,
 'memusage/startup': 63983616,
 'request_depth_max': 8,
 'response_received_count': 10,
 'robotstxt/request_count': 1,
 'robotstxt/response_count': 1,
 'robotstxt/response_status_count/200': 1,
 'scheduler/dequeued': 9,
 'scheduler/dequeued/memory': 9,
 'scheduler/enqueued': 9,
 'scheduler/enqueued/memory': 9,
 'start_time': datetime.datetime(2023, 6, 30, 8, 33, 35, 51546)}
2023-06-30 16:33:46 [scrapy.core.engine] INFO: Spider closed (finished)
