2023-06-30 18:48:46 [scrapy.utils.log] INFO: Scrapy 2.9.0 started (bot: ndlcrawler)
2023-06-30 18:48:46 [scrapy.utils.log] INFO: Versions: lxml 4.9.2.0, libxml2 2.9.14, cssselect 1.2.0, parsel 1.8.1, w3lib 2.1.1, Twisted 22.10.0, Python 3.10.10 (main, Mar  5 2023, 22:26:53) [GCC 12.2.1 20230201], pyOpenSSL 23.2.0 (OpenSSL 3.1.1 30 May 2023), cryptography 41.0.1, Platform Linux-6.2.12-arch1-1-x86_64-with-glibc2.37
2023-06-30 18:48:46 [scrapy.crawler] INFO: Overridden settings:
{'BOT_NAME': 'ndlcrawler',
 'FEED_EXPORT_ENCODING': 'utf-8',
 'LOG_FILE': 'logs/booklist.title.觀.DESC.log',
 'NEWSPIDER_MODULE': 'ndlcrawler.spiders',
 'REQUEST_FINGERPRINTER_IMPLEMENTATION': '2.7',
 'ROBOTSTXT_OBEY': True,
 'SPIDER_MODULES': ['ndlcrawler.spiders'],
 'TWISTED_REACTOR': 'twisted.internet.asyncioreactor.AsyncioSelectorReactor'}
2023-06-30 18:48:46 [asyncio] DEBUG: Using selector: EpollSelector
2023-06-30 18:48:46 [scrapy.utils.log] DEBUG: Using reactor: twisted.internet.asyncioreactor.AsyncioSelectorReactor
2023-06-30 18:48:46 [scrapy.utils.log] DEBUG: Using asyncio event loop: asyncio.unix_events._UnixSelectorEventLoop
2023-06-30 18:48:46 [scrapy.extensions.telnet] INFO: Telnet Password: 724c5e5545a96f4b
2023-06-30 18:48:46 [scrapy.middleware] INFO: Enabled extensions:
['scrapy.extensions.corestats.CoreStats',
 'scrapy.extensions.telnet.TelnetConsole',
 'scrapy.extensions.memusage.MemoryUsage',
 'scrapy.extensions.logstats.LogStats']
2023-06-30 18:48:47 [scrapy.middleware] INFO: Enabled downloader middlewares:
['scrapy.downloadermiddlewares.robotstxt.RobotsTxtMiddleware',
 'scrapy.downloadermiddlewares.httpauth.HttpAuthMiddleware',
 'scrapy.downloadermiddlewares.downloadtimeout.DownloadTimeoutMiddleware',
 'scrapy.downloadermiddlewares.defaultheaders.DefaultHeadersMiddleware',
 'scrapy.downloadermiddlewares.useragent.UserAgentMiddleware',
 'scrapy.downloadermiddlewares.retry.RetryMiddleware',
 'scrapy.downloadermiddlewares.redirect.MetaRefreshMiddleware',
 'scrapy.downloadermiddlewares.httpcompression.HttpCompressionMiddleware',
 'scrapy.downloadermiddlewares.redirect.RedirectMiddleware',
 'scrapy.downloadermiddlewares.cookies.CookiesMiddleware',
 'scrapy.downloadermiddlewares.httpproxy.HttpProxyMiddleware',
 'scrapy.downloadermiddlewares.stats.DownloaderStats']
2023-06-30 18:48:47 [scrapy.middleware] INFO: Enabled spider middlewares:
['scrapy.spidermiddlewares.httperror.HttpErrorMiddleware',
 'scrapy.spidermiddlewares.offsite.OffsiteMiddleware',
 'scrapy.spidermiddlewares.referer.RefererMiddleware',
 'scrapy.spidermiddlewares.urllength.UrlLengthMiddleware',
 'scrapy.spidermiddlewares.depth.DepthMiddleware']
2023-06-30 18:48:47 [scrapy.middleware] INFO: Enabled item pipelines:
[]
2023-06-30 18:48:47 [scrapy.core.engine] INFO: Spider opened
2023-06-30 18:48:47 [scrapy.extensions.logstats] INFO: Crawled 0 pages (at 0 pages/min), scraped 0 items (at 0 items/min)
2023-06-30 18:48:47 [scrapy.extensions.telnet] INFO: Telnet console listening on 127.0.0.1:6023
2023-06-30 18:48:47 [scrapy.core.engine] DEBUG: Crawled (200) <GET https://dl.ndl.go.jp/robots.txt> (referer: None)
2023-06-30 18:48:48 [scrapy.core.engine] DEBUG: Crawled (200) <POST https://dl.ndl.go.jp/api/item/search> (referer: None)
2023-06-30 18:48:48 [booklist] INFO: Fetched page 1
2023-06-30 18:48:48 [booklist] INFO: VALID_ID: 1313487
2023-06-30 18:48:48 [booklist] INFO: VALID_ID: 2542893
2023-06-30 18:48:48 [booklist] INFO: VALID_ID: 1313523
2023-06-30 18:48:48 [booklist] INFO: VALID_ID: 1313520
2023-06-30 18:48:48 [booklist] INFO: VALID_ID: 1313509
2023-06-30 18:48:48 [booklist] INFO: VALID_ID: 1313485
2023-06-30 18:48:48 [booklist] INFO: VALID_ID: 1313481
2023-06-30 18:48:48 [booklist] INFO: VALID_ID: 1313503
2023-06-30 18:48:48 [booklist] INFO: VALID_ID: 2576043
2023-06-30 18:48:48 [booklist] INFO: VALID_ID: 1313502
2023-06-30 18:48:48 [booklist] INFO: VALID_ID: 1313491
2023-06-30 18:48:48 [booklist] INFO: VALID_ID: 2576044
2023-06-30 18:48:48 [booklist] INFO: VALID_ID: 2576045
2023-06-30 18:48:48 [booklist] INFO: VALID_ID: 1313486
2023-06-30 18:48:48 [booklist] INFO: VALID_ID: 1313477
2023-06-30 18:48:48 [booklist] INFO: VALID_ID: 2610974
2023-06-30 18:48:48 [booklist] INFO: VALID_ID: 2576049
2023-06-30 18:48:48 [booklist] INFO: VALID_ID: 1313496
2023-06-30 18:48:48 [booklist] INFO: VALID_ID: 1313480
2023-06-30 18:48:48 [booklist] INFO: VALID_ID: 2576048
2023-06-30 18:48:48 [booklist] INFO: VALID_ID: 1286859
2023-06-30 18:48:48 [booklist] INFO: VALID_ID: 2543891
2023-06-30 18:48:48 [booklist] INFO: VALID_ID: 2533174
2023-06-30 18:48:48 [booklist] INFO: VALID_ID: 2543890
2023-06-30 18:48:48 [booklist] INFO: VALID_ID: 2543110
2023-06-30 18:48:48 [booklist] INFO: VALID_ID: 2607159
2023-06-30 18:48:48 [booklist] INFO: VALID_ID: 2533172
2023-06-30 18:48:48 [booklist] INFO: VALID_ID: 1288407
2023-06-30 18:48:48 [booklist] INFO: VALID_ID: 2563662
2023-06-30 18:48:48 [booklist] INFO: VALID_ID: 2563658
2023-06-30 18:48:48 [booklist] INFO: VALID_ID: 2605529
2023-06-30 18:48:48 [booklist] INFO: VALID_ID: 2563660
2023-06-30 18:48:48 [booklist] INFO: VALID_ID: 1288382
2023-06-30 18:48:48 [booklist] INFO: VALID_ID: 2545236
2023-06-30 18:48:48 [booklist] INFO: VALID_ID: 1288406
2023-06-30 18:48:48 [booklist] INFO: VALID_ID: 2563659
2023-06-30 18:48:48 [booklist] INFO: VALID_ID: 2545240
2023-06-30 18:48:48 [booklist] INFO: VALID_ID: 2608132
2023-06-30 18:48:48 [booklist] INFO: VALID_ID: 2545238
2023-06-30 18:48:48 [booklist] INFO: VALID_ID: 2563661
2023-06-30 18:48:48 [booklist] INFO: VALID_ID: 2545241
2023-06-30 18:48:48 [booklist] INFO: VALID_ID: 2545245
2023-06-30 18:48:48 [booklist] INFO: VALID_ID: 9892920
2023-06-30 18:48:48 [booklist] INFO: VALID_ID: 2545239
2023-06-30 18:48:48 [booklist] INFO: VALID_ID: 2545242
2023-06-30 18:48:48 [booklist] INFO: VALID_ID: 2545237
2023-06-30 18:48:48 [booklist] INFO: VALID_ID: 2545244
2023-06-30 18:48:48 [booklist] INFO: VALID_ID: 2563657
2023-06-30 18:48:48 [booklist] INFO: VALID_ID: 1288374
2023-06-30 18:48:48 [booklist] INFO: VALID_ID: 2545243
2023-06-30 18:48:48 [booklist] INFO: VALID_ID: 10301801
2023-06-30 18:48:48 [booklist] INFO: VALID_ID: 9892447
2023-06-30 18:48:48 [booklist] INFO: VALID_ID: 10301605
2023-06-30 18:48:48 [booklist] INFO: VALID_ID: 2536359
2023-06-30 18:48:48 [booklist] INFO: VALID_ID: 2590572
2023-06-30 18:48:48 [booklist] INFO: VALID_ID: 2554892
2023-06-30 18:48:48 [booklist] INFO: VALID_ID: 2554889
2023-06-30 18:48:48 [booklist] INFO: VALID_ID: 2554891
2023-06-30 18:48:48 [booklist] INFO: VALID_ID: 2590571
2023-06-30 18:48:48 [booklist] INFO: VALID_ID: 2605263
2023-06-30 18:48:48 [booklist] INFO: VALID_ID: 2554890
2023-06-30 18:48:48 [booklist] INFO: VALID_ID: 2590575
2023-06-30 18:48:48 [booklist] INFO: VALID_ID: 2554888
2023-06-30 18:48:48 [booklist] INFO: VALID_ID: 2540179
2023-06-30 18:48:48 [booklist] INFO: VALID_ID: 2583660
2023-06-30 18:48:48 [booklist] INFO: VALID_ID: 2590573
2023-06-30 18:48:48 [booklist] INFO: VALID_ID: 2590574
2023-06-30 18:48:48 [booklist] INFO: VALID_ID: 2554893
2023-06-30 18:48:48 [booklist] INFO: VALID_ID: 2609991
2023-06-30 18:48:48 [booklist] INFO: VALID_ID: 2569393
2023-06-30 18:48:48 [booklist] INFO: VALID_ID: 2535484
2023-06-30 18:48:48 [booklist] INFO: VALID_ID: 2536530
2023-06-30 18:48:48 [booklist] INFO: VALID_ID: 2538746
2023-06-30 18:48:48 [booklist] INFO: VALID_ID: 2574239
2023-06-30 18:48:48 [booklist] INFO: VALID_ID: 2574253
2023-06-30 18:48:48 [booklist] INFO: VALID_ID: 2543838
2023-06-30 18:48:48 [booklist] INFO: VALID_ID: 2611096
2023-06-30 18:48:48 [booklist] INFO: VALID_ID: 2535485
2023-06-30 18:48:48 [booklist] INFO: VALID_ID: 1286750
2023-06-30 18:48:48 [booklist] INFO: VALID_ID: 2569391
2023-06-30 18:48:48 [booklist] INFO: VALID_ID: 2574249
2023-06-30 18:48:48 [booklist] INFO: VALID_ID: 2543837
2023-06-30 18:48:48 [booklist] INFO: VALID_ID: 2574252
2023-06-30 18:48:48 [booklist] INFO: VALID_ID: 2574237
2023-06-30 18:48:48 [booklist] INFO: VALID_ID: 2610701
2023-06-30 18:48:48 [booklist] INFO: VALID_ID: 2574245
2023-06-30 18:48:48 [booklist] INFO: VALID_ID: 2569392
2023-06-30 18:48:48 [booklist] INFO: VALID_ID: 2574254
2023-06-30 18:48:48 [booklist] INFO: VALID_ID: 2537172
2023-06-30 18:48:48 [booklist] INFO: VALID_ID: 2540825
2023-06-30 18:48:48 [booklist] INFO: VALID_ID: 2574240
2023-06-30 18:48:48 [booklist] INFO: VALID_ID: 2532201
2023-06-30 18:48:48 [booklist] INFO: VALID_ID: 2574246
2023-06-30 18:48:48 [booklist] INFO: VALID_ID: 2574238
2023-06-30 18:48:48 [booklist] INFO: VALID_ID: 2543839
2023-06-30 18:48:48 [booklist] INFO: VALID_ID: 2569395
2023-06-30 18:48:48 [booklist] INFO: VALID_ID: 2538293
2023-06-30 18:48:48 [booklist] INFO: VALID_ID: 2574247
2023-06-30 18:48:48 [booklist] INFO: VALID_ID: 2574242
2023-06-30 18:48:48 [booklist] INFO: VALID_ID: 2554243
2023-06-30 18:48:49 [scrapy.core.engine] DEBUG: Crawled (200) <POST https://dl.ndl.go.jp/api/item/search> (referer: https://dl.ndl.go.jp/api/item/search)
2023-06-30 18:48:49 [booklist] INFO: Fetched page 2
2023-06-30 18:48:50 [booklist] INFO: VALID_ID: 2574242
2023-06-30 18:48:50 [booklist] INFO: VALID_ID: 2554243
2023-06-30 18:48:50 [booklist] INFO: VALID_ID: 1307661
2023-06-30 18:48:50 [booklist] INFO: VALID_ID: 2574244
2023-06-30 18:48:50 [booklist] INFO: VALID_ID: 2574236
2023-06-30 18:48:50 [booklist] INFO: VALID_ID: 2569394
2023-06-30 18:48:50 [booklist] INFO: VALID_ID: 2569390
2023-06-30 18:48:50 [booklist] INFO: VALID_ID: 2605755
2023-06-30 18:48:50 [booklist] INFO: VALID_ID: 2574250
2023-06-30 18:48:50 [booklist] INFO: VALID_ID: 2554242
2023-06-30 18:48:50 [booklist] INFO: VALID_ID: 2543841
2023-06-30 18:48:50 [booklist] INFO: VALID_ID: 2574243
2023-06-30 18:48:50 [booklist] INFO: VALID_ID: 2607872
2023-06-30 18:48:50 [booklist] INFO: VALID_ID: 2574248
2023-06-30 18:48:50 [booklist] INFO: VALID_ID: 2543840
2023-06-30 18:48:50 [booklist] INFO: VALID_ID: 2610701
2023-06-30 18:48:50 [booklist] INFO: VALID_ID: 2574251
2023-06-30 18:48:50 [booklist] INFO: VALID_ID: 2599447
2023-06-30 18:48:50 [booklist] INFO: VALID_ID: 2609959
2023-06-30 18:48:50 [booklist] INFO: VALID_ID: 2539864
2023-06-30 18:48:50 [booklist] INFO: VALID_ID: 1313553
2023-06-30 18:48:50 [booklist] INFO: VALID_ID: 2599448
2023-06-30 18:48:50 [booklist] INFO: VALID_ID: 2532210
2023-06-30 18:48:50 [booklist] INFO: VALID_ID: 2532788
2023-06-30 18:48:50 [booklist] INFO: VALID_ID: 1304568
2023-06-30 18:48:50 [booklist] INFO: VALID_ID: 2538816
2023-06-30 18:48:50 [booklist] INFO: VALID_ID: 2557891
2023-06-30 18:48:50 [booklist] INFO: VALID_ID: 1287068
2023-06-30 18:48:50 [booklist] INFO: VALID_ID: 2551275
2023-06-30 18:48:50 [booklist] INFO: VALID_ID: 1286811
2023-06-30 18:48:50 [booklist] INFO: VALID_ID: 1287474
2023-06-30 18:48:50 [booklist] INFO: VALID_ID: 2607018
2023-06-30 18:48:50 [booklist] INFO: VALID_ID: 2557890
2023-06-30 18:48:50 [booklist] INFO: VALID_ID: 1307586
2023-06-30 18:48:50 [booklist] INFO: VALID_ID: 2609012
2023-06-30 18:48:50 [booklist] INFO: VALID_ID: 2551278
2023-06-30 18:48:50 [booklist] INFO: VALID_ID: 2539897
2023-06-30 18:48:50 [booklist] INFO: VALID_ID: 2551277
2023-06-30 18:48:50 [booklist] INFO: VALID_ID: 1286812
2023-06-30 18:48:50 [booklist] INFO: VALID_ID: 2586654
2023-06-30 18:48:50 [booklist] INFO: VALID_ID: 2551276
2023-06-30 18:48:50 [booklist] INFO: VALID_ID: 12865552
2023-06-30 18:48:50 [booklist] INFO: VALID_ID: 1287475
2023-06-30 18:48:50 [booklist] INFO: VALID_ID: 2609576
2023-06-30 18:48:50 [booklist] INFO: VALID_ID: 2607951
2023-06-30 18:48:50 [booklist] INFO: VALID_ID: 2607945
2023-06-30 18:48:50 [booklist] INFO: VALID_ID: 2578874
2023-06-30 18:48:50 [booklist] INFO: VALID_ID: 2576574
2023-06-30 18:48:50 [booklist] INFO: VALID_ID: 1308033
2023-06-30 18:48:50 [booklist] INFO: VALID_ID: 2578873
2023-06-30 18:48:50 [booklist] INFO: VALID_ID: 2550629
2023-06-30 18:48:50 [booklist] INFO: VALID_ID: 2570056
2023-06-30 18:48:50 [booklist] INFO: VALID_ID: 2576572
2023-06-30 18:48:50 [booklist] INFO: VALID_ID: 2576573
2023-06-30 18:48:50 [booklist] INFO: VALID_ID: 2609838
2023-06-30 18:48:50 [booklist] INFO: VALID_ID: 2578871
2023-06-30 18:48:50 [booklist] INFO: VALID_ID: 2570049
2023-06-30 18:48:50 [booklist] INFO: VALID_ID: 2558275
2023-06-30 18:48:50 [booklist] INFO: VALID_ID: 2570052
2023-06-30 18:48:50 [booklist] INFO: VALID_ID: 2539239
2023-06-30 18:48:50 [booklist] INFO: VALID_ID: 2570054
2023-06-30 18:48:50 [booklist] INFO: VALID_ID: 2576575
2023-06-30 18:48:50 [booklist] INFO: VALID_ID: 2576576
2023-06-30 18:48:50 [booklist] INFO: VALID_ID: 2550628
2023-06-30 18:48:50 [booklist] INFO: VALID_ID: 2558274
2023-06-30 18:48:50 [booklist] INFO: VALID_ID: 2570055
2023-06-30 18:48:50 [booklist] INFO: VALID_ID: 2537160
2023-06-30 18:48:50 [booklist] INFO: VALID_ID: 2576571
2023-06-30 18:48:50 [booklist] INFO: VALID_ID: 2576578
2023-06-30 18:48:50 [booklist] INFO: VALID_ID: 2570053
2023-06-30 18:48:50 [booklist] INFO: VALID_ID: 2606407
2023-06-30 18:48:50 [booklist] INFO: VALID_ID: 2576577
2023-06-30 18:48:50 [booklist] INFO: VALID_ID: 2570050
2023-06-30 18:48:50 [booklist] INFO: VALID_ID: 2570051
2023-06-30 18:48:50 [booklist] INFO: VALID_ID: 2576579
2023-06-30 18:48:50 [booklist] INFO: VALID_ID: 2543268
2023-06-30 18:48:50 [booklist] INFO: VALID_ID: 2609619
2023-06-30 18:48:50 [booklist] INFO: VALID_ID: 2576570
2023-06-30 18:48:50 [booklist] INFO: VALID_ID: 2578872
2023-06-30 18:48:50 [booklist] INFO: VALID_ID: 11446681
2023-06-30 18:48:50 [booklist] INFO: VALID_ID: 11446356
2023-06-30 18:48:50 [booklist] INFO: VALID_ID: 11446358
2023-06-30 18:48:50 [booklist] INFO: VALID_ID: 1302673
2023-06-30 18:48:50 [booklist] INFO: VALID_ID: 2538329
2023-06-30 18:48:50 [booklist] INFO: VALID_ID: 2550822
2023-06-30 18:48:50 [booklist] INFO: VALID_ID: 2550823
2023-06-30 18:48:50 [booklist] INFO: VALID_ID: 1310139
2023-06-30 18:48:50 [booklist] INFO: VALID_ID: 2550821
2023-06-30 18:48:50 [booklist] INFO: VALID_ID: 11446357
2023-06-30 18:48:50 [booklist] INFO: VALID_ID: 2606156
2023-06-30 18:48:50 [booklist] INFO: VALID_ID: 2532218
2023-06-30 18:48:50 [booklist] INFO: VALID_ID: 2570256
2023-06-30 18:48:50 [booklist] INFO: VALID_ID: 2591988
2023-06-30 18:48:50 [booklist] INFO: VALID_ID: 2570290
2023-06-30 18:48:50 [booklist] INFO: VALID_ID: 2570299
2023-06-30 18:48:50 [booklist] INFO: VALID_ID: 2591982
2023-06-30 18:48:50 [booklist] INFO: VALID_ID: 2592006
2023-06-30 18:48:50 [booklist] INFO: VALID_ID: 2592012
2023-06-30 18:48:50 [booklist] INFO: VALID_ID: 2570306
2023-06-30 18:48:50 [booklist] INFO: VALID_ID: 2570307
2023-06-30 18:48:51 [scrapy.core.engine] DEBUG: Crawled (200) <POST https://dl.ndl.go.jp/api/item/search> (referer: https://dl.ndl.go.jp/api/item/search)
2023-06-30 18:48:51 [booklist] INFO: Fetched page 3
2023-06-30 18:48:51 [booklist] INFO: VALID_ID: 2532895
2023-06-30 18:48:51 [booklist] INFO: VALID_ID: 2591990
2023-06-30 18:48:51 [booklist] INFO: VALID_ID: 2570255
2023-06-30 18:48:51 [booklist] INFO: VALID_ID: 2592017
2023-06-30 18:48:51 [booklist] INFO: VALID_ID: 2570278
2023-06-30 18:48:51 [booklist] INFO: VALID_ID: 2570281
2023-06-30 18:48:51 [booklist] INFO: VALID_ID: 2570289
2023-06-30 18:48:51 [booklist] INFO: VALID_ID: 2608884
2023-06-30 18:48:51 [booklist] INFO: VALID_ID: 2591995
2023-06-30 18:48:51 [booklist] INFO: VALID_ID: 2570282
2023-06-30 18:48:51 [booklist] INFO: VALID_ID: 2592014
2023-06-30 18:48:51 [booklist] INFO: VALID_ID: 2570303
2023-06-30 18:48:51 [booklist] INFO: VALID_ID: 2591985
2023-06-30 18:48:51 [booklist] INFO: VALID_ID: 2570308
2023-06-30 18:48:51 [booklist] INFO: VALID_ID: 2591982
2023-06-30 18:48:51 [booklist] INFO: VALID_ID: 2592006
2023-06-30 18:48:51 [booklist] INFO: VALID_ID: 2592012
2023-06-30 18:48:51 [booklist] INFO: VALID_ID: 2570306
2023-06-30 18:48:51 [booklist] INFO: VALID_ID: 2570307
2023-06-30 18:48:51 [booklist] INFO: VALID_ID: 2570262
2023-06-30 18:48:51 [booklist] INFO: VALID_ID: 2591970
2023-06-30 18:48:51 [booklist] INFO: VALID_ID: 1313549
2023-06-30 18:48:51 [booklist] INFO: VALID_ID: 2570283
2023-06-30 18:48:51 [booklist] INFO: VALID_ID: 2570286
2023-06-30 18:48:51 [booklist] INFO: VALID_ID: 2570253
2023-06-30 18:48:51 [booklist] INFO: VALID_ID: 2591971
2023-06-30 18:48:51 [booklist] INFO: VALID_ID: 2591979
2023-06-30 18:48:51 [booklist] INFO: VALID_ID: 2570267
2023-06-30 18:48:51 [booklist] INFO: VALID_ID: 2591989
2023-06-30 18:48:51 [booklist] INFO: VALID_ID: 2592000
2023-06-30 18:48:51 [booklist] INFO: VALID_ID: 2592002
2023-06-30 18:48:51 [booklist] INFO: VALID_ID: 2570298
2023-06-30 18:48:51 [booklist] INFO: VALID_ID: 2570301
2023-06-30 18:48:51 [booklist] INFO: VALID_ID: 2591997
2023-06-30 18:48:51 [booklist] INFO: VALID_ID: 2570280
2023-06-30 18:48:51 [booklist] INFO: VALID_ID: 2591976
2023-06-30 18:48:51 [booklist] INFO: VALID_ID: 2592004
2023-06-30 18:48:51 [booklist] INFO: VALID_ID: 2570291
2023-06-30 18:48:51 [booklist] INFO: VALID_ID: 2570300
2023-06-30 18:48:51 [booklist] INFO: VALID_ID: 2570302
2023-06-30 18:48:51 [booklist] INFO: VALID_ID: 2570310
2023-06-30 18:48:51 [booklist] INFO: VALID_ID: 2570287
2023-06-30 18:48:51 [booklist] INFO: VALID_ID: 2570288
2023-06-30 18:48:51 [booklist] INFO: VALID_ID: 2570311
2023-06-30 18:48:51 [booklist] INFO: VALID_ID: 2591994
2023-06-30 18:48:51 [booklist] INFO: VALID_ID: 2592001
2023-06-30 18:48:51 [booklist] INFO: VALID_ID: 2570292
2023-06-30 18:48:51 [booklist] INFO: VALID_ID: 2570297
2023-06-30 18:48:51 [booklist] INFO: VALID_ID: 2591978
2023-06-30 18:48:51 [booklist] INFO: VALID_ID: 2570279
2023-06-30 18:48:51 [booklist] INFO: VALID_ID: 2592005
2023-06-30 18:48:51 [booklist] INFO: VALID_ID: 2570252
2023-06-30 18:48:51 [booklist] INFO: VALID_ID: 2570264
2023-06-30 18:48:51 [booklist] INFO: VALID_ID: 2592011
2023-06-30 18:48:51 [booklist] INFO: VALID_ID: 2570294
2023-06-30 18:48:51 [booklist] INFO: VALID_ID: 2591969
2023-06-30 18:48:51 [booklist] INFO: VALID_ID: 2570258
2023-06-30 18:48:51 [booklist] INFO: VALID_ID: 2570259
2023-06-30 18:48:51 [booklist] INFO: VALID_ID: 2570276
2023-06-30 18:48:51 [booklist] INFO: VALID_ID: 2570296
2023-06-30 18:48:51 [booklist] INFO: VALID_ID: 2570263
2023-06-30 18:48:51 [booklist] INFO: VALID_ID: 2591998
2023-06-30 18:48:51 [booklist] INFO: VALID_ID: 2592003
2023-06-30 18:48:51 [booklist] INFO: VALID_ID: 2592015
2023-06-30 18:48:51 [booklist] INFO: VALID_ID: 2570309
2023-06-30 18:48:51 [booklist] INFO: VALID_ID: 2591981
2023-06-30 18:48:51 [booklist] INFO: VALID_ID: 2570265
2023-06-30 18:48:51 [booklist] INFO: VALID_ID: 2570270
2023-06-30 18:48:51 [booklist] INFO: VALID_ID: 2592009
2023-06-30 18:48:51 [booklist] INFO: VALID_ID: 2592018
2023-06-30 18:48:51 [booklist] INFO: VALID_ID: 2591993
2023-06-30 18:48:51 [booklist] INFO: VALID_ID: 1306400
2023-06-30 18:48:51 [booklist] INFO: VALID_ID: 2591980
2023-06-30 18:48:51 [booklist] INFO: VALID_ID: 2570275
2023-06-30 18:48:51 [booklist] INFO: VALID_ID: 2591996
2023-06-30 18:48:51 [booklist] INFO: VALID_ID: 2570285
2023-06-30 18:48:51 [booklist] INFO: VALID_ID: 2591983
2023-06-30 18:48:51 [booklist] INFO: VALID_ID: 2591992
2023-06-30 18:48:51 [booklist] INFO: VALID_ID: 2592008
2023-06-30 18:48:51 [booklist] INFO: VALID_ID: 2570254
2023-06-30 18:48:51 [booklist] INFO: VALID_ID: 2591972
2023-06-30 18:48:51 [booklist] INFO: VALID_ID: 2591974
2023-06-30 18:48:51 [booklist] INFO: VALID_ID: 2570269
2023-06-30 18:48:51 [booklist] INFO: VALID_ID: 2570271
2023-06-30 18:48:51 [booklist] INFO: VALID_ID: 2591999
2023-06-30 18:48:51 [booklist] INFO: VALID_ID: 2592013
2023-06-30 18:48:51 [booklist] INFO: VALID_ID: 2570257
2023-06-30 18:48:51 [booklist] INFO: VALID_ID: 2591984
2023-06-30 18:48:51 [booklist] INFO: VALID_ID: 2570277
2023-06-30 18:48:51 [booklist] INFO: VALID_ID: 2591987
2023-06-30 18:48:51 [booklist] INFO: VALID_ID: 2570273
2023-06-30 18:48:51 [booklist] INFO: VALID_ID: 2570305
2023-06-30 18:48:51 [booklist] INFO: VALID_ID: 2609411
2023-06-30 18:48:51 [booklist] INFO: VALID_ID: 2591975
2023-06-30 18:48:51 [booklist] INFO: VALID_ID: 2570274
2023-06-30 18:48:51 [booklist] INFO: VALID_ID: 2591991
2023-06-30 18:48:51 [booklist] INFO: VALID_ID: 2570284
2023-06-30 18:48:51 [booklist] INFO: VALID_ID: 2592010
2023-06-30 18:48:51 [booklist] INFO: VALID_ID: 1313548
2023-06-30 18:48:51 [booklist] INFO: VALID_ID: 2591973
2023-06-30 18:48:53 [scrapy.core.engine] DEBUG: Crawled (200) <POST https://dl.ndl.go.jp/api/item/search> (referer: https://dl.ndl.go.jp/api/item/search)
2023-06-30 18:48:53 [booklist] INFO: Fetched page 4
2023-06-30 18:48:53 [booklist] INFO: VALID_ID: 2570272
2023-06-30 18:48:53 [booklist] INFO: VALID_ID: 2570293
2023-06-30 18:48:53 [booklist] INFO: VALID_ID: 2570295
2023-06-30 18:48:53 [booklist] INFO: VALID_ID: 2592016
2023-06-30 18:48:53 [booklist] INFO: VALID_ID: 2591983
2023-06-30 18:48:53 [booklist] INFO: VALID_ID: 2591992
2023-06-30 18:48:53 [booklist] INFO: VALID_ID: 2592008
2023-06-30 18:48:53 [booklist] INFO: VALID_ID: 1302569
2023-06-30 18:48:53 [booklist] INFO: VALID_ID: 1305410
2023-06-30 18:48:53 [booklist] INFO: VALID_ID: 1306341
2023-06-30 18:48:53 [booklist] INFO: VALID_ID: 1301854
2023-06-30 18:48:53 [booklist] INFO: VALID_ID: 1311521
2023-06-30 18:48:53 [booklist] INFO: VALID_ID: 1302571
2023-06-30 18:48:53 [booklist] INFO: VALID_ID: 2559169
2023-06-30 18:48:53 [booklist] INFO: VALID_ID: 1302570
2023-06-30 18:48:53 [booklist] INFO: VALID_ID: 1301853
2023-06-30 18:48:53 [booklist] INFO: VALID_ID: 2537673
2023-06-30 18:48:53 [booklist] INFO: VALID_ID: 9367564
2023-06-30 18:48:53 [booklist] INFO: VALID_ID: 1302568
2023-06-30 18:48:53 [booklist] INFO: VALID_ID: 2559237
2023-06-30 18:48:53 [booklist] INFO: VALID_ID: 2605652
2023-06-30 18:48:53 [booklist] INFO: VALID_ID: 2548006
2023-06-30 18:48:53 [booklist] INFO: VALID_ID: 1305158
2023-06-30 18:48:53 [booklist] INFO: VALID_ID: 2548005
2023-06-30 18:48:53 [booklist] INFO: VALID_ID: 2537668
2023-06-30 18:48:53 [booklist] INFO: VALID_ID: 2548003
2023-06-30 18:48:53 [booklist] INFO: VALID_ID: 2548002
2023-06-30 18:48:53 [booklist] INFO: VALID_ID: 2606901
2023-06-30 18:48:53 [booklist] INFO: VALID_ID: 2559216
2023-06-30 18:48:53 [booklist] INFO: VALID_ID: 2605682
2023-06-30 18:48:53 [booklist] INFO: VALID_ID: 2585223
2023-06-30 18:48:53 [booklist] INFO: VALID_ID: 2537001
2023-06-30 18:48:53 [booklist] INFO: VALID_ID: 1309801
2023-06-30 18:48:53 [booklist] INFO: VALID_ID: 1308351
2023-06-30 18:48:53 [booklist] INFO: VALID_ID: 2548001
2023-06-30 18:48:53 [booklist] INFO: VALID_ID: 2548004
2023-06-30 18:48:53 [booklist] INFO: VALID_ID: 1308342
2023-06-30 18:48:53 [booklist] INFO: VALID_ID: 2581407
2023-06-30 18:48:53 [booklist] INFO: VALID_ID: 2581405
2023-06-30 18:48:53 [booklist] INFO: VALID_ID: 1311011
2023-06-30 18:48:53 [booklist] INFO: VALID_ID: 2558437
2023-06-30 18:48:53 [booklist] INFO: VALID_ID: 2581408
2023-06-30 18:48:53 [booklist] INFO: VALID_ID: 2558446
2023-06-30 18:48:53 [booklist] INFO: VALID_ID: 2558447
2023-06-30 18:48:53 [booklist] INFO: VALID_ID: 2558432
2023-06-30 18:48:53 [booklist] INFO: VALID_ID: 2558429
2023-06-30 18:48:53 [booklist] INFO: VALID_ID: 2558426
2023-06-30 18:48:53 [booklist] INFO: VALID_ID: 2558443
2023-06-30 18:48:53 [booklist] INFO: VALID_ID: 2558431
2023-06-30 18:48:53 [booklist] INFO: VALID_ID: 2558425
2023-06-30 18:48:53 [booklist] INFO: VALID_ID: 2558445
2023-06-30 18:48:53 [booklist] INFO: VALID_ID: 2581404
2023-06-30 18:48:53 [booklist] INFO: VALID_ID: 2537638
2023-06-30 18:48:53 [booklist] INFO: VALID_ID: 2558433
2023-06-30 18:48:53 [booklist] INFO: VALID_ID: 2558444
2023-06-30 18:48:53 [booklist] INFO: VALID_ID: 2558434
2023-06-30 18:48:53 [booklist] INFO: VALID_ID: 2558442
2023-06-30 18:48:53 [booklist] INFO: VALID_ID: 2558430
2023-06-30 18:48:53 [booklist] INFO: VALID_ID: 2558435
2023-06-30 18:48:53 [booklist] INFO: VALID_ID: 2607663
2023-06-30 18:48:53 [booklist] INFO: VALID_ID: 2558427
2023-06-30 18:48:53 [booklist] INFO: VALID_ID: 2558439
2023-06-30 18:48:53 [booklist] INFO: VALID_ID: 2558441
2023-06-30 18:48:53 [booklist] INFO: VALID_ID: 2558448
2023-06-30 18:48:53 [booklist] INFO: VALID_ID: 2557020
2023-06-30 18:48:53 [booklist] INFO: VALID_ID: 2581406
2023-06-30 18:48:53 [booklist] INFO: VALID_ID: 2558438
2023-06-30 18:48:53 [booklist] INFO: VALID_ID: 2558440
2023-06-30 18:48:53 [booklist] INFO: VALID_ID: 2537903
2023-06-30 18:48:53 [booklist] INFO: VALID_ID: 10301292
2023-06-30 18:48:53 [booklist] INFO: VALID_ID: 2606747
2023-06-30 18:48:53 [booklist] INFO: VALID_ID: 2558428
2023-06-30 18:48:53 [booklist] INFO: VALID_ID: 2558436
2023-06-30 18:48:53 [booklist] INFO: VALID_ID: 2562873
2023-06-30 18:48:53 [booklist] INFO: VALID_ID: 2609137
2023-06-30 18:48:53 [booklist] INFO: VALID_ID: 2562872
2023-06-30 18:48:53 [booklist] INFO: VALID_ID: 2533634
2023-06-30 18:48:53 [booklist] INFO: VALID_ID: 2557021
2023-06-30 18:48:53 [booklist] INFO: VALID_ID: 1310937
2023-06-30 18:48:53 [booklist] INFO: VALID_ID: 2559239
2023-06-30 18:48:53 [booklist] INFO: VALID_ID: 2585246
2023-06-30 18:48:53 [booklist] INFO: VALID_ID: 1307048
2023-06-30 18:48:53 [booklist] INFO: VALID_ID: 1307125
2023-06-30 18:48:53 [booklist] INFO: VALID_ID: 2590384
2023-06-30 18:48:53 [booklist] INFO: VALID_ID: 1306096
2023-06-30 18:48:53 [booklist] INFO: VALID_ID: 2542751
2023-06-30 18:48:53 [booklist] INFO: VALID_ID: 2541644
2023-06-30 18:48:53 [booklist] INFO: VALID_ID: 2590385
2023-06-30 18:48:53 [booklist] INFO: VALID_ID: 2582390
2023-06-30 18:48:53 [booklist] INFO: VALID_ID: 2585562
2023-06-30 18:48:53 [booklist] INFO: VALID_ID: 1287817
2023-06-30 18:48:53 [booklist] INFO: VALID_ID: 2585575
2023-06-30 18:48:53 [booklist] INFO: VALID_ID: 2565997
2023-06-30 18:48:53 [booklist] INFO: VALID_ID: 1302539
2023-06-30 18:48:53 [booklist] INFO: VALID_ID: 2551948
2023-06-30 18:48:53 [booklist] INFO: VALID_ID: 2558561
2023-06-30 18:48:53 [booklist] INFO: VALID_ID: 2551753
2023-06-30 18:48:53 [booklist] INFO: VALID_ID: 2553326
2023-06-30 18:48:53 [booklist] INFO: VALID_ID: 2537709
2023-06-30 18:48:53 [booklist] INFO: VALID_ID: 2607744
2023-06-30 18:48:54 [scrapy.core.engine] DEBUG: Crawled (200) <POST https://dl.ndl.go.jp/api/item/search> (referer: https://dl.ndl.go.jp/api/item/search)
2023-06-30 18:48:55 [booklist] INFO: Fetched page 5
2023-06-30 18:48:55 [booklist] INFO: VALID_ID: 2607744
2023-06-30 18:48:55 [booklist] INFO: VALID_ID: 10301557
2023-06-30 18:48:55 [booklist] INFO: VALID_ID: 2571683
2023-06-30 18:48:55 [booklist] INFO: VALID_ID: 2607879
2023-06-30 18:48:55 [booklist] INFO: VALID_ID: 10301602
2023-06-30 18:48:55 [booklist] INFO: VALID_ID: 10300957
2023-06-30 18:48:55 [booklist] INFO: VALID_ID: 2541052
2023-06-30 18:48:55 [booklist] INFO: VALID_ID: 2542755
2023-06-30 18:48:55 [booklist] INFO: VALID_ID: 9369514
2023-06-30 18:48:55 [booklist] INFO: VALID_ID: 1306210
2023-06-30 18:48:55 [booklist] INFO: VALID_ID: 2607286
2023-06-30 18:48:55 [booklist] INFO: VALID_ID: 10300956
2023-06-30 18:48:55 [booklist] INFO: VALID_ID: 1301384
2023-06-30 18:48:55 [booklist] INFO: VALID_ID: 2532472
2023-06-30 18:48:55 [booklist] INFO: VALID_ID: 2608721
2023-06-30 18:48:55 [booklist] INFO: VALID_ID: 10301340
2023-06-30 18:48:55 [booklist] INFO: VALID_ID: 2611085
2023-06-30 18:48:55 [booklist] INFO: VALID_ID: 2611073
2023-06-30 18:48:55 [booklist] INFO: VALID_ID: 2559238
2023-06-30 18:48:55 [booklist] INFO: VALID_ID: 2559234
2023-06-30 18:48:55 [booklist] INFO: VALID_ID: 2559235
2023-06-30 18:48:55 [booklist] INFO: VALID_ID: 2559233
2023-06-30 18:48:55 [booklist] INFO: VALID_ID: 2559236
2023-06-30 18:48:55 [booklist] INFO: VALID_ID: 2559232
2023-06-30 18:48:55 [booklist] INFO: VALID_ID: 2559240
2023-06-30 18:48:55 [booklist] INFO: VALID_ID: 1305547
2023-06-30 18:48:55 [booklist] INFO: VALID_ID: 2609227
2023-06-30 18:48:55 [booklist] INFO: VALID_ID: 2607339
2023-06-30 18:48:55 [booklist] INFO: VALID_ID: 2559210
2023-06-30 18:48:55 [booklist] INFO: VALID_ID: 2559215
2023-06-30 18:48:55 [booklist] INFO: VALID_ID: 2559208
2023-06-30 18:48:55 [booklist] INFO: VALID_ID: 2559212
2023-06-30 18:48:55 [booklist] INFO: VALID_ID: 2606933
2023-06-30 18:48:55 [booklist] INFO: VALID_ID: 2559218
2023-06-30 18:48:55 [booklist] INFO: VALID_ID: 2559209
2023-06-30 18:48:55 [booklist] INFO: VALID_ID: 2559213
2023-06-30 18:48:55 [booklist] INFO: VALID_ID: 2559211
2023-06-30 18:48:55 [booklist] INFO: VALID_ID: 2559207
2023-06-30 18:48:55 [booklist] INFO: VALID_ID: 2559217
2023-06-30 18:48:55 [booklist] INFO: VALID_ID: 2559170
2023-06-30 18:48:55 [booklist] INFO: VALID_ID: 2559175
2023-06-30 18:48:55 [booklist] INFO: VALID_ID: 2559173
2023-06-30 18:48:55 [booklist] INFO: VALID_ID: 2559167
2023-06-30 18:48:55 [booklist] INFO: VALID_ID: 2559168
2023-06-30 18:48:55 [booklist] INFO: VALID_ID: 10301383
2023-06-30 18:48:55 [booklist] INFO: VALID_ID: 2559176
2023-06-30 18:48:55 [booklist] INFO: VALID_ID: 2559171
2023-06-30 18:48:55 [booklist] INFO: VALID_ID: 2559163
2023-06-30 18:48:55 [booklist] INFO: VALID_ID: 2559165
2023-06-30 18:48:55 [booklist] INFO: VALID_ID: 2559174
2023-06-30 18:48:55 [booklist] INFO: VALID_ID: 2559166
2023-06-30 18:48:55 [booklist] INFO: VALID_ID: 2559164
2023-06-30 18:48:55 [booklist] INFO: VALID_ID: 2559172
2023-06-30 18:48:55 [booklist] INFO: VALID_ID: 2559177
2023-06-30 18:48:55 [booklist] INFO: VALID_ID: 2606743
2023-06-30 18:48:55 [booklist] INFO: VALID_ID: 2583669
2023-06-30 18:48:55 [booklist] INFO: VALID_ID: 2583670
2023-06-30 18:48:55 [booklist] INFO: VALID_ID: 2583673
2023-06-30 18:48:55 [booklist] INFO: VALID_ID: 2583665
2023-06-30 18:48:55 [booklist] INFO: VALID_ID: 2583699
2023-06-30 18:48:55 [booklist] INFO: VALID_ID: 2583680
2023-06-30 18:48:55 [booklist] INFO: VALID_ID: 2583687
2023-06-30 18:48:55 [booklist] INFO: VALID_ID: 2610561
2023-06-30 18:48:55 [booklist] INFO: VALID_ID: 2583672
2023-06-30 18:48:55 [booklist] INFO: VALID_ID: 2583707
2023-06-30 18:48:55 [booklist] INFO: VALID_ID: 2583710
2023-06-30 18:48:55 [booklist] INFO: VALID_ID: 2583695
2023-06-30 18:48:55 [booklist] INFO: VALID_ID: 2583671
2023-06-30 18:48:55 [booklist] INFO: VALID_ID: 2583674
2023-06-30 18:48:55 [booklist] INFO: VALID_ID: 2583689
2023-06-30 18:48:55 [booklist] INFO: VALID_ID: 2541094
2023-06-30 18:48:55 [booklist] INFO: VALID_ID: 2583684
2023-06-30 18:48:55 [booklist] INFO: VALID_ID: 2583704
2023-06-30 18:48:55 [booklist] INFO: VALID_ID: 2583708
2023-06-30 18:48:55 [booklist] INFO: VALID_ID: 2583711
2023-06-30 18:48:55 [booklist] INFO: VALID_ID: 2583698
2023-06-30 18:48:55 [booklist] INFO: VALID_ID: 2583703
2023-06-30 18:48:55 [booklist] INFO: VALID_ID: 2583676
2023-06-30 18:48:55 [booklist] INFO: VALID_ID: 2583712
2023-06-30 18:48:55 [booklist] INFO: VALID_ID: 2583723
2023-06-30 18:48:55 [booklist] INFO: VALID_ID: 2583702
2023-06-30 18:48:55 [booklist] INFO: VALID_ID: 2583679
2023-06-30 18:48:55 [booklist] INFO: VALID_ID: 2583721
2023-06-30 18:48:55 [booklist] INFO: VALID_ID: 2583690
2023-06-30 18:48:55 [booklist] INFO: VALID_ID: 2583681
2023-06-30 18:48:55 [booklist] INFO: VALID_ID: 2583705
2023-06-30 18:48:55 [booklist] INFO: VALID_ID: 2583718
2023-06-30 18:48:55 [booklist] INFO: VALID_ID: 2583714
2023-06-30 18:48:55 [booklist] INFO: VALID_ID: 2583683
2023-06-30 18:48:55 [booklist] INFO: VALID_ID: 2583659
2023-06-30 18:48:55 [booklist] INFO: VALID_ID: 2583694
2023-06-30 18:48:55 [booklist] INFO: VALID_ID: 2583678
2023-06-30 18:48:55 [booklist] INFO: VALID_ID: 2583685
2023-06-30 18:48:55 [booklist] INFO: VALID_ID: 2583722
2023-06-30 18:48:55 [booklist] INFO: VALID_ID: 2583691
2023-06-30 18:48:55 [booklist] INFO: VALID_ID: 2583661
2023-06-30 18:48:55 [booklist] INFO: VALID_ID: 2583664
2023-06-30 18:48:55 [booklist] INFO: VALID_ID: 2583717
2023-06-30 18:48:55 [booklist] INFO: VALID_ID: 2583675
2023-06-30 18:48:55 [booklist] INFO: VALID_ID: 2583667
2023-06-30 18:48:55 [scrapy.core.engine] DEBUG: Crawled (200) <POST https://dl.ndl.go.jp/api/item/search> (referer: https://dl.ndl.go.jp/api/item/search)
2023-06-30 18:48:56 [booklist] INFO: Fetched page 6
2023-06-30 18:48:56 [booklist] INFO: VALID_ID: 2583690
2023-06-30 18:48:56 [booklist] INFO: VALID_ID: 2583692
2023-06-30 18:48:56 [booklist] INFO: VALID_ID: 2583662
2023-06-30 18:48:56 [booklist] INFO: VALID_ID: 2583666
2023-06-30 18:48:56 [booklist] INFO: VALID_ID: 2583700
2023-06-30 18:48:56 [booklist] INFO: VALID_ID: 2583686
2023-06-30 18:48:56 [booklist] INFO: VALID_ID: 2583724
2023-06-30 18:48:56 [booklist] INFO: VALID_ID: 2583668
2023-06-30 18:48:56 [booklist] INFO: VALID_ID: 2583701
2023-06-30 18:48:56 [booklist] INFO: VALID_ID: 2583709
2023-06-30 18:48:56 [booklist] INFO: VALID_ID: 2583725
2023-06-30 18:48:56 [booklist] INFO: VALID_ID: 2583693
2023-06-30 18:48:56 [booklist] INFO: VALID_ID: 2583696
2023-06-30 18:48:56 [booklist] INFO: VALID_ID: 2583716
2023-06-30 18:48:56 [booklist] INFO: VALID_ID: 2583719
2023-06-30 18:48:56 [booklist] INFO: VALID_ID: 2583682
2023-06-30 18:48:56 [booklist] INFO: VALID_ID: 2583681
2023-06-30 18:48:56 [booklist] INFO: VALID_ID: 2542560
2023-06-30 18:48:56 [booklist] INFO: VALID_ID: 2583663
2023-06-30 18:48:56 [booklist] INFO: VALID_ID: 2583677
2023-06-30 18:48:56 [booklist] INFO: VALID_ID: 2583713
2023-06-30 18:48:56 [booklist] INFO: VALID_ID: 2583688
2023-06-30 18:48:56 [booklist] INFO: VALID_ID: 2583715
2023-06-30 18:48:56 [booklist] INFO: VALID_ID: 2609800
2023-06-30 18:48:56 [booklist] INFO: VALID_ID: 2609783
2023-06-30 18:48:56 [scrapy.core.engine] DEBUG: Crawled (200) <POST https://dl.ndl.go.jp/api/item/search> (referer: https://dl.ndl.go.jp/api/item/search)
2023-06-30 18:48:56 [booklist] INFO: Fetched page 7
2023-06-30 18:48:56 [booklist] INFO: No more books on 7
2023-06-30 18:48:56 [scrapy.core.engine] INFO: Closing spider (finished)
2023-06-30 18:48:56 [scrapy.statscollectors] INFO: Dumping Scrapy stats:
{'downloader/request_bytes': 9632,
 'downloader/request_count': 8,
 'downloader/request_method_count/GET': 1,
 'downloader/request_method_count/POST': 7,
 'downloader/response_bytes': 1908081,
 'downloader/response_count': 8,
 'downloader/response_status_count/200': 8,
 'elapsed_time_seconds': 9.230675,
 'finish_reason': 'finished',
 'finish_time': datetime.datetime(2023, 6, 30, 10, 48, 56, 718048),
 'httpcompression/response_bytes': 21547797,
 'httpcompression/response_count': 7,
 'log_count/DEBUG': 11,
 'log_count/INFO': 543,
 'memusage/max': 63983616,
 'memusage/startup': 63983616,
 'request_depth_max': 6,
 'response_received_count': 8,
 'robotstxt/request_count': 1,
 'robotstxt/response_count': 1,
 'robotstxt/response_status_count/200': 1,
 'scheduler/dequeued': 7,
 'scheduler/dequeued/memory': 7,
 'scheduler/enqueued': 7,
 'scheduler/enqueued/memory': 7,
 'start_time': datetime.datetime(2023, 6, 30, 10, 48, 47, 487373)}
2023-06-30 18:48:56 [scrapy.core.engine] INFO: Spider closed (finished)
