2023-06-30 16:40:33 [scrapy.utils.log] INFO: Scrapy 2.9.0 started (bot: ndlcrawler)
2023-06-30 16:40:33 [scrapy.utils.log] INFO: Versions: lxml 4.9.2.0, libxml2 2.9.14, cssselect 1.2.0, parsel 1.8.1, w3lib 2.1.1, Twisted 22.10.0, Python 3.10.10 (main, Mar  5 2023, 22:26:53) [GCC 12.2.1 20230201], pyOpenSSL 23.2.0 (OpenSSL 3.1.1 30 May 2023), cryptography 41.0.1, Platform Linux-6.2.12-arch1-1-x86_64-with-glibc2.37
2023-06-30 16:40:33 [scrapy.crawler] INFO: Overridden settings:
{'BOT_NAME': 'ndlcrawler',
 'FEED_EXPORT_ENCODING': 'utf-8',
 'LOG_FILE': 'logs/booklist.title.106.DESC.log',
 'NEWSPIDER_MODULE': 'ndlcrawler.spiders',
 'REQUEST_FINGERPRINTER_IMPLEMENTATION': '2.7',
 'ROBOTSTXT_OBEY': True,
 'SPIDER_MODULES': ['ndlcrawler.spiders'],
 'TWISTED_REACTOR': 'twisted.internet.asyncioreactor.AsyncioSelectorReactor'}
2023-06-30 16:40:33 [asyncio] DEBUG: Using selector: EpollSelector
2023-06-30 16:40:33 [scrapy.utils.log] DEBUG: Using reactor: twisted.internet.asyncioreactor.AsyncioSelectorReactor
2023-06-30 16:40:33 [scrapy.utils.log] DEBUG: Using asyncio event loop: asyncio.unix_events._UnixSelectorEventLoop
2023-06-30 16:40:33 [scrapy.extensions.telnet] INFO: Telnet Password: 66c53ae4e49e94b0
2023-06-30 16:40:33 [scrapy.middleware] INFO: Enabled extensions:
['scrapy.extensions.corestats.CoreStats',
 'scrapy.extensions.telnet.TelnetConsole',
 'scrapy.extensions.memusage.MemoryUsage',
 'scrapy.extensions.logstats.LogStats']
2023-06-30 16:40:33 [scrapy.middleware] INFO: Enabled downloader middlewares:
['scrapy.downloadermiddlewares.robotstxt.RobotsTxtMiddleware',
 'scrapy.downloadermiddlewares.httpauth.HttpAuthMiddleware',
 'scrapy.downloadermiddlewares.downloadtimeout.DownloadTimeoutMiddleware',
 'scrapy.downloadermiddlewares.defaultheaders.DefaultHeadersMiddleware',
 'scrapy.downloadermiddlewares.useragent.UserAgentMiddleware',
 'scrapy.downloadermiddlewares.retry.RetryMiddleware',
 'scrapy.downloadermiddlewares.redirect.MetaRefreshMiddleware',
 'scrapy.downloadermiddlewares.httpcompression.HttpCompressionMiddleware',
 'scrapy.downloadermiddlewares.redirect.RedirectMiddleware',
 'scrapy.downloadermiddlewares.cookies.CookiesMiddleware',
 'scrapy.downloadermiddlewares.httpproxy.HttpProxyMiddleware',
 'scrapy.downloadermiddlewares.stats.DownloaderStats']
2023-06-30 16:40:33 [scrapy.middleware] INFO: Enabled spider middlewares:
['scrapy.spidermiddlewares.httperror.HttpErrorMiddleware',
 'scrapy.spidermiddlewares.offsite.OffsiteMiddleware',
 'scrapy.spidermiddlewares.referer.RefererMiddleware',
 'scrapy.spidermiddlewares.urllength.UrlLengthMiddleware',
 'scrapy.spidermiddlewares.depth.DepthMiddleware']
2023-06-30 16:40:33 [scrapy.middleware] INFO: Enabled item pipelines:
[]
2023-06-30 16:40:33 [scrapy.core.engine] INFO: Spider opened
2023-06-30 16:40:33 [scrapy.extensions.logstats] INFO: Crawled 0 pages (at 0 pages/min), scraped 0 items (at 0 items/min)
2023-06-30 16:40:33 [scrapy.extensions.telnet] INFO: Telnet console listening on 127.0.0.1:6024
2023-06-30 16:40:34 [scrapy.core.engine] DEBUG: Crawled (200) <GET https://dl.ndl.go.jp/robots.txt> (referer: None)
2023-06-30 16:40:35 [scrapy.core.engine] DEBUG: Crawled (200) <POST https://dl.ndl.go.jp/api/item/search> (referer: None)
2023-06-30 16:40:35 [booklist] INFO: Fetched page 1
2023-06-30 16:40:35 [booklist] INFO: VALID_ID: 2558499
2023-06-30 16:40:35 [booklist] INFO: VALID_ID: 2558531
2023-06-30 16:40:35 [booklist] INFO: VALID_ID: 2558490
2023-06-30 16:40:35 [booklist] INFO: VALID_ID: 2558509
2023-06-30 16:40:35 [booklist] INFO: VALID_ID: 2558530
2023-06-30 16:40:35 [booklist] INFO: VALID_ID: 2558533
2023-06-30 16:40:35 [booklist] INFO: VALID_ID: 2558476
2023-06-30 16:40:35 [booklist] INFO: VALID_ID: 2558498
2023-06-30 16:40:35 [booklist] INFO: VALID_ID: 2558515
2023-06-30 16:40:35 [booklist] INFO: VALID_ID: 2558502
2023-06-30 16:40:35 [booklist] INFO: VALID_ID: 2558517
2023-06-30 16:40:35 [booklist] INFO: VALID_ID: 2607922
2023-06-30 16:40:35 [booklist] INFO: VALID_ID: 2558501
2023-06-30 16:40:35 [booklist] INFO: VALID_ID: 2558512
2023-06-30 16:40:35 [booklist] INFO: VALID_ID: 2597059
2023-06-30 16:40:35 [booklist] INFO: VALID_ID: 2581224
2023-06-30 16:40:35 [booklist] INFO: VALID_ID: 2590492
2023-06-30 16:40:35 [booklist] INFO: VALID_ID: 2550126
2023-06-30 16:40:35 [booklist] INFO: VALID_ID: 2551105
2023-06-30 16:40:35 [booklist] INFO: VALID_ID: 2597900
2023-06-30 16:40:35 [booklist] INFO: VALID_ID: 2573968
2023-06-30 16:40:35 [booklist] INFO: VALID_ID: 2596919
2023-06-30 16:40:35 [booklist] INFO: VALID_ID: 2589891
2023-06-30 16:40:35 [booklist] INFO: VALID_ID: 2577398
2023-06-30 16:40:35 [booklist] INFO: VALID_ID: 2570585
2023-06-30 16:40:35 [booklist] INFO: VALID_ID: 2570765
2023-06-30 16:40:35 [booklist] INFO: VALID_ID: 2576798
2023-06-30 16:40:35 [booklist] INFO: VALID_ID: 2561786
2023-06-30 16:40:35 [booklist] INFO: VALID_ID: 2573331
2023-06-30 16:40:35 [booklist] INFO: VALID_ID: 2600377
2023-06-30 16:40:35 [booklist] INFO: VALID_ID: 2553562
2023-06-30 16:40:35 [booklist] INFO: VALID_ID: 2572341
2023-06-30 16:40:35 [booklist] INFO: VALID_ID: 2559101
2023-06-30 16:40:35 [booklist] INFO: VALID_ID: 2553694
2023-06-30 16:40:35 [booklist] INFO: VALID_ID: 2574530
2023-06-30 16:40:35 [booklist] INFO: VALID_ID: 2588633
2023-06-30 16:40:35 [booklist] INFO: VALID_ID: 2572132
2023-06-30 16:40:35 [booklist] INFO: VALID_ID: 2571463
2023-06-30 16:40:35 [booklist] INFO: VALID_ID: 2571587
2023-06-30 16:40:35 [booklist] INFO: VALID_ID: 2607044
2023-06-30 16:40:35 [booklist] INFO: VALID_ID: 2573084
2023-06-30 16:40:35 [booklist] INFO: VALID_ID: 11892781
2023-06-30 16:40:35 [booklist] INFO: VALID_ID: 2588934
2023-06-30 16:40:35 [booklist] INFO: VALID_ID: 2550515
2023-06-30 16:40:35 [booklist] INFO: VALID_ID: 2605429
2023-06-30 16:40:35 [booklist] INFO: VALID_ID: 2587170
2023-06-30 16:40:35 [booklist] INFO: VALID_ID: 2591893
2023-06-30 16:40:35 [booklist] INFO: VALID_ID: 2606744
2023-06-30 16:40:35 [booklist] INFO: VALID_ID: 2572579
2023-06-30 16:40:35 [booklist] INFO: VALID_ID: 2610395
2023-06-30 16:40:35 [booklist] INFO: VALID_ID: 2610537
2023-06-30 16:40:35 [booklist] INFO: VALID_ID: 2549160
2023-06-30 16:40:35 [booklist] INFO: VALID_ID: 2609818
2023-06-30 16:40:35 [booklist] INFO: VALID_ID: 12865370
2023-06-30 16:40:35 [booklist] INFO: VALID_ID: 2549161
2023-06-30 16:40:35 [booklist] INFO: VALID_ID: 2589370
2023-06-30 16:40:35 [booklist] INFO: VALID_ID: 2610785
2023-06-30 16:40:35 [booklist] INFO: VALID_ID: 2605995
2023-06-30 16:40:35 [booklist] INFO: VALID_ID: 2610288
2023-06-30 16:40:35 [booklist] INFO: VALID_ID: 2607426
2023-06-30 16:40:35 [booklist] INFO: VALID_ID: 2607303
2023-06-30 16:40:35 [booklist] INFO: VALID_ID: 9369960
2023-06-30 16:40:35 [booklist] INFO: VALID_ID: 2532871
2023-06-30 16:40:35 [booklist] INFO: VALID_ID: 2607884
2023-06-30 16:40:35 [booklist] INFO: VALID_ID: 2587442
2023-06-30 16:40:35 [booklist] INFO: VALID_ID: 2609729
2023-06-30 16:40:35 [booklist] INFO: VALID_ID: 2610707
2023-06-30 16:40:35 [booklist] INFO: VALID_ID: 11446659
2023-06-30 16:40:35 [booklist] INFO: VALID_ID: 12865410
2023-06-30 16:40:35 [booklist] INFO: VALID_ID: 2608598
2023-06-30 16:40:35 [booklist] INFO: VALID_ID: 2608748
2023-06-30 16:40:35 [booklist] INFO: VALID_ID: 2609279
2023-06-30 16:40:35 [booklist] INFO: VALID_ID: 2610012
2023-06-30 16:40:35 [booklist] INFO: VALID_ID: 2609629
2023-06-30 16:40:35 [booklist] INFO: VALID_ID: 11223385
2023-06-30 16:40:35 [booklist] INFO: VALID_ID: 2605758
2023-06-30 16:40:35 [booklist] INFO: VALID_ID: 2583713
2023-06-30 16:40:35 [booklist] INFO: VALID_ID: 2608247
2023-06-30 16:40:35 [booklist] INFO: VALID_ID: 2546443
2023-06-30 16:40:35 [booklist] INFO: VALID_ID: 2551693
2023-06-30 16:40:35 [booklist] INFO: VALID_ID: 11607807
2023-06-30 16:40:35 [booklist] INFO: VALID_ID: 2609783
2023-06-30 16:40:35 [booklist] INFO: VALID_ID: 2611035
2023-06-30 16:40:35 [booklist] INFO: VALID_ID: 1286653
2023-06-30 16:40:35 [booklist] INFO: VALID_ID: 1286371
2023-06-30 16:40:35 [booklist] INFO: VALID_ID: 2610138
2023-06-30 16:40:35 [booklist] INFO: VALID_ID: 2610801
2023-06-30 16:40:36 [scrapy.core.engine] DEBUG: Crawled (200) <POST https://dl.ndl.go.jp/api/item/search> (referer: https://dl.ndl.go.jp/api/item/search)
2023-06-30 16:40:36 [booklist] INFO: Fetched page 2
2023-06-30 16:40:36 [booklist] INFO: No more books on 2
2023-06-30 16:40:36 [scrapy.core.engine] INFO: Closing spider (finished)
2023-06-30 16:40:36 [scrapy.statscollectors] INFO: Dumping Scrapy stats:
{'downloader/request_bytes': 2871,
 'downloader/request_count': 3,
 'downloader/request_method_count/GET': 1,
 'downloader/request_method_count/POST': 2,
 'downloader/response_bytes': 446233,
 'downloader/response_count': 3,
 'downloader/response_status_count/200': 3,
 'elapsed_time_seconds': 2.233647,
 'finish_reason': 'finished',
 'finish_time': datetime.datetime(2023, 6, 30, 8, 40, 36, 124246),
 'httpcompression/response_bytes': 4480865,
 'httpcompression/response_count': 2,
 'log_count/DEBUG': 6,
 'log_count/INFO': 100,
 'memusage/max': 63819776,
 'memusage/startup': 63819776,
 'request_depth_max': 1,
 'response_received_count': 3,
 'robotstxt/request_count': 1,
 'robotstxt/response_count': 1,
 'robotstxt/response_status_count/200': 1,
 'scheduler/dequeued': 2,
 'scheduler/dequeued/memory': 2,
 'scheduler/enqueued': 2,
 'scheduler/enqueued/memory': 2,
 'start_time': datetime.datetime(2023, 6, 30, 8, 40, 33, 890599)}
2023-06-30 16:40:36 [scrapy.core.engine] INFO: Spider closed (finished)
