2023-06-30 16:31:38 [scrapy.utils.log] INFO: Scrapy 2.9.0 started (bot: ndlcrawler)
2023-06-30 16:31:38 [scrapy.utils.log] INFO: Versions: lxml 4.9.2.0, libxml2 2.9.14, cssselect 1.2.0, parsel 1.8.1, w3lib 2.1.1, Twisted 22.10.0, Python 3.10.10 (main, Mar  5 2023, 22:26:53) [GCC 12.2.1 20230201], pyOpenSSL 23.2.0 (OpenSSL 3.1.1 30 May 2023), cryptography 41.0.1, Platform Linux-6.2.12-arch1-1-x86_64-with-glibc2.37
2023-06-30 16:31:38 [scrapy.crawler] INFO: Overridden settings:
{'BOT_NAME': 'ndlcrawler',
 'FEED_EXPORT_ENCODING': 'utf-8',
 'LOG_FILE': 'logs/booklist.title.54.DESC.log',
 'NEWSPIDER_MODULE': 'ndlcrawler.spiders',
 'REQUEST_FINGERPRINTER_IMPLEMENTATION': '2.7',
 'ROBOTSTXT_OBEY': True,
 'SPIDER_MODULES': ['ndlcrawler.spiders'],
 'TWISTED_REACTOR': 'twisted.internet.asyncioreactor.AsyncioSelectorReactor'}
2023-06-30 16:31:38 [asyncio] DEBUG: Using selector: EpollSelector
2023-06-30 16:31:38 [scrapy.utils.log] DEBUG: Using reactor: twisted.internet.asyncioreactor.AsyncioSelectorReactor
2023-06-30 16:31:38 [scrapy.utils.log] DEBUG: Using asyncio event loop: asyncio.unix_events._UnixSelectorEventLoop
2023-06-30 16:31:38 [scrapy.extensions.telnet] INFO: Telnet Password: 3b0e313bf98b1786
2023-06-30 16:31:38 [scrapy.middleware] INFO: Enabled extensions:
['scrapy.extensions.corestats.CoreStats',
 'scrapy.extensions.telnet.TelnetConsole',
 'scrapy.extensions.memusage.MemoryUsage',
 'scrapy.extensions.logstats.LogStats']
2023-06-30 16:31:38 [scrapy.middleware] INFO: Enabled downloader middlewares:
['scrapy.downloadermiddlewares.robotstxt.RobotsTxtMiddleware',
 'scrapy.downloadermiddlewares.httpauth.HttpAuthMiddleware',
 'scrapy.downloadermiddlewares.downloadtimeout.DownloadTimeoutMiddleware',
 'scrapy.downloadermiddlewares.defaultheaders.DefaultHeadersMiddleware',
 'scrapy.downloadermiddlewares.useragent.UserAgentMiddleware',
 'scrapy.downloadermiddlewares.retry.RetryMiddleware',
 'scrapy.downloadermiddlewares.redirect.MetaRefreshMiddleware',
 'scrapy.downloadermiddlewares.httpcompression.HttpCompressionMiddleware',
 'scrapy.downloadermiddlewares.redirect.RedirectMiddleware',
 'scrapy.downloadermiddlewares.cookies.CookiesMiddleware',
 'scrapy.downloadermiddlewares.httpproxy.HttpProxyMiddleware',
 'scrapy.downloadermiddlewares.stats.DownloaderStats']
2023-06-30 16:31:38 [scrapy.middleware] INFO: Enabled spider middlewares:
['scrapy.spidermiddlewares.httperror.HttpErrorMiddleware',
 'scrapy.spidermiddlewares.offsite.OffsiteMiddleware',
 'scrapy.spidermiddlewares.referer.RefererMiddleware',
 'scrapy.spidermiddlewares.urllength.UrlLengthMiddleware',
 'scrapy.spidermiddlewares.depth.DepthMiddleware']
2023-06-30 16:31:38 [scrapy.middleware] INFO: Enabled item pipelines:
[]
2023-06-30 16:31:38 [scrapy.core.engine] INFO: Spider opened
2023-06-30 16:31:39 [scrapy.extensions.logstats] INFO: Crawled 0 pages (at 0 pages/min), scraped 0 items (at 0 items/min)
2023-06-30 16:31:39 [scrapy.extensions.telnet] INFO: Telnet console listening on 127.0.0.1:6023
2023-06-30 16:31:39 [scrapy.core.engine] DEBUG: Crawled (200) <GET https://dl.ndl.go.jp/robots.txt> (referer: None)
2023-06-30 16:31:40 [scrapy.core.engine] DEBUG: Crawled (200) <POST https://dl.ndl.go.jp/api/item/search> (referer: None)
2023-06-30 16:31:40 [booklist] INFO: Fetched page 1
2023-06-30 16:31:41 [booklist] INFO: VALID_ID: 8943212
2023-06-30 16:31:41 [booklist] INFO: VALID_ID: 3010918
2023-06-30 16:31:41 [booklist] INFO: VALID_ID: 3010887
2023-06-30 16:31:41 [booklist] INFO: VALID_ID: 3010936
2023-06-30 16:31:41 [booklist] INFO: VALID_ID: 8943206
2023-06-30 16:31:41 [booklist] INFO: VALID_ID: 8943225
2023-06-30 16:31:41 [booklist] INFO: VALID_ID: 3010938
2023-06-30 16:31:41 [booklist] INFO: VALID_ID: 3010886
2023-06-30 16:31:41 [booklist] INFO: VALID_ID: 3010899
2023-06-30 16:31:41 [booklist] INFO: VALID_ID: 3010908
2023-06-30 16:31:41 [booklist] INFO: VALID_ID: 2567518
2023-06-30 16:31:41 [booklist] INFO: VALID_ID: 2568463
2023-06-30 16:31:41 [booklist] INFO: VALID_ID: 2561834
2023-06-30 16:31:41 [booklist] INFO: VALID_ID: 2593326
2023-06-30 16:31:41 [booklist] INFO: VALID_ID: 2586441
2023-06-30 16:31:41 [booklist] INFO: VALID_ID: 2588796
2023-06-30 16:31:41 [booklist] INFO: VALID_ID: 2579190
2023-06-30 16:31:41 [booklist] INFO: VALID_ID: 2596201
2023-06-30 16:31:41 [booklist] INFO: VALID_ID: 10301396
2023-06-30 16:31:41 [booklist] INFO: VALID_ID: 2570305
2023-06-30 16:31:41 [booklist] INFO: VALID_ID: 2592687
2023-06-30 16:31:41 [booklist] INFO: VALID_ID: 2584318
2023-06-30 16:31:41 [booklist] INFO: VALID_ID: 2582375
2023-06-30 16:31:41 [booklist] INFO: VALID_ID: 2580649
2023-06-30 16:31:41 [booklist] INFO: VALID_ID: 2547801
2023-06-30 16:31:41 [booklist] INFO: VALID_ID: 2562482
2023-06-30 16:31:41 [booklist] INFO: VALID_ID: 2587279
2023-06-30 16:31:41 [booklist] INFO: VALID_ID: 2593427
2023-06-30 16:31:41 [booklist] INFO: VALID_ID: 2559238
2023-06-30 16:31:41 [booklist] INFO: VALID_ID: 2598823
2023-06-30 16:31:41 [booklist] INFO: VALID_ID: 2583784
2023-06-30 16:31:41 [booklist] INFO: VALID_ID: 2584005
2023-06-30 16:31:41 [booklist] INFO: VALID_ID: 2595770
2023-06-30 16:31:41 [booklist] INFO: VALID_ID: 2597773
2023-06-30 16:31:41 [booklist] INFO: VALID_ID: 2584702
2023-06-30 16:31:41 [booklist] INFO: VALID_ID: 2592785
2023-06-30 16:31:41 [booklist] INFO: VALID_ID: 2585500
2023-06-30 16:31:41 [booklist] INFO: VALID_ID: 10301038
2023-06-30 16:31:41 [booklist] INFO: VALID_ID: 2548298
2023-06-30 16:31:41 [booklist] INFO: VALID_ID: 2585600
2023-06-30 16:31:41 [booklist] INFO: VALID_ID: 2559237
2023-06-30 16:31:41 [booklist] INFO: VALID_ID: 10303915
2023-06-30 16:31:41 [booklist] INFO: VALID_ID: 2584554
2023-06-30 16:31:41 [booklist] INFO: VALID_ID: 2598012
2023-06-30 16:31:41 [booklist] INFO: VALID_ID: 2592977
2023-06-30 16:31:41 [booklist] INFO: VALID_ID: 2592881
2023-06-30 16:31:41 [booklist] INFO: VALID_ID: 2587723
2023-06-30 16:31:41 [booklist] INFO: VALID_ID: 2585418
2023-06-30 16:31:41 [booklist] INFO: VALID_ID: 2587995
2023-06-30 16:31:41 [booklist] INFO: VALID_ID: 2580974
2023-06-30 16:31:41 [booklist] INFO: VALID_ID: 2547953
2023-06-30 16:31:41 [booklist] INFO: VALID_ID: 2597302
2023-06-30 16:31:41 [booklist] INFO: VALID_ID: 2584407
2023-06-30 16:31:41 [booklist] INFO: VALID_ID: 2585318
2023-06-30 16:31:41 [booklist] INFO: VALID_ID: 2598665
2023-06-30 16:31:41 [booklist] INFO: VALID_ID: 2559239
2023-06-30 16:31:41 [booklist] INFO: VALID_ID: 2545482
2023-06-30 16:31:41 [booklist] INFO: VALID_ID: 2585217
2023-06-30 16:31:41 [booklist] INFO: VALID_ID: 2548494
2023-06-30 16:31:41 [booklist] INFO: VALID_ID: 2547374
2023-06-30 16:31:41 [booklist] INFO: VALID_ID: 2585905
2023-06-30 16:31:41 [booklist] INFO: VALID_ID: 2593527
2023-06-30 16:31:41 [booklist] INFO: VALID_ID: 2573621
2023-06-30 16:31:41 [booklist] INFO: VALID_ID: 2581060
2023-06-30 16:31:41 [booklist] INFO: VALID_ID: 2559083
2023-06-30 16:31:41 [booklist] INFO: VALID_ID: 2551373
2023-06-30 16:31:41 [booklist] INFO: VALID_ID: 2553328
2023-06-30 16:31:41 [booklist] INFO: VALID_ID: 2596111
2023-06-30 16:31:41 [booklist] INFO: VALID_ID: 2585907
2023-06-30 16:31:41 [booklist] INFO: VALID_ID: 2576246
2023-06-30 16:31:41 [booklist] INFO: VALID_ID: 2551941
2023-06-30 16:31:41 [booklist] INFO: VALID_ID: 11223151
2023-06-30 16:31:41 [booklist] INFO: VALID_ID: 2559119
2023-06-30 16:31:41 [booklist] INFO: VALID_ID: 2559236
2023-06-30 16:31:41 [booklist] INFO: VALID_ID: 2559262
2023-06-30 16:31:41 [booklist] INFO: VALID_ID: 2559140
2023-06-30 16:31:41 [booklist] INFO: VALID_ID: 2577685
2023-06-30 16:31:41 [booklist] INFO: VALID_ID: 2560853
2023-06-30 16:31:41 [booklist] INFO: VALID_ID: 2585151
2023-06-30 16:31:41 [booklist] INFO: VALID_ID: 2559177
2023-06-30 16:31:41 [booklist] INFO: VALID_ID: 2579785
2023-06-30 16:31:41 [booklist] INFO: VALID_ID: 2552344
2023-06-30 16:31:41 [booklist] INFO: VALID_ID: 2562268
2023-06-30 16:31:41 [booklist] INFO: VALID_ID: 2565785
2023-06-30 16:31:41 [booklist] INFO: VALID_ID: 2584969
2023-06-30 16:31:41 [booklist] INFO: VALID_ID: 2591323
2023-06-30 16:31:41 [booklist] INFO: VALID_ID: 2591410
2023-06-30 16:31:41 [booklist] INFO: VALID_ID: 2549539
2023-06-30 16:31:41 [booklist] INFO: VALID_ID: 2549425
2023-06-30 16:31:41 [booklist] INFO: VALID_ID: 2576364
2023-06-30 16:31:41 [booklist] INFO: VALID_ID: 2586073
2023-06-30 16:31:41 [booklist] INFO: VALID_ID: 2596867
2023-06-30 16:31:41 [booklist] INFO: VALID_ID: 2600175
2023-06-30 16:31:41 [booklist] INFO: VALID_ID: 2573836
2023-06-30 16:31:41 [booklist] INFO: VALID_ID: 2590694
2023-06-30 16:31:41 [booklist] INFO: VALID_ID: 2597848
2023-06-30 16:31:41 [booklist] INFO: VALID_ID: 2569750
2023-06-30 16:31:41 [booklist] INFO: VALID_ID: 2591059
2023-06-30 16:31:41 [booklist] INFO: VALID_ID: 2558527
2023-06-30 16:31:41 [booklist] INFO: VALID_ID: 2578037
2023-06-30 16:31:42 [scrapy.core.engine] DEBUG: Crawled (200) <POST https://dl.ndl.go.jp/api/item/search> (referer: https://dl.ndl.go.jp/api/item/search)
2023-06-30 16:31:42 [booklist] INFO: Fetched page 2
2023-06-30 16:31:43 [booklist] INFO: VALID_ID: 2573279
2023-06-30 16:31:43 [booklist] INFO: VALID_ID: 2580399
2023-06-30 16:31:43 [booklist] INFO: VALID_ID: 2581172
2023-06-30 16:31:43 [booklist] INFO: VALID_ID: 2593231
2023-06-30 16:31:43 [booklist] INFO: VALID_ID: 2580726
2023-06-30 16:31:43 [booklist] INFO: VALID_ID: 2565731
2023-06-30 16:31:43 [booklist] INFO: VALID_ID: 2578682
2023-06-30 16:31:43 [booklist] INFO: VALID_ID: 2590440
2023-06-30 16:31:43 [booklist] INFO: VALID_ID: 2597007
2023-06-30 16:31:43 [booklist] INFO: VALID_ID: 2574470
2023-06-30 16:31:43 [booklist] INFO: VALID_ID: 2555120
2023-06-30 16:31:43 [booklist] INFO: VALID_ID: 2553785
2023-06-30 16:31:43 [booklist] INFO: VALID_ID: 2549425
2023-06-30 16:31:43 [booklist] INFO: VALID_ID: 2549539
2023-06-30 16:31:43 [booklist] INFO: VALID_ID: 2586073
2023-06-30 16:31:43 [booklist] INFO: VALID_ID: 2576364
2023-06-30 16:31:43 [booklist] INFO: VALID_ID: 2550074
2023-06-30 16:31:43 [booklist] INFO: VALID_ID: 2570713
2023-06-30 16:31:43 [booklist] INFO: VALID_ID: 2573449
2023-06-30 16:31:43 [booklist] INFO: VALID_ID: 2600325
2023-06-30 16:31:43 [booklist] INFO: VALID_ID: 2567612
2023-06-30 16:31:43 [booklist] INFO: VALID_ID: 2573916
2023-06-30 16:31:43 [booklist] INFO: VALID_ID: 2574085
2023-06-30 16:31:43 [booklist] INFO: VALID_ID: 2596553
2023-06-30 16:31:43 [booklist] INFO: VALID_ID: 2551053
2023-06-30 16:31:43 [booklist] INFO: VALID_ID: 2545558
2023-06-30 16:31:43 [booklist] INFO: VALID_ID: 2601331
2023-06-30 16:31:43 [booklist] INFO: VALID_ID: 10301262
2023-06-30 16:31:43 [booklist] INFO: VALID_ID: 2573742
2023-06-30 16:31:43 [booklist] INFO: VALID_ID: 2570533
2023-06-30 16:31:43 [booklist] INFO: VALID_ID: 2562670
2023-06-30 16:31:43 [booklist] INFO: VALID_ID: 2596493
2023-06-30 16:31:43 [booklist] INFO: VALID_ID: 2591176
2023-06-30 16:31:43 [booklist] INFO: VALID_ID: 2558945
2023-06-30 16:31:43 [booklist] INFO: VALID_ID: 2546331
2023-06-30 16:31:43 [booklist] INFO: VALID_ID: 2580339
2023-06-30 16:31:43 [booklist] INFO: VALID_ID: 2601395
2023-06-30 16:31:43 [booklist] INFO: VALID_ID: 2576748
2023-06-30 16:31:43 [booklist] INFO: VALID_ID: 2561734
2023-06-30 16:31:43 [booklist] INFO: VALID_ID: 2596401
2023-06-30 16:31:43 [booklist] INFO: VALID_ID: 2588096
2023-06-30 16:31:43 [booklist] INFO: VALID_ID: 2579562
2023-06-30 16:31:43 [booklist] INFO: VALID_ID: 2593075
2023-06-30 16:31:43 [booklist] INFO: VALID_ID: 2590330
2023-06-30 16:31:43 [booklist] INFO: VALID_ID: 2590329
2023-06-30 16:31:43 [booklist] INFO: VALID_ID: 2561459
2023-06-30 16:31:43 [booklist] INFO: VALID_ID: 2553515
2023-06-30 16:31:43 [booklist] INFO: VALID_ID: 2562134
2023-06-30 16:31:43 [booklist] INFO: VALID_ID: 2555968
2023-06-30 16:31:43 [booklist] INFO: VALID_ID: 2590339
2023-06-30 16:31:43 [booklist] INFO: VALID_ID: 2590239
2023-06-30 16:31:43 [booklist] INFO: VALID_ID: 2570633
2023-06-30 16:31:43 [booklist] INFO: VALID_ID: 2572289
2023-06-30 16:31:43 [booklist] INFO: VALID_ID: 2597207
2023-06-30 16:31:43 [booklist] INFO: VALID_ID: 2597107
2023-06-30 16:31:43 [booklist] INFO: VALID_ID: 2600425
2023-06-30 16:31:43 [booklist] INFO: VALID_ID: 2590326
2023-06-30 16:31:43 [booklist] INFO: VALID_ID: 2543399
2023-06-30 16:31:43 [booklist] INFO: VALID_ID: 2584224
2023-06-30 16:31:43 [booklist] INFO: VALID_ID: 2606641
2023-06-30 16:31:43 [booklist] INFO: VALID_ID: 2590331
2023-06-30 16:31:43 [booklist] INFO: VALID_ID: 2590325
2023-06-30 16:31:43 [booklist] INFO: VALID_ID: 2577546
2023-06-30 16:31:43 [booklist] INFO: VALID_ID: 2590039
2023-06-30 16:31:43 [booklist] INFO: VALID_ID: 2551153
2023-06-30 16:31:43 [booklist] INFO: VALID_ID: 2543401
2023-06-30 16:31:43 [booklist] INFO: VALID_ID: 2577446
2023-06-30 16:31:43 [booklist] INFO: VALID_ID: 2576839
2023-06-30 16:31:43 [booklist] INFO: VALID_ID: 2589939
2023-06-30 16:31:43 [booklist] INFO: VALID_ID: 2571103
2023-06-30 16:31:43 [booklist] INFO: VALID_ID: 2590327
2023-06-30 16:31:43 [booklist] INFO: VALID_ID: 2543404
2023-06-30 16:31:43 [booklist] INFO: VALID_ID: 2597948
2023-06-30 16:31:43 [booklist] INFO: VALID_ID: 2561934
2023-06-30 16:31:43 [booklist] INFO: VALID_ID: 2562034
2023-06-30 16:31:43 [booklist] INFO: VALID_ID: 2590139
2023-06-30 16:31:43 [booklist] INFO: VALID_ID: 2543402
2023-06-30 16:31:43 [booklist] INFO: VALID_ID: 2543403
2023-06-30 16:31:43 [booklist] INFO: VALID_ID: 2543400
2023-06-30 16:31:43 [booklist] INFO: VALID_ID: 2590333
2023-06-30 16:31:43 [booklist] INFO: VALID_ID: 2543405
2023-06-30 16:31:43 [booklist] INFO: VALID_ID: 2590328
2023-06-30 16:31:43 [booklist] INFO: VALID_ID: 2590332
2023-06-30 16:31:43 [booklist] INFO: VALID_ID: 2590334
2023-06-30 16:31:43 [booklist] INFO: VALID_ID: 2543406
2023-06-30 16:31:43 [booklist] INFO: VALID_ID: 12865773
2023-06-30 16:31:43 [booklist] INFO: VALID_ID: 2566011
2023-06-30 16:31:43 [booklist] INFO: VALID_ID: 2567473
2023-06-30 16:31:43 [booklist] INFO: VALID_ID: 2566015
2023-06-30 16:31:43 [booklist] INFO: VALID_ID: 2567480
2023-06-30 16:31:43 [booklist] INFO: VALID_ID: 2566021
2023-06-30 16:31:43 [booklist] INFO: VALID_ID: 2567509
2023-06-30 16:31:43 [booklist] INFO: VALID_ID: 2567526
2023-06-30 16:31:43 [booklist] INFO: VALID_ID: 2566027
2023-06-30 16:31:43 [booklist] INFO: VALID_ID: 2567467
2023-06-30 16:31:43 [booklist] INFO: VALID_ID: 2559760
2023-06-30 16:31:43 [booklist] INFO: VALID_ID: 2566012
2023-06-30 16:31:43 [booklist] INFO: VALID_ID: 2567478
2023-06-30 16:31:43 [booklist] INFO: VALID_ID: 2567483
2023-06-30 16:31:43 [booklist] INFO: VALID_ID: 2567481
2023-06-30 16:31:43 [scrapy.core.engine] DEBUG: Crawled (200) <POST https://dl.ndl.go.jp/api/item/search> (referer: https://dl.ndl.go.jp/api/item/search)
2023-06-30 16:31:44 [booklist] INFO: Fetched page 3
2023-06-30 16:31:44 [booklist] INFO: VALID_ID: 2559759
2023-06-30 16:31:44 [booklist] INFO: VALID_ID: 2567491
2023-06-30 16:31:44 [booklist] INFO: VALID_ID: 2608355
2023-06-30 16:31:44 [booklist] INFO: VALID_ID: 2559762
2023-06-30 16:31:44 [booklist] INFO: VALID_ID: 2567471
2023-06-30 16:31:44 [booklist] INFO: VALID_ID: 2567482
2023-06-30 16:31:44 [booklist] INFO: VALID_ID: 2566012
2023-06-30 16:31:44 [booklist] INFO: VALID_ID: 2567478
2023-06-30 16:31:44 [booklist] INFO: VALID_ID: 2567483
2023-06-30 16:31:44 [booklist] INFO: VALID_ID: 2566017
2023-06-30 16:31:44 [booklist] INFO: VALID_ID: 2566018
2023-06-30 16:31:44 [booklist] INFO: VALID_ID: 2567499
2023-06-30 16:31:44 [booklist] INFO: VALID_ID: 2567508
2023-06-30 16:31:44 [booklist] INFO: VALID_ID: 2566008
2023-06-30 16:31:44 [booklist] INFO: VALID_ID: 2567472
2023-06-30 16:31:44 [booklist] INFO: VALID_ID: 2567498
2023-06-30 16:31:44 [booklist] INFO: VALID_ID: 2567513
2023-06-30 16:31:44 [booklist] INFO: VALID_ID: 2566006
2023-06-30 16:31:44 [booklist] INFO: VALID_ID: 2567479
2023-06-30 16:31:44 [booklist] INFO: VALID_ID: 2566029
2023-06-30 16:31:44 [booklist] INFO: VALID_ID: 2567488
2023-06-30 16:31:44 [booklist] INFO: VALID_ID: 2567516
2023-06-30 16:31:44 [booklist] INFO: VALID_ID: 2567521
2023-06-30 16:31:44 [booklist] INFO: VALID_ID: 2567475
2023-06-30 16:31:44 [booklist] INFO: VALID_ID: 2567494
2023-06-30 16:31:44 [booklist] INFO: VALID_ID: 2567496
2023-06-30 16:31:44 [booklist] INFO: VALID_ID: 2567502
2023-06-30 16:31:44 [booklist] INFO: VALID_ID: 2567519
2023-06-30 16:31:44 [booklist] INFO: VALID_ID: 2567465
2023-06-30 16:31:44 [booklist] INFO: VALID_ID: 2566013
2023-06-30 16:31:44 [booklist] INFO: VALID_ID: 2566014
2023-06-30 16:31:44 [booklist] INFO: VALID_ID: 2567474
2023-06-30 16:31:44 [booklist] INFO: VALID_ID: 2566023
2023-06-30 16:31:44 [booklist] INFO: VALID_ID: 2567505
2023-06-30 16:31:44 [booklist] INFO: VALID_ID: 2567493
2023-06-30 16:31:44 [booklist] INFO: VALID_ID: 2567514
2023-06-30 16:31:44 [booklist] INFO: VALID_ID: 2566016
2023-06-30 16:31:44 [booklist] INFO: VALID_ID: 2567497
2023-06-30 16:31:44 [booklist] INFO: VALID_ID: 2567524
2023-06-30 16:31:44 [booklist] INFO: VALID_ID: 2566009
2023-06-30 16:31:44 [booklist] INFO: VALID_ID: 2567469
2023-06-30 16:31:44 [booklist] INFO: VALID_ID: 2606201
2023-06-30 16:31:44 [booklist] INFO: VALID_ID: 2588581
2023-06-30 16:31:44 [booklist] INFO: VALID_ID: 2559758
2023-06-30 16:31:44 [booklist] INFO: VALID_ID: 2566025
2023-06-30 16:31:44 [booklist] INFO: VALID_ID: 2566007
2023-06-30 16:31:44 [booklist] INFO: VALID_ID: 2559764
2023-06-30 16:31:44 [booklist] INFO: VALID_ID: 2567512
2023-06-30 16:31:44 [booklist] INFO: VALID_ID: 2567486
2023-06-30 16:31:44 [booklist] INFO: VALID_ID: 2567489
2023-06-30 16:31:44 [booklist] INFO: VALID_ID: 2567495
2023-06-30 16:31:44 [booklist] INFO: VALID_ID: 2567470
2023-06-30 16:31:44 [booklist] INFO: VALID_ID: 2567507
2023-06-30 16:31:44 [booklist] INFO: VALID_ID: 2559765
2023-06-30 16:31:44 [booklist] INFO: VALID_ID: 1288440
2023-06-30 16:31:44 [booklist] INFO: VALID_ID: 2566010
2023-06-30 16:31:44 [booklist] INFO: VALID_ID: 2559763
2023-06-30 16:31:44 [booklist] INFO: VALID_ID: 2559766
2023-06-30 16:31:44 [booklist] INFO: VALID_ID: 2566019
2023-06-30 16:31:44 [booklist] INFO: VALID_ID: 2566024
2023-06-30 16:31:44 [booklist] INFO: VALID_ID: 2567510
2023-06-30 16:31:44 [booklist] INFO: VALID_ID: 2609079
2023-06-30 16:31:44 [booklist] INFO: VALID_ID: 2567485
2023-06-30 16:31:44 [booklist] INFO: VALID_ID: 2567504
2023-06-30 16:31:44 [booklist] INFO: VALID_ID: 2567506
2023-06-30 16:31:44 [booklist] INFO: VALID_ID: 2567484
2023-06-30 16:31:44 [booklist] INFO: VALID_ID: 2567487
2023-06-30 16:31:44 [booklist] INFO: VALID_ID: 2567515
2023-06-30 16:31:44 [booklist] INFO: VALID_ID: 2567517
2023-06-30 16:31:44 [booklist] INFO: VALID_ID: 2567520
2023-06-30 16:31:44 [booklist] INFO: VALID_ID: 2567523
2023-06-30 16:31:44 [booklist] INFO: VALID_ID: 2566020
2023-06-30 16:31:44 [booklist] INFO: VALID_ID: 2567503
2023-06-30 16:31:44 [booklist] INFO: VALID_ID: 2566028
2023-06-30 16:31:44 [booklist] INFO: VALID_ID: 2567466
2023-06-30 16:31:44 [booklist] INFO: VALID_ID: 2559761
2023-06-30 16:31:44 [booklist] INFO: VALID_ID: 2567477
2023-06-30 16:31:44 [booklist] INFO: VALID_ID: 2566026
2023-06-30 16:31:44 [booklist] INFO: VALID_ID: 2567500
2023-06-30 16:31:44 [booklist] INFO: VALID_ID: 2567501
2023-06-30 16:31:44 [booklist] INFO: VALID_ID: 2607195
2023-06-30 16:31:44 [booklist] INFO: VALID_ID: 2566022
2023-06-30 16:31:44 [booklist] INFO: VALID_ID: 2567490
2023-06-30 16:31:44 [booklist] INFO: VALID_ID: 11891807
2023-06-30 16:31:44 [booklist] INFO: VALID_ID: 2567468
2023-06-30 16:31:44 [booklist] INFO: VALID_ID: 2567492
2023-06-30 16:31:44 [booklist] INFO: VALID_ID: 2567476
2023-06-30 16:31:44 [booklist] INFO: VALID_ID: 2567511
2023-06-30 16:31:44 [booklist] INFO: VALID_ID: 2556202
2023-06-30 16:31:44 [booklist] INFO: VALID_ID: 2556201
2023-06-30 16:31:44 [booklist] INFO: VALID_ID: 2572389
2023-06-30 16:31:44 [booklist] INFO: VALID_ID: 2549012
2023-06-30 16:31:44 [booklist] INFO: VALID_ID: 2560414
2023-06-30 16:31:44 [booklist] INFO: VALID_ID: 2571770
2023-06-30 16:31:44 [booklist] INFO: VALID_ID: 2545740
2023-06-30 16:31:44 [booklist] INFO: VALID_ID: 2560407
2023-06-30 16:31:44 [booklist] INFO: VALID_ID: 2572080
2023-06-30 16:31:44 [booklist] INFO: VALID_ID: 2560421
2023-06-30 16:31:44 [booklist] INFO: VALID_ID: 2560402
2023-06-30 16:31:44 [booklist] INFO: VALID_ID: 2607099
2023-06-30 16:31:45 [scrapy.core.engine] DEBUG: Crawled (200) <POST https://dl.ndl.go.jp/api/item/search> (referer: https://dl.ndl.go.jp/api/item/search)
2023-06-30 16:31:45 [booklist] INFO: Fetched page 4
2023-06-30 16:31:46 [booklist] INFO: VALID_ID: 2560406
2023-06-30 16:31:46 [booklist] INFO: VALID_ID: 2560409
2023-06-30 16:31:46 [booklist] INFO: VALID_ID: 2560424
2023-06-30 16:31:46 [booklist] INFO: VALID_ID: 2560402
2023-06-30 16:31:46 [booklist] INFO: VALID_ID: 2560421
2023-06-30 16:31:46 [booklist] INFO: VALID_ID: 2553620
2023-06-30 16:31:46 [booklist] INFO: VALID_ID: 2545739
2023-06-30 16:31:46 [booklist] INFO: VALID_ID: 2548775
2023-06-30 16:31:46 [booklist] INFO: VALID_ID: 2560403
2023-06-30 16:31:46 [booklist] INFO: VALID_ID: 2560417
2023-06-30 16:31:46 [booklist] INFO: VALID_ID: 2571535
2023-06-30 16:31:46 [booklist] INFO: VALID_ID: 2560413
2023-06-30 16:31:46 [booklist] INFO: VALID_ID: 2560423
2023-06-30 16:31:46 [booklist] INFO: VALID_ID: 2545738
2023-06-30 16:31:46 [booklist] INFO: VALID_ID: 2545742
2023-06-30 16:31:46 [booklist] INFO: VALID_ID: 2560404
2023-06-30 16:31:46 [booklist] INFO: VALID_ID: 10301404
2023-06-30 16:31:46 [booklist] INFO: VALID_ID: 2609143
2023-06-30 16:31:46 [booklist] INFO: VALID_ID: 2560399
2023-06-30 16:31:46 [booklist] INFO: VALID_ID: 2545741
2023-06-30 16:31:46 [booklist] INFO: VALID_ID: 2560410
2023-06-30 16:31:46 [booklist] INFO: VALID_ID: 2560411
2023-06-30 16:31:46 [booklist] INFO: VALID_ID: 2572903
2023-06-30 16:31:46 [booklist] INFO: VALID_ID: 2560398
2023-06-30 16:31:46 [booklist] INFO: VALID_ID: 2560408
2023-06-30 16:31:46 [booklist] INFO: VALID_ID: 2560400
2023-06-30 16:31:46 [booklist] INFO: VALID_ID: 2560419
2023-06-30 16:31:46 [booklist] INFO: VALID_ID: 2545737
2023-06-30 16:31:46 [booklist] INFO: VALID_ID: 2560412
2023-06-30 16:31:46 [booklist] INFO: VALID_ID: 2560420
2023-06-30 16:31:46 [booklist] INFO: VALID_ID: 2560401
2023-06-30 16:31:46 [booklist] INFO: VALID_ID: 2560418
2023-06-30 16:31:46 [booklist] INFO: VALID_ID: 2560422
2023-06-30 16:31:46 [booklist] INFO: VALID_ID: 2560415
2023-06-30 16:31:46 [booklist] INFO: VALID_ID: 2588681
2023-06-30 16:31:46 [booklist] INFO: VALID_ID: 2548932
2023-06-30 16:31:46 [booklist] INFO: VALID_ID: 2572809
2023-06-30 16:31:46 [booklist] INFO: VALID_ID: 2550463
2023-06-30 16:31:46 [booklist] INFO: VALID_ID: 2573032
2023-06-30 16:31:46 [booklist] INFO: VALID_ID: 2549856
2023-06-30 16:31:46 [booklist] INFO: VALID_ID: 2574769
2023-06-30 16:31:46 [booklist] INFO: VALID_ID: 2546529
2023-06-30 16:31:46 [booklist] INFO: VALID_ID: 2546528
2023-06-30 16:31:46 [booklist] INFO: VALID_ID: 2546530
2023-06-30 16:31:46 [booklist] INFO: VALID_ID: 2561824
2023-06-30 16:31:46 [booklist] INFO: VALID_ID: 2546524
2023-06-30 16:31:46 [booklist] INFO: VALID_ID: 2605856
2023-06-30 16:31:46 [booklist] INFO: VALID_ID: 2548614
2023-06-30 16:31:46 [booklist] INFO: VALID_ID: 2561830
2023-06-30 16:31:46 [booklist] INFO: VALID_ID: 2546527
2023-06-30 16:31:46 [booklist] INFO: VALID_ID: 2546525
2023-06-30 16:31:46 [booklist] INFO: VALID_ID: 2588882
2023-06-30 16:31:46 [booklist] INFO: VALID_ID: 2546523
2023-06-30 16:31:46 [booklist] INFO: VALID_ID: 2546531
2023-06-30 16:31:46 [booklist] INFO: VALID_ID: 2571411
2023-06-30 16:31:46 [booklist] INFO: VALID_ID: 2549790
2023-06-30 16:31:46 [booklist] INFO: VALID_ID: 2546526
2023-06-30 16:31:46 [booklist] INFO: VALID_ID: 2561828
2023-06-30 16:31:46 [booklist] INFO: VALID_ID: 2576218
2023-06-30 16:31:46 [booklist] INFO: VALID_ID: 2571635
2023-06-30 16:31:46 [booklist] INFO: VALID_ID: 2572180
2023-06-30 16:31:46 [booklist] INFO: VALID_ID: 2588446
2023-06-30 16:31:46 [booklist] INFO: VALID_ID: 2561816
2023-06-30 16:31:46 [booklist] INFO: VALID_ID: 2572975
2023-06-30 16:31:46 [booklist] INFO: VALID_ID: 2589236
2023-06-30 16:31:46 [booklist] INFO: VALID_ID: 2605930
2023-06-30 16:31:46 [booklist] INFO: VALID_ID: 2561832
2023-06-30 16:31:46 [booklist] INFO: VALID_ID: 2589082
2023-06-30 16:31:46 [booklist] INFO: VALID_ID: 2574999
2023-06-30 16:31:46 [booklist] INFO: VALID_ID: 11446538
2023-06-30 16:31:46 [booklist] INFO: VALID_ID: 2605223
2023-06-30 16:31:46 [booklist] INFO: VALID_ID: 2596175
2023-06-30 16:31:46 [booklist] INFO: VALID_ID: 2561822
2023-06-30 16:31:46 [booklist] INFO: VALID_ID: 2589182
2023-06-30 16:31:46 [booklist] INFO: VALID_ID: 2561820
2023-06-30 16:31:46 [booklist] INFO: VALID_ID: 2561823
2023-06-30 16:31:46 [booklist] INFO: VALID_ID: 2559163
2023-06-30 16:31:46 [booklist] INFO: VALID_ID: 2561814
2023-06-30 16:31:46 [booklist] INFO: VALID_ID: 2561819
2023-06-30 16:31:46 [booklist] INFO: VALID_ID: 2605912
2023-06-30 16:31:46 [booklist] INFO: VALID_ID: 2561826
2023-06-30 16:31:46 [booklist] INFO: VALID_ID: 2561831
2023-06-30 16:31:46 [booklist] INFO: VALID_ID: 2589318
2023-06-30 16:31:46 [booklist] INFO: VALID_ID: 2561833
2023-06-30 16:31:46 [booklist] INFO: VALID_ID: 2559088
2023-06-30 16:31:46 [booklist] INFO: VALID_ID: 2596227
2023-06-30 16:31:46 [booklist] INFO: VALID_ID: 2587118
2023-06-30 16:31:46 [booklist] INFO: VALID_ID: 2576271
2023-06-30 16:31:46 [booklist] INFO: VALID_ID: 2587218
2023-06-30 16:31:46 [booklist] INFO: VALID_ID: 2561815
2023-06-30 16:31:46 [booklist] INFO: VALID_ID: 2561818
2023-06-30 16:31:46 [booklist] INFO: VALID_ID: 2561821
2023-06-30 16:31:46 [booklist] INFO: VALID_ID: 2588982
2023-06-30 16:31:46 [booklist] INFO: VALID_ID: 10301167
2023-06-30 16:31:46 [booklist] INFO: VALID_ID: 2550563
2023-06-30 16:31:46 [booklist] INFO: VALID_ID: 2561827
2023-06-30 16:31:46 [booklist] INFO: VALID_ID: 2587509
2023-06-30 16:31:46 [booklist] INFO: VALID_ID: 2559211
2023-06-30 16:31:46 [booklist] INFO: VALID_ID: 2561829
2023-06-30 16:31:46 [booklist] INFO: VALID_ID: 2561817
2023-06-30 16:31:47 [scrapy.core.engine] DEBUG: Crawled (200) <POST https://dl.ndl.go.jp/api/item/search> (referer: https://dl.ndl.go.jp/api/item/search)
2023-06-30 16:31:47 [booklist] INFO: Fetched page 5
2023-06-30 16:31:48 [booklist] INFO: VALID_ID: 2610454
2023-06-30 16:31:48 [booklist] INFO: VALID_ID: 2561829
2023-06-30 16:31:48 [booklist] INFO: VALID_ID: 2559164
2023-06-30 16:31:48 [booklist] INFO: VALID_ID: 2587389
2023-06-30 16:31:48 [booklist] INFO: VALID_ID: 2549221
2023-06-30 16:31:48 [booklist] INFO: VALID_ID: 2550296
2023-06-30 16:31:48 [booklist] INFO: VALID_ID: 2550185
2023-06-30 16:31:48 [booklist] INFO: VALID_ID: 2572527
2023-06-30 16:31:48 [booklist] INFO: VALID_ID: 11446638
2023-06-30 16:31:48 [booklist] INFO: VALID_ID: 2550362
2023-06-30 16:31:48 [booklist] INFO: VALID_ID: 2583714
2023-06-30 16:31:48 [booklist] INFO: VALID_ID: 2559087
2023-06-30 16:31:48 [booklist] INFO: VALID_ID: 2549100
2023-06-30 16:31:48 [booklist] INFO: VALID_ID: 2549099
2023-06-30 16:31:48 [booklist] INFO: VALID_ID: 2606174
2023-06-30 16:31:48 [booklist] INFO: VALID_ID: 2572628
2023-06-30 16:31:48 [booklist] INFO: VALID_ID: 2608721
2023-06-30 16:31:48 [booklist] INFO: VALID_ID: 11038673
2023-06-30 16:31:48 [booklist] INFO: VALID_ID: 10303557
2023-06-30 16:31:48 [booklist] INFO: VALID_ID: 11038795
2023-06-30 16:31:48 [booklist] INFO: VALID_ID: 11223333
2023-06-30 16:31:48 [booklist] INFO: VALID_ID: 2583681
2023-06-30 16:31:48 [booklist] INFO: VALID_ID: 12866102
2023-06-30 16:31:48 [booklist] INFO: VALID_ID: 2574563
2023-06-30 16:31:48 [booklist] INFO: VALID_ID: 10303795
2023-06-30 16:31:48 [booklist] INFO: VALID_ID: 2593328
2023-06-30 16:31:48 [booklist] INFO: VALID_ID: 2593327
2023-06-30 16:31:48 [booklist] INFO: VALID_ID: 2538370
2023-06-30 16:31:48 [booklist] INFO: VALID_ID: 10303558
2023-06-30 16:31:48 [booklist] INFO: VALID_ID: 2593428
2023-06-30 16:31:48 [booklist] INFO: VALID_ID: 2574553
2023-06-30 16:31:48 [booklist] INFO: VALID_ID: 2574552
2023-06-30 16:31:48 [booklist] INFO: VALID_ID: 2570115
2023-06-30 16:31:48 [booklist] INFO: VALID_ID: 2570116
2023-06-30 16:31:48 [booklist] INFO: VALID_ID: 10304015
2023-06-30 16:31:48 [booklist] INFO: VALID_ID: 2574554
2023-06-30 16:31:48 [booklist] INFO: VALID_ID: 10303403
2023-06-30 16:31:48 [booklist] INFO: VALID_ID: 2574558
2023-06-30 16:31:48 [booklist] INFO: VALID_ID: 2591899
2023-06-30 16:31:48 [booklist] INFO: VALID_ID: 11891786
2023-06-30 16:31:48 [booklist] INFO: VALID_ID: 2581047
2023-06-30 16:31:48 [booklist] INFO: VALID_ID: 2581048
2023-06-30 16:31:48 [booklist] INFO: VALID_ID: 2571714
2023-06-30 16:31:48 [booklist] INFO: VALID_ID: 2574555
2023-06-30 16:31:48 [booklist] INFO: VALID_ID: 2580960
2023-06-30 16:31:48 [booklist] INFO: VALID_ID: 2574562
2023-06-30 16:31:48 [booklist] INFO: VALID_ID: 10303810
2023-06-30 16:31:48 [booklist] INFO: VALID_ID: 2574556
2023-06-30 16:31:48 [booklist] INFO: VALID_ID: 2609432
2023-06-30 16:31:48 [booklist] INFO: VALID_ID: 2574560
2023-06-30 16:31:48 [booklist] INFO: VALID_ID: 2581046
2023-06-30 16:31:48 [booklist] INFO: VALID_ID: 11223433
2023-06-30 16:31:48 [booklist] INFO: VALID_ID: 2538411
2023-06-30 16:31:48 [booklist] INFO: VALID_ID: 2574557
2023-06-30 16:31:48 [booklist] INFO: VALID_ID: 2574559
2023-06-30 16:31:48 [booklist] INFO: VALID_ID: 10303559
2023-06-30 16:31:48 [booklist] INFO: VALID_ID: 2574561
2023-06-30 16:31:48 [booklist] INFO: VALID_ID: 2607612
2023-06-30 16:31:48 [booklist] INFO: VALID_ID: 2607879
2023-06-30 16:31:48 [booklist] INFO: VALID_ID: 2560259
2023-06-30 16:31:48 [booklist] INFO: VALID_ID: 11891704
2023-06-30 16:31:48 [booklist] INFO: VALID_ID: 2560260
2023-06-30 16:31:48 [booklist] INFO: VALID_ID: 2540173
2023-06-30 16:31:48 [booklist] INFO: VALID_ID: 1287170
2023-06-30 16:31:48 [booklist] INFO: VALID_ID: 2562430
2023-06-30 16:31:48 [booklist] INFO: VALID_ID: 2562451
2023-06-30 16:31:48 [booklist] INFO: VALID_ID: 2562483
2023-06-30 16:31:48 [booklist] INFO: VALID_ID: 2546391
2023-06-30 16:31:48 [booklist] INFO: VALID_ID: 2610032
2023-06-30 16:31:48 [booklist] INFO: VALID_ID: 12865543
2023-06-30 16:31:48 [booklist] INFO: VALID_ID: 11607755
2023-06-30 16:31:48 [booklist] INFO: VALID_ID: 2551641
2023-06-30 16:31:48 [booklist] INFO: VALID_ID: 2562444
2023-06-30 16:31:48 [booklist] INFO: VALID_ID: 2608263
2023-06-30 16:31:48 [booklist] INFO: VALID_ID: 1288118
2023-06-30 16:31:48 [booklist] INFO: VALID_ID: 1288057
2023-06-30 16:31:48 [booklist] INFO: VALID_ID: 1287954
2023-06-30 16:31:48 [booklist] INFO: VALID_ID: 2609908
2023-06-30 16:31:48 [booklist] INFO: VALID_ID: 1288328
2023-06-30 16:31:48 [booklist] INFO: VALID_ID: 11892734
2023-06-30 16:31:48 [booklist] INFO: VALID_ID: 2562429
2023-06-30 16:31:48 [booklist] INFO: VALID_ID: 2562438
2023-06-30 16:31:48 [booklist] INFO: VALID_ID: 2609037
2023-06-30 16:31:48 [booklist] INFO: VALID_ID: 2562457
2023-06-30 16:31:48 [booklist] INFO: VALID_ID: 2562437
2023-06-30 16:31:48 [booklist] INFO: VALID_ID: 2562463
2023-06-30 16:31:48 [booklist] INFO: VALID_ID: 2562465
2023-06-30 16:31:48 [booklist] INFO: VALID_ID: 2562475
2023-06-30 16:31:48 [booklist] INFO: VALID_ID: 2562478
2023-06-30 16:31:48 [booklist] INFO: VALID_ID: 2562481
2023-06-30 16:31:48 [booklist] INFO: VALID_ID: 2574997
2023-06-30 16:31:48 [booklist] INFO: VALID_ID: 2562442
2023-06-30 16:31:48 [booklist] INFO: VALID_ID: 2562439
2023-06-30 16:31:48 [booklist] INFO: VALID_ID: 2562452
2023-06-30 16:31:48 [booklist] INFO: VALID_ID: 2562455
2023-06-30 16:31:48 [booklist] INFO: VALID_ID: 2562436
2023-06-30 16:31:48 [booklist] INFO: VALID_ID: 2562453
2023-06-30 16:31:48 [booklist] INFO: VALID_ID: 2562468
2023-06-30 16:31:48 [booklist] INFO: VALID_ID: 2562472
2023-06-30 16:31:48 [booklist] INFO: VALID_ID: 2562462
2023-06-30 16:31:49 [scrapy.core.engine] DEBUG: Crawled (200) <POST https://dl.ndl.go.jp/api/item/search> (referer: https://dl.ndl.go.jp/api/item/search)
2023-06-30 16:31:49 [booklist] INFO: Fetched page 6
2023-06-30 16:31:49 [booklist] INFO: VALID_ID: 2562445
2023-06-30 16:31:49 [booklist] INFO: VALID_ID: 2562470
2023-06-30 16:31:49 [booklist] INFO: VALID_ID: 2562431
2023-06-30 16:31:49 [booklist] INFO: VALID_ID: 2562446
2023-06-30 16:31:49 [booklist] INFO: VALID_ID: 2562448
2023-06-30 16:31:49 [booklist] INFO: VALID_ID: 2562474
2023-06-30 16:31:49 [booklist] INFO: VALID_ID: 2562476
2023-06-30 16:31:49 [booklist] INFO: VALID_ID: 2562436
2023-06-30 16:31:49 [booklist] INFO: VALID_ID: 2562453
2023-06-30 16:31:49 [booklist] INFO: VALID_ID: 2562468
2023-06-30 16:31:49 [booklist] INFO: VALID_ID: 2562472
2023-06-30 16:31:49 [booklist] INFO: VALID_ID: 2562460
2023-06-30 16:31:49 [booklist] INFO: VALID_ID: 2562464
2023-06-30 16:31:49 [booklist] INFO: VALID_ID: 2562429
2023-06-30 16:31:49 [booklist] INFO: VALID_ID: 2562438
2023-06-30 16:31:49 [booklist] INFO: VALID_ID: 2562454
2023-06-30 16:31:49 [booklist] INFO: VALID_ID: 2562466
2023-06-30 16:31:49 [booklist] INFO: VALID_ID: 2562480
2023-06-30 16:31:49 [booklist] INFO: VALID_ID: 2562435
2023-06-30 16:31:49 [booklist] INFO: VALID_ID: 2562462
2023-06-30 16:31:49 [booklist] INFO: VALID_ID: 2562432
2023-06-30 16:31:49 [booklist] INFO: VALID_ID: 2562433
2023-06-30 16:31:49 [booklist] INFO: VALID_ID: 2562450
2023-06-30 16:31:49 [booklist] INFO: VALID_ID: 2562449
2023-06-30 16:31:49 [booklist] INFO: VALID_ID: 2562461
2023-06-30 16:31:49 [booklist] INFO: VALID_ID: 2562471
2023-06-30 16:31:49 [booklist] INFO: VALID_ID: 2562479
2023-06-30 16:31:49 [booklist] INFO: VALID_ID: 2562484
2023-06-30 16:31:49 [booklist] INFO: VALID_ID: 2562447
2023-06-30 16:31:49 [booklist] INFO: VALID_ID: 2562456
2023-06-30 16:31:49 [booklist] INFO: VALID_ID: 2562459
2023-06-30 16:31:49 [booklist] INFO: VALID_ID: 2562467
2023-06-30 16:31:49 [booklist] INFO: VALID_ID: 2562469
2023-06-30 16:31:49 [booklist] INFO: VALID_ID: 2591886
2023-06-30 16:31:49 [booklist] INFO: VALID_ID: 2609205
2023-06-30 16:31:49 [booklist] INFO: VALID_ID: 2590375
2023-06-30 16:31:49 [booklist] INFO: VALID_ID: 2607558
2023-06-30 16:31:49 [booklist] INFO: VALID_ID: 2609818
2023-06-30 16:31:49 [booklist] INFO: VALID_ID: 2611038
2023-06-30 16:31:49 [booklist] INFO: VALID_ID: 2609492
2023-06-30 16:31:49 [booklist] INFO: VALID_ID: 2607434
2023-06-30 16:31:49 [booklist] INFO: VALID_ID: 2607142
2023-06-30 16:31:49 [booklist] INFO: VALID_ID: 2540575
2023-06-30 16:31:49 [booklist] INFO: VALID_ID: 2587048
2023-06-30 16:31:49 [booklist] INFO: VALID_ID: 2533646
2023-06-30 16:31:49 [booklist] INFO: VALID_ID: 2609961
2023-06-30 16:31:49 [booklist] INFO: VALID_ID: 11892629
2023-06-30 16:31:49 [booklist] INFO: VALID_ID: 2608884
2023-06-30 16:31:49 [booklist] INFO: VALID_ID: 2550791
2023-06-30 16:31:49 [booklist] INFO: VALID_ID: 2609621
2023-06-30 16:31:49 [booklist] INFO: VALID_ID: 2585761
2023-06-30 16:31:49 [booklist] INFO: VALID_ID: 2585868
2023-06-30 16:31:49 [booklist] INFO: VALID_ID: 2585875
2023-06-30 16:31:49 [booklist] INFO: VALID_ID: 2585785
2023-06-30 16:31:49 [booklist] INFO: VALID_ID: 2585788
2023-06-30 16:31:49 [booklist] INFO: VALID_ID: 2585792
2023-06-30 16:31:49 [booklist] INFO: VALID_ID: 2585852
2023-06-30 16:31:49 [booklist] INFO: VALID_ID: 2585876
2023-06-30 16:31:49 [booklist] INFO: VALID_ID: 2585884
2023-06-30 16:31:49 [booklist] INFO: VALID_ID: 2585828
2023-06-30 16:31:49 [booklist] INFO: VALID_ID: 2585928
2023-06-30 16:31:49 [booklist] INFO: VALID_ID: 2585839
2023-06-30 16:31:49 [booklist] INFO: VALID_ID: 2585898
2023-06-30 16:31:49 [booklist] INFO: VALID_ID: 2585914
2023-06-30 16:31:49 [booklist] INFO: VALID_ID: 2585822
2023-06-30 16:31:49 [booklist] INFO: VALID_ID: 2585932
2023-06-30 16:31:49 [booklist] INFO: VALID_ID: 2611103
2023-06-30 16:31:49 [booklist] INFO: VALID_ID: 2585793
2023-06-30 16:31:49 [booklist] INFO: VALID_ID: 2585888
2023-06-30 16:31:49 [booklist] INFO: VALID_ID: 2585919
2023-06-30 16:31:49 [booklist] INFO: VALID_ID: 2585834
2023-06-30 16:31:49 [booklist] INFO: VALID_ID: 2585873
2023-06-30 16:31:49 [booklist] INFO: VALID_ID: 2585918
2023-06-30 16:31:49 [booklist] INFO: VALID_ID: 2585829
2023-06-30 16:31:49 [booklist] INFO: VALID_ID: 2585938
2023-06-30 16:31:49 [booklist] INFO: VALID_ID: 2585941
2023-06-30 16:31:49 [booklist] INFO: VALID_ID: 2585867
2023-06-30 16:31:49 [booklist] INFO: VALID_ID: 2585870
2023-06-30 16:31:49 [booklist] INFO: VALID_ID: 2585782
2023-06-30 16:31:49 [booklist] INFO: VALID_ID: 2585796
2023-06-30 16:31:49 [booklist] INFO: VALID_ID: 2585947
2023-06-30 16:31:49 [booklist] INFO: VALID_ID: 2585823
2023-06-30 16:31:49 [booklist] INFO: VALID_ID: 2585920
2023-06-30 16:31:49 [booklist] INFO: VALID_ID: 2585862
2023-06-30 16:31:49 [booklist] INFO: VALID_ID: 2585872
2023-06-30 16:31:49 [booklist] INFO: VALID_ID: 2585791
2023-06-30 16:31:49 [booklist] INFO: VALID_ID: 2585801
2023-06-30 16:31:49 [booklist] INFO: VALID_ID: 2585809
2023-06-30 16:31:49 [booklist] INFO: VALID_ID: 2585904
2023-06-30 16:31:49 [booklist] INFO: VALID_ID: 2585923
2023-06-30 16:31:49 [booklist] INFO: VALID_ID: 2585844
2023-06-30 16:31:49 [booklist] INFO: VALID_ID: 2606933
2023-06-30 16:31:49 [booklist] INFO: VALID_ID: 2585885
2023-06-30 16:31:49 [booklist] INFO: VALID_ID: 2585803
2023-06-30 16:31:49 [booklist] INFO: VALID_ID: 2585824
2023-06-30 16:31:49 [booklist] INFO: VALID_ID: 2585857
2023-06-30 16:31:49 [booklist] INFO: VALID_ID: 2585766
2023-06-30 16:31:49 [booklist] INFO: VALID_ID: 2585770
2023-06-30 16:31:49 [booklist] INFO: VALID_ID: 2585877
2023-06-30 16:31:49 [booklist] INFO: VALID_ID: 2585891
2023-06-30 16:31:50 [scrapy.core.engine] DEBUG: Crawled (200) <POST https://dl.ndl.go.jp/api/item/search> (referer: https://dl.ndl.go.jp/api/item/search)
2023-06-30 16:31:50 [booklist] INFO: Fetched page 7
2023-06-30 16:31:50 [booklist] INFO: VALID_ID: 2585797
2023-06-30 16:31:50 [booklist] INFO: VALID_ID: 2585820
2023-06-30 16:31:50 [booklist] INFO: VALID_ID: 2585921
2023-06-30 16:31:50 [booklist] INFO: VALID_ID: 2585842
2023-06-30 16:31:50 [booklist] INFO: VALID_ID: 2585856
2023-06-30 16:31:50 [booklist] INFO: VALID_ID: 2585861
2023-06-30 16:31:50 [booklist] INFO: VALID_ID: 2585786
2023-06-30 16:31:50 [booklist] INFO: VALID_ID: 2585790
2023-06-30 16:31:50 [booklist] INFO: VALID_ID: 2585808
2023-06-30 16:31:50 [booklist] INFO: VALID_ID: 2585906
2023-06-30 16:31:50 [booklist] INFO: VALID_ID: 2585912
2023-06-30 16:31:50 [booklist] INFO: VALID_ID: 2585817
2023-06-30 16:31:50 [booklist] INFO: VALID_ID: 2585915
2023-06-30 16:31:50 [booklist] INFO: VALID_ID: 2585825
2023-06-30 16:31:50 [booklist] INFO: VALID_ID: 2585924
2023-06-30 16:31:50 [booklist] INFO: VALID_ID: 2585767
2023-06-30 16:31:50 [booklist] INFO: VALID_ID: 2585774
2023-06-30 16:31:50 [booklist] INFO: VALID_ID: 2585908
2023-06-30 16:31:50 [booklist] INFO: VALID_ID: 2585930
2023-06-30 16:31:50 [booklist] INFO: VALID_ID: 2585935
2023-06-30 16:31:50 [booklist] INFO: VALID_ID: 2585946
2023-06-30 16:31:50 [booklist] INFO: VALID_ID: 2585883
2023-06-30 16:31:50 [booklist] INFO: VALID_ID: 2585800
2023-06-30 16:31:50 [booklist] INFO: VALID_ID: 2585810
2023-06-30 16:31:50 [booklist] INFO: VALID_ID: 2585819
2023-06-30 16:31:50 [booklist] INFO: VALID_ID: 2585926
2023-06-30 16:31:50 [booklist] INFO: VALID_ID: 2585846
2023-06-30 16:31:50 [booklist] INFO: VALID_ID: 2609468
2023-06-30 16:31:50 [booklist] INFO: VALID_ID: 2585896
2023-06-30 16:31:50 [booklist] INFO: VALID_ID: 2585816
2023-06-30 16:31:50 [booklist] INFO: VALID_ID: 2585832
2023-06-30 16:31:50 [booklist] INFO: VALID_ID: 2585837
2023-06-30 16:31:50 [booklist] INFO: VALID_ID: 2585939
2023-06-30 16:31:50 [booklist] INFO: VALID_ID: 2585773
2023-06-30 16:31:50 [booklist] INFO: VALID_ID: 2585869
2023-06-30 16:31:50 [booklist] INFO: VALID_ID: 2585881
2023-06-30 16:31:50 [booklist] INFO: VALID_ID: 2585787
2023-06-30 16:31:50 [booklist] INFO: VALID_ID: 2585806
2023-06-30 16:31:50 [booklist] INFO: VALID_ID: 2585845
2023-06-30 16:31:50 [booklist] INFO: VALID_ID: 2585944
2023-06-30 16:31:50 [booklist] INFO: VALID_ID: 2585848
2023-06-30 16:31:50 [booklist] INFO: VALID_ID: 2585760
2023-06-30 16:31:50 [booklist] INFO: VALID_ID: 2585789
2023-06-30 16:31:50 [booklist] INFO: VALID_ID: 2585887
2023-06-30 16:31:50 [booklist] INFO: VALID_ID: 2585897
2023-06-30 16:31:50 [booklist] INFO: VALID_ID: 2585805
2023-06-30 16:31:50 [booklist] INFO: VALID_ID: 2585814
2023-06-30 16:31:50 [booklist] INFO: VALID_ID: 2585943
2023-06-30 16:31:50 [booklist] INFO: VALID_ID: 12865396
2023-06-30 16:31:50 [booklist] INFO: VALID_ID: 2585776
2023-06-30 16:31:50 [booklist] INFO: VALID_ID: 2585778
2023-06-30 16:31:50 [booklist] INFO: VALID_ID: 2585882
2023-06-30 16:31:50 [booklist] INFO: VALID_ID: 2585799
2023-06-30 16:31:50 [booklist] INFO: VALID_ID: 2585833
2023-06-30 16:31:50 [booklist] INFO: VALID_ID: 2585940
2023-06-30 16:31:50 [booklist] INFO: VALID_ID: 2585823
2023-06-30 16:31:50 [booklist] INFO: VALID_ID: 2585920
2023-06-30 16:31:50 [booklist] INFO: VALID_ID: 2610790
2023-06-30 16:31:50 [booklist] INFO: VALID_ID: 2609227
2023-06-30 16:31:50 [booklist] INFO: VALID_ID: 11891874
2023-06-30 16:31:50 [booklist] INFO: VALID_ID: 2585764
2023-06-30 16:31:50 [booklist] INFO: VALID_ID: 2585910
2023-06-30 16:31:50 [booklist] INFO: VALID_ID: 2585913
2023-06-30 16:31:50 [booklist] INFO: VALID_ID: 2585874
2023-06-30 16:31:50 [booklist] INFO: VALID_ID: 2585769
2023-06-30 16:31:50 [booklist] INFO: VALID_ID: 2585871
2023-06-30 16:31:50 [booklist] INFO: VALID_ID: 2585892
2023-06-30 16:31:50 [booklist] INFO: VALID_ID: 2585933
2023-06-30 16:31:50 [booklist] INFO: VALID_ID: 2585898
2023-06-30 16:31:50 [booklist] INFO: VALID_ID: 2585914
2023-06-30 16:31:50 [booklist] INFO: VALID_ID: 2585822
2023-06-30 16:31:50 [booklist] INFO: VALID_ID: 2585932
2023-06-30 16:31:50 [booklist] INFO: VALID_ID: 2585858
2023-06-30 16:31:50 [booklist] INFO: VALID_ID: 2585866
2023-06-30 16:31:50 [booklist] INFO: VALID_ID: 2585780
2023-06-30 16:31:50 [booklist] INFO: VALID_ID: 2585889
2023-06-30 16:31:50 [booklist] INFO: VALID_ID: 2585890
2023-06-30 16:31:50 [booklist] INFO: VALID_ID: 2585895
2023-06-30 16:31:50 [booklist] INFO: VALID_ID: 2585901
2023-06-30 16:31:50 [booklist] INFO: VALID_ID: 2585934
2023-06-30 16:31:50 [booklist] INFO: VALID_ID: 2585775
2023-06-30 16:31:50 [booklist] INFO: VALID_ID: 2585879
2023-06-30 16:31:50 [booklist] INFO: VALID_ID: 2585802
2023-06-30 16:31:50 [booklist] INFO: VALID_ID: 2585900
2023-06-30 16:31:50 [booklist] INFO: VALID_ID: 2585818
2023-06-30 16:31:50 [booklist] INFO: VALID_ID: 2585922
2023-06-30 16:31:50 [booklist] INFO: VALID_ID: 2585936
2023-06-30 16:31:50 [booklist] INFO: VALID_ID: 2585763
2023-06-30 16:31:50 [booklist] INFO: VALID_ID: 2585860
2023-06-30 16:31:50 [booklist] INFO: VALID_ID: 2585768
2023-06-30 16:31:50 [booklist] INFO: VALID_ID: 2585909
2023-06-30 16:31:50 [booklist] INFO: VALID_ID: 2585835
2023-06-30 16:31:50 [booklist] INFO: VALID_ID: 2585847
2023-06-30 16:31:50 [booklist] INFO: VALID_ID: 2585761
2023-06-30 16:31:50 [booklist] INFO: VALID_ID: 2585868
2023-06-30 16:31:50 [booklist] INFO: VALID_ID: 2585875
2023-06-30 16:31:50 [booklist] INFO: VALID_ID: 2585785
2023-06-30 16:31:50 [booklist] INFO: VALID_ID: 2585788
2023-06-30 16:31:50 [booklist] INFO: VALID_ID: 2585792
2023-06-30 16:31:50 [booklist] INFO: VALID_ID: 2585779
2023-06-30 16:31:51 [scrapy.core.engine] DEBUG: Crawled (200) <POST https://dl.ndl.go.jp/api/item/search> (referer: https://dl.ndl.go.jp/api/item/search)
2023-06-30 16:31:51 [booklist] INFO: Fetched page 8
2023-06-30 16:31:51 [booklist] INFO: VALID_ID: 2585931
2023-06-30 16:31:51 [booklist] INFO: VALID_ID: 2585850
2023-06-30 16:31:51 [booklist] INFO: VALID_ID: 2585948
2023-06-30 16:31:51 [booklist] INFO: VALID_ID: 2585771
2023-06-30 16:31:51 [booklist] INFO: VALID_ID: 2585864
2023-06-30 16:31:51 [booklist] INFO: VALID_ID: 2585795
2023-06-30 16:31:51 [booklist] INFO: VALID_ID: 2585797
2023-06-30 16:31:51 [booklist] INFO: VALID_ID: 2585820
2023-06-30 16:31:51 [booklist] INFO: VALID_ID: 2585921
2023-06-30 16:31:51 [booklist] INFO: VALID_ID: 2585842
2023-06-30 16:31:51 [booklist] INFO: VALID_ID: 2609227
2023-06-30 16:31:51 [booklist] INFO: VALID_ID: 2583669
2023-06-30 16:31:51 [booklist] INFO: VALID_ID: 2583670
2023-06-30 16:31:51 [booklist] INFO: VALID_ID: 2585765
2023-06-30 16:31:51 [booklist] INFO: VALID_ID: 2585859
2023-06-30 16:31:51 [booklist] INFO: VALID_ID: 2585880
2023-06-30 16:31:51 [booklist] INFO: VALID_ID: 2585899
2023-06-30 16:31:51 [booklist] INFO: VALID_ID: 2585811
2023-06-30 16:31:51 [booklist] INFO: VALID_ID: 2585827
2023-06-30 16:31:51 [booklist] INFO: VALID_ID: 2585937
2023-06-30 16:31:51 [booklist] INFO: VALID_ID: 2585843
2023-06-30 16:31:51 [booklist] INFO: VALID_ID: 2585849
2023-06-30 16:31:51 [booklist] INFO: VALID_ID: 2585853
2023-06-30 16:31:51 [booklist] INFO: VALID_ID: 2585893
2023-06-30 16:31:51 [booklist] INFO: VALID_ID: 2585911
2023-06-30 16:31:51 [booklist] INFO: VALID_ID: 2585917
2023-06-30 16:31:51 [booklist] INFO: VALID_ID: 2585838
2023-06-30 16:31:51 [booklist] INFO: VALID_ID: 2585862
2023-06-30 16:31:51 [booklist] INFO: VALID_ID: 2585872
2023-06-30 16:31:51 [booklist] INFO: VALID_ID: 2585791
2023-06-30 16:31:51 [booklist] INFO: VALID_ID: 2585801
2023-06-30 16:31:51 [booklist] INFO: VALID_ID: 2585809
2023-06-30 16:31:51 [booklist] INFO: VALID_ID: 2585904
2023-06-30 16:31:51 [booklist] INFO: VALID_ID: 2585923
2023-06-30 16:31:51 [booklist] INFO: VALID_ID: 2585844
2023-06-30 16:31:51 [booklist] INFO: VALID_ID: 2585767
2023-06-30 16:31:51 [booklist] INFO: VALID_ID: 2585774
2023-06-30 16:31:51 [booklist] INFO: VALID_ID: 2585908
2023-06-30 16:31:51 [booklist] INFO: VALID_ID: 2585930
2023-06-30 16:31:51 [booklist] INFO: VALID_ID: 2585935
2023-06-30 16:31:51 [booklist] INFO: VALID_ID: 2585946
2023-06-30 16:31:51 [booklist] INFO: VALID_ID: 2585855
2023-06-30 16:31:51 [booklist] INFO: VALID_ID: 2585777
2023-06-30 16:31:51 [booklist] INFO: VALID_ID: 2585783
2023-06-30 16:31:51 [booklist] INFO: VALID_ID: 2585894
2023-06-30 16:31:51 [booklist] INFO: VALID_ID: 2585830
2023-06-30 16:31:51 [booklist] INFO: VALID_ID: 2585945
2023-06-30 16:31:51 [booklist] INFO: VALID_ID: 2609552
2023-06-30 16:31:51 [booklist] INFO: VALID_ID: 11892741
2023-06-30 16:31:51 [booklist] INFO: VALID_ID: 2583702
2023-06-30 16:31:51 [booklist] INFO: VALID_ID: 2583679
2023-06-30 16:31:51 [booklist] INFO: VALID_ID: 2583721
2023-06-30 16:31:51 [booklist] INFO: VALID_ID: 2583690
2023-06-30 16:31:51 [booklist] INFO: VALID_ID: 2608597
2023-06-30 16:31:51 [booklist] INFO: VALID_ID: 2610833
2023-06-30 16:31:51 [booklist] INFO: VALID_ID: 12865356
2023-06-30 16:31:51 [booklist] INFO: VALID_ID: 2583668
2023-06-30 16:31:51 [booklist] INFO: VALID_ID: 2611107
2023-06-30 16:31:51 [booklist] INFO: VALID_ID: 2583684
2023-06-30 16:31:51 [booklist] INFO: VALID_ID: 2583693
2023-06-30 16:31:51 [booklist] INFO: VALID_ID: 2583696
2023-06-30 16:31:51 [booklist] INFO: VALID_ID: 2583716
2023-06-30 16:31:51 [booklist] INFO: VALID_ID: 2583719
2023-06-30 16:31:51 [booklist] INFO: VALID_ID: 2583682
2023-06-30 16:31:51 [booklist] INFO: VALID_ID: 2583660
2023-06-30 16:31:51 [booklist] INFO: VALID_ID: 2583667
2023-06-30 16:31:51 [booklist] INFO: VALID_ID: 2583715
2023-06-30 16:31:51 [booklist] INFO: VALID_ID: 2583675
2023-06-30 16:31:51 [booklist] INFO: VALID_ID: 2610785
2023-06-30 16:31:51 [booklist] INFO: VALID_ID: 2583683
2023-06-30 16:31:51 [booklist] INFO: VALID_ID: 2583697
2023-06-30 16:31:51 [booklist] INFO: VALID_ID: 2583706
2023-06-30 16:31:51 [booklist] INFO: VALID_ID: 1286318
2023-06-30 16:31:51 [booklist] INFO: VALID_ID: 2583663
2023-06-30 16:31:51 [booklist] INFO: VALID_ID: 2583677
2023-06-30 16:31:51 [booklist] INFO: VALID_ID: 2583713
2023-06-30 16:31:51 [booklist] INFO: VALID_ID: 2583688
2023-06-30 16:31:51 [booklist] INFO: VALID_ID: 2583704
2023-06-30 16:31:51 [booklist] INFO: VALID_ID: 2583708
2023-06-30 16:31:51 [booklist] INFO: VALID_ID: 2583711
2023-06-30 16:31:51 [booklist] INFO: VALID_ID: 2583701
2023-06-30 16:31:51 [booklist] INFO: VALID_ID: 2583709
2023-06-30 16:31:51 [booklist] INFO: VALID_ID: 2583725
2023-06-30 16:31:51 [booklist] INFO: VALID_ID: 2583680
2023-06-30 16:31:51 [booklist] INFO: VALID_ID: 2583687
2023-06-30 16:31:51 [booklist] INFO: VALID_ID: 2583698
2023-06-30 16:31:51 [booklist] INFO: VALID_ID: 2583703
2023-06-30 16:31:51 [booklist] INFO: VALID_ID: 2583676
2023-06-30 16:31:51 [booklist] INFO: VALID_ID: 2583712
2023-06-30 16:31:51 [booklist] INFO: VALID_ID: 2583723
2023-06-30 16:31:51 [booklist] INFO: VALID_ID: 11446659
2023-06-30 16:31:51 [booklist] INFO: VALID_ID: 2583705
2023-06-30 16:31:51 [booklist] INFO: VALID_ID: 2583718
2023-06-30 16:31:51 [booklist] INFO: VALID_ID: 2583673
2023-06-30 16:31:51 [booklist] INFO: VALID_ID: 2583659
2023-06-30 16:31:51 [booklist] INFO: VALID_ID: 2583694
2023-06-30 16:31:51 [booklist] INFO: VALID_ID: 2583678
2023-06-30 16:31:51 [booklist] INFO: VALID_ID: 2583685
2023-06-30 16:31:51 [booklist] INFO: VALID_ID: 2583722
2023-06-30 16:31:51 [booklist] INFO: VALID_ID: 2583691
2023-06-30 16:31:52 [scrapy.core.engine] DEBUG: Crawled (200) <POST https://dl.ndl.go.jp/api/item/search> (referer: https://dl.ndl.go.jp/api/item/search)
2023-06-30 16:31:52 [booklist] INFO: Fetched page 9
2023-06-30 16:31:52 [booklist] INFO: VALID_ID: 2583692
2023-06-30 16:31:52 [booklist] INFO: VALID_ID: 2583662
2023-06-30 16:31:52 [booklist] INFO: VALID_ID: 2583666
2023-06-30 16:31:52 [booklist] INFO: VALID_ID: 2583700
2023-06-30 16:31:52 [booklist] INFO: VALID_ID: 2583686
2023-06-30 16:31:52 [booklist] INFO: VALID_ID: 2583724
2023-06-30 16:31:52 [booklist] INFO: VALID_ID: 2583661
2023-06-30 16:31:52 [booklist] INFO: VALID_ID: 2583664
2023-06-30 16:31:52 [booklist] INFO: VALID_ID: 2583717
2023-06-30 16:31:52 [booklist] INFO: VALID_ID: 2610561
2023-06-30 16:31:52 [booklist] INFO: VALID_ID: 2583672
2023-06-30 16:31:52 [booklist] INFO: VALID_ID: 2583707
2023-06-30 16:31:52 [booklist] INFO: VALID_ID: 2583710
2023-06-30 16:31:52 [booklist] INFO: VALID_ID: 2583665
2023-06-30 16:31:52 [booklist] INFO: VALID_ID: 2583699
2023-06-30 16:31:52 [booklist] INFO: VALID_ID: 2583695
2023-06-30 16:31:52 [booklist] INFO: VALID_ID: 2583671
2023-06-30 16:31:52 [booklist] INFO: VALID_ID: 2583674
2023-06-30 16:31:52 [booklist] INFO: VALID_ID: 2583689
2023-06-30 16:31:52 [booklist] INFO: VALID_ID: 2610707
2023-06-30 16:31:52 [booklist] INFO: VALID_ID: 2608047
2023-06-30 16:31:52 [booklist] INFO: VALID_ID: 2610288
2023-06-30 16:31:52 [booklist] INFO: VALID_ID: 1286194
2023-06-30 16:31:52 [booklist] INFO: VALID_ID: 2607135
2023-06-30 16:31:52 [booklist] INFO: VALID_ID: 2608195
2023-06-30 16:31:52 [booklist] INFO: VALID_ID: 9369959
2023-06-30 16:31:52 [booklist] INFO: VALID_ID: 12865370
2023-06-30 16:31:52 [booklist] INFO: VALID_ID: 2610518
2023-06-30 16:31:52 [booklist] INFO: VALID_ID: 2610818
2023-06-30 16:31:52 [booklist] INFO: VALID_ID: 2609279
2023-06-30 16:31:52 [booklist] INFO: VALID_ID: 1286417
2023-06-30 16:31:52 [booklist] INFO: VALID_ID: 9369960
2023-06-30 16:31:52 [booklist] INFO: VALID_ID: 2610012
2023-06-30 16:31:52 [booklist] INFO: VALID_ID: 2587046
2023-06-30 16:31:52 [booklist] INFO: VALID_ID: 2609000
2023-06-30 16:31:52 [booklist] INFO: VALID_ID: 11446374
2023-06-30 16:31:52 [booklist] INFO: VALID_ID: 1286518
2023-06-30 16:31:52 [booklist] INFO: VALID_ID: 1287165
2023-06-30 16:31:52 [booklist] INFO: VALID_ID: 2610026
2023-06-30 16:31:52 [booklist] INFO: VALID_ID: 2596088
2023-06-30 16:31:52 [booklist] INFO: VALID_ID: 2596124
2023-06-30 16:31:52 [booklist] INFO: VALID_ID: 2606959
2023-06-30 16:31:52 [booklist] INFO: VALID_ID: 2596058
2023-06-30 16:31:52 [booklist] INFO: VALID_ID: 2605758
2023-06-30 16:31:52 [booklist] INFO: VALID_ID: 2611035
2023-06-30 16:31:52 [booklist] INFO: VALID_ID: 2596069
2023-06-30 16:31:52 [booklist] INFO: VALID_ID: 2596096
2023-06-30 16:31:52 [booklist] INFO: VALID_ID: 2596112
2023-06-30 16:31:52 [booklist] INFO: VALID_ID: 2596060
2023-06-30 16:31:52 [booklist] INFO: VALID_ID: 2596115
2023-06-30 16:31:52 [booklist] INFO: VALID_ID: 2596094
2023-06-30 16:31:52 [booklist] INFO: VALID_ID: 2596087
2023-06-30 16:31:52 [booklist] INFO: VALID_ID: 2596129
2023-06-30 16:31:52 [booklist] INFO: VALID_ID: 2596089
2023-06-30 16:31:52 [booklist] INFO: VALID_ID: 2596095
2023-06-30 16:31:52 [booklist] INFO: VALID_ID: 2596133
2023-06-30 16:31:52 [booklist] INFO: VALID_ID: 1286613
2023-06-30 16:31:52 [booklist] INFO: VALID_ID: 2596120
2023-06-30 16:31:52 [booklist] INFO: VALID_ID: 2596121
2023-06-30 16:31:52 [booklist] INFO: VALID_ID: 2596136
2023-06-30 16:31:52 [booklist] INFO: VALID_ID: 2596068
2023-06-30 16:31:52 [booklist] INFO: VALID_ID: 2596122
2023-06-30 16:31:52 [booklist] INFO: VALID_ID: 2596123
2023-06-30 16:31:52 [booklist] INFO: VALID_ID: 2596109
2023-06-30 16:31:52 [booklist] INFO: VALID_ID: 2596118
2023-06-30 16:31:52 [booklist] INFO: VALID_ID: 2596113
2023-06-30 16:31:52 [booklist] INFO: VALID_ID: 2596128
2023-06-30 16:31:52 [booklist] INFO: VALID_ID: 2596114
2023-06-30 16:31:52 [booklist] INFO: VALID_ID: 2609783
2023-06-30 16:31:52 [booklist] INFO: VALID_ID: 2610801
2023-06-30 16:31:52 [booklist] INFO: VALID_ID: 2610942
2023-06-30 16:31:52 [booklist] INFO: VALID_ID: 2610138
2023-06-30 16:31:52 [booklist] INFO: VALID_ID: 11446321
2023-06-30 16:31:52 [booklist] INFO: VALID_ID: 2605465
2023-06-30 16:31:52 [scrapy.core.engine] DEBUG: Crawled (200) <POST https://dl.ndl.go.jp/api/item/search> (referer: https://dl.ndl.go.jp/api/item/search)
2023-06-30 16:31:53 [booklist] INFO: Fetched page 10
2023-06-30 16:31:53 [booklist] INFO: No more books on 10
2023-06-30 16:31:53 [scrapy.core.engine] INFO: Closing spider (finished)
2023-06-30 16:31:53 [scrapy.statscollectors] INFO: Dumping Scrapy stats:
{'downloader/request_bytes': 13646,
 'downloader/request_count': 11,
 'downloader/request_method_count/GET': 1,
 'downloader/request_method_count/POST': 10,
 'downloader/response_bytes': 4089314,
 'downloader/response_count': 11,
 'downloader/response_status_count/200': 11,
 'elapsed_time_seconds': 13.950734,
 'finish_reason': 'finished',
 'finish_time': datetime.datetime(2023, 6, 30, 8, 31, 53, 41743),
 'httpcompression/response_bytes': 47466431,
 'httpcompression/response_count': 10,
 'log_count/DEBUG': 14,
 'log_count/INFO': 895,
 'memusage/max': 63787008,
 'memusage/startup': 63787008,
 'request_depth_max': 9,
 'response_received_count': 11,
 'robotstxt/request_count': 1,
 'robotstxt/response_count': 1,
 'robotstxt/response_status_count/200': 1,
 'scheduler/dequeued': 10,
 'scheduler/dequeued/memory': 10,
 'scheduler/enqueued': 10,
 'scheduler/enqueued/memory': 10,
 'start_time': datetime.datetime(2023, 6, 30, 8, 31, 39, 91009)}
2023-06-30 16:31:53 [scrapy.core.engine] INFO: Spider closed (finished)
