2023-06-30 16:39:15 [scrapy.utils.log] INFO: Scrapy 2.9.0 started (bot: ndlcrawler)
2023-06-30 16:39:15 [scrapy.utils.log] INFO: Versions: lxml 4.9.2.0, libxml2 2.9.14, cssselect 1.2.0, parsel 1.8.1, w3lib 2.1.1, Twisted 22.10.0, Python 3.10.10 (main, Mar  5 2023, 22:26:53) [GCC 12.2.1 20230201], pyOpenSSL 23.2.0 (OpenSSL 3.1.1 30 May 2023), cryptography 41.0.1, Platform Linux-6.2.12-arch1-1-x86_64-with-glibc2.37
2023-06-30 16:39:15 [scrapy.crawler] INFO: Overridden settings:
{'BOT_NAME': 'ndlcrawler',
 'FEED_EXPORT_ENCODING': 'utf-8',
 'LOG_FILE': 'logs/booklist.title.97.DESC.log',
 'NEWSPIDER_MODULE': 'ndlcrawler.spiders',
 'REQUEST_FINGERPRINTER_IMPLEMENTATION': '2.7',
 'ROBOTSTXT_OBEY': True,
 'SPIDER_MODULES': ['ndlcrawler.spiders'],
 'TWISTED_REACTOR': 'twisted.internet.asyncioreactor.AsyncioSelectorReactor'}
2023-06-30 16:39:15 [asyncio] DEBUG: Using selector: EpollSelector
2023-06-30 16:39:15 [scrapy.utils.log] DEBUG: Using reactor: twisted.internet.asyncioreactor.AsyncioSelectorReactor
2023-06-30 16:39:15 [scrapy.utils.log] DEBUG: Using asyncio event loop: asyncio.unix_events._UnixSelectorEventLoop
2023-06-30 16:39:15 [scrapy.extensions.telnet] INFO: Telnet Password: 8509b32d603fee03
2023-06-30 16:39:15 [scrapy.middleware] INFO: Enabled extensions:
['scrapy.extensions.corestats.CoreStats',
 'scrapy.extensions.telnet.TelnetConsole',
 'scrapy.extensions.memusage.MemoryUsage',
 'scrapy.extensions.logstats.LogStats']
2023-06-30 16:39:16 [scrapy.middleware] INFO: Enabled downloader middlewares:
['scrapy.downloadermiddlewares.robotstxt.RobotsTxtMiddleware',
 'scrapy.downloadermiddlewares.httpauth.HttpAuthMiddleware',
 'scrapy.downloadermiddlewares.downloadtimeout.DownloadTimeoutMiddleware',
 'scrapy.downloadermiddlewares.defaultheaders.DefaultHeadersMiddleware',
 'scrapy.downloadermiddlewares.useragent.UserAgentMiddleware',
 'scrapy.downloadermiddlewares.retry.RetryMiddleware',
 'scrapy.downloadermiddlewares.redirect.MetaRefreshMiddleware',
 'scrapy.downloadermiddlewares.httpcompression.HttpCompressionMiddleware',
 'scrapy.downloadermiddlewares.redirect.RedirectMiddleware',
 'scrapy.downloadermiddlewares.cookies.CookiesMiddleware',
 'scrapy.downloadermiddlewares.httpproxy.HttpProxyMiddleware',
 'scrapy.downloadermiddlewares.stats.DownloaderStats']
2023-06-30 16:39:16 [scrapy.middleware] INFO: Enabled spider middlewares:
['scrapy.spidermiddlewares.httperror.HttpErrorMiddleware',
 'scrapy.spidermiddlewares.offsite.OffsiteMiddleware',
 'scrapy.spidermiddlewares.referer.RefererMiddleware',
 'scrapy.spidermiddlewares.urllength.UrlLengthMiddleware',
 'scrapy.spidermiddlewares.depth.DepthMiddleware']
2023-06-30 16:39:16 [scrapy.middleware] INFO: Enabled item pipelines:
[]
2023-06-30 16:39:16 [scrapy.core.engine] INFO: Spider opened
2023-06-30 16:39:16 [scrapy.extensions.logstats] INFO: Crawled 0 pages (at 0 pages/min), scraped 0 items (at 0 items/min)
2023-06-30 16:39:16 [scrapy.extensions.telnet] INFO: Telnet console listening on 127.0.0.1:6024
2023-06-30 16:39:16 [scrapy.core.engine] DEBUG: Crawled (200) <GET https://dl.ndl.go.jp/robots.txt> (referer: None)
2023-06-30 16:39:18 [scrapy.core.engine] DEBUG: Crawled (200) <POST https://dl.ndl.go.jp/api/item/search> (referer: None)
2023-06-30 16:39:18 [booklist] INFO: Fetched page 1
2023-06-30 16:39:18 [booklist] INFO: VALID_ID: 2600883
2023-06-30 16:39:18 [booklist] INFO: VALID_ID: 2600885
2023-06-30 16:39:18 [booklist] INFO: VALID_ID: 2600894
2023-06-30 16:39:18 [booklist] INFO: VALID_ID: 2600873
2023-06-30 16:39:18 [booklist] INFO: VALID_ID: 2600876
2023-06-30 16:39:18 [booklist] INFO: VALID_ID: 2600913
2023-06-30 16:39:18 [booklist] INFO: VALID_ID: 2600886
2023-06-30 16:39:18 [booklist] INFO: VALID_ID: 2600902
2023-06-30 16:39:18 [booklist] INFO: VALID_ID: 2600864
2023-06-30 16:39:18 [booklist] INFO: VALID_ID: 2600908
2023-06-30 16:39:18 [booklist] INFO: VALID_ID: 2600911
2023-06-30 16:39:18 [booklist] INFO: VALID_ID: 2600912
2023-06-30 16:39:18 [booklist] INFO: VALID_ID: 2600877
2023-06-30 16:39:18 [booklist] INFO: VALID_ID: 2600896
2023-06-30 16:39:18 [booklist] INFO: VALID_ID: 2561799
2023-06-30 16:39:18 [booklist] INFO: VALID_ID: 2561809
2023-06-30 16:39:18 [booklist] INFO: VALID_ID: 2600870
2023-06-30 16:39:18 [booklist] INFO: VALID_ID: 2600899
2023-06-30 16:39:18 [booklist] INFO: VALID_ID: 2561805
2023-06-30 16:39:18 [booklist] INFO: VALID_ID: 2561778
2023-06-30 16:39:18 [booklist] INFO: VALID_ID: 2561779
2023-06-30 16:39:18 [booklist] INFO: VALID_ID: 2561794
2023-06-30 16:39:18 [booklist] INFO: VALID_ID: 2600868
2023-06-30 16:39:18 [booklist] INFO: VALID_ID: 2600874
2023-06-30 16:39:18 [booklist] INFO: VALID_ID: 2600909
2023-06-30 16:39:18 [booklist] INFO: VALID_ID: 2606215
2023-06-30 16:39:18 [booklist] INFO: VALID_ID: 2561781
2023-06-30 16:39:18 [booklist] INFO: VALID_ID: 2561782
2023-06-30 16:39:18 [booklist] INFO: VALID_ID: 2561812
2023-06-30 16:39:18 [booklist] INFO: VALID_ID: 2561793
2023-06-30 16:39:18 [booklist] INFO: VALID_ID: 2561806
2023-06-30 16:39:18 [booklist] INFO: VALID_ID: 2559251
2023-06-30 16:39:18 [booklist] INFO: VALID_ID: 2561791
2023-06-30 16:39:18 [booklist] INFO: VALID_ID: 2561804
2023-06-30 16:39:18 [booklist] INFO: VALID_ID: 2561813
2023-06-30 16:39:18 [booklist] INFO: VALID_ID: 2561780
2023-06-30 16:39:18 [booklist] INFO: VALID_ID: 2561788
2023-06-30 16:39:18 [booklist] INFO: VALID_ID: 2562190
2023-06-30 16:39:18 [booklist] INFO: VALID_ID: 2562184
2023-06-30 16:39:18 [booklist] INFO: VALID_ID: 2561787
2023-06-30 16:39:18 [booklist] INFO: VALID_ID: 2561795
2023-06-30 16:39:18 [booklist] INFO: VALID_ID: 2561783
2023-06-30 16:39:18 [booklist] INFO: VALID_ID: 2561784
2023-06-30 16:39:18 [booklist] INFO: VALID_ID: 2561785
2023-06-30 16:39:18 [booklist] INFO: VALID_ID: 2561792
2023-06-30 16:39:18 [booklist] INFO: VALID_ID: 2562187
2023-06-30 16:39:18 [booklist] INFO: VALID_ID: 2562189
2023-06-30 16:39:18 [booklist] INFO: VALID_ID: 2559110
2023-06-30 16:39:18 [booklist] INFO: VALID_ID: 2597891
2023-06-30 16:39:18 [booklist] INFO: VALID_ID: 2581215
2023-06-30 16:39:18 [booklist] INFO: VALID_ID: 2573959
2023-06-30 16:39:18 [booklist] INFO: VALID_ID: 2577389
2023-06-30 16:39:18 [booklist] INFO: VALID_ID: 2585948
2023-06-30 16:39:18 [booklist] INFO: VALID_ID: 2576407
2023-06-30 16:39:18 [booklist] INFO: VALID_ID: 2551096
2023-06-30 16:39:18 [booklist] INFO: VALID_ID: 2561790
2023-06-30 16:39:18 [booklist] INFO: VALID_ID: 2561801
2023-06-30 16:39:18 [booklist] INFO: VALID_ID: 2600368
2023-06-30 16:39:18 [booklist] INFO: VALID_ID: 2570756
2023-06-30 16:39:18 [booklist] INFO: VALID_ID: 2596596
2023-06-30 16:39:18 [booklist] INFO: VALID_ID: 2561786
2023-06-30 16:39:18 [booklist] INFO: VALID_ID: 2562178
2023-06-30 16:39:18 [booklist] INFO: VALID_ID: 2590483
2023-06-30 16:39:18 [booklist] INFO: VALID_ID: 2597050
2023-06-30 16:39:18 [booklist] INFO: VALID_ID: 2589882
2023-06-30 16:39:18 [booklist] INFO: VALID_ID: 2562186
2023-06-30 16:39:18 [booklist] INFO: VALID_ID: 2585012
2023-06-30 16:39:18 [booklist] INFO: VALID_ID: 2562185
2023-06-30 16:39:18 [booklist] INFO: VALID_ID: 2573322
2023-06-30 16:39:18 [booklist] INFO: VALID_ID: 2550117
2023-06-30 16:39:18 [booklist] INFO: VALID_ID: 2596910
2023-06-30 16:39:18 [booklist] INFO: VALID_ID: 2570576
2023-06-30 16:39:18 [booklist] INFO: VALID_ID: 2552387
2023-06-30 16:39:18 [booklist] INFO: VALID_ID: 2605429
2023-06-30 16:39:18 [booklist] INFO: VALID_ID: 2558988
2023-06-30 16:39:18 [booklist] INFO: VALID_ID: 2562183
2023-06-30 16:39:18 [booklist] INFO: VALID_ID: 2591219
2023-06-30 16:39:18 [booklist] INFO: VALID_ID: 2605701
2023-06-30 16:39:18 [booklist] INFO: VALID_ID: 2561803
2023-06-30 16:39:18 [booklist] INFO: VALID_ID: 2562179
2023-06-30 16:39:18 [booklist] INFO: VALID_ID: 2562182
2023-06-30 16:39:18 [booklist] INFO: VALID_ID: 2562188
2023-06-30 16:39:18 [booklist] INFO: VALID_ID: 2553553
2023-06-30 16:39:18 [booklist] INFO: VALID_ID: 2559141
2023-06-30 16:39:18 [booklist] INFO: VALID_ID: 2562181
2023-06-30 16:39:18 [booklist] INFO: VALID_ID: 2608186
2023-06-30 16:39:18 [booklist] INFO: VALID_ID: 2589982
2023-06-30 16:39:18 [booklist] INFO: VALID_ID: 2576881
2023-06-30 16:39:18 [booklist] INFO: VALID_ID: 2597150
2023-06-30 16:39:18 [booklist] INFO: VALID_ID: 2561977
2023-06-30 16:39:18 [booklist] INFO: VALID_ID: 2597250
2023-06-30 16:39:18 [booklist] INFO: VALID_ID: 2577489
2023-06-30 16:39:18 [booklist] INFO: VALID_ID: 2562077
2023-06-30 16:39:18 [booklist] INFO: VALID_ID: 2561877
2023-06-30 16:39:18 [booklist] INFO: VALID_ID: 2577589
2023-06-30 16:39:18 [booklist] INFO: VALID_ID: 2590082
2023-06-30 16:39:18 [booklist] INFO: VALID_ID: 2597991
2023-06-30 16:39:18 [booklist] INFO: VALID_ID: 2590282
2023-06-30 16:39:18 [booklist] INFO: VALID_ID: 2572332
2023-06-30 16:39:18 [booklist] INFO: VALID_ID: 2590182
2023-06-30 16:39:19 [scrapy.core.engine] DEBUG: Crawled (200) <POST https://dl.ndl.go.jp/api/item/search> (referer: https://dl.ndl.go.jp/api/item/search)
2023-06-30 16:39:19 [booklist] INFO: Fetched page 2
2023-06-30 16:39:20 [booklist] INFO: VALID_ID: 2559194
2023-06-30 16:39:20 [booklist] INFO: VALID_ID: 2572432
2023-06-30 16:39:20 [booklist] INFO: VALID_ID: 2560286
2023-06-30 16:39:20 [booklist] INFO: VALID_ID: 2561532
2023-06-30 16:39:20 [booklist] INFO: VALID_ID: 2585029
2023-06-30 16:39:20 [booklist] INFO: VALID_ID: 2607874
2023-06-30 16:39:20 [booklist] INFO: VALID_ID: 2560288
2023-06-30 16:39:20 [booklist] INFO: VALID_ID: 2608527
2023-06-30 16:39:20 [booklist] INFO: VALID_ID: 2607211
2023-06-30 16:39:20 [booklist] INFO: VALID_ID: 2538443
2023-06-30 16:39:20 [booklist] INFO: VALID_ID: 2561531
2023-06-30 16:39:20 [booklist] INFO: VALID_ID: 2560287
2023-06-30 16:39:20 [booklist] INFO: VALID_ID: 2551381
2023-06-30 16:39:20 [booklist] INFO: VALID_ID: 2561530
2023-06-30 16:39:20 [booklist] INFO: VALID_ID: 2560241
2023-06-30 16:39:20 [booklist] INFO: VALID_ID: 2560240
2023-06-30 16:39:20 [booklist] INFO: VALID_ID: 2574527
2023-06-30 16:39:20 [booklist] INFO: VALID_ID: 2540121
2023-06-30 16:39:20 [booklist] INFO: VALID_ID: 2580895
2023-06-30 16:39:20 [booklist] INFO: VALID_ID: 2553691
2023-06-30 16:39:20 [booklist] INFO: VALID_ID: 2553641
2023-06-30 16:39:20 [booklist] INFO: VALID_ID: 2572123
2023-06-30 16:39:20 [booklist] INFO: VALID_ID: 2588624
2023-06-30 16:39:20 [booklist] INFO: VALID_ID: 2580896
2023-06-30 16:39:20 [booklist] INFO: VALID_ID: 2571578
2023-06-30 16:39:20 [booklist] INFO: VALID_ID: 2588724
2023-06-30 16:39:20 [booklist] INFO: VALID_ID: 2573075
2023-06-30 16:39:20 [booklist] INFO: VALID_ID: 11446581
2023-06-30 16:39:20 [booklist] INFO: VALID_ID: 2588489
2023-06-30 16:39:20 [booklist] INFO: VALID_ID: 2572223
2023-06-30 16:39:20 [booklist] INFO: VALID_ID: 2550506
2023-06-30 16:39:20 [booklist] INFO: VALID_ID: 2607434
2023-06-30 16:39:20 [booklist] INFO: VALID_ID: 2588925
2023-06-30 16:39:20 [booklist] INFO: VALID_ID: 2571454
2023-06-30 16:39:20 [booklist] INFO: VALID_ID: 2589025
2023-06-30 16:39:20 [booklist] INFO: VALID_ID: 2553889
2023-06-30 16:39:20 [booklist] INFO: VALID_ID: 2587161
2023-06-30 16:39:20 [booklist] INFO: VALID_ID: 2589125
2023-06-30 16:39:20 [booklist] INFO: VALID_ID: 2607135
2023-06-30 16:39:20 [booklist] INFO: VALID_ID: 2589361
2023-06-30 16:39:20 [booklist] INFO: VALID_ID: 2609559
2023-06-30 16:39:20 [booklist] INFO: VALID_ID: 2610304
2023-06-30 16:39:20 [booklist] INFO: VALID_ID: 2611107
2023-06-30 16:39:20 [booklist] INFO: VALID_ID: 2549151
2023-06-30 16:39:20 [booklist] INFO: VALID_ID: 11446481
2023-06-30 16:39:20 [booklist] INFO: VALID_ID: 2607884
2023-06-30 16:39:20 [booklist] INFO: VALID_ID: 11891789
2023-06-30 16:39:20 [booklist] INFO: VALID_ID: 2609818
2023-06-30 16:39:20 [booklist] INFO: VALID_ID: 2607835
2023-06-30 16:39:20 [booklist] INFO: VALID_ID: 2540611
2023-06-30 16:39:20 [booklist] INFO: VALID_ID: 2532862
2023-06-30 16:39:20 [booklist] INFO: VALID_ID: 2607303
2023-06-30 16:39:20 [booklist] INFO: VALID_ID: 2572570
2023-06-30 16:39:20 [booklist] INFO: VALID_ID: 2609581
2023-06-30 16:39:20 [booklist] INFO: VALID_ID: 2609279
2023-06-30 16:39:20 [booklist] INFO: VALID_ID: 2610785
2023-06-30 16:39:20 [booklist] INFO: VALID_ID: 11892720
2023-06-30 16:39:20 [booklist] INFO: VALID_ID: 2572671
2023-06-30 16:39:20 [booklist] INFO: VALID_ID: 2587433
2023-06-30 16:39:20 [booklist] INFO: VALID_ID: 2610288
2023-06-30 16:39:20 [booklist] INFO: VALID_ID: 11892637
2023-06-30 16:39:20 [booklist] INFO: VALID_ID: 2607426
2023-06-30 16:39:20 [booklist] INFO: VALID_ID: 11446659
2023-06-30 16:39:20 [booklist] INFO: VALID_ID: 2608748
2023-06-30 16:39:20 [booklist] INFO: VALID_ID: 2610012
2023-06-30 16:39:20 [booklist] INFO: VALID_ID: 2610707
2023-06-30 16:39:20 [booklist] INFO: VALID_ID: 2611035
2023-06-30 16:39:20 [booklist] INFO: VALID_ID: 12865783
2023-06-30 16:39:20 [booklist] INFO: VALID_ID: 2608247
2023-06-30 16:39:20 [booklist] INFO: VALID_ID: 11223376
2023-06-30 16:39:20 [booklist] INFO: VALID_ID: 12865370
2023-06-30 16:39:20 [booklist] INFO: VALID_ID: 1286461
2023-06-30 16:39:20 [booklist] INFO: VALID_ID: 2608195
2023-06-30 16:39:20 [booklist] INFO: VALID_ID: 1286561
2023-06-30 16:39:20 [booklist] INFO: VALID_ID: 2605758
2023-06-30 16:39:20 [booklist] INFO: VALID_ID: 2551684
2023-06-30 16:39:20 [booklist] INFO: VALID_ID: 2583676
2023-06-30 16:39:20 [booklist] INFO: VALID_ID: 11607798
2023-06-30 16:39:20 [booklist] INFO: VALID_ID: 1288160
2023-06-30 16:39:20 [booklist] INFO: VALID_ID: 1286362
2023-06-30 16:39:20 [booklist] INFO: VALID_ID: 2546434
2023-06-30 16:39:20 [booklist] INFO: VALID_ID: 2609107
2023-06-30 16:39:20 [booklist] INFO: VALID_ID: 2610801
2023-06-30 16:39:20 [booklist] INFO: VALID_ID: 2609783
2023-06-30 16:39:20 [booklist] INFO: VALID_ID: 2610138
2023-06-30 16:39:20 [booklist] INFO: VALID_ID: 2606935
2023-06-30 16:39:20 [booklist] INFO: VALID_ID: 2605321
2023-06-30 16:39:20 [booklist] INFO: VALID_ID: 1286643
2023-06-30 16:39:20 [booklist] INFO: VALID_ID: 2605465
2023-06-30 16:39:20 [scrapy.core.engine] DEBUG: Crawled (200) <POST https://dl.ndl.go.jp/api/item/search> (referer: https://dl.ndl.go.jp/api/item/search)
2023-06-30 16:39:20 [booklist] INFO: Fetched page 3
2023-06-30 16:39:20 [booklist] INFO: No more books on 3
2023-06-30 16:39:20 [scrapy.core.engine] INFO: Closing spider (finished)
2023-06-30 16:39:20 [scrapy.statscollectors] INFO: Dumping Scrapy stats:
{'downloader/request_bytes': 4216,
 'downloader/request_count': 4,
 'downloader/request_method_count/GET': 1,
 'downloader/request_method_count/POST': 3,
 'downloader/response_bytes': 1110559,
 'downloader/response_count': 4,
 'downloader/response_status_count/200': 4,
 'elapsed_time_seconds': 4.252938,
 'finish_reason': 'finished',
 'finish_time': datetime.datetime(2023, 6, 30, 8, 39, 20, 618303),
 'httpcompression/response_bytes': 12671761,
 'httpcompression/response_count': 3,
 'log_count/DEBUG': 7,
 'log_count/INFO': 203,
 'memusage/max': 63852544,
 'memusage/startup': 63852544,
 'request_depth_max': 2,
 'response_received_count': 4,
 'robotstxt/request_count': 1,
 'robotstxt/response_count': 1,
 'robotstxt/response_status_count/200': 1,
 'scheduler/dequeued': 3,
 'scheduler/dequeued/memory': 3,
 'scheduler/enqueued': 3,
 'scheduler/enqueued/memory': 3,
 'start_time': datetime.datetime(2023, 6, 30, 8, 39, 16, 365365)}
2023-06-30 16:39:20 [scrapy.core.engine] INFO: Spider closed (finished)
