2023-06-30 17:04:21 [scrapy.utils.log] INFO: Scrapy 2.9.0 started (bot: ndlcrawler)
2023-06-30 17:04:21 [scrapy.utils.log] INFO: Versions: lxml 4.9.2.0, libxml2 2.9.14, cssselect 1.2.0, parsel 1.8.1, w3lib 2.1.1, Twisted 22.10.0, Python 3.10.10 (main, Mar  5 2023, 22:26:53) [GCC 12.2.1 20230201], pyOpenSSL 23.2.0 (OpenSSL 3.1.1 30 May 2023), cryptography 41.0.1, Platform Linux-6.2.12-arch1-1-x86_64-with-glibc2.37
2023-06-30 17:04:21 [scrapy.crawler] INFO: Overridden settings:
{'BOT_NAME': 'ndlcrawler',
 'FEED_EXPORT_ENCODING': 'utf-8',
 'LOG_FILE': 'logs/booklist.title.問.DESC.log',
 'NEWSPIDER_MODULE': 'ndlcrawler.spiders',
 'REQUEST_FINGERPRINTER_IMPLEMENTATION': '2.7',
 'ROBOTSTXT_OBEY': True,
 'SPIDER_MODULES': ['ndlcrawler.spiders'],
 'TWISTED_REACTOR': 'twisted.internet.asyncioreactor.AsyncioSelectorReactor'}
2023-06-30 17:04:21 [asyncio] DEBUG: Using selector: EpollSelector
2023-06-30 17:04:21 [scrapy.utils.log] DEBUG: Using reactor: twisted.internet.asyncioreactor.AsyncioSelectorReactor
2023-06-30 17:04:21 [scrapy.utils.log] DEBUG: Using asyncio event loop: asyncio.unix_events._UnixSelectorEventLoop
2023-06-30 17:04:21 [scrapy.extensions.telnet] INFO: Telnet Password: 8c84c2d18e8ea077
2023-06-30 17:04:21 [scrapy.middleware] INFO: Enabled extensions:
['scrapy.extensions.corestats.CoreStats',
 'scrapy.extensions.telnet.TelnetConsole',
 'scrapy.extensions.memusage.MemoryUsage',
 'scrapy.extensions.logstats.LogStats']
2023-06-30 17:04:22 [scrapy.middleware] INFO: Enabled downloader middlewares:
['scrapy.downloadermiddlewares.robotstxt.RobotsTxtMiddleware',
 'scrapy.downloadermiddlewares.httpauth.HttpAuthMiddleware',
 'scrapy.downloadermiddlewares.downloadtimeout.DownloadTimeoutMiddleware',
 'scrapy.downloadermiddlewares.defaultheaders.DefaultHeadersMiddleware',
 'scrapy.downloadermiddlewares.useragent.UserAgentMiddleware',
 'scrapy.downloadermiddlewares.retry.RetryMiddleware',
 'scrapy.downloadermiddlewares.redirect.MetaRefreshMiddleware',
 'scrapy.downloadermiddlewares.httpcompression.HttpCompressionMiddleware',
 'scrapy.downloadermiddlewares.redirect.RedirectMiddleware',
 'scrapy.downloadermiddlewares.cookies.CookiesMiddleware',
 'scrapy.downloadermiddlewares.httpproxy.HttpProxyMiddleware',
 'scrapy.downloadermiddlewares.stats.DownloaderStats']
2023-06-30 17:04:22 [scrapy.middleware] INFO: Enabled spider middlewares:
['scrapy.spidermiddlewares.httperror.HttpErrorMiddleware',
 'scrapy.spidermiddlewares.offsite.OffsiteMiddleware',
 'scrapy.spidermiddlewares.referer.RefererMiddleware',
 'scrapy.spidermiddlewares.urllength.UrlLengthMiddleware',
 'scrapy.spidermiddlewares.depth.DepthMiddleware']
2023-06-30 17:04:22 [scrapy.middleware] INFO: Enabled item pipelines:
[]
2023-06-30 17:04:22 [scrapy.core.engine] INFO: Spider opened
2023-06-30 17:04:22 [scrapy.extensions.logstats] INFO: Crawled 0 pages (at 0 pages/min), scraped 0 items (at 0 items/min)
2023-06-30 17:04:22 [scrapy.extensions.telnet] INFO: Telnet console listening on 127.0.0.1:6023
2023-06-30 17:04:22 [scrapy.core.engine] DEBUG: Crawled (200) <GET https://dl.ndl.go.jp/robots.txt> (referer: None)
2023-06-30 17:04:23 [scrapy.core.engine] DEBUG: Crawled (200) <POST https://dl.ndl.go.jp/api/item/search> (referer: None)
2023-06-30 17:04:24 [booklist] INFO: Fetched page 1
2023-06-30 17:04:24 [booklist] INFO: VALID_ID: 2608217
2023-06-30 17:04:24 [booklist] INFO: VALID_ID: 2572018
2023-06-30 17:04:24 [booklist] INFO: VALID_ID: 9892895
2023-06-30 17:04:24 [booklist] INFO: VALID_ID: 2572023
2023-06-30 17:04:24 [booklist] INFO: VALID_ID: 2569959
2023-06-30 17:04:24 [booklist] INFO: VALID_ID: 2569968
2023-06-30 17:04:24 [booklist] INFO: VALID_ID: 2572019
2023-06-30 17:04:24 [booklist] INFO: VALID_ID: 2569958
2023-06-30 17:04:24 [booklist] INFO: VALID_ID: 2569967
2023-06-30 17:04:24 [booklist] INFO: VALID_ID: 3514942
2023-06-30 17:04:24 [booklist] INFO: VALID_ID: 2569965
2023-06-30 17:04:24 [booklist] INFO: VALID_ID: 2569957
2023-06-30 17:04:24 [booklist] INFO: VALID_ID: 2569963
2023-06-30 17:04:24 [booklist] INFO: VALID_ID: 2569962
2023-06-30 17:04:24 [booklist] INFO: VALID_ID: 2569964
2023-06-30 17:04:24 [booklist] INFO: VALID_ID: 2569960
2023-06-30 17:04:24 [booklist] INFO: VALID_ID: 2569966
2023-06-30 17:04:24 [booklist] INFO: VALID_ID: 2607481
2023-06-30 17:04:24 [booklist] INFO: VALID_ID: 2569961
2023-06-30 17:04:24 [booklist] INFO: VALID_ID: 2532207
2023-06-30 17:04:24 [booklist] INFO: VALID_ID: 2532177
2023-06-30 17:04:24 [booklist] INFO: VALID_ID: 10300967
2023-06-30 17:04:24 [booklist] INFO: VALID_ID: 2543258
2023-06-30 17:04:24 [booklist] INFO: VALID_ID: 2533794
2023-06-30 17:04:24 [booklist] INFO: VALID_ID: 11891782
2023-06-30 17:04:24 [booklist] INFO: VALID_ID: 2533633
2023-06-30 17:04:24 [booklist] INFO: VALID_ID: 9892397
2023-06-30 17:04:24 [booklist] INFO: VALID_ID: 2539334
2023-06-30 17:04:24 [booklist] INFO: VALID_ID: 2572024
2023-06-30 17:04:24 [booklist] INFO: VALID_ID: 2533160
2023-06-30 17:04:24 [booklist] INFO: VALID_ID: 2548768
2023-06-30 17:04:24 [booklist] INFO: VALID_ID: 2572025
2023-06-30 17:04:24 [booklist] INFO: VALID_ID: 2556733
2023-06-30 17:04:24 [booklist] INFO: VALID_ID: 2571993
2023-06-30 17:04:24 [booklist] INFO: VALID_ID: 2606519
2023-06-30 17:04:24 [booklist] INFO: VALID_ID: 2571992
2023-06-30 17:04:24 [booklist] INFO: VALID_ID: 2539329
2023-06-30 17:04:24 [booklist] INFO: VALID_ID: 11891844
2023-06-30 17:04:24 [booklist] INFO: VALID_ID: 2539165
2023-06-30 17:04:24 [booklist] INFO: VALID_ID: 2556735
2023-06-30 17:04:24 [booklist] INFO: VALID_ID: 2541860
2023-06-30 17:04:24 [booklist] INFO: VALID_ID: 2548722
2023-06-30 17:04:24 [booklist] INFO: VALID_ID: 2571994
2023-06-30 17:04:24 [booklist] INFO: VALID_ID: 2571995
2023-06-30 17:04:24 [booklist] INFO: VALID_ID: 2548739
2023-06-30 17:04:24 [booklist] INFO: VALID_ID: 2533179
2023-06-30 17:04:24 [booklist] INFO: VALID_ID: 2608825
2023-06-30 17:04:24 [booklist] INFO: VALID_ID: 2548723
2023-06-30 17:04:24 [booklist] INFO: VALID_ID: 2539954
2023-06-30 17:04:24 [booklist] INFO: VALID_ID: 2533187
2023-06-30 17:04:24 [booklist] INFO: VALID_ID: 2548773
2023-06-30 17:04:24 [booklist] INFO: VALID_ID: 2540116
2023-06-30 17:04:24 [booklist] INFO: VALID_ID: 2548724
2023-06-30 17:04:24 [booklist] INFO: VALID_ID: 2547757
2023-06-30 17:04:24 [booklist] INFO: VALID_ID: 10301370
2023-06-30 17:04:24 [booklist] INFO: VALID_ID: 2548725
2023-06-30 17:04:24 [booklist] INFO: VALID_ID: 2533195
2023-06-30 17:04:24 [booklist] INFO: VALID_ID: 2539934
2023-06-30 17:04:24 [booklist] INFO: VALID_ID: 2538080
2023-06-30 17:04:24 [booklist] INFO: VALID_ID: 2559187
2023-06-30 17:04:24 [booklist] INFO: VALID_ID: 2545192
2023-06-30 17:04:24 [booklist] INFO: VALID_ID: 2545193
2023-06-30 17:04:24 [booklist] INFO: VALID_ID: 2534256
2023-06-30 17:04:24 [booklist] INFO: VALID_ID: 2559255
2023-06-30 17:04:24 [booklist] INFO: VALID_ID: 2605817
2023-06-30 17:04:24 [booklist] INFO: VALID_ID: 2543118
2023-06-30 17:04:24 [booklist] INFO: VALID_ID: 2564651
2023-06-30 17:04:24 [booklist] INFO: VALID_ID: 2564653
2023-06-30 17:04:24 [booklist] INFO: VALID_ID: 2538323
2023-06-30 17:04:24 [booklist] INFO: VALID_ID: 2564652
2023-06-30 17:04:24 [booklist] INFO: VALID_ID: 11891757
2023-06-30 17:04:24 [booklist] INFO: VALID_ID: 8929981
2023-06-30 17:04:24 [booklist] INFO: VALID_ID: 2539023
2023-06-30 17:04:24 [booklist] INFO: VALID_ID: 2608768
2023-06-30 17:04:24 [booklist] INFO: VALID_ID: 9892419
2023-06-30 17:04:24 [booklist] INFO: VALID_ID: 2577198
2023-06-30 17:04:24 [booklist] INFO: VALID_ID: 2564654
2023-06-30 17:04:24 [booklist] INFO: VALID_ID: 2541401
2023-06-30 17:04:24 [booklist] INFO: VALID_ID: 2539894
2023-06-30 17:04:24 [booklist] INFO: VALID_ID: 2577212
2023-06-30 17:04:24 [booklist] INFO: VALID_ID: 2608403
2023-06-30 17:04:24 [booklist] INFO: VALID_ID: 2565910
2023-06-30 17:04:24 [booklist] INFO: VALID_ID: 2577201
2023-06-30 17:04:24 [booklist] INFO: VALID_ID: 2577213
2023-06-30 17:04:24 [booklist] INFO: VALID_ID: 2577194
2023-06-30 17:04:24 [booklist] INFO: VALID_ID: 2577006
2023-06-30 17:04:24 [booklist] INFO: VALID_ID: 2541533
2023-06-30 17:04:24 [booklist] INFO: VALID_ID: 2577215
2023-06-30 17:04:24 [booklist] INFO: VALID_ID: 2540352
2023-06-30 17:04:24 [booklist] INFO: VALID_ID: 2577195
2023-06-30 17:04:24 [booklist] INFO: VALID_ID: 2577008
2023-06-30 17:04:24 [booklist] INFO: VALID_ID: 2565912
2023-06-30 17:04:24 [booklist] INFO: VALID_ID: 2577203
2023-06-30 17:04:24 [booklist] INFO: VALID_ID: 2577206
2023-06-30 17:04:24 [booklist] INFO: VALID_ID: 2541541
2023-06-30 17:04:24 [booklist] INFO: VALID_ID: 2577193
2023-06-30 17:04:24 [booklist] INFO: VALID_ID: 2577200
2023-06-30 17:04:24 [booklist] INFO: VALID_ID: 2577209
2023-06-30 17:04:24 [booklist] INFO: VALID_ID: 2577214
2023-06-30 17:04:24 [booklist] INFO: VALID_ID: 2565909
2023-06-30 17:04:25 [scrapy.core.engine] DEBUG: Crawled (200) <POST https://dl.ndl.go.jp/api/item/search> (referer: https://dl.ndl.go.jp/api/item/search)
2023-06-30 17:04:25 [booklist] INFO: Fetched page 2
2023-06-30 17:04:25 [booklist] INFO: VALID_ID: 2535700
2023-06-30 17:04:25 [booklist] INFO: VALID_ID: 2538072
2023-06-30 17:04:25 [booklist] INFO: VALID_ID: 2577204
2023-06-30 17:04:25 [booklist] INFO: VALID_ID: 2539899
2023-06-30 17:04:25 [booklist] INFO: VALID_ID: 2534145
2023-06-30 17:04:25 [booklist] INFO: VALID_ID: 2577211
2023-06-30 17:04:25 [booklist] INFO: VALID_ID: 2565909
2023-06-30 17:04:25 [booklist] INFO: VALID_ID: 2539734
2023-06-30 17:04:25 [booklist] INFO: VALID_ID: 2610381
2023-06-30 17:04:25 [booklist] INFO: VALID_ID: 2577007
2023-06-30 17:04:25 [booklist] INFO: VALID_ID: 2577197
2023-06-30 17:04:25 [booklist] INFO: VALID_ID: 2577208
2023-06-30 17:04:25 [booklist] INFO: VALID_ID: 2577210
2023-06-30 17:04:25 [booklist] INFO: VALID_ID: 2565911
2023-06-30 17:04:25 [booklist] INFO: VALID_ID: 2577205
2023-06-30 17:04:25 [booklist] INFO: VALID_ID: 2577004
2023-06-30 17:04:25 [booklist] INFO: VALID_ID: 2577196
2023-06-30 17:04:25 [booklist] INFO: VALID_ID: 2577207
2023-06-30 17:04:25 [booklist] INFO: VALID_ID: 2610516
2023-06-30 17:04:25 [booklist] INFO: VALID_ID: 2541602
2023-06-30 17:04:25 [booklist] INFO: VALID_ID: 2577194
2023-06-30 17:04:25 [booklist] INFO: VALID_ID: 2541168
2023-06-30 17:04:25 [booklist] INFO: VALID_ID: 2533355
2023-06-30 17:04:25 [booklist] INFO: VALID_ID: 2577202
2023-06-30 17:04:25 [booklist] INFO: VALID_ID: 2577192
2023-06-30 17:04:25 [booklist] INFO: VALID_ID: 2539883
2023-06-30 17:04:25 [booklist] INFO: VALID_ID: 2538034
2023-06-30 17:04:25 [booklist] INFO: VALID_ID: 2540823
2023-06-30 17:04:25 [booklist] INFO: VALID_ID: 2565912
2023-06-30 17:04:25 [booklist] INFO: VALID_ID: 2577203
2023-06-30 17:04:25 [booklist] INFO: VALID_ID: 2577206
2023-06-30 17:04:25 [booklist] INFO: VALID_ID: 2539910
2023-06-30 17:04:25 [booklist] INFO: VALID_ID: 2577005
2023-06-30 17:04:25 [booklist] INFO: VALID_ID: 2537440
2023-06-30 17:04:25 [booklist] INFO: VALID_ID: 2596233
2023-06-30 17:04:25 [booklist] INFO: VALID_ID: 9892680
2023-06-30 17:04:25 [booklist] INFO: VALID_ID: 2542035
2023-06-30 17:04:25 [booklist] INFO: VALID_ID: 2610985
2023-06-30 17:04:25 [booklist] INFO: VALID_ID: 2541390
2023-06-30 17:04:25 [booklist] INFO: VALID_ID: 2536472
2023-06-30 17:04:25 [booklist] INFO: VALID_ID: 2539283
2023-06-30 17:04:25 [booklist] INFO: VALID_ID: 2533204
2023-06-30 17:04:25 [booklist] INFO: VALID_ID: 2541601
2023-06-30 17:04:25 [booklist] INFO: VALID_ID: 2539244
2023-06-30 17:04:25 [booklist] INFO: VALID_ID: 2556734
2023-06-30 17:04:25 [booklist] INFO: VALID_ID: 2537188
2023-06-30 17:04:25 [booklist] INFO: VALID_ID: 2565302
2023-06-30 17:04:25 [booklist] INFO: VALID_ID: 2565275
2023-06-30 17:04:25 [booklist] INFO: VALID_ID: 2565276
2023-06-30 17:04:25 [booklist] INFO: VALID_ID: 2532130
2023-06-30 17:04:25 [booklist] INFO: VALID_ID: 2536300
2023-06-30 17:04:25 [booklist] INFO: VALID_ID: 2608552
2023-06-30 17:04:25 [booklist] INFO: VALID_ID: 2565301
2023-06-30 17:04:25 [booklist] INFO: VALID_ID: 2560637
2023-06-30 17:04:25 [booklist] INFO: VALID_ID: 2575170
2023-06-30 17:04:25 [booklist] INFO: VALID_ID: 2596234
2023-06-30 17:04:25 [booklist] INFO: VALID_ID: 2539264
2023-06-30 17:04:25 [booklist] INFO: VALID_ID: 2536666
2023-06-30 17:04:25 [booklist] INFO: VALID_ID: 2608854
2023-06-30 17:04:25 [booklist] INFO: VALID_ID: 2575166
2023-06-30 17:04:25 [booklist] INFO: VALID_ID: 2575179
2023-06-30 17:04:25 [booklist] INFO: VALID_ID: 2575169
2023-06-30 17:04:25 [booklist] INFO: VALID_ID: 2575175
2023-06-30 17:04:25 [booklist] INFO: VALID_ID: 2560642
2023-06-30 17:04:25 [booklist] INFO: VALID_ID: 2558030
2023-06-30 17:04:25 [booklist] INFO: VALID_ID: 2567375
2023-06-30 17:04:25 [booklist] INFO: VALID_ID: 2575184
2023-06-30 17:04:25 [booklist] INFO: VALID_ID: 2610585
2023-06-30 17:04:25 [booklist] INFO: VALID_ID: 2560638
2023-06-30 17:04:25 [booklist] INFO: VALID_ID: 2575171
2023-06-30 17:04:25 [booklist] INFO: VALID_ID: 2533653
2023-06-30 17:04:25 [booklist] INFO: VALID_ID: 2575167
2023-06-30 17:04:25 [booklist] INFO: VALID_ID: 2552698
2023-06-30 17:04:25 [booklist] INFO: VALID_ID: 2567376
2023-06-30 17:04:25 [booklist] INFO: VALID_ID: 2575174
2023-06-30 17:04:25 [booklist] INFO: VALID_ID: 2606057
2023-06-30 17:04:25 [booklist] INFO: VALID_ID: 2565300
2023-06-30 17:04:25 [booklist] INFO: VALID_ID: 2575168
2023-06-30 17:04:25 [booklist] INFO: VALID_ID: 2558031
2023-06-30 17:04:25 [booklist] INFO: VALID_ID: 2567849
2023-06-30 17:04:25 [booklist] INFO: VALID_ID: 2607860
2023-06-30 17:04:25 [booklist] INFO: VALID_ID: 2575165
2023-06-30 17:04:25 [booklist] INFO: VALID_ID: 2560639
2023-06-30 17:04:25 [booklist] INFO: VALID_ID: 2607447
2023-06-30 17:04:25 [booklist] INFO: VALID_ID: 2567848
2023-06-30 17:04:25 [booklist] INFO: VALID_ID: 2575177
2023-06-30 17:04:25 [booklist] INFO: VALID_ID: 2560641
2023-06-30 17:04:25 [booklist] INFO: VALID_ID: 2575172
2023-06-30 17:04:25 [booklist] INFO: VALID_ID: 2567374
2023-06-30 17:04:25 [booklist] INFO: VALID_ID: 2552697
2023-06-30 17:04:25 [booklist] INFO: VALID_ID: 2575185
2023-06-30 17:04:25 [booklist] INFO: VALID_ID: 11606614
2023-06-30 17:04:25 [booklist] INFO: VALID_ID: 2608595
2023-06-30 17:04:25 [booklist] INFO: VALID_ID: 2539879
2023-06-30 17:04:25 [booklist] INFO: VALID_ID: 2575182
2023-06-30 17:04:25 [booklist] INFO: VALID_ID: 2607559
2023-06-30 17:04:25 [booklist] INFO: VALID_ID: 2532641
2023-06-30 17:04:25 [booklist] INFO: VALID_ID: 2560640
2023-06-30 17:04:25 [booklist] INFO: VALID_ID: 2575183
2023-06-30 17:04:25 [booklist] INFO: VALID_ID: 2565277
2023-06-30 17:04:27 [scrapy.core.engine] DEBUG: Crawled (200) <POST https://dl.ndl.go.jp/api/item/search> (referer: https://dl.ndl.go.jp/api/item/search)
2023-06-30 17:04:27 [booklist] INFO: Fetched page 3
2023-06-30 17:04:27 [booklist] INFO: VALID_ID: 2567374
2023-06-30 17:04:27 [booklist] INFO: VALID_ID: 2552697
2023-06-30 17:04:27 [booklist] INFO: VALID_ID: 2575185
2023-06-30 17:04:27 [booklist] INFO: VALID_ID: 2567848
2023-06-30 17:04:27 [booklist] INFO: VALID_ID: 2607447
2023-06-30 17:04:27 [booklist] INFO: VALID_ID: 2575177
2023-06-30 17:04:27 [booklist] INFO: VALID_ID: 2560435
2023-06-30 17:04:27 [booklist] INFO: VALID_ID: 2575173
2023-06-30 17:04:27 [booklist] INFO: VALID_ID: 2606057
2023-06-30 17:04:27 [booklist] INFO: VALID_ID: 2560436
2023-06-30 17:04:27 [booklist] INFO: VALID_ID: 2575176
2023-06-30 17:04:27 [booklist] INFO: VALID_ID: 2532876
2023-06-30 17:04:27 [booklist] INFO: VALID_ID: 2552696
2023-06-30 17:04:27 [booklist] INFO: VALID_ID: 2540756
2023-06-30 17:04:27 [booklist] INFO: VALID_ID: 2554514
2023-06-30 17:04:27 [booklist] INFO: VALID_ID: 2554513
2023-06-30 17:04:27 [booklist] INFO: VALID_ID: 8929813
2023-06-30 17:04:27 [booklist] INFO: VALID_ID: 2539019
2023-06-30 17:04:27 [booklist] INFO: VALID_ID: 8929651
2023-06-30 17:04:27 [booklist] INFO: VALID_ID: 2565277
2023-06-30 17:04:27 [booklist] INFO: VALID_ID: 2606810
2023-06-30 17:04:27 [booklist] INFO: VALID_ID: 8929975
2023-06-30 17:04:27 [booklist] INFO: VALID_ID: 2553022
2023-06-30 17:04:27 [booklist] INFO: VALID_ID: 2606072
2023-06-30 17:04:27 [booklist] INFO: VALID_ID: 2572021
2023-06-30 17:04:27 [booklist] INFO: VALID_ID: 11445826
2023-06-30 17:04:27 [booklist] INFO: VALID_ID: 9892679
2023-06-30 17:04:27 [booklist] INFO: VALID_ID: 2588248
2023-06-30 17:04:27 [booklist] INFO: VALID_ID: 2610695
2023-06-30 17:04:27 [booklist] INFO: VALID_ID: 2588250
2023-06-30 17:04:27 [booklist] INFO: VALID_ID: 2588254
2023-06-30 17:04:27 [booklist] INFO: VALID_ID: 2588387
2023-06-30 17:04:27 [booklist] INFO: VALID_ID: 2588251
2023-06-30 17:04:27 [booklist] INFO: VALID_ID: 2588255
2023-06-30 17:04:27 [booklist] INFO: VALID_ID: 2537597
2023-06-30 17:04:27 [booklist] INFO: VALID_ID: 2538314
2023-06-30 17:04:27 [booklist] INFO: VALID_ID: 2610198
2023-06-30 17:04:27 [booklist] INFO: VALID_ID: 2588388
2023-06-30 17:04:27 [booklist] INFO: VALID_ID: 2608933
2023-06-30 17:04:27 [booklist] INFO: VALID_ID: 2588253
2023-06-30 17:04:27 [booklist] INFO: VALID_ID: 2559241
2023-06-30 17:04:27 [booklist] INFO: VALID_ID: 2548735
2023-06-30 17:04:27 [booklist] INFO: VALID_ID: 2548732
2023-06-30 17:04:27 [booklist] INFO: VALID_ID: 2537360
2023-06-30 17:04:27 [booklist] INFO: VALID_ID: 2572020
2023-06-30 17:04:27 [booklist] INFO: VALID_ID: 2588249
2023-06-30 17:04:27 [booklist] INFO: VALID_ID: 2588252
2023-06-30 17:04:27 [booklist] INFO: VALID_ID: 2535632
2023-06-30 17:04:27 [booklist] INFO: VALID_ID: 2548758
2023-06-30 17:04:27 [booklist] INFO: VALID_ID: 2548759
2023-06-30 17:04:27 [booklist] INFO: VALID_ID: 2548760
2023-06-30 17:04:27 [booklist] INFO: VALID_ID: 2548754
2023-06-30 17:04:27 [booklist] INFO: VALID_ID: 2548767
2023-06-30 17:04:27 [booklist] INFO: VALID_ID: 2548779
2023-06-30 17:04:27 [booklist] INFO: VALID_ID: 2534144
2023-06-30 17:04:27 [booklist] INFO: VALID_ID: 2548757
2023-06-30 17:04:27 [booklist] INFO: VALID_ID: 2548744
2023-06-30 17:04:27 [booklist] INFO: VALID_ID: 2608801
2023-06-30 17:04:27 [booklist] INFO: VALID_ID: 2548770
2023-06-30 17:04:27 [booklist] INFO: VALID_ID: 2548731
2023-06-30 17:04:27 [booklist] INFO: VALID_ID: 2548746
2023-06-30 17:04:27 [booklist] INFO: VALID_ID: 2548750
2023-06-30 17:04:27 [booklist] INFO: VALID_ID: 2548774
2023-06-30 17:04:27 [booklist] INFO: VALID_ID: 2548745
2023-06-30 17:04:27 [booklist] INFO: VALID_ID: 2548753
2023-06-30 17:04:27 [booklist] INFO: VALID_ID: 2548765
2023-06-30 17:04:27 [booklist] INFO: VALID_ID: 2548763
2023-06-30 17:04:27 [booklist] INFO: VALID_ID: 2548772
2023-06-30 17:04:27 [booklist] INFO: VALID_ID: 9892882
2023-06-30 17:04:27 [booklist] INFO: VALID_ID: 2548743
2023-06-30 17:04:27 [booklist] INFO: VALID_ID: 8929842
2023-06-30 17:04:27 [booklist] INFO: VALID_ID: 2548726
2023-06-30 17:04:27 [booklist] INFO: VALID_ID: 2548730
2023-06-30 17:04:27 [booklist] INFO: VALID_ID: 9892909
2023-06-30 17:04:27 [booklist] INFO: VALID_ID: 2548729
2023-06-30 17:04:27 [booklist] INFO: VALID_ID: 2548736
2023-06-30 17:04:27 [booklist] INFO: VALID_ID: 2548737
2023-06-30 17:04:27 [booklist] INFO: VALID_ID: 2548762
2023-06-30 17:04:27 [booklist] INFO: VALID_ID: 2567935
2023-06-30 17:04:27 [booklist] INFO: VALID_ID: 2548738
2023-06-30 17:04:27 [booklist] INFO: VALID_ID: 2548740
2023-06-30 17:04:27 [booklist] INFO: VALID_ID: 2548747
2023-06-30 17:04:27 [booklist] INFO: VALID_ID: 2548734
2023-06-30 17:04:27 [booklist] INFO: VALID_ID: 2548756
2023-06-30 17:04:27 [booklist] INFO: VALID_ID: 2609282
2023-06-30 17:04:27 [booklist] INFO: VALID_ID: 2555836
2023-06-30 17:04:27 [booklist] INFO: VALID_ID: 2540139
2023-06-30 17:04:27 [booklist] INFO: VALID_ID: 2548751
2023-06-30 17:04:27 [booklist] INFO: VALID_ID: 10301439
2023-06-30 17:04:27 [booklist] INFO: VALID_ID: 2548727
2023-06-30 17:04:27 [booklist] INFO: VALID_ID: 2548764
2023-06-30 17:04:27 [booklist] INFO: VALID_ID: 2567934
2023-06-30 17:04:27 [booklist] INFO: VALID_ID: 2548741
2023-06-30 17:04:27 [booklist] INFO: VALID_ID: 2548752
2023-06-30 17:04:27 [booklist] INFO: VALID_ID: 2548777
2023-06-30 17:04:27 [booklist] INFO: VALID_ID: 11606623
2023-06-30 17:04:27 [booklist] INFO: VALID_ID: 2548742
2023-06-30 17:04:27 [booklist] INFO: VALID_ID: 2548766
2023-06-30 17:04:27 [booklist] INFO: VALID_ID: 2548769
2023-06-30 17:04:27 [booklist] INFO: VALID_ID: 2548775
2023-06-30 17:04:28 [scrapy.core.engine] DEBUG: Crawled (200) <POST https://dl.ndl.go.jp/api/item/search> (referer: https://dl.ndl.go.jp/api/item/search)
2023-06-30 17:04:28 [booklist] INFO: Fetched page 4
2023-06-30 17:04:29 [booklist] INFO: VALID_ID: 2548778
2023-06-30 17:04:29 [booklist] INFO: VALID_ID: 2606142
2023-06-30 17:04:29 [booklist] INFO: VALID_ID: 2548728
2023-06-30 17:04:29 [booklist] INFO: VALID_ID: 2548761
2023-06-30 17:04:29 [booklist] INFO: VALID_ID: 11606623
2023-06-30 17:04:29 [booklist] INFO: VALID_ID: 2548742
2023-06-30 17:04:29 [booklist] INFO: VALID_ID: 2548766
2023-06-30 17:04:29 [booklist] INFO: VALID_ID: 2548769
2023-06-30 17:04:29 [booklist] INFO: VALID_ID: 2548775
2023-06-30 17:04:29 [booklist] INFO: VALID_ID: 2539988
2023-06-30 17:04:29 [booklist] INFO: VALID_ID: 2567933
2023-06-30 17:04:29 [booklist] INFO: VALID_ID: 2548748
2023-06-30 17:04:29 [booklist] INFO: VALID_ID: 2548755
2023-06-30 17:04:29 [booklist] INFO: VALID_ID: 2548776
2023-06-30 17:04:29 [booklist] INFO: VALID_ID: 2606705
2023-06-30 17:04:29 [booklist] INFO: VALID_ID: 2582732
2023-06-30 17:04:29 [booklist] INFO: VALID_ID: 2538007
2023-06-30 17:04:29 [booklist] INFO: VALID_ID: 2538086
2023-06-30 17:04:29 [booklist] INFO: VALID_ID: 2547758
2023-06-30 17:04:29 [booklist] INFO: VALID_ID: 2535964
2023-06-30 17:04:29 [booklist] INFO: VALID_ID: 2582733
2023-06-30 17:04:29 [booklist] INFO: VALID_ID: 2555837
2023-06-30 17:04:29 [booklist] INFO: VALID_ID: 2555835
2023-06-30 17:04:29 [booklist] INFO: VALID_ID: 2608665
2023-06-30 17:04:29 [booklist] INFO: VALID_ID: 2582730
2023-06-30 17:04:29 [booklist] INFO: VALID_ID: 2543371
2023-06-30 17:04:29 [booklist] INFO: VALID_ID: 2582731
2023-06-30 17:04:29 [booklist] INFO: VALID_ID: 2541786
2023-06-30 17:04:29 [booklist] INFO: VALID_ID: 2537474
2023-06-30 17:04:29 [booklist] INFO: VALID_ID: 2582729
2023-06-30 17:04:29 [booklist] INFO: VALID_ID: 9893277
2023-06-30 17:04:29 [booklist] INFO: VALID_ID: 2541654
2023-06-30 17:04:29 [booklist] INFO: VALID_ID: 2608308
2023-06-30 17:04:29 [booklist] INFO: VALID_ID: 2542586
2023-06-30 17:04:29 [booklist] INFO: VALID_ID: 2565157
2023-06-30 17:04:29 [booklist] INFO: VALID_ID: 11223490
2023-06-30 17:04:29 [booklist] INFO: VALID_ID: 2565156
2023-06-30 17:04:29 [booklist] INFO: VALID_ID: 11223152
2023-06-30 17:04:29 [booklist] INFO: VALID_ID: 11223491
2023-06-30 17:04:29 [booklist] INFO: VALID_ID: 11223539
2023-06-30 17:04:29 [booklist] INFO: VALID_ID: 2565158
2023-06-30 17:04:29 [booklist] INFO: VALID_ID: 2582364
2023-06-30 17:04:29 [booklist] INFO: VALID_ID: 2555833
2023-06-30 17:04:29 [booklist] INFO: VALID_ID: 2532179
2023-06-30 17:04:29 [booklist] INFO: VALID_ID: 2555832
2023-06-30 17:04:29 [booklist] INFO: VALID_ID: 2550942
2023-06-30 17:04:29 [booklist] INFO: VALID_ID: 2532450
2023-06-30 17:04:29 [booklist] INFO: VALID_ID: 2539803
2023-06-30 17:04:29 [booklist] INFO: VALID_ID: 2606223
2023-06-30 17:04:29 [booklist] INFO: VALID_ID: 2555831
2023-06-30 17:04:29 [booklist] INFO: VALID_ID: 2555830
2023-06-30 17:04:29 [booklist] INFO: VALID_ID: 2555834
2023-06-30 17:04:29 [booklist] INFO: VALID_ID: 2533198
2023-06-30 17:04:29 [booklist] INFO: VALID_ID: 2538014
2023-06-30 17:04:29 [booklist] INFO: VALID_ID: 1304010
2023-06-30 17:04:29 [booklist] INFO: VALID_ID: 2536459
2023-06-30 17:04:29 [booklist] INFO: VALID_ID: 11891717
2023-06-30 17:04:29 [booklist] INFO: VALID_ID: 2556211
2023-06-30 17:04:29 [booklist] INFO: VALID_ID: 2559985
2023-06-30 17:04:29 [booklist] INFO: VALID_ID: 2550544
2023-06-30 17:04:29 [booklist] INFO: VALID_ID: 2588479
2023-06-30 17:04:29 [booklist] INFO: VALID_ID: 2559984
2023-06-30 17:04:29 [booklist] INFO: VALID_ID: 2556215
2023-06-30 17:04:29 [booklist] INFO: VALID_ID: 2607835
2023-06-30 17:04:29 [booklist] INFO: VALID_ID: 2559983
2023-06-30 17:04:29 [booklist] INFO: VALID_ID: 2608983
2023-06-30 17:04:29 [booklist] INFO: VALID_ID: 2607299
2023-06-30 17:04:29 [booklist] INFO: VALID_ID: 2556214
2023-06-30 17:04:29 [booklist] INFO: VALID_ID: 10303729
2023-06-30 17:04:29 [booklist] INFO: VALID_ID: 2606909
2023-06-30 17:04:29 [booklist] INFO: VALID_ID: 2556213
2023-06-30 17:04:29 [booklist] INFO: VALID_ID: 2556212
2023-06-30 17:04:29 [booklist] INFO: VALID_ID: 2582363
2023-06-30 17:04:29 [booklist] INFO: VALID_ID: 2540188
2023-06-30 17:04:29 [booklist] INFO: VALID_ID: 2559225
2023-06-30 17:04:29 [booklist] INFO: VALID_ID: 2607884
2023-06-30 17:04:29 [booklist] INFO: VALID_ID: 2609342
2023-06-30 17:04:29 [booklist] INFO: VALID_ID: 10303730
2023-06-30 17:04:29 [booklist] INFO: VALID_ID: 2580656
2023-06-30 17:04:29 [booklist] INFO: VALID_ID: 1312110
2023-06-30 17:04:29 [booklist] INFO: VALID_ID: 2581068
2023-06-30 17:04:29 [booklist] INFO: VALID_ID: 11891773
2023-06-30 17:04:29 [booklist] INFO: VALID_ID: 2559130
2023-06-30 17:04:29 [booklist] INFO: VALID_ID: 2595995
2023-06-30 17:04:29 [booklist] INFO: VALID_ID: 2595992
2023-06-30 17:04:29 [booklist] INFO: VALID_ID: 2550546
2023-06-30 17:04:29 [booklist] INFO: VALID_ID: 2595969
2023-06-30 17:04:29 [booklist] INFO: VALID_ID: 2595993
2023-06-30 17:04:29 [booklist] INFO: VALID_ID: 2595966
2023-06-30 17:04:29 [booklist] INFO: VALID_ID: 2595965
2023-06-30 17:04:29 [booklist] INFO: VALID_ID: 2595996
2023-06-30 17:04:29 [booklist] INFO: VALID_ID: 2550552
2023-06-30 17:04:29 [booklist] INFO: VALID_ID: 11891767
2023-06-30 17:04:29 [booklist] INFO: VALID_ID: 2550547
2023-06-30 17:04:29 [booklist] INFO: VALID_ID: 2550551
2023-06-30 17:04:29 [booklist] INFO: VALID_ID: 2545943
2023-06-30 17:04:29 [booklist] INFO: VALID_ID: 11892796
2023-06-30 17:04:29 [booklist] INFO: VALID_ID: 10301256
2023-06-30 17:04:29 [booklist] INFO: VALID_ID: 2595994
2023-06-30 17:04:29 [booklist] INFO: VALID_ID: 1306217
2023-06-30 17:04:30 [scrapy.core.engine] DEBUG: Crawled (200) <POST https://dl.ndl.go.jp/api/item/search> (referer: https://dl.ndl.go.jp/api/item/search)
2023-06-30 17:04:30 [booklist] INFO: Fetched page 5
2023-06-30 17:04:30 [booklist] INFO: VALID_ID: 2549568
2023-06-30 17:04:30 [booklist] INFO: VALID_ID: 2550546
2023-06-30 17:04:30 [booklist] INFO: VALID_ID: 2595967
2023-06-30 17:04:30 [booklist] INFO: VALID_ID: 2595968
2023-06-30 17:04:30 [booklist] INFO: VALID_ID: 2595990
2023-06-30 17:04:30 [booklist] INFO: VALID_ID: 2550550
2023-06-30 17:04:30 [booklist] INFO: VALID_ID: 2549567
2023-06-30 17:04:30 [booklist] INFO: VALID_ID: 2550545
2023-06-30 17:04:30 [booklist] INFO: VALID_ID: 2549565
2023-06-30 17:04:30 [booklist] INFO: VALID_ID: 2572705
2023-06-30 17:04:30 [booklist] INFO: VALID_ID: 2580656
2023-06-30 17:04:30 [booklist] INFO: VALID_ID: 2545944
2023-06-30 17:04:30 [booklist] INFO: VALID_ID: 2533630
2023-06-30 17:04:30 [booklist] INFO: VALID_ID: 2549566
2023-06-30 17:04:30 [booklist] INFO: VALID_ID: 2550548
2023-06-30 17:04:30 [booklist] INFO: VALID_ID: 2582367
2023-06-30 17:04:30 [booklist] INFO: VALID_ID: 2550549
2023-06-30 17:04:30 [booklist] INFO: VALID_ID: 2533117
2023-06-30 17:04:30 [booklist] INFO: VALID_ID: 2582365
2023-06-30 17:04:30 [booklist] INFO: VALID_ID: 1306453
2023-06-30 17:04:30 [booklist] INFO: VALID_ID: 10301262
2023-06-30 17:04:30 [booklist] INFO: VALID_ID: 2581795
2023-06-30 17:04:30 [booklist] INFO: VALID_ID: 1306523
2023-06-30 17:04:30 [booklist] INFO: VALID_ID: 11892811
2023-06-30 17:04:30 [booklist] INFO: VALID_ID: 2540295
2023-06-30 17:04:30 [booklist] INFO: VALID_ID: 2585422
2023-06-30 17:04:30 [booklist] INFO: VALID_ID: 2582366
2023-06-30 17:04:30 [booklist] INFO: VALID_ID: 11892796
2023-06-30 17:04:30 [booklist] INFO: VALID_ID: 10301256
2023-06-30 17:04:30 [booklist] INFO: VALID_ID: 2538101
2023-06-30 17:04:30 [booklist] INFO: VALID_ID: 11891810
2023-06-30 17:04:30 [booklist] INFO: VALID_ID: 2595970
2023-06-30 17:04:30 [booklist] INFO: VALID_ID: 2595991
2023-06-30 17:04:30 [booklist] INFO: VALID_ID: 11891718
2023-06-30 17:04:30 [booklist] INFO: VALID_ID: 2598861
2023-06-30 17:04:30 [booklist] INFO: VALID_ID: 11606611
2023-06-30 17:04:30 [booklist] INFO: VALID_ID: 11891842
2023-06-30 17:04:30 [booklist] INFO: VALID_ID: 10301578
2023-06-30 17:04:30 [booklist] INFO: VALID_ID: 2544013
2023-06-30 17:04:30 [booklist] INFO: VALID_ID: 2577760
2023-06-30 17:04:30 [booklist] INFO: VALID_ID: 2577759
2023-06-30 17:04:30 [booklist] INFO: VALID_ID: 2611048
2023-06-30 17:04:30 [booklist] INFO: VALID_ID: 10301300
2023-06-30 17:04:30 [booklist] INFO: VALID_ID: 2533296
2023-06-30 17:04:30 [booklist] INFO: VALID_ID: 2582368
2023-06-30 17:04:30 [booklist] INFO: VALID_ID: 2538888
2023-06-30 17:04:30 [booklist] INFO: VALID_ID: 11891851
2023-06-30 17:04:30 [booklist] INFO: VALID_ID: 2539720
2023-06-30 17:04:30 [booklist] INFO: VALID_ID: 2581793
2023-06-30 17:04:30 [booklist] INFO: VALID_ID: 2581794
2023-06-30 17:04:30 [booklist] INFO: VALID_ID: 2533397
2023-06-30 17:04:30 [booklist] INFO: VALID_ID: 2581792
2023-06-30 17:04:30 [booklist] INFO: VALID_ID: 2585215
2023-06-30 17:04:30 [booklist] INFO: VALID_ID: 2585309
2023-06-30 17:04:30 [booklist] INFO: VALID_ID: 2581796
2023-06-30 17:04:30 [booklist] INFO: VALID_ID: 2581797
2023-06-30 17:04:30 [booklist] INFO: VALID_ID: 11892623
2023-06-30 17:04:30 [booklist] INFO: VALID_ID: 2585255
2023-06-30 17:04:30 [booklist] INFO: VALID_ID: 2581798
2023-06-30 17:04:30 [booklist] INFO: VALID_ID: 11892625
2023-06-30 17:04:30 [booklist] INFO: VALID_ID: 2585358
2023-06-30 17:04:30 [booklist] INFO: VALID_ID: 11892624
2023-06-30 17:04:30 [booklist] INFO: VALID_ID: 10303969
2023-06-30 17:04:30 [booklist] INFO: VALID_ID: 2533632
2023-06-30 17:04:30 [booklist] INFO: VALID_ID: 2533163
2023-06-30 17:04:30 [booklist] INFO: VALID_ID: 2585179
2023-06-30 17:04:30 [booklist] INFO: VALID_ID: 2581016
2023-06-30 17:04:30 [booklist] INFO: VALID_ID: 10301414
2023-06-30 17:04:30 [booklist] INFO: VALID_ID: 2548562
2023-06-30 17:04:30 [booklist] INFO: VALID_ID: 2582392
2023-06-30 17:04:30 [booklist] INFO: VALID_ID: 2585403
2023-06-30 17:04:30 [booklist] INFO: VALID_ID: 2585228
2023-06-30 17:04:30 [booklist] INFO: VALID_ID: 11891714
2023-06-30 17:04:30 [booklist] INFO: VALID_ID: 10301610
2023-06-30 17:04:30 [booklist] INFO: VALID_ID: 10301564
2023-06-30 17:04:30 [booklist] INFO: VALID_ID: 11892571
2023-06-30 17:04:30 [booklist] INFO: VALID_ID: 2585191
2023-06-30 17:04:30 [booklist] INFO: VALID_ID: 2585200
2023-06-30 17:04:30 [booklist] INFO: VALID_ID: 2585483
2023-06-30 17:04:30 [booklist] INFO: VALID_ID: 2585280
2023-06-30 17:04:30 [booklist] INFO: VALID_ID: 2581799
2023-06-30 17:04:30 [booklist] INFO: VALID_ID: 10303441
2023-06-30 17:04:30 [booklist] INFO: VALID_ID: 10301168
2023-06-30 17:04:30 [booklist] INFO: VALID_ID: 2581038
2023-06-30 17:04:30 [booklist] INFO: VALID_ID: 2593508
2023-06-30 17:04:30 [booklist] INFO: VALID_ID: 10301295
2023-06-30 17:04:30 [booklist] INFO: VALID_ID: 2585667
2023-06-30 17:04:30 [booklist] INFO: VALID_ID: 2606280
2023-06-30 17:04:30 [booklist] INFO: VALID_ID: 2585285
2023-06-30 17:04:30 [booklist] INFO: VALID_ID: 2553348
2023-06-30 17:04:30 [booklist] INFO: VALID_ID: 2609423
2023-06-30 17:04:30 [booklist] INFO: VALID_ID: 2587550
2023-06-30 17:04:30 [booklist] INFO: VALID_ID: 10301285
2023-06-30 17:04:30 [booklist] INFO: VALID_ID: 10301244
2023-06-30 17:04:30 [booklist] INFO: VALID_ID: 2585252
2023-06-30 17:04:30 [booklist] INFO: VALID_ID: 2585219
2023-06-30 17:04:30 [booklist] INFO: VALID_ID: 2551915
2023-06-30 17:04:30 [booklist] INFO: VALID_ID: 2539709
2023-06-30 17:04:30 [booklist] INFO: VALID_ID: 2559184
2023-06-30 17:04:30 [booklist] INFO: VALID_ID: 2559179
2023-06-30 17:04:31 [scrapy.core.engine] DEBUG: Crawled (200) <POST https://dl.ndl.go.jp/api/item/search> (referer: https://dl.ndl.go.jp/api/item/search)
2023-06-30 17:04:32 [booklist] INFO: Fetched page 6
2023-06-30 17:04:32 [booklist] INFO: VALID_ID: 2559186
2023-06-30 17:04:32 [booklist] INFO: VALID_ID: 2585574
2023-06-30 17:04:32 [booklist] INFO: VALID_ID: 2559188
2023-06-30 17:04:32 [booklist] INFO: VALID_ID: 2559178
2023-06-30 17:04:32 [booklist] INFO: VALID_ID: 10303562
2023-06-30 17:04:32 [booklist] INFO: VALID_ID: 10301263
2023-06-30 17:04:32 [booklist] INFO: VALID_ID: 2585367
2023-06-30 17:04:32 [booklist] INFO: VALID_ID: 2559179
2023-06-30 17:04:32 [booklist] INFO: VALID_ID: 2585275
2023-06-30 17:04:32 [booklist] INFO: VALID_ID: 2559183
2023-06-30 17:04:32 [booklist] INFO: VALID_ID: 10301684
2023-06-30 17:04:32 [booklist] INFO: VALID_ID: 2559182
2023-06-30 17:04:32 [booklist] INFO: VALID_ID: 2559185
2023-06-30 17:04:32 [booklist] INFO: VALID_ID: 2588478
2023-06-30 17:04:32 [booklist] INFO: VALID_ID: 10303991
2023-06-30 17:04:32 [booklist] INFO: VALID_ID: 2559181
2023-06-30 17:04:32 [booklist] INFO: VALID_ID: 2581031
2023-06-30 17:04:32 [booklist] INFO: VALID_ID: 2585294
2023-06-30 17:04:32 [booklist] INFO: VALID_ID: 10301557
2023-06-30 17:04:32 [booklist] INFO: VALID_ID: 2585198
2023-06-30 17:04:32 [booklist] INFO: VALID_ID: 10303977
2023-06-30 17:04:32 [booklist] INFO: VALID_ID: 2559249
2023-06-30 17:04:32 [booklist] INFO: VALID_ID: 2559242
2023-06-30 17:04:32 [booklist] INFO: VALID_ID: 2559247
2023-06-30 17:04:32 [booklist] INFO: VALID_ID: 2559251
2023-06-30 17:04:32 [booklist] INFO: VALID_ID: 2559243
2023-06-30 17:04:32 [booklist] INFO: VALID_ID: 2559246
2023-06-30 17:04:32 [booklist] INFO: VALID_ID: 2559252
2023-06-30 17:04:32 [booklist] INFO: VALID_ID: 2559244
2023-06-30 17:04:32 [booklist] INFO: VALID_ID: 2559248
2023-06-30 17:04:32 [booklist] INFO: VALID_ID: 2559250
2023-06-30 17:04:32 [booklist] INFO: VALID_ID: 2559254
2023-06-30 17:04:32 [booklist] INFO: VALID_ID: 2610270
2023-06-30 17:04:32 [booklist] INFO: VALID_ID: 2559245
2023-06-30 17:04:32 [booklist] INFO: VALID_ID: 2559253
2023-06-30 17:04:32 [booklist] INFO: VALID_ID: 2606846
2023-06-30 17:04:32 [booklist] INFO: VALID_ID: 2610368
2023-06-30 17:04:32 [booklist] INFO: VALID_ID: 10301542
2023-06-30 17:04:32 [booklist] INFO: VALID_ID: 1288527
2023-06-30 17:04:32 [booklist] INFO: VALID_ID: 2543460
2023-06-30 17:04:32 [booklist] INFO: VALID_ID: 10954754
2023-06-30 17:04:32 [booklist] INFO: VALID_ID: 2609432
2023-06-30 17:04:32 [booklist] INFO: VALID_ID: 2610124
2023-06-30 17:04:32 [booklist] INFO: VALID_ID: 2572689
2023-06-30 17:04:32 [booklist] INFO: VALID_ID: 2610790
2023-06-30 17:04:32 [booklist] INFO: VALID_ID: 2609800
2023-06-30 17:04:32 [booklist] INFO: VALID_ID: 2608047
2023-06-30 17:04:32 [booklist] INFO: VALID_ID: 10301340
2023-06-30 17:04:32 [booklist] INFO: VALID_ID: 2608598
2023-06-30 17:04:32 [booklist] INFO: VALID_ID: 2605546
2023-06-30 17:04:32 [booklist] INFO: VALID_ID: 2547745
2023-06-30 17:04:32 [booklist] INFO: VALID_ID: 2605243
2023-06-30 17:04:32 [booklist] INFO: VALID_ID: 10301500
2023-06-30 17:04:32 [booklist] INFO: VALID_ID: 2609321
2023-06-30 17:04:32 [booklist] INFO: VALID_ID: 2611073
2023-06-30 17:04:32 [booklist] INFO: VALID_ID: 2606073
2023-06-30 17:04:32 [booklist] INFO: VALID_ID: 10301535
2023-06-30 17:04:32 [booklist] INFO: VALID_ID: 2610596
2023-06-30 17:04:32 [booklist] INFO: VALID_ID: 2609861
2023-06-30 17:04:32 [booklist] INFO: VALID_ID: 2559128
2023-06-30 17:04:32 [booklist] INFO: VALID_ID: 2559121
2023-06-30 17:04:32 [booklist] INFO: VALID_ID: 2559126
2023-06-30 17:04:32 [booklist] INFO: VALID_ID: 2559117
2023-06-30 17:04:32 [booklist] INFO: VALID_ID: 2559129
2023-06-30 17:04:32 [booklist] INFO: VALID_ID: 2611035
2023-06-30 17:04:32 [booklist] INFO: VALID_ID: 2559124
2023-06-30 17:04:32 [booklist] INFO: VALID_ID: 2559118
2023-06-30 17:04:32 [booklist] INFO: VALID_ID: 2559131
2023-06-30 17:04:32 [booklist] INFO: VALID_ID: 2559119
2023-06-30 17:04:32 [booklist] INFO: VALID_ID: 2559125
2023-06-30 17:04:32 [booklist] INFO: VALID_ID: 2559127
2023-06-30 17:04:32 [booklist] INFO: VALID_ID: 2559132
2023-06-30 17:04:32 [booklist] INFO: VALID_ID: 2559120
2023-06-30 17:04:32 [booklist] INFO: VALID_ID: 2559122
2023-06-30 17:04:32 [booklist] INFO: VALID_ID: 2559123
2023-06-30 17:04:32 [booklist] INFO: VALID_ID: 2606130
2023-06-30 17:04:32 [booklist] INFO: VALID_ID: 2559220
2023-06-30 17:04:32 [booklist] INFO: VALID_ID: 2609516
2023-06-30 17:04:32 [booklist] INFO: VALID_ID: 2559222
2023-06-30 17:04:32 [booklist] INFO: VALID_ID: 2559226
2023-06-30 17:04:32 [booklist] INFO: VALID_ID: 2559219
2023-06-30 17:04:32 [booklist] INFO: VALID_ID: 2559224
2023-06-30 17:04:32 [booklist] INFO: VALID_ID: 2559231
2023-06-30 17:04:32 [booklist] INFO: VALID_ID: 2559227
2023-06-30 17:04:32 [booklist] INFO: VALID_ID: 2559228
2023-06-30 17:04:32 [booklist] INFO: VALID_ID: 2559230
2023-06-30 17:04:32 [booklist] INFO: VALID_ID: 2559229
2023-06-30 17:04:32 [booklist] INFO: VALID_ID: 2559221
2023-06-30 17:04:32 [booklist] INFO: VALID_ID: 2559223
2023-06-30 17:04:32 [booklist] INFO: VALID_ID: 2610537
2023-06-30 17:04:32 [booklist] INFO: VALID_ID: 2585162
2023-06-30 17:04:32 [booklist] INFO: VALID_ID: 12865370
2023-06-30 17:04:32 [booklist] INFO: VALID_ID: 9369953
2023-06-30 17:04:32 [booklist] INFO: VALID_ID: 2610012
2023-06-30 17:04:32 [booklist] INFO: VALID_ID: 2609783
2023-06-30 17:04:33 [scrapy.core.engine] DEBUG: Crawled (200) <POST https://dl.ndl.go.jp/api/item/search> (referer: https://dl.ndl.go.jp/api/item/search)
2023-06-30 17:04:33 [booklist] INFO: Fetched page 7
2023-06-30 17:04:33 [booklist] INFO: No more books on 7
2023-06-30 17:04:33 [scrapy.core.engine] INFO: Closing spider (finished)
2023-06-30 17:04:33 [scrapy.statscollectors] INFO: Dumping Scrapy stats:
{'downloader/request_bytes': 9632,
 'downloader/request_count': 8,
 'downloader/request_method_count/GET': 1,
 'downloader/request_method_count/POST': 7,
 'downloader/response_bytes': 3254996,
 'downloader/response_count': 8,
 'downloader/response_status_count/200': 8,
 'elapsed_time_seconds': 10.74639,
 'finish_reason': 'finished',
 'finish_time': datetime.datetime(2023, 6, 30, 9, 4, 33, 126774),
 'httpcompression/response_bytes': 38137458,
 'httpcompression/response_count': 7,
 'log_count/DEBUG': 11,
 'log_count/INFO': 613,
 'memusage/max': 63848448,
 'memusage/startup': 63848448,
 'request_depth_max': 6,
 'response_received_count': 8,
 'robotstxt/request_count': 1,
 'robotstxt/response_count': 1,
 'robotstxt/response_status_count/200': 1,
 'scheduler/dequeued': 7,
 'scheduler/dequeued/memory': 7,
 'scheduler/enqueued': 7,
 'scheduler/enqueued/memory': 7,
 'start_time': datetime.datetime(2023, 6, 30, 9, 4, 22, 380384)}
2023-06-30 17:04:33 [scrapy.core.engine] INFO: Spider closed (finished)
