2023-06-30 18:00:02 [scrapy.utils.log] INFO: Scrapy 2.9.0 started (bot: ndlcrawler)
2023-06-30 18:00:02 [scrapy.utils.log] INFO: Versions: lxml 4.9.2.0, libxml2 2.9.14, cssselect 1.2.0, parsel 1.8.1, w3lib 2.1.1, Twisted 22.10.0, Python 3.10.10 (main, Mar  5 2023, 22:26:53) [GCC 12.2.1 20230201], pyOpenSSL 23.2.0 (OpenSSL 3.1.1 30 May 2023), cryptography 41.0.1, Platform Linux-6.2.12-arch1-1-x86_64-with-glibc2.37
2023-06-30 18:00:02 [scrapy.crawler] INFO: Overridden settings:
{'BOT_NAME': 'ndlcrawler',
 'FEED_EXPORT_ENCODING': 'utf-8',
 'LOG_FILE': 'logs/booklist.title.青.DESC.log',
 'NEWSPIDER_MODULE': 'ndlcrawler.spiders',
 'REQUEST_FINGERPRINTER_IMPLEMENTATION': '2.7',
 'ROBOTSTXT_OBEY': True,
 'SPIDER_MODULES': ['ndlcrawler.spiders'],
 'TWISTED_REACTOR': 'twisted.internet.asyncioreactor.AsyncioSelectorReactor'}
2023-06-30 18:00:02 [asyncio] DEBUG: Using selector: EpollSelector
2023-06-30 18:00:02 [scrapy.utils.log] DEBUG: Using reactor: twisted.internet.asyncioreactor.AsyncioSelectorReactor
2023-06-30 18:00:02 [scrapy.utils.log] DEBUG: Using asyncio event loop: asyncio.unix_events._UnixSelectorEventLoop
2023-06-30 18:00:02 [scrapy.extensions.telnet] INFO: Telnet Password: 91198326ff737ae4
2023-06-30 18:00:02 [scrapy.middleware] INFO: Enabled extensions:
['scrapy.extensions.corestats.CoreStats',
 'scrapy.extensions.telnet.TelnetConsole',
 'scrapy.extensions.memusage.MemoryUsage',
 'scrapy.extensions.logstats.LogStats']
2023-06-30 18:00:02 [scrapy.middleware] INFO: Enabled downloader middlewares:
['scrapy.downloadermiddlewares.robotstxt.RobotsTxtMiddleware',
 'scrapy.downloadermiddlewares.httpauth.HttpAuthMiddleware',
 'scrapy.downloadermiddlewares.downloadtimeout.DownloadTimeoutMiddleware',
 'scrapy.downloadermiddlewares.defaultheaders.DefaultHeadersMiddleware',
 'scrapy.downloadermiddlewares.useragent.UserAgentMiddleware',
 'scrapy.downloadermiddlewares.retry.RetryMiddleware',
 'scrapy.downloadermiddlewares.redirect.MetaRefreshMiddleware',
 'scrapy.downloadermiddlewares.httpcompression.HttpCompressionMiddleware',
 'scrapy.downloadermiddlewares.redirect.RedirectMiddleware',
 'scrapy.downloadermiddlewares.cookies.CookiesMiddleware',
 'scrapy.downloadermiddlewares.httpproxy.HttpProxyMiddleware',
 'scrapy.downloadermiddlewares.stats.DownloaderStats']
2023-06-30 18:00:02 [scrapy.middleware] INFO: Enabled spider middlewares:
['scrapy.spidermiddlewares.httperror.HttpErrorMiddleware',
 'scrapy.spidermiddlewares.offsite.OffsiteMiddleware',
 'scrapy.spidermiddlewares.referer.RefererMiddleware',
 'scrapy.spidermiddlewares.urllength.UrlLengthMiddleware',
 'scrapy.spidermiddlewares.depth.DepthMiddleware']
2023-06-30 18:00:02 [scrapy.middleware] INFO: Enabled item pipelines:
[]
2023-06-30 18:00:02 [scrapy.core.engine] INFO: Spider opened
2023-06-30 18:00:02 [scrapy.extensions.logstats] INFO: Crawled 0 pages (at 0 pages/min), scraped 0 items (at 0 items/min)
2023-06-30 18:00:02 [scrapy.extensions.telnet] INFO: Telnet console listening on 127.0.0.1:6025
2023-06-30 18:00:03 [scrapy.core.engine] DEBUG: Crawled (200) <GET https://dl.ndl.go.jp/robots.txt> (referer: None)
2023-06-30 18:00:03 [scrapy.core.engine] DEBUG: Crawled (200) <POST https://dl.ndl.go.jp/api/item/search> (referer: None)
2023-06-30 18:00:03 [booklist] INFO: Fetched page 1
2023-06-30 18:00:04 [booklist] INFO: VALID_ID: 2570730
2023-06-30 18:00:04 [booklist] INFO: VALID_ID: 2570758
2023-06-30 18:00:04 [booklist] INFO: VALID_ID: 2570787
2023-06-30 18:00:04 [booklist] INFO: VALID_ID: 2570742
2023-06-30 18:00:04 [booklist] INFO: VALID_ID: 2570688
2023-06-30 18:00:04 [booklist] INFO: VALID_ID: 2570736
2023-06-30 18:00:04 [booklist] INFO: VALID_ID: 2570769
2023-06-30 18:00:04 [booklist] INFO: VALID_ID: 2570681
2023-06-30 18:00:04 [booklist] INFO: VALID_ID: 2570738
2023-06-30 18:00:04 [booklist] INFO: VALID_ID: 2570775
2023-06-30 18:00:04 [booklist] INFO: VALID_ID: 2570691
2023-06-30 18:00:04 [booklist] INFO: VALID_ID: 2570705
2023-06-30 18:00:04 [booklist] INFO: VALID_ID: 2570726
2023-06-30 18:00:04 [booklist] INFO: VALID_ID: 2570740
2023-06-30 18:00:04 [booklist] INFO: VALID_ID: 2570781
2023-06-30 18:00:04 [booklist] INFO: VALID_ID: 2570668
2023-06-30 18:00:04 [booklist] INFO: VALID_ID: 2570677
2023-06-30 18:00:04 [booklist] INFO: VALID_ID: 2570715
2023-06-30 18:00:04 [booklist] INFO: VALID_ID: 2570724
2023-06-30 18:00:04 [booklist] INFO: VALID_ID: 2570735
2023-06-30 18:00:04 [booklist] INFO: VALID_ID: 2570729
2023-06-30 18:00:04 [booklist] INFO: VALID_ID: 2570784
2023-06-30 18:00:04 [booklist] INFO: VALID_ID: 2570685
2023-06-30 18:00:04 [booklist] INFO: VALID_ID: 2570744
2023-06-30 18:00:04 [booklist] INFO: VALID_ID: 2570757
2023-06-30 18:00:04 [booklist] INFO: VALID_ID: 2570760
2023-06-30 18:00:04 [booklist] INFO: VALID_ID: 2570779
2023-06-30 18:00:04 [booklist] INFO: VALID_ID: 2570786
2023-06-30 18:00:04 [booklist] INFO: VALID_ID: 2570697
2023-06-30 18:00:04 [booklist] INFO: VALID_ID: 2570706
2023-06-30 18:00:04 [booklist] INFO: VALID_ID: 2570712
2023-06-30 18:00:04 [booklist] INFO: VALID_ID: 2570741
2023-06-30 18:00:04 [booklist] INFO: VALID_ID: 2570754
2023-06-30 18:00:04 [booklist] INFO: VALID_ID: 2570770
2023-06-30 18:00:04 [booklist] INFO: VALID_ID: 2570663
2023-06-30 18:00:04 [booklist] INFO: VALID_ID: 2570669
2023-06-30 18:00:04 [booklist] INFO: VALID_ID: 2570683
2023-06-30 18:00:04 [booklist] INFO: VALID_ID: 2570665
2023-06-30 18:00:04 [booklist] INFO: VALID_ID: 2570699
2023-06-30 18:00:04 [booklist] INFO: VALID_ID: 2570720
2023-06-30 18:00:04 [booklist] INFO: VALID_ID: 2570763
2023-06-30 18:00:04 [booklist] INFO: VALID_ID: 2570765
2023-06-30 18:00:04 [booklist] INFO: VALID_ID: 2570773
2023-06-30 18:00:04 [booklist] INFO: VALID_ID: 2570671
2023-06-30 18:00:04 [booklist] INFO: VALID_ID: 2570686
2023-06-30 18:00:04 [booklist] INFO: VALID_ID: 2570701
2023-06-30 18:00:04 [booklist] INFO: VALID_ID: 2570722
2023-06-30 18:00:04 [booklist] INFO: VALID_ID: 2570660
2023-06-30 18:00:04 [booklist] INFO: VALID_ID: 2570664
2023-06-30 18:00:04 [booklist] INFO: VALID_ID: 2570670
2023-06-30 18:00:04 [booklist] INFO: VALID_ID: 2570767
2023-06-30 18:00:04 [booklist] INFO: VALID_ID: 2570778
2023-06-30 18:00:04 [booklist] INFO: VALID_ID: 2542243
2023-06-30 18:00:04 [booklist] INFO: VALID_ID: 2570662
2023-06-30 18:00:04 [booklist] INFO: VALID_ID: 1288429
2023-06-30 18:00:04 [booklist] INFO: VALID_ID: 2570716
2023-06-30 18:00:04 [booklist] INFO: VALID_ID: 2570731
2023-06-30 18:00:04 [booklist] INFO: VALID_ID: 2570771
2023-06-30 18:00:04 [booklist] INFO: VALID_ID: 2570776
2023-06-30 18:00:04 [booklist] INFO: VALID_ID: 9893310
2023-06-30 18:00:04 [booklist] INFO: VALID_ID: 2534159
2023-06-30 18:00:04 [booklist] INFO: VALID_ID: 9892558
2023-06-30 18:00:04 [booklist] INFO: VALID_ID: 1287261
2023-06-30 18:00:04 [booklist] INFO: VALID_ID: 9893118
2023-06-30 18:00:04 [booklist] INFO: VALID_ID: 1286653
2023-06-30 18:00:04 [booklist] INFO: VALID_ID: 1286667
2023-06-30 18:00:04 [booklist] INFO: VALID_ID: 2538511
2023-06-30 18:00:04 [booklist] INFO: VALID_ID: 2536484
2023-06-30 18:00:04 [booklist] INFO: VALID_ID: 2532960
2023-06-30 18:00:04 [booklist] INFO: VALID_ID: 2541338
2023-06-30 18:00:04 [booklist] INFO: VALID_ID: 2535708
2023-06-30 18:00:04 [booklist] INFO: VALID_ID: 2534164
2023-06-30 18:00:04 [booklist] INFO: VALID_ID: 1286779
2023-06-30 18:00:04 [booklist] INFO: VALID_ID: 2542858
2023-06-30 18:00:04 [booklist] INFO: VALID_ID: 1286778
2023-06-30 18:00:04 [booklist] INFO: VALID_ID: 2537017
2023-06-30 18:00:04 [booklist] INFO: VALID_ID: 1286776
2023-06-30 18:00:04 [booklist] INFO: VALID_ID: 2536794
2023-06-30 18:00:04 [booklist] INFO: VALID_ID: 8929590
2023-06-30 18:00:04 [booklist] INFO: VALID_ID: 1286780
2023-06-30 18:00:04 [booklist] INFO: VALID_ID: 1288444
2023-06-30 18:00:04 [booklist] INFO: VALID_ID: 2538510
2023-06-30 18:00:04 [booklist] INFO: VALID_ID: 2539870
2023-06-30 18:00:04 [booklist] INFO: VALID_ID: 2590990
2023-06-30 18:00:04 [booklist] INFO: VALID_ID: 1302396
2023-06-30 18:00:04 [booklist] INFO: VALID_ID: 2534162
2023-06-30 18:00:04 [booklist] INFO: VALID_ID: 2590991
2023-06-30 18:00:04 [booklist] INFO: VALID_ID: 2543094
2023-06-30 18:00:04 [booklist] INFO: VALID_ID: 1308914
2023-06-30 18:00:04 [booklist] INFO: VALID_ID: 1311538
2023-06-30 18:00:04 [booklist] INFO: VALID_ID: 2537485
2023-06-30 18:00:04 [booklist] INFO: VALID_ID: 2545780
2023-06-30 18:00:04 [booklist] INFO: VALID_ID: 1286777
2023-06-30 18:00:04 [booklist] INFO: VALID_ID: 2590986
2023-06-30 18:00:04 [booklist] INFO: VALID_ID: 2590983
2023-06-30 18:00:04 [booklist] INFO: VALID_ID: 2537540
2023-06-30 18:00:04 [booklist] INFO: VALID_ID: 2590987
2023-06-30 18:00:04 [booklist] INFO: VALID_ID: 2609903
2023-06-30 18:00:04 [booklist] INFO: VALID_ID: 2545781
2023-06-30 18:00:04 [booklist] INFO: VALID_ID: 1305193
2023-06-30 18:00:04 [scrapy.core.engine] DEBUG: Crawled (200) <POST https://dl.ndl.go.jp/api/item/search> (referer: https://dl.ndl.go.jp/api/item/search)
2023-06-30 18:00:04 [booklist] INFO: Fetched page 2
2023-06-30 18:00:05 [booklist] INFO: VALID_ID: 2545781
2023-06-30 18:00:05 [booklist] INFO: VALID_ID: 2537540
2023-06-30 18:00:05 [booklist] INFO: VALID_ID: 2590987
2023-06-30 18:00:05 [booklist] INFO: VALID_ID: 2590991
2023-06-30 18:00:05 [booklist] INFO: VALID_ID: 2609903
2023-06-30 18:00:05 [booklist] INFO: VALID_ID: 2590989
2023-06-30 18:00:05 [booklist] INFO: VALID_ID: 2536408
2023-06-30 18:00:05 [booklist] INFO: VALID_ID: 2534041
2023-06-30 18:00:05 [booklist] INFO: VALID_ID: 2590984
2023-06-30 18:00:05 [booklist] INFO: VALID_ID: 2536180
2023-06-30 18:00:05 [booklist] INFO: VALID_ID: 2590985
2023-06-30 18:00:05 [booklist] INFO: VALID_ID: 2589425
2023-06-30 18:00:05 [booklist] INFO: VALID_ID: 2609882
2023-06-30 18:00:05 [booklist] INFO: VALID_ID: 8929597
2023-06-30 18:00:05 [booklist] INFO: VALID_ID: 2571508
2023-06-30 18:00:05 [booklist] INFO: VALID_ID: 2541459
2023-06-30 18:00:05 [booklist] INFO: VALID_ID: 1287312
2023-06-30 18:00:05 [booklist] INFO: VALID_ID: 1287311
2023-06-30 18:00:05 [booklist] INFO: VALID_ID: 2608784
2023-06-30 18:00:05 [booklist] INFO: VALID_ID: 2568528
2023-06-30 18:00:05 [booklist] INFO: VALID_ID: 2561630
2023-06-30 18:00:05 [booklist] INFO: VALID_ID: 2589426
2023-06-30 18:00:05 [booklist] INFO: VALID_ID: 2571507
2023-06-30 18:00:05 [booklist] INFO: VALID_ID: 2575164
2023-06-30 18:00:05 [booklist] INFO: VALID_ID: 2568529
2023-06-30 18:00:05 [booklist] INFO: VALID_ID: 8929517
2023-06-30 18:00:05 [booklist] INFO: VALID_ID: 2561629
2023-06-30 18:00:05 [booklist] INFO: VALID_ID: 2537309
2023-06-30 18:00:05 [booklist] INFO: VALID_ID: 2575163
2023-06-30 18:00:05 [booklist] INFO: VALID_ID: 2609999
2023-06-30 18:00:05 [booklist] INFO: VALID_ID: 2609136
2023-06-30 18:00:05 [booklist] INFO: VALID_ID: 1286775
2023-06-30 18:00:05 [booklist] INFO: VALID_ID: 2570788
2023-06-30 18:00:05 [booklist] INFO: VALID_ID: 2571405
2023-06-30 18:00:05 [booklist] INFO: VALID_ID: 2542216
2023-06-30 18:00:05 [booklist] INFO: VALID_ID: 2608124
2023-06-30 18:00:05 [booklist] INFO: VALID_ID: 2540726
2023-06-30 18:00:05 [booklist] INFO: VALID_ID: 2563615
2023-06-30 18:00:05 [booklist] INFO: VALID_ID: 9893330
2023-06-30 18:00:05 [booklist] INFO: VALID_ID: 9367531
2023-06-30 18:00:05 [booklist] INFO: VALID_ID: 2563617
2023-06-30 18:00:05 [booklist] INFO: VALID_ID: 2532415
2023-06-30 18:00:05 [booklist] INFO: VALID_ID: 2563616
2023-06-30 18:00:05 [booklist] INFO: VALID_ID: 2534179
2023-06-30 18:00:05 [booklist] INFO: VALID_ID: 1305050
2023-06-30 18:00:05 [booklist] INFO: VALID_ID: 8929704
2023-06-30 18:00:05 [booklist] INFO: VALID_ID: 1286934
2023-06-30 18:00:05 [booklist] INFO: VALID_ID: 2542218
2023-06-30 18:00:05 [booklist] INFO: VALID_ID: 1288472
2023-06-30 18:00:05 [booklist] INFO: VALID_ID: 11891923
2023-06-30 18:00:05 [booklist] INFO: VALID_ID: 8929595
2023-06-30 18:00:05 [booklist] INFO: VALID_ID: 1312046
2023-06-30 18:00:05 [booklist] INFO: VALID_ID: 2590365
2023-06-30 18:00:05 [booklist] INFO: VALID_ID: 2571509
2023-06-30 18:00:05 [booklist] INFO: VALID_ID: 1312585
2023-06-30 18:00:05 [booklist] INFO: VALID_ID: 2590369
2023-06-30 18:00:05 [booklist] INFO: VALID_ID: 2590364
2023-06-30 18:00:05 [booklist] INFO: VALID_ID: 2590372
2023-06-30 18:00:05 [booklist] INFO: VALID_ID: 1308510
2023-06-30 18:00:05 [booklist] INFO: VALID_ID: 2590367
2023-06-30 18:00:05 [booklist] INFO: VALID_ID: 2537010
2023-06-30 18:00:05 [booklist] INFO: VALID_ID: 2571406
2023-06-30 18:00:05 [booklist] INFO: VALID_ID: 2590366
2023-06-30 18:00:05 [booklist] INFO: VALID_ID: 2590361
2023-06-30 18:00:05 [booklist] INFO: VALID_ID: 2607082
2023-06-30 18:00:05 [booklist] INFO: VALID_ID: 2590371
2023-06-30 18:00:05 [booklist] INFO: VALID_ID: 2590373
2023-06-30 18:00:05 [booklist] INFO: VALID_ID: 2575048
2023-06-30 18:00:05 [booklist] INFO: VALID_ID: 2590363
2023-06-30 18:00:05 [booklist] INFO: VALID_ID: 10303817
2023-06-30 18:00:05 [booklist] INFO: VALID_ID: 2547242
2023-06-30 18:00:05 [booklist] INFO: VALID_ID: 2590374
2023-06-30 18:00:05 [booklist] INFO: VALID_ID: 2590368
2023-06-30 18:00:05 [booklist] INFO: VALID_ID: 2590370
2023-06-30 18:00:05 [booklist] INFO: VALID_ID: 2547243
2023-06-30 18:00:05 [booklist] INFO: VALID_ID: 1311012
2023-06-30 18:00:05 [booklist] INFO: VALID_ID: 1309635
2023-06-30 18:00:05 [booklist] INFO: VALID_ID: 2551855
2023-06-30 18:00:05 [booklist] INFO: VALID_ID: 2590362
2023-06-30 18:00:05 [booklist] INFO: VALID_ID: 2542428
2023-06-30 18:00:05 [booklist] INFO: VALID_ID: 2542283
2023-06-30 18:00:05 [booklist] INFO: VALID_ID: 1287666
2023-06-30 18:00:05 [booklist] INFO: VALID_ID: 11446440
2023-06-30 18:00:05 [booklist] INFO: VALID_ID: 1305236
2023-06-30 18:00:05 [booklist] INFO: VALID_ID: 9370000
2023-06-30 18:00:05 [booklist] INFO: VALID_ID: 2551856
2023-06-30 18:00:05 [booklist] INFO: VALID_ID: 2551857
2023-06-30 18:00:05 [booklist] INFO: VALID_ID: 2551848
2023-06-30 18:00:05 [booklist] INFO: VALID_ID: 1311056
2023-06-30 18:00:05 [booklist] INFO: VALID_ID: 1310945
2023-06-30 18:00:05 [booklist] INFO: VALID_ID: 2593556
2023-06-30 18:00:05 [booklist] INFO: VALID_ID: 2542099
2023-06-30 18:00:05 [booklist] INFO: VALID_ID: 2551850
2023-06-30 18:00:05 [booklist] INFO: VALID_ID: 2551852
2023-06-30 18:00:05 [booklist] INFO: VALID_ID: 2593447
2023-06-30 18:00:05 [booklist] INFO: VALID_ID: 2551854
2023-06-30 18:00:05 [booklist] INFO: VALID_ID: 2579688
2023-06-30 18:00:05 [booklist] INFO: VALID_ID: 2593448
2023-06-30 18:00:05 [booklist] INFO: VALID_ID: 2610677
2023-06-30 18:00:05 [booklist] INFO: VALID_ID: 1311902
2023-06-30 18:00:06 [scrapy.core.engine] DEBUG: Crawled (200) <POST https://dl.ndl.go.jp/api/item/search> (referer: https://dl.ndl.go.jp/api/item/search)
2023-06-30 18:00:06 [booklist] INFO: Fetched page 3
2023-06-30 18:00:06 [booklist] INFO: VALID_ID: 2610677
2023-06-30 18:00:06 [booklist] INFO: VALID_ID: 2593447
2023-06-30 18:00:06 [booklist] INFO: VALID_ID: 2581038
2023-06-30 18:00:06 [booklist] INFO: VALID_ID: 2551860
2023-06-30 18:00:06 [booklist] INFO: VALID_ID: 1311902
2023-06-30 18:00:06 [booklist] INFO: VALID_ID: 2579693
2023-06-30 18:00:06 [booklist] INFO: VALID_ID: 2579689
2023-06-30 18:00:06 [booklist] INFO: VALID_ID: 2579692
2023-06-30 18:00:06 [booklist] INFO: VALID_ID: 2593516
2023-06-30 18:00:06 [booklist] INFO: VALID_ID: 1308981
2023-06-30 18:00:06 [booklist] INFO: VALID_ID: 2593448
2023-06-30 18:00:06 [booklist] INFO: VALID_ID: 2579688
2023-06-30 18:00:06 [booklist] INFO: VALID_ID: 2579691
2023-06-30 18:00:06 [booklist] INFO: VALID_ID: 2579687
2023-06-30 18:00:06 [booklist] INFO: VALID_ID: 2551849
2023-06-30 18:00:06 [booklist] INFO: VALID_ID: 2542418
2023-06-30 18:00:06 [booklist] INFO: VALID_ID: 2542337
2023-06-30 18:00:06 [booklist] INFO: VALID_ID: 2567093
2023-06-30 18:00:06 [booklist] INFO: VALID_ID: 2536520
2023-06-30 18:00:06 [booklist] INFO: VALID_ID: 2542239
2023-06-30 18:00:06 [booklist] INFO: VALID_ID: 2540466
2023-06-30 18:00:06 [booklist] INFO: VALID_ID: 2593549
2023-06-30 18:00:06 [booklist] INFO: VALID_ID: 1286540
2023-06-30 18:00:06 [booklist] INFO: VALID_ID: 1313437
2023-06-30 18:00:06 [booklist] INFO: VALID_ID: 2585181
2023-06-30 18:00:06 [booklist] INFO: VALID_ID: 1313522
2023-06-30 18:00:06 [booklist] INFO: VALID_ID: 9370003
2023-06-30 18:00:06 [booklist] INFO: VALID_ID: 2542308
2023-06-30 18:00:06 [booklist] INFO: VALID_ID: 2585438
2023-06-30 18:00:06 [booklist] INFO: VALID_ID: 2607659
2023-06-30 18:00:06 [booklist] INFO: VALID_ID: 2533399
2023-06-30 18:00:06 [booklist] INFO: VALID_ID: 2532413
2023-06-30 18:00:06 [booklist] INFO: VALID_ID: 2590376
2023-06-30 18:00:06 [booklist] INFO: VALID_ID: 2593307
2023-06-30 18:00:06 [booklist] INFO: VALID_ID: 2541963
2023-06-30 18:00:06 [booklist] INFO: VALID_ID: 2571902
2023-06-30 18:00:06 [booklist] INFO: VALID_ID: 2593567
2023-06-30 18:00:06 [booklist] INFO: VALID_ID: 1313471
2023-06-30 18:00:06 [booklist] INFO: VALID_ID: 2571630
2023-06-30 18:00:06 [booklist] INFO: VALID_ID: 2571901
2023-06-30 18:00:06 [booklist] INFO: VALID_ID: 10301745
2023-06-30 18:00:06 [booklist] INFO: VALID_ID: 2571896
2023-06-30 18:00:06 [booklist] INFO: VALID_ID: 10301739
2023-06-30 18:00:06 [booklist] INFO: VALID_ID: 1311967
2023-06-30 18:00:06 [booklist] INFO: VALID_ID: 10301742
2023-06-30 18:00:06 [booklist] INFO: VALID_ID: 2592934
2023-06-30 18:00:06 [booklist] INFO: VALID_ID: 2548769
2023-06-30 18:00:06 [booklist] INFO: VALID_ID: 2550199
2023-06-30 18:00:06 [booklist] INFO: VALID_ID: 2542235
2023-06-30 18:00:06 [booklist] INFO: VALID_ID: 2609697
2023-06-30 18:00:06 [booklist] INFO: VALID_ID: 2606806
2023-06-30 18:00:06 [booklist] INFO: VALID_ID: 1288516
2023-06-30 18:00:06 [booklist] INFO: VALID_ID: 2546171
2023-06-30 18:00:06 [booklist] INFO: VALID_ID: 2533295
2023-06-30 18:00:06 [booklist] INFO: VALID_ID: 2592524
2023-06-30 18:00:06 [booklist] INFO: VALID_ID: 10301741
2023-06-30 18:00:06 [booklist] INFO: VALID_ID: 2610659
2023-06-30 18:00:06 [booklist] INFO: VALID_ID: 1306199
2023-06-30 18:00:06 [booklist] INFO: VALID_ID: 2537334
2023-06-30 18:00:06 [booklist] INFO: VALID_ID: 2548022
2023-06-30 18:00:06 [booklist] INFO: VALID_ID: 2609227
2023-06-30 18:00:06 [booklist] INFO: VALID_ID: 10301567
2023-06-30 18:00:06 [booklist] INFO: VALID_ID: 1305538
2023-06-30 18:00:06 [booklist] INFO: VALID_ID: 2541121
2023-06-30 18:00:06 [booklist] INFO: VALID_ID: 2548021
2023-06-30 18:00:06 [booklist] INFO: VALID_ID: 2610012
2023-06-30 18:00:06 [booklist] INFO: VALID_ID: 2548020
2023-06-30 18:00:06 [booklist] INFO: VALID_ID: 2533156
2023-06-30 18:00:06 [booklist] INFO: VALID_ID: 11446659
2023-06-30 18:00:06 [booklist] INFO: VALID_ID: 2611035
2023-06-30 18:00:06 [booklist] INFO: VALID_ID: 2610138
2023-06-30 18:00:06 [scrapy.core.engine] DEBUG: Crawled (200) <POST https://dl.ndl.go.jp/api/item/search> (referer: https://dl.ndl.go.jp/api/item/search)
2023-06-30 18:00:06 [booklist] INFO: Fetched page 4
2023-06-30 18:00:06 [booklist] INFO: No more books on 4
2023-06-30 18:00:06 [scrapy.core.engine] INFO: Closing spider (finished)
2023-06-30 18:00:06 [scrapy.statscollectors] INFO: Dumping Scrapy stats:
{'downloader/request_bytes': 5579,
 'downloader/request_count': 5,
 'downloader/request_method_count/GET': 1,
 'downloader/request_method_count/POST': 4,
 'downloader/response_bytes': 890938,
 'downloader/response_count': 5,
 'downloader/response_status_count/200': 5,
 'elapsed_time_seconds': 4.031818,
 'finish_reason': 'finished',
 'finish_time': datetime.datetime(2023, 6, 30, 10, 0, 6, 920937),
 'httpcompression/response_bytes': 10347755,
 'httpcompression/response_count': 4,
 'log_count/DEBUG': 8,
 'log_count/INFO': 286,
 'memusage/max': 63860736,
 'memusage/startup': 63860736,
 'request_depth_max': 3,
 'response_received_count': 5,
 'robotstxt/request_count': 1,
 'robotstxt/response_count': 1,
 'robotstxt/response_status_count/200': 1,
 'scheduler/dequeued': 4,
 'scheduler/dequeued/memory': 4,
 'scheduler/enqueued': 4,
 'scheduler/enqueued/memory': 4,
 'start_time': datetime.datetime(2023, 6, 30, 10, 0, 2, 889119)}
2023-06-30 18:00:06 [scrapy.core.engine] INFO: Spider closed (finished)
