2023-06-30 17:42:35 [scrapy.utils.log] INFO: Scrapy 2.9.0 started (bot: ndlcrawler)
2023-06-30 17:42:35 [scrapy.utils.log] INFO: Versions: lxml 4.9.2.0, libxml2 2.9.14, cssselect 1.2.0, parsel 1.8.1, w3lib 2.1.1, Twisted 22.10.0, Python 3.10.10 (main, Mar  5 2023, 22:26:53) [GCC 12.2.1 20230201], pyOpenSSL 23.2.0 (OpenSSL 3.1.1 30 May 2023), cryptography 41.0.1, Platform Linux-6.2.12-arch1-1-x86_64-with-glibc2.37
2023-06-30 17:42:35 [scrapy.crawler] INFO: Overridden settings:
{'BOT_NAME': 'ndlcrawler',
 'FEED_EXPORT_ENCODING': 'utf-8',
 'LOG_FILE': 'logs/booklist.title.唐.DESC.log',
 'NEWSPIDER_MODULE': 'ndlcrawler.spiders',
 'REQUEST_FINGERPRINTER_IMPLEMENTATION': '2.7',
 'ROBOTSTXT_OBEY': True,
 'SPIDER_MODULES': ['ndlcrawler.spiders'],
 'TWISTED_REACTOR': 'twisted.internet.asyncioreactor.AsyncioSelectorReactor'}
2023-06-30 17:42:35 [asyncio] DEBUG: Using selector: EpollSelector
2023-06-30 17:42:35 [scrapy.utils.log] DEBUG: Using reactor: twisted.internet.asyncioreactor.AsyncioSelectorReactor
2023-06-30 17:42:35 [scrapy.utils.log] DEBUG: Using asyncio event loop: asyncio.unix_events._UnixSelectorEventLoop
2023-06-30 17:42:35 [scrapy.extensions.telnet] INFO: Telnet Password: 9cf1a9c0bb916061
2023-06-30 17:42:35 [scrapy.middleware] INFO: Enabled extensions:
['scrapy.extensions.corestats.CoreStats',
 'scrapy.extensions.telnet.TelnetConsole',
 'scrapy.extensions.memusage.MemoryUsage',
 'scrapy.extensions.logstats.LogStats']
2023-06-30 17:42:35 [scrapy.middleware] INFO: Enabled downloader middlewares:
['scrapy.downloadermiddlewares.robotstxt.RobotsTxtMiddleware',
 'scrapy.downloadermiddlewares.httpauth.HttpAuthMiddleware',
 'scrapy.downloadermiddlewares.downloadtimeout.DownloadTimeoutMiddleware',
 'scrapy.downloadermiddlewares.defaultheaders.DefaultHeadersMiddleware',
 'scrapy.downloadermiddlewares.useragent.UserAgentMiddleware',
 'scrapy.downloadermiddlewares.retry.RetryMiddleware',
 'scrapy.downloadermiddlewares.redirect.MetaRefreshMiddleware',
 'scrapy.downloadermiddlewares.httpcompression.HttpCompressionMiddleware',
 'scrapy.downloadermiddlewares.redirect.RedirectMiddleware',
 'scrapy.downloadermiddlewares.cookies.CookiesMiddleware',
 'scrapy.downloadermiddlewares.httpproxy.HttpProxyMiddleware',
 'scrapy.downloadermiddlewares.stats.DownloaderStats']
2023-06-30 17:42:35 [scrapy.middleware] INFO: Enabled spider middlewares:
['scrapy.spidermiddlewares.httperror.HttpErrorMiddleware',
 'scrapy.spidermiddlewares.offsite.OffsiteMiddleware',
 'scrapy.spidermiddlewares.referer.RefererMiddleware',
 'scrapy.spidermiddlewares.urllength.UrlLengthMiddleware',
 'scrapy.spidermiddlewares.depth.DepthMiddleware']
2023-06-30 17:42:35 [scrapy.middleware] INFO: Enabled item pipelines:
[]
2023-06-30 17:42:35 [scrapy.core.engine] INFO: Spider opened
2023-06-30 17:42:35 [scrapy.extensions.logstats] INFO: Crawled 0 pages (at 0 pages/min), scraped 0 items (at 0 items/min)
2023-06-30 17:42:35 [scrapy.extensions.telnet] INFO: Telnet console listening on 127.0.0.1:6024
2023-06-30 17:42:36 [scrapy.core.engine] DEBUG: Crawled (200) <GET https://dl.ndl.go.jp/robots.txt> (referer: None)
2023-06-30 17:42:37 [scrapy.core.engine] DEBUG: Crawled (200) <POST https://dl.ndl.go.jp/api/item/search> (referer: None)
2023-06-30 17:42:37 [booklist] INFO: Fetched page 1
2023-06-30 17:42:37 [booklist] INFO: VALID_ID: 2600830
2023-06-30 17:42:37 [booklist] INFO: VALID_ID: 1307247
2023-06-30 17:42:37 [booklist] INFO: VALID_ID: 2600825
2023-06-30 17:42:37 [booklist] INFO: VALID_ID: 2600842
2023-06-30 17:42:37 [booklist] INFO: VALID_ID: 2600857
2023-06-30 17:42:37 [booklist] INFO: VALID_ID: 2600819
2023-06-30 17:42:37 [booklist] INFO: VALID_ID: 2600839
2023-06-30 17:42:37 [booklist] INFO: VALID_ID: 2600852
2023-06-30 17:42:37 [booklist] INFO: VALID_ID: 2600859
2023-06-30 17:42:37 [booklist] INFO: VALID_ID: 2559544
2023-06-30 17:42:37 [booklist] INFO: VALID_ID: 2563633
2023-06-30 17:42:37 [booklist] INFO: VALID_ID: 2600846
2023-06-30 17:42:37 [booklist] INFO: VALID_ID: 2557663
2023-06-30 17:42:37 [booklist] INFO: VALID_ID: 2555550
2023-06-30 17:42:37 [booklist] INFO: VALID_ID: 2557462
2023-06-30 17:42:37 [booklist] INFO: VALID_ID: 2600841
2023-06-30 17:42:37 [booklist] INFO: VALID_ID: 2600860
2023-06-30 17:42:37 [booklist] INFO: VALID_ID: 2600835
2023-06-30 17:42:37 [booklist] INFO: VALID_ID: 2600844
2023-06-30 17:42:37 [booklist] INFO: VALID_ID: 2600829
2023-06-30 17:42:37 [booklist] INFO: VALID_ID: 2600836
2023-06-30 17:42:37 [booklist] INFO: VALID_ID: 2600848
2023-06-30 17:42:37 [booklist] INFO: VALID_ID: 2600851
2023-06-30 17:42:37 [booklist] INFO: VALID_ID: 2600858
2023-06-30 17:42:37 [booklist] INFO: VALID_ID: 2600822
2023-06-30 17:42:37 [booklist] INFO: VALID_ID: 2543100
2023-06-30 17:42:37 [booklist] INFO: VALID_ID: 2540026
2023-06-30 17:42:37 [booklist] INFO: VALID_ID: 2600823
2023-06-30 17:42:37 [booklist] INFO: VALID_ID: 2600833
2023-06-30 17:42:37 [booklist] INFO: VALID_ID: 2600832
2023-06-30 17:42:37 [booklist] INFO: VALID_ID: 2600847
2023-06-30 17:42:37 [booklist] INFO: VALID_ID: 2600856
2023-06-30 17:42:37 [booklist] INFO: VALID_ID: 2600861
2023-06-30 17:42:37 [booklist] INFO: VALID_ID: 2533222
2023-06-30 17:42:37 [booklist] INFO: VALID_ID: 2600850
2023-06-30 17:42:37 [booklist] INFO: VALID_ID: 2600855
2023-06-30 17:42:37 [booklist] INFO: VALID_ID: 2600863
2023-06-30 17:42:37 [booklist] INFO: VALID_ID: 2539667
2023-06-30 17:42:37 [booklist] INFO: VALID_ID: 2551697
2023-06-30 17:42:37 [booklist] INFO: VALID_ID: 2557461
2023-06-30 17:42:37 [booklist] INFO: VALID_ID: 2600828
2023-06-30 17:42:37 [booklist] INFO: VALID_ID: 2600834
2023-06-30 17:42:37 [booklist] INFO: VALID_ID: 2600837
2023-06-30 17:42:37 [booklist] INFO: VALID_ID: 2600849
2023-06-30 17:42:37 [booklist] INFO: VALID_ID: 2534000
2023-06-30 17:42:37 [booklist] INFO: VALID_ID: 2557662
2023-06-30 17:42:37 [booklist] INFO: VALID_ID: 2551698
2023-06-30 17:42:37 [booklist] INFO: VALID_ID: 2551694
2023-06-30 17:42:37 [booklist] INFO: VALID_ID: 8929448
2023-06-30 17:42:37 [booklist] INFO: VALID_ID: 2557661
2023-06-30 17:42:37 [booklist] INFO: VALID_ID: 9892620
2023-06-30 17:42:37 [booklist] INFO: VALID_ID: 2544713
2023-06-30 17:42:37 [booklist] INFO: VALID_ID: 2538973
2023-06-30 17:42:37 [booklist] INFO: VALID_ID: 2600815
2023-06-30 17:42:37 [booklist] INFO: VALID_ID: 2540123
2023-06-30 17:42:37 [booklist] INFO: VALID_ID: 2544711
2023-06-30 17:42:37 [booklist] INFO: VALID_ID: 2551704
2023-06-30 17:42:37 [booklist] INFO: VALID_ID: 2605909
2023-06-30 17:42:37 [booklist] INFO: VALID_ID: 1309570
2023-06-30 17:42:37 [booklist] INFO: VALID_ID: 2551700
2023-06-30 17:42:37 [booklist] INFO: VALID_ID: 2551702
2023-06-30 17:42:37 [booklist] INFO: VALID_ID: 1303470
2023-06-30 17:42:37 [booklist] INFO: VALID_ID: 1303463
2023-06-30 17:42:37 [booklist] INFO: VALID_ID: 2607096
2023-06-30 17:42:37 [booklist] INFO: VALID_ID: 2600818
2023-06-30 17:42:37 [booklist] INFO: VALID_ID: 2544715
2023-06-30 17:42:37 [booklist] INFO: VALID_ID: 2551696
2023-06-30 17:42:37 [booklist] INFO: VALID_ID: 2540177
2023-06-30 17:42:37 [booklist] INFO: VALID_ID: 2600817
2023-06-30 17:42:37 [booklist] INFO: VALID_ID: 2551701
2023-06-30 17:42:37 [booklist] INFO: VALID_ID: 2551695
2023-06-30 17:42:37 [booklist] INFO: VALID_ID: 2605531
2023-06-30 17:42:37 [booklist] INFO: VALID_ID: 2551699
2023-06-30 17:42:37 [booklist] INFO: VALID_ID: 2551703
2023-06-30 17:42:37 [booklist] INFO: VALID_ID: 2534049
2023-06-30 17:42:37 [booklist] INFO: VALID_ID: 2533672
2023-06-30 17:42:37 [booklist] INFO: VALID_ID: 2600816
2023-06-30 17:42:37 [booklist] INFO: VALID_ID: 2540078
2023-06-30 17:42:37 [booklist] INFO: VALID_ID: 8929297
2023-06-30 17:42:37 [booklist] INFO: VALID_ID: 2569692
2023-06-30 17:42:37 [booklist] INFO: VALID_ID: 2610416
2023-06-30 17:42:37 [booklist] INFO: VALID_ID: 2542783
2023-06-30 17:42:37 [booklist] INFO: VALID_ID: 9892917
2023-06-30 17:42:37 [booklist] INFO: VALID_ID: 2551705
2023-06-30 17:42:37 [booklist] INFO: VALID_ID: 8929683
2023-06-30 17:42:37 [booklist] INFO: VALID_ID: 2570861
2023-06-30 17:42:37 [booklist] INFO: VALID_ID: 2570856
2023-06-30 17:42:37 [booklist] INFO: VALID_ID: 2605453
2023-06-30 17:42:37 [booklist] INFO: VALID_ID: 2553032
2023-06-30 17:42:37 [booklist] INFO: VALID_ID: 2570863
2023-06-30 17:42:37 [booklist] INFO: VALID_ID: 2569693
2023-06-30 17:42:37 [booklist] INFO: VALID_ID: 2541916
2023-06-30 17:42:37 [booklist] INFO: VALID_ID: 2544714
2023-06-30 17:42:37 [booklist] INFO: VALID_ID: 2559832
2023-06-30 17:42:37 [booklist] INFO: VALID_ID: 2559835
2023-06-30 17:42:37 [booklist] INFO: VALID_ID: 2580691
2023-06-30 17:42:37 [booklist] INFO: VALID_ID: 2580694
2023-06-30 17:42:37 [booklist] INFO: VALID_ID: 2580701
2023-06-30 17:42:37 [booklist] INFO: VALID_ID: 2580702
2023-06-30 17:42:37 [booklist] INFO: VALID_ID: 2607900
2023-06-30 17:42:39 [scrapy.core.engine] DEBUG: Crawled (200) <POST https://dl.ndl.go.jp/api/item/search> (referer: https://dl.ndl.go.jp/api/item/search)
2023-06-30 17:42:39 [booklist] INFO: Fetched page 2
2023-06-30 17:42:39 [booklist] INFO: VALID_ID: 2532115
2023-06-30 17:42:39 [booklist] INFO: VALID_ID: 2544716
2023-06-30 17:42:39 [booklist] INFO: VALID_ID: 2532302
2023-06-30 17:42:39 [booklist] INFO: VALID_ID: 2553029
2023-06-30 17:42:39 [booklist] INFO: VALID_ID: 2554263
2023-06-30 17:42:39 [booklist] INFO: VALID_ID: 2569695
2023-06-30 17:42:39 [booklist] INFO: VALID_ID: 2554262
2023-06-30 17:42:39 [booklist] INFO: VALID_ID: 2553031
2023-06-30 17:42:39 [booklist] INFO: VALID_ID: 2544712
2023-06-30 17:42:39 [booklist] INFO: VALID_ID: 2605753
2023-06-30 17:42:39 [booklist] INFO: VALID_ID: 2534121
2023-06-30 17:42:39 [booklist] INFO: VALID_ID: 2570860
2023-06-30 17:42:39 [booklist] INFO: VALID_ID: 2570858
2023-06-30 17:42:39 [booklist] INFO: VALID_ID: 2570859
2023-06-30 17:42:39 [booklist] INFO: VALID_ID: 2570857
2023-06-30 17:42:39 [booklist] INFO: VALID_ID: 2553030
2023-06-30 17:42:39 [booklist] INFO: VALID_ID: 2580675
2023-06-30 17:42:39 [booklist] INFO: VALID_ID: 2559834
2023-06-30 17:42:39 [booklist] INFO: VALID_ID: 2580687
2023-06-30 17:42:39 [booklist] INFO: VALID_ID: 2580692
2023-06-30 17:42:39 [booklist] INFO: VALID_ID: 2580698
2023-06-30 17:42:39 [booklist] INFO: VALID_ID: 2580728
2023-06-30 17:42:39 [booklist] INFO: VALID_ID: 2569696
2023-06-30 17:42:39 [booklist] INFO: VALID_ID: 2580724
2023-06-30 17:42:39 [booklist] INFO: VALID_ID: 2580674
2023-06-30 17:42:39 [booklist] INFO: VALID_ID: 2559825
2023-06-30 17:42:39 [booklist] INFO: VALID_ID: 2559829
2023-06-30 17:42:39 [booklist] INFO: VALID_ID: 2580725
2023-06-30 17:42:39 [booklist] INFO: VALID_ID: 2580678
2023-06-30 17:42:39 [booklist] INFO: VALID_ID: 2559830
2023-06-30 17:42:39 [booklist] INFO: VALID_ID: 2580697
2023-06-30 17:42:39 [booklist] INFO: VALID_ID: 2559823
2023-06-30 17:42:39 [booklist] INFO: VALID_ID: 2580690
2023-06-30 17:42:39 [booklist] INFO: VALID_ID: 2580723
2023-06-30 17:42:39 [booklist] INFO: VALID_ID: 2533493
2023-06-30 17:42:39 [booklist] INFO: VALID_ID: 2580688
2023-06-30 17:42:39 [booklist] INFO: VALID_ID: 2580716
2023-06-30 17:42:39 [booklist] INFO: VALID_ID: 2580729
2023-06-30 17:42:39 [booklist] INFO: VALID_ID: 2580705
2023-06-30 17:42:39 [booklist] INFO: VALID_ID: 2580735
2023-06-30 17:42:39 [booklist] INFO: VALID_ID: 2580683
2023-06-30 17:42:39 [booklist] INFO: VALID_ID: 2559833
2023-06-30 17:42:39 [booklist] INFO: VALID_ID: 2580718
2023-06-30 17:42:39 [booklist] INFO: VALID_ID: 2580719
2023-06-30 17:42:39 [booklist] INFO: VALID_ID: 2580680
2023-06-30 17:42:39 [booklist] INFO: VALID_ID: 2580681
2023-06-30 17:42:39 [booklist] INFO: VALID_ID: 2580689
2023-06-30 17:42:39 [booklist] INFO: VALID_ID: 2580727
2023-06-30 17:42:39 [booklist] INFO: VALID_ID: 2580696
2023-06-30 17:42:39 [booklist] INFO: VALID_ID: 2553028
2023-06-30 17:42:39 [booklist] INFO: VALID_ID: 2559821
2023-06-30 17:42:39 [booklist] INFO: VALID_ID: 2559822
2023-06-30 17:42:39 [booklist] INFO: VALID_ID: 2580677
2023-06-30 17:42:39 [booklist] INFO: VALID_ID: 2580712
2023-06-30 17:42:39 [booklist] INFO: VALID_ID: 2580713
2023-06-30 17:42:39 [booklist] INFO: VALID_ID: 2545850
2023-06-30 17:42:39 [booklist] INFO: VALID_ID: 1304057
2023-06-30 17:42:39 [booklist] INFO: VALID_ID: 2580693
2023-06-30 17:42:39 [booklist] INFO: VALID_ID: 2580732
2023-06-30 17:42:39 [booklist] INFO: VALID_ID: 2607779
2023-06-30 17:42:39 [booklist] INFO: VALID_ID: 2559828
2023-06-30 17:42:39 [booklist] INFO: VALID_ID: 2580703
2023-06-30 17:42:39 [booklist] INFO: VALID_ID: 2580673
2023-06-30 17:42:39 [booklist] INFO: VALID_ID: 2559824
2023-06-30 17:42:39 [booklist] INFO: VALID_ID: 2569694
2023-06-30 17:42:39 [booklist] INFO: VALID_ID: 2609902
2023-06-30 17:42:39 [booklist] INFO: VALID_ID: 2580720
2023-06-30 17:42:39 [booklist] INFO: VALID_ID: 2580722
2023-06-30 17:42:39 [booklist] INFO: VALID_ID: 2580676
2023-06-30 17:42:39 [booklist] INFO: VALID_ID: 2580717
2023-06-30 17:42:39 [booklist] INFO: VALID_ID: 2580679
2023-06-30 17:42:39 [booklist] INFO: VALID_ID: 2580711
2023-06-30 17:42:39 [booklist] INFO: VALID_ID: 2580734
2023-06-30 17:42:39 [booklist] INFO: VALID_ID: 2609126
2023-06-30 17:42:39 [booklist] INFO: VALID_ID: 2570862
2023-06-30 17:42:39 [booklist] INFO: VALID_ID: 2580699
2023-06-30 17:42:39 [booklist] INFO: VALID_ID: 2580715
2023-06-30 17:42:39 [booklist] INFO: VALID_ID: 2580706
2023-06-30 17:42:39 [booklist] INFO: VALID_ID: 2580710
2023-06-30 17:42:39 [booklist] INFO: VALID_ID: 2580682
2023-06-30 17:42:39 [booklist] INFO: VALID_ID: 2580730
2023-06-30 17:42:39 [booklist] INFO: VALID_ID: 2580733
2023-06-30 17:42:39 [booklist] INFO: VALID_ID: 2609071
2023-06-30 17:42:39 [booklist] INFO: VALID_ID: 2559570
2023-06-30 17:42:39 [booklist] INFO: VALID_ID: 2545855
2023-06-30 17:42:39 [booklist] INFO: VALID_ID: 2580714
2023-06-30 17:42:39 [booklist] INFO: VALID_ID: 2580704
2023-06-30 17:42:39 [booklist] INFO: VALID_ID: 2580731
2023-06-30 17:42:39 [booklist] INFO: VALID_ID: 2545857
2023-06-30 17:42:39 [booklist] INFO: VALID_ID: 2559820
2023-06-30 17:42:39 [booklist] INFO: VALID_ID: 2580707
2023-06-30 17:42:39 [booklist] INFO: VALID_ID: 2580708
2023-06-30 17:42:39 [booklist] INFO: VALID_ID: 2545853
2023-06-30 17:42:39 [booklist] INFO: VALID_ID: 2580709
2023-06-30 17:42:39 [booklist] INFO: VALID_ID: 2608596
2023-06-30 17:42:39 [booklist] INFO: VALID_ID: 2580686
2023-06-30 17:42:39 [booklist] INFO: VALID_ID: 2580700
2023-06-30 17:42:39 [booklist] INFO: VALID_ID: 2576547
2023-06-30 17:42:39 [booklist] INFO: VALID_ID: 2545849
2023-06-30 17:42:39 [booklist] INFO: VALID_ID: 2576548
2023-06-30 17:42:40 [scrapy.core.engine] DEBUG: Crawled (200) <POST https://dl.ndl.go.jp/api/item/search> (referer: https://dl.ndl.go.jp/api/item/search)
2023-06-30 17:42:40 [booklist] INFO: Fetched page 3
2023-06-30 17:42:41 [booklist] INFO: VALID_ID: 2580728
2023-06-30 17:42:41 [booklist] INFO: VALID_ID: 2576547
2023-06-30 17:42:41 [booklist] INFO: VALID_ID: 2545852
2023-06-30 17:42:41 [booklist] INFO: VALID_ID: 2537823
2023-06-30 17:42:41 [booklist] INFO: VALID_ID: 2545849
2023-06-30 17:42:41 [booklist] INFO: VALID_ID: 2545851
2023-06-30 17:42:41 [booklist] INFO: VALID_ID: 2609921
2023-06-30 17:42:41 [booklist] INFO: VALID_ID: 10301368
2023-06-30 17:42:41 [booklist] INFO: VALID_ID: 2545856
2023-06-30 17:42:41 [booklist] INFO: VALID_ID: 2562759
2023-06-30 17:42:41 [booklist] INFO: VALID_ID: 2580684
2023-06-30 17:42:41 [booklist] INFO: VALID_ID: 2559831
2023-06-30 17:42:41 [booklist] INFO: VALID_ID: 2580695
2023-06-30 17:42:41 [booklist] INFO: VALID_ID: 2580721
2023-06-30 17:42:41 [booklist] INFO: VALID_ID: 2559569
2023-06-30 17:42:41 [booklist] INFO: VALID_ID: 2545949
2023-06-30 17:42:41 [booklist] INFO: VALID_ID: 11446091
2023-06-30 17:42:41 [booklist] INFO: VALID_ID: 2576548
2023-06-30 17:42:41 [booklist] INFO: VALID_ID: 2545857
2023-06-30 17:42:41 [booklist] INFO: VALID_ID: 2562757
2023-06-30 17:42:41 [booklist] INFO: VALID_ID: 2562758
2023-06-30 17:42:41 [booklist] INFO: VALID_ID: 2608596
2023-06-30 17:42:41 [booklist] INFO: VALID_ID: 2545854
2023-06-30 17:42:41 [booklist] INFO: VALID_ID: 2609071
2023-06-30 17:42:41 [booklist] INFO: VALID_ID: 2579702
2023-06-30 17:42:41 [booklist] INFO: VALID_ID: 11446081
2023-06-30 17:42:41 [booklist] INFO: VALID_ID: 2562863
2023-06-30 17:42:41 [booklist] INFO: VALID_ID: 2579709
2023-06-30 17:42:41 [booklist] INFO: VALID_ID: 2576549
2023-06-30 17:42:41 [booklist] INFO: VALID_ID: 2568249
2023-06-30 17:42:41 [booklist] INFO: VALID_ID: 2568256
2023-06-30 17:42:41 [booklist] INFO: VALID_ID: 2562860
2023-06-30 17:42:41 [booklist] INFO: VALID_ID: 2609110
2023-06-30 17:42:41 [booklist] INFO: VALID_ID: 2562861
2023-06-30 17:42:41 [booklist] INFO: VALID_ID: 2579704
2023-06-30 17:42:41 [booklist] INFO: VALID_ID: 11446083
2023-06-30 17:42:41 [booklist] INFO: VALID_ID: 2579706
2023-06-30 17:42:41 [booklist] INFO: VALID_ID: 2568252
2023-06-30 17:42:41 [booklist] INFO: VALID_ID: 2607372
2023-06-30 17:42:41 [booklist] INFO: VALID_ID: 2545950
2023-06-30 17:42:41 [booklist] INFO: VALID_ID: 2568250
2023-06-30 17:42:41 [booklist] INFO: VALID_ID: 11446087
2023-06-30 17:42:41 [booklist] INFO: VALID_ID: 2568251
2023-06-30 17:42:41 [booklist] INFO: VALID_ID: 1303134
2023-06-30 17:42:41 [booklist] INFO: VALID_ID: 2606208
2023-06-30 17:42:41 [booklist] INFO: VALID_ID: 2609201
2023-06-30 17:42:41 [booklist] INFO: VALID_ID: 11446089
2023-06-30 17:42:41 [booklist] INFO: VALID_ID: 2579710
2023-06-30 17:42:41 [booklist] INFO: VALID_ID: 11446085
2023-06-30 17:42:41 [booklist] INFO: VALID_ID: 2568253
2023-06-30 17:42:41 [booklist] INFO: VALID_ID: 11446090
2023-06-30 17:42:41 [booklist] INFO: VALID_ID: 2579703
2023-06-30 17:42:41 [booklist] INFO: VALID_ID: 2562868
2023-06-30 17:42:41 [booklist] INFO: VALID_ID: 2579701
2023-06-30 17:42:41 [booklist] INFO: VALID_ID: 11446084
2023-06-30 17:42:41 [booklist] INFO: VALID_ID: 2568254
2023-06-30 17:42:41 [booklist] INFO: VALID_ID: 2562869
2023-06-30 17:42:41 [booklist] INFO: VALID_ID: 2562864
2023-06-30 17:42:41 [booklist] INFO: VALID_ID: 2562867
2023-06-30 17:42:41 [booklist] INFO: VALID_ID: 2543525
2023-06-30 17:42:41 [booklist] INFO: VALID_ID: 2574049
2023-06-30 17:42:41 [booklist] INFO: VALID_ID: 11446086
2023-06-30 17:42:41 [booklist] INFO: VALID_ID: 2568247
2023-06-30 17:42:41 [booklist] INFO: VALID_ID: 2562866
2023-06-30 17:42:41 [booklist] INFO: VALID_ID: 11446672
2023-06-30 17:42:41 [booklist] INFO: VALID_ID: 2568248
2023-06-30 17:42:41 [booklist] INFO: VALID_ID: 11446092
2023-06-30 17:42:41 [booklist] INFO: VALID_ID: 11446079
2023-06-30 17:42:41 [booklist] INFO: VALID_ID: 11446082
2023-06-30 17:42:41 [booklist] INFO: VALID_ID: 2579705
2023-06-30 17:42:41 [booklist] INFO: VALID_ID: 2562862
2023-06-30 17:42:41 [booklist] INFO: VALID_ID: 11446093
2023-06-30 17:42:41 [booklist] INFO: VALID_ID: 2568246
2023-06-30 17:42:41 [booklist] INFO: VALID_ID: 2562865
2023-06-30 17:42:41 [booklist] INFO: VALID_ID: 2579707
2023-06-30 17:42:41 [booklist] INFO: VALID_ID: 11446088
2023-06-30 17:42:41 [booklist] INFO: VALID_ID: 10301279
2023-06-30 17:42:41 [booklist] INFO: VALID_ID: 11446080
2023-06-30 17:42:41 [booklist] INFO: VALID_ID: 2579708
2023-06-30 17:42:41 [booklist] INFO: VALID_ID: 2606413
2023-06-30 17:42:41 [booklist] INFO: VALID_ID: 2568255
2023-06-30 17:42:41 [booklist] INFO: VALID_ID: 2543528
2023-06-30 17:42:41 [booklist] INFO: VALID_ID: 2543531
2023-06-30 17:42:41 [booklist] INFO: VALID_ID: 2574047
2023-06-30 17:42:41 [booklist] INFO: VALID_ID: 2574077
2023-06-30 17:42:41 [booklist] INFO: VALID_ID: 10301039
2023-06-30 17:42:41 [booklist] INFO: VALID_ID: 1310834
2023-06-30 17:42:41 [booklist] INFO: VALID_ID: 2574032
2023-06-30 17:42:41 [booklist] INFO: VALID_ID: 2574034
2023-06-30 17:42:41 [booklist] INFO: VALID_ID: 2574089
2023-06-30 17:42:41 [booklist] INFO: VALID_ID: 1309257
2023-06-30 17:42:41 [booklist] INFO: VALID_ID: 1309786
2023-06-30 17:42:41 [booklist] INFO: VALID_ID: 2607334
2023-06-30 17:42:41 [booklist] INFO: VALID_ID: 2574042
2023-06-30 17:42:41 [booklist] INFO: VALID_ID: 2574045
2023-06-30 17:42:41 [booklist] INFO: VALID_ID: 2574050
2023-06-30 17:42:41 [booklist] INFO: VALID_ID: 2574065
2023-06-30 17:42:41 [booklist] INFO: VALID_ID: 2574078
2023-06-30 17:42:41 [booklist] INFO: VALID_ID: 2574079
2023-06-30 17:42:41 [booklist] INFO: VALID_ID: 2574082
2023-06-30 17:42:42 [scrapy.core.engine] DEBUG: Crawled (200) <POST https://dl.ndl.go.jp/api/item/search> (referer: https://dl.ndl.go.jp/api/item/search)
2023-06-30 17:42:42 [booklist] INFO: Fetched page 4
2023-06-30 17:42:43 [booklist] INFO: VALID_ID: 2574049
2023-06-30 17:42:43 [booklist] INFO: VALID_ID: 2605908
2023-06-30 17:42:43 [booklist] INFO: VALID_ID: 2543527
2023-06-30 17:42:43 [booklist] INFO: VALID_ID: 2574039
2023-06-30 17:42:43 [booklist] INFO: VALID_ID: 2574067
2023-06-30 17:42:43 [booklist] INFO: VALID_ID: 2574066
2023-06-30 17:42:43 [booklist] INFO: VALID_ID: 2574070
2023-06-30 17:42:43 [booklist] INFO: VALID_ID: 2543526
2023-06-30 17:42:43 [booklist] INFO: VALID_ID: 2574063
2023-06-30 17:42:43 [booklist] INFO: VALID_ID: 2581004
2023-06-30 17:42:43 [booklist] INFO: VALID_ID: 2574033
2023-06-30 17:42:43 [booklist] INFO: VALID_ID: 2574057
2023-06-30 17:42:43 [booklist] INFO: VALID_ID: 2574059
2023-06-30 17:42:43 [booklist] INFO: VALID_ID: 2574064
2023-06-30 17:42:43 [booklist] INFO: VALID_ID: 2574084
2023-06-30 17:42:43 [booklist] INFO: VALID_ID: 2574061
2023-06-30 17:42:43 [booklist] INFO: VALID_ID: 2574091
2023-06-30 17:42:43 [booklist] INFO: VALID_ID: 2574086
2023-06-30 17:42:43 [booklist] INFO: VALID_ID: 2574038
2023-06-30 17:42:43 [booklist] INFO: VALID_ID: 2574044
2023-06-30 17:42:43 [booklist] INFO: VALID_ID: 2574075
2023-06-30 17:42:43 [booklist] INFO: VALID_ID: 2574083
2023-06-30 17:42:43 [booklist] INFO: VALID_ID: 2543530
2023-06-30 17:42:43 [booklist] INFO: VALID_ID: 2574056
2023-06-30 17:42:43 [booklist] INFO: VALID_ID: 2574069
2023-06-30 17:42:43 [booklist] INFO: VALID_ID: 2574073
2023-06-30 17:42:43 [booklist] INFO: VALID_ID: 2574080
2023-06-30 17:42:43 [booklist] INFO: VALID_ID: 2574085
2023-06-30 17:42:43 [booklist] INFO: VALID_ID: 2574071
2023-06-30 17:42:43 [booklist] INFO: VALID_ID: 2574072
2023-06-30 17:42:43 [booklist] INFO: VALID_ID: 2574088
2023-06-30 17:42:43 [booklist] INFO: VALID_ID: 2543529
2023-06-30 17:42:43 [booklist] INFO: VALID_ID: 2574053
2023-06-30 17:42:43 [booklist] INFO: VALID_ID: 2574074
2023-06-30 17:42:43 [booklist] INFO: VALID_ID: 2574037
2023-06-30 17:42:43 [booklist] INFO: VALID_ID: 2574048
2023-06-30 17:42:43 [booklist] INFO: VALID_ID: 2606413
2023-06-30 17:42:43 [booklist] INFO: VALID_ID: 2574081
2023-06-30 17:42:43 [booklist] INFO: VALID_ID: 2574051
2023-06-30 17:42:43 [booklist] INFO: VALID_ID: 2574058
2023-06-30 17:42:43 [booklist] INFO: VALID_ID: 2550949
2023-06-30 17:42:43 [booklist] INFO: VALID_ID: 1310834
2023-06-30 17:42:43 [booklist] INFO: VALID_ID: 2574040
2023-06-30 17:42:43 [booklist] INFO: VALID_ID: 2574062
2023-06-30 17:42:43 [booklist] INFO: VALID_ID: 2574076
2023-06-30 17:42:43 [booklist] INFO: VALID_ID: 2574055
2023-06-30 17:42:43 [booklist] INFO: VALID_ID: 2574087
2023-06-30 17:42:43 [booklist] INFO: VALID_ID: 2534309
2023-06-30 17:42:43 [booklist] INFO: VALID_ID: 2574041
2023-06-30 17:42:43 [booklist] INFO: VALID_ID: 2541103
2023-06-30 17:42:43 [booklist] INFO: VALID_ID: 2574046
2023-06-30 17:42:43 [booklist] INFO: VALID_ID: 2574054
2023-06-30 17:42:43 [booklist] INFO: VALID_ID: 2600868
2023-06-30 17:42:43 [booklist] INFO: VALID_ID: 2600874
2023-06-30 17:42:43 [booklist] INFO: VALID_ID: 2600909
2023-06-30 17:42:43 [booklist] INFO: VALID_ID: 2574060
2023-06-30 17:42:43 [booklist] INFO: VALID_ID: 2600870
2023-06-30 17:42:43 [booklist] INFO: VALID_ID: 2600899
2023-06-30 17:42:43 [booklist] INFO: VALID_ID: 2600873
2023-06-30 17:42:43 [booklist] INFO: VALID_ID: 2574035
2023-06-30 17:42:43 [booklist] INFO: VALID_ID: 2574043
2023-06-30 17:42:43 [booklist] INFO: VALID_ID: 2574052
2023-06-30 17:42:43 [booklist] INFO: VALID_ID: 2600887
2023-06-30 17:42:43 [booklist] INFO: VALID_ID: 2600910
2023-06-30 17:42:43 [booklist] INFO: VALID_ID: 2600871
2023-06-30 17:42:43 [booklist] INFO: VALID_ID: 2600872
2023-06-30 17:42:43 [booklist] INFO: VALID_ID: 2600880
2023-06-30 17:42:43 [booklist] INFO: VALID_ID: 2600888
2023-06-30 17:42:43 [booklist] INFO: VALID_ID: 2600895
2023-06-30 17:42:43 [booklist] INFO: VALID_ID: 2600867
2023-06-30 17:42:43 [booklist] INFO: VALID_ID: 2600892
2023-06-30 17:42:43 [booklist] INFO: VALID_ID: 2600906
2023-06-30 17:42:43 [booklist] INFO: VALID_ID: 2600907
2023-06-30 17:42:43 [booklist] INFO: VALID_ID: 2609907
2023-06-30 17:42:43 [booklist] INFO: VALID_ID: 2600866
2023-06-30 17:42:43 [booklist] INFO: VALID_ID: 2600865
2023-06-30 17:42:43 [booklist] INFO: VALID_ID: 2600898
2023-06-30 17:42:43 [booklist] INFO: VALID_ID: 2600897
2023-06-30 17:42:43 [booklist] INFO: VALID_ID: 1286580
2023-06-30 17:42:43 [booklist] INFO: VALID_ID: 2600881
2023-06-30 17:42:43 [booklist] INFO: VALID_ID: 2600891
2023-06-30 17:42:43 [booklist] INFO: VALID_ID: 2600893
2023-06-30 17:42:43 [booklist] INFO: VALID_ID: 2600875
2023-06-30 17:42:43 [booklist] INFO: VALID_ID: 2600879
2023-06-30 17:42:43 [booklist] INFO: VALID_ID: 2600889
2023-06-30 17:42:43 [booklist] INFO: VALID_ID: 2559097
2023-06-30 17:42:43 [booklist] INFO: VALID_ID: 2600869
2023-06-30 17:42:43 [booklist] INFO: VALID_ID: 2600900
2023-06-30 17:42:43 [booklist] INFO: VALID_ID: 2600904
2023-06-30 17:42:43 [booklist] INFO: VALID_ID: 2600883
2023-06-30 17:42:43 [booklist] INFO: VALID_ID: 2600885
2023-06-30 17:42:43 [booklist] INFO: VALID_ID: 2600894
2023-06-30 17:42:43 [booklist] INFO: VALID_ID: 2600882
2023-06-30 17:42:43 [booklist] INFO: VALID_ID: 2600878
2023-06-30 17:42:43 [booklist] INFO: VALID_ID: 2544013
2023-06-30 17:42:43 [booklist] INFO: VALID_ID: 2600886
2023-06-30 17:42:43 [booklist] INFO: VALID_ID: 2600902
2023-06-30 17:42:43 [booklist] INFO: VALID_ID: 2540114
2023-06-30 17:42:43 [booklist] INFO: VALID_ID: 2600905
2023-06-30 17:42:43 [booklist] INFO: VALID_ID: 2600903
2023-06-30 17:42:44 [scrapy.core.engine] DEBUG: Crawled (200) <POST https://dl.ndl.go.jp/api/item/search> (referer: https://dl.ndl.go.jp/api/item/search)
2023-06-30 17:42:44 [booklist] INFO: Fetched page 5
2023-06-30 17:42:44 [booklist] INFO: VALID_ID: 2600864
2023-06-30 17:42:44 [booklist] INFO: VALID_ID: 2581002
2023-06-30 17:42:44 [booklist] INFO: VALID_ID: 2600877
2023-06-30 17:42:44 [booklist] INFO: VALID_ID: 2600896
2023-06-30 17:42:44 [booklist] INFO: VALID_ID: 2600876
2023-06-30 17:42:44 [booklist] INFO: VALID_ID: 2600913
2023-06-30 17:42:44 [booklist] INFO: VALID_ID: 2600884
2023-06-30 17:42:44 [booklist] INFO: VALID_ID: 2600890
2023-06-30 17:42:44 [booklist] INFO: VALID_ID: 2600901
2023-06-30 17:42:44 [booklist] INFO: VALID_ID: 2581000
2023-06-30 17:42:44 [booklist] INFO: VALID_ID: 1307721
2023-06-30 17:42:44 [booklist] INFO: VALID_ID: 1307218
2023-06-30 17:42:44 [booklist] INFO: VALID_ID: 2600908
2023-06-30 17:42:44 [booklist] INFO: VALID_ID: 2600911
2023-06-30 17:42:44 [booklist] INFO: VALID_ID: 2600912
2023-06-30 17:42:44 [booklist] INFO: VALID_ID: 1305384
2023-06-30 17:42:44 [booklist] INFO: VALID_ID: 2543467
2023-06-30 17:42:44 [booklist] INFO: VALID_ID: 2581003
2023-06-30 17:42:44 [booklist] INFO: VALID_ID: 2551907
2023-06-30 17:42:44 [booklist] INFO: VALID_ID: 1308833
2023-06-30 17:42:44 [booklist] INFO: VALID_ID: 2568878
2023-06-30 17:42:44 [booklist] INFO: VALID_ID: 2551932
2023-06-30 17:42:44 [booklist] INFO: VALID_ID: 2543507
2023-06-30 17:42:44 [booklist] INFO: VALID_ID: 2543512
2023-06-30 17:42:44 [booklist] INFO: VALID_ID: 2543504
2023-06-30 17:42:44 [booklist] INFO: VALID_ID: 1310199
2023-06-30 17:42:44 [booklist] INFO: VALID_ID: 2581001
2023-06-30 17:42:44 [booklist] INFO: VALID_ID: 2551902
2023-06-30 17:42:44 [booklist] INFO: VALID_ID: 1307738
2023-06-30 17:42:44 [booklist] INFO: VALID_ID: 2605712
2023-06-30 17:42:44 [booklist] INFO: VALID_ID: 2581005
2023-06-30 17:42:44 [booklist] INFO: VALID_ID: 2568877
2023-06-30 17:42:44 [booklist] INFO: VALID_ID: 2583298
2023-06-30 17:42:44 [booklist] INFO: VALID_ID: 2543505
2023-06-30 17:42:44 [booklist] INFO: VALID_ID: 2543506
2023-06-30 17:42:44 [booklist] INFO: VALID_ID: 1313512
2023-06-30 17:42:44 [booklist] INFO: VALID_ID: 2543509
2023-06-30 17:42:44 [booklist] INFO: VALID_ID: 2543513
2023-06-30 17:42:44 [booklist] INFO: VALID_ID: 2543514
2023-06-30 17:42:44 [booklist] INFO: VALID_ID: 2543508
2023-06-30 17:42:44 [booklist] INFO: VALID_ID: 2543511
2023-06-30 17:42:44 [booklist] INFO: VALID_ID: 1307722
2023-06-30 17:42:44 [booklist] INFO: VALID_ID: 2543510
2023-06-30 17:42:44 [booklist] INFO: VALID_ID: 2551939
2023-06-30 17:42:44 [booklist] INFO: VALID_ID: 1307720
2023-06-30 17:42:44 [booklist] INFO: VALID_ID: 2570290
2023-06-30 17:42:44 [booklist] INFO: VALID_ID: 2581025
2023-06-30 17:42:44 [booklist] INFO: VALID_ID: 2583299
2023-06-30 17:42:44 [booklist] INFO: VALID_ID: 1313493
2023-06-30 17:42:44 [booklist] INFO: VALID_ID: 2551922
2023-06-30 17:42:44 [booklist] INFO: VALID_ID: 2535827
2023-06-30 17:42:44 [booklist] INFO: VALID_ID: 2551936
2023-06-30 17:42:44 [booklist] INFO: VALID_ID: 2581519
2023-06-30 17:42:44 [booklist] INFO: VALID_ID: 2605548
2023-06-30 17:42:44 [booklist] INFO: VALID_ID: 2580988
2023-06-30 17:42:44 [booklist] INFO: VALID_ID: 2551904
2023-06-30 17:42:44 [booklist] INFO: VALID_ID: 2550948
2023-06-30 17:42:44 [booklist] INFO: VALID_ID: 2584304
2023-06-30 17:42:44 [booklist] INFO: VALID_ID: 1308253
2023-06-30 17:42:44 [booklist] INFO: VALID_ID: 2590382
2023-06-30 17:42:44 [booklist] INFO: VALID_ID: 2568879
2023-06-30 17:42:44 [booklist] INFO: VALID_ID: 2580962
2023-06-30 17:42:44 [booklist] INFO: VALID_ID: 2592042
2023-06-30 17:42:44 [booklist] INFO: VALID_ID: 2580963
2023-06-30 17:42:44 [booklist] INFO: VALID_ID: 2592043
2023-06-30 17:42:44 [booklist] INFO: VALID_ID: 2590377
2023-06-30 17:42:44 [booklist] INFO: VALID_ID: 2581064
2023-06-30 17:42:44 [booklist] INFO: VALID_ID: 2609890
2023-06-30 17:42:44 [booklist] INFO: VALID_ID: 2580964
2023-06-30 17:42:44 [booklist] INFO: VALID_ID: 2592045
2023-06-30 17:42:44 [booklist] INFO: VALID_ID: 2592044
2023-06-30 17:42:44 [booklist] INFO: VALID_ID: 2565998
2023-06-30 17:42:44 [booklist] INFO: VALID_ID: 2581034
2023-06-30 17:42:44 [booklist] INFO: VALID_ID: 2554206
2023-06-30 17:42:44 [booklist] INFO: VALID_ID: 2551908
2023-06-30 17:42:44 [booklist] INFO: VALID_ID: 2580987
2023-06-30 17:42:44 [booklist] INFO: VALID_ID: 2543466
2023-06-30 17:42:44 [booklist] INFO: VALID_ID: 2559245
2023-06-30 17:42:44 [booklist] INFO: VALID_ID: 2580961
2023-06-30 17:42:44 [booklist] INFO: VALID_ID: 2551909
2023-06-30 17:42:44 [booklist] INFO: VALID_ID: 2584300
2023-06-30 17:42:44 [booklist] INFO: VALID_ID: 2581268
2023-06-30 17:42:44 [booklist] INFO: VALID_ID: 2581266
2023-06-30 17:42:44 [booklist] INFO: VALID_ID: 2586090
2023-06-30 17:42:44 [booklist] INFO: VALID_ID: 2581417
2023-06-30 17:42:44 [booklist] INFO: VALID_ID: 11891816
2023-06-30 17:42:44 [booklist] INFO: VALID_ID: 2551925
2023-06-30 17:42:44 [booklist] INFO: VALID_ID: 2584303
2023-06-30 17:42:44 [booklist] INFO: VALID_ID: 2543465
2023-06-30 17:42:44 [booklist] INFO: VALID_ID: 2584299
2023-06-30 17:42:44 [booklist] INFO: VALID_ID: 2584302
2023-06-30 17:42:44 [booklist] INFO: VALID_ID: 2590379
2023-06-30 17:42:44 [booklist] INFO: VALID_ID: 2581267
2023-06-30 17:42:44 [booklist] INFO: VALID_ID: 2584301
2023-06-30 17:42:44 [booklist] INFO: VALID_ID: 2586091
2023-06-30 17:42:44 [booklist] INFO: VALID_ID: 2590727
2023-06-30 17:42:44 [booklist] INFO: VALID_ID: 2598630
2023-06-30 17:42:44 [booklist] INFO: VALID_ID: 9370012
2023-06-30 17:42:44 [booklist] INFO: VALID_ID: 2583255
2023-06-30 17:42:44 [booklist] INFO: VALID_ID: 2598022
2023-06-30 17:42:46 [scrapy.core.engine] DEBUG: Crawled (200) <POST https://dl.ndl.go.jp/api/item/search> (referer: https://dl.ndl.go.jp/api/item/search)
2023-06-30 17:42:46 [booklist] INFO: Fetched page 6
2023-06-30 17:42:46 [booklist] INFO: VALID_ID: 2598023
2023-06-30 17:42:46 [booklist] INFO: VALID_ID: 2583255
2023-06-30 17:42:46 [booklist] INFO: VALID_ID: 2543463
2023-06-30 17:42:46 [booklist] INFO: VALID_ID: 2533866
2023-06-30 17:42:46 [booklist] INFO: VALID_ID: 2597742
2023-06-30 17:42:46 [booklist] INFO: VALID_ID: 2551930
2023-06-30 17:42:46 [booklist] INFO: VALID_ID: 2583254
2023-06-30 17:42:46 [booklist] INFO: VALID_ID: 2580654
2023-06-30 17:42:46 [booklist] INFO: VALID_ID: 2580965
2023-06-30 17:42:46 [booklist] INFO: VALID_ID: 2543464
2023-06-30 17:42:46 [booklist] INFO: VALID_ID: 2573619
2023-06-30 17:42:46 [booklist] INFO: VALID_ID: 2597746
2023-06-30 17:42:46 [booklist] INFO: VALID_ID: 2554204
2023-06-30 17:42:46 [booklist] INFO: VALID_ID: 2581029
2023-06-30 17:42:46 [booklist] INFO: VALID_ID: 2597743
2023-06-30 17:42:46 [booklist] INFO: VALID_ID: 2597748
2023-06-30 17:42:46 [booklist] INFO: VALID_ID: 2597745
2023-06-30 17:42:46 [booklist] INFO: VALID_ID: 2597749
2023-06-30 17:42:46 [booklist] INFO: VALID_ID: 2581058
2023-06-30 17:42:46 [booklist] INFO: VALID_ID: 1307195
2023-06-30 17:42:46 [booklist] INFO: VALID_ID: 11891820
2023-06-30 17:42:46 [booklist] INFO: VALID_ID: 2597744
2023-06-30 17:42:46 [booklist] INFO: VALID_ID: 2551926
2023-06-30 17:42:46 [booklist] INFO: VALID_ID: 2597747
2023-06-30 17:42:46 [booklist] INFO: VALID_ID: 2608022
2023-06-30 17:42:46 [booklist] INFO: VALID_ID: 2581071
2023-06-30 17:42:46 [booklist] INFO: VALID_ID: 2606280
2023-06-30 17:42:46 [booklist] INFO: VALID_ID: 2551931
2023-06-30 17:42:46 [booklist] INFO: VALID_ID: 2581033
2023-06-30 17:42:46 [booklist] INFO: VALID_ID: 2581398
2023-06-30 17:42:46 [booklist] INFO: VALID_ID: 2581397
2023-06-30 17:42:46 [booklist] INFO: VALID_ID: 2565997
2023-06-30 17:42:46 [booklist] INFO: VALID_ID: 2585575
2023-06-30 17:42:46 [booklist] INFO: VALID_ID: 2551921
2023-06-30 17:42:46 [booklist] INFO: VALID_ID: 2551916
2023-06-30 17:42:46 [booklist] INFO: VALID_ID: 2597741
2023-06-30 17:42:46 [booklist] INFO: VALID_ID: 2580945
2023-06-30 17:42:46 [booklist] INFO: VALID_ID: 2581039
2023-06-30 17:42:46 [booklist] INFO: VALID_ID: 2585538
2023-06-30 17:42:46 [booklist] INFO: VALID_ID: 2569859
2023-06-30 17:42:46 [booklist] INFO: VALID_ID: 2551923
2023-06-30 17:42:46 [booklist] INFO: VALID_ID: 2581038
2023-06-30 17:42:46 [booklist] INFO: VALID_ID: 2581046
2023-06-30 17:42:46 [booklist] INFO: VALID_ID: 2573631
2023-06-30 17:42:46 [booklist] INFO: VALID_ID: 2551956
2023-06-30 17:42:46 [booklist] INFO: VALID_ID: 2581243
2023-06-30 17:42:46 [booklist] INFO: VALID_ID: 1310875
2023-06-30 17:42:46 [booklist] INFO: VALID_ID: 11892643
2023-06-30 17:42:46 [booklist] INFO: VALID_ID: 2581510
2023-06-30 17:42:46 [booklist] INFO: VALID_ID: 2551915
2023-06-30 17:42:46 [booklist] INFO: VALID_ID: 11892644
2023-06-30 17:42:46 [booklist] INFO: VALID_ID: 2590378
2023-06-30 17:42:46 [booklist] INFO: VALID_ID: 11223202
2023-06-30 17:42:46 [booklist] INFO: VALID_ID: 1310355
2023-06-30 17:42:46 [booklist] INFO: VALID_ID: 2580975
2023-06-30 17:42:46 [booklist] INFO: VALID_ID: 2590380
2023-06-30 17:42:46 [booklist] INFO: VALID_ID: 2590381
2023-06-30 17:42:46 [booklist] INFO: VALID_ID: 2580976
2023-06-30 17:42:46 [booklist] INFO: VALID_ID: 2607142
2023-06-30 17:42:46 [booklist] INFO: VALID_ID: 2590375
2023-06-30 17:42:46 [booklist] INFO: VALID_ID: 2581052
2023-06-30 17:42:46 [booklist] INFO: VALID_ID: 2571688
2023-06-30 17:42:46 [booklist] INFO: VALID_ID: 10301167
2023-06-30 17:42:46 [booklist] INFO: VALID_ID: 2607303
2023-06-30 17:42:46 [booklist] INFO: VALID_ID: 10301542
2023-06-30 17:42:46 [booklist] INFO: VALID_ID: 2590376
2023-06-30 17:42:46 [booklist] INFO: VALID_ID: 9892693
2023-06-30 17:42:46 [booklist] INFO: VALID_ID: 2585304
2023-06-30 17:42:46 [booklist] INFO: VALID_ID: 1288517
2023-06-30 17:42:46 [booklist] INFO: VALID_ID: 2610431
2023-06-30 17:42:46 [booklist] INFO: VALID_ID: 1288527
2023-06-30 17:42:46 [booklist] INFO: VALID_ID: 2610714
2023-06-30 17:42:46 [booklist] INFO: VALID_ID: 2610875
2023-06-30 17:42:46 [booklist] INFO: VALID_ID: 2607884
2023-06-30 17:42:46 [booklist] INFO: VALID_ID: 10301407
2023-06-30 17:42:46 [booklist] INFO: VALID_ID: 10301767
2023-06-30 17:42:46 [booklist] INFO: VALID_ID: 2605243
2023-06-30 17:42:46 [booklist] INFO: VALID_ID: 2550193
2023-06-30 17:42:46 [booklist] INFO: VALID_ID: 2559098
2023-06-30 17:42:46 [booklist] INFO: VALID_ID: 2559099
2023-06-30 17:42:46 [booklist] INFO: VALID_ID: 10301500
2023-06-30 17:42:46 [booklist] INFO: VALID_ID: 2610368
2023-06-30 17:42:46 [booklist] INFO: VALID_ID: 2559093
2023-06-30 17:42:46 [booklist] INFO: VALID_ID: 2559101
2023-06-30 17:42:46 [booklist] INFO: VALID_ID: 2610093
2023-06-30 17:42:46 [booklist] INFO: VALID_ID: 2559092
2023-06-30 17:42:46 [booklist] INFO: VALID_ID: 2559094
2023-06-30 17:42:46 [booklist] INFO: VALID_ID: 2559100
2023-06-30 17:42:46 [booklist] INFO: VALID_ID: 2559096
2023-06-30 17:42:46 [booklist] INFO: VALID_ID: 2559091
2023-06-30 17:42:46 [booklist] INFO: VALID_ID: 2559095
2023-06-30 17:42:46 [booklist] INFO: VALID_ID: 2609227
2023-06-30 17:42:46 [booklist] INFO: VALID_ID: 2550141
2023-06-30 17:42:46 [booklist] INFO: VALID_ID: 2611103
2023-06-30 17:42:46 [booklist] INFO: VALID_ID: 2609205
2023-06-30 17:42:46 [booklist] INFO: VALID_ID: 2608884
2023-06-30 17:42:46 [booklist] INFO: VALID_ID: 2559255
2023-06-30 17:42:46 [booklist] INFO: VALID_ID: 2559247
2023-06-30 17:42:46 [booklist] INFO: VALID_ID: 2559250
2023-06-30 17:42:46 [booklist] INFO: VALID_ID: 2559254
2023-06-30 17:42:47 [scrapy.core.engine] DEBUG: Crawled (200) <POST https://dl.ndl.go.jp/api/item/search> (referer: https://dl.ndl.go.jp/api/item/search)
2023-06-30 17:42:47 [booklist] INFO: Fetched page 7
2023-06-30 17:42:47 [booklist] INFO: VALID_ID: 2559251
2023-06-30 17:42:47 [booklist] INFO: VALID_ID: 2559249
2023-06-30 17:42:47 [booklist] INFO: VALID_ID: 2559242
2023-06-30 17:42:47 [booklist] INFO: VALID_ID: 2559255
2023-06-30 17:42:47 [booklist] INFO: VALID_ID: 2559244
2023-06-30 17:42:47 [booklist] INFO: VALID_ID: 2559248
2023-06-30 17:42:47 [booklist] INFO: VALID_ID: 2559246
2023-06-30 17:42:47 [booklist] INFO: VALID_ID: 2559252
2023-06-30 17:42:47 [booklist] INFO: VALID_ID: 2559253
2023-06-30 17:42:47 [booklist] INFO: VALID_ID: 2559243
2023-06-30 17:42:47 [booklist] INFO: VALID_ID: 2550207
2023-06-30 17:42:47 [booklist] INFO: VALID_ID: 2609516
2023-06-30 17:42:47 [booklist] INFO: VALID_ID: 2550239
2023-06-30 17:42:47 [booklist] INFO: VALID_ID: 2550192
2023-06-30 17:42:47 [booklist] INFO: VALID_ID: 2608824
2023-06-30 17:42:47 [booklist] INFO: VALID_ID: 2609546
2023-06-30 17:42:47 [booklist] INFO: VALID_ID: 2550400
2023-06-30 17:42:47 [booklist] INFO: VALID_ID: 2550305
2023-06-30 17:42:47 [booklist] INFO: VALID_ID: 2610801
2023-06-30 17:42:47 [booklist] INFO: VALID_ID: 2585162
2023-06-30 17:42:47 [booklist] INFO: VALID_ID: 9369953
2023-06-30 17:42:47 [booklist] INFO: VALID_ID: 2609783
2023-06-30 17:42:47 [scrapy.core.engine] DEBUG: Crawled (200) <POST https://dl.ndl.go.jp/api/item/search> (referer: https://dl.ndl.go.jp/api/item/search)
2023-06-30 17:42:47 [booklist] INFO: Fetched page 8
2023-06-30 17:42:47 [booklist] INFO: No more books on 8
2023-06-30 17:42:47 [scrapy.core.engine] INFO: Closing spider (finished)
2023-06-30 17:42:47 [scrapy.statscollectors] INFO: Dumping Scrapy stats:
{'downloader/request_bytes': 10983,
 'downloader/request_count': 9,
 'downloader/request_method_count/GET': 1,
 'downloader/request_method_count/POST': 8,
 'downloader/response_bytes': 3861912,
 'downloader/response_count': 9,
 'downloader/response_status_count/200': 9,
 'elapsed_time_seconds': 12.246307,
 'finish_reason': 'finished',
 'finish_time': datetime.datetime(2023, 6, 30, 9, 42, 47, 939820),
 'httpcompression/response_bytes': 46662493,
 'httpcompression/response_count': 8,
 'log_count/DEBUG': 12,
 'log_count/INFO': 641,
 'memusage/max': 64118784,
 'memusage/startup': 64118784,
 'request_depth_max': 7,
 'response_received_count': 9,
 'robotstxt/request_count': 1,
 'robotstxt/response_count': 1,
 'robotstxt/response_status_count/200': 1,
 'scheduler/dequeued': 8,
 'scheduler/dequeued/memory': 8,
 'scheduler/enqueued': 8,
 'scheduler/enqueued/memory': 8,
 'start_time': datetime.datetime(2023, 6, 30, 9, 42, 35, 693513)}
2023-06-30 17:42:47 [scrapy.core.engine] INFO: Spider closed (finished)
