2023-06-30 17:42:14 [scrapy.utils.log] INFO: Scrapy 2.9.0 started (bot: ndlcrawler)
2023-06-30 17:42:14 [scrapy.utils.log] INFO: Versions: lxml 4.9.2.0, libxml2 2.9.14, cssselect 1.2.0, parsel 1.8.1, w3lib 2.1.1, Twisted 22.10.0, Python 3.10.10 (main, Mar  5 2023, 22:26:53) [GCC 12.2.1 20230201], pyOpenSSL 23.2.0 (OpenSSL 3.1.1 30 May 2023), cryptography 41.0.1, Platform Linux-6.2.12-arch1-1-x86_64-with-glibc2.37
2023-06-30 17:42:14 [scrapy.crawler] INFO: Overridden settings:
{'BOT_NAME': 'ndlcrawler',
 'FEED_EXPORT_ENCODING': 'utf-8',
 'LOG_FILE': 'logs/booklist.title.塵.DESC.log',
 'NEWSPIDER_MODULE': 'ndlcrawler.spiders',
 'REQUEST_FINGERPRINTER_IMPLEMENTATION': '2.7',
 'ROBOTSTXT_OBEY': True,
 'SPIDER_MODULES': ['ndlcrawler.spiders'],
 'TWISTED_REACTOR': 'twisted.internet.asyncioreactor.AsyncioSelectorReactor'}
2023-06-30 17:42:14 [asyncio] DEBUG: Using selector: EpollSelector
2023-06-30 17:42:14 [scrapy.utils.log] DEBUG: Using reactor: twisted.internet.asyncioreactor.AsyncioSelectorReactor
2023-06-30 17:42:14 [scrapy.utils.log] DEBUG: Using asyncio event loop: asyncio.unix_events._UnixSelectorEventLoop
2023-06-30 17:42:14 [scrapy.extensions.telnet] INFO: Telnet Password: f659e0e0a1ed7b9b
2023-06-30 17:42:14 [scrapy.middleware] INFO: Enabled extensions:
['scrapy.extensions.corestats.CoreStats',
 'scrapy.extensions.telnet.TelnetConsole',
 'scrapy.extensions.memusage.MemoryUsage',
 'scrapy.extensions.logstats.LogStats']
2023-06-30 17:42:14 [scrapy.middleware] INFO: Enabled downloader middlewares:
['scrapy.downloadermiddlewares.robotstxt.RobotsTxtMiddleware',
 'scrapy.downloadermiddlewares.httpauth.HttpAuthMiddleware',
 'scrapy.downloadermiddlewares.downloadtimeout.DownloadTimeoutMiddleware',
 'scrapy.downloadermiddlewares.defaultheaders.DefaultHeadersMiddleware',
 'scrapy.downloadermiddlewares.useragent.UserAgentMiddleware',
 'scrapy.downloadermiddlewares.retry.RetryMiddleware',
 'scrapy.downloadermiddlewares.redirect.MetaRefreshMiddleware',
 'scrapy.downloadermiddlewares.httpcompression.HttpCompressionMiddleware',
 'scrapy.downloadermiddlewares.redirect.RedirectMiddleware',
 'scrapy.downloadermiddlewares.cookies.CookiesMiddleware',
 'scrapy.downloadermiddlewares.httpproxy.HttpProxyMiddleware',
 'scrapy.downloadermiddlewares.stats.DownloaderStats']
2023-06-30 17:42:14 [scrapy.middleware] INFO: Enabled spider middlewares:
['scrapy.spidermiddlewares.httperror.HttpErrorMiddleware',
 'scrapy.spidermiddlewares.offsite.OffsiteMiddleware',
 'scrapy.spidermiddlewares.referer.RefererMiddleware',
 'scrapy.spidermiddlewares.urllength.UrlLengthMiddleware',
 'scrapy.spidermiddlewares.depth.DepthMiddleware']
2023-06-30 17:42:14 [scrapy.middleware] INFO: Enabled item pipelines:
[]
2023-06-30 17:42:14 [scrapy.core.engine] INFO: Spider opened
2023-06-30 17:42:14 [scrapy.extensions.logstats] INFO: Crawled 0 pages (at 0 pages/min), scraped 0 items (at 0 items/min)
2023-06-30 17:42:14 [scrapy.extensions.telnet] INFO: Telnet console listening on 127.0.0.1:6024
2023-06-30 17:42:15 [scrapy.core.engine] DEBUG: Crawled (200) <GET https://dl.ndl.go.jp/robots.txt> (referer: None)
2023-06-30 17:42:16 [scrapy.core.engine] DEBUG: Crawled (200) <POST https://dl.ndl.go.jp/api/item/search> (referer: None)
2023-06-30 17:42:16 [booklist] INFO: Fetched page 1
2023-06-30 17:42:16 [booklist] INFO: VALID_ID: 2581024
2023-06-30 17:42:16 [booklist] INFO: VALID_ID: 2581015
2023-06-30 17:42:16 [booklist] INFO: VALID_ID: 2581074
2023-06-30 17:42:16 [booklist] INFO: VALID_ID: 2581057
2023-06-30 17:42:16 [booklist] INFO: VALID_ID: 2581031
2023-06-30 17:42:16 [booklist] INFO: VALID_ID: 2581026
2023-06-30 17:42:16 [booklist] INFO: VALID_ID: 2581055
2023-06-30 17:42:16 [booklist] INFO: VALID_ID: 2581010
2023-06-30 17:42:16 [booklist] INFO: VALID_ID: 2581030
2023-06-30 17:42:16 [booklist] INFO: VALID_ID: 2581061
2023-06-30 17:42:16 [booklist] INFO: VALID_ID: 2581052
2023-06-30 17:42:16 [booklist] INFO: VALID_ID: 2610596
2023-06-30 17:42:16 [booklist] INFO: VALID_ID: 2581064
2023-06-30 17:42:16 [booklist] INFO: VALID_ID: 2581040
2023-06-30 17:42:16 [booklist] INFO: VALID_ID: 2606749
2023-06-30 17:42:16 [booklist] INFO: VALID_ID: 2545069
2023-06-30 17:42:16 [booklist] INFO: VALID_ID: 2610368
2023-06-30 17:42:16 [booklist] INFO: VALID_ID: 2581007
2023-06-30 17:42:16 [booklist] INFO: VALID_ID: 2581067
2023-06-30 17:42:16 [booklist] INFO: VALID_ID: 2609633
2023-06-30 17:42:16 [booklist] INFO: VALID_ID: 2581042
2023-06-30 17:42:16 [booklist] INFO: VALID_ID: 2556116
2023-06-30 17:42:16 [booklist] INFO: VALID_ID: 2581047
2023-06-30 17:42:16 [booklist] INFO: VALID_ID: 2581020
2023-06-30 17:42:16 [booklist] INFO: VALID_ID: 2581025
2023-06-30 17:42:16 [booklist] INFO: VALID_ID: 2581032
2023-06-30 17:42:16 [booklist] INFO: VALID_ID: 2581049
2023-06-30 17:42:16 [booklist] INFO: VALID_ID: 2581037
2023-06-30 17:42:16 [booklist] INFO: VALID_ID: 2556121
2023-06-30 17:42:16 [booklist] INFO: VALID_ID: 2581033
2023-06-30 17:42:16 [booklist] INFO: VALID_ID: 2556117
2023-06-30 17:42:16 [booklist] INFO: VALID_ID: 2581046
2023-06-30 17:42:16 [booklist] INFO: VALID_ID: 2581036
2023-06-30 17:42:16 [booklist] INFO: VALID_ID: 2610790
2023-06-30 17:42:16 [booklist] INFO: VALID_ID: 2556122
2023-06-30 17:42:16 [booklist] INFO: VALID_ID: 2581053
2023-06-30 17:42:16 [booklist] INFO: VALID_ID: 2581058
2023-06-30 17:42:16 [booklist] INFO: VALID_ID: 2581011
2023-06-30 17:42:16 [booklist] INFO: VALID_ID: 2556119
2023-06-30 17:42:16 [booklist] INFO: VALID_ID: 2581070
2023-06-30 17:42:16 [booklist] INFO: VALID_ID: 2581060
2023-06-30 17:42:16 [booklist] INFO: VALID_ID: 2581063
2023-06-30 17:42:16 [booklist] INFO: VALID_ID: 2534082
2023-06-30 17:42:16 [booklist] INFO: VALID_ID: 2596432
2023-06-30 17:42:16 [booklist] INFO: VALID_ID: 2596439
2023-06-30 17:42:16 [booklist] INFO: VALID_ID: 2596430
2023-06-30 17:42:16 [booklist] INFO: VALID_ID: 2596438
2023-06-30 17:42:16 [booklist] INFO: VALID_ID: 2581044
2023-06-30 17:42:16 [booklist] INFO: VALID_ID: 2581048
2023-06-30 17:42:16 [booklist] INFO: VALID_ID: 2581073
2023-06-30 17:42:16 [booklist] INFO: VALID_ID: 2581075
2023-06-30 17:42:16 [booklist] INFO: VALID_ID: 2581056
2023-06-30 17:42:16 [booklist] INFO: VALID_ID: 2605784
2023-06-30 17:42:16 [booklist] INFO: VALID_ID: 2556118
2023-06-30 17:42:16 [booklist] INFO: VALID_ID: 2556120
2023-06-30 17:42:16 [booklist] INFO: VALID_ID: 2581072
2023-06-30 17:42:16 [booklist] INFO: VALID_ID: 2610961
2023-06-30 17:42:16 [booklist] INFO: VALID_ID: 2581045
2023-06-30 17:42:16 [booklist] INFO: VALID_ID: 2581012
2023-06-30 17:42:16 [booklist] INFO: VALID_ID: 2581014
2023-06-30 17:42:16 [booklist] INFO: VALID_ID: 2581023
2023-06-30 17:42:16 [booklist] INFO: VALID_ID: 2581059
2023-06-30 17:42:16 [booklist] INFO: VALID_ID: 2581043
2023-06-30 17:42:16 [booklist] INFO: VALID_ID: 2581018
2023-06-30 17:42:16 [booklist] INFO: VALID_ID: 2577012
2023-06-30 17:42:16 [booklist] INFO: VALID_ID: 2596431
2023-06-30 17:42:16 [booklist] INFO: VALID_ID: 2542695
2023-06-30 17:42:16 [booklist] INFO: VALID_ID: 2581008
2023-06-30 17:42:16 [booklist] INFO: VALID_ID: 2581013
2023-06-30 17:42:16 [booklist] INFO: VALID_ID: 2581051
2023-06-30 17:42:16 [booklist] INFO: VALID_ID: 2577014
2023-06-30 17:42:16 [booklist] INFO: VALID_ID: 2596436
2023-06-30 17:42:16 [booklist] INFO: VALID_ID: 2577018
2023-06-30 17:42:16 [booklist] INFO: VALID_ID: 2596429
2023-06-30 17:42:16 [booklist] INFO: VALID_ID: 2577011
2023-06-30 17:42:16 [booklist] INFO: VALID_ID: 2577020
2023-06-30 17:42:16 [booklist] INFO: VALID_ID: 2577009
2023-06-30 17:42:16 [booklist] INFO: VALID_ID: 2596437
2023-06-30 17:42:16 [booklist] INFO: VALID_ID: 2581041
2023-06-30 17:42:16 [booklist] INFO: VALID_ID: 2581039
2023-06-30 17:42:16 [booklist] INFO: VALID_ID: 2577019
2023-06-30 17:42:16 [booklist] INFO: VALID_ID: 2577010
2023-06-30 17:42:16 [booklist] INFO: VALID_ID: 2611076
2023-06-30 17:42:16 [booklist] INFO: VALID_ID: 2596435
2023-06-30 17:42:16 [booklist] INFO: VALID_ID: 2610473
2023-06-30 17:42:16 [booklist] INFO: VALID_ID: 2596434
2023-06-30 17:42:16 [booklist] INFO: VALID_ID: 2577015
2023-06-30 17:42:16 [booklist] INFO: VALID_ID: 2577016
2023-06-30 17:42:16 [booklist] INFO: VALID_ID: 2577017
2023-06-30 17:42:16 [booklist] INFO: VALID_ID: 10303936
2023-06-30 17:42:16 [booklist] INFO: VALID_ID: 10303739
2023-06-30 17:42:16 [booklist] INFO: VALID_ID: 2585021
2023-06-30 17:42:16 [booklist] INFO: VALID_ID: 2596433
2023-06-30 17:42:16 [booklist] INFO: VALID_ID: 2577013
2023-06-30 17:42:16 [booklist] INFO: VALID_ID: 2585020
2023-06-30 17:42:16 [booklist] INFO: VALID_ID: 10303738
2023-06-30 17:42:16 [booklist] INFO: VALID_ID: 2544950
2023-06-30 17:42:16 [booklist] INFO: VALID_ID: 2544954
2023-06-30 17:42:16 [booklist] INFO: VALID_ID: 2585022
2023-06-30 17:42:16 [booklist] INFO: VALID_ID: 2544952
2023-06-30 17:42:17 [scrapy.core.engine] DEBUG: Crawled (200) <POST https://dl.ndl.go.jp/api/item/search> (referer: https://dl.ndl.go.jp/api/item/search)
2023-06-30 17:42:17 [booklist] INFO: Fetched page 2
2023-06-30 17:42:17 [booklist] INFO: VALID_ID: 2606887
2023-06-30 17:42:17 [booklist] INFO: VALID_ID: 2544955
2023-06-30 17:42:17 [booklist] INFO: VALID_ID: 2544953
2023-06-30 17:42:17 [booklist] INFO: VALID_ID: 2540723
2023-06-30 17:42:17 [booklist] INFO: VALID_ID: 2541994
2023-06-30 17:42:17 [booklist] INFO: VALID_ID: 2544951
2023-06-30 17:42:17 [booklist] INFO: VALID_ID: 8929719
2023-06-30 17:42:17 [booklist] INFO: VALID_ID: 11891850
2023-06-30 17:42:17 [booklist] INFO: VALID_ID: 2553348
2023-06-30 17:42:17 [booklist] INFO: VALID_ID: 2580936
2023-06-30 17:42:17 [booklist] INFO: VALID_ID: 2559211
2023-06-30 17:42:17 [booklist] INFO: VALID_ID: 2540281
2023-06-30 17:42:17 [booklist] INFO: VALID_ID: 2559121
2023-06-30 17:42:17 [booklist] INFO: VALID_ID: 2580935
2023-06-30 17:42:17 [booklist] INFO: VALID_ID: 1306217
2023-06-30 17:42:17 [booklist] INFO: VALID_ID: 11891871
2023-06-30 17:42:17 [booklist] INFO: VALID_ID: 2586674
2023-06-30 17:42:17 [booklist] INFO: VALID_ID: 2586673
2023-06-30 17:42:17 [booklist] INFO: VALID_ID: 2586672
2023-06-30 17:42:17 [booklist] INFO: VALID_ID: 2571694
2023-06-30 17:42:17 [booklist] INFO: VALID_ID: 2532177
2023-06-30 17:42:17 [booklist] INFO: VALID_ID: 2609920
2023-06-30 17:42:17 [booklist] INFO: VALID_ID: 2543460
2023-06-30 17:42:17 [booklist] INFO: VALID_ID: 2607286
2023-06-30 17:42:17 [booklist] INFO: VALID_ID: 2606130
2023-06-30 17:42:17 [booklist] INFO: VALID_ID: 2608047
2023-06-30 17:42:17 [booklist] INFO: VALID_ID: 1288527
2023-06-30 17:42:17 [booklist] INFO: VALID_ID: 2610325
2023-06-30 17:42:17 [booklist] INFO: VALID_ID: 2605243
2023-06-30 17:42:17 [booklist] INFO: VALID_ID: 2559212
2023-06-30 17:42:17 [booklist] INFO: VALID_ID: 2559218
2023-06-30 17:42:17 [booklist] INFO: VALID_ID: 9892969
2023-06-30 17:42:17 [booklist] INFO: VALID_ID: 2559207
2023-06-30 17:42:17 [booklist] INFO: VALID_ID: 2559216
2023-06-30 17:42:17 [booklist] INFO: VALID_ID: 2559208
2023-06-30 17:42:17 [booklist] INFO: VALID_ID: 2559117
2023-06-30 17:42:17 [booklist] INFO: VALID_ID: 2559129
2023-06-30 17:42:17 [booklist] INFO: VALID_ID: 2559215
2023-06-30 17:42:17 [booklist] INFO: VALID_ID: 2559210
2023-06-30 17:42:17 [booklist] INFO: VALID_ID: 2559128
2023-06-30 17:42:17 [booklist] INFO: VALID_ID: 2559132
2023-06-30 17:42:17 [booklist] INFO: VALID_ID: 2559217
2023-06-30 17:42:17 [booklist] INFO: VALID_ID: 2559127
2023-06-30 17:42:17 [booklist] INFO: VALID_ID: 2559120
2023-06-30 17:42:17 [booklist] INFO: VALID_ID: 2559119
2023-06-30 17:42:17 [booklist] INFO: VALID_ID: 2559209
2023-06-30 17:42:17 [booklist] INFO: VALID_ID: 2559213
2023-06-30 17:42:17 [booklist] INFO: VALID_ID: 11892789
2023-06-30 17:42:17 [booklist] INFO: VALID_ID: 2559126
2023-06-30 17:42:17 [booklist] INFO: VALID_ID: 2559124
2023-06-30 17:42:17 [booklist] INFO: VALID_ID: 2559118
2023-06-30 17:42:17 [booklist] INFO: VALID_ID: 2559125
2023-06-30 17:42:17 [booklist] INFO: VALID_ID: 2559130
2023-06-30 17:42:17 [booklist] INFO: VALID_ID: 2559122
2023-06-30 17:42:17 [booklist] INFO: VALID_ID: 2559123
2023-06-30 17:42:17 [booklist] INFO: VALID_ID: 2559131
2023-06-30 17:42:18 [scrapy.core.engine] DEBUG: Crawled (200) <POST https://dl.ndl.go.jp/api/item/search> (referer: https://dl.ndl.go.jp/api/item/search)
2023-06-30 17:42:18 [booklist] INFO: Fetched page 3
2023-06-30 17:42:18 [booklist] INFO: No more books on 3
2023-06-30 17:42:18 [scrapy.core.engine] INFO: Closing spider (finished)
2023-06-30 17:42:18 [scrapy.statscollectors] INFO: Dumping Scrapy stats:
{'downloader/request_bytes': 4228,
 'downloader/request_count': 4,
 'downloader/request_method_count/GET': 1,
 'downloader/request_method_count/POST': 3,
 'downloader/response_bytes': 894671,
 'downloader/response_count': 4,
 'downloader/response_status_count/200': 4,
 'elapsed_time_seconds': 3.440969,
 'finish_reason': 'finished',
 'finish_time': datetime.datetime(2023, 6, 30, 9, 42, 18, 265670),
 'httpcompression/response_bytes': 10276778,
 'httpcompression/response_count': 3,
 'log_count/DEBUG': 7,
 'log_count/INFO': 170,
 'memusage/max': 63766528,
 'memusage/startup': 63766528,
 'request_depth_max': 2,
 'response_received_count': 4,
 'robotstxt/request_count': 1,
 'robotstxt/response_count': 1,
 'robotstxt/response_status_count/200': 1,
 'scheduler/dequeued': 3,
 'scheduler/dequeued/memory': 3,
 'scheduler/enqueued': 3,
 'scheduler/enqueued/memory': 3,
 'start_time': datetime.datetime(2023, 6, 30, 9, 42, 14, 824701)}
2023-06-30 17:42:18 [scrapy.core.engine] INFO: Spider closed (finished)
