2023-06-30 19:06:01 [scrapy.utils.log] INFO: Scrapy 2.9.0 started (bot: ndlcrawler)
2023-06-30 19:06:01 [scrapy.utils.log] INFO: Versions: lxml 4.9.2.0, libxml2 2.9.14, cssselect 1.2.0, parsel 1.8.1, w3lib 2.1.1, Twisted 22.10.0, Python 3.10.10 (main, Mar  5 2023, 22:26:53) [GCC 12.2.1 20230201], pyOpenSSL 23.2.0 (OpenSSL 3.1.1 30 May 2023), cryptography 41.0.1, Platform Linux-6.2.12-arch1-1-x86_64-with-glibc2.37
2023-06-30 19:06:01 [scrapy.crawler] INFO: Overridden settings:
{'BOT_NAME': 'ndlcrawler',
 'FEED_EXPORT_ENCODING': 'utf-8',
 'LOG_FILE': 'logs/booklist.title.薩.log',
 'NEWSPIDER_MODULE': 'ndlcrawler.spiders',
 'REQUEST_FINGERPRINTER_IMPLEMENTATION': '2.7',
 'ROBOTSTXT_OBEY': True,
 'SPIDER_MODULES': ['ndlcrawler.spiders'],
 'TWISTED_REACTOR': 'twisted.internet.asyncioreactor.AsyncioSelectorReactor'}
2023-06-30 19:06:01 [asyncio] DEBUG: Using selector: EpollSelector
2023-06-30 19:06:01 [scrapy.utils.log] DEBUG: Using reactor: twisted.internet.asyncioreactor.AsyncioSelectorReactor
2023-06-30 19:06:01 [scrapy.utils.log] DEBUG: Using asyncio event loop: asyncio.unix_events._UnixSelectorEventLoop
2023-06-30 19:06:01 [scrapy.extensions.telnet] INFO: Telnet Password: a984a422e27aeb64
2023-06-30 19:06:01 [scrapy.middleware] INFO: Enabled extensions:
['scrapy.extensions.corestats.CoreStats',
 'scrapy.extensions.telnet.TelnetConsole',
 'scrapy.extensions.memusage.MemoryUsage',
 'scrapy.extensions.logstats.LogStats']
2023-06-30 19:06:01 [scrapy.middleware] INFO: Enabled downloader middlewares:
['scrapy.downloadermiddlewares.robotstxt.RobotsTxtMiddleware',
 'scrapy.downloadermiddlewares.httpauth.HttpAuthMiddleware',
 'scrapy.downloadermiddlewares.downloadtimeout.DownloadTimeoutMiddleware',
 'scrapy.downloadermiddlewares.defaultheaders.DefaultHeadersMiddleware',
 'scrapy.downloadermiddlewares.useragent.UserAgentMiddleware',
 'scrapy.downloadermiddlewares.retry.RetryMiddleware',
 'scrapy.downloadermiddlewares.redirect.MetaRefreshMiddleware',
 'scrapy.downloadermiddlewares.httpcompression.HttpCompressionMiddleware',
 'scrapy.downloadermiddlewares.redirect.RedirectMiddleware',
 'scrapy.downloadermiddlewares.cookies.CookiesMiddleware',
 'scrapy.downloadermiddlewares.httpproxy.HttpProxyMiddleware',
 'scrapy.downloadermiddlewares.stats.DownloaderStats']
2023-06-30 19:06:01 [scrapy.middleware] INFO: Enabled spider middlewares:
['scrapy.spidermiddlewares.httperror.HttpErrorMiddleware',
 'scrapy.spidermiddlewares.offsite.OffsiteMiddleware',
 'scrapy.spidermiddlewares.referer.RefererMiddleware',
 'scrapy.spidermiddlewares.urllength.UrlLengthMiddleware',
 'scrapy.spidermiddlewares.depth.DepthMiddleware']
2023-06-30 19:06:01 [scrapy.middleware] INFO: Enabled item pipelines:
[]
2023-06-30 19:06:01 [scrapy.core.engine] INFO: Spider opened
2023-06-30 19:06:02 [scrapy.extensions.logstats] INFO: Crawled 0 pages (at 0 pages/min), scraped 0 items (at 0 items/min)
2023-06-30 19:06:02 [scrapy.extensions.telnet] INFO: Telnet console listening on 127.0.0.1:6024
2023-06-30 19:06:02 [scrapy.core.engine] DEBUG: Crawled (200) <GET https://dl.ndl.go.jp/robots.txt> (referer: None)
2023-06-30 19:06:03 [scrapy.core.engine] DEBUG: Crawled (200) <POST https://dl.ndl.go.jp/api/item/search> (referer: None)
2023-06-30 19:06:03 [booklist] INFO: Fetched page 1
2023-06-30 19:06:03 [booklist] INFO: VALID_ID: 2585217
2023-06-30 19:06:03 [booklist] INFO: VALID_ID: 2543426
2023-06-30 19:06:03 [booklist] INFO: VALID_ID: 10303887
2023-06-30 19:06:03 [booklist] INFO: VALID_ID: 2585196
2023-06-30 19:06:03 [booklist] INFO: VALID_ID: 10303512
2023-06-30 19:06:03 [booklist] INFO: VALID_ID: 2542755
2023-06-30 19:06:03 [booklist] INFO: VALID_ID: 10301751
2023-06-30 19:06:03 [booklist] INFO: VALID_ID: 2607303
2023-06-30 19:06:03 [booklist] INFO: VALID_ID: 2605243
2023-06-30 19:06:03 [booklist] INFO: VALID_ID: 2533295
2023-06-30 19:06:03 [booklist] INFO: VALID_ID: 10301232
2023-06-30 19:06:03 [booklist] INFO: VALID_ID: 2591887
2023-06-30 19:06:03 [booklist] INFO: VALID_ID: 9369964
2023-06-30 19:06:03 [booklist] INFO: VALID_ID: 10300963
2023-06-30 19:06:03 [booklist] INFO: VALID_ID: 2559101
2023-06-30 19:06:03 [booklist] INFO: VALID_ID: 2559099
2023-06-30 19:06:03 [booklist] INFO: VALID_ID: 2559091
2023-06-30 19:06:03 [booklist] INFO: VALID_ID: 2559095
2023-06-30 19:06:03 [booklist] INFO: VALID_ID: 2559093
2023-06-30 19:06:03 [booklist] INFO: VALID_ID: 2559098
2023-06-30 19:06:03 [booklist] INFO: VALID_ID: 2559092
2023-06-30 19:06:03 [booklist] INFO: VALID_ID: 2559094
2023-06-30 19:06:03 [booklist] INFO: VALID_ID: 2559100
2023-06-30 19:06:03 [booklist] INFO: VALID_ID: 2610818
2023-06-30 19:06:03 [booklist] INFO: VALID_ID: 2559096
2023-06-30 19:06:03 [booklist] INFO: VALID_ID: 2609546
2023-06-30 19:06:03 [booklist] INFO: VALID_ID: 10301383
2023-06-30 19:06:03 [booklist] INFO: VALID_ID: 9892978
2023-06-30 19:06:03 [booklist] INFO: VALID_ID: 9369966
2023-06-30 19:06:03 [booklist] INFO: VALID_ID: 2611035
2023-06-30 19:06:03 [scrapy.core.engine] DEBUG: Crawled (200) <POST https://dl.ndl.go.jp/api/item/search> (referer: https://dl.ndl.go.jp/api/item/search)
2023-06-30 19:06:03 [booklist] INFO: Fetched page 2
2023-06-30 19:06:03 [booklist] INFO: No more books on 2
2023-06-30 19:06:03 [scrapy.core.engine] INFO: Closing spider (finished)
2023-06-30 19:06:03 [scrapy.statscollectors] INFO: Dumping Scrapy stats:
{'downloader/request_bytes': 2877,
 'downloader/request_count': 3,
 'downloader/request_method_count/GET': 1,
 'downloader/request_method_count/POST': 2,
 'downloader/response_bytes': 189539,
 'downloader/response_count': 3,
 'downloader/response_status_count/200': 3,
 'elapsed_time_seconds': 1.717989,
 'finish_reason': 'finished',
 'finish_time': datetime.datetime(2023, 6, 30, 11, 6, 3, 757155),
 'httpcompression/response_bytes': 1987001,
 'httpcompression/response_count': 2,
 'log_count/DEBUG': 6,
 'log_count/INFO': 43,
 'memusage/max': 63848448,
 'memusage/startup': 63848448,
 'request_depth_max': 1,
 'response_received_count': 3,
 'robotstxt/request_count': 1,
 'robotstxt/response_count': 1,
 'robotstxt/response_status_count/200': 1,
 'scheduler/dequeued': 2,
 'scheduler/dequeued/memory': 2,
 'scheduler/enqueued': 2,
 'scheduler/enqueued/memory': 2,
 'start_time': datetime.datetime(2023, 6, 30, 11, 6, 2, 39166)}
2023-06-30 19:06:03 [scrapy.core.engine] INFO: Spider closed (finished)
