2023-06-30 17:44:33 [scrapy.utils.log] INFO: Scrapy 2.9.0 started (bot: ndlcrawler)
2023-06-30 17:44:33 [scrapy.utils.log] INFO: Versions: lxml 4.9.2.0, libxml2 2.9.14, cssselect 1.2.0, parsel 1.8.1, w3lib 2.1.1, Twisted 22.10.0, Python 3.10.10 (main, Mar  5 2023, 22:26:53) [GCC 12.2.1 20230201], pyOpenSSL 23.2.0 (OpenSSL 3.1.1 30 May 2023), cryptography 41.0.1, Platform Linux-6.2.12-arch1-1-x86_64-with-glibc2.37
2023-06-30 17:44:33 [scrapy.crawler] INFO: Overridden settings:
{'BOT_NAME': 'ndlcrawler',
 'FEED_EXPORT_ENCODING': 'utf-8',
 'LOG_FILE': 'logs/booklist.title.霊.DESC.log',
 'NEWSPIDER_MODULE': 'ndlcrawler.spiders',
 'REQUEST_FINGERPRINTER_IMPLEMENTATION': '2.7',
 'ROBOTSTXT_OBEY': True,
 'SPIDER_MODULES': ['ndlcrawler.spiders'],
 'TWISTED_REACTOR': 'twisted.internet.asyncioreactor.AsyncioSelectorReactor'}
2023-06-30 17:44:33 [asyncio] DEBUG: Using selector: EpollSelector
2023-06-30 17:44:33 [scrapy.utils.log] DEBUG: Using reactor: twisted.internet.asyncioreactor.AsyncioSelectorReactor
2023-06-30 17:44:33 [scrapy.utils.log] DEBUG: Using asyncio event loop: asyncio.unix_events._UnixSelectorEventLoop
2023-06-30 17:44:33 [scrapy.extensions.telnet] INFO: Telnet Password: ffce1e3a193c96f1
2023-06-30 17:44:33 [scrapy.middleware] INFO: Enabled extensions:
['scrapy.extensions.corestats.CoreStats',
 'scrapy.extensions.telnet.TelnetConsole',
 'scrapy.extensions.memusage.MemoryUsage',
 'scrapy.extensions.logstats.LogStats']
2023-06-30 17:44:33 [scrapy.middleware] INFO: Enabled downloader middlewares:
['scrapy.downloadermiddlewares.robotstxt.RobotsTxtMiddleware',
 'scrapy.downloadermiddlewares.httpauth.HttpAuthMiddleware',
 'scrapy.downloadermiddlewares.downloadtimeout.DownloadTimeoutMiddleware',
 'scrapy.downloadermiddlewares.defaultheaders.DefaultHeadersMiddleware',
 'scrapy.downloadermiddlewares.useragent.UserAgentMiddleware',
 'scrapy.downloadermiddlewares.retry.RetryMiddleware',
 'scrapy.downloadermiddlewares.redirect.MetaRefreshMiddleware',
 'scrapy.downloadermiddlewares.httpcompression.HttpCompressionMiddleware',
 'scrapy.downloadermiddlewares.redirect.RedirectMiddleware',
 'scrapy.downloadermiddlewares.cookies.CookiesMiddleware',
 'scrapy.downloadermiddlewares.httpproxy.HttpProxyMiddleware',
 'scrapy.downloadermiddlewares.stats.DownloaderStats']
2023-06-30 17:44:33 [scrapy.middleware] INFO: Enabled spider middlewares:
['scrapy.spidermiddlewares.httperror.HttpErrorMiddleware',
 'scrapy.spidermiddlewares.offsite.OffsiteMiddleware',
 'scrapy.spidermiddlewares.referer.RefererMiddleware',
 'scrapy.spidermiddlewares.urllength.UrlLengthMiddleware',
 'scrapy.spidermiddlewares.depth.DepthMiddleware']
2023-06-30 17:44:33 [scrapy.middleware] INFO: Enabled item pipelines:
[]
2023-06-30 17:44:33 [scrapy.core.engine] INFO: Spider opened
2023-06-30 17:44:33 [scrapy.extensions.logstats] INFO: Crawled 0 pages (at 0 pages/min), scraped 0 items (at 0 items/min)
2023-06-30 17:44:33 [scrapy.extensions.telnet] INFO: Telnet console listening on 127.0.0.1:6025
2023-06-30 17:44:34 [scrapy.core.engine] DEBUG: Crawled (200) <GET https://dl.ndl.go.jp/robots.txt> (referer: None)
2023-06-30 17:44:34 [scrapy.core.engine] DEBUG: Crawled (200) <POST https://dl.ndl.go.jp/api/item/search> (referer: None)
2023-06-30 17:44:34 [booklist] INFO: Fetched page 1
2023-06-30 17:44:35 [booklist] INFO: VALID_ID: 2590961
2023-06-30 17:44:35 [booklist] INFO: VALID_ID: 2590962
2023-06-30 17:44:35 [booklist] INFO: VALID_ID: 2590963
2023-06-30 17:44:35 [booklist] INFO: VALID_ID: 10303766
2023-06-30 17:44:35 [booklist] INFO: VALID_ID: 2535789
2023-06-30 17:44:35 [booklist] INFO: VALID_ID: 2536323
2023-06-30 17:44:35 [booklist] INFO: VALID_ID: 10303767
2023-06-30 17:44:35 [booklist] INFO: VALID_ID: 2536580
2023-06-30 17:44:35 [booklist] INFO: VALID_ID: 2535986
2023-06-30 17:44:35 [booklist] INFO: VALID_ID: 2540639
2023-06-30 17:44:35 [booklist] INFO: VALID_ID: 2538630
2023-06-30 17:44:35 [booklist] INFO: VALID_ID: 10303931
2023-06-30 17:44:35 [booklist] INFO: VALID_ID: 2542254
2023-06-30 17:44:35 [booklist] INFO: VALID_ID: 2561358
2023-06-30 17:44:35 [booklist] INFO: VALID_ID: 10303765
2023-06-30 17:44:35 [booklist] INFO: VALID_ID: 1313553
2023-06-30 17:44:35 [booklist] INFO: VALID_ID: 2561359
2023-06-30 17:44:35 [booklist] INFO: VALID_ID: 2561357
2023-06-30 17:44:35 [booklist] INFO: VALID_ID: 12865405
2023-06-30 17:44:35 [booklist] INFO: VALID_ID: 2561361
2023-06-30 17:44:35 [booklist] INFO: VALID_ID: 2560193
2023-06-30 17:44:35 [booklist] INFO: VALID_ID: 2541532
2023-06-30 17:44:35 [booklist] INFO: VALID_ID: 2554258
2023-06-30 17:44:35 [booklist] INFO: VALID_ID: 2608497
2023-06-30 17:44:35 [booklist] INFO: VALID_ID: 2561360
2023-06-30 17:44:35 [booklist] INFO: VALID_ID: 2541311
2023-06-30 17:44:35 [booklist] INFO: VALID_ID: 2576266
2023-06-30 17:44:35 [booklist] INFO: VALID_ID: 2609060
2023-06-30 17:44:35 [booklist] INFO: VALID_ID: 2605785
2023-06-30 17:44:35 [booklist] INFO: VALID_ID: 2554259
2023-06-30 17:44:35 [booklist] INFO: VALID_ID: 1312064
2023-06-30 17:44:35 [booklist] INFO: VALID_ID: 2562763
2023-06-30 17:44:35 [booklist] INFO: VALID_ID: 2608196
2023-06-30 17:44:35 [booklist] INFO: VALID_ID: 2562762
2023-06-30 17:44:35 [booklist] INFO: VALID_ID: 2560192
2023-06-30 17:44:35 [booklist] INFO: VALID_ID: 2560194
2023-06-30 17:44:35 [booklist] INFO: VALID_ID: 1302465
2023-06-30 17:44:35 [booklist] INFO: VALID_ID: 10301522
2023-06-30 17:44:35 [booklist] INFO: VALID_ID: 2542528
2023-06-30 17:44:35 [booklist] INFO: VALID_ID: 1308537
2023-06-30 17:44:35 [booklist] INFO: VALID_ID: 1304388
2023-06-30 17:44:35 [booklist] INFO: VALID_ID: 2563442
2023-06-30 17:44:35 [booklist] INFO: VALID_ID: 2563439
2023-06-30 17:44:35 [booklist] INFO: VALID_ID: 2563438
2023-06-30 17:44:35 [booklist] INFO: VALID_ID: 1313548
2023-06-30 17:44:35 [booklist] INFO: VALID_ID: 1312837
2023-06-30 17:44:35 [booklist] INFO: VALID_ID: 1313549
2023-06-30 17:44:35 [booklist] INFO: VALID_ID: 2608363
2023-06-30 17:44:35 [booklist] INFO: VALID_ID: 2563440
2023-06-30 17:44:35 [booklist] INFO: VALID_ID: 9893362
2023-06-30 17:44:35 [booklist] INFO: VALID_ID: 2599509
2023-06-30 17:44:35 [booklist] INFO: VALID_ID: 2555836
2023-06-30 17:44:35 [booklist] INFO: VALID_ID: 2537757
2023-06-30 17:44:35 [booklist] INFO: VALID_ID: 2563441
2023-06-30 17:44:35 [booklist] INFO: VALID_ID: 2606705
2023-06-30 17:44:35 [booklist] INFO: VALID_ID: 2555835
2023-06-30 17:44:35 [booklist] INFO: VALID_ID: 2599510
2023-06-30 17:44:35 [booklist] INFO: VALID_ID: 2610308
2023-06-30 17:44:35 [booklist] INFO: VALID_ID: 1310578
2023-06-30 17:44:35 [booklist] INFO: VALID_ID: 2555837
2023-06-30 17:44:35 [booklist] INFO: VALID_ID: 2537771
2023-06-30 17:44:35 [booklist] INFO: VALID_ID: 2589491
2023-06-30 17:44:35 [booklist] INFO: VALID_ID: 2570897
2023-06-30 17:44:35 [booklist] INFO: VALID_ID: 2589490
2023-06-30 17:44:35 [booklist] INFO: VALID_ID: 1303901
2023-06-30 17:44:35 [booklist] INFO: VALID_ID: 2570899
2023-06-30 17:44:35 [booklist] INFO: VALID_ID: 2559988
2023-06-30 17:44:35 [booklist] INFO: VALID_ID: 2609536
2023-06-30 17:44:35 [booklist] INFO: VALID_ID: 2589493
2023-06-30 17:44:35 [booklist] INFO: VALID_ID: 2589494
2023-06-30 17:44:35 [booklist] INFO: VALID_ID: 2589489
2023-06-30 17:44:35 [booklist] INFO: VALID_ID: 2589492
2023-06-30 17:44:35 [booklist] INFO: VALID_ID: 1312678
2023-06-30 17:44:35 [booklist] INFO: VALID_ID: 2607569
2023-06-30 17:44:35 [booklist] INFO: VALID_ID: 2559986
2023-06-30 17:44:35 [booklist] INFO: VALID_ID: 1311795
2023-06-30 17:44:35 [booklist] INFO: VALID_ID: 2559992
2023-06-30 17:44:35 [booklist] INFO: VALID_ID: 2559987
2023-06-30 17:44:35 [booklist] INFO: VALID_ID: 2559991
2023-06-30 17:44:35 [booklist] INFO: VALID_ID: 2559989
2023-06-30 17:44:35 [booklist] INFO: VALID_ID: 1306503
2023-06-30 17:44:35 [booklist] INFO: VALID_ID: 2559990
2023-06-30 17:44:35 [booklist] INFO: VALID_ID: 1306443
2023-06-30 17:44:35 [booklist] INFO: VALID_ID: 1287770
2023-06-30 17:44:35 [booklist] INFO: VALID_ID: 1306457
2023-06-30 17:44:35 [booklist] INFO: VALID_ID: 1306519
2023-06-30 17:44:35 [booklist] INFO: VALID_ID: 2542335
2023-06-30 17:44:35 [booklist] INFO: VALID_ID: 1306436
2023-06-30 17:44:35 [booklist] INFO: VALID_ID: 2606782
2023-06-30 17:44:35 [booklist] INFO: VALID_ID: 1309669
2023-06-30 17:44:35 [booklist] INFO: VALID_ID: 1306520
2023-06-30 17:44:35 [booklist] INFO: VALID_ID: 1308774
2023-06-30 17:44:35 [booklist] INFO: VALID_ID: 1312004
2023-06-30 17:44:35 [booklist] INFO: VALID_ID: 1302789
2023-06-30 17:44:35 [booklist] INFO: VALID_ID: 1310269
2023-06-30 17:44:35 [booklist] INFO: VALID_ID: 1306444
2023-06-30 17:44:35 [booklist] INFO: VALID_ID: 1306506
2023-06-30 17:44:35 [booklist] INFO: VALID_ID: 2554177
2023-06-30 17:44:35 [booklist] INFO: VALID_ID: 1309670
2023-06-30 17:44:35 [booklist] INFO: VALID_ID: 2554179
2023-06-30 17:44:35 [scrapy.core.engine] DEBUG: Crawled (200) <POST https://dl.ndl.go.jp/api/item/search> (referer: https://dl.ndl.go.jp/api/item/search)
2023-06-30 17:44:35 [booklist] INFO: Fetched page 2
2023-06-30 17:44:36 [booklist] INFO: VALID_ID: 2554179
2023-06-30 17:44:36 [booklist] INFO: VALID_ID: 2606890
2023-06-30 17:44:36 [booklist] INFO: VALID_ID: 2547640
2023-06-30 17:44:36 [booklist] INFO: VALID_ID: 1306521
2023-06-30 17:44:36 [booklist] INFO: VALID_ID: 2554180
2023-06-30 17:44:36 [booklist] INFO: VALID_ID: 2606544
2023-06-30 17:44:36 [booklist] INFO: VALID_ID: 2547639
2023-06-30 17:44:36 [booklist] INFO: VALID_ID: 1306451
2023-06-30 17:44:36 [booklist] INFO: VALID_ID: 2547661
2023-06-30 17:44:36 [booklist] INFO: VALID_ID: 2570356
2023-06-30 17:44:36 [booklist] INFO: VALID_ID: 2551938
2023-06-30 17:44:36 [booklist] INFO: VALID_ID: 1312607
2023-06-30 17:44:36 [booklist] INFO: VALID_ID: 2532259
2023-06-30 17:44:36 [booklist] INFO: VALID_ID: 9893227
2023-06-30 17:44:36 [booklist] INFO: VALID_ID: 2608508
2023-06-30 17:44:36 [booklist] INFO: VALID_ID: 2551373
2023-06-30 17:44:36 [booklist] INFO: VALID_ID: 2551372
2023-06-30 17:44:36 [booklist] INFO: VALID_ID: 2597731
2023-06-30 17:44:36 [booklist] INFO: VALID_ID: 2597730
2023-06-30 17:44:36 [booklist] INFO: VALID_ID: 2547671
2023-06-30 17:44:36 [booklist] INFO: VALID_ID: 2609961
2023-06-30 17:44:36 [booklist] INFO: VALID_ID: 2537721
2023-06-30 17:44:36 [booklist] INFO: VALID_ID: 2547670
2023-06-30 17:44:36 [booklist] INFO: VALID_ID: 2542361
2023-06-30 17:44:36 [booklist] INFO: VALID_ID: 1288341
2023-06-30 17:44:36 [booklist] INFO: VALID_ID: 1287772
2023-06-30 17:44:36 [booklist] INFO: VALID_ID: 2547678
2023-06-30 17:44:36 [booklist] INFO: VALID_ID: 1287760
2023-06-30 17:44:36 [booklist] INFO: VALID_ID: 2547679
2023-06-30 17:44:36 [booklist] INFO: VALID_ID: 1287767
2023-06-30 17:44:36 [booklist] INFO: VALID_ID: 1287750
2023-06-30 17:44:36 [booklist] INFO: VALID_ID: 2542581
2023-06-30 17:44:36 [booklist] INFO: VALID_ID: 2553324
2023-06-30 17:44:36 [booklist] INFO: VALID_ID: 1287775
2023-06-30 17:44:36 [booklist] INFO: VALID_ID: 1287776
2023-06-30 17:44:36 [booklist] INFO: VALID_ID: 2547669
2023-06-30 17:44:36 [booklist] INFO: VALID_ID: 1287759
2023-06-30 17:44:36 [booklist] INFO: VALID_ID: 1287763
2023-06-30 17:44:36 [booklist] INFO: VALID_ID: 2553325
2023-06-30 17:44:36 [booklist] INFO: VALID_ID: 1287751
2023-06-30 17:44:36 [booklist] INFO: VALID_ID: 1287768
2023-06-30 17:44:36 [booklist] INFO: VALID_ID: 1287758
2023-06-30 17:44:36 [booklist] INFO: VALID_ID: 1287746
2023-06-30 17:44:36 [booklist] INFO: VALID_ID: 1287766
2023-06-30 17:44:36 [booklist] INFO: VALID_ID: 10301340
2023-06-30 17:44:36 [booklist] INFO: VALID_ID: 1287757
2023-06-30 17:44:36 [booklist] INFO: VALID_ID: 10301296
2023-06-30 17:44:36 [booklist] INFO: VALID_ID: 2607142
2023-06-30 17:44:36 [booklist] INFO: VALID_ID: 1287752
2023-06-30 17:44:36 [booklist] INFO: VALID_ID: 1287755
2023-06-30 17:44:36 [booklist] INFO: VALID_ID: 1287769
2023-06-30 17:44:36 [booklist] INFO: VALID_ID: 2576273
2023-06-30 17:44:36 [booklist] INFO: VALID_ID: 2576274
2023-06-30 17:44:36 [booklist] INFO: VALID_ID: 2576275
2023-06-30 17:44:36 [booklist] INFO: VALID_ID: 2576272
2023-06-30 17:44:36 [booklist] INFO: VALID_ID: 2576276
2023-06-30 17:44:36 [booklist] INFO: VALID_ID: 2576267
2023-06-30 17:44:36 [booklist] INFO: VALID_ID: 2576265
2023-06-30 17:44:36 [booklist] INFO: VALID_ID: 2576278
2023-06-30 17:44:36 [booklist] INFO: VALID_ID: 2576268
2023-06-30 17:44:36 [booklist] INFO: VALID_ID: 2576270
2023-06-30 17:44:36 [booklist] INFO: VALID_ID: 2576271
2023-06-30 17:44:36 [booklist] INFO: VALID_ID: 2576277
2023-06-30 17:44:36 [booklist] INFO: VALID_ID: 2576279
2023-06-30 17:44:36 [booklist] INFO: VALID_ID: 2606933
2023-06-30 17:44:36 [booklist] INFO: VALID_ID: 2576269
2023-06-30 17:44:36 [booklist] INFO: VALID_ID: 10301602
2023-06-30 17:44:36 [booklist] INFO: VALID_ID: 10301149
2023-06-30 17:44:36 [booklist] INFO: VALID_ID: 2548033
2023-06-30 17:44:36 [booklist] INFO: VALID_ID: 2548034
2023-06-30 17:44:36 [booklist] INFO: VALID_ID: 2609621
2023-06-30 17:44:36 [booklist] INFO: VALID_ID: 9369963
2023-06-30 17:44:36 [booklist] INFO: VALID_ID: 2571899
2023-06-30 17:44:36 [booklist] INFO: VALID_ID: 2533156
2023-06-30 17:44:36 [booklist] INFO: VALID_ID: 12865370
2023-06-30 17:44:36 [scrapy.core.engine] DEBUG: Crawled (200) <POST https://dl.ndl.go.jp/api/item/search> (referer: https://dl.ndl.go.jp/api/item/search)
2023-06-30 17:44:36 [booklist] INFO: Fetched page 3
2023-06-30 17:44:36 [booklist] INFO: No more books on 3
2023-06-30 17:44:36 [scrapy.core.engine] INFO: Closing spider (finished)
2023-06-30 17:44:36 [scrapy.statscollectors] INFO: Dumping Scrapy stats:
{'downloader/request_bytes': 4228,
 'downloader/request_count': 4,
 'downloader/request_method_count/GET': 1,
 'downloader/request_method_count/POST': 3,
 'downloader/response_bytes': 682672,
 'downloader/response_count': 4,
 'downloader/response_status_count/200': 4,
 'elapsed_time_seconds': 2.979674,
 'finish_reason': 'finished',
 'finish_time': datetime.datetime(2023, 6, 30, 9, 44, 36, 883007),
 'httpcompression/response_bytes': 7829654,
 'httpcompression/response_count': 3,
 'log_count/DEBUG': 7,
 'log_count/INFO': 189,
 'memusage/max': 63643648,
 'memusage/startup': 63643648,
 'request_depth_max': 2,
 'response_received_count': 4,
 'robotstxt/request_count': 1,
 'robotstxt/response_count': 1,
 'robotstxt/response_status_count/200': 1,
 'scheduler/dequeued': 3,
 'scheduler/dequeued/memory': 3,
 'scheduler/enqueued': 3,
 'scheduler/enqueued/memory': 3,
 'start_time': datetime.datetime(2023, 6, 30, 9, 44, 33, 903333)}
2023-06-30 17:44:36 [scrapy.core.engine] INFO: Spider closed (finished)
