2023-06-30 19:24:48 [scrapy.utils.log] INFO: Scrapy 2.9.0 started (bot: ndlcrawler)
2023-06-30 19:24:48 [scrapy.utils.log] INFO: Versions: lxml 4.9.2.0, libxml2 2.9.14, cssselect 1.2.0, parsel 1.8.1, w3lib 2.1.1, Twisted 22.10.0, Python 3.10.10 (main, Mar  5 2023, 22:26:53) [GCC 12.2.1 20230201], pyOpenSSL 23.2.0 (OpenSSL 3.1.1 30 May 2023), cryptography 41.0.1, Platform Linux-6.2.12-arch1-1-x86_64-with-glibc2.37
2023-06-30 19:24:48 [scrapy.crawler] INFO: Overridden settings:
{'BOT_NAME': 'ndlcrawler',
 'FEED_EXPORT_ENCODING': 'utf-8',
 'LOG_FILE': 'logs/booklist.title.解.DESC.log',
 'NEWSPIDER_MODULE': 'ndlcrawler.spiders',
 'REQUEST_FINGERPRINTER_IMPLEMENTATION': '2.7',
 'ROBOTSTXT_OBEY': True,
 'SPIDER_MODULES': ['ndlcrawler.spiders'],
 'TWISTED_REACTOR': 'twisted.internet.asyncioreactor.AsyncioSelectorReactor'}
2023-06-30 19:24:48 [asyncio] DEBUG: Using selector: EpollSelector
2023-06-30 19:24:48 [scrapy.utils.log] DEBUG: Using reactor: twisted.internet.asyncioreactor.AsyncioSelectorReactor
2023-06-30 19:24:48 [scrapy.utils.log] DEBUG: Using asyncio event loop: asyncio.unix_events._UnixSelectorEventLoop
2023-06-30 19:24:48 [scrapy.extensions.telnet] INFO: Telnet Password: 7b6d91468103f490
2023-06-30 19:24:48 [scrapy.middleware] INFO: Enabled extensions:
['scrapy.extensions.corestats.CoreStats',
 'scrapy.extensions.telnet.TelnetConsole',
 'scrapy.extensions.memusage.MemoryUsage',
 'scrapy.extensions.logstats.LogStats']
2023-06-30 19:24:49 [scrapy.middleware] INFO: Enabled downloader middlewares:
['scrapy.downloadermiddlewares.robotstxt.RobotsTxtMiddleware',
 'scrapy.downloadermiddlewares.httpauth.HttpAuthMiddleware',
 'scrapy.downloadermiddlewares.downloadtimeout.DownloadTimeoutMiddleware',
 'scrapy.downloadermiddlewares.defaultheaders.DefaultHeadersMiddleware',
 'scrapy.downloadermiddlewares.useragent.UserAgentMiddleware',
 'scrapy.downloadermiddlewares.retry.RetryMiddleware',
 'scrapy.downloadermiddlewares.redirect.MetaRefreshMiddleware',
 'scrapy.downloadermiddlewares.httpcompression.HttpCompressionMiddleware',
 'scrapy.downloadermiddlewares.redirect.RedirectMiddleware',
 'scrapy.downloadermiddlewares.cookies.CookiesMiddleware',
 'scrapy.downloadermiddlewares.httpproxy.HttpProxyMiddleware',
 'scrapy.downloadermiddlewares.stats.DownloaderStats']
2023-06-30 19:24:49 [scrapy.middleware] INFO: Enabled spider middlewares:
['scrapy.spidermiddlewares.httperror.HttpErrorMiddleware',
 'scrapy.spidermiddlewares.offsite.OffsiteMiddleware',
 'scrapy.spidermiddlewares.referer.RefererMiddleware',
 'scrapy.spidermiddlewares.urllength.UrlLengthMiddleware',
 'scrapy.spidermiddlewares.depth.DepthMiddleware']
2023-06-30 19:24:49 [scrapy.middleware] INFO: Enabled item pipelines:
[]
2023-06-30 19:24:49 [scrapy.core.engine] INFO: Spider opened
2023-06-30 19:24:49 [scrapy.extensions.logstats] INFO: Crawled 0 pages (at 0 pages/min), scraped 0 items (at 0 items/min)
2023-06-30 19:24:49 [scrapy.extensions.telnet] INFO: Telnet console listening on 127.0.0.1:6023
2023-06-30 19:24:50 [scrapy.core.engine] DEBUG: Crawled (200) <GET https://dl.ndl.go.jp/robots.txt> (referer: None)
2023-06-30 19:24:51 [scrapy.core.engine] DEBUG: Crawled (200) <POST https://dl.ndl.go.jp/api/item/search> (referer: None)
2023-06-30 19:24:51 [booklist] INFO: Fetched page 1
2023-06-30 19:24:51 [booklist] INFO: VALID_ID: 1301430
2023-06-30 19:24:51 [booklist] INFO: VALID_ID: 1312903
2023-06-30 19:24:51 [booklist] INFO: VALID_ID: 10300968
2023-06-30 19:24:51 [booklist] INFO: VALID_ID: 2599700
2023-06-30 19:24:51 [booklist] INFO: VALID_ID: 2533547
2023-06-30 19:24:51 [booklist] INFO: VALID_ID: 2539324
2023-06-30 19:24:51 [booklist] INFO: VALID_ID: 1301432
2023-06-30 19:24:51 [booklist] INFO: VALID_ID: 2608776
2023-06-30 19:24:51 [booklist] INFO: VALID_ID: 2562895
2023-06-30 19:24:51 [booklist] INFO: VALID_ID: 1307302
2023-06-30 19:24:51 [booklist] INFO: VALID_ID: 2562896
2023-06-30 19:24:51 [booklist] INFO: VALID_ID: 2562781
2023-06-30 19:24:51 [booklist] INFO: VALID_ID: 2562780
2023-06-30 19:24:51 [booklist] INFO: VALID_ID: 2537673
2023-06-30 19:24:51 [booklist] INFO: VALID_ID: 1301389
2023-06-30 19:24:51 [booklist] INFO: VALID_ID: 2541561
2023-06-30 19:24:51 [booklist] INFO: VALID_ID: 2599698
2023-06-30 19:24:51 [booklist] INFO: VALID_ID: 1301388
2023-06-30 19:24:51 [booklist] INFO: VALID_ID: 2599699
2023-06-30 19:24:51 [booklist] INFO: VALID_ID: 2609822
2023-06-30 19:24:51 [booklist] INFO: VALID_ID: 2562897
2023-06-30 19:24:51 [booklist] INFO: VALID_ID: 2609080
2023-06-30 19:24:51 [booklist] INFO: VALID_ID: 2599697
2023-06-30 19:24:51 [booklist] INFO: VALID_ID: 2599701
2023-06-30 19:24:51 [booklist] INFO: VALID_ID: 2539325
2023-06-30 19:24:51 [booklist] INFO: VALID_ID: 1301390
2023-06-30 19:24:51 [booklist] INFO: VALID_ID: 2565407
2023-06-30 19:24:51 [booklist] INFO: VALID_ID: 2565412
2023-06-30 19:24:51 [booklist] INFO: VALID_ID: 2565402
2023-06-30 19:24:51 [booklist] INFO: VALID_ID: 2565411
2023-06-30 19:24:51 [booklist] INFO: VALID_ID: 2565414
2023-06-30 19:24:51 [booklist] INFO: VALID_ID: 2565410
2023-06-30 19:24:51 [booklist] INFO: VALID_ID: 3510701
2023-06-30 19:24:51 [booklist] INFO: VALID_ID: 3510702
2023-06-30 19:24:51 [booklist] INFO: VALID_ID: 2565408
2023-06-30 19:24:51 [booklist] INFO: VALID_ID: 2565409
2023-06-30 19:24:51 [booklist] INFO: VALID_ID: 2608707
2023-06-30 19:24:51 [booklist] INFO: VALID_ID: 2565403
2023-06-30 19:24:51 [booklist] INFO: VALID_ID: 2565405
2023-06-30 19:24:51 [booklist] INFO: VALID_ID: 2565397
2023-06-30 19:24:51 [booklist] INFO: VALID_ID: 2565399
2023-06-30 19:24:51 [booklist] INFO: VALID_ID: 2565416
2023-06-30 19:24:51 [booklist] INFO: VALID_ID: 2562906
2023-06-30 19:24:51 [booklist] INFO: VALID_ID: 2565404
2023-06-30 19:24:51 [booklist] INFO: VALID_ID: 2565406
2023-06-30 19:24:51 [booklist] INFO: VALID_ID: 2565401
2023-06-30 19:24:51 [booklist] INFO: VALID_ID: 2538656
2023-06-30 19:24:51 [booklist] INFO: VALID_ID: 2565400
2023-06-30 19:24:51 [booklist] INFO: VALID_ID: 2565398
2023-06-30 19:24:51 [booklist] INFO: VALID_ID: 2565413
2023-06-30 19:24:51 [booklist] INFO: VALID_ID: 2565415
2023-06-30 19:24:51 [booklist] INFO: VALID_ID: 3510700
2023-06-30 19:24:51 [booklist] INFO: VALID_ID: 2562904
2023-06-30 19:24:51 [booklist] INFO: VALID_ID: 2562907
2023-06-30 19:24:51 [booklist] INFO: VALID_ID: 2562908
2023-06-30 19:24:51 [booklist] INFO: VALID_ID: 2605588
2023-06-30 19:24:51 [booklist] INFO: VALID_ID: 3510697
2023-06-30 19:24:51 [booklist] INFO: VALID_ID: 9366480
2023-06-30 19:24:51 [booklist] INFO: VALID_ID: 3510699
2023-06-30 19:24:51 [booklist] INFO: VALID_ID: 3510696
2023-06-30 19:24:51 [booklist] INFO: VALID_ID: 3510698
2023-06-30 19:24:51 [booklist] INFO: VALID_ID: 2540934
2023-06-30 19:24:51 [booklist] INFO: VALID_ID: 2543960
2023-06-30 19:24:51 [booklist] INFO: VALID_ID: 2540338
2023-06-30 19:24:51 [booklist] INFO: VALID_ID: 9367080
2023-06-30 19:24:51 [booklist] INFO: VALID_ID: 2543959
2023-06-30 19:24:51 [booklist] INFO: VALID_ID: 9366479
2023-06-30 19:24:51 [booklist] INFO: VALID_ID: 2544190
2023-06-30 19:24:51 [booklist] INFO: VALID_ID: 2544189
2023-06-30 19:24:51 [booklist] INFO: VALID_ID: 2606249
2023-06-30 19:24:51 [booklist] INFO: VALID_ID: 2607960
2023-06-30 19:24:51 [booklist] INFO: VALID_ID: 2562905
2023-06-30 19:24:51 [booklist] INFO: VALID_ID: 2607768
2023-06-30 19:24:51 [booklist] INFO: VALID_ID: 2542939
2023-06-30 19:24:51 [booklist] INFO: VALID_ID: 2586889
2023-06-30 19:24:51 [booklist] INFO: VALID_ID: 2573700
2023-06-30 19:24:51 [booklist] INFO: VALID_ID: 2573702
2023-06-30 19:24:51 [booklist] INFO: VALID_ID: 2541056
2023-06-30 19:24:51 [booklist] INFO: VALID_ID: 2573699
2023-06-30 19:24:51 [booklist] INFO: VALID_ID: 2562909
2023-06-30 19:24:51 [booklist] INFO: VALID_ID: 2573698
2023-06-30 19:24:51 [booklist] INFO: VALID_ID: 2573701
2023-06-30 19:24:51 [booklist] INFO: VALID_ID: 2607557
2023-06-30 19:24:51 [booklist] INFO: VALID_ID: 2573692
2023-06-30 19:24:51 [booklist] INFO: VALID_ID: 2539765
2023-06-30 19:24:51 [booklist] INFO: VALID_ID: 2558615
2023-06-30 19:24:51 [booklist] INFO: VALID_ID: 2573716
2023-06-30 19:24:51 [booklist] INFO: VALID_ID: 2573751
2023-06-30 19:24:51 [booklist] INFO: VALID_ID: 2573688
2023-06-30 19:24:51 [booklist] INFO: VALID_ID: 2573741
2023-06-30 19:24:51 [booklist] INFO: VALID_ID: 2573767
2023-06-30 19:24:51 [booklist] INFO: VALID_ID: 2573694
2023-06-30 19:24:51 [booklist] INFO: VALID_ID: 2573695
2023-06-30 19:24:51 [booklist] INFO: VALID_ID: 2573703
2023-06-30 19:24:51 [booklist] INFO: VALID_ID: 2573704
2023-06-30 19:24:51 [booklist] INFO: VALID_ID: 2573738
2023-06-30 19:24:51 [booklist] INFO: VALID_ID: 2558614
2023-06-30 19:24:51 [booklist] INFO: VALID_ID: 2573709
2023-06-30 19:24:51 [booklist] INFO: VALID_ID: 2573743
2023-06-30 19:24:51 [booklist] INFO: VALID_ID: 2573752
2023-06-30 19:24:52 [scrapy.core.engine] DEBUG: Crawled (200) <POST https://dl.ndl.go.jp/api/item/search> (referer: https://dl.ndl.go.jp/api/item/search)
2023-06-30 19:24:52 [booklist] INFO: Fetched page 2
2023-06-30 19:24:52 [booklist] INFO: VALID_ID: 2573694
2023-06-30 19:24:52 [booklist] INFO: VALID_ID: 2573695
2023-06-30 19:24:52 [booklist] INFO: VALID_ID: 2573690
2023-06-30 19:24:52 [booklist] INFO: VALID_ID: 2573731
2023-06-30 19:24:52 [booklist] INFO: VALID_ID: 2573755
2023-06-30 19:24:52 [booklist] INFO: VALID_ID: 2573721
2023-06-30 19:24:52 [booklist] INFO: VALID_ID: 2573749
2023-06-30 19:24:52 [booklist] INFO: VALID_ID: 2573770
2023-06-30 19:24:52 [booklist] INFO: VALID_ID: 2573738
2023-06-30 19:24:52 [booklist] INFO: VALID_ID: 2573715
2023-06-30 19:24:52 [booklist] INFO: VALID_ID: 2573718
2023-06-30 19:24:52 [booklist] INFO: VALID_ID: 2573764
2023-06-30 19:24:52 [booklist] INFO: VALID_ID: 2573756
2023-06-30 19:24:52 [booklist] INFO: VALID_ID: 2573757
2023-06-30 19:24:52 [booklist] INFO: VALID_ID: 2573696
2023-06-30 19:24:52 [booklist] INFO: VALID_ID: 2573717
2023-06-30 19:24:52 [booklist] INFO: VALID_ID: 2573726
2023-06-30 19:24:52 [booklist] INFO: VALID_ID: 2573729
2023-06-30 19:24:52 [booklist] INFO: VALID_ID: 2573771
2023-06-30 19:24:52 [booklist] INFO: VALID_ID: 2573711
2023-06-30 19:24:52 [booklist] INFO: VALID_ID: 2573739
2023-06-30 19:24:52 [booklist] INFO: VALID_ID: 2573773
2023-06-30 19:24:52 [booklist] INFO: VALID_ID: 2573746
2023-06-30 19:24:52 [booklist] INFO: VALID_ID: 2573710
2023-06-30 19:24:52 [booklist] INFO: VALID_ID: 2573693
2023-06-30 19:24:52 [booklist] INFO: VALID_ID: 2558615
2023-06-30 19:24:52 [booklist] INFO: VALID_ID: 2573697
2023-06-30 19:24:52 [booklist] INFO: VALID_ID: 2573689
2023-06-30 19:24:52 [booklist] INFO: VALID_ID: 2573705
2023-06-30 19:24:52 [booklist] INFO: VALID_ID: 2573728
2023-06-30 19:24:52 [booklist] INFO: VALID_ID: 2573760
2023-06-30 19:24:52 [booklist] INFO: VALID_ID: 2573714
2023-06-30 19:24:52 [booklist] INFO: VALID_ID: 2573723
2023-06-30 19:24:52 [booklist] INFO: VALID_ID: 2573734
2023-06-30 19:24:52 [booklist] INFO: VALID_ID: 2573737
2023-06-30 19:24:52 [booklist] INFO: VALID_ID: 2573742
2023-06-30 19:24:52 [booklist] INFO: VALID_ID: 2573753
2023-06-30 19:24:52 [booklist] INFO: VALID_ID: 2573730
2023-06-30 19:24:52 [booklist] INFO: VALID_ID: 2573707
2023-06-30 19:24:52 [booklist] INFO: VALID_ID: 2573712
2023-06-30 19:24:52 [booklist] INFO: VALID_ID: 2573713
2023-06-30 19:24:52 [booklist] INFO: VALID_ID: 2573719
2023-06-30 19:24:52 [booklist] INFO: VALID_ID: 2573750
2023-06-30 19:24:52 [booklist] INFO: VALID_ID: 2573765
2023-06-30 19:24:52 [booklist] INFO: VALID_ID: 2573766
2023-06-30 19:24:52 [booklist] INFO: VALID_ID: 2573745
2023-06-30 19:24:52 [booklist] INFO: VALID_ID: 2573727
2023-06-30 19:24:52 [booklist] INFO: VALID_ID: 2573761
2023-06-30 19:24:52 [booklist] INFO: VALID_ID: 2573763
2023-06-30 19:24:52 [booklist] INFO: VALID_ID: 2573691
2023-06-30 19:24:52 [booklist] INFO: VALID_ID: 2573772
2023-06-30 19:24:52 [booklist] INFO: VALID_ID: 2573720
2023-06-30 19:24:52 [booklist] INFO: VALID_ID: 2573768
2023-06-30 19:24:52 [booklist] INFO: VALID_ID: 2573725
2023-06-30 19:24:52 [booklist] INFO: VALID_ID: 2573732
2023-06-30 19:24:52 [booklist] INFO: VALID_ID: 2573733
2023-06-30 19:24:52 [booklist] INFO: VALID_ID: 2573740
2023-06-30 19:24:52 [booklist] INFO: VALID_ID: 2573744
2023-06-30 19:24:52 [booklist] INFO: VALID_ID: 2573754
2023-06-30 19:24:52 [booklist] INFO: VALID_ID: 2573759
2023-06-30 19:24:52 [booklist] INFO: VALID_ID: 2573769
2023-06-30 19:24:52 [booklist] INFO: VALID_ID: 2573736
2023-06-30 19:24:52 [booklist] INFO: VALID_ID: 2573762
2023-06-30 19:24:52 [booklist] INFO: VALID_ID: 2573735
2023-06-30 19:24:52 [booklist] INFO: VALID_ID: 2573747
2023-06-30 19:24:52 [booklist] INFO: VALID_ID: 2573748
2023-06-30 19:24:52 [booklist] INFO: VALID_ID: 2533166
2023-06-30 19:24:52 [booklist] INFO: VALID_ID: 1308991
2023-06-30 19:24:52 [booklist] INFO: VALID_ID: 1308996
2023-06-30 19:24:52 [booklist] INFO: VALID_ID: 1309000
2023-06-30 19:24:52 [booklist] INFO: VALID_ID: 1308998
2023-06-30 19:24:52 [booklist] INFO: VALID_ID: 1309002
2023-06-30 19:24:52 [booklist] INFO: VALID_ID: 2546276
2023-06-30 19:24:52 [booklist] INFO: VALID_ID: 1308995
2023-06-30 19:24:52 [booklist] INFO: VALID_ID: 1308993
2023-06-30 19:24:52 [booklist] INFO: VALID_ID: 2546273
2023-06-30 19:24:52 [booklist] INFO: VALID_ID: 1308992
2023-06-30 19:24:52 [booklist] INFO: VALID_ID: 1309005
2023-06-30 19:24:52 [booklist] INFO: VALID_ID: 1309006
2023-06-30 19:24:52 [booklist] INFO: VALID_ID: 2546275
2023-06-30 19:24:52 [booklist] INFO: VALID_ID: 1309004
2023-06-30 19:24:52 [booklist] INFO: VALID_ID: 2546274
2023-06-30 19:24:52 [booklist] INFO: VALID_ID: 1308994
2023-06-30 19:24:52 [booklist] INFO: VALID_ID: 2546277
2023-06-30 19:24:52 [booklist] INFO: VALID_ID: 2606111
2023-06-30 19:24:52 [booklist] INFO: VALID_ID: 1308999
2023-06-30 19:24:52 [booklist] INFO: VALID_ID: 2538949
2023-06-30 19:24:52 [booklist] INFO: VALID_ID: 1309001
2023-06-30 19:24:52 [booklist] INFO: VALID_ID: 1309003
2023-06-30 19:24:52 [booklist] INFO: VALID_ID: 1308997
2023-06-30 19:24:52 [booklist] INFO: VALID_ID: 2539434
2023-06-30 19:24:52 [booklist] INFO: VALID_ID: 2533167
2023-06-30 19:24:52 [booklist] INFO: VALID_ID: 2544453
2023-06-30 19:24:52 [booklist] INFO: VALID_ID: 2539190
2023-06-30 19:24:52 [booklist] INFO: VALID_ID: 2544451
2023-06-30 19:24:52 [booklist] INFO: VALID_ID: 2565380
2023-06-30 19:24:52 [booklist] INFO: VALID_ID: 2540255
2023-06-30 19:24:52 [booklist] INFO: VALID_ID: 2605885
2023-06-30 19:24:52 [booklist] INFO: VALID_ID: 2544450
2023-06-30 19:24:52 [booklist] INFO: VALID_ID: 2544452
2023-06-30 19:24:53 [scrapy.core.engine] DEBUG: Crawled (200) <POST https://dl.ndl.go.jp/api/item/search> (referer: https://dl.ndl.go.jp/api/item/search)
2023-06-30 19:24:54 [booklist] INFO: Fetched page 3
2023-06-30 19:24:54 [booklist] INFO: VALID_ID: 2544452
2023-06-30 19:24:54 [booklist] INFO: VALID_ID: 2565379
2023-06-30 19:24:54 [booklist] INFO: VALID_ID: 2544454
2023-06-30 19:24:54 [booklist] INFO: VALID_ID: 2565381
2023-06-30 19:24:54 [booklist] INFO: VALID_ID: 8943072
2023-06-30 19:24:54 [booklist] INFO: VALID_ID: 8943075
2023-06-30 19:24:54 [booklist] INFO: VALID_ID: 2608754
2023-06-30 19:24:54 [booklist] INFO: VALID_ID: 2607968
2023-06-30 19:24:54 [booklist] INFO: VALID_ID: 8943076
2023-06-30 19:24:54 [booklist] INFO: VALID_ID: 2564848
2023-06-30 19:24:54 [booklist] INFO: VALID_ID: 8943235
2023-06-30 19:24:54 [booklist] INFO: VALID_ID: 8943078
2023-06-30 19:24:54 [booklist] INFO: VALID_ID: 2564849
2023-06-30 19:24:54 [booklist] INFO: VALID_ID: 2564847
2023-06-30 19:24:54 [booklist] INFO: VALID_ID: 8943074
2023-06-30 19:24:54 [booklist] INFO: VALID_ID: 12865375
2023-06-30 19:24:54 [booklist] INFO: VALID_ID: 11891779
2023-06-30 19:24:54 [booklist] INFO: VALID_ID: 8943261
2023-06-30 19:24:54 [booklist] INFO: VALID_ID: 8943077
2023-06-30 19:24:54 [booklist] INFO: VALID_ID: 2537111
2023-06-30 19:24:54 [booklist] INFO: VALID_ID: 2537110
2023-06-30 19:24:54 [booklist] INFO: VALID_ID: 8943073
2023-06-30 19:24:54 [booklist] INFO: VALID_ID: 8943079
2023-06-30 19:24:54 [booklist] INFO: VALID_ID: 1287531
2023-06-30 19:24:54 [booklist] INFO: VALID_ID: 2607458
2023-06-30 19:24:54 [booklist] INFO: VALID_ID: 1287529
2023-06-30 19:24:54 [booklist] INFO: VALID_ID: 2540202
2023-06-30 19:24:54 [booklist] INFO: VALID_ID: 2537233
2023-06-30 19:24:54 [booklist] INFO: VALID_ID: 2558296
2023-06-30 19:24:54 [booklist] INFO: VALID_ID: 1287530
2023-06-30 19:24:54 [booklist] INFO: VALID_ID: 9892635
2023-06-30 19:24:54 [booklist] INFO: VALID_ID: 2558081
2023-06-30 19:24:54 [booklist] INFO: VALID_ID: 2570156
2023-06-30 19:24:54 [booklist] INFO: VALID_ID: 2570172
2023-06-30 19:24:54 [booklist] INFO: VALID_ID: 2570182
2023-06-30 19:24:54 [booklist] INFO: VALID_ID: 2570161
2023-06-30 19:24:54 [booklist] INFO: VALID_ID: 2558080
2023-06-30 19:24:54 [booklist] INFO: VALID_ID: 2570158
2023-06-30 19:24:54 [booklist] INFO: VALID_ID: 2570175
2023-06-30 19:24:54 [booklist] INFO: VALID_ID: 2570180
2023-06-30 19:24:54 [booklist] INFO: VALID_ID: 2570176
2023-06-30 19:24:54 [booklist] INFO: VALID_ID: 2570179
2023-06-30 19:24:54 [booklist] INFO: VALID_ID: 2558327
2023-06-30 19:24:54 [booklist] INFO: VALID_ID: 2570155
2023-06-30 19:24:54 [booklist] INFO: VALID_ID: 2590554
2023-06-30 19:24:54 [booklist] INFO: VALID_ID: 2558079
2023-06-30 19:24:54 [booklist] INFO: VALID_ID: 2608097
2023-06-30 19:24:54 [booklist] INFO: VALID_ID: 2570153
2023-06-30 19:24:54 [booklist] INFO: VALID_ID: 2590550
2023-06-30 19:24:54 [booklist] INFO: VALID_ID: 2570174
2023-06-30 19:24:54 [booklist] INFO: VALID_ID: 2590552
2023-06-30 19:24:54 [booklist] INFO: VALID_ID: 2570157
2023-06-30 19:24:54 [booklist] INFO: VALID_ID: 2570159
2023-06-30 19:24:54 [booklist] INFO: VALID_ID: 2570165
2023-06-30 19:24:54 [booklist] INFO: VALID_ID: 11038504
2023-06-30 19:24:54 [booklist] INFO: VALID_ID: 2570154
2023-06-30 19:24:54 [booklist] INFO: VALID_ID: 2553097
2023-06-30 19:24:54 [booklist] INFO: VALID_ID: 2570171
2023-06-30 19:24:54 [booklist] INFO: VALID_ID: 2570183
2023-06-30 19:24:54 [booklist] INFO: VALID_ID: 2570184
2023-06-30 19:24:54 [booklist] INFO: VALID_ID: 2553095
2023-06-30 19:24:54 [booklist] INFO: VALID_ID: 2570170
2023-06-30 19:24:54 [booklist] INFO: VALID_ID: 2537109
2023-06-30 19:24:54 [booklist] INFO: VALID_ID: 2553092
2023-06-30 19:24:54 [booklist] INFO: VALID_ID: 2590548
2023-06-30 19:24:54 [booklist] INFO: VALID_ID: 2590551
2023-06-30 19:24:54 [booklist] INFO: VALID_ID: 2570185
2023-06-30 19:24:54 [booklist] INFO: VALID_ID: 2553099
2023-06-30 19:24:54 [booklist] INFO: VALID_ID: 2553093
2023-06-30 19:24:54 [booklist] INFO: VALID_ID: 2609087
2023-06-30 19:24:54 [booklist] INFO: VALID_ID: 2606135
2023-06-30 19:24:54 [booklist] INFO: VALID_ID: 2570160
2023-06-30 19:24:54 [booklist] INFO: VALID_ID: 2590553
2023-06-30 19:24:54 [booklist] INFO: VALID_ID: 2570181
2023-06-30 19:24:54 [booklist] INFO: VALID_ID: 2553100
2023-06-30 19:24:54 [booklist] INFO: VALID_ID: 2570173
2023-06-30 19:24:54 [booklist] INFO: VALID_ID: 2553091
2023-06-30 19:24:54 [booklist] INFO: VALID_ID: 2590549
2023-06-30 19:24:54 [booklist] INFO: VALID_ID: 2553098
2023-06-30 19:24:54 [booklist] INFO: VALID_ID: 2570167
2023-06-30 19:24:54 [booklist] INFO: VALID_ID: 2590546
2023-06-30 19:24:54 [booklist] INFO: VALID_ID: 2590547
2023-06-30 19:24:54 [booklist] INFO: VALID_ID: 2590544
2023-06-30 19:24:54 [booklist] INFO: VALID_ID: 2590545
2023-06-30 19:24:54 [booklist] INFO: VALID_ID: 2553096
2023-06-30 19:24:54 [booklist] INFO: VALID_ID: 2570162
2023-06-30 19:24:54 [booklist] INFO: VALID_ID: 2570163
2023-06-30 19:24:54 [booklist] INFO: VALID_ID: 2570178
2023-06-30 19:24:54 [booklist] INFO: VALID_ID: 2570186
2023-06-30 19:24:54 [booklist] INFO: VALID_ID: 2553094
2023-06-30 19:24:54 [booklist] INFO: VALID_ID: 2570166
2023-06-30 19:24:54 [booklist] INFO: VALID_ID: 2570168
2023-06-30 19:24:54 [booklist] INFO: VALID_ID: 2570169
2023-06-30 19:24:54 [booklist] INFO: VALID_ID: 2541313
2023-06-30 19:24:54 [booklist] INFO: VALID_ID: 2590555
2023-06-30 19:24:54 [booklist] INFO: VALID_ID: 2570164
2023-06-30 19:24:54 [booklist] INFO: VALID_ID: 2570177
2023-06-30 19:24:54 [booklist] INFO: VALID_ID: 2553101
2023-06-30 19:24:54 [booklist] INFO: VALID_ID: 2611007
2023-06-30 19:24:54 [booklist] INFO: VALID_ID: 3511851
2023-06-30 19:24:55 [scrapy.core.engine] DEBUG: Crawled (200) <POST https://dl.ndl.go.jp/api/item/search> (referer: https://dl.ndl.go.jp/api/item/search)
2023-06-30 19:24:55 [booklist] INFO: Fetched page 4
2023-06-30 19:24:55 [booklist] INFO: VALID_ID: 2559589
2023-06-30 19:24:55 [booklist] INFO: VALID_ID: 2556861
2023-06-30 19:24:55 [booklist] INFO: VALID_ID: 2541313
2023-06-30 19:24:55 [booklist] INFO: VALID_ID: 2558470
2023-06-30 19:24:55 [booklist] INFO: VALID_ID: 2536712
2023-06-30 19:24:55 [booklist] INFO: VALID_ID: 2550883
2023-06-30 19:24:55 [booklist] INFO: VALID_ID: 2545171
2023-06-30 19:24:55 [booklist] INFO: VALID_ID: 2538020
2023-06-30 19:24:55 [booklist] INFO: VALID_ID: 2539653
2023-06-30 19:24:55 [booklist] INFO: VALID_ID: 2535694
2023-06-30 19:24:55 [booklist] INFO: VALID_ID: 2550884
2023-06-30 19:24:55 [booklist] INFO: VALID_ID: 2559591
2023-06-30 19:24:55 [booklist] INFO: VALID_ID: 2556864
2023-06-30 19:24:55 [booklist] INFO: VALID_ID: 12865371
2023-06-30 19:24:55 [booklist] INFO: VALID_ID: 2538614
2023-06-30 19:24:55 [booklist] INFO: VALID_ID: 2554198
2023-06-30 19:24:55 [booklist] INFO: VALID_ID: 2545174
2023-06-30 19:24:55 [booklist] INFO: VALID_ID: 2540935
2023-06-30 19:24:55 [booklist] INFO: VALID_ID: 2535443
2023-06-30 19:24:55 [booklist] INFO: VALID_ID: 2541688
2023-06-30 19:24:55 [booklist] INFO: VALID_ID: 2556859
2023-06-30 19:24:55 [booklist] INFO: VALID_ID: 2556858
2023-06-30 19:24:55 [booklist] INFO: VALID_ID: 2558472
2023-06-30 19:24:55 [booklist] INFO: VALID_ID: 1288255
2023-06-30 19:24:55 [booklist] INFO: VALID_ID: 2606815
2023-06-30 19:24:55 [booklist] INFO: VALID_ID: 2556857
2023-06-30 19:24:55 [booklist] INFO: VALID_ID: 2537356
2023-06-30 19:24:55 [booklist] INFO: VALID_ID: 2556860
2023-06-30 19:24:55 [booklist] INFO: VALID_ID: 2556863
2023-06-30 19:24:55 [booklist] INFO: VALID_ID: 2538177
2023-06-30 19:24:55 [booklist] INFO: VALID_ID: 1288253
2023-06-30 19:24:55 [booklist] INFO: VALID_ID: 2545172
2023-06-30 19:24:55 [booklist] INFO: VALID_ID: 2559592
2023-06-30 19:24:55 [booklist] INFO: VALID_ID: 2537516
2023-06-30 19:24:55 [booklist] INFO: VALID_ID: 2556856
2023-06-30 19:24:55 [booklist] INFO: VALID_ID: 1288461
2023-06-30 19:24:55 [booklist] INFO: VALID_ID: 2559590
2023-06-30 19:24:55 [booklist] INFO: VALID_ID: 2556862
2023-06-30 19:24:55 [booklist] INFO: VALID_ID: 2533113
2023-06-30 19:24:55 [booklist] INFO: VALID_ID: 2541570
2023-06-30 19:24:55 [booklist] INFO: VALID_ID: 1288252
2023-06-30 19:24:55 [booklist] INFO: VALID_ID: 2554202
2023-06-30 19:24:55 [booklist] INFO: VALID_ID: 2607300
2023-06-30 19:24:55 [booklist] INFO: VALID_ID: 2535808
2023-06-30 19:24:55 [booklist] INFO: VALID_ID: 2605825
2023-06-30 19:24:55 [booklist] INFO: VALID_ID: 2539185
2023-06-30 19:24:55 [booklist] INFO: VALID_ID: 11891709
2023-06-30 19:24:55 [booklist] INFO: VALID_ID: 2538895
2023-06-30 19:24:55 [booklist] INFO: VALID_ID: 2606270
2023-06-30 19:24:55 [booklist] INFO: VALID_ID: 2554201
2023-06-30 19:24:55 [booklist] INFO: VALID_ID: 2605979
2023-06-30 19:24:55 [booklist] INFO: VALID_ID: 2608359
2023-06-30 19:24:55 [booklist] INFO: VALID_ID: 1288254
2023-06-30 19:24:55 [booklist] INFO: VALID_ID: 2545173
2023-06-30 19:24:55 [booklist] INFO: VALID_ID: 2558471
2023-06-30 19:24:55 [booklist] INFO: VALID_ID: 1287868
2023-06-30 19:24:55 [booklist] INFO: VALID_ID: 2554199
2023-06-30 19:24:55 [booklist] INFO: VALID_ID: 2554200
2023-06-30 19:24:55 [booklist] INFO: VALID_ID: 2538275
2023-06-30 19:24:55 [booklist] INFO: VALID_ID: 2554203
2023-06-30 19:24:55 [booklist] INFO: VALID_ID: 2540090
2023-06-30 19:24:55 [booklist] INFO: VALID_ID: 2565990
2023-06-30 19:24:55 [booklist] INFO: VALID_ID: 2608932
2023-06-30 19:24:55 [booklist] INFO: VALID_ID: 2570326
2023-06-30 19:24:55 [booklist] INFO: VALID_ID: 2554885
2023-06-30 19:24:55 [booklist] INFO: VALID_ID: 2554887
2023-06-30 19:24:55 [booklist] INFO: VALID_ID: 2570332
2023-06-30 19:24:55 [booklist] INFO: VALID_ID: 2540274
2023-06-30 19:24:55 [booklist] INFO: VALID_ID: 2541550
2023-06-30 19:24:55 [booklist] INFO: VALID_ID: 2540940
2023-06-30 19:24:55 [booklist] INFO: VALID_ID: 2570334
2023-06-30 19:24:55 [booklist] INFO: VALID_ID: 2537688
2023-06-30 19:24:55 [booklist] INFO: VALID_ID: 3508175
2023-06-30 19:24:55 [booklist] INFO: VALID_ID: 2570335
2023-06-30 19:24:55 [booklist] INFO: VALID_ID: 2537932
2023-06-30 19:24:55 [booklist] INFO: VALID_ID: 2608433
2023-06-30 19:24:55 [booklist] INFO: VALID_ID: 2570325
2023-06-30 19:24:55 [booklist] INFO: VALID_ID: 2534143
2023-06-30 19:24:55 [booklist] INFO: VALID_ID: 2565989
2023-06-30 19:24:55 [booklist] INFO: VALID_ID: 8929391
2023-06-30 19:24:55 [booklist] INFO: VALID_ID: 2532591
2023-06-30 19:24:55 [booklist] INFO: VALID_ID: 2543079
2023-06-30 19:24:55 [booklist] INFO: VALID_ID: 2539339
2023-06-30 19:24:55 [booklist] INFO: VALID_ID: 2570327
2023-06-30 19:24:55 [booklist] INFO: VALID_ID: 2540059
2023-06-30 19:24:55 [booklist] INFO: VALID_ID: 2536502
2023-06-30 19:24:55 [booklist] INFO: VALID_ID: 2554886
2023-06-30 19:24:55 [booklist] INFO: VALID_ID: 2536170
2023-06-30 19:24:55 [booklist] INFO: VALID_ID: 2570329
2023-06-30 19:24:55 [booklist] INFO: VALID_ID: 2570330
2023-06-30 19:24:55 [booklist] INFO: VALID_ID: 2532348
2023-06-30 19:24:55 [booklist] INFO: VALID_ID: 2538624
2023-06-30 19:24:55 [booklist] INFO: VALID_ID: 2570333
2023-06-30 19:24:55 [booklist] INFO: VALID_ID: 2570328
2023-06-30 19:24:55 [booklist] INFO: VALID_ID: 2570331
2023-06-30 19:24:55 [booklist] INFO: VALID_ID: 2606364
2023-06-30 19:24:55 [booklist] INFO: VALID_ID: 2606119
2023-06-30 19:24:55 [booklist] INFO: VALID_ID: 2607448
2023-06-30 19:24:55 [booklist] INFO: VALID_ID: 1287392
2023-06-30 19:24:55 [booklist] INFO: VALID_ID: 2537620
2023-06-30 19:24:56 [scrapy.core.engine] DEBUG: Crawled (200) <POST https://dl.ndl.go.jp/api/item/search> (referer: https://dl.ndl.go.jp/api/item/search)
2023-06-30 19:24:56 [booklist] INFO: Fetched page 5
2023-06-30 19:24:56 [booklist] INFO: VALID_ID: 2537177
2023-06-30 19:24:56 [booklist] INFO: VALID_ID: 2605860
2023-06-30 19:24:56 [booklist] INFO: VALID_ID: 2577802
2023-06-30 19:24:56 [booklist] INFO: VALID_ID: 2557412
2023-06-30 19:24:56 [booklist] INFO: VALID_ID: 2555910
2023-06-30 19:24:56 [booklist] INFO: VALID_ID: 2565979
2023-06-30 19:24:56 [booklist] INFO: VALID_ID: 2568222
2023-06-30 19:24:56 [booklist] INFO: VALID_ID: 2537620
2023-06-30 19:24:56 [booklist] INFO: VALID_ID: 2568221
2023-06-30 19:24:56 [booklist] INFO: VALID_ID: 2565980
2023-06-30 19:24:56 [booklist] INFO: VALID_ID: 2557410
2023-06-30 19:24:56 [booklist] INFO: VALID_ID: 1287011
2023-06-30 19:24:56 [booklist] INFO: VALID_ID: 2609017
2023-06-30 19:24:56 [booklist] INFO: VALID_ID: 2537087
2023-06-30 19:24:56 [booklist] INFO: VALID_ID: 2577804
2023-06-30 19:24:56 [booklist] INFO: VALID_ID: 2568220
2023-06-30 19:24:56 [booklist] INFO: VALID_ID: 2582964
2023-06-30 19:24:56 [booklist] INFO: VALID_ID: 1287394
2023-06-30 19:24:56 [booklist] INFO: VALID_ID: 2562910
2023-06-30 19:24:56 [booklist] INFO: VALID_ID: 2541169
2023-06-30 19:24:56 [booklist] INFO: VALID_ID: 2537132
2023-06-30 19:24:56 [booklist] INFO: VALID_ID: 2562913
2023-06-30 19:24:56 [booklist] INFO: VALID_ID: 1287391
2023-06-30 19:24:56 [booklist] INFO: VALID_ID: 1287397
2023-06-30 19:24:56 [booklist] INFO: VALID_ID: 2545169
2023-06-30 19:24:56 [booklist] INFO: VALID_ID: 2557143
2023-06-30 19:24:56 [booklist] INFO: VALID_ID: 2557144
2023-06-30 19:24:56 [booklist] INFO: VALID_ID: 2552282
2023-06-30 19:24:56 [booklist] INFO: VALID_ID: 2562918
2023-06-30 19:24:56 [booklist] INFO: VALID_ID: 2606119
2023-06-30 19:24:56 [booklist] INFO: VALID_ID: 2607448
2023-06-30 19:24:56 [booklist] INFO: VALID_ID: 1287392
2023-06-30 19:24:56 [booklist] INFO: VALID_ID: 2606414
2023-06-30 19:24:56 [booklist] INFO: VALID_ID: 2545165
2023-06-30 19:24:56 [booklist] INFO: VALID_ID: 2562919
2023-06-30 19:24:56 [booklist] INFO: VALID_ID: 2607784
2023-06-30 19:24:56 [booklist] INFO: VALID_ID: 2608515
2023-06-30 19:24:56 [booklist] INFO: VALID_ID: 2610225
2023-06-30 19:24:56 [booklist] INFO: VALID_ID: 2545162
2023-06-30 19:24:56 [booklist] INFO: VALID_ID: 1287396
2023-06-30 19:24:56 [booklist] INFO: VALID_ID: 2608063
2023-06-30 19:24:56 [booklist] INFO: VALID_ID: 2537783
2023-06-30 19:24:56 [booklist] INFO: VALID_ID: 2577801
2023-06-30 19:24:56 [booklist] INFO: VALID_ID: 2563626
2023-06-30 19:24:56 [booklist] INFO: VALID_ID: 2582963
2023-06-30 19:24:56 [booklist] INFO: VALID_ID: 2545168
2023-06-30 19:24:56 [booklist] INFO: VALID_ID: 2606474
2023-06-30 19:24:56 [booklist] INFO: VALID_ID: 2545161
2023-06-30 19:24:56 [booklist] INFO: VALID_ID: 2577809
2023-06-30 19:24:56 [booklist] INFO: VALID_ID: 2562912
2023-06-30 19:24:56 [booklist] INFO: VALID_ID: 2577805
2023-06-30 19:24:56 [booklist] INFO: VALID_ID: 2606865
2023-06-30 19:24:56 [booklist] INFO: VALID_ID: 2535461
2023-06-30 19:24:56 [booklist] INFO: VALID_ID: 1287390
2023-06-30 19:24:56 [booklist] INFO: VALID_ID: 1312940
2023-06-30 19:24:56 [booklist] INFO: VALID_ID: 2555909
2023-06-30 19:24:56 [booklist] INFO: VALID_ID: 1287395
2023-06-30 19:24:56 [booklist] INFO: VALID_ID: 2577808
2023-06-30 19:24:56 [booklist] INFO: VALID_ID: 2545160
2023-06-30 19:24:56 [booklist] INFO: VALID_ID: 2552281
2023-06-30 19:24:56 [booklist] INFO: VALID_ID: 2577810
2023-06-30 19:24:56 [booklist] INFO: VALID_ID: 2539738
2023-06-30 19:24:56 [booklist] INFO: VALID_ID: 2557022
2023-06-30 19:24:56 [booklist] INFO: VALID_ID: 2568244
2023-06-30 19:24:56 [booklist] INFO: VALID_ID: 1287389
2023-06-30 19:24:56 [booklist] INFO: VALID_ID: 2557413
2023-06-30 19:24:56 [booklist] INFO: VALID_ID: 2562915
2023-06-30 19:24:56 [booklist] INFO: VALID_ID: 2545166
2023-06-30 19:24:56 [booklist] INFO: VALID_ID: 2545167
2023-06-30 19:24:56 [booklist] INFO: VALID_ID: 1287398
2023-06-30 19:24:56 [booklist] INFO: VALID_ID: 2535465
2023-06-30 19:24:56 [booklist] INFO: VALID_ID: 2557411
2023-06-30 19:24:56 [booklist] INFO: VALID_ID: 2562911
2023-06-30 19:24:56 [booklist] INFO: VALID_ID: 2577806
2023-06-30 19:24:56 [booklist] INFO: VALID_ID: 2545170
2023-06-30 19:24:56 [booklist] INFO: VALID_ID: 1301329
2023-06-30 19:24:56 [booklist] INFO: VALID_ID: 2537661
2023-06-30 19:24:56 [booklist] INFO: VALID_ID: 2557024
2023-06-30 19:24:56 [booklist] INFO: VALID_ID: 2562917
2023-06-30 19:24:56 [booklist] INFO: VALID_ID: 2562920
2023-06-30 19:24:56 [booklist] INFO: VALID_ID: 2557023
2023-06-30 19:24:56 [booklist] INFO: VALID_ID: 2539589
2023-06-30 19:24:56 [booklist] INFO: VALID_ID: 2537761
2023-06-30 19:24:56 [booklist] INFO: VALID_ID: 2568245
2023-06-30 19:24:56 [booklist] INFO: VALID_ID: 2577803
2023-06-30 19:24:56 [booklist] INFO: VALID_ID: 2608791
2023-06-30 19:24:56 [booklist] INFO: VALID_ID: 2606024
2023-06-30 19:24:56 [booklist] INFO: VALID_ID: 1287388
2023-06-30 19:24:56 [booklist] INFO: VALID_ID: 2561089
2023-06-30 19:24:56 [booklist] INFO: VALID_ID: 2545163
2023-06-30 19:24:56 [booklist] INFO: VALID_ID: 2545164
2023-06-30 19:24:56 [booklist] INFO: VALID_ID: 2609943
2023-06-30 19:24:56 [booklist] INFO: VALID_ID: 2561088
2023-06-30 19:24:56 [booklist] INFO: VALID_ID: 2539573
2023-06-30 19:24:56 [booklist] INFO: VALID_ID: 2537609
2023-06-30 19:24:56 [booklist] INFO: VALID_ID: 2568223
2023-06-30 19:24:56 [booklist] INFO: VALID_ID: 2577807
2023-06-30 19:24:56 [booklist] INFO: VALID_ID: 2605619
2023-06-30 19:24:56 [booklist] INFO: VALID_ID: 2606997
2023-06-30 19:24:56 [booklist] INFO: VALID_ID: 2579647
2023-06-30 19:24:57 [scrapy.core.engine] DEBUG: Crawled (200) <POST https://dl.ndl.go.jp/api/item/search> (referer: https://dl.ndl.go.jp/api/item/search)
2023-06-30 19:24:57 [booklist] INFO: Fetched page 6
2023-06-30 19:24:58 [booklist] INFO: VALID_ID: 2608216
2023-06-30 19:24:58 [booklist] INFO: VALID_ID: 2535911
2023-06-30 19:24:58 [booklist] INFO: VALID_ID: 2544704
2023-06-30 19:24:58 [booklist] INFO: VALID_ID: 2556850
2023-06-30 19:24:58 [booklist] INFO: VALID_ID: 2555966
2023-06-30 19:24:58 [booklist] INFO: VALID_ID: 2560565
2023-06-30 19:24:58 [booklist] INFO: VALID_ID: 2560566
2023-06-30 19:24:58 [booklist] INFO: VALID_ID: 2561233
2023-06-30 19:24:58 [booklist] INFO: VALID_ID: 2561246
2023-06-30 19:24:58 [booklist] INFO: VALID_ID: 2610463
2023-06-30 19:24:58 [booklist] INFO: VALID_ID: 2560568
2023-06-30 19:24:58 [booklist] INFO: VALID_ID: 2560572
2023-06-30 19:24:58 [booklist] INFO: VALID_ID: 2561239
2023-06-30 19:24:58 [booklist] INFO: VALID_ID: 2537822
2023-06-30 19:24:58 [booklist] INFO: VALID_ID: 2536600
2023-06-30 19:24:58 [booklist] INFO: VALID_ID: 2608374
2023-06-30 19:24:58 [booklist] INFO: VALID_ID: 2561244
2023-06-30 19:24:58 [booklist] INFO: VALID_ID: 2543874
2023-06-30 19:24:58 [booklist] INFO: VALID_ID: 2565265
2023-06-30 19:24:58 [booklist] INFO: VALID_ID: 2553140
2023-06-30 19:24:58 [booklist] INFO: VALID_ID: 2609073
2023-06-30 19:24:58 [booklist] INFO: VALID_ID: 11891922
2023-06-30 19:24:58 [booklist] INFO: VALID_ID: 2537734
2023-06-30 19:24:58 [booklist] INFO: VALID_ID: 2579645
2023-06-30 19:24:58 [booklist] INFO: VALID_ID: 2544943
2023-06-30 19:24:58 [booklist] INFO: VALID_ID: 2560569
2023-06-30 19:24:58 [booklist] INFO: VALID_ID: 2561249
2023-06-30 19:24:58 [booklist] INFO: VALID_ID: 2560563
2023-06-30 19:24:58 [booklist] INFO: VALID_ID: 2568380
2023-06-30 19:24:58 [booklist] INFO: VALID_ID: 2556851
2023-06-30 19:24:58 [booklist] INFO: VALID_ID: 2607756
2023-06-30 19:24:58 [booklist] INFO: VALID_ID: 2556852
2023-06-30 19:24:58 [booklist] INFO: VALID_ID: 2560570
2023-06-30 19:24:58 [booklist] INFO: VALID_ID: 12865385
2023-06-30 19:24:58 [booklist] INFO: VALID_ID: 2537701
2023-06-30 19:24:58 [booklist] INFO: VALID_ID: 2606310
2023-06-30 19:24:58 [booklist] INFO: VALID_ID: 2607602
2023-06-30 19:24:58 [booklist] INFO: VALID_ID: 2544990
2023-06-30 19:24:58 [booklist] INFO: VALID_ID: 2561243
2023-06-30 19:24:58 [booklist] INFO: VALID_ID: 2561248
2023-06-30 19:24:58 [booklist] INFO: VALID_ID: 2607084
2023-06-30 19:24:58 [booklist] INFO: VALID_ID: 2556853
2023-06-30 19:24:58 [booklist] INFO: VALID_ID: 2606169
2023-06-30 19:24:58 [booklist] INFO: VALID_ID: 2561232
2023-06-30 19:24:58 [booklist] INFO: VALID_ID: 1307319
2023-06-30 19:24:58 [booklist] INFO: VALID_ID: 2575497
2023-06-30 19:24:58 [booklist] INFO: VALID_ID: 2560567
2023-06-30 19:24:58 [booklist] INFO: VALID_ID: 2605291
2023-06-30 19:24:58 [booklist] INFO: VALID_ID: 2546725
2023-06-30 19:24:58 [booklist] INFO: VALID_ID: 2561230
2023-06-30 19:24:58 [booklist] INFO: VALID_ID: 2561240
2023-06-30 19:24:58 [booklist] INFO: VALID_ID: 2561242
2023-06-30 19:24:58 [booklist] INFO: VALID_ID: 2606623
2023-06-30 19:24:58 [booklist] INFO: VALID_ID: 2537368
2023-06-30 19:24:58 [booklist] INFO: VALID_ID: 2537948
2023-06-30 19:24:58 [booklist] INFO: VALID_ID: 2546723
2023-06-30 19:24:58 [booklist] INFO: VALID_ID: 2575498
2023-06-30 19:24:58 [booklist] INFO: VALID_ID: 2556848
2023-06-30 19:24:58 [booklist] INFO: VALID_ID: 2560573
2023-06-30 19:24:58 [booklist] INFO: VALID_ID: 2540347
2023-06-30 19:24:58 [booklist] INFO: VALID_ID: 2546724
2023-06-30 19:24:58 [booklist] INFO: VALID_ID: 2553139
2023-06-30 19:24:58 [booklist] INFO: VALID_ID: 2579648
2023-06-30 19:24:58 [booklist] INFO: VALID_ID: 2553141
2023-06-30 19:24:58 [booklist] INFO: VALID_ID: 2561236
2023-06-30 19:24:58 [booklist] INFO: VALID_ID: 2561241
2023-06-30 19:24:58 [booklist] INFO: VALID_ID: 2561247
2023-06-30 19:24:58 [booklist] INFO: VALID_ID: 2553137
2023-06-30 19:24:58 [booklist] INFO: VALID_ID: 2556846
2023-06-30 19:24:58 [booklist] INFO: VALID_ID: 2542954
2023-06-30 19:24:58 [booklist] INFO: VALID_ID: 2544940
2023-06-30 19:24:58 [booklist] INFO: VALID_ID: 2560561
2023-06-30 19:24:58 [booklist] INFO: VALID_ID: 2546726
2023-06-30 19:24:58 [booklist] INFO: VALID_ID: 2607349
2023-06-30 19:24:58 [booklist] INFO: VALID_ID: 2568379
2023-06-30 19:24:58 [booklist] INFO: VALID_ID: 2544941
2023-06-30 19:24:58 [booklist] INFO: VALID_ID: 2543875
2023-06-30 19:24:58 [booklist] INFO: VALID_ID: 2560571
2023-06-30 19:24:58 [booklist] INFO: VALID_ID: 2605683
2023-06-30 19:24:58 [booklist] INFO: VALID_ID: 2553138
2023-06-30 19:24:58 [booklist] INFO: VALID_ID: 2556847
2023-06-30 19:24:58 [booklist] INFO: VALID_ID: 2556849
2023-06-30 19:24:58 [booklist] INFO: VALID_ID: 1302120
2023-06-30 19:24:58 [booklist] INFO: VALID_ID: 2579646
2023-06-30 19:24:58 [booklist] INFO: VALID_ID: 2556855
2023-06-30 19:24:58 [booklist] INFO: VALID_ID: 2556061
2023-06-30 19:24:58 [booklist] INFO: VALID_ID: 2541664
2023-06-30 19:24:58 [booklist] INFO: VALID_ID: 2543258
2023-06-30 19:24:58 [booklist] INFO: VALID_ID: 2560575
2023-06-30 19:24:58 [booklist] INFO: VALID_ID: 2544942
2023-06-30 19:24:58 [booklist] INFO: VALID_ID: 2556062
2023-06-30 19:24:58 [booklist] INFO: VALID_ID: 2560560
2023-06-30 19:24:58 [booklist] INFO: VALID_ID: 2560564
2023-06-30 19:24:58 [booklist] INFO: VALID_ID: 2605493
2023-06-30 19:24:58 [booklist] INFO: VALID_ID: 2560562
2023-06-30 19:24:58 [booklist] INFO: VALID_ID: 2556854
2023-06-30 19:24:58 [booklist] INFO: VALID_ID: 2561231
2023-06-30 19:24:58 [booklist] INFO: VALID_ID: 2561237
2023-06-30 19:24:58 [booklist] INFO: VALID_ID: 2561238
2023-06-30 19:24:58 [booklist] INFO: VALID_ID: 2563627
2023-06-30 19:24:58 [scrapy.core.engine] DEBUG: Crawled (200) <POST https://dl.ndl.go.jp/api/item/search> (referer: https://dl.ndl.go.jp/api/item/search)
2023-06-30 19:24:59 [booklist] INFO: Fetched page 7
2023-06-30 19:24:59 [booklist] INFO: VALID_ID: 2605493
2023-06-30 19:24:59 [booklist] INFO: VALID_ID: 2560562
2023-06-30 19:24:59 [booklist] INFO: VALID_ID: 2556854
2023-06-30 19:24:59 [booklist] INFO: VALID_ID: 2561231
2023-06-30 19:24:59 [booklist] INFO: VALID_ID: 2561237
2023-06-30 19:24:59 [booklist] INFO: VALID_ID: 2561238
2023-06-30 19:24:59 [booklist] INFO: VALID_ID: 2609335
2023-06-30 19:24:59 [booklist] INFO: VALID_ID: 2532143
2023-06-30 19:24:59 [booklist] INFO: VALID_ID: 2565266
2023-06-30 19:24:59 [booklist] INFO: VALID_ID: 2606356
2023-06-30 19:24:59 [booklist] INFO: VALID_ID: 2544989
2023-06-30 19:24:59 [booklist] INFO: VALID_ID: 2555965
2023-06-30 19:24:59 [booklist] INFO: VALID_ID: 2544498
2023-06-30 19:24:59 [booklist] INFO: VALID_ID: 8929452
2023-06-30 19:24:59 [booklist] INFO: VALID_ID: 2544499
2023-06-30 19:24:59 [booklist] INFO: VALID_ID: 2546722
2023-06-30 19:24:59 [booklist] INFO: VALID_ID: 2544703
2023-06-30 19:24:59 [booklist] INFO: VALID_ID: 9893061
2023-06-30 19:24:59 [booklist] INFO: VALID_ID: 2565383
2023-06-30 19:24:59 [booklist] INFO: VALID_ID: 2583388
2023-06-30 19:24:59 [booklist] INFO: VALID_ID: 2576188
2023-06-30 19:24:59 [booklist] INFO: VALID_ID: 2576210
2023-06-30 19:24:59 [booklist] INFO: VALID_ID: 2565390
2023-06-30 19:24:59 [booklist] INFO: VALID_ID: 2539342
2023-06-30 19:24:59 [booklist] INFO: VALID_ID: 2537667
2023-06-30 19:24:59 [booklist] INFO: VALID_ID: 2567802
2023-06-30 19:24:59 [booklist] INFO: VALID_ID: 2583386
2023-06-30 19:24:59 [booklist] INFO: VALID_ID: 2536124
2023-06-30 19:24:59 [booklist] INFO: VALID_ID: 2576183
2023-06-30 19:24:59 [booklist] INFO: VALID_ID: 2565386
2023-06-30 19:24:59 [booklist] INFO: VALID_ID: 1305640
2023-06-30 19:24:59 [booklist] INFO: VALID_ID: 2565384
2023-06-30 19:24:59 [booklist] INFO: VALID_ID: 2565385
2023-06-30 19:24:59 [booklist] INFO: VALID_ID: 2610247
2023-06-30 19:24:59 [booklist] INFO: VALID_ID: 2552080
2023-06-30 19:24:59 [booklist] INFO: VALID_ID: 2576186
2023-06-30 19:24:59 [booklist] INFO: VALID_ID: 2576196
2023-06-30 19:24:59 [booklist] INFO: VALID_ID: 2576197
2023-06-30 19:24:59 [booklist] INFO: VALID_ID: 2576203
2023-06-30 19:24:59 [booklist] INFO: VALID_ID: 2576206
2023-06-30 19:24:59 [booklist] INFO: VALID_ID: 2565388
2023-06-30 19:24:59 [booklist] INFO: VALID_ID: 2576209
2023-06-30 19:24:59 [booklist] INFO: VALID_ID: 2536185
2023-06-30 19:24:59 [booklist] INFO: VALID_ID: 2556731
2023-06-30 19:24:59 [booklist] INFO: VALID_ID: 2567803
2023-06-30 19:24:59 [booklist] INFO: VALID_ID: 2576189
2023-06-30 19:24:59 [booklist] INFO: VALID_ID: 2576207
2023-06-30 19:24:59 [booklist] INFO: VALID_ID: 2552082
2023-06-30 19:24:59 [booklist] INFO: VALID_ID: 2609026
2023-06-30 19:24:59 [booklist] INFO: VALID_ID: 2576201
2023-06-30 19:24:59 [booklist] INFO: VALID_ID: 2576204
2023-06-30 19:24:59 [booklist] INFO: VALID_ID: 2538542
2023-06-30 19:24:59 [booklist] INFO: VALID_ID: 2567799
2023-06-30 19:24:59 [booklist] INFO: VALID_ID: 2565392
2023-06-30 19:24:59 [booklist] INFO: VALID_ID: 2567801
2023-06-30 19:24:59 [booklist] INFO: VALID_ID: 2576185
2023-06-30 19:24:59 [booklist] INFO: VALID_ID: 2565389
2023-06-30 19:24:59 [booklist] INFO: VALID_ID: 2607726
2023-06-30 19:24:59 [booklist] INFO: VALID_ID: 2552083
2023-06-30 19:24:59 [booklist] INFO: VALID_ID: 2576187
2023-06-30 19:24:59 [booklist] INFO: VALID_ID: 2576190
2023-06-30 19:24:59 [booklist] INFO: VALID_ID: 2565391
2023-06-30 19:24:59 [booklist] INFO: VALID_ID: 2552081
2023-06-30 19:24:59 [booklist] INFO: VALID_ID: 2565387
2023-06-30 19:24:59 [booklist] INFO: VALID_ID: 2576195
2023-06-30 19:24:59 [booklist] INFO: VALID_ID: 2608863
2023-06-30 19:24:59 [booklist] INFO: VALID_ID: 2541809
2023-06-30 19:24:59 [booklist] INFO: VALID_ID: 2576193
2023-06-30 19:24:59 [booklist] INFO: VALID_ID: 2576202
2023-06-30 19:24:59 [booklist] INFO: VALID_ID: 2576211
2023-06-30 19:24:59 [booklist] INFO: VALID_ID: 2540156
2023-06-30 19:24:59 [booklist] INFO: VALID_ID: 2552079
2023-06-30 19:24:59 [booklist] INFO: VALID_ID: 2576192
2023-06-30 19:24:59 [booklist] INFO: VALID_ID: 2536339
2023-06-30 19:24:59 [booklist] INFO: VALID_ID: 2576182
2023-06-30 19:24:59 [booklist] INFO: VALID_ID: 2558095
2023-06-30 19:24:59 [booklist] INFO: VALID_ID: 2576191
2023-06-30 19:24:59 [booklist] INFO: VALID_ID: 2605841
2023-06-30 19:24:59 [booklist] INFO: VALID_ID: 2565982
2023-06-30 19:24:59 [booklist] INFO: VALID_ID: 2558091
2023-06-30 19:24:59 [booklist] INFO: VALID_ID: 2540155
2023-06-30 19:24:59 [booklist] INFO: VALID_ID: 2537728
2023-06-30 19:24:59 [booklist] INFO: VALID_ID: 2537689
2023-06-30 19:24:59 [booklist] INFO: VALID_ID: 2576184
2023-06-30 19:24:59 [booklist] INFO: VALID_ID: 2583389
2023-06-30 19:24:59 [booklist] INFO: VALID_ID: 2576194
2023-06-30 19:24:59 [booklist] INFO: VALID_ID: 2576198
2023-06-30 19:24:59 [booklist] INFO: VALID_ID: 2576199
2023-06-30 19:24:59 [booklist] INFO: VALID_ID: 2565981
2023-06-30 19:24:59 [booklist] INFO: VALID_ID: 2558092
2023-06-30 19:24:59 [booklist] INFO: VALID_ID: 2567800
2023-06-30 19:24:59 [booklist] INFO: VALID_ID: 2605408
2023-06-30 19:24:59 [booklist] INFO: VALID_ID: 2557280
2023-06-30 19:24:59 [booklist] INFO: VALID_ID: 2606741
2023-06-30 19:24:59 [booklist] INFO: VALID_ID: 2610318
2023-06-30 19:24:59 [booklist] INFO: VALID_ID: 9893254
2023-06-30 19:24:59 [booklist] INFO: VALID_ID: 2558093
2023-06-30 19:24:59 [booklist] INFO: VALID_ID: 2576208
2023-06-30 19:24:59 [booklist] INFO: VALID_ID: 2607892
2023-06-30 19:24:59 [booklist] INFO: VALID_ID: 2565382
2023-06-30 19:25:00 [scrapy.core.engine] DEBUG: Crawled (200) <POST https://dl.ndl.go.jp/api/item/search> (referer: https://dl.ndl.go.jp/api/item/search)
2023-06-30 19:25:00 [booklist] INFO: Fetched page 8
2023-06-30 19:25:00 [booklist] INFO: VALID_ID: 2576194
2023-06-30 19:25:00 [booklist] INFO: VALID_ID: 2576198
2023-06-30 19:25:00 [booklist] INFO: VALID_ID: 2576199
2023-06-30 19:25:00 [booklist] INFO: VALID_ID: 2557279
2023-06-30 19:25:00 [booklist] INFO: VALID_ID: 2608284
2023-06-30 19:25:00 [booklist] INFO: VALID_ID: 2558094
2023-06-30 19:25:00 [booklist] INFO: VALID_ID: 2576200
2023-06-30 19:25:00 [booklist] INFO: VALID_ID: 2576205
2023-06-30 19:25:00 [booklist] INFO: VALID_ID: 2563234
2023-06-30 19:25:00 [booklist] INFO: VALID_ID: 2543909
2023-06-30 19:25:00 [booklist] INFO: VALID_ID: 2573152
2023-06-30 19:25:00 [booklist] INFO: VALID_ID: 2559376
2023-06-30 19:25:00 [booklist] INFO: VALID_ID: 2568324
2023-06-30 19:25:00 [booklist] INFO: VALID_ID: 2563233
2023-06-30 19:25:00 [booklist] INFO: VALID_ID: 11038602
2023-06-30 19:25:00 [booklist] INFO: VALID_ID: 2557239
2023-06-30 19:25:00 [booklist] INFO: VALID_ID: 11038595
2023-06-30 19:25:00 [booklist] INFO: VALID_ID: 2557238
2023-06-30 19:25:00 [booklist] INFO: VALID_ID: 2573168
2023-06-30 19:25:00 [booklist] INFO: VALID_ID: 2535703
2023-06-30 19:25:00 [booklist] INFO: VALID_ID: 11038597
2023-06-30 19:25:00 [booklist] INFO: VALID_ID: 2557231
2023-06-30 19:25:00 [booklist] INFO: VALID_ID: 2563235
2023-06-30 19:25:00 [booklist] INFO: VALID_ID: 2563237
2023-06-30 19:25:00 [booklist] INFO: VALID_ID: 2557237
2023-06-30 19:25:00 [booklist] INFO: VALID_ID: 2573166
2023-06-30 19:25:00 [booklist] INFO: VALID_ID: 2563230
2023-06-30 19:25:00 [booklist] INFO: VALID_ID: 11038599
2023-06-30 19:25:00 [booklist] INFO: VALID_ID: 2608372
2023-06-30 19:25:00 [booklist] INFO: VALID_ID: 2543910
2023-06-30 19:25:00 [booklist] INFO: VALID_ID: 2557236
2023-06-30 19:25:00 [booklist] INFO: VALID_ID: 2573167
2023-06-30 19:25:00 [booklist] INFO: VALID_ID: 2573145
2023-06-30 19:25:00 [booklist] INFO: VALID_ID: 2568323
2023-06-30 19:25:00 [booklist] INFO: VALID_ID: 2573153
2023-06-30 19:25:00 [booklist] INFO: VALID_ID: 2543912
2023-06-30 19:25:00 [booklist] INFO: VALID_ID: 2573169
2023-06-30 19:25:00 [booklist] INFO: VALID_ID: 2563229
2023-06-30 19:25:00 [booklist] INFO: VALID_ID: 2543915
2023-06-30 19:25:00 [booklist] INFO: VALID_ID: 2557228
2023-06-30 19:25:00 [booklist] INFO: VALID_ID: 2573148
2023-06-30 19:25:00 [booklist] INFO: VALID_ID: 2557240
2023-06-30 19:25:00 [booklist] INFO: VALID_ID: 2557227
2023-06-30 19:25:00 [booklist] INFO: VALID_ID: 10301040
2023-06-30 19:25:00 [booklist] INFO: VALID_ID: 2573150
2023-06-30 19:25:00 [booklist] INFO: VALID_ID: 2543908
2023-06-30 19:25:00 [booklist] INFO: VALID_ID: 2573170
2023-06-30 19:25:00 [booklist] INFO: VALID_ID: 8929776
2023-06-30 19:25:00 [booklist] INFO: VALID_ID: 2605509
2023-06-30 19:25:00 [booklist] INFO: VALID_ID: 2573157
2023-06-30 19:25:00 [booklist] INFO: VALID_ID: 1308773
2023-06-30 19:25:00 [booklist] INFO: VALID_ID: 11038598
2023-06-30 19:25:00 [booklist] INFO: VALID_ID: 2573159
2023-06-30 19:25:00 [booklist] INFO: VALID_ID: 2573165
2023-06-30 19:25:00 [booklist] INFO: VALID_ID: 2543903
2023-06-30 19:25:00 [booklist] INFO: VALID_ID: 9892896
2023-06-30 19:25:00 [booklist] INFO: VALID_ID: 2573151
2023-06-30 19:25:00 [booklist] INFO: VALID_ID: 2543914
2023-06-30 19:25:00 [booklist] INFO: VALID_ID: 2563242
2023-06-30 19:25:00 [booklist] INFO: VALID_ID: 2573163
2023-06-30 19:25:00 [booklist] INFO: VALID_ID: 2543911
2023-06-30 19:25:00 [booklist] INFO: VALID_ID: 2573162
2023-06-30 19:25:00 [booklist] INFO: VALID_ID: 2557232
2023-06-30 19:25:00 [booklist] INFO: VALID_ID: 2573154
2023-06-30 19:25:00 [booklist] INFO: VALID_ID: 2563240
2023-06-30 19:25:00 [booklist] INFO: VALID_ID: 2557241
2023-06-30 19:25:00 [booklist] INFO: VALID_ID: 11038916
2023-06-30 19:25:00 [booklist] INFO: VALID_ID: 2557233
2023-06-30 19:25:00 [booklist] INFO: VALID_ID: 2559377
2023-06-30 19:25:00 [booklist] INFO: VALID_ID: 2543916
2023-06-30 19:25:00 [booklist] INFO: VALID_ID: 2573161
2023-06-30 19:25:00 [booklist] INFO: VALID_ID: 2573164
2023-06-30 19:25:00 [booklist] INFO: VALID_ID: 11038596
2023-06-30 19:25:00 [booklist] INFO: VALID_ID: 2563239
2023-06-30 19:25:00 [booklist] INFO: VALID_ID: 2538840
2023-06-30 19:25:00 [booklist] INFO: VALID_ID: 2607295
2023-06-30 19:25:00 [booklist] INFO: VALID_ID: 11038603
2023-06-30 19:25:00 [booklist] INFO: VALID_ID: 2543913
2023-06-30 19:25:00 [booklist] INFO: VALID_ID: 1307493
2023-06-30 19:25:00 [booklist] INFO: VALID_ID: 2543905
2023-06-30 19:25:00 [booklist] INFO: VALID_ID: 2557235
2023-06-30 19:25:00 [booklist] INFO: VALID_ID: 2607381
2023-06-30 19:25:00 [booklist] INFO: VALID_ID: 2573147
2023-06-30 19:25:00 [booklist] INFO: VALID_ID: 2573149
2023-06-30 19:25:00 [booklist] INFO: VALID_ID: 11038600
2023-06-30 19:25:00 [booklist] INFO: VALID_ID: 2573160
2023-06-30 19:25:00 [booklist] INFO: VALID_ID: 11038594
2023-06-30 19:25:00 [booklist] INFO: VALID_ID: 2563236
2023-06-30 19:25:00 [booklist] INFO: VALID_ID: 11038607
2023-06-30 19:25:00 [booklist] INFO: VALID_ID: 2573146
2023-06-30 19:25:00 [booklist] INFO: VALID_ID: 11038601
2023-06-30 19:25:00 [booklist] INFO: VALID_ID: 2573156
2023-06-30 19:25:00 [booklist] INFO: VALID_ID: 2543917
2023-06-30 19:25:00 [booklist] INFO: VALID_ID: 2559375
2023-06-30 19:25:00 [booklist] INFO: VALID_ID: 2608941
2023-06-30 19:25:00 [booklist] INFO: VALID_ID: 2543906
2023-06-30 19:25:00 [booklist] INFO: VALID_ID: 2563238
2023-06-30 19:25:00 [booklist] INFO: VALID_ID: 11038604
2023-06-30 19:25:00 [booklist] INFO: VALID_ID: 11038605
2023-06-30 19:25:00 [booklist] INFO: VALID_ID: 11038608
2023-06-30 19:25:01 [scrapy.core.engine] DEBUG: Crawled (200) <POST https://dl.ndl.go.jp/api/item/search> (referer: https://dl.ndl.go.jp/api/item/search)
2023-06-30 19:25:01 [booklist] INFO: Fetched page 9
2023-06-30 19:25:02 [booklist] INFO: VALID_ID: 2563228
2023-06-30 19:25:02 [booklist] INFO: VALID_ID: 2606748
2023-06-30 19:25:02 [booklist] INFO: VALID_ID: 2543904
2023-06-30 19:25:02 [booklist] INFO: VALID_ID: 2559378
2023-06-30 19:25:02 [booklist] INFO: VALID_ID: 11038606
2023-06-30 19:25:02 [booklist] INFO: VALID_ID: 2563231
2023-06-30 19:25:02 [booklist] INFO: VALID_ID: 2543907
2023-06-30 19:25:02 [booklist] INFO: VALID_ID: 2573146
2023-06-30 19:25:02 [booklist] INFO: VALID_ID: 11038601
2023-06-30 19:25:02 [booklist] INFO: VALID_ID: 2573156
2023-06-30 19:25:02 [booklist] INFO: VALID_ID: 2543917
2023-06-30 19:25:02 [booklist] INFO: VALID_ID: 2557230
2023-06-30 19:25:02 [booklist] INFO: VALID_ID: 2557234
2023-06-30 19:25:02 [booklist] INFO: VALID_ID: 2573155
2023-06-30 19:25:02 [booklist] INFO: VALID_ID: 2560597
2023-06-30 19:25:02 [booklist] INFO: VALID_ID: 2608648
2023-06-30 19:25:02 [booklist] INFO: VALID_ID: 2560587
2023-06-30 19:25:02 [booklist] INFO: VALID_ID: 2538839
2023-06-30 19:25:02 [booklist] INFO: VALID_ID: 2560600
2023-06-30 19:25:02 [booklist] INFO: VALID_ID: 2559701
2023-06-30 19:25:02 [booklist] INFO: VALID_ID: 2565376
2023-06-30 19:25:02 [booklist] INFO: VALID_ID: 2558890
2023-06-30 19:25:02 [booklist] INFO: VALID_ID: 2560602
2023-06-30 19:25:02 [booklist] INFO: VALID_ID: 2609124
2023-06-30 19:25:02 [booklist] INFO: VALID_ID: 2575282
2023-06-30 19:25:02 [booklist] INFO: VALID_ID: 2568173
2023-06-30 19:25:02 [booklist] INFO: VALID_ID: 2560592
2023-06-30 19:25:02 [booklist] INFO: VALID_ID: 2560596
2023-06-30 19:25:02 [booklist] INFO: VALID_ID: 2560599
2023-06-30 19:25:02 [booklist] INFO: VALID_ID: 2560539
2023-06-30 19:25:02 [booklist] INFO: VALID_ID: 2568172
2023-06-30 19:25:02 [booklist] INFO: VALID_ID: 2609149
2023-06-30 19:25:02 [booklist] INFO: VALID_ID: 2609831
2023-06-30 19:25:02 [booklist] INFO: VALID_ID: 2558760
2023-06-30 19:25:02 [booklist] INFO: VALID_ID: 2558887
2023-06-30 19:25:02 [booklist] INFO: VALID_ID: 2560593
2023-06-30 19:25:02 [booklist] INFO: VALID_ID: 2560598
2023-06-30 19:25:02 [booklist] INFO: VALID_ID: 2560586
2023-06-30 19:25:02 [booklist] INFO: VALID_ID: 2608209
2023-06-30 19:25:02 [booklist] INFO: VALID_ID: 2558759
2023-06-30 19:25:02 [booklist] INFO: VALID_ID: 10301127
2023-06-30 19:25:02 [booklist] INFO: VALID_ID: 2560594
2023-06-30 19:25:02 [booklist] INFO: VALID_ID: 2607923
2023-06-30 19:25:02 [booklist] INFO: VALID_ID: 2559700
2023-06-30 19:25:02 [booklist] INFO: VALID_ID: 2560607
2023-06-30 19:25:02 [booklist] INFO: VALID_ID: 2558889
2023-06-30 19:25:02 [booklist] INFO: VALID_ID: 2560589
2023-06-30 19:25:02 [booklist] INFO: VALID_ID: 2607897
2023-06-30 19:25:02 [booklist] INFO: VALID_ID: 2559702
2023-06-30 19:25:02 [booklist] INFO: VALID_ID: 2565377
2023-06-30 19:25:02 [booklist] INFO: VALID_ID: 2560603
2023-06-30 19:25:02 [booklist] INFO: VALID_ID: 2560605
2023-06-30 19:25:02 [booklist] INFO: VALID_ID: 2565375
2023-06-30 19:25:02 [booklist] INFO: VALID_ID: 2558761
2023-06-30 19:25:02 [booklist] INFO: VALID_ID: 2560601
2023-06-30 19:25:02 [booklist] INFO: VALID_ID: 2560541
2023-06-30 19:25:02 [booklist] INFO: VALID_ID: 2558888
2023-06-30 19:25:02 [booklist] INFO: VALID_ID: 2560540
2023-06-30 19:25:02 [booklist] INFO: VALID_ID: 2560543
2023-06-30 19:25:02 [booklist] INFO: VALID_ID: 2560604
2023-06-30 19:25:02 [booklist] INFO: VALID_ID: 2608907
2023-06-30 19:25:02 [booklist] INFO: VALID_ID: 2535459
2023-06-30 19:25:02 [booklist] INFO: VALID_ID: 2560595
2023-06-30 19:25:02 [booklist] INFO: VALID_ID: 2560606
2023-06-30 19:25:02 [booklist] INFO: VALID_ID: 2560588
2023-06-30 19:25:02 [booklist] INFO: VALID_ID: 2565378
2023-06-30 19:25:02 [booklist] INFO: VALID_ID: 2560590
2023-06-30 19:25:02 [booklist] INFO: VALID_ID: 2558891
2023-06-30 19:25:02 [booklist] INFO: VALID_ID: 2575283
2023-06-30 19:25:02 [booklist] INFO: VALID_ID: 2560591
2023-06-30 19:25:02 [booklist] INFO: VALID_ID: 2560542
2023-06-30 19:25:02 [booklist] INFO: VALID_ID: 11892666
2023-06-30 19:25:02 [booklist] INFO: VALID_ID: 11892669
2023-06-30 19:25:02 [booklist] INFO: VALID_ID: 11038699
2023-06-30 19:25:02 [booklist] INFO: VALID_ID: 2543277
2023-06-30 19:25:02 [booklist] INFO: VALID_ID: 11892665
2023-06-30 19:25:02 [booklist] INFO: VALID_ID: 2599671
2023-06-30 19:25:02 [booklist] INFO: VALID_ID: 11892664
2023-06-30 19:25:02 [booklist] INFO: VALID_ID: 2599672
2023-06-30 19:25:02 [booklist] INFO: VALID_ID: 2610729
2023-06-30 19:25:02 [booklist] INFO: VALID_ID: 2543118
2023-06-30 19:25:02 [booklist] INFO: VALID_ID: 2543276
2023-06-30 19:25:02 [booklist] INFO: VALID_ID: 11223120
2023-06-30 19:25:02 [booklist] INFO: VALID_ID: 11892660
2023-06-30 19:25:02 [booklist] INFO: VALID_ID: 11892803
2023-06-30 19:25:02 [booklist] INFO: VALID_ID: 11892668
2023-06-30 19:25:02 [booklist] INFO: VALID_ID: 11892661
2023-06-30 19:25:02 [booklist] INFO: VALID_ID: 11892663
2023-06-30 19:25:02 [booklist] INFO: VALID_ID: 11892667
2023-06-30 19:25:02 [booklist] INFO: VALID_ID: 11892662
2023-06-30 19:25:02 [booklist] INFO: VALID_ID: 2560551
2023-06-30 19:25:02 [booklist] INFO: VALID_ID: 2560546
2023-06-30 19:25:02 [booklist] INFO: VALID_ID: 2535611
2023-06-30 19:25:02 [booklist] INFO: VALID_ID: 2608064
2023-06-30 19:25:02 [booklist] INFO: VALID_ID: 2568230
2023-06-30 19:25:02 [booklist] INFO: VALID_ID: 2560549
2023-06-30 19:25:02 [booklist] INFO: VALID_ID: 2568228
2023-06-30 19:25:02 [booklist] INFO: VALID_ID: 2560548
2023-06-30 19:25:02 [booklist] INFO: VALID_ID: 2560544
2023-06-30 19:25:02 [booklist] INFO: VALID_ID: 2568232
2023-06-30 19:25:03 [scrapy.core.engine] DEBUG: Crawled (200) <POST https://dl.ndl.go.jp/api/item/search> (referer: https://dl.ndl.go.jp/api/item/search)
2023-06-30 19:25:03 [booklist] INFO: Fetched page 10
2023-06-30 19:25:03 [booklist] INFO: VALID_ID: 2560545
2023-06-30 19:25:03 [booklist] INFO: VALID_ID: 2560552
2023-06-30 19:25:03 [booklist] INFO: VALID_ID: 11038699
2023-06-30 19:25:03 [booklist] INFO: VALID_ID: 1287009
2023-06-30 19:25:03 [booklist] INFO: VALID_ID: 2608181
2023-06-30 19:25:03 [booklist] INFO: VALID_ID: 2568230
2023-06-30 19:25:03 [booklist] INFO: VALID_ID: 2560547
2023-06-30 19:25:03 [booklist] INFO: VALID_ID: 2537678
2023-06-30 19:25:03 [booklist] INFO: VALID_ID: 2568227
2023-06-30 19:25:03 [booklist] INFO: VALID_ID: 2568229
2023-06-30 19:25:03 [booklist] INFO: VALID_ID: 2574154
2023-06-30 19:25:03 [booklist] INFO: VALID_ID: 2559718
2023-06-30 19:25:03 [booklist] INFO: VALID_ID: 2559721
2023-06-30 19:25:03 [booklist] INFO: VALID_ID: 2574169
2023-06-30 19:25:03 [booklist] INFO: VALID_ID: 2536535
2023-06-30 19:25:03 [booklist] INFO: VALID_ID: 2568231
2023-06-30 19:25:03 [booklist] INFO: VALID_ID: 1302379
2023-06-30 19:25:03 [booklist] INFO: VALID_ID: 2599536
2023-06-30 19:25:03 [booklist] INFO: VALID_ID: 2559715
2023-06-30 19:25:03 [booklist] INFO: VALID_ID: 2559620
2023-06-30 19:25:03 [booklist] INFO: VALID_ID: 2559623
2023-06-30 19:25:03 [booklist] INFO: VALID_ID: 2599540
2023-06-30 19:25:03 [booklist] INFO: VALID_ID: 2559719
2023-06-30 19:25:03 [booklist] INFO: VALID_ID: 2599541
2023-06-30 19:25:03 [booklist] INFO: VALID_ID: 2574168
2023-06-30 19:25:03 [booklist] INFO: VALID_ID: 2565368
2023-06-30 19:25:03 [booklist] INFO: VALID_ID: 2574161
2023-06-30 19:25:03 [booklist] INFO: VALID_ID: 2559722
2023-06-30 19:25:03 [booklist] INFO: VALID_ID: 2574167
2023-06-30 19:25:03 [booklist] INFO: VALID_ID: 2607164
2023-06-30 19:25:03 [booklist] INFO: VALID_ID: 2609749
2023-06-30 19:25:03 [booklist] INFO: VALID_ID: 2559717
2023-06-30 19:25:03 [booklist] INFO: VALID_ID: 2599538
2023-06-30 19:25:03 [booklist] INFO: VALID_ID: 2599539
2023-06-30 19:25:03 [booklist] INFO: VALID_ID: 2565370
2023-06-30 19:25:03 [booklist] INFO: VALID_ID: 2574157
2023-06-30 19:25:03 [booklist] INFO: VALID_ID: 2610145
2023-06-30 19:25:03 [booklist] INFO: VALID_ID: 2559616
2023-06-30 19:25:03 [booklist] INFO: VALID_ID: 2565372
2023-06-30 19:25:03 [booklist] INFO: VALID_ID: 2559622
2023-06-30 19:25:03 [booklist] INFO: VALID_ID: 2574166
2023-06-30 19:25:03 [booklist] INFO: VALID_ID: 2607457
2023-06-30 19:25:03 [booklist] INFO: VALID_ID: 2574156
2023-06-30 19:25:03 [booklist] INFO: VALID_ID: 2599537
2023-06-30 19:25:03 [booklist] INFO: VALID_ID: 2574158
2023-06-30 19:25:03 [booklist] INFO: VALID_ID: 2559626
2023-06-30 19:25:03 [booklist] INFO: VALID_ID: 2559631
2023-06-30 19:25:03 [booklist] INFO: VALID_ID: 2555887
2023-06-30 19:25:03 [booklist] INFO: VALID_ID: 2565371
2023-06-30 19:25:03 [booklist] INFO: VALID_ID: 2574164
2023-06-30 19:25:03 [booklist] INFO: VALID_ID: 2555886
2023-06-30 19:25:03 [booklist] INFO: VALID_ID: 2574155
2023-06-30 19:25:03 [booklist] INFO: VALID_ID: 2574159
2023-06-30 19:25:03 [booklist] INFO: VALID_ID: 2559628
2023-06-30 19:25:03 [booklist] INFO: VALID_ID: 2559630
2023-06-30 19:25:03 [booklist] INFO: VALID_ID: 2559716
2023-06-30 19:25:03 [booklist] INFO: VALID_ID: 2559723
2023-06-30 19:25:03 [booklist] INFO: VALID_ID: 2608638
2023-06-30 19:25:03 [booklist] INFO: VALID_ID: 2565369
2023-06-30 19:25:03 [booklist] INFO: VALID_ID: 2559724
2023-06-30 19:25:03 [booklist] INFO: VALID_ID: 2559625
2023-06-30 19:25:03 [booklist] INFO: VALID_ID: 2559615
2023-06-30 19:25:03 [booklist] INFO: VALID_ID: 2559720
2023-06-30 19:25:03 [booklist] INFO: VALID_ID: 2559621
2023-06-30 19:25:03 [booklist] INFO: VALID_ID: 2574165
2023-06-30 19:25:03 [booklist] INFO: VALID_ID: 2559629
2023-06-30 19:25:03 [booklist] INFO: VALID_ID: 2559617
2023-06-30 19:25:03 [booklist] INFO: VALID_ID: 2574160
2023-06-30 19:25:03 [booklist] INFO: VALID_ID: 2559618
2023-06-30 19:25:03 [booklist] INFO: VALID_ID: 2559619
2023-06-30 19:25:03 [booklist] INFO: VALID_ID: 2574162
2023-06-30 19:25:03 [booklist] INFO: VALID_ID: 2559726
2023-06-30 19:25:03 [booklist] INFO: VALID_ID: 2559627
2023-06-30 19:25:03 [booklist] INFO: VALID_ID: 2559632
2023-06-30 19:25:03 [booklist] INFO: VALID_ID: 2607572
2023-06-30 19:25:03 [booklist] INFO: VALID_ID: 2559624
2023-06-30 19:25:03 [booklist] INFO: VALID_ID: 2559727
2023-06-30 19:25:03 [booklist] INFO: VALID_ID: 11891818
2023-06-30 19:25:03 [booklist] INFO: VALID_ID: 2574163
2023-06-30 19:25:03 [booklist] INFO: VALID_ID: 2559725
2023-06-30 19:25:03 [booklist] INFO: VALID_ID: 2559728
2023-06-30 19:25:03 [booklist] INFO: VALID_ID: 1310118
2023-06-30 19:25:03 [booklist] INFO: VALID_ID: 2541627
2023-06-30 19:25:03 [booklist] INFO: VALID_ID: 2540677
2023-06-30 19:25:03 [booklist] INFO: VALID_ID: 2567680
2023-06-30 19:25:03 [booklist] INFO: VALID_ID: 2543646
2023-06-30 19:25:03 [booklist] INFO: VALID_ID: 2567681
2023-06-30 19:25:03 [booklist] INFO: VALID_ID: 2608211
2023-06-30 19:25:03 [booklist] INFO: VALID_ID: 2567682
2023-06-30 19:25:03 [booklist] INFO: VALID_ID: 2606165
2023-06-30 19:25:03 [booklist] INFO: VALID_ID: 2543643
2023-06-30 19:25:03 [booklist] INFO: VALID_ID: 2543647
2023-06-30 19:25:03 [booklist] INFO: VALID_ID: 2544106
2023-06-30 19:25:03 [booklist] INFO: VALID_ID: 2567683
2023-06-30 19:25:03 [booklist] INFO: VALID_ID: 2605946
2023-06-30 19:25:03 [booklist] INFO: VALID_ID: 2544107
2023-06-30 19:25:03 [booklist] INFO: VALID_ID: 2544109
2023-06-30 19:25:03 [booklist] INFO: VALID_ID: 2543645
2023-06-30 19:25:03 [booklist] INFO: VALID_ID: 2544110
2023-06-30 19:25:03 [booklist] INFO: VALID_ID: 2543644
2023-06-30 19:25:04 [scrapy.core.engine] DEBUG: Crawled (200) <POST https://dl.ndl.go.jp/api/item/search> (referer: https://dl.ndl.go.jp/api/item/search)
2023-06-30 19:25:04 [booklist] INFO: Fetched page 11
2023-06-30 19:25:05 [booklist] INFO: VALID_ID: 2544108
2023-06-30 19:25:05 [booklist] INFO: VALID_ID: 11606622
2023-06-30 19:25:05 [booklist] INFO: VALID_ID: 2606534
2023-06-30 19:25:05 [booklist] INFO: VALID_ID: 2544422
2023-06-30 19:25:05 [booklist] INFO: VALID_ID: 2598666
2023-06-30 19:25:05 [booklist] INFO: VALID_ID: 2559467
2023-06-30 19:25:05 [booklist] INFO: VALID_ID: 2608991
2023-06-30 19:25:05 [booklist] INFO: VALID_ID: 2532118
2023-06-30 19:25:05 [booklist] INFO: VALID_ID: 2595777
2023-06-30 19:25:05 [booklist] INFO: VALID_ID: 2598667
2023-06-30 19:25:05 [booklist] INFO: VALID_ID: 2598668
2023-06-30 19:25:05 [booklist] INFO: VALID_ID: 2559468
2023-06-30 19:25:05 [booklist] INFO: VALID_ID: 2544421
2023-06-30 19:25:05 [booklist] INFO: VALID_ID: 2540470
2023-06-30 19:25:05 [booklist] INFO: VALID_ID: 2595779
2023-06-30 19:25:05 [booklist] INFO: VALID_ID: 2595778
2023-06-30 19:25:05 [booklist] INFO: VALID_ID: 2533631
2023-06-30 19:25:05 [booklist] INFO: VALID_ID: 2581836
2023-06-30 19:25:05 [booklist] INFO: VALID_ID: 2557721
2023-06-30 19:25:05 [booklist] INFO: VALID_ID: 2590378
2023-06-30 19:25:05 [booklist] INFO: VALID_ID: 2559250
2023-06-30 19:25:05 [booklist] INFO: VALID_ID: 2543541
2023-06-30 19:25:05 [booklist] INFO: VALID_ID: 2605952
2023-06-30 19:25:05 [booklist] INFO: VALID_ID: 2598865
2023-06-30 19:25:05 [booklist] INFO: VALID_ID: 2543542
2023-06-30 19:25:05 [booklist] INFO: VALID_ID: 2598862
2023-06-30 19:25:05 [booklist] INFO: VALID_ID: 2533649
2023-06-30 19:25:05 [booklist] INFO: VALID_ID: 2540503
2023-06-30 19:25:05 [booklist] INFO: VALID_ID: 2598868
2023-06-30 19:25:05 [booklist] INFO: VALID_ID: 2533632
2023-06-30 19:25:05 [booklist] INFO: VALID_ID: 3512425
2023-06-30 19:25:05 [booklist] INFO: VALID_ID: 2598669
2023-06-30 19:25:05 [booklist] INFO: VALID_ID: 2552252
2023-06-30 19:25:05 [booklist] INFO: VALID_ID: 2595780
2023-06-30 19:25:05 [booklist] INFO: VALID_ID: 2581052
2023-06-30 19:25:05 [booklist] INFO: VALID_ID: 2597772
2023-06-30 19:25:05 [booklist] INFO: VALID_ID: 2543433
2023-06-30 19:25:05 [booklist] INFO: VALID_ID: 2573623
2023-06-30 19:25:05 [booklist] INFO: VALID_ID: 2599172
2023-06-30 19:25:05 [booklist] INFO: VALID_ID: 2573606
2023-06-30 19:25:05 [booklist] INFO: VALID_ID: 2598869
2023-06-30 19:25:05 [booklist] INFO: VALID_ID: 2580930
2023-06-30 19:25:05 [booklist] INFO: VALID_ID: 2599171
2023-06-30 19:25:05 [booklist] INFO: VALID_ID: 2580929
2023-06-30 19:25:05 [booklist] INFO: VALID_ID: 2597771
2023-06-30 19:25:05 [booklist] INFO: VALID_ID: 2551908
2023-06-30 19:25:05 [booklist] INFO: VALID_ID: 2567456
2023-06-30 19:25:05 [booklist] INFO: VALID_ID: 2573605
2023-06-30 19:25:05 [booklist] INFO: VALID_ID: 2567457
2023-06-30 19:25:05 [booklist] INFO: VALID_ID: 2573625
2023-06-30 19:25:05 [booklist] INFO: VALID_ID: 2590377
2023-06-30 19:25:05 [booklist] INFO: VALID_ID: 2608034
2023-06-30 19:25:05 [booklist] INFO: VALID_ID: 2597295
2023-06-30 19:25:05 [booklist] INFO: VALID_ID: 2537959
2023-06-30 19:25:05 [booklist] INFO: VALID_ID: 2598866
2023-06-30 19:25:05 [booklist] INFO: VALID_ID: 2582360
2023-06-30 19:25:05 [booklist] INFO: VALID_ID: 2567461
2023-06-30 19:25:05 [booklist] INFO: VALID_ID: 2567462
2023-06-30 19:25:05 [booklist] INFO: VALID_ID: 2582251
2023-06-30 19:25:05 [booklist] INFO: VALID_ID: 2551909
2023-06-30 19:25:05 [booklist] INFO: VALID_ID: 2598867
2023-06-30 19:25:05 [booklist] INFO: VALID_ID: 1287648
2023-06-30 19:25:05 [booklist] INFO: VALID_ID: 2544877
2023-06-30 19:25:05 [booklist] INFO: VALID_ID: 2597292
2023-06-30 19:25:05 [booklist] INFO: VALID_ID: 2598033
2023-06-30 19:25:05 [booklist] INFO: VALID_ID: 2567460
2023-06-30 19:25:05 [booklist] INFO: VALID_ID: 2573622
2023-06-30 19:25:05 [booklist] INFO: VALID_ID: 2552251
2023-06-30 19:25:05 [booklist] INFO: VALID_ID: 2598032
2023-06-30 19:25:05 [booklist] INFO: VALID_ID: 2581042
2023-06-30 19:25:05 [booklist] INFO: VALID_ID: 2573624
2023-06-30 19:25:05 [booklist] INFO: VALID_ID: 2608402
2023-06-30 19:25:05 [booklist] INFO: VALID_ID: 2555024
2023-06-30 19:25:05 [booklist] INFO: VALID_ID: 2567463
2023-06-30 19:25:05 [booklist] INFO: VALID_ID: 2573621
2023-06-30 19:25:05 [booklist] INFO: VALID_ID: 2597291
2023-06-30 19:25:05 [booklist] INFO: VALID_ID: 9369921
2023-06-30 19:25:05 [booklist] INFO: VALID_ID: 2567458
2023-06-30 19:25:05 [booklist] INFO: VALID_ID: 2582352
2023-06-30 19:25:05 [booklist] INFO: VALID_ID: 2608509
2023-06-30 19:25:05 [booklist] INFO: VALID_ID: 2567459
2023-06-30 19:25:05 [booklist] INFO: VALID_ID: 2598777
2023-06-30 19:25:05 [booklist] INFO: VALID_ID: 2555025
2023-06-30 19:25:05 [booklist] INFO: VALID_ID: 10301041
2023-06-30 19:25:05 [booklist] INFO: VALID_ID: 2606752
2023-06-30 19:25:05 [booklist] INFO: VALID_ID: 2551907
2023-06-30 19:25:05 [booklist] INFO: VALID_ID: 2580657
2023-06-30 19:25:05 [booklist] INFO: VALID_ID: 2581002
2023-06-30 19:25:05 [booklist] INFO: VALID_ID: 2543434
2023-06-30 19:25:05 [booklist] INFO: VALID_ID: 2598016
2023-06-30 19:25:05 [booklist] INFO: VALID_ID: 2573626
2023-06-30 19:25:05 [booklist] INFO: VALID_ID: 2555023
2023-06-30 19:25:05 [booklist] INFO: VALID_ID: 2567464
2023-06-30 19:25:05 [booklist] INFO: VALID_ID: 2597293
2023-06-30 19:25:05 [booklist] INFO: VALID_ID: 2598017
2023-06-30 19:25:05 [booklist] INFO: VALID_ID: 2581003
2023-06-30 19:25:05 [booklist] INFO: VALID_ID: 2581004
2023-06-30 19:25:05 [booklist] INFO: VALID_ID: 2595803
2023-06-30 19:25:05 [booklist] INFO: VALID_ID: 11891835
2023-06-30 19:25:05 [booklist] INFO: VALID_ID: 2585249
2023-06-30 19:25:06 [scrapy.core.engine] DEBUG: Crawled (200) <POST https://dl.ndl.go.jp/api/item/search> (referer: https://dl.ndl.go.jp/api/item/search)
2023-06-30 19:25:06 [booklist] INFO: Fetched page 12
2023-06-30 19:25:06 [booklist] INFO: VALID_ID: 2573604
2023-06-30 19:25:06 [booklist] INFO: VALID_ID: 2597294
2023-06-30 19:25:06 [booklist] INFO: VALID_ID: 2543432
2023-06-30 19:25:06 [booklist] INFO: VALID_ID: 2598690
2023-06-30 19:25:06 [booklist] INFO: VALID_ID: 2581002
2023-06-30 19:25:06 [booklist] INFO: VALID_ID: 2581056
2023-06-30 19:25:06 [booklist] INFO: VALID_ID: 2581001
2023-06-30 19:25:06 [booklist] INFO: VALID_ID: 2533245
2023-06-30 19:25:06 [booklist] INFO: VALID_ID: 2539719
2023-06-30 19:25:06 [booklist] INFO: VALID_ID: 2544557
2023-06-30 19:25:06 [booklist] INFO: VALID_ID: 2605816
2023-06-30 19:25:06 [booklist] INFO: VALID_ID: 2581000
2023-06-30 19:25:06 [booklist] INFO: VALID_ID: 2544558
2023-06-30 19:25:06 [booklist] INFO: VALID_ID: 2586093
2023-06-30 19:25:06 [booklist] INFO: VALID_ID: 2544556
2023-06-30 19:25:06 [booklist] INFO: VALID_ID: 2544555
2023-06-30 19:25:06 [booklist] INFO: VALID_ID: 2573607
2023-06-30 19:25:06 [booklist] INFO: VALID_ID: 2573627
2023-06-30 19:25:06 [booklist] INFO: VALID_ID: 10301536
2023-06-30 19:25:06 [booklist] INFO: VALID_ID: 2609633
2023-06-30 19:25:06 [booklist] INFO: VALID_ID: 2610270
2023-06-30 19:25:06 [booklist] INFO: VALID_ID: 2553337
2023-06-30 19:25:06 [booklist] INFO: VALID_ID: 9892629
2023-06-30 19:25:06 [booklist] INFO: VALID_ID: 2532162
2023-06-30 19:25:06 [booklist] INFO: VALID_ID: 2581025
2023-06-30 19:25:06 [booklist] INFO: VALID_ID: 2581038
2023-06-30 19:25:06 [booklist] INFO: VALID_ID: 2545373
2023-06-30 19:25:06 [booklist] INFO: VALID_ID: 2545360
2023-06-30 19:25:06 [booklist] INFO: VALID_ID: 2545371
2023-06-30 19:25:06 [booklist] INFO: VALID_ID: 2545369
2023-06-30 19:25:06 [booklist] INFO: VALID_ID: 2545363
2023-06-30 19:25:06 [booklist] INFO: VALID_ID: 2545365
2023-06-30 19:25:06 [booklist] INFO: VALID_ID: 2551956
2023-06-30 19:25:06 [booklist] INFO: VALID_ID: 2606688
2023-06-30 19:25:06 [booklist] INFO: VALID_ID: 2585251
2023-06-30 19:25:06 [booklist] INFO: VALID_ID: 2585250
2023-06-30 19:25:06 [booklist] INFO: VALID_ID: 2545359
2023-06-30 19:25:06 [booklist] INFO: VALID_ID: 2545370
2023-06-30 19:25:06 [booklist] INFO: VALID_ID: 2545358
2023-06-30 19:25:06 [booklist] INFO: VALID_ID: 2545364
2023-06-30 19:25:06 [booklist] INFO: VALID_ID: 2545372
2023-06-30 19:25:06 [booklist] INFO: VALID_ID: 2545366
2023-06-30 19:25:06 [booklist] INFO: VALID_ID: 2545367
2023-06-30 19:25:06 [booklist] INFO: VALID_ID: 2545361
2023-06-30 19:25:06 [booklist] INFO: VALID_ID: 2545368
2023-06-30 19:25:06 [booklist] INFO: VALID_ID: 2592901
2023-06-30 19:25:06 [booklist] INFO: VALID_ID: 2545362
2023-06-30 19:25:06 [booklist] INFO: VALID_ID: 2607101
2023-06-30 19:25:06 [booklist] INFO: VALID_ID: 2553328
2023-06-30 19:25:06 [booklist] INFO: VALID_ID: 2610666
2023-06-30 19:25:06 [booklist] INFO: VALID_ID: 2553310
2023-06-30 19:25:06 [booklist] INFO: VALID_ID: 2551902
2023-06-30 19:25:06 [booklist] INFO: VALID_ID: 2610499
2023-06-30 19:25:06 [booklist] INFO: VALID_ID: 2611103
2023-06-30 19:25:06 [booklist] INFO: VALID_ID: 2597313
2023-06-30 19:25:06 [booklist] INFO: VALID_ID: 2554207
2023-06-30 19:25:06 [booklist] INFO: VALID_ID: 2609227
2023-06-30 19:25:06 [booklist] INFO: VALID_ID: 2606073
2023-06-30 19:25:06 [booklist] INFO: VALID_ID: 2585605
2023-06-30 19:25:06 [booklist] INFO: VALID_ID: 2610129
2023-06-30 19:25:06 [booklist] INFO: VALID_ID: 10300952
2023-06-30 19:25:06 [booklist] INFO: VALID_ID: 2537443
2023-06-30 19:25:06 [booklist] INFO: VALID_ID: 2605546
2023-06-30 19:25:06 [booklist] INFO: VALID_ID: 1307726
2023-06-30 19:25:06 [booklist] INFO: VALID_ID: 2569004
2023-06-30 19:25:06 [booklist] INFO: VALID_ID: 2608780
2023-06-30 19:25:06 [booklist] INFO: VALID_ID: 2568992
2023-06-30 19:25:06 [booklist] INFO: VALID_ID: 2569006
2023-06-30 19:25:06 [booklist] INFO: VALID_ID: 2569003
2023-06-30 19:25:06 [booklist] INFO: VALID_ID: 10301527
2023-06-30 19:25:06 [booklist] INFO: VALID_ID: 2568994
2023-06-30 19:25:06 [booklist] INFO: VALID_ID: 2568990
2023-06-30 19:25:06 [booklist] INFO: VALID_ID: 2569007
2023-06-30 19:25:06 [booklist] INFO: VALID_ID: 2568999
2023-06-30 19:25:06 [booklist] INFO: VALID_ID: 2568984
2023-06-30 19:25:06 [booklist] INFO: VALID_ID: 2568982
2023-06-30 19:25:06 [booklist] INFO: VALID_ID: 2569001
2023-06-30 19:25:06 [booklist] INFO: VALID_ID: 2569000
2023-06-30 19:25:06 [booklist] INFO: VALID_ID: 2590376
2023-06-30 19:25:06 [booklist] INFO: VALID_ID: 2568983
2023-06-30 19:25:06 [booklist] INFO: VALID_ID: 2569002
2023-06-30 19:25:06 [booklist] INFO: VALID_ID: 2568998
2023-06-30 19:25:06 [booklist] INFO: VALID_ID: 2568993
2023-06-30 19:25:06 [booklist] INFO: VALID_ID: 2568996
2023-06-30 19:25:06 [booklist] INFO: VALID_ID: 2568986
2023-06-30 19:25:06 [booklist] INFO: VALID_ID: 2569005
2023-06-30 19:25:06 [booklist] INFO: VALID_ID: 2569012
2023-06-30 19:25:06 [booklist] INFO: VALID_ID: 2568997
2023-06-30 19:25:06 [booklist] INFO: VALID_ID: 2569009
2023-06-30 19:25:06 [booklist] INFO: VALID_ID: 2568989
2023-06-30 19:25:06 [booklist] INFO: VALID_ID: 2569010
2023-06-30 19:25:06 [booklist] INFO: VALID_ID: 2610124
2023-06-30 19:25:06 [booklist] INFO: VALID_ID: 2610368
2023-06-30 19:25:06 [booklist] INFO: VALID_ID: 2569011
2023-06-30 19:25:06 [booklist] INFO: VALID_ID: 2568988
2023-06-30 19:25:06 [booklist] INFO: VALID_ID: 2568995
2023-06-30 19:25:06 [booklist] INFO: VALID_ID: 2569008
2023-06-30 19:25:06 [booklist] INFO: VALID_ID: 2568985
2023-06-30 19:25:06 [booklist] INFO: VALID_ID: 2569013
2023-06-30 19:25:06 [booklist] INFO: VALID_ID: 2568991
2023-06-30 19:25:07 [scrapy.core.engine] DEBUG: Crawled (200) <POST https://dl.ndl.go.jp/api/item/search> (referer: https://dl.ndl.go.jp/api/item/search)
2023-06-30 19:25:07 [booklist] INFO: Fetched page 13
2023-06-30 19:25:07 [booklist] INFO: VALID_ID: 2569013
2023-06-30 19:25:07 [booklist] INFO: VALID_ID: 2609321
2023-06-30 19:25:07 [booklist] INFO: VALID_ID: 2609432
2023-06-30 19:25:07 [booklist] INFO: VALID_ID: 2608873
2023-06-30 19:25:07 [booklist] INFO: VALID_ID: 11892644
2023-06-30 19:25:07 [booklist] INFO: VALID_ID: 2609552
2023-06-30 19:25:07 [booklist] INFO: VALID_ID: 2605396
2023-06-30 19:25:07 [booklist] INFO: VALID_ID: 9369960
2023-06-30 19:25:07 [booklist] INFO: VALID_ID: 10301030
2023-06-30 19:25:07 [booklist] INFO: VALID_ID: 11892643
2023-06-30 19:25:07 [booklist] INFO: VALID_ID: 2593575
2023-06-30 19:25:07 [booklist] INFO: VALID_ID: 2610537
2023-06-30 19:25:07 [booklist] INFO: VALID_ID: 2585331
2023-06-30 19:25:07 [booklist] INFO: VALID_ID: 2585690
2023-06-30 19:25:07 [booklist] INFO: VALID_ID: 2605579
2023-06-30 19:25:07 [booklist] INFO: VALID_ID: 2610659
2023-06-30 19:25:07 [booklist] INFO: VALID_ID: 2611048
2023-06-30 19:25:07 [booklist] INFO: VALID_ID: 2607884
2023-06-30 19:25:07 [booklist] INFO: VALID_ID: 2610325
2023-06-30 19:25:07 [booklist] INFO: VALID_ID: 9369964
2023-06-30 19:25:07 [booklist] INFO: VALID_ID: 2609301
2023-06-30 19:25:07 [booklist] INFO: VALID_ID: 2609563
2023-06-30 19:25:07 [booklist] INFO: VALID_ID: 2609621
2023-06-30 19:25:07 [booklist] INFO: VALID_ID: 2533156
2023-06-30 19:25:07 [booklist] INFO: VALID_ID: 2606933
2023-06-30 19:25:07 [booklist] INFO: VALID_ID: 2609861
2023-06-30 19:25:07 [booklist] INFO: VALID_ID: 2610395
2023-06-30 19:25:07 [booklist] INFO: VALID_ID: 2609581
2023-06-30 19:25:07 [booklist] INFO: VALID_ID: 2559242
2023-06-30 19:25:07 [booklist] INFO: VALID_ID: 2559255
2023-06-30 19:25:07 [booklist] INFO: VALID_ID: 2559249
2023-06-30 19:25:07 [booklist] INFO: VALID_ID: 2559247
2023-06-30 19:25:07 [booklist] INFO: VALID_ID: 2605214
2023-06-30 19:25:07 [booklist] INFO: VALID_ID: 2559251
2023-06-30 19:25:07 [booklist] INFO: VALID_ID: 11892789
2023-06-30 19:25:07 [booklist] INFO: VALID_ID: 2592524
2023-06-30 19:25:07 [booklist] INFO: VALID_ID: 2550156
2023-06-30 19:25:07 [booklist] INFO: VALID_ID: 2559244
2023-06-30 19:25:07 [booklist] INFO: VALID_ID: 2559248
2023-06-30 19:25:07 [booklist] INFO: VALID_ID: 2559254
2023-06-30 19:25:07 [booklist] INFO: VALID_ID: 2559243
2023-06-30 19:25:07 [booklist] INFO: VALID_ID: 2559245
2023-06-30 19:25:07 [booklist] INFO: VALID_ID: 2559253
2023-06-30 19:25:07 [booklist] INFO: VALID_ID: 2559246
2023-06-30 19:25:07 [booklist] INFO: VALID_ID: 2559252
2023-06-30 19:25:07 [booklist] INFO: VALID_ID: 2559241
2023-06-30 19:25:07 [booklist] INFO: VALID_ID: 2605528
2023-06-30 19:25:07 [booklist] INFO: VALID_ID: 2605995
2023-06-30 19:25:07 [booklist] INFO: VALID_ID: 2609516
2023-06-30 19:25:07 [booklist] INFO: VALID_ID: 2609800
2023-06-30 19:25:07 [booklist] INFO: VALID_ID: 2585162
2023-06-30 19:25:07 [booklist] INFO: VALID_ID: 2609783
2023-06-30 19:25:07 [booklist] INFO: VALID_ID: 2610138
2023-06-30 19:25:08 [scrapy.core.engine] DEBUG: Crawled (200) <POST https://dl.ndl.go.jp/api/item/search> (referer: https://dl.ndl.go.jp/api/item/search)
2023-06-30 19:25:08 [booklist] INFO: Fetched page 14
2023-06-30 19:25:08 [booklist] INFO: No more books on 14
2023-06-30 19:25:08 [scrapy.core.engine] INFO: Closing spider (finished)
2023-06-30 19:25:08 [scrapy.statscollectors] INFO: Dumping Scrapy stats:
{'downloader/request_bytes': 19094,
 'downloader/request_count': 15,
 'downloader/request_method_count/GET': 1,
 'downloader/request_method_count/POST': 14,
 'downloader/response_bytes': 5774770,
 'downloader/response_count': 15,
 'downloader/response_status_count/200': 15,
 'elapsed_time_seconds': 19.166372,
 'finish_reason': 'finished',
 'finish_time': datetime.datetime(2023, 6, 30, 11, 25, 8, 441862),
 'httpcompression/response_bytes': 66148581,
 'httpcompression/response_count': 14,
 'log_count/DEBUG': 18,
 'log_count/INFO': 1278,
 'memusage/max': 63815680,
 'memusage/startup': 63815680,
 'request_depth_max': 13,
 'response_received_count': 15,
 'robotstxt/request_count': 1,
 'robotstxt/response_count': 1,
 'robotstxt/response_status_count/200': 1,
 'scheduler/dequeued': 14,
 'scheduler/dequeued/memory': 14,
 'scheduler/enqueued': 14,
 'scheduler/enqueued/memory': 14,
 'start_time': datetime.datetime(2023, 6, 30, 11, 24, 49, 275490)}
2023-06-30 19:25:08 [scrapy.core.engine] INFO: Spider closed (finished)
