2023-06-30 19:26:00 [scrapy.utils.log] INFO: Scrapy 2.9.0 started (bot: ndlcrawler)
2023-06-30 19:26:00 [scrapy.utils.log] INFO: Versions: lxml 4.9.2.0, libxml2 2.9.14, cssselect 1.2.0, parsel 1.8.1, w3lib 2.1.1, Twisted 22.10.0, Python 3.10.10 (main, Mar  5 2023, 22:26:53) [GCC 12.2.1 20230201], pyOpenSSL 23.2.0 (OpenSSL 3.1.1 30 May 2023), cryptography 41.0.1, Platform Linux-6.2.12-arch1-1-x86_64-with-glibc2.37
2023-06-30 19:26:00 [scrapy.crawler] INFO: Overridden settings:
{'BOT_NAME': 'ndlcrawler',
 'FEED_EXPORT_ENCODING': 'utf-8',
 'LOG_FILE': 'logs/booklist.title.藏.log',
 'NEWSPIDER_MODULE': 'ndlcrawler.spiders',
 'REQUEST_FINGERPRINTER_IMPLEMENTATION': '2.7',
 'ROBOTSTXT_OBEY': True,
 'SPIDER_MODULES': ['ndlcrawler.spiders'],
 'TWISTED_REACTOR': 'twisted.internet.asyncioreactor.AsyncioSelectorReactor'}
2023-06-30 19:26:00 [asyncio] DEBUG: Using selector: EpollSelector
2023-06-30 19:26:00 [scrapy.utils.log] DEBUG: Using reactor: twisted.internet.asyncioreactor.AsyncioSelectorReactor
2023-06-30 19:26:00 [scrapy.utils.log] DEBUG: Using asyncio event loop: asyncio.unix_events._UnixSelectorEventLoop
2023-06-30 19:26:00 [scrapy.extensions.telnet] INFO: Telnet Password: b249ae3dd9df7786
2023-06-30 19:26:00 [scrapy.middleware] INFO: Enabled extensions:
['scrapy.extensions.corestats.CoreStats',
 'scrapy.extensions.telnet.TelnetConsole',
 'scrapy.extensions.memusage.MemoryUsage',
 'scrapy.extensions.logstats.LogStats']
2023-06-30 19:26:00 [scrapy.middleware] INFO: Enabled downloader middlewares:
['scrapy.downloadermiddlewares.robotstxt.RobotsTxtMiddleware',
 'scrapy.downloadermiddlewares.httpauth.HttpAuthMiddleware',
 'scrapy.downloadermiddlewares.downloadtimeout.DownloadTimeoutMiddleware',
 'scrapy.downloadermiddlewares.defaultheaders.DefaultHeadersMiddleware',
 'scrapy.downloadermiddlewares.useragent.UserAgentMiddleware',
 'scrapy.downloadermiddlewares.retry.RetryMiddleware',
 'scrapy.downloadermiddlewares.redirect.MetaRefreshMiddleware',
 'scrapy.downloadermiddlewares.httpcompression.HttpCompressionMiddleware',
 'scrapy.downloadermiddlewares.redirect.RedirectMiddleware',
 'scrapy.downloadermiddlewares.cookies.CookiesMiddleware',
 'scrapy.downloadermiddlewares.httpproxy.HttpProxyMiddleware',
 'scrapy.downloadermiddlewares.stats.DownloaderStats']
2023-06-30 19:26:00 [scrapy.middleware] INFO: Enabled spider middlewares:
['scrapy.spidermiddlewares.httperror.HttpErrorMiddleware',
 'scrapy.spidermiddlewares.offsite.OffsiteMiddleware',
 'scrapy.spidermiddlewares.referer.RefererMiddleware',
 'scrapy.spidermiddlewares.urllength.UrlLengthMiddleware',
 'scrapy.spidermiddlewares.depth.DepthMiddleware']
2023-06-30 19:26:00 [scrapy.middleware] INFO: Enabled item pipelines:
[]
2023-06-30 19:26:00 [scrapy.core.engine] INFO: Spider opened
2023-06-30 19:26:01 [scrapy.extensions.logstats] INFO: Crawled 0 pages (at 0 pages/min), scraped 0 items (at 0 items/min)
2023-06-30 19:26:01 [scrapy.extensions.telnet] INFO: Telnet console listening on 127.0.0.1:6023
2023-06-30 19:26:01 [scrapy.core.engine] DEBUG: Crawled (200) <GET https://dl.ndl.go.jp/robots.txt> (referer: None)
2023-06-30 19:26:02 [scrapy.core.engine] DEBUG: Crawled (200) <POST https://dl.ndl.go.jp/api/item/search> (referer: None)
2023-06-30 19:26:02 [booklist] INFO: Fetched page 1
2023-06-30 19:26:02 [booklist] INFO: VALID_ID: 1304138
2023-06-30 19:26:02 [booklist] INFO: VALID_ID: 1304146
2023-06-30 19:26:02 [booklist] INFO: VALID_ID: 1302742
2023-06-30 19:26:02 [booklist] INFO: VALID_ID: 1302749
2023-06-30 19:26:02 [booklist] INFO: VALID_ID: 1305293
2023-06-30 19:26:02 [booklist] INFO: VALID_ID: 1309967
2023-06-30 19:26:02 [booklist] INFO: VALID_ID: 1304371
2023-06-30 19:26:02 [booklist] INFO: VALID_ID: 1304370
2023-06-30 19:26:02 [booklist] INFO: VALID_ID: 1309970
2023-06-30 19:26:02 [booklist] INFO: VALID_ID: 1306101
2023-06-30 19:26:02 [booklist] INFO: VALID_ID: 1302740
2023-06-30 19:26:02 [booklist] INFO: VALID_ID: 1304147
2023-06-30 19:26:02 [booklist] INFO: VALID_ID: 1302747
2023-06-30 19:26:02 [booklist] INFO: VALID_ID: 1304365
2023-06-30 19:26:02 [booklist] INFO: VALID_ID: 1304140
2023-06-30 19:26:02 [booklist] INFO: VALID_ID: 1305291
2023-06-30 19:26:02 [booklist] INFO: VALID_ID: 1302743
2023-06-30 19:26:02 [booklist] INFO: VALID_ID: 1305292
2023-06-30 19:26:02 [booklist] INFO: VALID_ID: 1308961
2023-06-30 19:26:02 [booklist] INFO: VALID_ID: 1302745
2023-06-30 19:26:02 [booklist] INFO: VALID_ID: 1309851
2023-06-30 19:26:02 [booklist] INFO: VALID_ID: 1309969
2023-06-30 19:26:02 [booklist] INFO: VALID_ID: 1304364
2023-06-30 19:26:02 [booklist] INFO: VALID_ID: 1305290
2023-06-30 19:26:02 [booklist] INFO: VALID_ID: 1309856
2023-06-30 19:26:02 [booklist] INFO: VALID_ID: 1302746
2023-06-30 19:26:02 [booklist] INFO: VALID_ID: 1304145
2023-06-30 19:26:02 [booklist] INFO: VALID_ID: 1308962
2023-06-30 19:26:02 [booklist] INFO: VALID_ID: 1304148
2023-06-30 19:26:02 [booklist] INFO: VALID_ID: 1304143
2023-06-30 19:26:02 [booklist] INFO: VALID_ID: 1302738
2023-06-30 19:26:02 [booklist] INFO: VALID_ID: 1308955
2023-06-30 19:26:02 [booklist] INFO: VALID_ID: 1308957
2023-06-30 19:26:02 [booklist] INFO: VALID_ID: 1309854
2023-06-30 19:26:02 [booklist] INFO: VALID_ID: 1309848
2023-06-30 19:26:02 [booklist] INFO: VALID_ID: 1304141
2023-06-30 19:26:02 [booklist] INFO: VALID_ID: 1304144
2023-06-30 19:26:02 [booklist] INFO: VALID_ID: 2551739
2023-06-30 19:26:02 [booklist] INFO: VALID_ID: 1304366
2023-06-30 19:26:02 [booklist] INFO: VALID_ID: 1309961
2023-06-30 19:26:02 [booklist] INFO: VALID_ID: 1308958
2023-06-30 19:26:02 [booklist] INFO: VALID_ID: 1306102
2023-06-30 19:26:02 [booklist] INFO: VALID_ID: 1306104
2023-06-30 19:26:02 [booklist] INFO: VALID_ID: 1308956
2023-06-30 19:26:02 [booklist] INFO: VALID_ID: 1308954
2023-06-30 19:26:02 [booklist] INFO: VALID_ID: 1308963
2023-06-30 19:26:02 [booklist] INFO: VALID_ID: 1308959
2023-06-30 19:26:02 [booklist] INFO: VALID_ID: 1309858
2023-06-30 19:26:02 [booklist] INFO: VALID_ID: 1309853
2023-06-30 19:26:02 [booklist] INFO: VALID_ID: 1309965
2023-06-30 19:26:02 [booklist] INFO: VALID_ID: 1308960
2023-06-30 19:26:02 [booklist] INFO: VALID_ID: 2537881
2023-06-30 19:26:02 [booklist] INFO: VALID_ID: 1302748
2023-06-30 19:26:02 [booklist] INFO: VALID_ID: 1306107
2023-06-30 19:26:02 [booklist] INFO: VALID_ID: 1309963
2023-06-30 19:26:02 [booklist] INFO: VALID_ID: 1306106
2023-06-30 19:26:02 [booklist] INFO: VALID_ID: 1306103
2023-06-30 19:26:02 [booklist] INFO: VALID_ID: 1309968
2023-06-30 19:26:02 [booklist] INFO: VALID_ID: 2567093
2023-06-30 19:26:02 [booklist] INFO: VALID_ID: 1306108
2023-06-30 19:26:02 [booklist] INFO: VALID_ID: 1309964
2023-06-30 19:26:02 [booklist] INFO: VALID_ID: 1309960
2023-06-30 19:26:02 [booklist] INFO: VALID_ID: 1309971
2023-06-30 19:26:02 [booklist] INFO: VALID_ID: 1308964
2023-06-30 19:26:02 [booklist] INFO: VALID_ID: 1309857
2023-06-30 19:26:02 [booklist] INFO: VALID_ID: 2605248
2023-06-30 19:26:02 [booklist] INFO: VALID_ID: 1306105
2023-06-30 19:26:02 [booklist] INFO: VALID_ID: 2540027
2023-06-30 19:26:02 [booklist] INFO: VALID_ID: 2539968
2023-06-30 19:26:02 [booklist] INFO: VALID_ID: 1309849
2023-06-30 19:26:02 [booklist] INFO: VALID_ID: 1309852
2023-06-30 19:26:02 [booklist] INFO: VALID_ID: 1309855
2023-06-30 19:26:02 [booklist] INFO: VALID_ID: 2541983
2023-06-30 19:26:02 [booklist] INFO: VALID_ID: 1309962
2023-06-30 19:26:02 [booklist] INFO: VALID_ID: 1309850
2023-06-30 19:26:02 [booklist] INFO: VALID_ID: 2551740
2023-06-30 19:26:02 [booklist] INFO: VALID_ID: 9892902
2023-06-30 19:26:02 [booklist] INFO: VALID_ID: 2536290
2023-06-30 19:26:02 [booklist] INFO: VALID_ID: 2551741
2023-06-30 19:26:02 [booklist] INFO: VALID_ID: 2568144
2023-06-30 19:26:02 [booklist] INFO: VALID_ID: 2587045
2023-06-30 19:26:02 [booklist] INFO: VALID_ID: 2610456
2023-06-30 19:26:02 [booklist] INFO: VALID_ID: 2537882
2023-06-30 19:26:02 [booklist] INFO: VALID_ID: 2533199
2023-06-30 19:26:02 [booklist] INFO: VALID_ID: 10303783
2023-06-30 19:26:02 [booklist] INFO: VALID_ID: 2607254
2023-06-30 19:26:02 [booklist] INFO: VALID_ID: 2568145
2023-06-30 19:26:02 [booklist] INFO: VALID_ID: 2608529
2023-06-30 19:26:02 [booklist] INFO: VALID_ID: 2563417
2023-06-30 19:26:02 [booklist] INFO: VALID_ID: 11223271
2023-06-30 19:26:02 [booklist] INFO: VALID_ID: 2533489
2023-06-30 19:26:02 [booklist] INFO: VALID_ID: 11223272
2023-06-30 19:26:02 [booklist] INFO: VALID_ID: 10303987
2023-06-30 19:26:02 [booklist] INFO: VALID_ID: 2561209
2023-06-30 19:26:02 [booklist] INFO: VALID_ID: 2563418
2023-06-30 19:26:02 [booklist] INFO: VALID_ID: 2538507
2023-06-30 19:26:02 [booklist] INFO: VALID_ID: 2563414
2023-06-30 19:26:02 [booklist] INFO: VALID_ID: 10303782
2023-06-30 19:26:02 [booklist] INFO: VALID_ID: 2608640
2023-06-30 19:26:02 [booklist] INFO: VALID_ID: 2563419
2023-06-30 19:26:03 [scrapy.core.engine] DEBUG: Crawled (200) <POST https://dl.ndl.go.jp/api/item/search> (referer: https://dl.ndl.go.jp/api/item/search)
2023-06-30 19:26:03 [booklist] INFO: Fetched page 2
2023-06-30 19:26:03 [booklist] INFO: VALID_ID: 2533167
2023-06-30 19:26:03 [booklist] INFO: VALID_ID: 2563414
2023-06-30 19:26:03 [booklist] INFO: VALID_ID: 2563416
2023-06-30 19:26:03 [booklist] INFO: VALID_ID: 2561207
2023-06-30 19:26:03 [booklist] INFO: VALID_ID: 2563415
2023-06-30 19:26:03 [booklist] INFO: VALID_ID: 2537561
2023-06-30 19:26:03 [booklist] INFO: VALID_ID: 2541899
2023-06-30 19:26:03 [booklist] INFO: VALID_ID: 2587047
2023-06-30 19:26:03 [booklist] INFO: VALID_ID: 2539127
2023-06-30 19:26:03 [booklist] INFO: VALID_ID: 2532556
2023-06-30 19:26:03 [booklist] INFO: VALID_ID: 2561208
2023-06-30 19:26:03 [booklist] INFO: VALID_ID: 11223538
2023-06-30 19:26:03 [booklist] INFO: VALID_ID: 2532551
2023-06-30 19:26:03 [booklist] INFO: VALID_ID: 2541989
2023-06-30 19:26:03 [booklist] INFO: VALID_ID: 2608662
2023-06-30 19:26:03 [booklist] INFO: VALID_ID: 2532559
2023-06-30 19:26:03 [booklist] INFO: VALID_ID: 2587043
2023-06-30 19:26:03 [booklist] INFO: VALID_ID: 2571210
2023-06-30 19:26:03 [booklist] INFO: VALID_ID: 2541896
2023-06-30 19:26:03 [booklist] INFO: VALID_ID: 2532550
2023-06-30 19:26:03 [booklist] INFO: VALID_ID: 2536708
2023-06-30 19:26:03 [booklist] INFO: VALID_ID: 1287834
2023-06-30 19:26:03 [booklist] INFO: VALID_ID: 2532591
2023-06-30 19:26:03 [booklist] INFO: VALID_ID: 2571211
2023-06-30 19:26:03 [booklist] INFO: VALID_ID: 10303781
2023-06-30 19:26:03 [booklist] INFO: VALID_ID: 2532593
2023-06-30 19:26:03 [booklist] INFO: VALID_ID: 2532557
2023-06-30 19:26:03 [booklist] INFO: VALID_ID: 2532554
2023-06-30 19:26:03 [booklist] INFO: VALID_ID: 2610532
2023-06-30 19:26:03 [booklist] INFO: VALID_ID: 2532558
2023-06-30 19:26:03 [booklist] INFO: VALID_ID: 2540736
2023-06-30 19:26:03 [booklist] INFO: VALID_ID: 2585032
2023-06-30 19:26:03 [booklist] INFO: VALID_ID: 2546809
2023-06-30 19:26:03 [booklist] INFO: VALID_ID: 2587044
2023-06-30 19:26:03 [booklist] INFO: VALID_ID: 2532562
2023-06-30 19:26:03 [booklist] INFO: VALID_ID: 2587042
2023-06-30 19:26:03 [booklist] INFO: VALID_ID: 2587046
2023-06-30 19:26:03 [booklist] INFO: VALID_ID: 2540731
2023-06-30 19:26:03 [booklist] INFO: VALID_ID: 2532552
2023-06-30 19:26:03 [booklist] INFO: VALID_ID: 2585031
2023-06-30 19:26:03 [booklist] INFO: VALID_ID: 2587041
2023-06-30 19:26:03 [booklist] INFO: VALID_ID: 2532590
2023-06-30 19:26:03 [booklist] INFO: VALID_ID: 2610304
2023-06-30 19:26:03 [booklist] INFO: VALID_ID: 9893124
2023-06-30 19:26:03 [booklist] INFO: VALID_ID: 2546783
2023-06-30 19:26:03 [booklist] INFO: VALID_ID: 2587048
2023-06-30 19:26:03 [booklist] INFO: VALID_ID: 9892961
2023-06-30 19:26:03 [booklist] INFO: VALID_ID: 2587040
2023-06-30 19:26:03 [booklist] INFO: VALID_ID: 2532127
2023-06-30 19:26:03 [booklist] INFO: VALID_ID: 2541900
2023-06-30 19:26:03 [booklist] INFO: VALID_ID: 2587049
2023-06-30 19:26:03 [booklist] INFO: VALID_ID: 2532595
2023-06-30 19:26:03 [booklist] INFO: VALID_ID: 2546814
2023-06-30 19:26:03 [booklist] INFO: VALID_ID: 2546798
2023-06-30 19:26:03 [booklist] INFO: VALID_ID: 2607128
2023-06-30 19:26:03 [booklist] INFO: VALID_ID: 2546801
2023-06-30 19:26:03 [booklist] INFO: VALID_ID: 10301771
2023-06-30 19:26:03 [booklist] INFO: VALID_ID: 1308156
2023-06-30 19:26:03 [booklist] INFO: VALID_ID: 1312635
2023-06-30 19:26:03 [booklist] INFO: VALID_ID: 2532555
2023-06-30 19:26:03 [booklist] INFO: VALID_ID: 2546803
2023-06-30 19:26:03 [booklist] INFO: VALID_ID: 2546805
2023-06-30 19:26:03 [booklist] INFO: VALID_ID: 2605895
2023-06-30 19:26:03 [booklist] INFO: VALID_ID: 2546793
2023-06-30 19:26:03 [booklist] INFO: VALID_ID: 2546810
2023-06-30 19:26:03 [booklist] INFO: VALID_ID: 2546811
2023-06-30 19:26:03 [booklist] INFO: VALID_ID: 2532553
2023-06-30 19:26:03 [booklist] INFO: VALID_ID: 2563807
2023-06-30 19:26:03 [booklist] INFO: VALID_ID: 2546806
2023-06-30 19:26:03 [booklist] INFO: VALID_ID: 2532561
2023-06-30 19:26:03 [booklist] INFO: VALID_ID: 2546812
2023-06-30 19:26:03 [booklist] INFO: VALID_ID: 2546797
2023-06-30 19:26:03 [booklist] INFO: VALID_ID: 2546813
2023-06-30 19:26:03 [booklist] INFO: VALID_ID: 1305263
2023-06-30 19:26:03 [booklist] INFO: VALID_ID: 2540733
2023-06-30 19:26:03 [booklist] INFO: VALID_ID: 2546818
2023-06-30 19:26:03 [booklist] INFO: VALID_ID: 2546819
2023-06-30 19:26:03 [booklist] INFO: VALID_ID: 2546796
2023-06-30 19:26:03 [booklist] INFO: VALID_ID: 2546817
2023-06-30 19:26:03 [booklist] INFO: VALID_ID: 2606394
2023-06-30 19:26:03 [booklist] INFO: VALID_ID: 2546808
2023-06-30 19:26:03 [booklist] INFO: VALID_ID: 2546802
2023-06-30 19:26:03 [booklist] INFO: VALID_ID: 1313423
2023-06-30 19:26:03 [booklist] INFO: VALID_ID: 2546829
2023-06-30 19:26:03 [booklist] INFO: VALID_ID: 2546794
2023-06-30 19:26:03 [booklist] INFO: VALID_ID: 2546788
2023-06-30 19:26:03 [booklist] INFO: VALID_ID: 2546826
2023-06-30 19:26:03 [booklist] INFO: VALID_ID: 2608731
2023-06-30 19:26:03 [booklist] INFO: VALID_ID: 2546787
2023-06-30 19:26:03 [booklist] INFO: VALID_ID: 2540732
2023-06-30 19:26:03 [booklist] INFO: VALID_ID: 1308589
2023-06-30 19:26:03 [booklist] INFO: VALID_ID: 2563806
2023-06-30 19:26:03 [booklist] INFO: VALID_ID: 12865498
2023-06-30 19:26:03 [booklist] INFO: VALID_ID: 2546824
2023-06-30 19:26:03 [booklist] INFO: VALID_ID: 2546820
2023-06-30 19:26:03 [booklist] INFO: VALID_ID: 2546795
2023-06-30 19:26:03 [booklist] INFO: VALID_ID: 2546782
2023-06-30 19:26:03 [booklist] INFO: VALID_ID: 2546792
2023-06-30 19:26:03 [booklist] INFO: VALID_ID: 2540734
2023-06-30 19:26:03 [booklist] INFO: VALID_ID: 2546800
2023-06-30 19:26:03 [scrapy.core.engine] DEBUG: Crawled (200) <POST https://dl.ndl.go.jp/api/item/search> (referer: https://dl.ndl.go.jp/api/item/search)
2023-06-30 19:26:04 [booklist] INFO: Fetched page 3
2023-06-30 19:26:04 [booklist] INFO: VALID_ID: 2546789
2023-06-30 19:26:04 [booklist] INFO: VALID_ID: 2538337
2023-06-30 19:26:04 [booklist] INFO: VALID_ID: 2546816
2023-06-30 19:26:04 [booklist] INFO: VALID_ID: 2546782
2023-06-30 19:26:04 [booklist] INFO: VALID_ID: 1308139
2023-06-30 19:26:04 [booklist] INFO: VALID_ID: 2606848
2023-06-30 19:26:04 [booklist] INFO: VALID_ID: 2546784
2023-06-30 19:26:04 [booklist] INFO: VALID_ID: 2607319
2023-06-30 19:26:04 [booklist] INFO: VALID_ID: 2537258
2023-06-30 19:26:04 [booklist] INFO: VALID_ID: 2563447
2023-06-30 19:26:04 [booklist] INFO: VALID_ID: 2534045
2023-06-30 19:26:04 [booklist] INFO: VALID_ID: 9892526
2023-06-30 19:26:04 [booklist] INFO: VALID_ID: 2546815
2023-06-30 19:26:04 [booklist] INFO: VALID_ID: 9369506
2023-06-30 19:26:04 [booklist] INFO: VALID_ID: 2546839
2023-06-30 19:26:04 [booklist] INFO: VALID_ID: 2546834
2023-06-30 19:26:04 [booklist] INFO: VALID_ID: 2532282
2023-06-30 19:26:04 [booklist] INFO: VALID_ID: 1312404
2023-06-30 19:26:04 [booklist] INFO: VALID_ID: 1312625
2023-06-30 19:26:04 [booklist] INFO: VALID_ID: 1312358
2023-06-30 19:26:04 [booklist] INFO: VALID_ID: 1308572
2023-06-30 19:26:04 [booklist] INFO: VALID_ID: 2541285
2023-06-30 19:26:04 [booklist] INFO: VALID_ID: 2554184
2023-06-30 19:26:04 [booklist] INFO: VALID_ID: 2546821
2023-06-30 19:26:04 [booklist] INFO: VALID_ID: 2546822
2023-06-30 19:26:04 [booklist] INFO: VALID_ID: 2546838
2023-06-30 19:26:04 [booklist] INFO: VALID_ID: 2546823
2023-06-30 19:26:04 [booklist] INFO: VALID_ID: 2554181
2023-06-30 19:26:04 [booklist] INFO: VALID_ID: 2606236
2023-06-30 19:26:04 [booklist] INFO: VALID_ID: 2554183
2023-06-30 19:26:04 [booklist] INFO: VALID_ID: 2609135
2023-06-30 19:26:04 [booklist] INFO: VALID_ID: 2546799
2023-06-30 19:26:04 [booklist] INFO: VALID_ID: 2546791
2023-06-30 19:26:04 [booklist] INFO: VALID_ID: 8929485
2023-06-30 19:26:04 [booklist] INFO: VALID_ID: 1312228
2023-06-30 19:26:04 [booklist] INFO: VALID_ID: 1308589
2023-06-30 19:26:04 [booklist] INFO: VALID_ID: 1312384
2023-06-30 19:26:04 [booklist] INFO: VALID_ID: 1308160
2023-06-30 19:26:04 [booklist] INFO: VALID_ID: 2541126
2023-06-30 19:26:04 [booklist] INFO: VALID_ID: 2546828
2023-06-30 19:26:04 [booklist] INFO: VALID_ID: 2546842
2023-06-30 19:26:04 [booklist] INFO: VALID_ID: 2546824
2023-06-30 19:26:04 [booklist] INFO: VALID_ID: 2565299
2023-06-30 19:26:04 [booklist] INFO: VALID_ID: 2538374
2023-06-30 19:26:04 [booklist] INFO: VALID_ID: 2546785
2023-06-30 19:26:04 [booklist] INFO: VALID_ID: 2541898
2023-06-30 19:26:04 [booklist] INFO: VALID_ID: 2546841
2023-06-30 19:26:04 [booklist] INFO: VALID_ID: 2546825
2023-06-30 19:26:04 [booklist] INFO: VALID_ID: 2563448
2023-06-30 19:26:04 [booklist] INFO: VALID_ID: 2546831
2023-06-30 19:26:04 [booklist] INFO: VALID_ID: 2546851
2023-06-30 19:26:04 [booklist] INFO: VALID_ID: 2537716
2023-06-30 19:26:04 [booklist] INFO: VALID_ID: 1313425
2023-06-30 19:26:04 [booklist] INFO: VALID_ID: 1308161
2023-06-30 19:26:04 [booklist] INFO: VALID_ID: 2538971
2023-06-30 19:26:04 [booklist] INFO: VALID_ID: 2534031
2023-06-30 19:26:04 [booklist] INFO: VALID_ID: 1303336
2023-06-30 19:26:04 [booklist] INFO: VALID_ID: 1307520
2023-06-30 19:26:04 [booklist] INFO: VALID_ID: 2542756
2023-06-30 19:26:04 [booklist] INFO: VALID_ID: 1304444
2023-06-30 19:26:04 [booklist] INFO: VALID_ID: 2534047
2023-06-30 19:26:04 [booklist] INFO: VALID_ID: 2541903
2023-06-30 19:26:04 [booklist] INFO: VALID_ID: 2554182
2023-06-30 19:26:04 [booklist] INFO: VALID_ID: 1313395
2023-06-30 19:26:04 [booklist] INFO: VALID_ID: 2546850
2023-06-30 19:26:04 [booklist] INFO: VALID_ID: 2546786
2023-06-30 19:26:04 [booklist] INFO: VALID_ID: 2546790
2023-06-30 19:26:04 [booklist] INFO: VALID_ID: 9892787
2023-06-30 19:26:04 [booklist] INFO: VALID_ID: 2565298
2023-06-30 19:26:04 [booklist] INFO: VALID_ID: 1312403
2023-06-30 19:26:04 [booklist] INFO: VALID_ID: 2563446
2023-06-30 19:26:04 [booklist] INFO: VALID_ID: 2534285
2023-06-30 19:26:04 [booklist] INFO: VALID_ID: 1308008
2023-06-30 19:26:04 [booklist] INFO: VALID_ID: 2532594
2023-06-30 19:26:04 [booklist] INFO: VALID_ID: 1312378
2023-06-30 19:26:04 [booklist] INFO: VALID_ID: 2546845
2023-06-30 19:26:04 [booklist] INFO: VALID_ID: 2546846
2023-06-30 19:26:04 [booklist] INFO: VALID_ID: 2540030
2023-06-30 19:26:04 [booklist] INFO: VALID_ID: 1313409
2023-06-30 19:26:04 [booklist] INFO: VALID_ID: 1303437
2023-06-30 19:26:04 [booklist] INFO: VALID_ID: 2546827
2023-06-30 19:26:04 [booklist] INFO: VALID_ID: 2546840
2023-06-30 19:26:04 [booklist] INFO: VALID_ID: 2546843
2023-06-30 19:26:04 [booklist] INFO: VALID_ID: 2605996
2023-06-30 19:26:04 [booklist] INFO: VALID_ID: 2538667
2023-06-30 19:26:04 [booklist] INFO: VALID_ID: 2593580
2023-06-30 19:26:04 [booklist] INFO: VALID_ID: 2546837
2023-06-30 19:26:04 [booklist] INFO: VALID_ID: 1303335
2023-06-30 19:26:04 [booklist] INFO: VALID_ID: 12865492
2023-06-30 19:26:04 [booklist] INFO: VALID_ID: 1308583
2023-06-30 19:26:04 [booklist] INFO: VALID_ID: 2546847
2023-06-30 19:26:04 [booklist] INFO: VALID_ID: 2546849
2023-06-30 19:26:04 [booklist] INFO: VALID_ID: 2539609
2023-06-30 19:26:04 [booklist] INFO: VALID_ID: 2532253
2023-06-30 19:26:04 [booklist] INFO: VALID_ID: 1303436
2023-06-30 19:26:04 [booklist] INFO: VALID_ID: 2546844
2023-06-30 19:26:04 [booklist] INFO: VALID_ID: 2539597
2023-06-30 19:26:04 [booklist] INFO: VALID_ID: 2532111
2023-06-30 19:26:04 [booklist] INFO: VALID_ID: 2554185
2023-06-30 19:26:04 [booklist] INFO: VALID_ID: 2546832
2023-06-30 19:26:04 [scrapy.core.engine] DEBUG: Crawled (200) <POST https://dl.ndl.go.jp/api/item/search> (referer: https://dl.ndl.go.jp/api/item/search)
2023-06-30 19:26:05 [booklist] INFO: Fetched page 4
2023-06-30 19:26:05 [booklist] INFO: VALID_ID: 1304444
2023-06-30 19:26:05 [booklist] INFO: VALID_ID: 2534047
2023-06-30 19:26:05 [booklist] INFO: VALID_ID: 1309017
2023-06-30 19:26:05 [booklist] INFO: VALID_ID: 1313369
2023-06-30 19:26:05 [booklist] INFO: VALID_ID: 2538667
2023-06-30 19:26:05 [booklist] INFO: VALID_ID: 2539597
2023-06-30 19:26:05 [booklist] INFO: VALID_ID: 2532111
2023-06-30 19:26:05 [booklist] INFO: VALID_ID: 2546833
2023-06-30 19:26:05 [booklist] INFO: VALID_ID: 2546836
2023-06-30 19:26:05 [booklist] INFO: VALID_ID: 2546830
2023-06-30 19:26:05 [booklist] INFO: VALID_ID: 2546835
2023-06-30 19:26:05 [booklist] INFO: VALID_ID: 2538934
2023-06-30 19:26:05 [booklist] INFO: VALID_ID: 1303337
2023-06-30 19:26:05 [booklist] INFO: VALID_ID: 1303894
2023-06-30 19:26:05 [booklist] INFO: VALID_ID: 2563651
2023-06-30 19:26:05 [booklist] INFO: VALID_ID: 2541108
2023-06-30 19:26:05 [booklist] INFO: VALID_ID: 2563650
2023-06-30 19:26:05 [booklist] INFO: VALID_ID: 2541079
2023-06-30 19:26:05 [booklist] INFO: VALID_ID: 8929654
2023-06-30 19:26:05 [booklist] INFO: VALID_ID: 2540030
2023-06-30 19:26:05 [booklist] INFO: VALID_ID: 2532342
2023-06-30 19:26:05 [booklist] INFO: VALID_ID: 2541505
2023-06-30 19:26:05 [booklist] INFO: VALID_ID: 2608730
2023-06-30 19:26:05 [booklist] INFO: VALID_ID: 1310868
2023-06-30 19:26:05 [booklist] INFO: VALID_ID: 2541904
2023-06-30 19:26:05 [booklist] INFO: VALID_ID: 2532576
2023-06-30 19:26:05 [booklist] INFO: VALID_ID: 2546848
2023-06-30 19:26:05 [booklist] INFO: VALID_ID: 1312686
2023-06-30 19:26:05 [booklist] INFO: VALID_ID: 1303438
2023-06-30 19:26:05 [booklist] INFO: VALID_ID: 2563649
2023-06-30 19:26:05 [booklist] INFO: VALID_ID: 2540031
2023-06-30 19:26:05 [booklist] INFO: VALID_ID: 2534085
2023-06-30 19:26:05 [booklist] INFO: VALID_ID: 2541127
2023-06-30 19:26:05 [booklist] INFO: VALID_ID: 1303338
2023-06-30 19:26:05 [booklist] INFO: VALID_ID: 2538326
2023-06-30 19:26:05 [booklist] INFO: VALID_ID: 1304651
2023-06-30 19:26:05 [booklist] INFO: VALID_ID: 2609303
2023-06-30 19:26:05 [booklist] INFO: VALID_ID: 2532102
2023-06-30 19:26:05 [booklist] INFO: VALID_ID: 2575117
2023-06-30 19:26:05 [booklist] INFO: VALID_ID: 2550869
2023-06-30 19:26:05 [booklist] INFO: VALID_ID: 1303896
2023-06-30 19:26:05 [booklist] INFO: VALID_ID: 2607626
2023-06-30 19:26:05 [booklist] INFO: VALID_ID: 2575116
2023-06-30 19:26:05 [booklist] INFO: VALID_ID: 2563406
2023-06-30 19:26:05 [booklist] INFO: VALID_ID: 1303439
2023-06-30 19:26:05 [booklist] INFO: VALID_ID: 1309007
2023-06-30 19:26:05 [booklist] INFO: VALID_ID: 1303918
2023-06-30 19:26:05 [booklist] INFO: VALID_ID: 2563410
2023-06-30 19:26:05 [booklist] INFO: VALID_ID: 2532592
2023-06-30 19:26:05 [booklist] INFO: VALID_ID: 11446191
2023-06-30 19:26:05 [booklist] INFO: VALID_ID: 1306603
2023-06-30 19:26:05 [booklist] INFO: VALID_ID: 2537762
2023-06-30 19:26:05 [booklist] INFO: VALID_ID: 2563648
2023-06-30 19:26:05 [booklist] INFO: VALID_ID: 2563400
2023-06-30 19:26:05 [booklist] INFO: VALID_ID: 8929331
2023-06-30 19:26:05 [booklist] INFO: VALID_ID: 2563405
2023-06-30 19:26:05 [booklist] INFO: VALID_ID: 2563401
2023-06-30 19:26:05 [booklist] INFO: VALID_ID: 1302485
2023-06-30 19:26:05 [booklist] INFO: VALID_ID: 2563404
2023-06-30 19:26:05 [booklist] INFO: VALID_ID: 2563412
2023-06-30 19:26:05 [booklist] INFO: VALID_ID: 10301555
2023-06-30 19:26:05 [booklist] INFO: VALID_ID: 1312374
2023-06-30 19:26:05 [booklist] INFO: VALID_ID: 1303339
2023-06-30 19:26:05 [booklist] INFO: VALID_ID: 1304538
2023-06-30 19:26:05 [booklist] INFO: VALID_ID: 2538694
2023-06-30 19:26:05 [booklist] INFO: VALID_ID: 2539886
2023-06-30 19:26:05 [booklist] INFO: VALID_ID: 1302440
2023-06-30 19:26:05 [booklist] INFO: VALID_ID: 2563647
2023-06-30 19:26:05 [booklist] INFO: VALID_ID: 11445828
2023-06-30 19:26:05 [booklist] INFO: VALID_ID: 2605384
2023-06-30 19:26:05 [booklist] INFO: VALID_ID: 8929451
2023-06-30 19:26:05 [booklist] INFO: VALID_ID: 2551274
2023-06-30 19:26:05 [booklist] INFO: VALID_ID: 2563408
2023-06-30 19:26:05 [booklist] INFO: VALID_ID: 2563646
2023-06-30 19:26:05 [booklist] INFO: VALID_ID: 2607758
2023-06-30 19:26:05 [booklist] INFO: VALID_ID: 2536152
2023-06-30 19:26:05 [booklist] INFO: VALID_ID: 1307725
2023-06-30 19:26:05 [booklist] INFO: VALID_ID: 1312195
2023-06-30 19:26:05 [booklist] INFO: VALID_ID: 2538882
2023-06-30 19:26:05 [booklist] INFO: VALID_ID: 1312364
2023-06-30 19:26:05 [booklist] INFO: VALID_ID: 11445820
2023-06-30 19:26:05 [booklist] INFO: VALID_ID: 2563407
2023-06-30 19:26:05 [booklist] INFO: VALID_ID: 1308155
2023-06-30 19:26:05 [booklist] INFO: VALID_ID: 2605444
2023-06-30 19:26:05 [booklist] INFO: VALID_ID: 2536308
2023-06-30 19:26:05 [booklist] INFO: VALID_ID: 1310419
2023-06-30 19:26:05 [booklist] INFO: VALID_ID: 8929653
2023-06-30 19:26:05 [booklist] INFO: VALID_ID: 2550870
2023-06-30 19:26:05 [booklist] INFO: VALID_ID: 2563409
2023-06-30 19:26:05 [booklist] INFO: VALID_ID: 2541936
2023-06-30 19:26:05 [booklist] INFO: VALID_ID: 2550867
2023-06-30 19:26:05 [booklist] INFO: VALID_ID: 8929651
2023-06-30 19:26:05 [booklist] INFO: VALID_ID: 1310779
2023-06-30 19:26:05 [booklist] INFO: VALID_ID: 8929493
2023-06-30 19:26:05 [booklist] INFO: VALID_ID: 1303440
2023-06-30 19:26:05 [booklist] INFO: VALID_ID: 1286209
2023-06-30 19:26:05 [booklist] INFO: VALID_ID: 11446197
2023-06-30 19:26:05 [booklist] INFO: VALID_ID: 1301754
2023-06-30 19:26:05 [booklist] INFO: VALID_ID: 2609510
2023-06-30 19:26:05 [booklist] INFO: VALID_ID: 1308227
2023-06-30 19:26:05 [scrapy.core.engine] DEBUG: Crawled (200) <POST https://dl.ndl.go.jp/api/item/search> (referer: https://dl.ndl.go.jp/api/item/search)
2023-06-30 19:26:05 [booklist] INFO: Fetched page 5
2023-06-30 19:26:06 [booklist] INFO: VALID_ID: 11446195
2023-06-30 19:26:06 [booklist] INFO: VALID_ID: 11445820
2023-06-30 19:26:06 [booklist] INFO: VALID_ID: 2563407
2023-06-30 19:26:06 [booklist] INFO: VALID_ID: 2538882
2023-06-30 19:26:06 [booklist] INFO: VALID_ID: 8929653
2023-06-30 19:26:06 [booklist] INFO: VALID_ID: 2550870
2023-06-30 19:26:06 [booklist] INFO: VALID_ID: 2563409
2023-06-30 19:26:06 [booklist] INFO: VALID_ID: 8929444
2023-06-30 19:26:06 [booklist] INFO: VALID_ID: 11446196
2023-06-30 19:26:06 [booklist] INFO: VALID_ID: 1303898
2023-06-30 19:26:06 [booklist] INFO: VALID_ID: 11446191
2023-06-30 19:26:06 [booklist] INFO: VALID_ID: 2605384
2023-06-30 19:26:06 [booklist] INFO: VALID_ID: 8929451
2023-06-30 19:26:06 [booklist] INFO: VALID_ID: 2551274
2023-06-30 19:26:06 [booklist] INFO: VALID_ID: 2563408
2023-06-30 19:26:06 [booklist] INFO: VALID_ID: 11446201
2023-06-30 19:26:06 [booklist] INFO: VALID_ID: 2532566
2023-06-30 19:26:06 [booklist] INFO: VALID_ID: 1286634
2023-06-30 19:26:06 [booklist] INFO: VALID_ID: 2537308
2023-06-30 19:26:06 [booklist] INFO: VALID_ID: 2532394
2023-06-30 19:26:06 [booklist] INFO: VALID_ID: 1307819
2023-06-30 19:26:06 [booklist] INFO: VALID_ID: 11446198
2023-06-30 19:26:06 [booklist] INFO: VALID_ID: 2533786
2023-06-30 19:26:06 [booklist] INFO: VALID_ID: 11446200
2023-06-30 19:26:06 [booklist] INFO: VALID_ID: 1301819
2023-06-30 19:26:06 [booklist] INFO: VALID_ID: 2550868
2023-06-30 19:26:06 [booklist] INFO: VALID_ID: 2563402
2023-06-30 19:26:06 [booklist] INFO: VALID_ID: 2563403
2023-06-30 19:26:06 [booklist] INFO: VALID_ID: 1312949
2023-06-30 19:26:06 [booklist] INFO: VALID_ID: 2532567
2023-06-30 19:26:06 [booklist] INFO: VALID_ID: 2607909
2023-06-30 19:26:06 [booklist] INFO: VALID_ID: 2563654
2023-06-30 19:26:06 [booklist] INFO: VALID_ID: 2563652
2023-06-30 19:26:06 [booklist] INFO: VALID_ID: 11446193
2023-06-30 19:26:06 [booklist] INFO: VALID_ID: 2532575
2023-06-30 19:26:06 [booklist] INFO: VALID_ID: 2563653
2023-06-30 19:26:06 [booklist] INFO: VALID_ID: 2559084
2023-06-30 19:26:06 [booklist] INFO: VALID_ID: 2532569
2023-06-30 19:26:06 [booklist] INFO: VALID_ID: 2559770
2023-06-30 19:26:06 [booklist] INFO: VALID_ID: 9892785
2023-06-30 19:26:06 [booklist] INFO: VALID_ID: 2559772
2023-06-30 19:26:06 [booklist] INFO: VALID_ID: 1308528
2023-06-30 19:26:06 [booklist] INFO: VALID_ID: 1301882
2023-06-30 19:26:06 [booklist] INFO: VALID_ID: 2605444
2023-06-30 19:26:06 [booklist] INFO: VALID_ID: 2536308
2023-06-30 19:26:06 [booklist] INFO: VALID_ID: 1310419
2023-06-30 19:26:06 [booklist] INFO: VALID_ID: 11446199
2023-06-30 19:26:06 [booklist] INFO: VALID_ID: 2541787
2023-06-30 19:26:06 [booklist] INFO: VALID_ID: 1310794
2023-06-30 19:26:06 [booklist] INFO: VALID_ID: 9893132
2023-06-30 19:26:06 [booklist] INFO: VALID_ID: 8942950
2023-06-30 19:26:06 [booklist] INFO: VALID_ID: 2559768
2023-06-30 19:26:06 [booklist] INFO: VALID_ID: 2532568
2023-06-30 19:26:06 [booklist] INFO: VALID_ID: 1307453
2023-06-30 19:26:06 [booklist] INFO: VALID_ID: 2608102
2023-06-30 19:26:06 [booklist] INFO: VALID_ID: 2552915
2023-06-30 19:26:06 [booklist] INFO: VALID_ID: 11223559
2023-06-30 19:26:06 [booklist] INFO: VALID_ID: 1307489
2023-06-30 19:26:06 [booklist] INFO: VALID_ID: 2609011
2023-06-30 19:26:06 [booklist] INFO: VALID_ID: 11223493
2023-06-30 19:26:06 [booklist] INFO: VALID_ID: 1302524
2023-06-30 19:26:06 [booklist] INFO: VALID_ID: 1302834
2023-06-30 19:26:06 [booklist] INFO: VALID_ID: 8943298
2023-06-30 19:26:06 [booklist] INFO: VALID_ID: 2538430
2023-06-30 19:26:06 [booklist] INFO: VALID_ID: 2532563
2023-06-30 19:26:06 [booklist] INFO: VALID_ID: 8929363
2023-06-30 19:26:06 [booklist] INFO: VALID_ID: 10303463
2023-06-30 19:26:06 [booklist] INFO: VALID_ID: 2570137
2023-06-30 19:26:06 [booklist] INFO: VALID_ID: 10303466
2023-06-30 19:26:06 [booklist] INFO: VALID_ID: 2559779
2023-06-30 19:26:06 [booklist] INFO: VALID_ID: 2563656
2023-06-30 19:26:06 [booklist] INFO: VALID_ID: 10303464
2023-06-30 19:26:06 [booklist] INFO: VALID_ID: 2552917
2023-06-30 19:26:06 [booklist] INFO: VALID_ID: 2559775
2023-06-30 19:26:06 [booklist] INFO: VALID_ID: 2559778
2023-06-30 19:26:06 [booklist] INFO: VALID_ID: 2607463
2023-06-30 19:26:06 [booklist] INFO: VALID_ID: 1302502
2023-06-30 19:26:06 [booklist] INFO: VALID_ID: 11446194
2023-06-30 19:26:06 [booklist] INFO: VALID_ID: 1310621
2023-06-30 19:26:06 [booklist] INFO: VALID_ID: 10303909
2023-06-30 19:26:06 [booklist] INFO: VALID_ID: 9892561
2023-06-30 19:26:06 [booklist] INFO: VALID_ID: 9892981
2023-06-30 19:26:06 [booklist] INFO: VALID_ID: 2551560
2023-06-30 19:26:06 [booklist] INFO: VALID_ID: 2591937
2023-06-30 19:26:06 [booklist] INFO: VALID_ID: 1313258
2023-06-30 19:26:06 [booklist] INFO: VALID_ID: 10303955
2023-06-30 19:26:06 [booklist] INFO: VALID_ID: 11223492
2023-06-30 19:26:06 [booklist] INFO: VALID_ID: 2532565
2023-06-30 19:26:06 [booklist] INFO: VALID_ID: 2563655
2023-06-30 19:26:06 [booklist] INFO: VALID_ID: 10301219
2023-06-30 19:26:06 [booklist] INFO: VALID_ID: 2538115
2023-06-30 19:26:06 [booklist] INFO: VALID_ID: 2540459
2023-06-30 19:26:06 [booklist] INFO: VALID_ID: 8942951
2023-06-30 19:26:06 [booklist] INFO: VALID_ID: 1310869
2023-06-30 19:26:06 [booklist] INFO: VALID_ID: 2541908
2023-06-30 19:26:06 [booklist] INFO: VALID_ID: 2559771
2023-06-30 19:26:06 [booklist] INFO: VALID_ID: 2606105
2023-06-30 19:26:06 [booklist] INFO: VALID_ID: 10301102
2023-06-30 19:26:06 [booklist] INFO: VALID_ID: 2559769
2023-06-30 19:26:06 [booklist] INFO: VALID_ID: 1286209
2023-06-30 19:26:07 [scrapy.core.engine] DEBUG: Crawled (200) <POST https://dl.ndl.go.jp/api/item/search> (referer: https://dl.ndl.go.jp/api/item/search)
2023-06-30 19:26:07 [booklist] INFO: Fetched page 6
2023-06-30 19:26:07 [booklist] INFO: VALID_ID: 11446192
2023-06-30 19:26:07 [booklist] INFO: VALID_ID: 2532565
2023-06-30 19:26:07 [booklist] INFO: VALID_ID: 1303140
2023-06-30 19:26:07 [booklist] INFO: VALID_ID: 1304911
2023-06-30 19:26:07 [booklist] INFO: VALID_ID: 1304320
2023-06-30 19:26:07 [booklist] INFO: VALID_ID: 2533696
2023-06-30 19:26:07 [booklist] INFO: VALID_ID: 2532572
2023-06-30 19:26:07 [booklist] INFO: VALID_ID: 2575591
2023-06-30 19:26:07 [booklist] INFO: VALID_ID: 2552916
2023-06-30 19:26:07 [booklist] INFO: VALID_ID: 2540464
2023-06-30 19:26:07 [booklist] INFO: VALID_ID: 9892498
2023-06-30 19:26:07 [booklist] INFO: VALID_ID: 9893207
2023-06-30 19:26:07 [booklist] INFO: VALID_ID: 2559773
2023-06-30 19:26:07 [booklist] INFO: VALID_ID: 2559767
2023-06-30 19:26:07 [booklist] INFO: VALID_ID: 8929793
2023-06-30 19:26:07 [booklist] INFO: VALID_ID: 2551561
2023-06-30 19:26:07 [booklist] INFO: VALID_ID: 8929509
2023-06-30 19:26:07 [booklist] INFO: VALID_ID: 9892831
2023-06-30 19:26:07 [booklist] INFO: VALID_ID: 8942949
2023-06-30 19:26:07 [booklist] INFO: VALID_ID: 2559781
2023-06-30 19:26:07 [booklist] INFO: VALID_ID: 1312563
2023-06-30 19:26:07 [booklist] INFO: VALID_ID: 2540459
2023-06-30 19:26:07 [booklist] INFO: VALID_ID: 2532578
2023-06-30 19:26:07 [booklist] INFO: VALID_ID: 2610824
2023-06-30 19:26:07 [booklist] INFO: VALID_ID: 2539380
2023-06-30 19:26:07 [booklist] INFO: VALID_ID: 10303465
2023-06-30 19:26:07 [booklist] INFO: VALID_ID: 2559774
2023-06-30 19:26:07 [booklist] INFO: VALID_ID: 1301929
2023-06-30 19:26:07 [booklist] INFO: VALID_ID: 10303464
2023-06-30 19:26:07 [booklist] INFO: VALID_ID: 2552917
2023-06-30 19:26:07 [booklist] INFO: VALID_ID: 2559775
2023-06-30 19:26:07 [booklist] INFO: VALID_ID: 2559778
2023-06-30 19:26:07 [booklist] INFO: VALID_ID: 10301346
2023-06-30 19:26:07 [booklist] INFO: VALID_ID: 11223494
2023-06-30 19:26:07 [booklist] INFO: VALID_ID: 1309847
2023-06-30 19:26:07 [booklist] INFO: VALID_ID: 9366871
2023-06-30 19:26:07 [booklist] INFO: VALID_ID: 1307544
2023-06-30 19:26:07 [booklist] INFO: VALID_ID: 2541908
2023-06-30 19:26:07 [booklist] INFO: VALID_ID: 1308577
2023-06-30 19:26:07 [booklist] INFO: VALID_ID: 1312630
2023-06-30 19:26:07 [booklist] INFO: VALID_ID: 2532570
2023-06-30 19:26:07 [booklist] INFO: VALID_ID: 2538684
2023-06-30 19:26:07 [booklist] INFO: VALID_ID: 2609993
2023-06-30 19:26:07 [booklist] INFO: VALID_ID: 2532574
2023-06-30 19:26:07 [booklist] INFO: VALID_ID: 1311997
2023-06-30 19:26:07 [booklist] INFO: VALID_ID: 8929796
2023-06-30 19:26:07 [booklist] INFO: VALID_ID: 1303963
2023-06-30 19:26:07 [booklist] INFO: VALID_ID: 2532577
2023-06-30 19:26:07 [booklist] INFO: VALID_ID: 1312359
2023-06-30 19:26:07 [booklist] INFO: VALID_ID: 2542268
2023-06-30 19:26:07 [booklist] INFO: VALID_ID: 2605810
2023-06-30 19:26:07 [booklist] INFO: VALID_ID: 2543469
2023-06-30 19:26:07 [booklist] INFO: VALID_ID: 1311536
2023-06-30 19:26:07 [booklist] INFO: VALID_ID: 2543470
2023-06-30 19:26:07 [booklist] INFO: VALID_ID: 1312698
2023-06-30 19:26:07 [booklist] INFO: VALID_ID: 2541907
2023-06-30 19:26:07 [booklist] INFO: VALID_ID: 1304046
2023-06-30 19:26:07 [booklist] INFO: VALID_ID: 8929461
2023-06-30 19:26:07 [booklist] INFO: VALID_ID: 2543476
2023-06-30 19:26:07 [booklist] INFO: VALID_ID: 1308579
2023-06-30 19:26:07 [booklist] INFO: VALID_ID: 2561150
2023-06-30 19:26:07 [booklist] INFO: VALID_ID: 2568756
2023-06-30 19:26:07 [booklist] INFO: VALID_ID: 1308140
2023-06-30 19:26:07 [booklist] INFO: VALID_ID: 1306418
2023-06-30 19:26:07 [booklist] INFO: VALID_ID: 2608201
2023-06-30 19:26:07 [booklist] INFO: VALID_ID: 2575592
2023-06-30 19:26:07 [booklist] INFO: VALID_ID: 2552914
2023-06-30 19:26:07 [booklist] INFO: VALID_ID: 2540029
2023-06-30 19:26:07 [booklist] INFO: VALID_ID: 2539965
2023-06-30 19:26:07 [booklist] INFO: VALID_ID: 8942948
2023-06-30 19:26:07 [booklist] INFO: VALID_ID: 2570138
2023-06-30 19:26:07 [booklist] INFO: VALID_ID: 1301815
2023-06-30 19:26:07 [booklist] INFO: VALID_ID: 2559777
2023-06-30 19:26:07 [booklist] INFO: VALID_ID: 2541654
2023-06-30 19:26:07 [booklist] INFO: VALID_ID: 2540461
2023-06-30 19:26:07 [booklist] INFO: VALID_ID: 1304036
2023-06-30 19:26:07 [booklist] INFO: VALID_ID: 1310411
2023-06-30 19:26:07 [booklist] INFO: VALID_ID: 2542269
2023-06-30 19:26:07 [booklist] INFO: VALID_ID: 2541301
2023-06-30 19:26:07 [booklist] INFO: VALID_ID: 2543471
2023-06-30 19:26:07 [booklist] INFO: VALID_ID: 2532571
2023-06-30 19:26:07 [booklist] INFO: VALID_ID: 2591882
2023-06-30 19:26:07 [booklist] INFO: VALID_ID: 2543477
2023-06-30 19:26:07 [booklist] INFO: VALID_ID: 2543474
2023-06-30 19:26:07 [booklist] INFO: VALID_ID: 1304037
2023-06-30 19:26:07 [booklist] INFO: VALID_ID: 1308565
2023-06-30 19:26:07 [booklist] INFO: VALID_ID: 2591880
2023-06-30 19:26:07 [booklist] INFO: VALID_ID: 10317566
2023-06-30 19:26:07 [booklist] INFO: VALID_ID: 1311994
2023-06-30 19:26:07 [booklist] INFO: VALID_ID: 2591881
2023-06-30 19:26:07 [booklist] INFO: VALID_ID: 9893685
2023-06-30 19:26:07 [booklist] INFO: VALID_ID: 2543468
2023-06-30 19:26:07 [booklist] INFO: VALID_ID: 1301457
2023-06-30 19:26:07 [booklist] INFO: VALID_ID: 2607305
2023-06-30 19:26:07 [booklist] INFO: VALID_ID: 2591883
2023-06-30 19:26:07 [booklist] INFO: VALID_ID: 1308626
2023-06-30 19:26:07 [booklist] INFO: VALID_ID: 1311181
2023-06-30 19:26:07 [booklist] INFO: VALID_ID: 2543472
2023-06-30 19:26:07 [booklist] INFO: VALID_ID: 2543473
2023-06-30 19:26:07 [booklist] INFO: VALID_ID: 1312022
2023-06-30 19:26:08 [scrapy.core.engine] DEBUG: Crawled (200) <POST https://dl.ndl.go.jp/api/item/search> (referer: https://dl.ndl.go.jp/api/item/search)
2023-06-30 19:26:08 [booklist] INFO: Fetched page 7
2023-06-30 19:26:08 [booklist] INFO: VALID_ID: 9893683
2023-06-30 19:26:08 [booklist] INFO: VALID_ID: 2532573
2023-06-30 19:26:08 [booklist] INFO: VALID_ID: 9892492
2023-06-30 19:26:08 [booklist] INFO: VALID_ID: 1301523
2023-06-30 19:26:08 [booklist] INFO: VALID_ID: 2610425
2023-06-30 19:26:08 [booklist] INFO: VALID_ID: 2543472
2023-06-30 19:26:08 [booklist] INFO: VALID_ID: 2543473
2023-06-30 19:26:08 [booklist] INFO: VALID_ID: 1305383
2023-06-30 19:26:08 [booklist] INFO: VALID_ID: 2561151
2023-06-30 19:26:08 [booklist] INFO: VALID_ID: 1303138
2023-06-30 19:26:08 [booklist] INFO: VALID_ID: 10301437
2023-06-30 19:26:08 [booklist] INFO: VALID_ID: 9893852
2023-06-30 19:26:08 [booklist] INFO: VALID_ID: 2590885
2023-06-30 19:26:08 [booklist] INFO: VALID_ID: 2543468
2023-06-30 19:26:08 [booklist] INFO: VALID_ID: 2590633
2023-06-30 19:26:08 [booklist] INFO: VALID_ID: 1301457
2023-06-30 19:26:08 [booklist] INFO: VALID_ID: 1304303
2023-06-30 19:26:08 [booklist] INFO: VALID_ID: 1308580
2023-06-30 19:26:08 [booklist] INFO: VALID_ID: 2543475
2023-06-30 19:26:08 [booklist] INFO: VALID_ID: 2575352
2023-06-30 19:26:08 [booklist] INFO: VALID_ID: 2607305
2023-06-30 19:26:08 [booklist] INFO: VALID_ID: 2591883
2023-06-30 19:26:08 [booklist] INFO: VALID_ID: 2536071
2023-06-30 19:26:08 [booklist] INFO: VALID_ID: 1308166
2023-06-30 19:26:08 [booklist] INFO: VALID_ID: 2532579
2023-06-30 19:26:08 [booklist] INFO: VALID_ID: 2532580
2023-06-30 19:26:08 [booklist] INFO: VALID_ID: 2532582
2023-06-30 19:26:08 [booklist] INFO: VALID_ID: 1311527
2023-06-30 19:26:08 [booklist] INFO: VALID_ID: 1311999
2023-06-30 19:26:08 [booklist] INFO: VALID_ID: 2607188
2023-06-30 19:26:08 [booklist] INFO: VALID_ID: 9367571
2023-06-30 19:26:08 [booklist] INFO: VALID_ID: 2590882
2023-06-30 19:26:08 [booklist] INFO: VALID_ID: 2590883
2023-06-30 19:26:08 [booklist] INFO: VALID_ID: 2590884
2023-06-30 19:26:08 [booklist] INFO: VALID_ID: 1304305
2023-06-30 19:26:08 [booklist] INFO: VALID_ID: 1309776
2023-06-30 19:26:08 [booklist] INFO: VALID_ID: 1309635
2023-06-30 19:26:08 [booklist] INFO: VALID_ID: 2590881
2023-06-30 19:26:08 [booklist] INFO: VALID_ID: 1305244
2023-06-30 19:26:08 [booklist] INFO: VALID_ID: 2558545
2023-06-30 19:26:08 [booklist] INFO: VALID_ID: 2532583
2023-06-30 19:26:08 [booklist] INFO: VALID_ID: 11446209
2023-06-30 19:26:08 [booklist] INFO: VALID_ID: 1308646
2023-06-30 19:26:08 [booklist] INFO: VALID_ID: 1304044
2023-06-30 19:26:08 [booklist] INFO: VALID_ID: 2532585
2023-06-30 19:26:08 [booklist] INFO: VALID_ID: 1307529
2023-06-30 19:26:08 [booklist] INFO: VALID_ID: 9893684
2023-06-30 19:26:08 [booklist] INFO: VALID_ID: 11446213
2023-06-30 19:26:08 [booklist] INFO: VALID_ID: 1312385
2023-06-30 19:26:08 [booklist] INFO: VALID_ID: 1312678
2023-06-30 19:26:08 [booklist] INFO: VALID_ID: 2558546
2023-06-30 19:26:08 [booklist] INFO: VALID_ID: 1308766
2023-06-30 19:26:08 [booklist] INFO: VALID_ID: 2532587
2023-06-30 19:26:08 [booklist] INFO: VALID_ID: 1312927
2023-06-30 19:26:08 [booklist] INFO: VALID_ID: 2580196
2023-06-30 19:26:08 [booklist] INFO: VALID_ID: 11446216
2023-06-30 19:26:08 [booklist] INFO: VALID_ID: 2540807
2023-06-30 19:26:08 [booklist] INFO: VALID_ID: 11446221
2023-06-30 19:26:08 [booklist] INFO: VALID_ID: 11446215
2023-06-30 19:26:08 [booklist] INFO: VALID_ID: 1311915
2023-06-30 19:26:08 [booklist] INFO: VALID_ID: 1312044
2023-06-30 19:26:08 [booklist] INFO: VALID_ID: 2532584
2023-06-30 19:26:08 [booklist] INFO: VALID_ID: 11446211
2023-06-30 19:26:08 [booklist] INFO: VALID_ID: 2580194
2023-06-30 19:26:08 [booklist] INFO: VALID_ID: 11446212
2023-06-30 19:26:08 [booklist] INFO: VALID_ID: 11446219
2023-06-30 19:26:08 [booklist] INFO: VALID_ID: 11446224
2023-06-30 19:26:08 [booklist] INFO: VALID_ID: 1304783
2023-06-30 19:26:08 [booklist] INFO: VALID_ID: 1309247
2023-06-30 19:26:08 [booklist] INFO: VALID_ID: 2532586
2023-06-30 19:26:08 [booklist] INFO: VALID_ID: 2532588
2023-06-30 19:26:08 [booklist] INFO: VALID_ID: 2532589
2023-06-30 19:26:08 [booklist] INFO: VALID_ID: 1305356
2023-06-30 19:26:08 [booklist] INFO: VALID_ID: 2541909
2023-06-30 19:26:08 [booklist] INFO: VALID_ID: 2559181
2023-06-30 19:26:08 [booklist] INFO: VALID_ID: 1286651
2023-06-30 19:26:08 [booklist] INFO: VALID_ID: 2580189
2023-06-30 19:26:08 [booklist] INFO: VALID_ID: 2580190
2023-06-30 19:26:08 [booklist] INFO: VALID_ID: 11446220
2023-06-30 19:26:08 [booklist] INFO: VALID_ID: 2537065
2023-06-30 19:26:08 [booklist] INFO: VALID_ID: 11446207
2023-06-30 19:26:08 [booklist] INFO: VALID_ID: 2580192
2023-06-30 19:26:08 [booklist] INFO: VALID_ID: 11446222
2023-06-30 19:26:08 [booklist] INFO: VALID_ID: 11446664
2023-06-30 19:26:08 [booklist] INFO: VALID_ID: 11446218
2023-06-30 19:26:08 [booklist] INFO: VALID_ID: 1307783
2023-06-30 19:26:08 [booklist] INFO: VALID_ID: 11446206
2023-06-30 19:26:08 [booklist] INFO: VALID_ID: 1301411
2023-06-30 19:26:08 [booklist] INFO: VALID_ID: 1306402
2023-06-30 19:26:08 [booklist] INFO: VALID_ID: 1310806
2023-06-30 19:26:08 [booklist] INFO: VALID_ID: 2609575
2023-06-30 19:26:08 [booklist] INFO: VALID_ID: 2580191
2023-06-30 19:26:08 [booklist] INFO: VALID_ID: 2542018
2023-06-30 19:26:08 [booklist] INFO: VALID_ID: 11446210
2023-06-30 19:26:08 [booklist] INFO: VALID_ID: 11446225
2023-06-30 19:26:08 [booklist] INFO: VALID_ID: 2552112
2023-06-30 19:26:08 [booklist] INFO: VALID_ID: 1306397
2023-06-30 19:26:08 [booklist] INFO: VALID_ID: 2580195
2023-06-30 19:26:08 [booklist] INFO: VALID_ID: 9369152
2023-06-30 19:26:08 [booklist] INFO: VALID_ID: 2580198
2023-06-30 19:26:09 [scrapy.core.engine] DEBUG: Crawled (200) <POST https://dl.ndl.go.jp/api/item/search> (referer: https://dl.ndl.go.jp/api/item/search)
2023-06-30 19:26:09 [booklist] INFO: Fetched page 8
2023-06-30 19:26:09 [booklist] INFO: VALID_ID: 2580191
2023-06-30 19:26:09 [booklist] INFO: VALID_ID: 2542018
2023-06-30 19:26:09 [booklist] INFO: VALID_ID: 2552112
2023-06-30 19:26:09 [booklist] INFO: VALID_ID: 1306397
2023-06-30 19:26:09 [booklist] INFO: VALID_ID: 2541909
2023-06-30 19:26:09 [booklist] INFO: VALID_ID: 1301296
2023-06-30 19:26:09 [booklist] INFO: VALID_ID: 2580195
2023-06-30 19:26:09 [booklist] INFO: VALID_ID: 9369152
2023-06-30 19:26:09 [booklist] INFO: VALID_ID: 1312044
2023-06-30 19:26:09 [booklist] INFO: VALID_ID: 1304304
2023-06-30 19:26:09 [booklist] INFO: VALID_ID: 1305656
2023-06-30 19:26:09 [booklist] INFO: VALID_ID: 1286639
2023-06-30 19:26:09 [booklist] INFO: VALID_ID: 11446203
2023-06-30 19:26:09 [booklist] INFO: VALID_ID: 2540406
2023-06-30 19:26:09 [booklist] INFO: VALID_ID: 11446208
2023-06-30 19:26:09 [booklist] INFO: VALID_ID: 1303381
2023-06-30 19:26:09 [booklist] INFO: VALID_ID: 1305661
2023-06-30 19:26:09 [booklist] INFO: VALID_ID: 1311085
2023-06-30 19:26:09 [booklist] INFO: VALID_ID: 2605703
2023-06-30 19:26:09 [booklist] INFO: VALID_ID: 2590639
2023-06-30 19:26:09 [booklist] INFO: VALID_ID: 1308532
2023-06-30 19:26:09 [booklist] INFO: VALID_ID: 11223274
2023-06-30 19:26:09 [booklist] INFO: VALID_ID: 11223278
2023-06-30 19:26:09 [booklist] INFO: VALID_ID: 1308318
2023-06-30 19:26:09 [booklist] INFO: VALID_ID: 1301381
2023-06-30 19:26:09 [booklist] INFO: VALID_ID: 11446210
2023-06-30 19:26:09 [booklist] INFO: VALID_ID: 11446225
2023-06-30 19:26:09 [booklist] INFO: VALID_ID: 2580193
2023-06-30 19:26:09 [booklist] INFO: VALID_ID: 2537387
2023-06-30 19:26:09 [booklist] INFO: VALID_ID: 11223277
2023-06-30 19:26:09 [booklist] INFO: VALID_ID: 2542482
2023-06-30 19:26:09 [booklist] INFO: VALID_ID: 1307185
2023-06-30 19:26:09 [booklist] INFO: VALID_ID: 2540181
2023-06-30 19:26:09 [booklist] INFO: VALID_ID: 1305654
2023-06-30 19:26:09 [booklist] INFO: VALID_ID: 1305367
2023-06-30 19:26:09 [booklist] INFO: VALID_ID: 11223275
2023-06-30 19:26:09 [booklist] INFO: VALID_ID: 1311175
2023-06-30 19:26:09 [booklist] INFO: VALID_ID: 1310761
2023-06-30 19:26:09 [booklist] INFO: VALID_ID: 1304180
2023-06-30 19:26:09 [booklist] INFO: VALID_ID: 1307132
2023-06-30 19:26:09 [booklist] INFO: VALID_ID: 1305647
2023-06-30 19:26:09 [booklist] INFO: VALID_ID: 1305258
2023-06-30 19:26:09 [booklist] INFO: VALID_ID: 2532636
2023-06-30 19:26:09 [booklist] INFO: VALID_ID: 1307741
2023-06-30 19:26:09 [booklist] INFO: VALID_ID: 1311092
2023-06-30 19:26:09 [booklist] INFO: VALID_ID: 1307131
2023-06-30 19:26:09 [booklist] INFO: VALID_ID: 1311737
2023-06-30 19:26:09 [booklist] INFO: VALID_ID: 1303179
2023-06-30 19:26:09 [booklist] INFO: VALID_ID: 1286633
2023-06-30 19:26:09 [booklist] INFO: VALID_ID: 1286640
2023-06-30 19:26:09 [booklist] INFO: VALID_ID: 2585027
2023-06-30 19:26:09 [booklist] INFO: VALID_ID: 11223276
2023-06-30 19:26:09 [booklist] INFO: VALID_ID: 2552111
2023-06-30 19:26:09 [booklist] INFO: VALID_ID: 2542700
2023-06-30 19:26:09 [booklist] INFO: VALID_ID: 11223273
2023-06-30 19:26:09 [booklist] INFO: VALID_ID: 1301384
2023-06-30 19:26:09 [booklist] INFO: VALID_ID: 2536520
2023-06-30 19:26:09 [booklist] INFO: VALID_ID: 2585028
2023-06-30 19:26:09 [booklist] INFO: VALID_ID: 1312846
2023-06-30 19:26:09 [booklist] INFO: VALID_ID: 1307130
2023-06-30 19:26:09 [booklist] INFO: VALID_ID: 2585029
2023-06-30 19:26:09 [booklist] INFO: VALID_ID: 1301383
2023-06-30 19:26:09 [booklist] INFO: VALID_ID: 1312714
2023-06-30 19:26:09 [booklist] INFO: VALID_ID: 1286928
2023-06-30 19:26:09 [booklist] INFO: VALID_ID: 1308587
2023-06-30 19:26:09 [booklist] INFO: VALID_ID: 1311927
2023-06-30 19:26:09 [booklist] INFO: VALID_ID: 2567900
2023-06-30 19:26:09 [booklist] INFO: VALID_ID: 2538928
2023-06-30 19:26:09 [booklist] INFO: VALID_ID: 1302765
2023-06-30 19:26:09 [booklist] INFO: VALID_ID: 1305658
2023-06-30 19:26:09 [booklist] INFO: VALID_ID: 2585033
2023-06-30 19:26:09 [booklist] INFO: VALID_ID: 1310931
2023-06-30 19:26:09 [booklist] INFO: VALID_ID: 2567902
2023-06-30 19:26:09 [booklist] INFO: VALID_ID: 2567903
2023-06-30 19:26:09 [booklist] INFO: VALID_ID: 1307803
2023-06-30 19:26:09 [booklist] INFO: VALID_ID: 11223279
2023-06-30 19:26:09 [booklist] INFO: VALID_ID: 2585034
2023-06-30 19:26:09 [booklist] INFO: VALID_ID: 2559156
2023-06-30 19:26:09 [booklist] INFO: VALID_ID: 1308191
2023-06-30 19:26:09 [booklist] INFO: VALID_ID: 1305229
2023-06-30 19:26:09 [booklist] INFO: VALID_ID: 1311924
2023-06-30 19:26:09 [booklist] INFO: VALID_ID: 2542056
2023-06-30 19:26:09 [booklist] INFO: VALID_ID: 1302552
2023-06-30 19:26:09 [booklist] INFO: VALID_ID: 1307862
2023-06-30 19:26:09 [booklist] INFO: VALID_ID: 2567901
2023-06-30 19:26:09 [booklist] INFO: VALID_ID: 1308222
2023-06-30 19:26:09 [booklist] INFO: VALID_ID: 2609061
2023-06-30 19:26:09 [booklist] INFO: VALID_ID: 1308179
2023-06-30 19:26:09 [booklist] INFO: VALID_ID: 1308197
2023-06-30 19:26:09 [booklist] INFO: VALID_ID: 2550905
2023-06-30 19:26:09 [booklist] INFO: VALID_ID: 2550906
2023-06-30 19:26:09 [booklist] INFO: VALID_ID: 1312381
2023-06-30 19:26:09 [booklist] INFO: VALID_ID: 1308168
2023-06-30 19:26:09 [booklist] INFO: VALID_ID: 1311996
2023-06-30 19:26:09 [booklist] INFO: VALID_ID: 2550903
2023-06-30 19:26:09 [booklist] INFO: VALID_ID: 2542336
2023-06-30 19:26:09 [booklist] INFO: VALID_ID: 1301397
2023-06-30 19:26:09 [booklist] INFO: VALID_ID: 2550904
2023-06-30 19:26:09 [booklist] INFO: VALID_ID: 10301297
2023-06-30 19:26:09 [booklist] INFO: VALID_ID: 1303982
2023-06-30 19:26:09 [scrapy.core.engine] DEBUG: Crawled (200) <POST https://dl.ndl.go.jp/api/item/search> (referer: https://dl.ndl.go.jp/api/item/search)
2023-06-30 19:26:10 [booklist] INFO: Fetched page 9
2023-06-30 19:26:10 [booklist] INFO: VALID_ID: 1309966
2023-06-30 19:26:10 [booklist] INFO: VALID_ID: 2606016
2023-06-30 19:26:10 [booklist] INFO: VALID_ID: 1311312
2023-06-30 19:26:10 [booklist] INFO: VALID_ID: 1312381
2023-06-30 19:26:10 [booklist] INFO: VALID_ID: 1308193
2023-06-30 19:26:10 [booklist] INFO: VALID_ID: 1311192
2023-06-30 19:26:10 [booklist] INFO: VALID_ID: 2559250
2023-06-30 19:26:10 [booklist] INFO: VALID_ID: 2550904
2023-06-30 19:26:10 [booklist] INFO: VALID_ID: 1311179
2023-06-30 19:26:10 [booklist] INFO: VALID_ID: 2550902
2023-06-30 19:26:10 [booklist] INFO: VALID_ID: 1308157
2023-06-30 19:26:10 [booklist] INFO: VALID_ID: 1312375
2023-06-30 19:26:10 [booklist] INFO: VALID_ID: 1305025
2023-06-30 19:26:10 [booklist] INFO: VALID_ID: 1312373
2023-06-30 19:26:10 [booklist] INFO: VALID_ID: 1286636
2023-06-30 19:26:10 [booklist] INFO: VALID_ID: 1307831
2023-06-30 19:26:10 [booklist] INFO: VALID_ID: 2610941
2023-06-30 19:26:10 [booklist] INFO: VALID_ID: 1311316
2023-06-30 19:26:10 [booklist] INFO: VALID_ID: 1308194
2023-06-30 19:26:10 [booklist] INFO: VALID_ID: 1311232
2023-06-30 19:26:10 [booklist] INFO: VALID_ID: 1313478
2023-06-30 19:26:10 [booklist] INFO: VALID_ID: 2563786
2023-06-30 19:26:10 [booklist] INFO: VALID_ID: 1303989
2023-06-30 19:26:10 [booklist] INFO: VALID_ID: 1301780
2023-06-30 19:26:10 [booklist] INFO: VALID_ID: 2543423
2023-06-30 19:26:10 [booklist] INFO: VALID_ID: 1305031
2023-06-30 19:26:10 [booklist] INFO: VALID_ID: 1305059
2023-06-30 19:26:10 [booklist] INFO: VALID_ID: 1311954
2023-06-30 19:26:10 [booklist] INFO: VALID_ID: 2590638
2023-06-30 19:26:10 [booklist] INFO: VALID_ID: 2609940
2023-06-30 19:26:10 [booklist] INFO: VALID_ID: 2586504
2023-06-30 19:26:10 [booklist] INFO: VALID_ID: 2580236
2023-06-30 19:26:10 [booklist] INFO: VALID_ID: 2543421
2023-06-30 19:26:10 [booklist] INFO: VALID_ID: 1305030
2023-06-30 19:26:10 [booklist] INFO: VALID_ID: 2543424
2023-06-30 19:26:10 [booklist] INFO: VALID_ID: 1311921
2023-06-30 19:26:10 [booklist] INFO: VALID_ID: 2577910
2023-06-30 19:26:10 [booklist] INFO: VALID_ID: 2541928
2023-06-30 19:26:10 [booklist] INFO: VALID_ID: 1312369
2023-06-30 19:26:10 [booklist] INFO: VALID_ID: 2543426
2023-06-30 19:26:10 [booklist] INFO: VALID_ID: 2559259
2023-06-30 19:26:10 [booklist] INFO: VALID_ID: 1308211
2023-06-30 19:26:10 [booklist] INFO: VALID_ID: 2580237
2023-06-30 19:26:10 [booklist] INFO: VALID_ID: 2586505
2023-06-30 19:26:10 [booklist] INFO: VALID_ID: 2533182
2023-06-30 19:26:10 [booklist] INFO: VALID_ID: 2607558
2023-06-30 19:26:10 [booklist] INFO: VALID_ID: 1307826
2023-06-30 19:26:10 [booklist] INFO: VALID_ID: 11038498
2023-06-30 19:26:10 [booklist] INFO: VALID_ID: 2586506
2023-06-30 19:26:10 [booklist] INFO: VALID_ID: 2580972
2023-06-30 19:26:10 [booklist] INFO: VALID_ID: 1308184
2023-06-30 19:26:10 [booklist] INFO: VALID_ID: 1305057
2023-06-30 19:26:10 [booklist] INFO: VALID_ID: 1308162
2023-06-30 19:26:10 [booklist] INFO: VALID_ID: 1311925
2023-06-30 19:26:10 [booklist] INFO: VALID_ID: 2543422
2023-06-30 19:26:10 [booklist] INFO: VALID_ID: 1309178
2023-06-30 19:26:10 [booklist] INFO: VALID_ID: 1312382
2023-06-30 19:26:10 [booklist] INFO: VALID_ID: 2590635
2023-06-30 19:26:10 [booklist] INFO: VALID_ID: 2587662
2023-06-30 19:26:10 [booklist] INFO: VALID_ID: 1307145
2023-06-30 19:26:10 [booklist] INFO: VALID_ID: 1301412
2023-06-30 19:26:10 [booklist] INFO: VALID_ID: 2543425
2023-06-30 19:26:10 [booklist] INFO: VALID_ID: 1311926
2023-06-30 19:26:10 [booklist] INFO: VALID_ID: 1312379
2023-06-30 19:26:10 [booklist] INFO: VALID_ID: 1311975
2023-06-30 19:26:10 [booklist] INFO: VALID_ID: 1302366
2023-06-30 19:26:10 [booklist] INFO: VALID_ID: 1305047
2023-06-30 19:26:10 [booklist] INFO: VALID_ID: 2548814
2023-06-30 19:26:10 [booklist] INFO: VALID_ID: 1301380
2023-06-30 19:26:10 [booklist] INFO: VALID_ID: 1301349
2023-06-30 19:26:10 [booklist] INFO: VALID_ID: 2543434
2023-06-30 19:26:10 [booklist] INFO: VALID_ID: 2593471
2023-06-30 19:26:10 [booklist] INFO: VALID_ID: 10303566
2023-06-30 19:26:10 [booklist] INFO: VALID_ID: 1308152
2023-06-30 19:26:10 [booklist] INFO: VALID_ID: 1301842
2023-06-30 19:26:10 [booklist] INFO: VALID_ID: 1311961
2023-06-30 19:26:10 [booklist] INFO: VALID_ID: 1301377
2023-06-30 19:26:10 [booklist] INFO: VALID_ID: 1311932
2023-06-30 19:26:10 [booklist] INFO: VALID_ID: 2592981
2023-06-30 19:26:10 [booklist] INFO: VALID_ID: 1305024
2023-06-30 19:26:10 [booklist] INFO: VALID_ID: 2585529
2023-06-30 19:26:10 [booklist] INFO: VALID_ID: 1311913
2023-06-30 19:26:10 [booklist] INFO: VALID_ID: 2580971
2023-06-30 19:26:10 [booklist] INFO: VALID_ID: 1307817
2023-06-30 19:26:10 [booklist] INFO: VALID_ID: 2592924
2023-06-30 19:26:10 [booklist] INFO: VALID_ID: 1301849
2023-06-30 19:26:10 [booklist] INFO: VALID_ID: 1307825
2023-06-30 19:26:10 [booklist] INFO: VALID_ID: 2540551
2023-06-30 19:26:10 [booklist] INFO: VALID_ID: 2537173
2023-06-30 19:26:10 [booklist] INFO: VALID_ID: 2581514
2023-06-30 19:26:10 [booklist] INFO: VALID_ID: 2585166
2023-06-30 19:26:10 [booklist] INFO: VALID_ID: 2559128
2023-06-30 19:26:10 [booklist] INFO: VALID_ID: 10301371
2023-06-30 19:26:10 [booklist] INFO: VALID_ID: 1313486
2023-06-30 19:26:10 [booklist] INFO: VALID_ID: 2580934
2023-06-30 19:26:10 [booklist] INFO: VALID_ID: 1308153
2023-06-30 19:26:10 [booklist] INFO: VALID_ID: 11891694
2023-06-30 19:26:10 [booklist] INFO: VALID_ID: 2548719
2023-06-30 19:26:10 [booklist] INFO: VALID_ID: 2538093
2023-06-30 19:26:10 [booklist] INFO: VALID_ID: 2585612
2023-06-30 19:26:11 [scrapy.core.engine] DEBUG: Crawled (200) <POST https://dl.ndl.go.jp/api/item/search> (referer: https://dl.ndl.go.jp/api/item/search)
2023-06-30 19:26:11 [booklist] INFO: Fetched page 10
2023-06-30 19:26:11 [booklist] INFO: VALID_ID: 2610692
2023-06-30 19:26:11 [booklist] INFO: VALID_ID: 1307821
2023-06-30 19:26:11 [booklist] INFO: VALID_ID: 1311967
2023-06-30 19:26:11 [booklist] INFO: VALID_ID: 2607011
2023-06-30 19:26:11 [booklist] INFO: VALID_ID: 2585285
2023-06-30 19:26:11 [booklist] INFO: VALID_ID: 2543427
2023-06-30 19:26:11 [booklist] INFO: VALID_ID: 1307267
2023-06-30 19:26:11 [booklist] INFO: VALID_ID: 1311919
2023-06-30 19:26:11 [booklist] INFO: VALID_ID: 2585492
2023-06-30 19:26:11 [booklist] INFO: VALID_ID: 2610026
2023-06-30 19:26:11 [booklist] INFO: VALID_ID: 2596088
2023-06-30 19:26:11 [booklist] INFO: VALID_ID: 2596124
2023-06-30 19:26:11 [booklist] INFO: VALID_ID: 2585616
2023-06-30 19:26:11 [booklist] INFO: VALID_ID: 1312143
2023-06-30 19:26:11 [booklist] INFO: VALID_ID: 2549693
2023-06-30 19:26:11 [booklist] INFO: VALID_ID: 2543428
2023-06-30 19:26:11 [booklist] INFO: VALID_ID: 2585689
2023-06-30 19:26:11 [booklist] INFO: VALID_ID: 2596094
2023-06-30 19:26:11 [booklist] INFO: VALID_ID: 1312634
2023-06-30 19:26:11 [booklist] INFO: VALID_ID: 10303956
2023-06-30 19:26:11 [booklist] INFO: VALID_ID: 2585525
2023-06-30 19:26:11 [booklist] INFO: VALID_ID: 2540598
2023-06-30 19:26:11 [booklist] INFO: VALID_ID: 2585615
2023-06-30 19:26:11 [booklist] INFO: VALID_ID: 2543431
2023-06-30 19:26:11 [booklist] INFO: VALID_ID: 9892930
2023-06-30 19:26:11 [booklist] INFO: VALID_ID: 11038888
2023-06-30 19:26:11 [booklist] INFO: VALID_ID: 1313348
2023-06-30 19:26:11 [booklist] INFO: VALID_ID: 2585182
2023-06-30 19:26:11 [booklist] INFO: VALID_ID: 2609618
2023-06-30 19:26:11 [booklist] INFO: VALID_ID: 2585292
2023-06-30 19:26:11 [booklist] INFO: VALID_ID: 2586676
2023-06-30 19:26:11 [booklist] INFO: VALID_ID: 2572774
2023-06-30 19:26:11 [booklist] INFO: VALID_ID: 2596133
2023-06-30 19:26:11 [booklist] INFO: VALID_ID: 2596113
2023-06-30 19:26:11 [booklist] INFO: VALID_ID: 2596128
2023-06-30 19:26:11 [booklist] INFO: VALID_ID: 2533253
2023-06-30 19:26:11 [booklist] INFO: VALID_ID: 2605424
2023-06-30 19:26:11 [booklist] INFO: VALID_ID: 2596058
2023-06-30 19:26:11 [booklist] INFO: VALID_ID: 2596069
2023-06-30 19:26:11 [booklist] INFO: VALID_ID: 2596096
2023-06-30 19:26:11 [booklist] INFO: VALID_ID: 2596112
2023-06-30 19:26:11 [booklist] INFO: VALID_ID: 2596120
2023-06-30 19:26:11 [booklist] INFO: VALID_ID: 2596121
2023-06-30 19:26:11 [booklist] INFO: VALID_ID: 2596136
2023-06-30 19:26:11 [booklist] INFO: VALID_ID: 2596060
2023-06-30 19:26:11 [booklist] INFO: VALID_ID: 2596115
2023-06-30 19:26:11 [booklist] INFO: VALID_ID: 2551753
2023-06-30 19:26:11 [booklist] INFO: VALID_ID: 2596087
2023-06-30 19:26:11 [booklist] INFO: VALID_ID: 2596111
2023-06-30 19:26:11 [booklist] INFO: VALID_ID: 2596129
2023-06-30 19:26:11 [booklist] INFO: VALID_ID: 2596068
2023-06-30 19:26:11 [booklist] INFO: VALID_ID: 2596122
2023-06-30 19:26:11 [booklist] INFO: VALID_ID: 2596123
2023-06-30 19:26:11 [booklist] INFO: VALID_ID: 1302550
2023-06-30 19:26:11 [booklist] INFO: VALID_ID: 1287826
2023-06-30 19:26:11 [booklist] INFO: VALID_ID: 1287849
2023-06-30 19:26:11 [booklist] INFO: VALID_ID: 1287847
2023-06-30 19:26:11 [booklist] INFO: VALID_ID: 1287854
2023-06-30 19:26:11 [booklist] INFO: VALID_ID: 1287863
2023-06-30 19:26:11 [booklist] INFO: VALID_ID: 2585366
2023-06-30 19:26:11 [booklist] INFO: VALID_ID: 2596118
2023-06-30 19:26:11 [booklist] INFO: VALID_ID: 1311302
2023-06-30 19:26:11 [booklist] INFO: VALID_ID: 2543430
2023-06-30 19:26:11 [booklist] INFO: VALID_ID: 1287848
2023-06-30 19:26:11 [booklist] INFO: VALID_ID: 2572772
2023-06-30 19:26:11 [booklist] INFO: VALID_ID: 2572773
2023-06-30 19:26:11 [booklist] INFO: VALID_ID: 11038891
2023-06-30 19:26:11 [booklist] INFO: VALID_ID: 11038913
2023-06-30 19:26:11 [booklist] INFO: VALID_ID: 1287856
2023-06-30 19:26:11 [booklist] INFO: VALID_ID: 1287857
2023-06-30 19:26:11 [booklist] INFO: VALID_ID: 11038901
2023-06-30 19:26:11 [booklist] INFO: VALID_ID: 2596114
2023-06-30 19:26:11 [booklist] INFO: VALID_ID: 2596089
2023-06-30 19:26:11 [booklist] INFO: VALID_ID: 2596095
2023-06-30 19:26:11 [booklist] INFO: VALID_ID: 10301770
2023-06-30 19:26:11 [booklist] INFO: VALID_ID: 11038898
2023-06-30 19:26:11 [booklist] INFO: VALID_ID: 1301298
2023-06-30 19:26:11 [booklist] INFO: VALID_ID: 2547727
2023-06-30 19:26:11 [booklist] INFO: VALID_ID: 10301687
2023-06-30 19:26:11 [booklist] INFO: VALID_ID: 2543429
2023-06-30 19:26:11 [booklist] INFO: VALID_ID: 1288338
2023-06-30 19:26:11 [booklist] INFO: VALID_ID: 2543433
2023-06-30 19:26:11 [booklist] INFO: VALID_ID: 11038877
2023-06-30 19:26:11 [booklist] INFO: VALID_ID: 2607835
2023-06-30 19:26:11 [booklist] INFO: VALID_ID: 11038919
2023-06-30 19:26:11 [booklist] INFO: VALID_ID: 1287846
2023-06-30 19:26:11 [booklist] INFO: VALID_ID: 1287864
2023-06-30 19:26:11 [booklist] INFO: VALID_ID: 2591885
2023-06-30 19:26:11 [booklist] INFO: VALID_ID: 11038909
2023-06-30 19:26:11 [booklist] INFO: VALID_ID: 1287855
2023-06-30 19:26:11 [booklist] INFO: VALID_ID: 2596109
2023-06-30 19:26:11 [booklist] INFO: VALID_ID: 11038874
2023-06-30 19:26:11 [booklist] INFO: VALID_ID: 11038880
2023-06-30 19:26:11 [booklist] INFO: VALID_ID: 1287850
2023-06-30 19:26:11 [booklist] INFO: VALID_ID: 2608326
2023-06-30 19:26:11 [booklist] INFO: VALID_ID: 11038890
2023-06-30 19:26:11 [booklist] INFO: VALID_ID: 11446615
2023-06-30 19:26:11 [booklist] INFO: VALID_ID: 11038892
2023-06-30 19:26:11 [booklist] INFO: VALID_ID: 1287832
2023-06-30 19:26:11 [booklist] INFO: VALID_ID: 11038912
2023-06-30 19:26:12 [scrapy.core.engine] DEBUG: Crawled (200) <POST https://dl.ndl.go.jp/api/item/search> (referer: https://dl.ndl.go.jp/api/item/search)
2023-06-30 19:26:12 [booklist] INFO: Fetched page 11
2023-06-30 19:26:13 [booklist] INFO: VALID_ID: 1287826
2023-06-30 19:26:13 [booklist] INFO: VALID_ID: 1287849
2023-06-30 19:26:13 [booklist] INFO: VALID_ID: 11038887
2023-06-30 19:26:13 [booklist] INFO: VALID_ID: 11038902
2023-06-30 19:26:13 [booklist] INFO: VALID_ID: 11038912
2023-06-30 19:26:13 [booklist] INFO: VALID_ID: 11038911
2023-06-30 19:26:13 [booklist] INFO: VALID_ID: 1287862
2023-06-30 19:26:13 [booklist] INFO: VALID_ID: 11038898
2023-06-30 19:26:13 [booklist] INFO: VALID_ID: 2585211
2023-06-30 19:26:13 [booklist] INFO: VALID_ID: 1287832
2023-06-30 19:26:13 [booklist] INFO: VALID_ID: 1287833
2023-06-30 19:26:13 [booklist] INFO: VALID_ID: 11038886
2023-06-30 19:26:13 [booklist] INFO: VALID_ID: 11038893
2023-06-30 19:26:13 [booklist] INFO: VALID_ID: 11038895
2023-06-30 19:26:13 [booklist] INFO: VALID_ID: 2591885
2023-06-30 19:26:13 [booklist] INFO: VALID_ID: 11038906
2023-06-30 19:26:13 [booklist] INFO: VALID_ID: 11038890
2023-06-30 19:26:13 [booklist] INFO: VALID_ID: 2532472
2023-06-30 19:26:13 [booklist] INFO: VALID_ID: 2551759
2023-06-30 19:26:13 [booklist] INFO: VALID_ID: 1287865
2023-06-30 19:26:13 [booklist] INFO: VALID_ID: 11038882
2023-06-30 19:26:13 [booklist] INFO: VALID_ID: 11038889
2023-06-30 19:26:13 [booklist] INFO: VALID_ID: 11038905
2023-06-30 19:26:13 [booklist] INFO: VALID_ID: 11038885
2023-06-30 19:26:13 [booklist] INFO: VALID_ID: 11038899
2023-06-30 19:26:13 [booklist] INFO: VALID_ID: 1302553
2023-06-30 19:26:13 [booklist] INFO: VALID_ID: 11446615
2023-06-30 19:26:13 [booklist] INFO: VALID_ID: 11038878
2023-06-30 19:26:13 [booklist] INFO: VALID_ID: 11038896
2023-06-30 19:26:13 [booklist] INFO: VALID_ID: 11038904
2023-06-30 19:26:13 [booklist] INFO: VALID_ID: 11038888
2023-06-30 19:26:13 [booklist] INFO: VALID_ID: 11038894
2023-06-30 19:26:13 [booklist] INFO: VALID_ID: 2585524
2023-06-30 19:26:13 [booklist] INFO: VALID_ID: 11038907
2023-06-30 19:26:13 [booklist] INFO: VALID_ID: 2547717
2023-06-30 19:26:13 [booklist] INFO: VALID_ID: 1311931
2023-06-30 19:26:13 [booklist] INFO: VALID_ID: 2541052
2023-06-30 19:26:13 [booklist] INFO: VALID_ID: 11446514
2023-06-30 19:26:13 [booklist] INFO: VALID_ID: 10301593
2023-06-30 19:26:13 [booklist] INFO: VALID_ID: 9892392
2023-06-30 19:26:13 [booklist] INFO: VALID_ID: 2610261
2023-06-30 19:26:13 [booklist] INFO: VALID_ID: 2559087
2023-06-30 19:26:13 [booklist] INFO: VALID_ID: 2559090
2023-06-30 19:26:13 [booklist] INFO: VALID_ID: 2559086
2023-06-30 19:26:13 [booklist] INFO: VALID_ID: 2548138
2023-06-30 19:26:13 [booklist] INFO: VALID_ID: 2559088
2023-06-30 19:26:13 [booklist] INFO: VALID_ID: 2559089
2023-06-30 19:26:13 [booklist] INFO: VALID_ID: 2611085
2023-06-30 19:26:13 [booklist] INFO: VALID_ID: 2559082
2023-06-30 19:26:13 [booklist] INFO: VALID_ID: 2559083
2023-06-30 19:26:13 [booklist] INFO: VALID_ID: 1310205
2023-06-30 19:26:13 [booklist] INFO: VALID_ID: 2559085
2023-06-30 19:26:13 [booklist] INFO: VALID_ID: 10301527
2023-06-30 19:26:13 [booklist] INFO: VALID_ID: 2541094
2023-06-30 19:26:13 [booklist] INFO: VALID_ID: 11891795
2023-06-30 19:26:13 [booklist] INFO: VALID_ID: 2609774
2023-06-30 19:26:13 [booklist] INFO: VALID_ID: 2548356
2023-06-30 19:26:13 [booklist] INFO: VALID_ID: 2608772
2023-06-30 19:26:13 [booklist] INFO: VALID_ID: 1301775
2023-06-30 19:26:13 [booklist] INFO: VALID_ID: 1307804
2023-06-30 19:26:13 [booklist] INFO: VALID_ID: 2609321
2023-06-30 19:26:13 [booklist] INFO: VALID_ID: 2540884
2023-06-30 19:26:13 [booklist] INFO: VALID_ID: 9369966
2023-06-30 19:26:13 [booklist] INFO: VALID_ID: 10301218
2023-06-30 19:26:13 [booklist] INFO: VALID_ID: 2606073
2023-06-30 19:26:13 [booklist] INFO: VALID_ID: 2548135
2023-06-30 19:26:13 [booklist] INFO: VALID_ID: 9369974
2023-06-30 19:26:13 [booklist] INFO: VALID_ID: 2608597
2023-06-30 19:26:13 [booklist] INFO: VALID_ID: 1305535
2023-06-30 19:26:13 [booklist] INFO: VALID_ID: 2559178
2023-06-30 19:26:13 [booklist] INFO: VALID_ID: 2548137
2023-06-30 19:26:13 [booklist] INFO: VALID_ID: 2587417
2023-06-30 19:26:13 [booklist] INFO: VALID_ID: 2608047
2023-06-30 19:26:13 [booklist] INFO: VALID_ID: 2559188
2023-06-30 19:26:13 [booklist] INFO: VALID_ID: 2559182
2023-06-30 19:26:13 [booklist] INFO: VALID_ID: 2559185
2023-06-30 19:26:13 [booklist] INFO: VALID_ID: 2559187
2023-06-30 19:26:13 [booklist] INFO: VALID_ID: 2559186
2023-06-30 19:26:13 [booklist] INFO: VALID_ID: 2559179
2023-06-30 19:26:13 [booklist] INFO: VALID_ID: 10301749
2023-06-30 19:26:13 [booklist] INFO: VALID_ID: 2559184
2023-06-30 19:26:13 [booklist] INFO: VALID_ID: 10301296
2023-06-30 19:26:13 [booklist] INFO: VALID_ID: 2559183
2023-06-30 19:26:13 [booklist] INFO: VALID_ID: 2559180
2023-06-30 19:26:13 [booklist] INFO: VALID_ID: 2608247
2023-06-30 19:26:13 [booklist] INFO: VALID_ID: 2587365
2023-06-30 19:26:13 [booklist] INFO: VALID_ID: 10301602
2023-06-30 19:26:13 [booklist] INFO: VALID_ID: 2607884
2023-06-30 19:26:13 [booklist] INFO: VALID_ID: 2551760
2023-06-30 19:26:13 [booklist] INFO: VALID_ID: 2609546
2023-06-30 19:26:13 [booklist] INFO: VALID_ID: 2587366
2023-06-30 19:26:13 [booklist] INFO: VALID_ID: 2587439
2023-06-30 19:26:13 [booklist] INFO: VALID_ID: 2587437
2023-06-30 19:26:13 [booklist] INFO: VALID_ID: 2607580
2023-06-30 19:26:13 [booklist] INFO: VALID_ID: 2587438
2023-06-30 19:26:13 [booklist] INFO: VALID_ID: 2610325
2023-06-30 19:26:13 [booklist] INFO: VALID_ID: 2587445
2023-06-30 19:26:13 [booklist] INFO: VALID_ID: 2587446
2023-06-30 19:26:13 [booklist] INFO: VALID_ID: 2609212
2023-06-30 19:26:13 [booklist] INFO: VALID_ID: 2572918
2023-06-30 19:26:14 [scrapy.core.engine] DEBUG: Crawled (200) <POST https://dl.ndl.go.jp/api/item/search> (referer: https://dl.ndl.go.jp/api/item/search)
2023-06-30 19:26:14 [booklist] INFO: Fetched page 12
2023-06-30 19:26:15 [booklist] INFO: VALID_ID: 2587434
2023-06-30 19:26:15 [booklist] INFO: VALID_ID: 2610093
2023-06-30 19:26:15 [booklist] INFO: VALID_ID: 2610818
2023-06-30 19:26:15 [booklist] INFO: VALID_ID: 2587436
2023-06-30 19:26:15 [booklist] INFO: VALID_ID: 10301165
2023-06-30 19:26:15 [booklist] INFO: VALID_ID: 2587435
2023-06-30 19:26:15 [booklist] INFO: VALID_ID: 2559131
2023-06-30 19:26:15 [booklist] INFO: VALID_ID: 2559124
2023-06-30 19:26:15 [booklist] INFO: VALID_ID: 2559117
2023-06-30 19:26:15 [booklist] INFO: VALID_ID: 2559129
2023-06-30 19:26:15 [booklist] INFO: VALID_ID: 2609205
2023-06-30 19:26:15 [booklist] INFO: VALID_ID: 2559118
2023-06-30 19:26:15 [booklist] INFO: VALID_ID: 2559127
2023-06-30 19:26:15 [booklist] INFO: VALID_ID: 2559126
2023-06-30 19:26:15 [booklist] INFO: VALID_ID: 10301567
2023-06-30 19:26:15 [booklist] INFO: VALID_ID: 2559120
2023-06-30 19:26:15 [booklist] INFO: VALID_ID: 2559130
2023-06-30 19:26:15 [booklist] INFO: VALID_ID: 2559125
2023-06-30 19:26:15 [booklist] INFO: VALID_ID: 2559132
2023-06-30 19:26:15 [booklist] INFO: VALID_ID: 2559122
2023-06-30 19:26:15 [booklist] INFO: VALID_ID: 2559123
2023-06-30 19:26:15 [booklist] INFO: VALID_ID: 2548036
2023-06-30 19:26:15 [booklist] INFO: VALID_ID: 2559119
2023-06-30 19:26:15 [booklist] INFO: VALID_ID: 2548035
2023-06-30 19:26:15 [booklist] INFO: VALID_ID: 2559121
2023-06-30 19:26:15 [booklist] INFO: VALID_ID: 2559241
2023-06-30 19:26:15 [booklist] INFO: VALID_ID: 2610518
2023-06-30 19:26:15 [booklist] INFO: VALID_ID: 2559255
2023-06-30 19:26:15 [booklist] INFO: VALID_ID: 2559265
2023-06-30 19:26:15 [booklist] INFO: VALID_ID: 2559254
2023-06-30 19:26:15 [booklist] INFO: VALID_ID: 2559246
2023-06-30 19:26:15 [booklist] INFO: VALID_ID: 2559252
2023-06-30 19:26:15 [booklist] INFO: VALID_ID: 2559263
2023-06-30 19:26:15 [booklist] INFO: VALID_ID: 2559264
2023-06-30 19:26:15 [booklist] INFO: VALID_ID: 2559247
2023-06-30 19:26:15 [booklist] INFO: VALID_ID: 2559256
2023-06-30 19:26:15 [booklist] INFO: VALID_ID: 2559242
2023-06-30 19:26:15 [booklist] INFO: VALID_ID: 2559154
2023-06-30 19:26:15 [booklist] INFO: VALID_ID: 2559258
2023-06-30 19:26:15 [booklist] INFO: VALID_ID: 2559261
2023-06-30 19:26:15 [booklist] INFO: VALID_ID: 2559243
2023-06-30 19:26:15 [booklist] INFO: VALID_ID: 2559251
2023-06-30 19:26:15 [booklist] INFO: VALID_ID: 2559262
2023-06-30 19:26:15 [booklist] INFO: VALID_ID: 2559244
2023-06-30 19:26:15 [booklist] INFO: VALID_ID: 2559260
2023-06-30 19:26:15 [booklist] INFO: VALID_ID: 2559248
2023-06-30 19:26:15 [booklist] INFO: VALID_ID: 2559257
2023-06-30 19:26:15 [booklist] INFO: VALID_ID: 2559249
2023-06-30 19:26:15 [booklist] INFO: VALID_ID: 2559147
2023-06-30 19:26:15 [booklist] INFO: VALID_ID: 2559245
2023-06-30 19:26:15 [booklist] INFO: VALID_ID: 2559253
2023-06-30 19:26:15 [booklist] INFO: VALID_ID: 2559149
2023-06-30 19:26:15 [booklist] INFO: VALID_ID: 2559152
2023-06-30 19:26:15 [booklist] INFO: VALID_ID: 2559161
2023-06-30 19:26:15 [booklist] INFO: VALID_ID: 2559146
2023-06-30 19:26:15 [booklist] INFO: VALID_ID: 2559162
2023-06-30 19:26:15 [booklist] INFO: VALID_ID: 2559159
2023-06-30 19:26:15 [booklist] INFO: VALID_ID: 2559155
2023-06-30 19:26:15 [booklist] INFO: VALID_ID: 2559150
2023-06-30 19:26:15 [booklist] INFO: VALID_ID: 2559157
2023-06-30 19:26:15 [booklist] INFO: VALID_ID: 2559158
2023-06-30 19:26:15 [booklist] INFO: VALID_ID: 2559151
2023-06-30 19:26:15 [booklist] INFO: VALID_ID: 2606743
2023-06-30 19:26:15 [booklist] INFO: VALID_ID: 2609444
2023-06-30 19:26:15 [booklist] INFO: VALID_ID: 2559148
2023-06-30 19:26:15 [booklist] INFO: VALID_ID: 2559153
2023-06-30 19:26:15 [booklist] INFO: VALID_ID: 2533156
2023-06-30 19:26:15 [booklist] INFO: VALID_ID: 2587899
2023-06-30 19:26:15 [booklist] INFO: VALID_ID: 1302581
2023-06-30 19:26:15 [booklist] INFO: VALID_ID: 11446659
2023-06-30 19:26:15 [booklist] INFO: VALID_ID: 9369960
2023-06-30 19:26:15 [booklist] INFO: VALID_ID: 2609783
2023-06-30 19:26:15 [booklist] INFO: VALID_ID: 9369953
2023-06-30 19:26:15 [booklist] INFO: VALID_ID: 9369963
2023-06-30 19:26:15 [booklist] INFO: VALID_ID: 12865370
2023-06-30 19:26:15 [booklist] INFO: VALID_ID: 2610012
2023-06-30 19:26:15 [booklist] INFO: VALID_ID: 2610138
2023-06-30 19:26:15 [scrapy.core.engine] DEBUG: Crawled (200) <POST https://dl.ndl.go.jp/api/item/search> (referer: https://dl.ndl.go.jp/api/item/search)
2023-06-30 19:26:15 [booklist] INFO: Fetched page 13
2023-06-30 19:26:15 [booklist] INFO: No more books on 13
2023-06-30 19:26:15 [scrapy.core.engine] INFO: Closing spider (finished)
2023-06-30 19:26:15 [scrapy.statscollectors] INFO: Dumping Scrapy stats:
{'downloader/request_bytes': 17742,
 'downloader/request_count': 14,
 'downloader/request_method_count/GET': 1,
 'downloader/request_method_count/POST': 13,
 'downloader/response_bytes': 3895019,
 'downloader/response_count': 14,
 'downloader/response_status_count/200': 14,
 'elapsed_time_seconds': 14.611461,
 'finish_reason': 'finished',
 'finish_time': datetime.datetime(2023, 6, 30, 11, 26, 15, 773277),
 'httpcompression/response_bytes': 43208580,
 'httpcompression/response_count': 13,
 'log_count/DEBUG': 17,
 'log_count/INFO': 1201,
 'memusage/max': 63836160,
 'memusage/startup': 63836160,
 'request_depth_max': 12,
 'response_received_count': 14,
 'robotstxt/request_count': 1,
 'robotstxt/response_count': 1,
 'robotstxt/response_status_count/200': 1,
 'scheduler/dequeued': 13,
 'scheduler/dequeued/memory': 13,
 'scheduler/enqueued': 13,
 'scheduler/enqueued/memory': 13,
 'start_time': datetime.datetime(2023, 6, 30, 11, 26, 1, 161816)}
2023-06-30 19:26:15 [scrapy.core.engine] INFO: Spider closed (finished)
