2023-06-30 18:32:11 [scrapy.utils.log] INFO: Scrapy 2.9.0 started (bot: ndlcrawler)
2023-06-30 18:32:11 [scrapy.utils.log] INFO: Versions: lxml 4.9.2.0, libxml2 2.9.14, cssselect 1.2.0, parsel 1.8.1, w3lib 2.1.1, Twisted 22.10.0, Python 3.10.10 (main, Mar  5 2023, 22:26:53) [GCC 12.2.1 20230201], pyOpenSSL 23.2.0 (OpenSSL 3.1.1 30 May 2023), cryptography 41.0.1, Platform Linux-6.2.12-arch1-1-x86_64-with-glibc2.37
2023-06-30 18:32:11 [scrapy.crawler] INFO: Overridden settings:
{'BOT_NAME': 'ndlcrawler',
 'FEED_EXPORT_ENCODING': 'utf-8',
 'LOG_FILE': 'logs/booklist.title.翁.DESC.log',
 'NEWSPIDER_MODULE': 'ndlcrawler.spiders',
 'REQUEST_FINGERPRINTER_IMPLEMENTATION': '2.7',
 'ROBOTSTXT_OBEY': True,
 'SPIDER_MODULES': ['ndlcrawler.spiders'],
 'TWISTED_REACTOR': 'twisted.internet.asyncioreactor.AsyncioSelectorReactor'}
2023-06-30 18:32:11 [asyncio] DEBUG: Using selector: EpollSelector
2023-06-30 18:32:11 [scrapy.utils.log] DEBUG: Using reactor: twisted.internet.asyncioreactor.AsyncioSelectorReactor
2023-06-30 18:32:11 [scrapy.utils.log] DEBUG: Using asyncio event loop: asyncio.unix_events._UnixSelectorEventLoop
2023-06-30 18:32:11 [scrapy.extensions.telnet] INFO: Telnet Password: edcf075617b88305
2023-06-30 18:32:11 [scrapy.middleware] INFO: Enabled extensions:
['scrapy.extensions.corestats.CoreStats',
 'scrapy.extensions.telnet.TelnetConsole',
 'scrapy.extensions.memusage.MemoryUsage',
 'scrapy.extensions.logstats.LogStats']
2023-06-30 18:32:12 [scrapy.middleware] INFO: Enabled downloader middlewares:
['scrapy.downloadermiddlewares.robotstxt.RobotsTxtMiddleware',
 'scrapy.downloadermiddlewares.httpauth.HttpAuthMiddleware',
 'scrapy.downloadermiddlewares.downloadtimeout.DownloadTimeoutMiddleware',
 'scrapy.downloadermiddlewares.defaultheaders.DefaultHeadersMiddleware',
 'scrapy.downloadermiddlewares.useragent.UserAgentMiddleware',
 'scrapy.downloadermiddlewares.retry.RetryMiddleware',
 'scrapy.downloadermiddlewares.redirect.MetaRefreshMiddleware',
 'scrapy.downloadermiddlewares.httpcompression.HttpCompressionMiddleware',
 'scrapy.downloadermiddlewares.redirect.RedirectMiddleware',
 'scrapy.downloadermiddlewares.cookies.CookiesMiddleware',
 'scrapy.downloadermiddlewares.httpproxy.HttpProxyMiddleware',
 'scrapy.downloadermiddlewares.stats.DownloaderStats']
2023-06-30 18:32:12 [scrapy.middleware] INFO: Enabled spider middlewares:
['scrapy.spidermiddlewares.httperror.HttpErrorMiddleware',
 'scrapy.spidermiddlewares.offsite.OffsiteMiddleware',
 'scrapy.spidermiddlewares.referer.RefererMiddleware',
 'scrapy.spidermiddlewares.urllength.UrlLengthMiddleware',
 'scrapy.spidermiddlewares.depth.DepthMiddleware']
2023-06-30 18:32:12 [scrapy.middleware] INFO: Enabled item pipelines:
[]
2023-06-30 18:32:12 [scrapy.core.engine] INFO: Spider opened
2023-06-30 18:32:12 [scrapy.extensions.logstats] INFO: Crawled 0 pages (at 0 pages/min), scraped 0 items (at 0 items/min)
2023-06-30 18:32:12 [scrapy.extensions.telnet] INFO: Telnet console listening on 127.0.0.1:6023
2023-06-30 18:32:12 [scrapy.core.engine] DEBUG: Crawled (200) <GET https://dl.ndl.go.jp/robots.txt> (referer: None)
2023-06-30 18:32:13 [scrapy.core.engine] DEBUG: Crawled (200) <POST https://dl.ndl.go.jp/api/item/search> (referer: None)
2023-06-30 18:32:13 [booklist] INFO: Fetched page 1
2023-06-30 18:32:14 [booklist] INFO: VALID_ID: 2577275
2023-06-30 18:32:14 [booklist] INFO: VALID_ID: 2538986
2023-06-30 18:32:14 [booklist] INFO: VALID_ID: 2538045
2023-06-30 18:32:14 [booklist] INFO: VALID_ID: 2610791
2023-06-30 18:32:14 [booklist] INFO: VALID_ID: 8929347
2023-06-30 18:32:14 [booklist] INFO: VALID_ID: 2578136
2023-06-30 18:32:14 [booklist] INFO: VALID_ID: 2570908
2023-06-30 18:32:14 [booklist] INFO: VALID_ID: 2570917
2023-06-30 18:32:14 [booklist] INFO: VALID_ID: 11223478
2023-06-30 18:32:14 [booklist] INFO: VALID_ID: 11607909
2023-06-30 18:32:14 [booklist] INFO: VALID_ID: 2570921
2023-06-30 18:32:14 [booklist] INFO: VALID_ID: 2539433
2023-06-30 18:32:14 [booklist] INFO: VALID_ID: 2570903
2023-06-30 18:32:14 [booklist] INFO: VALID_ID: 2578135
2023-06-30 18:32:14 [booklist] INFO: VALID_ID: 2578137
2023-06-30 18:32:14 [booklist] INFO: VALID_ID: 2578140
2023-06-30 18:32:14 [booklist] INFO: VALID_ID: 2609689
2023-06-30 18:32:14 [booklist] INFO: VALID_ID: 2590772
2023-06-30 18:32:14 [booklist] INFO: VALID_ID: 2570909
2023-06-30 18:32:14 [booklist] INFO: VALID_ID: 11607941
2023-06-30 18:32:14 [booklist] INFO: VALID_ID: 2542561
2023-06-30 18:32:14 [booklist] INFO: VALID_ID: 11223173
2023-06-30 18:32:14 [booklist] INFO: VALID_ID: 10303436
2023-06-30 18:32:14 [booklist] INFO: VALID_ID: 2538624
2023-06-30 18:32:14 [booklist] INFO: VALID_ID: 2578134
2023-06-30 18:32:14 [booklist] INFO: VALID_ID: 2578141
2023-06-30 18:32:14 [booklist] INFO: VALID_ID: 2577274
2023-06-30 18:32:14 [booklist] INFO: VALID_ID: 2533620
2023-06-30 18:32:14 [booklist] INFO: VALID_ID: 2570906
2023-06-30 18:32:14 [booklist] INFO: VALID_ID: 2570911
2023-06-30 18:32:14 [booklist] INFO: VALID_ID: 2570913
2023-06-30 18:32:14 [booklist] INFO: VALID_ID: 2610220
2023-06-30 18:32:14 [booklist] INFO: VALID_ID: 11223477
2023-06-30 18:32:14 [booklist] INFO: VALID_ID: 2535832
2023-06-30 18:32:14 [booklist] INFO: VALID_ID: 2538492
2023-06-30 18:32:14 [booklist] INFO: VALID_ID: 11891739
2023-06-30 18:32:14 [booklist] INFO: VALID_ID: 2539490
2023-06-30 18:32:14 [booklist] INFO: VALID_ID: 2561318
2023-06-30 18:32:14 [booklist] INFO: VALID_ID: 2561319
2023-06-30 18:32:14 [booklist] INFO: VALID_ID: 2607800
2023-06-30 18:32:14 [booklist] INFO: VALID_ID: 2570922
2023-06-30 18:32:14 [booklist] INFO: VALID_ID: 2590773
2023-06-30 18:32:14 [booklist] INFO: VALID_ID: 11223476
2023-06-30 18:32:14 [booklist] INFO: VALID_ID: 2570907
2023-06-30 18:32:14 [booklist] INFO: VALID_ID: 2570914
2023-06-30 18:32:14 [booklist] INFO: VALID_ID: 2570904
2023-06-30 18:32:14 [booklist] INFO: VALID_ID: 2570920
2023-06-30 18:32:14 [booklist] INFO: VALID_ID: 2570915
2023-06-30 18:32:14 [booklist] INFO: VALID_ID: 2570905
2023-06-30 18:32:14 [booklist] INFO: VALID_ID: 2570912
2023-06-30 18:32:14 [booklist] INFO: VALID_ID: 2608843
2023-06-30 18:32:14 [booklist] INFO: VALID_ID: 2570918
2023-06-30 18:32:14 [booklist] INFO: VALID_ID: 2561321
2023-06-30 18:32:14 [booklist] INFO: VALID_ID: 2570916
2023-06-30 18:32:14 [booklist] INFO: VALID_ID: 2541273
2023-06-30 18:32:14 [booklist] INFO: VALID_ID: 1311538
2023-06-30 18:32:14 [booklist] INFO: VALID_ID: 2540676
2023-06-30 18:32:14 [booklist] INFO: VALID_ID: 2556069
2023-06-30 18:32:14 [booklist] INFO: VALID_ID: 2570910
2023-06-30 18:32:14 [booklist] INFO: VALID_ID: 2570919
2023-06-30 18:32:14 [booklist] INFO: VALID_ID: 10303434
2023-06-30 18:32:14 [booklist] INFO: VALID_ID: 2606765
2023-06-30 18:32:14 [booklist] INFO: VALID_ID: 11535987
2023-06-30 18:32:14 [booklist] INFO: VALID_ID: 11223550
2023-06-30 18:32:14 [booklist] INFO: VALID_ID: 2538948
2023-06-30 18:32:14 [booklist] INFO: VALID_ID: 2561314
2023-06-30 18:32:14 [booklist] INFO: VALID_ID: 2537304
2023-06-30 18:32:14 [booklist] INFO: VALID_ID: 2565311
2023-06-30 18:32:14 [booklist] INFO: VALID_ID: 11038496
2023-06-30 18:32:14 [booklist] INFO: VALID_ID: 2561317
2023-06-30 18:32:14 [booklist] INFO: VALID_ID: 2541450
2023-06-30 18:32:14 [booklist] INFO: VALID_ID: 2532462
2023-06-30 18:32:14 [booklist] INFO: VALID_ID: 2561316
2023-06-30 18:32:14 [booklist] INFO: VALID_ID: 2556071
2023-06-30 18:32:14 [booklist] INFO: VALID_ID: 2538988
2023-06-30 18:32:14 [booklist] INFO: VALID_ID: 2608767
2023-06-30 18:32:14 [booklist] INFO: VALID_ID: 2579589
2023-06-30 18:32:14 [booklist] INFO: VALID_ID: 2579591
2023-06-30 18:32:14 [booklist] INFO: VALID_ID: 2556070
2023-06-30 18:32:14 [booklist] INFO: VALID_ID: 2556072
2023-06-30 18:32:14 [booklist] INFO: VALID_ID: 2561313
2023-06-30 18:32:14 [booklist] INFO: VALID_ID: 2561320
2023-06-30 18:32:14 [booklist] INFO: VALID_ID: 2605944
2023-06-30 18:32:14 [booklist] INFO: VALID_ID: 2561315
2023-06-30 18:32:14 [booklist] INFO: VALID_ID: 2566933
2023-06-30 18:32:14 [booklist] INFO: VALID_ID: 2566857
2023-06-30 18:32:14 [booklist] INFO: VALID_ID: 2565314
2023-06-30 18:32:14 [booklist] INFO: VALID_ID: 10304001
2023-06-30 18:32:14 [booklist] INFO: VALID_ID: 2537274
2023-06-30 18:32:14 [booklist] INFO: VALID_ID: 2556945
2023-06-30 18:32:14 [booklist] INFO: VALID_ID: 2566928
2023-06-30 18:32:14 [booklist] INFO: VALID_ID: 2540508
2023-06-30 18:32:14 [booklist] INFO: VALID_ID: 2538985
2023-06-30 18:32:14 [booklist] INFO: VALID_ID: 2542596
2023-06-30 18:32:14 [booklist] INFO: VALID_ID: 10317563
2023-06-30 18:32:14 [booklist] INFO: VALID_ID: 2541459
2023-06-30 18:32:14 [booklist] INFO: VALID_ID: 2566856
2023-06-30 18:32:14 [booklist] INFO: VALID_ID: 2565312
2023-06-30 18:32:14 [booklist] INFO: VALID_ID: 2566930
2023-06-30 18:32:14 [booklist] INFO: VALID_ID: 2605188
2023-06-30 18:32:15 [scrapy.core.engine] DEBUG: Crawled (200) <POST https://dl.ndl.go.jp/api/item/search> (referer: https://dl.ndl.go.jp/api/item/search)
2023-06-30 18:32:15 [booklist] INFO: Fetched page 2
2023-06-30 18:32:15 [booklist] INFO: VALID_ID: 2565313
2023-06-30 18:32:15 [booklist] INFO: VALID_ID: 2566932
2023-06-30 18:32:15 [booklist] INFO: VALID_ID: 2566929
2023-06-30 18:32:15 [booklist] INFO: VALID_ID: 2608966
2023-06-30 18:32:15 [booklist] INFO: VALID_ID: 2579590
2023-06-30 18:32:15 [booklist] INFO: VALID_ID: 2556944
2023-06-30 18:32:15 [booklist] INFO: VALID_ID: 2566931
2023-06-30 18:32:15 [booklist] INFO: VALID_ID: 2610538
2023-06-30 18:32:15 [booklist] INFO: VALID_ID: 2541572
2023-06-30 18:32:15 [booklist] INFO: VALID_ID: 2540314
2023-06-30 18:32:15 [booklist] INFO: VALID_ID: 2567990
2023-06-30 18:32:15 [booklist] INFO: VALID_ID: 1309026
2023-06-30 18:32:15 [booklist] INFO: VALID_ID: 2608582
2023-06-30 18:32:15 [booklist] INFO: VALID_ID: 2568377
2023-06-30 18:32:15 [booklist] INFO: VALID_ID: 2568378
2023-06-30 18:32:15 [booklist] INFO: VALID_ID: 2567989
2023-06-30 18:32:15 [booklist] INFO: VALID_ID: 2607316
2023-06-30 18:32:15 [booklist] INFO: VALID_ID: 10301438
2023-06-30 18:32:15 [booklist] INFO: VALID_ID: 2568375
2023-06-30 18:32:15 [booklist] INFO: VALID_ID: 2568376
2023-06-30 18:32:15 [booklist] INFO: VALID_ID: 2543122
2023-06-30 18:32:15 [booklist] INFO: VALID_ID: 2538517
2023-06-30 18:32:15 [booklist] INFO: VALID_ID: 2540998
2023-06-30 18:32:15 [booklist] INFO: VALID_ID: 1307987
2023-06-30 18:32:15 [booklist] INFO: VALID_ID: 2592605
2023-06-30 18:32:15 [booklist] INFO: VALID_ID: 2609267
2023-06-30 18:32:15 [booklist] INFO: VALID_ID: 2538369
2023-06-30 18:32:15 [booklist] INFO: VALID_ID: 1304711
2023-06-30 18:32:15 [booklist] INFO: VALID_ID: 2559190
2023-06-30 18:32:15 [booklist] INFO: VALID_ID: 1309095
2023-06-30 18:32:15 [booklist] INFO: VALID_ID: 2585377
2023-06-30 18:32:15 [booklist] INFO: VALID_ID: 2596137
2023-06-30 18:32:15 [booklist] INFO: VALID_ID: 1306333
2023-06-30 18:32:15 [booklist] INFO: VALID_ID: 1305761
2023-06-30 18:32:15 [booklist] INFO: VALID_ID: 1309606
2023-06-30 18:32:15 [booklist] INFO: VALID_ID: 2585284
2023-06-30 18:32:15 [booklist] INFO: VALID_ID: 2610186
2023-06-30 18:32:15 [booklist] INFO: VALID_ID: 2559262
2023-06-30 18:32:15 [booklist] INFO: VALID_ID: 2585226
2023-06-30 18:32:15 [booklist] INFO: VALID_ID: 1302779
2023-06-30 18:32:15 [booklist] INFO: VALID_ID: 11891860
2023-06-30 18:32:15 [booklist] INFO: VALID_ID: 1313522
2023-06-30 18:32:15 [booklist] INFO: VALID_ID: 2585203
2023-06-30 18:32:15 [booklist] INFO: VALID_ID: 2559094
2023-06-30 18:32:15 [booklist] INFO: VALID_ID: 10301270
2023-06-30 18:32:15 [booklist] INFO: VALID_ID: 2586376
2023-06-30 18:32:15 [booklist] INFO: VALID_ID: 2551945
2023-06-30 18:32:15 [booklist] INFO: VALID_ID: 2610762
2023-06-30 18:32:15 [booklist] INFO: VALID_ID: 2585177
2023-06-30 18:32:15 [booklist] INFO: VALID_ID: 2551946
2023-06-30 18:32:15 [booklist] INFO: VALID_ID: 2553348
2023-06-30 18:32:15 [booklist] INFO: VALID_ID: 2551948
2023-06-30 18:32:15 [booklist] INFO: VALID_ID: 2532464
2023-06-30 18:32:15 [booklist] INFO: VALID_ID: 1288521
2023-06-30 18:32:15 [booklist] INFO: VALID_ID: 2551758
2023-06-30 18:32:15 [booklist] INFO: VALID_ID: 10301168
2023-06-30 18:32:15 [booklist] INFO: VALID_ID: 2585374
2023-06-30 18:32:15 [booklist] INFO: VALID_ID: 2553349
2023-06-30 18:32:15 [booklist] INFO: VALID_ID: 10301392
2023-06-30 18:32:15 [booklist] INFO: VALID_ID: 2585425
2023-06-30 18:32:15 [booklist] INFO: VALID_ID: 10301131
2023-06-30 18:32:15 [booklist] INFO: VALID_ID: 2551757
2023-06-30 18:32:15 [booklist] INFO: VALID_ID: 2542588
2023-06-30 18:32:15 [booklist] INFO: VALID_ID: 1287716
2023-06-30 18:32:15 [booklist] INFO: VALID_ID: 1287704
2023-06-30 18:32:15 [booklist] INFO: VALID_ID: 1287684
2023-06-30 18:32:15 [booklist] INFO: VALID_ID: 10300957
2023-06-30 18:32:15 [booklist] INFO: VALID_ID: 2585218
2023-06-30 18:32:15 [booklist] INFO: VALID_ID: 1287692
2023-06-30 18:32:15 [booklist] INFO: VALID_ID: 1287686
2023-06-30 18:32:15 [booklist] INFO: VALID_ID: 1287719
2023-06-30 18:32:15 [booklist] INFO: VALID_ID: 1287711
2023-06-30 18:32:15 [booklist] INFO: VALID_ID: 1287709
2023-06-30 18:32:15 [booklist] INFO: VALID_ID: 1287703
2023-06-30 18:32:15 [booklist] INFO: VALID_ID: 1287717
2023-06-30 18:32:15 [booklist] INFO: VALID_ID: 1287694
2023-06-30 18:32:15 [booklist] INFO: VALID_ID: 1287697
2023-06-30 18:32:15 [booklist] INFO: VALID_ID: 1287693
2023-06-30 18:32:15 [booklist] INFO: VALID_ID: 1287701
2023-06-30 18:32:15 [booklist] INFO: VALID_ID: 1288334
2023-06-30 18:32:15 [booklist] INFO: VALID_ID: 1287687
2023-06-30 18:32:15 [booklist] INFO: VALID_ID: 1287714
2023-06-30 18:32:15 [booklist] INFO: VALID_ID: 1287682
2023-06-30 18:32:15 [booklist] INFO: VALID_ID: 1287715
2023-06-30 18:32:15 [booklist] INFO: VALID_ID: 2607303
2023-06-30 18:32:15 [booklist] INFO: VALID_ID: 2546174
2023-06-30 18:32:15 [booklist] INFO: VALID_ID: 10301542
2023-06-30 18:32:15 [booklist] INFO: VALID_ID: 2546171
2023-06-30 18:32:15 [booklist] INFO: VALID_ID: 1288532
2023-06-30 18:32:15 [booklist] INFO: VALID_ID: 2605429
2023-06-30 18:32:15 [booklist] INFO: VALID_ID: 2608748
2023-06-30 18:32:15 [booklist] INFO: VALID_ID: 1288524
2023-06-30 18:32:15 [booklist] INFO: VALID_ID: 2608597
2023-06-30 18:32:15 [booklist] INFO: VALID_ID: 10301232
2023-06-30 18:32:15 [booklist] INFO: VALID_ID: 2606743
2023-06-30 18:32:15 [booklist] INFO: VALID_ID: 10301461
2023-06-30 18:32:15 [booklist] INFO: VALID_ID: 2606806
2023-06-30 18:32:15 [booklist] INFO: VALID_ID: 10301407
2023-06-30 18:32:15 [booklist] INFO: VALID_ID: 10300963
2023-06-30 18:32:15 [booklist] INFO: VALID_ID: 2559098
2023-06-30 18:32:16 [scrapy.core.engine] DEBUG: Crawled (200) <POST https://dl.ndl.go.jp/api/item/search> (referer: https://dl.ndl.go.jp/api/item/search)
2023-06-30 18:32:16 [booklist] INFO: Fetched page 3
2023-06-30 18:32:16 [booklist] INFO: VALID_ID: 2559193
2023-06-30 18:32:16 [booklist] INFO: VALID_ID: 10301535
2023-06-30 18:32:16 [booklist] INFO: VALID_ID: 2559195
2023-06-30 18:32:16 [booklist] INFO: VALID_ID: 2559196
2023-06-30 18:32:16 [booklist] INFO: VALID_ID: 2559093
2023-06-30 18:32:16 [booklist] INFO: VALID_ID: 2559101
2023-06-30 18:32:16 [booklist] INFO: VALID_ID: 2559092
2023-06-30 18:32:16 [booklist] INFO: VALID_ID: 2559100
2023-06-30 18:32:16 [booklist] INFO: VALID_ID: 2559099
2023-06-30 18:32:16 [booklist] INFO: VALID_ID: 2559096
2023-06-30 18:32:16 [booklist] INFO: VALID_ID: 2559204
2023-06-30 18:32:16 [booklist] INFO: VALID_ID: 2559097
2023-06-30 18:32:16 [booklist] INFO: VALID_ID: 2559091
2023-06-30 18:32:16 [booklist] INFO: VALID_ID: 2559095
2023-06-30 18:32:16 [booklist] INFO: VALID_ID: 2559200
2023-06-30 18:32:16 [booklist] INFO: VALID_ID: 2611085
2023-06-30 18:32:16 [booklist] INFO: VALID_ID: 2559198
2023-06-30 18:32:16 [booklist] INFO: VALID_ID: 2559201
2023-06-30 18:32:16 [booklist] INFO: VALID_ID: 2559205
2023-06-30 18:32:16 [booklist] INFO: VALID_ID: 2559194
2023-06-30 18:32:16 [booklist] INFO: VALID_ID: 2559197
2023-06-30 18:32:16 [booklist] INFO: VALID_ID: 2559199
2023-06-30 18:32:16 [booklist] INFO: VALID_ID: 2559191
2023-06-30 18:32:16 [booklist] INFO: VALID_ID: 2559206
2023-06-30 18:32:16 [booklist] INFO: VALID_ID: 2559202
2023-06-30 18:32:16 [booklist] INFO: VALID_ID: 2559189
2023-06-30 18:32:16 [booklist] INFO: VALID_ID: 2559203
2023-06-30 18:32:16 [booklist] INFO: VALID_ID: 2559192
2023-06-30 18:32:16 [booklist] INFO: VALID_ID: 10301383
2023-06-30 18:32:16 [booklist] INFO: VALID_ID: 2606130
2023-06-30 18:32:16 [booklist] INFO: VALID_ID: 2559258
2023-06-30 18:32:16 [booklist] INFO: VALID_ID: 2605528
2023-06-30 18:32:16 [booklist] INFO: VALID_ID: 2559260
2023-06-30 18:32:16 [booklist] INFO: VALID_ID: 2559259
2023-06-30 18:32:16 [booklist] INFO: VALID_ID: 2559256
2023-06-30 18:32:16 [booklist] INFO: VALID_ID: 2559261
2023-06-30 18:32:16 [booklist] INFO: VALID_ID: 2559257
2023-06-30 18:32:16 [booklist] INFO: VALID_ID: 2559263
2023-06-30 18:32:16 [booklist] INFO: VALID_ID: 2559264
2023-06-30 18:32:16 [booklist] INFO: VALID_ID: 2559265
2023-06-30 18:32:16 [booklist] INFO: VALID_ID: 2609800
2023-06-30 18:32:16 [booklist] INFO: VALID_ID: 9369953
2023-06-30 18:32:16 [booklist] INFO: VALID_ID: 2611035
2023-06-30 18:32:16 [scrapy.core.engine] DEBUG: Crawled (200) <POST https://dl.ndl.go.jp/api/item/search> (referer: https://dl.ndl.go.jp/api/item/search)
2023-06-30 18:32:16 [booklist] INFO: Fetched page 4
2023-06-30 18:32:16 [booklist] INFO: No more books on 4
2023-06-30 18:32:16 [scrapy.core.engine] INFO: Closing spider (finished)
2023-06-30 18:32:16 [scrapy.statscollectors] INFO: Dumping Scrapy stats:
{'downloader/request_bytes': 5579,
 'downloader/request_count': 5,
 'downloader/request_method_count/GET': 1,
 'downloader/request_method_count/POST': 4,
 'downloader/response_bytes': 1183151,
 'downloader/response_count': 5,
 'downloader/response_status_count/200': 5,
 'elapsed_time_seconds': 4.519725,
 'finish_reason': 'finished',
 'finish_time': datetime.datetime(2023, 6, 30, 10, 32, 16, 908407),
 'httpcompression/response_bytes': 13565543,
 'httpcompression/response_count': 4,
 'log_count/DEBUG': 8,
 'log_count/INFO': 258,
 'memusage/max': 63987712,
 'memusage/startup': 63987712,
 'request_depth_max': 3,
 'response_received_count': 5,
 'robotstxt/request_count': 1,
 'robotstxt/response_count': 1,
 'robotstxt/response_status_count/200': 1,
 'scheduler/dequeued': 4,
 'scheduler/dequeued/memory': 4,
 'scheduler/enqueued': 4,
 'scheduler/enqueued/memory': 4,
 'start_time': datetime.datetime(2023, 6, 30, 10, 32, 12, 388682)}
2023-06-30 18:32:16 [scrapy.core.engine] INFO: Spider closed (finished)
