2023-06-30 17:13:31 [scrapy.utils.log] INFO: Scrapy 2.9.0 started (bot: ndlcrawler)
2023-06-30 17:13:31 [scrapy.utils.log] INFO: Versions: lxml 4.9.2.0, libxml2 2.9.14, cssselect 1.2.0, parsel 1.8.1, w3lib 2.1.1, Twisted 22.10.0, Python 3.10.10 (main, Mar  5 2023, 22:26:53) [GCC 12.2.1 20230201], pyOpenSSL 23.2.0 (OpenSSL 3.1.1 30 May 2023), cryptography 41.0.1, Platform Linux-6.2.12-arch1-1-x86_64-with-glibc2.37
2023-06-30 17:13:31 [scrapy.crawler] INFO: Overridden settings:
{'BOT_NAME': 'ndlcrawler',
 'FEED_EXPORT_ENCODING': 'utf-8',
 'LOG_FILE': 'logs/booklist.title.話.DESC.log',
 'NEWSPIDER_MODULE': 'ndlcrawler.spiders',
 'REQUEST_FINGERPRINTER_IMPLEMENTATION': '2.7',
 'ROBOTSTXT_OBEY': True,
 'SPIDER_MODULES': ['ndlcrawler.spiders'],
 'TWISTED_REACTOR': 'twisted.internet.asyncioreactor.AsyncioSelectorReactor'}
2023-06-30 17:13:31 [asyncio] DEBUG: Using selector: EpollSelector
2023-06-30 17:13:31 [scrapy.utils.log] DEBUG: Using reactor: twisted.internet.asyncioreactor.AsyncioSelectorReactor
2023-06-30 17:13:31 [scrapy.utils.log] DEBUG: Using asyncio event loop: asyncio.unix_events._UnixSelectorEventLoop
2023-06-30 17:13:31 [scrapy.extensions.telnet] INFO: Telnet Password: fc8bffbce393a556
2023-06-30 17:13:31 [scrapy.middleware] INFO: Enabled extensions:
['scrapy.extensions.corestats.CoreStats',
 'scrapy.extensions.telnet.TelnetConsole',
 'scrapy.extensions.memusage.MemoryUsage',
 'scrapy.extensions.logstats.LogStats']
2023-06-30 17:13:31 [scrapy.middleware] INFO: Enabled downloader middlewares:
['scrapy.downloadermiddlewares.robotstxt.RobotsTxtMiddleware',
 'scrapy.downloadermiddlewares.httpauth.HttpAuthMiddleware',
 'scrapy.downloadermiddlewares.downloadtimeout.DownloadTimeoutMiddleware',
 'scrapy.downloadermiddlewares.defaultheaders.DefaultHeadersMiddleware',
 'scrapy.downloadermiddlewares.useragent.UserAgentMiddleware',
 'scrapy.downloadermiddlewares.retry.RetryMiddleware',
 'scrapy.downloadermiddlewares.redirect.MetaRefreshMiddleware',
 'scrapy.downloadermiddlewares.httpcompression.HttpCompressionMiddleware',
 'scrapy.downloadermiddlewares.redirect.RedirectMiddleware',
 'scrapy.downloadermiddlewares.cookies.CookiesMiddleware',
 'scrapy.downloadermiddlewares.httpproxy.HttpProxyMiddleware',
 'scrapy.downloadermiddlewares.stats.DownloaderStats']
2023-06-30 17:13:31 [scrapy.middleware] INFO: Enabled spider middlewares:
['scrapy.spidermiddlewares.httperror.HttpErrorMiddleware',
 'scrapy.spidermiddlewares.offsite.OffsiteMiddleware',
 'scrapy.spidermiddlewares.referer.RefererMiddleware',
 'scrapy.spidermiddlewares.urllength.UrlLengthMiddleware',
 'scrapy.spidermiddlewares.depth.DepthMiddleware']
2023-06-30 17:13:31 [scrapy.middleware] INFO: Enabled item pipelines:
[]
2023-06-30 17:13:31 [scrapy.core.engine] INFO: Spider opened
2023-06-30 17:13:32 [scrapy.extensions.logstats] INFO: Crawled 0 pages (at 0 pages/min), scraped 0 items (at 0 items/min)
2023-06-30 17:13:32 [scrapy.extensions.telnet] INFO: Telnet console listening on 127.0.0.1:6023
2023-06-30 17:13:32 [scrapy.core.engine] DEBUG: Crawled (200) <GET https://dl.ndl.go.jp/robots.txt> (referer: None)
2023-06-30 17:13:33 [scrapy.core.engine] DEBUG: Crawled (200) <POST https://dl.ndl.go.jp/api/item/search> (referer: None)
2023-06-30 17:13:33 [booklist] INFO: Fetched page 1
2023-06-30 17:13:33 [booklist] INFO: VALID_ID: 10301087
2023-06-30 17:13:33 [booklist] INFO: VALID_ID: 9892458
2023-06-30 17:13:33 [booklist] INFO: VALID_ID: 2533162
2023-06-30 17:13:33 [booklist] INFO: VALID_ID: 2536570
2023-06-30 17:13:33 [booklist] INFO: VALID_ID: 9892628
2023-06-30 17:13:33 [booklist] INFO: VALID_ID: 2608342
2023-06-30 17:13:33 [booklist] INFO: VALID_ID: 8929573
2023-06-30 17:13:33 [booklist] INFO: VALID_ID: 11223270
2023-06-30 17:13:33 [booklist] INFO: VALID_ID: 11223557
2023-06-30 17:13:33 [booklist] INFO: VALID_ID: 2563670
2023-06-30 17:13:33 [booklist] INFO: VALID_ID: 2563666
2023-06-30 17:13:33 [booklist] INFO: VALID_ID: 2534093
2023-06-30 17:13:33 [booklist] INFO: VALID_ID: 2563672
2023-06-30 17:13:33 [booklist] INFO: VALID_ID: 11223268
2023-06-30 17:13:33 [booklist] INFO: VALID_ID: 11223269
2023-06-30 17:13:33 [booklist] INFO: VALID_ID: 2563669
2023-06-30 17:13:33 [booklist] INFO: VALID_ID: 2563668
2023-06-30 17:13:33 [booklist] INFO: VALID_ID: 2563671
2023-06-30 17:13:33 [booklist] INFO: VALID_ID: 2563667
2023-06-30 17:13:33 [booklist] INFO: VALID_ID: 2538559
2023-06-30 17:13:33 [booklist] INFO: VALID_ID: 11223267
2023-06-30 17:13:33 [booklist] INFO: VALID_ID: 2533197
2023-06-30 17:13:33 [booklist] INFO: VALID_ID: 8943289
2023-06-30 17:13:33 [booklist] INFO: VALID_ID: 8942813
2023-06-30 17:13:33 [booklist] INFO: VALID_ID: 8929355
2023-06-30 17:13:33 [booklist] INFO: VALID_ID: 10301631
2023-06-30 17:13:33 [booklist] INFO: VALID_ID: 2606488
2023-06-30 17:13:33 [booklist] INFO: VALID_ID: 2556679
2023-06-30 17:13:33 [booklist] INFO: VALID_ID: 8942814
2023-06-30 17:13:33 [booklist] INFO: VALID_ID: 2556681
2023-06-30 17:13:33 [booklist] INFO: VALID_ID: 2556671
2023-06-30 17:13:33 [booklist] INFO: VALID_ID: 8929329
2023-06-30 17:13:33 [booklist] INFO: VALID_ID: 8942820
2023-06-30 17:13:33 [booklist] INFO: VALID_ID: 2556667
2023-06-30 17:13:33 [booklist] INFO: VALID_ID: 2556670
2023-06-30 17:13:33 [booklist] INFO: VALID_ID: 10301559
2023-06-30 17:13:33 [booklist] INFO: VALID_ID: 2556680
2023-06-30 17:13:33 [booklist] INFO: VALID_ID: 2556672
2023-06-30 17:13:33 [booklist] INFO: VALID_ID: 11446679
2023-06-30 17:13:33 [booklist] INFO: VALID_ID: 11446345
2023-06-30 17:13:33 [booklist] INFO: VALID_ID: 2539981
2023-06-30 17:13:33 [booklist] INFO: VALID_ID: 2556682
2023-06-30 17:13:33 [booklist] INFO: VALID_ID: 11446344
2023-06-30 17:13:33 [booklist] INFO: VALID_ID: 2556669
2023-06-30 17:13:33 [booklist] INFO: VALID_ID: 2556677
2023-06-30 17:13:33 [booklist] INFO: VALID_ID: 10301650
2023-06-30 17:13:33 [booklist] INFO: VALID_ID: 8929972
2023-06-30 17:13:33 [booklist] INFO: VALID_ID: 2605461
2023-06-30 17:13:33 [booklist] INFO: VALID_ID: 8942816
2023-06-30 17:13:33 [booklist] INFO: VALID_ID: 2556684
2023-06-30 17:13:33 [booklist] INFO: VALID_ID: 2540092
2023-06-30 17:13:33 [booklist] INFO: VALID_ID: 2556674
2023-06-30 17:13:33 [booklist] INFO: VALID_ID: 2605179
2023-06-30 17:13:33 [booklist] INFO: VALID_ID: 8942818
2023-06-30 17:13:33 [booklist] INFO: VALID_ID: 8942819
2023-06-30 17:13:33 [booklist] INFO: VALID_ID: 8942821
2023-06-30 17:13:33 [booklist] INFO: VALID_ID: 10301580
2023-06-30 17:13:33 [booklist] INFO: VALID_ID: 11446342
2023-06-30 17:13:33 [booklist] INFO: VALID_ID: 2556668
2023-06-30 17:13:33 [booklist] INFO: VALID_ID: 2556676
2023-06-30 17:13:33 [booklist] INFO: VALID_ID: 2556683
2023-06-30 17:13:33 [booklist] INFO: VALID_ID: 8942815
2023-06-30 17:13:33 [booklist] INFO: VALID_ID: 8942817
2023-06-30 17:13:33 [booklist] INFO: VALID_ID: 2556673
2023-06-30 17:13:33 [booklist] INFO: VALID_ID: 11445825
2023-06-30 17:13:33 [booklist] INFO: VALID_ID: 2556678
2023-06-30 17:13:33 [booklist] INFO: VALID_ID: 11446343
2023-06-30 17:13:33 [booklist] INFO: VALID_ID: 11446347
2023-06-30 17:13:33 [booklist] INFO: VALID_ID: 11445843
2023-06-30 17:13:33 [booklist] INFO: VALID_ID: 2562359
2023-06-30 17:13:33 [booklist] INFO: VALID_ID: 11446346
2023-06-30 17:13:33 [booklist] INFO: VALID_ID: 2554881
2023-06-30 17:13:33 [booklist] INFO: VALID_ID: 2556675
2023-06-30 17:13:33 [booklist] INFO: VALID_ID: 2533905
2023-06-30 17:13:33 [booklist] INFO: VALID_ID: 2554883
2023-06-30 17:13:33 [booklist] INFO: VALID_ID: 2540264
2023-06-30 17:13:33 [booklist] INFO: VALID_ID: 2554884
2023-06-30 17:13:33 [booklist] INFO: VALID_ID: 2554882
2023-06-30 17:13:33 [booklist] INFO: VALID_ID: 2554880
2023-06-30 17:13:33 [booklist] INFO: VALID_ID: 2536981
2023-06-30 17:13:33 [booklist] INFO: VALID_ID: 2539023
2023-06-30 17:13:33 [booklist] INFO: VALID_ID: 2562358
2023-06-30 17:13:33 [booklist] INFO: VALID_ID: 2605747
2023-06-30 17:13:33 [booklist] INFO: VALID_ID: 8929961
2023-06-30 17:13:33 [booklist] INFO: VALID_ID: 2562357
2023-06-30 17:13:33 [booklist] INFO: VALID_ID: 1307117
2023-06-30 17:13:33 [booklist] INFO: VALID_ID: 1307142
2023-06-30 17:13:33 [booklist] INFO: VALID_ID: 2607500
2023-06-30 17:13:33 [booklist] INFO: VALID_ID: 2564754
2023-06-30 17:13:33 [booklist] INFO: VALID_ID: 1307115
2023-06-30 17:13:33 [booklist] INFO: VALID_ID: 2564779
2023-06-30 17:13:33 [booklist] INFO: VALID_ID: 2564765
2023-06-30 17:13:33 [booklist] INFO: VALID_ID: 2564772
2023-06-30 17:13:33 [booklist] INFO: VALID_ID: 2564782
2023-06-30 17:13:33 [booklist] INFO: VALID_ID: 2564794
2023-06-30 17:13:33 [booklist] INFO: VALID_ID: 2564798
2023-06-30 17:13:33 [booklist] INFO: VALID_ID: 2564801
2023-06-30 17:13:33 [booklist] INFO: VALID_ID: 1307102
2023-06-30 17:13:33 [booklist] INFO: VALID_ID: 1307130
2023-06-30 17:13:33 [booklist] INFO: VALID_ID: 1307137
2023-06-30 17:13:34 [scrapy.core.engine] DEBUG: Crawled (200) <POST https://dl.ndl.go.jp/api/item/search> (referer: https://dl.ndl.go.jp/api/item/search)
2023-06-30 17:13:34 [booklist] INFO: Fetched page 2
2023-06-30 17:13:34 [booklist] INFO: VALID_ID: 2564760
2023-06-30 17:13:34 [booklist] INFO: VALID_ID: 2564774
2023-06-30 17:13:34 [booklist] INFO: VALID_ID: 2564777
2023-06-30 17:13:34 [booklist] INFO: VALID_ID: 2564758
2023-06-30 17:13:34 [booklist] INFO: VALID_ID: 2564802
2023-06-30 17:13:34 [booklist] INFO: VALID_ID: 2564757
2023-06-30 17:13:34 [booklist] INFO: VALID_ID: 2564766
2023-06-30 17:13:34 [booklist] INFO: VALID_ID: 2564792
2023-06-30 17:13:34 [booklist] INFO: VALID_ID: 2564761
2023-06-30 17:13:34 [booklist] INFO: VALID_ID: 2564762
2023-06-30 17:13:34 [booklist] INFO: VALID_ID: 1307133
2023-06-30 17:13:34 [booklist] INFO: VALID_ID: 2564783
2023-06-30 17:13:34 [booklist] INFO: VALID_ID: 2564804
2023-06-30 17:13:34 [booklist] INFO: VALID_ID: 2564775
2023-06-30 17:13:34 [booklist] INFO: VALID_ID: 2564788
2023-06-30 17:13:34 [booklist] INFO: VALID_ID: 2564790
2023-06-30 17:13:34 [booklist] INFO: VALID_ID: 2564799
2023-06-30 17:13:34 [booklist] INFO: VALID_ID: 2564765
2023-06-30 17:13:34 [booklist] INFO: VALID_ID: 2564772
2023-06-30 17:13:34 [booklist] INFO: VALID_ID: 2564782
2023-06-30 17:13:34 [booklist] INFO: VALID_ID: 2564794
2023-06-30 17:13:34 [booklist] INFO: VALID_ID: 2564798
2023-06-30 17:13:34 [booklist] INFO: VALID_ID: 2564801
2023-06-30 17:13:34 [booklist] INFO: VALID_ID: 2564759
2023-06-30 17:13:34 [booklist] INFO: VALID_ID: 2564773
2023-06-30 17:13:34 [booklist] INFO: VALID_ID: 2564785
2023-06-30 17:13:34 [booklist] INFO: VALID_ID: 2564791
2023-06-30 17:13:34 [booklist] INFO: VALID_ID: 9892999
2023-06-30 17:13:34 [booklist] INFO: VALID_ID: 2564763
2023-06-30 17:13:34 [booklist] INFO: VALID_ID: 2564770
2023-06-30 17:13:34 [booklist] INFO: VALID_ID: 2564786
2023-06-30 17:13:34 [booklist] INFO: VALID_ID: 2564787
2023-06-30 17:13:34 [booklist] INFO: VALID_ID: 2564795
2023-06-30 17:13:34 [booklist] INFO: VALID_ID: 1307101
2023-06-30 17:13:34 [booklist] INFO: VALID_ID: 1307122
2023-06-30 17:13:34 [booklist] INFO: VALID_ID: 1307135
2023-06-30 17:13:34 [booklist] INFO: VALID_ID: 2564771
2023-06-30 17:13:34 [booklist] INFO: VALID_ID: 2564767
2023-06-30 17:13:34 [booklist] INFO: VALID_ID: 2564769
2023-06-30 17:13:34 [booklist] INFO: VALID_ID: 2564797
2023-06-30 17:13:34 [booklist] INFO: VALID_ID: 2564805
2023-06-30 17:13:34 [booklist] INFO: VALID_ID: 2564755
2023-06-30 17:13:34 [booklist] INFO: VALID_ID: 2564764
2023-06-30 17:13:34 [booklist] INFO: VALID_ID: 1307108
2023-06-30 17:13:34 [booklist] INFO: VALID_ID: 1307110
2023-06-30 17:13:34 [booklist] INFO: VALID_ID: 1307141
2023-06-30 17:13:34 [booklist] INFO: VALID_ID: 2564756
2023-06-30 17:13:34 [booklist] INFO: VALID_ID: 2564780
2023-06-30 17:13:34 [booklist] INFO: VALID_ID: 2609131
2023-06-30 17:13:34 [booklist] INFO: VALID_ID: 2564768
2023-06-30 17:13:34 [booklist] INFO: VALID_ID: 2564803
2023-06-30 17:13:34 [booklist] INFO: VALID_ID: 1307106
2023-06-30 17:13:34 [booklist] INFO: VALID_ID: 2564781
2023-06-30 17:13:34 [booklist] INFO: VALID_ID: 2564789
2023-06-30 17:13:34 [booklist] INFO: VALID_ID: 1307104
2023-06-30 17:13:34 [booklist] INFO: VALID_ID: 1307125
2023-06-30 17:13:34 [booklist] INFO: VALID_ID: 1307127
2023-06-30 17:13:34 [booklist] INFO: VALID_ID: 1307097
2023-06-30 17:13:34 [booklist] INFO: VALID_ID: 1307103
2023-06-30 17:13:34 [booklist] INFO: VALID_ID: 2564778
2023-06-30 17:13:34 [booklist] INFO: VALID_ID: 2564796
2023-06-30 17:13:34 [booklist] INFO: VALID_ID: 1307119
2023-06-30 17:13:34 [booklist] INFO: VALID_ID: 1307128
2023-06-30 17:13:34 [booklist] INFO: VALID_ID: 1307134
2023-06-30 17:13:34 [booklist] INFO: VALID_ID: 1307143
2023-06-30 17:13:34 [booklist] INFO: VALID_ID: 1307100
2023-06-30 17:13:34 [booklist] INFO: VALID_ID: 1307098
2023-06-30 17:13:34 [booklist] INFO: VALID_ID: 1307095
2023-06-30 17:13:34 [booklist] INFO: VALID_ID: 1307118
2023-06-30 17:13:34 [booklist] INFO: VALID_ID: 1307099
2023-06-30 17:13:34 [booklist] INFO: VALID_ID: 1307111
2023-06-30 17:13:34 [booklist] INFO: VALID_ID: 1307123
2023-06-30 17:13:34 [booklist] INFO: VALID_ID: 1307136
2023-06-30 17:13:34 [booklist] INFO: VALID_ID: 1307129
2023-06-30 17:13:34 [booklist] INFO: VALID_ID: 1307138
2023-06-30 17:13:34 [booklist] INFO: VALID_ID: 9892898
2023-06-30 17:13:34 [booklist] INFO: VALID_ID: 2537950
2023-06-30 17:13:34 [booklist] INFO: VALID_ID: 1307105
2023-06-30 17:13:34 [booklist] INFO: VALID_ID: 1307109
2023-06-30 17:13:34 [booklist] INFO: VALID_ID: 1307126
2023-06-30 17:13:34 [booklist] INFO: VALID_ID: 1307120
2023-06-30 17:13:34 [booklist] INFO: VALID_ID: 1307132
2023-06-30 17:13:34 [booklist] INFO: VALID_ID: 9893221
2023-06-30 17:13:34 [booklist] INFO: VALID_ID: 2539673
2023-06-30 17:13:34 [booklist] INFO: VALID_ID: 1307131
2023-06-30 17:13:34 [booklist] INFO: VALID_ID: 1307121
2023-06-30 17:13:34 [booklist] INFO: VALID_ID: 9893345
2023-06-30 17:13:34 [booklist] INFO: VALID_ID: 9893326
2023-06-30 17:13:34 [booklist] INFO: VALID_ID: 2533462
2023-06-30 17:13:34 [booklist] INFO: VALID_ID: 10303647
2023-06-30 17:13:34 [booklist] INFO: VALID_ID: 2537314
2023-06-30 17:13:34 [booklist] INFO: VALID_ID: 2537922
2023-06-30 17:13:34 [booklist] INFO: VALID_ID: 2563446
2023-06-30 17:13:34 [booklist] INFO: VALID_ID: 2534197
2023-06-30 17:13:34 [booklist] INFO: VALID_ID: 2566798
2023-06-30 17:13:34 [booklist] INFO: VALID_ID: 2578135
2023-06-30 17:13:34 [booklist] INFO: VALID_ID: 2578137
2023-06-30 17:13:34 [booklist] INFO: VALID_ID: 2578140
2023-06-30 17:13:34 [booklist] INFO: VALID_ID: 2539711
2023-06-30 17:13:34 [booklist] INFO: VALID_ID: 1308921
2023-06-30 17:13:35 [scrapy.core.engine] DEBUG: Crawled (200) <POST https://dl.ndl.go.jp/api/item/search> (referer: https://dl.ndl.go.jp/api/item/search)
2023-06-30 17:13:35 [booklist] INFO: Fetched page 3
2023-06-30 17:13:35 [booklist] INFO: VALID_ID: 1308918
2023-06-30 17:13:35 [booklist] INFO: VALID_ID: 2578139
2023-06-30 17:13:35 [booklist] INFO: VALID_ID: 2536171
2023-06-30 17:13:35 [booklist] INFO: VALID_ID: 2578133
2023-06-30 17:13:35 [booklist] INFO: VALID_ID: 2536251
2023-06-30 17:13:35 [booklist] INFO: VALID_ID: 2541480
2023-06-30 17:13:35 [booklist] INFO: VALID_ID: 2538491
2023-06-30 17:13:35 [booklist] INFO: VALID_ID: 2539193
2023-06-30 17:13:35 [booklist] INFO: VALID_ID: 2609135
2023-06-30 17:13:35 [booklist] INFO: VALID_ID: 2610260
2023-06-30 17:13:35 [booklist] INFO: VALID_ID: 2540086
2023-06-30 17:13:35 [booklist] INFO: VALID_ID: 2563448
2023-06-30 17:13:35 [booklist] INFO: VALID_ID: 2608339
2023-06-30 17:13:35 [booklist] INFO: VALID_ID: 2534193
2023-06-30 17:13:35 [booklist] INFO: VALID_ID: 2537930
2023-06-30 17:13:35 [booklist] INFO: VALID_ID: 2536484
2023-06-30 17:13:35 [booklist] INFO: VALID_ID: 1308950
2023-06-30 17:13:35 [booklist] INFO: VALID_ID: 2578138
2023-06-30 17:13:35 [booklist] INFO: VALID_ID: 2534314
2023-06-30 17:13:35 [booklist] INFO: VALID_ID: 2536840
2023-06-30 17:13:35 [booklist] INFO: VALID_ID: 1286750
2023-06-30 17:13:35 [booklist] INFO: VALID_ID: 2538654
2023-06-30 17:13:35 [booklist] INFO: VALID_ID: 11891712
2023-06-30 17:13:35 [booklist] INFO: VALID_ID: 8929687
2023-06-30 17:13:35 [booklist] INFO: VALID_ID: 9893248
2023-06-30 17:13:35 [booklist] INFO: VALID_ID: 2578134
2023-06-30 17:13:35 [booklist] INFO: VALID_ID: 2578141
2023-06-30 17:13:35 [booklist] INFO: VALID_ID: 2534166
2023-06-30 17:13:35 [booklist] INFO: VALID_ID: 2539749
2023-06-30 17:13:35 [booklist] INFO: VALID_ID: 2578132
2023-06-30 17:13:35 [booklist] INFO: VALID_ID: 2538662
2023-06-30 17:13:35 [booklist] INFO: VALID_ID: 2532295
2023-06-30 17:13:35 [booklist] INFO: VALID_ID: 2566797
2023-06-30 17:13:35 [booklist] INFO: VALID_ID: 2536610
2023-06-30 17:13:35 [booklist] INFO: VALID_ID: 12865555
2023-06-30 17:13:35 [booklist] INFO: VALID_ID: 2610791
2023-06-30 17:13:35 [booklist] INFO: VALID_ID: 2536172
2023-06-30 17:13:35 [booklist] INFO: VALID_ID: 2582745
2023-06-30 17:13:35 [booklist] INFO: VALID_ID: 1308922
2023-06-30 17:13:35 [booklist] INFO: VALID_ID: 2578136
2023-06-30 17:13:35 [booklist] INFO: VALID_ID: 2563447
2023-06-30 17:13:35 [booklist] INFO: VALID_ID: 10304008
2023-06-30 17:13:35 [booklist] INFO: VALID_ID: 2535721
2023-06-30 17:13:35 [booklist] INFO: VALID_ID: 2582744
2023-06-30 17:13:35 [booklist] INFO: VALID_ID: 1308933
2023-06-30 17:13:35 [booklist] INFO: VALID_ID: 1302370
2023-06-30 17:13:35 [booklist] INFO: VALID_ID: 1308917
2023-06-30 17:13:35 [booklist] INFO: VALID_ID: 1308924
2023-06-30 17:13:35 [booklist] INFO: VALID_ID: 1308928
2023-06-30 17:13:35 [booklist] INFO: VALID_ID: 1308941
2023-06-30 17:13:35 [booklist] INFO: VALID_ID: 1308935
2023-06-30 17:13:35 [booklist] INFO: VALID_ID: 1308927
2023-06-30 17:13:35 [booklist] INFO: VALID_ID: 8929322
2023-06-30 17:13:35 [booklist] INFO: VALID_ID: 2538492
2023-06-30 17:13:35 [booklist] INFO: VALID_ID: 1308940
2023-06-30 17:13:35 [booklist] INFO: VALID_ID: 1308926
2023-06-30 17:13:35 [booklist] INFO: VALID_ID: 2608999
2023-06-30 17:13:35 [booklist] INFO: VALID_ID: 2542786
2023-06-30 17:13:35 [booklist] INFO: VALID_ID: 2533847
2023-06-30 17:13:35 [booklist] INFO: VALID_ID: 1308929
2023-06-30 17:13:35 [booklist] INFO: VALID_ID: 1308947
2023-06-30 17:13:35 [booklist] INFO: VALID_ID: 2557089
2023-06-30 17:13:35 [booklist] INFO: VALID_ID: 2555529
2023-06-30 17:13:35 [booklist] INFO: VALID_ID: 3512419
2023-06-30 17:13:35 [booklist] INFO: VALID_ID: 2608470
2023-06-30 17:13:35 [booklist] INFO: VALID_ID: 2563097
2023-06-30 17:13:35 [booklist] INFO: VALID_ID: 1308936
2023-06-30 17:13:35 [booklist] INFO: VALID_ID: 2608740
2023-06-30 17:13:35 [booklist] INFO: VALID_ID: 2582750
2023-06-30 17:13:35 [booklist] INFO: VALID_ID: 2606666
2023-06-30 17:13:35 [booklist] INFO: VALID_ID: 2582751
2023-06-30 17:13:35 [booklist] INFO: VALID_ID: 2563096
2023-06-30 17:13:35 [booklist] INFO: VALID_ID: 2605991
2023-06-30 17:13:35 [booklist] INFO: VALID_ID: 2537828
2023-06-30 17:13:35 [booklist] INFO: VALID_ID: 2568473
2023-06-30 17:13:35 [booklist] INFO: VALID_ID: 2532313
2023-06-30 17:13:35 [booklist] INFO: VALID_ID: 2582636
2023-06-30 17:13:35 [booklist] INFO: VALID_ID: 2608285
2023-06-30 17:13:35 [booklist] INFO: VALID_ID: 2556052
2023-06-30 17:13:35 [booklist] INFO: VALID_ID: 2581327
2023-06-30 17:13:35 [booklist] INFO: VALID_ID: 2566764
2023-06-30 17:13:35 [booklist] INFO: VALID_ID: 2580852
2023-06-30 17:13:35 [booklist] INFO: VALID_ID: 2537747
2023-06-30 17:13:35 [booklist] INFO: VALID_ID: 1308920
2023-06-30 17:13:35 [booklist] INFO: VALID_ID: 2580854
2023-06-30 17:13:35 [booklist] INFO: VALID_ID: 2582460
2023-06-30 17:13:35 [booklist] INFO: VALID_ID: 2580853
2023-06-30 17:13:35 [booklist] INFO: VALID_ID: 2555528
2023-06-30 17:13:35 [booklist] INFO: VALID_ID: 2556053
2023-06-30 17:13:35 [booklist] INFO: VALID_ID: 2566790
2023-06-30 17:13:35 [booklist] INFO: VALID_ID: 2537564
2023-06-30 17:13:35 [booklist] INFO: VALID_ID: 1312752
2023-06-30 17:13:35 [booklist] INFO: VALID_ID: 2610232
2023-06-30 17:13:35 [booklist] INFO: VALID_ID: 1308948
2023-06-30 17:13:35 [booklist] INFO: VALID_ID: 2532496
2023-06-30 17:13:35 [booklist] INFO: VALID_ID: 1308952
2023-06-30 17:13:35 [booklist] INFO: VALID_ID: 2610840
2023-06-30 17:13:35 [booklist] INFO: VALID_ID: 2566765
2023-06-30 17:13:35 [booklist] INFO: VALID_ID: 2607146
2023-06-30 17:13:35 [booklist] INFO: VALID_ID: 2543220
2023-06-30 17:13:36 [scrapy.core.engine] DEBUG: Crawled (200) <POST https://dl.ndl.go.jp/api/item/search> (referer: https://dl.ndl.go.jp/api/item/search)
2023-06-30 17:13:36 [booklist] INFO: Fetched page 4
2023-06-30 17:13:36 [booklist] INFO: VALID_ID: 1308952
2023-06-30 17:13:36 [booklist] INFO: VALID_ID: 2580854
2023-06-30 17:13:36 [booklist] INFO: VALID_ID: 2582460
2023-06-30 17:13:36 [booklist] INFO: VALID_ID: 2558563
2023-06-30 17:13:36 [booklist] INFO: VALID_ID: 9892556
2023-06-30 17:13:36 [booklist] INFO: VALID_ID: 2543220
2023-06-30 17:13:36 [booklist] INFO: VALID_ID: 2554821
2023-06-30 17:13:36 [booklist] INFO: VALID_ID: 1304577
2023-06-30 17:13:36 [booklist] INFO: VALID_ID: 2606632
2023-06-30 17:13:36 [booklist] INFO: VALID_ID: 2533960
2023-06-30 17:13:36 [booklist] INFO: VALID_ID: 2554822
2023-06-30 17:13:36 [booklist] INFO: VALID_ID: 2567115
2023-06-30 17:13:36 [booklist] INFO: VALID_ID: 1312525
2023-06-30 17:13:36 [booklist] INFO: VALID_ID: 10300946
2023-06-30 17:13:36 [booklist] INFO: VALID_ID: 10303849
2023-06-30 17:13:36 [booklist] INFO: VALID_ID: 2567119
2023-06-30 17:13:36 [booklist] INFO: VALID_ID: 2567114
2023-06-30 17:13:36 [booklist] INFO: VALID_ID: 2550735
2023-06-30 17:13:36 [booklist] INFO: VALID_ID: 9892688
2023-06-30 17:13:36 [booklist] INFO: VALID_ID: 2579589
2023-06-30 17:13:36 [booklist] INFO: VALID_ID: 2607605
2023-06-30 17:13:36 [booklist] INFO: VALID_ID: 2579591
2023-06-30 17:13:36 [booklist] INFO: VALID_ID: 2554794
2023-06-30 17:13:36 [booklist] INFO: VALID_ID: 2567120
2023-06-30 17:13:36 [booklist] INFO: VALID_ID: 2567118
2023-06-30 17:13:36 [booklist] INFO: VALID_ID: 2541339
2023-06-30 17:13:36 [booklist] INFO: VALID_ID: 2569891
2023-06-30 17:13:36 [booklist] INFO: VALID_ID: 2608384
2023-06-30 17:13:36 [booklist] INFO: VALID_ID: 2554796
2023-06-30 17:13:36 [booklist] INFO: VALID_ID: 10301107
2023-06-30 17:13:36 [booklist] INFO: VALID_ID: 2606835
2023-06-30 17:13:36 [booklist] INFO: VALID_ID: 10303850
2023-06-30 17:13:36 [booklist] INFO: VALID_ID: 2607888
2023-06-30 17:13:36 [booklist] INFO: VALID_ID: 2536942
2023-06-30 17:13:36 [booklist] INFO: VALID_ID: 10303964
2023-06-30 17:13:36 [booklist] INFO: VALID_ID: 10301012
2023-06-30 17:13:36 [booklist] INFO: VALID_ID: 2554793
2023-06-30 17:13:36 [booklist] INFO: VALID_ID: 2543219
2023-06-30 17:13:36 [booklist] INFO: VALID_ID: 9893384
2023-06-30 17:13:36 [booklist] INFO: VALID_ID: 2607217
2023-06-30 17:13:36 [booklist] INFO: VALID_ID: 2579590
2023-06-30 17:13:36 [booklist] INFO: VALID_ID: 1308939
2023-06-30 17:13:36 [booklist] INFO: VALID_ID: 2535852
2023-06-30 17:13:36 [booklist] INFO: VALID_ID: 2559595
2023-06-30 17:13:36 [booklist] INFO: VALID_ID: 2539936
2023-06-30 17:13:36 [booklist] INFO: VALID_ID: 10303848
2023-06-30 17:13:36 [booklist] INFO: VALID_ID: 2550736
2023-06-30 17:13:36 [booklist] INFO: VALID_ID: 2567117
2023-06-30 17:13:36 [booklist] INFO: VALID_ID: 2607071
2023-06-30 17:13:36 [booklist] INFO: VALID_ID: 2610538
2023-06-30 17:13:36 [booklist] INFO: VALID_ID: 8929534
2023-06-30 17:13:36 [booklist] INFO: VALID_ID: 2559596
2023-06-30 17:13:36 [booklist] INFO: VALID_ID: 2554795
2023-06-30 17:13:36 [booklist] INFO: VALID_ID: 2569892
2023-06-30 17:13:36 [booklist] INFO: VALID_ID: 8929839
2023-06-30 17:13:36 [booklist] INFO: VALID_ID: 9892594
2023-06-30 17:13:36 [booklist] INFO: VALID_ID: 2558564
2023-06-30 17:13:36 [booklist] INFO: VALID_ID: 2567116
2023-06-30 17:13:36 [booklist] INFO: VALID_ID: 2567121
2023-06-30 17:13:36 [booklist] INFO: VALID_ID: 1304580
2023-06-30 17:13:36 [booklist] INFO: VALID_ID: 10303847
2023-06-30 17:13:36 [booklist] INFO: VALID_ID: 8929924
2023-06-30 17:13:36 [booklist] INFO: VALID_ID: 8942746
2023-06-30 17:13:36 [booklist] INFO: VALID_ID: 2560619
2023-06-30 17:13:36 [booklist] INFO: VALID_ID: 8942742
2023-06-30 17:13:36 [booklist] INFO: VALID_ID: 8942748
2023-06-30 17:13:36 [booklist] INFO: VALID_ID: 8929412
2023-06-30 17:13:36 [booklist] INFO: VALID_ID: 2540156
2023-06-30 17:13:36 [booklist] INFO: VALID_ID: 10300966
2023-06-30 17:13:36 [booklist] INFO: VALID_ID: 2540155
2023-06-30 17:13:36 [booklist] INFO: VALID_ID: 8942747
2023-06-30 17:13:36 [booklist] INFO: VALID_ID: 1301308
2023-06-30 17:13:36 [booklist] INFO: VALID_ID: 2560617
2023-06-30 17:13:36 [booklist] INFO: VALID_ID: 8943307
2023-06-30 17:13:36 [booklist] INFO: VALID_ID: 2560618
2023-06-30 17:13:36 [booklist] INFO: VALID_ID: 2607978
2023-06-30 17:13:36 [booklist] INFO: VALID_ID: 8942741
2023-06-30 17:13:36 [booklist] INFO: VALID_ID: 2560616
2023-06-30 17:13:36 [booklist] INFO: VALID_ID: 10301378
2023-06-30 17:13:36 [booklist] INFO: VALID_ID: 1308934
2023-06-30 17:13:36 [booklist] INFO: VALID_ID: 8942744
2023-06-30 17:13:36 [booklist] INFO: VALID_ID: 8942740
2023-06-30 17:13:36 [booklist] INFO: VALID_ID: 8942745
2023-06-30 17:13:36 [booklist] INFO: VALID_ID: 8929375
2023-06-30 17:13:36 [booklist] INFO: VALID_ID: 8942743
2023-06-30 17:13:36 [booklist] INFO: VALID_ID: 9892815
2023-06-30 17:13:36 [booklist] INFO: VALID_ID: 2560615
2023-06-30 17:13:36 [booklist] INFO: VALID_ID: 9892847
2023-06-30 17:13:36 [booklist] INFO: VALID_ID: 2605739
2023-06-30 17:13:36 [booklist] INFO: VALID_ID: 9892381
2023-06-30 17:13:36 [booklist] INFO: VALID_ID: 2554309
2023-06-30 17:13:36 [booklist] INFO: VALID_ID: 2554316
2023-06-30 17:13:36 [booklist] INFO: VALID_ID: 9892400
2023-06-30 17:13:36 [booklist] INFO: VALID_ID: 9892725
2023-06-30 17:13:36 [booklist] INFO: VALID_ID: 9892912
2023-06-30 17:13:36 [booklist] INFO: VALID_ID: 2554313
2023-06-30 17:13:36 [booklist] INFO: VALID_ID: 2554305
2023-06-30 17:13:36 [booklist] INFO: VALID_ID: 2554304
2023-06-30 17:13:36 [booklist] INFO: VALID_ID: 9893162
2023-06-30 17:13:36 [booklist] INFO: VALID_ID: 10301098
2023-06-30 17:13:37 [scrapy.core.engine] DEBUG: Crawled (200) <POST https://dl.ndl.go.jp/api/item/search> (referer: https://dl.ndl.go.jp/api/item/search)
2023-06-30 17:13:37 [booklist] INFO: Fetched page 5
2023-06-30 17:13:38 [booklist] INFO: VALID_ID: 2554312
2023-06-30 17:13:38 [booklist] INFO: VALID_ID: 9892773
2023-06-30 17:13:38 [booklist] INFO: VALID_ID: 9892828
2023-06-30 17:13:38 [booklist] INFO: VALID_ID: 2554308
2023-06-30 17:13:38 [booklist] INFO: VALID_ID: 2554310
2023-06-30 17:13:38 [booklist] INFO: VALID_ID: 8929576
2023-06-30 17:13:38 [booklist] INFO: VALID_ID: 2554307
2023-06-30 17:13:38 [booklist] INFO: VALID_ID: 2554317
2023-06-30 17:13:38 [booklist] INFO: VALID_ID: 9892815
2023-06-30 17:13:38 [booklist] INFO: VALID_ID: 8929523
2023-06-30 17:13:38 [booklist] INFO: VALID_ID: 9893220
2023-06-30 17:13:38 [booklist] INFO: VALID_ID: 9893172
2023-06-30 17:13:38 [booklist] INFO: VALID_ID: 9893130
2023-06-30 17:13:38 [booklist] INFO: VALID_ID: 2554319
2023-06-30 17:13:38 [booklist] INFO: VALID_ID: 2606946
2023-06-30 17:13:38 [booklist] INFO: VALID_ID: 10301798
2023-06-30 17:13:38 [booklist] INFO: VALID_ID: 2554311
2023-06-30 17:13:38 [booklist] INFO: VALID_ID: 8929710
2023-06-30 17:13:38 [booklist] INFO: VALID_ID: 10301639
2023-06-30 17:13:38 [booklist] INFO: VALID_ID: 2554306
2023-06-30 17:13:38 [booklist] INFO: VALID_ID: 2554315
2023-06-30 17:13:38 [booklist] INFO: VALID_ID: 2554314
2023-06-30 17:13:38 [booklist] INFO: VALID_ID: 2554318
2023-06-30 17:13:38 [booklist] INFO: VALID_ID: 2554320
2023-06-30 17:13:38 [booklist] INFO: VALID_ID: 2607611
2023-06-30 17:13:38 [booklist] INFO: VALID_ID: 2538984
2023-06-30 17:13:38 [booklist] INFO: VALID_ID: 2558134
2023-06-30 17:13:38 [booklist] INFO: VALID_ID: 10301821
2023-06-30 17:13:38 [booklist] INFO: VALID_ID: 2558135
2023-06-30 17:13:38 [booklist] INFO: VALID_ID: 1311970
2023-06-30 17:13:38 [booklist] INFO: VALID_ID: 10303912
2023-06-30 17:13:38 [booklist] INFO: VALID_ID: 2607545
2023-06-30 17:13:38 [booklist] INFO: VALID_ID: 2566644
2023-06-30 17:13:38 [booklist] INFO: VALID_ID: 1301637
2023-06-30 17:13:38 [booklist] INFO: VALID_ID: 10303555
2023-06-30 17:13:38 [booklist] INFO: VALID_ID: 9893827
2023-06-30 17:13:38 [booklist] INFO: VALID_ID: 10303556
2023-06-30 17:13:38 [booklist] INFO: VALID_ID: 10303554
2023-06-30 17:13:38 [booklist] INFO: VALID_ID: 1312753
2023-06-30 17:13:38 [booklist] INFO: VALID_ID: 1301636
2023-06-30 17:13:38 [booklist] INFO: VALID_ID: 2566645
2023-06-30 17:13:38 [booklist] INFO: VALID_ID: 1301638
2023-06-30 17:13:38 [booklist] INFO: VALID_ID: 1301634
2023-06-30 17:13:38 [booklist] INFO: VALID_ID: 1301633
2023-06-30 17:13:38 [booklist] INFO: VALID_ID: 10303837
2023-06-30 17:13:38 [booklist] INFO: VALID_ID: 1312751
2023-06-30 17:13:38 [booklist] INFO: VALID_ID: 10303836
2023-06-30 17:13:38 [booklist] INFO: VALID_ID: 10303952
2023-06-30 17:13:38 [booklist] INFO: VALID_ID: 10303839
2023-06-30 17:13:38 [booklist] INFO: VALID_ID: 1312749
2023-06-30 17:13:38 [booklist] INFO: VALID_ID: 1301526
2023-06-30 17:13:38 [booklist] INFO: VALID_ID: 2576246
2023-06-30 17:13:38 [booklist] INFO: VALID_ID: 1312750
2023-06-30 17:13:38 [booklist] INFO: VALID_ID: 2590380
2023-06-30 17:13:38 [booklist] INFO: VALID_ID: 10303838
2023-06-30 17:13:38 [booklist] INFO: VALID_ID: 1312746
2023-06-30 17:13:38 [booklist] INFO: VALID_ID: 10301042
2023-06-30 17:13:38 [booklist] INFO: VALID_ID: 2574024
2023-06-30 17:13:38 [booklist] INFO: VALID_ID: 2574017
2023-06-30 17:13:38 [booklist] INFO: VALID_ID: 2574013
2023-06-30 17:13:38 [booklist] INFO: VALID_ID: 2574019
2023-06-30 17:13:38 [booklist] INFO: VALID_ID: 2574016
2023-06-30 17:13:38 [booklist] INFO: VALID_ID: 2574022
2023-06-30 17:13:38 [booklist] INFO: VALID_ID: 2607588
2023-06-30 17:13:38 [booklist] INFO: VALID_ID: 2574015
2023-06-30 17:13:38 [booklist] INFO: VALID_ID: 2574018
2023-06-30 17:13:38 [booklist] INFO: VALID_ID: 2574014
2023-06-30 17:13:38 [booklist] INFO: VALID_ID: 2574023
2023-06-30 17:13:38 [booklist] INFO: VALID_ID: 1301529
2023-06-30 17:13:38 [booklist] INFO: VALID_ID: 2574020
2023-06-30 17:13:38 [booklist] INFO: VALID_ID: 2574021
2023-06-30 17:13:38 [booklist] INFO: VALID_ID: 2590381
2023-06-30 17:13:38 [booklist] INFO: VALID_ID: 2582404
2023-06-30 17:13:38 [booklist] INFO: VALID_ID: 11891913
2023-06-30 17:13:38 [booklist] INFO: VALID_ID: 2580980
2023-06-30 17:13:38 [booklist] INFO: VALID_ID: 1310948
2023-06-30 17:13:38 [booklist] INFO: VALID_ID: 2560609
2023-06-30 17:13:38 [booklist] INFO: VALID_ID: 2554136
2023-06-30 17:13:38 [booklist] INFO: VALID_ID: 2540188
2023-06-30 17:13:38 [booklist] INFO: VALID_ID: 2609227
2023-06-30 17:13:38 [booklist] INFO: VALID_ID: 2554138
2023-06-30 17:13:38 [booklist] INFO: VALID_ID: 2554134
2023-06-30 17:13:38 [booklist] INFO: VALID_ID: 2554137
2023-06-30 17:13:38 [booklist] INFO: VALID_ID: 10303436
2023-06-30 17:13:38 [booklist] INFO: VALID_ID: 10301114
2023-06-30 17:13:38 [booklist] INFO: VALID_ID: 10301140
2023-06-30 17:13:38 [booklist] INFO: VALID_ID: 2537958
2023-06-30 17:13:38 [booklist] INFO: VALID_ID: 1310938
2023-06-30 17:13:38 [booklist] INFO: VALID_ID: 2533626
2023-06-30 17:13:38 [booklist] INFO: VALID_ID: 2606093
2023-06-30 17:13:38 [booklist] INFO: VALID_ID: 2553347
2023-06-30 17:13:38 [booklist] INFO: VALID_ID: 2560610
2023-06-30 17:13:38 [booklist] INFO: VALID_ID: 1310935
2023-06-30 17:13:38 [booklist] INFO: VALID_ID: 9893184
2023-06-30 17:13:38 [booklist] INFO: VALID_ID: 2608821
2023-06-30 17:13:38 [booklist] INFO: VALID_ID: 2537878
2023-06-30 17:13:38 [booklist] INFO: VALID_ID: 10303434
2023-06-30 17:13:38 [booklist] INFO: VALID_ID: 10303435
2023-06-30 17:13:38 [booklist] INFO: VALID_ID: 2606738
2023-06-30 17:13:38 [booklist] INFO: VALID_ID: 9893279
2023-06-30 17:13:38 [scrapy.core.engine] DEBUG: Crawled (200) <POST https://dl.ndl.go.jp/api/item/search> (referer: https://dl.ndl.go.jp/api/item/search)
2023-06-30 17:13:39 [booklist] INFO: Fetched page 6
2023-06-30 17:13:39 [booklist] INFO: VALID_ID: 2608821
2023-06-30 17:13:39 [booklist] INFO: VALID_ID: 2582403
2023-06-30 17:13:39 [booklist] INFO: VALID_ID: 11891854
2023-06-30 17:13:39 [booklist] INFO: VALID_ID: 10301625
2023-06-30 17:13:39 [booklist] INFO: VALID_ID: 2581528
2023-06-30 17:13:39 [booklist] INFO: VALID_ID: 2590379
2023-06-30 17:13:39 [booklist] INFO: VALID_ID: 1310908
2023-06-30 17:13:39 [booklist] INFO: VALID_ID: 2598030
2023-06-30 17:13:39 [booklist] INFO: VALID_ID: 11891861
2023-06-30 17:13:39 [booklist] INFO: VALID_ID: 2581527
2023-06-30 17:13:39 [booklist] INFO: VALID_ID: 2581072
2023-06-30 17:13:39 [booklist] INFO: VALID_ID: 2581053
2023-06-30 17:13:39 [booklist] INFO: VALID_ID: 2581054
2023-06-30 17:13:39 [booklist] INFO: VALID_ID: 2554414
2023-06-30 17:13:39 [booklist] INFO: VALID_ID: 2585569
2023-06-30 17:13:39 [booklist] INFO: VALID_ID: 9892469
2023-06-30 17:13:39 [booklist] INFO: VALID_ID: 2554411
2023-06-30 17:13:39 [booklist] INFO: VALID_ID: 2581067
2023-06-30 17:13:39 [booklist] INFO: VALID_ID: 2554410
2023-06-30 17:13:39 [booklist] INFO: VALID_ID: 2607181
2023-06-30 17:13:39 [booklist] INFO: VALID_ID: 2580981
2023-06-30 17:13:39 [booklist] INFO: VALID_ID: 11892632
2023-06-30 17:13:39 [booklist] INFO: VALID_ID: 2598070
2023-06-30 17:13:39 [booklist] INFO: VALID_ID: 10301166
2023-06-30 17:13:39 [booklist] INFO: VALID_ID: 9893020
2023-06-30 17:13:39 [booklist] INFO: VALID_ID: 10303486
2023-06-30 17:13:39 [booklist] INFO: VALID_ID: 2581512
2023-06-30 17:13:39 [booklist] INFO: VALID_ID: 2551969
2023-06-30 17:13:39 [booklist] INFO: VALID_ID: 2573653
2023-06-30 17:13:39 [booklist] INFO: VALID_ID: 11892631
2023-06-30 17:13:39 [booklist] INFO: VALID_ID: 2551959
2023-06-30 17:13:39 [booklist] INFO: VALID_ID: 10303797
2023-06-30 17:13:39 [booklist] INFO: VALID_ID: 2554412
2023-06-30 17:13:39 [booklist] INFO: VALID_ID: 2551972
2023-06-30 17:13:39 [booklist] INFO: VALID_ID: 2537953
2023-06-30 17:13:39 [booklist] INFO: VALID_ID: 2551926
2023-06-30 17:13:39 [booklist] INFO: VALID_ID: 11891870
2023-06-30 17:13:39 [booklist] INFO: VALID_ID: 10301270
2023-06-30 17:13:39 [booklist] INFO: VALID_ID: 2598880
2023-06-30 17:13:39 [booklist] INFO: VALID_ID: 2554735
2023-06-30 17:13:39 [booklist] INFO: VALID_ID: 11892806
2023-06-30 17:13:39 [booklist] INFO: VALID_ID: 2585334
2023-06-30 17:13:39 [booklist] INFO: VALID_ID: 10301314
2023-06-30 17:13:39 [booklist] INFO: VALID_ID: 11891694
2023-06-30 17:13:39 [booklist] INFO: VALID_ID: 2554734
2023-06-30 17:13:39 [booklist] INFO: VALID_ID: 2585262
2023-06-30 17:13:39 [booklist] INFO: VALID_ID: 2554732
2023-06-30 17:13:39 [booklist] INFO: VALID_ID: 2580953
2023-06-30 17:13:39 [booklist] INFO: VALID_ID: 2585566
2023-06-30 17:13:39 [booklist] INFO: VALID_ID: 2551960
2023-06-30 17:13:39 [booklist] INFO: VALID_ID: 10304013
2023-06-30 17:13:39 [booklist] INFO: VALID_ID: 10304017
2023-06-30 17:13:39 [booklist] INFO: VALID_ID: 2606714
2023-06-30 17:13:39 [booklist] INFO: VALID_ID: 2551968
2023-06-30 17:13:39 [booklist] INFO: VALID_ID: 2554733
2023-06-30 17:13:39 [booklist] INFO: VALID_ID: 10304001
2023-06-30 17:13:39 [booklist] INFO: VALID_ID: 2554135
2023-06-30 17:13:39 [booklist] INFO: VALID_ID: 2585468
2023-06-30 17:13:39 [booklist] INFO: VALID_ID: 10301405
2023-06-30 17:13:39 [booklist] INFO: VALID_ID: 10301564
2023-06-30 17:13:39 [booklist] INFO: VALID_ID: 2585491
2023-06-30 17:13:39 [booklist] INFO: VALID_ID: 2585481
2023-06-30 17:13:39 [booklist] INFO: VALID_ID: 2585359
2023-06-30 17:13:39 [booklist] INFO: VALID_ID: 2585636
2023-06-30 17:13:39 [booklist] INFO: VALID_ID: 10301542
2023-06-30 17:13:39 [booklist] INFO: VALID_ID: 2539718
2023-06-30 17:13:39 [booklist] INFO: VALID_ID: 10303646
2023-06-30 17:13:39 [booklist] INFO: VALID_ID: 2533180
2023-06-30 17:13:39 [booklist] INFO: VALID_ID: 2551961
2023-06-30 17:13:39 [booklist] INFO: VALID_ID: 10301333
2023-06-30 17:13:39 [booklist] INFO: VALID_ID: 2553348
2023-06-30 17:13:39 [booklist] INFO: VALID_ID: 2585519
2023-06-30 17:13:39 [booklist] INFO: VALID_ID: 2598879
2023-06-30 17:13:39 [booklist] INFO: VALID_ID: 2554409
2023-06-30 17:13:39 [booklist] INFO: VALID_ID: 2537964
2023-06-30 17:13:39 [booklist] INFO: VALID_ID: 10301235
2023-06-30 17:13:39 [booklist] INFO: VALID_ID: 2551927
2023-06-30 17:13:39 [booklist] INFO: VALID_ID: 2541814
2023-06-30 17:13:39 [booklist] INFO: VALID_ID: 2553339
2023-06-30 17:13:39 [booklist] INFO: VALID_ID: 2553346
2023-06-30 17:13:39 [booklist] INFO: VALID_ID: 2554413
2023-06-30 17:13:39 [booklist] INFO: VALID_ID: 9892412
2023-06-30 17:13:39 [booklist] INFO: VALID_ID: 2585631
2023-06-30 17:13:39 [booklist] INFO: VALID_ID: 2554206
2023-06-30 17:13:39 [booklist] INFO: VALID_ID: 10301392
2023-06-30 17:13:39 [booklist] INFO: VALID_ID: 10301592
2023-06-30 17:13:39 [booklist] INFO: VALID_ID: 10301285
2023-06-30 17:13:39 [booklist] INFO: VALID_ID: 2549349
2023-06-30 17:13:39 [booklist] INFO: VALID_ID: 2606130
2023-06-30 17:13:39 [booklist] INFO: VALID_ID: 2551958
2023-06-30 17:13:39 [booklist] INFO: VALID_ID: 10303656
2023-06-30 17:13:39 [booklist] INFO: VALID_ID: 2550340
2023-06-30 17:13:39 [booklist] INFO: VALID_ID: 10300961
2023-06-30 17:13:39 [booklist] INFO: VALID_ID: 10303905
2023-06-30 17:13:39 [booklist] INFO: VALID_ID: 2585509
2023-06-30 17:13:39 [booklist] INFO: VALID_ID: 2551925
2023-06-30 17:13:39 [booklist] INFO: VALID_ID: 2585294
2023-06-30 17:13:39 [booklist] INFO: VALID_ID: 2560608
2023-06-30 17:13:39 [booklist] INFO: VALID_ID: 10301247
2023-06-30 17:13:39 [booklist] INFO: VALID_ID: 2609205
2023-06-30 17:13:40 [scrapy.core.engine] DEBUG: Crawled (200) <POST https://dl.ndl.go.jp/api/item/search> (referer: https://dl.ndl.go.jp/api/item/search)
2023-06-30 17:13:40 [booklist] INFO: Fetched page 7
2023-06-30 17:13:41 [booklist] INFO: VALID_ID: 10301167
2023-06-30 17:13:41 [booklist] INFO: VALID_ID: 2549337
2023-06-30 17:13:41 [booklist] INFO: VALID_ID: 2550259
2023-06-30 17:13:41 [booklist] INFO: VALID_ID: 2609520
2023-06-30 17:13:41 [booklist] INFO: VALID_ID: 2549310
2023-06-30 17:13:41 [booklist] INFO: VALID_ID: 2553322
2023-06-30 17:13:41 [booklist] INFO: VALID_ID: 2610940
2023-06-30 17:13:41 [booklist] INFO: VALID_ID: 2549280
2023-06-30 17:13:41 [booklist] INFO: VALID_ID: 2609444
2023-06-30 17:13:41 [booklist] INFO: VALID_ID: 2606744
2023-06-30 17:13:41 [booklist] INFO: VALID_ID: 2610790
2023-06-30 17:13:41 [booklist] INFO: VALID_ID: 2533398
2023-06-30 17:13:41 [booklist] INFO: VALID_ID: 2611107
2023-06-30 17:13:41 [booklist] INFO: VALID_ID: 2605528
2023-06-30 17:13:41 [booklist] INFO: VALID_ID: 2550363
2023-06-30 17:13:41 [booklist] INFO: VALID_ID: 10301165
2023-06-30 17:13:41 [booklist] INFO: VALID_ID: 2605396
2023-06-30 17:13:41 [booklist] INFO: VALID_ID: 2605821
2023-06-30 17:13:41 [booklist] INFO: VALID_ID: 10301296
2023-06-30 17:13:41 [booklist] INFO: VALID_ID: 2609800
2023-06-30 17:13:41 [booklist] INFO: VALID_ID: 2548646
2023-06-30 17:13:41 [booklist] INFO: VALID_ID: 2549292
2023-06-30 17:13:41 [booklist] INFO: VALID_ID: 2550342
2023-06-30 17:13:41 [booklist] INFO: VALID_ID: 2605579
2023-06-30 17:13:41 [booklist] INFO: VALID_ID: 2549364
2023-06-30 17:13:41 [booklist] INFO: VALID_ID: 10301264
2023-06-30 17:13:41 [booklist] INFO: VALID_ID: 2549306
2023-06-30 17:13:41 [booklist] INFO: VALID_ID: 2550279
2023-06-30 17:13:41 [booklist] INFO: VALID_ID: 2610325
2023-06-30 17:13:41 [booklist] INFO: VALID_ID: 10301149
2023-06-30 17:13:41 [booklist] INFO: VALID_ID: 2549358
2023-06-30 17:13:41 [booklist] INFO: VALID_ID: 2550171
2023-06-30 17:13:41 [booklist] INFO: VALID_ID: 2576255
2023-06-30 17:13:41 [booklist] INFO: VALID_ID: 2576262
2023-06-30 17:13:41 [booklist] INFO: VALID_ID: 2576264
2023-06-30 17:13:41 [booklist] INFO: VALID_ID: 2550362
2023-06-30 17:13:41 [booklist] INFO: VALID_ID: 2576252
2023-06-30 17:13:41 [booklist] INFO: VALID_ID: 2576260
2023-06-30 17:13:41 [booklist] INFO: VALID_ID: 2576250
2023-06-30 17:13:41 [booklist] INFO: VALID_ID: 2576251
2023-06-30 17:13:41 [booklist] INFO: VALID_ID: 2576254
2023-06-30 17:13:41 [booklist] INFO: VALID_ID: 2550225
2023-06-30 17:13:41 [booklist] INFO: VALID_ID: 2549328
2023-06-30 17:13:41 [booklist] INFO: VALID_ID: 2576253
2023-06-30 17:13:41 [booklist] INFO: VALID_ID: 2576249
2023-06-30 17:13:41 [booklist] INFO: VALID_ID: 2576257
2023-06-30 17:13:41 [booklist] INFO: VALID_ID: 2576247
2023-06-30 17:13:41 [booklist] INFO: VALID_ID: 2576259
2023-06-30 17:13:41 [booklist] INFO: VALID_ID: 2576261
2023-06-30 17:13:41 [booklist] INFO: VALID_ID: 2576248
2023-06-30 17:13:41 [booklist] INFO: VALID_ID: 2576258
2023-06-30 17:13:41 [booklist] INFO: VALID_ID: 2550275
2023-06-30 17:13:41 [booklist] INFO: VALID_ID: 2576263
2023-06-30 17:13:41 [booklist] INFO: VALID_ID: 2576256
2023-06-30 17:13:41 [booklist] INFO: VALID_ID: 10301500
2023-06-30 17:13:41 [booklist] INFO: VALID_ID: 2609633
2023-06-30 17:13:41 [booklist] INFO: VALID_ID: 2609321
2023-06-30 17:13:41 [booklist] INFO: VALID_ID: 2611103
2023-06-30 17:13:41 [booklist] INFO: VALID_ID: 2550161
2023-06-30 17:13:41 [booklist] INFO: VALID_ID: 2608873
2023-06-30 17:13:41 [booklist] INFO: VALID_ID: 10301567
2023-06-30 17:13:41 [booklist] INFO: VALID_ID: 2549319
2023-06-30 17:13:41 [booklist] INFO: VALID_ID: 2550366
2023-06-30 17:13:41 [booklist] INFO: VALID_ID: 10301138
2023-06-30 17:13:41 [booklist] INFO: VALID_ID: 2550292
2023-06-30 17:13:41 [booklist] INFO: VALID_ID: 2550218
2023-06-30 17:13:41 [booklist] INFO: VALID_ID: 2550305
2023-06-30 17:13:41 [booklist] INFO: VALID_ID: 2610395
2023-06-30 17:13:41 [booklist] INFO: VALID_ID: 2550197
2023-06-30 17:13:41 [booklist] INFO: VALID_ID: 2549320
2023-06-30 17:13:41 [booklist] INFO: VALID_ID: 2549327
2023-06-30 17:13:41 [booklist] INFO: VALID_ID: 2549332
2023-06-30 17:13:41 [booklist] INFO: VALID_ID: 2549325
2023-06-30 17:13:41 [booklist] INFO: VALID_ID: 2550335
2023-06-30 17:13:41 [booklist] INFO: VALID_ID: 2550388
2023-06-30 17:13:41 [booklist] INFO: VALID_ID: 2550239
2023-06-30 17:13:41 [booklist] INFO: VALID_ID: 2605995
2023-06-30 17:13:41 [booklist] INFO: VALID_ID: 2609552
2023-06-30 17:13:41 [booklist] INFO: VALID_ID: 2610537
2023-06-30 17:13:41 [booklist] INFO: VALID_ID: 2549294
2023-06-30 17:13:41 [booklist] INFO: VALID_ID: 2550192
2023-06-30 17:13:41 [booklist] INFO: VALID_ID: 2549291
2023-06-30 17:13:41 [booklist] INFO: VALID_ID: 2550393
2023-06-30 17:13:41 [booklist] INFO: VALID_ID: 2550254
2023-06-30 17:13:41 [booklist] INFO: VALID_ID: 2550217
2023-06-30 17:13:41 [booklist] INFO: VALID_ID: 2550297
2023-06-30 17:13:41 [booklist] INFO: VALID_ID: 2550351
2023-06-30 17:13:41 [booklist] INFO: VALID_ID: 2550209
2023-06-30 17:13:41 [booklist] INFO: VALID_ID: 2550400
2023-06-30 17:13:41 [booklist] INFO: VALID_ID: 2609783
2023-06-30 17:13:41 [booklist] INFO: VALID_ID: 2550210
2023-06-30 17:13:41 [booklist] INFO: VALID_ID: 2550160
2023-06-30 17:13:41 [booklist] INFO: VALID_ID: 2550150
2023-06-30 17:13:41 [booklist] INFO: VALID_ID: 2550404
2023-06-30 17:13:41 [booklist] INFO: VALID_ID: 2550214
2023-06-30 17:13:41 [booklist] INFO: VALID_ID: 2550264
2023-06-30 17:13:41 [booklist] INFO: VALID_ID: 2550147
2023-06-30 17:13:41 [booklist] INFO: VALID_ID: 2550198
2023-06-30 17:13:41 [booklist] INFO: VALID_ID: 2550155
2023-06-30 17:13:41 [booklist] INFO: VALID_ID: 9369953
2023-06-30 17:13:41 [scrapy.core.engine] DEBUG: Crawled (200) <POST https://dl.ndl.go.jp/api/item/search> (referer: https://dl.ndl.go.jp/api/item/search)
2023-06-30 17:13:41 [booklist] INFO: Fetched page 8
2023-06-30 17:13:41 [booklist] INFO: VALID_ID: 2611035
2023-06-30 17:13:42 [scrapy.core.engine] DEBUG: Crawled (200) <POST https://dl.ndl.go.jp/api/item/search> (referer: https://dl.ndl.go.jp/api/item/search)
2023-06-30 17:13:42 [booklist] INFO: Fetched page 9
2023-06-30 17:13:42 [booklist] INFO: No more books on 9
2023-06-30 17:13:42 [scrapy.core.engine] INFO: Closing spider (finished)
2023-06-30 17:13:42 [scrapy.statscollectors] INFO: Dumping Scrapy stats:
{'downloader/request_bytes': 12334,
 'downloader/request_count': 10,
 'downloader/request_method_count/GET': 1,
 'downloader/request_method_count/POST': 9,
 'downloader/response_bytes': 2829755,
 'downloader/response_count': 10,
 'downloader/response_status_count/200': 10,
 'elapsed_time_seconds': 10.061557,
 'finish_reason': 'finished',
 'finish_time': datetime.datetime(2023, 6, 30, 9, 13, 42, 178265),
 'httpcompression/response_bytes': 32720715,
 'httpcompression/response_count': 9,
 'log_count/DEBUG': 13,
 'log_count/INFO': 721,
 'memusage/max': 63819776,
 'memusage/startup': 63819776,
 'request_depth_max': 8,
 'response_received_count': 10,
 'robotstxt/request_count': 1,
 'robotstxt/response_count': 1,
 'robotstxt/response_status_count/200': 1,
 'scheduler/dequeued': 9,
 'scheduler/dequeued/memory': 9,
 'scheduler/enqueued': 9,
 'scheduler/enqueued/memory': 9,
 'start_time': datetime.datetime(2023, 6, 30, 9, 13, 32, 116708)}
2023-06-30 17:13:42 [scrapy.core.engine] INFO: Spider closed (finished)
