2023-06-30 18:47:45 [scrapy.utils.log] INFO: Scrapy 2.9.0 started (bot: ndlcrawler)
2023-06-30 18:47:45 [scrapy.utils.log] INFO: Versions: lxml 4.9.2.0, libxml2 2.9.14, cssselect 1.2.0, parsel 1.8.1, w3lib 2.1.1, Twisted 22.10.0, Python 3.10.10 (main, Mar  5 2023, 22:26:53) [GCC 12.2.1 20230201], pyOpenSSL 23.2.0 (OpenSSL 3.1.1 30 May 2023), cryptography 41.0.1, Platform Linux-6.2.12-arch1-1-x86_64-with-glibc2.37
2023-06-30 18:47:45 [scrapy.crawler] INFO: Overridden settings:
{'BOT_NAME': 'ndlcrawler',
 'FEED_EXPORT_ENCODING': 'utf-8',
 'LOG_FILE': 'logs/booklist.title.帝.log',
 'NEWSPIDER_MODULE': 'ndlcrawler.spiders',
 'REQUEST_FINGERPRINTER_IMPLEMENTATION': '2.7',
 'ROBOTSTXT_OBEY': True,
 'SPIDER_MODULES': ['ndlcrawler.spiders'],
 'TWISTED_REACTOR': 'twisted.internet.asyncioreactor.AsyncioSelectorReactor'}
2023-06-30 18:47:45 [asyncio] DEBUG: Using selector: EpollSelector
2023-06-30 18:47:45 [scrapy.utils.log] DEBUG: Using reactor: twisted.internet.asyncioreactor.AsyncioSelectorReactor
2023-06-30 18:47:45 [scrapy.utils.log] DEBUG: Using asyncio event loop: asyncio.unix_events._UnixSelectorEventLoop
2023-06-30 18:47:45 [scrapy.extensions.telnet] INFO: Telnet Password: 7177d8967ce5b900
2023-06-30 18:47:46 [scrapy.middleware] INFO: Enabled extensions:
['scrapy.extensions.corestats.CoreStats',
 'scrapy.extensions.telnet.TelnetConsole',
 'scrapy.extensions.memusage.MemoryUsage',
 'scrapy.extensions.logstats.LogStats']
2023-06-30 18:47:46 [scrapy.middleware] INFO: Enabled downloader middlewares:
['scrapy.downloadermiddlewares.robotstxt.RobotsTxtMiddleware',
 'scrapy.downloadermiddlewares.httpauth.HttpAuthMiddleware',
 'scrapy.downloadermiddlewares.downloadtimeout.DownloadTimeoutMiddleware',
 'scrapy.downloadermiddlewares.defaultheaders.DefaultHeadersMiddleware',
 'scrapy.downloadermiddlewares.useragent.UserAgentMiddleware',
 'scrapy.downloadermiddlewares.retry.RetryMiddleware',
 'scrapy.downloadermiddlewares.redirect.MetaRefreshMiddleware',
 'scrapy.downloadermiddlewares.httpcompression.HttpCompressionMiddleware',
 'scrapy.downloadermiddlewares.redirect.RedirectMiddleware',
 'scrapy.downloadermiddlewares.cookies.CookiesMiddleware',
 'scrapy.downloadermiddlewares.httpproxy.HttpProxyMiddleware',
 'scrapy.downloadermiddlewares.stats.DownloaderStats']
2023-06-30 18:47:46 [scrapy.middleware] INFO: Enabled spider middlewares:
['scrapy.spidermiddlewares.httperror.HttpErrorMiddleware',
 'scrapy.spidermiddlewares.offsite.OffsiteMiddleware',
 'scrapy.spidermiddlewares.referer.RefererMiddleware',
 'scrapy.spidermiddlewares.urllength.UrlLengthMiddleware',
 'scrapy.spidermiddlewares.depth.DepthMiddleware']
2023-06-30 18:47:46 [scrapy.middleware] INFO: Enabled item pipelines:
[]
2023-06-30 18:47:46 [scrapy.core.engine] INFO: Spider opened
2023-06-30 18:47:46 [scrapy.extensions.logstats] INFO: Crawled 0 pages (at 0 pages/min), scraped 0 items (at 0 items/min)
2023-06-30 18:47:46 [scrapy.extensions.telnet] INFO: Telnet console listening on 127.0.0.1:6023
2023-06-30 18:47:46 [scrapy.core.engine] DEBUG: Crawled (200) <GET https://dl.ndl.go.jp/robots.txt> (referer: None)
2023-06-30 18:47:48 [scrapy.core.engine] DEBUG: Crawled (200) <POST https://dl.ndl.go.jp/api/item/search> (referer: None)
2023-06-30 18:47:48 [booklist] INFO: Fetched page 1
2023-06-30 18:47:48 [booklist] INFO: VALID_ID: 2541803
2023-06-30 18:47:48 [booklist] INFO: VALID_ID: 2544571
2023-06-30 18:47:48 [booklist] INFO: VALID_ID: 2586597
2023-06-30 18:47:48 [booklist] INFO: VALID_ID: 2551381
2023-06-30 18:47:48 [booklist] INFO: VALID_ID: 2546580
2023-06-30 18:47:48 [booklist] INFO: VALID_ID: 2544572
2023-06-30 18:47:48 [booklist] INFO: VALID_ID: 2606128
2023-06-30 18:47:48 [booklist] INFO: VALID_ID: 2551357
2023-06-30 18:47:48 [booklist] INFO: VALID_ID: 2551380
2023-06-30 18:47:48 [booklist] INFO: VALID_ID: 2605687
2023-06-30 18:47:48 [booklist] INFO: VALID_ID: 2544576
2023-06-30 18:47:48 [booklist] INFO: VALID_ID: 2544575
2023-06-30 18:47:48 [booklist] INFO: VALID_ID: 2544574
2023-06-30 18:47:48 [booklist] INFO: VALID_ID: 2586596
2023-06-30 18:47:48 [booklist] INFO: VALID_ID: 2551378
2023-06-30 18:47:48 [booklist] INFO: VALID_ID: 2555834
2023-06-30 18:47:48 [booklist] INFO: VALID_ID: 2541804
2023-06-30 18:47:48 [booklist] INFO: VALID_ID: 2551395
2023-06-30 18:47:48 [booklist] INFO: VALID_ID: 1312112
2023-06-30 18:47:48 [booklist] INFO: VALID_ID: 2544573
2023-06-30 18:47:48 [booklist] INFO: VALID_ID: 2542792
2023-06-30 18:47:48 [booklist] INFO: VALID_ID: 2555831
2023-06-30 18:47:48 [booklist] INFO: VALID_ID: 2555833
2023-06-30 18:47:48 [booklist] INFO: VALID_ID: 2555830
2023-06-30 18:47:48 [booklist] INFO: VALID_ID: 2541796
2023-06-30 18:47:48 [booklist] INFO: VALID_ID: 2606223
2023-06-30 18:47:48 [booklist] INFO: VALID_ID: 2551379
2023-06-30 18:47:48 [booklist] INFO: VALID_ID: 2555832
2023-06-30 18:47:48 [booklist] INFO: VALID_ID: 2542884
2023-06-30 18:47:48 [booklist] INFO: VALID_ID: 1312084
2023-06-30 18:47:48 [booklist] INFO: VALID_ID: 2570262
2023-06-30 18:47:48 [booklist] INFO: VALID_ID: 2551377
2023-06-30 18:47:48 [booklist] INFO: VALID_ID: 2569963
2023-06-30 18:47:48 [booklist] INFO: VALID_ID: 2569965
2023-06-30 18:47:48 [booklist] INFO: VALID_ID: 2590636
2023-06-30 18:47:48 [booklist] INFO: VALID_ID: 2569967
2023-06-30 18:47:48 [booklist] INFO: VALID_ID: 2566952
2023-06-30 18:47:48 [booklist] INFO: VALID_ID: 2569959
2023-06-30 18:47:48 [booklist] INFO: VALID_ID: 2569964
2023-06-30 18:47:48 [booklist] INFO: VALID_ID: 2566954
2023-06-30 18:47:48 [booklist] INFO: VALID_ID: 2553334
2023-06-30 18:47:48 [booklist] INFO: VALID_ID: 2551983
2023-06-30 18:47:48 [booklist] INFO: VALID_ID: 2551988
2023-06-30 18:47:48 [booklist] INFO: VALID_ID: 2569957
2023-06-30 18:47:48 [booklist] INFO: VALID_ID: 2552008
2023-06-30 18:47:48 [booklist] INFO: VALID_ID: 2552017
2023-06-30 18:47:48 [booklist] INFO: VALID_ID: 2566951
2023-06-30 18:47:48 [booklist] INFO: VALID_ID: 2551989
2023-06-30 18:47:48 [booklist] INFO: VALID_ID: 2569962
2023-06-30 18:47:48 [booklist] INFO: VALID_ID: 2566956
2023-06-30 18:47:48 [booklist] INFO: VALID_ID: 2607819
2023-06-30 18:47:48 [booklist] INFO: VALID_ID: 2569968
2023-06-30 18:47:48 [booklist] INFO: VALID_ID: 2566955
2023-06-30 18:47:48 [booklist] INFO: VALID_ID: 2607481
2023-06-30 18:47:48 [booklist] INFO: VALID_ID: 2569961
2023-06-30 18:47:48 [booklist] INFO: VALID_ID: 2551990
2023-06-30 18:47:48 [booklist] INFO: VALID_ID: 2551992
2023-06-30 18:47:48 [booklist] INFO: VALID_ID: 2551996
2023-06-30 18:47:48 [booklist] INFO: VALID_ID: 2569960
2023-06-30 18:47:48 [booklist] INFO: VALID_ID: 2569966
2023-06-30 18:47:48 [booklist] INFO: VALID_ID: 2551985
2023-06-30 18:47:48 [booklist] INFO: VALID_ID: 2569958
2023-06-30 18:47:48 [booklist] INFO: VALID_ID: 2552013
2023-06-30 18:47:48 [booklist] INFO: VALID_ID: 2551981
2023-06-30 18:47:48 [booklist] INFO: VALID_ID: 2551993
2023-06-30 18:47:48 [booklist] INFO: VALID_ID: 2551994
2023-06-30 18:47:48 [booklist] INFO: VALID_ID: 2551979
2023-06-30 18:47:48 [booklist] INFO: VALID_ID: 2552023
2023-06-30 18:47:48 [booklist] INFO: VALID_ID: 2551980
2023-06-30 18:47:48 [booklist] INFO: VALID_ID: 2566953
2023-06-30 18:47:48 [booklist] INFO: VALID_ID: 2551991
2023-06-30 18:47:48 [booklist] INFO: VALID_ID: 2551986
2023-06-30 18:47:48 [booklist] INFO: VALID_ID: 2551984
2023-06-30 18:47:48 [booklist] INFO: VALID_ID: 2551998
2023-06-30 18:47:48 [booklist] INFO: VALID_ID: 2552006
2023-06-30 18:47:48 [booklist] INFO: VALID_ID: 2552014
2023-06-30 18:47:48 [booklist] INFO: VALID_ID: 2552020
2023-06-30 18:47:48 [booklist] INFO: VALID_ID: 2552012
2023-06-30 18:47:48 [booklist] INFO: VALID_ID: 2551982
2023-06-30 18:47:48 [booklist] INFO: VALID_ID: 2552001
2023-06-30 18:47:48 [booklist] INFO: VALID_ID: 2552021
2023-06-30 18:47:48 [booklist] INFO: VALID_ID: 2552005
2023-06-30 18:47:48 [booklist] INFO: VALID_ID: 2552019
2023-06-30 18:47:48 [booklist] INFO: VALID_ID: 2552016
2023-06-30 18:47:48 [booklist] INFO: VALID_ID: 1312083
2023-06-30 18:47:48 [booklist] INFO: VALID_ID: 2552010
2023-06-30 18:47:48 [booklist] INFO: VALID_ID: 2552025
2023-06-30 18:47:48 [booklist] INFO: VALID_ID: 2551997
2023-06-30 18:47:48 [booklist] INFO: VALID_ID: 2552024
2023-06-30 18:47:48 [booklist] INFO: VALID_ID: 2552018
2023-06-30 18:47:48 [booklist] INFO: VALID_ID: 2551995
2023-06-30 18:47:48 [booklist] INFO: VALID_ID: 2585696
2023-06-30 18:47:48 [booklist] INFO: VALID_ID: 2552000
2023-06-30 18:47:48 [booklist] INFO: VALID_ID: 2552015
2023-06-30 18:47:48 [booklist] INFO: VALID_ID: 2552004
2023-06-30 18:47:48 [booklist] INFO: VALID_ID: 2552002
2023-06-30 18:47:48 [booklist] INFO: VALID_ID: 2551999
2023-06-30 18:47:48 [booklist] INFO: VALID_ID: 2610941
2023-06-30 18:47:48 [booklist] INFO: VALID_ID: 2551978
2023-06-30 18:47:48 [booklist] INFO: VALID_ID: 2552003
2023-06-30 18:47:49 [scrapy.core.engine] DEBUG: Crawled (200) <POST https://dl.ndl.go.jp/api/item/search> (referer: https://dl.ndl.go.jp/api/item/search)
2023-06-30 18:47:49 [booklist] INFO: Fetched page 2
2023-06-30 18:47:50 [booklist] INFO: VALID_ID: 2552018
2023-06-30 18:47:50 [booklist] INFO: VALID_ID: 2610941
2023-06-30 18:47:50 [booklist] INFO: VALID_ID: 2552022
2023-06-30 18:47:50 [booklist] INFO: VALID_ID: 2552005
2023-06-30 18:47:50 [booklist] INFO: VALID_ID: 2552019
2023-06-30 18:47:50 [booklist] INFO: VALID_ID: 2585449
2023-06-30 18:47:50 [booklist] INFO: VALID_ID: 2552007
2023-06-30 18:47:50 [booklist] INFO: VALID_ID: 2544648
2023-06-30 18:47:50 [booklist] INFO: VALID_ID: 2543464
2023-06-30 18:47:50 [booklist] INFO: VALID_ID: 2543463
2023-06-30 18:47:50 [booklist] INFO: VALID_ID: 2585319
2023-06-30 18:47:50 [booklist] INFO: VALID_ID: 2603198
2023-06-30 18:47:50 [booklist] INFO: VALID_ID: 2575730
2023-06-30 18:47:50 [booklist] INFO: VALID_ID: 2575747
2023-06-30 18:47:50 [booklist] INFO: VALID_ID: 2575757
2023-06-30 18:47:50 [booklist] INFO: VALID_ID: 2603214
2023-06-30 18:47:50 [booklist] INFO: VALID_ID: 2603203
2023-06-30 18:47:50 [booklist] INFO: VALID_ID: 2575756
2023-06-30 18:47:50 [booklist] INFO: VALID_ID: 2575729
2023-06-30 18:47:50 [booklist] INFO: VALID_ID: 2575748
2023-06-30 18:47:50 [booklist] INFO: VALID_ID: 2575752
2023-06-30 18:47:50 [booklist] INFO: VALID_ID: 2575754
2023-06-30 18:47:50 [booklist] INFO: VALID_ID: 2575761
2023-06-30 18:47:50 [booklist] INFO: VALID_ID: 2603224
2023-06-30 18:47:50 [booklist] INFO: VALID_ID: 2603226
2023-06-30 18:47:50 [booklist] INFO: VALID_ID: 2609709
2023-06-30 18:47:50 [booklist] INFO: VALID_ID: 2603182
2023-06-30 18:47:50 [booklist] INFO: VALID_ID: 2575739
2023-06-30 18:47:50 [booklist] INFO: VALID_ID: 2575742
2023-06-30 18:47:50 [booklist] INFO: VALID_ID: 2608556
2023-06-30 18:47:50 [booklist] INFO: VALID_ID: 2603188
2023-06-30 18:47:50 [booklist] INFO: VALID_ID: 2603191
2023-06-30 18:47:50 [booklist] INFO: VALID_ID: 2603192
2023-06-30 18:47:50 [booklist] INFO: VALID_ID: 2575750
2023-06-30 18:47:50 [booklist] INFO: VALID_ID: 2603218
2023-06-30 18:47:50 [booklist] INFO: VALID_ID: 2603223
2023-06-30 18:47:50 [booklist] INFO: VALID_ID: 2603190
2023-06-30 18:47:50 [booklist] INFO: VALID_ID: 2603196
2023-06-30 18:47:50 [booklist] INFO: VALID_ID: 2575751
2023-06-30 18:47:50 [booklist] INFO: VALID_ID: 2575766
2023-06-30 18:47:50 [booklist] INFO: VALID_ID: 2575767
2023-06-30 18:47:50 [booklist] INFO: VALID_ID: 2603180
2023-06-30 18:47:50 [booklist] INFO: VALID_ID: 2603197
2023-06-30 18:47:50 [booklist] INFO: VALID_ID: 2603209
2023-06-30 18:47:50 [booklist] INFO: VALID_ID: 2575759
2023-06-30 18:47:50 [booklist] INFO: VALID_ID: 2575740
2023-06-30 18:47:50 [booklist] INFO: VALID_ID: 2603215
2023-06-30 18:47:50 [booklist] INFO: VALID_ID: 2603220
2023-06-30 18:47:50 [booklist] INFO: VALID_ID: 2603228
2023-06-30 18:47:50 [booklist] INFO: VALID_ID: 2603179
2023-06-30 18:47:50 [booklist] INFO: VALID_ID: 2543243
2023-06-30 18:47:50 [booklist] INFO: VALID_ID: 2585639
2023-06-30 18:47:50 [booklist] INFO: VALID_ID: 2603184
2023-06-30 18:47:50 [booklist] INFO: VALID_ID: 2575738
2023-06-30 18:47:50 [booklist] INFO: VALID_ID: 2603225
2023-06-30 18:47:50 [booklist] INFO: VALID_ID: 2603208
2023-06-30 18:47:50 [booklist] INFO: VALID_ID: 2603204
2023-06-30 18:47:50 [booklist] INFO: VALID_ID: 2575764
2023-06-30 18:47:50 [booklist] INFO: VALID_ID: 2610419
2023-06-30 18:47:50 [booklist] INFO: VALID_ID: 2575763
2023-06-30 18:47:50 [booklist] INFO: VALID_ID: 2603181
2023-06-30 18:47:50 [booklist] INFO: VALID_ID: 2603186
2023-06-30 18:47:50 [booklist] INFO: VALID_ID: 2603217
2023-06-30 18:47:50 [booklist] INFO: VALID_ID: 2575737
2023-06-30 18:47:50 [booklist] INFO: VALID_ID: 2603211
2023-06-30 18:47:50 [booklist] INFO: VALID_ID: 2575762
2023-06-30 18:47:50 [booklist] INFO: VALID_ID: 10303527
2023-06-30 18:47:50 [booklist] INFO: VALID_ID: 2575743
2023-06-30 18:47:50 [booklist] INFO: VALID_ID: 2575745
2023-06-30 18:47:50 [booklist] INFO: VALID_ID: 2603219
2023-06-30 18:47:50 [booklist] INFO: VALID_ID: 2603227
2023-06-30 18:47:50 [booklist] INFO: VALID_ID: 2603189
2023-06-30 18:47:50 [booklist] INFO: VALID_ID: 2603222
2023-06-30 18:47:50 [booklist] INFO: VALID_ID: 2603195
2023-06-30 18:47:50 [booklist] INFO: VALID_ID: 2603187
2023-06-30 18:47:50 [booklist] INFO: VALID_ID: 2575755
2023-06-30 18:47:50 [booklist] INFO: VALID_ID: 2603210
2023-06-30 18:47:50 [booklist] INFO: VALID_ID: 2575728
2023-06-30 18:47:50 [booklist] INFO: VALID_ID: 2603194
2023-06-30 18:47:50 [booklist] INFO: VALID_ID: 2603199
2023-06-30 18:47:50 [booklist] INFO: VALID_ID: 2575758
2023-06-30 18:47:50 [booklist] INFO: VALID_ID: 2575765
2023-06-30 18:47:50 [booklist] INFO: VALID_ID: 2575736
2023-06-30 18:47:50 [booklist] INFO: VALID_ID: 2575760
2023-06-30 18:47:50 [booklist] INFO: VALID_ID: 2603216
2023-06-30 18:47:50 [booklist] INFO: VALID_ID: 2575744
2023-06-30 18:47:50 [booklist] INFO: VALID_ID: 2603207
2023-06-30 18:47:50 [booklist] INFO: VALID_ID: 2603213
2023-06-30 18:47:50 [booklist] INFO: VALID_ID: 2575732
2023-06-30 18:47:50 [booklist] INFO: VALID_ID: 2603200
2023-06-30 18:47:50 [booklist] INFO: VALID_ID: 2575749
2023-06-30 18:47:50 [booklist] INFO: VALID_ID: 2603201
2023-06-30 18:47:50 [booklist] INFO: VALID_ID: 2603206
2023-06-30 18:47:50 [booklist] INFO: VALID_ID: 2603212
2023-06-30 18:47:50 [booklist] INFO: VALID_ID: 2603205
2023-06-30 18:47:50 [booklist] INFO: VALID_ID: 2603185
2023-06-30 18:47:50 [booklist] INFO: VALID_ID: 2575735
2023-06-30 18:47:50 [booklist] INFO: VALID_ID: 2603183
2023-06-30 18:47:50 [booklist] INFO: VALID_ID: 2575733
2023-06-30 18:47:50 [booklist] INFO: VALID_ID: 2575734
2023-06-30 18:47:51 [scrapy.core.engine] DEBUG: Crawled (200) <POST https://dl.ndl.go.jp/api/item/search> (referer: https://dl.ndl.go.jp/api/item/search)
2023-06-30 18:47:51 [booklist] INFO: Fetched page 3
2023-06-30 18:47:51 [booklist] INFO: VALID_ID: 2575741
2023-06-30 18:47:51 [booklist] INFO: VALID_ID: 2603193
2023-06-30 18:47:51 [booklist] INFO: VALID_ID: 2603202
2023-06-30 18:47:51 [booklist] INFO: VALID_ID: 2603221
2023-06-30 18:47:51 [booklist] INFO: VALID_ID: 2575737
2023-06-30 18:47:51 [booklist] INFO: VALID_ID: 2603211
2023-06-30 18:47:51 [booklist] INFO: VALID_ID: 2575762
2023-06-30 18:47:51 [booklist] INFO: VALID_ID: 2590378
2023-06-30 18:47:51 [booklist] INFO: VALID_ID: 2585574
2023-06-30 18:47:51 [booklist] INFO: VALID_ID: 2539139
2023-06-30 18:47:51 [booklist] INFO: VALID_ID: 2581260
2023-06-30 18:47:51 [booklist] INFO: VALID_ID: 2605579
2023-06-30 18:47:51 [booklist] INFO: VALID_ID: 2605934
2023-06-30 18:47:51 [booklist] INFO: VALID_ID: 2575856
2023-06-30 18:47:51 [booklist] INFO: VALID_ID: 2575861
2023-06-30 18:47:51 [booklist] INFO: VALID_ID: 2575870
2023-06-30 18:47:51 [booklist] INFO: VALID_ID: 2575851
2023-06-30 18:47:51 [booklist] INFO: VALID_ID: 2575853
2023-06-30 18:47:51 [booklist] INFO: VALID_ID: 2575857
2023-06-30 18:47:51 [booklist] INFO: VALID_ID: 2575866
2023-06-30 18:47:51 [booklist] INFO: VALID_ID: 2575854
2023-06-30 18:47:51 [booklist] INFO: VALID_ID: 2575860
2023-06-30 18:47:51 [booklist] INFO: VALID_ID: 2575862
2023-06-30 18:47:51 [booklist] INFO: VALID_ID: 2575869
2023-06-30 18:47:51 [booklist] INFO: VALID_ID: 2575850
2023-06-30 18:47:51 [booklist] INFO: VALID_ID: 2575852
2023-06-30 18:47:51 [booklist] INFO: VALID_ID: 2575855
2023-06-30 18:47:51 [booklist] INFO: VALID_ID: 2575858
2023-06-30 18:47:51 [booklist] INFO: VALID_ID: 2575865
2023-06-30 18:47:51 [booklist] INFO: VALID_ID: 2575867
2023-06-30 18:47:51 [booklist] INFO: VALID_ID: 2607135
2023-06-30 18:47:51 [booklist] INFO: VALID_ID: 2575863
2023-06-30 18:47:51 [booklist] INFO: VALID_ID: 2575871
2023-06-30 18:47:51 [booklist] INFO: VALID_ID: 2610662
2023-06-30 18:47:51 [booklist] INFO: VALID_ID: 2575868
2023-06-30 18:47:51 [booklist] INFO: VALID_ID: 2575859
2023-06-30 18:47:51 [booklist] INFO: VALID_ID: 2575864
2023-06-30 18:47:51 [booklist] INFO: VALID_ID: 2585310
2023-06-30 18:47:51 [booklist] INFO: VALID_ID: 2581052
2023-06-30 18:47:51 [booklist] INFO: VALID_ID: 2541052
2023-06-30 18:47:51 [booklist] INFO: VALID_ID: 2559076
2023-06-30 18:47:51 [booklist] INFO: VALID_ID: 10303901
2023-06-30 18:47:51 [booklist] INFO: VALID_ID: 2607303
2023-06-30 18:47:51 [booklist] INFO: VALID_ID: 2559080
2023-06-30 18:47:51 [booklist] INFO: VALID_ID: 2559081
2023-06-30 18:47:51 [booklist] INFO: VALID_ID: 2609227
2023-06-30 18:47:51 [booklist] INFO: VALID_ID: 2559074
2023-06-30 18:47:51 [booklist] INFO: VALID_ID: 2559075
2023-06-30 18:47:51 [booklist] INFO: VALID_ID: 2559079
2023-06-30 18:47:51 [booklist] INFO: VALID_ID: 2559077
2023-06-30 18:47:51 [booklist] INFO: VALID_ID: 2590377
2023-06-30 18:47:51 [booklist] INFO: VALID_ID: 2559073
2023-06-30 18:47:51 [booklist] INFO: VALID_ID: 2606412
2023-06-30 18:47:51 [booklist] INFO: VALID_ID: 2606349
2023-06-30 18:47:51 [booklist] INFO: VALID_ID: 2609222
2023-06-30 18:47:51 [booklist] INFO: VALID_ID: 2559098
2023-06-30 18:47:51 [booklist] INFO: VALID_ID: 2559092
2023-06-30 18:47:51 [booklist] INFO: VALID_ID: 2559100
2023-06-30 18:47:51 [booklist] INFO: VALID_ID: 10301165
2023-06-30 18:47:51 [booklist] INFO: VALID_ID: 2609633
2023-06-30 18:47:51 [booklist] INFO: VALID_ID: 2559097
2023-06-30 18:47:51 [booklist] INFO: VALID_ID: 2559093
2023-06-30 18:47:51 [booklist] INFO: VALID_ID: 2559091
2023-06-30 18:47:51 [booklist] INFO: VALID_ID: 2559095
2023-06-30 18:47:51 [booklist] INFO: VALID_ID: 2559099
2023-06-30 18:47:51 [booklist] INFO: VALID_ID: 2559096
2023-06-30 18:47:51 [booklist] INFO: VALID_ID: 2559101
2023-06-30 18:47:51 [booklist] INFO: VALID_ID: 2609563
2023-06-30 18:47:51 [booklist] INFO: VALID_ID: 2608884
2023-06-30 18:47:51 [booklist] INFO: VALID_ID: 2542560
2023-06-30 18:47:51 [booklist] INFO: VALID_ID: 2611085
2023-06-30 18:47:51 [booklist] INFO: VALID_ID: 9369953
2023-06-30 18:47:51 [booklist] INFO: VALID_ID: 2609783
2023-06-30 18:47:51 [booklist] INFO: VALID_ID: 2611035
2023-06-30 18:47:52 [scrapy.core.engine] DEBUG: Crawled (200) <POST https://dl.ndl.go.jp/api/item/search> (referer: https://dl.ndl.go.jp/api/item/search)
2023-06-30 18:47:52 [booklist] INFO: Fetched page 4
2023-06-30 18:47:52 [booklist] INFO: No more books on 4
2023-06-30 18:47:52 [scrapy.core.engine] INFO: Closing spider (finished)
2023-06-30 18:47:52 [scrapy.statscollectors] INFO: Dumping Scrapy stats:
{'downloader/request_bytes': 5579,
 'downloader/request_count': 5,
 'downloader/request_method_count/GET': 1,
 'downloader/request_method_count/POST': 4,
 'downloader/response_bytes': 1763028,
 'downloader/response_count': 5,
 'downloader/response_status_count/200': 5,
 'elapsed_time_seconds': 5.900336,
 'finish_reason': 'finished',
 'finish_time': datetime.datetime(2023, 6, 30, 10, 47, 52, 433793),
 'httpcompression/response_bytes': 21090745,
 'httpcompression/response_count': 4,
 'log_count/DEBUG': 8,
 'log_count/INFO': 289,
 'memusage/max': 63983616,
 'memusage/startup': 63983616,
 'request_depth_max': 3,
 'response_received_count': 5,
 'robotstxt/request_count': 1,
 'robotstxt/response_count': 1,
 'robotstxt/response_status_count/200': 1,
 'scheduler/dequeued': 4,
 'scheduler/dequeued/memory': 4,
 'scheduler/enqueued': 4,
 'scheduler/enqueued/memory': 4,
 'start_time': datetime.datetime(2023, 6, 30, 10, 47, 46, 533457)}
2023-06-30 18:47:52 [scrapy.core.engine] INFO: Spider closed (finished)
