2023-06-30 17:10:08 [scrapy.utils.log] INFO: Scrapy 2.9.0 started (bot: ndlcrawler)
2023-06-30 17:10:08 [scrapy.utils.log] INFO: Versions: lxml 4.9.2.0, libxml2 2.9.14, cssselect 1.2.0, parsel 1.8.1, w3lib 2.1.1, Twisted 22.10.0, Python 3.10.10 (main, Mar  5 2023, 22:26:53) [GCC 12.2.1 20230201], pyOpenSSL 23.2.0 (OpenSSL 3.1.1 30 May 2023), cryptography 41.0.1, Platform Linux-6.2.12-arch1-1-x86_64-with-glibc2.37
2023-06-30 17:10:08 [scrapy.crawler] INFO: Overridden settings:
{'BOT_NAME': 'ndlcrawler',
 'FEED_EXPORT_ENCODING': 'utf-8',
 'LOG_FILE': 'logs/booklist.title.茶.DESC.log',
 'NEWSPIDER_MODULE': 'ndlcrawler.spiders',
 'REQUEST_FINGERPRINTER_IMPLEMENTATION': '2.7',
 'ROBOTSTXT_OBEY': True,
 'SPIDER_MODULES': ['ndlcrawler.spiders'],
 'TWISTED_REACTOR': 'twisted.internet.asyncioreactor.AsyncioSelectorReactor'}
2023-06-30 17:10:08 [asyncio] DEBUG: Using selector: EpollSelector
2023-06-30 17:10:08 [scrapy.utils.log] DEBUG: Using reactor: twisted.internet.asyncioreactor.AsyncioSelectorReactor
2023-06-30 17:10:08 [scrapy.utils.log] DEBUG: Using asyncio event loop: asyncio.unix_events._UnixSelectorEventLoop
2023-06-30 17:10:08 [scrapy.extensions.telnet] INFO: Telnet Password: 66b8e102d8ff184d
2023-06-30 17:10:08 [scrapy.middleware] INFO: Enabled extensions:
['scrapy.extensions.corestats.CoreStats',
 'scrapy.extensions.telnet.TelnetConsole',
 'scrapy.extensions.memusage.MemoryUsage',
 'scrapy.extensions.logstats.LogStats']
2023-06-30 17:10:08 [scrapy.middleware] INFO: Enabled downloader middlewares:
['scrapy.downloadermiddlewares.robotstxt.RobotsTxtMiddleware',
 'scrapy.downloadermiddlewares.httpauth.HttpAuthMiddleware',
 'scrapy.downloadermiddlewares.downloadtimeout.DownloadTimeoutMiddleware',
 'scrapy.downloadermiddlewares.defaultheaders.DefaultHeadersMiddleware',
 'scrapy.downloadermiddlewares.useragent.UserAgentMiddleware',
 'scrapy.downloadermiddlewares.retry.RetryMiddleware',
 'scrapy.downloadermiddlewares.redirect.MetaRefreshMiddleware',
 'scrapy.downloadermiddlewares.httpcompression.HttpCompressionMiddleware',
 'scrapy.downloadermiddlewares.redirect.RedirectMiddleware',
 'scrapy.downloadermiddlewares.cookies.CookiesMiddleware',
 'scrapy.downloadermiddlewares.httpproxy.HttpProxyMiddleware',
 'scrapy.downloadermiddlewares.stats.DownloaderStats']
2023-06-30 17:10:08 [scrapy.middleware] INFO: Enabled spider middlewares:
['scrapy.spidermiddlewares.httperror.HttpErrorMiddleware',
 'scrapy.spidermiddlewares.offsite.OffsiteMiddleware',
 'scrapy.spidermiddlewares.referer.RefererMiddleware',
 'scrapy.spidermiddlewares.urllength.UrlLengthMiddleware',
 'scrapy.spidermiddlewares.depth.DepthMiddleware']
2023-06-30 17:10:08 [scrapy.middleware] INFO: Enabled item pipelines:
[]
2023-06-30 17:10:08 [scrapy.core.engine] INFO: Spider opened
2023-06-30 17:10:08 [scrapy.extensions.logstats] INFO: Crawled 0 pages (at 0 pages/min), scraped 0 items (at 0 items/min)
2023-06-30 17:10:08 [scrapy.extensions.telnet] INFO: Telnet console listening on 127.0.0.1:6023
2023-06-30 17:10:09 [scrapy.core.engine] DEBUG: Crawled (200) <GET https://dl.ndl.go.jp/robots.txt> (referer: None)
2023-06-30 17:10:10 [scrapy.core.engine] DEBUG: Crawled (200) <POST https://dl.ndl.go.jp/api/item/search> (referer: None)
2023-06-30 17:10:10 [booklist] INFO: Fetched page 1
2023-06-30 17:10:10 [booklist] INFO: VALID_ID: 2539973
2023-06-30 17:10:10 [booklist] INFO: VALID_ID: 2541375
2023-06-30 17:10:10 [booklist] INFO: VALID_ID: 2538445
2023-06-30 17:10:10 [booklist] INFO: VALID_ID: 2538330
2023-06-30 17:10:10 [booklist] INFO: VALID_ID: 2608723
2023-06-30 17:10:10 [booklist] INFO: VALID_ID: 2567720
2023-06-30 17:10:10 [booklist] INFO: VALID_ID: 2567723
2023-06-30 17:10:10 [booklist] INFO: VALID_ID: 2538368
2023-06-30 17:10:10 [booklist] INFO: VALID_ID: 2538407
2023-06-30 17:10:10 [booklist] INFO: VALID_ID: 2538458
2023-06-30 17:10:10 [booklist] INFO: VALID_ID: 2538456
2023-06-30 17:10:10 [booklist] INFO: VALID_ID: 2538363
2023-06-30 17:10:10 [booklist] INFO: VALID_ID: 2538346
2023-06-30 17:10:10 [booklist] INFO: VALID_ID: 2567771
2023-06-30 17:10:10 [booklist] INFO: VALID_ID: 2538365
2023-06-30 17:10:10 [booklist] INFO: VALID_ID: 2538475
2023-06-30 17:10:10 [booklist] INFO: VALID_ID: 2538393
2023-06-30 17:10:10 [booklist] INFO: VALID_ID: 9892666
2023-06-30 17:10:10 [booklist] INFO: VALID_ID: 2561507
2023-06-30 17:10:10 [booklist] INFO: VALID_ID: 2538409
2023-06-30 17:10:10 [booklist] INFO: VALID_ID: 2538461
2023-06-30 17:10:10 [booklist] INFO: VALID_ID: 2541209
2023-06-30 17:10:10 [booklist] INFO: VALID_ID: 2561505
2023-06-30 17:10:10 [booklist] INFO: VALID_ID: 2608275
2023-06-30 17:10:10 [booklist] INFO: VALID_ID: 2575278
2023-06-30 17:10:10 [booklist] INFO: VALID_ID: 2575281
2023-06-30 17:10:10 [booklist] INFO: VALID_ID: 2538422
2023-06-30 17:10:10 [booklist] INFO: VALID_ID: 10301336
2023-06-30 17:10:10 [booklist] INFO: VALID_ID: 2538329
2023-06-30 17:10:10 [booklist] INFO: VALID_ID: 2538401
2023-06-30 17:10:10 [booklist] INFO: VALID_ID: 2538383
2023-06-30 17:10:10 [booklist] INFO: VALID_ID: 2605396
2023-06-30 17:10:10 [booklist] INFO: VALID_ID: 2567738
2023-06-30 17:10:10 [booklist] INFO: VALID_ID: 2567743
2023-06-30 17:10:10 [booklist] INFO: VALID_ID: 2575279
2023-06-30 17:10:10 [booklist] INFO: VALID_ID: 2575280
2023-06-30 17:10:10 [booklist] INFO: VALID_ID: 2538472
2023-06-30 17:10:10 [booklist] INFO: VALID_ID: 2538405
2023-06-30 17:10:10 [booklist] INFO: VALID_ID: 2538400
2023-06-30 17:10:10 [booklist] INFO: VALID_ID: 2561527
2023-06-30 17:10:10 [booklist] INFO: VALID_ID: 1305523
2023-06-30 17:10:10 [booklist] INFO: VALID_ID: 2561508
2023-06-30 17:10:10 [booklist] INFO: VALID_ID: 2561509
2023-06-30 17:10:10 [booklist] INFO: VALID_ID: 2561567
2023-06-30 17:10:10 [booklist] INFO: VALID_ID: 2538336
2023-06-30 17:10:10 [booklist] INFO: VALID_ID: 2610926
2023-06-30 17:10:10 [booklist] INFO: VALID_ID: 2561528
2023-06-30 17:10:10 [booklist] INFO: VALID_ID: 2608093
2023-06-30 17:10:10 [booklist] INFO: VALID_ID: 2561506
2023-06-30 17:10:10 [booklist] INFO: VALID_ID: 2538372
2023-06-30 17:10:10 [booklist] INFO: VALID_ID: 2561533
2023-06-30 17:10:10 [booklist] INFO: VALID_ID: 2607691
2023-06-30 17:10:10 [booklist] INFO: VALID_ID: 2538439
2023-06-30 17:10:10 [booklist] INFO: VALID_ID: 2567746
2023-06-30 17:10:10 [booklist] INFO: VALID_ID: 2538408
2023-06-30 17:10:10 [booklist] INFO: VALID_ID: 2608021
2023-06-30 17:10:10 [booklist] INFO: VALID_ID: 2554207
2023-06-30 17:10:10 [booklist] INFO: VALID_ID: 2561504
2023-06-30 17:10:10 [booklist] INFO: VALID_ID: 2538444
2023-06-30 17:10:10 [booklist] INFO: VALID_ID: 2575277
2023-06-30 17:10:10 [booklist] INFO: VALID_ID: 2538447
2023-06-30 17:10:10 [booklist] INFO: VALID_ID: 2561566
2023-06-30 17:10:10 [booklist] INFO: VALID_ID: 2567737
2023-06-30 17:10:10 [booklist] INFO: VALID_ID: 2567744
2023-06-30 17:10:10 [booklist] INFO: VALID_ID: 2567745
2023-06-30 17:10:10 [booklist] INFO: VALID_ID: 2538412
2023-06-30 17:10:10 [booklist] INFO: VALID_ID: 2538421
2023-06-30 17:10:10 [booklist] INFO: VALID_ID: 2567736
2023-06-30 17:10:10 [booklist] INFO: VALID_ID: 2536501
2023-06-30 17:10:10 [booklist] INFO: VALID_ID: 2561530
2023-06-30 17:10:10 [booklist] INFO: VALID_ID: 2554205
2023-06-30 17:10:10 [booklist] INFO: VALID_ID: 2561568
2023-06-30 17:10:10 [booklist] INFO: VALID_ID: 8929820
2023-06-30 17:10:10 [booklist] INFO: VALID_ID: 2538361
2023-06-30 17:10:10 [booklist] INFO: VALID_ID: 2607414
2023-06-30 17:10:10 [booklist] INFO: VALID_ID: 9892753
2023-06-30 17:10:10 [booklist] INFO: VALID_ID: 2538386
2023-06-30 17:10:10 [booklist] INFO: VALID_ID: 2608719
2023-06-30 17:10:10 [booklist] INFO: VALID_ID: 2607216
2023-06-30 17:10:10 [booklist] INFO: VALID_ID: 2607874
2023-06-30 17:10:10 [booklist] INFO: VALID_ID: 2538366
2023-06-30 17:10:10 [booklist] INFO: VALID_ID: 2554204
2023-06-30 17:10:10 [booklist] INFO: VALID_ID: 2567740
2023-06-30 17:10:10 [booklist] INFO: VALID_ID: 2554208
2023-06-30 17:10:10 [booklist] INFO: VALID_ID: 2561534
2023-06-30 17:10:10 [booklist] INFO: VALID_ID: 2538440
2023-06-30 17:10:10 [booklist] INFO: VALID_ID: 2561569
2023-06-30 17:10:10 [booklist] INFO: VALID_ID: 2561532
2023-06-30 17:10:10 [booklist] INFO: VALID_ID: 2567741
2023-06-30 17:10:10 [booklist] INFO: VALID_ID: 2538450
2023-06-30 17:10:10 [booklist] INFO: VALID_ID: 1305521
2023-06-30 17:10:10 [booklist] INFO: VALID_ID: 2567739
2023-06-30 17:10:10 [booklist] INFO: VALID_ID: 2538453
2023-06-30 17:10:10 [booklist] INFO: VALID_ID: 2561512
2023-06-30 17:10:10 [booklist] INFO: VALID_ID: 2538470
2023-06-30 17:10:10 [booklist] INFO: VALID_ID: 1305525
2023-06-30 17:10:10 [booklist] INFO: VALID_ID: 2538426
2023-06-30 17:10:10 [booklist] INFO: VALID_ID: 2567735
2023-06-30 17:10:10 [booklist] INFO: VALID_ID: 2567742
2023-06-30 17:10:10 [booklist] INFO: VALID_ID: 1305520
2023-06-30 17:10:11 [scrapy.core.engine] DEBUG: Crawled (200) <POST https://dl.ndl.go.jp/api/item/search> (referer: https://dl.ndl.go.jp/api/item/search)
2023-06-30 17:10:11 [booklist] INFO: Fetched page 2
2023-06-30 17:10:11 [booklist] INFO: VALID_ID: 2538470
2023-06-30 17:10:11 [booklist] INFO: VALID_ID: 2538426
2023-06-30 17:10:11 [booklist] INFO: VALID_ID: 1305525
2023-06-30 17:10:11 [booklist] INFO: VALID_ID: 2608719
2023-06-30 17:10:11 [booklist] INFO: VALID_ID: 2561531
2023-06-30 17:10:11 [booklist] INFO: VALID_ID: 2561510
2023-06-30 17:10:11 [booklist] INFO: VALID_ID: 1305524
2023-06-30 17:10:11 [booklist] INFO: VALID_ID: 1305522
2023-06-30 17:10:11 [booklist] INFO: VALID_ID: 2608074
2023-06-30 17:10:11 [booklist] INFO: VALID_ID: 2554206
2023-06-30 17:10:11 [booklist] INFO: VALID_ID: 9367559
2023-06-30 17:10:11 [booklist] INFO: VALID_ID: 9893754
2023-06-30 17:10:11 [booklist] INFO: VALID_ID: 2578067
2023-06-30 17:10:11 [booklist] INFO: VALID_ID: 9893755
2023-06-30 17:10:11 [booklist] INFO: VALID_ID: 9892606
2023-06-30 17:10:11 [booklist] INFO: VALID_ID: 2610153
2023-06-30 17:10:11 [booklist] INFO: VALID_ID: 10301529
2023-06-30 17:10:11 [booklist] INFO: VALID_ID: 2541129
2023-06-30 17:10:11 [booklist] INFO: VALID_ID: 2559218
2023-06-30 17:10:11 [booklist] INFO: VALID_ID: 8929757
2023-06-30 17:10:11 [booklist] INFO: VALID_ID: 2539974
2023-06-30 17:10:11 [booklist] INFO: VALID_ID: 9892880
2023-06-30 17:10:11 [booklist] INFO: VALID_ID: 10301087
2023-06-30 17:10:11 [booklist] INFO: VALID_ID: 9893116
2023-06-30 17:10:11 [booklist] INFO: VALID_ID: 2536638
2023-06-30 17:10:11 [booklist] INFO: VALID_ID: 2539978
2023-06-30 17:10:11 [booklist] INFO: VALID_ID: 9893284
2023-06-30 17:10:11 [booklist] INFO: VALID_ID: 2536570
2023-06-30 17:10:11 [booklist] INFO: VALID_ID: 8929645
2023-06-30 17:10:11 [booklist] INFO: VALID_ID: 9892455
2023-06-30 17:10:11 [booklist] INFO: VALID_ID: 11446679
2023-06-30 17:10:11 [booklist] INFO: VALID_ID: 2538355
2023-06-30 17:10:11 [booklist] INFO: VALID_ID: 11446347
2023-06-30 17:10:11 [booklist] INFO: VALID_ID: 10301337
2023-06-30 17:10:11 [booklist] INFO: VALID_ID: 11446345
2023-06-30 17:10:11 [booklist] INFO: VALID_ID: 2542673
2023-06-30 17:10:11 [booklist] INFO: VALID_ID: 2538347
2023-06-30 17:10:11 [booklist] INFO: VALID_ID: 2538367
2023-06-30 17:10:11 [booklist] INFO: VALID_ID: 11445825
2023-06-30 17:10:11 [booklist] INFO: VALID_ID: 11446344
2023-06-30 17:10:11 [booklist] INFO: VALID_ID: 2541371
2023-06-30 17:10:11 [booklist] INFO: VALID_ID: 2538379
2023-06-30 17:10:11 [booklist] INFO: VALID_ID: 2538380
2023-06-30 17:10:11 [booklist] INFO: VALID_ID: 8929972
2023-06-30 17:10:11 [booklist] INFO: VALID_ID: 2538451
2023-06-30 17:10:11 [booklist] INFO: VALID_ID: 2538390
2023-06-30 17:10:11 [booklist] INFO: VALID_ID: 2538464
2023-06-30 17:10:11 [booklist] INFO: VALID_ID: 2538471
2023-06-30 17:10:11 [booklist] INFO: VALID_ID: 2538403
2023-06-30 17:10:11 [booklist] INFO: VALID_ID: 2538466
2023-06-30 17:10:11 [booklist] INFO: VALID_ID: 11445843
2023-06-30 17:10:11 [booklist] INFO: VALID_ID: 2539981
2023-06-30 17:10:11 [booklist] INFO: VALID_ID: 2539982
2023-06-30 17:10:11 [booklist] INFO: VALID_ID: 2536942
2023-06-30 17:10:11 [booklist] INFO: VALID_ID: 2538435
2023-06-30 17:10:11 [booklist] INFO: VALID_ID: 2538343
2023-06-30 17:10:11 [booklist] INFO: VALID_ID: 2538331
2023-06-30 17:10:11 [booklist] INFO: VALID_ID: 11446343
2023-06-30 17:10:11 [booklist] INFO: VALID_ID: 2538373
2023-06-30 17:10:11 [booklist] INFO: VALID_ID: 2538353
2023-06-30 17:10:11 [booklist] INFO: VALID_ID: 11446342
2023-06-30 17:10:11 [booklist] INFO: VALID_ID: 2561525
2023-06-30 17:10:11 [booklist] INFO: VALID_ID: 2538119
2023-06-30 17:10:11 [booklist] INFO: VALID_ID: 2538468
2023-06-30 17:10:11 [booklist] INFO: VALID_ID: 2536555
2023-06-30 17:10:11 [booklist] INFO: VALID_ID: 10301051
2023-06-30 17:10:11 [booklist] INFO: VALID_ID: 2536140
2023-06-30 17:10:11 [booklist] INFO: VALID_ID: 2538339
2023-06-30 17:10:11 [booklist] INFO: VALID_ID: 2538354
2023-06-30 17:10:11 [booklist] INFO: VALID_ID: 2541368
2023-06-30 17:10:11 [booklist] INFO: VALID_ID: 2538432
2023-06-30 17:10:11 [booklist] INFO: VALID_ID: 2538477
2023-06-30 17:10:11 [booklist] INFO: VALID_ID: 2538465
2023-06-30 17:10:11 [booklist] INFO: VALID_ID: 2538442
2023-06-30 17:10:11 [booklist] INFO: VALID_ID: 2561540
2023-06-30 17:10:11 [booklist] INFO: VALID_ID: 2538397
2023-06-30 17:10:11 [booklist] INFO: VALID_ID: 2538382
2023-06-30 17:10:11 [booklist] INFO: VALID_ID: 2538396
2023-06-30 17:10:11 [booklist] INFO: VALID_ID: 2538418
2023-06-30 17:10:11 [booklist] INFO: VALID_ID: 2538436
2023-06-30 17:10:11 [booklist] INFO: VALID_ID: 2538340
2023-06-30 17:10:11 [booklist] INFO: VALID_ID: 2538376
2023-06-30 17:10:11 [booklist] INFO: VALID_ID: 2538371
2023-06-30 17:10:11 [booklist] INFO: VALID_ID: 2539834
2023-06-30 17:10:11 [booklist] INFO: VALID_ID: 2561524
2023-06-30 17:10:11 [booklist] INFO: VALID_ID: 2535616
2023-06-30 17:10:11 [booklist] INFO: VALID_ID: 8929860
2023-06-30 17:10:11 [booklist] INFO: VALID_ID: 11446346
2023-06-30 17:10:11 [booklist] INFO: VALID_ID: 2561526
2023-06-30 17:10:11 [booklist] INFO: VALID_ID: 2538388
2023-06-30 17:10:11 [booklist] INFO: VALID_ID: 2538335
2023-06-30 17:10:11 [booklist] INFO: VALID_ID: 2607252
2023-06-30 17:10:11 [booklist] INFO: VALID_ID: 2607551
2023-06-30 17:10:11 [booklist] INFO: VALID_ID: 2608100
2023-06-30 17:10:11 [booklist] INFO: VALID_ID: 2538344
2023-06-30 17:10:11 [booklist] INFO: VALID_ID: 2538337
2023-06-30 17:10:11 [booklist] INFO: VALID_ID: 2538462
2023-06-30 17:10:11 [booklist] INFO: VALID_ID: 2538480
2023-06-30 17:10:11 [booklist] INFO: VALID_ID: 2538467
2023-06-30 17:10:11 [booklist] INFO: VALID_ID: 2538429
2023-06-30 17:10:12 [scrapy.core.engine] DEBUG: Crawled (200) <POST https://dl.ndl.go.jp/api/item/search> (referer: https://dl.ndl.go.jp/api/item/search)
2023-06-30 17:10:12 [booklist] INFO: Fetched page 3
2023-06-30 17:10:13 [booklist] INFO: VALID_ID: 2537214
2023-06-30 17:10:13 [booklist] INFO: VALID_ID: 2561522
2023-06-30 17:10:13 [booklist] INFO: VALID_ID: 11445843
2023-06-30 17:10:13 [booklist] INFO: VALID_ID: 2536837
2023-06-30 17:10:13 [booklist] INFO: VALID_ID: 2538380
2023-06-30 17:10:13 [booklist] INFO: VALID_ID: 2561553
2023-06-30 17:10:13 [booklist] INFO: VALID_ID: 2538457
2023-06-30 17:10:13 [booklist] INFO: VALID_ID: 2538473
2023-06-30 17:10:13 [booklist] INFO: VALID_ID: 2538424
2023-06-30 17:10:13 [booklist] INFO: VALID_ID: 2538482
2023-06-30 17:10:13 [booklist] INFO: VALID_ID: 2538434
2023-06-30 17:10:13 [booklist] INFO: VALID_ID: 2561539
2023-06-30 17:10:13 [booklist] INFO: VALID_ID: 2540663
2023-06-30 17:10:13 [booklist] INFO: VALID_ID: 2536856
2023-06-30 17:10:13 [booklist] INFO: VALID_ID: 2538396
2023-06-30 17:10:13 [booklist] INFO: VALID_ID: 2538418
2023-06-30 17:10:13 [booklist] INFO: VALID_ID: 2538436
2023-06-30 17:10:13 [booklist] INFO: VALID_ID: 2541373
2023-06-30 17:10:13 [booklist] INFO: VALID_ID: 2538481
2023-06-30 17:10:13 [booklist] INFO: VALID_ID: 2538443
2023-06-30 17:10:13 [booklist] INFO: VALID_ID: 2538428
2023-06-30 17:10:13 [booklist] INFO: VALID_ID: 2538469
2023-06-30 17:10:13 [booklist] INFO: VALID_ID: 2538411
2023-06-30 17:10:13 [booklist] INFO: VALID_ID: 2538459
2023-06-30 17:10:13 [booklist] INFO: VALID_ID: 2538385
2023-06-30 17:10:13 [booklist] INFO: VALID_ID: 2538431
2023-06-30 17:10:13 [booklist] INFO: VALID_ID: 2538452
2023-06-30 17:10:13 [booklist] INFO: VALID_ID: 2607864
2023-06-30 17:10:13 [booklist] INFO: VALID_ID: 2538374
2023-06-30 17:10:13 [booklist] INFO: VALID_ID: 2573188
2023-06-30 17:10:13 [booklist] INFO: VALID_ID: 2578061
2023-06-30 17:10:13 [booklist] INFO: VALID_ID: 2561561
2023-06-30 17:10:13 [booklist] INFO: VALID_ID: 2573194
2023-06-30 17:10:13 [booklist] INFO: VALID_ID: 2573184
2023-06-30 17:10:13 [booklist] INFO: VALID_ID: 2573190
2023-06-30 17:10:13 [booklist] INFO: VALID_ID: 2573196
2023-06-30 17:10:13 [booklist] INFO: VALID_ID: 2538331
2023-06-30 17:10:13 [booklist] INFO: VALID_ID: 2573195
2023-06-30 17:10:13 [booklist] INFO: VALID_ID: 2538129
2023-06-30 17:10:13 [booklist] INFO: VALID_ID: 2573189
2023-06-30 17:10:13 [booklist] INFO: VALID_ID: 2573187
2023-06-30 17:10:13 [booklist] INFO: VALID_ID: 2538435
2023-06-30 17:10:13 [booklist] INFO: VALID_ID: 2541374
2023-06-30 17:10:13 [booklist] INFO: VALID_ID: 2573193
2023-06-30 17:10:13 [booklist] INFO: VALID_ID: 2573192
2023-06-30 17:10:13 [booklist] INFO: VALID_ID: 2538413
2023-06-30 17:10:13 [booklist] INFO: VALID_ID: 2578062
2023-06-30 17:10:13 [booklist] INFO: VALID_ID: 2561545
2023-06-30 17:10:13 [booklist] INFO: VALID_ID: 2538460
2023-06-30 17:10:13 [booklist] INFO: VALID_ID: 2561515
2023-06-30 17:10:13 [booklist] INFO: VALID_ID: 2608928
2023-06-30 17:10:13 [booklist] INFO: VALID_ID: 2561547
2023-06-30 17:10:13 [booklist] INFO: VALID_ID: 2538420
2023-06-30 17:10:13 [booklist] INFO: VALID_ID: 2541370
2023-06-30 17:10:13 [booklist] INFO: VALID_ID: 2538369
2023-06-30 17:10:13 [booklist] INFO: VALID_ID: 2536372
2023-06-30 17:10:13 [booklist] INFO: VALID_ID: 9892777
2023-06-30 17:10:13 [booklist] INFO: VALID_ID: 2541368
2023-06-30 17:10:13 [booklist] INFO: VALID_ID: 2538339
2023-06-30 17:10:13 [booklist] INFO: VALID_ID: 2538354
2023-06-30 17:10:13 [booklist] INFO: VALID_ID: 2573186
2023-06-30 17:10:13 [booklist] INFO: VALID_ID: 2573191
2023-06-30 17:10:13 [booklist] INFO: VALID_ID: 2578069
2023-06-30 17:10:13 [booklist] INFO: VALID_ID: 2538342
2023-06-30 17:10:13 [booklist] INFO: VALID_ID: 2561563
2023-06-30 17:10:13 [booklist] INFO: VALID_ID: 2578070
2023-06-30 17:10:13 [booklist] INFO: VALID_ID: 2561551
2023-06-30 17:10:13 [booklist] INFO: VALID_ID: 2561514
2023-06-30 17:10:13 [booklist] INFO: VALID_ID: 2536373
2023-06-30 17:10:13 [booklist] INFO: VALID_ID: 2561525
2023-06-30 17:10:13 [booklist] INFO: VALID_ID: 2538381
2023-06-30 17:10:13 [booklist] INFO: VALID_ID: 2608250
2023-06-30 17:10:13 [booklist] INFO: VALID_ID: 2541237
2023-06-30 17:10:13 [booklist] INFO: VALID_ID: 2582744
2023-06-30 17:10:13 [booklist] INFO: VALID_ID: 2539491
2023-06-30 17:10:13 [booklist] INFO: VALID_ID: 2538474
2023-06-30 17:10:13 [booklist] INFO: VALID_ID: 2538399
2023-06-30 17:10:13 [booklist] INFO: VALID_ID: 2561513
2023-06-30 17:10:13 [booklist] INFO: VALID_ID: 2538479
2023-06-30 17:10:13 [booklist] INFO: VALID_ID: 2538414
2023-06-30 17:10:13 [booklist] INFO: VALID_ID: 2573183
2023-06-30 17:10:13 [booklist] INFO: VALID_ID: 2561542
2023-06-30 17:10:13 [booklist] INFO: VALID_ID: 2607479
2023-06-30 17:10:13 [booklist] INFO: VALID_ID: 2536172
2023-06-30 17:10:13 [booklist] INFO: VALID_ID: 2582745
2023-06-30 17:10:13 [booklist] INFO: VALID_ID: 2608760
2023-06-30 17:10:13 [booklist] INFO: VALID_ID: 2538438
2023-06-30 17:10:13 [booklist] INFO: VALID_ID: 2538956
2023-06-30 17:10:13 [booklist] INFO: VALID_ID: 2538433
2023-06-30 17:10:13 [booklist] INFO: VALID_ID: 2538077
2023-06-30 17:10:13 [booklist] INFO: VALID_ID: 1304241
2023-06-30 17:10:13 [booklist] INFO: VALID_ID: 2561560
2023-06-30 17:10:13 [booklist] INFO: VALID_ID: 2536171
2023-06-30 17:10:13 [booklist] INFO: VALID_ID: 2563612
2023-06-30 17:10:13 [booklist] INFO: VALID_ID: 2541372
2023-06-30 17:10:13 [booklist] INFO: VALID_ID: 2538455
2023-06-30 17:10:13 [booklist] INFO: VALID_ID: 2538425
2023-06-30 17:10:13 [booklist] INFO: VALID_ID: 2538437
2023-06-30 17:10:13 [booklist] INFO: VALID_ID: 2538430
2023-06-30 17:10:13 [booklist] INFO: VALID_ID: 2538417
2023-06-30 17:10:13 [scrapy.core.engine] DEBUG: Crawled (200) <POST https://dl.ndl.go.jp/api/item/search> (referer: https://dl.ndl.go.jp/api/item/search)
2023-06-30 17:10:13 [booklist] INFO: Fetched page 4
2023-06-30 17:10:14 [booklist] INFO: VALID_ID: 2541372
2023-06-30 17:10:14 [booklist] INFO: VALID_ID: 2538455
2023-06-30 17:10:14 [booklist] INFO: VALID_ID: 2538425
2023-06-30 17:10:14 [booklist] INFO: VALID_ID: 2538437
2023-06-30 17:10:14 [booklist] INFO: VALID_ID: 2538430
2023-06-30 17:10:14 [booklist] INFO: VALID_ID: 2538417
2023-06-30 17:10:14 [booklist] INFO: VALID_ID: 2563611
2023-06-30 17:10:14 [booklist] INFO: VALID_ID: 2535960
2023-06-30 17:10:14 [booklist] INFO: VALID_ID: 2538077
2023-06-30 17:10:14 [booklist] INFO: VALID_ID: 1304241
2023-06-30 17:10:14 [booklist] INFO: VALID_ID: 11223136
2023-06-30 17:10:14 [booklist] INFO: VALID_ID: 2538481
2023-06-30 17:10:14 [booklist] INFO: VALID_ID: 2538443
2023-06-30 17:10:14 [booklist] INFO: VALID_ID: 2538428
2023-06-30 17:10:14 [booklist] INFO: VALID_ID: 2538469
2023-06-30 17:10:14 [booklist] INFO: VALID_ID: 2541373
2023-06-30 17:10:14 [booklist] INFO: VALID_ID: 2573185
2023-06-30 17:10:14 [booklist] INFO: VALID_ID: 1306195
2023-06-30 17:10:14 [booklist] INFO: VALID_ID: 2538956
2023-06-30 17:10:14 [booklist] INFO: VALID_ID: 2538076
2023-06-30 17:10:14 [booklist] INFO: VALID_ID: 2539465
2023-06-30 17:10:14 [booklist] INFO: VALID_ID: 2534646
2023-06-30 17:10:14 [booklist] INFO: VALID_ID: 2578065
2023-06-30 17:10:14 [booklist] INFO: VALID_ID: 1311370
2023-06-30 17:10:14 [booklist] INFO: VALID_ID: 2561541
2023-06-30 17:10:14 [booklist] INFO: VALID_ID: 2578068
2023-06-30 17:10:14 [booklist] INFO: VALID_ID: 2561554
2023-06-30 17:10:14 [booklist] INFO: VALID_ID: 2578064
2023-06-30 17:10:14 [booklist] INFO: VALID_ID: 11223166
2023-06-30 17:10:14 [booklist] INFO: VALID_ID: 2533708
2023-06-30 17:10:14 [booklist] INFO: VALID_ID: 2538419
2023-06-30 17:10:14 [booklist] INFO: VALID_ID: 1303576
2023-06-30 17:10:14 [booklist] INFO: VALID_ID: 2608855
2023-06-30 17:10:14 [booklist] INFO: VALID_ID: 2541825
2023-06-30 17:10:14 [booklist] INFO: VALID_ID: 2561523
2023-06-30 17:10:14 [booklist] INFO: VALID_ID: 2561559
2023-06-30 17:10:14 [booklist] INFO: VALID_ID: 2561565
2023-06-30 17:10:14 [booklist] INFO: VALID_ID: 2561546
2023-06-30 17:10:14 [booklist] INFO: VALID_ID: 2561550
2023-06-30 17:10:14 [booklist] INFO: VALID_ID: 2538955
2023-06-30 17:10:14 [booklist] INFO: VALID_ID: 2608381
2023-06-30 17:10:14 [booklist] INFO: VALID_ID: 2561538
2023-06-30 17:10:14 [booklist] INFO: VALID_ID: 2539979
2023-06-30 17:10:14 [booklist] INFO: VALID_ID: 2541480
2023-06-30 17:10:14 [booklist] INFO: VALID_ID: 2610260
2023-06-30 17:10:14 [booklist] INFO: VALID_ID: 2541119
2023-06-30 17:10:14 [booklist] INFO: VALID_ID: 2561513
2023-06-30 17:10:14 [booklist] INFO: VALID_ID: 2543040
2023-06-30 17:10:14 [booklist] INFO: VALID_ID: 2567764
2023-06-30 17:10:14 [booklist] INFO: VALID_ID: 2568474
2023-06-30 17:10:14 [booklist] INFO: VALID_ID: 2561089
2023-06-30 17:10:14 [booklist] INFO: VALID_ID: 2607286
2023-06-30 17:10:14 [booklist] INFO: VALID_ID: 2538776
2023-06-30 17:10:14 [booklist] INFO: VALID_ID: 2536911
2023-06-30 17:10:14 [booklist] INFO: VALID_ID: 2534295
2023-06-30 17:10:14 [booklist] INFO: VALID_ID: 2535975
2023-06-30 17:10:14 [booklist] INFO: VALID_ID: 2539976
2023-06-30 17:10:14 [booklist] INFO: VALID_ID: 2541280
2023-06-30 17:10:14 [booklist] INFO: VALID_ID: 8929914
2023-06-30 17:10:14 [booklist] INFO: VALID_ID: 2578069
2023-06-30 17:10:14 [booklist] INFO: VALID_ID: 2561544
2023-06-30 17:10:14 [booklist] INFO: VALID_ID: 2561549
2023-06-30 17:10:14 [booklist] INFO: VALID_ID: 8929891
2023-06-30 17:10:14 [booklist] INFO: VALID_ID: 2534189
2023-06-30 17:10:14 [booklist] INFO: VALID_ID: 2561556
2023-06-30 17:10:14 [booklist] INFO: VALID_ID: 9893326
2023-06-30 17:10:14 [booklist] INFO: VALID_ID: 2539983
2023-06-30 17:10:14 [booklist] INFO: VALID_ID: 2541230
2023-06-30 17:10:14 [booklist] INFO: VALID_ID: 2538860
2023-06-30 17:10:14 [booklist] INFO: VALID_ID: 2578066
2023-06-30 17:10:14 [booklist] INFO: VALID_ID: 2561564
2023-06-30 17:10:14 [booklist] INFO: VALID_ID: 2578072
2023-06-30 17:10:14 [booklist] INFO: VALID_ID: 2608740
2023-06-30 17:10:14 [booklist] INFO: VALID_ID: 2539857
2023-06-30 17:10:14 [booklist] INFO: VALID_ID: 2610490
2023-06-30 17:10:14 [booklist] INFO: VALID_ID: 2538811
2023-06-30 17:10:14 [booklist] INFO: VALID_ID: 2578063
2023-06-30 17:10:14 [booklist] INFO: VALID_ID: 2567775
2023-06-30 17:10:14 [booklist] INFO: VALID_ID: 2533711
2023-06-30 17:10:14 [booklist] INFO: VALID_ID: 1310151
2023-06-30 17:10:14 [booklist] INFO: VALID_ID: 2607542
2023-06-30 17:10:14 [booklist] INFO: VALID_ID: 2567767
2023-06-30 17:10:14 [booklist] INFO: VALID_ID: 2561088
2023-06-30 17:10:14 [booklist] INFO: VALID_ID: 2536859
2023-06-30 17:10:14 [booklist] INFO: VALID_ID: 2567766
2023-06-30 17:10:14 [booklist] INFO: VALID_ID: 2538979
2023-06-30 17:10:14 [booklist] INFO: VALID_ID: 1303429
2023-06-30 17:10:14 [booklist] INFO: VALID_ID: 2567773
2023-06-30 17:10:14 [booklist] INFO: VALID_ID: 1303328
2023-06-30 17:10:14 [booklist] INFO: VALID_ID: 2539977
2023-06-30 17:10:14 [booklist] INFO: VALID_ID: 2538812
2023-06-30 17:10:14 [booklist] INFO: VALID_ID: 2567765
2023-06-30 17:10:14 [booklist] INFO: VALID_ID: 2567776
2023-06-30 17:10:14 [booklist] INFO: VALID_ID: 2609296
2023-06-30 17:10:14 [booklist] INFO: VALID_ID: 9893857
2023-06-30 17:10:14 [booklist] INFO: VALID_ID: 1304485
2023-06-30 17:10:14 [booklist] INFO: VALID_ID: 1310284
2023-06-30 17:10:14 [booklist] INFO: VALID_ID: 2539936
2023-06-30 17:10:14 [booklist] INFO: VALID_ID: 2567713
2023-06-30 17:10:14 [booklist] INFO: VALID_ID: 2539858
2023-06-30 17:10:15 [scrapy.core.engine] DEBUG: Crawled (200) <POST https://dl.ndl.go.jp/api/item/search> (referer: https://dl.ndl.go.jp/api/item/search)
2023-06-30 17:10:15 [booklist] INFO: Fetched page 5
2023-06-30 17:10:15 [booklist] INFO: VALID_ID: 2608148
2023-06-30 17:10:15 [booklist] INFO: VALID_ID: 2568473
2023-06-30 17:10:15 [booklist] INFO: VALID_ID: 1304485
2023-06-30 17:10:15 [booklist] INFO: VALID_ID: 1310284
2023-06-30 17:10:15 [booklist] INFO: VALID_ID: 2590861
2023-06-30 17:10:15 [booklist] INFO: VALID_ID: 1310779
2023-06-30 17:10:15 [booklist] INFO: VALID_ID: 2567712
2023-06-30 17:10:15 [booklist] INFO: VALID_ID: 9893087
2023-06-30 17:10:15 [booklist] INFO: VALID_ID: 2539975
2023-06-30 17:10:15 [booklist] INFO: VALID_ID: 2534074
2023-06-30 17:10:15 [booklist] INFO: VALID_ID: 2537895
2023-06-30 17:10:15 [booklist] INFO: VALID_ID: 1309742
2023-06-30 17:10:15 [booklist] INFO: VALID_ID: 2607214
2023-06-30 17:10:15 [booklist] INFO: VALID_ID: 2567949
2023-06-30 17:10:15 [booklist] INFO: VALID_ID: 1304407
2023-06-30 17:10:15 [booklist] INFO: VALID_ID: 2538772
2023-06-30 17:10:15 [booklist] INFO: VALID_ID: 2567774
2023-06-30 17:10:15 [booklist] INFO: VALID_ID: 2590862
2023-06-30 17:10:15 [booklist] INFO: VALID_ID: 8929646
2023-06-30 17:10:15 [booklist] INFO: VALID_ID: 8929803
2023-06-30 17:10:15 [booklist] INFO: VALID_ID: 9892910
2023-06-30 17:10:15 [booklist] INFO: VALID_ID: 2567728
2023-06-30 17:10:15 [booklist] INFO: VALID_ID: 2608292
2023-06-30 17:10:15 [booklist] INFO: VALID_ID: 2608124
2023-06-30 17:10:15 [booklist] INFO: VALID_ID: 1302190
2023-06-30 17:10:15 [booklist] INFO: VALID_ID: 1308738
2023-06-30 17:10:15 [booklist] INFO: VALID_ID: 2567950
2023-06-30 17:10:15 [booklist] INFO: VALID_ID: 2574916
2023-06-30 17:10:15 [booklist] INFO: VALID_ID: 1309736
2023-06-30 17:10:15 [booklist] INFO: VALID_ID: 2608659
2023-06-30 17:10:15 [booklist] INFO: VALID_ID: 10301385
2023-06-30 17:10:15 [booklist] INFO: VALID_ID: 2607685
2023-06-30 17:10:15 [booklist] INFO: VALID_ID: 2567944
2023-06-30 17:10:15 [booklist] INFO: VALID_ID: 1302698
2023-06-30 17:10:15 [booklist] INFO: VALID_ID: 2563616
2023-06-30 17:10:15 [booklist] INFO: VALID_ID: 2567727
2023-06-30 17:10:15 [booklist] INFO: VALID_ID: 2567733
2023-06-30 17:10:15 [booklist] INFO: VALID_ID: 2608135
2023-06-30 17:10:15 [booklist] INFO: VALID_ID: 2567734
2023-06-30 17:10:15 [booklist] INFO: VALID_ID: 2567954
2023-06-30 17:10:15 [booklist] INFO: VALID_ID: 2610524
2023-06-30 17:10:15 [booklist] INFO: VALID_ID: 2541831
2023-06-30 17:10:15 [booklist] INFO: VALID_ID: 2563862
2023-06-30 17:10:15 [booklist] INFO: VALID_ID: 2567951
2023-06-30 17:10:15 [booklist] INFO: VALID_ID: 2567724
2023-06-30 17:10:15 [booklist] INFO: VALID_ID: 2567726
2023-06-30 17:10:15 [booklist] INFO: VALID_ID: 2563615
2023-06-30 17:10:15 [booklist] INFO: VALID_ID: 2567945
2023-06-30 17:10:15 [booklist] INFO: VALID_ID: 2567952
2023-06-30 17:10:15 [booklist] INFO: VALID_ID: 2532885
2023-06-30 17:10:15 [booklist] INFO: VALID_ID: 2535770
2023-06-30 17:10:15 [booklist] INFO: VALID_ID: 2563861
2023-06-30 17:10:15 [booklist] INFO: VALID_ID: 2554834
2023-06-30 17:10:15 [booklist] INFO: VALID_ID: 2567947
2023-06-30 17:10:15 [booklist] INFO: VALID_ID: 1303332
2023-06-30 17:10:15 [booklist] INFO: VALID_ID: 1303433
2023-06-30 17:10:15 [booklist] INFO: VALID_ID: 9369583
2023-06-30 17:10:15 [booklist] INFO: VALID_ID: 2567725
2023-06-30 17:10:15 [booklist] INFO: VALID_ID: 2567953
2023-06-30 17:10:15 [booklist] INFO: VALID_ID: 2554833
2023-06-30 17:10:15 [booklist] INFO: VALID_ID: 1301308
2023-06-30 17:10:15 [booklist] INFO: VALID_ID: 1303517
2023-06-30 17:10:15 [booklist] INFO: VALID_ID: 2533930
2023-06-30 17:10:15 [booklist] INFO: VALID_ID: 2567948
2023-06-30 17:10:15 [booklist] INFO: VALID_ID: 2567943
2023-06-30 17:10:15 [booklist] INFO: VALID_ID: 2574915
2023-06-30 17:10:15 [booklist] INFO: VALID_ID: 2563617
2023-06-30 17:10:15 [booklist] INFO: VALID_ID: 2567946
2023-06-30 17:10:15 [booklist] INFO: VALID_ID: 2537052
2023-06-30 17:10:15 [booklist] INFO: VALID_ID: 9892381
2023-06-30 17:10:15 [booklist] INFO: VALID_ID: 1310615
2023-06-30 17:10:15 [booklist] INFO: VALID_ID: 9367560
2023-06-30 17:10:15 [booklist] INFO: VALID_ID: 9367563
2023-06-30 17:10:15 [booklist] INFO: VALID_ID: 10300909
2023-06-30 17:10:15 [booklist] INFO: VALID_ID: 1308296
2023-06-30 17:10:15 [booklist] INFO: VALID_ID: 9892736
2023-06-30 17:10:15 [booklist] INFO: VALID_ID: 10300975
2023-06-30 17:10:15 [booklist] INFO: VALID_ID: 2606524
2023-06-30 17:10:15 [booklist] INFO: VALID_ID: 2538723
2023-06-30 17:10:15 [booklist] INFO: VALID_ID: 2541872
2023-06-30 17:10:15 [booklist] INFO: VALID_ID: 2567759
2023-06-30 17:10:15 [booklist] INFO: VALID_ID: 2567760
2023-06-30 17:10:15 [booklist] INFO: VALID_ID: 1305436
2023-06-30 17:10:15 [booklist] INFO: VALID_ID: 9892828
2023-06-30 17:10:15 [booklist] INFO: VALID_ID: 9892898
2023-06-30 17:10:15 [booklist] INFO: VALID_ID: 2567762
2023-06-30 17:10:15 [booklist] INFO: VALID_ID: 9892988
2023-06-30 17:10:15 [booklist] INFO: VALID_ID: 1302656
2023-06-30 17:10:15 [booklist] INFO: VALID_ID: 2609167
2023-06-30 17:10:15 [booklist] INFO: VALID_ID: 1307034
2023-06-30 17:10:15 [booklist] INFO: VALID_ID: 1313268
2023-06-30 17:10:15 [booklist] INFO: VALID_ID: 2567763
2023-06-30 17:10:15 [booklist] INFO: VALID_ID: 9367545
2023-06-30 17:10:15 [booklist] INFO: VALID_ID: 9369192
2023-06-30 17:10:15 [booklist] INFO: VALID_ID: 10301338
2023-06-30 17:10:15 [booklist] INFO: VALID_ID: 1301517
2023-06-30 17:10:15 [booklist] INFO: VALID_ID: 9893188
2023-06-30 17:10:15 [booklist] INFO: VALID_ID: 1307355
2023-06-30 17:10:15 [booklist] INFO: VALID_ID: 2567758
2023-06-30 17:10:15 [booklist] INFO: VALID_ID: 9369197
2023-06-30 17:10:16 [scrapy.core.engine] DEBUG: Crawled (200) <POST https://dl.ndl.go.jp/api/item/search> (referer: https://dl.ndl.go.jp/api/item/search)
2023-06-30 17:10:16 [booklist] INFO: Fetched page 6
2023-06-30 17:10:16 [booklist] INFO: VALID_ID: 10301335
2023-06-30 17:10:16 [booklist] INFO: VALID_ID: 2567716
2023-06-30 17:10:16 [booklist] INFO: VALID_ID: 2567761
2023-06-30 17:10:16 [booklist] INFO: VALID_ID: 2567719
2023-06-30 17:10:16 [booklist] INFO: VALID_ID: 1312803
2023-06-30 17:10:16 [booklist] INFO: VALID_ID: 2567717
2023-06-30 17:10:16 [booklist] INFO: VALID_ID: 2607983
2023-06-30 17:10:16 [booklist] INFO: VALID_ID: 2567715
2023-06-30 17:10:16 [booklist] INFO: VALID_ID: 9893338
2023-06-30 17:10:16 [booklist] INFO: VALID_ID: 2567718
2023-06-30 17:10:16 [booklist] INFO: VALID_ID: 2586645
2023-06-30 17:10:16 [booklist] INFO: VALID_ID: 1307248
2023-06-30 17:10:16 [booklist] INFO: VALID_ID: 1302675
2023-06-30 17:10:16 [booklist] INFO: VALID_ID: 2567714
2023-06-30 17:10:16 [booklist] INFO: VALID_ID: 2537381
2023-06-30 17:10:16 [booklist] INFO: VALID_ID: 2533646
2023-06-30 17:10:16 [booklist] INFO: VALID_ID: 1302654
2023-06-30 17:10:16 [booklist] INFO: VALID_ID: 1303290
2023-06-30 17:10:16 [booklist] INFO: VALID_ID: 1302660
2023-06-30 17:10:16 [booklist] INFO: VALID_ID: 1310796
2023-06-30 17:10:16 [booklist] INFO: VALID_ID: 1309888
2023-06-30 17:10:16 [booklist] INFO: VALID_ID: 9369585
2023-06-30 17:10:16 [booklist] INFO: VALID_ID: 1312794
2023-06-30 17:10:16 [booklist] INFO: VALID_ID: 1312320
2023-06-30 17:10:16 [booklist] INFO: VALID_ID: 2587585
2023-06-30 17:10:16 [booklist] INFO: VALID_ID: 1309875
2023-06-30 17:10:16 [booklist] INFO: VALID_ID: 1308034
2023-06-30 17:10:16 [booklist] INFO: VALID_ID: 10301392
2023-06-30 17:10:16 [booklist] INFO: VALID_ID: 9369169
2023-06-30 17:10:16 [booklist] INFO: VALID_ID: 1309121
2023-06-30 17:10:16 [booklist] INFO: VALID_ID: 1309909
2023-06-30 17:10:16 [booklist] INFO: VALID_ID: 9369584
2023-06-30 17:10:16 [booklist] INFO: VALID_ID: 1308265
2023-06-30 17:10:16 [booklist] INFO: VALID_ID: 2537300
2023-06-30 17:10:16 [booklist] INFO: VALID_ID: 2556344
2023-06-30 17:10:16 [booklist] INFO: VALID_ID: 1306536
2023-06-30 17:10:16 [booklist] INFO: VALID_ID: 2534282
2023-06-30 17:10:16 [booklist] INFO: VALID_ID: 1306455
2023-06-30 17:10:16 [booklist] INFO: VALID_ID: 1301862
2023-06-30 17:10:16 [booklist] INFO: VALID_ID: 1308308
2023-06-30 17:10:16 [booklist] INFO: VALID_ID: 2556345
2023-06-30 17:10:16 [booklist] INFO: VALID_ID: 2548738
2023-06-30 17:10:16 [booklist] INFO: VALID_ID: 10301747
2023-06-30 17:10:16 [booklist] INFO: VALID_ID: 11891831
2023-06-30 17:10:16 [booklist] INFO: VALID_ID: 11891854
2023-06-30 17:10:16 [booklist] INFO: VALID_ID: 2581053
2023-06-30 17:10:16 [booklist] INFO: VALID_ID: 2597770
2023-06-30 17:10:16 [booklist] INFO: VALID_ID: 2573650
2023-06-30 17:10:16 [booklist] INFO: VALID_ID: 2585236
2023-06-30 17:10:16 [booklist] INFO: VALID_ID: 2581054
2023-06-30 17:10:16 [booklist] INFO: VALID_ID: 2532953
2023-06-30 17:10:16 [booklist] INFO: VALID_ID: 2548650
2023-06-30 17:10:16 [booklist] INFO: VALID_ID: 2548652
2023-06-30 17:10:16 [booklist] INFO: VALID_ID: 2606966
2023-06-30 17:10:16 [booklist] INFO: VALID_ID: 2548651
2023-06-30 17:10:16 [booklist] INFO: VALID_ID: 2559211
2023-06-30 17:10:16 [booklist] INFO: VALID_ID: 1310884
2023-06-30 17:10:16 [booklist] INFO: VALID_ID: 10301314
2023-06-30 17:10:16 [booklist] INFO: VALID_ID: 2537009
2023-06-30 17:10:16 [booklist] INFO: VALID_ID: 1303868
2023-06-30 17:10:16 [booklist] INFO: VALID_ID: 2559215
2023-06-30 17:10:16 [booklist] INFO: VALID_ID: 2559209
2023-06-30 17:10:16 [booklist] INFO: VALID_ID: 2559213
2023-06-30 17:10:16 [booklist] INFO: VALID_ID: 10303486
2023-06-30 17:10:16 [booklist] INFO: VALID_ID: 2559210
2023-06-30 17:10:16 [booklist] INFO: VALID_ID: 2585563
2023-06-30 17:10:16 [booklist] INFO: VALID_ID: 10301564
2023-06-30 17:10:16 [booklist] INFO: VALID_ID: 2559207
2023-06-30 17:10:16 [booklist] INFO: VALID_ID: 2580977
2023-06-30 17:10:16 [booklist] INFO: VALID_ID: 10301270
2023-06-30 17:10:16 [booklist] INFO: VALID_ID: 2559208
2023-06-30 17:10:16 [booklist] INFO: VALID_ID: 1310898
2023-06-30 17:10:16 [booklist] INFO: VALID_ID: 1308247
2023-06-30 17:10:16 [booklist] INFO: VALID_ID: 10304013
2023-06-30 17:10:16 [booklist] INFO: VALID_ID: 2559217
2023-06-30 17:10:16 [booklist] INFO: VALID_ID: 2559212
2023-06-30 17:10:16 [booklist] INFO: VALID_ID: 2559216
2023-06-30 17:10:16 [booklist] INFO: VALID_ID: 10303441
2023-06-30 17:10:16 [booklist] INFO: VALID_ID: 1312557
2023-06-30 17:10:16 [booklist] INFO: VALID_ID: 2606790
2023-06-30 17:10:16 [booklist] INFO: VALID_ID: 2610770
2023-06-30 17:10:16 [booklist] INFO: VALID_ID: 10301740
2023-06-30 17:10:16 [booklist] INFO: VALID_ID: 2546173
2023-06-30 17:10:16 [booklist] INFO: VALID_ID: 2580236
2023-06-30 17:10:16 [booklist] INFO: VALID_ID: 10301285
2023-06-30 17:10:16 [booklist] INFO: VALID_ID: 2541814
2023-06-30 17:10:16 [booklist] INFO: VALID_ID: 2580237
2023-06-30 17:10:16 [booklist] INFO: VALID_ID: 2536758
2023-06-30 17:10:16 [booklist] INFO: VALID_ID: 2591888
2023-06-30 17:10:16 [booklist] INFO: VALID_ID: 10300961
2023-06-30 17:10:16 [booklist] INFO: VALID_ID: 1307396
2023-06-30 17:10:16 [booklist] INFO: VALID_ID: 10301739
2023-06-30 17:10:16 [booklist] INFO: VALID_ID: 2551757
2023-06-30 17:10:16 [booklist] INFO: VALID_ID: 2539792
2023-06-30 17:10:16 [booklist] INFO: VALID_ID: 2592890
2023-06-30 17:10:16 [booklist] INFO: VALID_ID: 2585314
2023-06-30 17:10:16 [booklist] INFO: VALID_ID: 10301247
2023-06-30 17:10:16 [booklist] INFO: VALID_ID: 2553347
2023-06-30 17:10:16 [booklist] INFO: VALID_ID: 2610818
2023-06-30 17:10:16 [booklist] INFO: VALID_ID: 10303977
2023-06-30 17:10:17 [scrapy.core.engine] DEBUG: Crawled (200) <POST https://dl.ndl.go.jp/api/item/search> (referer: https://dl.ndl.go.jp/api/item/search)
2023-06-30 17:10:17 [booklist] INFO: Fetched page 7
2023-06-30 17:10:17 [booklist] INFO: VALID_ID: 2585307
2023-06-30 17:10:17 [booklist] INFO: VALID_ID: 2550309
2023-06-30 17:10:17 [booklist] INFO: VALID_ID: 10301410
2023-06-30 17:10:17 [booklist] INFO: VALID_ID: 2591897
2023-06-30 17:10:17 [booklist] INFO: VALID_ID: 2550132
2023-06-30 17:10:17 [booklist] INFO: VALID_ID: 2533398
2023-06-30 17:10:17 [booklist] INFO: VALID_ID: 2591898
2023-06-30 17:10:17 [booklist] INFO: VALID_ID: 2571627
2023-06-30 17:10:17 [booklist] INFO: VALID_ID: 2572025
2023-06-30 17:10:17 [booklist] INFO: VALID_ID: 1288532
2023-06-30 17:10:17 [booklist] INFO: VALID_ID: 2587588
2023-06-30 17:10:17 [booklist] INFO: VALID_ID: 1288525
2023-06-30 17:10:17 [booklist] INFO: VALID_ID: 2548563
2023-06-30 17:10:17 [booklist] INFO: VALID_ID: 2610692
2023-06-30 17:10:17 [booklist] INFO: VALID_ID: 2587576
2023-06-30 17:10:17 [booklist] INFO: VALID_ID: 2551760
2023-06-30 17:10:17 [booklist] INFO: VALID_ID: 2587587
2023-06-30 17:10:17 [booklist] INFO: VALID_ID: 10301030
2023-06-30 17:10:17 [booklist] INFO: VALID_ID: 2587586
2023-06-30 17:10:17 [booklist] INFO: VALID_ID: 2587579
2023-06-30 17:10:17 [booklist] INFO: VALID_ID: 2587578
2023-06-30 17:10:17 [booklist] INFO: VALID_ID: 2609774
2023-06-30 17:10:17 [booklist] INFO: VALID_ID: 2587589
2023-06-30 17:10:17 [booklist] INFO: VALID_ID: 10301149
2023-06-30 17:10:17 [booklist] INFO: VALID_ID: 2587590
2023-06-30 17:10:17 [booklist] INFO: VALID_ID: 2609321
2023-06-30 17:10:17 [booklist] INFO: VALID_ID: 2548691
2023-06-30 17:10:17 [booklist] INFO: VALID_ID: 10301165
2023-06-30 17:10:17 [booklist] INFO: VALID_ID: 2605424
2023-06-30 17:10:17 [booklist] INFO: VALID_ID: 10301535
2023-06-30 17:10:17 [booklist] INFO: VALID_ID: 2609633
2023-06-30 17:10:17 [booklist] INFO: VALID_ID: 2609621
2023-06-30 17:10:17 [booklist] INFO: VALID_ID: 2609205
2023-06-30 17:10:17 [booklist] INFO: VALID_ID: 2610518
2023-06-30 17:10:17 [booklist] INFO: VALID_ID: 2606743
2023-06-30 17:10:17 [booklist] INFO: VALID_ID: 2608873
2023-06-30 17:10:17 [booklist] INFO: VALID_ID: 2606806
2023-06-30 17:10:17 [booklist] INFO: VALID_ID: 11892789
2023-06-30 17:10:17 [booklist] INFO: VALID_ID: 2606130
2023-06-30 17:10:17 [booklist] INFO: VALID_ID: 10301207
2023-06-30 17:10:17 [booklist] INFO: VALID_ID: 9369953
2023-06-30 17:10:17 [booklist] INFO: VALID_ID: 2548033
2023-06-30 17:10:17 [booklist] INFO: VALID_ID: 2548034
2023-06-30 17:10:17 [booklist] INFO: VALID_ID: 2550306
2023-06-30 17:10:17 [booklist] INFO: VALID_ID: 2610138
2023-06-30 17:10:17 [booklist] INFO: VALID_ID: 2611035
2023-06-30 17:10:17 [booklist] INFO: VALID_ID: 2609783
2023-06-30 17:10:18 [scrapy.core.engine] DEBUG: Crawled (200) <POST https://dl.ndl.go.jp/api/item/search> (referer: https://dl.ndl.go.jp/api/item/search)
2023-06-30 17:10:18 [booklist] INFO: Fetched page 8
2023-06-30 17:10:18 [booklist] INFO: No more books on 8
2023-06-30 17:10:18 [scrapy.core.engine] INFO: Closing spider (finished)
2023-06-30 17:10:18 [scrapy.statscollectors] INFO: Dumping Scrapy stats:
{'downloader/request_bytes': 10983,
 'downloader/request_count': 9,
 'downloader/request_method_count/GET': 1,
 'downloader/request_method_count/POST': 8,
 'downloader/response_bytes': 2402661,
 'downloader/response_count': 9,
 'downloader/response_status_count/200': 9,
 'elapsed_time_seconds': 9.209582,
 'finish_reason': 'finished',
 'finish_time': datetime.datetime(2023, 6, 30, 9, 10, 18, 151628),
 'httpcompression/response_bytes': 27386072,
 'httpcompression/response_count': 8,
 'log_count/DEBUG': 12,
 'log_count/INFO': 666,
 'memusage/max': 63987712,
 'memusage/startup': 63987712,
 'request_depth_max': 7,
 'response_received_count': 9,
 'robotstxt/request_count': 1,
 'robotstxt/response_count': 1,
 'robotstxt/response_status_count/200': 1,
 'scheduler/dequeued': 8,
 'scheduler/dequeued/memory': 8,
 'scheduler/enqueued': 8,
 'scheduler/enqueued/memory': 8,
 'start_time': datetime.datetime(2023, 6, 30, 9, 10, 8, 942046)}
2023-06-30 17:10:18 [scrapy.core.engine] INFO: Spider closed (finished)
