2023-06-30 19:13:14 [scrapy.utils.log] INFO: Scrapy 2.9.0 started (bot: ndlcrawler)
2023-06-30 19:13:14 [scrapy.utils.log] INFO: Versions: lxml 4.9.2.0, libxml2 2.9.14, cssselect 1.2.0, parsel 1.8.1, w3lib 2.1.1, Twisted 22.10.0, Python 3.10.10 (main, Mar  5 2023, 22:26:53) [GCC 12.2.1 20230201], pyOpenSSL 23.2.0 (OpenSSL 3.1.1 30 May 2023), cryptography 41.0.1, Platform Linux-6.2.12-arch1-1-x86_64-with-glibc2.37
2023-06-30 19:13:14 [scrapy.crawler] INFO: Overridden settings:
{'BOT_NAME': 'ndlcrawler',
 'FEED_EXPORT_ENCODING': 'utf-8',
 'LOG_FILE': 'logs/booklist.title.不.DESC.log',
 'NEWSPIDER_MODULE': 'ndlcrawler.spiders',
 'REQUEST_FINGERPRINTER_IMPLEMENTATION': '2.7',
 'ROBOTSTXT_OBEY': True,
 'SPIDER_MODULES': ['ndlcrawler.spiders'],
 'TWISTED_REACTOR': 'twisted.internet.asyncioreactor.AsyncioSelectorReactor'}
2023-06-30 19:13:14 [asyncio] DEBUG: Using selector: EpollSelector
2023-06-30 19:13:14 [scrapy.utils.log] DEBUG: Using reactor: twisted.internet.asyncioreactor.AsyncioSelectorReactor
2023-06-30 19:13:14 [scrapy.utils.log] DEBUG: Using asyncio event loop: asyncio.unix_events._UnixSelectorEventLoop
2023-06-30 19:13:14 [scrapy.extensions.telnet] INFO: Telnet Password: cc037730c329b7bf
2023-06-30 19:13:14 [scrapy.middleware] INFO: Enabled extensions:
['scrapy.extensions.corestats.CoreStats',
 'scrapy.extensions.telnet.TelnetConsole',
 'scrapy.extensions.memusage.MemoryUsage',
 'scrapy.extensions.logstats.LogStats']
2023-06-30 19:13:15 [scrapy.middleware] INFO: Enabled downloader middlewares:
['scrapy.downloadermiddlewares.robotstxt.RobotsTxtMiddleware',
 'scrapy.downloadermiddlewares.httpauth.HttpAuthMiddleware',
 'scrapy.downloadermiddlewares.downloadtimeout.DownloadTimeoutMiddleware',
 'scrapy.downloadermiddlewares.defaultheaders.DefaultHeadersMiddleware',
 'scrapy.downloadermiddlewares.useragent.UserAgentMiddleware',
 'scrapy.downloadermiddlewares.retry.RetryMiddleware',
 'scrapy.downloadermiddlewares.redirect.MetaRefreshMiddleware',
 'scrapy.downloadermiddlewares.httpcompression.HttpCompressionMiddleware',
 'scrapy.downloadermiddlewares.redirect.RedirectMiddleware',
 'scrapy.downloadermiddlewares.cookies.CookiesMiddleware',
 'scrapy.downloadermiddlewares.httpproxy.HttpProxyMiddleware',
 'scrapy.downloadermiddlewares.stats.DownloaderStats']
2023-06-30 19:13:15 [scrapy.middleware] INFO: Enabled spider middlewares:
['scrapy.spidermiddlewares.httperror.HttpErrorMiddleware',
 'scrapy.spidermiddlewares.offsite.OffsiteMiddleware',
 'scrapy.spidermiddlewares.referer.RefererMiddleware',
 'scrapy.spidermiddlewares.urllength.UrlLengthMiddleware',
 'scrapy.spidermiddlewares.depth.DepthMiddleware']
2023-06-30 19:13:15 [scrapy.middleware] INFO: Enabled item pipelines:
[]
2023-06-30 19:13:15 [scrapy.core.engine] INFO: Spider opened
2023-06-30 19:13:15 [scrapy.extensions.logstats] INFO: Crawled 0 pages (at 0 pages/min), scraped 0 items (at 0 items/min)
2023-06-30 19:13:15 [scrapy.extensions.telnet] INFO: Telnet console listening on 127.0.0.1:6024
2023-06-30 19:13:15 [scrapy.core.engine] DEBUG: Crawled (200) <GET https://dl.ndl.go.jp/robots.txt> (referer: None)
2023-06-30 19:13:16 [scrapy.core.engine] DEBUG: Crawled (200) <POST https://dl.ndl.go.jp/api/item/search> (referer: None)
2023-06-30 19:13:16 [booklist] INFO: Fetched page 1
2023-06-30 19:13:17 [booklist] INFO: VALID_ID: 2552234
2023-06-30 19:13:17 [booklist] INFO: VALID_ID: 2599944
2023-06-30 19:13:17 [booklist] INFO: VALID_ID: 1308774
2023-06-30 19:13:17 [booklist] INFO: VALID_ID: 2603471
2023-06-30 19:13:17 [booklist] INFO: VALID_ID: 1303926
2023-06-30 19:13:17 [booklist] INFO: VALID_ID: 1303449
2023-06-30 19:13:17 [booklist] INFO: VALID_ID: 1303413
2023-06-30 19:13:17 [booklist] INFO: VALID_ID: 2578189
2023-06-30 19:13:17 [booklist] INFO: VALID_ID: 2578195
2023-06-30 19:13:17 [booklist] INFO: VALID_ID: 2609553
2023-06-30 19:13:17 [booklist] INFO: VALID_ID: 2611053
2023-06-30 19:13:17 [booklist] INFO: VALID_ID: 2533008
2023-06-30 19:13:17 [booklist] INFO: VALID_ID: 2578185
2023-06-30 19:13:17 [booklist] INFO: VALID_ID: 1305142
2023-06-30 19:13:17 [booklist] INFO: VALID_ID: 1313392
2023-06-30 19:13:17 [booklist] INFO: VALID_ID: 2604157
2023-06-30 19:13:17 [booklist] INFO: VALID_ID: 2578186
2023-06-30 19:13:17 [booklist] INFO: VALID_ID: 11223141
2023-06-30 19:13:17 [booklist] INFO: VALID_ID: 2603472
2023-06-30 19:13:17 [booklist] INFO: VALID_ID: 2578190
2023-06-30 19:13:17 [booklist] INFO: VALID_ID: 1303518
2023-06-30 19:13:17 [booklist] INFO: VALID_ID: 2533032
2023-06-30 19:13:17 [booklist] INFO: VALID_ID: 2604158
2023-06-30 19:13:17 [booklist] INFO: VALID_ID: 2532211
2023-06-30 19:13:17 [booklist] INFO: VALID_ID: 2578188
2023-06-30 19:13:17 [booklist] INFO: VALID_ID: 2533307
2023-06-30 19:13:17 [booklist] INFO: VALID_ID: 2578187
2023-06-30 19:13:17 [booklist] INFO: VALID_ID: 1308757
2023-06-30 19:13:17 [booklist] INFO: VALID_ID: 2609739
2023-06-30 19:13:17 [booklist] INFO: VALID_ID: 11223114
2023-06-30 19:13:17 [booklist] INFO: VALID_ID: 2578191
2023-06-30 19:13:17 [booklist] INFO: VALID_ID: 2578192
2023-06-30 19:13:17 [booklist] INFO: VALID_ID: 2534149
2023-06-30 19:13:17 [booklist] INFO: VALID_ID: 2532369
2023-06-30 19:13:17 [booklist] INFO: VALID_ID: 2533390
2023-06-30 19:13:17 [booklist] INFO: VALID_ID: 2578193
2023-06-30 19:13:17 [booklist] INFO: VALID_ID: 2578194
2023-06-30 19:13:17 [booklist] INFO: VALID_ID: 2549323
2023-06-30 19:13:17 [booklist] INFO: VALID_ID: 2589365
2023-06-30 19:13:17 [booklist] INFO: VALID_ID: 8942849
2023-06-30 19:13:17 [booklist] INFO: VALID_ID: 2566912
2023-06-30 19:13:17 [booklist] INFO: VALID_ID: 2575016
2023-06-30 19:13:17 [booklist] INFO: VALID_ID: 2575017
2023-06-30 19:13:17 [booklist] INFO: VALID_ID: 2575019
2023-06-30 19:13:17 [booklist] INFO: VALID_ID: 2575009
2023-06-30 19:13:17 [booklist] INFO: VALID_ID: 2569160
2023-06-30 19:13:17 [booklist] INFO: VALID_ID: 8942848
2023-06-30 19:13:17 [booklist] INFO: VALID_ID: 8942843
2023-06-30 19:13:17 [booklist] INFO: VALID_ID: 1302691
2023-06-30 19:13:17 [booklist] INFO: VALID_ID: 8942844
2023-06-30 19:13:17 [booklist] INFO: VALID_ID: 2566915
2023-06-30 19:13:17 [booklist] INFO: VALID_ID: 2575012
2023-06-30 19:13:17 [booklist] INFO: VALID_ID: 2566914
2023-06-30 19:13:17 [booklist] INFO: VALID_ID: 2604955
2023-06-30 19:13:17 [booklist] INFO: VALID_ID: 2569159
2023-06-30 19:13:17 [booklist] INFO: VALID_ID: 8942845
2023-06-30 19:13:17 [booklist] INFO: VALID_ID: 2569158
2023-06-30 19:13:17 [booklist] INFO: VALID_ID: 2552617
2023-06-30 19:13:17 [booklist] INFO: VALID_ID: 2575011
2023-06-30 19:13:17 [booklist] INFO: VALID_ID: 2608090
2023-06-30 19:13:17 [booklist] INFO: VALID_ID: 2608587
2023-06-30 19:13:17 [booklist] INFO: VALID_ID: 2552616
2023-06-30 19:13:17 [booklist] INFO: VALID_ID: 8942846
2023-06-30 19:13:17 [booklist] INFO: VALID_ID: 8942850
2023-06-30 19:13:17 [booklist] INFO: VALID_ID: 2606957
2023-06-30 19:13:17 [booklist] INFO: VALID_ID: 2604956
2023-06-30 19:13:17 [booklist] INFO: VALID_ID: 2552618
2023-06-30 19:13:17 [booklist] INFO: VALID_ID: 2604960
2023-06-30 19:13:17 [booklist] INFO: VALID_ID: 2609265
2023-06-30 19:13:17 [booklist] INFO: VALID_ID: 2566913
2023-06-30 19:13:17 [booklist] INFO: VALID_ID: 2604958
2023-06-30 19:13:17 [booklist] INFO: VALID_ID: 2569156
2023-06-30 19:13:17 [booklist] INFO: VALID_ID: 8942847
2023-06-30 19:13:17 [booklist] INFO: VALID_ID: 2575014
2023-06-30 19:13:17 [booklist] INFO: VALID_ID: 8943313
2023-06-30 19:13:17 [booklist] INFO: VALID_ID: 2575008
2023-06-30 19:13:17 [booklist] INFO: VALID_ID: 2575010
2023-06-30 19:13:17 [booklist] INFO: VALID_ID: 2575013
2023-06-30 19:13:17 [booklist] INFO: VALID_ID: 2566916
2023-06-30 19:13:17 [booklist] INFO: VALID_ID: 2604957
2023-06-30 19:13:17 [booklist] INFO: VALID_ID: 2552619
2023-06-30 19:13:17 [booklist] INFO: VALID_ID: 2575018
2023-06-30 19:13:17 [booklist] INFO: VALID_ID: 2552615
2023-06-30 19:13:17 [booklist] INFO: VALID_ID: 2604959
2023-06-30 19:13:17 [booklist] INFO: VALID_ID: 2537536
2023-06-30 19:13:17 [booklist] INFO: VALID_ID: 2607166
2023-06-30 19:13:17 [booklist] INFO: VALID_ID: 2609744
2023-06-30 19:13:17 [booklist] INFO: VALID_ID: 2554169
2023-06-30 19:13:17 [booklist] INFO: VALID_ID: 2540463
2023-06-30 19:13:17 [booklist] INFO: VALID_ID: 2554170
2023-06-30 19:13:17 [booklist] INFO: VALID_ID: 2569157
2023-06-30 19:13:17 [booklist] INFO: VALID_ID: 2575015
2023-06-30 19:13:17 [booklist] INFO: VALID_ID: 1303522
2023-06-30 19:13:17 [booklist] INFO: VALID_ID: 1305041
2023-06-30 19:13:17 [booklist] INFO: VALID_ID: 2610353
2023-06-30 19:13:17 [booklist] INFO: VALID_ID: 2535584
2023-06-30 19:13:17 [booklist] INFO: VALID_ID: 2603556
2023-06-30 19:13:17 [booklist] INFO: VALID_ID: 1303552
2023-06-30 19:13:17 [booklist] INFO: VALID_ID: 2557625
2023-06-30 19:13:17 [booklist] INFO: VALID_ID: 9893768
2023-06-30 19:13:17 [scrapy.core.engine] DEBUG: Crawled (200) <POST https://dl.ndl.go.jp/api/item/search> (referer: https://dl.ndl.go.jp/api/item/search)
2023-06-30 19:13:17 [booklist] INFO: Fetched page 2
2023-06-30 19:13:18 [booklist] INFO: VALID_ID: 2603552
2023-06-30 19:13:18 [booklist] INFO: VALID_ID: 2603571
2023-06-30 19:13:18 [booklist] INFO: VALID_ID: 9893768
2023-06-30 19:13:18 [booklist] INFO: VALID_ID: 2603555
2023-06-30 19:13:18 [booklist] INFO: VALID_ID: 2604078
2023-06-30 19:13:18 [booklist] INFO: VALID_ID: 2603559
2023-06-30 19:13:18 [booklist] INFO: VALID_ID: 2543486
2023-06-30 19:13:18 [booklist] INFO: VALID_ID: 2557624
2023-06-30 19:13:18 [booklist] INFO: VALID_ID: 2604012
2023-06-30 19:13:18 [booklist] INFO: VALID_ID: 2543487
2023-06-30 19:13:18 [booklist] INFO: VALID_ID: 2600600
2023-06-30 19:13:18 [booklist] INFO: VALID_ID: 2541307
2023-06-30 19:13:18 [booklist] INFO: VALID_ID: 2603550
2023-06-30 19:13:18 [booklist] INFO: VALID_ID: 2543353
2023-06-30 19:13:18 [booklist] INFO: VALID_ID: 2543352
2023-06-30 19:13:18 [booklist] INFO: VALID_ID: 2603565
2023-06-30 19:13:18 [booklist] INFO: VALID_ID: 2543491
2023-06-30 19:13:18 [booklist] INFO: VALID_ID: 2604076
2023-06-30 19:13:18 [booklist] INFO: VALID_ID: 2604734
2023-06-30 19:13:18 [booklist] INFO: VALID_ID: 1302981
2023-06-30 19:13:18 [booklist] INFO: VALID_ID: 2603558
2023-06-30 19:13:18 [booklist] INFO: VALID_ID: 2603567
2023-06-30 19:13:18 [booklist] INFO: VALID_ID: 2603570
2023-06-30 19:13:18 [booklist] INFO: VALID_ID: 9893846
2023-06-30 19:13:18 [booklist] INFO: VALID_ID: 2603554
2023-06-30 19:13:18 [booklist] INFO: VALID_ID: 2603562
2023-06-30 19:13:18 [booklist] INFO: VALID_ID: 2603564
2023-06-30 19:13:18 [booklist] INFO: VALID_ID: 2549347
2023-06-30 19:13:18 [booklist] INFO: VALID_ID: 2600599
2023-06-30 19:13:18 [booklist] INFO: VALID_ID: 1303932
2023-06-30 19:13:18 [booklist] INFO: VALID_ID: 2610139
2023-06-30 19:13:18 [booklist] INFO: VALID_ID: 2600597
2023-06-30 19:13:18 [booklist] INFO: VALID_ID: 2603752
2023-06-30 19:13:18 [booklist] INFO: VALID_ID: 2604013
2023-06-30 19:13:18 [booklist] INFO: VALID_ID: 2603568
2023-06-30 19:13:18 [booklist] INFO: VALID_ID: 9893770
2023-06-30 19:13:18 [booklist] INFO: VALID_ID: 2543199
2023-06-30 19:13:18 [booklist] INFO: VALID_ID: 2604733
2023-06-30 19:13:18 [booklist] INFO: VALID_ID: 9893769
2023-06-30 19:13:18 [booklist] INFO: VALID_ID: 2609438
2023-06-30 19:13:18 [booklist] INFO: VALID_ID: 2603549
2023-06-30 19:13:18 [booklist] INFO: VALID_ID: 2543488
2023-06-30 19:13:18 [booklist] INFO: VALID_ID: 2603561
2023-06-30 19:13:18 [booklist] INFO: VALID_ID: 2603563
2023-06-30 19:13:18 [booklist] INFO: VALID_ID: 2557623
2023-06-30 19:13:18 [booklist] INFO: VALID_ID: 9892501
2023-06-30 19:13:18 [booklist] INFO: VALID_ID: 2603553
2023-06-30 19:13:18 [booklist] INFO: VALID_ID: 2600601
2023-06-30 19:13:18 [booklist] INFO: VALID_ID: 2557627
2023-06-30 19:13:18 [booklist] INFO: VALID_ID: 2603557
2023-06-30 19:13:18 [booklist] INFO: VALID_ID: 2603566
2023-06-30 19:13:18 [booklist] INFO: VALID_ID: 9892963
2023-06-30 19:13:18 [booklist] INFO: VALID_ID: 2606986
2023-06-30 19:13:18 [booklist] INFO: VALID_ID: 2609505
2023-06-30 19:13:18 [booklist] INFO: VALID_ID: 9892896
2023-06-30 19:13:18 [booklist] INFO: VALID_ID: 2557628
2023-06-30 19:13:18 [booklist] INFO: VALID_ID: 2606171
2023-06-30 19:13:18 [booklist] INFO: VALID_ID: 2609337
2023-06-30 19:13:18 [booklist] INFO: VALID_ID: 9893001
2023-06-30 19:13:18 [booklist] INFO: VALID_ID: 2603551
2023-06-30 19:13:18 [booklist] INFO: VALID_ID: 2543489
2023-06-30 19:13:18 [booklist] INFO: VALID_ID: 2604010
2023-06-30 19:13:18 [booklist] INFO: VALID_ID: 2543490
2023-06-30 19:13:18 [booklist] INFO: VALID_ID: 1303332
2023-06-30 19:13:18 [booklist] INFO: VALID_ID: 1303433
2023-06-30 19:13:18 [booklist] INFO: VALID_ID: 11223159
2023-06-30 19:13:18 [booklist] INFO: VALID_ID: 2603560
2023-06-30 19:13:18 [booklist] INFO: VALID_ID: 2603569
2023-06-30 19:13:18 [booklist] INFO: VALID_ID: 2603751
2023-06-30 19:13:18 [booklist] INFO: VALID_ID: 9893772
2023-06-30 19:13:18 [booklist] INFO: VALID_ID: 2532215
2023-06-30 19:13:18 [booklist] INFO: VALID_ID: 2610668
2023-06-30 19:13:18 [booklist] INFO: VALID_ID: 2532169
2023-06-30 19:13:18 [booklist] INFO: VALID_ID: 2600598
2023-06-30 19:13:18 [booklist] INFO: VALID_ID: 2604077
2023-06-30 19:13:18 [booklist] INFO: VALID_ID: 2557626
2023-06-30 19:13:18 [booklist] INFO: VALID_ID: 2604075
2023-06-30 19:13:18 [booklist] INFO: VALID_ID: 2604011
2023-06-30 19:13:18 [booklist] INFO: VALID_ID: 9893771
2023-06-30 19:13:18 [booklist] INFO: VALID_ID: 2576240
2023-06-30 19:13:18 [booklist] INFO: VALID_ID: 1306892
2023-06-30 19:13:18 [booklist] INFO: VALID_ID: 2590529
2023-06-30 19:13:18 [booklist] INFO: VALID_ID: 2609993
2023-06-30 19:13:18 [booklist] INFO: VALID_ID: 1307200
2023-06-30 19:13:18 [booklist] INFO: VALID_ID: 2610105
2023-06-30 19:13:18 [booklist] INFO: VALID_ID: 9892570
2023-06-30 19:13:18 [booklist] INFO: VALID_ID: 1309928
2023-06-30 19:13:18 [booklist] INFO: VALID_ID: 2575592
2023-06-30 19:13:18 [booklist] INFO: VALID_ID: 2590528
2023-06-30 19:13:18 [booklist] INFO: VALID_ID: 11891923
2023-06-30 19:13:18 [booklist] INFO: VALID_ID: 2590532
2023-06-30 19:13:18 [booklist] INFO: VALID_ID: 1309851
2023-06-30 19:13:18 [booklist] INFO: VALID_ID: 2575591
2023-06-30 19:13:18 [booklist] INFO: VALID_ID: 2590531
2023-06-30 19:13:18 [booklist] INFO: VALID_ID: 2590527
2023-06-30 19:13:18 [booklist] INFO: VALID_ID: 9892492
2023-06-30 19:13:18 [booklist] INFO: VALID_ID: 2590530
2023-06-30 19:13:18 [booklist] INFO: VALID_ID: 2603588
2023-06-30 19:13:18 [booklist] INFO: VALID_ID: 2603590
2023-06-30 19:13:18 [booklist] INFO: VALID_ID: 1303229
2023-06-30 19:13:18 [scrapy.core.engine] DEBUG: Crawled (200) <POST https://dl.ndl.go.jp/api/item/search> (referer: https://dl.ndl.go.jp/api/item/search)
2023-06-30 19:13:18 [booklist] INFO: Fetched page 3
2023-06-30 19:13:19 [booklist] INFO: VALID_ID: 2604030
2023-06-30 19:13:19 [booklist] INFO: VALID_ID: 1304318
2023-06-30 19:13:19 [booklist] INFO: VALID_ID: 2610150
2023-06-30 19:13:19 [booklist] INFO: VALID_ID: 9893196
2023-06-30 19:13:19 [booklist] INFO: VALID_ID: 1303988
2023-06-30 19:13:19 [booklist] INFO: VALID_ID: 1312261
2023-06-30 19:13:19 [booklist] INFO: VALID_ID: 1303957
2023-06-30 19:13:19 [booklist] INFO: VALID_ID: 2603587
2023-06-30 19:13:19 [booklist] INFO: VALID_ID: 1312048
2023-06-30 19:13:19 [booklist] INFO: VALID_ID: 2603586
2023-06-30 19:13:19 [booklist] INFO: VALID_ID: 2604028
2023-06-30 19:13:19 [booklist] INFO: VALID_ID: 11223158
2023-06-30 19:13:19 [booklist] INFO: VALID_ID: 2603589
2023-06-30 19:13:19 [booklist] INFO: VALID_ID: 2609950
2023-06-30 19:13:19 [booklist] INFO: VALID_ID: 2541011
2023-06-30 19:13:19 [booklist] INFO: VALID_ID: 2604029
2023-06-30 19:13:19 [booklist] INFO: VALID_ID: 1308267
2023-06-30 19:13:19 [booklist] INFO: VALID_ID: 1307548
2023-06-30 19:13:19 [booklist] INFO: VALID_ID: 2559184
2023-06-30 19:13:19 [booklist] INFO: VALID_ID: 1304955
2023-06-30 19:13:19 [booklist] INFO: VALID_ID: 1312284
2023-06-30 19:13:19 [booklist] INFO: VALID_ID: 1313424
2023-06-30 19:13:19 [booklist] INFO: VALID_ID: 2538369
2023-06-30 19:13:19 [booklist] INFO: VALID_ID: 1303251
2023-06-30 19:13:19 [booklist] INFO: VALID_ID: 9367575
2023-06-30 19:13:19 [booklist] INFO: VALID_ID: 2603069
2023-06-30 19:13:19 [booklist] INFO: VALID_ID: 2562380
2023-06-30 19:13:19 [booklist] INFO: VALID_ID: 2608188
2023-06-30 19:13:19 [booklist] INFO: VALID_ID: 11223151
2023-06-30 19:13:19 [booklist] INFO: VALID_ID: 2569555
2023-06-30 19:13:19 [booklist] INFO: VALID_ID: 2603086
2023-06-30 19:13:19 [booklist] INFO: VALID_ID: 2603085
2023-06-30 19:13:19 [booklist] INFO: VALID_ID: 2562382
2023-06-30 19:13:19 [booklist] INFO: VALID_ID: 2607820
2023-06-30 19:13:19 [booklist] INFO: VALID_ID: 2562383
2023-06-30 19:13:19 [booklist] INFO: VALID_ID: 2607741
2023-06-30 19:13:19 [booklist] INFO: VALID_ID: 2603079
2023-06-30 19:13:19 [booklist] INFO: VALID_ID: 2603081
2023-06-30 19:13:19 [booklist] INFO: VALID_ID: 2569015
2023-06-30 19:13:19 [booklist] INFO: VALID_ID: 2603076
2023-06-30 19:13:19 [booklist] INFO: VALID_ID: 2603078
2023-06-30 19:13:19 [booklist] INFO: VALID_ID: 1305733
2023-06-30 19:13:19 [booklist] INFO: VALID_ID: 2569551
2023-06-30 19:13:19 [booklist] INFO: VALID_ID: 2562381
2023-06-30 19:13:19 [booklist] INFO: VALID_ID: 2603074
2023-06-30 19:13:19 [booklist] INFO: VALID_ID: 2549296
2023-06-30 19:13:19 [booklist] INFO: VALID_ID: 2569019
2023-06-30 19:13:19 [booklist] INFO: VALID_ID: 2603080
2023-06-30 19:13:19 [booklist] INFO: VALID_ID: 2603082
2023-06-30 19:13:19 [booklist] INFO: VALID_ID: 2603070
2023-06-30 19:13:19 [booklist] INFO: VALID_ID: 2603067
2023-06-30 19:13:19 [booklist] INFO: VALID_ID: 2562379
2023-06-30 19:13:19 [booklist] INFO: VALID_ID: 2609679
2023-06-30 19:13:19 [booklist] INFO: VALID_ID: 2603073
2023-06-30 19:13:19 [booklist] INFO: VALID_ID: 2603075
2023-06-30 19:13:19 [booklist] INFO: VALID_ID: 1304984
2023-06-30 19:13:19 [booklist] INFO: VALID_ID: 2569554
2023-06-30 19:13:19 [booklist] INFO: VALID_ID: 2603072
2023-06-30 19:13:19 [booklist] INFO: VALID_ID: 1309857
2023-06-30 19:13:19 [booklist] INFO: VALID_ID: 2569018
2023-06-30 19:13:19 [booklist] INFO: VALID_ID: 2603071
2023-06-30 19:13:19 [booklist] INFO: VALID_ID: 2569552
2023-06-30 19:13:19 [booklist] INFO: VALID_ID: 2603077
2023-06-30 19:13:19 [booklist] INFO: VALID_ID: 2603068
2023-06-30 19:13:19 [booklist] INFO: VALID_ID: 2569553
2023-06-30 19:13:19 [booklist] INFO: VALID_ID: 2569017
2023-06-30 19:13:19 [booklist] INFO: VALID_ID: 2569020
2023-06-30 19:13:19 [booklist] INFO: VALID_ID: 2562378
2023-06-30 19:13:19 [booklist] INFO: VALID_ID: 2603083
2023-06-30 19:13:19 [booklist] INFO: VALID_ID: 2569016
2023-06-30 19:13:19 [booklist] INFO: VALID_ID: 2603084
2023-06-30 19:13:19 [booklist] INFO: VALID_ID: 2541009
2023-06-30 19:13:19 [booklist] INFO: VALID_ID: 1305747
2023-06-30 19:13:19 [booklist] INFO: VALID_ID: 2532719
2023-06-30 19:13:19 [booklist] INFO: VALID_ID: 1305706
2023-06-30 19:13:19 [booklist] INFO: VALID_ID: 1303215
2023-06-30 19:13:19 [booklist] INFO: VALID_ID: 1305220
2023-06-30 19:13:19 [booklist] INFO: VALID_ID: 1305153
2023-06-30 19:13:19 [booklist] INFO: VALID_ID: 1307360
2023-06-30 19:13:19 [booklist] INFO: VALID_ID: 1307730
2023-06-30 19:13:19 [booklist] INFO: VALID_ID: 1303355
2023-06-30 19:13:19 [booklist] INFO: VALID_ID: 1312247
2023-06-30 19:13:19 [booklist] INFO: VALID_ID: 1311014
2023-06-30 19:13:19 [booklist] INFO: VALID_ID: 1307811
2023-06-30 19:13:19 [booklist] INFO: VALID_ID: 2545408
2023-06-30 19:13:19 [booklist] INFO: VALID_ID: 2569844
2023-06-30 19:13:19 [booklist] INFO: VALID_ID: 2549313
2023-06-30 19:13:19 [booklist] INFO: VALID_ID: 1307812
2023-06-30 19:13:19 [booklist] INFO: VALID_ID: 2602174
2023-06-30 19:13:19 [booklist] INFO: VALID_ID: 2602163
2023-06-30 19:13:19 [booklist] INFO: VALID_ID: 2568010
2023-06-30 19:13:19 [booklist] INFO: VALID_ID: 2602170
2023-06-30 19:13:19 [booklist] INFO: VALID_ID: 1307728
2023-06-30 19:13:19 [booklist] INFO: VALID_ID: 1307386
2023-06-30 19:13:19 [booklist] INFO: VALID_ID: 2602177
2023-06-30 19:13:19 [booklist] INFO: VALID_ID: 2610777
2023-06-30 19:13:19 [booklist] INFO: VALID_ID: 2602178
2023-06-30 19:13:19 [booklist] INFO: VALID_ID: 2545406
2023-06-30 19:13:19 [booklist] INFO: VALID_ID: 2545409
2023-06-30 19:13:19 [booklist] INFO: VALID_ID: 2602169
2023-06-30 19:13:19 [scrapy.core.engine] DEBUG: Crawled (200) <POST https://dl.ndl.go.jp/api/item/search> (referer: https://dl.ndl.go.jp/api/item/search)
2023-06-30 19:13:19 [booklist] INFO: Fetched page 4
2023-06-30 19:13:20 [booklist] INFO: VALID_ID: 2602174
2023-06-30 19:13:20 [booklist] INFO: VALID_ID: 2602175
2023-06-30 19:13:20 [booklist] INFO: VALID_ID: 2602166
2023-06-30 19:13:20 [booklist] INFO: VALID_ID: 2602168
2023-06-30 19:13:20 [booklist] INFO: VALID_ID: 1303002
2023-06-30 19:13:20 [booklist] INFO: VALID_ID: 2602167
2023-06-30 19:13:20 [booklist] INFO: VALID_ID: 2602178
2023-06-30 19:13:20 [booklist] INFO: VALID_ID: 2569845
2023-06-30 19:13:20 [booklist] INFO: VALID_ID: 11299478
2023-06-30 19:13:20 [booklist] INFO: VALID_ID: 2545407
2023-06-30 19:13:20 [booklist] INFO: VALID_ID: 1309242
2023-06-30 19:13:20 [booklist] INFO: VALID_ID: 2602165
2023-06-30 19:13:20 [booklist] INFO: VALID_ID: 2602171
2023-06-30 19:13:20 [booklist] INFO: VALID_ID: 2602172
2023-06-30 19:13:20 [booklist] INFO: VALID_ID: 2602176
2023-06-30 19:13:20 [booklist] INFO: VALID_ID: 2602164
2023-06-30 19:13:20 [booklist] INFO: VALID_ID: 2568008
2023-06-30 19:13:20 [booklist] INFO: VALID_ID: 2568009
2023-06-30 19:13:20 [booklist] INFO: VALID_ID: 2589529
2023-06-30 19:13:20 [booklist] INFO: VALID_ID: 2545405
2023-06-30 19:13:20 [booklist] INFO: VALID_ID: 1301312
2023-06-30 19:13:20 [booklist] INFO: VALID_ID: 2560016
2023-06-30 19:13:20 [booklist] INFO: VALID_ID: 2545402
2023-06-30 19:13:20 [booklist] INFO: VALID_ID: 12865586
2023-06-30 19:13:20 [booklist] INFO: VALID_ID: 2545403
2023-06-30 19:13:20 [booklist] INFO: VALID_ID: 2545404
2023-06-30 19:13:20 [booklist] INFO: VALID_ID: 2585452
2023-06-30 19:13:20 [booklist] INFO: VALID_ID: 2545401
2023-06-30 19:13:20 [booklist] INFO: VALID_ID: 2607475
2023-06-30 19:13:20 [booklist] INFO: VALID_ID: 11606643
2023-06-30 19:13:20 [booklist] INFO: VALID_ID: 2560015
2023-06-30 19:13:20 [booklist] INFO: VALID_ID: 2585664
2023-06-30 19:13:20 [booklist] INFO: VALID_ID: 1312904
2023-06-30 19:13:20 [booklist] INFO: VALID_ID: 2586708
2023-06-30 19:13:20 [booklist] INFO: VALID_ID: 1313462
2023-06-30 19:13:20 [booklist] INFO: VALID_ID: 2586650
2023-06-30 19:13:20 [booklist] INFO: VALID_ID: 2550364
2023-06-30 19:13:20 [booklist] INFO: VALID_ID: 2545410
2023-06-30 19:13:20 [booklist] INFO: VALID_ID: 1310906
2023-06-30 19:13:20 [booklist] INFO: VALID_ID: 2550171
2023-06-30 19:13:20 [booklist] INFO: VALID_ID: 12865587
2023-06-30 19:13:20 [booklist] INFO: VALID_ID: 2537740
2023-06-30 19:13:20 [booklist] INFO: VALID_ID: 1311905
2023-06-30 19:13:20 [booklist] INFO: VALID_ID: 2549310
2023-06-30 19:13:20 [booklist] INFO: VALID_ID: 2540094
2023-06-30 19:13:20 [booklist] INFO: VALID_ID: 2549360
2023-06-30 19:13:20 [booklist] INFO: VALID_ID: 2539428
2023-06-30 19:13:20 [booklist] INFO: VALID_ID: 2550279
2023-06-30 19:13:20 [booklist] INFO: VALID_ID: 2585464
2023-06-30 19:13:20 [booklist] INFO: VALID_ID: 2549288
2023-06-30 19:13:20 [booklist] INFO: VALID_ID: 2585527
2023-06-30 19:13:20 [booklist] INFO: VALID_ID: 2585655
2023-06-30 19:13:20 [booklist] INFO: VALID_ID: 9893158
2023-06-30 19:13:20 [booklist] INFO: VALID_ID: 2585432
2023-06-30 19:13:20 [booklist] INFO: VALID_ID: 2559121
2023-06-30 19:13:20 [booklist] INFO: VALID_ID: 1308243
2023-06-30 19:13:20 [booklist] INFO: VALID_ID: 2585304
2023-06-30 19:13:20 [booklist] INFO: VALID_ID: 1312903
2023-06-30 19:13:20 [booklist] INFO: VALID_ID: 2585677
2023-06-30 19:13:20 [booklist] INFO: VALID_ID: 2540534
2023-06-30 19:13:20 [booklist] INFO: VALID_ID: 2585510
2023-06-30 19:13:20 [booklist] INFO: VALID_ID: 2585505
2023-06-30 19:13:20 [booklist] INFO: VALID_ID: 1310881
2023-06-30 19:13:20 [booklist] INFO: VALID_ID: 1310896
2023-06-30 19:13:20 [booklist] INFO: VALID_ID: 1312622
2023-06-30 19:13:20 [booklist] INFO: VALID_ID: 2585445
2023-06-30 19:13:20 [booklist] INFO: VALID_ID: 2585434
2023-06-30 19:13:20 [booklist] INFO: VALID_ID: 2609686
2023-06-30 19:13:20 [booklist] INFO: VALID_ID: 2609463
2023-06-30 19:13:20 [booklist] INFO: VALID_ID: 2550276
2023-06-30 19:13:20 [booklist] INFO: VALID_ID: 1305394
2023-06-30 19:13:20 [booklist] INFO: VALID_ID: 2550234
2023-06-30 19:13:20 [booklist] INFO: VALID_ID: 2550367
2023-06-30 19:13:20 [booklist] INFO: VALID_ID: 2550186
2023-06-30 19:13:20 [booklist] INFO: VALID_ID: 2549355
2023-06-30 19:13:20 [booklist] INFO: VALID_ID: 1307048
2023-06-30 19:13:20 [booklist] INFO: VALID_ID: 2592854
2023-06-30 19:13:20 [booklist] INFO: VALID_ID: 1308832
2023-06-30 19:13:20 [booklist] INFO: VALID_ID: 2584265
2023-06-30 19:13:20 [booklist] INFO: VALID_ID: 2585607
2023-06-30 19:13:20 [booklist] INFO: VALID_ID: 2585380
2023-06-30 19:13:20 [booklist] INFO: VALID_ID: 2585307
2023-06-30 19:13:20 [booklist] INFO: VALID_ID: 2584253
2023-06-30 19:13:20 [booklist] INFO: VALID_ID: 1301311
2023-06-30 19:13:20 [booklist] INFO: VALID_ID: 1310901
2023-06-30 19:13:20 [booklist] INFO: VALID_ID: 2585499
2023-06-30 19:13:20 [booklist] INFO: VALID_ID: 2550275
2023-06-30 19:13:20 [booklist] INFO: VALID_ID: 2584267
2023-06-30 19:13:20 [booklist] INFO: VALID_ID: 2584268
2023-06-30 19:13:20 [booklist] INFO: VALID_ID: 2550169
2023-06-30 19:13:20 [booklist] INFO: VALID_ID: 2560611
2023-06-30 19:13:20 [booklist] INFO: VALID_ID: 2550266
2023-06-30 19:13:20 [booklist] INFO: VALID_ID: 1310898
2023-06-30 19:13:20 [booklist] INFO: VALID_ID: 2585551
2023-06-30 19:13:20 [booklist] INFO: VALID_ID: 2549343
2023-06-30 19:13:20 [booklist] INFO: VALID_ID: 2550362
2023-06-30 19:13:20 [booklist] INFO: VALID_ID: 2550224
2023-06-30 19:13:20 [booklist] INFO: VALID_ID: 2584270
2023-06-30 19:13:20 [booklist] INFO: VALID_ID: 2585652
2023-06-30 19:13:20 [booklist] INFO: VALID_ID: 11446470
2023-06-30 19:13:21 [scrapy.core.engine] DEBUG: Crawled (200) <POST https://dl.ndl.go.jp/api/item/search> (referer: https://dl.ndl.go.jp/api/item/search)
2023-06-30 19:13:21 [booklist] INFO: Fetched page 5
2023-06-30 19:13:21 [booklist] INFO: VALID_ID: 2585347
2023-06-30 19:13:21 [booklist] INFO: VALID_ID: 11446470
2023-06-30 19:13:21 [booklist] INFO: VALID_ID: 2532954
2023-06-30 19:13:21 [booklist] INFO: VALID_ID: 2550266
2023-06-30 19:13:21 [booklist] INFO: VALID_ID: 2593550
2023-06-30 19:13:21 [booklist] INFO: VALID_ID: 2585613
2023-06-30 19:13:21 [booklist] INFO: VALID_ID: 2550275
2023-06-30 19:13:21 [booklist] INFO: VALID_ID: 2585674
2023-06-30 19:13:21 [booklist] INFO: VALID_ID: 2550163
2023-06-30 19:13:21 [booklist] INFO: VALID_ID: 2550270
2023-06-30 19:13:21 [booklist] INFO: VALID_ID: 2549365
2023-06-30 19:13:21 [booklist] INFO: VALID_ID: 2550277
2023-06-30 19:13:21 [booklist] INFO: VALID_ID: 2550353
2023-06-30 19:13:21 [booklist] INFO: VALID_ID: 1305043
2023-06-30 19:13:21 [booklist] INFO: VALID_ID: 2585271
2023-06-30 19:13:21 [booklist] INFO: VALID_ID: 2539948
2023-06-30 19:13:21 [booklist] INFO: VALID_ID: 2549320
2023-06-30 19:13:21 [booklist] INFO: VALID_ID: 2549322
2023-06-30 19:13:21 [booklist] INFO: VALID_ID: 2585424
2023-06-30 19:13:21 [booklist] INFO: VALID_ID: 2549283
2023-06-30 19:13:21 [booklist] INFO: VALID_ID: 11446552
2023-06-30 19:13:21 [booklist] INFO: VALID_ID: 1310883
2023-06-30 19:13:21 [booklist] INFO: VALID_ID: 2549284
2023-06-30 19:13:21 [booklist] INFO: VALID_ID: 2585494
2023-06-30 19:13:21 [booklist] INFO: VALID_ID: 2585332
2023-06-30 19:13:21 [booklist] INFO: VALID_ID: 2533038
2023-06-30 19:13:21 [booklist] INFO: VALID_ID: 2559232
2023-06-30 19:13:21 [booklist] INFO: VALID_ID: 2585339
2023-06-30 19:13:21 [booklist] INFO: VALID_ID: 1304884
2023-06-30 19:13:21 [booklist] INFO: VALID_ID: 2585276
2023-06-30 19:13:21 [booklist] INFO: VALID_ID: 2550295
2023-06-30 19:13:21 [booklist] INFO: VALID_ID: 2585564
2023-06-30 19:13:21 [booklist] INFO: VALID_ID: 2585585
2023-06-30 19:13:21 [booklist] INFO: VALID_ID: 2537680
2023-06-30 19:13:21 [booklist] INFO: VALID_ID: 2585483
2023-06-30 19:13:21 [booklist] INFO: VALID_ID: 2550358
2023-06-30 19:13:21 [booklist] INFO: VALID_ID: 2585666
2023-06-30 19:13:21 [booklist] INFO: VALID_ID: 1301412
2023-06-30 19:13:21 [booklist] INFO: VALID_ID: 2549314
2023-06-30 19:13:21 [booklist] INFO: VALID_ID: 2550357
2023-06-30 19:13:21 [booklist] INFO: VALID_ID: 1312136
2023-06-30 19:13:21 [booklist] INFO: VALID_ID: 1302539
2023-06-30 19:13:21 [booklist] INFO: VALID_ID: 2585667
2023-06-30 19:13:21 [booklist] INFO: VALID_ID: 2585604
2023-06-30 19:13:21 [booklist] INFO: VALID_ID: 2550220
2023-06-30 19:13:21 [booklist] INFO: VALID_ID: 2549338
2023-06-30 19:13:21 [booklist] INFO: VALID_ID: 2585302
2023-06-30 19:13:21 [booklist] INFO: VALID_ID: 2585597
2023-06-30 19:13:21 [booklist] INFO: VALID_ID: 2591899
2023-06-30 19:13:21 [booklist] INFO: VALID_ID: 2590705
2023-06-30 19:13:21 [booklist] INFO: VALID_ID: 2585398
2023-06-30 19:13:21 [booklist] INFO: VALID_ID: 2540559
2023-06-30 19:13:21 [booklist] INFO: VALID_ID: 2585395
2023-06-30 19:13:21 [booklist] INFO: VALID_ID: 2549285
2023-06-30 19:13:21 [booklist] INFO: VALID_ID: 2585642
2023-06-30 19:13:21 [booklist] INFO: VALID_ID: 2585676
2023-06-30 19:13:21 [booklist] INFO: VALID_ID: 2550226
2023-06-30 19:13:21 [booklist] INFO: VALID_ID: 1312633
2023-06-30 19:13:21 [booklist] INFO: VALID_ID: 2550356
2023-06-30 19:13:21 [booklist] INFO: VALID_ID: 2585538
2023-06-30 19:13:21 [booklist] INFO: VALID_ID: 11891758
2023-06-30 19:13:21 [booklist] INFO: VALID_ID: 2585466
2023-06-30 19:13:21 [booklist] INFO: VALID_ID: 2550269
2023-06-30 19:13:21 [booklist] INFO: VALID_ID: 2585533
2023-06-30 19:13:21 [booklist] INFO: VALID_ID: 2546172
2023-06-30 19:13:21 [booklist] INFO: VALID_ID: 2585345
2023-06-30 19:13:21 [booklist] INFO: VALID_ID: 2585552
2023-06-30 19:13:21 [booklist] INFO: VALID_ID: 1312523
2023-06-30 19:13:21 [booklist] INFO: VALID_ID: 2550170
2023-06-30 19:13:21 [booklist] INFO: VALID_ID: 2550391
2023-06-30 19:13:21 [booklist] INFO: VALID_ID: 2585321
2023-06-30 19:13:21 [booklist] INFO: VALID_ID: 2585182
2023-06-30 19:13:21 [booklist] INFO: VALID_ID: 2585568
2023-06-30 19:13:21 [booklist] INFO: VALID_ID: 2546171
2023-06-30 19:13:21 [booklist] INFO: VALID_ID: 2585287
2023-06-30 19:13:21 [booklist] INFO: VALID_ID: 2582393
2023-06-30 19:13:21 [booklist] INFO: VALID_ID: 2549307
2023-06-30 19:13:21 [booklist] INFO: VALID_ID: 2585208
2023-06-30 19:13:21 [booklist] INFO: VALID_ID: 2585672
2023-06-30 19:13:21 [booklist] INFO: VALID_ID: 2550192
2023-06-30 19:13:21 [booklist] INFO: VALID_ID: 2589326
2023-06-30 19:13:21 [booklist] INFO: VALID_ID: 2549353
2023-06-30 19:13:21 [booklist] INFO: VALID_ID: 2550305
2023-06-30 19:13:21 [booklist] INFO: VALID_ID: 10303905
2023-06-30 19:13:21 [booklist] INFO: VALID_ID: 2607181
2023-06-30 19:13:21 [booklist] INFO: VALID_ID: 2609138
2023-06-30 19:13:21 [booklist] INFO: VALID_ID: 2609666
2023-06-30 19:13:21 [booklist] INFO: VALID_ID: 2551757
2023-06-30 19:13:21 [booklist] INFO: VALID_ID: 10303656
2023-06-30 19:13:21 [booklist] INFO: VALID_ID: 2585653
2023-06-30 19:13:21 [booklist] INFO: VALID_ID: 2585668
2023-06-30 19:13:21 [booklist] INFO: VALID_ID: 2585211
2023-06-30 19:13:21 [booklist] INFO: VALID_ID: 2585198
2023-06-30 19:13:21 [booklist] INFO: VALID_ID: 11446564
2023-06-30 19:13:21 [booklist] INFO: VALID_ID: 2549327
2023-06-30 19:13:21 [booklist] INFO: VALID_ID: 2585588
2023-06-30 19:13:21 [booklist] INFO: VALID_ID: 2550393
2023-06-30 19:13:21 [booklist] INFO: VALID_ID: 1313422
2023-06-30 19:13:21 [booklist] INFO: VALID_ID: 2585580
2023-06-30 19:13:21 [booklist] INFO: VALID_ID: 2550402
2023-06-30 19:13:22 [scrapy.core.engine] DEBUG: Crawled (200) <POST https://dl.ndl.go.jp/api/item/search> (referer: https://dl.ndl.go.jp/api/item/search)
2023-06-30 19:13:23 [booklist] INFO: Fetched page 6
2023-06-30 19:13:23 [booklist] INFO: VALID_ID: 2585588
2023-06-30 19:13:23 [booklist] INFO: VALID_ID: 2606806
2023-06-30 19:13:23 [booklist] INFO: VALID_ID: 2549358
2023-06-30 19:13:23 [booklist] INFO: VALID_ID: 2550209
2023-06-30 19:13:23 [booklist] INFO: VALID_ID: 11446507
2023-06-30 19:13:23 [booklist] INFO: VALID_ID: 2541052
2023-06-30 19:13:23 [booklist] INFO: VALID_ID: 2550402
2023-06-30 19:13:23 [booklist] INFO: VALID_ID: 2549328
2023-06-30 19:13:23 [booklist] INFO: VALID_ID: 2542755
2023-06-30 19:13:23 [booklist] INFO: VALID_ID: 2585638
2023-06-30 19:13:23 [booklist] INFO: VALID_ID: 2585387
2023-06-30 19:13:23 [booklist] INFO: VALID_ID: 2549290
2023-06-30 19:13:23 [booklist] INFO: VALID_ID: 10301593
2023-06-30 19:13:23 [booklist] INFO: VALID_ID: 2549325
2023-06-30 19:13:23 [booklist] INFO: VALID_ID: 2549324
2023-06-30 19:13:23 [booklist] INFO: VALID_ID: 2607835
2023-06-30 19:13:23 [booklist] INFO: VALID_ID: 2550167
2023-06-30 19:13:23 [booklist] INFO: VALID_ID: 2549332
2023-06-30 19:13:23 [booklist] INFO: VALID_ID: 2550239
2023-06-30 19:13:23 [booklist] INFO: VALID_ID: 2546170
2023-06-30 19:13:23 [booklist] INFO: VALID_ID: 1287793
2023-06-30 19:13:23 [booklist] INFO: VALID_ID: 1306197
2023-06-30 19:13:23 [booklist] INFO: VALID_ID: 2609629
2023-06-30 19:13:23 [booklist] INFO: VALID_ID: 1287794
2023-06-30 19:13:23 [booklist] INFO: VALID_ID: 1287784
2023-06-30 19:13:23 [booklist] INFO: VALID_ID: 1287810
2023-06-30 19:13:23 [booklist] INFO: VALID_ID: 1287820
2023-06-30 19:13:23 [booklist] INFO: VALID_ID: 2550223
2023-06-30 19:13:23 [booklist] INFO: VALID_ID: 2550168
2023-06-30 19:13:23 [booklist] INFO: VALID_ID: 1287778
2023-06-30 19:13:23 [booklist] INFO: VALID_ID: 2549295
2023-06-30 19:13:23 [booklist] INFO: VALID_ID: 1288339
2023-06-30 19:13:23 [booklist] INFO: VALID_ID: 1287788
2023-06-30 19:13:23 [booklist] INFO: VALID_ID: 1287801
2023-06-30 19:13:23 [booklist] INFO: VALID_ID: 1287811
2023-06-30 19:13:23 [booklist] INFO: VALID_ID: 1287781
2023-06-30 19:13:23 [booklist] INFO: VALID_ID: 1287792
2023-06-30 19:13:23 [booklist] INFO: VALID_ID: 1287815
2023-06-30 19:13:23 [booklist] INFO: VALID_ID: 1287821
2023-06-30 19:13:23 [booklist] INFO: VALID_ID: 1287777
2023-06-30 19:13:23 [booklist] INFO: VALID_ID: 2549336
2023-06-30 19:13:23 [booklist] INFO: VALID_ID: 2541716
2023-06-30 19:13:23 [booklist] INFO: VALID_ID: 1287785
2023-06-30 19:13:23 [booklist] INFO: VALID_ID: 1287823
2023-06-30 19:13:23 [booklist] INFO: VALID_ID: 2589370
2023-06-30 19:13:23 [booklist] INFO: VALID_ID: 2610770
2023-06-30 19:13:23 [booklist] INFO: VALID_ID: 2549287
2023-06-30 19:13:23 [booklist] INFO: VALID_ID: 1287807
2023-06-30 19:13:23 [booklist] INFO: VALID_ID: 2549280
2023-06-30 19:13:23 [booklist] INFO: VALID_ID: 2550221
2023-06-30 19:13:23 [booklist] INFO: VALID_ID: 2548630
2023-06-30 19:13:23 [booklist] INFO: VALID_ID: 2585217
2023-06-30 19:13:23 [booklist] INFO: VALID_ID: 2550195
2023-06-30 19:13:23 [booklist] INFO: VALID_ID: 2549346
2023-06-30 19:13:23 [booklist] INFO: VALID_ID: 2550387
2023-06-30 19:13:23 [booklist] INFO: VALID_ID: 2550306
2023-06-30 19:13:23 [booklist] INFO: VALID_ID: 2549333
2023-06-30 19:13:23 [booklist] INFO: VALID_ID: 2585340
2023-06-30 19:13:23 [booklist] INFO: VALID_ID: 2585331
2023-06-30 19:13:23 [booklist] INFO: VALID_ID: 2549316
2023-06-30 19:13:23 [booklist] INFO: VALID_ID: 2550214
2023-06-30 19:13:23 [booklist] INFO: VALID_ID: 2550363
2023-06-30 19:13:23 [booklist] INFO: VALID_ID: 2550268
2023-06-30 19:13:23 [booklist] INFO: VALID_ID: 2533240
2023-06-30 19:13:23 [booklist] INFO: VALID_ID: 2549330
2023-06-30 19:13:23 [booklist] INFO: VALID_ID: 2550365
2023-06-30 19:13:23 [booklist] INFO: VALID_ID: 2549653
2023-06-30 19:13:23 [booklist] INFO: VALID_ID: 2550147
2023-06-30 19:13:23 [booklist] INFO: VALID_ID: 2550193
2023-06-30 19:13:23 [booklist] INFO: VALID_ID: 2549342
2023-06-30 19:13:23 [booklist] INFO: VALID_ID: 2609783
2023-06-30 19:13:23 [booklist] INFO: VALID_ID: 2610714
2023-06-30 19:13:23 [booklist] INFO: VALID_ID: 2550241
2023-06-30 19:13:23 [booklist] INFO: VALID_ID: 2550164
2023-06-30 19:13:23 [booklist] INFO: VALID_ID: 2550389
2023-06-30 19:13:23 [booklist] INFO: VALID_ID: 2550162
2023-06-30 19:13:23 [booklist] INFO: VALID_ID: 2550219
2023-06-30 19:13:23 [booklist] INFO: VALID_ID: 2550355
2023-06-30 19:13:23 [booklist] INFO: VALID_ID: 2550388
2023-06-30 19:13:23 [booklist] INFO: VALID_ID: 2550198
2023-06-30 19:13:23 [booklist] INFO: VALID_ID: 2550352
2023-06-30 19:13:23 [booklist] INFO: VALID_ID: 2608047
2023-06-30 19:13:23 [booklist] INFO: VALID_ID: 2549305
2023-06-30 19:13:23 [booklist] INFO: VALID_ID: 2550267
2023-06-30 19:13:23 [booklist] INFO: VALID_ID: 2550354
2023-06-30 19:13:23 [booklist] INFO: VALID_ID: 2549294
2023-06-30 19:13:23 [booklist] INFO: VALID_ID: 2550242
2023-06-30 19:13:23 [booklist] INFO: VALID_ID: 2550297
2023-06-30 19:13:23 [booklist] INFO: VALID_ID: 2606848
2023-06-30 19:13:23 [booklist] INFO: VALID_ID: 2550386
2023-06-30 19:13:23 [booklist] INFO: VALID_ID: 2550291
2023-06-30 19:13:23 [booklist] INFO: VALID_ID: 2550293
2023-06-30 19:13:23 [booklist] INFO: VALID_ID: 2549661
2023-06-30 19:13:23 [booklist] INFO: VALID_ID: 2559179
2023-06-30 19:13:23 [booklist] INFO: VALID_ID: 2559178
2023-06-30 19:13:23 [booklist] INFO: VALID_ID: 2559188
2023-06-30 19:13:23 [booklist] INFO: VALID_ID: 2559181
2023-06-30 19:13:23 [booklist] INFO: VALID_ID: 2610940
2023-06-30 19:13:23 [booklist] INFO: VALID_ID: 2559180
2023-06-30 19:13:23 [booklist] INFO: VALID_ID: 2559183
2023-06-30 19:13:24 [scrapy.core.engine] DEBUG: Crawled (200) <POST https://dl.ndl.go.jp/api/item/search> (referer: https://dl.ndl.go.jp/api/item/search)
2023-06-30 19:13:24 [booklist] INFO: Fetched page 7
2023-06-30 19:13:25 [booklist] INFO: VALID_ID: 2559182
2023-06-30 19:13:25 [booklist] INFO: VALID_ID: 2559185
2023-06-30 19:13:25 [booklist] INFO: VALID_ID: 2559187
2023-06-30 19:13:25 [booklist] INFO: VALID_ID: 2559186
2023-06-30 19:13:25 [booklist] INFO: VALID_ID: 2550272
2023-06-30 19:13:25 [booklist] INFO: VALID_ID: 2607879
2023-06-30 19:13:25 [booklist] INFO: VALID_ID: 2549326
2023-06-30 19:13:25 [booklist] INFO: VALID_ID: 2550182
2023-06-30 19:13:25 [booklist] INFO: VALID_ID: 10301535
2023-06-30 19:13:25 [booklist] INFO: VALID_ID: 2549281
2023-06-30 19:13:25 [booklist] INFO: VALID_ID: 2550283
2023-06-30 19:13:25 [booklist] INFO: VALID_ID: 2549668
2023-06-30 19:13:25 [booklist] INFO: VALID_ID: 2550308
2023-06-30 19:13:25 [booklist] INFO: VALID_ID: 2549665
2023-06-30 19:13:25 [booklist] INFO: VALID_ID: 2549662
2023-06-30 19:13:25 [booklist] INFO: VALID_ID: 2550400
2023-06-30 19:13:25 [booklist] INFO: VALID_ID: 2550161
2023-06-30 19:13:25 [booklist] INFO: VALID_ID: 2550278
2023-06-30 19:13:25 [booklist] INFO: VALID_ID: 2550366
2023-06-30 19:13:25 [booklist] INFO: VALID_ID: 1305545
2023-06-30 19:13:25 [booklist] INFO: VALID_ID: 2576238
2023-06-30 19:13:25 [booklist] INFO: VALID_ID: 10301567
2023-06-30 19:13:25 [booklist] INFO: VALID_ID: 2550174
2023-06-30 19:13:25 [booklist] INFO: VALID_ID: 2549643
2023-06-30 19:13:25 [booklist] INFO: VALID_ID: 2610818
2023-06-30 19:13:25 [booklist] INFO: VALID_ID: 2576234
2023-06-30 19:13:25 [booklist] INFO: VALID_ID: 2576237
2023-06-30 19:13:25 [booklist] INFO: VALID_ID: 2550155
2023-06-30 19:13:25 [booklist] INFO: VALID_ID: 2576235
2023-06-30 19:13:25 [booklist] INFO: VALID_ID: 2576245
2023-06-30 19:13:25 [booklist] INFO: VALID_ID: 2576241
2023-06-30 19:13:25 [booklist] INFO: VALID_ID: 2576242
2023-06-30 19:13:25 [booklist] INFO: VALID_ID: 2576243
2023-06-30 19:13:25 [booklist] INFO: VALID_ID: 2576236
2023-06-30 19:13:25 [booklist] INFO: VALID_ID: 2576239
2023-06-30 19:13:25 [booklist] INFO: VALID_ID: 2576244
2023-06-30 19:13:25 [booklist] INFO: VALID_ID: 2550218
2023-06-30 19:13:25 [booklist] INFO: VALID_ID: 2549319
2023-06-30 19:13:25 [booklist] INFO: VALID_ID: 2550292
2023-06-30 19:13:25 [booklist] INFO: VALID_ID: 2606743
2023-06-30 19:13:25 [booklist] INFO: VALID_ID: 2550359
2023-06-30 19:13:25 [booklist] INFO: VALID_ID: 2550288
2023-06-30 19:13:25 [booklist] INFO: VALID_ID: 2550146
2023-06-30 19:13:25 [booklist] INFO: VALID_ID: 2610444
2023-06-30 19:13:25 [booklist] INFO: VALID_ID: 2572600
2023-06-30 19:13:25 [booklist] INFO: VALID_ID: 2559124
2023-06-30 19:13:25 [booklist] INFO: VALID_ID: 2550194
2023-06-30 19:13:25 [booklist] INFO: VALID_ID: 2559122
2023-06-30 19:13:25 [booklist] INFO: VALID_ID: 2559123
2023-06-30 19:13:25 [booklist] INFO: VALID_ID: 2559117
2023-06-30 19:13:25 [booklist] INFO: VALID_ID: 2559129
2023-06-30 19:13:25 [booklist] INFO: VALID_ID: 2550154
2023-06-30 19:13:25 [booklist] INFO: VALID_ID: 2550228
2023-06-30 19:13:25 [booklist] INFO: VALID_ID: 2559132
2023-06-30 19:13:25 [booklist] INFO: VALID_ID: 2550372
2023-06-30 19:13:25 [booklist] INFO: VALID_ID: 2559127
2023-06-30 19:13:25 [booklist] INFO: VALID_ID: 2559130
2023-06-30 19:13:25 [booklist] INFO: VALID_ID: 2559118
2023-06-30 19:13:25 [booklist] INFO: VALID_ID: 2559131
2023-06-30 19:13:25 [booklist] INFO: VALID_ID: 2550403
2023-06-30 19:13:25 [booklist] INFO: VALID_ID: 2559128
2023-06-30 19:13:25 [booklist] INFO: VALID_ID: 2559126
2023-06-30 19:13:25 [booklist] INFO: VALID_ID: 2559119
2023-06-30 19:13:25 [booklist] INFO: VALID_ID: 2546791
2023-06-30 19:13:25 [booklist] INFO: VALID_ID: 2559120
2023-06-30 19:13:25 [booklist] INFO: VALID_ID: 2549292
2023-06-30 19:13:25 [booklist] INFO: VALID_ID: 2559125
2023-06-30 19:13:25 [booklist] INFO: VALID_ID: 2550265
2023-06-30 19:13:25 [booklist] INFO: VALID_ID: 2550256
2023-06-30 19:13:25 [booklist] INFO: VALID_ID: 2549649
2023-06-30 19:13:25 [booklist] INFO: VALID_ID: 2550232
2023-06-30 19:13:25 [booklist] INFO: VALID_ID: 2550401
2023-06-30 19:13:25 [booklist] INFO: VALID_ID: 2550342
2023-06-30 19:13:25 [booklist] INFO: VALID_ID: 2550240
2023-06-30 19:13:25 [booklist] INFO: VALID_ID: 2550263
2023-06-30 19:13:25 [booklist] INFO: VALID_ID: 2549291
2023-06-30 19:13:25 [booklist] INFO: VALID_ID: 2550217
2023-06-30 19:13:25 [booklist] INFO: VALID_ID: 2550351
2023-06-30 19:13:25 [booklist] INFO: VALID_ID: 2550145
2023-06-30 19:13:25 [booklist] INFO: VALID_ID: 9369953
2023-06-30 19:13:25 [booklist] INFO: VALID_ID: 2610518
2023-06-30 19:13:25 [booklist] INFO: VALID_ID: 2559239
2023-06-30 19:13:25 [booklist] INFO: VALID_ID: 2559240
2023-06-30 19:13:25 [booklist] INFO: VALID_ID: 2559234
2023-06-30 19:13:25 [booklist] INFO: VALID_ID: 2559235
2023-06-30 19:13:25 [booklist] INFO: VALID_ID: 2559238
2023-06-30 19:13:25 [booklist] INFO: VALID_ID: 2559237
2023-06-30 19:13:25 [booklist] INFO: VALID_ID: 2559233
2023-06-30 19:13:25 [booklist] INFO: VALID_ID: 2559236
2023-06-30 19:13:25 [booklist] INFO: VALID_ID: 9369966
2023-06-30 19:13:25 [booklist] INFO: VALID_ID: 2611035
2023-06-30 19:13:25 [booklist] INFO: VALID_ID: 2550160
2023-06-30 19:13:25 [booklist] INFO: VALID_ID: 2550264
2023-06-30 19:13:25 [booklist] INFO: VALID_ID: 2550404
2023-06-30 19:13:25 [booklist] INFO: VALID_ID: 2550259
2023-06-30 19:13:25 [booklist] INFO: VALID_ID: 2550150
2023-06-30 19:13:25 [booklist] INFO: VALID_ID: 11446659
2023-06-30 19:13:25 [booklist] INFO: VALID_ID: 2550196
2023-06-30 19:13:25 [booklist] INFO: VALID_ID: 2610012
2023-06-30 19:13:25 [booklist] INFO: VALID_ID: 2610138
2023-06-30 19:13:26 [scrapy.core.engine] DEBUG: Crawled (200) <POST https://dl.ndl.go.jp/api/item/search> (referer: https://dl.ndl.go.jp/api/item/search)
2023-06-30 19:13:26 [booklist] INFO: Fetched page 8
2023-06-30 19:13:26 [booklist] INFO: No more books on 8
2023-06-30 19:13:26 [scrapy.core.engine] INFO: Closing spider (finished)
2023-06-30 19:13:26 [scrapy.statscollectors] INFO: Dumping Scrapy stats:
{'downloader/request_bytes': 10983,
 'downloader/request_count': 9,
 'downloader/request_method_count/GET': 1,
 'downloader/request_method_count/POST': 8,
 'downloader/response_bytes': 3392185,
 'downloader/response_count': 9,
 'downloader/response_status_count/200': 9,
 'elapsed_time_seconds': 10.857864,
 'finish_reason': 'finished',
 'finish_time': datetime.datetime(2023, 6, 30, 11, 13, 26, 154829),
 'httpcompression/response_bytes': 39644436,
 'httpcompression/response_count': 8,
 'log_count/DEBUG': 12,
 'log_count/INFO': 719,
 'memusage/max': 63844352,
 'memusage/startup': 63844352,
 'request_depth_max': 7,
 'response_received_count': 9,
 'robotstxt/request_count': 1,
 'robotstxt/response_count': 1,
 'robotstxt/response_status_count/200': 1,
 'scheduler/dequeued': 8,
 'scheduler/dequeued/memory': 8,
 'scheduler/enqueued': 8,
 'scheduler/enqueued/memory': 8,
 'start_time': datetime.datetime(2023, 6, 30, 11, 13, 15, 296965)}
2023-06-30 19:13:26 [scrapy.core.engine] INFO: Spider closed (finished)
