2023-06-30 16:38:41 [scrapy.utils.log] INFO: Scrapy 2.9.0 started (bot: ndlcrawler)
2023-06-30 16:38:41 [scrapy.utils.log] INFO: Versions: lxml 4.9.2.0, libxml2 2.9.14, cssselect 1.2.0, parsel 1.8.1, w3lib 2.1.1, Twisted 22.10.0, Python 3.10.10 (main, Mar  5 2023, 22:26:53) [GCC 12.2.1 20230201], pyOpenSSL 23.2.0 (OpenSSL 3.1.1 30 May 2023), cryptography 41.0.1, Platform Linux-6.2.12-arch1-1-x86_64-with-glibc2.37
2023-06-30 16:38:41 [scrapy.crawler] INFO: Overridden settings:
{'BOT_NAME': 'ndlcrawler',
 'FEED_EXPORT_ENCODING': 'utf-8',
 'LOG_FILE': 'logs/booklist.title.92.DESC.log',
 'NEWSPIDER_MODULE': 'ndlcrawler.spiders',
 'REQUEST_FINGERPRINTER_IMPLEMENTATION': '2.7',
 'ROBOTSTXT_OBEY': True,
 'SPIDER_MODULES': ['ndlcrawler.spiders'],
 'TWISTED_REACTOR': 'twisted.internet.asyncioreactor.AsyncioSelectorReactor'}
2023-06-30 16:38:41 [asyncio] DEBUG: Using selector: EpollSelector
2023-06-30 16:38:41 [scrapy.utils.log] DEBUG: Using reactor: twisted.internet.asyncioreactor.AsyncioSelectorReactor
2023-06-30 16:38:41 [scrapy.utils.log] DEBUG: Using asyncio event loop: asyncio.unix_events._UnixSelectorEventLoop
2023-06-30 16:38:41 [scrapy.extensions.telnet] INFO: Telnet Password: e5c910f0370e898e
2023-06-30 16:38:41 [scrapy.middleware] INFO: Enabled extensions:
['scrapy.extensions.corestats.CoreStats',
 'scrapy.extensions.telnet.TelnetConsole',
 'scrapy.extensions.memusage.MemoryUsage',
 'scrapy.extensions.logstats.LogStats']
2023-06-30 16:38:41 [scrapy.middleware] INFO: Enabled downloader middlewares:
['scrapy.downloadermiddlewares.robotstxt.RobotsTxtMiddleware',
 'scrapy.downloadermiddlewares.httpauth.HttpAuthMiddleware',
 'scrapy.downloadermiddlewares.downloadtimeout.DownloadTimeoutMiddleware',
 'scrapy.downloadermiddlewares.defaultheaders.DefaultHeadersMiddleware',
 'scrapy.downloadermiddlewares.useragent.UserAgentMiddleware',
 'scrapy.downloadermiddlewares.retry.RetryMiddleware',
 'scrapy.downloadermiddlewares.redirect.MetaRefreshMiddleware',
 'scrapy.downloadermiddlewares.httpcompression.HttpCompressionMiddleware',
 'scrapy.downloadermiddlewares.redirect.RedirectMiddleware',
 'scrapy.downloadermiddlewares.cookies.CookiesMiddleware',
 'scrapy.downloadermiddlewares.httpproxy.HttpProxyMiddleware',
 'scrapy.downloadermiddlewares.stats.DownloaderStats']
2023-06-30 16:38:41 [scrapy.middleware] INFO: Enabled spider middlewares:
['scrapy.spidermiddlewares.httperror.HttpErrorMiddleware',
 'scrapy.spidermiddlewares.offsite.OffsiteMiddleware',
 'scrapy.spidermiddlewares.referer.RefererMiddleware',
 'scrapy.spidermiddlewares.urllength.UrlLengthMiddleware',
 'scrapy.spidermiddlewares.depth.DepthMiddleware']
2023-06-30 16:38:41 [scrapy.middleware] INFO: Enabled item pipelines:
[]
2023-06-30 16:38:41 [scrapy.core.engine] INFO: Spider opened
2023-06-30 16:38:41 [scrapy.extensions.logstats] INFO: Crawled 0 pages (at 0 pages/min), scraped 0 items (at 0 items/min)
2023-06-30 16:38:41 [scrapy.extensions.telnet] INFO: Telnet console listening on 127.0.0.1:6025
2023-06-30 16:38:42 [scrapy.core.engine] DEBUG: Crawled (200) <GET https://dl.ndl.go.jp/robots.txt> (referer: None)
2023-06-30 16:38:43 [scrapy.core.engine] DEBUG: Crawled (200) <POST https://dl.ndl.go.jp/api/item/search> (referer: None)
2023-06-30 16:38:43 [booklist] INFO: Fetched page 1
2023-06-30 16:38:44 [booklist] INFO: VALID_ID: 2598257
2023-06-30 16:38:44 [booklist] INFO: VALID_ID: 2585942
2023-06-30 16:38:44 [booklist] INFO: VALID_ID: 2598256
2023-06-30 16:38:44 [booklist] INFO: VALID_ID: 2588619
2023-06-30 16:38:44 [booklist] INFO: VALID_ID: 2553638
2023-06-30 16:38:44 [booklist] INFO: VALID_ID: 2572118
2023-06-30 16:38:44 [booklist] INFO: VALID_ID: 2588484
2023-06-30 16:38:44 [booklist] INFO: VALID_ID: 2573070
2023-06-30 16:38:44 [booklist] INFO: VALID_ID: 2588719
2023-06-30 16:38:44 [booklist] INFO: VALID_ID: 2571573
2023-06-30 16:38:44 [booklist] INFO: VALID_ID: 2571449
2023-06-30 16:38:44 [booklist] INFO: VALID_ID: 2574522
2023-06-30 16:38:44 [booklist] INFO: VALID_ID: 10303633
2023-06-30 16:38:44 [booklist] INFO: VALID_ID: 2572847
2023-06-30 16:38:44 [booklist] INFO: VALID_ID: 2565091
2023-06-30 16:38:44 [booklist] INFO: VALID_ID: 2565103
2023-06-30 16:38:44 [booklist] INFO: VALID_ID: 2565090
2023-06-30 16:38:44 [booklist] INFO: VALID_ID: 2606148
2023-06-30 16:38:44 [booklist] INFO: VALID_ID: 2572218
2023-06-30 16:38:44 [booklist] INFO: VALID_ID: 2589120
2023-06-30 16:38:44 [booklist] INFO: VALID_ID: 2565097
2023-06-30 16:38:44 [booklist] INFO: VALID_ID: 2550501
2023-06-30 16:38:44 [booklist] INFO: VALID_ID: 2565085
2023-06-30 16:38:44 [booklist] INFO: VALID_ID: 2565092
2023-06-30 16:38:44 [booklist] INFO: VALID_ID: 2565089
2023-06-30 16:38:44 [booklist] INFO: VALID_ID: 2608920
2023-06-30 16:38:44 [booklist] INFO: VALID_ID: 2565098
2023-06-30 16:38:44 [booklist] INFO: VALID_ID: 2565086
2023-06-30 16:38:44 [booklist] INFO: VALID_ID: 2565094
2023-06-30 16:38:44 [booklist] INFO: VALID_ID: 2565104
2023-06-30 16:38:44 [booklist] INFO: VALID_ID: 2565102
2023-06-30 16:38:44 [booklist] INFO: VALID_ID: 2565093
2023-06-30 16:38:44 [booklist] INFO: VALID_ID: 2565105
2023-06-30 16:38:44 [booklist] INFO: VALID_ID: 2565088
2023-06-30 16:38:44 [booklist] INFO: VALID_ID: 2565099
2023-06-30 16:38:44 [booklist] INFO: VALID_ID: 2565095
2023-06-30 16:38:44 [booklist] INFO: VALID_ID: 2565096
2023-06-30 16:38:44 [booklist] INFO: VALID_ID: 2565101
2023-06-30 16:38:44 [booklist] INFO: VALID_ID: 2565106
2023-06-30 16:38:44 [booklist] INFO: VALID_ID: 2565087
2023-06-30 16:38:44 [booklist] INFO: VALID_ID: 2565107
2023-06-30 16:38:44 [booklist] INFO: VALID_ID: 2565084
2023-06-30 16:38:44 [booklist] INFO: VALID_ID: 2565100
2023-06-30 16:38:44 [booklist] INFO: VALID_ID: 2551973
2023-06-30 16:38:44 [booklist] INFO: VALID_ID: 2589020
2023-06-30 16:38:44 [booklist] INFO: VALID_ID: 2551356
2023-06-30 16:38:44 [booklist] INFO: VALID_ID: 11446576
2023-06-30 16:38:44 [booklist] INFO: VALID_ID: 2588920
2023-06-30 16:38:44 [booklist] INFO: VALID_ID: 2587156
2023-06-30 16:38:44 [booklist] INFO: VALID_ID: 2589356
2023-06-30 16:38:44 [booklist] INFO: VALID_ID: 2576648
2023-06-30 16:38:44 [booklist] INFO: VALID_ID: 2576649
2023-06-30 16:38:44 [booklist] INFO: VALID_ID: 2576651
2023-06-30 16:38:44 [booklist] INFO: VALID_ID: 2592092
2023-06-30 16:38:44 [booklist] INFO: VALID_ID: 2608726
2023-06-30 16:38:44 [booklist] INFO: VALID_ID: 2561528
2023-06-30 16:38:44 [booklist] INFO: VALID_ID: 2560157
2023-06-30 16:38:44 [booklist] INFO: VALID_ID: 2560156
2023-06-30 16:38:44 [booklist] INFO: VALID_ID: 2560159
2023-06-30 16:38:44 [booklist] INFO: VALID_ID: 2560160
2023-06-30 16:38:44 [booklist] INFO: VALID_ID: 2560158
2023-06-30 16:38:44 [booklist] INFO: VALID_ID: 2585031
2023-06-30 16:38:44 [booklist] INFO: VALID_ID: 2561529
2023-06-30 16:38:44 [booklist] INFO: VALID_ID: 2551922
2023-06-30 16:38:44 [booklist] INFO: VALID_ID: 2538438
2023-06-30 16:38:44 [booklist] INFO: VALID_ID: 2578813
2023-06-30 16:38:44 [booklist] INFO: VALID_ID: 2560236
2023-06-30 16:38:44 [booklist] INFO: VALID_ID: 2576647
2023-06-30 16:38:44 [booklist] INFO: VALID_ID: 2578812
2023-06-30 16:38:44 [booklist] INFO: VALID_ID: 2578796
2023-06-30 16:38:44 [booklist] INFO: VALID_ID: 2578829
2023-06-30 16:38:44 [booklist] INFO: VALID_ID: 2609072
2023-06-30 16:38:44 [booklist] INFO: VALID_ID: 2560234
2023-06-30 16:38:44 [booklist] INFO: VALID_ID: 2578808
2023-06-30 16:38:44 [booklist] INFO: VALID_ID: 2578809
2023-06-30 16:38:44 [booklist] INFO: VALID_ID: 2578811
2023-06-30 16:38:44 [booklist] INFO: VALID_ID: 2578795
2023-06-30 16:38:44 [booklist] INFO: VALID_ID: 2578802
2023-06-30 16:38:44 [booklist] INFO: VALID_ID: 2578837
2023-06-30 16:38:44 [booklist] INFO: VALID_ID: 2578820
2023-06-30 16:38:44 [booklist] INFO: VALID_ID: 2578800
2023-06-30 16:38:44 [booklist] INFO: VALID_ID: 2578821
2023-06-30 16:38:44 [booklist] INFO: VALID_ID: 2578810
2023-06-30 16:38:44 [booklist] INFO: VALID_ID: 2578818
2023-06-30 16:38:44 [booklist] INFO: VALID_ID: 2578797
2023-06-30 16:38:44 [booklist] INFO: VALID_ID: 2578801
2023-06-30 16:38:44 [booklist] INFO: VALID_ID: 2578798
2023-06-30 16:38:44 [booklist] INFO: VALID_ID: 2578805
2023-06-30 16:38:44 [booklist] INFO: VALID_ID: 2578835
2023-06-30 16:38:44 [booklist] INFO: VALID_ID: 2578824
2023-06-30 16:38:44 [booklist] INFO: VALID_ID: 2578827
2023-06-30 16:38:44 [booklist] INFO: VALID_ID: 2578834
2023-06-30 16:38:44 [booklist] INFO: VALID_ID: 2578799
2023-06-30 16:38:44 [booklist] INFO: VALID_ID: 2578793
2023-06-30 16:38:44 [booklist] INFO: VALID_ID: 2578833
2023-06-30 16:38:44 [booklist] INFO: VALID_ID: 2578828
2023-06-30 16:38:44 [booklist] INFO: VALID_ID: 2578830
2023-06-30 16:38:44 [booklist] INFO: VALID_ID: 2578819
2023-06-30 16:38:44 [booklist] INFO: VALID_ID: 2578823
2023-06-30 16:38:44 [booklist] INFO: VALID_ID: 2578806
2023-06-30 16:38:45 [scrapy.core.engine] DEBUG: Crawled (200) <POST https://dl.ndl.go.jp/api/item/search> (referer: https://dl.ndl.go.jp/api/item/search)
2023-06-30 16:38:45 [booklist] INFO: Fetched page 2
2023-06-30 16:38:45 [booklist] INFO: VALID_ID: 2578830
2023-06-30 16:38:45 [booklist] INFO: VALID_ID: 2576652
2023-06-30 16:38:45 [booklist] INFO: VALID_ID: 2578834
2023-06-30 16:38:45 [booklist] INFO: VALID_ID: 2610906
2023-06-30 16:38:45 [booklist] INFO: VALID_ID: 2578804
2023-06-30 16:38:45 [booklist] INFO: VALID_ID: 2578816
2023-06-30 16:38:45 [booklist] INFO: VALID_ID: 2578832
2023-06-30 16:38:45 [booklist] INFO: VALID_ID: 2578839
2023-06-30 16:38:45 [booklist] INFO: VALID_ID: 2578817
2023-06-30 16:38:45 [booklist] INFO: VALID_ID: 2578822
2023-06-30 16:38:45 [booklist] INFO: VALID_ID: 2578826
2023-06-30 16:38:45 [booklist] INFO: VALID_ID: 2610610
2023-06-30 16:38:45 [booklist] INFO: VALID_ID: 2578807
2023-06-30 16:38:45 [booklist] INFO: VALID_ID: 2578841
2023-06-30 16:38:45 [booklist] INFO: VALID_ID: 2578795
2023-06-30 16:38:45 [booklist] INFO: VALID_ID: 2578842
2023-06-30 16:38:45 [booklist] INFO: VALID_ID: 2578815
2023-06-30 16:38:45 [booklist] INFO: VALID_ID: 2578831
2023-06-30 16:38:45 [booklist] INFO: VALID_ID: 2578838
2023-06-30 16:38:45 [booklist] INFO: VALID_ID: 2576650
2023-06-30 16:38:45 [booklist] INFO: VALID_ID: 2578794
2023-06-30 16:38:45 [booklist] INFO: VALID_ID: 2578803
2023-06-30 16:38:45 [booklist] INFO: VALID_ID: 2578814
2023-06-30 16:38:45 [booklist] INFO: VALID_ID: 2578840
2023-06-30 16:38:45 [booklist] INFO: VALID_ID: 2560235
2023-06-30 16:38:45 [booklist] INFO: VALID_ID: 2585032
2023-06-30 16:38:45 [booklist] INFO: VALID_ID: 10303527
2023-06-30 16:38:45 [booklist] INFO: VALID_ID: 2572565
2023-06-30 16:38:45 [booklist] INFO: VALID_ID: 2559108
2023-06-30 16:38:45 [booklist] INFO: VALID_ID: 2610395
2023-06-30 16:38:45 [booklist] INFO: VALID_ID: 2608072
2023-06-30 16:38:45 [booklist] INFO: VALID_ID: 9369959
2023-06-30 16:38:45 [booklist] INFO: VALID_ID: 2549144
2023-06-30 16:38:45 [booklist] INFO: VALID_ID: 2587428
2023-06-30 16:38:45 [booklist] INFO: VALID_ID: 2611028
2023-06-30 16:38:45 [booklist] INFO: VALID_ID: 2572666
2023-06-30 16:38:45 [booklist] INFO: VALID_ID: 2550400
2023-06-30 16:38:45 [booklist] INFO: VALID_ID: 2605528
2023-06-30 16:38:45 [booklist] INFO: VALID_ID: 2606744
2023-06-30 16:38:45 [booklist] INFO: VALID_ID: 2604775
2023-06-30 16:38:45 [booklist] INFO: VALID_ID: 2541518
2023-06-30 16:38:45 [booklist] INFO: VALID_ID: 11223371
2023-06-30 16:38:45 [booklist] INFO: VALID_ID: 2585993
2023-06-30 16:38:45 [booklist] INFO: VALID_ID: 2555360
2023-06-30 16:38:45 [booklist] INFO: VALID_ID: 2574318
2023-06-30 16:38:45 [booklist] INFO: VALID_ID: 2570810
2023-06-30 16:38:45 [booklist] INFO: VALID_ID: 2591266
2023-06-30 16:38:45 [booklist] INFO: VALID_ID: 2549035
2023-06-30 16:38:45 [booklist] INFO: VALID_ID: 11038736
2023-06-30 16:38:45 [booklist] INFO: VALID_ID: 2548846
2023-06-30 16:38:45 [booklist] INFO: VALID_ID: 2590953
2023-06-30 16:38:45 [booklist] INFO: VALID_ID: 2570348
2023-06-30 16:38:45 [booklist] INFO: VALID_ID: 2532857
2023-06-30 16:38:45 [booklist] INFO: VALID_ID: 2607181
2023-06-30 16:38:45 [booklist] INFO: VALID_ID: 2610940
2023-06-30 16:38:45 [booklist] INFO: VALID_ID: 2605079
2023-06-30 16:38:45 [booklist] INFO: VALID_ID: 2591235
2023-06-30 16:38:45 [booklist] INFO: VALID_ID: 2586013
2023-06-30 16:38:45 [booklist] INFO: VALID_ID: 11892635
2023-06-30 16:38:45 [booklist] INFO: VALID_ID: 2605995
2023-06-30 16:38:45 [booklist] INFO: VALID_ID: 2607835
2023-06-30 16:38:45 [booklist] INFO: VALID_ID: 2585867
2023-06-30 16:38:45 [booklist] INFO: VALID_ID: 2585870
2023-06-30 16:38:45 [booklist] INFO: VALID_ID: 2585782
2023-06-30 16:38:45 [booklist] INFO: VALID_ID: 2585796
2023-06-30 16:38:45 [booklist] INFO: VALID_ID: 2585947
2023-06-30 16:38:45 [booklist] INFO: VALID_ID: 2611107
2023-06-30 16:38:45 [booklist] INFO: VALID_ID: 2585885
2023-06-30 16:38:45 [booklist] INFO: VALID_ID: 2585803
2023-06-30 16:38:45 [booklist] INFO: VALID_ID: 2585824
2023-06-30 16:38:45 [booklist] INFO: VALID_ID: 2585873
2023-06-30 16:38:45 [booklist] INFO: VALID_ID: 2585918
2023-06-30 16:38:45 [booklist] INFO: VALID_ID: 2585829
2023-06-30 16:38:45 [booklist] INFO: VALID_ID: 2585938
2023-06-30 16:38:45 [booklist] INFO: VALID_ID: 2585941
2023-06-30 16:38:45 [booklist] INFO: VALID_ID: 2585793
2023-06-30 16:38:45 [booklist] INFO: VALID_ID: 2585888
2023-06-30 16:38:45 [booklist] INFO: VALID_ID: 2585919
2023-06-30 16:38:45 [booklist] INFO: VALID_ID: 2585834
2023-06-30 16:38:45 [booklist] INFO: VALID_ID: 2585760
2023-06-30 16:38:45 [booklist] INFO: VALID_ID: 2585789
2023-06-30 16:38:45 [booklist] INFO: VALID_ID: 2585887
2023-06-30 16:38:45 [booklist] INFO: VALID_ID: 2585897
2023-06-30 16:38:45 [booklist] INFO: VALID_ID: 2585805
2023-06-30 16:38:45 [booklist] INFO: VALID_ID: 2585814
2023-06-30 16:38:45 [booklist] INFO: VALID_ID: 2585943
2023-06-30 16:38:45 [booklist] INFO: VALID_ID: 2609468
2023-06-30 16:38:45 [booklist] INFO: VALID_ID: 2585896
2023-06-30 16:38:45 [booklist] INFO: VALID_ID: 2585816
2023-06-30 16:38:45 [booklist] INFO: VALID_ID: 2585832
2023-06-30 16:38:45 [booklist] INFO: VALID_ID: 2585837
2023-06-30 16:38:45 [booklist] INFO: VALID_ID: 2585939
2023-06-30 16:38:45 [booklist] INFO: VALID_ID: 2585764
2023-06-30 16:38:45 [booklist] INFO: VALID_ID: 2585910
2023-06-30 16:38:45 [booklist] INFO: VALID_ID: 2585913
2023-06-30 16:38:45 [booklist] INFO: VALID_ID: 2608873
2023-06-30 16:38:45 [booklist] INFO: VALID_ID: 2609818
2023-06-30 16:38:45 [booklist] INFO: VALID_ID: 2585852
2023-06-30 16:38:45 [booklist] INFO: VALID_ID: 2585876
2023-06-30 16:38:45 [booklist] INFO: VALID_ID: 2585884
2023-06-30 16:38:46 [scrapy.core.engine] DEBUG: Crawled (200) <POST https://dl.ndl.go.jp/api/item/search> (referer: https://dl.ndl.go.jp/api/item/search)
2023-06-30 16:38:46 [booklist] INFO: Fetched page 3
2023-06-30 16:38:46 [booklist] INFO: VALID_ID: 2585939
2023-06-30 16:38:46 [booklist] INFO: VALID_ID: 2585761
2023-06-30 16:38:46 [booklist] INFO: VALID_ID: 2585868
2023-06-30 16:38:46 [booklist] INFO: VALID_ID: 2585875
2023-06-30 16:38:46 [booklist] INFO: VALID_ID: 2585785
2023-06-30 16:38:46 [booklist] INFO: VALID_ID: 2585788
2023-06-30 16:38:46 [booklist] INFO: VALID_ID: 2585792
2023-06-30 16:38:46 [booklist] INFO: VALID_ID: 2585885
2023-06-30 16:38:46 [booklist] INFO: VALID_ID: 2585803
2023-06-30 16:38:46 [booklist] INFO: VALID_ID: 2585824
2023-06-30 16:38:46 [booklist] INFO: VALID_ID: 2585898
2023-06-30 16:38:46 [booklist] INFO: VALID_ID: 2585914
2023-06-30 16:38:46 [booklist] INFO: VALID_ID: 2585822
2023-06-30 16:38:46 [booklist] INFO: VALID_ID: 2608873
2023-06-30 16:38:46 [booklist] INFO: VALID_ID: 2609818
2023-06-30 16:38:46 [booklist] INFO: VALID_ID: 2585862
2023-06-30 16:38:46 [booklist] INFO: VALID_ID: 2585872
2023-06-30 16:38:46 [booklist] INFO: VALID_ID: 2585791
2023-06-30 16:38:46 [booklist] INFO: VALID_ID: 2585801
2023-06-30 16:38:46 [booklist] INFO: VALID_ID: 2585809
2023-06-30 16:38:46 [booklist] INFO: VALID_ID: 2585904
2023-06-30 16:38:46 [booklist] INFO: VALID_ID: 2585923
2023-06-30 16:38:46 [booklist] INFO: VALID_ID: 2585844
2023-06-30 16:38:46 [booklist] INFO: VALID_ID: 2585857
2023-06-30 16:38:46 [booklist] INFO: VALID_ID: 2585766
2023-06-30 16:38:46 [booklist] INFO: VALID_ID: 2585770
2023-06-30 16:38:46 [booklist] INFO: VALID_ID: 2585877
2023-06-30 16:38:46 [booklist] INFO: VALID_ID: 2585813
2023-06-30 16:38:46 [booklist] INFO: VALID_ID: 2585836
2023-06-30 16:38:46 [booklist] INFO: VALID_ID: 2585841
2023-06-30 16:38:46 [booklist] INFO: VALID_ID: 2585874
2023-06-30 16:38:46 [booklist] INFO: VALID_ID: 2585769
2023-06-30 16:38:46 [booklist] INFO: VALID_ID: 2585871
2023-06-30 16:38:46 [booklist] INFO: VALID_ID: 2585892
2023-06-30 16:38:46 [booklist] INFO: VALID_ID: 2585933
2023-06-30 16:38:46 [booklist] INFO: VALID_ID: 2585764
2023-06-30 16:38:46 [booklist] INFO: VALID_ID: 2585910
2023-06-30 16:38:46 [booklist] INFO: VALID_ID: 2585913
2023-06-30 16:38:46 [booklist] INFO: VALID_ID: 2585883
2023-06-30 16:38:46 [booklist] INFO: VALID_ID: 2585800
2023-06-30 16:38:46 [booklist] INFO: VALID_ID: 2585810
2023-06-30 16:38:46 [booklist] INFO: VALID_ID: 2585819
2023-06-30 16:38:46 [booklist] INFO: VALID_ID: 2585926
2023-06-30 16:38:46 [booklist] INFO: VALID_ID: 2585846
2023-06-30 16:38:46 [booklist] INFO: VALID_ID: 2585854
2023-06-30 16:38:46 [booklist] INFO: VALID_ID: 2585804
2023-06-30 16:38:46 [booklist] INFO: VALID_ID: 2585903
2023-06-30 16:38:46 [booklist] INFO: VALID_ID: 2585826
2023-06-30 16:38:46 [booklist] INFO: VALID_ID: 2585931
2023-06-30 16:38:46 [booklist] INFO: VALID_ID: 2585850
2023-06-30 16:38:46 [booklist] INFO: VALID_ID: 2585948
2023-06-30 16:38:46 [booklist] INFO: VALID_ID: 2585856
2023-06-30 16:38:46 [booklist] INFO: VALID_ID: 2585861
2023-06-30 16:38:46 [booklist] INFO: VALID_ID: 2585786
2023-06-30 16:38:46 [booklist] INFO: VALID_ID: 2585790
2023-06-30 16:38:46 [booklist] INFO: VALID_ID: 2585808
2023-06-30 16:38:46 [booklist] INFO: VALID_ID: 2585906
2023-06-30 16:38:46 [booklist] INFO: VALID_ID: 2585817
2023-06-30 16:38:46 [booklist] INFO: VALID_ID: 2585915
2023-06-30 16:38:46 [booklist] INFO: VALID_ID: 2585825
2023-06-30 16:38:46 [booklist] INFO: VALID_ID: 2585924
2023-06-30 16:38:46 [booklist] INFO: VALID_ID: 2609222
2023-06-30 16:38:46 [booklist] INFO: VALID_ID: 2585771
2023-06-30 16:38:46 [booklist] INFO: VALID_ID: 2585864
2023-06-30 16:38:46 [booklist] INFO: VALID_ID: 2585795
2023-06-30 16:38:46 [booklist] INFO: VALID_ID: 2585797
2023-06-30 16:38:46 [booklist] INFO: VALID_ID: 2585820
2023-06-30 16:38:46 [booklist] INFO: VALID_ID: 2585921
2023-06-30 16:38:46 [booklist] INFO: VALID_ID: 2585842
2023-06-30 16:38:46 [booklist] INFO: VALID_ID: 2549106
2023-06-30 16:38:46 [booklist] INFO: VALID_ID: 2591243
2023-06-30 16:38:46 [booklist] INFO: VALID_ID: 2586003
2023-06-30 16:38:46 [booklist] INFO: VALID_ID: 2585775
2023-06-30 16:38:46 [booklist] INFO: VALID_ID: 2585879
2023-06-30 16:38:46 [booklist] INFO: VALID_ID: 2585802
2023-06-30 16:38:46 [booklist] INFO: VALID_ID: 2585900
2023-06-30 16:38:46 [booklist] INFO: VALID_ID: 2585818
2023-06-30 16:38:46 [booklist] INFO: VALID_ID: 2585936
2023-06-30 16:38:46 [booklist] INFO: VALID_ID: 2585865
2023-06-30 16:38:46 [booklist] INFO: VALID_ID: 2585781
2023-06-30 16:38:46 [booklist] INFO: VALID_ID: 2585878
2023-06-30 16:38:46 [booklist] INFO: VALID_ID: 2585815
2023-06-30 16:38:46 [booklist] INFO: VALID_ID: 2585821
2023-06-30 16:38:46 [booklist] INFO: VALID_ID: 2585925
2023-06-30 16:38:46 [booklist] INFO: VALID_ID: 2585927
2023-06-30 16:38:46 [booklist] INFO: VALID_ID: 2585929
2023-06-30 16:38:46 [booklist] INFO: VALID_ID: 2585823
2023-06-30 16:38:46 [booklist] INFO: VALID_ID: 2585920
2023-06-30 16:38:46 [booklist] INFO: VALID_ID: 11892718
2023-06-30 16:38:46 [booklist] INFO: VALID_ID: 2585858
2023-06-30 16:38:46 [booklist] INFO: VALID_ID: 2585866
2023-06-30 16:38:46 [booklist] INFO: VALID_ID: 2585780
2023-06-30 16:38:46 [booklist] INFO: VALID_ID: 2585889
2023-06-30 16:38:46 [booklist] INFO: VALID_ID: 2585890
2023-06-30 16:38:46 [booklist] INFO: VALID_ID: 2585895
2023-06-30 16:38:46 [booklist] INFO: VALID_ID: 2585934
2023-06-30 16:38:46 [booklist] INFO: VALID_ID: 2536246
2023-06-30 16:38:46 [booklist] INFO: VALID_ID: 2549053
2023-06-30 16:38:46 [booklist] INFO: VALID_ID: 2585773
2023-06-30 16:38:46 [booklist] INFO: VALID_ID: 2585787
2023-06-30 16:38:47 [scrapy.core.engine] DEBUG: Crawled (200) <POST https://dl.ndl.go.jp/api/item/search> (referer: https://dl.ndl.go.jp/api/item/search)
2023-06-30 16:38:47 [booklist] INFO: Fetched page 4
2023-06-30 16:38:47 [booklist] INFO: VALID_ID: 2585783
2023-06-30 16:38:47 [booklist] INFO: VALID_ID: 2585894
2023-06-30 16:38:47 [booklist] INFO: VALID_ID: 2585830
2023-06-30 16:38:47 [booklist] INFO: VALID_ID: 2532083
2023-06-30 16:38:47 [booklist] INFO: VALID_ID: 2607135
2023-06-30 16:38:47 [booklist] INFO: VALID_ID: 2585763
2023-06-30 16:38:47 [booklist] INFO: VALID_ID: 2585768
2023-06-30 16:38:47 [booklist] INFO: VALID_ID: 2585909
2023-06-30 16:38:47 [booklist] INFO: VALID_ID: 2585835
2023-06-30 16:38:47 [booklist] INFO: VALID_ID: 2585847
2023-06-30 16:38:47 [booklist] INFO: VALID_ID: 2585853
2023-06-30 16:38:47 [booklist] INFO: VALID_ID: 2585893
2023-06-30 16:38:47 [booklist] INFO: VALID_ID: 2585911
2023-06-30 16:38:47 [booklist] INFO: VALID_ID: 2585917
2023-06-30 16:38:47 [booklist] INFO: VALID_ID: 2585838
2023-06-30 16:38:47 [booklist] INFO: VALID_ID: 2585776
2023-06-30 16:38:47 [booklist] INFO: VALID_ID: 2585778
2023-06-30 16:38:47 [booklist] INFO: VALID_ID: 2585882
2023-06-30 16:38:47 [booklist] INFO: VALID_ID: 2585799
2023-06-30 16:38:47 [booklist] INFO: VALID_ID: 2585833
2023-06-30 16:38:47 [booklist] INFO: VALID_ID: 2585940
2023-06-30 16:38:47 [booklist] INFO: VALID_ID: 2591241
2023-06-30 16:38:47 [booklist] INFO: VALID_ID: 2548860
2023-06-30 16:38:47 [booklist] INFO: VALID_ID: 2585798
2023-06-30 16:38:47 [booklist] INFO: VALID_ID: 2585902
2023-06-30 16:38:47 [booklist] INFO: VALID_ID: 2585840
2023-06-30 16:38:47 [booklist] INFO: VALID_ID: 11038750
2023-06-30 16:38:47 [booklist] INFO: VALID_ID: 2585863
2023-06-30 16:38:47 [booklist] INFO: VALID_ID: 2585772
2023-06-30 16:38:47 [booklist] INFO: VALID_ID: 2585784
2023-06-30 16:38:47 [booklist] INFO: VALID_ID: 2585812
2023-06-30 16:38:47 [booklist] INFO: VALID_ID: 2585916
2023-06-30 16:38:47 [booklist] INFO: VALID_ID: 2585831
2023-06-30 16:38:47 [booklist] INFO: VALID_ID: 2585873
2023-06-30 16:38:47 [booklist] INFO: VALID_ID: 2585918
2023-06-30 16:38:47 [booklist] INFO: VALID_ID: 2585829
2023-06-30 16:38:47 [booklist] INFO: VALID_ID: 2585938
2023-06-30 16:38:47 [booklist] INFO: VALID_ID: 2585941
2023-06-30 16:38:47 [booklist] INFO: VALID_ID: 2585775
2023-06-30 16:38:47 [booklist] INFO: VALID_ID: 2585879
2023-06-30 16:38:47 [booklist] INFO: VALID_ID: 2585802
2023-06-30 16:38:47 [booklist] INFO: VALID_ID: 2585900
2023-06-30 16:38:47 [booklist] INFO: VALID_ID: 2585818
2023-06-30 16:38:47 [booklist] INFO: VALID_ID: 2585936
2023-06-30 16:38:47 [booklist] INFO: VALID_ID: 2609279
2023-06-30 16:38:47 [booklist] INFO: VALID_ID: 2585759
2023-06-30 16:38:47 [booklist] INFO: VALID_ID: 2585762
2023-06-30 16:38:47 [booklist] INFO: VALID_ID: 2585794
2023-06-30 16:38:47 [booklist] INFO: VALID_ID: 2585905
2023-06-30 16:38:47 [booklist] INFO: VALID_ID: 2585765
2023-06-30 16:38:47 [booklist] INFO: VALID_ID: 2585859
2023-06-30 16:38:47 [booklist] INFO: VALID_ID: 2585880
2023-06-30 16:38:47 [booklist] INFO: VALID_ID: 2585899
2023-06-30 16:38:47 [booklist] INFO: VALID_ID: 2585811
2023-06-30 16:38:47 [booklist] INFO: VALID_ID: 2585827
2023-06-30 16:38:47 [booklist] INFO: VALID_ID: 2585937
2023-06-30 16:38:47 [booklist] INFO: VALID_ID: 2585843
2023-06-30 16:38:47 [booklist] INFO: VALID_ID: 2585849
2023-06-30 16:38:47 [booklist] INFO: VALID_ID: 2610875
2023-06-30 16:38:47 [booklist] INFO: VALID_ID: 2608247
2023-06-30 16:38:47 [booklist] INFO: VALID_ID: 2608748
2023-06-30 16:38:47 [booklist] INFO: VALID_ID: 2610288
2023-06-30 16:38:47 [booklist] INFO: VALID_ID: 2607426
2023-06-30 16:38:47 [booklist] INFO: VALID_ID: 2610785
2023-06-30 16:38:47 [booklist] INFO: VALID_ID: 2610537
2023-06-30 16:38:47 [booklist] INFO: VALID_ID: 11607795
2023-06-30 16:38:47 [booklist] INFO: VALID_ID: 2546429
2023-06-30 16:38:47 [booklist] INFO: VALID_ID: 2607884
2023-06-30 16:38:47 [booklist] INFO: VALID_ID: 2583706
2023-06-30 16:38:47 [booklist] INFO: VALID_ID: 2609861
2023-06-30 16:38:47 [booklist] INFO: VALID_ID: 2549167
2023-06-30 16:38:47 [booklist] INFO: VALID_ID: 2551679
2023-06-30 16:38:47 [booklist] INFO: VALID_ID: 1288155
2023-06-30 16:38:47 [booklist] INFO: VALID_ID: 1287210
2023-06-30 16:38:47 [booklist] INFO: VALID_ID: 11446659
2023-06-30 16:38:47 [booklist] INFO: VALID_ID: 2606349
2023-06-30 16:38:47 [booklist] INFO: VALID_ID: 2610012
2023-06-30 16:38:47 [booklist] INFO: VALID_ID: 2607303
2023-06-30 16:38:47 [booklist] INFO: VALID_ID: 2608195
2023-06-30 16:38:47 [booklist] INFO: VALID_ID: 12865783
2023-06-30 16:38:47 [booklist] INFO: VALID_ID: 2610707
2023-06-30 16:38:47 [booklist] INFO: VALID_ID: 2611035
2023-06-30 16:38:47 [booklist] INFO: VALID_ID: 9369960
2023-06-30 16:38:47 [booklist] INFO: VALID_ID: 11446373
2023-06-30 16:38:47 [booklist] INFO: VALID_ID: 2606130
2023-06-30 16:38:47 [booklist] INFO: VALID_ID: 12865370
2023-06-30 16:38:47 [booklist] INFO: VALID_ID: 1286556
2023-06-30 16:38:47 [booklist] INFO: VALID_ID: 1286356
2023-06-30 16:38:47 [booklist] INFO: VALID_ID: 1287206
2023-06-30 16:38:47 [booklist] INFO: VALID_ID: 2607770
2023-06-30 16:38:47 [booklist] INFO: VALID_ID: 2608716
2023-06-30 16:38:47 [booklist] INFO: VALID_ID: 1286456
2023-06-30 16:38:47 [booklist] INFO: VALID_ID: 2605758
2023-06-30 16:38:47 [booklist] INFO: VALID_ID: 2609783
2023-06-30 16:38:47 [booklist] INFO: VALID_ID: 2610138
2023-06-30 16:38:47 [booklist] INFO: VALID_ID: 2610801
2023-06-30 16:38:47 [booklist] INFO: VALID_ID: 2608167
2023-06-30 16:38:47 [booklist] INFO: VALID_ID: 2606838
2023-06-30 16:38:47 [booklist] INFO: VALID_ID: 2605229
2023-06-30 16:38:47 [booklist] INFO: VALID_ID: 1286638
2023-06-30 16:38:48 [scrapy.core.engine] DEBUG: Crawled (200) <POST https://dl.ndl.go.jp/api/item/search> (referer: https://dl.ndl.go.jp/api/item/search)
2023-06-30 16:38:48 [booklist] INFO: Fetched page 5
2023-06-30 16:38:48 [booklist] INFO: VALID_ID: 2606258
2023-06-30 16:38:48 [booklist] INFO: VALID_ID: 2608848
2023-06-30 16:38:48 [booklist] INFO: VALID_ID: 2605465
2023-06-30 16:38:48 [scrapy.core.engine] DEBUG: Crawled (200) <POST https://dl.ndl.go.jp/api/item/search> (referer: https://dl.ndl.go.jp/api/item/search)
2023-06-30 16:38:48 [booklist] INFO: Fetched page 6
2023-06-30 16:38:48 [booklist] INFO: No more books on 6
2023-06-30 16:38:48 [scrapy.core.engine] INFO: Closing spider (finished)
2023-06-30 16:38:48 [scrapy.statscollectors] INFO: Dumping Scrapy stats:
{'downloader/request_bytes': 8257,
 'downloader/request_count': 7,
 'downloader/request_method_count/GET': 1,
 'downloader/request_method_count/POST': 6,
 'downloader/response_bytes': 1573980,
 'downloader/response_count': 7,
 'downloader/response_status_count/200': 7,
 'elapsed_time_seconds': 6.612467,
 'finish_reason': 'finished',
 'finish_time': datetime.datetime(2023, 6, 30, 8, 38, 48, 586471),
 'httpcompression/response_bytes': 17122546,
 'httpcompression/response_count': 6,
 'log_count/DEBUG': 10,
 'log_count/INFO': 420,
 'memusage/max': 63778816,
 'memusage/startup': 63778816,
 'request_depth_max': 5,
 'response_received_count': 7,
 'robotstxt/request_count': 1,
 'robotstxt/response_count': 1,
 'robotstxt/response_status_count/200': 1,
 'scheduler/dequeued': 6,
 'scheduler/dequeued/memory': 6,
 'scheduler/enqueued': 6,
 'scheduler/enqueued/memory': 6,
 'start_time': datetime.datetime(2023, 6, 30, 8, 38, 41, 974004)}
2023-06-30 16:38:48 [scrapy.core.engine] INFO: Spider closed (finished)
