2023-06-30 19:46:27 [scrapy.utils.log] INFO: Scrapy 2.9.0 started (bot: ndlcrawler)
2023-06-30 19:46:27 [scrapy.utils.log] INFO: Versions: lxml 4.9.2.0, libxml2 2.9.14, cssselect 1.2.0, parsel 1.8.1, w3lib 2.1.1, Twisted 22.10.0, Python 3.10.10 (main, Mar  5 2023, 22:26:53) [GCC 12.2.1 20230201], pyOpenSSL 23.2.0 (OpenSSL 3.1.1 30 May 2023), cryptography 41.0.1, Platform Linux-6.2.12-arch1-1-x86_64-with-glibc2.37
2023-06-30 19:46:27 [scrapy.crawler] INFO: Overridden settings:
{'BOT_NAME': 'ndlcrawler',
 'FEED_EXPORT_ENCODING': 'utf-8',
 'LOG_FILE': 'logs/booklist.title.齊.log',
 'NEWSPIDER_MODULE': 'ndlcrawler.spiders',
 'REQUEST_FINGERPRINTER_IMPLEMENTATION': '2.7',
 'ROBOTSTXT_OBEY': True,
 'SPIDER_MODULES': ['ndlcrawler.spiders'],
 'TWISTED_REACTOR': 'twisted.internet.asyncioreactor.AsyncioSelectorReactor'}
2023-06-30 19:46:27 [asyncio] DEBUG: Using selector: EpollSelector
2023-06-30 19:46:27 [scrapy.utils.log] DEBUG: Using reactor: twisted.internet.asyncioreactor.AsyncioSelectorReactor
2023-06-30 19:46:27 [scrapy.utils.log] DEBUG: Using asyncio event loop: asyncio.unix_events._UnixSelectorEventLoop
2023-06-30 19:46:27 [scrapy.extensions.telnet] INFO: Telnet Password: 9ea2224c2fd6137b
2023-06-30 19:46:27 [scrapy.middleware] INFO: Enabled extensions:
['scrapy.extensions.corestats.CoreStats',
 'scrapy.extensions.telnet.TelnetConsole',
 'scrapy.extensions.memusage.MemoryUsage',
 'scrapy.extensions.logstats.LogStats']
2023-06-30 19:46:27 [scrapy.middleware] INFO: Enabled downloader middlewares:
['scrapy.downloadermiddlewares.robotstxt.RobotsTxtMiddleware',
 'scrapy.downloadermiddlewares.httpauth.HttpAuthMiddleware',
 'scrapy.downloadermiddlewares.downloadtimeout.DownloadTimeoutMiddleware',
 'scrapy.downloadermiddlewares.defaultheaders.DefaultHeadersMiddleware',
 'scrapy.downloadermiddlewares.useragent.UserAgentMiddleware',
 'scrapy.downloadermiddlewares.retry.RetryMiddleware',
 'scrapy.downloadermiddlewares.redirect.MetaRefreshMiddleware',
 'scrapy.downloadermiddlewares.httpcompression.HttpCompressionMiddleware',
 'scrapy.downloadermiddlewares.redirect.RedirectMiddleware',
 'scrapy.downloadermiddlewares.cookies.CookiesMiddleware',
 'scrapy.downloadermiddlewares.httpproxy.HttpProxyMiddleware',
 'scrapy.downloadermiddlewares.stats.DownloaderStats']
2023-06-30 19:46:27 [scrapy.middleware] INFO: Enabled spider middlewares:
['scrapy.spidermiddlewares.httperror.HttpErrorMiddleware',
 'scrapy.spidermiddlewares.offsite.OffsiteMiddleware',
 'scrapy.spidermiddlewares.referer.RefererMiddleware',
 'scrapy.spidermiddlewares.urllength.UrlLengthMiddleware',
 'scrapy.spidermiddlewares.depth.DepthMiddleware']
2023-06-30 19:46:27 [scrapy.middleware] INFO: Enabled item pipelines:
[]
2023-06-30 19:46:27 [scrapy.core.engine] INFO: Spider opened
2023-06-30 19:46:28 [scrapy.extensions.logstats] INFO: Crawled 0 pages (at 0 pages/min), scraped 0 items (at 0 items/min)
2023-06-30 19:46:28 [scrapy.extensions.telnet] INFO: Telnet console listening on 127.0.0.1:6023
2023-06-30 19:46:28 [scrapy.core.engine] DEBUG: Crawled (200) <GET https://dl.ndl.go.jp/robots.txt> (referer: None)
2023-06-30 19:46:29 [scrapy.core.engine] DEBUG: Crawled (200) <POST https://dl.ndl.go.jp/api/item/search> (referer: None)
2023-06-30 19:46:29 [booklist] INFO: Fetched page 1
2023-06-30 19:46:30 [booklist] INFO: VALID_ID: 2538259
2023-06-30 19:46:30 [booklist] INFO: VALID_ID: 2537951
2023-06-30 19:46:30 [booklist] INFO: VALID_ID: 2538257
2023-06-30 19:46:30 [booklist] INFO: VALID_ID: 2537181
2023-06-30 19:46:30 [booklist] INFO: VALID_ID: 2577181
2023-06-30 19:46:30 [booklist] INFO: VALID_ID: 2577182
2023-06-30 19:46:30 [booklist] INFO: VALID_ID: 2577190
2023-06-30 19:46:30 [booklist] INFO: VALID_ID: 10301314
2023-06-30 19:46:30 [booklist] INFO: VALID_ID: 1286915
2023-06-30 19:46:30 [booklist] INFO: VALID_ID: 2544106
2023-06-30 19:46:30 [booklist] INFO: VALID_ID: 11891721
2023-06-30 19:46:30 [booklist] INFO: VALID_ID: 1286724
2023-06-30 19:46:30 [booklist] INFO: VALID_ID: 1286918
2023-06-30 19:46:30 [booklist] INFO: VALID_ID: 2538702
2023-06-30 19:46:30 [booklist] INFO: VALID_ID: 2537209
2023-06-30 19:46:30 [booklist] INFO: VALID_ID: 11891716
2023-06-30 19:46:30 [booklist] INFO: VALID_ID: 2537958
2023-06-30 19:46:30 [booklist] INFO: VALID_ID: 2555940
2023-06-30 19:46:30 [booklist] INFO: VALID_ID: 2565841
2023-06-30 19:46:30 [booklist] INFO: VALID_ID: 2565842
2023-06-30 19:46:30 [booklist] INFO: VALID_ID: 2565843
2023-06-30 19:46:30 [booklist] INFO: VALID_ID: 11891766
2023-06-30 19:46:30 [booklist] INFO: VALID_ID: 2537967
2023-06-30 19:46:30 [booklist] INFO: VALID_ID: 2538254
2023-06-30 19:46:30 [booklist] INFO: VALID_ID: 2538954
2023-06-30 19:46:30 [booklist] INFO: VALID_ID: 2544108
2023-06-30 19:46:30 [booklist] INFO: VALID_ID: 11892809
2023-06-30 19:46:30 [booklist] INFO: VALID_ID: 2537962
2023-06-30 19:46:30 [booklist] INFO: VALID_ID: 2541996
2023-06-30 19:46:30 [booklist] INFO: VALID_ID: 2541521
2023-06-30 19:46:30 [booklist] INFO: VALID_ID: 2538251
2023-06-30 19:46:30 [booklist] INFO: VALID_ID: 2538256
2023-06-30 19:46:30 [booklist] INFO: VALID_ID: 2537260
2023-06-30 19:46:30 [booklist] INFO: VALID_ID: 2577189
2023-06-30 19:46:30 [booklist] INFO: VALID_ID: 2537964
2023-06-30 19:46:30 [booklist] INFO: VALID_ID: 2537949
2023-06-30 19:46:30 [booklist] INFO: VALID_ID: 2560614
2023-06-30 19:46:30 [booklist] INFO: VALID_ID: 2545982
2023-06-30 19:46:30 [booklist] INFO: VALID_ID: 2544110
2023-06-30 19:46:30 [booklist] INFO: VALID_ID: 11892617
2023-06-30 19:46:30 [booklist] INFO: VALID_ID: 11891728
2023-06-30 19:46:30 [booklist] INFO: VALID_ID: 11891719
2023-06-30 19:46:30 [booklist] INFO: VALID_ID: 2541541
2023-06-30 19:46:30 [booklist] INFO: VALID_ID: 2537957
2023-06-30 19:46:30 [booklist] INFO: VALID_ID: 2538261
2023-06-30 19:46:30 [booklist] INFO: VALID_ID: 2577191
2023-06-30 19:46:30 [booklist] INFO: VALID_ID: 2607113
2023-06-30 19:46:30 [booklist] INFO: VALID_ID: 9893261
2023-06-30 19:46:30 [booklist] INFO: VALID_ID: 2580972
2023-06-30 19:46:30 [booklist] INFO: VALID_ID: 11891768
2023-06-30 19:46:30 [booklist] INFO: VALID_ID: 2538255
2023-06-30 19:46:30 [booklist] INFO: VALID_ID: 2609311
2023-06-30 19:46:30 [booklist] INFO: VALID_ID: 2577185
2023-06-30 19:46:30 [booklist] INFO: VALID_ID: 2537955
2023-06-30 19:46:30 [booklist] INFO: VALID_ID: 2538249
2023-06-30 19:46:30 [booklist] INFO: VALID_ID: 11892787
2023-06-30 19:46:30 [booklist] INFO: VALID_ID: 2560610
2023-06-30 19:46:30 [booklist] INFO: VALID_ID: 11892616
2023-06-30 19:46:30 [booklist] INFO: VALID_ID: 2538252
2023-06-30 19:46:30 [booklist] INFO: VALID_ID: 2577186
2023-06-30 19:46:30 [booklist] INFO: VALID_ID: 2543184
2023-06-30 19:46:30 [booklist] INFO: VALID_ID: 2580978
2023-06-30 19:46:30 [booklist] INFO: VALID_ID: 2580960
2023-06-30 19:46:30 [booklist] INFO: VALID_ID: 11891717
2023-06-30 19:46:30 [booklist] INFO: VALID_ID: 11891775
2023-06-30 19:46:30 [booklist] INFO: VALID_ID: 2537965
2023-06-30 19:46:30 [booklist] INFO: VALID_ID: 2577180
2023-06-30 19:46:30 [booklist] INFO: VALID_ID: 11891773
2023-06-30 19:46:30 [booklist] INFO: VALID_ID: 11891720
2023-06-30 19:46:30 [booklist] INFO: VALID_ID: 2537952
2023-06-30 19:46:30 [booklist] INFO: VALID_ID: 2537959
2023-06-30 19:46:30 [booklist] INFO: VALID_ID: 11891777
2023-06-30 19:46:30 [booklist] INFO: VALID_ID: 2537966
2023-06-30 19:46:30 [booklist] INFO: VALID_ID: 2537953
2023-06-30 19:46:30 [booklist] INFO: VALID_ID: 2577187
2023-06-30 19:46:30 [booklist] INFO: VALID_ID: 2606238
2023-06-30 19:46:30 [booklist] INFO: VALID_ID: 2606165
2023-06-30 19:46:30 [booklist] INFO: VALID_ID: 11891718
2023-06-30 19:46:30 [booklist] INFO: VALID_ID: 11891765
2023-06-30 19:46:30 [booklist] INFO: VALID_ID: 2537961
2023-06-30 19:46:30 [booklist] INFO: VALID_ID: 11891778
2023-06-30 19:46:30 [booklist] INFO: VALID_ID: 2538253
2023-06-30 19:46:30 [booklist] INFO: VALID_ID: 1310287
2023-06-30 19:46:30 [booklist] INFO: VALID_ID: 11891770
2023-06-30 19:46:30 [booklist] INFO: VALID_ID: 2538258
2023-06-30 19:46:30 [booklist] INFO: VALID_ID: 2537968
2023-06-30 19:46:30 [booklist] INFO: VALID_ID: 2536200
2023-06-30 19:46:30 [booklist] INFO: VALID_ID: 2555938
2023-06-30 19:46:30 [booklist] INFO: VALID_ID: 2545983
2023-06-30 19:46:30 [booklist] INFO: VALID_ID: 11891769
2023-06-30 19:46:30 [booklist] INFO: VALID_ID: 2535624
2023-06-30 19:46:30 [booklist] INFO: VALID_ID: 2608821
2023-06-30 19:46:30 [booklist] INFO: VALID_ID: 2536201
2023-06-30 19:46:30 [booklist] INFO: VALID_ID: 2537310
2023-06-30 19:46:30 [booklist] INFO: VALID_ID: 2580963
2023-06-30 19:46:30 [booklist] INFO: VALID_ID: 2580971
2023-06-30 19:46:30 [booklist] INFO: VALID_ID: 2580934
2023-06-30 19:46:30 [booklist] INFO: VALID_ID: 2533679
2023-06-30 19:46:30 [booklist] INFO: VALID_ID: 2538247
2023-06-30 19:46:30 [booklist] INFO: VALID_ID: 2577188
2023-06-30 19:46:30 [scrapy.core.engine] DEBUG: Crawled (200) <POST https://dl.ndl.go.jp/api/item/search> (referer: https://dl.ndl.go.jp/api/item/search)
2023-06-30 19:46:31 [booklist] INFO: Fetched page 2
2023-06-30 19:46:31 [booklist] INFO: VALID_ID: 1286725
2023-06-30 19:46:31 [booklist] INFO: VALID_ID: 2555939
2023-06-30 19:46:31 [booklist] INFO: VALID_ID: 2544110
2023-06-30 19:46:31 [booklist] INFO: VALID_ID: 11891767
2023-06-30 19:46:31 [booklist] INFO: VALID_ID: 11891774
2023-06-30 19:46:31 [booklist] INFO: VALID_ID: 2607384
2023-06-30 19:46:31 [booklist] INFO: VALID_ID: 2538248
2023-06-30 19:46:31 [booklist] INFO: VALID_ID: 11892618
2023-06-30 19:46:31 [booklist] INFO: VALID_ID: 2577184
2023-06-30 19:46:31 [booklist] INFO: VALID_ID: 2538260
2023-06-30 19:46:31 [booklist] INFO: VALID_ID: 11891772
2023-06-30 19:46:31 [booklist] INFO: VALID_ID: 2609842
2023-06-30 19:46:31 [booklist] INFO: VALID_ID: 2580924
2023-06-30 19:46:31 [booklist] INFO: VALID_ID: 2580945
2023-06-30 19:46:31 [booklist] INFO: VALID_ID: 2580958
2023-06-30 19:46:31 [booklist] INFO: VALID_ID: 11892570
2023-06-30 19:46:31 [booklist] INFO: VALID_ID: 2537960
2023-06-30 19:46:31 [booklist] INFO: VALID_ID: 2538250
2023-06-30 19:46:31 [booklist] INFO: VALID_ID: 2577820
2023-06-30 19:46:31 [booklist] INFO: VALID_ID: 2580966
2023-06-30 19:46:31 [booklist] INFO: VALID_ID: 2580936
2023-06-30 19:46:31 [booklist] INFO: VALID_ID: 2580984
2023-06-30 19:46:31 [booklist] INFO: VALID_ID: 2538277
2023-06-30 19:46:31 [booklist] INFO: VALID_ID: 2580957
2023-06-30 19:46:31 [booklist] INFO: VALID_ID: 11891778
2023-06-30 19:46:31 [booklist] INFO: VALID_ID: 2538253
2023-06-30 19:46:31 [booklist] INFO: VALID_ID: 1310287
2023-06-30 19:46:31 [booklist] INFO: VALID_ID: 2580921
2023-06-30 19:46:31 [booklist] INFO: VALID_ID: 2533415
2023-06-30 19:46:31 [booklist] INFO: VALID_ID: 2560628
2023-06-30 19:46:31 [booklist] INFO: VALID_ID: 2580967
2023-06-30 19:46:31 [booklist] INFO: VALID_ID: 2565840
2023-06-30 19:46:31 [booklist] INFO: VALID_ID: 2537999
2023-06-30 19:46:31 [booklist] INFO: VALID_ID: 2580941
2023-06-30 19:46:31 [booklist] INFO: VALID_ID: 2577183
2023-06-30 19:46:31 [booklist] INFO: VALID_ID: 2580962
2023-06-30 19:46:31 [booklist] INFO: VALID_ID: 2580926
2023-06-30 19:46:31 [booklist] INFO: VALID_ID: 2580977
2023-06-30 19:46:31 [booklist] INFO: VALID_ID: 2580955
2023-06-30 19:46:31 [booklist] INFO: VALID_ID: 1312250
2023-06-30 19:46:31 [booklist] INFO: VALID_ID: 1312262
2023-06-30 19:46:31 [booklist] INFO: VALID_ID: 1312271
2023-06-30 19:46:31 [booklist] INFO: VALID_ID: 1303249
2023-06-30 19:46:31 [booklist] INFO: VALID_ID: 1303271
2023-06-30 19:46:31 [booklist] INFO: VALID_ID: 1312304
2023-06-30 19:46:31 [booklist] INFO: VALID_ID: 1312324
2023-06-30 19:46:31 [booklist] INFO: VALID_ID: 1312340
2023-06-30 19:46:31 [booklist] INFO: VALID_ID: 1312348
2023-06-30 19:46:31 [booklist] INFO: VALID_ID: 1304658
2023-06-30 19:46:31 [booklist] INFO: VALID_ID: 1303210
2023-06-30 19:46:31 [booklist] INFO: VALID_ID: 1303214
2023-06-30 19:46:31 [booklist] INFO: VALID_ID: 1303221
2023-06-30 19:46:31 [booklist] INFO: VALID_ID: 1303230
2023-06-30 19:46:31 [booklist] INFO: VALID_ID: 1303233
2023-06-30 19:46:31 [booklist] INFO: VALID_ID: 1312280
2023-06-30 19:46:31 [booklist] INFO: VALID_ID: 1303297
2023-06-30 19:46:31 [booklist] INFO: VALID_ID: 1303310
2023-06-30 19:46:31 [booklist] INFO: VALID_ID: 2580981
2023-06-30 19:46:31 [booklist] INFO: VALID_ID: 2578064
2023-06-30 19:46:31 [booklist] INFO: VALID_ID: 2597769
2023-06-30 19:46:31 [booklist] INFO: VALID_ID: 2607838
2023-06-30 19:46:31 [booklist] INFO: VALID_ID: 2608541
2023-06-30 19:46:31 [booklist] INFO: VALID_ID: 2580956
2023-06-30 19:46:31 [booklist] INFO: VALID_ID: 12865401
2023-06-30 19:46:31 [booklist] INFO: VALID_ID: 2610325
2023-06-30 19:46:31 [booklist] INFO: VALID_ID: 2537537
2023-06-30 19:46:31 [booklist] INFO: VALID_ID: 2580923
2023-06-30 19:46:31 [booklist] INFO: VALID_ID: 2580943
2023-06-30 19:46:31 [booklist] INFO: VALID_ID: 2580959
2023-06-30 19:46:31 [booklist] INFO: VALID_ID: 2534285
2023-06-30 19:46:31 [booklist] INFO: VALID_ID: 2580927
2023-06-30 19:46:31 [booklist] INFO: VALID_ID: 2580983
2023-06-30 19:46:31 [booklist] INFO: VALID_ID: 1303208
2023-06-30 19:46:31 [booklist] INFO: VALID_ID: 1303245
2023-06-30 19:46:31 [booklist] INFO: VALID_ID: 1312285
2023-06-30 19:46:31 [booklist] INFO: VALID_ID: 1303261
2023-06-30 19:46:31 [booklist] INFO: VALID_ID: 1312297
2023-06-30 19:46:31 [booklist] INFO: VALID_ID: 1312302
2023-06-30 19:46:31 [booklist] INFO: VALID_ID: 1312329
2023-06-30 19:46:31 [booklist] INFO: VALID_ID: 1303314
2023-06-30 19:46:31 [booklist] INFO: VALID_ID: 1303324
2023-06-30 19:46:31 [booklist] INFO: VALID_ID: 2560626
2023-06-30 19:46:31 [booklist] INFO: VALID_ID: 2580922
2023-06-30 19:46:31 [booklist] INFO: VALID_ID: 2580948
2023-06-30 19:46:31 [booklist] INFO: VALID_ID: 2580968
2023-06-30 19:46:31 [booklist] INFO: VALID_ID: 2580947
2023-06-30 19:46:31 [booklist] INFO: VALID_ID: 2578061
2023-06-30 19:46:31 [booklist] INFO: VALID_ID: 2597747
2023-06-30 19:46:31 [booklist] INFO: VALID_ID: 2536330
2023-06-30 19:46:31 [booklist] INFO: VALID_ID: 2533211
2023-06-30 19:46:31 [booklist] INFO: VALID_ID: 2580942
2023-06-30 19:46:31 [booklist] INFO: VALID_ID: 2537400
2023-06-30 19:46:31 [booklist] INFO: VALID_ID: 1312254
2023-06-30 19:46:31 [booklist] INFO: VALID_ID: 1312275
2023-06-30 19:46:31 [booklist] INFO: VALID_ID: 1303263
2023-06-30 19:46:31 [booklist] INFO: VALID_ID: 1303269
2023-06-30 19:46:31 [booklist] INFO: VALID_ID: 1303274
2023-06-30 19:46:31 [booklist] INFO: VALID_ID: 2597723
2023-06-30 19:46:31 [booklist] INFO: VALID_ID: 2597754
2023-06-30 19:46:31 [booklist] INFO: VALID_ID: 2597779
2023-06-30 19:46:32 [scrapy.core.engine] DEBUG: Crawled (200) <POST https://dl.ndl.go.jp/api/item/search> (referer: https://dl.ndl.go.jp/api/item/search)
2023-06-30 19:46:32 [booklist] INFO: Fetched page 3
2023-06-30 19:46:32 [booklist] INFO: VALID_ID: 2580930
2023-06-30 19:46:32 [booklist] INFO: VALID_ID: 2580952
2023-06-30 19:46:32 [booklist] INFO: VALID_ID: 2537400
2023-06-30 19:46:32 [booklist] INFO: VALID_ID: 1312254
2023-06-30 19:46:32 [booklist] INFO: VALID_ID: 1312275
2023-06-30 19:46:32 [booklist] INFO: VALID_ID: 1303263
2023-06-30 19:46:32 [booklist] INFO: VALID_ID: 1303269
2023-06-30 19:46:32 [booklist] INFO: VALID_ID: 1303274
2023-06-30 19:46:32 [booklist] INFO: VALID_ID: 2597723
2023-06-30 19:46:32 [booklist] INFO: VALID_ID: 2597754
2023-06-30 19:46:32 [booklist] INFO: VALID_ID: 2597779
2023-06-30 19:46:32 [booklist] INFO: VALID_ID: 1312243
2023-06-30 19:46:32 [booklist] INFO: VALID_ID: 1312248
2023-06-30 19:46:32 [booklist] INFO: VALID_ID: 1303219
2023-06-30 19:46:32 [booklist] INFO: VALID_ID: 1303231
2023-06-30 19:46:32 [booklist] INFO: VALID_ID: 1303232
2023-06-30 19:46:32 [booklist] INFO: VALID_ID: 1303235
2023-06-30 19:46:32 [booklist] INFO: VALID_ID: 1303244
2023-06-30 19:46:32 [booklist] INFO: VALID_ID: 1303287
2023-06-30 19:46:32 [booklist] INFO: VALID_ID: 1312351
2023-06-30 19:46:32 [booklist] INFO: VALID_ID: 2580961
2023-06-30 19:46:32 [booklist] INFO: VALID_ID: 1286728
2023-06-30 19:46:32 [booklist] INFO: VALID_ID: 2580929
2023-06-30 19:46:32 [booklist] INFO: VALID_ID: 2580931
2023-06-30 19:46:32 [booklist] INFO: VALID_ID: 1311897
2023-06-30 19:46:32 [booklist] INFO: VALID_ID: 1312273
2023-06-30 19:46:32 [booklist] INFO: VALID_ID: 1303251
2023-06-30 19:46:32 [booklist] INFO: VALID_ID: 1303252
2023-06-30 19:46:32 [booklist] INFO: VALID_ID: 1303285
2023-06-30 19:46:32 [booklist] INFO: VALID_ID: 1312323
2023-06-30 19:46:32 [booklist] INFO: VALID_ID: 1303299
2023-06-30 19:46:32 [booklist] INFO: VALID_ID: 1303302
2023-06-30 19:46:32 [booklist] INFO: VALID_ID: 1303305
2023-06-30 19:46:32 [booklist] INFO: VALID_ID: 1303306
2023-06-30 19:46:32 [booklist] INFO: VALID_ID: 2610490
2023-06-30 19:46:32 [booklist] INFO: VALID_ID: 2597742
2023-06-30 19:46:32 [booklist] INFO: VALID_ID: 2597755
2023-06-30 19:46:32 [booklist] INFO: VALID_ID: 2597756
2023-06-30 19:46:32 [booklist] INFO: VALID_ID: 2578061
2023-06-30 19:46:32 [booklist] INFO: VALID_ID: 2597747
2023-06-30 19:46:32 [booklist] INFO: VALID_ID: 2578062
2023-06-30 19:46:32 [booklist] INFO: VALID_ID: 2575366
2023-06-30 19:46:32 [booklist] INFO: VALID_ID: 2575367
2023-06-30 19:46:32 [booklist] INFO: VALID_ID: 2597760
2023-06-30 19:46:32 [booklist] INFO: VALID_ID: 2597763
2023-06-30 19:46:32 [booklist] INFO: VALID_ID: 2580974
2023-06-30 19:46:32 [booklist] INFO: VALID_ID: 2580938
2023-06-30 19:46:32 [booklist] INFO: VALID_ID: 2580954
2023-06-30 19:46:32 [booklist] INFO: VALID_ID: 1286727
2023-06-30 19:46:32 [booklist] INFO: VALID_ID: 2580953
2023-06-30 19:46:32 [booklist] INFO: VALID_ID: 1306675
2023-06-30 19:46:32 [booklist] INFO: VALID_ID: 2540030
2023-06-30 19:46:32 [booklist] INFO: VALID_ID: 2538743
2023-06-30 19:46:32 [booklist] INFO: VALID_ID: 2580925
2023-06-30 19:46:32 [booklist] INFO: VALID_ID: 2580973
2023-06-30 19:46:32 [booklist] INFO: VALID_ID: 2580935
2023-06-30 19:46:32 [booklist] INFO: VALID_ID: 2580980
2023-06-30 19:46:32 [booklist] INFO: VALID_ID: 2580950
2023-06-30 19:46:32 [booklist] INFO: VALID_ID: 1303240
2023-06-30 19:46:32 [booklist] INFO: VALID_ID: 1303256
2023-06-30 19:46:32 [booklist] INFO: VALID_ID: 1312305
2023-06-30 19:46:32 [booklist] INFO: VALID_ID: 1312315
2023-06-30 19:46:32 [booklist] INFO: VALID_ID: 1303286
2023-06-30 19:46:32 [booklist] INFO: VALID_ID: 1303303
2023-06-30 19:46:32 [booklist] INFO: VALID_ID: 1312338
2023-06-30 19:46:32 [booklist] INFO: VALID_ID: 2597758
2023-06-30 19:46:32 [booklist] INFO: VALID_ID: 2560627
2023-06-30 19:46:32 [booklist] INFO: VALID_ID: 2580932
2023-06-30 19:46:32 [booklist] INFO: VALID_ID: 2580939
2023-06-30 19:46:32 [booklist] INFO: VALID_ID: 2580982
2023-06-30 19:46:32 [booklist] INFO: VALID_ID: 2580949
2023-06-30 19:46:32 [booklist] INFO: VALID_ID: 2578065
2023-06-30 19:46:32 [booklist] INFO: VALID_ID: 2597766
2023-06-30 19:46:32 [booklist] INFO: VALID_ID: 2580964
2023-06-30 19:46:32 [booklist] INFO: VALID_ID: 1286729
2023-06-30 19:46:32 [booklist] INFO: VALID_ID: 2580937
2023-06-30 19:46:32 [booklist] INFO: VALID_ID: 2580951
2023-06-30 19:46:32 [booklist] INFO: VALID_ID: 2597735
2023-06-30 19:46:32 [booklist] INFO: VALID_ID: 2597737
2023-06-30 19:46:32 [booklist] INFO: VALID_ID: 2597749
2023-06-30 19:46:32 [booklist] INFO: VALID_ID: 2597764
2023-06-30 19:46:32 [booklist] INFO: VALID_ID: 1303212
2023-06-30 19:46:32 [booklist] INFO: VALID_ID: 1303248
2023-06-30 19:46:32 [booklist] INFO: VALID_ID: 1312281
2023-06-30 19:46:32 [booklist] INFO: VALID_ID: 1312296
2023-06-30 19:46:32 [booklist] INFO: VALID_ID: 1312316
2023-06-30 19:46:32 [booklist] INFO: VALID_ID: 1312318
2023-06-30 19:46:32 [booklist] INFO: VALID_ID: 1303292
2023-06-30 19:46:32 [booklist] INFO: VALID_ID: 1312325
2023-06-30 19:46:32 [booklist] INFO: VALID_ID: 1303300
2023-06-30 19:46:32 [booklist] INFO: VALID_ID: 1312352
2023-06-30 19:46:32 [booklist] INFO: VALID_ID: 1286947
2023-06-30 19:46:32 [booklist] INFO: VALID_ID: 2540950
2023-06-30 19:46:32 [booklist] INFO: VALID_ID: 2560482
2023-06-30 19:46:32 [booklist] INFO: VALID_ID: 2597728
2023-06-30 19:46:32 [booklist] INFO: VALID_ID: 2597753
2023-06-30 19:46:32 [booklist] INFO: VALID_ID: 2597757
2023-06-30 19:46:32 [booklist] INFO: VALID_ID: 2575369
2023-06-30 19:46:32 [booklist] INFO: VALID_ID: 1312237
2023-06-30 19:46:32 [booklist] INFO: VALID_ID: 1303236
2023-06-30 19:46:33 [scrapy.core.engine] DEBUG: Crawled (200) <POST https://dl.ndl.go.jp/api/item/search> (referer: https://dl.ndl.go.jp/api/item/search)
2023-06-30 19:46:33 [booklist] INFO: Fetched page 4
2023-06-30 19:46:33 [booklist] INFO: VALID_ID: 2560479
2023-06-30 19:46:33 [booklist] INFO: VALID_ID: 2597736
2023-06-30 19:46:33 [booklist] INFO: VALID_ID: 2597765
2023-06-30 19:46:33 [booklist] INFO: VALID_ID: 2580940
2023-06-30 19:46:33 [booklist] INFO: VALID_ID: 2606832
2023-06-30 19:46:33 [booklist] INFO: VALID_ID: 2556181
2023-06-30 19:46:33 [booklist] INFO: VALID_ID: 2577932
2023-06-30 19:46:33 [booklist] INFO: VALID_ID: 2570482
2023-06-30 19:46:33 [booklist] INFO: VALID_ID: 2570536
2023-06-30 19:46:33 [booklist] INFO: VALID_ID: 2570548
2023-06-30 19:46:33 [booklist] INFO: VALID_ID: 2570564
2023-06-30 19:46:33 [booklist] INFO: VALID_ID: 2570597
2023-06-30 19:46:33 [booklist] INFO: VALID_ID: 2570648
2023-06-30 19:46:33 [booklist] INFO: VALID_ID: 2597758
2023-06-30 19:46:33 [booklist] INFO: VALID_ID: 2597725
2023-06-30 19:46:33 [booklist] INFO: VALID_ID: 2597738
2023-06-30 19:46:33 [booklist] INFO: VALID_ID: 2597743
2023-06-30 19:46:33 [booklist] INFO: VALID_ID: 2597768
2023-06-30 19:46:33 [booklist] INFO: VALID_ID: 2597727
2023-06-30 19:46:33 [booklist] INFO: VALID_ID: 2597739
2023-06-30 19:46:33 [booklist] INFO: VALID_ID: 2597746
2023-06-30 19:46:33 [booklist] INFO: VALID_ID: 2597780
2023-06-30 19:46:33 [booklist] INFO: VALID_ID: 1312258
2023-06-30 19:46:33 [booklist] INFO: VALID_ID: 1312265
2023-06-30 19:46:33 [booklist] INFO: VALID_ID: 1312268
2023-06-30 19:46:33 [booklist] INFO: VALID_ID: 1303262
2023-06-30 19:46:33 [booklist] INFO: VALID_ID: 1303270
2023-06-30 19:46:33 [booklist] INFO: VALID_ID: 1303283
2023-06-30 19:46:33 [booklist] INFO: VALID_ID: 1312345
2023-06-30 19:46:33 [booklist] INFO: VALID_ID: 1303317
2023-06-30 19:46:33 [booklist] INFO: VALID_ID: 2597762
2023-06-30 19:46:33 [booklist] INFO: VALID_ID: 2597744
2023-06-30 19:46:33 [booklist] INFO: VALID_ID: 2575368
2023-06-30 19:46:33 [booklist] INFO: VALID_ID: 2597773
2023-06-30 19:46:33 [booklist] INFO: VALID_ID: 2597777
2023-06-30 19:46:33 [booklist] INFO: VALID_ID: 1312237
2023-06-30 19:46:33 [booklist] INFO: VALID_ID: 1303236
2023-06-30 19:46:33 [booklist] INFO: VALID_ID: 1312274
2023-06-30 19:46:33 [booklist] INFO: VALID_ID: 1303246
2023-06-30 19:46:33 [booklist] INFO: VALID_ID: 1312309
2023-06-30 19:46:33 [booklist] INFO: VALID_ID: 1303288
2023-06-30 19:46:33 [booklist] INFO: VALID_ID: 1312320
2023-06-30 19:46:33 [booklist] INFO: VALID_ID: 1303295
2023-06-30 19:46:33 [booklist] INFO: VALID_ID: 1312353
2023-06-30 19:46:33 [booklist] INFO: VALID_ID: 2597771
2023-06-30 19:46:33 [booklist] INFO: VALID_ID: 1303207
2023-06-30 19:46:33 [booklist] INFO: VALID_ID: 1303211
2023-06-30 19:46:33 [booklist] INFO: VALID_ID: 1303241
2023-06-30 19:46:33 [booklist] INFO: VALID_ID: 1303267
2023-06-30 19:46:33 [booklist] INFO: VALID_ID: 1303282
2023-06-30 19:46:33 [booklist] INFO: VALID_ID: 1303215
2023-06-30 19:46:33 [booklist] INFO: VALID_ID: 1312314
2023-06-30 19:46:33 [booklist] INFO: VALID_ID: 1303313
2023-06-30 19:46:33 [booklist] INFO: VALID_ID: 2610915
2023-06-30 19:46:33 [booklist] INFO: VALID_ID: 1312251
2023-06-30 19:46:33 [booklist] INFO: VALID_ID: 1312286
2023-06-30 19:46:33 [booklist] INFO: VALID_ID: 1312290
2023-06-30 19:46:33 [booklist] INFO: VALID_ID: 1312303
2023-06-30 19:46:33 [booklist] INFO: VALID_ID: 1303280
2023-06-30 19:46:33 [booklist] INFO: VALID_ID: 2540947
2023-06-30 19:46:33 [booklist] INFO: VALID_ID: 2597761
2023-06-30 19:46:33 [booklist] INFO: VALID_ID: 1312276
2023-06-30 19:46:33 [booklist] INFO: VALID_ID: 1303253
2023-06-30 19:46:33 [booklist] INFO: VALID_ID: 1312284
2023-06-30 19:46:33 [booklist] INFO: VALID_ID: 1312312
2023-06-30 19:46:33 [booklist] INFO: VALID_ID: 1312336
2023-06-30 19:46:33 [booklist] INFO: VALID_ID: 1312350
2023-06-30 19:46:33 [booklist] INFO: VALID_ID: 1286742
2023-06-30 19:46:33 [booklist] INFO: VALID_ID: 1303281
2023-06-30 19:46:33 [booklist] INFO: VALID_ID: 1312313
2023-06-30 19:46:33 [booklist] INFO: VALID_ID: 1303296
2023-06-30 19:46:33 [booklist] INFO: VALID_ID: 1312331
2023-06-30 19:46:33 [booklist] INFO: VALID_ID: 1303308
2023-06-30 19:46:33 [booklist] INFO: VALID_ID: 1303315
2023-06-30 19:46:33 [booklist] INFO: VALID_ID: 1303216
2023-06-30 19:46:33 [booklist] INFO: VALID_ID: 1303255
2023-06-30 19:46:33 [booklist] INFO: VALID_ID: 1312294
2023-06-30 19:46:33 [booklist] INFO: VALID_ID: 1303276
2023-06-30 19:46:33 [booklist] INFO: VALID_ID: 1312319
2023-06-30 19:46:33 [booklist] INFO: VALID_ID: 1312347
2023-06-30 19:46:33 [booklist] INFO: VALID_ID: 2575500
2023-06-30 19:46:33 [booklist] INFO: VALID_ID: 2560481
2023-06-30 19:46:33 [booklist] INFO: VALID_ID: 2597772
2023-06-30 19:46:33 [booklist] INFO: VALID_ID: 1312267
2023-06-30 19:46:33 [booklist] INFO: VALID_ID: 1312278
2023-06-30 19:46:33 [booklist] INFO: VALID_ID: 1303257
2023-06-30 19:46:33 [booklist] INFO: VALID_ID: 1303259
2023-06-30 19:46:33 [booklist] INFO: VALID_ID: 1312298
2023-06-30 19:46:33 [booklist] INFO: VALID_ID: 1312301
2023-06-30 19:46:33 [booklist] INFO: VALID_ID: 1303289
2023-06-30 19:46:33 [booklist] INFO: VALID_ID: 1303291
2023-06-30 19:46:33 [booklist] INFO: VALID_ID: 1312344
2023-06-30 19:46:33 [booklist] INFO: VALID_ID: 8929816
2023-06-30 19:46:33 [booklist] INFO: VALID_ID: 2570620
2023-06-30 19:46:33 [booklist] INFO: VALID_ID: 2557091
2023-06-30 19:46:33 [booklist] INFO: VALID_ID: 2577934
2023-06-30 19:46:33 [booklist] INFO: VALID_ID: 2570495
2023-06-30 19:46:33 [booklist] INFO: VALID_ID: 2570508
2023-06-30 19:46:33 [booklist] INFO: VALID_ID: 2570579
2023-06-30 19:46:33 [booklist] INFO: VALID_ID: 2570598
2023-06-30 19:46:34 [scrapy.core.engine] DEBUG: Crawled (200) <POST https://dl.ndl.go.jp/api/item/search> (referer: https://dl.ndl.go.jp/api/item/search)
2023-06-30 19:46:34 [booklist] INFO: Fetched page 5
2023-06-30 19:46:34 [booklist] INFO: VALID_ID: 2570485
2023-06-30 19:46:34 [booklist] INFO: VALID_ID: 2570522
2023-06-30 19:46:34 [booklist] INFO: VALID_ID: 2570571
2023-06-30 19:46:34 [booklist] INFO: VALID_ID: 2570575
2023-06-30 19:46:34 [booklist] INFO: VALID_ID: 2570582
2023-06-30 19:46:34 [booklist] INFO: VALID_ID: 2570659
2023-06-30 19:46:34 [booklist] INFO: VALID_ID: 2597720
2023-06-30 19:46:34 [booklist] INFO: VALID_ID: 2610946
2023-06-30 19:46:34 [booklist] INFO: VALID_ID: 2597721
2023-06-30 19:46:34 [booklist] INFO: VALID_ID: 2597726
2023-06-30 19:46:34 [booklist] INFO: VALID_ID: 2575365
2023-06-30 19:46:34 [booklist] INFO: VALID_ID: 1303205
2023-06-30 19:46:34 [booklist] INFO: VALID_ID: 1303217
2023-06-30 19:46:34 [booklist] INFO: VALID_ID: 1312257
2023-06-30 19:46:34 [booklist] INFO: VALID_ID: 1312263
2023-06-30 19:46:34 [booklist] INFO: VALID_ID: 1303242
2023-06-30 19:46:34 [booklist] INFO: VALID_ID: 1312287
2023-06-30 19:46:34 [booklist] INFO: VALID_ID: 1312291
2023-06-30 19:46:34 [booklist] INFO: VALID_ID: 1312322
2023-06-30 19:46:34 [booklist] INFO: VALID_ID: 1312326
2023-06-30 19:46:34 [booklist] INFO: VALID_ID: 2597748
2023-06-30 19:46:34 [booklist] INFO: VALID_ID: 2597759
2023-06-30 19:46:34 [booklist] INFO: VALID_ID: 2580940
2023-06-30 19:46:34 [booklist] INFO: VALID_ID: 1286742
2023-06-30 19:46:34 [booklist] INFO: VALID_ID: 2533255
2023-06-30 19:46:34 [booklist] INFO: VALID_ID: 1312251
2023-06-30 19:46:34 [booklist] INFO: VALID_ID: 1312286
2023-06-30 19:46:34 [booklist] INFO: VALID_ID: 1312290
2023-06-30 19:46:34 [booklist] INFO: VALID_ID: 1312303
2023-06-30 19:46:34 [booklist] INFO: VALID_ID: 1303280
2023-06-30 19:46:34 [booklist] INFO: VALID_ID: 2610915
2023-06-30 19:46:34 [booklist] INFO: VALID_ID: 8929816
2023-06-30 19:46:34 [booklist] INFO: VALID_ID: 2570620
2023-06-30 19:46:34 [booklist] INFO: VALID_ID: 2540947
2023-06-30 19:46:34 [booklist] INFO: VALID_ID: 2597761
2023-06-30 19:46:34 [booklist] INFO: VALID_ID: 2543000
2023-06-30 19:46:34 [booklist] INFO: VALID_ID: 2575499
2023-06-30 19:46:34 [booklist] INFO: VALID_ID: 2597732
2023-06-30 19:46:34 [booklist] INFO: VALID_ID: 2597740
2023-06-30 19:46:34 [booklist] INFO: VALID_ID: 2597751
2023-06-30 19:46:34 [booklist] INFO: VALID_ID: 2597774
2023-06-30 19:46:34 [booklist] INFO: VALID_ID: 2575371
2023-06-30 19:46:34 [booklist] INFO: VALID_ID: 1303209
2023-06-30 19:46:34 [booklist] INFO: VALID_ID: 1303213
2023-06-30 19:46:34 [booklist] INFO: VALID_ID: 1312253
2023-06-30 19:46:34 [booklist] INFO: VALID_ID: 1303238
2023-06-30 19:46:34 [booklist] INFO: VALID_ID: 1312283
2023-06-30 19:46:34 [booklist] INFO: VALID_ID: 1303277
2023-06-30 19:46:34 [booklist] INFO: VALID_ID: 1312311
2023-06-30 19:46:34 [booklist] INFO: VALID_ID: 1303301
2023-06-30 19:46:34 [booklist] INFO: VALID_ID: 2597771
2023-06-30 19:46:34 [booklist] INFO: VALID_ID: 2597733
2023-06-30 19:46:34 [booklist] INFO: VALID_ID: 1312241
2023-06-30 19:46:34 [booklist] INFO: VALID_ID: 1312264
2023-06-30 19:46:34 [booklist] INFO: VALID_ID: 1303278
2023-06-30 19:46:34 [booklist] INFO: VALID_ID: 1303216
2023-06-30 19:46:34 [booklist] INFO: VALID_ID: 1303255
2023-06-30 19:46:34 [booklist] INFO: VALID_ID: 1312294
2023-06-30 19:46:34 [booklist] INFO: VALID_ID: 1303276
2023-06-30 19:46:34 [booklist] INFO: VALID_ID: 1312319
2023-06-30 19:46:34 [booklist] INFO: VALID_ID: 1312347
2023-06-30 19:46:34 [booklist] INFO: VALID_ID: 2597744
2023-06-30 19:46:34 [booklist] INFO: VALID_ID: 2575368
2023-06-30 19:46:34 [booklist] INFO: VALID_ID: 2597773
2023-06-30 19:46:34 [booklist] INFO: VALID_ID: 2597777
2023-06-30 19:46:34 [booklist] INFO: VALID_ID: 2557091
2023-06-30 19:46:34 [booklist] INFO: VALID_ID: 2577934
2023-06-30 19:46:34 [booklist] INFO: VALID_ID: 2570495
2023-06-30 19:46:34 [booklist] INFO: VALID_ID: 2570508
2023-06-30 19:46:34 [booklist] INFO: VALID_ID: 2570579
2023-06-30 19:46:34 [booklist] INFO: VALID_ID: 2570598
2023-06-30 19:46:34 [booklist] INFO: VALID_ID: 2570607
2023-06-30 19:46:34 [booklist] INFO: VALID_ID: 2570615
2023-06-30 19:46:34 [booklist] INFO: VALID_ID: 2570636
2023-06-30 19:46:34 [booklist] INFO: VALID_ID: 2570637
2023-06-30 19:46:34 [booklist] INFO: VALID_ID: 2570653
2023-06-30 19:46:34 [booklist] INFO: VALID_ID: 2569891
2023-06-30 19:46:34 [booklist] INFO: VALID_ID: 2608384
2023-06-30 19:46:34 [booklist] INFO: VALID_ID: 2561620
2023-06-30 19:46:34 [booklist] INFO: VALID_ID: 2570488
2023-06-30 19:46:34 [booklist] INFO: VALID_ID: 2570532
2023-06-30 19:46:34 [booklist] INFO: VALID_ID: 2570547
2023-06-30 19:46:34 [booklist] INFO: VALID_ID: 2570605
2023-06-30 19:46:34 [booklist] INFO: VALID_ID: 2597775
2023-06-30 19:46:34 [booklist] INFO: VALID_ID: 2597778
2023-06-30 19:46:34 [booklist] INFO: VALID_ID: 2540275
2023-06-30 19:46:34 [booklist] INFO: VALID_ID: 2597767
2023-06-30 19:46:34 [booklist] INFO: VALID_ID: 2597722
2023-06-30 19:46:34 [booklist] INFO: VALID_ID: 2597730
2023-06-30 19:46:34 [booklist] INFO: VALID_ID: 2558453
2023-06-30 19:46:34 [booklist] INFO: VALID_ID: 2556183
2023-06-30 19:46:34 [booklist] INFO: VALID_ID: 2570513
2023-06-30 19:46:34 [booklist] INFO: VALID_ID: 2570517
2023-06-30 19:46:34 [booklist] INFO: VALID_ID: 2570524
2023-06-30 19:46:34 [booklist] INFO: VALID_ID: 2570542
2023-06-30 19:46:34 [booklist] INFO: VALID_ID: 2570578
2023-06-30 19:46:34 [booklist] INFO: VALID_ID: 1303206
2023-06-30 19:46:34 [booklist] INFO: VALID_ID: 1303273
2023-06-30 19:46:34 [booklist] INFO: VALID_ID: 1303215
2023-06-30 19:46:34 [booklist] INFO: VALID_ID: 1312314
2023-06-30 19:46:35 [scrapy.core.engine] DEBUG: Crawled (200) <POST https://dl.ndl.go.jp/api/item/search> (referer: https://dl.ndl.go.jp/api/item/search)
2023-06-30 19:46:35 [booklist] INFO: Fetched page 6
2023-06-30 19:46:35 [booklist] INFO: VALID_ID: 2575370
2023-06-30 19:46:35 [booklist] INFO: VALID_ID: 1312239
2023-06-30 19:46:35 [booklist] INFO: VALID_ID: 1312246
2023-06-30 19:46:35 [booklist] INFO: VALID_ID: 1303218
2023-06-30 19:46:35 [booklist] INFO: VALID_ID: 1303223
2023-06-30 19:46:35 [booklist] INFO: VALID_ID: 1303226
2023-06-30 19:46:35 [booklist] INFO: VALID_ID: 1312272
2023-06-30 19:46:35 [booklist] INFO: VALID_ID: 1311479
2023-06-30 19:46:35 [booklist] INFO: VALID_ID: 1303264
2023-06-30 19:46:35 [booklist] INFO: VALID_ID: 1312306
2023-06-30 19:46:35 [booklist] INFO: VALID_ID: 1303294
2023-06-30 19:46:35 [booklist] INFO: VALID_ID: 1303319
2023-06-30 19:46:35 [booklist] INFO: VALID_ID: 1312349
2023-06-30 19:46:35 [booklist] INFO: VALID_ID: 1303321
2023-06-30 19:46:35 [booklist] INFO: VALID_ID: 2537290
2023-06-30 19:46:35 [booklist] INFO: VALID_ID: 2578063
2023-06-30 19:46:35 [booklist] INFO: VALID_ID: 2597741
2023-06-30 19:46:35 [booklist] INFO: VALID_ID: 2605293
2023-06-30 19:46:35 [booklist] INFO: VALID_ID: 2609186
2023-06-30 19:46:35 [booklist] INFO: VALID_ID: 2556178
2023-06-30 19:46:35 [booklist] INFO: VALID_ID: 2570505
2023-06-30 19:46:35 [booklist] INFO: VALID_ID: 2570580
2023-06-30 19:46:35 [booklist] INFO: VALID_ID: 2570583
2023-06-30 19:46:35 [booklist] INFO: VALID_ID: 1303220
2023-06-30 19:46:35 [booklist] INFO: VALID_ID: 1303222
2023-06-30 19:46:35 [booklist] INFO: VALID_ID: 1312255
2023-06-30 19:46:35 [booklist] INFO: VALID_ID: 1303228
2023-06-30 19:46:35 [booklist] INFO: VALID_ID: 1312333
2023-06-30 19:46:35 [booklist] INFO: VALID_ID: 1303323
2023-06-30 19:46:35 [booklist] INFO: VALID_ID: 2555677
2023-06-30 19:46:35 [booklist] INFO: VALID_ID: 2561618
2023-06-30 19:46:35 [booklist] INFO: VALID_ID: 2570521
2023-06-30 19:46:35 [booklist] INFO: VALID_ID: 2570525
2023-06-30 19:46:35 [booklist] INFO: VALID_ID: 2570527
2023-06-30 19:46:35 [booklist] INFO: VALID_ID: 2570544
2023-06-30 19:46:35 [booklist] INFO: VALID_ID: 2570546
2023-06-30 19:46:35 [booklist] INFO: VALID_ID: 2570573
2023-06-30 19:46:35 [booklist] INFO: VALID_ID: 2570612
2023-06-30 19:46:35 [booklist] INFO: VALID_ID: 2570629
2023-06-30 19:46:35 [booklist] INFO: VALID_ID: 2570644
2023-06-30 19:46:35 [booklist] INFO: VALID_ID: 1305675
2023-06-30 19:46:35 [booklist] INFO: VALID_ID: 2561617
2023-06-30 19:46:35 [booklist] INFO: VALID_ID: 2577935
2023-06-30 19:46:35 [booklist] INFO: VALID_ID: 2570500
2023-06-30 19:46:35 [booklist] INFO: VALID_ID: 2570501
2023-06-30 19:46:35 [booklist] INFO: VALID_ID: 2570560
2023-06-30 19:46:35 [booklist] INFO: VALID_ID: 2570566
2023-06-30 19:46:35 [booklist] INFO: VALID_ID: 2570588
2023-06-30 19:46:35 [booklist] INFO: VALID_ID: 2570590
2023-06-30 19:46:35 [booklist] INFO: VALID_ID: 2570609
2023-06-30 19:46:35 [booklist] INFO: VALID_ID: 2570610
2023-06-30 19:46:35 [booklist] INFO: VALID_ID: 2570535
2023-06-30 19:46:35 [booklist] INFO: VALID_ID: 2570545
2023-06-30 19:46:35 [booklist] INFO: VALID_ID: 2570556
2023-06-30 19:46:35 [booklist] INFO: VALID_ID: 2570561
2023-06-30 19:46:35 [booklist] INFO: VALID_ID: 2570569
2023-06-30 19:46:35 [booklist] INFO: VALID_ID: 2570639
2023-06-30 19:46:35 [booklist] INFO: VALID_ID: 2606068
2023-06-30 19:46:35 [booklist] INFO: VALID_ID: 2557090
2023-06-30 19:46:35 [booklist] INFO: VALID_ID: 2536329
2023-06-30 19:46:35 [booklist] INFO: VALID_ID: 2570484
2023-06-30 19:46:35 [booklist] INFO: VALID_ID: 2570510
2023-06-30 19:46:35 [booklist] INFO: VALID_ID: 2570529
2023-06-30 19:46:35 [booklist] INFO: VALID_ID: 2570541
2023-06-30 19:46:35 [booklist] INFO: VALID_ID: 2570608
2023-06-30 19:46:35 [booklist] INFO: VALID_ID: 2570638
2023-06-30 19:46:35 [booklist] INFO: VALID_ID: 2570649
2023-06-30 19:46:35 [booklist] INFO: VALID_ID: 2570651
2023-06-30 19:46:35 [booklist] INFO: VALID_ID: 2570657
2023-06-30 19:46:35 [booklist] INFO: VALID_ID: 1303209
2023-06-30 19:46:35 [booklist] INFO: VALID_ID: 1303213
2023-06-30 19:46:35 [booklist] INFO: VALID_ID: 1312253
2023-06-30 19:46:35 [booklist] INFO: VALID_ID: 1303238
2023-06-30 19:46:35 [booklist] INFO: VALID_ID: 1312283
2023-06-30 19:46:35 [booklist] INFO: VALID_ID: 1303277
2023-06-30 19:46:35 [booklist] INFO: VALID_ID: 1312311
2023-06-30 19:46:35 [booklist] INFO: VALID_ID: 1303301
2023-06-30 19:46:35 [booklist] INFO: VALID_ID: 2558453
2023-06-30 19:46:35 [booklist] INFO: VALID_ID: 2556183
2023-06-30 19:46:35 [booklist] INFO: VALID_ID: 2570513
2023-06-30 19:46:35 [booklist] INFO: VALID_ID: 2570517
2023-06-30 19:46:35 [booklist] INFO: VALID_ID: 2570524
2023-06-30 19:46:35 [booklist] INFO: VALID_ID: 2570542
2023-06-30 19:46:35 [booklist] INFO: VALID_ID: 2570578
2023-06-30 19:46:35 [booklist] INFO: VALID_ID: 2570487
2023-06-30 19:46:35 [booklist] INFO: VALID_ID: 2570498
2023-06-30 19:46:35 [booklist] INFO: VALID_ID: 2570502
2023-06-30 19:46:35 [booklist] INFO: VALID_ID: 2570554
2023-06-30 19:46:35 [booklist] INFO: VALID_ID: 2570618
2023-06-30 19:46:35 [booklist] INFO: VALID_ID: 2570634
2023-06-30 19:46:35 [booklist] INFO: VALID_ID: 2570646
2023-06-30 19:46:35 [booklist] INFO: VALID_ID: 2570503
2023-06-30 19:46:35 [booklist] INFO: VALID_ID: 2570553
2023-06-30 19:46:35 [booklist] INFO: VALID_ID: 2570652
2023-06-30 19:46:35 [booklist] INFO: VALID_ID: 2577930
2023-06-30 19:46:35 [booklist] INFO: VALID_ID: 2570489
2023-06-30 19:46:35 [booklist] INFO: VALID_ID: 2570523
2023-06-30 19:46:35 [booklist] INFO: VALID_ID: 2570595
2023-06-30 19:46:35 [booklist] INFO: VALID_ID: 2570616
2023-06-30 19:46:35 [booklist] INFO: VALID_ID: 2570623
2023-06-30 19:46:35 [scrapy.core.engine] DEBUG: Crawled (200) <POST https://dl.ndl.go.jp/api/item/search> (referer: https://dl.ndl.go.jp/api/item/search)
2023-06-30 19:46:35 [booklist] INFO: Fetched page 7
2023-06-30 19:46:35 [booklist] INFO: VALID_ID: 1303250
2023-06-30 19:46:35 [booklist] INFO: VALID_ID: 1303254
2023-06-30 19:46:35 [booklist] INFO: VALID_ID: 1303275
2023-06-30 19:46:35 [booklist] INFO: VALID_ID: 1312307
2023-06-30 19:46:35 [booklist] INFO: VALID_ID: 1312327
2023-06-30 19:46:35 [booklist] INFO: VALID_ID: 1312337
2023-06-30 19:46:35 [booklist] INFO: VALID_ID: 1303309
2023-06-30 19:46:35 [booklist] INFO: VALID_ID: 1312343
2023-06-30 19:46:35 [booklist] INFO: VALID_ID: 1303316
2023-06-30 19:46:35 [booklist] INFO: VALID_ID: 1303322
2023-06-30 19:46:35 [booklist] INFO: VALID_ID: 2570549
2023-06-30 19:46:35 [booklist] INFO: VALID_ID: 2570551
2023-06-30 19:46:35 [booklist] INFO: VALID_ID: 2570565
2023-06-30 19:46:35 [booklist] INFO: VALID_ID: 2570596
2023-06-30 19:46:35 [booklist] INFO: VALID_ID: 2570601
2023-06-30 19:46:35 [booklist] INFO: VALID_ID: 1312244
2023-06-30 19:46:35 [booklist] INFO: VALID_ID: 1303234
2023-06-30 19:46:35 [booklist] INFO: VALID_ID: 1303239
2023-06-30 19:46:35 [booklist] INFO: VALID_ID: 1312288
2023-06-30 19:46:35 [booklist] INFO: VALID_ID: 1312289
2023-06-30 19:46:35 [booklist] INFO: VALID_ID: 1303260
2023-06-30 19:46:35 [booklist] INFO: VALID_ID: 1312292
2023-06-30 19:46:35 [booklist] INFO: VALID_ID: 1312300
2023-06-30 19:46:35 [booklist] INFO: VALID_ID: 1312308
2023-06-30 19:46:35 [booklist] INFO: VALID_ID: 1303279
2023-06-30 19:46:35 [booklist] INFO: VALID_ID: 1312328
2023-06-30 19:46:35 [booklist] INFO: VALID_ID: 1312335
2023-06-30 19:46:35 [booklist] INFO: VALID_ID: 1312339
2023-06-30 19:46:35 [booklist] INFO: VALID_ID: 1303311
2023-06-30 19:46:35 [booklist] INFO: VALID_ID: 2536469
2023-06-30 19:46:35 [booklist] INFO: VALID_ID: 2535744
2023-06-30 19:46:35 [booklist] INFO: VALID_ID: 2556177
2023-06-30 19:46:35 [booklist] INFO: VALID_ID: 2570490
2023-06-30 19:46:35 [booklist] INFO: VALID_ID: 2570519
2023-06-30 19:46:35 [booklist] INFO: VALID_ID: 2570543
2023-06-30 19:46:35 [booklist] INFO: VALID_ID: 2570581
2023-06-30 19:46:36 [booklist] INFO: VALID_ID: 2570604
2023-06-30 19:46:36 [booklist] INFO: VALID_ID: 2570630
2023-06-30 19:46:36 [booklist] INFO: VALID_ID: 1312245
2023-06-30 19:46:36 [booklist] INFO: VALID_ID: 1312261
2023-06-30 19:46:36 [booklist] INFO: VALID_ID: 1312269
2023-06-30 19:46:36 [booklist] INFO: VALID_ID: 1312295
2023-06-30 19:46:36 [booklist] INFO: VALID_ID: 1303293
2023-06-30 19:46:36 [booklist] INFO: VALID_ID: 1312330
2023-06-30 19:46:36 [booklist] INFO: VALID_ID: 1312238
2023-06-30 19:46:36 [booklist] INFO: VALID_ID: 1312247
2023-06-30 19:46:36 [booklist] INFO: VALID_ID: 1312256
2023-06-30 19:46:36 [booklist] INFO: VALID_ID: 1312279
2023-06-30 19:46:36 [booklist] INFO: VALID_ID: 1312282
2023-06-30 19:46:36 [booklist] INFO: VALID_ID: 1312299
2023-06-30 19:46:36 [booklist] INFO: VALID_ID: 1312341
2023-06-30 19:46:36 [booklist] INFO: VALID_ID: 2562776
2023-06-30 19:46:36 [booklist] INFO: VALID_ID: 2559596
2023-06-30 19:46:36 [booklist] INFO: VALID_ID: 2556176
2023-06-30 19:46:36 [booklist] INFO: VALID_ID: 2570570
2023-06-30 19:46:36 [booklist] INFO: VALID_ID: 2570626
2023-06-30 19:46:36 [booklist] INFO: VALID_ID: 2570486
2023-06-30 19:46:36 [booklist] INFO: VALID_ID: 2570494
2023-06-30 19:46:36 [booklist] INFO: VALID_ID: 2570504
2023-06-30 19:46:36 [booklist] INFO: VALID_ID: 2570557
2023-06-30 19:46:36 [booklist] INFO: VALID_ID: 2570562
2023-06-30 19:46:36 [booklist] INFO: VALID_ID: 2570574
2023-06-30 19:46:36 [booklist] INFO: VALID_ID: 2570592
2023-06-30 19:46:36 [booklist] INFO: VALID_ID: 2570647
2023-06-30 19:46:36 [booklist] INFO: VALID_ID: 2606107
2023-06-30 19:46:36 [booklist] INFO: VALID_ID: 2545858
2023-06-30 19:46:36 [booklist] INFO: VALID_ID: 2539544
2023-06-30 19:46:36 [booklist] INFO: VALID_ID: 2555677
2023-06-30 19:46:36 [booklist] INFO: VALID_ID: 2561618
2023-06-30 19:46:36 [booklist] INFO: VALID_ID: 2570521
2023-06-30 19:46:36 [booklist] INFO: VALID_ID: 2570525
2023-06-30 19:46:36 [booklist] INFO: VALID_ID: 2570527
2023-06-30 19:46:36 [booklist] INFO: VALID_ID: 2570544
2023-06-30 19:46:36 [booklist] INFO: VALID_ID: 2570546
2023-06-30 19:46:36 [booklist] INFO: VALID_ID: 2570573
2023-06-30 19:46:36 [booklist] INFO: VALID_ID: 2570612
2023-06-30 19:46:36 [booklist] INFO: VALID_ID: 2570629
2023-06-30 19:46:36 [booklist] INFO: VALID_ID: 2570644
2023-06-30 19:46:36 [booklist] INFO: VALID_ID: 2609036
2023-06-30 19:46:36 [booklist] INFO: VALID_ID: 2609284
2023-06-30 19:46:36 [booklist] INFO: VALID_ID: 2570480
2023-06-30 19:46:36 [booklist] INFO: VALID_ID: 2562777
2023-06-30 19:46:36 [booklist] INFO: VALID_ID: 2577933
2023-06-30 19:46:36 [booklist] INFO: VALID_ID: 2561619
2023-06-30 19:46:36 [booklist] INFO: VALID_ID: 2556184
2023-06-30 19:46:36 [booklist] INFO: VALID_ID: 2570493
2023-06-30 19:46:36 [booklist] INFO: VALID_ID: 2570514
2023-06-30 19:46:36 [booklist] INFO: VALID_ID: 2570539
2023-06-30 19:46:36 [booklist] INFO: VALID_ID: 2570572
2023-06-30 19:46:36 [booklist] INFO: VALID_ID: 2570643
2023-06-30 19:46:36 [booklist] INFO: VALID_ID: 2561616
2023-06-30 19:46:36 [booklist] INFO: VALID_ID: 2535686
2023-06-30 19:46:36 [booklist] INFO: VALID_ID: 2608631
2023-06-30 19:46:36 [booklist] INFO: VALID_ID: 2570540
2023-06-30 19:46:36 [booklist] INFO: VALID_ID: 2570563
2023-06-30 19:46:36 [booklist] INFO: VALID_ID: 2570587
2023-06-30 19:46:36 [booklist] INFO: VALID_ID: 2570602
2023-06-30 19:46:36 [booklist] INFO: VALID_ID: 2555676
2023-06-30 19:46:36 [booklist] INFO: VALID_ID: 2570499
2023-06-30 19:46:36 [booklist] INFO: VALID_ID: 2570576
2023-06-30 19:46:36 [scrapy.core.engine] DEBUG: Crawled (200) <POST https://dl.ndl.go.jp/api/item/search> (referer: https://dl.ndl.go.jp/api/item/search)
2023-06-30 19:46:36 [booklist] INFO: Fetched page 8
2023-06-30 19:46:36 [booklist] INFO: VALID_ID: 2570631
2023-06-30 19:46:36 [booklist] INFO: VALID_ID: 2570656
2023-06-30 19:46:36 [booklist] INFO: VALID_ID: 2609036
2023-06-30 19:46:36 [booklist] INFO: VALID_ID: 2609284
2023-06-30 19:46:36 [booklist] INFO: VALID_ID: 2570480
2023-06-30 19:46:36 [booklist] INFO: VALID_ID: 2562777
2023-06-30 19:46:36 [booklist] INFO: VALID_ID: 2577933
2023-06-30 19:46:36 [booklist] INFO: VALID_ID: 2561619
2023-06-30 19:46:36 [booklist] INFO: VALID_ID: 2556184
2023-06-30 19:46:36 [booklist] INFO: VALID_ID: 2570493
2023-06-30 19:46:36 [booklist] INFO: VALID_ID: 2570514
2023-06-30 19:46:36 [booklist] INFO: VALID_ID: 2570539
2023-06-30 19:46:36 [booklist] INFO: VALID_ID: 2570572
2023-06-30 19:46:36 [booklist] INFO: VALID_ID: 2570643
2023-06-30 19:46:36 [booklist] INFO: VALID_ID: 2561616
2023-06-30 19:46:36 [booklist] INFO: VALID_ID: 2535686
2023-06-30 19:46:36 [booklist] INFO: VALID_ID: 2608631
2023-06-30 19:46:36 [booklist] INFO: VALID_ID: 2570540
2023-06-30 19:46:36 [booklist] INFO: VALID_ID: 2570563
2023-06-30 19:46:36 [booklist] INFO: VALID_ID: 2570587
2023-06-30 19:46:36 [booklist] INFO: VALID_ID: 2570602
2023-06-30 19:46:36 [booklist] INFO: VALID_ID: 2557787
2023-06-30 19:46:36 [booklist] INFO: VALID_ID: 8929817
2023-06-30 19:46:36 [booklist] INFO: VALID_ID: 2556179
2023-06-30 19:46:36 [booklist] INFO: VALID_ID: 2577936
2023-06-30 19:46:36 [booklist] INFO: VALID_ID: 2570497
2023-06-30 19:46:36 [booklist] INFO: VALID_ID: 2570528
2023-06-30 19:46:36 [booklist] INFO: VALID_ID: 2570531
2023-06-30 19:46:36 [booklist] INFO: VALID_ID: 2570552
2023-06-30 19:46:36 [booklist] INFO: VALID_ID: 2570586
2023-06-30 19:46:36 [booklist] INFO: VALID_ID: 2570594
2023-06-30 19:46:36 [booklist] INFO: VALID_ID: 2570599
2023-06-30 19:46:36 [booklist] INFO: VALID_ID: 2570614
2023-06-30 19:46:36 [booklist] INFO: VALID_ID: 2570625
2023-06-30 19:46:36 [booklist] INFO: VALID_ID: 2570650
2023-06-30 19:46:36 [booklist] INFO: VALID_ID: 2543622
2023-06-30 19:46:36 [booklist] INFO: VALID_ID: 2561568
2023-06-30 19:46:36 [booklist] INFO: VALID_ID: 2544334
2023-06-30 19:46:36 [booklist] INFO: VALID_ID: 2533578
2023-06-30 19:46:36 [booklist] INFO: VALID_ID: 2559595
2023-06-30 19:46:36 [booklist] INFO: VALID_ID: 2556924
2023-06-30 19:46:36 [booklist] INFO: VALID_ID: 2570491
2023-06-30 19:46:36 [booklist] INFO: VALID_ID: 2570509
2023-06-30 19:46:36 [booklist] INFO: VALID_ID: 2570520
2023-06-30 19:46:36 [booklist] INFO: VALID_ID: 2570559
2023-06-30 19:46:36 [booklist] INFO: VALID_ID: 2570585
2023-06-30 19:46:36 [booklist] INFO: VALID_ID: 2570642
2023-06-30 19:46:36 [booklist] INFO: VALID_ID: 2607217
2023-06-30 19:46:36 [booklist] INFO: VALID_ID: 2607815
2023-06-30 19:46:36 [booklist] INFO: VALID_ID: 2607870
2023-06-30 19:46:36 [booklist] INFO: VALID_ID: 2570496
2023-06-30 19:46:36 [booklist] INFO: VALID_ID: 2570593
2023-06-30 19:46:36 [booklist] INFO: VALID_ID: 2570611
2023-06-30 19:46:36 [booklist] INFO: VALID_ID: 2570619
2023-06-30 19:46:36 [booklist] INFO: VALID_ID: 2570628
2023-06-30 19:46:36 [booklist] INFO: VALID_ID: 2570640
2023-06-30 19:46:36 [booklist] INFO: VALID_ID: 2558456
2023-06-30 19:46:36 [booklist] INFO: VALID_ID: 2556923
2023-06-30 19:46:36 [booklist] INFO: VALID_ID: 2556180
2023-06-30 19:46:36 [booklist] INFO: VALID_ID: 2569892
2023-06-30 19:46:36 [booklist] INFO: VALID_ID: 2570538
2023-06-30 19:46:36 [booklist] INFO: VALID_ID: 2545860
2023-06-30 19:46:36 [booklist] INFO: VALID_ID: 2607098
2023-06-30 19:46:36 [booklist] INFO: VALID_ID: 2533576
2023-06-30 19:46:36 [booklist] INFO: VALID_ID: 2557788
2023-06-30 19:46:36 [booklist] INFO: VALID_ID: 2562778
2023-06-30 19:46:36 [booklist] INFO: VALID_ID: 2570483
2023-06-30 19:46:36 [booklist] INFO: VALID_ID: 2570511
2023-06-30 19:46:36 [booklist] INFO: VALID_ID: 2570518
2023-06-30 19:46:36 [booklist] INFO: VALID_ID: 2570533
2023-06-30 19:46:36 [booklist] INFO: VALID_ID: 2570577
2023-06-30 19:46:36 [booklist] INFO: VALID_ID: 2570591
2023-06-30 19:46:36 [booklist] INFO: VALID_ID: 2570617
2023-06-30 19:46:36 [booklist] INFO: VALID_ID: 2570621
2023-06-30 19:46:36 [booklist] INFO: VALID_ID: 2570622
2023-06-30 19:46:36 [booklist] INFO: VALID_ID: 2570632
2023-06-30 19:46:36 [booklist] INFO: VALID_ID: 2570492
2023-06-30 19:46:36 [booklist] INFO: VALID_ID: 2570515
2023-06-30 19:46:36 [booklist] INFO: VALID_ID: 2570558
2023-06-30 19:46:36 [booklist] INFO: VALID_ID: 2570584
2023-06-30 19:46:36 [booklist] INFO: VALID_ID: 2570606
2023-06-30 19:46:36 [booklist] INFO: VALID_ID: 2599348
2023-06-30 19:46:36 [booklist] INFO: VALID_ID: 2599349
2023-06-30 19:46:36 [booklist] INFO: VALID_ID: 2533655
2023-06-30 19:46:36 [booklist] INFO: VALID_ID: 2542582
2023-06-30 19:46:36 [booklist] INFO: VALID_ID: 2608140
2023-06-30 19:46:36 [booklist] INFO: VALID_ID: 2558454
2023-06-30 19:46:36 [booklist] INFO: VALID_ID: 2556182
2023-06-30 19:46:36 [booklist] INFO: VALID_ID: 2570507
2023-06-30 19:46:36 [booklist] INFO: VALID_ID: 2570512
2023-06-30 19:46:36 [booklist] INFO: VALID_ID: 2570516
2023-06-30 19:46:36 [booklist] INFO: VALID_ID: 2570567
2023-06-30 19:46:36 [booklist] INFO: VALID_ID: 2570603
2023-06-30 19:46:36 [booklist] INFO: VALID_ID: 2570613
2023-06-30 19:46:36 [booklist] INFO: VALID_ID: 2570645
2023-06-30 19:46:36 [booklist] INFO: VALID_ID: 2544335
2023-06-30 19:46:36 [booklist] INFO: VALID_ID: 1301754
2023-06-30 19:46:36 [booklist] INFO: VALID_ID: 2576590
2023-06-30 19:46:36 [booklist] INFO: VALID_ID: 2557628
2023-06-30 19:46:36 [booklist] INFO: VALID_ID: 2606684
2023-06-30 19:46:38 [scrapy.core.engine] DEBUG: Crawled (200) <POST https://dl.ndl.go.jp/api/item/search> (referer: https://dl.ndl.go.jp/api/item/search)
2023-06-30 19:46:38 [booklist] INFO: Fetched page 9
2023-06-30 19:46:38 [booklist] INFO: VALID_ID: 2544337
2023-06-30 19:46:38 [booklist] INFO: VALID_ID: 2561569
2023-06-30 19:46:38 [booklist] INFO: VALID_ID: 2558455
2023-06-30 19:46:38 [booklist] INFO: VALID_ID: 2544336
2023-06-30 19:46:38 [booklist] INFO: VALID_ID: 2536457
2023-06-30 19:46:38 [booklist] INFO: VALID_ID: 2576587
2023-06-30 19:46:38 [booklist] INFO: VALID_ID: 1311500
2023-06-30 19:46:38 [booklist] INFO: VALID_ID: 2558457
2023-06-30 19:46:38 [booklist] INFO: VALID_ID: 2576590
2023-06-30 19:46:38 [booklist] INFO: VALID_ID: 2557628
2023-06-30 19:46:38 [booklist] INFO: VALID_ID: 2539546
2023-06-30 19:46:38 [booklist] INFO: VALID_ID: 2557625
2023-06-30 19:46:38 [booklist] INFO: VALID_ID: 2610010
2023-06-30 19:46:38 [booklist] INFO: VALID_ID: 1287026
2023-06-30 19:46:38 [booklist] INFO: VALID_ID: 2553032
2023-06-30 19:46:38 [booklist] INFO: VALID_ID: 1287113
2023-06-30 19:46:38 [booklist] INFO: VALID_ID: 1287035
2023-06-30 19:46:38 [booklist] INFO: VALID_ID: 1287112
2023-06-30 19:46:38 [booklist] INFO: VALID_ID: 2608647
2023-06-30 19:46:38 [booklist] INFO: VALID_ID: 2606684
2023-06-30 19:46:38 [booklist] INFO: VALID_ID: 2539547
2023-06-30 19:46:38 [booklist] INFO: VALID_ID: 2608719
2023-06-30 19:46:38 [booklist] INFO: VALID_ID: 2545859
2023-06-30 19:46:38 [booklist] INFO: VALID_ID: 2605753
2023-06-30 19:46:38 [booklist] INFO: VALID_ID: 2576588
2023-06-30 19:46:38 [booklist] INFO: VALID_ID: 2532135
2023-06-30 19:46:38 [booklist] INFO: VALID_ID: 2606171
2023-06-30 19:46:38 [booklist] INFO: VALID_ID: 2576585
2023-06-30 19:46:38 [booklist] INFO: VALID_ID: 1312508
2023-06-30 19:46:38 [booklist] INFO: VALID_ID: 2557623
2023-06-30 19:46:38 [booklist] INFO: VALID_ID: 2576589
2023-06-30 19:46:38 [booklist] INFO: VALID_ID: 1313257
2023-06-30 19:46:38 [booklist] INFO: VALID_ID: 2553028
2023-06-30 19:46:38 [booklist] INFO: VALID_ID: 2553031
2023-06-30 19:46:38 [booklist] INFO: VALID_ID: 2553029
2023-06-30 19:46:38 [booklist] INFO: VALID_ID: 2576594
2023-06-30 19:46:38 [booklist] INFO: VALID_ID: 2553030
2023-06-30 19:46:38 [booklist] INFO: VALID_ID: 2557626
2023-06-30 19:46:38 [booklist] INFO: VALID_ID: 2576591
2023-06-30 19:46:38 [booklist] INFO: VALID_ID: 2542943
2023-06-30 19:46:38 [booklist] INFO: VALID_ID: 9893285
2023-06-30 19:46:38 [booklist] INFO: VALID_ID: 2576586
2023-06-30 19:46:38 [booklist] INFO: VALID_ID: 2576593
2023-06-30 19:46:38 [booklist] INFO: VALID_ID: 2533409
2023-06-30 19:46:38 [booklist] INFO: VALID_ID: 2557627
2023-06-30 19:46:38 [booklist] INFO: VALID_ID: 2557624
2023-06-30 19:46:38 [booklist] INFO: VALID_ID: 1306368
2023-06-30 19:46:38 [booklist] INFO: VALID_ID: 2607558
2023-06-30 19:46:38 [booklist] INFO: VALID_ID: 9892781
2023-06-30 19:46:38 [booklist] INFO: VALID_ID: 1307489
2023-06-30 19:46:38 [booklist] INFO: VALID_ID: 2576592
2023-06-30 19:46:38 [booklist] INFO: VALID_ID: 2610235
2023-06-30 19:46:38 [booklist] INFO: VALID_ID: 2560678
2023-06-30 19:46:38 [booklist] INFO: VALID_ID: 2573420
2023-06-30 19:46:38 [booklist] INFO: VALID_ID: 2573432
2023-06-30 19:46:38 [booklist] INFO: VALID_ID: 2573441
2023-06-30 19:46:38 [booklist] INFO: VALID_ID: 2573478
2023-06-30 19:46:38 [booklist] INFO: VALID_ID: 2573401
2023-06-30 19:46:38 [booklist] INFO: VALID_ID: 2573410
2023-06-30 19:46:38 [booklist] INFO: VALID_ID: 2573430
2023-06-30 19:46:38 [booklist] INFO: VALID_ID: 2573475
2023-06-30 19:46:38 [booklist] INFO: VALID_ID: 2573483
2023-06-30 19:46:38 [booklist] INFO: VALID_ID: 2573406
2023-06-30 19:46:38 [booklist] INFO: VALID_ID: 2573414
2023-06-30 19:46:38 [booklist] INFO: VALID_ID: 1312045
2023-06-30 19:46:38 [booklist] INFO: VALID_ID: 2573439
2023-06-30 19:46:38 [booklist] INFO: VALID_ID: 2573462
2023-06-30 19:46:38 [booklist] INFO: VALID_ID: 2573407
2023-06-30 19:46:38 [booklist] INFO: VALID_ID: 2573415
2023-06-30 19:46:38 [booklist] INFO: VALID_ID: 2573417
2023-06-30 19:46:38 [booklist] INFO: VALID_ID: 2573457
2023-06-30 19:46:38 [booklist] INFO: VALID_ID: 2573464
2023-06-30 19:46:38 [booklist] INFO: VALID_ID: 2573466
2023-06-30 19:46:38 [booklist] INFO: VALID_ID: 2573480
2023-06-30 19:46:38 [booklist] INFO: VALID_ID: 2573460
2023-06-30 19:46:38 [booklist] INFO: VALID_ID: 2573399
2023-06-30 19:46:38 [booklist] INFO: VALID_ID: 2573461
2023-06-30 19:46:38 [booklist] INFO: VALID_ID: 2573463
2023-06-30 19:46:38 [booklist] INFO: VALID_ID: 2573425
2023-06-30 19:46:38 [booklist] INFO: VALID_ID: 2573438
2023-06-30 19:46:38 [booklist] INFO: VALID_ID: 2573442
2023-06-30 19:46:38 [booklist] INFO: VALID_ID: 2573427
2023-06-30 19:46:38 [booklist] INFO: VALID_ID: 2573404
2023-06-30 19:46:38 [booklist] INFO: VALID_ID: 2573444
2023-06-30 19:46:38 [booklist] INFO: VALID_ID: 2533723
2023-06-30 19:46:38 [booklist] INFO: VALID_ID: 2573429
2023-06-30 19:46:38 [booklist] INFO: VALID_ID: 2607766
2023-06-30 19:46:38 [booklist] INFO: VALID_ID: 2573474
2023-06-30 19:46:38 [booklist] INFO: VALID_ID: 2573402
2023-06-30 19:46:38 [booklist] INFO: VALID_ID: 2573418
2023-06-30 19:46:38 [booklist] INFO: VALID_ID: 2573424
2023-06-30 19:46:38 [booklist] INFO: VALID_ID: 2573465
2023-06-30 19:46:38 [booklist] INFO: VALID_ID: 2573476
2023-06-30 19:46:38 [booklist] INFO: VALID_ID: 2573398
2023-06-30 19:46:38 [booklist] INFO: VALID_ID: 2573434
2023-06-30 19:46:38 [booklist] INFO: VALID_ID: 2573450
2023-06-30 19:46:38 [booklist] INFO: VALID_ID: 2573445
2023-06-30 19:46:38 [booklist] INFO: VALID_ID: 2573467
2023-06-30 19:46:38 [booklist] INFO: VALID_ID: 2560676
2023-06-30 19:46:38 [booklist] INFO: VALID_ID: 2573423
2023-06-30 19:46:39 [scrapy.core.engine] DEBUG: Crawled (200) <POST https://dl.ndl.go.jp/api/item/search> (referer: https://dl.ndl.go.jp/api/item/search)
2023-06-30 19:46:40 [booklist] INFO: Fetched page 10
2023-06-30 19:46:40 [booklist] INFO: VALID_ID: 2573450
2023-06-30 19:46:40 [booklist] INFO: VALID_ID: 2573445
2023-06-30 19:46:40 [booklist] INFO: VALID_ID: 2573467
2023-06-30 19:46:40 [booklist] INFO: VALID_ID: 2560676
2023-06-30 19:46:40 [booklist] INFO: VALID_ID: 2573423
2023-06-30 19:46:40 [booklist] INFO: VALID_ID: 2573455
2023-06-30 19:46:40 [booklist] INFO: VALID_ID: 2573470
2023-06-30 19:46:40 [booklist] INFO: VALID_ID: 2573400
2023-06-30 19:46:40 [booklist] INFO: VALID_ID: 2573431
2023-06-30 19:46:40 [booklist] INFO: VALID_ID: 2573458
2023-06-30 19:46:40 [booklist] INFO: VALID_ID: 2573412
2023-06-30 19:46:40 [booklist] INFO: VALID_ID: 2573443
2023-06-30 19:46:40 [booklist] INFO: VALID_ID: 2536626
2023-06-30 19:46:40 [booklist] INFO: VALID_ID: 2573409
2023-06-30 19:46:40 [booklist] INFO: VALID_ID: 2573433
2023-06-30 19:46:40 [booklist] INFO: VALID_ID: 2573472
2023-06-30 19:46:40 [booklist] INFO: VALID_ID: 2573408
2023-06-30 19:46:40 [booklist] INFO: VALID_ID: 2573413
2023-06-30 19:46:40 [booklist] INFO: VALID_ID: 2573421
2023-06-30 19:46:40 [booklist] INFO: VALID_ID: 2573422
2023-06-30 19:46:40 [booklist] INFO: VALID_ID: 2538331
2023-06-30 19:46:40 [booklist] INFO: VALID_ID: 2573403
2023-06-30 19:46:40 [booklist] INFO: VALID_ID: 2573411
2023-06-30 19:46:40 [booklist] INFO: VALID_ID: 2573437
2023-06-30 19:46:40 [booklist] INFO: VALID_ID: 2573440
2023-06-30 19:46:40 [booklist] INFO: VALID_ID: 2573459
2023-06-30 19:46:40 [booklist] INFO: VALID_ID: 2573479
2023-06-30 19:46:40 [booklist] INFO: VALID_ID: 2608872
2023-06-30 19:46:40 [booklist] INFO: VALID_ID: 2560677
2023-06-30 19:46:40 [booklist] INFO: VALID_ID: 2573428
2023-06-30 19:46:40 [booklist] INFO: VALID_ID: 2573452
2023-06-30 19:46:40 [booklist] INFO: VALID_ID: 2573453
2023-06-30 19:46:40 [booklist] INFO: VALID_ID: 2573469
2023-06-30 19:46:40 [booklist] INFO: VALID_ID: 2573473
2023-06-30 19:46:40 [booklist] INFO: VALID_ID: 2573482
2023-06-30 19:46:40 [booklist] INFO: VALID_ID: 2573416
2023-06-30 19:46:40 [booklist] INFO: VALID_ID: 2573446
2023-06-30 19:46:40 [booklist] INFO: VALID_ID: 2573426
2023-06-30 19:46:40 [booklist] INFO: VALID_ID: 2573435
2023-06-30 19:46:40 [booklist] INFO: VALID_ID: 2573436
2023-06-30 19:46:40 [booklist] INFO: VALID_ID: 2573448
2023-06-30 19:46:40 [booklist] INFO: VALID_ID: 2573456
2023-06-30 19:46:40 [booklist] INFO: VALID_ID: 2573477
2023-06-30 19:46:40 [booklist] INFO: VALID_ID: 1313283
2023-06-30 19:46:40 [booklist] INFO: VALID_ID: 1309095
2023-06-30 19:46:40 [booklist] INFO: VALID_ID: 2573397
2023-06-30 19:46:40 [booklist] INFO: VALID_ID: 2573419
2023-06-30 19:46:40 [booklist] INFO: VALID_ID: 2546550
2023-06-30 19:46:40 [booklist] INFO: VALID_ID: 2603068
2023-06-30 19:46:40 [booklist] INFO: VALID_ID: 1312851
2023-06-30 19:46:40 [booklist] INFO: VALID_ID: 1311315
2023-06-30 19:46:40 [booklist] INFO: VALID_ID: 1307529
2023-06-30 19:46:40 [booklist] INFO: VALID_ID: 2573396
2023-06-30 19:46:40 [booklist] INFO: VALID_ID: 2573405
2023-06-30 19:46:40 [booklist] INFO: VALID_ID: 2573447
2023-06-30 19:46:40 [booklist] INFO: VALID_ID: 2573451
2023-06-30 19:46:40 [booklist] INFO: VALID_ID: 2573454
2023-06-30 19:46:40 [booklist] INFO: VALID_ID: 2546549
2023-06-30 19:46:40 [booklist] INFO: VALID_ID: 2603072
2023-06-30 19:46:40 [booklist] INFO: VALID_ID: 2603085
2023-06-30 19:46:40 [booklist] INFO: VALID_ID: 2603067
2023-06-30 19:46:40 [booklist] INFO: VALID_ID: 1304739
2023-06-30 19:46:40 [booklist] INFO: VALID_ID: 2603071
2023-06-30 19:46:40 [booklist] INFO: VALID_ID: 1306402
2023-06-30 19:46:40 [booklist] INFO: VALID_ID: 2603070
2023-06-30 19:46:40 [booklist] INFO: VALID_ID: 2603079
2023-06-30 19:46:40 [booklist] INFO: VALID_ID: 2603081
2023-06-30 19:46:40 [booklist] INFO: VALID_ID: 1311527
2023-06-30 19:46:40 [booklist] INFO: VALID_ID: 2609679
2023-06-30 19:46:40 [booklist] INFO: VALID_ID: 1305494
2023-06-30 19:46:40 [booklist] INFO: VALID_ID: 2603076
2023-06-30 19:46:40 [booklist] INFO: VALID_ID: 2603078
2023-06-30 19:46:40 [booklist] INFO: VALID_ID: 2546548
2023-06-30 19:46:40 [booklist] INFO: VALID_ID: 2603083
2023-06-30 19:46:40 [booklist] INFO: VALID_ID: 2605236
2023-06-30 19:46:40 [booklist] INFO: VALID_ID: 1308588
2023-06-30 19:46:40 [booklist] INFO: VALID_ID: 2603069
2023-06-30 19:46:40 [booklist] INFO: VALID_ID: 2603080
2023-06-30 19:46:40 [booklist] INFO: VALID_ID: 2603082
2023-06-30 19:46:40 [booklist] INFO: VALID_ID: 2603077
2023-06-30 19:46:40 [booklist] INFO: VALID_ID: 2603075
2023-06-30 19:46:40 [booklist] INFO: VALID_ID: 2603086
2023-06-30 19:46:40 [booklist] INFO: VALID_ID: 2603074
2023-06-30 19:46:40 [booklist] INFO: VALID_ID: 1311740
2023-06-30 19:46:40 [booklist] INFO: VALID_ID: 2603073
2023-06-30 19:46:40 [booklist] INFO: VALID_ID: 2603084
2023-06-30 19:46:40 [booklist] INFO: VALID_ID: 2536072
2023-06-30 19:46:40 [booklist] INFO: VALID_ID: 1307126
2023-06-30 19:46:40 [booklist] INFO: VALID_ID: 2563882
2023-06-30 19:46:40 [booklist] INFO: VALID_ID: 2546551
2023-06-30 19:46:40 [booklist] INFO: VALID_ID: 2579797
2023-06-30 19:46:40 [booklist] INFO: VALID_ID: 2563883
2023-06-30 19:46:40 [booklist] INFO: VALID_ID: 2605946
2023-06-30 19:46:40 [booklist] INFO: VALID_ID: 1309221
2023-06-30 19:46:40 [booklist] INFO: VALID_ID: 9369151
2023-06-30 19:46:40 [booklist] INFO: VALID_ID: 2543646
2023-06-30 19:46:40 [booklist] INFO: VALID_ID: 2558597
2023-06-30 19:46:40 [booklist] INFO: VALID_ID: 2558601
2023-06-30 19:46:40 [booklist] INFO: VALID_ID: 2607225
2023-06-30 19:46:40 [booklist] INFO: VALID_ID: 2543643
2023-06-30 19:46:41 [scrapy.core.engine] DEBUG: Crawled (200) <POST https://dl.ndl.go.jp/api/item/search> (referer: https://dl.ndl.go.jp/api/item/search)
2023-06-30 19:46:41 [booklist] INFO: Fetched page 11
2023-06-30 19:46:41 [booklist] INFO: VALID_ID: 1311010
2023-06-30 19:46:41 [booklist] INFO: VALID_ID: 2543644
2023-06-30 19:46:41 [booklist] INFO: VALID_ID: 2543643
2023-06-30 19:46:41 [booklist] INFO: VALID_ID: 2558593
2023-06-30 19:46:41 [booklist] INFO: VALID_ID: 2579798
2023-06-30 19:46:41 [booklist] INFO: VALID_ID: 2558595
2023-06-30 19:46:41 [booklist] INFO: VALID_ID: 2558598
2023-06-30 19:46:41 [booklist] INFO: VALID_ID: 2558608
2023-06-30 19:46:41 [booklist] INFO: VALID_ID: 2558589
2023-06-30 19:46:41 [booklist] INFO: VALID_ID: 2607539
2023-06-30 19:46:41 [booklist] INFO: VALID_ID: 2558613
2023-06-30 19:46:41 [booklist] INFO: VALID_ID: 2543645
2023-06-30 19:46:41 [booklist] INFO: VALID_ID: 2579796
2023-06-30 19:46:41 [booklist] INFO: VALID_ID: 2558583
2023-06-30 19:46:41 [booklist] INFO: VALID_ID: 1307131
2023-06-30 19:46:41 [booklist] INFO: VALID_ID: 2558603
2023-06-30 19:46:41 [booklist] INFO: VALID_ID: 2558592
2023-06-30 19:46:41 [booklist] INFO: VALID_ID: 2558579
2023-06-30 19:46:41 [booklist] INFO: VALID_ID: 2558594
2023-06-30 19:46:41 [booklist] INFO: VALID_ID: 2558605
2023-06-30 19:46:41 [booklist] INFO: VALID_ID: 2558602
2023-06-30 19:46:41 [booklist] INFO: VALID_ID: 2558581
2023-06-30 19:46:41 [booklist] INFO: VALID_ID: 2558600
2023-06-30 19:46:41 [booklist] INFO: VALID_ID: 2558609
2023-06-30 19:46:41 [booklist] INFO: VALID_ID: 2558599
2023-06-30 19:46:41 [booklist] INFO: VALID_ID: 2558606
2023-06-30 19:46:41 [booklist] INFO: VALID_ID: 2558607
2023-06-30 19:46:41 [booklist] INFO: VALID_ID: 2558612
2023-06-30 19:46:41 [booklist] INFO: VALID_ID: 2558586
2023-06-30 19:46:41 [booklist] INFO: VALID_ID: 2558587
2023-06-30 19:46:41 [booklist] INFO: VALID_ID: 2558585
2023-06-30 19:46:41 [booklist] INFO: VALID_ID: 2558588
2023-06-30 19:46:41 [booklist] INFO: VALID_ID: 2558591
2023-06-30 19:46:41 [booklist] INFO: VALID_ID: 2558610
2023-06-30 19:46:41 [booklist] INFO: VALID_ID: 2558582
2023-06-30 19:46:41 [booklist] INFO: VALID_ID: 2543647
2023-06-30 19:46:41 [booklist] INFO: VALID_ID: 2558604
2023-06-30 19:46:41 [booklist] INFO: VALID_ID: 2558596
2023-06-30 19:46:41 [booklist] INFO: VALID_ID: 2558580
2023-06-30 19:46:41 [booklist] INFO: VALID_ID: 2558584
2023-06-30 19:46:41 [booklist] INFO: VALID_ID: 2558611
2023-06-30 19:46:41 [booklist] INFO: VALID_ID: 2551375
2023-06-30 19:46:41 [booklist] INFO: VALID_ID: 2558590
2023-06-30 19:46:41 [booklist] INFO: VALID_ID: 1287684
2023-06-30 19:46:41 [booklist] INFO: VALID_ID: 1287579
2023-06-30 19:46:41 [booklist] INFO: VALID_ID: 2559247
2023-06-30 19:46:41 [booklist] INFO: VALID_ID: 1287697
2023-06-30 19:46:41 [booklist] INFO: VALID_ID: 1287556
2023-06-30 19:46:41 [booklist] INFO: VALID_ID: 2551377
2023-06-30 19:46:41 [booklist] INFO: VALID_ID: 2595788
2023-06-30 19:46:41 [booklist] INFO: VALID_ID: 2551754
2023-06-30 19:46:41 [booklist] INFO: VALID_ID: 1287704
2023-06-30 19:46:41 [booklist] INFO: VALID_ID: 1287573
2023-06-30 19:46:41 [booklist] INFO: VALID_ID: 1287584
2023-06-30 19:46:41 [booklist] INFO: VALID_ID: 1287547
2023-06-30 19:46:41 [booklist] INFO: VALID_ID: 1287571
2023-06-30 19:46:41 [booklist] INFO: VALID_ID: 1287703
2023-06-30 19:46:41 [booklist] INFO: VALID_ID: 1287717
2023-06-30 19:46:41 [booklist] INFO: VALID_ID: 1287552
2023-06-30 19:46:41 [booklist] INFO: VALID_ID: 1287686
2023-06-30 19:46:41 [booklist] INFO: VALID_ID: 1288332
2023-06-30 19:46:41 [booklist] INFO: VALID_ID: 1287695
2023-06-30 19:46:41 [booklist] INFO: VALID_ID: 1287711
2023-06-30 19:46:41 [booklist] INFO: VALID_ID: 2610207
2023-06-30 19:46:41 [booklist] INFO: VALID_ID: 1287572
2023-06-30 19:46:41 [booklist] INFO: VALID_ID: 2598677
2023-06-30 19:46:41 [booklist] INFO: VALID_ID: 1288334
2023-06-30 19:46:41 [booklist] INFO: VALID_ID: 1287578
2023-06-30 19:46:41 [booklist] INFO: VALID_ID: 1287567
2023-06-30 19:46:41 [booklist] INFO: VALID_ID: 1287568
2023-06-30 19:46:41 [booklist] INFO: VALID_ID: 1287716
2023-06-30 19:46:41 [booklist] INFO: VALID_ID: 1287714
2023-06-30 19:46:41 [booklist] INFO: VALID_ID: 2559172
2023-06-30 19:46:41 [booklist] INFO: VALID_ID: 1287559
2023-06-30 19:46:41 [booklist] INFO: VALID_ID: 1287709
2023-06-30 19:46:41 [booklist] INFO: VALID_ID: 2532464
2023-06-30 19:46:41 [booklist] INFO: VALID_ID: 1287546
2023-06-30 19:46:41 [booklist] INFO: VALID_ID: 1287715
2023-06-30 19:46:41 [booklist] INFO: VALID_ID: 1287693
2023-06-30 19:46:41 [booklist] INFO: VALID_ID: 1287701
2023-06-30 19:46:41 [booklist] INFO: VALID_ID: 1287682
2023-06-30 19:46:41 [booklist] INFO: VALID_ID: 1287575
2023-06-30 19:46:41 [booklist] INFO: VALID_ID: 1287719
2023-06-30 19:46:41 [booklist] INFO: VALID_ID: 1287580
2023-06-30 19:46:41 [booklist] INFO: VALID_ID: 1287692
2023-06-30 19:46:41 [booklist] INFO: VALID_ID: 2551392
2023-06-30 19:46:41 [booklist] INFO: VALID_ID: 2551376
2023-06-30 19:46:41 [booklist] INFO: VALID_ID: 1313504
2023-06-30 19:46:41 [booklist] INFO: VALID_ID: 2585165
2023-06-30 19:46:41 [booklist] INFO: VALID_ID: 2593385
2023-06-30 19:46:41 [booklist] INFO: VALID_ID: 11892619
2023-06-30 19:46:41 [booklist] INFO: VALID_ID: 2536834
2023-06-30 19:46:41 [booklist] INFO: VALID_ID: 2536165
2023-06-30 19:46:41 [booklist] INFO: VALID_ID: 2581874
2023-06-30 19:46:41 [booklist] INFO: VALID_ID: 11892801
2023-06-30 19:46:41 [booklist] INFO: VALID_ID: 2585317
2023-06-30 19:46:41 [booklist] INFO: VALID_ID: 11892564
2023-06-30 19:46:41 [booklist] INFO: VALID_ID: 2609596
2023-06-30 19:46:41 [booklist] INFO: VALID_ID: 2570672
2023-06-30 19:46:41 [booklist] INFO: VALID_ID: 2559262
2023-06-30 19:46:42 [scrapy.core.engine] DEBUG: Crawled (200) <POST https://dl.ndl.go.jp/api/item/search> (referer: https://dl.ndl.go.jp/api/item/search)
2023-06-30 19:46:42 [booklist] INFO: Fetched page 12
2023-06-30 19:46:43 [booklist] INFO: VALID_ID: 2573649
2023-06-30 19:46:43 [booklist] INFO: VALID_ID: 2536165
2023-06-30 19:46:43 [booklist] INFO: VALID_ID: 2581839
2023-06-30 19:46:43 [booklist] INFO: VALID_ID: 11892619
2023-06-30 19:46:43 [booklist] INFO: VALID_ID: 2570661
2023-06-30 19:46:43 [booklist] INFO: VALID_ID: 2581874
2023-06-30 19:46:43 [booklist] INFO: VALID_ID: 2554226
2023-06-30 19:46:43 [booklist] INFO: VALID_ID: 2570672
2023-06-30 19:46:43 [booklist] INFO: VALID_ID: 2559230
2023-06-30 19:46:43 [booklist] INFO: VALID_ID: 2609596
2023-06-30 19:46:43 [booklist] INFO: VALID_ID: 2581873
2023-06-30 19:46:43 [booklist] INFO: VALID_ID: 2551971
2023-06-30 19:46:43 [booklist] INFO: VALID_ID: 2570663
2023-06-30 19:46:43 [booklist] INFO: VALID_ID: 2570669
2023-06-30 19:46:43 [booklist] INFO: VALID_ID: 2570673
2023-06-30 19:46:43 [booklist] INFO: VALID_ID: 2570676
2023-06-30 19:46:43 [booklist] INFO: VALID_ID: 11892620
2023-06-30 19:46:43 [booklist] INFO: VALID_ID: 2598875
2023-06-30 19:46:43 [booklist] INFO: VALID_ID: 2581875
2023-06-30 19:46:43 [booklist] INFO: VALID_ID: 11891760
2023-06-30 19:46:43 [booklist] INFO: VALID_ID: 2551760
2023-06-30 19:46:43 [booklist] INFO: VALID_ID: 2541532
2023-06-30 19:46:43 [booklist] INFO: VALID_ID: 2570665
2023-06-30 19:46:43 [booklist] INFO: VALID_ID: 1312608
2023-06-30 19:46:43 [booklist] INFO: VALID_ID: 2585164
2023-06-30 19:46:43 [booklist] INFO: VALID_ID: 2573637
2023-06-30 19:46:43 [booklist] INFO: VALID_ID: 2573625
2023-06-30 19:46:43 [booklist] INFO: VALID_ID: 10301262
2023-06-30 19:46:43 [booklist] INFO: VALID_ID: 10301372
2023-06-30 19:46:43 [booklist] INFO: VALID_ID: 2593384
2023-06-30 19:46:43 [booklist] INFO: VALID_ID: 1311263
2023-06-30 19:46:43 [booklist] INFO: VALID_ID: 2573647
2023-06-30 19:46:43 [booklist] INFO: VALID_ID: 2553350
2023-06-30 19:46:43 [booklist] INFO: VALID_ID: 2581867
2023-06-30 19:46:43 [booklist] INFO: VALID_ID: 2570666
2023-06-30 19:46:43 [booklist] INFO: VALID_ID: 2570667
2023-06-30 19:46:43 [booklist] INFO: VALID_ID: 2570675
2023-06-30 19:46:43 [booklist] INFO: VALID_ID: 2559088
2023-06-30 19:46:43 [booklist] INFO: VALID_ID: 2559089
2023-06-30 19:46:43 [booklist] INFO: VALID_ID: 2570677
2023-06-30 19:46:43 [booklist] INFO: VALID_ID: 2586647
2023-06-30 19:46:43 [booklist] INFO: VALID_ID: 11038498
2023-06-30 19:46:43 [booklist] INFO: VALID_ID: 2573626
2023-06-30 19:46:43 [booklist] INFO: VALID_ID: 2570674
2023-06-30 19:46:43 [booklist] INFO: VALID_ID: 2582389
2023-06-30 19:46:43 [booklist] INFO: VALID_ID: 2559086
2023-06-30 19:46:43 [booklist] INFO: VALID_ID: 2570469
2023-06-30 19:46:43 [booklist] INFO: VALID_ID: 2573646
2023-06-30 19:46:43 [booklist] INFO: VALID_ID: 2581815
2023-06-30 19:46:43 [booklist] INFO: VALID_ID: 2585317
2023-06-30 19:46:43 [booklist] INFO: VALID_ID: 2570668
2023-06-30 19:46:43 [booklist] INFO: VALID_ID: 2573645
2023-06-30 19:46:43 [booklist] INFO: VALID_ID: 1311298
2023-06-30 19:46:43 [booklist] INFO: VALID_ID: 10303552
2023-06-30 19:46:43 [booklist] INFO: VALID_ID: 2581840
2023-06-30 19:46:43 [booklist] INFO: VALID_ID: 2559083
2023-06-30 19:46:43 [booklist] INFO: VALID_ID: 2559084
2023-06-30 19:46:43 [booklist] INFO: VALID_ID: 2581518
2023-06-30 19:46:43 [booklist] INFO: VALID_ID: 2573648
2023-06-30 19:46:43 [booklist] INFO: VALID_ID: 2597312
2023-06-30 19:46:43 [booklist] INFO: VALID_ID: 2581527
2023-06-30 19:46:43 [booklist] INFO: VALID_ID: 10303728
2023-06-30 19:46:43 [booklist] INFO: VALID_ID: 2570671
2023-06-30 19:46:43 [booklist] INFO: VALID_ID: 2586646
2023-06-30 19:46:43 [booklist] INFO: VALID_ID: 2581876
2023-06-30 19:46:43 [booklist] INFO: VALID_ID: 10303549
2023-06-30 19:46:43 [booklist] INFO: VALID_ID: 2532944
2023-06-30 19:46:43 [booklist] INFO: VALID_ID: 2559087
2023-06-30 19:46:43 [booklist] INFO: VALID_ID: 2559090
2023-06-30 19:46:43 [booklist] INFO: VALID_ID: 2573623
2023-06-30 19:46:43 [booklist] INFO: VALID_ID: 2573624
2023-06-30 19:46:43 [booklist] INFO: VALID_ID: 2551970
2023-06-30 19:46:43 [booklist] INFO: VALID_ID: 2570660
2023-06-30 19:46:43 [booklist] INFO: VALID_ID: 2570664
2023-06-30 19:46:43 [booklist] INFO: VALID_ID: 2570670
2023-06-30 19:46:43 [booklist] INFO: VALID_ID: 2581814
2023-06-30 19:46:43 [booklist] INFO: VALID_ID: 2597311
2023-06-30 19:46:43 [booklist] INFO: VALID_ID: 2559085
2023-06-30 19:46:43 [booklist] INFO: VALID_ID: 2573621
2023-06-30 19:46:43 [booklist] INFO: VALID_ID: 2573622
2023-06-30 19:46:43 [booklist] INFO: VALID_ID: 2606743
2023-06-30 19:46:43 [booklist] INFO: VALID_ID: 2595787
2023-06-30 19:46:43 [booklist] INFO: VALID_ID: 2581820
2023-06-30 19:46:43 [booklist] INFO: VALID_ID: 9977378
2023-06-30 19:46:43 [booklist] INFO: VALID_ID: 2558615
2023-06-30 19:46:43 [booklist] INFO: VALID_ID: 2608416
2023-06-30 19:46:43 [booklist] INFO: VALID_ID: 2551914
2023-06-30 19:46:43 [booklist] INFO: VALID_ID: 10303846
2023-06-30 19:46:43 [booklist] INFO: VALID_ID: 10303680
2023-06-30 19:46:43 [booklist] INFO: VALID_ID: 2598676
2023-06-30 19:46:43 [booklist] INFO: VALID_ID: 2551969
2023-06-30 19:46:43 [booklist] INFO: VALID_ID: 2558614
2023-06-30 19:46:43 [booklist] INFO: VALID_ID: 1287886
2023-06-30 19:46:43 [booklist] INFO: VALID_ID: 10301768
2023-06-30 19:46:43 [booklist] INFO: VALID_ID: 2585517
2023-06-30 19:46:43 [booklist] INFO: VALID_ID: 10303813
2023-06-30 19:46:43 [booklist] INFO: VALID_ID: 2573627
2023-06-30 19:46:43 [booklist] INFO: VALID_ID: 2551756
2023-06-30 19:46:43 [booklist] INFO: VALID_ID: 2605424
2023-06-30 19:46:43 [booklist] INFO: VALID_ID: 1287872
2023-06-30 19:46:44 [scrapy.core.engine] DEBUG: Crawled (200) <POST https://dl.ndl.go.jp/api/item/search> (referer: https://dl.ndl.go.jp/api/item/search)
2023-06-30 19:46:44 [booklist] INFO: Fetched page 13
2023-06-30 19:46:44 [booklist] INFO: VALID_ID: 10304002
2023-06-30 19:46:44 [booklist] INFO: VALID_ID: 10303813
2023-06-30 19:46:44 [booklist] INFO: VALID_ID: 2573627
2023-06-30 19:46:44 [booklist] INFO: VALID_ID: 2558614
2023-06-30 19:46:44 [booklist] INFO: VALID_ID: 2570470
2023-06-30 19:46:44 [booklist] INFO: VALID_ID: 2543462
2023-06-30 19:46:44 [booklist] INFO: VALID_ID: 1287872
2023-06-30 19:46:44 [booklist] INFO: VALID_ID: 1287710
2023-06-30 19:46:44 [booklist] INFO: VALID_ID: 2573653
2023-06-30 19:46:44 [booklist] INFO: VALID_ID: 1288331
2023-06-30 19:46:44 [booklist] INFO: VALID_ID: 2573607
2023-06-30 19:46:44 [booklist] INFO: VALID_ID: 1287874
2023-06-30 19:46:44 [booklist] INFO: VALID_ID: 1287880
2023-06-30 19:46:44 [booklist] INFO: VALID_ID: 2581045
2023-06-30 19:46:44 [booklist] INFO: VALID_ID: 1287881
2023-06-30 19:46:44 [booklist] INFO: VALID_ID: 1287884
2023-06-30 19:46:44 [booklist] INFO: VALID_ID: 1287841
2023-06-30 19:46:44 [booklist] INFO: VALID_ID: 10301082
2023-06-30 19:46:44 [booklist] INFO: VALID_ID: 1288520
2023-06-30 19:46:44 [booklist] INFO: VALID_ID: 1287791
2023-06-30 19:46:44 [booklist] INFO: VALID_ID: 10303553
2023-06-30 19:46:44 [booklist] INFO: VALID_ID: 1287866
2023-06-30 19:46:44 [booklist] INFO: VALID_ID: 2581877
2023-06-30 19:46:44 [booklist] INFO: VALID_ID: 2598880
2023-06-30 19:46:44 [booklist] INFO: VALID_ID: 2551955
2023-06-30 19:46:44 [booklist] INFO: VALID_ID: 2551913
2023-06-30 19:46:44 [booklist] INFO: VALID_ID: 2581022
2023-06-30 19:46:44 [booklist] INFO: VALID_ID: 2585382
2023-06-30 19:46:44 [booklist] INFO: VALID_ID: 2598881
2023-06-30 19:46:44 [booklist] INFO: VALID_ID: 2598876
2023-06-30 19:46:44 [booklist] INFO: VALID_ID: 10304022
2023-06-30 19:46:44 [booklist] INFO: VALID_ID: 1287685
2023-06-30 19:46:44 [booklist] INFO: VALID_ID: 1287873
2023-06-30 19:46:44 [booklist] INFO: VALID_ID: 1287885
2023-06-30 19:46:44 [booklist] INFO: VALID_ID: 2597319
2023-06-30 19:46:44 [booklist] INFO: VALID_ID: 2601655
2023-06-30 19:46:44 [booklist] INFO: VALID_ID: 2593491
2023-06-30 19:46:44 [booklist] INFO: VALID_ID: 10303845
2023-06-30 19:46:44 [booklist] INFO: VALID_ID: 10301746
2023-06-30 19:46:44 [booklist] INFO: VALID_ID: 2608154
2023-06-30 19:46:44 [booklist] INFO: VALID_ID: 2610770
2023-06-30 19:46:44 [booklist] INFO: VALID_ID: 2598878
2023-06-30 19:46:44 [booklist] INFO: VALID_ID: 2533563
2023-06-30 19:46:44 [booklist] INFO: VALID_ID: 11446484
2023-06-30 19:46:44 [booklist] INFO: VALID_ID: 11446471
2023-06-30 19:46:44 [booklist] INFO: VALID_ID: 10301246
2023-06-30 19:46:44 [booklist] INFO: VALID_ID: 2581046
2023-06-30 19:46:44 [booklist] INFO: VALID_ID: 10301694
2023-06-30 19:46:44 [booklist] INFO: VALID_ID: 10303889
2023-06-30 19:46:44 [booklist] INFO: VALID_ID: 2581523
2023-06-30 19:46:44 [booklist] INFO: VALID_ID: 1310355
2023-06-30 19:46:44 [booklist] INFO: VALID_ID: 2551927
2023-06-30 19:46:44 [booklist] INFO: VALID_ID: 2597320
2023-06-30 19:46:44 [booklist] INFO: VALID_ID: 1288340
2023-06-30 19:46:44 [booklist] INFO: VALID_ID: 2598879
2023-06-30 19:46:44 [booklist] INFO: VALID_ID: 2581049
2023-06-30 19:46:44 [booklist] INFO: VALID_ID: 2551923
2023-06-30 19:46:44 [booklist] INFO: VALID_ID: 11445840
2023-06-30 19:46:44 [booklist] INFO: VALID_ID: 10303441
2023-06-30 19:46:44 [booklist] INFO: VALID_ID: 2581033
2023-06-30 19:46:44 [booklist] INFO: VALID_ID: 2585461
2023-06-30 19:46:44 [booklist] INFO: VALID_ID: 2551753
2023-06-30 19:46:44 [booklist] INFO: VALID_ID: 2610545
2023-06-30 19:46:44 [booklist] INFO: VALID_ID: 2570468
2023-06-30 19:46:44 [booklist] INFO: VALID_ID: 2585521
2023-06-30 19:46:44 [booklist] INFO: VALID_ID: 10301446
2023-06-30 19:46:44 [booklist] INFO: VALID_ID: 1287644
2023-06-30 19:46:44 [booklist] INFO: VALID_ID: 2551952
2023-06-30 19:46:44 [booklist] INFO: VALID_ID: 2609516
2023-06-30 19:46:44 [booklist] INFO: VALID_ID: 2598951
2023-06-30 19:46:44 [booklist] INFO: VALID_ID: 2581066
2023-06-30 19:46:44 [booklist] INFO: VALID_ID: 2605429
2023-06-30 19:46:44 [booklist] INFO: VALID_ID: 2598956
2023-06-30 19:46:44 [booklist] INFO: VALID_ID: 1287663
2023-06-30 19:46:44 [booklist] INFO: VALID_ID: 2598949
2023-06-30 19:46:44 [booklist] INFO: VALID_ID: 2598953
2023-06-30 19:46:44 [booklist] INFO: VALID_ID: 1287751
2023-06-30 19:46:44 [booklist] INFO: VALID_ID: 1287601
2023-06-30 19:46:44 [booklist] INFO: VALID_ID: 1287768
2023-06-30 19:46:44 [booklist] INFO: VALID_ID: 2598947
2023-06-30 19:46:44 [booklist] INFO: VALID_ID: 1287653
2023-06-30 19:46:44 [booklist] INFO: VALID_ID: 1287643
2023-06-30 19:46:44 [booklist] INFO: VALID_ID: 1287672
2023-06-30 19:46:44 [booklist] INFO: VALID_ID: 2551915
2023-06-30 19:46:44 [booklist] INFO: VALID_ID: 1287650
2023-06-30 19:46:44 [booklist] INFO: VALID_ID: 1287662
2023-06-30 19:46:44 [booklist] INFO: VALID_ID: 1287652
2023-06-30 19:46:44 [booklist] INFO: VALID_ID: 1287660
2023-06-30 19:46:44 [booklist] INFO: VALID_ID: 1287649
2023-06-30 19:46:44 [booklist] INFO: VALID_ID: 2598954
2023-06-30 19:46:44 [booklist] INFO: VALID_ID: 10301744
2023-06-30 19:46:44 [booklist] INFO: VALID_ID: 2598952
2023-06-30 19:46:44 [booklist] INFO: VALID_ID: 2598877
2023-06-30 19:46:44 [booklist] INFO: VALID_ID: 1287664
2023-06-30 19:46:44 [booklist] INFO: VALID_ID: 1287671
2023-06-30 19:46:44 [booklist] INFO: VALID_ID: 2598950
2023-06-30 19:46:44 [booklist] INFO: VALID_ID: 1287752
2023-06-30 19:46:44 [booklist] INFO: VALID_ID: 1287755
2023-06-30 19:46:44 [booklist] INFO: VALID_ID: 1287769
2023-06-30 19:46:44 [booklist] INFO: VALID_ID: 1287593
2023-06-30 19:46:45 [scrapy.core.engine] DEBUG: Crawled (200) <POST https://dl.ndl.go.jp/api/item/search> (referer: https://dl.ndl.go.jp/api/item/search)
2023-06-30 19:46:45 [booklist] INFO: Fetched page 14
2023-06-30 19:46:45 [booklist] INFO: VALID_ID: 10301744
2023-06-30 19:46:45 [booklist] INFO: VALID_ID: 2598952
2023-06-30 19:46:45 [booklist] INFO: VALID_ID: 1287600
2023-06-30 19:46:45 [booklist] INFO: VALID_ID: 1287775
2023-06-30 19:46:45 [booklist] INFO: VALID_ID: 2551925
2023-06-30 19:46:45 [booklist] INFO: VALID_ID: 2598955
2023-06-30 19:46:45 [booklist] INFO: VALID_ID: 2570466
2023-06-30 19:46:45 [booklist] INFO: VALID_ID: 1287649
2023-06-30 19:46:45 [booklist] INFO: VALID_ID: 1287767
2023-06-30 19:46:45 [booklist] INFO: VALID_ID: 1287609
2023-06-30 19:46:45 [booklist] INFO: VALID_ID: 1287586
2023-06-30 19:46:45 [booklist] INFO: VALID_ID: 1287759
2023-06-30 19:46:45 [booklist] INFO: VALID_ID: 1287763
2023-06-30 19:46:45 [booklist] INFO: VALID_ID: 1287607
2023-06-30 19:46:45 [booklist] INFO: VALID_ID: 1287673
2023-06-30 19:46:45 [booklist] INFO: VALID_ID: 1287760
2023-06-30 19:46:45 [booklist] INFO: VALID_ID: 10303932
2023-06-30 19:46:45 [booklist] INFO: VALID_ID: 1287766
2023-06-30 19:46:45 [booklist] INFO: VALID_ID: 1287608
2023-06-30 19:46:45 [booklist] INFO: VALID_ID: 1287592
2023-06-30 19:46:45 [booklist] INFO: VALID_ID: 1287594
2023-06-30 19:46:45 [booklist] INFO: VALID_ID: 1287595
2023-06-30 19:46:45 [booklist] INFO: VALID_ID: 1288333
2023-06-30 19:46:45 [booklist] INFO: VALID_ID: 1287776
2023-06-30 19:46:45 [booklist] INFO: VALID_ID: 2609633
2023-06-30 19:46:45 [booklist] INFO: VALID_ID: 1287675
2023-06-30 19:46:45 [booklist] INFO: VALID_ID: 1287602
2023-06-30 19:46:45 [booklist] INFO: VALID_ID: 1287587
2023-06-30 19:46:45 [booklist] INFO: VALID_ID: 1287757
2023-06-30 19:46:45 [booklist] INFO: VALID_ID: 1287728
2023-06-30 19:46:45 [booklist] INFO: VALID_ID: 1287847
2023-06-30 19:46:45 [booklist] INFO: VALID_ID: 1287854
2023-06-30 19:46:45 [booklist] INFO: VALID_ID: 1287863
2023-06-30 19:46:45 [booklist] INFO: VALID_ID: 1287750
2023-06-30 19:46:45 [booklist] INFO: VALID_ID: 1287603
2023-06-30 19:46:45 [booklist] INFO: VALID_ID: 1287746
2023-06-30 19:46:45 [booklist] INFO: VALID_ID: 1287752
2023-06-30 19:46:45 [booklist] INFO: VALID_ID: 1287755
2023-06-30 19:46:45 [booklist] INFO: VALID_ID: 1287769
2023-06-30 19:46:45 [booklist] INFO: VALID_ID: 11446477
2023-06-30 19:46:45 [booklist] INFO: VALID_ID: 2607821
2023-06-30 19:46:45 [booklist] INFO: VALID_ID: 2570467
2023-06-30 19:46:45 [booklist] INFO: VALID_ID: 1287748
2023-06-30 19:46:45 [booklist] INFO: VALID_ID: 1287591
2023-06-30 19:46:45 [booklist] INFO: VALID_ID: 1287611
2023-06-30 19:46:45 [booklist] INFO: VALID_ID: 1287856
2023-06-30 19:46:45 [booklist] INFO: VALID_ID: 1287857
2023-06-30 19:46:45 [booklist] INFO: VALID_ID: 2593527
2023-06-30 19:46:45 [booklist] INFO: VALID_ID: 1287834
2023-06-30 19:46:45 [booklist] INFO: VALID_ID: 1287737
2023-06-30 19:46:45 [booklist] INFO: VALID_ID: 1287734
2023-06-30 19:46:45 [booklist] INFO: VALID_ID: 1287855
2023-06-30 19:46:45 [booklist] INFO: VALID_ID: 1287722
2023-06-30 19:46:45 [booklist] INFO: VALID_ID: 1287826
2023-06-30 19:46:45 [booklist] INFO: VALID_ID: 1287849
2023-06-30 19:46:45 [booklist] INFO: VALID_ID: 1287758
2023-06-30 19:46:45 [booklist] INFO: VALID_ID: 1288341
2023-06-30 19:46:45 [booklist] INFO: VALID_ID: 1287610
2023-06-30 19:46:45 [booklist] INFO: VALID_ID: 1287726
2023-06-30 19:46:45 [booklist] INFO: VALID_ID: 1287727
2023-06-30 19:46:45 [booklist] INFO: VALID_ID: 1287732
2023-06-30 19:46:45 [booklist] INFO: VALID_ID: 1287736
2023-06-30 19:46:45 [booklist] INFO: VALID_ID: 1287741
2023-06-30 19:46:45 [booklist] INFO: VALID_ID: 10303916
2023-06-30 19:46:45 [booklist] INFO: VALID_ID: 1287739
2023-06-30 19:46:45 [booklist] INFO: VALID_ID: 1288338
2023-06-30 19:46:45 [booklist] INFO: VALID_ID: 1287585
2023-06-30 19:46:45 [booklist] INFO: VALID_ID: 2610537
2023-06-30 19:46:45 [booklist] INFO: VALID_ID: 1287743
2023-06-30 19:46:45 [booklist] INFO: VALID_ID: 10301459
2023-06-30 19:46:45 [booklist] INFO: VALID_ID: 1287865
2023-06-30 19:46:45 [booklist] INFO: VALID_ID: 1287858
2023-06-30 19:46:45 [booklist] INFO: VALID_ID: 2609861
2023-06-30 19:46:45 [booklist] INFO: VALID_ID: 1287850
2023-06-30 19:46:45 [booklist] INFO: VALID_ID: 2585462
2023-06-30 19:46:45 [booklist] INFO: VALID_ID: 1287846
2023-06-30 19:46:45 [booklist] INFO: VALID_ID: 1287742
2023-06-30 19:46:45 [booklist] INFO: VALID_ID: 1287864
2023-06-30 19:46:45 [booklist] INFO: VALID_ID: 1287832
2023-06-30 19:46:45 [booklist] INFO: VALID_ID: 1287735
2023-06-30 19:46:45 [booklist] INFO: VALID_ID: 1287744
2023-06-30 19:46:45 [booklist] INFO: VALID_ID: 10301542
2023-06-30 19:46:45 [booklist] INFO: VALID_ID: 1287730
2023-06-30 19:46:45 [booklist] INFO: VALID_ID: 1287723
2023-06-30 19:46:45 [booklist] INFO: VALID_ID: 1287862
2023-06-30 19:46:45 [booklist] INFO: VALID_ID: 11891795
2023-06-30 19:46:45 [booklist] INFO: VALID_ID: 1288335
2023-06-30 19:46:45 [booklist] INFO: VALID_ID: 1287833
2023-06-30 19:46:45 [booklist] INFO: VALID_ID: 1287729
2023-06-30 19:46:45 [booklist] INFO: VALID_ID: 1288536
2023-06-30 19:46:45 [booklist] INFO: VALID_ID: 2543460
2023-06-30 19:46:45 [booklist] INFO: VALID_ID: 2607135
2023-06-30 19:46:45 [booklist] INFO: VALID_ID: 10301536
2023-06-30 19:46:45 [booklist] INFO: VALID_ID: 2585096
2023-06-30 19:46:45 [booklist] INFO: VALID_ID: 2609604
2023-06-30 19:46:45 [booklist] INFO: VALID_ID: 2609371
2023-06-30 19:46:45 [booklist] INFO: VALID_ID: 2609444
2023-06-30 19:46:45 [booklist] INFO: VALID_ID: 10301350
2023-06-30 19:46:45 [booklist] INFO: VALID_ID: 2605528
2023-06-30 19:46:45 [booklist] INFO: VALID_ID: 2591890
2023-06-30 19:46:46 [scrapy.core.engine] DEBUG: Crawled (200) <POST https://dl.ndl.go.jp/api/item/search> (referer: https://dl.ndl.go.jp/api/item/search)
2023-06-30 19:46:46 [booklist] INFO: Fetched page 15
2023-06-30 19:46:47 [booklist] INFO: VALID_ID: 2591896
2023-06-30 19:46:47 [booklist] INFO: VALID_ID: 2585159
2023-06-30 19:46:47 [booklist] INFO: VALID_ID: 10301750
2023-06-30 19:46:47 [booklist] INFO: VALID_ID: 2610818
2023-06-30 19:46:47 [booklist] INFO: VALID_ID: 2608597
2023-06-30 19:46:47 [booklist] INFO: VALID_ID: 2608721
2023-06-30 19:46:47 [booklist] INFO: VALID_ID: 10301741
2023-06-30 19:46:47 [booklist] INFO: VALID_ID: 2547718
2023-06-30 19:46:47 [booklist] INFO: VALID_ID: 2551759
2023-06-30 19:46:47 [booklist] INFO: VALID_ID: 2607884
2023-06-30 19:46:47 [booklist] INFO: VALID_ID: 2534033
2023-06-30 19:46:47 [booklist] INFO: VALID_ID: 11892789
2023-06-30 19:46:47 [booklist] INFO: VALID_ID: 2608598
2023-06-30 19:46:47 [booklist] INFO: VALID_ID: 2605243
2023-06-30 19:46:47 [booklist] INFO: VALID_ID: 11446659
2023-06-30 19:46:47 [booklist] INFO: VALID_ID: 2611073
2023-06-30 19:46:47 [booklist] INFO: VALID_ID: 2605546
2023-06-30 19:46:47 [booklist] INFO: VALID_ID: 2606744
2023-06-30 19:46:47 [booklist] INFO: VALID_ID: 2610368
2023-06-30 19:46:47 [booklist] INFO: VALID_ID: 10301149
2023-06-30 19:46:47 [booklist] INFO: VALID_ID: 2611103
2023-06-30 19:46:47 [booklist] INFO: VALID_ID: 10301567
2023-06-30 19:46:47 [booklist] INFO: VALID_ID: 2559169
2023-06-30 19:46:47 [booklist] INFO: VALID_ID: 2610596
2023-06-30 19:46:47 [booklist] INFO: VALID_ID: 2559170
2023-06-30 19:46:47 [booklist] INFO: VALID_ID: 2559163
2023-06-30 19:46:47 [booklist] INFO: VALID_ID: 2559165
2023-06-30 19:46:47 [booklist] INFO: VALID_ID: 2559174
2023-06-30 19:46:47 [booklist] INFO: VALID_ID: 2559171
2023-06-30 19:46:47 [booklist] INFO: VALID_ID: 2559177
2023-06-30 19:46:47 [booklist] INFO: VALID_ID: 2559175
2023-06-30 19:46:47 [booklist] INFO: VALID_ID: 2559167
2023-06-30 19:46:47 [booklist] INFO: VALID_ID: 2559168
2023-06-30 19:46:47 [booklist] INFO: VALID_ID: 2559173
2023-06-30 19:46:47 [booklist] INFO: VALID_ID: 2559166
2023-06-30 19:46:47 [booklist] INFO: VALID_ID: 2559176
2023-06-30 19:46:47 [booklist] INFO: VALID_ID: 2559265
2023-06-30 19:46:47 [booklist] INFO: VALID_ID: 2609581
2023-06-30 19:46:47 [booklist] INFO: VALID_ID: 2559258
2023-06-30 19:46:47 [booklist] INFO: VALID_ID: 2559164
2023-06-30 19:46:47 [booklist] INFO: VALID_ID: 2559242
2023-06-30 19:46:47 [booklist] INFO: VALID_ID: 2559256
2023-06-30 19:46:47 [booklist] INFO: VALID_ID: 2559250
2023-06-30 19:46:47 [booklist] INFO: VALID_ID: 2559254
2023-06-30 19:46:47 [booklist] INFO: VALID_ID: 2559243
2023-06-30 19:46:47 [booklist] INFO: VALID_ID: 2559251
2023-06-30 19:46:47 [booklist] INFO: VALID_ID: 2559261
2023-06-30 19:46:47 [booklist] INFO: VALID_ID: 2559263
2023-06-30 19:46:47 [booklist] INFO: VALID_ID: 2559264
2023-06-30 19:46:47 [booklist] INFO: VALID_ID: 2559245
2023-06-30 19:46:47 [booklist] INFO: VALID_ID: 2559253
2023-06-30 19:46:47 [booklist] INFO: VALID_ID: 2559241
2023-06-30 19:46:47 [booklist] INFO: VALID_ID: 2559257
2023-06-30 19:46:47 [booklist] INFO: VALID_ID: 2559246
2023-06-30 19:46:47 [booklist] INFO: VALID_ID: 2559252
2023-06-30 19:46:47 [booklist] INFO: VALID_ID: 2559244
2023-06-30 19:46:47 [booklist] INFO: VALID_ID: 2559260
2023-06-30 19:46:47 [booklist] INFO: VALID_ID: 2559248
2023-06-30 19:46:47 [booklist] INFO: VALID_ID: 2559259
2023-06-30 19:46:47 [booklist] INFO: VALID_ID: 2559249
2023-06-30 19:46:47 [booklist] INFO: VALID_ID: 2559255
2023-06-30 19:46:47 [booklist] INFO: VALID_ID: 2559224
2023-06-30 19:46:47 [booklist] INFO: VALID_ID: 2559222
2023-06-30 19:46:47 [booklist] INFO: VALID_ID: 2559226
2023-06-30 19:46:47 [booklist] INFO: VALID_ID: 2559219
2023-06-30 19:46:47 [booklist] INFO: VALID_ID: 2559231
2023-06-30 19:46:47 [booklist] INFO: VALID_ID: 2559229
2023-06-30 19:46:47 [booklist] INFO: VALID_ID: 2559221
2023-06-30 19:46:47 [booklist] INFO: VALID_ID: 2559225
2023-06-30 19:46:47 [booklist] INFO: VALID_ID: 2559228
2023-06-30 19:46:47 [booklist] INFO: VALID_ID: 2559227
2023-06-30 19:46:47 [booklist] INFO: VALID_ID: 2559223
2023-06-30 19:46:47 [booklist] INFO: VALID_ID: 10301207
2023-06-30 19:46:47 [booklist] INFO: VALID_ID: 2559220
2023-06-30 19:46:47 [booklist] INFO: VALID_ID: 2611085
2023-06-30 19:46:47 [booklist] INFO: VALID_ID: 2610012
2023-06-30 19:46:47 [booklist] INFO: VALID_ID: 2585163
2023-06-30 19:46:47 [booklist] INFO: VALID_ID: 2609783
2023-06-30 19:46:47 [booklist] INFO: VALID_ID: 2611035
2023-06-30 19:46:47 [scrapy.core.engine] DEBUG: Crawled (200) <POST https://dl.ndl.go.jp/api/item/search> (referer: https://dl.ndl.go.jp/api/item/search)
2023-06-30 19:46:47 [booklist] INFO: Fetched page 16
2023-06-30 19:46:47 [booklist] INFO: No more books on 16
2023-06-30 19:46:47 [scrapy.core.engine] INFO: Closing spider (finished)
2023-06-30 19:46:47 [scrapy.statscollectors] INFO: Dumping Scrapy stats:
{'downloader/request_bytes': 21798,
 'downloader/request_count': 17,
 'downloader/request_method_count/GET': 1,
 'downloader/request_method_count/POST': 16,
 'downloader/response_bytes': 5295285,
 'downloader/response_count': 17,
 'downloader/response_status_count/200': 17,
 'elapsed_time_seconds': 19.576089,
 'finish_reason': 'finished',
 'finish_time': datetime.datetime(2023, 6, 30, 11, 46, 47, 712940),
 'httpcompression/response_bytes': 62352007,
 'httpcompression/response_count': 16,
 'log_count/DEBUG': 20,
 'log_count/INFO': 1506,
 'memusage/max': 63893504,
 'memusage/startup': 63893504,
 'request_depth_max': 15,
 'response_received_count': 17,
 'robotstxt/request_count': 1,
 'robotstxt/response_count': 1,
 'robotstxt/response_status_count/200': 1,
 'scheduler/dequeued': 16,
 'scheduler/dequeued/memory': 16,
 'scheduler/enqueued': 16,
 'scheduler/enqueued/memory': 16,
 'start_time': datetime.datetime(2023, 6, 30, 11, 46, 28, 136851)}
2023-06-30 19:46:47 [scrapy.core.engine] INFO: Spider closed (finished)
