2023-06-30 16:25:39 [scrapy.utils.log] INFO: Scrapy 2.9.0 started (bot: ndlcrawler)
2023-06-30 16:25:39 [scrapy.utils.log] INFO: Versions: lxml 4.9.2.0, libxml2 2.9.14, cssselect 1.2.0, parsel 1.8.1, w3lib 2.1.1, Twisted 22.10.0, Python 3.10.10 (main, Mar  5 2023, 22:26:53) [GCC 12.2.1 20230201], pyOpenSSL 23.2.0 (OpenSSL 3.1.1 30 May 2023), cryptography 41.0.1, Platform Linux-6.2.12-arch1-1-x86_64-with-glibc2.37
2023-06-30 16:25:39 [scrapy.crawler] INFO: Overridden settings:
{'BOT_NAME': 'ndlcrawler',
 'FEED_EXPORT_ENCODING': 'utf-8',
 'LOG_FILE': 'logs/booklist.title.35.DESC.log',
 'NEWSPIDER_MODULE': 'ndlcrawler.spiders',
 'REQUEST_FINGERPRINTER_IMPLEMENTATION': '2.7',
 'ROBOTSTXT_OBEY': True,
 'SPIDER_MODULES': ['ndlcrawler.spiders'],
 'TWISTED_REACTOR': 'twisted.internet.asyncioreactor.AsyncioSelectorReactor'}
2023-06-30 16:25:39 [asyncio] DEBUG: Using selector: EpollSelector
2023-06-30 16:25:39 [scrapy.utils.log] DEBUG: Using reactor: twisted.internet.asyncioreactor.AsyncioSelectorReactor
2023-06-30 16:25:39 [scrapy.utils.log] DEBUG: Using asyncio event loop: asyncio.unix_events._UnixSelectorEventLoop
2023-06-30 16:25:39 [scrapy.extensions.telnet] INFO: Telnet Password: 76cf446d02295bcd
2023-06-30 16:25:40 [scrapy.middleware] INFO: Enabled extensions:
['scrapy.extensions.corestats.CoreStats',
 'scrapy.extensions.telnet.TelnetConsole',
 'scrapy.extensions.memusage.MemoryUsage',
 'scrapy.extensions.logstats.LogStats']
2023-06-30 16:25:40 [scrapy.middleware] INFO: Enabled downloader middlewares:
['scrapy.downloadermiddlewares.robotstxt.RobotsTxtMiddleware',
 'scrapy.downloadermiddlewares.httpauth.HttpAuthMiddleware',
 'scrapy.downloadermiddlewares.downloadtimeout.DownloadTimeoutMiddleware',
 'scrapy.downloadermiddlewares.defaultheaders.DefaultHeadersMiddleware',
 'scrapy.downloadermiddlewares.useragent.UserAgentMiddleware',
 'scrapy.downloadermiddlewares.retry.RetryMiddleware',
 'scrapy.downloadermiddlewares.redirect.MetaRefreshMiddleware',
 'scrapy.downloadermiddlewares.httpcompression.HttpCompressionMiddleware',
 'scrapy.downloadermiddlewares.redirect.RedirectMiddleware',
 'scrapy.downloadermiddlewares.cookies.CookiesMiddleware',
 'scrapy.downloadermiddlewares.httpproxy.HttpProxyMiddleware',
 'scrapy.downloadermiddlewares.stats.DownloaderStats']
2023-06-30 16:25:40 [scrapy.middleware] INFO: Enabled spider middlewares:
['scrapy.spidermiddlewares.httperror.HttpErrorMiddleware',
 'scrapy.spidermiddlewares.offsite.OffsiteMiddleware',
 'scrapy.spidermiddlewares.referer.RefererMiddleware',
 'scrapy.spidermiddlewares.urllength.UrlLengthMiddleware',
 'scrapy.spidermiddlewares.depth.DepthMiddleware']
2023-06-30 16:25:40 [scrapy.middleware] INFO: Enabled item pipelines:
[]
2023-06-30 16:25:40 [scrapy.core.engine] INFO: Spider opened
2023-06-30 16:25:40 [scrapy.extensions.logstats] INFO: Crawled 0 pages (at 0 pages/min), scraped 0 items (at 0 items/min)
2023-06-30 16:25:40 [scrapy.extensions.telnet] INFO: Telnet console listening on 127.0.0.1:6025
2023-06-30 16:25:41 [scrapy.core.engine] DEBUG: Crawled (200) <GET https://dl.ndl.go.jp/robots.txt> (referer: None)
2023-06-30 16:25:43 [scrapy.core.engine] DEBUG: Crawled (200) <POST https://dl.ndl.go.jp/api/item/search> (referer: None)
2023-06-30 16:25:43 [booklist] INFO: Fetched page 1
2023-06-30 16:25:43 [booklist] INFO: VALID_ID: 2585198
2023-06-30 16:25:43 [booklist] INFO: VALID_ID: 2592979
2023-06-30 16:25:43 [booklist] INFO: VALID_ID: 2592974
2023-06-30 16:25:43 [booklist] INFO: VALID_ID: 2592980
2023-06-30 16:25:43 [booklist] INFO: VALID_ID: 2584558
2023-06-30 16:25:43 [booklist] INFO: VALID_ID: 2592973
2023-06-30 16:25:43 [booklist] INFO: VALID_ID: 2583895
2023-06-30 16:25:43 [booklist] INFO: VALID_ID: 2584556
2023-06-30 16:25:43 [booklist] INFO: VALID_ID: 2592977
2023-06-30 16:25:43 [booklist] INFO: VALID_ID: 2592981
2023-06-30 16:25:43 [booklist] INFO: VALID_ID: 2584554
2023-06-30 16:25:43 [booklist] INFO: VALID_ID: 2586495
2023-06-30 16:25:43 [booklist] INFO: VALID_ID: 2584552
2023-06-30 16:25:43 [booklist] INFO: VALID_ID: 2584551
2023-06-30 16:25:43 [booklist] INFO: VALID_ID: 2584063
2023-06-30 16:25:43 [booklist] INFO: VALID_ID: 2583958
2023-06-30 16:25:43 [booklist] INFO: VALID_ID: 2584557
2023-06-30 16:25:43 [booklist] INFO: VALID_ID: 2587991
2023-06-30 16:25:43 [booklist] INFO: VALID_ID: 2580955
2023-06-30 16:25:43 [booklist] INFO: VALID_ID: 2584550
2023-06-30 16:25:43 [booklist] INFO: VALID_ID: 2585581
2023-06-30 16:25:43 [booklist] INFO: VALID_ID: 2584151
2023-06-30 16:25:43 [booklist] INFO: VALID_ID: 2598646
2023-06-30 16:25:43 [booklist] INFO: VALID_ID: 2581824
2023-06-30 16:25:43 [booklist] INFO: VALID_ID: 2584478
2023-06-30 16:25:43 [booklist] INFO: VALID_ID: 2553320
2023-06-30 16:25:43 [booklist] INFO: VALID_ID: 2584388
2023-06-30 16:25:43 [booklist] INFO: VALID_ID: 2585683
2023-06-30 16:25:43 [booklist] INFO: VALID_ID: 2559177
2023-06-30 16:25:43 [booklist] INFO: VALID_ID: 2593508
2023-06-30 16:25:43 [booklist] INFO: VALID_ID: 2571874
2023-06-30 16:25:43 [booklist] INFO: VALID_ID: 2585298
2023-06-30 16:25:43 [booklist] INFO: VALID_ID: 2559210
2023-06-30 16:25:43 [booklist] INFO: VALID_ID: 2559176
2023-06-30 16:25:43 [booklist] INFO: VALID_ID: 2545475
2023-06-30 16:25:43 [booklist] INFO: VALID_ID: 2585792
2023-06-30 16:25:43 [booklist] INFO: VALID_ID: 2547569
2023-06-30 16:25:43 [booklist] INFO: VALID_ID: 2551912
2023-06-30 16:25:43 [booklist] INFO: VALID_ID: 2587704
2023-06-30 16:25:43 [booklist] INFO: VALID_ID: 2581041
2023-06-30 16:25:43 [booklist] INFO: VALID_ID: 11038908
2023-06-30 16:25:43 [booklist] INFO: VALID_ID: 2585399
2023-06-30 16:25:43 [booklist] INFO: VALID_ID: 2547428
2023-06-30 16:25:43 [booklist] INFO: VALID_ID: 2573612
2023-06-30 16:25:43 [booklist] INFO: VALID_ID: 11223138
2023-06-30 16:25:43 [booklist] INFO: VALID_ID: 2551364
2023-06-30 16:25:43 [booklist] INFO: VALID_ID: 11892584
2023-06-30 16:25:43 [booklist] INFO: VALID_ID: 2551971
2023-06-30 16:25:43 [booklist] INFO: VALID_ID: 2585887
2023-06-30 16:25:43 [booklist] INFO: VALID_ID: 11891903
2023-06-30 16:25:43 [booklist] INFO: VALID_ID: 11892779
2023-06-30 16:25:43 [booklist] INFO: VALID_ID: 2547355
2023-06-30 16:25:43 [booklist] INFO: VALID_ID: 11892612
2023-06-30 16:25:43 [booklist] INFO: VALID_ID: 2607835
2023-06-30 16:25:43 [booklist] INFO: VALID_ID: 11606636
2023-06-30 16:25:43 [booklist] INFO: VALID_ID: 2540138
2023-06-30 16:25:43 [booklist] INFO: VALID_ID: 2559074
2023-06-30 16:25:43 [booklist] INFO: VALID_ID: 2533408
2023-06-30 16:25:43 [booklist] INFO: VALID_ID: 2559179
2023-06-30 16:25:43 [booklist] INFO: VALID_ID: 2559254
2023-06-30 16:25:43 [booklist] INFO: VALID_ID: 2559234
2023-06-30 16:25:43 [booklist] INFO: VALID_ID: 2559170
2023-06-30 16:25:43 [booklist] INFO: VALID_ID: 2537898
2023-06-30 16:25:43 [booklist] INFO: VALID_ID: 2559112
2023-06-30 16:25:43 [booklist] INFO: VALID_ID: 2560946
2023-06-30 16:25:43 [booklist] INFO: VALID_ID: 2565766
2023-06-30 16:25:43 [booklist] INFO: VALID_ID: 2576445
2023-06-30 16:25:43 [booklist] INFO: VALID_ID: 2552012
2023-06-30 16:25:43 [booklist] INFO: VALID_ID: 2560834
2023-06-30 16:25:43 [booklist] INFO: VALID_ID: 2545319
2023-06-30 16:25:43 [booklist] INFO: VALID_ID: 2580630
2023-06-30 16:25:43 [booklist] INFO: VALID_ID: 2545925
2023-06-30 16:25:43 [booklist] INFO: VALID_ID: 2573722
2023-06-30 16:25:43 [booklist] INFO: VALID_ID: 2575589
2023-06-30 16:25:43 [booklist] INFO: VALID_ID: 2544082
2023-06-30 16:25:43 [booklist] INFO: VALID_ID: 2556395
2023-06-30 16:25:43 [booklist] INFO: VALID_ID: 2592480
2023-06-30 16:25:43 [booklist] INFO: VALID_ID: 2570694
2023-06-30 16:25:43 [booklist] INFO: VALID_ID: 2596988
2023-06-30 16:25:43 [booklist] INFO: VALID_ID: 2596092
2023-06-30 16:25:43 [booklist] INFO: VALID_ID: 2601073
2023-06-30 16:25:43 [booklist] INFO: VALID_ID: 2575724
2023-06-30 16:25:43 [booklist] INFO: VALID_ID: 2575762
2023-06-30 16:25:43 [booklist] INFO: VALID_ID: 2574614
2023-06-30 16:25:43 [booklist] INFO: VALID_ID: 2562707
2023-06-30 16:25:43 [booklist] INFO: VALID_ID: 2596848
2023-06-30 16:25:43 [booklist] INFO: VALID_ID: 2555101
2023-06-30 16:25:43 [booklist] INFO: VALID_ID: 2549924
2023-06-30 16:25:43 [booklist] INFO: VALID_ID: 2551034
2023-06-30 16:25:43 [booklist] INFO: VALID_ID: 2556320
2023-06-30 16:25:43 [booklist] INFO: VALID_ID: 2591040
2023-06-30 16:25:43 [booklist] INFO: VALID_ID: 2579766
2023-06-30 16:25:43 [booklist] INFO: VALID_ID: 2595946
2023-06-30 16:25:43 [booklist] INFO: VALID_ID: 2601312
2023-06-30 16:25:43 [booklist] INFO: VALID_ID: 2551798
2023-06-30 16:25:43 [booklist] INFO: VALID_ID: 2591157
2023-06-30 16:25:43 [booklist] INFO: VALID_ID: 2554598
2023-06-30 16:25:43 [booklist] INFO: VALID_ID: 2551431
2023-06-30 16:25:43 [booklist] INFO: VALID_ID: 2600853
2023-06-30 16:25:43 [booklist] INFO: VALID_ID: 2591621
2023-06-30 16:25:44 [scrapy.core.engine] DEBUG: Crawled (200) <POST https://dl.ndl.go.jp/api/item/search> (referer: https://dl.ndl.go.jp/api/item/search)
2023-06-30 16:25:44 [booklist] INFO: Fetched page 2
2023-06-30 16:25:45 [booklist] INFO: VALID_ID: 2561715
2023-06-30 16:25:45 [booklist] INFO: VALID_ID: 2564788
2023-06-30 16:25:45 [booklist] INFO: VALID_ID: 2565766
2023-06-30 16:25:45 [booklist] INFO: VALID_ID: 2576445
2023-06-30 16:25:45 [booklist] INFO: VALID_ID: 2552012
2023-06-30 16:25:45 [booklist] INFO: VALID_ID: 2560946
2023-06-30 16:25:45 [booklist] INFO: VALID_ID: 2596382
2023-06-30 16:25:45 [booklist] INFO: VALID_ID: 2585132
2023-06-30 16:25:45 [booklist] INFO: VALID_ID: 2603213
2023-06-30 16:25:45 [booklist] INFO: VALID_ID: 2552596
2023-06-30 16:25:45 [booklist] INFO: VALID_ID: 2557856
2023-06-30 16:25:45 [booklist] INFO: VALID_ID: 2579093
2023-06-30 16:25:45 [booklist] INFO: VALID_ID: 2556601
2023-06-30 16:25:45 [booklist] INFO: VALID_ID: 2577126
2023-06-30 16:25:45 [booklist] INFO: VALID_ID: 2562549
2023-06-30 16:25:45 [booklist] INFO: VALID_ID: 2558613
2023-06-30 16:25:45 [booklist] INFO: VALID_ID: 2562463
2023-06-30 16:25:45 [booklist] INFO: VALID_ID: 2559298
2023-06-30 16:25:45 [booklist] INFO: VALID_ID: 2544268
2023-06-30 16:25:45 [booklist] INFO: VALID_ID: 2544180
2023-06-30 16:25:45 [booklist] INFO: VALID_ID: 2556473
2023-06-30 16:25:45 [booklist] INFO: VALID_ID: 2586054
2023-06-30 16:25:45 [booklist] INFO: VALID_ID: 2581153
2023-06-30 16:25:45 [booklist] INFO: VALID_ID: 2549520
2023-06-30 16:25:45 [booklist] INFO: VALID_ID: 2556561
2023-06-30 16:25:45 [booklist] INFO: VALID_ID: 2580380
2023-06-30 16:25:45 [booklist] INFO: VALID_ID: 2573817
2023-06-30 16:25:45 [booklist] INFO: VALID_ID: 2578827
2023-06-30 16:25:45 [booklist] INFO: VALID_ID: 2570103
2023-06-30 16:25:45 [booklist] INFO: VALID_ID: 2573380
2023-06-30 16:25:45 [booklist] INFO: VALID_ID: 2595999
2023-06-30 16:25:45 [booklist] INFO: VALID_ID: 2588077
2023-06-30 16:25:45 [booklist] INFO: VALID_ID: 2585070
2023-06-30 16:25:45 [booklist] INFO: VALID_ID: 2574451
2023-06-30 16:25:45 [booklist] INFO: VALID_ID: 2545613
2023-06-30 16:25:45 [booklist] INFO: VALID_ID: 2553766
2023-06-30 16:25:45 [booklist] INFO: VALID_ID: 2600759
2023-06-30 16:25:45 [booklist] INFO: VALID_ID: 2577060
2023-06-30 16:25:45 [booklist] INFO: VALID_ID: 2579057
2023-06-30 16:25:45 [booklist] INFO: VALID_ID: 2565712
2023-06-30 16:25:45 [booklist] INFO: VALID_ID: 2565060
2023-06-30 16:25:45 [booklist] INFO: VALID_ID: 2570514
2023-06-30 16:25:45 [booklist] INFO: VALID_ID: 2569731
2023-06-30 16:25:45 [booklist] INFO: VALID_ID: 2580320
2023-06-30 16:25:45 [booklist] INFO: VALID_ID: 2576948
2023-06-30 16:25:45 [booklist] INFO: VALID_ID: 2592003
2023-06-30 16:25:45 [booklist] INFO: VALID_ID: 2545114
2023-06-30 16:25:45 [booklist] INFO: VALID_ID: 2573897
2023-06-30 16:25:45 [booklist] INFO: VALID_ID: 2590675
2023-06-30 16:25:45 [booklist] INFO: VALID_ID: 2588375
2023-06-30 16:25:45 [booklist] INFO: VALID_ID: 2558508
2023-06-30 16:25:45 [booklist] INFO: VALID_ID: 2578663
2023-06-30 16:25:45 [booklist] INFO: VALID_ID: 2556395
2023-06-30 16:25:45 [booklist] INFO: VALID_ID: 2544082
2023-06-30 16:25:45 [booklist] INFO: VALID_ID: 2573722
2023-06-30 16:25:45 [booklist] INFO: VALID_ID: 2575589
2023-06-30 16:25:45 [booklist] INFO: VALID_ID: 2592480
2023-06-30 16:25:45 [booklist] INFO: VALID_ID: 2545925
2023-06-30 16:25:45 [booklist] INFO: VALID_ID: 2576232
2023-06-30 16:25:45 [booklist] INFO: VALID_ID: 2589820
2023-06-30 16:25:45 [booklist] INFO: VALID_ID: 2576729
2023-06-30 16:25:45 [booklist] INFO: VALID_ID: 2571342
2023-06-30 16:25:45 [booklist] INFO: VALID_ID: 2573430
2023-06-30 16:25:45 [booklist] INFO: VALID_ID: 2579543
2023-06-30 16:25:45 [booklist] INFO: VALID_ID: 2562651
2023-06-30 16:25:45 [booklist] INFO: VALID_ID: 2574066
2023-06-30 16:25:45 [booklist] INFO: VALID_ID: 2559031
2023-06-30 16:25:45 [booklist] INFO: VALID_ID: 2591304
2023-06-30 16:25:45 [booklist] INFO: VALID_ID: 2590421
2023-06-30 16:25:45 [booklist] INFO: VALID_ID: 2550055
2023-06-30 16:25:45 [booklist] INFO: VALID_ID: 2577666
2023-06-30 16:25:45 [booklist] INFO: VALID_ID: 2552742
2023-06-30 16:25:45 [booklist] INFO: VALID_ID: 2596534
2023-06-30 16:25:45 [booklist] INFO: VALID_ID: 2557969
2023-06-30 16:25:45 [booklist] INFO: VALID_ID: 2583210
2023-06-30 16:25:45 [booklist] INFO: VALID_ID: 2551313
2023-06-30 16:25:45 [booklist] INFO: VALID_ID: 2570984
2023-06-30 16:25:45 [booklist] INFO: VALID_ID: 2574571
2023-06-30 16:25:45 [booklist] INFO: VALID_ID: 2591391
2023-06-30 16:25:45 [booklist] INFO: VALID_ID: 2580707
2023-06-30 16:25:45 [booklist] INFO: VALID_ID: 2562610
2023-06-30 16:25:45 [booklist] INFO: VALID_ID: 2584950
2023-06-30 16:25:45 [booklist] INFO: VALID_ID: 2600156
2023-06-30 16:25:45 [booklist] INFO: VALID_ID: 2560354
2023-06-30 16:25:45 [booklist] INFO: VALID_ID: 2557059
2023-06-30 16:25:45 [booklist] INFO: VALID_ID: 2562249
2023-06-30 16:25:45 [booklist] INFO: VALID_ID: 2578018
2023-06-30 16:25:45 [booklist] INFO: VALID_ID: 2567593
2023-06-30 16:25:45 [booklist] INFO: VALID_ID: 2555792
2023-06-30 16:25:45 [booklist] INFO: VALID_ID: 2545539
2023-06-30 16:25:45 [booklist] INFO: VALID_ID: 2577327
2023-06-30 16:25:45 [booklist] INFO: VALID_ID: 2549406
2023-06-30 16:25:45 [booklist] INFO: VALID_ID: 2600898
2023-06-30 16:25:45 [booklist] INFO: VALID_ID: 2597829
2023-06-30 16:25:45 [booklist] INFO: VALID_ID: 2574805
2023-06-30 16:25:45 [booklist] INFO: VALID_ID: 2552325
2023-06-30 16:25:45 [booklist] INFO: VALID_ID: 2593056
2023-06-30 16:25:45 [booklist] INFO: VALID_ID: 2564717
2023-06-30 16:25:45 [booklist] INFO: VALID_ID: 2593212
2023-06-30 16:25:45 [booklist] INFO: VALID_ID: 2600306
2023-06-30 16:25:46 [scrapy.core.engine] DEBUG: Crawled (200) <POST https://dl.ndl.go.jp/api/item/search> (referer: https://dl.ndl.go.jp/api/item/search)
2023-06-30 16:25:46 [booklist] INFO: Fetched page 3
2023-06-30 16:25:47 [booklist] INFO: VALID_ID: 2546312
2023-06-30 16:25:47 [booklist] INFO: VALID_ID: 2576232
2023-06-30 16:25:47 [booklist] INFO: VALID_ID: 2561440
2023-06-30 16:25:47 [booklist] INFO: VALID_ID: 2553496
2023-06-30 16:25:47 [booklist] INFO: VALID_ID: 2590140
2023-06-30 16:25:47 [booklist] INFO: VALID_ID: 2590320
2023-06-30 16:25:47 [booklist] INFO: VALID_ID: 2570183
2023-06-30 16:25:47 [booklist] INFO: VALID_ID: 2577627
2023-06-30 16:25:47 [booklist] INFO: VALID_ID: 2585983
2023-06-30 16:25:47 [booklist] INFO: VALID_ID: 2590120
2023-06-30 16:25:47 [booklist] INFO: VALID_ID: 2590138
2023-06-30 16:25:47 [booklist] INFO: VALID_ID: 2572270
2023-06-30 16:25:47 [booklist] INFO: VALID_ID: 2589374
2023-06-30 16:25:47 [booklist] INFO: VALID_ID: 11892780
2023-06-30 16:25:47 [booklist] INFO: VALID_ID: 11891865
2023-06-30 16:25:47 [booklist] INFO: VALID_ID: 2600406
2023-06-30 16:25:47 [booklist] INFO: VALID_ID: 2590141
2023-06-30 16:25:47 [booklist] INFO: VALID_ID: 2571084
2023-06-30 16:25:47 [booklist] INFO: VALID_ID: 2573997
2023-06-30 16:25:47 [booklist] INFO: VALID_ID: 2551134
2023-06-30 16:25:47 [booklist] INFO: VALID_ID: 2561915
2023-06-30 16:25:47 [booklist] INFO: VALID_ID: 2577527
2023-06-30 16:25:47 [booklist] INFO: VALID_ID: 2589920
2023-06-30 16:25:47 [booklist] INFO: VALID_ID: 2576822
2023-06-30 16:25:47 [booklist] INFO: VALID_ID: 2590020
2023-06-30 16:25:47 [booklist] INFO: VALID_ID: 2590144
2023-06-30 16:25:47 [booklist] INFO: VALID_ID: 2597188
2023-06-30 16:25:47 [booklist] INFO: VALID_ID: 2590136
2023-06-30 16:25:47 [booklist] INFO: VALID_ID: 2561815
2023-06-30 16:25:47 [booklist] INFO: VALID_ID: 2590137
2023-06-30 16:25:47 [booklist] INFO: VALID_ID: 2562115
2023-06-30 16:25:47 [booklist] INFO: VALID_ID: 2577427
2023-06-30 16:25:47 [booklist] INFO: VALID_ID: 2590521
2023-06-30 16:25:47 [booklist] INFO: VALID_ID: 2590135
2023-06-30 16:25:47 [booklist] INFO: VALID_ID: 2590143
2023-06-30 16:25:47 [booklist] INFO: VALID_ID: 2597929
2023-06-30 16:25:47 [booklist] INFO: VALID_ID: 2571184
2023-06-30 16:25:47 [booklist] INFO: VALID_ID: 2590220
2023-06-30 16:25:47 [booklist] INFO: VALID_ID: 2590139
2023-06-30 16:25:47 [booklist] INFO: VALID_ID: 2590142
2023-06-30 16:25:47 [booklist] INFO: VALID_ID: 2570614
2023-06-30 16:25:47 [booklist] INFO: VALID_ID: 2584253
2023-06-30 16:25:47 [booklist] INFO: VALID_ID: 2596948
2023-06-30 16:25:47 [booklist] INFO: VALID_ID: 2597088
2023-06-30 16:25:47 [booklist] INFO: VALID_ID: 2571682
2023-06-30 16:25:47 [booklist] INFO: VALID_ID: 2576626
2023-06-30 16:25:47 [booklist] INFO: VALID_ID: 2576627
2023-06-30 16:25:47 [booklist] INFO: VALID_ID: 2609828
2023-06-30 16:25:47 [booklist] INFO: VALID_ID: 2576629
2023-06-30 16:25:47 [booklist] INFO: VALID_ID: 2576637
2023-06-30 16:25:47 [booklist] INFO: VALID_ID: 2576639
2023-06-30 16:25:47 [booklist] INFO: VALID_ID: 2576636
2023-06-30 16:25:47 [booklist] INFO: VALID_ID: 2576635
2023-06-30 16:25:47 [booklist] INFO: VALID_ID: 2576633
2023-06-30 16:25:47 [booklist] INFO: VALID_ID: 2576634
2023-06-30 16:25:47 [booklist] INFO: VALID_ID: 2576638
2023-06-30 16:25:47 [booklist] INFO: VALID_ID: 2576628
2023-06-30 16:25:47 [booklist] INFO: VALID_ID: 2576632
2023-06-30 16:25:47 [booklist] INFO: VALID_ID: 2576631
2023-06-30 16:25:47 [booklist] INFO: VALID_ID: 2576625
2023-06-30 16:25:47 [booklist] INFO: VALID_ID: 2576630
2023-06-30 16:25:47 [booklist] INFO: VALID_ID: 2548707
2023-06-30 16:25:47 [booklist] INFO: VALID_ID: 2552909
2023-06-30 16:25:47 [booklist] INFO: VALID_ID: 2586019
2023-06-30 16:25:47 [booklist] INFO: VALID_ID: 2588562
2023-06-30 16:25:47 [booklist] INFO: VALID_ID: 9370100
2023-06-30 16:25:47 [booklist] INFO: VALID_ID: 2552910
2023-06-30 16:25:47 [booklist] INFO: VALID_ID: 2552890
2023-06-30 16:25:47 [booklist] INFO: VALID_ID: 2552884
2023-06-30 16:25:47 [booklist] INFO: VALID_ID: 2606914
2023-06-30 16:25:47 [booklist] INFO: VALID_ID: 2552907
2023-06-30 16:25:47 [booklist] INFO: VALID_ID: 2552902
2023-06-30 16:25:47 [booklist] INFO: VALID_ID: 2552903
2023-06-30 16:25:47 [booklist] INFO: VALID_ID: 2552906
2023-06-30 16:25:47 [booklist] INFO: VALID_ID: 2552881
2023-06-30 16:25:47 [booklist] INFO: VALID_ID: 2552887
2023-06-30 16:25:47 [booklist] INFO: VALID_ID: 2552911
2023-06-30 16:25:47 [booklist] INFO: VALID_ID: 2552883
2023-06-30 16:25:47 [booklist] INFO: VALID_ID: 2552889
2023-06-30 16:25:47 [booklist] INFO: VALID_ID: 2552894
2023-06-30 16:25:47 [booklist] INFO: VALID_ID: 2552896
2023-06-30 16:25:47 [booklist] INFO: VALID_ID: 2552900
2023-06-30 16:25:47 [booklist] INFO: VALID_ID: 1288490
2023-06-30 16:25:47 [booklist] INFO: VALID_ID: 2552886
2023-06-30 16:25:47 [booklist] INFO: VALID_ID: 2552891
2023-06-30 16:25:47 [booklist] INFO: VALID_ID: 2552895
2023-06-30 16:25:47 [booklist] INFO: VALID_ID: 2552898
2023-06-30 16:25:47 [booklist] INFO: VALID_ID: 2552908
2023-06-30 16:25:47 [booklist] INFO: VALID_ID: 2552912
2023-06-30 16:25:47 [booklist] INFO: VALID_ID: 2552905
2023-06-30 16:25:47 [booklist] INFO: VALID_ID: 2552880
2023-06-30 16:25:47 [booklist] INFO: VALID_ID: 2552888
2023-06-30 16:25:47 [booklist] INFO: VALID_ID: 2552892
2023-06-30 16:25:47 [booklist] INFO: VALID_ID: 2552899
2023-06-30 16:25:47 [booklist] INFO: VALID_ID: 2552901
2023-06-30 16:25:47 [booklist] INFO: VALID_ID: 2552882
2023-06-30 16:25:47 [booklist] INFO: VALID_ID: 2552904
2023-06-30 16:25:47 [booklist] INFO: VALID_ID: 2552879
2023-06-30 16:25:47 [booklist] INFO: VALID_ID: 2552893
2023-06-30 16:25:47 [booklist] INFO: VALID_ID: 2548756
2023-06-30 16:25:48 [scrapy.core.engine] DEBUG: Crawled (200) <POST https://dl.ndl.go.jp/api/item/search> (referer: https://dl.ndl.go.jp/api/item/search)
2023-06-30 16:25:48 [booklist] INFO: Fetched page 4
2023-06-30 16:25:48 [booklist] INFO: VALID_ID: 2552886
2023-06-30 16:25:48 [booklist] INFO: VALID_ID: 2552885
2023-06-30 16:25:48 [booklist] INFO: VALID_ID: 2552897
2023-06-30 16:25:48 [booklist] INFO: VALID_ID: 2572370
2023-06-30 16:25:48 [booklist] INFO: VALID_ID: 2572790
2023-06-30 16:25:48 [booklist] INFO: VALID_ID: 10303969
2023-06-30 16:25:48 [booklist] INFO: VALID_ID: 2549771
2023-06-30 16:25:48 [booklist] INFO: VALID_ID: 2535898
2023-06-30 16:25:48 [booklist] INFO: VALID_ID: 2572061
2023-06-30 16:25:48 [booklist] INFO: VALID_ID: 2571516
2023-06-30 16:25:48 [booklist] INFO: VALID_ID: 2559211
2023-06-30 16:25:48 [booklist] INFO: VALID_ID: 12865760
2023-06-30 16:25:48 [booklist] INFO: VALID_ID: 2559212
2023-06-30 16:25:48 [booklist] INFO: VALID_ID: 12865755
2023-06-30 16:25:48 [booklist] INFO: VALID_ID: 2546735
2023-06-30 16:25:48 [booklist] INFO: VALID_ID: 2546741
2023-06-30 16:25:48 [booklist] INFO: VALID_ID: 2588527
2023-06-30 16:25:48 [booklist] INFO: VALID_ID: 2546729
2023-06-30 16:25:48 [booklist] INFO: VALID_ID: 12865917
2023-06-30 16:25:48 [booklist] INFO: VALID_ID: 12865749
2023-06-30 16:25:48 [booklist] INFO: VALID_ID: 12865751
2023-06-30 16:25:48 [booklist] INFO: VALID_ID: 2587319
2023-06-30 16:25:48 [booklist] INFO: VALID_ID: 2605847
2023-06-30 16:25:48 [booklist] INFO: VALID_ID: 12865915
2023-06-30 16:25:48 [booklist] INFO: VALID_ID: 12865753
2023-06-30 16:25:48 [booklist] INFO: VALID_ID: 12865343
2023-06-30 16:25:48 [booklist] INFO: VALID_ID: 2546736
2023-06-30 16:25:48 [booklist] INFO: VALID_ID: 12865750
2023-06-30 16:25:48 [booklist] INFO: VALID_ID: 12865922
2023-06-30 16:25:48 [booklist] INFO: VALID_ID: 12865762
2023-06-30 16:25:48 [booklist] INFO: VALID_ID: 12865919
2023-06-30 16:25:48 [booklist] INFO: VALID_ID: 2546734
2023-06-30 16:25:48 [booklist] INFO: VALID_ID: 2546738
2023-06-30 16:25:48 [booklist] INFO: VALID_ID: 12865914
2023-06-30 16:25:48 [booklist] INFO: VALID_ID: 12865918
2023-06-30 16:25:48 [booklist] INFO: VALID_ID: 12865761
2023-06-30 16:25:48 [booklist] INFO: VALID_ID: 2546739
2023-06-30 16:25:48 [booklist] INFO: VALID_ID: 2546743
2023-06-30 16:25:48 [booklist] INFO: VALID_ID: 12865759
2023-06-30 16:25:48 [booklist] INFO: VALID_ID: 12865754
2023-06-30 16:25:48 [booklist] INFO: VALID_ID: 2588662
2023-06-30 16:25:48 [booklist] INFO: VALID_ID: 2546731
2023-06-30 16:25:48 [booklist] INFO: VALID_ID: 12865921
2023-06-30 16:25:48 [booklist] INFO: VALID_ID: 2546728
2023-06-30 16:25:48 [booklist] INFO: VALID_ID: 12865758
2023-06-30 16:25:48 [booklist] INFO: VALID_ID: 2546730
2023-06-30 16:25:48 [booklist] INFO: VALID_ID: 12865752
2023-06-30 16:25:48 [booklist] INFO: VALID_ID: 2573013
2023-06-30 16:25:48 [booklist] INFO: VALID_ID: 12865920
2023-06-30 16:25:48 [booklist] INFO: VALID_ID: 2546737
2023-06-30 16:25:48 [booklist] INFO: VALID_ID: 2546732
2023-06-30 16:25:48 [booklist] INFO: VALID_ID: 12865757
2023-06-30 16:25:48 [booklist] INFO: VALID_ID: 12865756
2023-06-30 16:25:48 [booklist] INFO: VALID_ID: 2537149
2023-06-30 16:25:48 [booklist] INFO: VALID_ID: 2546740
2023-06-30 16:25:48 [booklist] INFO: VALID_ID: 2571392
2023-06-30 16:25:48 [booklist] INFO: VALID_ID: 2546727
2023-06-30 16:25:48 [booklist] INFO: VALID_ID: 12865916
2023-06-30 16:25:48 [booklist] INFO: VALID_ID: 2546733
2023-06-30 16:25:48 [booklist] INFO: VALID_ID: 2599734
2023-06-30 16:25:48 [booklist] INFO: VALID_ID: 2546744
2023-06-30 16:25:48 [booklist] INFO: VALID_ID: 2572884
2023-06-30 16:25:48 [booklist] INFO: VALID_ID: 2546742
2023-06-30 16:25:48 [booklist] INFO: VALID_ID: 2562328
2023-06-30 16:25:48 [booklist] INFO: VALID_ID: 2544861
2023-06-30 16:25:48 [booklist] INFO: VALID_ID: 2544208
2023-06-30 16:25:48 [booklist] INFO: VALID_ID: 2549837
2023-06-30 16:25:48 [booklist] INFO: VALID_ID: 2574760
2023-06-30 16:25:48 [booklist] INFO: VALID_ID: 2544845
2023-06-30 16:25:48 [booklist] INFO: VALID_ID: 2572751
2023-06-30 16:25:48 [booklist] INFO: VALID_ID: 2553611
2023-06-30 16:25:48 [booklist] INFO: VALID_ID: 2556206
2023-06-30 16:25:48 [booklist] INFO: VALID_ID: 2550444
2023-06-30 16:25:48 [booklist] INFO: VALID_ID: 2572956
2023-06-30 16:25:48 [booklist] INFO: VALID_ID: 2588863
2023-06-30 16:25:48 [booklist] INFO: VALID_ID: 2605966
2023-06-30 16:25:48 [booklist] INFO: VALID_ID: 2589181
2023-06-30 16:25:48 [booklist] INFO: VALID_ID: 2556205
2023-06-30 16:25:48 [booklist] INFO: VALID_ID: 2556204
2023-06-30 16:25:48 [booklist] INFO: VALID_ID: 10301670
2023-06-30 16:25:48 [booklist] INFO: VALID_ID: 2548993
2023-06-30 16:25:48 [booklist] INFO: VALID_ID: 2556203
2023-06-30 16:25:48 [booklist] INFO: VALID_ID: 2559213
2023-06-30 16:25:48 [booklist] INFO: VALID_ID: 2588427
2023-06-30 16:25:48 [booklist] INFO: VALID_ID: 2589163
2023-06-30 16:25:48 [booklist] INFO: VALID_ID: 11607948
2023-06-30 16:25:48 [booklist] INFO: VALID_ID: 10301717
2023-06-30 16:25:48 [booklist] INFO: VALID_ID: 2573113
2023-06-30 16:25:48 [booklist] INFO: VALID_ID: 2587099
2023-06-30 16:25:48 [booklist] INFO: VALID_ID: 2589217
2023-06-30 16:25:48 [booklist] INFO: VALID_ID: 2548913
2023-06-30 16:25:48 [booklist] INFO: VALID_ID: 2549363
2023-06-30 16:25:48 [booklist] INFO: VALID_ID: 10301242
2023-06-30 16:25:48 [booklist] INFO: VALID_ID: 2571616
2023-06-30 16:25:48 [booklist] INFO: VALID_ID: 2589178
2023-06-30 16:25:48 [booklist] INFO: VALID_ID: 2550544
2023-06-30 16:25:48 [booklist] INFO: VALID_ID: 2589180
2023-06-30 16:25:48 [booklist] INFO: VALID_ID: 2589299
2023-06-30 16:25:48 [booklist] INFO: VALID_ID: 2589182
2023-06-30 16:25:48 [booklist] INFO: VALID_ID: 2589179
2023-06-30 16:25:50 [scrapy.core.engine] DEBUG: Crawled (200) <POST https://dl.ndl.go.jp/api/item/search> (referer: https://dl.ndl.go.jp/api/item/search)
2023-06-30 16:25:50 [booklist] INFO: Fetched page 5
2023-06-30 16:25:50 [booklist] INFO: VALID_ID: 2548595
2023-06-30 16:25:50 [booklist] INFO: VALID_ID: 2589063
2023-06-30 16:25:50 [booklist] INFO: VALID_ID: 10303893
2023-06-30 16:25:50 [booklist] INFO: VALID_ID: 2575635
2023-06-30 16:25:50 [booklist] INFO: VALID_ID: 2575625
2023-06-30 16:25:50 [booklist] INFO: VALID_ID: 2575613
2023-06-30 16:25:50 [booklist] INFO: VALID_ID: 2575614
2023-06-30 16:25:50 [booklist] INFO: VALID_ID: 2588963
2023-06-30 16:25:50 [booklist] INFO: VALID_ID: 2575636
2023-06-30 16:25:50 [booklist] INFO: VALID_ID: 2575604
2023-06-30 16:25:50 [booklist] INFO: VALID_ID: 2575607
2023-06-30 16:25:50 [booklist] INFO: VALID_ID: 2575619
2023-06-30 16:25:50 [booklist] INFO: VALID_ID: 2575627
2023-06-30 16:25:50 [booklist] INFO: VALID_ID: 2575638
2023-06-30 16:25:50 [booklist] INFO: VALID_ID: 2575616
2023-06-30 16:25:50 [booklist] INFO: VALID_ID: 2575618
2023-06-30 16:25:50 [booklist] INFO: VALID_ID: 2575639
2023-06-30 16:25:50 [booklist] INFO: VALID_ID: 2575612
2023-06-30 16:25:50 [booklist] INFO: VALID_ID: 2575629
2023-06-30 16:25:50 [booklist] INFO: VALID_ID: 2575634
2023-06-30 16:25:50 [booklist] INFO: VALID_ID: 2575617
2023-06-30 16:25:50 [booklist] INFO: VALID_ID: 2575620
2023-06-30 16:25:50 [booklist] INFO: VALID_ID: 2575621
2023-06-30 16:25:50 [booklist] INFO: VALID_ID: 2575608
2023-06-30 16:25:50 [booklist] INFO: VALID_ID: 2571751
2023-06-30 16:25:50 [booklist] INFO: VALID_ID: 2575605
2023-06-30 16:25:50 [booklist] INFO: VALID_ID: 2575632
2023-06-30 16:25:50 [booklist] INFO: VALID_ID: 2575615
2023-06-30 16:25:50 [booklist] INFO: VALID_ID: 2575624
2023-06-30 16:25:50 [booklist] INFO: VALID_ID: 2575603
2023-06-30 16:25:50 [booklist] INFO: VALID_ID: 2575611
2023-06-30 16:25:50 [booklist] INFO: VALID_ID: 2575622
2023-06-30 16:25:50 [booklist] INFO: VALID_ID: 2575630
2023-06-30 16:25:50 [booklist] INFO: VALID_ID: 2575623
2023-06-30 16:25:50 [booklist] INFO: VALID_ID: 2575628
2023-06-30 16:25:50 [booklist] INFO: VALID_ID: 2610531
2023-06-30 16:25:50 [booklist] INFO: VALID_ID: 2575606
2023-06-30 16:25:50 [booklist] INFO: VALID_ID: 2575610
2023-06-30 16:25:50 [booklist] INFO: VALID_ID: 2575626
2023-06-30 16:25:50 [booklist] INFO: VALID_ID: 2575631
2023-06-30 16:25:50 [booklist] INFO: VALID_ID: 2575633
2023-06-30 16:25:50 [booklist] INFO: VALID_ID: 2575609
2023-06-30 16:25:50 [booklist] INFO: VALID_ID: 2609622
2023-06-30 16:25:50 [booklist] INFO: VALID_ID: 10301255
2023-06-30 16:25:50 [booklist] INFO: VALID_ID: 2559078
2023-06-30 16:25:50 [booklist] INFO: VALID_ID: 10300961
2023-06-30 16:25:50 [booklist] INFO: VALID_ID: 2543448
2023-06-30 16:25:50 [booklist] INFO: VALID_ID: 2549202
2023-06-30 16:25:50 [booklist] INFO: VALID_ID: 2543447
2023-06-30 16:25:50 [booklist] INFO: VALID_ID: 2543451
2023-06-30 16:25:50 [booklist] INFO: VALID_ID: 2543454
2023-06-30 16:25:50 [booklist] INFO: VALID_ID: 2607137
2023-06-30 16:25:50 [booklist] INFO: VALID_ID: 2543446
2023-06-30 16:25:50 [booklist] INFO: VALID_ID: 2543449
2023-06-30 16:25:50 [booklist] INFO: VALID_ID: 2605978
2023-06-30 16:25:50 [booklist] INFO: VALID_ID: 2562057
2023-06-30 16:25:50 [booklist] INFO: VALID_ID: 2543452
2023-06-30 16:25:50 [booklist] INFO: VALID_ID: 2562022
2023-06-30 16:25:50 [booklist] INFO: VALID_ID: 2562045
2023-06-30 16:25:50 [booklist] INFO: VALID_ID: 2543450
2023-06-30 16:25:50 [booklist] INFO: VALID_ID: 2543445
2023-06-30 16:25:50 [booklist] INFO: VALID_ID: 2543453
2023-06-30 16:25:50 [booklist] INFO: VALID_ID: 2587199
2023-06-30 16:25:50 [booklist] INFO: VALID_ID: 2572161
2023-06-30 16:25:50 [booklist] INFO: VALID_ID: 2562048
2023-06-30 16:25:50 [booklist] INFO: VALID_ID: 2549076
2023-06-30 16:25:50 [booklist] INFO: VALID_ID: 2562019
2023-06-30 16:25:50 [booklist] INFO: VALID_ID: 2562070
2023-06-30 16:25:50 [booklist] INFO: VALID_ID: 2562051
2023-06-30 16:25:50 [booklist] INFO: VALID_ID: 2572507
2023-06-30 16:25:50 [booklist] INFO: VALID_ID: 2587490
2023-06-30 16:25:50 [booklist] INFO: VALID_ID: 2562062
2023-06-30 16:25:50 [booklist] INFO: VALID_ID: 2562072
2023-06-30 16:25:50 [booklist] INFO: VALID_ID: 2562081
2023-06-30 16:25:50 [booklist] INFO: VALID_ID: 2562009
2023-06-30 16:25:50 [booklist] INFO: VALID_ID: 2562077
2023-06-30 16:25:50 [booklist] INFO: VALID_ID: 2559236
2023-06-30 16:25:50 [booklist] INFO: VALID_ID: 2562067
2023-06-30 16:25:50 [booklist] INFO: VALID_ID: 2600656
2023-06-30 16:25:50 [booklist] INFO: VALID_ID: 2607396
2023-06-30 16:25:50 [booklist] INFO: VALID_ID: 2587369
2023-06-30 16:25:50 [booklist] INFO: VALID_ID: 2600660
2023-06-30 16:25:50 [booklist] INFO: VALID_ID: 2562005
2023-06-30 16:25:50 [booklist] INFO: VALID_ID: 2562053
2023-06-30 16:25:50 [booklist] INFO: VALID_ID: 2562078
2023-06-30 16:25:50 [booklist] INFO: VALID_ID: 2600694
2023-06-30 16:25:50 [booklist] INFO: VALID_ID: 2562016
2023-06-30 16:25:50 [booklist] INFO: VALID_ID: 2562046
2023-06-30 16:25:50 [booklist] INFO: VALID_ID: 2600665
2023-06-30 16:25:50 [booklist] INFO: VALID_ID: 2600671
2023-06-30 16:25:50 [booklist] INFO: VALID_ID: 2600676
2023-06-30 16:25:50 [booklist] INFO: VALID_ID: 2600683
2023-06-30 16:25:50 [booklist] INFO: VALID_ID: 2600691
2023-06-30 16:25:50 [booklist] INFO: VALID_ID: 2562012
2023-06-30 16:25:50 [booklist] INFO: VALID_ID: 2610576
2023-06-30 16:25:50 [booklist] INFO: VALID_ID: 2600698
2023-06-30 16:25:50 [booklist] INFO: VALID_ID: 2562006
2023-06-30 16:25:50 [booklist] INFO: VALID_ID: 2562073
2023-06-30 16:25:50 [booklist] INFO: VALID_ID: 2600673
2023-06-30 16:25:50 [booklist] INFO: VALID_ID: 2600684
2023-06-30 16:25:52 [scrapy.core.engine] DEBUG: Crawled (200) <POST https://dl.ndl.go.jp/api/item/search> (referer: https://dl.ndl.go.jp/api/item/search)
2023-06-30 16:25:52 [booklist] INFO: Fetched page 6
2023-06-30 16:25:53 [booklist] INFO: VALID_ID: 2562012
2023-06-30 16:25:53 [booklist] INFO: VALID_ID: 2600667
2023-06-30 16:25:53 [booklist] INFO: VALID_ID: 2600665
2023-06-30 16:25:53 [booklist] INFO: VALID_ID: 2600671
2023-06-30 16:25:53 [booklist] INFO: VALID_ID: 2600676
2023-06-30 16:25:53 [booklist] INFO: VALID_ID: 2600683
2023-06-30 16:25:53 [booklist] INFO: VALID_ID: 2600691
2023-06-30 16:25:53 [booklist] INFO: VALID_ID: 2600703
2023-06-30 16:25:53 [booklist] INFO: VALID_ID: 2600674
2023-06-30 16:25:53 [booklist] INFO: VALID_ID: 2600662
2023-06-30 16:25:53 [booklist] INFO: VALID_ID: 2600666
2023-06-30 16:25:53 [booklist] INFO: VALID_ID: 2600664
2023-06-30 16:25:53 [booklist] INFO: VALID_ID: 2562002
2023-06-30 16:25:53 [booklist] INFO: VALID_ID: 2562047
2023-06-30 16:25:53 [booklist] INFO: VALID_ID: 2562049
2023-06-30 16:25:53 [booklist] INFO: VALID_ID: 2600657
2023-06-30 16:25:53 [booklist] INFO: VALID_ID: 2600658
2023-06-30 16:25:53 [booklist] INFO: VALID_ID: 2600670
2023-06-30 16:25:53 [booklist] INFO: VALID_ID: 2562050
2023-06-30 16:25:53 [booklist] INFO: VALID_ID: 2562052
2023-06-30 16:25:53 [booklist] INFO: VALID_ID: 2600668
2023-06-30 16:25:53 [booklist] INFO: VALID_ID: 2600702
2023-06-30 16:25:53 [booklist] INFO: VALID_ID: 2562058
2023-06-30 16:25:53 [booklist] INFO: VALID_ID: 2562059
2023-06-30 16:25:53 [booklist] INFO: VALID_ID: 2562074
2023-06-30 16:25:53 [booklist] INFO: VALID_ID: 2600682
2023-06-30 16:25:53 [booklist] INFO: VALID_ID: 2562014
2023-06-30 16:25:53 [booklist] INFO: VALID_ID: 2562054
2023-06-30 16:25:53 [booklist] INFO: VALID_ID: 2562076
2023-06-30 16:25:53 [booklist] INFO: VALID_ID: 2600688
2023-06-30 16:25:53 [booklist] INFO: VALID_ID: 2600661
2023-06-30 16:25:53 [booklist] INFO: VALID_ID: 2600675
2023-06-30 16:25:53 [booklist] INFO: VALID_ID: 2600687
2023-06-30 16:25:53 [booklist] INFO: VALID_ID: 2600699
2023-06-30 16:25:53 [booklist] INFO: VALID_ID: 2560312
2023-06-30 16:25:53 [booklist] INFO: VALID_ID: 2600677
2023-06-30 16:25:53 [booklist] INFO: VALID_ID: 2600689
2023-06-30 16:25:53 [booklist] INFO: VALID_ID: 2600701
2023-06-30 16:25:53 [booklist] INFO: VALID_ID: 2589540
2023-06-30 16:25:53 [booklist] INFO: VALID_ID: 2562006
2023-06-30 16:25:53 [booklist] INFO: VALID_ID: 2562073
2023-06-30 16:25:53 [booklist] INFO: VALID_ID: 2562042
2023-06-30 16:25:53 [booklist] INFO: VALID_ID: 2562043
2023-06-30 16:25:53 [booklist] INFO: VALID_ID: 2562082
2023-06-30 16:25:53 [booklist] INFO: VALID_ID: 2600680
2023-06-30 16:25:53 [booklist] INFO: VALID_ID: 2600695
2023-06-30 16:25:53 [booklist] INFO: VALID_ID: 2562079
2023-06-30 16:25:53 [booklist] INFO: VALID_ID: 2600686
2023-06-30 16:25:53 [booklist] INFO: VALID_ID: 2589546
2023-06-30 16:25:53 [booklist] INFO: VALID_ID: 2550343
2023-06-30 16:25:53 [booklist] INFO: VALID_ID: 2550233
2023-06-30 16:25:53 [booklist] INFO: VALID_ID: 2608010
2023-06-30 16:25:53 [booklist] INFO: VALID_ID: 2560313
2023-06-30 16:25:53 [booklist] INFO: VALID_ID: 2589545
2023-06-30 16:25:53 [booklist] INFO: VALID_ID: 2550277
2023-06-30 16:25:53 [booklist] INFO: VALID_ID: 2589541
2023-06-30 16:25:53 [booklist] INFO: VALID_ID: 2589544
2023-06-30 16:25:53 [booklist] INFO: VALID_ID: 2538354
2023-06-30 16:25:53 [booklist] INFO: VALID_ID: 2562016
2023-06-30 16:25:53 [booklist] INFO: VALID_ID: 2562046
2023-06-30 16:25:53 [booklist] INFO: VALID_ID: 2562008
2023-06-30 16:25:53 [booklist] INFO: VALID_ID: 2562061
2023-06-30 16:25:53 [booklist] INFO: VALID_ID: 2589542
2023-06-30 16:25:53 [booklist] INFO: VALID_ID: 2539312
2023-06-30 16:25:53 [booklist] INFO: VALID_ID: 2609997
2023-06-30 16:25:53 [booklist] INFO: VALID_ID: 2589543
2023-06-30 16:25:53 [booklist] INFO: VALID_ID: 2562067
2023-06-30 16:25:53 [booklist] INFO: VALID_ID: 2537839
2023-06-30 16:25:53 [booklist] INFO: VALID_ID: 2560315
2023-06-30 16:25:53 [booklist] INFO: VALID_ID: 2534016
2023-06-30 16:25:53 [booklist] INFO: VALID_ID: 2560314
2023-06-30 16:25:53 [booklist] INFO: VALID_ID: 2550166
2023-06-30 16:25:53 [booklist] INFO: VALID_ID: 11446619
2023-06-30 16:25:53 [booklist] INFO: VALID_ID: 2562011
2023-06-30 16:25:53 [booklist] INFO: VALID_ID: 2562020
2023-06-30 16:25:53 [booklist] INFO: VALID_ID: 2562064
2023-06-30 16:25:53 [booklist] INFO: VALID_ID: 2562065
2023-06-30 16:25:53 [booklist] INFO: VALID_ID: 2562069
2023-06-30 16:25:53 [booklist] INFO: VALID_ID: 2608565
2023-06-30 16:25:53 [booklist] INFO: VALID_ID: 2560253
2023-06-30 16:25:53 [booklist] INFO: VALID_ID: 12865510
2023-06-30 16:25:53 [booklist] INFO: VALID_ID: 2541900
2023-06-30 16:25:53 [booklist] INFO: VALID_ID: 2562005
2023-06-30 16:25:53 [booklist] INFO: VALID_ID: 2562053
2023-06-30 16:25:53 [booklist] INFO: VALID_ID: 2562078
2023-06-30 16:25:53 [booklist] INFO: VALID_ID: 2560252
2023-06-30 16:25:53 [booklist] INFO: VALID_ID: 2608721
2023-06-30 16:25:53 [booklist] INFO: VALID_ID: 2572609
2023-06-30 16:25:53 [booklist] INFO: VALID_ID: 2562013
2023-06-30 16:25:53 [booklist] INFO: VALID_ID: 2562056
2023-06-30 16:25:53 [booklist] INFO: VALID_ID: 2562083
2023-06-30 16:25:53 [booklist] INFO: VALID_ID: 2562004
2023-06-30 16:25:53 [booklist] INFO: VALID_ID: 2562024
2023-06-30 16:25:53 [booklist] INFO: VALID_ID: 2562066
2023-06-30 16:25:53 [booklist] INFO: VALID_ID: 2562027
2023-06-30 16:25:53 [booklist] INFO: VALID_ID: 2562040
2023-06-30 16:25:53 [booklist] INFO: VALID_ID: 2562071
2023-06-30 16:25:53 [booklist] INFO: VALID_ID: 2562075
2023-06-30 16:25:53 [booklist] INFO: VALID_ID: 2538468
2023-06-30 16:25:53 [booklist] INFO: VALID_ID: 2560251
2023-06-30 16:25:54 [scrapy.core.engine] DEBUG: Crawled (200) <POST https://dl.ndl.go.jp/api/item/search> (referer: https://dl.ndl.go.jp/api/item/search)
2023-06-30 16:25:54 [booklist] INFO: Fetched page 7
2023-06-30 16:25:55 [booklist] INFO: VALID_ID: 2562023
2023-06-30 16:25:55 [booklist] INFO: VALID_ID: 2537839
2023-06-30 16:25:55 [booklist] INFO: VALID_ID: 2559215
2023-06-30 16:25:55 [booklist] INFO: VALID_ID: 2562013
2023-06-30 16:25:55 [booklist] INFO: VALID_ID: 2562056
2023-06-30 16:25:55 [booklist] INFO: VALID_ID: 2562083
2023-06-30 16:25:55 [booklist] INFO: VALID_ID: 2560314
2023-06-30 16:25:55 [booklist] INFO: VALID_ID: 11446519
2023-06-30 16:25:55 [booklist] INFO: VALID_ID: 2562027
2023-06-30 16:25:55 [booklist] INFO: VALID_ID: 2562040
2023-06-30 16:25:55 [booklist] INFO: VALID_ID: 2562071
2023-06-30 16:25:55 [booklist] INFO: VALID_ID: 2562075
2023-06-30 16:25:55 [booklist] INFO: VALID_ID: 2560251
2023-06-30 16:25:55 [booklist] INFO: VALID_ID: 2560252
2023-06-30 16:25:55 [booklist] INFO: VALID_ID: 2608721
2023-06-30 16:25:55 [booklist] INFO: VALID_ID: 2534016
2023-06-30 16:25:55 [booklist] INFO: VALID_ID: 2541660
2023-06-30 16:25:55 [booklist] INFO: VALID_ID: 2560250
2023-06-30 16:25:55 [booklist] INFO: VALID_ID: 2562025
2023-06-30 16:25:55 [booklist] INFO: VALID_ID: 2562055
2023-06-30 16:25:55 [booklist] INFO: VALID_ID: 2562068
2023-06-30 16:25:55 [booklist] INFO: VALID_ID: 2562080
2023-06-30 16:25:55 [booklist] INFO: VALID_ID: 2583695
2023-06-30 16:25:55 [booklist] INFO: VALID_ID: 2608738
2023-06-30 16:25:55 [booklist] INFO: VALID_ID: 2538468
2023-06-30 16:25:55 [booklist] INFO: VALID_ID: 2538398
2023-06-30 16:25:55 [booklist] INFO: VALID_ID: 2560254
2023-06-30 16:25:55 [booklist] INFO: VALID_ID: 8943149
2023-06-30 16:25:55 [booklist] INFO: VALID_ID: 11038654
2023-06-30 16:25:55 [booklist] INFO: VALID_ID: 11223314
2023-06-30 16:25:55 [booklist] INFO: VALID_ID: 10303402
2023-06-30 16:25:55 [booklist] INFO: VALID_ID: 2563503
2023-06-30 16:25:55 [booklist] INFO: VALID_ID: 10303716
2023-06-30 16:25:55 [booklist] INFO: VALID_ID: 11038767
2023-06-30 16:25:55 [booklist] INFO: VALID_ID: 11038565
2023-06-30 16:25:55 [booklist] INFO: VALID_ID: 2572708
2023-06-30 16:25:55 [booklist] INFO: VALID_ID: 2605684
2023-06-30 16:25:55 [booklist] INFO: VALID_ID: 2559150
2023-06-30 16:25:55 [booklist] INFO: VALID_ID: 2596166
2023-06-30 16:25:55 [booklist] INFO: VALID_ID: 2562007
2023-06-30 16:25:55 [booklist] INFO: VALID_ID: 2562021
2023-06-30 16:25:55 [booklist] INFO: VALID_ID: 2562044
2023-06-30 16:25:55 [booklist] INFO: VALID_ID: 10303488
2023-06-30 16:25:55 [booklist] INFO: VALID_ID: 10303403
2023-06-30 16:25:55 [booklist] INFO: VALID_ID: 2577181
2023-06-30 16:25:55 [booklist] INFO: VALID_ID: 2577182
2023-06-30 16:25:55 [booklist] INFO: VALID_ID: 2577190
2023-06-30 16:25:55 [booklist] INFO: VALID_ID: 2576985
2023-06-30 16:25:55 [booklist] INFO: VALID_ID: 2581840
2023-06-30 16:25:55 [booklist] INFO: VALID_ID: 2609633
2023-06-30 16:25:55 [booklist] INFO: VALID_ID: 2581839
2023-06-30 16:25:55 [booklist] INFO: VALID_ID: 2605090
2023-06-30 16:25:55 [booklist] INFO: VALID_ID: 2581841
2023-06-30 16:25:55 [booklist] INFO: VALID_ID: 2605091
2023-06-30 16:25:55 [booklist] INFO: VALID_ID: 2577183
2023-06-30 16:25:55 [booklist] INFO: VALID_ID: 11607938
2023-06-30 16:25:55 [booklist] INFO: VALID_ID: 2577180
2023-06-30 16:25:55 [booklist] INFO: VALID_ID: 10301269
2023-06-30 16:25:55 [booklist] INFO: VALID_ID: 11223414
2023-06-30 16:25:55 [booklist] INFO: VALID_ID: 2553591
2023-06-30 16:25:55 [booklist] INFO: VALID_ID: 1246447
2023-06-30 16:25:55 [booklist] INFO: VALID_ID: 2577185
2023-06-30 16:25:55 [booklist] INFO: VALID_ID: 2605218
2023-06-30 16:25:55 [booklist] INFO: VALID_ID: 2559128
2023-06-30 16:25:55 [booklist] INFO: VALID_ID: 2558921
2023-06-30 16:25:55 [booklist] INFO: VALID_ID: 10303729
2023-06-30 16:25:55 [booklist] INFO: VALID_ID: 2558919
2023-06-30 16:25:55 [booklist] INFO: VALID_ID: 2558922
2023-06-30 16:25:55 [booklist] INFO: VALID_ID: 2577179
2023-06-30 16:25:55 [booklist] INFO: VALID_ID: 2577184
2023-06-30 16:25:55 [booklist] INFO: VALID_ID: 2577187
2023-06-30 16:25:55 [booklist] INFO: VALID_ID: 2577189
2023-06-30 16:25:55 [booklist] INFO: VALID_ID: 2577188
2023-06-30 16:25:55 [booklist] INFO: VALID_ID: 2558920
2023-06-30 16:25:55 [booklist] INFO: VALID_ID: 2584256
2023-06-30 16:25:55 [booklist] INFO: VALID_ID: 2607434
2023-06-30 16:25:55 [booklist] INFO: VALID_ID: 2607286
2023-06-30 16:25:55 [booklist] INFO: VALID_ID: 2585028
2023-06-30 16:25:55 [booklist] INFO: VALID_ID: 1286647
2023-06-30 16:25:55 [booklist] INFO: VALID_ID: 2577186
2023-06-30 16:25:55 [booklist] INFO: VALID_ID: 1286810
2023-06-30 16:25:55 [booklist] INFO: VALID_ID: 2574178
2023-06-30 16:25:55 [booklist] INFO: VALID_ID: 2574181
2023-06-30 16:25:55 [booklist] INFO: VALID_ID: 2558923
2023-06-30 16:25:55 [booklist] INFO: VALID_ID: 1287934
2023-06-30 16:25:55 [booklist] INFO: VALID_ID: 11607736
2023-06-30 16:25:55 [booklist] INFO: VALID_ID: 11892599
2023-06-30 16:25:55 [booklist] INFO: VALID_ID: 1287276
2023-06-30 16:25:55 [booklist] INFO: VALID_ID: 11607836
2023-06-30 16:25:55 [booklist] INFO: VALID_ID: 1288099
2023-06-30 16:25:55 [booklist] INFO: VALID_ID: 1288310
2023-06-30 16:25:55 [booklist] INFO: VALID_ID: 1287505
2023-06-30 16:25:55 [booklist] INFO: VALID_ID: 1288037
2023-06-30 16:25:55 [booklist] INFO: VALID_ID: 2546372
2023-06-30 16:25:55 [booklist] INFO: VALID_ID: 11446286
2023-06-30 16:25:55 [booklist] INFO: VALID_ID: 2574185
2023-06-30 16:25:55 [booklist] INFO: VALID_ID: 2574187
2023-06-30 16:25:55 [booklist] INFO: VALID_ID: 2551622
2023-06-30 16:25:55 [booklist] INFO: VALID_ID: 2574186
2023-06-30 16:25:55 [booklist] INFO: VALID_ID: 1287150
2023-06-30 16:25:55 [scrapy.core.engine] DEBUG: Crawled (200) <POST https://dl.ndl.go.jp/api/item/search> (referer: https://dl.ndl.go.jp/api/item/search)
2023-06-30 16:25:56 [booklist] INFO: Fetched page 8
2023-06-30 16:25:56 [booklist] INFO: VALID_ID: 2551622
2023-06-30 16:25:56 [booklist] INFO: VALID_ID: 2585028
2023-06-30 16:25:56 [booklist] INFO: VALID_ID: 2558924
2023-06-30 16:25:56 [booklist] INFO: VALID_ID: 2574192
2023-06-30 16:25:56 [booklist] INFO: VALID_ID: 2607434
2023-06-30 16:25:56 [booklist] INFO: VALID_ID: 2574191
2023-06-30 16:25:56 [booklist] INFO: VALID_ID: 2574178
2023-06-30 16:25:56 [booklist] INFO: VALID_ID: 2574179
2023-06-30 16:25:56 [booklist] INFO: VALID_ID: 2574182
2023-06-30 16:25:56 [booklist] INFO: VALID_ID: 2574188
2023-06-30 16:25:56 [booklist] INFO: VALID_ID: 2574193
2023-06-30 16:25:56 [booklist] INFO: VALID_ID: 2605148
2023-06-30 16:25:56 [booklist] INFO: VALID_ID: 2574180
2023-06-30 16:25:56 [booklist] INFO: VALID_ID: 2574183
2023-06-30 16:25:56 [booklist] INFO: VALID_ID: 2574184
2023-06-30 16:25:56 [booklist] INFO: VALID_ID: 2546237
2023-06-30 16:25:56 [booklist] INFO: VALID_ID: 2590708
2023-06-30 16:25:56 [booklist] INFO: VALID_ID: 12866095
2023-06-30 16:25:56 [booklist] INFO: VALID_ID: 2546235
2023-06-30 16:25:56 [booklist] INFO: VALID_ID: 11891840
2023-06-30 16:25:56 [booklist] INFO: VALID_ID: 2611028
2023-06-30 16:25:56 [booklist] INFO: VALID_ID: 2574190
2023-06-30 16:25:56 [booklist] INFO: VALID_ID: 2533165
2023-06-30 16:25:56 [booklist] INFO: VALID_ID: 2574177
2023-06-30 16:25:56 [booklist] INFO: VALID_ID: 2583662
2023-06-30 16:25:56 [booklist] INFO: VALID_ID: 2533159
2023-06-30 16:25:56 [booklist] INFO: VALID_ID: 2610304
2023-06-30 16:25:56 [booklist] INFO: VALID_ID: 2585027
2023-06-30 16:25:56 [booklist] INFO: VALID_ID: 2609581
2023-06-30 16:25:56 [booklist] INFO: VALID_ID: 2611017
2023-06-30 16:25:56 [booklist] INFO: VALID_ID: 2609735
2023-06-30 16:25:56 [booklist] INFO: VALID_ID: 11445843
2023-06-30 16:25:56 [booklist] INFO: VALID_ID: 2609432
2023-06-30 16:25:56 [booklist] INFO: VALID_ID: 2609818
2023-06-30 16:25:56 [booklist] INFO: VALID_ID: 9892702
2023-06-30 16:25:56 [booklist] INFO: VALID_ID: 2543756
2023-06-30 16:25:56 [booklist] INFO: VALID_ID: 8943312
2023-06-30 16:25:56 [booklist] INFO: VALID_ID: 2533637
2023-06-30 16:25:56 [booklist] INFO: VALID_ID: 2605827
2023-06-30 16:25:56 [booklist] INFO: VALID_ID: 11892626
2023-06-30 16:25:56 [booklist] INFO: VALID_ID: 2611038
2023-06-30 16:25:56 [booklist] INFO: VALID_ID: 2611048
2023-06-30 16:25:56 [booklist] INFO: VALID_ID: 2532812
2023-06-30 16:25:56 [booklist] INFO: VALID_ID: 2535400
2023-06-30 16:25:56 [booklist] INFO: VALID_ID: 2610785
2023-06-30 16:25:56 [booklist] INFO: VALID_ID: 2540557
2023-06-30 16:25:56 [booklist] INFO: VALID_ID: 2608004
2023-06-30 16:25:56 [booklist] INFO: VALID_ID: 11892639
2023-06-30 16:25:56 [booklist] INFO: VALID_ID: 2610583
2023-06-30 16:25:56 [booklist] INFO: VALID_ID: 2607484
2023-06-30 16:25:56 [booklist] INFO: VALID_ID: 2608444
2023-06-30 16:25:56 [booklist] INFO: VALID_ID: 2608884
2023-06-30 16:25:56 [booklist] INFO: VALID_ID: 2607879
2023-06-30 16:25:56 [booklist] INFO: VALID_ID: 2555234
2023-06-30 16:25:56 [booklist] INFO: VALID_ID: 2535510
2023-06-30 16:25:56 [booklist] INFO: VALID_ID: 2609621
2023-06-30 16:25:56 [booklist] INFO: VALID_ID: 2605961
2023-06-30 16:25:56 [booklist] INFO: VALID_ID: 2533880
2023-06-30 16:25:56 [booklist] INFO: VALID_ID: 2609776
2023-06-30 16:25:56 [booklist] INFO: VALID_ID: 2535522
2023-06-30 16:25:56 [booklist] INFO: VALID_ID: 11892589
2023-06-30 16:25:56 [booklist] INFO: VALID_ID: 2605995
2023-06-30 16:25:56 [booklist] INFO: VALID_ID: 2535509
2023-06-30 16:25:56 [booklist] INFO: VALID_ID: 11038888
2023-06-30 16:25:56 [booklist] INFO: VALID_ID: 2563206
2023-06-30 16:25:56 [booklist] INFO: VALID_ID: 2585761
2023-06-30 16:25:56 [booklist] INFO: VALID_ID: 2585868
2023-06-30 16:25:56 [booklist] INFO: VALID_ID: 2585875
2023-06-30 16:25:56 [booklist] INFO: VALID_ID: 2585785
2023-06-30 16:25:56 [booklist] INFO: VALID_ID: 2585788
2023-06-30 16:25:56 [booklist] INFO: VALID_ID: 2610395
2023-06-30 16:25:56 [booklist] INFO: VALID_ID: 2609861
2023-06-30 16:25:56 [booklist] INFO: VALID_ID: 2585867
2023-06-30 16:25:56 [booklist] INFO: VALID_ID: 2585870
2023-06-30 16:25:56 [booklist] INFO: VALID_ID: 2585782
2023-06-30 16:25:56 [booklist] INFO: VALID_ID: 2585796
2023-06-30 16:25:56 [booklist] INFO: VALID_ID: 2585947
2023-06-30 16:25:56 [booklist] INFO: VALID_ID: 2585873
2023-06-30 16:25:56 [booklist] INFO: VALID_ID: 2585918
2023-06-30 16:25:56 [booklist] INFO: VALID_ID: 2585829
2023-06-30 16:25:56 [booklist] INFO: VALID_ID: 2585938
2023-06-30 16:25:56 [booklist] INFO: VALID_ID: 2585941
2023-06-30 16:25:56 [booklist] INFO: VALID_ID: 2585863
2023-06-30 16:25:56 [booklist] INFO: VALID_ID: 2585772
2023-06-30 16:25:56 [booklist] INFO: VALID_ID: 2585784
2023-06-30 16:25:56 [booklist] INFO: VALID_ID: 2585812
2023-06-30 16:25:56 [booklist] INFO: VALID_ID: 2585916
2023-06-30 16:25:56 [booklist] INFO: VALID_ID: 2585831
2023-06-30 16:25:56 [booklist] INFO: VALID_ID: 2585942
2023-06-30 16:25:56 [booklist] INFO: VALID_ID: 2585865
2023-06-30 16:25:56 [booklist] INFO: VALID_ID: 2585781
2023-06-30 16:25:56 [booklist] INFO: VALID_ID: 2585878
2023-06-30 16:25:56 [booklist] INFO: VALID_ID: 2585815
2023-06-30 16:25:56 [booklist] INFO: VALID_ID: 2585821
2023-06-30 16:25:56 [booklist] INFO: VALID_ID: 2585925
2023-06-30 16:25:56 [booklist] INFO: VALID_ID: 2585927
2023-06-30 16:25:56 [booklist] INFO: VALID_ID: 2585929
2023-06-30 16:25:56 [booklist] INFO: VALID_ID: 2585793
2023-06-30 16:25:56 [booklist] INFO: VALID_ID: 2585888
2023-06-30 16:25:56 [booklist] INFO: VALID_ID: 2585919
2023-06-30 16:25:57 [scrapy.core.engine] DEBUG: Crawled (200) <POST https://dl.ndl.go.jp/api/item/search> (referer: https://dl.ndl.go.jp/api/item/search)
2023-06-30 16:25:57 [booklist] INFO: Fetched page 9
2023-06-30 16:25:57 [booklist] INFO: VALID_ID: 2585815
2023-06-30 16:25:57 [booklist] INFO: VALID_ID: 2585821
2023-06-30 16:25:57 [booklist] INFO: VALID_ID: 2585925
2023-06-30 16:25:57 [booklist] INFO: VALID_ID: 2585927
2023-06-30 16:25:57 [booklist] INFO: VALID_ID: 2585929
2023-06-30 16:25:57 [booklist] INFO: VALID_ID: 2585862
2023-06-30 16:25:57 [booklist] INFO: VALID_ID: 2585872
2023-06-30 16:25:57 [booklist] INFO: VALID_ID: 2585791
2023-06-30 16:25:57 [booklist] INFO: VALID_ID: 2585801
2023-06-30 16:25:57 [booklist] INFO: VALID_ID: 2585809
2023-06-30 16:25:57 [booklist] INFO: VALID_ID: 2585904
2023-06-30 16:25:57 [booklist] INFO: VALID_ID: 2585923
2023-06-30 16:25:57 [booklist] INFO: VALID_ID: 2585844
2023-06-30 16:25:57 [booklist] INFO: VALID_ID: 11038892
2023-06-30 16:25:57 [booklist] INFO: VALID_ID: 2585823
2023-06-30 16:25:57 [booklist] INFO: VALID_ID: 2585920
2023-06-30 16:25:57 [booklist] INFO: VALID_ID: 2585771
2023-06-30 16:25:57 [booklist] INFO: VALID_ID: 2585864
2023-06-30 16:25:57 [booklist] INFO: VALID_ID: 2585795
2023-06-30 16:25:57 [booklist] INFO: VALID_ID: 2585797
2023-06-30 16:25:57 [booklist] INFO: VALID_ID: 2585820
2023-06-30 16:25:57 [booklist] INFO: VALID_ID: 2585921
2023-06-30 16:25:57 [booklist] INFO: VALID_ID: 2585842
2023-06-30 16:25:57 [booklist] INFO: VALID_ID: 2585857
2023-06-30 16:25:57 [booklist] INFO: VALID_ID: 2585766
2023-06-30 16:25:57 [booklist] INFO: VALID_ID: 2585770
2023-06-30 16:25:57 [booklist] INFO: VALID_ID: 2585877
2023-06-30 16:25:57 [booklist] INFO: VALID_ID: 2585891
2023-06-30 16:25:57 [booklist] INFO: VALID_ID: 2585813
2023-06-30 16:25:57 [booklist] INFO: VALID_ID: 2585836
2023-06-30 16:25:57 [booklist] INFO: VALID_ID: 2585841
2023-06-30 16:25:57 [booklist] INFO: VALID_ID: 11038910
2023-06-30 16:25:57 [booklist] INFO: VALID_ID: 11038915
2023-06-30 16:25:57 [booklist] INFO: VALID_ID: 2585767
2023-06-30 16:25:57 [booklist] INFO: VALID_ID: 2585774
2023-06-30 16:25:57 [booklist] INFO: VALID_ID: 2585908
2023-06-30 16:25:57 [booklist] INFO: VALID_ID: 2585930
2023-06-30 16:25:57 [booklist] INFO: VALID_ID: 2585935
2023-06-30 16:25:57 [booklist] INFO: VALID_ID: 2585946
2023-06-30 16:25:57 [booklist] INFO: VALID_ID: 11038909
2023-06-30 16:25:57 [booklist] INFO: VALID_ID: 2585764
2023-06-30 16:25:57 [booklist] INFO: VALID_ID: 2585910
2023-06-30 16:25:57 [booklist] INFO: VALID_ID: 2585913
2023-06-30 16:25:57 [booklist] INFO: VALID_ID: 11038907
2023-06-30 16:25:57 [booklist] INFO: VALID_ID: 2585883
2023-06-30 16:25:57 [booklist] INFO: VALID_ID: 2585800
2023-06-30 16:25:57 [booklist] INFO: VALID_ID: 2585810
2023-06-30 16:25:57 [booklist] INFO: VALID_ID: 2585819
2023-06-30 16:25:57 [booklist] INFO: VALID_ID: 2585926
2023-06-30 16:25:57 [booklist] INFO: VALID_ID: 2585846
2023-06-30 16:25:57 [booklist] INFO: VALID_ID: 2585760
2023-06-30 16:25:57 [booklist] INFO: VALID_ID: 2585789
2023-06-30 16:25:57 [booklist] INFO: VALID_ID: 2585897
2023-06-30 16:25:57 [booklist] INFO: VALID_ID: 2585805
2023-06-30 16:25:57 [booklist] INFO: VALID_ID: 2585814
2023-06-30 16:25:57 [booklist] INFO: VALID_ID: 2585943
2023-06-30 16:25:57 [booklist] INFO: VALID_ID: 11038887
2023-06-30 16:25:57 [booklist] INFO: VALID_ID: 11038902
2023-06-30 16:25:57 [booklist] INFO: VALID_ID: 2585854
2023-06-30 16:25:57 [booklist] INFO: VALID_ID: 2585804
2023-06-30 16:25:57 [booklist] INFO: VALID_ID: 2585903
2023-06-30 16:25:57 [booklist] INFO: VALID_ID: 2585826
2023-06-30 16:25:57 [booklist] INFO: VALID_ID: 2585931
2023-06-30 16:25:57 [booklist] INFO: VALID_ID: 2585850
2023-06-30 16:25:57 [booklist] INFO: VALID_ID: 2585948
2023-06-30 16:25:57 [booklist] INFO: VALID_ID: 11038911
2023-06-30 16:25:57 [booklist] INFO: VALID_ID: 11038891
2023-06-30 16:25:57 [booklist] INFO: VALID_ID: 11038913
2023-06-30 16:25:57 [booklist] INFO: VALID_ID: 1286195
2023-06-30 16:25:57 [booklist] INFO: VALID_ID: 11038894
2023-06-30 16:25:57 [booklist] INFO: VALID_ID: 11038875
2023-06-30 16:25:57 [booklist] INFO: VALID_ID: 11038876
2023-06-30 16:25:57 [booklist] INFO: VALID_ID: 11038884
2023-06-30 16:25:57 [booklist] INFO: VALID_ID: 11038914
2023-06-30 16:25:57 [booklist] INFO: VALID_ID: 2585856
2023-06-30 16:25:57 [booklist] INFO: VALID_ID: 2585861
2023-06-30 16:25:57 [booklist] INFO: VALID_ID: 2585786
2023-06-30 16:25:57 [booklist] INFO: VALID_ID: 2585790
2023-06-30 16:25:57 [booklist] INFO: VALID_ID: 2585808
2023-06-30 16:25:57 [booklist] INFO: VALID_ID: 2585906
2023-06-30 16:25:57 [booklist] INFO: VALID_ID: 2585912
2023-06-30 16:25:57 [booklist] INFO: VALID_ID: 2585817
2023-06-30 16:25:57 [booklist] INFO: VALID_ID: 2585915
2023-06-30 16:25:57 [booklist] INFO: VALID_ID: 2585825
2023-06-30 16:25:57 [booklist] INFO: VALID_ID: 2585924
2023-06-30 16:25:57 [booklist] INFO: VALID_ID: 11038889
2023-06-30 16:25:57 [booklist] INFO: VALID_ID: 11038905
2023-06-30 16:25:57 [booklist] INFO: VALID_ID: 11038898
2023-06-30 16:25:57 [booklist] INFO: VALID_ID: 2605995
2023-06-30 16:25:57 [booklist] INFO: VALID_ID: 2585853
2023-06-30 16:25:57 [booklist] INFO: VALID_ID: 2585893
2023-06-30 16:25:57 [booklist] INFO: VALID_ID: 2585911
2023-06-30 16:25:57 [booklist] INFO: VALID_ID: 2585917
2023-06-30 16:25:57 [booklist] INFO: VALID_ID: 2585838
2023-06-30 16:25:57 [booklist] INFO: VALID_ID: 2610846
2023-06-30 16:25:57 [booklist] INFO: VALID_ID: 2585776
2023-06-30 16:25:57 [booklist] INFO: VALID_ID: 2585778
2023-06-30 16:25:57 [booklist] INFO: VALID_ID: 2585882
2023-06-30 16:25:57 [booklist] INFO: VALID_ID: 2585799
2023-06-30 16:25:57 [booklist] INFO: VALID_ID: 2585833
2023-06-30 16:25:58 [scrapy.core.engine] DEBUG: Crawled (200) <POST https://dl.ndl.go.jp/api/item/search> (referer: https://dl.ndl.go.jp/api/item/search)
2023-06-30 16:25:59 [booklist] INFO: Fetched page 10
2023-06-30 16:25:59 [booklist] INFO: VALID_ID: 2585860
2023-06-30 16:25:59 [booklist] INFO: VALID_ID: 2585768
2023-06-30 16:25:59 [booklist] INFO: VALID_ID: 2585909
2023-06-30 16:25:59 [booklist] INFO: VALID_ID: 2585835
2023-06-30 16:25:59 [booklist] INFO: VALID_ID: 2585847
2023-06-30 16:25:59 [booklist] INFO: VALID_ID: 11038885
2023-06-30 16:25:59 [booklist] INFO: VALID_ID: 11038899
2023-06-30 16:25:59 [booklist] INFO: VALID_ID: 11038894
2023-06-30 16:25:59 [booklist] INFO: VALID_ID: 2585874
2023-06-30 16:25:59 [booklist] INFO: VALID_ID: 2585769
2023-06-30 16:25:59 [booklist] INFO: VALID_ID: 2585871
2023-06-30 16:25:59 [booklist] INFO: VALID_ID: 2585892
2023-06-30 16:25:59 [booklist] INFO: VALID_ID: 2585933
2023-06-30 16:25:59 [booklist] INFO: VALID_ID: 2585854
2023-06-30 16:25:59 [booklist] INFO: VALID_ID: 2585804
2023-06-30 16:25:59 [booklist] INFO: VALID_ID: 2585903
2023-06-30 16:25:59 [booklist] INFO: VALID_ID: 2585826
2023-06-30 16:25:59 [booklist] INFO: VALID_ID: 2585931
2023-06-30 16:25:59 [booklist] INFO: VALID_ID: 2585850
2023-06-30 16:25:59 [booklist] INFO: VALID_ID: 2585948
2023-06-30 16:25:59 [booklist] INFO: VALID_ID: 11038906
2023-06-30 16:25:59 [booklist] INFO: VALID_ID: 11038909
2023-06-30 16:25:59 [booklist] INFO: VALID_ID: 2585773
2023-06-30 16:25:59 [booklist] INFO: VALID_ID: 2585869
2023-06-30 16:25:59 [booklist] INFO: VALID_ID: 2585881
2023-06-30 16:25:59 [booklist] INFO: VALID_ID: 2585787
2023-06-30 16:25:59 [booklist] INFO: VALID_ID: 2585806
2023-06-30 16:25:59 [booklist] INFO: VALID_ID: 2585907
2023-06-30 16:25:59 [booklist] INFO: VALID_ID: 2585845
2023-06-30 16:25:59 [booklist] INFO: VALID_ID: 2585944
2023-06-30 16:25:59 [booklist] INFO: VALID_ID: 2585848
2023-06-30 16:25:59 [booklist] INFO: VALID_ID: 2606251
2023-06-30 16:25:59 [booklist] INFO: VALID_ID: 2585779
2023-06-30 16:25:59 [booklist] INFO: VALID_ID: 2585886
2023-06-30 16:25:59 [booklist] INFO: VALID_ID: 2585807
2023-06-30 16:25:59 [booklist] INFO: VALID_ID: 2585771
2023-06-30 16:25:59 [booklist] INFO: VALID_ID: 2585864
2023-06-30 16:25:59 [booklist] INFO: VALID_ID: 2585795
2023-06-30 16:25:59 [booklist] INFO: VALID_ID: 2585797
2023-06-30 16:25:59 [booklist] INFO: VALID_ID: 2585820
2023-06-30 16:25:59 [booklist] INFO: VALID_ID: 2585921
2023-06-30 16:25:59 [booklist] INFO: VALID_ID: 2585842
2023-06-30 16:25:59 [booklist] INFO: VALID_ID: 11038882
2023-06-30 16:25:59 [booklist] INFO: VALID_ID: 11038877
2023-06-30 16:25:59 [booklist] INFO: VALID_ID: 11038890
2023-06-30 16:25:59 [booklist] INFO: VALID_ID: 11038886
2023-06-30 16:25:59 [booklist] INFO: VALID_ID: 11038893
2023-06-30 16:25:59 [booklist] INFO: VALID_ID: 11038895
2023-06-30 16:25:59 [booklist] INFO: VALID_ID: 2585863
2023-06-30 16:25:59 [booklist] INFO: VALID_ID: 2585772
2023-06-30 16:25:59 [booklist] INFO: VALID_ID: 2585784
2023-06-30 16:25:59 [booklist] INFO: VALID_ID: 2585812
2023-06-30 16:25:59 [booklist] INFO: VALID_ID: 2585916
2023-06-30 16:25:59 [booklist] INFO: VALID_ID: 2585831
2023-06-30 16:25:59 [booklist] INFO: VALID_ID: 2585942
2023-06-30 16:25:59 [booklist] INFO: VALID_ID: 2585759
2023-06-30 16:25:59 [booklist] INFO: VALID_ID: 2585762
2023-06-30 16:25:59 [booklist] INFO: VALID_ID: 2585794
2023-06-30 16:25:59 [booklist] INFO: VALID_ID: 2585905
2023-06-30 16:25:59 [booklist] INFO: VALID_ID: 12865386
2023-06-30 16:25:59 [booklist] INFO: VALID_ID: 2585761
2023-06-30 16:25:59 [booklist] INFO: VALID_ID: 2585868
2023-06-30 16:25:59 [booklist] INFO: VALID_ID: 2585875
2023-06-30 16:25:59 [booklist] INFO: VALID_ID: 2585785
2023-06-30 16:25:59 [booklist] INFO: VALID_ID: 2585788
2023-06-30 16:25:59 [booklist] INFO: VALID_ID: 2585765
2023-06-30 16:25:59 [booklist] INFO: VALID_ID: 2585859
2023-06-30 16:25:59 [booklist] INFO: VALID_ID: 2585880
2023-06-30 16:25:59 [booklist] INFO: VALID_ID: 2585899
2023-06-30 16:25:59 [booklist] INFO: VALID_ID: 2585811
2023-06-30 16:25:59 [booklist] INFO: VALID_ID: 2585827
2023-06-30 16:25:59 [booklist] INFO: VALID_ID: 2585937
2023-06-30 16:25:59 [booklist] INFO: VALID_ID: 2585843
2023-06-30 16:25:59 [booklist] INFO: VALID_ID: 2585849
2023-06-30 16:25:59 [booklist] INFO: VALID_ID: 11038910
2023-06-30 16:25:59 [booklist] INFO: VALID_ID: 11038915
2023-06-30 16:25:59 [booklist] INFO: VALID_ID: 11038891
2023-06-30 16:25:59 [booklist] INFO: VALID_ID: 11038913
2023-06-30 16:25:59 [booklist] INFO: VALID_ID: 2609656
2023-06-30 16:25:59 [booklist] INFO: VALID_ID: 2609321
2023-06-30 16:25:59 [booklist] INFO: VALID_ID: 11038888
2023-06-30 16:25:59 [booklist] INFO: VALID_ID: 11038889
2023-06-30 16:25:59 [booklist] INFO: VALID_ID: 11038905
2023-06-30 16:25:59 [booklist] INFO: VALID_ID: 2585862
2023-06-30 16:25:59 [booklist] INFO: VALID_ID: 2585872
2023-06-30 16:25:59 [booklist] INFO: VALID_ID: 2585791
2023-06-30 16:25:59 [booklist] INFO: VALID_ID: 2585801
2023-06-30 16:25:59 [booklist] INFO: VALID_ID: 2585809
2023-06-30 16:25:59 [booklist] INFO: VALID_ID: 2585904
2023-06-30 16:25:59 [booklist] INFO: VALID_ID: 2585923
2023-06-30 16:25:59 [booklist] INFO: VALID_ID: 2585844
2023-06-30 16:25:59 [booklist] INFO: VALID_ID: 2585767
2023-06-30 16:25:59 [booklist] INFO: VALID_ID: 2585774
2023-06-30 16:25:59 [booklist] INFO: VALID_ID: 2585908
2023-06-30 16:25:59 [booklist] INFO: VALID_ID: 2585930
2023-06-30 16:25:59 [booklist] INFO: VALID_ID: 2585935
2023-06-30 16:25:59 [booklist] INFO: VALID_ID: 2585946
2023-06-30 16:25:59 [booklist] INFO: VALID_ID: 2583684
2023-06-30 16:25:59 [booklist] INFO: VALID_ID: 2606303
2023-06-30 16:25:59 [booklist] INFO: VALID_ID: 12865370
2023-06-30 16:26:00 [scrapy.core.engine] DEBUG: Crawled (200) <POST https://dl.ndl.go.jp/api/item/search> (referer: https://dl.ndl.go.jp/api/item/search)
2023-06-30 16:26:00 [booklist] INFO: Fetched page 11
2023-06-30 16:26:00 [booklist] INFO: VALID_ID: 2585783
2023-06-30 16:26:00 [booklist] INFO: VALID_ID: 2585894
2023-06-30 16:26:00 [booklist] INFO: VALID_ID: 2585830
2023-06-30 16:26:00 [booklist] INFO: VALID_ID: 2585945
2023-06-30 16:26:00 [booklist] INFO: VALID_ID: 2609321
2023-06-30 16:26:00 [booklist] INFO: VALID_ID: 2583701
2023-06-30 16:26:00 [booklist] INFO: VALID_ID: 2583709
2023-06-30 16:26:00 [booklist] INFO: VALID_ID: 2583725
2023-06-30 16:26:00 [booklist] INFO: VALID_ID: 12865356
2023-06-30 16:26:00 [booklist] INFO: VALID_ID: 2583668
2023-06-30 16:26:00 [booklist] INFO: VALID_ID: 2583660
2023-06-30 16:26:00 [booklist] INFO: VALID_ID: 2583667
2023-06-30 16:26:00 [booklist] INFO: VALID_ID: 2583661
2023-06-30 16:26:00 [booklist] INFO: VALID_ID: 2583664
2023-06-30 16:26:00 [booklist] INFO: VALID_ID: 2583717
2023-06-30 16:26:00 [booklist] INFO: VALID_ID: 2583659
2023-06-30 16:26:00 [booklist] INFO: VALID_ID: 2583694
2023-06-30 16:26:00 [booklist] INFO: VALID_ID: 2583678
2023-06-30 16:26:00 [booklist] INFO: VALID_ID: 2583685
2023-06-30 16:26:00 [booklist] INFO: VALID_ID: 2583722
2023-06-30 16:26:00 [booklist] INFO: VALID_ID: 2583691
2023-06-30 16:26:00 [booklist] INFO: VALID_ID: 2583665
2023-06-30 16:26:00 [booklist] INFO: VALID_ID: 2583699
2023-06-30 16:26:00 [booklist] INFO: VALID_ID: 2583684
2023-06-30 16:26:00 [booklist] INFO: VALID_ID: 2583693
2023-06-30 16:26:00 [booklist] INFO: VALID_ID: 2583696
2023-06-30 16:26:00 [booklist] INFO: VALID_ID: 2583716
2023-06-30 16:26:00 [booklist] INFO: VALID_ID: 2583719
2023-06-30 16:26:00 [booklist] INFO: VALID_ID: 2606510
2023-06-30 16:26:00 [booklist] INFO: VALID_ID: 2583682
2023-06-30 16:26:00 [booklist] INFO: VALID_ID: 12865370
2023-06-30 16:26:00 [booklist] INFO: VALID_ID: 2583675
2023-06-30 16:26:00 [booklist] INFO: VALID_ID: 2606319
2023-06-30 16:26:00 [booklist] INFO: VALID_ID: 2609552
2023-06-30 16:26:00 [booklist] INFO: VALID_ID: 1286300
2023-06-30 16:26:00 [booklist] INFO: VALID_ID: 2583697
2023-06-30 16:26:00 [booklist] INFO: VALID_ID: 11892734
2023-06-30 16:26:00 [booklist] INFO: VALID_ID: 2583663
2023-06-30 16:26:00 [booklist] INFO: VALID_ID: 2583677
2023-06-30 16:26:00 [booklist] INFO: VALID_ID: 2583713
2023-06-30 16:26:00 [booklist] INFO: VALID_ID: 2583688
2023-06-30 16:26:00 [booklist] INFO: VALID_ID: 2583706
2023-06-30 16:26:00 [booklist] INFO: VALID_ID: 2583704
2023-06-30 16:26:00 [booklist] INFO: VALID_ID: 2583708
2023-06-30 16:26:00 [booklist] INFO: VALID_ID: 2583711
2023-06-30 16:26:00 [booklist] INFO: VALID_ID: 2583714
2023-06-30 16:26:00 [booklist] INFO: VALID_ID: 2583683
2023-06-30 16:26:00 [booklist] INFO: VALID_ID: 2583681
2023-06-30 16:26:00 [booklist] INFO: VALID_ID: 2610288
2023-06-30 16:26:00 [booklist] INFO: VALID_ID: 2583680
2023-06-30 16:26:00 [booklist] INFO: VALID_ID: 2583687
2023-06-30 16:26:00 [booklist] INFO: VALID_ID: 2609242
2023-06-30 16:26:00 [booklist] INFO: VALID_ID: 2583673
2023-06-30 16:26:00 [booklist] INFO: VALID_ID: 2583698
2023-06-30 16:26:00 [booklist] INFO: VALID_ID: 2583703
2023-06-30 16:26:00 [booklist] INFO: VALID_ID: 2583676
2023-06-30 16:26:00 [booklist] INFO: VALID_ID: 2583712
2023-06-30 16:26:00 [booklist] INFO: VALID_ID: 2583723
2023-06-30 16:26:00 [booklist] INFO: VALID_ID: 11446659
2023-06-30 16:26:00 [booklist] INFO: VALID_ID: 2610561
2023-06-30 16:26:00 [booklist] INFO: VALID_ID: 2583672
2023-06-30 16:26:00 [booklist] INFO: VALID_ID: 2583707
2023-06-30 16:26:00 [booklist] INFO: VALID_ID: 2583710
2023-06-30 16:26:00 [booklist] INFO: VALID_ID: 2610535
2023-06-30 16:26:00 [booklist] INFO: VALID_ID: 2608748
2023-06-30 16:26:00 [booklist] INFO: VALID_ID: 2610459
2023-06-30 16:26:00 [booklist] INFO: VALID_ID: 2583692
2023-06-30 16:26:00 [booklist] INFO: VALID_ID: 2583666
2023-06-30 16:26:00 [booklist] INFO: VALID_ID: 2583700
2023-06-30 16:26:00 [booklist] INFO: VALID_ID: 2583686
2023-06-30 16:26:00 [booklist] INFO: VALID_ID: 2583724
2023-06-30 16:26:00 [booklist] INFO: VALID_ID: 2583702
2023-06-30 16:26:00 [booklist] INFO: VALID_ID: 2583679
2023-06-30 16:26:00 [booklist] INFO: VALID_ID: 2583721
2023-06-30 16:26:00 [booklist] INFO: VALID_ID: 2583690
2023-06-30 16:26:00 [booklist] INFO: VALID_ID: 2609279
2023-06-30 16:26:00 [booklist] INFO: VALID_ID: 2583671
2023-06-30 16:26:00 [booklist] INFO: VALID_ID: 2583674
2023-06-30 16:26:00 [booklist] INFO: VALID_ID: 2583689
2023-06-30 16:26:00 [booklist] INFO: VALID_ID: 2609546
2023-06-30 16:26:00 [booklist] INFO: VALID_ID: 2535871
2023-06-30 16:26:00 [booklist] INFO: VALID_ID: 2606349
2023-06-30 16:26:00 [booklist] INFO: VALID_ID: 2610444
2023-06-30 16:26:00 [booklist] INFO: VALID_ID: 2608047
2023-06-30 16:26:00 [booklist] INFO: VALID_ID: 1286599
2023-06-30 16:26:00 [booklist] INFO: VALID_ID: 12865420
2023-06-30 16:26:00 [booklist] INFO: VALID_ID: 1286612
2023-06-30 16:26:00 [booklist] INFO: VALID_ID: 2606878
2023-06-30 16:26:00 [booklist] INFO: VALID_ID: 2610707
2023-06-30 16:26:00 [booklist] INFO: VALID_ID: 12865444
2023-06-30 16:26:00 [booklist] INFO: VALID_ID: 2607884
2023-06-30 16:26:00 [booklist] INFO: VALID_ID: 1286690
2023-06-30 16:26:00 [booklist] INFO: VALID_ID: 1286194
2023-06-30 16:26:00 [booklist] INFO: VALID_ID: 2608247
2023-06-30 16:26:00 [booklist] INFO: VALID_ID: 1287145
2023-06-30 16:26:00 [booklist] INFO: VALID_ID: 2610518
2023-06-30 16:26:00 [booklist] INFO: VALID_ID: 2610012
2023-06-30 16:26:00 [booklist] INFO: VALID_ID: 1286261
2023-06-30 16:26:00 [booklist] INFO: VALID_ID: 2607426
2023-06-30 16:26:00 [booklist] INFO: VALID_ID: 1287102
2023-06-30 16:26:00 [scrapy.core.engine] DEBUG: Crawled (200) <POST https://dl.ndl.go.jp/api/item/search> (referer: https://dl.ndl.go.jp/api/item/search)
2023-06-30 16:26:00 [booklist] INFO: Fetched page 12
2023-06-30 16:26:00 [booklist] INFO: VALID_ID: 1286611
2023-06-30 16:26:00 [booklist] INFO: VALID_ID: 10303928
2023-06-30 16:26:00 [booklist] INFO: VALID_ID: 2610138
2023-06-30 16:26:00 [booklist] INFO: VALID_ID: 2533429
2023-06-30 16:26:00 [booklist] INFO: VALID_ID: 1286499
2023-06-30 16:26:00 [booklist] INFO: VALID_ID: 1286260
2023-06-30 16:26:00 [booklist] INFO: VALID_ID: 2610801
2023-06-30 16:26:00 [booklist] INFO: VALID_ID: 2605345
2023-06-30 16:26:00 [booklist] INFO: VALID_ID: 2609582
2023-06-30 16:26:00 [booklist] INFO: VALID_ID: 2606959
2023-06-30 16:26:00 [booklist] INFO: VALID_ID: 11446536
2023-06-30 16:26:00 [booklist] INFO: VALID_ID: 2605758
2023-06-30 16:26:00 [booklist] INFO: VALID_ID: 2606838
2023-06-30 16:26:00 [booklist] INFO: VALID_ID: 2605229
2023-06-30 16:26:00 [booklist] INFO: VALID_ID: 2539111
2023-06-30 16:26:00 [booklist] INFO: VALID_ID: 2609783
2023-06-30 16:26:00 [booklist] INFO: VALID_ID: 2611035
2023-06-30 16:26:00 [booklist] INFO: VALID_ID: 11446616
2023-06-30 16:26:00 [booklist] INFO: VALID_ID: 11446618
2023-06-30 16:26:00 [booklist] INFO: VALID_ID: 2605996
2023-06-30 16:26:00 [booklist] INFO: VALID_ID: 2605465
2023-06-30 16:26:00 [booklist] INFO: VALID_ID: 11446313
2023-06-30 16:26:01 [scrapy.core.engine] DEBUG: Crawled (200) <POST https://dl.ndl.go.jp/api/item/search> (referer: https://dl.ndl.go.jp/api/item/search)
2023-06-30 16:26:01 [booklist] INFO: Fetched page 13
2023-06-30 16:26:01 [booklist] INFO: No more books on 13
2023-06-30 16:26:01 [scrapy.core.engine] INFO: Closing spider (finished)
2023-06-30 16:26:01 [scrapy.statscollectors] INFO: Dumping Scrapy stats:
{'downloader/request_bytes': 17690,
 'downloader/request_count': 14,
 'downloader/request_method_count/GET': 1,
 'downloader/request_method_count/POST': 13,
 'downloader/response_bytes': 5933962,
 'downloader/response_count': 14,
 'downloader/response_status_count/200': 14,
 'elapsed_time_seconds': 20.794096,
 'finish_reason': 'finished',
 'finish_time': datetime.datetime(2023, 6, 30, 8, 26, 1, 469604),
 'httpcompression/response_bytes': 70275244,
 'httpcompression/response_count': 13,
 'log_count/DEBUG': 17,
 'log_count/INFO': 1146,
 'memusage/max': 63848448,
 'memusage/startup': 63848448,
 'request_depth_max': 12,
 'response_received_count': 14,
 'robotstxt/request_count': 1,
 'robotstxt/response_count': 1,
 'robotstxt/response_status_count/200': 1,
 'scheduler/dequeued': 13,
 'scheduler/dequeued/memory': 13,
 'scheduler/enqueued': 13,
 'scheduler/enqueued/memory': 13,
 'start_time': datetime.datetime(2023, 6, 30, 8, 25, 40, 675508)}
2023-06-30 16:26:01 [scrapy.core.engine] INFO: Spider closed (finished)
