2023-06-30 16:53:23 [scrapy.utils.log] INFO: Scrapy 2.9.0 started (bot: ndlcrawler)
2023-06-30 16:53:23 [scrapy.utils.log] INFO: Versions: lxml 4.9.2.0, libxml2 2.9.14, cssselect 1.2.0, parsel 1.8.1, w3lib 2.1.1, Twisted 22.10.0, Python 3.10.10 (main, Mar  5 2023, 22:26:53) [GCC 12.2.1 20230201], pyOpenSSL 23.2.0 (OpenSSL 3.1.1 30 May 2023), cryptography 41.0.1, Platform Linux-6.2.12-arch1-1-x86_64-with-glibc2.37
2023-06-30 16:53:23 [scrapy.crawler] INFO: Overridden settings:
{'BOT_NAME': 'ndlcrawler',
 'FEED_EXPORT_ENCODING': 'utf-8',
 'LOG_FILE': 'logs/booklist.title.212.DESC.log',
 'NEWSPIDER_MODULE': 'ndlcrawler.spiders',
 'REQUEST_FINGERPRINTER_IMPLEMENTATION': '2.7',
 'ROBOTSTXT_OBEY': True,
 'SPIDER_MODULES': ['ndlcrawler.spiders'],
 'TWISTED_REACTOR': 'twisted.internet.asyncioreactor.AsyncioSelectorReactor'}
2023-06-30 16:53:23 [asyncio] DEBUG: Using selector: EpollSelector
2023-06-30 16:53:23 [scrapy.utils.log] DEBUG: Using reactor: twisted.internet.asyncioreactor.AsyncioSelectorReactor
2023-06-30 16:53:23 [scrapy.utils.log] DEBUG: Using asyncio event loop: asyncio.unix_events._UnixSelectorEventLoop
2023-06-30 16:53:23 [scrapy.extensions.telnet] INFO: Telnet Password: 4cb91a96100fdbed
2023-06-30 16:53:23 [scrapy.middleware] INFO: Enabled extensions:
['scrapy.extensions.corestats.CoreStats',
 'scrapy.extensions.telnet.TelnetConsole',
 'scrapy.extensions.memusage.MemoryUsage',
 'scrapy.extensions.logstats.LogStats']
2023-06-30 16:53:23 [scrapy.middleware] INFO: Enabled downloader middlewares:
['scrapy.downloadermiddlewares.robotstxt.RobotsTxtMiddleware',
 'scrapy.downloadermiddlewares.httpauth.HttpAuthMiddleware',
 'scrapy.downloadermiddlewares.downloadtimeout.DownloadTimeoutMiddleware',
 'scrapy.downloadermiddlewares.defaultheaders.DefaultHeadersMiddleware',
 'scrapy.downloadermiddlewares.useragent.UserAgentMiddleware',
 'scrapy.downloadermiddlewares.retry.RetryMiddleware',
 'scrapy.downloadermiddlewares.redirect.MetaRefreshMiddleware',
 'scrapy.downloadermiddlewares.httpcompression.HttpCompressionMiddleware',
 'scrapy.downloadermiddlewares.redirect.RedirectMiddleware',
 'scrapy.downloadermiddlewares.cookies.CookiesMiddleware',
 'scrapy.downloadermiddlewares.httpproxy.HttpProxyMiddleware',
 'scrapy.downloadermiddlewares.stats.DownloaderStats']
2023-06-30 16:53:23 [scrapy.middleware] INFO: Enabled spider middlewares:
['scrapy.spidermiddlewares.httperror.HttpErrorMiddleware',
 'scrapy.spidermiddlewares.offsite.OffsiteMiddleware',
 'scrapy.spidermiddlewares.referer.RefererMiddleware',
 'scrapy.spidermiddlewares.urllength.UrlLengthMiddleware',
 'scrapy.spidermiddlewares.depth.DepthMiddleware']
2023-06-30 16:53:23 [scrapy.middleware] INFO: Enabled item pipelines:
[]
2023-06-30 16:53:23 [scrapy.core.engine] INFO: Spider opened
2023-06-30 16:53:23 [scrapy.extensions.logstats] INFO: Crawled 0 pages (at 0 pages/min), scraped 0 items (at 0 items/min)
2023-06-30 16:53:23 [scrapy.extensions.telnet] INFO: Telnet console listening on 127.0.0.1:6023
2023-06-30 16:53:24 [scrapy.core.engine] DEBUG: Crawled (200) <GET https://dl.ndl.go.jp/robots.txt> (referer: None)
2023-06-30 16:53:25 [scrapy.core.engine] DEBUG: Crawled (200) <POST https://dl.ndl.go.jp/api/item/search> (referer: None)
2023-06-30 16:53:25 [booklist] INFO: Fetched page 1
2023-06-30 16:53:25 [booklist] INFO: VALID_ID: 2576221
2023-06-30 16:53:25 [booklist] INFO: VALID_ID: 2559107
2023-06-30 16:53:25 [booklist] INFO: VALID_ID: 2576896
2023-06-30 16:53:25 [booklist] INFO: VALID_ID: 2561892
2023-06-30 16:53:25 [booklist] INFO: VALID_ID: 2589997
2023-06-30 16:53:25 [booklist] INFO: VALID_ID: 2597165
2023-06-30 16:53:25 [booklist] INFO: VALID_ID: 2577504
2023-06-30 16:53:25 [booklist] INFO: VALID_ID: 2585871
2023-06-30 16:53:25 [booklist] INFO: VALID_ID: 2570780
2023-06-30 16:53:25 [booklist] INFO: VALID_ID: 2596206
2023-06-30 16:53:25 [booklist] INFO: VALID_ID: 2571070
2023-06-30 16:53:25 [booklist] INFO: VALID_ID: 2576810
2023-06-30 16:53:25 [booklist] INFO: VALID_ID: 2600392
2023-06-30 16:53:25 [booklist] INFO: VALID_ID: 2597915
2023-06-30 16:53:25 [booklist] INFO: VALID_ID: 2597074
2023-06-30 16:53:25 [booklist] INFO: VALID_ID: 2551120
2023-06-30 16:53:25 [booklist] INFO: VALID_ID: 11891835
2023-06-30 16:53:25 [booklist] INFO: VALID_ID: 2573983
2023-06-30 16:53:25 [booklist] INFO: VALID_ID: 2577413
2023-06-30 16:53:25 [booklist] INFO: VALID_ID: 2596934
2023-06-30 16:53:25 [booklist] INFO: VALID_ID: 2561801
2023-06-30 16:53:25 [booklist] INFO: VALID_ID: 2589906
2023-06-30 16:53:25 [booklist] INFO: VALID_ID: 2590507
2023-06-30 16:53:25 [booklist] INFO: VALID_ID: 2570600
2023-06-30 16:53:25 [booklist] INFO: VALID_ID: 2585769
2023-06-30 16:53:25 [booklist] INFO: VALID_ID: 2572447
2023-06-30 16:53:25 [booklist] INFO: VALID_ID: 10301302
2023-06-30 16:53:25 [booklist] INFO: VALID_ID: 2572356
2023-06-30 16:53:25 [booklist] INFO: VALID_ID: 2556943
2023-06-30 16:53:25 [booklist] INFO: VALID_ID: 2588740
2023-06-30 16:53:25 [booklist] INFO: VALID_ID: 2605361
2023-06-30 16:53:25 [booklist] INFO: VALID_ID: 2556935
2023-06-30 16:53:25 [booklist] INFO: VALID_ID: 2556936
2023-06-30 16:53:25 [booklist] INFO: VALID_ID: 2556942
2023-06-30 16:53:25 [booklist] INFO: VALID_ID: 2556934
2023-06-30 16:53:25 [booklist] INFO: VALID_ID: 2556939
2023-06-30 16:53:25 [booklist] INFO: VALID_ID: 2556937
2023-06-30 16:53:25 [booklist] INFO: VALID_ID: 2556941
2023-06-30 16:53:25 [booklist] INFO: VALID_ID: 2556938
2023-06-30 16:53:25 [booklist] INFO: VALID_ID: 2588404
2023-06-30 16:53:25 [booklist] INFO: VALID_ID: 2556940
2023-06-30 16:53:25 [booklist] INFO: VALID_ID: 2606455
2023-06-30 16:53:25 [booklist] INFO: VALID_ID: 2553699
2023-06-30 16:53:25 [booklist] INFO: VALID_ID: 2605835
2023-06-30 16:53:25 [booklist] INFO: VALID_ID: 2558121
2023-06-30 16:53:25 [booklist] INFO: VALID_ID: 2558127
2023-06-30 16:53:25 [booklist] INFO: VALID_ID: 2558130
2023-06-30 16:53:25 [booklist] INFO: VALID_ID: 2607204
2023-06-30 16:53:25 [booklist] INFO: VALID_ID: 2558122
2023-06-30 16:53:25 [booklist] INFO: VALID_ID: 2558125
2023-06-30 16:53:25 [booklist] INFO: VALID_ID: 2558131
2023-06-30 16:53:25 [booklist] INFO: VALID_ID: 2558129
2023-06-30 16:53:25 [booklist] INFO: VALID_ID: 2558124
2023-06-30 16:53:25 [booklist] INFO: VALID_ID: 2559122
2023-06-30 16:53:25 [booklist] INFO: VALID_ID: 2558126
2023-06-30 16:53:25 [booklist] INFO: VALID_ID: 2588648
2023-06-30 16:53:25 [booklist] INFO: VALID_ID: 2558123
2023-06-30 16:53:25 [booklist] INFO: VALID_ID: 2558128
2023-06-30 16:53:25 [booklist] INFO: VALID_ID: 2572147
2023-06-30 16:53:25 [booklist] INFO: VALID_ID: 2607529
2023-06-30 16:53:25 [booklist] INFO: VALID_ID: 2571602
2023-06-30 16:53:25 [booklist] INFO: VALID_ID: 2573099
2023-06-30 16:53:25 [booklist] INFO: VALID_ID: 2589040
2023-06-30 16:53:25 [booklist] INFO: VALID_ID: 2583688
2023-06-30 16:53:25 [booklist] INFO: VALID_ID: 2550530
2023-06-30 16:53:25 [booklist] INFO: VALID_ID: 2571478
2023-06-30 16:53:25 [booklist] INFO: VALID_ID: 2576238
2023-06-30 16:53:25 [booklist] INFO: VALID_ID: 2538457
2023-06-30 16:53:25 [booklist] INFO: VALID_ID: 2588949
2023-06-30 16:53:25 [booklist] INFO: VALID_ID: 2561544
2023-06-30 16:53:25 [booklist] INFO: VALID_ID: 2565098
2023-06-30 16:53:25 [booklist] INFO: VALID_ID: 2565091
2023-06-30 16:53:25 [booklist] INFO: VALID_ID: 2565103
2023-06-30 16:53:25 [booklist] INFO: VALID_ID: 2565088
2023-06-30 16:53:25 [booklist] INFO: VALID_ID: 2565099
2023-06-30 16:53:25 [booklist] INFO: VALID_ID: 2561549
2023-06-30 16:53:25 [booklist] INFO: VALID_ID: 2565095
2023-06-30 16:53:25 [booklist] INFO: VALID_ID: 2561545
2023-06-30 16:53:25 [booklist] INFO: VALID_ID: 2561541
2023-06-30 16:53:25 [booklist] INFO: VALID_ID: 2565093
2023-06-30 16:53:25 [booklist] INFO: VALID_ID: 2565100
2023-06-30 16:53:25 [booklist] INFO: VALID_ID: 2565085
2023-06-30 16:53:25 [booklist] INFO: VALID_ID: 2565092
2023-06-30 16:53:25 [booklist] INFO: VALID_ID: 2565097
2023-06-30 16:53:25 [booklist] INFO: VALID_ID: 2565105
2023-06-30 16:53:25 [booklist] INFO: VALID_ID: 2565089
2023-06-30 16:53:25 [booklist] INFO: VALID_ID: 2561546
2023-06-30 16:53:25 [booklist] INFO: VALID_ID: 2561550
2023-06-30 16:53:25 [booklist] INFO: VALID_ID: 2565096
2023-06-30 16:53:25 [booklist] INFO: VALID_ID: 2565101
2023-06-30 16:53:25 [booklist] INFO: VALID_ID: 2565106
2023-06-30 16:53:25 [booklist] INFO: VALID_ID: 2565104
2023-06-30 16:53:25 [booklist] INFO: VALID_ID: 2565090
2023-06-30 16:53:25 [booklist] INFO: VALID_ID: 2561547
2023-06-30 16:53:25 [booklist] INFO: VALID_ID: 2565086
2023-06-30 16:53:25 [booklist] INFO: VALID_ID: 2565094
2023-06-30 16:53:25 [booklist] INFO: VALID_ID: 2561548
2023-06-30 16:53:25 [booklist] INFO: VALID_ID: 2565084
2023-06-30 16:53:25 [booklist] INFO: VALID_ID: 2561543
2023-06-30 16:53:25 [booklist] INFO: VALID_ID: 2565087
2023-06-30 16:53:26 [scrapy.core.engine] DEBUG: Crawled (200) <POST https://dl.ndl.go.jp/api/item/search> (referer: https://dl.ndl.go.jp/api/item/search)
2023-06-30 16:53:27 [booklist] INFO: Fetched page 2
2023-06-30 16:53:27 [booklist] INFO: VALID_ID: 2565087
2023-06-30 16:53:27 [booklist] INFO: VALID_ID: 2565107
2023-06-30 16:53:27 [booklist] INFO: VALID_ID: 2608920
2023-06-30 16:53:27 [booklist] INFO: VALID_ID: 2565102
2023-06-30 16:53:27 [booklist] INFO: VALID_ID: 2608855
2023-06-30 16:53:27 [booklist] INFO: VALID_ID: 2561542
2023-06-30 16:53:27 [booklist] INFO: VALID_ID: 2587185
2023-06-30 16:53:27 [booklist] INFO: VALID_ID: 2578810
2023-06-30 16:53:27 [booklist] INFO: VALID_ID: 2578818
2023-06-30 16:53:27 [booklist] INFO: VALID_ID: 2578813
2023-06-30 16:53:27 [booklist] INFO: VALID_ID: 2578824
2023-06-30 16:53:27 [booklist] INFO: VALID_ID: 2578827
2023-06-30 16:53:27 [booklist] INFO: VALID_ID: 2578808
2023-06-30 16:53:27 [booklist] INFO: VALID_ID: 2578809
2023-06-30 16:53:27 [booklist] INFO: VALID_ID: 2578811
2023-06-30 16:53:27 [booklist] INFO: VALID_ID: 2578820
2023-06-30 16:53:27 [booklist] INFO: VALID_ID: 2578802
2023-06-30 16:53:27 [booklist] INFO: VALID_ID: 2578837
2023-06-30 16:53:27 [booklist] INFO: VALID_ID: 2578819
2023-06-30 16:53:27 [booklist] INFO: VALID_ID: 2578823
2023-06-30 16:53:27 [booklist] INFO: VALID_ID: 2578842
2023-06-30 16:53:27 [booklist] INFO: VALID_ID: 2578796
2023-06-30 16:53:27 [booklist] INFO: VALID_ID: 2578829
2023-06-30 16:53:27 [booklist] INFO: VALID_ID: 2578812
2023-06-30 16:53:27 [booklist] INFO: VALID_ID: 2578797
2023-06-30 16:53:27 [booklist] INFO: VALID_ID: 2578801
2023-06-30 16:53:27 [booklist] INFO: VALID_ID: 2578816
2023-06-30 16:53:27 [booklist] INFO: VALID_ID: 2578832
2023-06-30 16:53:27 [booklist] INFO: VALID_ID: 2578839
2023-06-30 16:53:27 [booklist] INFO: VALID_ID: 2578800
2023-06-30 16:53:27 [booklist] INFO: VALID_ID: 2578821
2023-06-30 16:53:27 [booklist] INFO: VALID_ID: 2578815
2023-06-30 16:53:27 [booklist] INFO: VALID_ID: 2578831
2023-06-30 16:53:27 [booklist] INFO: VALID_ID: 2578838
2023-06-30 16:53:27 [booklist] INFO: VALID_ID: 2578798
2023-06-30 16:53:27 [booklist] INFO: VALID_ID: 2578805
2023-06-30 16:53:27 [booklist] INFO: VALID_ID: 2578835
2023-06-30 16:53:27 [booklist] INFO: VALID_ID: 2578806
2023-06-30 16:53:27 [booklist] INFO: VALID_ID: 2578825
2023-06-30 16:53:27 [booklist] INFO: VALID_ID: 2578836
2023-06-30 16:53:27 [booklist] INFO: VALID_ID: 2610906
2023-06-30 16:53:27 [booklist] INFO: VALID_ID: 2578804
2023-06-30 16:53:27 [booklist] INFO: VALID_ID: 2578799
2023-06-30 16:53:27 [booklist] INFO: VALID_ID: 2578834
2023-06-30 16:53:27 [booklist] INFO: VALID_ID: 2578822
2023-06-30 16:53:27 [booklist] INFO: VALID_ID: 2578826
2023-06-30 16:53:27 [booklist] INFO: VALID_ID: 2578793
2023-06-30 16:53:27 [booklist] INFO: VALID_ID: 2578833
2023-06-30 16:53:27 [booklist] INFO: VALID_ID: 2578807
2023-06-30 16:53:27 [booklist] INFO: VALID_ID: 2578841
2023-06-30 16:53:27 [booklist] INFO: VALID_ID: 2578795
2023-06-30 16:53:27 [booklist] INFO: VALID_ID: 2578794
2023-06-30 16:53:27 [booklist] INFO: VALID_ID: 2578803
2023-06-30 16:53:27 [booklist] INFO: VALID_ID: 2578814
2023-06-30 16:53:27 [booklist] INFO: VALID_ID: 2578840
2023-06-30 16:53:27 [booklist] INFO: VALID_ID: 2578817
2023-06-30 16:53:27 [booklist] INFO: VALID_ID: 11446505
2023-06-30 16:53:27 [booklist] INFO: VALID_ID: 2578828
2023-06-30 16:53:27 [booklist] INFO: VALID_ID: 2578830
2023-06-30 16:53:27 [booklist] INFO: VALID_ID: 2572687
2023-06-30 16:53:27 [booklist] INFO: VALID_ID: 2572595
2023-06-30 16:53:27 [booklist] INFO: VALID_ID: 2593392
2023-06-30 16:53:27 [booklist] INFO: VALID_ID: 2552999
2023-06-30 16:53:27 [booklist] INFO: VALID_ID: 2605063
2023-06-30 16:53:27 [booklist] INFO: VALID_ID: 2547928
2023-06-30 16:53:27 [booklist] INFO: VALID_ID: 11223521
2023-06-30 16:53:27 [booklist] INFO: VALID_ID: 2571869
2023-06-30 16:53:27 [booklist] INFO: VALID_ID: 2581516
2023-06-30 16:53:27 [booklist] INFO: VALID_ID: 2548863
2023-06-30 16:53:27 [booklist] INFO: VALID_ID: 2549057
2023-06-30 16:53:27 [booklist] INFO: VALID_ID: 2580932
2023-06-30 16:53:27 [booklist] INFO: VALID_ID: 2598713
2023-06-30 16:53:27 [booklist] INFO: VALID_ID: 2586005
2023-06-30 16:53:27 [booklist] INFO: VALID_ID: 10303785
2023-06-30 16:53:27 [booklist] INFO: VALID_ID: 2581018
2023-06-30 16:53:27 [booklist] INFO: VALID_ID: 2590948
2023-06-30 16:53:27 [booklist] INFO: VALID_ID: 2547421
2023-06-30 16:53:27 [booklist] INFO: VALID_ID: 2553577
2023-06-30 16:53:27 [booklist] INFO: VALID_ID: 2591259
2023-06-30 16:53:27 [booklist] INFO: VALID_ID: 2551931
2023-06-30 16:53:27 [booklist] INFO: VALID_ID: 2583943
2023-06-30 16:53:27 [booklist] INFO: VALID_ID: 2548849
2023-06-30 16:53:27 [booklist] INFO: VALID_ID: 2585960
2023-06-30 16:53:27 [booklist] INFO: VALID_ID: 11223400
2023-06-30 16:53:27 [booklist] INFO: VALID_ID: 2607967
2023-06-30 16:53:27 [booklist] INFO: VALID_ID: 2605692
2023-06-30 16:53:27 [booklist] INFO: VALID_ID: 12866090
2023-06-30 16:53:27 [booklist] INFO: VALID_ID: 2549040
2023-06-30 16:53:27 [booklist] INFO: VALID_ID: 2555365
2023-06-30 16:53:27 [booklist] INFO: VALID_ID: 2605044
2023-06-30 16:53:27 [booklist] INFO: VALID_ID: 2583884
2023-06-30 16:53:27 [booklist] INFO: VALID_ID: 2551357
2023-06-30 16:53:27 [booklist] INFO: VALID_ID: 2584194
2023-06-30 16:53:27 [booklist] INFO: VALID_ID: 2582831
2023-06-30 16:53:27 [booklist] INFO: VALID_ID: 2585675
2023-06-30 16:53:27 [booklist] INFO: VALID_ID: 2610553
2023-06-30 16:53:27 [booklist] INFO: VALID_ID: 11607822
2023-06-30 16:53:27 [booklist] INFO: VALID_ID: 2563669
2023-06-30 16:53:27 [booklist] INFO: VALID_ID: 12866103
2023-06-30 16:53:27 [booklist] INFO: VALID_ID: 2570413
2023-06-30 16:53:28 [scrapy.core.engine] DEBUG: Crawled (200) <POST https://dl.ndl.go.jp/api/item/search> (referer: https://dl.ndl.go.jp/api/item/search)
2023-06-30 16:53:28 [booklist] INFO: Fetched page 3
2023-06-30 16:53:28 [booklist] INFO: VALID_ID: 12866103
2023-06-30 16:53:28 [booklist] INFO: VALID_ID: 2608186
2023-06-30 16:53:28 [booklist] INFO: VALID_ID: 2585666
2023-06-30 16:53:28 [booklist] INFO: VALID_ID: 2570413
2023-06-30 16:53:28 [booklist] INFO: VALID_ID: 2610375
2023-06-30 16:53:28 [booklist] INFO: VALID_ID: 2585669
2023-06-30 16:53:28 [booklist] INFO: VALID_ID: 2601426
2023-06-30 16:53:28 [booklist] INFO: VALID_ID: 2610785
2023-06-30 16:53:28 [booklist] INFO: VALID_ID: 2569862
2023-06-30 16:53:28 [booklist] INFO: VALID_ID: 2610395
2023-06-30 16:53:28 [booklist] INFO: VALID_ID: 2546236
2023-06-30 16:53:28 [booklist] INFO: VALID_ID: 2605528
2023-06-30 16:53:28 [booklist] INFO: VALID_ID: 2609818
2023-06-30 16:53:28 [booklist] INFO: VALID_ID: 2609735
2023-06-30 16:53:28 [booklist] INFO: VALID_ID: 2608138
2023-06-30 16:53:28 [booklist] INFO: VALID_ID: 2608023
2023-06-30 16:53:28 [booklist] INFO: VALID_ID: 2605996
2023-06-30 16:53:28 [booklist] INFO: VALID_ID: 12865356
2023-06-30 16:53:28 [booklist] INFO: VALID_ID: 2585374
2023-06-30 16:53:28 [booklist] INFO: VALID_ID: 2605995
2023-06-30 16:53:28 [booklist] INFO: VALID_ID: 2611028
2023-06-30 16:53:28 [booklist] INFO: VALID_ID: 2606744
2023-06-30 16:53:28 [booklist] INFO: VALID_ID: 2546788
2023-06-30 16:53:28 [booklist] INFO: VALID_ID: 2610250
2023-06-30 16:53:28 [booklist] INFO: VALID_ID: 2609975
2023-06-30 16:53:28 [booklist] INFO: VALID_ID: 11446659
2023-06-30 16:53:28 [booklist] INFO: VALID_ID: 2587040
2023-06-30 16:53:28 [booklist] INFO: VALID_ID: 2585852
2023-06-30 16:53:28 [booklist] INFO: VALID_ID: 2585876
2023-06-30 16:53:28 [booklist] INFO: VALID_ID: 2585884
2023-06-30 16:53:28 [booklist] INFO: VALID_ID: 2585828
2023-06-30 16:53:28 [booklist] INFO: VALID_ID: 2585928
2023-06-30 16:53:28 [booklist] INFO: VALID_ID: 2585839
2023-06-30 16:53:28 [booklist] INFO: VALID_ID: 2585793
2023-06-30 16:53:28 [booklist] INFO: VALID_ID: 2585888
2023-06-30 16:53:28 [booklist] INFO: VALID_ID: 2585919
2023-06-30 16:53:28 [booklist] INFO: VALID_ID: 2585834
2023-06-30 16:53:28 [booklist] INFO: VALID_ID: 2585898
2023-06-30 16:53:28 [booklist] INFO: VALID_ID: 2585914
2023-06-30 16:53:28 [booklist] INFO: VALID_ID: 2585822
2023-06-30 16:53:28 [booklist] INFO: VALID_ID: 2585932
2023-06-30 16:53:28 [booklist] INFO: VALID_ID: 2585885
2023-06-30 16:53:28 [booklist] INFO: VALID_ID: 2585803
2023-06-30 16:53:28 [booklist] INFO: VALID_ID: 2585824
2023-06-30 16:53:28 [booklist] INFO: VALID_ID: 2585857
2023-06-30 16:53:28 [booklist] INFO: VALID_ID: 2585766
2023-06-30 16:53:28 [booklist] INFO: VALID_ID: 2585770
2023-06-30 16:53:28 [booklist] INFO: VALID_ID: 2585877
2023-06-30 16:53:28 [booklist] INFO: VALID_ID: 2585891
2023-06-30 16:53:28 [booklist] INFO: VALID_ID: 2585813
2023-06-30 16:53:28 [booklist] INFO: VALID_ID: 2585836
2023-06-30 16:53:28 [booklist] INFO: VALID_ID: 2585841
2023-06-30 16:53:28 [booklist] INFO: VALID_ID: 2585867
2023-06-30 16:53:28 [booklist] INFO: VALID_ID: 2585870
2023-06-30 16:53:28 [booklist] INFO: VALID_ID: 2585782
2023-06-30 16:53:28 [booklist] INFO: VALID_ID: 2585796
2023-06-30 16:53:28 [booklist] INFO: VALID_ID: 2585947
2023-06-30 16:53:28 [booklist] INFO: VALID_ID: 2585856
2023-06-30 16:53:28 [booklist] INFO: VALID_ID: 2585861
2023-06-30 16:53:28 [booklist] INFO: VALID_ID: 2585786
2023-06-30 16:53:28 [booklist] INFO: VALID_ID: 2585790
2023-06-30 16:53:28 [booklist] INFO: VALID_ID: 2585808
2023-06-30 16:53:28 [booklist] INFO: VALID_ID: 2585906
2023-06-30 16:53:28 [booklist] INFO: VALID_ID: 2585912
2023-06-30 16:53:28 [booklist] INFO: VALID_ID: 2585817
2023-06-30 16:53:28 [booklist] INFO: VALID_ID: 2585915
2023-06-30 16:53:28 [booklist] INFO: VALID_ID: 2585825
2023-06-30 16:53:28 [booklist] INFO: VALID_ID: 2585924
2023-06-30 16:53:28 [booklist] INFO: VALID_ID: 2609279
2023-06-30 16:53:28 [booklist] INFO: VALID_ID: 2609468
2023-06-30 16:53:28 [booklist] INFO: VALID_ID: 2585896
2023-06-30 16:53:28 [booklist] INFO: VALID_ID: 2585816
2023-06-30 16:53:28 [booklist] INFO: VALID_ID: 2585832
2023-06-30 16:53:28 [booklist] INFO: VALID_ID: 2585837
2023-06-30 16:53:28 [booklist] INFO: VALID_ID: 2585939
2023-06-30 16:53:28 [booklist] INFO: VALID_ID: 2609888
2023-06-30 16:53:28 [booklist] INFO: VALID_ID: 2585862
2023-06-30 16:53:28 [booklist] INFO: VALID_ID: 2585872
2023-06-30 16:53:28 [booklist] INFO: VALID_ID: 2585791
2023-06-30 16:53:28 [booklist] INFO: VALID_ID: 2585801
2023-06-30 16:53:28 [booklist] INFO: VALID_ID: 2585809
2023-06-30 16:53:28 [booklist] INFO: VALID_ID: 2585904
2023-06-30 16:53:28 [booklist] INFO: VALID_ID: 2585923
2023-06-30 16:53:28 [booklist] INFO: VALID_ID: 2585844
2023-06-30 16:53:28 [booklist] INFO: VALID_ID: 2585865
2023-06-30 16:53:28 [booklist] INFO: VALID_ID: 2585781
2023-06-30 16:53:28 [booklist] INFO: VALID_ID: 2585878
2023-06-30 16:53:28 [booklist] INFO: VALID_ID: 2585815
2023-06-30 16:53:28 [booklist] INFO: VALID_ID: 2585821
2023-06-30 16:53:28 [booklist] INFO: VALID_ID: 2585925
2023-06-30 16:53:28 [booklist] INFO: VALID_ID: 2585927
2023-06-30 16:53:28 [booklist] INFO: VALID_ID: 2585929
2023-06-30 16:53:28 [booklist] INFO: VALID_ID: 2606848
2023-06-30 16:53:28 [booklist] INFO: VALID_ID: 2609656
2023-06-30 16:53:28 [booklist] INFO: VALID_ID: 2585760
2023-06-30 16:53:28 [booklist] INFO: VALID_ID: 2585789
2023-06-30 16:53:28 [booklist] INFO: VALID_ID: 2585887
2023-06-30 16:53:28 [booklist] INFO: VALID_ID: 2585897
2023-06-30 16:53:28 [booklist] INFO: VALID_ID: 2585805
2023-06-30 16:53:28 [booklist] INFO: VALID_ID: 2585814
2023-06-30 16:53:29 [scrapy.core.engine] DEBUG: Crawled (200) <POST https://dl.ndl.go.jp/api/item/search> (referer: https://dl.ndl.go.jp/api/item/search)
2023-06-30 16:53:29 [booklist] INFO: Fetched page 4
2023-06-30 16:53:29 [booklist] INFO: VALID_ID: 2585842
2023-06-30 16:53:29 [booklist] INFO: VALID_ID: 2585865
2023-06-30 16:53:29 [booklist] INFO: VALID_ID: 2585781
2023-06-30 16:53:29 [booklist] INFO: VALID_ID: 2585878
2023-06-30 16:53:29 [booklist] INFO: VALID_ID: 2585815
2023-06-30 16:53:29 [booklist] INFO: VALID_ID: 2585821
2023-06-30 16:53:29 [booklist] INFO: VALID_ID: 2585925
2023-06-30 16:53:29 [booklist] INFO: VALID_ID: 2585927
2023-06-30 16:53:29 [booklist] INFO: VALID_ID: 2585929
2023-06-30 16:53:29 [booklist] INFO: VALID_ID: 11446658
2023-06-30 16:53:29 [booklist] INFO: VALID_ID: 2585854
2023-06-30 16:53:29 [booklist] INFO: VALID_ID: 2585804
2023-06-30 16:53:29 [booklist] INFO: VALID_ID: 2585903
2023-06-30 16:53:29 [booklist] INFO: VALID_ID: 2585826
2023-06-30 16:53:29 [booklist] INFO: VALID_ID: 2585931
2023-06-30 16:53:29 [booklist] INFO: VALID_ID: 2585850
2023-06-30 16:53:29 [booklist] INFO: VALID_ID: 2585948
2023-06-30 16:53:29 [booklist] INFO: VALID_ID: 2585883
2023-06-30 16:53:29 [booklist] INFO: VALID_ID: 2585800
2023-06-30 16:53:29 [booklist] INFO: VALID_ID: 2585810
2023-06-30 16:53:29 [booklist] INFO: VALID_ID: 2585819
2023-06-30 16:53:29 [booklist] INFO: VALID_ID: 2585926
2023-06-30 16:53:29 [booklist] INFO: VALID_ID: 2585846
2023-06-30 16:53:29 [booklist] INFO: VALID_ID: 2585856
2023-06-30 16:53:29 [booklist] INFO: VALID_ID: 2585861
2023-06-30 16:53:29 [booklist] INFO: VALID_ID: 2585786
2023-06-30 16:53:29 [booklist] INFO: VALID_ID: 2585790
2023-06-30 16:53:29 [booklist] INFO: VALID_ID: 2585808
2023-06-30 16:53:29 [booklist] INFO: VALID_ID: 2585906
2023-06-30 16:53:29 [booklist] INFO: VALID_ID: 2585912
2023-06-30 16:53:29 [booklist] INFO: VALID_ID: 2585817
2023-06-30 16:53:29 [booklist] INFO: VALID_ID: 2585915
2023-06-30 16:53:29 [booklist] INFO: VALID_ID: 2585825
2023-06-30 16:53:29 [booklist] INFO: VALID_ID: 2585924
2023-06-30 16:53:29 [booklist] INFO: VALID_ID: 2610707
2023-06-30 16:53:29 [booklist] INFO: VALID_ID: 2585858
2023-06-30 16:53:29 [booklist] INFO: VALID_ID: 2585866
2023-06-30 16:53:29 [booklist] INFO: VALID_ID: 2585780
2023-06-30 16:53:29 [booklist] INFO: VALID_ID: 2585889
2023-06-30 16:53:29 [booklist] INFO: VALID_ID: 2585890
2023-06-30 16:53:29 [booklist] INFO: VALID_ID: 2585895
2023-06-30 16:53:29 [booklist] INFO: VALID_ID: 2585901
2023-06-30 16:53:29 [booklist] INFO: VALID_ID: 2585934
2023-06-30 16:53:29 [booklist] INFO: VALID_ID: 2585775
2023-06-30 16:53:29 [booklist] INFO: VALID_ID: 2585879
2023-06-30 16:53:29 [booklist] INFO: VALID_ID: 2585802
2023-06-30 16:53:29 [booklist] INFO: VALID_ID: 2585900
2023-06-30 16:53:29 [booklist] INFO: VALID_ID: 2585818
2023-06-30 16:53:29 [booklist] INFO: VALID_ID: 2585922
2023-06-30 16:53:29 [booklist] INFO: VALID_ID: 2585936
2023-06-30 16:53:29 [booklist] INFO: VALID_ID: 2585823
2023-06-30 16:53:29 [booklist] INFO: VALID_ID: 2585920
2023-06-30 16:53:29 [booklist] INFO: VALID_ID: 2608444
2023-06-30 16:53:29 [booklist] INFO: VALID_ID: 2585853
2023-06-30 16:53:29 [booklist] INFO: VALID_ID: 2585893
2023-06-30 16:53:29 [booklist] INFO: VALID_ID: 2585911
2023-06-30 16:53:29 [booklist] INFO: VALID_ID: 2585917
2023-06-30 16:53:29 [booklist] INFO: VALID_ID: 2585838
2023-06-30 16:53:29 [booklist] INFO: VALID_ID: 2609629
2023-06-30 16:53:29 [booklist] INFO: VALID_ID: 2610012
2023-06-30 16:53:29 [booklist] INFO: VALID_ID: 2585764
2023-06-30 16:53:29 [booklist] INFO: VALID_ID: 2585910
2023-06-30 16:53:29 [booklist] INFO: VALID_ID: 2585913
2023-06-30 16:53:29 [booklist] INFO: VALID_ID: 2585763
2023-06-30 16:53:29 [booklist] INFO: VALID_ID: 2585860
2023-06-30 16:53:29 [booklist] INFO: VALID_ID: 2585768
2023-06-30 16:53:29 [booklist] INFO: VALID_ID: 2585909
2023-06-30 16:53:29 [booklist] INFO: VALID_ID: 2585835
2023-06-30 16:53:29 [booklist] INFO: VALID_ID: 2585847
2023-06-30 16:53:29 [booklist] INFO: VALID_ID: 2585779
2023-06-30 16:53:29 [booklist] INFO: VALID_ID: 2585886
2023-06-30 16:53:29 [booklist] INFO: VALID_ID: 2585807
2023-06-30 16:53:29 [booklist] INFO: VALID_ID: 2608873
2023-06-30 16:53:29 [booklist] INFO: VALID_ID: 2585855
2023-06-30 16:53:29 [booklist] INFO: VALID_ID: 2585777
2023-06-30 16:53:29 [booklist] INFO: VALID_ID: 2585783
2023-06-30 16:53:29 [booklist] INFO: VALID_ID: 2585894
2023-06-30 16:53:29 [booklist] INFO: VALID_ID: 2585830
2023-06-30 16:53:29 [booklist] INFO: VALID_ID: 2585945
2023-06-30 16:53:29 [booklist] INFO: VALID_ID: 2585773
2023-06-30 16:53:29 [booklist] INFO: VALID_ID: 2585869
2023-06-30 16:53:29 [booklist] INFO: VALID_ID: 2585881
2023-06-30 16:53:29 [booklist] INFO: VALID_ID: 2585787
2023-06-30 16:53:29 [booklist] INFO: VALID_ID: 2585806
2023-06-30 16:53:29 [booklist] INFO: VALID_ID: 2585907
2023-06-30 16:53:29 [booklist] INFO: VALID_ID: 2585845
2023-06-30 16:53:29 [booklist] INFO: VALID_ID: 2585944
2023-06-30 16:53:29 [booklist] INFO: VALID_ID: 2585848
2023-06-30 16:53:29 [booklist] INFO: VALID_ID: 2610226
2023-06-30 16:53:29 [booklist] INFO: VALID_ID: 2585874
2023-06-30 16:53:29 [booklist] INFO: VALID_ID: 2585892
2023-06-30 16:53:29 [booklist] INFO: VALID_ID: 2585933
2023-06-30 16:53:29 [booklist] INFO: VALID_ID: 2608646
2023-06-30 16:53:29 [booklist] INFO: VALID_ID: 2605933
2023-06-30 16:53:29 [booklist] INFO: VALID_ID: 8943312
2023-06-30 16:53:29 [booklist] INFO: VALID_ID: 11892809
2023-06-30 16:53:29 [booklist] INFO: VALID_ID: 2585776
2023-06-30 16:53:29 [booklist] INFO: VALID_ID: 2585778
2023-06-30 16:53:29 [booklist] INFO: VALID_ID: 2585882
2023-06-30 16:53:29 [booklist] INFO: VALID_ID: 2585799
2023-06-30 16:53:30 [scrapy.core.engine] DEBUG: Crawled (200) <POST https://dl.ndl.go.jp/api/item/search> (referer: https://dl.ndl.go.jp/api/item/search)
2023-06-30 16:53:30 [booklist] INFO: Fetched page 5
2023-06-30 16:53:31 [booklist] INFO: VALID_ID: 2585936
2023-06-30 16:53:31 [booklist] INFO: VALID_ID: 2543380
2023-06-30 16:53:31 [booklist] INFO: VALID_ID: 2609989
2023-06-30 16:53:31 [booklist] INFO: VALID_ID: 2585765
2023-06-30 16:53:31 [booklist] INFO: VALID_ID: 2585859
2023-06-30 16:53:31 [booklist] INFO: VALID_ID: 2585880
2023-06-30 16:53:31 [booklist] INFO: VALID_ID: 2585899
2023-06-30 16:53:31 [booklist] INFO: VALID_ID: 2585811
2023-06-30 16:53:31 [booklist] INFO: VALID_ID: 2585827
2023-06-30 16:53:31 [booklist] INFO: VALID_ID: 2585937
2023-06-30 16:53:31 [booklist] INFO: VALID_ID: 2585843
2023-06-30 16:53:31 [booklist] INFO: VALID_ID: 2585849
2023-06-30 16:53:31 [booklist] INFO: VALID_ID: 2608047
2023-06-30 16:53:31 [booklist] INFO: VALID_ID: 2608467
2023-06-30 16:53:31 [booklist] INFO: VALID_ID: 2585798
2023-06-30 16:53:31 [booklist] INFO: VALID_ID: 2585902
2023-06-30 16:53:31 [booklist] INFO: VALID_ID: 2585840
2023-06-30 16:53:31 [booklist] INFO: VALID_ID: 2610103
2023-06-30 16:53:31 [booklist] INFO: VALID_ID: 2610012
2023-06-30 16:53:31 [booklist] INFO: VALID_ID: 2585862
2023-06-30 16:53:31 [booklist] INFO: VALID_ID: 2585872
2023-06-30 16:53:31 [booklist] INFO: VALID_ID: 2585791
2023-06-30 16:53:31 [booklist] INFO: VALID_ID: 2585801
2023-06-30 16:53:31 [booklist] INFO: VALID_ID: 2585809
2023-06-30 16:53:31 [booklist] INFO: VALID_ID: 2585904
2023-06-30 16:53:31 [booklist] INFO: VALID_ID: 2585923
2023-06-30 16:53:31 [booklist] INFO: VALID_ID: 2585844
2023-06-30 16:53:31 [booklist] INFO: VALID_ID: 2609444
2023-06-30 16:53:31 [booklist] INFO: VALID_ID: 2607426
2023-06-30 16:53:31 [booklist] INFO: VALID_ID: 2610325
2023-06-30 16:53:31 [booklist] INFO: VALID_ID: 2585759
2023-06-30 16:53:31 [booklist] INFO: VALID_ID: 2585762
2023-06-30 16:53:31 [booklist] INFO: VALID_ID: 2585794
2023-06-30 16:53:31 [booklist] INFO: VALID_ID: 2585905
2023-06-30 16:53:31 [booklist] INFO: VALID_ID: 2585767
2023-06-30 16:53:31 [booklist] INFO: VALID_ID: 2585774
2023-06-30 16:53:31 [booklist] INFO: VALID_ID: 2585908
2023-06-30 16:53:31 [booklist] INFO: VALID_ID: 2585930
2023-06-30 16:53:31 [booklist] INFO: VALID_ID: 2585935
2023-06-30 16:53:31 [booklist] INFO: VALID_ID: 2585946
2023-06-30 16:53:31 [booklist] INFO: VALID_ID: 2608737
2023-06-30 16:53:31 [booklist] INFO: VALID_ID: 2610875
2023-06-30 16:53:31 [booklist] INFO: VALID_ID: 2609222
2023-06-30 16:53:31 [booklist] INFO: VALID_ID: 11038888
2023-06-30 16:53:31 [booklist] INFO: VALID_ID: 11038911
2023-06-30 16:53:31 [booklist] INFO: VALID_ID: 11038908
2023-06-30 16:53:31 [booklist] INFO: VALID_ID: 11038892
2023-06-30 16:53:31 [booklist] INFO: VALID_ID: 12865370
2023-06-30 16:53:31 [booklist] INFO: VALID_ID: 2609783
2023-06-30 16:53:31 [booklist] INFO: VALID_ID: 2607319
2023-06-30 16:53:31 [booklist] INFO: VALID_ID: 11038878
2023-06-30 16:53:31 [booklist] INFO: VALID_ID: 11038896
2023-06-30 16:53:31 [booklist] INFO: VALID_ID: 11038904
2023-06-30 16:53:31 [booklist] INFO: VALID_ID: 2609546
2023-06-30 16:53:31 [booklist] INFO: VALID_ID: 2610583
2023-06-30 16:53:31 [booklist] INFO: VALID_ID: 11038906
2023-06-30 16:53:31 [booklist] INFO: VALID_ID: 11038894
2023-06-30 16:53:31 [booklist] INFO: VALID_ID: 11038909
2023-06-30 16:53:31 [booklist] INFO: VALID_ID: 10954754
2023-06-30 16:53:31 [booklist] INFO: VALID_ID: 2570415
2023-06-30 16:53:31 [booklist] INFO: VALID_ID: 11038875
2023-06-30 16:53:31 [booklist] INFO: VALID_ID: 11038876
2023-06-30 16:53:31 [booklist] INFO: VALID_ID: 11038884
2023-06-30 16:53:31 [booklist] INFO: VALID_ID: 11038914
2023-06-30 16:53:31 [booklist] INFO: VALID_ID: 11038901
2023-06-30 16:53:31 [booklist] INFO: VALID_ID: 11038898
2023-06-30 16:53:31 [booklist] INFO: VALID_ID: 11038919
2023-06-30 16:53:31 [booklist] INFO: VALID_ID: 11038885
2023-06-30 16:53:31 [booklist] INFO: VALID_ID: 11038899
2023-06-30 16:53:31 [booklist] INFO: VALID_ID: 2606349
2023-06-30 16:53:31 [booklist] INFO: VALID_ID: 11038912
2023-06-30 16:53:31 [booklist] INFO: VALID_ID: 11038887
2023-06-30 16:53:31 [booklist] INFO: VALID_ID: 11038902
2023-06-30 16:53:31 [booklist] INFO: VALID_ID: 11038886
2023-06-30 16:53:31 [booklist] INFO: VALID_ID: 11038893
2023-06-30 16:53:31 [booklist] INFO: VALID_ID: 11038895
2023-06-30 16:53:31 [booklist] INFO: VALID_ID: 11038874
2023-06-30 16:53:31 [booklist] INFO: VALID_ID: 11038880
2023-06-30 16:53:31 [booklist] INFO: VALID_ID: 2611035
2023-06-30 16:53:31 [booklist] INFO: VALID_ID: 11038890
2023-06-30 16:53:31 [booklist] INFO: VALID_ID: 11038877
2023-06-30 16:53:31 [booklist] INFO: VALID_ID: 11038910
2023-06-30 16:53:31 [booklist] INFO: VALID_ID: 11038915
2023-06-30 16:53:31 [booklist] INFO: VALID_ID: 11038907
2023-06-30 16:53:31 [booklist] INFO: VALID_ID: 2609212
2023-06-30 16:53:31 [booklist] INFO: VALID_ID: 2607150
2023-06-30 16:53:31 [booklist] INFO: VALID_ID: 2608900
2023-06-30 16:53:31 [booklist] INFO: VALID_ID: 11038882
2023-06-30 16:53:31 [booklist] INFO: VALID_ID: 11038891
2023-06-30 16:53:31 [booklist] INFO: VALID_ID: 11038913
2023-06-30 16:53:31 [booklist] INFO: VALID_ID: 2606303
2023-06-30 16:53:31 [booklist] INFO: VALID_ID: 11038889
2023-06-30 16:53:31 [booklist] INFO: VALID_ID: 11038905
2023-06-30 16:53:31 [booklist] INFO: VALID_ID: 12865332
2023-06-30 16:53:31 [booklist] INFO: VALID_ID: 11223558
2023-06-30 16:53:31 [booklist] INFO: VALID_ID: 2610893
2023-06-30 16:53:31 [booklist] INFO: VALID_ID: 2606073
2023-06-30 16:53:31 [booklist] INFO: VALID_ID: 2608598
2023-06-30 16:53:31 [booklist] INFO: VALID_ID: 2609581
2023-06-30 16:53:31 [booklist] INFO: VALID_ID: 2606544
2023-06-30 16:53:31 [scrapy.core.engine] DEBUG: Crawled (200) <POST https://dl.ndl.go.jp/api/item/search> (referer: https://dl.ndl.go.jp/api/item/search)
2023-06-30 16:53:31 [booklist] INFO: Fetched page 6
2023-06-30 16:53:31 [booklist] INFO: VALID_ID: 2608884
2023-06-30 16:53:31 [booklist] INFO: VALID_ID: 2609783
2023-06-30 16:53:31 [booklist] INFO: VALID_ID: 12865414
2023-06-30 16:53:31 [booklist] INFO: VALID_ID: 2607986
2023-06-30 16:53:31 [booklist] INFO: VALID_ID: 2609242
2023-06-30 16:53:31 [booklist] INFO: VALID_ID: 2606319
2023-06-30 16:53:31 [booklist] INFO: VALID_ID: 11892753
2023-06-30 16:53:31 [booklist] INFO: VALID_ID: 2610535
2023-06-30 16:53:31 [booklist] INFO: VALID_ID: 11892789
2023-06-30 16:53:31 [booklist] INFO: VALID_ID: 12865597
2023-06-30 16:53:31 [booklist] INFO: VALID_ID: 2583684
2023-06-30 16:53:31 [booklist] INFO: VALID_ID: 2583702
2023-06-30 16:53:31 [booklist] INFO: VALID_ID: 2583679
2023-06-30 16:53:31 [booklist] INFO: VALID_ID: 2583721
2023-06-30 16:53:31 [booklist] INFO: VALID_ID: 2583690
2023-06-30 16:53:31 [booklist] INFO: VALID_ID: 2583668
2023-06-30 16:53:31 [booklist] INFO: VALID_ID: 2608824
2023-06-30 16:53:31 [booklist] INFO: VALID_ID: 2583693
2023-06-30 16:53:31 [booklist] INFO: VALID_ID: 2583696
2023-06-30 16:53:31 [booklist] INFO: VALID_ID: 2583716
2023-06-30 16:53:31 [booklist] INFO: VALID_ID: 2583719
2023-06-30 16:53:31 [booklist] INFO: VALID_ID: 2583673
2023-06-30 16:53:31 [booklist] INFO: VALID_ID: 2583681
2023-06-30 16:53:31 [booklist] INFO: VALID_ID: 2583704
2023-06-30 16:53:31 [booklist] INFO: VALID_ID: 2583708
2023-06-30 16:53:31 [booklist] INFO: VALID_ID: 2583711
2023-06-30 16:53:31 [booklist] INFO: VALID_ID: 2583660
2023-06-30 16:53:31 [booklist] INFO: VALID_ID: 2583667
2023-06-30 16:53:31 [booklist] INFO: VALID_ID: 2610833
2023-06-30 16:53:31 [booklist] INFO: VALID_ID: 2583697
2023-06-30 16:53:31 [booklist] INFO: VALID_ID: 2609924
2023-06-30 16:53:31 [booklist] INFO: VALID_ID: 2583715
2023-06-30 16:53:31 [booklist] INFO: VALID_ID: 2583675
2023-06-30 16:53:31 [booklist] INFO: VALID_ID: 2583680
2023-06-30 16:53:31 [booklist] INFO: VALID_ID: 2583687
2023-06-30 16:53:31 [booklist] INFO: VALID_ID: 11892728
2023-06-30 16:53:31 [booklist] INFO: VALID_ID: 2583692
2023-06-30 16:53:31 [booklist] INFO: VALID_ID: 2583662
2023-06-30 16:53:31 [booklist] INFO: VALID_ID: 2583666
2023-06-30 16:53:31 [booklist] INFO: VALID_ID: 2583700
2023-06-30 16:53:31 [booklist] INFO: VALID_ID: 2583686
2023-06-30 16:53:31 [booklist] INFO: VALID_ID: 2583724
2023-06-30 16:53:31 [booklist] INFO: VALID_ID: 2583706
2023-06-30 16:53:31 [booklist] INFO: VALID_ID: 2583659
2023-06-30 16:53:31 [booklist] INFO: VALID_ID: 2583694
2023-06-30 16:53:31 [booklist] INFO: VALID_ID: 2583678
2023-06-30 16:53:31 [booklist] INFO: VALID_ID: 2583685
2023-06-30 16:53:31 [booklist] INFO: VALID_ID: 2583722
2023-06-30 16:53:31 [booklist] INFO: VALID_ID: 2583691
2023-06-30 16:53:31 [booklist] INFO: VALID_ID: 2583695
2023-06-30 16:53:31 [booklist] INFO: VALID_ID: 2583671
2023-06-30 16:53:31 [booklist] INFO: VALID_ID: 2583674
2023-06-30 16:53:31 [booklist] INFO: VALID_ID: 2583689
2023-06-30 16:53:31 [booklist] INFO: VALID_ID: 2610561
2023-06-30 16:53:31 [booklist] INFO: VALID_ID: 2583672
2023-06-30 16:53:31 [booklist] INFO: VALID_ID: 2583707
2023-06-30 16:53:31 [booklist] INFO: VALID_ID: 2583710
2023-06-30 16:53:31 [booklist] INFO: VALID_ID: 2583714
2023-06-30 16:53:31 [booklist] INFO: VALID_ID: 2583683
2023-06-30 16:53:31 [booklist] INFO: VALID_ID: 2583705
2023-06-30 16:53:31 [booklist] INFO: VALID_ID: 2583718
2023-06-30 16:53:31 [booklist] INFO: VALID_ID: 2608817
2023-06-30 16:53:31 [booklist] INFO: VALID_ID: 2605895
2023-06-30 16:53:31 [booklist] INFO: VALID_ID: 2583701
2023-06-30 16:53:31 [booklist] INFO: VALID_ID: 2583709
2023-06-30 16:53:31 [booklist] INFO: VALID_ID: 2583725
2023-06-30 16:53:31 [booklist] INFO: VALID_ID: 2583661
2023-06-30 16:53:31 [booklist] INFO: VALID_ID: 2583664
2023-06-30 16:53:31 [booklist] INFO: VALID_ID: 2583717
2023-06-30 16:53:31 [booklist] INFO: VALID_ID: 2608576
2023-06-30 16:53:31 [booklist] INFO: VALID_ID: 2583698
2023-06-30 16:53:31 [booklist] INFO: VALID_ID: 2583703
2023-06-30 16:53:31 [booklist] INFO: VALID_ID: 2583676
2023-06-30 16:53:31 [booklist] INFO: VALID_ID: 2583712
2023-06-30 16:53:31 [booklist] INFO: VALID_ID: 2583723
2023-06-30 16:53:31 [booklist] INFO: VALID_ID: 2583665
2023-06-30 16:53:31 [booklist] INFO: VALID_ID: 2583699
2023-06-30 16:53:31 [booklist] INFO: VALID_ID: 2583682
2023-06-30 16:53:31 [booklist] INFO: VALID_ID: 2610138
2023-06-30 16:53:31 [booklist] INFO: VALID_ID: 2583669
2023-06-30 16:53:31 [booklist] INFO: VALID_ID: 2583670
2023-06-30 16:53:31 [booklist] INFO: VALID_ID: 2583663
2023-06-30 16:53:31 [booklist] INFO: VALID_ID: 2583677
2023-06-30 16:53:31 [booklist] INFO: VALID_ID: 2583713
2023-06-30 16:53:31 [booklist] INFO: VALID_ID: 1286476
2023-06-30 16:53:31 [booklist] INFO: VALID_ID: 2608597
2023-06-30 16:53:31 [booklist] INFO: VALID_ID: 2607884
2023-06-30 16:53:31 [booklist] INFO: VALID_ID: 2605899
2023-06-30 16:53:31 [booklist] INFO: VALID_ID: 2610518
2023-06-30 16:53:31 [booklist] INFO: VALID_ID: 2609582
2023-06-30 16:53:31 [booklist] INFO: VALID_ID: 1287351
2023-06-30 16:53:31 [booklist] INFO: VALID_ID: 2605228
2023-06-30 16:53:31 [booklist] INFO: VALID_ID: 11446361
2023-06-30 16:53:31 [booklist] INFO: VALID_ID: 2610801
2023-06-30 16:53:31 [booklist] INFO: VALID_ID: 2547341
2023-06-30 16:53:31 [booklist] INFO: VALID_ID: 2606838
2023-06-30 16:53:31 [booklist] INFO: VALID_ID: 2605229
2023-06-30 16:53:31 [booklist] INFO: VALID_ID: 2596069
2023-06-30 16:53:31 [booklist] INFO: VALID_ID: 2596096
2023-06-30 16:53:31 [booklist] INFO: VALID_ID: 2596112
2023-06-30 16:53:32 [scrapy.core.engine] DEBUG: Crawled (200) <POST https://dl.ndl.go.jp/api/item/search> (referer: https://dl.ndl.go.jp/api/item/search)
2023-06-30 16:53:32 [booklist] INFO: Fetched page 7
2023-06-30 16:53:32 [booklist] INFO: VALID_ID: 2596112
2023-06-30 16:53:32 [booklist] INFO: VALID_ID: 2609649
2023-06-30 16:53:32 [booklist] INFO: VALID_ID: 2596089
2023-06-30 16:53:32 [booklist] INFO: VALID_ID: 2596095
2023-06-30 16:53:32 [booklist] INFO: VALID_ID: 2596087
2023-06-30 16:53:32 [booklist] INFO: VALID_ID: 2596111
2023-06-30 16:53:32 [booklist] INFO: VALID_ID: 2596129
2023-06-30 16:53:32 [booklist] INFO: VALID_ID: 2596109
2023-06-30 16:53:32 [booklist] INFO: VALID_ID: 2596094
2023-06-30 16:53:32 [booklist] INFO: VALID_ID: 2596133
2023-06-30 16:53:32 [booklist] INFO: VALID_ID: 2596120
2023-06-30 16:53:32 [booklist] INFO: VALID_ID: 2596115
2023-06-30 16:53:32 [booklist] INFO: VALID_ID: 2596114
2023-06-30 16:53:32 [booklist] INFO: VALID_ID: 2596118
2023-06-30 16:53:32 [booklist] INFO: VALID_ID: 2596121
2023-06-30 16:53:32 [booklist] INFO: VALID_ID: 2596136
2023-06-30 16:53:32 [booklist] INFO: VALID_ID: 2596058
2023-06-30 16:53:32 [booklist] INFO: VALID_ID: 2596060
2023-06-30 16:53:32 [booklist] INFO: VALID_ID: 2596113
2023-06-30 16:53:32 [booklist] INFO: VALID_ID: 2596128
2023-06-30 16:53:32 [booklist] INFO: VALID_ID: 2605758
2023-06-30 16:53:32 [booklist] INFO: VALID_ID: 2596068
2023-06-30 16:53:32 [booklist] INFO: VALID_ID: 2596122
2023-06-30 16:53:32 [booklist] INFO: VALID_ID: 2596123
2023-06-30 16:53:32 [booklist] INFO: VALID_ID: 2610026
2023-06-30 16:53:32 [booklist] INFO: VALID_ID: 2596088
2023-06-30 16:53:32 [booklist] INFO: VALID_ID: 2596124
2023-06-30 16:53:32 [booklist] INFO: VALID_ID: 2609666
2023-06-30 16:53:32 [booklist] INFO: VALID_ID: 2608167
2023-06-30 16:53:32 [booklist] INFO: VALID_ID: 2610088
2023-06-30 16:53:32 [booklist] INFO: VALID_ID: 2541506
2023-06-30 16:53:32 [booklist] INFO: VALID_ID: 2606258
2023-06-30 16:53:32 [booklist] INFO: VALID_ID: 11446386
2023-06-30 16:53:32 [booklist] INFO: VALID_ID: 2539113
2023-06-30 16:53:32 [booklist] INFO: VALID_ID: 11446526
2023-06-30 16:53:32 [booklist] INFO: VALID_ID: 11446512
2023-06-30 16:53:32 [booklist] INFO: VALID_ID: 11446598
2023-06-30 16:53:32 [booklist] INFO: VALID_ID: 2609383
2023-06-30 16:53:32 [booklist] INFO: VALID_ID: 2605465
2023-06-30 16:53:32 [scrapy.core.engine] DEBUG: Crawled (200) <POST https://dl.ndl.go.jp/api/item/search> (referer: https://dl.ndl.go.jp/api/item/search)
2023-06-30 16:53:32 [booklist] INFO: Fetched page 8
2023-06-30 16:53:32 [booklist] INFO: No more books on 8
2023-06-30 16:53:32 [scrapy.core.engine] INFO: Closing spider (finished)
2023-06-30 16:53:32 [scrapy.statscollectors] INFO: Dumping Scrapy stats:
{'downloader/request_bytes': 10959,
 'downloader/request_count': 9,
 'downloader/request_method_count/GET': 1,
 'downloader/request_method_count/POST': 8,
 'downloader/response_bytes': 2532969,
 'downloader/response_count': 9,
 'downloader/response_status_count/200': 9,
 'elapsed_time_seconds': 8.914908,
 'finish_reason': 'finished',
 'finish_time': datetime.datetime(2023, 6, 30, 8, 53, 32, 753802),
 'httpcompression/response_bytes': 27411709,
 'httpcompression/response_count': 8,
 'log_count/DEBUG': 12,
 'log_count/INFO': 658,
 'memusage/max': 63819776,
 'memusage/startup': 63819776,
 'request_depth_max': 7,
 'response_received_count': 9,
 'robotstxt/request_count': 1,
 'robotstxt/response_count': 1,
 'robotstxt/response_status_count/200': 1,
 'scheduler/dequeued': 8,
 'scheduler/dequeued/memory': 8,
 'scheduler/enqueued': 8,
 'scheduler/enqueued/memory': 8,
 'start_time': datetime.datetime(2023, 6, 30, 8, 53, 23, 838894)}
2023-06-30 16:53:32 [scrapy.core.engine] INFO: Spider closed (finished)
