2023-06-30 19:09:41 [scrapy.utils.log] INFO: Scrapy 2.9.0 started (bot: ndlcrawler)
2023-06-30 19:09:41 [scrapy.utils.log] INFO: Versions: lxml 4.9.2.0, libxml2 2.9.14, cssselect 1.2.0, parsel 1.8.1, w3lib 2.1.1, Twisted 22.10.0, Python 3.10.10 (main, Mar  5 2023, 22:26:53) [GCC 12.2.1 20230201], pyOpenSSL 23.2.0 (OpenSSL 3.1.1 30 May 2023), cryptography 41.0.1, Platform Linux-6.2.12-arch1-1-x86_64-with-glibc2.37
2023-06-30 19:09:41 [scrapy.crawler] INFO: Overridden settings:
{'BOT_NAME': 'ndlcrawler',
 'FEED_EXPORT_ENCODING': 'utf-8',
 'LOG_FILE': 'logs/booklist.title.版.log',
 'NEWSPIDER_MODULE': 'ndlcrawler.spiders',
 'REQUEST_FINGERPRINTER_IMPLEMENTATION': '2.7',
 'ROBOTSTXT_OBEY': True,
 'SPIDER_MODULES': ['ndlcrawler.spiders'],
 'TWISTED_REACTOR': 'twisted.internet.asyncioreactor.AsyncioSelectorReactor'}
2023-06-30 19:09:41 [asyncio] DEBUG: Using selector: EpollSelector
2023-06-30 19:09:41 [scrapy.utils.log] DEBUG: Using reactor: twisted.internet.asyncioreactor.AsyncioSelectorReactor
2023-06-30 19:09:41 [scrapy.utils.log] DEBUG: Using asyncio event loop: asyncio.unix_events._UnixSelectorEventLoop
2023-06-30 19:09:41 [scrapy.extensions.telnet] INFO: Telnet Password: 3638d0bc30854c65
2023-06-30 19:09:41 [scrapy.middleware] INFO: Enabled extensions:
['scrapy.extensions.corestats.CoreStats',
 'scrapy.extensions.telnet.TelnetConsole',
 'scrapy.extensions.memusage.MemoryUsage',
 'scrapy.extensions.logstats.LogStats']
2023-06-30 19:09:42 [scrapy.middleware] INFO: Enabled downloader middlewares:
['scrapy.downloadermiddlewares.robotstxt.RobotsTxtMiddleware',
 'scrapy.downloadermiddlewares.httpauth.HttpAuthMiddleware',
 'scrapy.downloadermiddlewares.downloadtimeout.DownloadTimeoutMiddleware',
 'scrapy.downloadermiddlewares.defaultheaders.DefaultHeadersMiddleware',
 'scrapy.downloadermiddlewares.useragent.UserAgentMiddleware',
 'scrapy.downloadermiddlewares.retry.RetryMiddleware',
 'scrapy.downloadermiddlewares.redirect.MetaRefreshMiddleware',
 'scrapy.downloadermiddlewares.httpcompression.HttpCompressionMiddleware',
 'scrapy.downloadermiddlewares.redirect.RedirectMiddleware',
 'scrapy.downloadermiddlewares.cookies.CookiesMiddleware',
 'scrapy.downloadermiddlewares.httpproxy.HttpProxyMiddleware',
 'scrapy.downloadermiddlewares.stats.DownloaderStats']
2023-06-30 19:09:42 [scrapy.middleware] INFO: Enabled spider middlewares:
['scrapy.spidermiddlewares.httperror.HttpErrorMiddleware',
 'scrapy.spidermiddlewares.offsite.OffsiteMiddleware',
 'scrapy.spidermiddlewares.referer.RefererMiddleware',
 'scrapy.spidermiddlewares.urllength.UrlLengthMiddleware',
 'scrapy.spidermiddlewares.depth.DepthMiddleware']
2023-06-30 19:09:42 [scrapy.middleware] INFO: Enabled item pipelines:
[]
2023-06-30 19:09:42 [scrapy.core.engine] INFO: Spider opened
2023-06-30 19:09:42 [scrapy.extensions.logstats] INFO: Crawled 0 pages (at 0 pages/min), scraped 0 items (at 0 items/min)
2023-06-30 19:09:42 [scrapy.extensions.telnet] INFO: Telnet console listening on 127.0.0.1:6023
2023-06-30 19:09:42 [scrapy.core.engine] DEBUG: Crawled (200) <GET https://dl.ndl.go.jp/robots.txt> (referer: None)
2023-06-30 19:09:43 [scrapy.core.engine] DEBUG: Crawled (200) <POST https://dl.ndl.go.jp/api/item/search> (referer: None)
2023-06-30 19:09:43 [booklist] INFO: Fetched page 1
2023-06-30 19:09:44 [booklist] INFO: VALID_ID: 2542723
2023-06-30 19:09:44 [booklist] INFO: VALID_ID: 2543459
2023-06-30 19:09:44 [booklist] INFO: VALID_ID: 2559309
2023-06-30 19:09:44 [booklist] INFO: VALID_ID: 2559310
2023-06-30 19:09:44 [booklist] INFO: VALID_ID: 11446123
2023-06-30 19:09:44 [booklist] INFO: VALID_ID: 2559290
2023-06-30 19:09:44 [booklist] INFO: VALID_ID: 2559267
2023-06-30 19:09:44 [booklist] INFO: VALID_ID: 2559301
2023-06-30 19:09:44 [booklist] INFO: VALID_ID: 2543698
2023-06-30 19:09:44 [booklist] INFO: VALID_ID: 2559274
2023-06-30 19:09:44 [booklist] INFO: VALID_ID: 2559279
2023-06-30 19:09:44 [booklist] INFO: VALID_ID: 11446683
2023-06-30 19:09:44 [booklist] INFO: VALID_ID: 2559272
2023-06-30 19:09:44 [booklist] INFO: VALID_ID: 11446124
2023-06-30 19:09:44 [booklist] INFO: VALID_ID: 2559276
2023-06-30 19:09:44 [booklist] INFO: VALID_ID: 2559304
2023-06-30 19:09:44 [booklist] INFO: VALID_ID: 2559287
2023-06-30 19:09:44 [booklist] INFO: VALID_ID: 2559293
2023-06-30 19:09:44 [booklist] INFO: VALID_ID: 2559297
2023-06-30 19:09:44 [booklist] INFO: VALID_ID: 2559307
2023-06-30 19:09:44 [booklist] INFO: VALID_ID: 2559299
2023-06-30 19:09:44 [booklist] INFO: VALID_ID: 2606799
2023-06-30 19:09:44 [booklist] INFO: VALID_ID: 2543463
2023-06-30 19:09:44 [booklist] INFO: VALID_ID: 2559268
2023-06-30 19:09:44 [booklist] INFO: VALID_ID: 2607427
2023-06-30 19:09:44 [booklist] INFO: VALID_ID: 2559277
2023-06-30 19:09:44 [booklist] INFO: VALID_ID: 2559278
2023-06-30 19:09:44 [booklist] INFO: VALID_ID: 2559305
2023-06-30 19:09:44 [booklist] INFO: VALID_ID: 2559313
2023-06-30 19:09:44 [booklist] INFO: VALID_ID: 2559284
2023-06-30 19:09:44 [booklist] INFO: VALID_ID: 2543699
2023-06-30 19:09:44 [booklist] INFO: VALID_ID: 9892520
2023-06-30 19:09:44 [booklist] INFO: VALID_ID: 2559281
2023-06-30 19:09:44 [booklist] INFO: VALID_ID: 2559286
2023-06-30 19:09:44 [booklist] INFO: VALID_ID: 2559300
2023-06-30 19:09:44 [booklist] INFO: VALID_ID: 2559302
2023-06-30 19:09:44 [booklist] INFO: VALID_ID: 2559306
2023-06-30 19:09:44 [booklist] INFO: VALID_ID: 2559311
2023-06-30 19:09:44 [booklist] INFO: VALID_ID: 2559294
2023-06-30 19:09:44 [booklist] INFO: VALID_ID: 2559270
2023-06-30 19:09:44 [booklist] INFO: VALID_ID: 2559273
2023-06-30 19:09:44 [booklist] INFO: VALID_ID: 2559283
2023-06-30 19:09:44 [booklist] INFO: VALID_ID: 2559298
2023-06-30 19:09:44 [booklist] INFO: VALID_ID: 2543700
2023-06-30 19:09:44 [booklist] INFO: VALID_ID: 2559280
2023-06-30 19:09:44 [booklist] INFO: VALID_ID: 2559214
2023-06-30 19:09:44 [booklist] INFO: VALID_ID: 2559271
2023-06-30 19:09:44 [booklist] INFO: VALID_ID: 2559288
2023-06-30 19:09:44 [booklist] INFO: VALID_ID: 2559160
2023-06-30 19:09:44 [booklist] INFO: VALID_ID: 2559312
2023-06-30 19:09:44 [booklist] INFO: VALID_ID: 8929903
2023-06-30 19:09:44 [booklist] INFO: VALID_ID: 8929314
2023-06-30 19:09:44 [booklist] INFO: VALID_ID: 2559266
2023-06-30 19:09:44 [booklist] INFO: VALID_ID: 2559269
2023-06-30 19:09:44 [booklist] INFO: VALID_ID: 2559308
2023-06-30 19:09:44 [booklist] INFO: VALID_ID: 2559291
2023-06-30 19:09:44 [booklist] INFO: VALID_ID: 2559303
2023-06-30 19:09:44 [booklist] INFO: VALID_ID: 2559275
2023-06-30 19:09:44 [booklist] INFO: VALID_ID: 2559285
2023-06-30 19:09:44 [booklist] INFO: VALID_ID: 2559289
2023-06-30 19:09:44 [booklist] INFO: VALID_ID: 2559292
2023-06-30 19:09:44 [booklist] INFO: VALID_ID: 2559295
2023-06-30 19:09:44 [booklist] INFO: VALID_ID: 8929881
2023-06-30 19:09:44 [booklist] INFO: VALID_ID: 8929847
2023-06-30 19:09:44 [booklist] INFO: VALID_ID: 2533889
2023-06-30 19:09:44 [booklist] INFO: VALID_ID: 2559296
2023-06-30 19:09:44 [booklist] INFO: VALID_ID: 2559282
2023-06-30 19:09:44 [booklist] INFO: VALID_ID: 2532477
2023-06-30 19:09:44 [booklist] INFO: VALID_ID: 8929917
2023-06-30 19:09:44 [booklist] INFO: VALID_ID: 9892489
2023-06-30 19:09:44 [booklist] INFO: VALID_ID: 10301797
2023-06-30 19:09:44 [booklist] INFO: VALID_ID: 9892970
2023-06-30 19:09:44 [booklist] INFO: VALID_ID: 2533836
2023-06-30 19:09:44 [booklist] INFO: VALID_ID: 2539892
2023-06-30 19:09:44 [booklist] INFO: VALID_ID: 2532476
2023-06-30 19:09:44 [booklist] INFO: VALID_ID: 9893054
2023-06-30 19:09:44 [booklist] INFO: VALID_ID: 2536813
2023-06-30 19:09:44 [booklist] INFO: VALID_ID: 2608873
2023-06-30 19:09:44 [booklist] INFO: VALID_ID: 9893047
2023-06-30 19:09:44 [booklist] INFO: VALID_ID: 2551490
2023-06-30 19:09:44 [booklist] INFO: VALID_ID: 2551491
2023-06-30 19:09:44 [booklist] INFO: VALID_ID: 2540228
2023-06-30 19:09:44 [booklist] INFO: VALID_ID: 2605401
2023-06-30 19:09:44 [booklist] INFO: VALID_ID: 2551492
2023-06-30 19:09:44 [booklist] INFO: VALID_ID: 2551493
2023-06-30 19:09:44 [booklist] INFO: VALID_ID: 2540618
2023-06-30 19:09:44 [booklist] INFO: VALID_ID: 2560010
2023-06-30 19:09:44 [booklist] INFO: VALID_ID: 2542650
2023-06-30 19:09:44 [booklist] INFO: VALID_ID: 2560012
2023-06-30 19:09:44 [booklist] INFO: VALID_ID: 1310582
2023-06-30 19:09:44 [booklist] INFO: VALID_ID: 2607991
2023-06-30 19:09:44 [booklist] INFO: VALID_ID: 2560014
2023-06-30 19:09:44 [booklist] INFO: VALID_ID: 2560013
2023-06-30 19:09:44 [booklist] INFO: VALID_ID: 2584889
2023-06-30 19:09:44 [booklist] INFO: VALID_ID: 2610880
2023-06-30 19:09:44 [booklist] INFO: VALID_ID: 2560011
2023-06-30 19:09:44 [booklist] INFO: VALID_ID: 2567095
2023-06-30 19:09:44 [booklist] INFO: VALID_ID: 2536420
2023-06-30 19:09:44 [booklist] INFO: VALID_ID: 2610216
2023-06-30 19:09:44 [booklist] INFO: VALID_ID: 2584892
2023-06-30 19:09:45 [scrapy.core.engine] DEBUG: Crawled (200) <POST https://dl.ndl.go.jp/api/item/search> (referer: https://dl.ndl.go.jp/api/item/search)
2023-06-30 19:09:45 [booklist] INFO: Fetched page 2
2023-06-30 19:09:45 [booklist] INFO: VALID_ID: 11445828
2023-06-30 19:09:45 [booklist] INFO: VALID_ID: 2584890
2023-06-30 19:09:45 [booklist] INFO: VALID_ID: 2586550
2023-06-30 19:09:45 [booklist] INFO: VALID_ID: 2584893
2023-06-30 19:09:45 [booklist] INFO: VALID_ID: 2584891
2023-06-30 19:09:45 [booklist] INFO: VALID_ID: 2542911
2023-06-30 19:09:45 [booklist] INFO: VALID_ID: 2584894
2023-06-30 19:09:45 [booklist] INFO: VALID_ID: 2573598
2023-06-30 19:09:45 [booklist] INFO: VALID_ID: 2573621
2023-06-30 19:09:45 [booklist] INFO: VALID_ID: 2586549
2023-06-30 19:09:45 [booklist] INFO: VALID_ID: 2567093
2023-06-30 19:09:45 [booklist] INFO: VALID_ID: 2584888
2023-06-30 19:09:45 [booklist] INFO: VALID_ID: 1286221
2023-06-30 19:09:45 [booklist] INFO: VALID_ID: 2573615
2023-06-30 19:09:45 [booklist] INFO: VALID_ID: 2573631
2023-06-30 19:09:45 [booklist] INFO: VALID_ID: 2573641
2023-06-30 19:09:45 [booklist] INFO: VALID_ID: 2573647
2023-06-30 19:09:45 [booklist] INFO: VALID_ID: 2573599
2023-06-30 19:09:45 [booklist] INFO: VALID_ID: 2573602
2023-06-30 19:09:45 [booklist] INFO: VALID_ID: 2573611
2023-06-30 19:09:45 [booklist] INFO: VALID_ID: 2573635
2023-06-30 19:09:45 [booklist] INFO: VALID_ID: 2573605
2023-06-30 19:09:45 [booklist] INFO: VALID_ID: 2573616
2023-06-30 19:09:45 [booklist] INFO: VALID_ID: 2573629
2023-06-30 19:09:45 [booklist] INFO: VALID_ID: 1310711
2023-06-30 19:09:45 [booklist] INFO: VALID_ID: 1304988
2023-06-30 19:09:45 [booklist] INFO: VALID_ID: 2573600
2023-06-30 19:09:45 [booklist] INFO: VALID_ID: 2573601
2023-06-30 19:09:45 [booklist] INFO: VALID_ID: 2573632
2023-06-30 19:09:45 [booklist] INFO: VALID_ID: 1310681
2023-06-30 19:09:45 [booklist] INFO: VALID_ID: 2573624
2023-06-30 19:09:45 [booklist] INFO: VALID_ID: 2573638
2023-06-30 19:09:45 [booklist] INFO: VALID_ID: 2573646
2023-06-30 19:09:45 [booklist] INFO: VALID_ID: 2573634
2023-06-30 19:09:45 [booklist] INFO: VALID_ID: 2573614
2023-06-30 19:09:45 [booklist] INFO: VALID_ID: 2573626
2023-06-30 19:09:45 [booklist] INFO: VALID_ID: 2573627
2023-06-30 19:09:45 [booklist] INFO: VALID_ID: 2573639
2023-06-30 19:09:45 [booklist] INFO: VALID_ID: 2573637
2023-06-30 19:09:45 [booklist] INFO: VALID_ID: 2573640
2023-06-30 19:09:45 [booklist] INFO: VALID_ID: 2573643
2023-06-30 19:09:45 [booklist] INFO: VALID_ID: 2573609
2023-06-30 19:09:45 [booklist] INFO: VALID_ID: 2573610
2023-06-30 19:09:45 [booklist] INFO: VALID_ID: 2573612
2023-06-30 19:09:45 [booklist] INFO: VALID_ID: 2573618
2023-06-30 19:09:45 [booklist] INFO: VALID_ID: 2573623
2023-06-30 19:09:45 [booklist] INFO: VALID_ID: 2573644
2023-06-30 19:09:45 [booklist] INFO: VALID_ID: 2573649
2023-06-30 19:09:45 [booklist] INFO: VALID_ID: 2573651
2023-06-30 19:09:45 [booklist] INFO: VALID_ID: 2573617
2023-06-30 19:09:45 [booklist] INFO: VALID_ID: 2573603
2023-06-30 19:09:45 [booklist] INFO: VALID_ID: 2573608
2023-06-30 19:09:45 [booklist] INFO: VALID_ID: 2573619
2023-06-30 19:09:45 [booklist] INFO: VALID_ID: 2573604
2023-06-30 19:09:45 [booklist] INFO: VALID_ID: 2573628
2023-06-30 19:09:45 [booklist] INFO: VALID_ID: 2573606
2023-06-30 19:09:45 [booklist] INFO: VALID_ID: 2573613
2023-06-30 19:09:45 [booklist] INFO: VALID_ID: 2573648
2023-06-30 19:09:45 [booklist] INFO: VALID_ID: 2573653
2023-06-30 19:09:45 [booklist] INFO: VALID_ID: 1310621
2023-06-30 19:09:45 [booklist] INFO: VALID_ID: 2573636
2023-06-30 19:09:45 [booklist] INFO: VALID_ID: 2573607
2023-06-30 19:09:45 [booklist] INFO: VALID_ID: 2573630
2023-06-30 19:09:45 [booklist] INFO: VALID_ID: 2573645
2023-06-30 19:09:45 [booklist] INFO: VALID_ID: 2573625
2023-06-30 19:09:45 [booklist] INFO: VALID_ID: 1310694
2023-06-30 19:09:45 [booklist] INFO: VALID_ID: 2573620
2023-06-30 19:09:45 [booklist] INFO: VALID_ID: 2573622
2023-06-30 19:09:45 [booklist] INFO: VALID_ID: 2573642
2023-06-30 19:09:45 [booklist] INFO: VALID_ID: 2573652
2023-06-30 19:09:45 [booklist] INFO: VALID_ID: 2573633
2023-06-30 19:09:45 [booklist] INFO: VALID_ID: 2573650
2023-06-30 19:09:45 [booklist] INFO: VALID_ID: 2541750
2023-06-30 19:09:45 [booklist] INFO: VALID_ID: 1310596
2023-06-30 19:09:45 [booklist] INFO: VALID_ID: 2532459
2023-06-30 19:09:45 [booklist] INFO: VALID_ID: 1310595
2023-06-30 19:09:45 [booklist] INFO: VALID_ID: 1310699
2023-06-30 19:09:45 [booklist] INFO: VALID_ID: 1310690
2023-06-30 19:09:45 [booklist] INFO: VALID_ID: 2542918
2023-06-30 19:09:45 [booklist] INFO: VALID_ID: 2592125
2023-06-30 19:09:45 [booklist] INFO: VALID_ID: 1304978
2023-06-30 19:09:45 [booklist] INFO: VALID_ID: 2592124
2023-06-30 19:09:45 [booklist] INFO: VALID_ID: 2610692
2023-06-30 19:09:45 [booklist] INFO: VALID_ID: 1310734
2023-06-30 19:09:45 [booklist] INFO: VALID_ID: 9893277
2023-06-30 19:09:45 [booklist] INFO: VALID_ID: 1310682
2023-06-30 19:09:45 [booklist] INFO: VALID_ID: 2537554
2023-06-30 19:09:45 [booklist] INFO: VALID_ID: 1310708
2023-06-30 19:09:45 [booklist] INFO: VALID_ID: 1304983
2023-06-30 19:09:45 [booklist] INFO: VALID_ID: 1310707
2023-06-30 19:09:45 [booklist] INFO: VALID_ID: 2541721
2023-06-30 19:09:45 [booklist] INFO: VALID_ID: 10301355
2023-06-30 19:09:45 [booklist] INFO: VALID_ID: 1310567
2023-06-30 19:09:45 [booklist] INFO: VALID_ID: 2539430
2023-06-30 19:09:45 [booklist] INFO: VALID_ID: 1310698
2023-06-30 19:09:45 [booklist] INFO: VALID_ID: 2607622
2023-06-30 19:09:45 [booklist] INFO: VALID_ID: 2559414
2023-06-30 19:09:45 [booklist] INFO: VALID_ID: 2559413
2023-06-30 19:09:45 [booklist] INFO: VALID_ID: 10301030
2023-06-30 19:09:45 [booklist] INFO: VALID_ID: 2581759
2023-06-30 19:09:46 [scrapy.core.engine] DEBUG: Crawled (200) <POST https://dl.ndl.go.jp/api/item/search> (referer: https://dl.ndl.go.jp/api/item/search)
2023-06-30 19:09:46 [booklist] INFO: Fetched page 3
2023-06-30 19:09:46 [booklist] INFO: VALID_ID: 2559412
2023-06-30 19:09:46 [booklist] INFO: VALID_ID: 2559411
2023-06-30 19:09:46 [booklist] INFO: VALID_ID: 2559415
2023-06-30 19:09:46 [booklist] INFO: VALID_ID: 2537967
2023-06-30 19:09:46 [booklist] INFO: VALID_ID: 2586676
2023-06-30 19:09:46 [booklist] INFO: VALID_ID: 2610518
2023-06-30 19:09:46 [booklist] INFO: VALID_ID: 2532460
2023-06-30 19:09:46 [booklist] INFO: VALID_ID: 11891795
2023-06-30 19:09:46 [booklist] INFO: VALID_ID: 2535585
2023-06-30 19:09:46 [booklist] INFO: VALID_ID: 2541707
2023-06-30 19:09:46 [booklist] INFO: VALID_ID: 2568991
2023-06-30 19:09:46 [booklist] INFO: VALID_ID: 2568982
2023-06-30 19:09:46 [booklist] INFO: VALID_ID: 2569001
2023-06-30 19:09:46 [booklist] INFO: VALID_ID: 2569000
2023-06-30 19:09:46 [booklist] INFO: VALID_ID: 9892600
2023-06-30 19:09:46 [booklist] INFO: VALID_ID: 2568990
2023-06-30 19:09:46 [booklist] INFO: VALID_ID: 2569007
2023-06-30 19:09:46 [booklist] INFO: VALID_ID: 2569006
2023-06-30 19:09:46 [booklist] INFO: VALID_ID: 2569003
2023-06-30 19:09:46 [booklist] INFO: VALID_ID: 2569011
2023-06-30 19:09:46 [booklist] INFO: VALID_ID: 2569012
2023-06-30 19:09:46 [booklist] INFO: VALID_ID: 2568993
2023-06-30 19:09:46 [booklist] INFO: VALID_ID: 2568996
2023-06-30 19:09:46 [booklist] INFO: VALID_ID: 2569008
2023-06-30 19:09:46 [booklist] INFO: VALID_ID: 2608780
2023-06-30 19:09:46 [booklist] INFO: VALID_ID: 2568992
2023-06-30 19:09:46 [booklist] INFO: VALID_ID: 2568984
2023-06-30 19:09:46 [booklist] INFO: VALID_ID: 2568994
2023-06-30 19:09:46 [booklist] INFO: VALID_ID: 2568986
2023-06-30 19:09:46 [booklist] INFO: VALID_ID: 2569005
2023-06-30 19:09:46 [booklist] INFO: VALID_ID: 2568998
2023-06-30 19:09:46 [booklist] INFO: VALID_ID: 2568985
2023-06-30 19:09:46 [booklist] INFO: VALID_ID: 2569013
2023-06-30 19:09:46 [booklist] INFO: VALID_ID: 2568999
2023-06-30 19:09:46 [booklist] INFO: VALID_ID: 2568983
2023-06-30 19:09:46 [booklist] INFO: VALID_ID: 2569002
2023-06-30 19:09:46 [booklist] INFO: VALID_ID: 2568989
2023-06-30 19:09:46 [booklist] INFO: VALID_ID: 2569010
2023-06-30 19:09:46 [booklist] INFO: VALID_ID: 2568997
2023-06-30 19:09:46 [booklist] INFO: VALID_ID: 2569009
2023-06-30 19:09:46 [booklist] INFO: VALID_ID: 2568988
2023-06-30 19:09:46 [booklist] INFO: VALID_ID: 2568995
2023-06-30 19:09:46 [booklist] INFO: VALID_ID: 2569004
2023-06-30 19:09:46 [booklist] INFO: VALID_ID: 9892659
2023-06-30 19:09:46 [booklist] INFO: VALID_ID: 2610121
2023-06-30 19:09:46 [booklist] INFO: VALID_ID: 2611085
2023-06-30 19:09:46 [booklist] INFO: VALID_ID: 2610456
2023-06-30 19:09:46 [booklist] INFO: VALID_ID: 2609516
2023-06-30 19:09:46 [booklist] INFO: VALID_ID: 2587045
2023-06-30 19:09:46 [booklist] INFO: VALID_ID: 2585159
2023-06-30 19:09:47 [scrapy.core.engine] DEBUG: Crawled (200) <POST https://dl.ndl.go.jp/api/item/search> (referer: https://dl.ndl.go.jp/api/item/search)
2023-06-30 19:09:47 [booklist] INFO: Fetched page 4
2023-06-30 19:09:47 [booklist] INFO: No more books on 4
2023-06-30 19:09:47 [scrapy.core.engine] INFO: Closing spider (finished)
2023-06-30 19:09:47 [scrapy.statscollectors] INFO: Dumping Scrapy stats:
{'downloader/request_bytes': 5579,
 'downloader/request_count': 5,
 'downloader/request_method_count/GET': 1,
 'downloader/request_method_count/POST': 4,
 'downloader/response_bytes': 1182891,
 'downloader/response_count': 5,
 'downloader/response_status_count/200': 5,
 'elapsed_time_seconds': 4.711671,
 'finish_reason': 'finished',
 'finish_time': datetime.datetime(2023, 6, 30, 11, 9, 47, 151177),
 'httpcompression/response_bytes': 13698997,
 'httpcompression/response_count': 4,
 'log_count/DEBUG': 8,
 'log_count/INFO': 265,
 'memusage/max': 63848448,
 'memusage/startup': 63848448,
 'request_depth_max': 3,
 'response_received_count': 5,
 'robotstxt/request_count': 1,
 'robotstxt/response_count': 1,
 'robotstxt/response_status_count/200': 1,
 'scheduler/dequeued': 4,
 'scheduler/dequeued/memory': 4,
 'scheduler/enqueued': 4,
 'scheduler/enqueued/memory': 4,
 'start_time': datetime.datetime(2023, 6, 30, 11, 9, 42, 439506)}
2023-06-30 19:09:47 [scrapy.core.engine] INFO: Spider closed (finished)
