2023-06-30 17:49:43 [scrapy.utils.log] INFO: Scrapy 2.9.0 started (bot: ndlcrawler)
2023-06-30 17:49:43 [scrapy.utils.log] INFO: Versions: lxml 4.9.2.0, libxml2 2.9.14, cssselect 1.2.0, parsel 1.8.1, w3lib 2.1.1, Twisted 22.10.0, Python 3.10.10 (main, Mar  5 2023, 22:26:53) [GCC 12.2.1 20230201], pyOpenSSL 23.2.0 (OpenSSL 3.1.1 30 May 2023), cryptography 41.0.1, Platform Linux-6.2.12-arch1-1-x86_64-with-glibc2.37
2023-06-30 17:49:43 [scrapy.crawler] INFO: Overridden settings:
{'BOT_NAME': 'ndlcrawler',
 'FEED_EXPORT_ENCODING': 'utf-8',
 'LOG_FILE': 'logs/booklist.title.玉.DESC.log',
 'NEWSPIDER_MODULE': 'ndlcrawler.spiders',
 'REQUEST_FINGERPRINTER_IMPLEMENTATION': '2.7',
 'ROBOTSTXT_OBEY': True,
 'SPIDER_MODULES': ['ndlcrawler.spiders'],
 'TWISTED_REACTOR': 'twisted.internet.asyncioreactor.AsyncioSelectorReactor'}
2023-06-30 17:49:43 [asyncio] DEBUG: Using selector: EpollSelector
2023-06-30 17:49:43 [scrapy.utils.log] DEBUG: Using reactor: twisted.internet.asyncioreactor.AsyncioSelectorReactor
2023-06-30 17:49:43 [scrapy.utils.log] DEBUG: Using asyncio event loop: asyncio.unix_events._UnixSelectorEventLoop
2023-06-30 17:49:43 [scrapy.extensions.telnet] INFO: Telnet Password: 50ae37463ed69b0b
2023-06-30 17:49:43 [scrapy.middleware] INFO: Enabled extensions:
['scrapy.extensions.corestats.CoreStats',
 'scrapy.extensions.telnet.TelnetConsole',
 'scrapy.extensions.memusage.MemoryUsage',
 'scrapy.extensions.logstats.LogStats']
2023-06-30 17:49:43 [scrapy.middleware] INFO: Enabled downloader middlewares:
['scrapy.downloadermiddlewares.robotstxt.RobotsTxtMiddleware',
 'scrapy.downloadermiddlewares.httpauth.HttpAuthMiddleware',
 'scrapy.downloadermiddlewares.downloadtimeout.DownloadTimeoutMiddleware',
 'scrapy.downloadermiddlewares.defaultheaders.DefaultHeadersMiddleware',
 'scrapy.downloadermiddlewares.useragent.UserAgentMiddleware',
 'scrapy.downloadermiddlewares.retry.RetryMiddleware',
 'scrapy.downloadermiddlewares.redirect.MetaRefreshMiddleware',
 'scrapy.downloadermiddlewares.httpcompression.HttpCompressionMiddleware',
 'scrapy.downloadermiddlewares.redirect.RedirectMiddleware',
 'scrapy.downloadermiddlewares.cookies.CookiesMiddleware',
 'scrapy.downloadermiddlewares.httpproxy.HttpProxyMiddleware',
 'scrapy.downloadermiddlewares.stats.DownloaderStats']
2023-06-30 17:49:43 [scrapy.middleware] INFO: Enabled spider middlewares:
['scrapy.spidermiddlewares.httperror.HttpErrorMiddleware',
 'scrapy.spidermiddlewares.offsite.OffsiteMiddleware',
 'scrapy.spidermiddlewares.referer.RefererMiddleware',
 'scrapy.spidermiddlewares.urllength.UrlLengthMiddleware',
 'scrapy.spidermiddlewares.depth.DepthMiddleware']
2023-06-30 17:49:43 [scrapy.middleware] INFO: Enabled item pipelines:
[]
2023-06-30 17:49:43 [scrapy.core.engine] INFO: Spider opened
2023-06-30 17:49:43 [scrapy.extensions.logstats] INFO: Crawled 0 pages (at 0 pages/min), scraped 0 items (at 0 items/min)
2023-06-30 17:49:43 [scrapy.extensions.telnet] INFO: Telnet console listening on 127.0.0.1:6023
2023-06-30 17:49:44 [scrapy.core.engine] DEBUG: Crawled (200) <GET https://dl.ndl.go.jp/robots.txt> (referer: None)
2023-06-30 17:49:45 [scrapy.core.engine] DEBUG: Crawled (200) <POST https://dl.ndl.go.jp/api/item/search> (referer: None)
2023-06-30 17:49:45 [booklist] INFO: Fetched page 1
2023-06-30 17:49:45 [booklist] INFO: VALID_ID: 2606799
2023-06-30 17:49:45 [booklist] INFO: VALID_ID: 1288430
2023-06-30 17:49:45 [booklist] INFO: VALID_ID: 2561177
2023-06-30 17:49:45 [booklist] INFO: VALID_ID: 2561176
2023-06-30 17:49:45 [booklist] INFO: VALID_ID: 2561179
2023-06-30 17:49:45 [booklist] INFO: VALID_ID: 2541281
2023-06-30 17:49:45 [booklist] INFO: VALID_ID: 2608036
2023-06-30 17:49:45 [booklist] INFO: VALID_ID: 2543965
2023-06-30 17:49:45 [booklist] INFO: VALID_ID: 2543968
2023-06-30 17:49:45 [booklist] INFO: VALID_ID: 2559578
2023-06-30 17:49:45 [booklist] INFO: VALID_ID: 2532173
2023-06-30 17:49:45 [booklist] INFO: VALID_ID: 2536411
2023-06-30 17:49:45 [booklist] INFO: VALID_ID: 2561175
2023-06-30 17:49:45 [booklist] INFO: VALID_ID: 2567192
2023-06-30 17:49:45 [booklist] INFO: VALID_ID: 2561180
2023-06-30 17:49:45 [booklist] INFO: VALID_ID: 2538483
2023-06-30 17:49:45 [booklist] INFO: VALID_ID: 2607064
2023-06-30 17:49:45 [booklist] INFO: VALID_ID: 2536891
2023-06-30 17:49:45 [booklist] INFO: VALID_ID: 2559577
2023-06-30 17:49:45 [booklist] INFO: VALID_ID: 2543964
2023-06-30 17:49:45 [booklist] INFO: VALID_ID: 2543967
2023-06-30 17:49:45 [booklist] INFO: VALID_ID: 2543966
2023-06-30 17:49:45 [booklist] INFO: VALID_ID: 2567194
2023-06-30 17:49:45 [booklist] INFO: VALID_ID: 2607940
2023-06-30 17:49:45 [booklist] INFO: VALID_ID: 2532153
2023-06-30 17:49:45 [booklist] INFO: VALID_ID: 2567197
2023-06-30 17:49:45 [booklist] INFO: VALID_ID: 2532378
2023-06-30 17:49:45 [booklist] INFO: VALID_ID: 9892681
2023-06-30 17:49:45 [booklist] INFO: VALID_ID: 2567196
2023-06-30 17:49:45 [booklist] INFO: VALID_ID: 2607634
2023-06-30 17:49:45 [booklist] INFO: VALID_ID: 8943124
2023-06-30 17:49:45 [booklist] INFO: VALID_ID: 2544992
2023-06-30 17:49:45 [booklist] INFO: VALID_ID: 2537742
2023-06-30 17:49:45 [booklist] INFO: VALID_ID: 2567193
2023-06-30 17:49:45 [booklist] INFO: VALID_ID: 2567191
2023-06-30 17:49:45 [booklist] INFO: VALID_ID: 2567195
2023-06-30 17:49:45 [booklist] INFO: VALID_ID: 8943116
2023-06-30 17:49:45 [booklist] INFO: VALID_ID: 8943120
2023-06-30 17:49:45 [booklist] INFO: VALID_ID: 1302833
2023-06-30 17:49:45 [booklist] INFO: VALID_ID: 2533829
2023-06-30 17:49:45 [booklist] INFO: VALID_ID: 2540839
2023-06-30 17:49:45 [booklist] INFO: VALID_ID: 2544993
2023-06-30 17:49:45 [booklist] INFO: VALID_ID: 2544015
2023-06-30 17:49:45 [booklist] INFO: VALID_ID: 8943117
2023-06-30 17:49:45 [booklist] INFO: VALID_ID: 8943239
2023-06-30 17:49:45 [booklist] INFO: VALID_ID: 8943127
2023-06-30 17:49:45 [booklist] INFO: VALID_ID: 2533268
2023-06-30 17:49:45 [booklist] INFO: VALID_ID: 2541471
2023-06-30 17:49:45 [booklist] INFO: VALID_ID: 2605441
2023-06-30 17:49:45 [booklist] INFO: VALID_ID: 2544016
2023-06-30 17:49:45 [booklist] INFO: VALID_ID: 8943136
2023-06-30 17:49:45 [booklist] INFO: VALID_ID: 2544014
2023-06-30 17:49:45 [booklist] INFO: VALID_ID: 2533009
2023-06-30 17:49:45 [booklist] INFO: VALID_ID: 2606243
2023-06-30 17:49:45 [booklist] INFO: VALID_ID: 8943125
2023-06-30 17:49:45 [booklist] INFO: VALID_ID: 8943129
2023-06-30 17:49:45 [booklist] INFO: VALID_ID: 8943134
2023-06-30 17:49:45 [booklist] INFO: VALID_ID: 8943140
2023-06-30 17:49:45 [booklist] INFO: VALID_ID: 8943122
2023-06-30 17:49:45 [booklist] INFO: VALID_ID: 8943138
2023-06-30 17:49:45 [booklist] INFO: VALID_ID: 8943126
2023-06-30 17:49:45 [booklist] INFO: VALID_ID: 1309842
2023-06-30 17:49:45 [booklist] INFO: VALID_ID: 1306297
2023-06-30 17:49:45 [booklist] INFO: VALID_ID: 8943119
2023-06-30 17:49:45 [booklist] INFO: VALID_ID: 2532305
2023-06-30 17:49:45 [booklist] INFO: VALID_ID: 8943147
2023-06-30 17:49:45 [booklist] INFO: VALID_ID: 10301560
2023-06-30 17:49:45 [booklist] INFO: VALID_ID: 8943135
2023-06-30 17:49:45 [booklist] INFO: VALID_ID: 8943139
2023-06-30 17:49:45 [booklist] INFO: VALID_ID: 8943145
2023-06-30 17:49:45 [booklist] INFO: VALID_ID: 8943151
2023-06-30 17:49:45 [booklist] INFO: VALID_ID: 9893153
2023-06-30 17:49:45 [booklist] INFO: VALID_ID: 8943128
2023-06-30 17:49:45 [booklist] INFO: VALID_ID: 2539893
2023-06-30 17:49:45 [booklist] INFO: VALID_ID: 1309843
2023-06-30 17:49:45 [booklist] INFO: VALID_ID: 8943115
2023-06-30 17:49:45 [booklist] INFO: VALID_ID: 8929972
2023-06-30 17:49:45 [booklist] INFO: VALID_ID: 8943137
2023-06-30 17:49:45 [booklist] INFO: VALID_ID: 2544991
2023-06-30 17:49:45 [booklist] INFO: VALID_ID: 1302835
2023-06-30 17:49:45 [booklist] INFO: VALID_ID: 8943152
2023-06-30 17:49:45 [booklist] INFO: VALID_ID: 2544055
2023-06-30 17:49:45 [booklist] INFO: VALID_ID: 8943118
2023-06-30 17:49:45 [booklist] INFO: VALID_ID: 8943121
2023-06-30 17:49:45 [booklist] INFO: VALID_ID: 8943132
2023-06-30 17:49:45 [booklist] INFO: VALID_ID: 2602900
2023-06-30 17:49:45 [booklist] INFO: VALID_ID: 2544053
2023-06-30 17:49:45 [booklist] INFO: VALID_ID: 8943144
2023-06-30 17:49:45 [booklist] INFO: VALID_ID: 8943146
2023-06-30 17:49:45 [booklist] INFO: VALID_ID: 2544081
2023-06-30 17:49:45 [booklist] INFO: VALID_ID: 8943141
2023-06-30 17:49:45 [booklist] INFO: VALID_ID: 8943131
2023-06-30 17:49:45 [booklist] INFO: VALID_ID: 8943150
2023-06-30 17:49:45 [booklist] INFO: VALID_ID: 2544051
2023-06-30 17:49:45 [booklist] INFO: VALID_ID: 2544062
2023-06-30 17:49:45 [booklist] INFO: VALID_ID: 2544070
2023-06-30 17:49:45 [booklist] INFO: VALID_ID: 2544076
2023-06-30 17:49:45 [booklist] INFO: VALID_ID: 2544056
2023-06-30 17:49:45 [booklist] INFO: VALID_ID: 2544071
2023-06-30 17:49:45 [booklist] INFO: VALID_ID: 8943133
2023-06-30 17:49:46 [scrapy.core.engine] DEBUG: Crawled (200) <POST https://dl.ndl.go.jp/api/item/search> (referer: https://dl.ndl.go.jp/api/item/search)
2023-06-30 17:49:46 [booklist] INFO: Fetched page 2
2023-06-30 17:49:46 [booklist] INFO: VALID_ID: 8943143
2023-06-30 17:49:46 [booklist] INFO: VALID_ID: 1306300
2023-06-30 17:49:46 [booklist] INFO: VALID_ID: 2544070
2023-06-30 17:49:46 [booklist] INFO: VALID_ID: 2544076
2023-06-30 17:49:46 [booklist] INFO: VALID_ID: 2544056
2023-06-30 17:49:46 [booklist] INFO: VALID_ID: 2544071
2023-06-30 17:49:46 [booklist] INFO: VALID_ID: 8943133
2023-06-30 17:49:46 [booklist] INFO: VALID_ID: 8943149
2023-06-30 17:49:46 [booklist] INFO: VALID_ID: 1302836
2023-06-30 17:49:46 [booklist] INFO: VALID_ID: 2544064
2023-06-30 17:49:46 [booklist] INFO: VALID_ID: 2544065
2023-06-30 17:49:46 [booklist] INFO: VALID_ID: 2544051
2023-06-30 17:49:46 [booklist] INFO: VALID_ID: 2544062
2023-06-30 17:49:46 [booklist] INFO: VALID_ID: 2602899
2023-06-30 17:49:46 [booklist] INFO: VALID_ID: 8943152
2023-06-30 17:49:46 [booklist] INFO: VALID_ID: 2602897
2023-06-30 17:49:46 [booklist] INFO: VALID_ID: 2602898
2023-06-30 17:49:46 [booklist] INFO: VALID_ID: 9893380
2023-06-30 17:49:46 [booklist] INFO: VALID_ID: 2544054
2023-06-30 17:49:46 [booklist] INFO: VALID_ID: 2544072
2023-06-30 17:49:46 [booklist] INFO: VALID_ID: 2544082
2023-06-30 17:49:46 [booklist] INFO: VALID_ID: 1302832
2023-06-30 17:49:46 [booklist] INFO: VALID_ID: 1302837
2023-06-30 17:49:46 [booklist] INFO: VALID_ID: 2602901
2023-06-30 17:49:46 [booklist] INFO: VALID_ID: 2544083
2023-06-30 17:49:46 [booklist] INFO: VALID_ID: 2544052
2023-06-30 17:49:46 [booklist] INFO: VALID_ID: 2544060
2023-06-30 17:49:46 [booklist] INFO: VALID_ID: 1309844
2023-06-30 17:49:46 [booklist] INFO: VALID_ID: 2544061
2023-06-30 17:49:46 [booklist] INFO: VALID_ID: 2544080
2023-06-30 17:49:46 [booklist] INFO: VALID_ID: 2544074
2023-06-30 17:49:46 [booklist] INFO: VALID_ID: 1309847
2023-06-30 17:49:46 [booklist] INFO: VALID_ID: 8929979
2023-06-30 17:49:46 [booklist] INFO: VALID_ID: 2544057
2023-06-30 17:49:46 [booklist] INFO: VALID_ID: 2544059
2023-06-30 17:49:46 [booklist] INFO: VALID_ID: 2544066
2023-06-30 17:49:46 [booklist] INFO: VALID_ID: 2544069
2023-06-30 17:49:46 [booklist] INFO: VALID_ID: 2538580
2023-06-30 17:49:46 [booklist] INFO: VALID_ID: 2544050
2023-06-30 17:49:46 [booklist] INFO: VALID_ID: 2544067
2023-06-30 17:49:46 [booklist] INFO: VALID_ID: 2544068
2023-06-30 17:49:46 [booklist] INFO: VALID_ID: 2544048
2023-06-30 17:49:46 [booklist] INFO: VALID_ID: 2544049
2023-06-30 17:49:46 [booklist] INFO: VALID_ID: 1302834
2023-06-30 17:49:46 [booklist] INFO: VALID_ID: 9892687
2023-06-30 17:49:46 [booklist] INFO: VALID_ID: 2544077
2023-06-30 17:49:46 [booklist] INFO: VALID_ID: 2544078
2023-06-30 17:49:46 [booklist] INFO: VALID_ID: 2544084
2023-06-30 17:49:46 [booklist] INFO: VALID_ID: 2610350
2023-06-30 17:49:46 [booklist] INFO: VALID_ID: 2606898
2023-06-30 17:49:46 [booklist] INFO: VALID_ID: 2544073
2023-06-30 17:49:46 [booklist] INFO: VALID_ID: 2544085
2023-06-30 17:49:46 [booklist] INFO: VALID_ID: 2544075
2023-06-30 17:49:46 [booklist] INFO: VALID_ID: 1309845
2023-06-30 17:49:46 [booklist] INFO: VALID_ID: 1306299
2023-06-30 17:49:46 [booklist] INFO: VALID_ID: 2541132
2023-06-30 17:49:46 [booklist] INFO: VALID_ID: 1306295
2023-06-30 17:49:46 [booklist] INFO: VALID_ID: 1306298
2023-06-30 17:49:46 [booklist] INFO: VALID_ID: 1306296
2023-06-30 17:49:46 [booklist] INFO: VALID_ID: 2544938
2023-06-30 17:49:46 [booklist] INFO: VALID_ID: 9892586
2023-06-30 17:49:46 [booklist] INFO: VALID_ID: 2533180
2023-06-30 17:49:46 [booklist] INFO: VALID_ID: 2539914
2023-06-30 17:49:46 [booklist] INFO: VALID_ID: 9893091
2023-06-30 17:49:46 [booklist] INFO: VALID_ID: 2544939
2023-06-30 17:49:46 [booklist] INFO: VALID_ID: 2544937
2023-06-30 17:49:46 [booklist] INFO: VALID_ID: 2606285
2023-06-30 17:49:46 [booklist] INFO: VALID_ID: 2532152
2023-06-30 17:49:46 [booklist] INFO: VALID_ID: 2543703
2023-06-30 17:49:46 [booklist] INFO: VALID_ID: 2543705
2023-06-30 17:49:46 [booklist] INFO: VALID_ID: 2539892
2023-06-30 17:49:46 [booklist] INFO: VALID_ID: 2543704
2023-06-30 17:49:46 [booklist] INFO: VALID_ID: 2605176
2023-06-30 17:49:46 [booklist] INFO: VALID_ID: 2535842
2023-06-30 17:49:46 [booklist] INFO: VALID_ID: 2537867
2023-06-30 17:49:46 [booklist] INFO: VALID_ID: 2587450
2023-06-30 17:49:46 [booklist] INFO: VALID_ID: 2607718
2023-06-30 17:49:46 [booklist] INFO: VALID_ID: 2533163
2023-06-30 17:49:46 [booklist] INFO: VALID_ID: 2562836
2023-06-30 17:49:46 [booklist] INFO: VALID_ID: 2562837
2023-06-30 17:49:46 [booklist] INFO: VALID_ID: 2587427
2023-06-30 17:49:46 [booklist] INFO: VALID_ID: 2587451
2023-06-30 17:49:46 [booklist] INFO: VALID_ID: 8942911
2023-06-30 17:49:46 [booklist] INFO: VALID_ID: 8942918
2023-06-30 17:49:46 [booklist] INFO: VALID_ID: 2587443
2023-06-30 17:49:46 [booklist] INFO: VALID_ID: 8942910
2023-06-30 17:49:46 [booklist] INFO: VALID_ID: 8942916
2023-06-30 17:49:46 [booklist] INFO: VALID_ID: 2562835
2023-06-30 17:49:46 [booklist] INFO: VALID_ID: 2587517
2023-06-30 17:49:46 [booklist] INFO: VALID_ID: 2587444
2023-06-30 17:49:46 [booklist] INFO: VALID_ID: 2562838
2023-06-30 17:49:46 [booklist] INFO: VALID_ID: 2562841
2023-06-30 17:49:46 [booklist] INFO: VALID_ID: 8942907
2023-06-30 17:49:46 [booklist] INFO: VALID_ID: 2587440
2023-06-30 17:49:46 [booklist] INFO: VALID_ID: 2562840
2023-06-30 17:49:46 [booklist] INFO: VALID_ID: 2587388
2023-06-30 17:49:46 [booklist] INFO: VALID_ID: 2587519
2023-06-30 17:49:46 [booklist] INFO: VALID_ID: 8942908
2023-06-30 17:49:46 [booklist] INFO: VALID_ID: 8943272
2023-06-30 17:49:46 [booklist] INFO: VALID_ID: 8942912
2023-06-30 17:49:47 [scrapy.core.engine] DEBUG: Crawled (200) <POST https://dl.ndl.go.jp/api/item/search> (referer: https://dl.ndl.go.jp/api/item/search)
2023-06-30 17:49:48 [booklist] INFO: Fetched page 3
2023-06-30 17:49:48 [booklist] INFO: VALID_ID: 2587441
2023-06-30 17:49:48 [booklist] INFO: VALID_ID: 8942917
2023-06-30 17:49:48 [booklist] INFO: VALID_ID: 2562839
2023-06-30 17:49:48 [booklist] INFO: VALID_ID: 2587523
2023-06-30 17:49:48 [booklist] INFO: VALID_ID: 2587387
2023-06-30 17:49:48 [booklist] INFO: VALID_ID: 2587537
2023-06-30 17:49:48 [booklist] INFO: VALID_ID: 8942909
2023-06-30 17:49:48 [booklist] INFO: VALID_ID: 2587447
2023-06-30 17:49:48 [booklist] INFO: VALID_ID: 2587381
2023-06-30 17:49:48 [booklist] INFO: VALID_ID: 2587413
2023-06-30 17:49:48 [booklist] INFO: VALID_ID: 2587448
2023-06-30 17:49:48 [booklist] INFO: VALID_ID: 8942914
2023-06-30 17:49:48 [booklist] INFO: VALID_ID: 2587544
2023-06-30 17:49:48 [booklist] INFO: VALID_ID: 8942913
2023-06-30 17:49:48 [booklist] INFO: VALID_ID: 9892617
2023-06-30 17:49:48 [booklist] INFO: VALID_ID: 2587521
2023-06-30 17:49:48 [booklist] INFO: VALID_ID: 2587352
2023-06-30 17:49:48 [booklist] INFO: VALID_ID: 2587531
2023-06-30 17:49:48 [booklist] INFO: VALID_ID: 2587371
2023-06-30 17:49:48 [booklist] INFO: VALID_ID: 2587540
2023-06-30 17:49:48 [booklist] INFO: VALID_ID: 8929960
2023-06-30 17:49:48 [booklist] INFO: VALID_ID: 2587532
2023-06-30 17:49:48 [booklist] INFO: VALID_ID: 2587541
2023-06-30 17:49:48 [booklist] INFO: VALID_ID: 2587348
2023-06-30 17:49:48 [booklist] INFO: VALID_ID: 2587530
2023-06-30 17:49:48 [booklist] INFO: VALID_ID: 2587520
2023-06-30 17:49:48 [booklist] INFO: VALID_ID: 2587539
2023-06-30 17:49:48 [booklist] INFO: VALID_ID: 2587397
2023-06-30 17:49:48 [booklist] INFO: VALID_ID: 2587351
2023-06-30 17:49:48 [booklist] INFO: VALID_ID: 8942915
2023-06-30 17:49:48 [booklist] INFO: VALID_ID: 2587524
2023-06-30 17:49:48 [booklist] INFO: VALID_ID: 2587527
2023-06-30 17:49:48 [booklist] INFO: VALID_ID: 2587542
2023-06-30 17:49:48 [booklist] INFO: VALID_ID: 2587526
2023-06-30 17:49:48 [booklist] INFO: VALID_ID: 2587546
2023-06-30 17:49:48 [booklist] INFO: VALID_ID: 2587406
2023-06-30 17:49:48 [booklist] INFO: VALID_ID: 2587363
2023-06-30 17:49:48 [booklist] INFO: VALID_ID: 2587364
2023-06-30 17:49:48 [booklist] INFO: VALID_ID: 2587393
2023-06-30 17:49:48 [booklist] INFO: VALID_ID: 2587396
2023-06-30 17:49:48 [booklist] INFO: VALID_ID: 2587395
2023-06-30 17:49:48 [booklist] INFO: VALID_ID: 9892780
2023-06-30 17:49:48 [booklist] INFO: VALID_ID: 2610467
2023-06-30 17:49:48 [booklist] INFO: VALID_ID: 2587528
2023-06-30 17:49:48 [booklist] INFO: VALID_ID: 2587535
2023-06-30 17:49:48 [booklist] INFO: VALID_ID: 2587543
2023-06-30 17:49:48 [booklist] INFO: VALID_ID: 2587362
2023-06-30 17:49:48 [booklist] INFO: VALID_ID: 9893109
2023-06-30 17:49:48 [booklist] INFO: VALID_ID: 2587430
2023-06-30 17:49:48 [booklist] INFO: VALID_ID: 2587398
2023-06-30 17:49:48 [booklist] INFO: VALID_ID: 2587391
2023-06-30 17:49:48 [booklist] INFO: VALID_ID: 2587449
2023-06-30 17:49:48 [booklist] INFO: VALID_ID: 2587534
2023-06-30 17:49:48 [booklist] INFO: VALID_ID: 2587545
2023-06-30 17:49:48 [booklist] INFO: VALID_ID: 2587518
2023-06-30 17:49:48 [booklist] INFO: VALID_ID: 2587525
2023-06-30 17:49:48 [booklist] INFO: VALID_ID: 2587529
2023-06-30 17:49:48 [booklist] INFO: VALID_ID: 2587401
2023-06-30 17:49:48 [booklist] INFO: VALID_ID: 2587522
2023-06-30 17:49:48 [booklist] INFO: VALID_ID: 2587419
2023-06-30 17:49:48 [booklist] INFO: VALID_ID: 2587392
2023-06-30 17:49:48 [booklist] INFO: VALID_ID: 2587404
2023-06-30 17:49:48 [booklist] INFO: VALID_ID: 2587409
2023-06-30 17:49:48 [booklist] INFO: VALID_ID: 2587407
2023-06-30 17:49:48 [booklist] INFO: VALID_ID: 2587454
2023-06-30 17:49:48 [booklist] INFO: VALID_ID: 2587350
2023-06-30 17:49:48 [booklist] INFO: VALID_ID: 2587405
2023-06-30 17:49:48 [booklist] INFO: VALID_ID: 9892834
2023-06-30 17:49:48 [booklist] INFO: VALID_ID: 2587376
2023-06-30 17:49:48 [booklist] INFO: VALID_ID: 2587349
2023-06-30 17:49:48 [booklist] INFO: VALID_ID: 2587390
2023-06-30 17:49:48 [booklist] INFO: VALID_ID: 2587375
2023-06-30 17:49:48 [booklist] INFO: VALID_ID: 2587372
2023-06-30 17:49:48 [booklist] INFO: VALID_ID: 2587386
2023-06-30 17:49:48 [booklist] INFO: VALID_ID: 2587438
2023-06-30 17:49:48 [booklist] INFO: VALID_ID: 2587399
2023-06-30 17:49:48 [booklist] INFO: VALID_ID: 2587343
2023-06-30 17:49:48 [booklist] INFO: VALID_ID: 2587408
2023-06-30 17:49:48 [booklist] INFO: VALID_ID: 2587416
2023-06-30 17:49:48 [booklist] INFO: VALID_ID: 2587380
2023-06-30 17:49:48 [booklist] INFO: VALID_ID: 2587394
2023-06-30 17:49:48 [booklist] INFO: VALID_ID: 1288040
2023-06-30 17:49:48 [booklist] INFO: VALID_ID: 2587439
2023-06-30 17:49:48 [booklist] INFO: VALID_ID: 2587428
2023-06-30 17:49:48 [booklist] INFO: VALID_ID: 2587403
2023-06-30 17:49:48 [booklist] INFO: VALID_ID: 2587400
2023-06-30 17:49:48 [booklist] INFO: VALID_ID: 2587385
2023-06-30 17:49:48 [booklist] INFO: VALID_ID: 2587417
2023-06-30 17:49:48 [booklist] INFO: VALID_ID: 2587366
2023-06-30 17:49:48 [booklist] INFO: VALID_ID: 2587437
2023-06-30 17:49:48 [booklist] INFO: VALID_ID: 2587431
2023-06-30 17:49:48 [booklist] INFO: VALID_ID: 2587358
2023-06-30 17:49:48 [booklist] INFO: VALID_ID: 2587377
2023-06-30 17:49:48 [booklist] INFO: VALID_ID: 2587378
2023-06-30 17:49:48 [booklist] INFO: VALID_ID: 2587536
2023-06-30 17:49:48 [booklist] INFO: VALID_ID: 2587424
2023-06-30 17:49:48 [booklist] INFO: VALID_ID: 2587389
2023-06-30 17:49:48 [booklist] INFO: VALID_ID: 2587346
2023-06-30 17:49:48 [booklist] INFO: VALID_ID: 2587384
2023-06-30 17:49:48 [booklist] INFO: VALID_ID: 1288122
2023-06-30 17:49:49 [scrapy.core.engine] DEBUG: Crawled (200) <POST https://dl.ndl.go.jp/api/item/search> (referer: https://dl.ndl.go.jp/api/item/search)
2023-06-30 17:49:49 [booklist] INFO: Fetched page 4
2023-06-30 17:49:50 [booklist] INFO: VALID_ID: 2587428
2023-06-30 17:49:50 [booklist] INFO: VALID_ID: 2587346
2023-06-30 17:49:50 [booklist] INFO: VALID_ID: 2587373
2023-06-30 17:49:50 [booklist] INFO: VALID_ID: 2587379
2023-06-30 17:49:50 [booklist] INFO: VALID_ID: 2587424
2023-06-30 17:49:50 [booklist] INFO: VALID_ID: 2587341
2023-06-30 17:49:50 [booklist] INFO: VALID_ID: 2587446
2023-06-30 17:49:50 [booklist] INFO: VALID_ID: 2587365
2023-06-30 17:49:50 [booklist] INFO: VALID_ID: 2587536
2023-06-30 17:49:50 [booklist] INFO: VALID_ID: 2587437
2023-06-30 17:49:50 [booklist] INFO: VALID_ID: 2587414
2023-06-30 17:49:50 [booklist] INFO: VALID_ID: 2587415
2023-06-30 17:49:50 [booklist] INFO: VALID_ID: 2587382
2023-06-30 17:49:50 [booklist] INFO: VALID_ID: 2587383
2023-06-30 17:49:50 [booklist] INFO: VALID_ID: 2587347
2023-06-30 17:49:50 [booklist] INFO: VALID_ID: 2587425
2023-06-30 17:49:50 [booklist] INFO: VALID_ID: 2587426
2023-06-30 17:49:50 [booklist] INFO: VALID_ID: 2587367
2023-06-30 17:49:50 [booklist] INFO: VALID_ID: 2587429
2023-06-30 17:49:50 [booklist] INFO: VALID_ID: 2587340
2023-06-30 17:49:50 [booklist] INFO: VALID_ID: 2587344
2023-06-30 17:49:50 [booklist] INFO: VALID_ID: 2587361
2023-06-30 17:49:50 [booklist] INFO: VALID_ID: 2587442
2023-06-30 17:49:50 [booklist] INFO: VALID_ID: 2587345
2023-06-30 17:49:50 [booklist] INFO: VALID_ID: 2587342
2023-06-30 17:49:50 [booklist] INFO: VALID_ID: 2587374
2023-06-30 17:49:50 [booklist] INFO: VALID_ID: 2587445
2023-06-30 17:49:50 [booklist] INFO: VALID_ID: 2587339
2023-06-30 17:49:50 [booklist] INFO: VALID_ID: 2587421
2023-06-30 17:49:50 [booklist] INFO: VALID_ID: 2587369
2023-06-30 17:49:50 [booklist] INFO: VALID_ID: 2587357
2023-06-30 17:49:50 [booklist] INFO: VALID_ID: 2587436
2023-06-30 17:49:50 [booklist] INFO: VALID_ID: 2587337
2023-06-30 17:49:50 [booklist] INFO: VALID_ID: 2587338
2023-06-30 17:49:50 [booklist] INFO: VALID_ID: 2587370
2023-06-30 17:49:50 [booklist] INFO: VALID_ID: 2610124
2023-06-30 17:49:50 [booklist] INFO: VALID_ID: 2587354
2023-06-30 17:49:50 [booklist] INFO: VALID_ID: 2587410
2023-06-30 17:49:50 [booklist] INFO: VALID_ID: 2587422
2023-06-30 17:49:50 [booklist] INFO: VALID_ID: 2587434
2023-06-30 17:49:50 [booklist] INFO: VALID_ID: 2587368
2023-06-30 17:49:50 [booklist] INFO: VALID_ID: 2587336
2023-06-30 17:49:50 [booklist] INFO: VALID_ID: 2587435
2023-06-30 17:49:50 [booklist] INFO: VALID_ID: 2587411
2023-06-30 17:49:50 [booklist] INFO: VALID_ID: 2587420
2023-06-30 17:49:50 [booklist] INFO: VALID_ID: 2587355
2023-06-30 17:49:50 [booklist] INFO: VALID_ID: 2587356
2023-06-30 17:49:50 [booklist] INFO: VALID_ID: 1308965
2023-06-30 17:49:50 [booklist] INFO: VALID_ID: 3511866
2023-06-30 17:49:50 [booklist] INFO: VALID_ID: 3511865
2023-06-30 17:49:50 [booklist] INFO: VALID_ID: 2587412
2023-06-30 17:49:50 [booklist] INFO: VALID_ID: 2587353
2023-06-30 17:49:50 [booklist] INFO: VALID_ID: 2587335
2023-06-30 17:49:50 [booklist] INFO: VALID_ID: 1308969
2023-06-30 17:49:50 [booklist] INFO: VALID_ID: 10301829
2023-06-30 17:49:50 [booklist] INFO: VALID_ID: 2587432
2023-06-30 17:49:50 [booklist] INFO: VALID_ID: 1308967
2023-06-30 17:49:50 [booklist] INFO: VALID_ID: 1310684
2023-06-30 17:49:50 [booklist] INFO: VALID_ID: 2587433
2023-06-30 17:49:50 [booklist] INFO: VALID_ID: 2587455
2023-06-30 17:49:50 [booklist] INFO: VALID_ID: 2587453
2023-06-30 17:49:50 [booklist] INFO: VALID_ID: 1288121
2023-06-30 17:49:50 [booklist] INFO: VALID_ID: 3511867
2023-06-30 17:49:50 [booklist] INFO: VALID_ID: 2587452
2023-06-30 17:49:50 [booklist] INFO: VALID_ID: 2534036
2023-06-30 17:49:50 [booklist] INFO: VALID_ID: 1308968
2023-06-30 17:49:50 [booklist] INFO: VALID_ID: 1308970
2023-06-30 17:49:50 [booklist] INFO: VALID_ID: 3511864
2023-06-30 17:49:50 [booklist] INFO: VALID_ID: 1308515
2023-06-30 17:49:50 [booklist] INFO: VALID_ID: 2587423
2023-06-30 17:49:50 [booklist] INFO: VALID_ID: 1308966
2023-06-30 17:49:50 [booklist] INFO: VALID_ID: 1305921
2023-06-30 17:49:50 [booklist] INFO: VALID_ID: 2542987
2023-06-30 17:49:50 [booklist] INFO: VALID_ID: 2537446
2023-06-30 17:49:50 [booklist] INFO: VALID_ID: 2545091
2023-06-30 17:49:50 [booklist] INFO: VALID_ID: 2545100
2023-06-30 17:49:50 [booklist] INFO: VALID_ID: 2545109
2023-06-30 17:49:50 [booklist] INFO: VALID_ID: 2545086
2023-06-30 17:49:50 [booklist] INFO: VALID_ID: 2545087
2023-06-30 17:49:50 [booklist] INFO: VALID_ID: 2545098
2023-06-30 17:49:50 [booklist] INFO: VALID_ID: 2545105
2023-06-30 17:49:50 [booklist] INFO: VALID_ID: 2545114
2023-06-30 17:49:50 [booklist] INFO: VALID_ID: 1288297
2023-06-30 17:49:50 [booklist] INFO: VALID_ID: 2545084
2023-06-30 17:49:50 [booklist] INFO: VALID_ID: 2545110
2023-06-30 17:49:50 [booklist] INFO: VALID_ID: 2545092
2023-06-30 17:49:50 [booklist] INFO: VALID_ID: 2545082
2023-06-30 17:49:50 [booklist] INFO: VALID_ID: 2545104
2023-06-30 17:49:50 [booklist] INFO: VALID_ID: 2545089
2023-06-30 17:49:50 [booklist] INFO: VALID_ID: 2545115
2023-06-30 17:49:50 [booklist] INFO: VALID_ID: 2545112
2023-06-30 17:49:50 [booklist] INFO: VALID_ID: 1305227
2023-06-30 17:49:50 [booklist] INFO: VALID_ID: 2545080
2023-06-30 17:49:50 [booklist] INFO: VALID_ID: 2545095
2023-06-30 17:49:50 [booklist] INFO: VALID_ID: 2545085
2023-06-30 17:49:50 [booklist] INFO: VALID_ID: 2545101
2023-06-30 17:49:50 [booklist] INFO: VALID_ID: 12865445
2023-06-30 17:49:50 [booklist] INFO: VALID_ID: 2536049
2023-06-30 17:49:50 [booklist] INFO: VALID_ID: 2545108
2023-06-30 17:49:50 [booklist] INFO: VALID_ID: 2545111
2023-06-30 17:49:51 [scrapy.core.engine] DEBUG: Crawled (200) <POST https://dl.ndl.go.jp/api/item/search> (referer: https://dl.ndl.go.jp/api/item/search)
2023-06-30 17:49:51 [booklist] INFO: Fetched page 5
2023-06-30 17:49:51 [booklist] INFO: VALID_ID: 2545113
2023-06-30 17:49:51 [booklist] INFO: VALID_ID: 2545099
2023-06-30 17:49:51 [booklist] INFO: VALID_ID: 2532612
2023-06-30 17:49:51 [booklist] INFO: VALID_ID: 2545115
2023-06-30 17:49:51 [booklist] INFO: VALID_ID: 10301811
2023-06-30 17:49:51 [booklist] INFO: VALID_ID: 2545108
2023-06-30 17:49:51 [booklist] INFO: VALID_ID: 2545111
2023-06-30 17:49:51 [booklist] INFO: VALID_ID: 2545081
2023-06-30 17:49:51 [booklist] INFO: VALID_ID: 2545107
2023-06-30 17:49:51 [booklist] INFO: VALID_ID: 2545102
2023-06-30 17:49:51 [booklist] INFO: VALID_ID: 2545106
2023-06-30 17:49:51 [booklist] INFO: VALID_ID: 2545083
2023-06-30 17:49:51 [booklist] INFO: VALID_ID: 10301779
2023-06-30 17:49:51 [booklist] INFO: VALID_ID: 2542398
2023-06-30 17:49:51 [booklist] INFO: VALID_ID: 2536867
2023-06-30 17:49:51 [booklist] INFO: VALID_ID: 2545089
2023-06-30 17:49:51 [booklist] INFO: VALID_ID: 2545090
2023-06-30 17:49:51 [booklist] INFO: VALID_ID: 8929472
2023-06-30 17:49:51 [booklist] INFO: VALID_ID: 2545088
2023-06-30 17:49:51 [booklist] INFO: VALID_ID: 2538577
2023-06-30 17:49:51 [booklist] INFO: VALID_ID: 2545096
2023-06-30 17:49:51 [booklist] INFO: VALID_ID: 2545103
2023-06-30 17:49:51 [booklist] INFO: VALID_ID: 2538484
2023-06-30 17:49:51 [booklist] INFO: VALID_ID: 2606749
2023-06-30 17:49:51 [booklist] INFO: VALID_ID: 2535745
2023-06-30 17:49:51 [booklist] INFO: VALID_ID: 2542363
2023-06-30 17:49:51 [booklist] INFO: VALID_ID: 2536726
2023-06-30 17:49:51 [booklist] INFO: VALID_ID: 2537445
2023-06-30 17:49:51 [booklist] INFO: VALID_ID: 2536917
2023-06-30 17:49:51 [booklist] INFO: VALID_ID: 2539469
2023-06-30 17:49:51 [booklist] INFO: VALID_ID: 2533806
2023-06-30 17:49:51 [booklist] INFO: VALID_ID: 2533331
2023-06-30 17:49:51 [booklist] INFO: VALID_ID: 2540881
2023-06-30 17:49:51 [booklist] INFO: VALID_ID: 2539335
2023-06-30 17:49:51 [booklist] INFO: VALID_ID: 8929746
2023-06-30 17:49:51 [booklist] INFO: VALID_ID: 2540746
2023-06-30 17:49:51 [booklist] INFO: VALID_ID: 2536864
2023-06-30 17:49:51 [booklist] INFO: VALID_ID: 2543970
2023-06-30 17:49:51 [booklist] INFO: VALID_ID: 2532616
2023-06-30 17:49:51 [booklist] INFO: VALID_ID: 2535824
2023-06-30 17:49:51 [booklist] INFO: VALID_ID: 1309352
2023-06-30 17:49:51 [booklist] INFO: VALID_ID: 2610978
2023-06-30 17:49:51 [booklist] INFO: VALID_ID: 2605570
2023-06-30 17:49:51 [booklist] INFO: VALID_ID: 2606992
2023-06-30 17:49:51 [booklist] INFO: VALID_ID: 2537373
2023-06-30 17:49:51 [booklist] INFO: VALID_ID: 1301990
2023-06-30 17:49:51 [booklist] INFO: VALID_ID: 2537374
2023-06-30 17:49:51 [booklist] INFO: VALID_ID: 2587334
2023-06-30 17:49:51 [booklist] INFO: VALID_ID: 1304496
2023-06-30 17:49:51 [booklist] INFO: VALID_ID: 1307519
2023-06-30 17:49:51 [booklist] INFO: VALID_ID: 1307490
2023-06-30 17:49:51 [booklist] INFO: VALID_ID: 2606833
2023-06-30 17:49:51 [booklist] INFO: VALID_ID: 2554516
2023-06-30 17:49:51 [booklist] INFO: VALID_ID: 1308940
2023-06-30 17:49:51 [booklist] INFO: VALID_ID: 2543972
2023-06-30 17:49:51 [booklist] INFO: VALID_ID: 2606192
2023-06-30 17:49:51 [booklist] INFO: VALID_ID: 2543978
2023-06-30 17:49:51 [booklist] INFO: VALID_ID: 2554515
2023-06-30 17:49:51 [booklist] INFO: VALID_ID: 2534161
2023-06-30 17:49:51 [booklist] INFO: VALID_ID: 2539864
2023-06-30 17:49:51 [booklist] INFO: VALID_ID: 2543971
2023-06-30 17:49:51 [booklist] INFO: VALID_ID: 2543977
2023-06-30 17:49:51 [booklist] INFO: VALID_ID: 2587418
2023-06-30 17:49:51 [booklist] INFO: VALID_ID: 2543973
2023-06-30 17:49:51 [booklist] INFO: VALID_ID: 2543979
2023-06-30 17:49:51 [booklist] INFO: VALID_ID: 1301988
2023-06-30 17:49:51 [booklist] INFO: VALID_ID: 1308927
2023-06-30 17:49:51 [booklist] INFO: VALID_ID: 2543974
2023-06-30 17:49:51 [booklist] INFO: VALID_ID: 2532976
2023-06-30 17:49:51 [booklist] INFO: VALID_ID: 1302002
2023-06-30 17:49:51 [booklist] INFO: VALID_ID: 2543969
2023-06-30 17:49:51 [booklist] INFO: VALID_ID: 2532372
2023-06-30 17:49:51 [booklist] INFO: VALID_ID: 2605275
2023-06-30 17:49:51 [booklist] INFO: VALID_ID: 2554463
2023-06-30 17:49:51 [booklist] INFO: VALID_ID: 1304805
2023-06-30 17:49:51 [booklist] INFO: VALID_ID: 2605746
2023-06-30 17:49:51 [booklist] INFO: VALID_ID: 2559147
2023-06-30 17:49:51 [booklist] INFO: VALID_ID: 2571979
2023-06-30 17:49:51 [booklist] INFO: VALID_ID: 2538629
2023-06-30 17:49:51 [booklist] INFO: VALID_ID: 2554465
2023-06-30 17:49:51 [booklist] INFO: VALID_ID: 2608708
2023-06-30 17:49:51 [booklist] INFO: VALID_ID: 9893326
2023-06-30 17:49:51 [booklist] INFO: VALID_ID: 2551565
2023-06-30 17:49:51 [booklist] INFO: VALID_ID: 2537980
2023-06-30 17:49:51 [booklist] INFO: VALID_ID: 2571978
2023-06-30 17:49:51 [booklist] INFO: VALID_ID: 2554464
2023-06-30 17:49:51 [booklist] INFO: VALID_ID: 2533087
2023-06-30 17:49:51 [booklist] INFO: VALID_ID: 2551564
2023-06-30 17:49:51 [booklist] INFO: VALID_ID: 2571980
2023-06-30 17:49:51 [booklist] INFO: VALID_ID: 2551563
2023-06-30 17:49:51 [booklist] INFO: VALID_ID: 2610309
2023-06-30 17:49:51 [booklist] INFO: VALID_ID: 2555012
2023-06-30 17:49:51 [booklist] INFO: VALID_ID: 2539696
2023-06-30 17:49:51 [booklist] INFO: VALID_ID: 2567266
2023-06-30 17:49:51 [booklist] INFO: VALID_ID: 2567265
2023-06-30 17:49:51 [booklist] INFO: VALID_ID: 9893231
2023-06-30 17:49:51 [booklist] INFO: VALID_ID: 2555014
2023-06-30 17:49:51 [booklist] INFO: VALID_ID: 2533153
2023-06-30 17:49:51 [booklist] INFO: VALID_ID: 1301441
2023-06-30 17:49:51 [booklist] INFO: VALID_ID: 10301713
2023-06-30 17:49:52 [scrapy.core.engine] DEBUG: Crawled (200) <POST https://dl.ndl.go.jp/api/item/search> (referer: https://dl.ndl.go.jp/api/item/search)
2023-06-30 17:49:52 [booklist] INFO: Fetched page 6
2023-06-30 17:49:52 [booklist] INFO: VALID_ID: 2576215
2023-06-30 17:49:52 [booklist] INFO: VALID_ID: 8929435
2023-06-30 17:49:52 [booklist] INFO: VALID_ID: 2551562
2023-06-30 17:49:52 [booklist] INFO: VALID_ID: 2536852
2023-06-30 17:49:52 [booklist] INFO: VALID_ID: 2539696
2023-06-30 17:49:52 [booklist] INFO: VALID_ID: 2567266
2023-06-30 17:49:52 [booklist] INFO: VALID_ID: 1311946
2023-06-30 17:49:52 [booklist] INFO: VALID_ID: 1301942
2023-06-30 17:49:52 [booklist] INFO: VALID_ID: 2607025
2023-06-30 17:49:52 [booklist] INFO: VALID_ID: 2608071
2023-06-30 17:49:52 [booklist] INFO: VALID_ID: 2555013
2023-06-30 17:49:52 [booklist] INFO: VALID_ID: 2555011
2023-06-30 17:49:52 [booklist] INFO: VALID_ID: 2589441
2023-06-30 17:49:52 [booklist] INFO: VALID_ID: 2539426
2023-06-30 17:49:52 [booklist] INFO: VALID_ID: 2555015
2023-06-30 17:49:52 [booklist] INFO: VALID_ID: 1307835
2023-06-30 17:49:52 [booklist] INFO: VALID_ID: 1306115
2023-06-30 17:49:52 [booklist] INFO: VALID_ID: 9893174
2023-06-30 17:49:52 [booklist] INFO: VALID_ID: 1307701
2023-06-30 17:49:52 [booklist] INFO: VALID_ID: 10301513
2023-06-30 17:49:52 [booklist] INFO: VALID_ID: 2576214
2023-06-30 17:49:52 [booklist] INFO: VALID_ID: 1301299
2023-06-30 17:49:52 [booklist] INFO: VALID_ID: 1286757
2023-06-30 17:49:52 [booklist] INFO: VALID_ID: 1307607
2023-06-30 17:49:52 [booklist] INFO: VALID_ID: 2537832
2023-06-30 17:49:52 [booklist] INFO: VALID_ID: 1309053
2023-06-30 17:49:52 [booklist] INFO: VALID_ID: 8929615
2023-06-30 17:49:52 [booklist] INFO: VALID_ID: 1286758
2023-06-30 17:49:52 [booklist] INFO: VALID_ID: 1309048
2023-06-30 17:49:52 [booklist] INFO: VALID_ID: 1302523
2023-06-30 17:49:52 [booklist] INFO: VALID_ID: 1287015
2023-06-30 17:49:52 [booklist] INFO: VALID_ID: 8929344
2023-06-30 17:49:52 [booklist] INFO: VALID_ID: 1305763
2023-06-30 17:49:52 [booklist] INFO: VALID_ID: 1304217
2023-06-30 17:49:52 [booklist] INFO: VALID_ID: 9892803
2023-06-30 17:49:52 [booklist] INFO: VALID_ID: 10301451
2023-06-30 17:49:52 [booklist] INFO: VALID_ID: 9892767
2023-06-30 17:49:52 [booklist] INFO: VALID_ID: 2536182
2023-06-30 17:49:52 [booklist] INFO: VALID_ID: 1311512
2023-06-30 17:49:52 [booklist] INFO: VALID_ID: 1305412
2023-06-30 17:49:52 [booklist] INFO: VALID_ID: 1312690
2023-06-30 17:49:52 [booklist] INFO: VALID_ID: 9893382
2023-06-30 17:49:52 [booklist] INFO: VALID_ID: 10301316
2023-06-30 17:49:52 [booklist] INFO: VALID_ID: 2592021
2023-06-30 17:49:52 [booklist] INFO: VALID_ID: 1304400
2023-06-30 17:49:52 [booklist] INFO: VALID_ID: 9893210
2023-06-30 17:49:52 [booklist] INFO: VALID_ID: 8929639
2023-06-30 17:49:52 [booklist] INFO: VALID_ID: 2592022
2023-06-30 17:49:52 [booklist] INFO: VALID_ID: 1306379
2023-06-30 17:49:52 [booklist] INFO: VALID_ID: 9892741
2023-06-30 17:49:52 [booklist] INFO: VALID_ID: 2589554
2023-06-30 17:49:52 [booklist] INFO: VALID_ID: 2609577
2023-06-30 17:49:52 [booklist] INFO: VALID_ID: 9893336
2023-06-30 17:49:52 [booklist] INFO: VALID_ID: 1303954
2023-06-30 17:49:52 [booklist] INFO: VALID_ID: 1304804
2023-06-30 17:49:52 [booklist] INFO: VALID_ID: 1305277
2023-06-30 17:49:52 [booklist] INFO: VALID_ID: 9893303
2023-06-30 17:49:52 [booklist] INFO: VALID_ID: 1311500
2023-06-30 17:49:52 [booklist] INFO: VALID_ID: 1306368
2023-06-30 17:49:52 [booklist] INFO: VALID_ID: 2576221
2023-06-30 17:49:52 [booklist] INFO: VALID_ID: 2589553
2023-06-30 17:49:52 [booklist] INFO: VALID_ID: 1304881
2023-06-30 17:49:52 [booklist] INFO: VALID_ID: 9892361
2023-06-30 17:49:52 [booklist] INFO: VALID_ID: 1310005
2023-06-30 17:49:52 [booklist] INFO: VALID_ID: 2589563
2023-06-30 17:49:52 [booklist] INFO: VALID_ID: 2589550
2023-06-30 17:49:52 [booklist] INFO: VALID_ID: 2589555
2023-06-30 17:49:52 [booklist] INFO: VALID_ID: 2589557
2023-06-30 17:49:52 [booklist] INFO: VALID_ID: 2592019
2023-06-30 17:49:52 [booklist] INFO: VALID_ID: 2592020
2023-06-30 17:49:52 [booklist] INFO: VALID_ID: 2589547
2023-06-30 17:49:52 [booklist] INFO: VALID_ID: 2536125
2023-06-30 17:49:52 [booklist] INFO: VALID_ID: 2589548
2023-06-30 17:49:52 [booklist] INFO: VALID_ID: 1304926
2023-06-30 17:49:52 [booklist] INFO: VALID_ID: 2589568
2023-06-30 17:49:52 [booklist] INFO: VALID_ID: 1307768
2023-06-30 17:49:52 [booklist] INFO: VALID_ID: 2586046
2023-06-30 17:49:52 [booklist] INFO: VALID_ID: 2586051
2023-06-30 17:49:52 [booklist] INFO: VALID_ID: 2586073
2023-06-30 17:49:52 [booklist] INFO: VALID_ID: 2586094
2023-06-30 17:49:52 [booklist] INFO: VALID_ID: 1309325
2023-06-30 17:49:52 [booklist] INFO: VALID_ID: 1311960
2023-06-30 17:49:52 [booklist] INFO: VALID_ID: 2589562
2023-06-30 17:49:52 [booklist] INFO: VALID_ID: 2589558
2023-06-30 17:49:52 [booklist] INFO: VALID_ID: 2589565
2023-06-30 17:49:52 [booklist] INFO: VALID_ID: 2610760
2023-06-30 17:49:52 [booklist] INFO: VALID_ID: 2589560
2023-06-30 17:49:52 [booklist] INFO: VALID_ID: 9893143
2023-06-30 17:49:52 [booklist] INFO: VALID_ID: 2586042
2023-06-30 17:49:52 [booklist] INFO: VALID_ID: 2586054
2023-06-30 17:49:52 [booklist] INFO: VALID_ID: 1303246
2023-06-30 17:49:52 [booklist] INFO: VALID_ID: 2586075
2023-06-30 17:49:52 [booklist] INFO: VALID_ID: 1305578
2023-06-30 17:49:52 [booklist] INFO: VALID_ID: 1308704
2023-06-30 17:49:52 [booklist] INFO: VALID_ID: 2589567
2023-06-30 17:49:52 [booklist] INFO: VALID_ID: 1310273
2023-06-30 17:49:52 [booklist] INFO: VALID_ID: 1304882
2023-06-30 17:49:52 [booklist] INFO: VALID_ID: 2589549
2023-06-30 17:49:52 [booklist] INFO: VALID_ID: 2589564
2023-06-30 17:49:52 [booklist] INFO: VALID_ID: 2589551
2023-06-30 17:49:53 [scrapy.core.engine] DEBUG: Crawled (200) <POST https://dl.ndl.go.jp/api/item/search> (referer: https://dl.ndl.go.jp/api/item/search)
2023-06-30 17:49:53 [booklist] INFO: Fetched page 7
2023-06-30 17:49:54 [booklist] INFO: VALID_ID: 2586046
2023-06-30 17:49:54 [booklist] INFO: VALID_ID: 2586051
2023-06-30 17:49:54 [booklist] INFO: VALID_ID: 2586073
2023-06-30 17:49:54 [booklist] INFO: VALID_ID: 2586094
2023-06-30 17:49:54 [booklist] INFO: VALID_ID: 2589551
2023-06-30 17:49:54 [booklist] INFO: VALID_ID: 2589552
2023-06-30 17:49:54 [booklist] INFO: VALID_ID: 2589569
2023-06-30 17:49:54 [booklist] INFO: VALID_ID: 2586028
2023-06-30 17:49:54 [booklist] INFO: VALID_ID: 2586041
2023-06-30 17:49:54 [booklist] INFO: VALID_ID: 2586097
2023-06-30 17:49:54 [booklist] INFO: VALID_ID: 2545574
2023-06-30 17:49:54 [booklist] INFO: VALID_ID: 2586060
2023-06-30 17:49:54 [booklist] INFO: VALID_ID: 2586068
2023-06-30 17:49:54 [booklist] INFO: VALID_ID: 2589560
2023-06-30 17:49:54 [booklist] INFO: VALID_ID: 2545572
2023-06-30 17:49:54 [booklist] INFO: VALID_ID: 2586074
2023-06-30 17:49:54 [booklist] INFO: VALID_ID: 2586083
2023-06-30 17:49:54 [booklist] INFO: VALID_ID: 2586033
2023-06-30 17:49:54 [booklist] INFO: VALID_ID: 2586043
2023-06-30 17:49:54 [booklist] INFO: VALID_ID: 2586065
2023-06-30 17:49:54 [booklist] INFO: VALID_ID: 2586079
2023-06-30 17:49:54 [booklist] INFO: VALID_ID: 2589559
2023-06-30 17:49:54 [booklist] INFO: VALID_ID: 2589561
2023-06-30 17:49:54 [booklist] INFO: VALID_ID: 2589566
2023-06-30 17:49:54 [booklist] INFO: VALID_ID: 1305985
2023-06-30 17:49:54 [booklist] INFO: VALID_ID: 2586076
2023-06-30 17:49:54 [booklist] INFO: VALID_ID: 2533243
2023-06-30 17:49:54 [booklist] INFO: VALID_ID: 2610760
2023-06-30 17:49:54 [booklist] INFO: VALID_ID: 2586025
2023-06-30 17:49:54 [booklist] INFO: VALID_ID: 1307556
2023-06-30 17:49:54 [booklist] INFO: VALID_ID: 2586086
2023-06-30 17:49:54 [booklist] INFO: VALID_ID: 2605289
2023-06-30 17:49:54 [booklist] INFO: VALID_ID: 2586049
2023-06-30 17:49:54 [booklist] INFO: VALID_ID: 2586085
2023-06-30 17:49:54 [booklist] INFO: VALID_ID: 2545571
2023-06-30 17:49:54 [booklist] INFO: VALID_ID: 2586055
2023-06-30 17:49:54 [booklist] INFO: VALID_ID: 2586067
2023-06-30 17:49:54 [booklist] INFO: VALID_ID: 2586026
2023-06-30 17:49:54 [booklist] INFO: VALID_ID: 2545575
2023-06-30 17:49:54 [booklist] INFO: VALID_ID: 2586059
2023-06-30 17:49:54 [booklist] INFO: VALID_ID: 2586062
2023-06-30 17:49:54 [booklist] INFO: VALID_ID: 2586089
2023-06-30 17:49:54 [booklist] INFO: VALID_ID: 2586064
2023-06-30 17:49:54 [booklist] INFO: VALID_ID: 2586088
2023-06-30 17:49:54 [booklist] INFO: VALID_ID: 2586098
2023-06-30 17:49:54 [booklist] INFO: VALID_ID: 2586061
2023-06-30 17:49:54 [booklist] INFO: VALID_ID: 2586031
2023-06-30 17:49:54 [booklist] INFO: VALID_ID: 2586038
2023-06-30 17:49:54 [booklist] INFO: VALID_ID: 2586053
2023-06-30 17:49:54 [booklist] INFO: VALID_ID: 2586058
2023-06-30 17:49:54 [booklist] INFO: VALID_ID: 2586090
2023-06-30 17:49:54 [booklist] INFO: VALID_ID: 1304204
2023-06-30 17:49:54 [booklist] INFO: VALID_ID: 2586036
2023-06-30 17:49:54 [booklist] INFO: VALID_ID: 2586022
2023-06-30 17:49:54 [booklist] INFO: VALID_ID: 2545576
2023-06-30 17:49:54 [booklist] INFO: VALID_ID: 2586029
2023-06-30 17:49:54 [booklist] INFO: VALID_ID: 2586030
2023-06-30 17:49:54 [booklist] INFO: VALID_ID: 2586082
2023-06-30 17:49:54 [booklist] INFO: VALID_ID: 2586091
2023-06-30 17:49:54 [booklist] INFO: VALID_ID: 2538966
2023-06-30 17:49:54 [booklist] INFO: VALID_ID: 2586066
2023-06-30 17:49:54 [booklist] INFO: VALID_ID: 2545577
2023-06-30 17:49:54 [booklist] INFO: VALID_ID: 1309124
2023-06-30 17:49:54 [booklist] INFO: VALID_ID: 2586020
2023-06-30 17:49:54 [booklist] INFO: VALID_ID: 2586023
2023-06-30 17:49:54 [booklist] INFO: VALID_ID: 2586072
2023-06-30 17:49:54 [booklist] INFO: VALID_ID: 2586081
2023-06-30 17:49:54 [booklist] INFO: VALID_ID: 2586084
2023-06-30 17:49:54 [booklist] INFO: VALID_ID: 2586096
2023-06-30 17:49:54 [booklist] INFO: VALID_ID: 2545569
2023-06-30 17:49:54 [booklist] INFO: VALID_ID: 1304484
2023-06-30 17:49:54 [booklist] INFO: VALID_ID: 2586080
2023-06-30 17:49:54 [booklist] INFO: VALID_ID: 2586037
2023-06-30 17:49:54 [booklist] INFO: VALID_ID: 2586045
2023-06-30 17:49:54 [booklist] INFO: VALID_ID: 2586056
2023-06-30 17:49:54 [booklist] INFO: VALID_ID: 2586063
2023-06-30 17:49:54 [booklist] INFO: VALID_ID: 2586071
2023-06-30 17:49:54 [booklist] INFO: VALID_ID: 2586087
2023-06-30 17:49:54 [booklist] INFO: VALID_ID: 1312838
2023-06-30 17:49:54 [booklist] INFO: VALID_ID: 2545578
2023-06-30 17:49:54 [booklist] INFO: VALID_ID: 2586047
2023-06-30 17:49:54 [booklist] INFO: VALID_ID: 2586069
2023-06-30 17:49:54 [booklist] INFO: VALID_ID: 2586032
2023-06-30 17:49:54 [booklist] INFO: VALID_ID: 2586044
2023-06-30 17:49:54 [booklist] INFO: VALID_ID: 2586048
2023-06-30 17:49:54 [booklist] INFO: VALID_ID: 2586078
2023-06-30 17:49:54 [booklist] INFO: VALID_ID: 2586095
2023-06-30 17:49:54 [booklist] INFO: VALID_ID: 1312277
2023-06-30 17:49:54 [booklist] INFO: VALID_ID: 1304740
2023-06-30 17:49:54 [booklist] INFO: VALID_ID: 1305212
2023-06-30 17:49:54 [booklist] INFO: VALID_ID: 2586021
2023-06-30 17:49:54 [booklist] INFO: VALID_ID: 2545573
2023-06-30 17:49:54 [booklist] INFO: VALID_ID: 2586034
2023-06-30 17:49:54 [booklist] INFO: VALID_ID: 2586077
2023-06-30 17:49:54 [booklist] INFO: VALID_ID: 9893197
2023-06-30 17:49:54 [booklist] INFO: VALID_ID: 1312207
2023-06-30 17:49:54 [booklist] INFO: VALID_ID: 2545570
2023-06-30 17:49:54 [booklist] INFO: VALID_ID: 2586035
2023-06-30 17:49:54 [booklist] INFO: VALID_ID: 2586039
2023-06-30 17:49:54 [booklist] INFO: VALID_ID: 2586050
2023-06-30 17:49:55 [scrapy.core.engine] DEBUG: Crawled (200) <POST https://dl.ndl.go.jp/api/item/search> (referer: https://dl.ndl.go.jp/api/item/search)
2023-06-30 17:49:55 [booklist] INFO: Fetched page 8
2023-06-30 17:49:56 [booklist] INFO: VALID_ID: 2586092
2023-06-30 17:49:56 [booklist] INFO: VALID_ID: 1305089
2023-06-30 17:49:56 [booklist] INFO: VALID_ID: 1308656
2023-06-30 17:49:56 [booklist] INFO: VALID_ID: 1304740
2023-06-30 17:49:56 [booklist] INFO: VALID_ID: 1305212
2023-06-30 17:49:56 [booklist] INFO: VALID_ID: 2545578
2023-06-30 17:49:56 [booklist] INFO: VALID_ID: 2586047
2023-06-30 17:49:56 [booklist] INFO: VALID_ID: 2586069
2023-06-30 17:49:56 [booklist] INFO: VALID_ID: 2551450
2023-06-30 17:49:56 [booklist] INFO: VALID_ID: 1309712
2023-06-30 17:49:56 [booklist] INFO: VALID_ID: 2559181
2023-06-30 17:49:56 [booklist] INFO: VALID_ID: 1307748
2023-06-30 17:49:56 [booklist] INFO: VALID_ID: 2551449
2023-06-30 17:49:56 [booklist] INFO: VALID_ID: 2551453
2023-06-30 17:49:56 [booklist] INFO: VALID_ID: 1313355
2023-06-30 17:49:56 [booklist] INFO: VALID_ID: 2551439
2023-06-30 17:49:56 [booklist] INFO: VALID_ID: 2551445
2023-06-30 17:49:56 [booklist] INFO: VALID_ID: 2551452
2023-06-30 17:49:56 [booklist] INFO: VALID_ID: 2605566
2023-06-30 17:49:56 [booklist] INFO: VALID_ID: 2551446
2023-06-30 17:49:56 [booklist] INFO: VALID_ID: 2551451
2023-06-30 17:49:56 [booklist] INFO: VALID_ID: 2551448
2023-06-30 17:49:56 [booklist] INFO: VALID_ID: 2551440
2023-06-30 17:49:56 [booklist] INFO: VALID_ID: 2551441
2023-06-30 17:49:56 [booklist] INFO: VALID_ID: 2551442
2023-06-30 17:49:56 [booklist] INFO: VALID_ID: 2551437
2023-06-30 17:49:56 [booklist] INFO: VALID_ID: 2551444
2023-06-30 17:49:56 [booklist] INFO: VALID_ID: 2559100
2023-06-30 17:49:56 [booklist] INFO: VALID_ID: 2551447
2023-06-30 17:49:56 [booklist] INFO: VALID_ID: 1310271
2023-06-30 17:49:56 [booklist] INFO: VALID_ID: 2551438
2023-06-30 17:49:56 [booklist] INFO: VALID_ID: 2551443
2023-06-30 17:49:56 [booklist] INFO: VALID_ID: 1312013
2023-06-30 17:49:56 [booklist] INFO: VALID_ID: 1301994
2023-06-30 17:49:56 [booklist] INFO: VALID_ID: 1308220
2023-06-30 17:49:56 [booklist] INFO: VALID_ID: 1311024
2023-06-30 17:49:56 [booklist] INFO: VALID_ID: 1301797
2023-06-30 17:49:56 [booklist] INFO: VALID_ID: 1302129
2023-06-30 17:49:56 [booklist] INFO: VALID_ID: 1307133
2023-06-30 17:49:56 [booklist] INFO: VALID_ID: 1311902
2023-06-30 17:49:56 [booklist] INFO: VALID_ID: 1310270
2023-06-30 17:49:56 [booklist] INFO: VALID_ID: 2559129
2023-06-30 17:49:56 [booklist] INFO: VALID_ID: 1307727
2023-06-30 17:49:56 [booklist] INFO: VALID_ID: 1311971
2023-06-30 17:49:56 [booklist] INFO: VALID_ID: 1310949
2023-06-30 17:49:56 [booklist] INFO: VALID_ID: 1311962
2023-06-30 17:49:56 [booklist] INFO: VALID_ID: 1312014
2023-06-30 17:49:56 [booklist] INFO: VALID_ID: 1307665
2023-06-30 17:49:56 [booklist] INFO: VALID_ID: 2580627
2023-06-30 17:49:56 [booklist] INFO: VALID_ID: 2580638
2023-06-30 17:49:56 [booklist] INFO: VALID_ID: 2532689
2023-06-30 17:49:56 [booklist] INFO: VALID_ID: 2579167
2023-06-30 17:49:56 [booklist] INFO: VALID_ID: 2580601
2023-06-30 17:49:56 [booklist] INFO: VALID_ID: 2580612
2023-06-30 17:49:56 [booklist] INFO: VALID_ID: 1309649
2023-06-30 17:49:56 [booklist] INFO: VALID_ID: 2580620
2023-06-30 17:49:56 [booklist] INFO: VALID_ID: 2580645
2023-06-30 17:49:56 [booklist] INFO: VALID_ID: 1303860
2023-06-30 17:49:56 [booklist] INFO: VALID_ID: 3010894
2023-06-30 17:49:56 [booklist] INFO: VALID_ID: 2609432
2023-06-30 17:49:56 [booklist] INFO: VALID_ID: 2580578
2023-06-30 17:49:56 [booklist] INFO: VALID_ID: 2580634
2023-06-30 17:49:56 [booklist] INFO: VALID_ID: 2580635
2023-06-30 17:49:56 [booklist] INFO: VALID_ID: 2580649
2023-06-30 17:49:56 [booklist] INFO: VALID_ID: 2580652
2023-06-30 17:49:56 [booklist] INFO: VALID_ID: 8943196
2023-06-30 17:49:56 [booklist] INFO: VALID_ID: 2580619
2023-06-30 17:49:56 [booklist] INFO: VALID_ID: 1307862
2023-06-30 17:49:56 [booklist] INFO: VALID_ID: 2580605
2023-06-30 17:49:56 [booklist] INFO: VALID_ID: 2580607
2023-06-30 17:49:56 [booklist] INFO: VALID_ID: 2580616
2023-06-30 17:49:56 [booklist] INFO: VALID_ID: 2580623
2023-06-30 17:49:56 [booklist] INFO: VALID_ID: 2580625
2023-06-30 17:49:56 [booklist] INFO: VALID_ID: 2580654
2023-06-30 17:49:56 [booklist] INFO: VALID_ID: 2580626
2023-06-30 17:49:56 [booklist] INFO: VALID_ID: 2580650
2023-06-30 17:49:56 [booklist] INFO: VALID_ID: 2580613
2023-06-30 17:49:56 [booklist] INFO: VALID_ID: 2580622
2023-06-30 17:49:56 [booklist] INFO: VALID_ID: 2580644
2023-06-30 17:49:56 [booklist] INFO: VALID_ID: 2580611
2023-06-30 17:49:56 [booklist] INFO: VALID_ID: 2580630
2023-06-30 17:49:56 [booklist] INFO: VALID_ID: 2580602
2023-06-30 17:49:56 [booklist] INFO: VALID_ID: 2580646
2023-06-30 17:49:56 [booklist] INFO: VALID_ID: 2580618
2023-06-30 17:49:56 [booklist] INFO: VALID_ID: 2580629
2023-06-30 17:49:56 [booklist] INFO: VALID_ID: 2580636
2023-06-30 17:49:56 [booklist] INFO: VALID_ID: 2580657
2023-06-30 17:49:56 [booklist] INFO: VALID_ID: 2580600
2023-06-30 17:49:56 [booklist] INFO: VALID_ID: 1301397
2023-06-30 17:49:56 [booklist] INFO: VALID_ID: 2580615
2023-06-30 17:49:56 [booklist] INFO: VALID_ID: 2580621
2023-06-30 17:49:56 [booklist] INFO: VALID_ID: 2580640
2023-06-30 17:49:56 [booklist] INFO: VALID_ID: 2579166
2023-06-30 17:49:56 [booklist] INFO: VALID_ID: 2580610
2023-06-30 17:49:56 [booklist] INFO: VALID_ID: 1310935
2023-06-30 17:49:56 [booklist] INFO: VALID_ID: 2580655
2023-06-30 17:49:56 [booklist] INFO: VALID_ID: 2580597
2023-06-30 17:49:56 [booklist] INFO: VALID_ID: 2580643
2023-06-30 17:49:56 [booklist] INFO: VALID_ID: 2581416
2023-06-30 17:49:56 [booklist] INFO: VALID_ID: 2580632
2023-06-30 17:49:57 [scrapy.core.engine] DEBUG: Crawled (200) <POST https://dl.ndl.go.jp/api/item/search> (referer: https://dl.ndl.go.jp/api/item/search)
2023-06-30 17:49:57 [booklist] INFO: Fetched page 9
2023-06-30 17:49:58 [booklist] INFO: VALID_ID: 2580653
2023-06-30 17:49:58 [booklist] INFO: VALID_ID: 2579168
2023-06-30 17:49:58 [booklist] INFO: VALID_ID: 2580598
2023-06-30 17:49:58 [booklist] INFO: VALID_ID: 2580599
2023-06-30 17:49:58 [booklist] INFO: VALID_ID: 2580614
2023-06-30 17:49:58 [booklist] INFO: VALID_ID: 2580628
2023-06-30 17:49:58 [booklist] INFO: VALID_ID: 2580639
2023-06-30 17:49:58 [booklist] INFO: VALID_ID: 2580648
2023-06-30 17:49:58 [booklist] INFO: VALID_ID: 2580604
2023-06-30 17:49:58 [booklist] INFO: VALID_ID: 2580641
2023-06-30 17:49:58 [booklist] INFO: VALID_ID: 2580617
2023-06-30 17:49:58 [booklist] INFO: VALID_ID: 2580631
2023-06-30 17:49:58 [booklist] INFO: VALID_ID: 2580609
2023-06-30 17:49:58 [booklist] INFO: VALID_ID: 2580603
2023-06-30 17:49:58 [booklist] INFO: VALID_ID: 2580642
2023-06-30 17:49:58 [booklist] INFO: VALID_ID: 2562647
2023-06-30 17:49:58 [booklist] INFO: VALID_ID: 2580637
2023-06-30 17:49:58 [booklist] INFO: VALID_ID: 2580651
2023-06-30 17:49:58 [booklist] INFO: VALID_ID: 2579165
2023-06-30 17:49:58 [booklist] INFO: VALID_ID: 2570918
2023-06-30 17:49:58 [booklist] INFO: VALID_ID: 2580606
2023-06-30 17:49:58 [booklist] INFO: VALID_ID: 2580624
2023-06-30 17:49:58 [booklist] INFO: VALID_ID: 2580647
2023-06-30 17:49:58 [booklist] INFO: VALID_ID: 2591826
2023-06-30 17:49:58 [booklist] INFO: VALID_ID: 2580608
2023-06-30 17:49:58 [booklist] INFO: VALID_ID: 2580656
2023-06-30 17:49:58 [booklist] INFO: VALID_ID: 2570917
2023-06-30 17:49:58 [booklist] INFO: VALID_ID: 11892633
2023-06-30 17:49:58 [booklist] INFO: VALID_ID: 2553349
2023-06-30 17:49:58 [booklist] INFO: VALID_ID: 2586648
2023-06-30 17:49:58 [booklist] INFO: VALID_ID: 2580633
2023-06-30 17:49:58 [booklist] INFO: VALID_ID: 2580658
2023-06-30 17:49:58 [booklist] INFO: VALID_ID: 11892636
2023-06-30 17:49:58 [booklist] INFO: VALID_ID: 2553350
2023-06-30 17:49:58 [booklist] INFO: VALID_ID: 2533110
2023-06-30 17:49:58 [booklist] INFO: VALID_ID: 11892634
2023-06-30 17:49:58 [booklist] INFO: VALID_ID: 11892794
2023-06-30 17:49:58 [booklist] INFO: VALID_ID: 2562648
2023-06-30 17:49:58 [booklist] INFO: VALID_ID: 2570277
2023-06-30 17:49:58 [booklist] INFO: VALID_ID: 2562646
2023-06-30 17:49:58 [booklist] INFO: VALID_ID: 11892635
2023-06-30 17:49:58 [booklist] INFO: VALID_ID: 2580982
2023-06-30 17:49:58 [booklist] INFO: VALID_ID: 2581415
2023-06-30 17:49:58 [booklist] INFO: VALID_ID: 2537009
2023-06-30 17:49:58 [booklist] INFO: VALID_ID: 2562645
2023-06-30 17:49:58 [booklist] INFO: VALID_ID: 2605429
2023-06-30 17:49:58 [booklist] INFO: VALID_ID: 2541234
2023-06-30 17:49:58 [booklist] INFO: VALID_ID: 2536775
2023-06-30 17:49:58 [booklist] INFO: VALID_ID: 2568885
2023-06-30 17:49:58 [booklist] INFO: VALID_ID: 10303657
2023-06-30 17:49:58 [booklist] INFO: VALID_ID: 10301625
2023-06-30 17:49:58 [booklist] INFO: VALID_ID: 2553000
2023-06-30 17:49:58 [booklist] INFO: VALID_ID: 2580983
2023-06-30 17:49:58 [booklist] INFO: VALID_ID: 9370030
2023-06-30 17:49:58 [booklist] INFO: VALID_ID: 2552999
2023-06-30 17:49:58 [booklist] INFO: VALID_ID: 11892637
2023-06-30 17:49:58 [booklist] INFO: VALID_ID: 2576234
2023-06-30 17:49:58 [booklist] INFO: VALID_ID: 1310272
2023-06-30 17:49:58 [booklist] INFO: VALID_ID: 2533635
2023-06-30 17:49:58 [booklist] INFO: VALID_ID: 2598257
2023-06-30 17:49:58 [booklist] INFO: VALID_ID: 9893100
2023-06-30 17:49:58 [booklist] INFO: VALID_ID: 10301599
2023-06-30 17:49:58 [booklist] INFO: VALID_ID: 2542211
2023-06-30 17:49:58 [booklist] INFO: VALID_ID: 1304852
2023-06-30 17:49:58 [booklist] INFO: VALID_ID: 1304858
2023-06-30 17:49:58 [booklist] INFO: VALID_ID: 1306390
2023-06-30 17:49:58 [booklist] INFO: VALID_ID: 11891793
2023-06-30 17:49:58 [booklist] INFO: VALID_ID: 2609279
2023-06-30 17:49:58 [booklist] INFO: VALID_ID: 2593283
2023-06-30 17:49:58 [booklist] INFO: VALID_ID: 1304899
2023-06-30 17:49:58 [booklist] INFO: VALID_ID: 1304934
2023-06-30 17:49:58 [booklist] INFO: VALID_ID: 12865661
2023-06-30 17:49:58 [booklist] INFO: VALID_ID: 11606633
2023-06-30 17:49:58 [booklist] INFO: VALID_ID: 11891713
2023-06-30 17:49:58 [booklist] INFO: VALID_ID: 10301313
2023-06-30 17:49:58 [booklist] INFO: VALID_ID: 2544643
2023-06-30 17:49:58 [booklist] INFO: VALID_ID: 1305013
2023-06-30 17:49:58 [booklist] INFO: VALID_ID: 1305004
2023-06-30 17:49:58 [booklist] INFO: VALID_ID: 12865662
2023-06-30 17:49:58 [booklist] INFO: VALID_ID: 2598256
2023-06-30 17:49:58 [booklist] INFO: VALID_ID: 9369492
2023-06-30 17:49:58 [booklist] INFO: VALID_ID: 2581516
2023-06-30 17:49:58 [booklist] INFO: VALID_ID: 1312557
2023-06-30 17:49:58 [booklist] INFO: VALID_ID: 2580984
2023-06-30 17:49:58 [booklist] INFO: VALID_ID: 2542888
2023-06-30 17:49:58 [booklist] INFO: VALID_ID: 2551927
2023-06-30 17:49:58 [booklist] INFO: VALID_ID: 11223203
2023-06-30 17:49:58 [booklist] INFO: VALID_ID: 2582271
2023-06-30 17:49:58 [booklist] INFO: VALID_ID: 2553336
2023-06-30 17:49:58 [booklist] INFO: VALID_ID: 2548762
2023-06-30 17:49:58 [booklist] INFO: VALID_ID: 2582273
2023-06-30 17:49:58 [booklist] INFO: VALID_ID: 2582272
2023-06-30 17:49:58 [booklist] INFO: VALID_ID: 12865337
2023-06-30 17:49:58 [booklist] INFO: VALID_ID: 2609022
2023-06-30 17:49:58 [booklist] INFO: VALID_ID: 2582275
2023-06-30 17:49:58 [booklist] INFO: VALID_ID: 2608247
2023-06-30 17:49:58 [booklist] INFO: VALID_ID: 2533317
2023-06-30 17:49:58 [booklist] INFO: VALID_ID: 2582276
2023-06-30 17:49:58 [booklist] INFO: VALID_ID: 2553328
2023-06-30 17:49:58 [booklist] INFO: VALID_ID: 2560610
2023-06-30 17:49:59 [scrapy.core.engine] DEBUG: Crawled (200) <POST https://dl.ndl.go.jp/api/item/search> (referer: https://dl.ndl.go.jp/api/item/search)
2023-06-30 17:49:59 [booklist] INFO: Fetched page 10
2023-06-30 17:50:00 [booklist] INFO: VALID_ID: 10301658
2023-06-30 17:50:00 [booklist] INFO: VALID_ID: 2532193
2023-06-30 17:50:00 [booklist] INFO: VALID_ID: 2582274
2023-06-30 17:50:00 [booklist] INFO: VALID_ID: 2533406
2023-06-30 17:50:00 [booklist] INFO: VALID_ID: 2553340
2023-06-30 17:50:00 [booklist] INFO: VALID_ID: 10301687
2023-06-30 17:50:00 [booklist] INFO: VALID_ID: 10303905
2023-06-30 17:50:00 [booklist] INFO: VALID_ID: 10303656
2023-06-30 17:50:00 [booklist] INFO: VALID_ID: 2607835
2023-06-30 17:50:00 [booklist] INFO: VALID_ID: 2607800
2023-06-30 17:50:00 [booklist] INFO: VALID_ID: 1301298
2023-06-30 17:50:00 [booklist] INFO: VALID_ID: 1307625
2023-06-30 17:50:00 [booklist] INFO: VALID_ID: 2551938
2023-06-30 17:50:00 [booklist] INFO: VALID_ID: 2537387
2023-06-30 17:50:00 [booklist] INFO: VALID_ID: 2541094
2023-06-30 17:50:00 [booklist] INFO: VALID_ID: 2540018
2023-06-30 17:50:00 [booklist] INFO: VALID_ID: 1302527
2023-06-30 17:50:00 [booklist] INFO: VALID_ID: 2541121
2023-06-30 17:50:00 [booklist] INFO: VALID_ID: 2609175
2023-06-30 17:50:00 [booklist] INFO: VALID_ID: 2605995
2023-06-30 17:50:00 [booklist] INFO: VALID_ID: 2607303
2023-06-30 17:50:00 [booklist] INFO: VALID_ID: 2552930
2023-06-30 17:50:00 [booklist] INFO: VALID_ID: 2610395
2023-06-30 17:50:00 [booklist] INFO: VALID_ID: 2576219
2023-06-30 17:50:00 [booklist] INFO: VALID_ID: 2576224
2023-06-30 17:50:00 [booklist] INFO: VALID_ID: 2552924
2023-06-30 17:50:00 [booklist] INFO: VALID_ID: 2576223
2023-06-30 17:50:00 [booklist] INFO: VALID_ID: 2552926
2023-06-30 17:50:00 [booklist] INFO: VALID_ID: 2606585
2023-06-30 17:50:00 [booklist] INFO: VALID_ID: 2576220
2023-06-30 17:50:00 [booklist] INFO: VALID_ID: 2552928
2023-06-30 17:50:00 [booklist] INFO: VALID_ID: 2552929
2023-06-30 17:50:00 [booklist] INFO: VALID_ID: 2552925
2023-06-30 17:50:00 [booklist] INFO: VALID_ID: 2552927
2023-06-30 17:50:00 [booklist] INFO: VALID_ID: 1288544
2023-06-30 17:50:00 [booklist] INFO: VALID_ID: 2576227
2023-06-30 17:50:00 [booklist] INFO: VALID_ID: 2609321
2023-06-30 17:50:00 [booklist] INFO: VALID_ID: 2576230
2023-06-30 17:50:00 [booklist] INFO: VALID_ID: 2576217
2023-06-30 17:50:00 [booklist] INFO: VALID_ID: 2576216
2023-06-30 17:50:00 [booklist] INFO: VALID_ID: 2576231
2023-06-30 17:50:00 [booklist] INFO: VALID_ID: 2610770
2023-06-30 17:50:00 [booklist] INFO: VALID_ID: 2609205
2023-06-30 17:50:00 [booklist] INFO: VALID_ID: 1301766
2023-06-30 17:50:00 [booklist] INFO: VALID_ID: 2576222
2023-06-30 17:50:00 [booklist] INFO: VALID_ID: 2576233
2023-06-30 17:50:00 [booklist] INFO: VALID_ID: 2576212
2023-06-30 17:50:00 [booklist] INFO: VALID_ID: 2576213
2023-06-30 17:50:00 [booklist] INFO: VALID_ID: 2576228
2023-06-30 17:50:00 [booklist] INFO: VALID_ID: 2576226
2023-06-30 17:50:00 [booklist] INFO: VALID_ID: 1301775
2023-06-30 17:50:00 [booklist] INFO: VALID_ID: 2576232
2023-06-30 17:50:00 [booklist] INFO: VALID_ID: 2576225
2023-06-30 17:50:00 [booklist] INFO: VALID_ID: 2576229
2023-06-30 17:50:00 [booklist] INFO: VALID_ID: 1288525
2023-06-30 17:50:00 [booklist] INFO: VALID_ID: 2576218
2023-06-30 17:50:00 [booklist] INFO: VALID_ID: 1288189
2023-06-30 17:50:00 [booklist] INFO: VALID_ID: 2533295
2023-06-30 17:50:00 [booklist] INFO: VALID_ID: 1307804
2023-06-30 17:50:00 [booklist] INFO: VALID_ID: 10301640
2023-06-30 17:50:00 [booklist] INFO: VALID_ID: 2610103
2023-06-30 17:50:00 [booklist] INFO: VALID_ID: 2608047
2023-06-30 17:50:00 [booklist] INFO: VALID_ID: 2605579
2023-06-30 17:50:00 [booklist] INFO: VALID_ID: 2559184
2023-06-30 17:50:00 [booklist] INFO: VALID_ID: 2559178
2023-06-30 17:50:00 [booklist] INFO: VALID_ID: 2559158
2023-06-30 17:50:00 [booklist] INFO: VALID_ID: 2559156
2023-06-30 17:50:00 [booklist] INFO: VALID_ID: 2559155
2023-06-30 17:50:00 [booklist] INFO: VALID_ID: 2559151
2023-06-30 17:50:00 [booklist] INFO: VALID_ID: 2606412
2023-06-30 17:50:00 [booklist] INFO: VALID_ID: 2559154
2023-06-30 17:50:00 [booklist] INFO: VALID_ID: 2559149
2023-06-30 17:50:00 [booklist] INFO: VALID_ID: 2559152
2023-06-30 17:50:00 [booklist] INFO: VALID_ID: 2559161
2023-06-30 17:50:00 [booklist] INFO: VALID_ID: 2559153
2023-06-30 17:50:00 [booklist] INFO: VALID_ID: 2559148
2023-06-30 17:50:00 [booklist] INFO: VALID_ID: 2607142
2023-06-30 17:50:00 [booklist] INFO: VALID_ID: 2559150
2023-06-30 17:50:00 [booklist] INFO: VALID_ID: 2559157
2023-06-30 17:50:00 [booklist] INFO: VALID_ID: 2559146
2023-06-30 17:50:00 [booklist] INFO: VALID_ID: 2559162
2023-06-30 17:50:00 [booklist] INFO: VALID_ID: 2559159
2023-06-30 17:50:00 [booklist] INFO: VALID_ID: 10301602
2023-06-30 17:50:00 [booklist] INFO: VALID_ID: 1288540
2023-06-30 17:50:00 [booklist] INFO: VALID_ID: 2608467
2023-06-30 17:50:00 [booklist] INFO: VALID_ID: 8943312
2023-06-30 17:50:00 [booklist] INFO: VALID_ID: 2611085
2023-06-30 17:50:00 [booklist] INFO: VALID_ID: 2548628
2023-06-30 17:50:00 [booklist] INFO: VALID_ID: 2559187
2023-06-30 17:50:00 [booklist] INFO: VALID_ID: 2610505
2023-06-30 17:50:00 [booklist] INFO: VALID_ID: 2559182
2023-06-30 17:50:00 [booklist] INFO: VALID_ID: 2559185
2023-06-30 17:50:00 [booklist] INFO: VALID_ID: 2559188
2023-06-30 17:50:00 [booklist] INFO: VALID_ID: 2559180
2023-06-30 17:50:00 [booklist] INFO: VALID_ID: 2559183
2023-06-30 17:50:00 [booklist] INFO: VALID_ID: 2559179
2023-06-30 17:50:00 [booklist] INFO: VALID_ID: 2559186
2023-06-30 17:50:00 [booklist] INFO: VALID_ID: 9892749
2023-06-30 17:50:00 [booklist] INFO: VALID_ID: 2609989
2023-06-30 17:50:00 [booklist] INFO: VALID_ID: 2610583
2023-06-30 17:50:01 [scrapy.core.engine] DEBUG: Crawled (200) <POST https://dl.ndl.go.jp/api/item/search> (referer: https://dl.ndl.go.jp/api/item/search)
2023-06-30 17:50:01 [booklist] INFO: Fetched page 11
2023-06-30 17:50:01 [booklist] INFO: VALID_ID: 2559098
2023-06-30 17:50:01 [booklist] INFO: VALID_ID: 2559101
2023-06-30 17:50:01 [booklist] INFO: VALID_ID: 2606744
2023-06-30 17:50:01 [booklist] INFO: VALID_ID: 2559099
2023-06-30 17:50:01 [booklist] INFO: VALID_ID: 10301500
2023-06-30 17:50:01 [booklist] INFO: VALID_ID: 2559093
2023-06-30 17:50:01 [booklist] INFO: VALID_ID: 2559097
2023-06-30 17:50:01 [booklist] INFO: VALID_ID: 2559096
2023-06-30 17:50:01 [booklist] INFO: VALID_ID: 2559092
2023-06-30 17:50:01 [booklist] INFO: VALID_ID: 2559094
2023-06-30 17:50:01 [booklist] INFO: VALID_ID: 2542560
2023-06-30 17:50:01 [booklist] INFO: VALID_ID: 2559091
2023-06-30 17:50:01 [booklist] INFO: VALID_ID: 2559095
2023-06-30 17:50:01 [booklist] INFO: VALID_ID: 2610026
2023-06-30 17:50:01 [booklist] INFO: VALID_ID: 2596088
2023-06-30 17:50:01 [booklist] INFO: VALID_ID: 2596124
2023-06-30 17:50:01 [booklist] INFO: VALID_ID: 2548689
2023-06-30 17:50:01 [booklist] INFO: VALID_ID: 2609629
2023-06-30 17:50:01 [booklist] INFO: VALID_ID: 10301165
2023-06-30 17:50:01 [booklist] INFO: VALID_ID: 2606933
2023-06-30 17:50:01 [booklist] INFO: VALID_ID: 2596058
2023-06-30 17:50:01 [booklist] INFO: VALID_ID: 2559117
2023-06-30 17:50:01 [booklist] INFO: VALID_ID: 2533156
2023-06-30 17:50:01 [booklist] INFO: VALID_ID: 2559126
2023-06-30 17:50:01 [booklist] INFO: VALID_ID: 2608884
2023-06-30 17:50:01 [booklist] INFO: VALID_ID: 2596060
2023-06-30 17:50:01 [booklist] INFO: VALID_ID: 2596094
2023-06-30 17:50:01 [booklist] INFO: VALID_ID: 2559125
2023-06-30 17:50:01 [booklist] INFO: VALID_ID: 2596068
2023-06-30 17:50:01 [booklist] INFO: VALID_ID: 2596122
2023-06-30 17:50:01 [booklist] INFO: VALID_ID: 2596123
2023-06-30 17:50:01 [booklist] INFO: VALID_ID: 2596118
2023-06-30 17:50:01 [booklist] INFO: VALID_ID: 2596120
2023-06-30 17:50:01 [booklist] INFO: VALID_ID: 2596115
2023-06-30 17:50:01 [booklist] INFO: VALID_ID: 2559121
2023-06-30 17:50:01 [booklist] INFO: VALID_ID: 2596069
2023-06-30 17:50:01 [booklist] INFO: VALID_ID: 2596096
2023-06-30 17:50:01 [booklist] INFO: VALID_ID: 2596112
2023-06-30 17:50:01 [booklist] INFO: VALID_ID: 2559131
2023-06-30 17:50:01 [booklist] INFO: VALID_ID: 2596133
2023-06-30 17:50:01 [booklist] INFO: VALID_ID: 2559127
2023-06-30 17:50:01 [booklist] INFO: VALID_ID: 2559120
2023-06-30 17:50:01 [booklist] INFO: VALID_ID: 2596087
2023-06-30 17:50:01 [booklist] INFO: VALID_ID: 2596111
2023-06-30 17:50:01 [booklist] INFO: VALID_ID: 2596129
2023-06-30 17:50:01 [booklist] INFO: VALID_ID: 2559130
2023-06-30 17:50:01 [booklist] INFO: VALID_ID: 2559118
2023-06-30 17:50:01 [booklist] INFO: VALID_ID: 2559124
2023-06-30 17:50:01 [booklist] INFO: VALID_ID: 2596089
2023-06-30 17:50:01 [booklist] INFO: VALID_ID: 2596095
2023-06-30 17:50:01 [booklist] INFO: VALID_ID: 2559128
2023-06-30 17:50:01 [booklist] INFO: VALID_ID: 2559132
2023-06-30 17:50:01 [booklist] INFO: VALID_ID: 2596113
2023-06-30 17:50:01 [booklist] INFO: VALID_ID: 2596128
2023-06-30 17:50:01 [booklist] INFO: VALID_ID: 2596114
2023-06-30 17:50:01 [booklist] INFO: VALID_ID: 2596121
2023-06-30 17:50:01 [booklist] INFO: VALID_ID: 2596136
2023-06-30 17:50:01 [booklist] INFO: VALID_ID: 2559119
2023-06-30 17:50:01 [booklist] INFO: VALID_ID: 2559122
2023-06-30 17:50:01 [booklist] INFO: VALID_ID: 2559123
2023-06-30 17:50:01 [booklist] INFO: VALID_ID: 2596109
2023-06-30 17:50:01 [booklist] INFO: VALID_ID: 2606130
2023-06-30 17:50:01 [booklist] INFO: VALID_ID: 2576241
2023-06-30 17:50:01 [booklist] INFO: VALID_ID: 2576236
2023-06-30 17:50:01 [booklist] INFO: VALID_ID: 2576240
2023-06-30 17:50:01 [booklist] INFO: VALID_ID: 2576235
2023-06-30 17:50:01 [booklist] INFO: VALID_ID: 2576245
2023-06-30 17:50:01 [booklist] INFO: VALID_ID: 2576237
2023-06-30 17:50:01 [booklist] INFO: VALID_ID: 2576238
2023-06-30 17:50:01 [booklist] INFO: VALID_ID: 2576239
2023-06-30 17:50:01 [booklist] INFO: VALID_ID: 2576244
2023-06-30 17:50:01 [booklist] INFO: VALID_ID: 2576242
2023-06-30 17:50:01 [booklist] INFO: VALID_ID: 2576243
2023-06-30 17:50:01 [booklist] INFO: VALID_ID: 2610456
2023-06-30 17:50:01 [booklist] INFO: VALID_ID: 11446659
2023-06-30 17:50:01 [booklist] INFO: VALID_ID: 9369953
2023-06-30 17:50:01 [booklist] INFO: VALID_ID: 2610012
2023-06-30 17:50:01 [scrapy.core.engine] DEBUG: Crawled (200) <POST https://dl.ndl.go.jp/api/item/search> (referer: https://dl.ndl.go.jp/api/item/search)
2023-06-30 17:50:02 [booklist] INFO: Fetched page 12
2023-06-30 17:50:02 [booklist] INFO: No more books on 12
2023-06-30 17:50:02 [scrapy.core.engine] INFO: Closing spider (finished)
2023-06-30 17:50:02 [scrapy.statscollectors] INFO: Dumping Scrapy stats:
{'downloader/request_bytes': 16390,
 'downloader/request_count': 13,
 'downloader/request_method_count/GET': 1,
 'downloader/request_method_count/POST': 12,
 'downloader/response_bytes': 5915886,
 'downloader/response_count': 13,
 'downloader/response_status_count/200': 13,
 'elapsed_time_seconds': 18.203908,
 'finish_reason': 'finished',
 'finish_time': datetime.datetime(2023, 6, 30, 9, 50, 2, 85670),
 'httpcompression/response_bytes': 70185350,
 'httpcompression/response_count': 12,
 'log_count/DEBUG': 16,
 'log_count/INFO': 1100,
 'memusage/max': 63991808,
 'memusage/startup': 63991808,
 'request_depth_max': 11,
 'response_received_count': 13,
 'robotstxt/request_count': 1,
 'robotstxt/response_count': 1,
 'robotstxt/response_status_count/200': 1,
 'scheduler/dequeued': 12,
 'scheduler/dequeued/memory': 12,
 'scheduler/enqueued': 12,
 'scheduler/enqueued/memory': 12,
 'start_time': datetime.datetime(2023, 6, 30, 9, 49, 43, 881762)}
2023-06-30 17:50:02 [scrapy.core.engine] INFO: Spider closed (finished)
