2023-06-30 17:44:47 [scrapy.utils.log] INFO: Scrapy 2.9.0 started (bot: ndlcrawler)
2023-06-30 17:44:47 [scrapy.utils.log] INFO: Versions: lxml 4.9.2.0, libxml2 2.9.14, cssselect 1.2.0, parsel 1.8.1, w3lib 2.1.1, Twisted 22.10.0, Python 3.10.10 (main, Mar  5 2023, 22:26:53) [GCC 12.2.1 20230201], pyOpenSSL 23.2.0 (OpenSSL 3.1.1 30 May 2023), cryptography 41.0.1, Platform Linux-6.2.12-arch1-1-x86_64-with-glibc2.37
2023-06-30 17:44:47 [scrapy.crawler] INFO: Overridden settings:
{'BOT_NAME': 'ndlcrawler',
 'FEED_EXPORT_ENCODING': 'utf-8',
 'LOG_FILE': 'logs/booklist.title.州.DESC.log',
 'NEWSPIDER_MODULE': 'ndlcrawler.spiders',
 'REQUEST_FINGERPRINTER_IMPLEMENTATION': '2.7',
 'ROBOTSTXT_OBEY': True,
 'SPIDER_MODULES': ['ndlcrawler.spiders'],
 'TWISTED_REACTOR': 'twisted.internet.asyncioreactor.AsyncioSelectorReactor'}
2023-06-30 17:44:47 [asyncio] DEBUG: Using selector: EpollSelector
2023-06-30 17:44:47 [scrapy.utils.log] DEBUG: Using reactor: twisted.internet.asyncioreactor.AsyncioSelectorReactor
2023-06-30 17:44:47 [scrapy.utils.log] DEBUG: Using asyncio event loop: asyncio.unix_events._UnixSelectorEventLoop
2023-06-30 17:44:47 [scrapy.extensions.telnet] INFO: Telnet Password: de9590bb20bbde40
2023-06-30 17:44:47 [scrapy.middleware] INFO: Enabled extensions:
['scrapy.extensions.corestats.CoreStats',
 'scrapy.extensions.telnet.TelnetConsole',
 'scrapy.extensions.memusage.MemoryUsage',
 'scrapy.extensions.logstats.LogStats']
2023-06-30 17:44:48 [scrapy.middleware] INFO: Enabled downloader middlewares:
['scrapy.downloadermiddlewares.robotstxt.RobotsTxtMiddleware',
 'scrapy.downloadermiddlewares.httpauth.HttpAuthMiddleware',
 'scrapy.downloadermiddlewares.downloadtimeout.DownloadTimeoutMiddleware',
 'scrapy.downloadermiddlewares.defaultheaders.DefaultHeadersMiddleware',
 'scrapy.downloadermiddlewares.useragent.UserAgentMiddleware',
 'scrapy.downloadermiddlewares.retry.RetryMiddleware',
 'scrapy.downloadermiddlewares.redirect.MetaRefreshMiddleware',
 'scrapy.downloadermiddlewares.httpcompression.HttpCompressionMiddleware',
 'scrapy.downloadermiddlewares.redirect.RedirectMiddleware',
 'scrapy.downloadermiddlewares.cookies.CookiesMiddleware',
 'scrapy.downloadermiddlewares.httpproxy.HttpProxyMiddleware',
 'scrapy.downloadermiddlewares.stats.DownloaderStats']
2023-06-30 17:44:48 [scrapy.middleware] INFO: Enabled spider middlewares:
['scrapy.spidermiddlewares.httperror.HttpErrorMiddleware',
 'scrapy.spidermiddlewares.offsite.OffsiteMiddleware',
 'scrapy.spidermiddlewares.referer.RefererMiddleware',
 'scrapy.spidermiddlewares.urllength.UrlLengthMiddleware',
 'scrapy.spidermiddlewares.depth.DepthMiddleware']
2023-06-30 17:44:48 [scrapy.middleware] INFO: Enabled item pipelines:
[]
2023-06-30 17:44:48 [scrapy.core.engine] INFO: Spider opened
2023-06-30 17:44:48 [scrapy.extensions.logstats] INFO: Crawled 0 pages (at 0 pages/min), scraped 0 items (at 0 items/min)
2023-06-30 17:44:48 [scrapy.extensions.telnet] INFO: Telnet console listening on 127.0.0.1:6023
2023-06-30 17:44:49 [scrapy.core.engine] DEBUG: Crawled (200) <GET https://dl.ndl.go.jp/robots.txt> (referer: None)
2023-06-30 17:44:49 [scrapy.core.engine] DEBUG: Crawled (200) <POST https://dl.ndl.go.jp/api/item/search> (referer: None)
2023-06-30 17:44:50 [booklist] INFO: Fetched page 1
2023-06-30 17:44:50 [booklist] INFO: VALID_ID: 1308367
2023-06-30 17:44:50 [booklist] INFO: VALID_ID: 1308304
2023-06-30 17:44:50 [booklist] INFO: VALID_ID: 1308343
2023-06-30 17:44:50 [booklist] INFO: VALID_ID: 1308355
2023-06-30 17:44:50 [booklist] INFO: VALID_ID: 1308303
2023-06-30 17:44:50 [booklist] INFO: VALID_ID: 1308324
2023-06-30 17:44:50 [booklist] INFO: VALID_ID: 1308368
2023-06-30 17:44:50 [booklist] INFO: VALID_ID: 1311077
2023-06-30 17:44:50 [booklist] INFO: VALID_ID: 1308313
2023-06-30 17:44:50 [booklist] INFO: VALID_ID: 1308354
2023-06-30 17:44:50 [booklist] INFO: VALID_ID: 1302597
2023-06-30 17:44:50 [booklist] INFO: VALID_ID: 2540824
2023-06-30 17:44:50 [booklist] INFO: VALID_ID: 1308316
2023-06-30 17:44:50 [booklist] INFO: VALID_ID: 1308333
2023-06-30 17:44:50 [booklist] INFO: VALID_ID: 1311081
2023-06-30 17:44:50 [booklist] INFO: VALID_ID: 1308308
2023-06-30 17:44:50 [booklist] INFO: VALID_ID: 1308360
2023-06-30 17:44:50 [booklist] INFO: VALID_ID: 1308329
2023-06-30 17:44:50 [booklist] INFO: VALID_ID: 1313212
2023-06-30 17:44:50 [booklist] INFO: VALID_ID: 1308342
2023-06-30 17:44:50 [booklist] INFO: VALID_ID: 1308352
2023-06-30 17:44:50 [booklist] INFO: VALID_ID: 1308322
2023-06-30 17:44:50 [booklist] INFO: VALID_ID: 1308351
2023-06-30 17:44:50 [booklist] INFO: VALID_ID: 2568320
2023-06-30 17:44:50 [booklist] INFO: VALID_ID: 1304648
2023-06-30 17:44:50 [booklist] INFO: VALID_ID: 1308309
2023-06-30 17:44:50 [booklist] INFO: VALID_ID: 1313211
2023-06-30 17:44:50 [booklist] INFO: VALID_ID: 1308302
2023-06-30 17:44:50 [booklist] INFO: VALID_ID: 1308311
2023-06-30 17:44:50 [booklist] INFO: VALID_ID: 1308321
2023-06-30 17:44:50 [booklist] INFO: VALID_ID: 1308315
2023-06-30 17:44:50 [booklist] INFO: VALID_ID: 1308345
2023-06-30 17:44:50 [booklist] INFO: VALID_ID: 2568321
2023-06-30 17:44:50 [booklist] INFO: VALID_ID: 1308306
2023-06-30 17:44:50 [booklist] INFO: VALID_ID: 1303174
2023-06-30 17:44:50 [booklist] INFO: VALID_ID: 2536527
2023-06-30 17:44:50 [booklist] INFO: VALID_ID: 1308344
2023-06-30 17:44:50 [booklist] INFO: VALID_ID: 2541681
2023-06-30 17:44:50 [booklist] INFO: VALID_ID: 2568322
2023-06-30 17:44:50 [booklist] INFO: VALID_ID: 1308312
2023-06-30 17:44:50 [booklist] INFO: VALID_ID: 1308349
2023-06-30 17:44:50 [booklist] INFO: VALID_ID: 1308330
2023-06-30 17:44:50 [booklist] INFO: VALID_ID: 1308334
2023-06-30 17:44:50 [booklist] INFO: VALID_ID: 2537334
2023-06-30 17:44:50 [booklist] INFO: VALID_ID: 1302598
2023-06-30 17:44:50 [booklist] INFO: VALID_ID: 2606425
2023-06-30 17:44:50 [booklist] INFO: VALID_ID: 2537363
2023-06-30 17:44:50 [booklist] INFO: VALID_ID: 2537291
2023-06-30 17:44:50 [booklist] INFO: VALID_ID: 2542997
2023-06-30 17:44:50 [booklist] INFO: VALID_ID: 2587876
2023-06-30 17:44:50 [booklist] INFO: VALID_ID: 9893227
2023-06-30 17:44:50 [booklist] INFO: VALID_ID: 2554300
2023-06-30 17:44:50 [booklist] INFO: VALID_ID: 2547742
2023-06-30 17:44:50 [booklist] INFO: VALID_ID: 2547741
2023-06-30 17:44:50 [booklist] INFO: VALID_ID: 2555908
2023-06-30 17:44:50 [booklist] INFO: VALID_ID: 2554301
2023-06-30 17:44:50 [booklist] INFO: VALID_ID: 2555907
2023-06-30 17:44:50 [booklist] INFO: VALID_ID: 2547743
2023-06-30 17:44:50 [booklist] INFO: VALID_ID: 2547738
2023-06-30 17:44:50 [booklist] INFO: VALID_ID: 1287856
2023-06-30 17:44:50 [booklist] INFO: VALID_ID: 2606970
2023-06-30 17:44:50 [booklist] INFO: VALID_ID: 2533168
2023-06-30 17:44:50 [booklist] INFO: VALID_ID: 2576262
2023-06-30 17:44:50 [booklist] INFO: VALID_ID: 2547740
2023-06-30 17:44:50 [booklist] INFO: VALID_ID: 2554298
2023-06-30 17:44:50 [booklist] INFO: VALID_ID: 2554297
2023-06-30 17:44:50 [booklist] INFO: VALID_ID: 2576263
2023-06-30 17:44:50 [booklist] INFO: VALID_ID: 2547739
2023-06-30 17:44:50 [booklist] INFO: VALID_ID: 2536938
2023-06-30 17:44:50 [booklist] INFO: VALID_ID: 9892479
2023-06-30 17:44:50 [booklist] INFO: VALID_ID: 2547744
2023-06-30 17:44:50 [booklist] INFO: VALID_ID: 2576254
2023-06-30 17:44:50 [booklist] INFO: VALID_ID: 2576261
2023-06-30 17:44:50 [booklist] INFO: VALID_ID: 2605665
2023-06-30 17:44:50 [booklist] INFO: VALID_ID: 2607938
2023-06-30 17:44:50 [booklist] INFO: VALID_ID: 2560069
2023-06-30 17:44:50 [booklist] INFO: VALID_ID: 2576256
2023-06-30 17:44:50 [booklist] INFO: VALID_ID: 2560073
2023-06-30 17:44:50 [booklist] INFO: VALID_ID: 2606403
2023-06-30 17:44:50 [booklist] INFO: VALID_ID: 2553651
2023-06-30 17:44:50 [booklist] INFO: VALID_ID: 2542466
2023-06-30 17:44:50 [booklist] INFO: VALID_ID: 2553652
2023-06-30 17:44:50 [booklist] INFO: VALID_ID: 1287735
2023-06-30 17:44:50 [booklist] INFO: VALID_ID: 2555820
2023-06-30 17:44:50 [booklist] INFO: VALID_ID: 2560068
2023-06-30 17:44:50 [booklist] INFO: VALID_ID: 2560070
2023-06-30 17:44:50 [booklist] INFO: VALID_ID: 2553653
2023-06-30 17:44:50 [booklist] INFO: VALID_ID: 2567984
2023-06-30 17:44:50 [booklist] INFO: VALID_ID: 2554299
2023-06-30 17:44:50 [booklist] INFO: VALID_ID: 2532333
2023-06-30 17:44:50 [booklist] INFO: VALID_ID: 12865555
2023-06-30 17:44:50 [booklist] INFO: VALID_ID: 2560072
2023-06-30 17:44:50 [booklist] INFO: VALID_ID: 2536788
2023-06-30 17:44:50 [booklist] INFO: VALID_ID: 2608928
2023-06-30 17:44:50 [booklist] INFO: VALID_ID: 2555819
2023-06-30 17:44:50 [booklist] INFO: VALID_ID: 2606910
2023-06-30 17:44:50 [booklist] INFO: VALID_ID: 2561554
2023-06-30 17:44:50 [booklist] INFO: VALID_ID: 2561553
2023-06-30 17:44:50 [booklist] INFO: VALID_ID: 10300952
2023-06-30 17:44:50 [booklist] INFO: VALID_ID: 2560071
2023-06-30 17:44:51 [scrapy.core.engine] DEBUG: Crawled (200) <POST https://dl.ndl.go.jp/api/item/search> (referer: https://dl.ndl.go.jp/api/item/search)
2023-06-30 17:44:51 [booklist] INFO: Fetched page 2
2023-06-30 17:44:51 [booklist] INFO: VALID_ID: 2567985
2023-06-30 17:44:51 [booklist] INFO: VALID_ID: 8929355
2023-06-30 17:44:51 [booklist] INFO: VALID_ID: 2587877
2023-06-30 17:44:51 [booklist] INFO: VALID_ID: 2561552
2023-06-30 17:44:51 [booklist] INFO: VALID_ID: 12865555
2023-06-30 17:44:51 [booklist] INFO: VALID_ID: 2561555
2023-06-30 17:44:51 [booklist] INFO: VALID_ID: 2608511
2023-06-30 17:44:51 [booklist] INFO: VALID_ID: 2542410
2023-06-30 17:44:51 [booklist] INFO: VALID_ID: 2540273
2023-06-30 17:44:51 [booklist] INFO: VALID_ID: 2539127
2023-06-30 17:44:51 [booklist] INFO: VALID_ID: 2563454
2023-06-30 17:44:51 [booklist] INFO: VALID_ID: 2587875
2023-06-30 17:44:51 [booklist] INFO: VALID_ID: 2607201
2023-06-30 17:44:51 [booklist] INFO: VALID_ID: 2545644
2023-06-30 17:44:51 [booklist] INFO: VALID_ID: 2561556
2023-06-30 17:44:51 [booklist] INFO: VALID_ID: 2563312
2023-06-30 17:44:51 [booklist] INFO: VALID_ID: 2611107
2023-06-30 17:44:51 [booklist] INFO: VALID_ID: 2538074
2023-06-30 17:44:51 [booklist] INFO: VALID_ID: 2545645
2023-06-30 17:44:51 [booklist] INFO: VALID_ID: 2545646
2023-06-30 17:44:51 [booklist] INFO: VALID_ID: 2608443
2023-06-30 17:44:51 [booklist] INFO: VALID_ID: 2563311
2023-06-30 17:44:51 [booklist] INFO: VALID_ID: 2563455
2023-06-30 17:44:51 [booklist] INFO: VALID_ID: 10303771
2023-06-30 17:44:51 [booklist] INFO: VALID_ID: 2606761
2023-06-30 17:44:51 [booklist] INFO: VALID_ID: 2563456
2023-06-30 17:44:51 [booklist] INFO: VALID_ID: 2563458
2023-06-30 17:44:51 [booklist] INFO: VALID_ID: 2539370
2023-06-30 17:44:51 [booklist] INFO: VALID_ID: 2537370
2023-06-30 17:44:51 [booklist] INFO: VALID_ID: 2533652
2023-06-30 17:44:51 [booklist] INFO: VALID_ID: 2564654
2023-06-30 17:44:51 [booklist] INFO: VALID_ID: 10303954
2023-06-30 17:44:51 [booklist] INFO: VALID_ID: 9369152
2023-06-30 17:44:51 [booklist] INFO: VALID_ID: 2563457
2023-06-30 17:44:51 [booklist] INFO: VALID_ID: 2564652
2023-06-30 17:44:51 [booklist] INFO: VALID_ID: 10303770
2023-06-30 17:44:51 [booklist] INFO: VALID_ID: 10301605
2023-06-30 17:44:51 [booklist] INFO: VALID_ID: 9367559
2023-06-30 17:44:51 [booklist] INFO: VALID_ID: 2540105
2023-06-30 17:44:51 [booklist] INFO: VALID_ID: 2564653
2023-06-30 17:44:51 [booklist] INFO: VALID_ID: 2564651
2023-06-30 17:44:51 [booklist] INFO: VALID_ID: 2608768
2023-06-30 17:44:51 [booklist] INFO: VALID_ID: 2579714
2023-06-30 17:44:51 [booklist] INFO: VALID_ID: 2579715
2023-06-30 17:44:51 [booklist] INFO: VALID_ID: 1286771
2023-06-30 17:44:51 [booklist] INFO: VALID_ID: 1287006
2023-06-30 17:44:51 [booklist] INFO: VALID_ID: 2579712
2023-06-30 17:44:51 [booklist] INFO: VALID_ID: 2579711
2023-06-30 17:44:51 [booklist] INFO: VALID_ID: 1286772
2023-06-30 17:44:51 [booklist] INFO: VALID_ID: 8369271
2023-06-30 17:44:51 [booklist] INFO: VALID_ID: 1311333
2023-06-30 17:44:51 [booklist] INFO: VALID_ID: 2609791
2023-06-30 17:44:51 [booklist] INFO: VALID_ID: 2579713
2023-06-30 17:44:51 [booklist] INFO: VALID_ID: 2563518
2023-06-30 17:44:51 [booklist] INFO: VALID_ID: 8369270
2023-06-30 17:44:51 [booklist] INFO: VALID_ID: 2607326
2023-06-30 17:44:51 [booklist] INFO: VALID_ID: 2558190
2023-06-30 17:44:51 [booklist] INFO: VALID_ID: 8369268
2023-06-30 17:44:51 [booklist] INFO: VALID_ID: 8369273
2023-06-30 17:44:51 [booklist] INFO: VALID_ID: 2532937
2023-06-30 17:44:51 [booklist] INFO: VALID_ID: 2561674
2023-06-30 17:44:51 [booklist] INFO: VALID_ID: 2558193
2023-06-30 17:44:51 [booklist] INFO: VALID_ID: 8369272
2023-06-30 17:44:51 [booklist] INFO: VALID_ID: 2558191
2023-06-30 17:44:51 [booklist] INFO: VALID_ID: 9367530
2023-06-30 17:44:51 [booklist] INFO: VALID_ID: 2540639
2023-06-30 17:44:51 [booklist] INFO: VALID_ID: 2558192
2023-06-30 17:44:51 [booklist] INFO: VALID_ID: 2608131
2023-06-30 17:44:51 [booklist] INFO: VALID_ID: 2563525
2023-06-30 17:44:51 [booklist] INFO: VALID_ID: 2561677
2023-06-30 17:44:51 [booklist] INFO: VALID_ID: 2558194
2023-06-30 17:44:51 [booklist] INFO: VALID_ID: 2561675
2023-06-30 17:44:51 [booklist] INFO: VALID_ID: 2563520
2023-06-30 17:44:51 [booklist] INFO: VALID_ID: 2537418
2023-06-30 17:44:51 [booklist] INFO: VALID_ID: 2555906
2023-06-30 17:44:51 [booklist] INFO: VALID_ID: 2563521
2023-06-30 17:44:51 [booklist] INFO: VALID_ID: 2607829
2023-06-30 17:44:51 [booklist] INFO: VALID_ID: 2563522
2023-06-30 17:44:51 [booklist] INFO: VALID_ID: 2561680
2023-06-30 17:44:51 [booklist] INFO: VALID_ID: 2558189
2023-06-30 17:44:51 [booklist] INFO: VALID_ID: 2563517
2023-06-30 17:44:51 [booklist] INFO: VALID_ID: 2563523
2023-06-30 17:44:51 [booklist] INFO: VALID_ID: 2563519
2023-06-30 17:44:51 [booklist] INFO: VALID_ID: 1311331
2023-06-30 17:44:51 [booklist] INFO: VALID_ID: 2605261
2023-06-30 17:44:51 [booklist] INFO: VALID_ID: 2536425
2023-06-30 17:44:51 [booklist] INFO: VALID_ID: 8369269
2023-06-30 17:44:51 [booklist] INFO: VALID_ID: 2555905
2023-06-30 17:44:51 [booklist] INFO: VALID_ID: 10301793
2023-06-30 17:44:51 [booklist] INFO: VALID_ID: 2532941
2023-06-30 17:44:51 [booklist] INFO: VALID_ID: 2563524
2023-06-30 17:44:51 [booklist] INFO: VALID_ID: 11223190
2023-06-30 17:44:51 [booklist] INFO: VALID_ID: 2563526
2023-06-30 17:44:51 [booklist] INFO: VALID_ID: 2561673
2023-06-30 17:44:51 [booklist] INFO: VALID_ID: 2598715
2023-06-30 17:44:51 [booklist] INFO: VALID_ID: 2561679
2023-06-30 17:44:51 [booklist] INFO: VALID_ID: 2532955
2023-06-30 17:44:51 [booklist] INFO: VALID_ID: 2609674
2023-06-30 17:44:51 [booklist] INFO: VALID_ID: 2568144
2023-06-30 17:44:51 [booklist] INFO: VALID_ID: 2598702
2023-06-30 17:44:52 [scrapy.core.engine] DEBUG: Crawled (200) <POST https://dl.ndl.go.jp/api/item/search> (referer: https://dl.ndl.go.jp/api/item/search)
2023-06-30 17:44:52 [booklist] INFO: Fetched page 3
2023-06-30 17:44:52 [booklist] INFO: VALID_ID: 2568144
2023-06-30 17:44:52 [booklist] INFO: VALID_ID: 2561679
2023-06-30 17:44:52 [booklist] INFO: VALID_ID: 2598702
2023-06-30 17:44:52 [booklist] INFO: VALID_ID: 2598708
2023-06-30 17:44:52 [booklist] INFO: VALID_ID: 2598711
2023-06-30 17:44:52 [booklist] INFO: VALID_ID: 2598719
2023-06-30 17:44:52 [booklist] INFO: VALID_ID: 2598715
2023-06-30 17:44:52 [booklist] INFO: VALID_ID: 2606593
2023-06-30 17:44:52 [booklist] INFO: VALID_ID: 2598710
2023-06-30 17:44:52 [booklist] INFO: VALID_ID: 2598725
2023-06-30 17:44:52 [booklist] INFO: VALID_ID: 2540123
2023-06-30 17:44:52 [booklist] INFO: VALID_ID: 2598716
2023-06-30 17:44:52 [booklist] INFO: VALID_ID: 2598707
2023-06-30 17:44:52 [booklist] INFO: VALID_ID: 9893253
2023-06-30 17:44:52 [booklist] INFO: VALID_ID: 2598703
2023-06-30 17:44:52 [booklist] INFO: VALID_ID: 2598713
2023-06-30 17:44:52 [booklist] INFO: VALID_ID: 2598704
2023-06-30 17:44:52 [booklist] INFO: VALID_ID: 2598709
2023-06-30 17:44:52 [booklist] INFO: VALID_ID: 2542856
2023-06-30 17:44:52 [booklist] INFO: VALID_ID: 2561676
2023-06-30 17:44:52 [booklist] INFO: VALID_ID: 2540800
2023-06-30 17:44:52 [booklist] INFO: VALID_ID: 1305448
2023-06-30 17:44:52 [booklist] INFO: VALID_ID: 2535708
2023-06-30 17:44:52 [booklist] INFO: VALID_ID: 2555376
2023-06-30 17:44:52 [booklist] INFO: VALID_ID: 2598705
2023-06-30 17:44:52 [booklist] INFO: VALID_ID: 2598712
2023-06-30 17:44:52 [booklist] INFO: VALID_ID: 2607254
2023-06-30 17:44:52 [booklist] INFO: VALID_ID: 2538588
2023-06-30 17:44:52 [booklist] INFO: VALID_ID: 2533355
2023-06-30 17:44:52 [booklist] INFO: VALID_ID: 2598718
2023-06-30 17:44:52 [booklist] INFO: VALID_ID: 2542550
2023-06-30 17:44:52 [booklist] INFO: VALID_ID: 2598717
2023-06-30 17:44:52 [booklist] INFO: VALID_ID: 2598706
2023-06-30 17:44:52 [booklist] INFO: VALID_ID: 2598721
2023-06-30 17:44:52 [booklist] INFO: VALID_ID: 2598723
2023-06-30 17:44:52 [booklist] INFO: VALID_ID: 2598720
2023-06-30 17:44:52 [booklist] INFO: VALID_ID: 2607757
2023-06-30 17:44:52 [booklist] INFO: VALID_ID: 2555375
2023-06-30 17:44:52 [booklist] INFO: VALID_ID: 2598714
2023-06-30 17:44:52 [booklist] INFO: VALID_ID: 2598722
2023-06-30 17:44:52 [booklist] INFO: VALID_ID: 2536625
2023-06-30 17:44:52 [booklist] INFO: VALID_ID: 2540274
2023-06-30 17:44:52 [booklist] INFO: VALID_ID: 2608520
2023-06-30 17:44:52 [booklist] INFO: VALID_ID: 1303596
2023-06-30 17:44:52 [booklist] INFO: VALID_ID: 2543030
2023-06-30 17:44:52 [booklist] INFO: VALID_ID: 1310370
2023-06-30 17:44:52 [booklist] INFO: VALID_ID: 2537230
2023-06-30 17:44:52 [booklist] INFO: VALID_ID: 2536545
2023-06-30 17:44:52 [booklist] INFO: VALID_ID: 2558550
2023-06-30 17:44:52 [booklist] INFO: VALID_ID: 2558552
2023-06-30 17:44:52 [booklist] INFO: VALID_ID: 2536593
2023-06-30 17:44:52 [booklist] INFO: VALID_ID: 2539023
2023-06-30 17:44:52 [booklist] INFO: VALID_ID: 2558551
2023-06-30 17:44:52 [booklist] INFO: VALID_ID: 2563687
2023-06-30 17:44:52 [booklist] INFO: VALID_ID: 2558549
2023-06-30 17:44:52 [booklist] INFO: VALID_ID: 2538872
2023-06-30 17:44:52 [booklist] INFO: VALID_ID: 2542061
2023-06-30 17:44:52 [booklist] INFO: VALID_ID: 2563688
2023-06-30 17:44:52 [booklist] INFO: VALID_ID: 1312616
2023-06-30 17:44:52 [booklist] INFO: VALID_ID: 2539723
2023-06-30 17:44:52 [booklist] INFO: VALID_ID: 2558553
2023-06-30 17:44:52 [booklist] INFO: VALID_ID: 2537067
2023-06-30 17:44:52 [booklist] INFO: VALID_ID: 2538384
2023-06-30 17:44:52 [booklist] INFO: VALID_ID: 2542366
2023-06-30 17:44:52 [booklist] INFO: VALID_ID: 2563686
2023-06-30 17:44:52 [booklist] INFO: VALID_ID: 2542403
2023-06-30 17:44:52 [booklist] INFO: VALID_ID: 2536093
2023-06-30 17:44:52 [booklist] INFO: VALID_ID: 2538465
2023-06-30 17:44:52 [booklist] INFO: VALID_ID: 2538383
2023-06-30 17:44:52 [booklist] INFO: VALID_ID: 2543688
2023-06-30 17:44:52 [booklist] INFO: VALID_ID: 2538393
2023-06-30 17:44:52 [booklist] INFO: VALID_ID: 1288409
2023-06-30 17:44:52 [booklist] INFO: VALID_ID: 2554094
2023-06-30 17:44:52 [booklist] INFO: VALID_ID: 2554097
2023-06-30 17:44:52 [booklist] INFO: VALID_ID: 8929694
2023-06-30 17:44:52 [booklist] INFO: VALID_ID: 2607521
2023-06-30 17:44:52 [booklist] INFO: VALID_ID: 2545634
2023-06-30 17:44:52 [booklist] INFO: VALID_ID: 2543689
2023-06-30 17:44:52 [booklist] INFO: VALID_ID: 1312100
2023-06-30 17:44:52 [booklist] INFO: VALID_ID: 2559205
2023-06-30 17:44:52 [booklist] INFO: VALID_ID: 2536180
2023-06-30 17:44:52 [booklist] INFO: VALID_ID: 2554093
2023-06-30 17:44:52 [booklist] INFO: VALID_ID: 2554102
2023-06-30 17:44:52 [booklist] INFO: VALID_ID: 1303600
2023-06-30 17:44:52 [booklist] INFO: VALID_ID: 2542409
2023-06-30 17:44:52 [booklist] INFO: VALID_ID: 2543690
2023-06-30 17:44:52 [booklist] INFO: VALID_ID: 2540855
2023-06-30 17:44:52 [booklist] INFO: VALID_ID: 2542350
2023-06-30 17:44:52 [booklist] INFO: VALID_ID: 2554096
2023-06-30 17:44:52 [booklist] INFO: VALID_ID: 2537004
2023-06-30 17:44:52 [booklist] INFO: VALID_ID: 2554101
2023-06-30 17:44:52 [booklist] INFO: VALID_ID: 1307397
2023-06-30 17:44:52 [booklist] INFO: VALID_ID: 2545636
2023-06-30 17:44:52 [booklist] INFO: VALID_ID: 2606944
2023-06-30 17:44:52 [booklist] INFO: VALID_ID: 9367538
2023-06-30 17:44:52 [booklist] INFO: VALID_ID: 2606650
2023-06-30 17:44:52 [booklist] INFO: VALID_ID: 2540125
2023-06-30 17:44:52 [booklist] INFO: VALID_ID: 1303452
2023-06-30 17:44:52 [booklist] INFO: VALID_ID: 2545637
2023-06-30 17:44:52 [booklist] INFO: VALID_ID: 2537191
2023-06-30 17:44:53 [scrapy.core.engine] DEBUG: Crawled (200) <POST https://dl.ndl.go.jp/api/item/search> (referer: https://dl.ndl.go.jp/api/item/search)
2023-06-30 17:44:53 [booklist] INFO: Fetched page 4
2023-06-30 17:44:54 [booklist] INFO: VALID_ID: 2554098
2023-06-30 17:44:54 [booklist] INFO: VALID_ID: 2554100
2023-06-30 17:44:54 [booklist] INFO: VALID_ID: 2554099
2023-06-30 17:44:54 [booklist] INFO: VALID_ID: 1305154
2023-06-30 17:44:54 [booklist] INFO: VALID_ID: 2541193
2023-06-30 17:44:54 [booklist] INFO: VALID_ID: 2532316
2023-06-30 17:44:54 [booklist] INFO: VALID_ID: 2545806
2023-06-30 17:44:54 [booklist] INFO: VALID_ID: 2536408
2023-06-30 17:44:54 [booklist] INFO: VALID_ID: 2559129
2023-06-30 17:44:54 [booklist] INFO: VALID_ID: 2538396
2023-06-30 17:44:54 [booklist] INFO: VALID_ID: 1307234
2023-06-30 17:44:54 [booklist] INFO: VALID_ID: 2538887
2023-06-30 17:44:54 [booklist] INFO: VALID_ID: 2610891
2023-06-30 17:44:54 [booklist] INFO: VALID_ID: 2545805
2023-06-30 17:44:54 [booklist] INFO: VALID_ID: 2540126
2023-06-30 17:44:54 [booklist] INFO: VALID_ID: 2538432
2023-06-30 17:44:54 [booklist] INFO: VALID_ID: 2545635
2023-06-30 17:44:54 [booklist] INFO: VALID_ID: 2543691
2023-06-30 17:44:54 [booklist] INFO: VALID_ID: 2607143
2023-06-30 17:44:54 [booklist] INFO: VALID_ID: 1303416
2023-06-30 17:44:54 [booklist] INFO: VALID_ID: 2605472
2023-06-30 17:44:54 [booklist] INFO: VALID_ID: 2605602
2023-06-30 17:44:54 [booklist] INFO: VALID_ID: 2607026
2023-06-30 17:44:54 [booklist] INFO: VALID_ID: 2567847
2023-06-30 17:44:54 [booklist] INFO: VALID_ID: 2545623
2023-06-30 17:44:54 [booklist] INFO: VALID_ID: 1301459
2023-06-30 17:44:54 [booklist] INFO: VALID_ID: 2565426
2023-06-30 17:44:54 [booklist] INFO: VALID_ID: 2605484
2023-06-30 17:44:54 [booklist] INFO: VALID_ID: 2575397
2023-06-30 17:44:54 [booklist] INFO: VALID_ID: 2575407
2023-06-30 17:44:54 [booklist] INFO: VALID_ID: 2554095
2023-06-30 17:44:54 [booklist] INFO: VALID_ID: 1286228
2023-06-30 17:44:54 [booklist] INFO: VALID_ID: 2606756
2023-06-30 17:44:54 [booklist] INFO: VALID_ID: 2553221
2023-06-30 17:44:54 [booklist] INFO: VALID_ID: 2575395
2023-06-30 17:44:54 [booklist] INFO: VALID_ID: 2575412
2023-06-30 17:44:54 [booklist] INFO: VALID_ID: 2607054
2023-06-30 17:44:54 [booklist] INFO: VALID_ID: 2575401
2023-06-30 17:44:54 [booklist] INFO: VALID_ID: 1302102
2023-06-30 17:44:54 [booklist] INFO: VALID_ID: 2608641
2023-06-30 17:44:54 [booklist] INFO: VALID_ID: 2533698
2023-06-30 17:44:54 [booklist] INFO: VALID_ID: 2589773
2023-06-30 17:44:54 [booklist] INFO: VALID_ID: 2575396
2023-06-30 17:44:54 [booklist] INFO: VALID_ID: 2545683
2023-06-30 17:44:54 [booklist] INFO: VALID_ID: 10301037
2023-06-30 17:44:54 [booklist] INFO: VALID_ID: 2540508
2023-06-30 17:44:54 [booklist] INFO: VALID_ID: 2545624
2023-06-30 17:44:54 [booklist] INFO: VALID_ID: 2589776
2023-06-30 17:44:54 [booklist] INFO: VALID_ID: 1303935
2023-06-30 17:44:54 [booklist] INFO: VALID_ID: 2575409
2023-06-30 17:44:54 [booklist] INFO: VALID_ID: 2545679
2023-06-30 17:44:54 [booklist] INFO: VALID_ID: 2589771
2023-06-30 17:44:54 [booklist] INFO: VALID_ID: 2560448
2023-06-30 17:44:54 [booklist] INFO: VALID_ID: 2575413
2023-06-30 17:44:54 [booklist] INFO: VALID_ID: 1312610
2023-06-30 17:44:54 [booklist] INFO: VALID_ID: 10301261
2023-06-30 17:44:54 [booklist] INFO: VALID_ID: 2610730
2023-06-30 17:44:54 [booklist] INFO: VALID_ID: 2540237
2023-06-30 17:44:54 [booklist] INFO: VALID_ID: 2540218
2023-06-30 17:44:54 [booklist] INFO: VALID_ID: 8929607
2023-06-30 17:44:54 [booklist] INFO: VALID_ID: 2553222
2023-06-30 17:44:54 [booklist] INFO: VALID_ID: 1303441
2023-06-30 17:44:54 [booklist] INFO: VALID_ID: 2545752
2023-06-30 17:44:54 [booklist] INFO: VALID_ID: 2575406
2023-06-30 17:44:54 [booklist] INFO: VALID_ID: 2539694
2023-06-30 17:44:54 [booklist] INFO: VALID_ID: 2537049
2023-06-30 17:44:54 [booklist] INFO: VALID_ID: 2545681
2023-06-30 17:44:54 [booklist] INFO: VALID_ID: 2589775
2023-06-30 17:44:54 [booklist] INFO: VALID_ID: 2589777
2023-06-30 17:44:54 [booklist] INFO: VALID_ID: 2575400
2023-06-30 17:44:54 [booklist] INFO: VALID_ID: 2610261
2023-06-30 17:44:54 [booklist] INFO: VALID_ID: 2538382
2023-06-30 17:44:54 [booklist] INFO: VALID_ID: 2591004
2023-06-30 17:44:54 [booklist] INFO: VALID_ID: 2545622
2023-06-30 17:44:54 [booklist] INFO: VALID_ID: 2545680
2023-06-30 17:44:54 [booklist] INFO: VALID_ID: 2553224
2023-06-30 17:44:54 [booklist] INFO: VALID_ID: 2575402
2023-06-30 17:44:54 [booklist] INFO: VALID_ID: 2540127
2023-06-30 17:44:54 [booklist] INFO: VALID_ID: 2535793
2023-06-30 17:44:54 [booklist] INFO: VALID_ID: 2591005
2023-06-30 17:44:54 [booklist] INFO: VALID_ID: 2589772
2023-06-30 17:44:54 [booklist] INFO: VALID_ID: 2545753
2023-06-30 17:44:54 [booklist] INFO: VALID_ID: 2537364
2023-06-30 17:44:54 [booklist] INFO: VALID_ID: 2607658
2023-06-30 17:44:54 [booklist] INFO: VALID_ID: 2608750
2023-06-30 17:44:54 [booklist] INFO: VALID_ID: 2545648
2023-06-30 17:44:54 [booklist] INFO: VALID_ID: 2545682
2023-06-30 17:44:54 [booklist] INFO: VALID_ID: 2575414
2023-06-30 17:44:54 [booklist] INFO: VALID_ID: 2575415
2023-06-30 17:44:54 [booklist] INFO: VALID_ID: 1303423
2023-06-30 17:44:54 [booklist] INFO: VALID_ID: 2560449
2023-06-30 17:44:54 [booklist] INFO: VALID_ID: 2575394
2023-06-30 17:44:54 [booklist] INFO: VALID_ID: 2538476
2023-06-30 17:44:54 [booklist] INFO: VALID_ID: 2553223
2023-06-30 17:44:54 [booklist] INFO: VALID_ID: 2575404
2023-06-30 17:44:54 [booklist] INFO: VALID_ID: 2575405
2023-06-30 17:44:54 [booklist] INFO: VALID_ID: 1303405
2023-06-30 17:44:54 [booklist] INFO: VALID_ID: 2565428
2023-06-30 17:44:54 [booklist] INFO: VALID_ID: 2551551
2023-06-30 17:44:54 [booklist] INFO: VALID_ID: 1302607
2023-06-30 17:44:54 [scrapy.core.engine] DEBUG: Crawled (200) <POST https://dl.ndl.go.jp/api/item/search> (referer: https://dl.ndl.go.jp/api/item/search)
2023-06-30 17:44:55 [booklist] INFO: Fetched page 5
2023-06-30 17:44:55 [booklist] INFO: VALID_ID: 2560450
2023-06-30 17:44:55 [booklist] INFO: VALID_ID: 1303627
2023-06-30 17:44:55 [booklist] INFO: VALID_ID: 2540127
2023-06-30 17:44:55 [booklist] INFO: VALID_ID: 2535793
2023-06-30 17:44:55 [booklist] INFO: VALID_ID: 2589772
2023-06-30 17:44:55 [booklist] INFO: VALID_ID: 2591005
2023-06-30 17:44:55 [booklist] INFO: VALID_ID: 2545753
2023-06-30 17:44:55 [booklist] INFO: VALID_ID: 2533589
2023-06-30 17:44:55 [booklist] INFO: VALID_ID: 2607050
2023-06-30 17:44:55 [booklist] INFO: VALID_ID: 2567846
2023-06-30 17:44:55 [booklist] INFO: VALID_ID: 9367574
2023-06-30 17:44:55 [booklist] INFO: VALID_ID: 2555604
2023-06-30 17:44:55 [booklist] INFO: VALID_ID: 2545751
2023-06-30 17:44:55 [booklist] INFO: VALID_ID: 1312707
2023-06-30 17:44:55 [booklist] INFO: VALID_ID: 2555603
2023-06-30 17:44:55 [booklist] INFO: VALID_ID: 2545750
2023-06-30 17:44:55 [booklist] INFO: VALID_ID: 2553220
2023-06-30 17:44:55 [booklist] INFO: VALID_ID: 2607524
2023-06-30 17:44:55 [booklist] INFO: VALID_ID: 2575393
2023-06-30 17:44:55 [booklist] INFO: VALID_ID: 2589774
2023-06-30 17:44:55 [booklist] INFO: VALID_ID: 2575398
2023-06-30 17:44:55 [booklist] INFO: VALID_ID: 2565425
2023-06-30 17:44:55 [booklist] INFO: VALID_ID: 1303460
2023-06-30 17:44:55 [booklist] INFO: VALID_ID: 2545647
2023-06-30 17:44:55 [booklist] INFO: VALID_ID: 2538387
2023-06-30 17:44:55 [booklist] INFO: VALID_ID: 2575392
2023-06-30 17:44:55 [booklist] INFO: VALID_ID: 2575408
2023-06-30 17:44:55 [booklist] INFO: VALID_ID: 2560447
2023-06-30 17:44:55 [booklist] INFO: VALID_ID: 2609820
2023-06-30 17:44:55 [booklist] INFO: VALID_ID: 2575399
2023-06-30 17:44:55 [booklist] INFO: VALID_ID: 1286228
2023-06-30 17:44:55 [booklist] INFO: VALID_ID: 2575409
2023-06-30 17:44:55 [booklist] INFO: VALID_ID: 2605711
2023-06-30 17:44:55 [booklist] INFO: VALID_ID: 9366870
2023-06-30 17:44:55 [booklist] INFO: VALID_ID: 2575410
2023-06-30 17:44:55 [booklist] INFO: VALID_ID: 1286354
2023-06-30 17:44:55 [booklist] INFO: VALID_ID: 2605906
2023-06-30 17:44:55 [booklist] INFO: VALID_ID: 8929328
2023-06-30 17:44:55 [booklist] INFO: VALID_ID: 2545689
2023-06-30 17:44:55 [booklist] INFO: VALID_ID: 2573216
2023-06-30 17:44:55 [booklist] INFO: VALID_ID: 2545693
2023-06-30 17:44:55 [booklist] INFO: VALID_ID: 2545686
2023-06-30 17:44:55 [booklist] INFO: VALID_ID: 1305878
2023-06-30 17:44:55 [booklist] INFO: VALID_ID: 2561543
2023-06-30 17:44:55 [booklist] INFO: VALID_ID: 2559130
2023-06-30 17:44:55 [booklist] INFO: VALID_ID: 2559606
2023-06-30 17:44:55 [booklist] INFO: VALID_ID: 1286333
2023-06-30 17:44:55 [booklist] INFO: VALID_ID: 2573214
2023-06-30 17:44:55 [booklist] INFO: VALID_ID: 2605658
2023-06-30 17:44:55 [booklist] INFO: VALID_ID: 2561549
2023-06-30 17:44:55 [booklist] INFO: VALID_ID: 2537032
2023-06-30 17:44:55 [booklist] INFO: VALID_ID: 2539841
2023-06-30 17:44:55 [booklist] INFO: VALID_ID: 9369912
2023-06-30 17:44:55 [booklist] INFO: VALID_ID: 1312579
2023-06-30 17:44:55 [booklist] INFO: VALID_ID: 1286294
2023-06-30 17:44:55 [booklist] INFO: VALID_ID: 2542542
2023-06-30 17:44:55 [booklist] INFO: VALID_ID: 2560442
2023-06-30 17:44:55 [booklist] INFO: VALID_ID: 2532926
2023-06-30 17:44:55 [booklist] INFO: VALID_ID: 2545678
2023-06-30 17:44:55 [booklist] INFO: VALID_ID: 1306618
2023-06-30 17:44:55 [booklist] INFO: VALID_ID: 2561551
2023-06-30 17:44:55 [booklist] INFO: VALID_ID: 1306612
2023-06-30 17:44:55 [booklist] INFO: VALID_ID: 2560444
2023-06-30 17:44:55 [booklist] INFO: VALID_ID: 2609067
2023-06-30 17:44:55 [booklist] INFO: VALID_ID: 2545676
2023-06-30 17:44:55 [booklist] INFO: VALID_ID: 1286966
2023-06-30 17:44:55 [booklist] INFO: VALID_ID: 2610524
2023-06-30 17:44:55 [booklist] INFO: VALID_ID: 2573215
2023-06-30 17:44:55 [booklist] INFO: VALID_ID: 2567249
2023-06-30 17:44:55 [booklist] INFO: VALID_ID: 2605837
2023-06-30 17:44:55 [booklist] INFO: VALID_ID: 2545687
2023-06-30 17:44:55 [booklist] INFO: VALID_ID: 2561545
2023-06-30 17:44:55 [booklist] INFO: VALID_ID: 1301563
2023-06-30 17:44:55 [booklist] INFO: VALID_ID: 2537490
2023-06-30 17:44:55 [booklist] INFO: VALID_ID: 2607352
2023-06-30 17:44:55 [booklist] INFO: VALID_ID: 9369911
2023-06-30 17:44:55 [booklist] INFO: VALID_ID: 2538385
2023-06-30 17:44:55 [booklist] INFO: VALID_ID: 2537715
2023-06-30 17:44:55 [booklist] INFO: VALID_ID: 2545677
2023-06-30 17:44:55 [booklist] INFO: VALID_ID: 2545688
2023-06-30 17:44:55 [booklist] INFO: VALID_ID: 2561548
2023-06-30 17:44:55 [booklist] INFO: VALID_ID: 2537073
2023-06-30 17:44:55 [booklist] INFO: VALID_ID: 2545690
2023-06-30 17:44:55 [booklist] INFO: VALID_ID: 2574916
2023-06-30 17:44:55 [booklist] INFO: VALID_ID: 2560446
2023-06-30 17:44:55 [booklist] INFO: VALID_ID: 2561547
2023-06-30 17:44:55 [booklist] INFO: VALID_ID: 2543585
2023-06-30 17:44:55 [booklist] INFO: VALID_ID: 2538866
2023-06-30 17:44:55 [booklist] INFO: VALID_ID: 2540108
2023-06-30 17:44:55 [booklist] INFO: VALID_ID: 2561542
2023-06-30 17:44:55 [booklist] INFO: VALID_ID: 2540726
2023-06-30 17:44:55 [booklist] INFO: VALID_ID: 2542710
2023-06-30 17:44:55 [booklist] INFO: VALID_ID: 2560443
2023-06-30 17:44:55 [booklist] INFO: VALID_ID: 2561546
2023-06-30 17:44:55 [booklist] INFO: VALID_ID: 2561550
2023-06-30 17:44:55 [booklist] INFO: VALID_ID: 1286358
2023-06-30 17:44:55 [booklist] INFO: VALID_ID: 2537491
2023-06-30 17:44:55 [booklist] INFO: VALID_ID: 1307398
2023-06-30 17:44:55 [booklist] INFO: VALID_ID: 1286317
2023-06-30 17:44:55 [booklist] INFO: VALID_ID: 1309922
2023-06-30 17:44:56 [scrapy.core.engine] DEBUG: Crawled (200) <POST https://dl.ndl.go.jp/api/item/search> (referer: https://dl.ndl.go.jp/api/item/search)
2023-06-30 17:44:56 [booklist] INFO: Fetched page 6
2023-06-30 17:44:56 [booklist] INFO: VALID_ID: 2560443
2023-06-30 17:44:56 [booklist] INFO: VALID_ID: 2561546
2023-06-30 17:44:56 [booklist] INFO: VALID_ID: 2561550
2023-06-30 17:44:56 [booklist] INFO: VALID_ID: 2538388
2023-06-30 17:44:56 [booklist] INFO: VALID_ID: 2608389
2023-06-30 17:44:56 [booklist] INFO: VALID_ID: 2545692
2023-06-30 17:44:56 [booklist] INFO: VALID_ID: 1307398
2023-06-30 17:44:56 [booklist] INFO: VALID_ID: 2537491
2023-06-30 17:44:56 [booklist] INFO: VALID_ID: 1286276
2023-06-30 17:44:56 [booklist] INFO: VALID_ID: 1309922
2023-06-30 17:44:56 [booklist] INFO: VALID_ID: 2567251
2023-06-30 17:44:56 [booklist] INFO: VALID_ID: 2561544
2023-06-30 17:44:56 [booklist] INFO: VALID_ID: 2574915
2023-06-30 17:44:56 [booklist] INFO: VALID_ID: 2537541
2023-06-30 17:44:56 [booklist] INFO: VALID_ID: 2567250
2023-06-30 17:44:56 [booklist] INFO: VALID_ID: 2560445
2023-06-30 17:44:56 [booklist] INFO: VALID_ID: 1303934
2023-06-30 17:44:56 [booklist] INFO: VALID_ID: 2608855
2023-06-30 17:44:56 [booklist] INFO: VALID_ID: 2542487
2023-06-30 17:44:56 [booklist] INFO: VALID_ID: 1286191
2023-06-30 17:44:56 [booklist] INFO: VALID_ID: 2532896
2023-06-30 17:44:56 [booklist] INFO: VALID_ID: 2543058
2023-06-30 17:44:56 [booklist] INFO: VALID_ID: 2542709
2023-06-30 17:44:56 [booklist] INFO: VALID_ID: 1305276
2023-06-30 17:44:56 [booklist] INFO: VALID_ID: 1286280
2023-06-30 17:44:56 [booklist] INFO: VALID_ID: 1286287
2023-06-30 17:44:56 [booklist] INFO: VALID_ID: 2559185
2023-06-30 17:44:56 [booklist] INFO: VALID_ID: 2538723
2023-06-30 17:44:56 [booklist] INFO: VALID_ID: 2538005
2023-06-30 17:44:56 [booklist] INFO: VALID_ID: 1286353
2023-06-30 17:44:56 [booklist] INFO: VALID_ID: 1286307
2023-06-30 17:44:56 [booklist] INFO: VALID_ID: 2559607
2023-06-30 17:44:56 [booklist] INFO: VALID_ID: 2561530
2023-06-30 17:44:56 [booklist] INFO: VALID_ID: 2605446
2023-06-30 17:44:56 [booklist] INFO: VALID_ID: 1304415
2023-06-30 17:44:56 [booklist] INFO: VALID_ID: 1303930
2023-06-30 17:44:56 [booklist] INFO: VALID_ID: 2542460
2023-06-30 17:44:56 [booklist] INFO: VALID_ID: 2547705
2023-06-30 17:44:56 [booklist] INFO: VALID_ID: 2547707
2023-06-30 17:44:56 [booklist] INFO: VALID_ID: 1303610
2023-06-30 17:44:56 [booklist] INFO: VALID_ID: 8929424
2023-06-30 17:44:56 [booklist] INFO: VALID_ID: 2606076
2023-06-30 17:44:56 [booklist] INFO: VALID_ID: 2554992
2023-06-30 17:44:56 [booklist] INFO: VALID_ID: 2547706
2023-06-30 17:44:56 [booklist] INFO: VALID_ID: 1303929
2023-06-30 17:44:56 [booklist] INFO: VALID_ID: 1311415
2023-06-30 17:44:56 [booklist] INFO: VALID_ID: 2561531
2023-06-30 17:44:56 [booklist] INFO: VALID_ID: 2545741
2023-06-30 17:44:56 [booklist] INFO: VALID_ID: 1286358
2023-06-30 17:44:56 [booklist] INFO: VALID_ID: 1304416
2023-06-30 17:44:56 [booklist] INFO: VALID_ID: 2545785
2023-06-30 17:44:56 [booklist] INFO: VALID_ID: 1308528
2023-06-30 17:44:56 [booklist] INFO: VALID_ID: 1312729
2023-06-30 17:44:56 [booklist] INFO: VALID_ID: 2540252
2023-06-30 17:44:56 [booklist] INFO: VALID_ID: 2545783
2023-06-30 17:44:56 [booklist] INFO: VALID_ID: 2561532
2023-06-30 17:44:56 [booklist] INFO: VALID_ID: 2545739
2023-06-30 17:44:56 [booklist] INFO: VALID_ID: 2559131
2023-06-30 17:44:56 [booklist] INFO: VALID_ID: 9369153
2023-06-30 17:44:56 [booklist] INFO: VALID_ID: 1303933
2023-06-30 17:44:56 [booklist] INFO: VALID_ID: 1286157
2023-06-30 17:44:56 [booklist] INFO: VALID_ID: 2545737
2023-06-30 17:44:56 [booklist] INFO: VALID_ID: 1305876
2023-06-30 17:44:56 [booklist] INFO: VALID_ID: 2543586
2023-06-30 17:44:56 [booklist] INFO: VALID_ID: 2545738
2023-06-30 17:44:56 [booklist] INFO: VALID_ID: 2545742
2023-06-30 17:44:56 [booklist] INFO: VALID_ID: 1286297
2023-06-30 17:44:56 [booklist] INFO: VALID_ID: 2554991
2023-06-30 17:44:56 [booklist] INFO: VALID_ID: 2607099
2023-06-30 17:44:56 [booklist] INFO: VALID_ID: 1301850
2023-06-30 17:44:56 [booklist] INFO: VALID_ID: 2547704
2023-06-30 17:44:56 [booklist] INFO: VALID_ID: 2540788
2023-06-30 17:44:56 [booklist] INFO: VALID_ID: 1301718
2023-06-30 17:44:56 [booklist] INFO: VALID_ID: 1308298
2023-06-30 17:44:56 [booklist] INFO: VALID_ID: 1304450
2023-06-30 17:44:56 [booklist] INFO: VALID_ID: 2542454
2023-06-30 17:44:56 [booklist] INFO: VALID_ID: 2607874
2023-06-30 17:44:56 [booklist] INFO: VALID_ID: 2545740
2023-06-30 17:44:56 [booklist] INFO: VALID_ID: 2607131
2023-06-30 17:44:56 [booklist] INFO: VALID_ID: 2540130
2023-06-30 17:44:56 [booklist] INFO: VALID_ID: 1286168
2023-06-30 17:44:56 [booklist] INFO: VALID_ID: 2545784
2023-06-30 17:44:56 [booklist] INFO: VALID_ID: 1305277
2023-06-30 17:44:56 [booklist] INFO: VALID_ID: 2545727
2023-06-30 17:44:56 [booklist] INFO: VALID_ID: 2545732
2023-06-30 17:44:56 [booklist] INFO: VALID_ID: 2563874
2023-06-30 17:44:56 [booklist] INFO: VALID_ID: 2545723
2023-06-30 17:44:56 [booklist] INFO: VALID_ID: 2540699
2023-06-30 17:44:56 [booklist] INFO: VALID_ID: 2545736
2023-06-30 17:44:56 [booklist] INFO: VALID_ID: 2542115
2023-06-30 17:44:56 [booklist] INFO: VALID_ID: 9893363
2023-06-30 17:44:56 [booklist] INFO: VALID_ID: 2545621
2023-06-30 17:44:56 [booklist] INFO: VALID_ID: 2563878
2023-06-30 17:44:56 [booklist] INFO: VALID_ID: 2608726
2023-06-30 17:44:56 [booklist] INFO: VALID_ID: 2545614
2023-06-30 17:44:56 [booklist] INFO: VALID_ID: 2543547
2023-06-30 17:44:56 [booklist] INFO: VALID_ID: 2545660
2023-06-30 17:44:56 [booklist] INFO: VALID_ID: 2543551
2023-06-30 17:44:56 [booklist] INFO: VALID_ID: 2545730
2023-06-30 17:44:56 [booklist] INFO: VALID_ID: 2545659
2023-06-30 17:44:57 [scrapy.core.engine] DEBUG: Crawled (200) <POST https://dl.ndl.go.jp/api/item/search> (referer: https://dl.ndl.go.jp/api/item/search)
2023-06-30 17:44:57 [booklist] INFO: Fetched page 7
2023-06-30 17:44:57 [booklist] INFO: VALID_ID: 1286283
2023-06-30 17:44:57 [booklist] INFO: VALID_ID: 1286319
2023-06-30 17:44:57 [booklist] INFO: VALID_ID: 2563866
2023-06-30 17:44:57 [booklist] INFO: VALID_ID: 2563872
2023-06-30 17:44:57 [booklist] INFO: VALID_ID: 1286286
2023-06-30 17:44:57 [booklist] INFO: VALID_ID: 2604663
2023-06-30 17:44:57 [booklist] INFO: VALID_ID: 2545724
2023-06-30 17:44:57 [booklist] INFO: VALID_ID: 2545728
2023-06-30 17:44:57 [booklist] INFO: VALID_ID: 1303562
2023-06-30 17:44:57 [booklist] INFO: VALID_ID: 2545733
2023-06-30 17:44:57 [booklist] INFO: VALID_ID: 2563863
2023-06-30 17:44:57 [booklist] INFO: VALID_ID: 2537758
2023-06-30 17:44:57 [booklist] INFO: VALID_ID: 2545734
2023-06-30 17:44:57 [booklist] INFO: VALID_ID: 2545800
2023-06-30 17:44:57 [booklist] INFO: VALID_ID: 2541883
2023-06-30 17:44:57 [booklist] INFO: VALID_ID: 2604665
2023-06-30 17:44:57 [booklist] INFO: VALID_ID: 2545726
2023-06-30 17:44:57 [booklist] INFO: VALID_ID: 2545661
2023-06-30 17:44:57 [booklist] INFO: VALID_ID: 2563879
2023-06-30 17:44:57 [booklist] INFO: VALID_ID: 2563880
2023-06-30 17:44:57 [booklist] INFO: VALID_ID: 1286270
2023-06-30 17:44:57 [booklist] INFO: VALID_ID: 1286306
2023-06-30 17:44:57 [booklist] INFO: VALID_ID: 2551866
2023-06-30 17:44:57 [booklist] INFO: VALID_ID: 2563869
2023-06-30 17:44:57 [booklist] INFO: VALID_ID: 2605877
2023-06-30 17:44:57 [booklist] INFO: VALID_ID: 2607081
2023-06-30 17:44:57 [booklist] INFO: VALID_ID: 2542406
2023-06-30 17:44:57 [booklist] INFO: VALID_ID: 2604664
2023-06-30 17:44:57 [booklist] INFO: VALID_ID: 2542975
2023-06-30 17:44:57 [booklist] INFO: VALID_ID: 2545799
2023-06-30 17:44:57 [booklist] INFO: VALID_ID: 2545615
2023-06-30 17:44:57 [booklist] INFO: VALID_ID: 2545658
2023-06-30 17:44:57 [booklist] INFO: VALID_ID: 1308383
2023-06-30 17:44:57 [booklist] INFO: VALID_ID: 2563875
2023-06-30 17:44:57 [booklist] INFO: VALID_ID: 2606774
2023-06-30 17:44:57 [booklist] INFO: VALID_ID: 9369185
2023-06-30 17:44:57 [booklist] INFO: VALID_ID: 2561528
2023-06-30 17:44:57 [booklist] INFO: VALID_ID: 2545618
2023-06-30 17:44:57 [booklist] INFO: VALID_ID: 2545662
2023-06-30 17:44:57 [booklist] INFO: VALID_ID: 2563870
2023-06-30 17:44:57 [booklist] INFO: VALID_ID: 2563881
2023-06-30 17:44:57 [booklist] INFO: VALID_ID: 2542115
2023-06-30 17:44:57 [booklist] INFO: VALID_ID: 9893363
2023-06-30 17:44:57 [booklist] INFO: VALID_ID: 2545621
2023-06-30 17:44:57 [booklist] INFO: VALID_ID: 2563878
2023-06-30 17:44:57 [booklist] INFO: VALID_ID: 2606013
2023-06-30 17:44:57 [booklist] INFO: VALID_ID: 9369198
2023-06-30 17:44:57 [booklist] INFO: VALID_ID: 2545619
2023-06-30 17:44:57 [booklist] INFO: VALID_ID: 2545727
2023-06-30 17:44:57 [booklist] INFO: VALID_ID: 2545732
2023-06-30 17:44:57 [booklist] INFO: VALID_ID: 2563874
2023-06-30 17:44:57 [booklist] INFO: VALID_ID: 2545616
2023-06-30 17:44:57 [booklist] INFO: VALID_ID: 2563864
2023-06-30 17:44:57 [booklist] INFO: VALID_ID: 2563876
2023-06-30 17:44:57 [booklist] INFO: VALID_ID: 2545735
2023-06-30 17:44:57 [booklist] INFO: VALID_ID: 1286279
2023-06-30 17:44:57 [booklist] INFO: VALID_ID: 2606613
2023-06-30 17:44:57 [booklist] INFO: VALID_ID: 2537707
2023-06-30 17:44:57 [booklist] INFO: VALID_ID: 2545617
2023-06-30 17:44:57 [booklist] INFO: VALID_ID: 1309791
2023-06-30 17:44:57 [booklist] INFO: VALID_ID: 2542116
2023-06-30 17:44:57 [booklist] INFO: VALID_ID: 2543550
2023-06-30 17:44:57 [booklist] INFO: VALID_ID: 2607808
2023-06-30 17:44:57 [booklist] INFO: VALID_ID: 2610153
2023-06-30 17:44:57 [booklist] INFO: VALID_ID: 2545656
2023-06-30 17:44:57 [booklist] INFO: VALID_ID: 2538448
2023-06-30 17:44:57 [booklist] INFO: VALID_ID: 2537813
2023-06-30 17:44:57 [booklist] INFO: VALID_ID: 2561529
2023-06-30 17:44:57 [booklist] INFO: VALID_ID: 2545725
2023-06-30 17:44:57 [booklist] INFO: VALID_ID: 2545729
2023-06-30 17:44:57 [booklist] INFO: VALID_ID: 2563871
2023-06-30 17:44:57 [booklist] INFO: VALID_ID: 2563877
2023-06-30 17:44:57 [booklist] INFO: VALID_ID: 2575880
2023-06-30 17:44:57 [booklist] INFO: VALID_ID: 2575884
2023-06-30 17:44:57 [booklist] INFO: VALID_ID: 1286444
2023-06-30 17:44:57 [booklist] INFO: VALID_ID: 1286349
2023-06-30 17:44:57 [booklist] INFO: VALID_ID: 1286305
2023-06-30 17:44:57 [booklist] INFO: VALID_ID: 1286321
2023-06-30 17:44:57 [booklist] INFO: VALID_ID: 2606601
2023-06-30 17:44:57 [booklist] INFO: VALID_ID: 2539259
2023-06-30 17:44:57 [booklist] INFO: VALID_ID: 2542107
2023-06-30 17:44:57 [booklist] INFO: VALID_ID: 2545731
2023-06-30 17:44:57 [booklist] INFO: VALID_ID: 2563873
2023-06-30 17:44:57 [booklist] INFO: VALID_ID: 9367551
2023-06-30 17:44:57 [booklist] INFO: VALID_ID: 2545620
2023-06-30 17:44:57 [booklist] INFO: VALID_ID: 2563867
2023-06-30 17:44:57 [booklist] INFO: VALID_ID: 2533493
2023-06-30 17:44:57 [booklist] INFO: VALID_ID: 2543548
2023-06-30 17:44:57 [booklist] INFO: VALID_ID: 2543549
2023-06-30 17:44:57 [booklist] INFO: VALID_ID: 2563868
2023-06-30 17:44:57 [booklist] INFO: VALID_ID: 2541370
2023-06-30 17:44:57 [booklist] INFO: VALID_ID: 2545657
2023-06-30 17:44:57 [booklist] INFO: VALID_ID: 2545663
2023-06-30 17:44:57 [booklist] INFO: VALID_ID: 1286298
2023-06-30 17:44:57 [booklist] INFO: VALID_ID: 1286290
2023-06-30 17:44:57 [booklist] INFO: VALID_ID: 1286373
2023-06-30 17:44:57 [booklist] INFO: VALID_ID: 1286435
2023-06-30 17:44:57 [booklist] INFO: VALID_ID: 1286380
2023-06-30 17:44:57 [booklist] INFO: VALID_ID: 1286324
2023-06-30 17:44:57 [booklist] INFO: VALID_ID: 2575885
2023-06-30 17:44:58 [scrapy.core.engine] DEBUG: Crawled (200) <POST https://dl.ndl.go.jp/api/item/search> (referer: https://dl.ndl.go.jp/api/item/search)
2023-06-30 17:44:58 [booklist] INFO: Fetched page 8
2023-06-30 17:44:58 [booklist] INFO: VALID_ID: 2563877
2023-06-30 17:44:58 [booklist] INFO: VALID_ID: 1286435
2023-06-30 17:44:58 [booklist] INFO: VALID_ID: 1286380
2023-06-30 17:44:58 [booklist] INFO: VALID_ID: 1286324
2023-06-30 17:44:58 [booklist] INFO: VALID_ID: 1307632
2023-06-30 17:44:58 [booklist] INFO: VALID_ID: 2603165
2023-06-30 17:44:58 [booklist] INFO: VALID_ID: 1286289
2023-06-30 17:44:58 [booklist] INFO: VALID_ID: 1286301
2023-06-30 17:44:58 [booklist] INFO: VALID_ID: 1286303
2023-06-30 17:44:58 [booklist] INFO: VALID_ID: 1286478
2023-06-30 17:44:58 [booklist] INFO: VALID_ID: 2575890
2023-06-30 17:44:58 [booklist] INFO: VALID_ID: 2540100
2023-06-30 17:44:58 [booklist] INFO: VALID_ID: 1286281
2023-06-30 17:44:58 [booklist] INFO: VALID_ID: 2589515
2023-06-30 17:44:58 [booklist] INFO: VALID_ID: 2559258
2023-06-30 17:44:58 [booklist] INFO: VALID_ID: 2603149
2023-06-30 17:44:58 [booklist] INFO: VALID_ID: 2603164
2023-06-30 17:44:58 [booklist] INFO: VALID_ID: 1286445
2023-06-30 17:44:58 [booklist] INFO: VALID_ID: 1286348
2023-06-30 17:44:58 [booklist] INFO: VALID_ID: 2540776
2023-06-30 17:44:58 [booklist] INFO: VALID_ID: 2603157
2023-06-30 17:44:58 [booklist] INFO: VALID_ID: 2603158
2023-06-30 17:44:58 [booklist] INFO: VALID_ID: 2575896
2023-06-30 17:44:58 [booklist] INFO: VALID_ID: 2603148
2023-06-30 17:44:58 [booklist] INFO: VALID_ID: 2575879
2023-06-30 17:44:58 [booklist] INFO: VALID_ID: 1309828
2023-06-30 17:44:58 [booklist] INFO: VALID_ID: 1286350
2023-06-30 17:44:58 [booklist] INFO: VALID_ID: 1286541
2023-06-30 17:44:58 [booklist] INFO: VALID_ID: 2575878
2023-06-30 17:44:58 [booklist] INFO: VALID_ID: 2603150
2023-06-30 17:44:58 [booklist] INFO: VALID_ID: 2603155
2023-06-30 17:44:58 [booklist] INFO: VALID_ID: 2603160
2023-06-30 17:44:58 [booklist] INFO: VALID_ID: 2575893
2023-06-30 17:44:58 [booklist] INFO: VALID_ID: 1286696
2023-06-30 17:44:58 [booklist] INFO: VALID_ID: 2538379
2023-06-30 17:44:58 [booklist] INFO: VALID_ID: 2603152
2023-06-30 17:44:58 [booklist] INFO: VALID_ID: 2603153
2023-06-30 17:44:58 [booklist] INFO: VALID_ID: 2603159
2023-06-30 17:44:58 [booklist] INFO: VALID_ID: 2575894
2023-06-30 17:44:58 [booklist] INFO: VALID_ID: 2536437
2023-06-30 17:44:58 [booklist] INFO: VALID_ID: 2589514
2023-06-30 17:44:58 [booklist] INFO: VALID_ID: 2575889
2023-06-30 17:44:58 [booklist] INFO: VALID_ID: 2603170
2023-06-30 17:44:58 [booklist] INFO: VALID_ID: 2610881
2023-06-30 17:44:58 [booklist] INFO: VALID_ID: 2589513
2023-06-30 17:44:58 [booklist] INFO: VALID_ID: 2542111
2023-06-30 17:44:58 [booklist] INFO: VALID_ID: 2603147
2023-06-30 17:44:58 [booklist] INFO: VALID_ID: 2603169
2023-06-30 17:44:58 [booklist] INFO: VALID_ID: 2542110
2023-06-30 17:44:58 [booklist] INFO: VALID_ID: 2575892
2023-06-30 17:44:58 [booklist] INFO: VALID_ID: 2575895
2023-06-30 17:44:58 [booklist] INFO: VALID_ID: 9367516
2023-06-30 17:44:58 [booklist] INFO: VALID_ID: 2540180
2023-06-30 17:44:58 [booklist] INFO: VALID_ID: 2575882
2023-06-30 17:44:58 [booklist] INFO: VALID_ID: 2575885
2023-06-30 17:44:58 [booklist] INFO: VALID_ID: 2603161
2023-06-30 17:44:58 [booklist] INFO: VALID_ID: 2542114
2023-06-30 17:44:58 [booklist] INFO: VALID_ID: 2603156
2023-06-30 17:44:58 [booklist] INFO: VALID_ID: 2603166
2023-06-30 17:44:58 [booklist] INFO: VALID_ID: 1309811
2023-06-30 17:44:58 [booklist] INFO: VALID_ID: 1311880
2023-06-30 17:44:58 [booklist] INFO: VALID_ID: 2538450
2023-06-30 17:44:58 [booklist] INFO: VALID_ID: 2610317
2023-06-30 17:44:58 [booklist] INFO: VALID_ID: 2603154
2023-06-30 17:44:58 [booklist] INFO: VALID_ID: 2575891
2023-06-30 17:44:58 [booklist] INFO: VALID_ID: 2603163
2023-06-30 17:44:58 [booklist] INFO: VALID_ID: 2575881
2023-06-30 17:44:58 [booklist] INFO: VALID_ID: 2603168
2023-06-30 17:44:58 [booklist] INFO: VALID_ID: 2575042
2023-06-30 17:44:58 [booklist] INFO: VALID_ID: 2575888
2023-06-30 17:44:58 [booklist] INFO: VALID_ID: 1303549
2023-06-30 17:44:58 [booklist] INFO: VALID_ID: 1286298
2023-06-30 17:44:58 [booklist] INFO: VALID_ID: 1286290
2023-06-30 17:44:58 [booklist] INFO: VALID_ID: 1286373
2023-06-30 17:44:58 [booklist] INFO: VALID_ID: 2575886
2023-06-30 17:44:58 [booklist] INFO: VALID_ID: 2541011
2023-06-30 17:44:58 [booklist] INFO: VALID_ID: 1307401
2023-06-30 17:44:58 [booklist] INFO: VALID_ID: 2603151
2023-06-30 17:44:58 [booklist] INFO: VALID_ID: 2575883
2023-06-30 17:44:58 [booklist] INFO: VALID_ID: 2575887
2023-06-30 17:44:58 [booklist] INFO: VALID_ID: 1303853
2023-06-30 17:44:58 [booklist] INFO: VALID_ID: 2610425
2023-06-30 17:44:58 [booklist] INFO: VALID_ID: 2610629
2023-06-30 17:44:58 [booklist] INFO: VALID_ID: 2589516
2023-06-30 17:44:58 [booklist] INFO: VALID_ID: 1286346
2023-06-30 17:44:58 [booklist] INFO: VALID_ID: 2541002
2023-06-30 17:44:58 [booklist] INFO: VALID_ID: 1286462
2023-06-30 17:44:58 [booklist] INFO: VALID_ID: 1286433
2023-06-30 17:44:58 [booklist] INFO: VALID_ID: 2540171
2023-06-30 17:44:58 [booklist] INFO: VALID_ID: 1305518
2023-06-30 17:44:58 [booklist] INFO: VALID_ID: 2603167
2023-06-30 17:44:58 [booklist] INFO: VALID_ID: 2605626
2023-06-30 17:44:58 [booklist] INFO: VALID_ID: 1286363
2023-06-30 17:44:58 [booklist] INFO: VALID_ID: 1309822
2023-06-30 17:44:58 [booklist] INFO: VALID_ID: 2590885
2023-06-30 17:44:58 [booklist] INFO: VALID_ID: 2540131
2023-06-30 17:44:58 [booklist] INFO: VALID_ID: 2532184
2023-06-30 17:44:58 [booklist] INFO: VALID_ID: 2541588
2023-06-30 17:44:58 [booklist] INFO: VALID_ID: 2542126
2023-06-30 17:44:58 [booklist] INFO: VALID_ID: 1309797
2023-06-30 17:44:59 [scrapy.core.engine] DEBUG: Crawled (200) <POST https://dl.ndl.go.jp/api/item/search> (referer: https://dl.ndl.go.jp/api/item/search)
2023-06-30 17:44:59 [booklist] INFO: Fetched page 9
2023-06-30 17:44:59 [booklist] INFO: VALID_ID: 2532107
2023-06-30 17:44:59 [booklist] INFO: VALID_ID: 2542112
2023-06-30 17:44:59 [booklist] INFO: VALID_ID: 1286332
2023-06-30 17:44:59 [booklist] INFO: VALID_ID: 1286304
2023-06-30 17:44:59 [booklist] INFO: VALID_ID: 1286447
2023-06-30 17:44:59 [booklist] INFO: VALID_ID: 1286412
2023-06-30 17:44:59 [booklist] INFO: VALID_ID: 1286691
2023-06-30 17:44:59 [booklist] INFO: VALID_ID: 1286555
2023-06-30 17:44:59 [booklist] INFO: VALID_ID: 1286356
2023-06-30 17:44:59 [booklist] INFO: VALID_ID: 1309831
2023-06-30 17:44:59 [booklist] INFO: VALID_ID: 1286344
2023-06-30 17:44:59 [booklist] INFO: VALID_ID: 1286436
2023-06-30 17:44:59 [booklist] INFO: VALID_ID: 1286549
2023-06-30 17:44:59 [booklist] INFO: VALID_ID: 1309787
2023-06-30 17:44:59 [booklist] INFO: VALID_ID: 2537171
2023-06-30 17:44:59 [booklist] INFO: VALID_ID: 9367571
2023-06-30 17:44:59 [booklist] INFO: VALID_ID: 2590882
2023-06-30 17:44:59 [booklist] INFO: VALID_ID: 2590883
2023-06-30 17:44:59 [booklist] INFO: VALID_ID: 2590884
2023-06-30 17:44:59 [booklist] INFO: VALID_ID: 1309824
2023-06-30 17:44:59 [booklist] INFO: VALID_ID: 2540117
2023-06-30 17:44:59 [booklist] INFO: VALID_ID: 1309829
2023-06-30 17:44:59 [booklist] INFO: VALID_ID: 1286376
2023-06-30 17:44:59 [booklist] INFO: VALID_ID: 2590881
2023-06-30 17:44:59 [booklist] INFO: VALID_ID: 2538399
2023-06-30 17:44:59 [booklist] INFO: VALID_ID: 1309793
2023-06-30 17:44:59 [booklist] INFO: VALID_ID: 2576248
2023-06-30 17:44:59 [booklist] INFO: VALID_ID: 2576258
2023-06-30 17:44:59 [booklist] INFO: VALID_ID: 2548888
2023-06-30 17:44:59 [booklist] INFO: VALID_ID: 1286461
2023-06-30 17:44:59 [booklist] INFO: VALID_ID: 2559259
2023-06-30 17:44:59 [booklist] INFO: VALID_ID: 1286416
2023-06-30 17:44:59 [booklist] INFO: VALID_ID: 1286310
2023-06-30 17:44:59 [booklist] INFO: VALID_ID: 2537764
2023-06-30 17:44:59 [booklist] INFO: VALID_ID: 2532108
2023-06-30 17:44:59 [booklist] INFO: VALID_ID: 2576257
2023-06-30 17:44:59 [booklist] INFO: VALID_ID: 1286545
2023-06-30 17:44:59 [booklist] INFO: VALID_ID: 1286411
2023-06-30 17:44:59 [booklist] INFO: VALID_ID: 1286366
2023-06-30 17:44:59 [booklist] INFO: VALID_ID: 1286342
2023-06-30 17:44:59 [booklist] INFO: VALID_ID: 2540113
2023-06-30 17:44:59 [booklist] INFO: VALID_ID: 2540792
2023-06-30 17:44:59 [booklist] INFO: VALID_ID: 2542113
2023-06-30 17:44:59 [booklist] INFO: VALID_ID: 1307371
2023-06-30 17:44:59 [booklist] INFO: VALID_ID: 2540153
2023-06-30 17:44:59 [booklist] INFO: VALID_ID: 1286330
2023-06-30 17:44:59 [booklist] INFO: VALID_ID: 1286335
2023-06-30 17:44:59 [booklist] INFO: VALID_ID: 2576250
2023-06-30 17:44:59 [booklist] INFO: VALID_ID: 2576251
2023-06-30 17:44:59 [booklist] INFO: VALID_ID: 1309841
2023-06-30 17:44:59 [booklist] INFO: VALID_ID: 1286409
2023-06-30 17:44:59 [booklist] INFO: VALID_ID: 1286385
2023-06-30 17:44:59 [booklist] INFO: VALID_ID: 2576260
2023-06-30 17:44:59 [booklist] INFO: VALID_ID: 1286431
2023-06-30 17:44:59 [booklist] INFO: VALID_ID: 1309803
2023-06-30 17:44:59 [booklist] INFO: VALID_ID: 1309814
2023-06-30 17:44:59 [booklist] INFO: VALID_ID: 1286463
2023-06-30 17:44:59 [booklist] INFO: VALID_ID: 2542122
2023-06-30 17:44:59 [booklist] INFO: VALID_ID: 1286692
2023-06-30 17:44:59 [booklist] INFO: VALID_ID: 2576246
2023-06-30 17:44:59 [booklist] INFO: VALID_ID: 2576252
2023-06-30 17:44:59 [booklist] INFO: VALID_ID: 1286453
2023-06-30 17:44:59 [booklist] INFO: VALID_ID: 1286568
2023-06-30 17:44:59 [booklist] INFO: VALID_ID: 1286459
2023-06-30 17:44:59 [booklist] INFO: VALID_ID: 1286292
2023-06-30 17:44:59 [booklist] INFO: VALID_ID: 1286340
2023-06-30 17:44:59 [booklist] INFO: VALID_ID: 2540106
2023-06-30 17:44:59 [booklist] INFO: VALID_ID: 1309832
2023-06-30 17:44:59 [booklist] INFO: VALID_ID: 1312314
2023-06-30 17:44:59 [booklist] INFO: VALID_ID: 1303313
2023-06-30 17:44:59 [booklist] INFO: VALID_ID: 1286323
2023-06-30 17:44:59 [booklist] INFO: VALID_ID: 10301736
2023-06-30 17:44:59 [booklist] INFO: VALID_ID: 1286313
2023-06-30 17:44:59 [booklist] INFO: VALID_ID: 1286413
2023-06-30 17:44:59 [booklist] INFO: VALID_ID: 1286418
2023-06-30 17:44:59 [booklist] INFO: VALID_ID: 1301401
2023-06-30 17:44:59 [booklist] INFO: VALID_ID: 2542467
2023-06-30 17:44:59 [booklist] INFO: VALID_ID: 1309804
2023-06-30 17:44:59 [booklist] INFO: VALID_ID: 1309816
2023-06-30 17:44:59 [booklist] INFO: VALID_ID: 1309809
2023-06-30 17:44:59 [booklist] INFO: VALID_ID: 1309812
2023-06-30 17:44:59 [booklist] INFO: VALID_ID: 2536071
2023-06-30 17:44:59 [booklist] INFO: VALID_ID: 2540111
2023-06-30 17:44:59 [booklist] INFO: VALID_ID: 1306013
2023-06-30 17:44:59 [booklist] INFO: VALID_ID: 1286523
2023-06-30 17:44:59 [booklist] INFO: VALID_ID: 1286414
2023-06-30 17:44:59 [booklist] INFO: VALID_ID: 1286316
2023-06-30 17:44:59 [booklist] INFO: VALID_ID: 2537651
2023-06-30 17:44:59 [booklist] INFO: VALID_ID: 2576249
2023-06-30 17:44:59 [booklist] INFO: VALID_ID: 2576255
2023-06-30 17:44:59 [booklist] INFO: VALID_ID: 1286423
2023-06-30 17:44:59 [booklist] INFO: VALID_ID: 1286394
2023-06-30 17:44:59 [booklist] INFO: VALID_ID: 1307385
2023-06-30 17:44:59 [booklist] INFO: VALID_ID: 9367536
2023-06-30 17:44:59 [booklist] INFO: VALID_ID: 1312345
2023-06-30 17:44:59 [booklist] INFO: VALID_ID: 1286524
2023-06-30 17:44:59 [booklist] INFO: VALID_ID: 1286326
2023-06-30 17:44:59 [booklist] INFO: VALID_ID: 1303284
2023-06-30 17:44:59 [booklist] INFO: VALID_ID: 2540107
2023-06-30 17:44:59 [booklist] INFO: VALID_ID: 2536224
2023-06-30 17:45:00 [scrapy.core.engine] DEBUG: Crawled (200) <POST https://dl.ndl.go.jp/api/item/search> (referer: https://dl.ndl.go.jp/api/item/search)
2023-06-30 17:45:00 [booklist] INFO: Fetched page 10
2023-06-30 17:45:00 [booklist] INFO: VALID_ID: 2542121
2023-06-30 17:45:00 [booklist] INFO: VALID_ID: 2576264
2023-06-30 17:45:00 [booklist] INFO: VALID_ID: 2576247
2023-06-30 17:45:00 [booklist] INFO: VALID_ID: 2576259
2023-06-30 17:45:00 [booklist] INFO: VALID_ID: 1309805
2023-06-30 17:45:00 [booklist] INFO: VALID_ID: 2543007
2023-06-30 17:45:00 [booklist] INFO: VALID_ID: 1286347
2023-06-30 17:45:00 [booklist] INFO: VALID_ID: 1312343
2023-06-30 17:45:00 [booklist] INFO: VALID_ID: 2603893
2023-06-30 17:45:00 [booklist] INFO: VALID_ID: 2603907
2023-06-30 17:45:00 [booklist] INFO: VALID_ID: 2603904
2023-06-30 17:45:00 [booklist] INFO: VALID_ID: 1303315
2023-06-30 17:45:00 [booklist] INFO: VALID_ID: 1286423
2023-06-30 17:45:00 [booklist] INFO: VALID_ID: 2537731
2023-06-30 17:45:00 [booklist] INFO: VALID_ID: 1309826
2023-06-30 17:45:00 [booklist] INFO: VALID_ID: 1302736
2023-06-30 17:45:00 [booklist] INFO: VALID_ID: 2540107
2023-06-30 17:45:00 [booklist] INFO: VALID_ID: 2603912
2023-06-30 17:45:00 [booklist] INFO: VALID_ID: 1286308
2023-06-30 17:45:00 [booklist] INFO: VALID_ID: 2550862
2023-06-30 17:45:00 [booklist] INFO: VALID_ID: 2550863
2023-06-30 17:45:00 [booklist] INFO: VALID_ID: 1286554
2023-06-30 17:45:00 [booklist] INFO: VALID_ID: 2537792
2023-06-30 17:45:00 [booklist] INFO: VALID_ID: 1308272
2023-06-30 17:45:00 [booklist] INFO: VALID_ID: 2603903
2023-06-30 17:45:00 [booklist] INFO: VALID_ID: 1286506
2023-06-30 17:45:00 [booklist] INFO: VALID_ID: 1286546
2023-06-30 17:45:00 [booklist] INFO: VALID_ID: 1286284
2023-06-30 17:45:00 [booklist] INFO: VALID_ID: 1286302
2023-06-30 17:45:00 [booklist] INFO: VALID_ID: 2609850
2023-06-30 17:45:00 [booklist] INFO: VALID_ID: 2603915
2023-06-30 17:45:00 [booklist] INFO: VALID_ID: 9367553
2023-06-30 17:45:00 [booklist] INFO: VALID_ID: 1306625
2023-06-30 17:45:00 [booklist] INFO: VALID_ID: 2603899
2023-06-30 17:45:00 [booklist] INFO: VALID_ID: 2603920
2023-06-30 17:45:00 [booklist] INFO: VALID_ID: 1311023
2023-06-30 17:45:00 [booklist] INFO: VALID_ID: 1286557
2023-06-30 17:45:00 [booklist] INFO: VALID_ID: 1286558
2023-06-30 17:45:00 [booklist] INFO: VALID_ID: 1286697
2023-06-30 17:45:00 [booklist] INFO: VALID_ID: 1286291
2023-06-30 17:45:00 [booklist] INFO: VALID_ID: 1286339
2023-06-30 17:45:00 [booklist] INFO: VALID_ID: 1286372
2023-06-30 17:45:00 [booklist] INFO: VALID_ID: 1286612
2023-06-30 17:45:00 [booklist] INFO: VALID_ID: 1306626
2023-06-30 17:45:00 [booklist] INFO: VALID_ID: 2609573
2023-06-30 17:45:00 [booklist] INFO: VALID_ID: 2603896
2023-06-30 17:45:00 [booklist] INFO: VALID_ID: 2603919
2023-06-30 17:45:00 [booklist] INFO: VALID_ID: 2586538
2023-06-30 17:45:00 [booklist] INFO: VALID_ID: 1286341
2023-06-30 17:45:00 [booklist] INFO: VALID_ID: 1306930
2023-06-30 17:45:00 [booklist] INFO: VALID_ID: 2603906
2023-06-30 17:45:00 [booklist] INFO: VALID_ID: 1286524
2023-06-30 17:45:00 [booklist] INFO: VALID_ID: 1286326
2023-06-30 17:45:00 [booklist] INFO: VALID_ID: 2603905
2023-06-30 17:45:00 [booklist] INFO: VALID_ID: 1301832
2023-06-30 17:45:00 [booklist] INFO: VALID_ID: 2603897
2023-06-30 17:45:00 [booklist] INFO: VALID_ID: 2606196
2023-06-30 17:45:00 [booklist] INFO: VALID_ID: 2576246
2023-06-30 17:45:00 [booklist] INFO: VALID_ID: 2576252
2023-06-30 17:45:00 [booklist] INFO: VALID_ID: 2603892
2023-06-30 17:45:00 [booklist] INFO: VALID_ID: 2586537
2023-06-30 17:45:00 [booklist] INFO: VALID_ID: 2540032
2023-06-30 17:45:00 [booklist] INFO: VALID_ID: 2542123
2023-06-30 17:45:00 [booklist] INFO: VALID_ID: 1286448
2023-06-30 17:45:00 [booklist] INFO: VALID_ID: 1286375
2023-06-30 17:45:00 [booklist] INFO: VALID_ID: 1286345
2023-06-30 17:45:00 [booklist] INFO: VALID_ID: 1286424
2023-06-30 17:45:00 [booklist] INFO: VALID_ID: 2603901
2023-06-30 17:45:00 [booklist] INFO: VALID_ID: 2603902
2023-06-30 17:45:00 [booklist] INFO: VALID_ID: 2603916
2023-06-30 17:45:00 [booklist] INFO: VALID_ID: 2590807
2023-06-30 17:45:00 [booklist] INFO: VALID_ID: 2603891
2023-06-30 17:45:00 [booklist] INFO: VALID_ID: 1306630
2023-06-30 17:45:00 [booklist] INFO: VALID_ID: 2603917
2023-06-30 17:45:00 [booklist] INFO: VALID_ID: 1309775
2023-06-30 17:45:00 [booklist] INFO: VALID_ID: 2585484
2023-06-30 17:45:00 [booklist] INFO: VALID_ID: 2603895
2023-06-30 17:45:00 [booklist] INFO: VALID_ID: 1306629
2023-06-30 17:45:00 [booklist] INFO: VALID_ID: 1310974
2023-06-30 17:45:00 [booklist] INFO: VALID_ID: 2603913
2023-06-30 17:45:00 [booklist] INFO: VALID_ID: 1305748
2023-06-30 17:45:00 [booklist] INFO: VALID_ID: 2590808
2023-06-30 17:45:00 [booklist] INFO: VALID_ID: 2603900
2023-06-30 17:45:00 [booklist] INFO: VALID_ID: 2603909
2023-06-30 17:45:00 [booklist] INFO: VALID_ID: 2603918
2023-06-30 17:45:00 [booklist] INFO: VALID_ID: 1286458
2023-06-30 17:45:00 [booklist] INFO: VALID_ID: 2610206
2023-06-30 17:45:00 [booklist] INFO: VALID_ID: 2603898
2023-06-30 17:45:00 [booklist] INFO: VALID_ID: 1286408
2023-06-30 17:45:00 [booklist] INFO: VALID_ID: 1286426
2023-06-30 17:45:00 [booklist] INFO: VALID_ID: 1286415
2023-06-30 17:45:00 [booklist] INFO: VALID_ID: 1286479
2023-06-30 17:45:00 [booklist] INFO: VALID_ID: 1303193
2023-06-30 17:45:00 [booklist] INFO: VALID_ID: 2603908
2023-06-30 17:45:00 [booklist] INFO: VALID_ID: 2603911
2023-06-30 17:45:00 [booklist] INFO: VALID_ID: 2603914
2023-06-30 17:45:00 [booklist] INFO: VALID_ID: 1286322
2023-06-30 17:45:00 [booklist] INFO: VALID_ID: 1286421
2023-06-30 17:45:00 [booklist] INFO: VALID_ID: 1286689
2023-06-30 17:45:00 [booklist] INFO: VALID_ID: 1286388
2023-06-30 17:45:01 [scrapy.core.engine] DEBUG: Crawled (200) <POST https://dl.ndl.go.jp/api/item/search> (referer: https://dl.ndl.go.jp/api/item/search)
2023-06-30 17:45:01 [booklist] INFO: Fetched page 11
2023-06-30 17:45:01 [booklist] INFO: VALID_ID: 1286424
2023-06-30 17:45:01 [booklist] INFO: VALID_ID: 1286322
2023-06-30 17:45:01 [booklist] INFO: VALID_ID: 1286314
2023-06-30 17:45:01 [booklist] INFO: VALID_ID: 2591647
2023-06-30 17:45:01 [booklist] INFO: VALID_ID: 2609697
2023-06-30 17:45:01 [booklist] INFO: VALID_ID: 2533588
2023-06-30 17:45:01 [booklist] INFO: VALID_ID: 9366869
2023-06-30 17:45:01 [booklist] INFO: VALID_ID: 1306629
2023-06-30 17:45:01 [booklist] INFO: VALID_ID: 2603895
2023-06-30 17:45:01 [booklist] INFO: VALID_ID: 1310974
2023-06-30 17:45:01 [booklist] INFO: VALID_ID: 2603913
2023-06-30 17:45:01 [booklist] INFO: VALID_ID: 1286516
2023-06-30 17:45:01 [booklist] INFO: VALID_ID: 1286699
2023-06-30 17:45:01 [booklist] INFO: VALID_ID: 1309836
2023-06-30 17:45:01 [booklist] INFO: VALID_ID: 1286543
2023-06-30 17:45:01 [booklist] INFO: VALID_ID: 1309817
2023-06-30 17:45:01 [booklist] INFO: VALID_ID: 1305642
2023-06-30 17:45:01 [booklist] INFO: VALID_ID: 1303283
2023-06-30 17:45:01 [booklist] INFO: VALID_ID: 1286421
2023-06-30 17:45:01 [booklist] INFO: VALID_ID: 1286689
2023-06-30 17:45:01 [booklist] INFO: VALID_ID: 1286388
2023-06-30 17:45:01 [booklist] INFO: VALID_ID: 2558769
2023-06-30 17:45:01 [booklist] INFO: VALID_ID: 1286562
2023-06-30 17:45:01 [booklist] INFO: VALID_ID: 1286390
2023-06-30 17:45:01 [booklist] INFO: VALID_ID: 2543150
2023-06-30 17:45:01 [booklist] INFO: VALID_ID: 2543363
2023-06-30 17:45:01 [booklist] INFO: VALID_ID: 2559750
2023-06-30 17:45:01 [booklist] INFO: VALID_ID: 1286565
2023-06-30 17:45:01 [booklist] INFO: VALID_ID: 9367573
2023-06-30 17:45:01 [booklist] INFO: VALID_ID: 1312313
2023-06-30 17:45:01 [booklist] INFO: VALID_ID: 2536459
2023-06-30 17:45:01 [booklist] INFO: VALID_ID: 1286550
2023-06-30 17:45:01 [booklist] INFO: VALID_ID: 2540181
2023-06-30 17:45:01 [booklist] INFO: VALID_ID: 2606196
2023-06-30 17:45:01 [booklist] INFO: VALID_ID: 1286556
2023-06-30 17:45:01 [booklist] INFO: VALID_ID: 1286544
2023-06-30 17:45:01 [booklist] INFO: VALID_ID: 2559749
2023-06-30 17:45:01 [booklist] INFO: VALID_ID: 1305423
2023-06-30 17:45:01 [booklist] INFO: VALID_ID: 2537699
2023-06-30 17:45:01 [booklist] INFO: VALID_ID: 9369418
2023-06-30 17:45:01 [booklist] INFO: VALID_ID: 1309818
2023-06-30 17:45:01 [booklist] INFO: VALID_ID: 2540248
2023-06-30 17:45:01 [booklist] INFO: VALID_ID: 2542338
2023-06-30 17:45:01 [booklist] INFO: VALID_ID: 11299484
2023-06-30 17:45:01 [booklist] INFO: VALID_ID: 1286389
2023-06-30 17:45:01 [booklist] INFO: VALID_ID: 1309834
2023-06-30 17:45:01 [booklist] INFO: VALID_ID: 1286475
2023-06-30 17:45:01 [booklist] INFO: VALID_ID: 1286386
2023-06-30 17:45:01 [booklist] INFO: VALID_ID: 1286480
2023-06-30 17:45:01 [booklist] INFO: VALID_ID: 2566731
2023-06-30 17:45:01 [booklist] INFO: VALID_ID: 2557153
2023-06-30 17:45:01 [booklist] INFO: VALID_ID: 2566730
2023-06-30 17:45:01 [booklist] INFO: VALID_ID: 1313464
2023-06-30 17:45:01 [booklist] INFO: VALID_ID: 11299482
2023-06-30 17:45:01 [booklist] INFO: VALID_ID: 2607974
2023-06-30 17:45:01 [booklist] INFO: VALID_ID: 1286378
2023-06-30 17:45:01 [booklist] INFO: VALID_ID: 1286357
2023-06-30 17:45:01 [booklist] INFO: VALID_ID: 2608658
2023-06-30 17:45:01 [booklist] INFO: VALID_ID: 2533636
2023-06-30 17:45:01 [booklist] INFO: VALID_ID: 2605251
2023-06-30 17:45:01 [booklist] INFO: VALID_ID: 2542118
2023-06-30 17:45:01 [booklist] INFO: VALID_ID: 2548280
2023-06-30 17:45:01 [booklist] INFO: VALID_ID: 1309802
2023-06-30 17:45:01 [booklist] INFO: VALID_ID: 2548279
2023-06-30 17:45:01 [booklist] INFO: VALID_ID: 2542125
2023-06-30 17:45:01 [booklist] INFO: VALID_ID: 2608942
2023-06-30 17:45:01 [booklist] INFO: VALID_ID: 1286457
2023-06-30 17:45:01 [booklist] INFO: VALID_ID: 1312463
2023-06-30 17:45:01 [booklist] INFO: VALID_ID: 2575041
2023-06-30 17:45:01 [booklist] INFO: VALID_ID: 2566727
2023-06-30 17:45:01 [booklist] INFO: VALID_ID: 2566732
2023-06-30 17:45:01 [booklist] INFO: VALID_ID: 1309830
2023-06-30 17:45:01 [booklist] INFO: VALID_ID: 2566728
2023-06-30 17:45:01 [booklist] INFO: VALID_ID: 1286561
2023-06-30 17:45:01 [booklist] INFO: VALID_ID: 1286352
2023-06-30 17:45:01 [booklist] INFO: VALID_ID: 2566725
2023-06-30 17:45:01 [booklist] INFO: VALID_ID: 2578069
2023-06-30 17:45:01 [booklist] INFO: VALID_ID: 1305720
2023-06-30 17:45:01 [booklist] INFO: VALID_ID: 1286520
2023-06-30 17:45:01 [booklist] INFO: VALID_ID: 1286464
2023-06-30 17:45:01 [booklist] INFO: VALID_ID: 1286455
2023-06-30 17:45:01 [booklist] INFO: VALID_ID: 10301063
2023-06-30 17:45:01 [booklist] INFO: VALID_ID: 1286336
2023-06-30 17:45:01 [booklist] INFO: VALID_ID: 2603748
2023-06-30 17:45:01 [booklist] INFO: VALID_ID: 1305903
2023-06-30 17:45:01 [booklist] INFO: VALID_ID: 2542124
2023-06-30 17:45:01 [booklist] INFO: VALID_ID: 2578068
2023-06-30 17:45:01 [booklist] INFO: VALID_ID: 2566729
2023-06-30 17:45:01 [booklist] INFO: VALID_ID: 1310371
2023-06-30 17:45:01 [booklist] INFO: VALID_ID: 2566726
2023-06-30 17:45:01 [booklist] INFO: VALID_ID: 11891823
2023-06-30 17:45:01 [booklist] INFO: VALID_ID: 2540110
2023-06-30 17:45:01 [booklist] INFO: VALID_ID: 2533233
2023-06-30 17:45:01 [booklist] INFO: VALID_ID: 2532103
2023-06-30 17:45:01 [booklist] INFO: VALID_ID: 2575050
2023-06-30 17:45:01 [booklist] INFO: VALID_ID: 2606685
2023-06-30 17:45:01 [booklist] INFO: VALID_ID: 2578067
2023-06-30 17:45:01 [booklist] INFO: VALID_ID: 2538863
2023-06-30 17:45:01 [booklist] INFO: VALID_ID: 2559072
2023-06-30 17:45:01 [booklist] INFO: VALID_ID: 2603747
2023-06-30 17:45:02 [scrapy.core.engine] DEBUG: Crawled (200) <POST https://dl.ndl.go.jp/api/item/search> (referer: https://dl.ndl.go.jp/api/item/search)
2023-06-30 17:45:02 [booklist] INFO: Fetched page 12
2023-06-30 17:45:02 [booklist] INFO: VALID_ID: 2606685
2023-06-30 17:45:02 [booklist] INFO: VALID_ID: 2578067
2023-06-30 17:45:02 [booklist] INFO: VALID_ID: 2538863
2023-06-30 17:45:02 [booklist] INFO: VALID_ID: 2559072
2023-06-30 17:45:02 [booklist] INFO: VALID_ID: 2610637
2023-06-30 17:45:02 [booklist] INFO: VALID_ID: 2603747
2023-06-30 17:45:02 [booklist] INFO: VALID_ID: 1286295
2023-06-30 17:45:02 [booklist] INFO: VALID_ID: 1286315
2023-06-30 17:45:02 [booklist] INFO: VALID_ID: 2536103
2023-06-30 17:45:02 [booklist] INFO: VALID_ID: 2538928
2023-06-30 17:45:02 [booklist] INFO: VALID_ID: 2542965
2023-06-30 17:45:02 [booklist] INFO: VALID_ID: 2603750
2023-06-30 17:45:02 [booklist] INFO: VALID_ID: 1310895
2023-06-30 17:45:02 [booklist] INFO: VALID_ID: 2541081
2023-06-30 17:45:02 [booklist] INFO: VALID_ID: 11891827
2023-06-30 17:45:02 [booklist] INFO: VALID_ID: 2598617
2023-06-30 17:45:02 [booklist] INFO: VALID_ID: 2540281
2023-06-30 17:45:02 [booklist] INFO: VALID_ID: 10301670
2023-06-30 17:45:02 [booklist] INFO: VALID_ID: 1310372
2023-06-30 17:45:02 [booklist] INFO: VALID_ID: 1286422
2023-06-30 17:45:02 [booklist] INFO: VALID_ID: 2550947
2023-06-30 17:45:02 [booklist] INFO: VALID_ID: 2603749
2023-06-30 17:45:02 [booklist] INFO: VALID_ID: 2548889
2023-06-30 17:45:02 [booklist] INFO: VALID_ID: 1286419
2023-06-30 17:45:02 [booklist] INFO: VALID_ID: 2540795
2023-06-30 17:45:02 [booklist] INFO: VALID_ID: 2542120
2023-06-30 17:45:02 [booklist] INFO: VALID_ID: 2598618
2023-06-30 17:45:02 [booklist] INFO: VALID_ID: 2540114
2023-06-30 17:45:02 [booklist] INFO: VALID_ID: 2598616
2023-06-30 17:45:02 [booklist] INFO: VALID_ID: 10300933
2023-06-30 17:45:02 [booklist] INFO: VALID_ID: 2547628
2023-06-30 17:45:02 [booklist] INFO: VALID_ID: 2541965
2023-06-30 17:45:02 [booklist] INFO: VALID_ID: 2534019
2023-06-30 17:45:02 [booklist] INFO: VALID_ID: 2537888
2023-06-30 17:45:02 [booklist] INFO: VALID_ID: 11891826
2023-06-30 17:45:02 [booklist] INFO: VALID_ID: 2598619
2023-06-30 17:45:02 [booklist] INFO: VALID_ID: 10301292
2023-06-30 17:45:02 [booklist] INFO: VALID_ID: 8369301
2023-06-30 17:45:02 [booklist] INFO: VALID_ID: 2577912
2023-06-30 17:45:02 [booklist] INFO: VALID_ID: 1307044
2023-06-30 17:45:02 [booklist] INFO: VALID_ID: 2541991
2023-06-30 17:45:02 [booklist] INFO: VALID_ID: 1302536
2023-06-30 17:45:02 [booklist] INFO: VALID_ID: 2536926
2023-06-30 17:45:02 [booklist] INFO: VALID_ID: 10301159
2023-06-30 17:45:02 [booklist] INFO: VALID_ID: 2538587
2023-06-30 17:45:02 [booklist] INFO: VALID_ID: 1307304
2023-06-30 17:45:02 [booklist] INFO: VALID_ID: 2543376
2023-06-30 17:45:02 [booklist] INFO: VALID_ID: 2585194
2023-06-30 17:45:02 [booklist] INFO: VALID_ID: 10301392
2023-06-30 17:45:02 [booklist] INFO: VALID_ID: 1313523
2023-06-30 17:45:02 [booklist] INFO: VALID_ID: 1307862
2023-06-30 17:45:02 [booklist] INFO: VALID_ID: 1313511
2023-06-30 17:45:02 [booklist] INFO: VALID_ID: 1301397
2023-06-30 17:45:02 [booklist] INFO: VALID_ID: 2553328
2023-06-30 17:45:02 [booklist] INFO: VALID_ID: 2592072
2023-06-30 17:45:02 [booklist] INFO: VALID_ID: 1306631
2023-06-30 17:45:02 [booklist] INFO: VALID_ID: 9369962
2023-06-30 17:45:02 [booklist] INFO: VALID_ID: 2532944
2023-06-30 17:45:02 [booklist] INFO: VALID_ID: 2541924
2023-06-30 17:45:02 [booklist] INFO: VALID_ID: 10301131
2023-06-30 17:45:02 [booklist] INFO: VALID_ID: 1286410
2023-06-30 17:45:02 [booklist] INFO: VALID_ID: 2551757
2023-06-30 17:45:02 [booklist] INFO: VALID_ID: 10301565
2023-06-30 17:45:02 [booklist] INFO: VALID_ID: 2575049
2023-06-30 17:45:02 [booklist] INFO: VALID_ID: 2540860
2023-06-30 17:45:02 [booklist] INFO: VALID_ID: 10301224
2023-06-30 17:45:02 [booklist] INFO: VALID_ID: 2550946
2023-06-30 17:45:02 [booklist] INFO: VALID_ID: 2532936
2023-06-30 17:45:02 [booklist] INFO: VALID_ID: 2542271
2023-06-30 17:45:02 [booklist] INFO: VALID_ID: 1286355
2023-06-30 17:45:02 [booklist] INFO: VALID_ID: 1307278
2023-06-30 17:45:02 [booklist] INFO: VALID_ID: 2535869
2023-06-30 17:45:02 [booklist] INFO: VALID_ID: 2532948
2023-06-30 17:45:02 [booklist] INFO: VALID_ID: 11892632
2023-06-30 17:45:02 [booklist] INFO: VALID_ID: 2547630
2023-06-30 17:45:02 [booklist] INFO: VALID_ID: 2585185
2023-06-30 17:45:02 [booklist] INFO: VALID_ID: 1313501
2023-06-30 17:45:02 [booklist] INFO: VALID_ID: 2606372
2023-06-30 17:45:02 [booklist] INFO: VALID_ID: 1308832
2023-06-30 17:45:02 [booklist] INFO: VALID_ID: 2610846
2023-06-30 17:45:02 [booklist] INFO: VALID_ID: 2532940
2023-06-30 17:45:02 [booklist] INFO: VALID_ID: 2540247
2023-06-30 17:45:02 [booklist] INFO: VALID_ID: 2582334
2023-06-30 17:45:02 [booklist] INFO: VALID_ID: 2558768
2023-06-30 17:45:02 [booklist] INFO: VALID_ID: 1313473
2023-06-30 17:45:02 [booklist] INFO: VALID_ID: 2589374
2023-06-30 17:45:02 [booklist] INFO: VALID_ID: 2589375
2023-06-30 17:45:02 [booklist] INFO: VALID_ID: 2553331
2023-06-30 17:45:02 [booklist] INFO: VALID_ID: 10301366
2023-06-30 17:45:02 [booklist] INFO: VALID_ID: 2557155
2023-06-30 17:45:02 [booklist] INFO: VALID_ID: 10301517
2023-06-30 17:45:02 [booklist] INFO: VALID_ID: 1286522
2023-06-30 17:45:02 [booklist] INFO: VALID_ID: 2547629
2023-06-30 17:45:02 [booklist] INFO: VALID_ID: 2608597
2023-06-30 17:45:02 [booklist] INFO: VALID_ID: 2569863
2023-06-30 17:45:02 [booklist] INFO: VALID_ID: 2585509
2023-06-30 17:45:02 [booklist] INFO: VALID_ID: 2537640
2023-06-30 17:45:02 [booklist] INFO: VALID_ID: 2543377
2023-06-30 17:45:02 [booklist] INFO: VALID_ID: 10301082
2023-06-30 17:45:02 [booklist] INFO: VALID_ID: 1313520
2023-06-30 17:45:03 [scrapy.core.engine] DEBUG: Crawled (200) <POST https://dl.ndl.go.jp/api/item/search> (referer: https://dl.ndl.go.jp/api/item/search)
2023-06-30 17:45:03 [booklist] INFO: Fetched page 13
2023-06-30 17:45:03 [booklist] INFO: VALID_ID: 2536149
2023-06-30 17:45:03 [booklist] INFO: VALID_ID: 2609391
2023-06-30 17:45:03 [booklist] INFO: VALID_ID: 2585509
2023-06-30 17:45:03 [booklist] INFO: VALID_ID: 1309186
2023-06-30 17:45:03 [booklist] INFO: VALID_ID: 1306435
2023-06-30 17:45:03 [booklist] INFO: VALID_ID: 11892806
2023-06-30 17:45:03 [booklist] INFO: VALID_ID: 10301136
2023-06-30 17:45:03 [booklist] INFO: VALID_ID: 2585178
2023-06-30 17:45:03 [booklist] INFO: VALID_ID: 1306532
2023-06-30 17:45:03 [booklist] INFO: VALID_ID: 2589376
2023-06-30 17:45:03 [booklist] INFO: VALID_ID: 1307879
2023-06-30 17:45:03 [booklist] INFO: VALID_ID: 2605137
2023-06-30 17:45:03 [booklist] INFO: VALID_ID: 2536553
2023-06-30 17:45:03 [booklist] INFO: VALID_ID: 2575049
2023-06-30 17:45:03 [booklist] INFO: VALID_ID: 1313485
2023-06-30 17:45:03 [booklist] INFO: VALID_ID: 2605138
2023-06-30 17:45:03 [booklist] INFO: VALID_ID: 2589095
2023-06-30 17:45:03 [booklist] INFO: VALID_ID: 1313519
2023-06-30 17:45:03 [booklist] INFO: VALID_ID: 2532959
2023-06-30 17:45:03 [booklist] INFO: VALID_ID: 10301405
2023-06-30 17:45:03 [booklist] INFO: VALID_ID: 2608047
2023-06-30 17:45:03 [booklist] INFO: VALID_ID: 2540633
2023-06-30 17:45:03 [booklist] INFO: VALID_ID: 2536342
2023-06-30 17:45:03 [booklist] INFO: VALID_ID: 2559234
2023-06-30 17:45:03 [booklist] INFO: VALID_ID: 1309666
2023-06-30 17:45:03 [booklist] INFO: VALID_ID: 2547679
2023-06-30 17:45:03 [booklist] INFO: VALID_ID: 2551396
2023-06-30 17:45:03 [booklist] INFO: VALID_ID: 2540228
2023-06-30 17:45:03 [booklist] INFO: VALID_ID: 2540861
2023-06-30 17:45:03 [booklist] INFO: VALID_ID: 10303439
2023-06-30 17:45:03 [booklist] INFO: VALID_ID: 8929982
2023-06-30 17:45:03 [booklist] INFO: VALID_ID: 2536002
2023-06-30 17:45:03 [booklist] INFO: VALID_ID: 2585359
2023-06-30 17:45:03 [booklist] INFO: VALID_ID: 2547678
2023-06-30 17:45:03 [booklist] INFO: VALID_ID: 2605136
2023-06-30 17:45:03 [booklist] INFO: VALID_ID: 10301323
2023-06-30 17:45:03 [booklist] INFO: VALID_ID: 1286540
2023-06-30 17:45:03 [booklist] INFO: VALID_ID: 1313503
2023-06-30 17:45:03 [booklist] INFO: VALID_ID: 2581710
2023-06-30 17:45:03 [booklist] INFO: VALID_ID: 2542848
2023-06-30 17:45:03 [booklist] INFO: VALID_ID: 10301333
2023-06-30 17:45:03 [booklist] INFO: VALID_ID: 2610689
2023-06-30 17:45:03 [booklist] INFO: VALID_ID: 2541716
2023-06-30 17:45:03 [booklist] INFO: VALID_ID: 2585272
2023-06-30 17:45:03 [booklist] INFO: VALID_ID: 2589094
2023-06-30 17:45:03 [booklist] INFO: VALID_ID: 10301168
2023-06-30 17:45:03 [booklist] INFO: VALID_ID: 2597320
2023-06-30 17:45:03 [booklist] INFO: VALID_ID: 1288535
2023-06-30 17:45:03 [booklist] INFO: VALID_ID: 2569859
2023-06-30 17:45:03 [booklist] INFO: VALID_ID: 2609214
2023-06-30 17:45:03 [booklist] INFO: VALID_ID: 2537322
2023-06-30 17:45:03 [booklist] INFO: VALID_ID: 2533590
2023-06-30 17:45:03 [booklist] INFO: VALID_ID: 2585389
2023-06-30 17:45:03 [booklist] INFO: VALID_ID: 2610818
2023-06-30 17:45:03 [booklist] INFO: VALID_ID: 2585451
2023-06-30 17:45:03 [booklist] INFO: VALID_ID: 2557154
2023-06-30 17:45:03 [booklist] INFO: VALID_ID: 2542092
2023-06-30 17:45:03 [booklist] INFO: VALID_ID: 2585217
2023-06-30 17:45:03 [booklist] INFO: VALID_ID: 2541376
2023-06-30 17:45:03 [booklist] INFO: VALID_ID: 2595783
2023-06-30 17:45:03 [booklist] INFO: VALID_ID: 2585287
2023-06-30 17:45:03 [booklist] INFO: VALID_ID: 2598672
2023-06-30 17:45:03 [booklist] INFO: VALID_ID: 2533295
2023-06-30 17:45:03 [booklist] INFO: VALID_ID: 10303527
2023-06-30 17:45:03 [booklist] INFO: VALID_ID: 2538548
2023-06-30 17:45:03 [booklist] INFO: VALID_ID: 2538549
2023-06-30 17:45:03 [booklist] INFO: VALID_ID: 2536875
2023-06-30 17:45:03 [booklist] INFO: VALID_ID: 10301592
2023-06-30 17:45:03 [booklist] INFO: VALID_ID: 9370030
2023-06-30 17:45:03 [booklist] INFO: VALID_ID: 10301257
2023-06-30 17:45:03 [booklist] INFO: VALID_ID: 1313509
2023-06-30 17:45:03 [booklist] INFO: VALID_ID: 10300911
2023-06-30 17:45:03 [booklist] INFO: VALID_ID: 9369963
2023-06-30 17:45:03 [booklist] INFO: VALID_ID: 2585196
2023-06-30 17:45:03 [booklist] INFO: VALID_ID: 2585521
2023-06-30 17:45:03 [booklist] INFO: VALID_ID: 10301031
2023-06-30 17:45:03 [booklist] INFO: VALID_ID: 2543434
2023-06-30 17:45:03 [booklist] INFO: VALID_ID: 10301640
2023-06-30 17:45:03 [booklist] INFO: VALID_ID: 2591891
2023-06-30 17:45:03 [booklist] INFO: VALID_ID: 10301687
2023-06-30 17:45:03 [booklist] INFO: VALID_ID: 1287858
2023-06-30 17:45:03 [booklist] INFO: VALID_ID: 10301232
2023-06-30 17:45:03 [booklist] INFO: VALID_ID: 2607835
2023-06-30 17:45:03 [booklist] INFO: VALID_ID: 10303916
2023-06-30 17:45:03 [booklist] INFO: VALID_ID: 2533396
2023-06-30 17:45:03 [booklist] INFO: VALID_ID: 10303727
2023-06-30 17:45:03 [booklist] INFO: VALID_ID: 1287834
2023-06-30 17:45:03 [booklist] INFO: VALID_ID: 1287737
2023-06-30 17:45:03 [booklist] INFO: VALID_ID: 10301459
2023-06-30 17:45:03 [booklist] INFO: VALID_ID: 1286638
2023-06-30 17:45:03 [booklist] INFO: VALID_ID: 1288338
2023-06-30 17:45:03 [booklist] INFO: VALID_ID: 1287722
2023-06-30 17:45:03 [booklist] INFO: VALID_ID: 1287826
2023-06-30 17:45:03 [booklist] INFO: VALID_ID: 1287849
2023-06-30 17:45:03 [booklist] INFO: VALID_ID: 1287730
2023-06-30 17:45:03 [booklist] INFO: VALID_ID: 1287857
2023-06-30 17:45:03 [booklist] INFO: VALID_ID: 2608748
2023-06-30 17:45:03 [booklist] INFO: VALID_ID: 1287728
2023-06-30 17:45:03 [booklist] INFO: VALID_ID: 1287847
2023-06-30 17:45:03 [booklist] INFO: VALID_ID: 1287854
2023-06-30 17:45:04 [scrapy.core.engine] DEBUG: Crawled (200) <POST https://dl.ndl.go.jp/api/item/search> (referer: https://dl.ndl.go.jp/api/item/search)
2023-06-30 17:45:04 [booklist] INFO: Fetched page 14
2023-06-30 17:45:05 [booklist] INFO: VALID_ID: 1287863
2023-06-30 17:45:05 [booklist] INFO: VALID_ID: 1287736
2023-06-30 17:45:05 [booklist] INFO: VALID_ID: 1287741
2023-06-30 17:45:05 [booklist] INFO: VALID_ID: 1287850
2023-06-30 17:45:05 [booklist] INFO: VALID_ID: 1287723
2023-06-30 17:45:05 [booklist] INFO: VALID_ID: 1287862
2023-06-30 17:45:05 [booklist] INFO: VALID_ID: 1287865
2023-06-30 17:45:05 [booklist] INFO: VALID_ID: 2562334
2023-06-30 17:45:05 [booklist] INFO: VALID_ID: 2562335
2023-06-30 17:45:05 [booklist] INFO: VALID_ID: 2548357
2023-06-30 17:45:05 [booklist] INFO: VALID_ID: 1287726
2023-06-30 17:45:05 [booklist] INFO: VALID_ID: 1287727
2023-06-30 17:45:05 [booklist] INFO: VALID_ID: 1287732
2023-06-30 17:45:05 [booklist] INFO: VALID_ID: 1288335
2023-06-30 17:45:05 [booklist] INFO: VALID_ID: 1287833
2023-06-30 17:45:05 [booklist] INFO: VALID_ID: 1287729
2023-06-30 17:45:05 [booklist] INFO: VALID_ID: 1287724
2023-06-30 17:45:05 [booklist] INFO: VALID_ID: 1287743
2023-06-30 17:45:05 [booklist] INFO: VALID_ID: 10303977
2023-06-30 17:45:05 [booklist] INFO: VALID_ID: 2585350
2023-06-30 17:45:05 [booklist] INFO: VALID_ID: 11446500
2023-06-30 17:45:05 [booklist] INFO: VALID_ID: 1287848
2023-06-30 17:45:05 [booklist] INFO: VALID_ID: 1287739
2023-06-30 17:45:05 [booklist] INFO: VALID_ID: 1287734
2023-06-30 17:45:05 [booklist] INFO: VALID_ID: 1287855
2023-06-30 17:45:05 [booklist] INFO: VALID_ID: 2572942
2023-06-30 17:45:05 [booklist] INFO: VALID_ID: 1287846
2023-06-30 17:45:05 [booklist] INFO: VALID_ID: 1287742
2023-06-30 17:45:05 [booklist] INFO: VALID_ID: 1287864
2023-06-30 17:45:05 [booklist] INFO: VALID_ID: 2542240
2023-06-30 17:45:05 [booklist] INFO: VALID_ID: 2606846
2023-06-30 17:45:05 [booklist] INFO: VALID_ID: 2591892
2023-06-30 17:45:05 [booklist] INFO: VALID_ID: 2572941
2023-06-30 17:45:05 [booklist] INFO: VALID_ID: 10303901
2023-06-30 17:45:05 [booklist] INFO: VALID_ID: 1287832
2023-06-30 17:45:05 [booklist] INFO: VALID_ID: 1287744
2023-06-30 17:45:05 [booklist] INFO: VALID_ID: 1307325
2023-06-30 17:45:05 [booklist] INFO: VALID_ID: 10301593
2023-06-30 17:45:05 [booklist] INFO: VALID_ID: 10301527
2023-06-30 17:45:05 [booklist] INFO: VALID_ID: 9369964
2023-06-30 17:45:05 [booklist] INFO: VALID_ID: 2542755
2023-06-30 17:45:05 [booklist] INFO: VALID_ID: 2608727
2023-06-30 17:45:05 [booklist] INFO: VALID_ID: 10301383
2023-06-30 17:45:05 [booklist] INFO: VALID_ID: 2591884
2023-06-30 17:45:05 [booklist] INFO: VALID_ID: 10301410
2023-06-30 17:45:05 [booklist] INFO: VALID_ID: 2585496
2023-06-30 17:45:05 [booklist] INFO: VALID_ID: 11446527
2023-06-30 17:45:05 [booklist] INFO: VALID_ID: 2546174
2023-06-30 17:45:05 [booklist] INFO: VALID_ID: 2591893
2023-06-30 17:45:05 [booklist] INFO: VALID_ID: 2533471
2023-06-30 17:45:05 [booklist] INFO: VALID_ID: 2542427
2023-06-30 17:45:05 [booklist] INFO: VALID_ID: 10301001
2023-06-30 17:45:05 [booklist] INFO: VALID_ID: 2585278
2023-06-30 17:45:05 [booklist] INFO: VALID_ID: 10301218
2023-06-30 17:45:05 [booklist] INFO: VALID_ID: 9370016
2023-06-30 17:45:05 [booklist] INFO: VALID_ID: 1288542
2023-06-30 17:45:05 [booklist] INFO: VALID_ID: 2587388
2023-06-30 17:45:05 [booklist] INFO: VALID_ID: 1288517
2023-06-30 17:45:05 [booklist] INFO: VALID_ID: 2587387
2023-06-30 17:45:05 [booklist] INFO: VALID_ID: 2559128
2023-06-30 17:45:05 [booklist] INFO: VALID_ID: 2559117
2023-06-30 17:45:05 [booklist] INFO: VALID_ID: 2606933
2023-06-30 17:45:05 [booklist] INFO: VALID_ID: 2559124
2023-06-30 17:45:05 [booklist] INFO: VALID_ID: 2559127
2023-06-30 17:45:05 [booklist] INFO: VALID_ID: 2559119
2023-06-30 17:45:05 [booklist] INFO: VALID_ID: 2559118
2023-06-30 17:45:05 [booklist] INFO: VALID_ID: 2559132
2023-06-30 17:45:05 [booklist] INFO: VALID_ID: 10301567
2023-06-30 17:45:05 [booklist] INFO: VALID_ID: 2559120
2023-06-30 17:45:05 [booklist] INFO: VALID_ID: 2559122
2023-06-30 17:45:05 [booklist] INFO: VALID_ID: 2559123
2023-06-30 17:45:05 [booklist] INFO: VALID_ID: 2559126
2023-06-30 17:45:05 [booklist] INFO: VALID_ID: 2559125
2023-06-30 17:45:05 [booklist] INFO: VALID_ID: 2586676
2023-06-30 17:45:05 [booklist] INFO: VALID_ID: 2559121
2023-06-30 17:45:05 [booklist] INFO: VALID_ID: 2559265
2023-06-30 17:45:05 [booklist] INFO: VALID_ID: 10301648
2023-06-30 17:45:05 [booklist] INFO: VALID_ID: 2559256
2023-06-30 17:45:05 [booklist] INFO: VALID_ID: 2559257
2023-06-30 17:45:05 [booklist] INFO: VALID_ID: 2559260
2023-06-30 17:45:05 [booklist] INFO: VALID_ID: 2606945
2023-06-30 17:45:05 [booklist] INFO: VALID_ID: 2559263
2023-06-30 17:45:05 [booklist] INFO: VALID_ID: 2559264
2023-06-30 17:45:05 [booklist] INFO: VALID_ID: 2558766
2023-06-30 17:45:05 [booklist] INFO: VALID_ID: 2541121
2023-06-30 17:45:05 [booklist] INFO: VALID_ID: 2559262
2023-06-30 17:45:05 [booklist] INFO: VALID_ID: 2559261
2023-06-30 17:45:05 [booklist] INFO: VALID_ID: 2571659
2023-06-30 17:45:05 [booklist] INFO: VALID_ID: 2587044
2023-06-30 17:45:05 [booklist] INFO: VALID_ID: 10301602
2023-06-30 17:45:05 [booklist] INFO: VALID_ID: 2606743
2023-06-30 17:45:05 [booklist] INFO: VALID_ID: 2559178
2023-06-30 17:45:05 [booklist] INFO: VALID_ID: 2559186
2023-06-30 17:45:05 [booklist] INFO: VALID_ID: 2559184
2023-06-30 17:45:05 [booklist] INFO: VALID_ID: 2559180
2023-06-30 17:45:05 [booklist] INFO: VALID_ID: 2559188
2023-06-30 17:45:05 [booklist] INFO: VALID_ID: 2559183
2023-06-30 17:45:05 [booklist] INFO: VALID_ID: 2559181
2023-06-30 17:45:05 [booklist] INFO: VALID_ID: 2587395
2023-06-30 17:45:05 [booklist] INFO: VALID_ID: 2559179
2023-06-30 17:45:06 [scrapy.core.engine] DEBUG: Crawled (200) <POST https://dl.ndl.go.jp/api/item/search> (referer: https://dl.ndl.go.jp/api/item/search)
2023-06-30 17:45:06 [booklist] INFO: Fetched page 15
2023-06-30 17:45:07 [booklist] INFO: VALID_ID: 2559182
2023-06-30 17:45:07 [booklist] INFO: VALID_ID: 10301264
2023-06-30 17:45:07 [booklist] INFO: VALID_ID: 2559184
2023-06-30 17:45:07 [booklist] INFO: VALID_ID: 1288534
2023-06-30 17:45:07 [booklist] INFO: VALID_ID: 2608900
2023-06-30 17:45:07 [booklist] INFO: VALID_ID: 2610226
2023-06-30 17:45:07 [booklist] INFO: VALID_ID: 2606544
2023-06-30 17:45:07 [booklist] INFO: VALID_ID: 2607879
2023-06-30 17:45:07 [booklist] INFO: VALID_ID: 2609552
2023-06-30 17:45:07 [booklist] INFO: VALID_ID: 11038874
2023-06-30 17:45:07 [booklist] INFO: VALID_ID: 11038880
2023-06-30 17:45:07 [booklist] INFO: VALID_ID: 2609212
2023-06-30 17:45:07 [booklist] INFO: VALID_ID: 10300963
2023-06-30 17:45:07 [booklist] INFO: VALID_ID: 1305542
2023-06-30 17:45:07 [booklist] INFO: VALID_ID: 11038909
2023-06-30 17:45:07 [booklist] INFO: VALID_ID: 2559195
2023-06-30 17:45:07 [booklist] INFO: VALID_ID: 2548606
2023-06-30 17:45:07 [booklist] INFO: VALID_ID: 11038892
2023-06-30 17:45:07 [booklist] INFO: VALID_ID: 11038901
2023-06-30 17:45:07 [booklist] INFO: VALID_ID: 2587045
2023-06-30 17:45:07 [booklist] INFO: VALID_ID: 11038908
2023-06-30 17:45:07 [booklist] INFO: VALID_ID: 10301500
2023-06-30 17:45:07 [booklist] INFO: VALID_ID: 11038912
2023-06-30 17:45:07 [booklist] INFO: VALID_ID: 11038887
2023-06-30 17:45:07 [booklist] INFO: VALID_ID: 11038902
2023-06-30 17:45:07 [booklist] INFO: VALID_ID: 11038886
2023-06-30 17:45:07 [booklist] INFO: VALID_ID: 11038893
2023-06-30 17:45:07 [booklist] INFO: VALID_ID: 11038895
2023-06-30 17:45:07 [booklist] INFO: VALID_ID: 11038919
2023-06-30 17:45:07 [booklist] INFO: VALID_ID: 10301149
2023-06-30 17:45:07 [booklist] INFO: VALID_ID: 2559194
2023-06-30 17:45:07 [booklist] INFO: VALID_ID: 2559197
2023-06-30 17:45:07 [booklist] INFO: VALID_ID: 2559199
2023-06-30 17:45:07 [booklist] INFO: VALID_ID: 11038882
2023-06-30 17:45:07 [booklist] INFO: VALID_ID: 2559198
2023-06-30 17:45:07 [booklist] INFO: VALID_ID: 2559201
2023-06-30 17:45:07 [booklist] INFO: VALID_ID: 2559204
2023-06-30 17:45:07 [booklist] INFO: VALID_ID: 11038875
2023-06-30 17:45:07 [booklist] INFO: VALID_ID: 11038876
2023-06-30 17:45:07 [booklist] INFO: VALID_ID: 11038884
2023-06-30 17:45:07 [booklist] INFO: VALID_ID: 11038914
2023-06-30 17:45:07 [booklist] INFO: VALID_ID: 2559189
2023-06-30 17:45:07 [booklist] INFO: VALID_ID: 2559203
2023-06-30 17:45:07 [booklist] INFO: VALID_ID: 2559191
2023-06-30 17:45:07 [booklist] INFO: VALID_ID: 2559206
2023-06-30 17:45:07 [booklist] INFO: VALID_ID: 11038891
2023-06-30 17:45:07 [booklist] INFO: VALID_ID: 11038913
2023-06-30 17:45:07 [booklist] INFO: VALID_ID: 2559192
2023-06-30 17:45:07 [booklist] INFO: VALID_ID: 11038910
2023-06-30 17:45:07 [booklist] INFO: VALID_ID: 11038915
2023-06-30 17:45:07 [booklist] INFO: VALID_ID: 11038898
2023-06-30 17:45:07 [booklist] INFO: VALID_ID: 11038911
2023-06-30 17:45:07 [booklist] INFO: VALID_ID: 2559196
2023-06-30 17:45:07 [booklist] INFO: VALID_ID: 2559202
2023-06-30 17:45:07 [booklist] INFO: VALID_ID: 2559190
2023-06-30 17:45:07 [booklist] INFO: VALID_ID: 2559193
2023-06-30 17:45:07 [booklist] INFO: VALID_ID: 11038877
2023-06-30 17:45:07 [booklist] INFO: VALID_ID: 11038890
2023-06-30 17:45:07 [booklist] INFO: VALID_ID: 2559200
2023-06-30 17:45:07 [booklist] INFO: VALID_ID: 10301165
2023-06-30 17:45:07 [booklist] INFO: VALID_ID: 11038888
2023-06-30 17:45:07 [booklist] INFO: VALID_ID: 2608824
2023-06-30 17:45:07 [booklist] INFO: VALID_ID: 11038906
2023-06-30 17:45:07 [booklist] INFO: VALID_ID: 11038889
2023-06-30 17:45:07 [booklist] INFO: VALID_ID: 11038905
2023-06-30 17:45:07 [booklist] INFO: VALID_ID: 11038878
2023-06-30 17:45:07 [booklist] INFO: VALID_ID: 11038896
2023-06-30 17:45:07 [booklist] INFO: VALID_ID: 11038904
2023-06-30 17:45:07 [booklist] INFO: VALID_ID: 11038885
2023-06-30 17:45:07 [booklist] INFO: VALID_ID: 11038899
2023-06-30 17:45:07 [booklist] INFO: VALID_ID: 11038894
2023-06-30 17:45:07 [booklist] INFO: VALID_ID: 11038907
2023-06-30 17:45:07 [booklist] INFO: VALID_ID: 2610129
2023-06-30 17:45:07 [booklist] INFO: VALID_ID: 10301138
2023-06-30 17:45:07 [booklist] INFO: VALID_ID: 2609581
2023-06-30 17:45:07 [booklist] INFO: VALID_ID: 2610456
2023-06-30 17:45:07 [booklist] INFO: VALID_ID: 2607135
2023-06-30 17:45:07 [booklist] INFO: VALID_ID: 2611048
2023-06-30 17:45:07 [booklist] INFO: VALID_ID: 2606806
2023-06-30 17:45:07 [booklist] INFO: VALID_ID: 2548011
2023-06-30 17:45:07 [booklist] INFO: VALID_ID: 2572529
2023-06-30 17:45:07 [booklist] INFO: VALID_ID: 11892789
2023-06-30 17:45:07 [booklist] INFO: VALID_ID: 10301207
2023-06-30 17:45:07 [booklist] INFO: VALID_ID: 2548009
2023-06-30 17:45:07 [booklist] INFO: VALID_ID: 2548010
2023-06-30 17:45:07 [booklist] INFO: VALID_ID: 2559061
2023-06-30 17:45:07 [booklist] INFO: VALID_ID: 2559063
2023-06-30 17:45:07 [booklist] INFO: VALID_ID: 2609516
2023-06-30 17:45:07 [booklist] INFO: VALID_ID: 2559060
2023-06-30 17:45:07 [booklist] INFO: VALID_ID: 2559062
2023-06-30 17:45:07 [booklist] INFO: VALID_ID: 2559066
2023-06-30 17:45:07 [booklist] INFO: VALID_ID: 2559067
2023-06-30 17:45:07 [booklist] INFO: VALID_ID: 2559071
2023-06-30 17:45:07 [booklist] INFO: VALID_ID: 2559065
2023-06-30 17:45:07 [booklist] INFO: VALID_ID: 2559069
2023-06-30 17:45:07 [booklist] INFO: VALID_ID: 2559070
2023-06-30 17:45:07 [booklist] INFO: VALID_ID: 2559064
2023-06-30 17:45:07 [booklist] INFO: VALID_ID: 2559240
2023-06-30 17:45:07 [booklist] INFO: VALID_ID: 2559068
2023-06-30 17:45:07 [booklist] INFO: VALID_ID: 2559239
2023-06-30 17:45:07 [scrapy.core.engine] DEBUG: Crawled (200) <POST https://dl.ndl.go.jp/api/item/search> (referer: https://dl.ndl.go.jp/api/item/search)
2023-06-30 17:45:07 [booklist] INFO: Fetched page 16
2023-06-30 17:45:07 [booklist] INFO: VALID_ID: 2559238
2023-06-30 17:45:07 [booklist] INFO: VALID_ID: 2559233
2023-06-30 17:45:07 [booklist] INFO: VALID_ID: 2559236
2023-06-30 17:45:07 [booklist] INFO: VALID_ID: 2559237
2023-06-30 17:45:07 [booklist] INFO: VALID_ID: 2559235
2023-06-30 17:45:07 [booklist] INFO: VALID_ID: 2559232
2023-06-30 17:45:07 [booklist] INFO: VALID_ID: 2609800
2023-06-30 17:45:07 [booklist] INFO: VALID_ID: 2542560
2023-06-30 17:45:07 [booklist] INFO: VALID_ID: 2609783
2023-06-30 17:45:07 [booklist] INFO: VALID_ID: 11446659
2023-06-30 17:45:07 [booklist] INFO: VALID_ID: 2585163
2023-06-30 17:45:07 [booklist] INFO: VALID_ID: 2611035
2023-06-30 17:45:08 [scrapy.core.engine] DEBUG: Crawled (200) <POST https://dl.ndl.go.jp/api/item/search> (referer: https://dl.ndl.go.jp/api/item/search)
2023-06-30 17:45:08 [booklist] INFO: Fetched page 17
2023-06-30 17:45:08 [booklist] INFO: No more books on 17
2023-06-30 17:45:08 [scrapy.core.engine] INFO: Closing spider (finished)
2023-06-30 17:45:08 [scrapy.statscollectors] INFO: Dumping Scrapy stats:
{'downloader/request_bytes': 23150,
 'downloader/request_count': 18,
 'downloader/request_method_count/GET': 1,
 'downloader/request_method_count/POST': 17,
 'downloader/response_bytes': 5845399,
 'downloader/response_count': 18,
 'downloader/response_status_count/200': 18,
 'elapsed_time_seconds': 19.861,
 'finish_reason': 'finished',
 'finish_time': datetime.datetime(2023, 6, 30, 9, 45, 8, 373523),
 'httpcompression/response_bytes': 66822973,
 'httpcompression/response_count': 17,
 'log_count/DEBUG': 21,
 'log_count/INFO': 1540,
 'memusage/max': 63434752,
 'memusage/startup': 63434752,
 'request_depth_max': 16,
 'response_received_count': 18,
 'robotstxt/request_count': 1,
 'robotstxt/response_count': 1,
 'robotstxt/response_status_count/200': 1,
 'scheduler/dequeued': 17,
 'scheduler/dequeued/memory': 17,
 'scheduler/enqueued': 17,
 'scheduler/enqueued/memory': 17,
 'start_time': datetime.datetime(2023, 6, 30, 9, 44, 48, 512523)}
2023-06-30 17:45:08 [scrapy.core.engine] INFO: Spider closed (finished)
