2023-06-30 17:40:41 [scrapy.utils.log] INFO: Scrapy 2.9.0 started (bot: ndlcrawler)
2023-06-30 17:40:41 [scrapy.utils.log] INFO: Versions: lxml 4.9.2.0, libxml2 2.9.14, cssselect 1.2.0, parsel 1.8.1, w3lib 2.1.1, Twisted 22.10.0, Python 3.10.10 (main, Mar  5 2023, 22:26:53) [GCC 12.2.1 20230201], pyOpenSSL 23.2.0 (OpenSSL 3.1.1 30 May 2023), cryptography 41.0.1, Platform Linux-6.2.12-arch1-1-x86_64-with-glibc2.37
2023-06-30 17:40:41 [scrapy.crawler] INFO: Overridden settings:
{'BOT_NAME': 'ndlcrawler',
 'FEED_EXPORT_ENCODING': 'utf-8',
 'LOG_FILE': 'logs/booklist.title.高.DESC.log',
 'NEWSPIDER_MODULE': 'ndlcrawler.spiders',
 'REQUEST_FINGERPRINTER_IMPLEMENTATION': '2.7',
 'ROBOTSTXT_OBEY': True,
 'SPIDER_MODULES': ['ndlcrawler.spiders'],
 'TWISTED_REACTOR': 'twisted.internet.asyncioreactor.AsyncioSelectorReactor'}
2023-06-30 17:40:41 [asyncio] DEBUG: Using selector: EpollSelector
2023-06-30 17:40:41 [scrapy.utils.log] DEBUG: Using reactor: twisted.internet.asyncioreactor.AsyncioSelectorReactor
2023-06-30 17:40:41 [scrapy.utils.log] DEBUG: Using asyncio event loop: asyncio.unix_events._UnixSelectorEventLoop
2023-06-30 17:40:41 [scrapy.extensions.telnet] INFO: Telnet Password: 6e3079ecb41f866c
2023-06-30 17:40:42 [scrapy.middleware] INFO: Enabled extensions:
['scrapy.extensions.corestats.CoreStats',
 'scrapy.extensions.telnet.TelnetConsole',
 'scrapy.extensions.memusage.MemoryUsage',
 'scrapy.extensions.logstats.LogStats']
2023-06-30 17:40:42 [scrapy.middleware] INFO: Enabled downloader middlewares:
['scrapy.downloadermiddlewares.robotstxt.RobotsTxtMiddleware',
 'scrapy.downloadermiddlewares.httpauth.HttpAuthMiddleware',
 'scrapy.downloadermiddlewares.downloadtimeout.DownloadTimeoutMiddleware',
 'scrapy.downloadermiddlewares.defaultheaders.DefaultHeadersMiddleware',
 'scrapy.downloadermiddlewares.useragent.UserAgentMiddleware',
 'scrapy.downloadermiddlewares.retry.RetryMiddleware',
 'scrapy.downloadermiddlewares.redirect.MetaRefreshMiddleware',
 'scrapy.downloadermiddlewares.httpcompression.HttpCompressionMiddleware',
 'scrapy.downloadermiddlewares.redirect.RedirectMiddleware',
 'scrapy.downloadermiddlewares.cookies.CookiesMiddleware',
 'scrapy.downloadermiddlewares.httpproxy.HttpProxyMiddleware',
 'scrapy.downloadermiddlewares.stats.DownloaderStats']
2023-06-30 17:40:42 [scrapy.middleware] INFO: Enabled spider middlewares:
['scrapy.spidermiddlewares.httperror.HttpErrorMiddleware',
 'scrapy.spidermiddlewares.offsite.OffsiteMiddleware',
 'scrapy.spidermiddlewares.referer.RefererMiddleware',
 'scrapy.spidermiddlewares.urllength.UrlLengthMiddleware',
 'scrapy.spidermiddlewares.depth.DepthMiddleware']
2023-06-30 17:40:42 [scrapy.middleware] INFO: Enabled item pipelines:
[]
2023-06-30 17:40:42 [scrapy.core.engine] INFO: Spider opened
2023-06-30 17:40:42 [scrapy.extensions.logstats] INFO: Crawled 0 pages (at 0 pages/min), scraped 0 items (at 0 items/min)
2023-06-30 17:40:42 [scrapy.extensions.telnet] INFO: Telnet console listening on 127.0.0.1:6025
2023-06-30 17:40:43 [scrapy.core.engine] DEBUG: Crawled (200) <GET https://dl.ndl.go.jp/robots.txt> (referer: None)
2023-06-30 17:40:43 [scrapy.core.engine] DEBUG: Crawled (200) <POST https://dl.ndl.go.jp/api/item/search> (referer: None)
2023-06-30 17:40:43 [booklist] INFO: Fetched page 1
2023-06-30 17:40:43 [booklist] INFO: VALID_ID: 2539802
2023-06-30 17:40:43 [booklist] INFO: VALID_ID: 2543467
2023-06-30 17:40:43 [booklist] INFO: VALID_ID: 2534279
2023-06-30 17:40:43 [booklist] INFO: VALID_ID: 2543463
2023-06-30 17:40:43 [booklist] INFO: VALID_ID: 1305630
2023-06-30 17:40:43 [booklist] INFO: VALID_ID: 1305488
2023-06-30 17:40:43 [booklist] INFO: VALID_ID: 1308967
2023-06-30 17:40:43 [booklist] INFO: VALID_ID: 1286228
2023-06-30 17:40:43 [booklist] INFO: VALID_ID: 1286663
2023-06-30 17:40:43 [booklist] INFO: VALID_ID: 1311396
2023-06-30 17:40:43 [booklist] INFO: VALID_ID: 2542580
2023-06-30 17:40:43 [booklist] INFO: VALID_ID: 2542686
2023-06-30 17:40:43 [booklist] INFO: VALID_ID: 2543175
2023-06-30 17:40:43 [booklist] INFO: VALID_ID: 1286276
2023-06-30 17:40:43 [booklist] INFO: VALID_ID: 9893194
2023-06-30 17:40:43 [booklist] INFO: VALID_ID: 2574291
2023-06-30 17:40:43 [booklist] INFO: VALID_ID: 1308922
2023-06-30 17:40:43 [booklist] INFO: VALID_ID: 2540700
2023-06-30 17:40:43 [booklist] INFO: VALID_ID: 2542015
2023-06-30 17:40:43 [booklist] INFO: VALID_ID: 2535573
2023-06-30 17:40:43 [booklist] INFO: VALID_ID: 1303603
2023-06-30 17:40:43 [booklist] INFO: VALID_ID: 11223276
2023-06-30 17:40:43 [booklist] INFO: VALID_ID: 2574292
2023-06-30 17:40:43 [booklist] INFO: VALID_ID: 1312697
2023-06-30 17:40:43 [booklist] INFO: VALID_ID: 2610764
2023-06-30 17:40:43 [booklist] INFO: VALID_ID: 2551257
2023-06-30 17:40:43 [booklist] INFO: VALID_ID: 2560281
2023-06-30 17:40:43 [booklist] INFO: VALID_ID: 9369190
2023-06-30 17:40:43 [booklist] INFO: VALID_ID: 2560279
2023-06-30 17:40:43 [booklist] INFO: VALID_ID: 2551255
2023-06-30 17:40:43 [booklist] INFO: VALID_ID: 9369193
2023-06-30 17:40:43 [booklist] INFO: VALID_ID: 10303516
2023-06-30 17:40:43 [booklist] INFO: VALID_ID: 9367555
2023-06-30 17:40:43 [booklist] INFO: VALID_ID: 2551256
2023-06-30 17:40:43 [booklist] INFO: VALID_ID: 2551258
2023-06-30 17:40:43 [booklist] INFO: VALID_ID: 2607832
2023-06-30 17:40:43 [booklist] INFO: VALID_ID: 2560280
2023-06-30 17:40:43 [booklist] INFO: VALID_ID: 2560276
2023-06-30 17:40:43 [booklist] INFO: VALID_ID: 1305426
2023-06-30 17:40:43 [booklist] INFO: VALID_ID: 10303945
2023-06-30 17:40:43 [booklist] INFO: VALID_ID: 1303628
2023-06-30 17:40:43 [booklist] INFO: VALID_ID: 1307473
2023-06-30 17:40:43 [booklist] INFO: VALID_ID: 2605382
2023-06-30 17:40:43 [booklist] INFO: VALID_ID: 2541921
2023-06-30 17:40:43 [booklist] INFO: VALID_ID: 10303515
2023-06-30 17:40:43 [booklist] INFO: VALID_ID: 2560277
2023-06-30 17:40:43 [booklist] INFO: VALID_ID: 2560278
2023-06-30 17:40:44 [booklist] INFO: VALID_ID: 2543341
2023-06-30 17:40:44 [booklist] INFO: VALID_ID: 2551259
2023-06-30 17:40:44 [booklist] INFO: VALID_ID: 1286297
2023-06-30 17:40:44 [booklist] INFO: VALID_ID: 1286292
2023-06-30 17:40:44 [booklist] INFO: VALID_ID: 2541661
2023-06-30 17:40:44 [booklist] INFO: VALID_ID: 2606271
2023-06-30 17:40:44 [booklist] INFO: VALID_ID: 2587944
2023-06-30 17:40:44 [booklist] INFO: VALID_ID: 1310481
2023-06-30 17:40:44 [booklist] INFO: VALID_ID: 2533720
2023-06-30 17:40:44 [booklist] INFO: VALID_ID: 8943258
2023-06-30 17:40:44 [booklist] INFO: VALID_ID: 2557397
2023-06-30 17:40:44 [booklist] INFO: VALID_ID: 2570845
2023-06-30 17:40:44 [booklist] INFO: VALID_ID: 2540796
2023-06-30 17:40:44 [booklist] INFO: VALID_ID: 2568574
2023-06-30 17:40:44 [booklist] INFO: VALID_ID: 2568575
2023-06-30 17:40:44 [booklist] INFO: VALID_ID: 8929859
2023-06-30 17:40:44 [booklist] INFO: VALID_ID: 2557398
2023-06-30 17:40:44 [booklist] INFO: VALID_ID: 2607196
2023-06-30 17:40:44 [booklist] INFO: VALID_ID: 2557396
2023-06-30 17:40:44 [booklist] INFO: VALID_ID: 2570843
2023-06-30 17:40:44 [booklist] INFO: VALID_ID: 1313534
2023-06-30 17:40:44 [booklist] INFO: VALID_ID: 2570842
2023-06-30 17:40:44 [booklist] INFO: VALID_ID: 2540966
2023-06-30 17:40:44 [booklist] INFO: VALID_ID: 2609213
2023-06-30 17:40:44 [booklist] INFO: VALID_ID: 2540864
2023-06-30 17:40:44 [booklist] INFO: VALID_ID: 2570846
2023-06-30 17:40:44 [booklist] INFO: VALID_ID: 2538775
2023-06-30 17:40:44 [booklist] INFO: VALID_ID: 2532900
2023-06-30 17:40:44 [booklist] INFO: VALID_ID: 8943061
2023-06-30 17:40:44 [booklist] INFO: VALID_ID: 8943064
2023-06-30 17:40:44 [booklist] INFO: VALID_ID: 8943060
2023-06-30 17:40:44 [booklist] INFO: VALID_ID: 2570844
2023-06-30 17:40:44 [booklist] INFO: VALID_ID: 2568572
2023-06-30 17:40:44 [booklist] INFO: VALID_ID: 8943062
2023-06-30 17:40:44 [booklist] INFO: VALID_ID: 2570841
2023-06-30 17:40:44 [booklist] INFO: VALID_ID: 1311121
2023-06-30 17:40:44 [booklist] INFO: VALID_ID: 2570840
2023-06-30 17:40:44 [booklist] INFO: VALID_ID: 2557399
2023-06-30 17:40:44 [booklist] INFO: VALID_ID: 2608458
2023-06-30 17:40:44 [booklist] INFO: VALID_ID: 2587946
2023-06-30 17:40:44 [booklist] INFO: VALID_ID: 8943063
2023-06-30 17:40:44 [booklist] INFO: VALID_ID: 2557400
2023-06-30 17:40:44 [booklist] INFO: VALID_ID: 2570847
2023-06-30 17:40:44 [booklist] INFO: VALID_ID: 2587945
2023-06-30 17:40:44 [booklist] INFO: VALID_ID: 2568571
2023-06-30 17:40:44 [booklist] INFO: VALID_ID: 2568573
2023-06-30 17:40:44 [booklist] INFO: VALID_ID: 2576666
2023-06-30 17:40:44 [booklist] INFO: VALID_ID: 1302391
2023-06-30 17:40:44 [booklist] INFO: VALID_ID: 1286848
2023-06-30 17:40:44 [booklist] INFO: VALID_ID: 2610061
2023-06-30 17:40:44 [booklist] INFO: VALID_ID: 8943286
2023-06-30 17:40:44 [booklist] INFO: VALID_ID: 1307896
2023-06-30 17:40:44 [booklist] INFO: VALID_ID: 9892376
2023-06-30 17:40:44 [scrapy.core.engine] DEBUG: Crawled (200) <POST https://dl.ndl.go.jp/api/item/search> (referer: https://dl.ndl.go.jp/api/item/search)
2023-06-30 17:40:45 [booklist] INFO: Fetched page 2
2023-06-30 17:40:45 [booklist] INFO: VALID_ID: 2548327
2023-06-30 17:40:45 [booklist] INFO: VALID_ID: 2554616
2023-06-30 17:40:45 [booklist] INFO: VALID_ID: 2548386
2023-06-30 17:40:45 [booklist] INFO: VALID_ID: 2605717
2023-06-30 17:40:45 [booklist] INFO: VALID_ID: 8942903
2023-06-30 17:40:45 [booklist] INFO: VALID_ID: 2606892
2023-06-30 17:40:45 [booklist] INFO: VALID_ID: 2608257
2023-06-30 17:40:45 [booklist] INFO: VALID_ID: 2610099
2023-06-30 17:40:45 [booklist] INFO: VALID_ID: 2560228
2023-06-30 17:40:45 [booklist] INFO: VALID_ID: 2560227
2023-06-30 17:40:45 [booklist] INFO: VALID_ID: 8942822
2023-06-30 17:40:45 [booklist] INFO: VALID_ID: 1305911
2023-06-30 17:40:45 [booklist] INFO: VALID_ID: 1312614
2023-06-30 17:40:45 [booklist] INFO: VALID_ID: 2588422
2023-06-30 17:40:45 [booklist] INFO: VALID_ID: 2538494
2023-06-30 17:40:45 [booklist] INFO: VALID_ID: 2575111
2023-06-30 17:40:45 [booklist] INFO: VALID_ID: 2554615
2023-06-30 17:40:45 [booklist] INFO: VALID_ID: 8929690
2023-06-30 17:40:45 [booklist] INFO: VALID_ID: 2559201
2023-06-30 17:40:45 [booklist] INFO: VALID_ID: 2606002
2023-06-30 17:40:45 [booklist] INFO: VALID_ID: 2607072
2023-06-30 17:40:45 [booklist] INFO: VALID_ID: 2554617
2023-06-30 17:40:45 [booklist] INFO: VALID_ID: 2548385
2023-06-30 17:40:45 [booklist] INFO: VALID_ID: 2537696
2023-06-30 17:40:45 [booklist] INFO: VALID_ID: 8942904
2023-06-30 17:40:45 [booklist] INFO: VALID_ID: 8929370
2023-06-30 17:40:45 [booklist] INFO: VALID_ID: 8942905
2023-06-30 17:40:45 [booklist] INFO: VALID_ID: 1309161
2023-06-30 17:40:45 [booklist] INFO: VALID_ID: 8943291
2023-06-30 17:40:45 [booklist] INFO: VALID_ID: 1302392
2023-06-30 17:40:45 [booklist] INFO: VALID_ID: 2548382
2023-06-30 17:40:45 [booklist] INFO: VALID_ID: 1312525
2023-06-30 17:40:45 [booklist] INFO: VALID_ID: 8942906
2023-06-30 17:40:45 [booklist] INFO: VALID_ID: 1312740
2023-06-30 17:40:45 [booklist] INFO: VALID_ID: 2560229
2023-06-30 17:40:45 [booklist] INFO: VALID_ID: 2560231
2023-06-30 17:40:45 [booklist] INFO: VALID_ID: 9892376
2023-06-30 17:40:45 [booklist] INFO: VALID_ID: 2559205
2023-06-30 17:40:45 [booklist] INFO: VALID_ID: 2534231
2023-06-30 17:40:45 [booklist] INFO: VALID_ID: 2548328
2023-06-30 17:40:45 [booklist] INFO: VALID_ID: 1301796
2023-06-30 17:40:45 [booklist] INFO: VALID_ID: 2548387
2023-06-30 17:40:45 [booklist] INFO: VALID_ID: 1304969
2023-06-30 17:40:45 [booklist] INFO: VALID_ID: 2554618
2023-06-30 17:40:45 [booklist] INFO: VALID_ID: 1304440
2023-06-30 17:40:45 [booklist] INFO: VALID_ID: 1307898
2023-06-30 17:40:45 [booklist] INFO: VALID_ID: 2547696
2023-06-30 17:40:45 [booklist] INFO: VALID_ID: 2560230
2023-06-30 17:40:45 [booklist] INFO: VALID_ID: 8942823
2023-06-30 17:40:45 [booklist] INFO: VALID_ID: 2576665
2023-06-30 17:40:45 [booklist] INFO: VALID_ID: 2532728
2023-06-30 17:40:45 [booklist] INFO: VALID_ID: 2547695
2023-06-30 17:40:45 [booklist] INFO: VALID_ID: 8942902
2023-06-30 17:40:45 [booklist] INFO: VALID_ID: 2576664
2023-06-30 17:40:45 [booklist] INFO: VALID_ID: 1286493
2023-06-30 17:40:45 [booklist] INFO: VALID_ID: 2575110
2023-06-30 17:40:45 [booklist] INFO: VALID_ID: 2575109
2023-06-30 17:40:45 [booklist] INFO: VALID_ID: 2539206
2023-06-30 17:40:45 [booklist] INFO: VALID_ID: 2571527
2023-06-30 17:40:45 [booklist] INFO: VALID_ID: 2588446
2023-06-30 17:40:45 [booklist] INFO: VALID_ID: 2554614
2023-06-30 17:40:45 [booklist] INFO: VALID_ID: 1312628
2023-06-30 17:40:45 [booklist] INFO: VALID_ID: 1286688
2023-06-30 17:40:45 [booklist] INFO: VALID_ID: 1286691
2023-06-30 17:40:45 [booklist] INFO: VALID_ID: 2605540
2023-06-30 17:40:45 [booklist] INFO: VALID_ID: 8929414
2023-06-30 17:40:45 [booklist] INFO: VALID_ID: 2571366
2023-06-30 17:40:45 [booklist] INFO: VALID_ID: 1286568
2023-06-30 17:40:45 [booklist] INFO: VALID_ID: 2548400
2023-06-30 17:40:45 [booklist] INFO: VALID_ID: 2532684
2023-06-30 17:40:45 [booklist] INFO: VALID_ID: 2537080
2023-06-30 17:40:45 [booklist] INFO: VALID_ID: 2533386
2023-06-30 17:40:45 [booklist] INFO: VALID_ID: 1312150
2023-06-30 17:40:45 [booklist] INFO: VALID_ID: 1309940
2023-06-30 17:40:45 [booklist] INFO: VALID_ID: 8929743
2023-06-30 17:40:45 [booklist] INFO: VALID_ID: 1309478
2023-06-30 17:40:45 [booklist] INFO: VALID_ID: 1286492
2023-06-30 17:40:45 [booklist] INFO: VALID_ID: 2588444
2023-06-30 17:40:45 [booklist] INFO: VALID_ID: 2548403
2023-06-30 17:40:45 [booklist] INFO: VALID_ID: 2567436
2023-06-30 17:40:45 [booklist] INFO: VALID_ID: 1307372
2023-06-30 17:40:45 [booklist] INFO: VALID_ID: 2537686
2023-06-30 17:40:45 [booklist] INFO: VALID_ID: 2548401
2023-06-30 17:40:45 [booklist] INFO: VALID_ID: 2537646
2023-06-30 17:40:45 [booklist] INFO: VALID_ID: 1307045
2023-06-30 17:40:45 [booklist] INFO: VALID_ID: 2532966
2023-06-30 17:40:45 [booklist] INFO: VALID_ID: 1305414
2023-06-30 17:40:45 [booklist] INFO: VALID_ID: 9893024
2023-06-30 17:40:45 [booklist] INFO: VALID_ID: 2548402
2023-06-30 17:40:45 [booklist] INFO: VALID_ID: 1305823
2023-06-30 17:40:45 [booklist] INFO: VALID_ID: 1302529
2023-06-30 17:40:45 [booklist] INFO: VALID_ID: 2571365
2023-06-30 17:40:45 [booklist] INFO: VALID_ID: 2588443
2023-06-30 17:40:45 [booklist] INFO: VALID_ID: 9369572
2023-06-30 17:40:45 [booklist] INFO: VALID_ID: 1286692
2023-06-30 17:40:45 [booklist] INFO: VALID_ID: 2588423
2023-06-30 17:40:45 [booklist] INFO: VALID_ID: 2588445
2023-06-30 17:40:45 [booklist] INFO: VALID_ID: 1286553
2023-06-30 17:40:45 [booklist] INFO: VALID_ID: 1286694
2023-06-30 17:40:45 [booklist] INFO: VALID_ID: 2588424
2023-06-30 17:40:46 [scrapy.core.engine] DEBUG: Crawled (200) <POST https://dl.ndl.go.jp/api/item/search> (referer: https://dl.ndl.go.jp/api/item/search)
2023-06-30 17:40:46 [booklist] INFO: Fetched page 3
2023-06-30 17:40:46 [booklist] INFO: VALID_ID: 1286553
2023-06-30 17:40:46 [booklist] INFO: VALID_ID: 10301495
2023-06-30 17:40:46 [booklist] INFO: VALID_ID: 1309842
2023-06-30 17:40:46 [booklist] INFO: VALID_ID: 2559228
2023-06-30 17:40:46 [booklist] INFO: VALID_ID: 1304728
2023-06-30 17:40:46 [booklist] INFO: VALID_ID: 8929525
2023-06-30 17:40:46 [booklist] INFO: VALID_ID: 2532678
2023-06-30 17:40:46 [booklist] INFO: VALID_ID: 2539077
2023-06-30 17:40:46 [booklist] INFO: VALID_ID: 2543140
2023-06-30 17:40:46 [booklist] INFO: VALID_ID: 1307839
2023-06-30 17:40:46 [booklist] INFO: VALID_ID: 1303550
2023-06-30 17:40:46 [booklist] INFO: VALID_ID: 10301179
2023-06-30 17:40:46 [booklist] INFO: VALID_ID: 1286424
2023-06-30 17:40:46 [booklist] INFO: VALID_ID: 9893285
2023-06-30 17:40:46 [booklist] INFO: VALID_ID: 9892813
2023-06-30 17:40:46 [booklist] INFO: VALID_ID: 1309101
2023-06-30 17:40:46 [booklist] INFO: VALID_ID: 2588424
2023-06-30 17:40:46 [booklist] INFO: VALID_ID: 1301323
2023-06-30 17:40:46 [booklist] INFO: VALID_ID: 2542837
2023-06-30 17:40:46 [booklist] INFO: VALID_ID: 1304200
2023-06-30 17:40:46 [booklist] INFO: VALID_ID: 11038573
2023-06-30 17:40:46 [booklist] INFO: VALID_ID: 1286687
2023-06-30 17:40:46 [booklist] INFO: VALID_ID: 1287830
2023-06-30 17:40:46 [booklist] INFO: VALID_ID: 2567438
2023-06-30 17:40:46 [booklist] INFO: VALID_ID: 1286567
2023-06-30 17:40:46 [booklist] INFO: VALID_ID: 1286164
2023-06-30 17:40:46 [booklist] INFO: VALID_ID: 1286552
2023-06-30 17:40:46 [booklist] INFO: VALID_ID: 2567437
2023-06-30 17:40:46 [booklist] INFO: VALID_ID: 2607277
2023-06-30 17:40:46 [booklist] INFO: VALID_ID: 2589495
2023-06-30 17:40:46 [booklist] INFO: VALID_ID: 1307306
2023-06-30 17:40:46 [booklist] INFO: VALID_ID: 1301854
2023-06-30 17:40:46 [booklist] INFO: VALID_ID: 2532513
2023-06-30 17:40:46 [booklist] INFO: VALID_ID: 1308251
2023-06-30 17:40:46 [booklist] INFO: VALID_ID: 1305052
2023-06-30 17:40:46 [booklist] INFO: VALID_ID: 1286425
2023-06-30 17:40:46 [booklist] INFO: VALID_ID: 1286694
2023-06-30 17:40:46 [booklist] INFO: VALID_ID: 1309926
2023-06-30 17:40:46 [booklist] INFO: VALID_ID: 2589498
2023-06-30 17:40:46 [booklist] INFO: VALID_ID: 2589500
2023-06-30 17:40:46 [booklist] INFO: VALID_ID: 1311520
2023-06-30 17:40:46 [booklist] INFO: VALID_ID: 1309082
2023-06-30 17:40:46 [booklist] INFO: VALID_ID: 1302569
2023-06-30 17:40:46 [booklist] INFO: VALID_ID: 1306375
2023-06-30 17:40:46 [booklist] INFO: VALID_ID: 2589497
2023-06-30 17:40:46 [booklist] INFO: VALID_ID: 2542918
2023-06-30 17:40:46 [booklist] INFO: VALID_ID: 1305906
2023-06-30 17:40:46 [booklist] INFO: VALID_ID: 11535989
2023-06-30 17:40:46 [booklist] INFO: VALID_ID: 9369157
2023-06-30 17:40:46 [booklist] INFO: VALID_ID: 2610808
2023-06-30 17:40:46 [booklist] INFO: VALID_ID: 1305976
2023-06-30 17:40:46 [booklist] INFO: VALID_ID: 2589499
2023-06-30 17:40:46 [booklist] INFO: VALID_ID: 2589496
2023-06-30 17:40:46 [booklist] INFO: VALID_ID: 2542201
2023-06-30 17:40:46 [booklist] INFO: VALID_ID: 1304801
2023-06-30 17:40:46 [booklist] INFO: VALID_ID: 1313253
2023-06-30 17:40:46 [booklist] INFO: VALID_ID: 2567445
2023-06-30 17:40:46 [booklist] INFO: VALID_ID: 2602060
2023-06-30 17:40:46 [booklist] INFO: VALID_ID: 1286693
2023-06-30 17:40:46 [booklist] INFO: VALID_ID: 1310571
2023-06-30 17:40:46 [booklist] INFO: VALID_ID: 1310573
2023-06-30 17:40:46 [booklist] INFO: VALID_ID: 2587915
2023-06-30 17:40:46 [booklist] INFO: VALID_ID: 2567446
2023-06-30 17:40:46 [booklist] INFO: VALID_ID: 9893142
2023-06-30 17:40:46 [booklist] INFO: VALID_ID: 2609529
2023-06-30 17:40:46 [booklist] INFO: VALID_ID: 1311170
2023-06-30 17:40:46 [booklist] INFO: VALID_ID: 2611002
2023-06-30 17:40:46 [booklist] INFO: VALID_ID: 2587669
2023-06-30 17:40:46 [booklist] INFO: VALID_ID: 2587916
2023-06-30 17:40:46 [booklist] INFO: VALID_ID: 2602063
2023-06-30 17:40:46 [booklist] INFO: VALID_ID: 2602065
2023-06-30 17:40:46 [booklist] INFO: VALID_ID: 1305905
2023-06-30 17:40:46 [booklist] INFO: VALID_ID: 2587699
2023-06-30 17:40:46 [booklist] INFO: VALID_ID: 2587914
2023-06-30 17:40:46 [booklist] INFO: VALID_ID: 1304745
2023-06-30 17:40:46 [booklist] INFO: VALID_ID: 1311978
2023-06-30 17:40:46 [booklist] INFO: VALID_ID: 2536626
2023-06-30 17:40:46 [booklist] INFO: VALID_ID: 2587639
2023-06-30 17:40:46 [booklist] INFO: VALID_ID: 1309503
2023-06-30 17:40:46 [booklist] INFO: VALID_ID: 1312351
2023-06-30 17:40:46 [booklist] INFO: VALID_ID: 2542150
2023-06-30 17:40:46 [booklist] INFO: VALID_ID: 2567444
2023-06-30 17:40:46 [booklist] INFO: VALID_ID: 1306331
2023-06-30 17:40:46 [booklist] INFO: VALID_ID: 2587917
2023-06-30 17:40:46 [booklist] INFO: VALID_ID: 2587793
2023-06-30 17:40:46 [booklist] INFO: VALID_ID: 2567443
2023-06-30 17:40:46 [booklist] INFO: VALID_ID: 1303808
2023-06-30 17:40:46 [booklist] INFO: VALID_ID: 2567447
2023-06-30 17:40:46 [booklist] INFO: VALID_ID: 1303321
2023-06-30 17:40:46 [booklist] INFO: VALID_ID: 2542670
2023-06-30 17:40:46 [booklist] INFO: VALID_ID: 2608898
2023-06-30 17:40:46 [booklist] INFO: VALID_ID: 2602061
2023-06-30 17:40:46 [booklist] INFO: VALID_ID: 2602064
2023-06-30 17:40:46 [booklist] INFO: VALID_ID: 1304798
2023-06-30 17:40:46 [booklist] INFO: VALID_ID: 2602062
2023-06-30 17:40:46 [booklist] INFO: VALID_ID: 1309476
2023-06-30 17:40:46 [booklist] INFO: VALID_ID: 9893861
2023-06-30 17:40:46 [booklist] INFO: VALID_ID: 2543008
2023-06-30 17:40:46 [booklist] INFO: VALID_ID: 1308570
2023-06-30 17:40:46 [booklist] INFO: VALID_ID: 1308283
2023-06-30 17:40:46 [scrapy.core.engine] DEBUG: Crawled (200) <POST https://dl.ndl.go.jp/api/item/search> (referer: https://dl.ndl.go.jp/api/item/search)
2023-06-30 17:40:47 [booklist] INFO: Fetched page 4
2023-06-30 17:40:47 [booklist] INFO: VALID_ID: 1312317
2023-06-30 17:40:47 [booklist] INFO: VALID_ID: 2606334
2023-06-30 17:40:47 [booklist] INFO: VALID_ID: 9893861
2023-06-30 17:40:47 [booklist] INFO: VALID_ID: 1309823
2023-06-30 17:40:47 [booklist] INFO: VALID_ID: 1303287
2023-06-30 17:40:47 [booklist] INFO: VALID_ID: 11223538
2023-06-30 17:40:47 [booklist] INFO: VALID_ID: 2602066
2023-06-30 17:40:47 [booklist] INFO: VALID_ID: 1302865
2023-06-30 17:40:47 [booklist] INFO: VALID_ID: 2567440
2023-06-30 17:40:47 [booklist] INFO: VALID_ID: 2587651
2023-06-30 17:40:47 [booklist] INFO: VALID_ID: 1307633
2023-06-30 17:40:47 [booklist] INFO: VALID_ID: 1305724
2023-06-30 17:40:47 [booklist] INFO: VALID_ID: 1302205
2023-06-30 17:40:47 [booklist] INFO: VALID_ID: 1286569
2023-06-30 17:40:47 [booklist] INFO: VALID_ID: 1302769
2023-06-30 17:40:47 [booklist] INFO: VALID_ID: 2593571
2023-06-30 17:40:47 [booklist] INFO: VALID_ID: 1309231
2023-06-30 17:40:47 [booklist] INFO: VALID_ID: 2540827
2023-06-30 17:40:47 [booklist] INFO: VALID_ID: 1308012
2023-06-30 17:40:47 [booklist] INFO: VALID_ID: 2567441
2023-06-30 17:40:47 [booklist] INFO: VALID_ID: 1311047
2023-06-30 17:40:47 [booklist] INFO: VALID_ID: 2603906
2023-06-30 17:40:47 [booklist] INFO: VALID_ID: 2589108
2023-06-30 17:40:47 [booklist] INFO: VALID_ID: 2571364
2023-06-30 17:40:47 [booklist] INFO: VALID_ID: 1286495
2023-06-30 17:40:47 [booklist] INFO: VALID_ID: 2589107
2023-06-30 17:40:47 [booklist] INFO: VALID_ID: 2603899
2023-06-30 17:40:47 [booklist] INFO: VALID_ID: 2603920
2023-06-30 17:40:47 [booklist] INFO: VALID_ID: 2603915
2023-06-30 17:40:47 [booklist] INFO: VALID_ID: 1305228
2023-06-30 17:40:47 [booklist] INFO: VALID_ID: 2603904
2023-06-30 17:40:47 [booklist] INFO: VALID_ID: 2603891
2023-06-30 17:40:47 [booklist] INFO: VALID_ID: 2603917
2023-06-30 17:40:47 [booklist] INFO: VALID_ID: 1307225
2023-06-30 17:40:47 [booklist] INFO: VALID_ID: 2603893
2023-06-30 17:40:47 [booklist] INFO: VALID_ID: 1309240
2023-06-30 17:40:47 [booklist] INFO: VALID_ID: 2603907
2023-06-30 17:40:47 [booklist] INFO: VALID_ID: 1309676
2023-06-30 17:40:47 [booklist] INFO: VALID_ID: 2603908
2023-06-30 17:40:47 [booklist] INFO: VALID_ID: 2603911
2023-06-30 17:40:47 [booklist] INFO: VALID_ID: 2603914
2023-06-30 17:40:47 [booklist] INFO: VALID_ID: 2603896
2023-06-30 17:40:47 [booklist] INFO: VALID_ID: 2603919
2023-06-30 17:40:47 [booklist] INFO: VALID_ID: 2603918
2023-06-30 17:40:47 [booklist] INFO: VALID_ID: 2603905
2023-06-30 17:40:47 [booklist] INFO: VALID_ID: 2603897
2023-06-30 17:40:47 [booklist] INFO: VALID_ID: 2603892
2023-06-30 17:40:47 [booklist] INFO: VALID_ID: 1306295
2023-06-30 17:40:47 [booklist] INFO: VALID_ID: 2603895
2023-06-30 17:40:47 [booklist] INFO: VALID_ID: 1310089
2023-06-30 17:40:47 [booklist] INFO: VALID_ID: 2603913
2023-06-30 17:40:47 [booklist] INFO: VALID_ID: 2559229
2023-06-30 17:40:47 [booklist] INFO: VALID_ID: 2610206
2023-06-30 17:40:47 [booklist] INFO: VALID_ID: 2603898
2023-06-30 17:40:47 [booklist] INFO: VALID_ID: 1306230
2023-06-30 17:40:47 [booklist] INFO: VALID_ID: 1305820
2023-06-30 17:40:47 [booklist] INFO: VALID_ID: 2603912
2023-06-30 17:40:47 [booklist] INFO: VALID_ID: 2540697
2023-06-30 17:40:47 [booklist] INFO: VALID_ID: 2603894
2023-06-30 17:40:47 [booklist] INFO: VALID_ID: 2603903
2023-06-30 17:40:47 [booklist] INFO: VALID_ID: 2603900
2023-06-30 17:40:47 [booklist] INFO: VALID_ID: 2603909
2023-06-30 17:40:47 [booklist] INFO: VALID_ID: 1306627
2023-06-30 17:40:47 [booklist] INFO: VALID_ID: 2603910
2023-06-30 17:40:47 [booklist] INFO: VALID_ID: 2603901
2023-06-30 17:40:47 [booklist] INFO: VALID_ID: 2603902
2023-06-30 17:40:47 [booklist] INFO: VALID_ID: 2603916
2023-06-30 17:40:47 [booklist] INFO: VALID_ID: 2589109
2023-06-30 17:40:47 [booklist] INFO: VALID_ID: 1308305
2023-06-30 17:40:47 [booklist] INFO: VALID_ID: 1305354
2023-06-30 17:40:47 [booklist] INFO: VALID_ID: 2541277
2023-06-30 17:40:47 [booklist] INFO: VALID_ID: 2572807
2023-06-30 17:40:47 [booklist] INFO: VALID_ID: 2589110
2023-06-30 17:40:47 [booklist] INFO: VALID_ID: 1306253
2023-06-30 17:40:47 [booklist] INFO: VALID_ID: 2590638
2023-06-30 17:40:47 [booklist] INFO: VALID_ID: 1310981
2023-06-30 17:40:47 [booklist] INFO: VALID_ID: 1307128
2023-06-30 17:40:47 [booklist] INFO: VALID_ID: 2587650
2023-06-30 17:40:47 [booklist] INFO: VALID_ID: 2537685
2023-06-30 17:40:47 [booklist] INFO: VALID_ID: 2541276
2023-06-30 17:40:47 [booklist] INFO: VALID_ID: 1312574
2023-06-30 17:40:47 [booklist] INFO: VALID_ID: 1307887
2023-06-30 17:40:47 [booklist] INFO: VALID_ID: 2536821
2023-06-30 17:40:47 [booklist] INFO: VALID_ID: 1303892
2023-06-30 17:40:47 [booklist] INFO: VALID_ID: 1309255
2023-06-30 17:40:47 [booklist] INFO: VALID_ID: 1308346
2023-06-30 17:40:47 [booklist] INFO: VALID_ID: 1312849
2023-06-30 17:40:47 [booklist] INFO: VALID_ID: 2593315
2023-06-30 17:40:47 [booklist] INFO: VALID_ID: 2567433
2023-06-30 17:40:47 [booklist] INFO: VALID_ID: 2567435
2023-06-30 17:40:47 [booklist] INFO: VALID_ID: 1310978
2023-06-30 17:40:47 [booklist] INFO: VALID_ID: 2542299
2023-06-30 17:40:47 [booklist] INFO: VALID_ID: 1311028
2023-06-30 17:40:47 [booklist] INFO: VALID_ID: 1310986
2023-06-30 17:40:47 [booklist] INFO: VALID_ID: 1305232
2023-06-30 17:40:47 [booklist] INFO: VALID_ID: 1310982
2023-06-30 17:40:47 [booklist] INFO: VALID_ID: 2542339
2023-06-30 17:40:47 [booklist] INFO: VALID_ID: 1305516
2023-06-30 17:40:47 [booklist] INFO: VALID_ID: 1309248
2023-06-30 17:40:47 [booklist] INFO: VALID_ID: 1301503
2023-06-30 17:40:48 [scrapy.core.engine] DEBUG: Crawled (200) <POST https://dl.ndl.go.jp/api/item/search> (referer: https://dl.ndl.go.jp/api/item/search)
2023-06-30 17:40:48 [booklist] INFO: Fetched page 5
2023-06-30 17:40:48 [booklist] INFO: VALID_ID: 1311063
2023-06-30 17:40:48 [booklist] INFO: VALID_ID: 1311974
2023-06-30 17:40:48 [booklist] INFO: VALID_ID: 2567439
2023-06-30 17:40:48 [booklist] INFO: VALID_ID: 2610677
2023-06-30 17:40:48 [booklist] INFO: VALID_ID: 1310986
2023-06-30 17:40:48 [booklist] INFO: VALID_ID: 2550945
2023-06-30 17:40:48 [booklist] INFO: VALID_ID: 1311290
2023-06-30 17:40:48 [booklist] INFO: VALID_ID: 1311977
2023-06-30 17:40:48 [booklist] INFO: VALID_ID: 2540122
2023-06-30 17:40:48 [booklist] INFO: VALID_ID: 2540181
2023-06-30 17:40:48 [booklist] INFO: VALID_ID: 2567442
2023-06-30 17:40:48 [booklist] INFO: VALID_ID: 2579694
2023-06-30 17:40:48 [booklist] INFO: VALID_ID: 2579693
2023-06-30 17:40:48 [booklist] INFO: VALID_ID: 1303175
2023-06-30 17:40:48 [booklist] INFO: VALID_ID: 1313210
2023-06-30 17:40:48 [booklist] INFO: VALID_ID: 2572917
2023-06-30 17:40:48 [booklist] INFO: VALID_ID: 2572808
2023-06-30 17:40:48 [booklist] INFO: VALID_ID: 2579692
2023-06-30 17:40:48 [booklist] INFO: VALID_ID: 2572947
2023-06-30 17:40:48 [booklist] INFO: VALID_ID: 2579688
2023-06-30 17:40:48 [booklist] INFO: VALID_ID: 1311155
2023-06-30 17:40:48 [booklist] INFO: VALID_ID: 2610766
2023-06-30 17:40:48 [booklist] INFO: VALID_ID: 2579687
2023-06-30 17:40:48 [booklist] INFO: VALID_ID: 1309229
2023-06-30 17:40:48 [booklist] INFO: VALID_ID: 2579691
2023-06-30 17:40:48 [booklist] INFO: VALID_ID: 2579690
2023-06-30 17:40:48 [booklist] INFO: VALID_ID: 2579689
2023-06-30 17:40:48 [booklist] INFO: VALID_ID: 1308648
2023-06-30 17:40:48 [booklist] INFO: VALID_ID: 1310969
2023-06-30 17:40:48 [booklist] INFO: VALID_ID: 1311110
2023-06-30 17:40:48 [booklist] INFO: VALID_ID: 2571362
2023-06-30 17:40:48 [booklist] INFO: VALID_ID: 1286631
2023-06-30 17:40:48 [booklist] INFO: VALID_ID: 1310910
2023-06-30 17:40:48 [booklist] INFO: VALID_ID: 2550946
2023-06-30 17:40:48 [booklist] INFO: VALID_ID: 2542351
2023-06-30 17:40:48 [booklist] INFO: VALID_ID: 2571363
2023-06-30 17:40:48 [booklist] INFO: VALID_ID: 2589399
2023-06-30 17:40:48 [booklist] INFO: VALID_ID: 1307781
2023-06-30 17:40:48 [booklist] INFO: VALID_ID: 2572948
2023-06-30 17:40:48 [booklist] INFO: VALID_ID: 1310810
2023-06-30 17:40:48 [booklist] INFO: VALID_ID: 2567434
2023-06-30 17:40:48 [booklist] INFO: VALID_ID: 8929856
2023-06-30 17:40:48 [booklist] INFO: VALID_ID: 2559167
2023-06-30 17:40:48 [booklist] INFO: VALID_ID: 2581702
2023-06-30 17:40:48 [booklist] INFO: VALID_ID: 1303945
2023-06-30 17:40:48 [booklist] INFO: VALID_ID: 1306438
2023-06-30 17:40:48 [booklist] INFO: VALID_ID: 2589398
2023-06-30 17:40:48 [booklist] INFO: VALID_ID: 1311311
2023-06-30 17:40:48 [booklist] INFO: VALID_ID: 1307309
2023-06-30 17:40:48 [booklist] INFO: VALID_ID: 1312352
2023-06-30 17:40:48 [booklist] INFO: VALID_ID: 2551391
2023-06-30 17:40:48 [booklist] INFO: VALID_ID: 2540677
2023-06-30 17:40:48 [booklist] INFO: VALID_ID: 1310943
2023-06-30 17:40:48 [booklist] INFO: VALID_ID: 1306537
2023-06-30 17:40:48 [booklist] INFO: VALID_ID: 1310906
2023-06-30 17:40:48 [booklist] INFO: VALID_ID: 1305396
2023-06-30 17:40:48 [booklist] INFO: VALID_ID: 1309662
2023-06-30 17:40:48 [booklist] INFO: VALID_ID: 1303322
2023-06-30 17:40:48 [booklist] INFO: VALID_ID: 2557777
2023-06-30 17:40:48 [booklist] INFO: VALID_ID: 2592938
2023-06-30 17:40:48 [booklist] INFO: VALID_ID: 2559161
2023-06-30 17:40:48 [booklist] INFO: VALID_ID: 1311020
2023-06-30 17:40:48 [booklist] INFO: VALID_ID: 10301766
2023-06-30 17:40:48 [booklist] INFO: VALID_ID: 2539844
2023-06-30 17:40:48 [booklist] INFO: VALID_ID: 2571626
2023-06-30 17:40:48 [booklist] INFO: VALID_ID: 1304911
2023-06-30 17:40:48 [booklist] INFO: VALID_ID: 1305418
2023-06-30 17:40:48 [booklist] INFO: VALID_ID: 2540655
2023-06-30 17:40:48 [booklist] INFO: VALID_ID: 1308257
2023-06-30 17:40:48 [booklist] INFO: VALID_ID: 1288535
2023-06-30 17:40:48 [booklist] INFO: VALID_ID: 2538567
2023-06-30 17:40:48 [booklist] INFO: VALID_ID: 2559065
2023-06-30 17:40:48 [booklist] INFO: VALID_ID: 1308526
2023-06-30 17:40:48 [booklist] INFO: VALID_ID: 2608739
2023-06-30 17:40:48 [booklist] INFO: VALID_ID: 1308523
2023-06-30 17:40:48 [booklist] INFO: VALID_ID: 1307906
2023-06-30 17:40:48 [booklist] INFO: VALID_ID: 1312002
2023-06-30 17:40:48 [booklist] INFO: VALID_ID: 2546172
2023-06-30 17:40:48 [booklist] INFO: VALID_ID: 1308512
2023-06-30 17:40:48 [booklist] INFO: VALID_ID: 1304913
2023-06-30 17:40:48 [booklist] INFO: VALID_ID: 1308543
2023-06-30 17:40:48 [booklist] INFO: VALID_ID: 1308513
2023-06-30 17:40:48 [booklist] INFO: VALID_ID: 2575336
2023-06-30 17:40:48 [booklist] INFO: VALID_ID: 2575339
2023-06-30 17:40:48 [booklist] INFO: VALID_ID: 2575342
2023-06-30 17:40:48 [booklist] INFO: VALID_ID: 11891847
2023-06-30 17:40:48 [booklist] INFO: VALID_ID: 1308504
2023-06-30 17:40:48 [booklist] INFO: VALID_ID: 1308529
2023-06-30 17:40:48 [booklist] INFO: VALID_ID: 1308531
2023-06-30 17:40:48 [booklist] INFO: VALID_ID: 2608646
2023-06-30 17:40:48 [booklist] INFO: VALID_ID: 2593277
2023-06-30 17:40:48 [booklist] INFO: VALID_ID: 2548830
2023-06-30 17:40:48 [booklist] INFO: VALID_ID: 1311239
2023-06-30 17:40:48 [booklist] INFO: VALID_ID: 1308511
2023-06-30 17:40:48 [booklist] INFO: VALID_ID: 1308542
2023-06-30 17:40:48 [booklist] INFO: VALID_ID: 2540559
2023-06-30 17:40:48 [booklist] INFO: VALID_ID: 2586558
2023-06-30 17:40:48 [booklist] INFO: VALID_ID: 1312444
2023-06-30 17:40:48 [booklist] INFO: VALID_ID: 2575340
2023-06-30 17:40:48 [booklist] INFO: VALID_ID: 1310899
2023-06-30 17:40:49 [scrapy.core.engine] DEBUG: Crawled (200) <POST https://dl.ndl.go.jp/api/item/search> (referer: https://dl.ndl.go.jp/api/item/search)
2023-06-30 17:40:49 [booklist] INFO: Fetched page 6
2023-06-30 17:40:49 [booklist] INFO: VALID_ID: 2575338
2023-06-30 17:40:49 [booklist] INFO: VALID_ID: 2557775
2023-06-30 17:40:49 [booklist] INFO: VALID_ID: 2609306
2023-06-30 17:40:49 [booklist] INFO: VALID_ID: 2542888
2023-06-30 17:40:49 [booklist] INFO: VALID_ID: 2575341
2023-06-30 17:40:49 [booklist] INFO: VALID_ID: 2561183
2023-06-30 17:40:49 [booklist] INFO: VALID_ID: 2575337
2023-06-30 17:40:49 [booklist] INFO: VALID_ID: 1311310
2023-06-30 17:40:49 [booklist] INFO: VALID_ID: 1312003
2023-06-30 17:40:49 [booklist] INFO: VALID_ID: 2570291
2023-06-30 17:40:49 [booklist] INFO: VALID_ID: 2561184
2023-06-30 17:40:49 [booklist] INFO: VALID_ID: 1312442
2023-06-30 17:40:49 [booklist] INFO: VALID_ID: 1310901
2023-06-30 17:40:49 [booklist] INFO: VALID_ID: 1308534
2023-06-30 17:40:49 [booklist] INFO: VALID_ID: 1308517
2023-06-30 17:40:49 [booklist] INFO: VALID_ID: 1308533
2023-06-30 17:40:49 [booklist] INFO: VALID_ID: 2593567
2023-06-30 17:40:49 [booklist] INFO: VALID_ID: 1308535
2023-06-30 17:40:49 [booklist] INFO: VALID_ID: 1311283
2023-06-30 17:40:49 [booklist] INFO: VALID_ID: 1308510
2023-06-30 17:40:49 [booklist] INFO: VALID_ID: 1286615
2023-06-30 17:40:49 [booklist] INFO: VALID_ID: 2557776
2023-06-30 17:40:49 [booklist] INFO: VALID_ID: 2551979
2023-06-30 17:40:49 [booklist] INFO: VALID_ID: 2558783
2023-06-30 17:40:49 [booklist] INFO: VALID_ID: 2581704
2023-06-30 17:40:49 [booklist] INFO: VALID_ID: 1308832
2023-06-30 17:40:49 [booklist] INFO: VALID_ID: 1310905
2023-06-30 17:40:49 [booklist] INFO: VALID_ID: 2580998
2023-06-30 17:40:49 [booklist] INFO: VALID_ID: 2559260
2023-06-30 17:40:49 [booklist] INFO: VALID_ID: 1308537
2023-06-30 17:40:49 [booklist] INFO: VALID_ID: 2588016
2023-06-30 17:40:49 [booklist] INFO: VALID_ID: 2588021
2023-06-30 17:40:49 [booklist] INFO: VALID_ID: 2540571
2023-06-30 17:40:49 [booklist] INFO: VALID_ID: 1308536
2023-06-30 17:40:49 [booklist] INFO: VALID_ID: 1308516
2023-06-30 17:40:49 [booklist] INFO: VALID_ID: 1308522
2023-06-30 17:40:49 [booklist] INFO: VALID_ID: 1308508
2023-06-30 17:40:49 [booklist] INFO: VALID_ID: 2593367
2023-06-30 17:40:49 [booklist] INFO: VALID_ID: 2584650
2023-06-30 17:40:49 [booklist] INFO: VALID_ID: 2537959
2023-06-30 17:40:49 [booklist] INFO: VALID_ID: 1287658
2023-06-30 17:40:49 [booklist] INFO: VALID_ID: 11708409
2023-06-30 17:40:49 [booklist] INFO: VALID_ID: 1301566
2023-06-30 17:40:49 [booklist] INFO: VALID_ID: 1308530
2023-06-30 17:40:49 [booklist] INFO: VALID_ID: 1308544
2023-06-30 17:40:49 [booklist] INFO: VALID_ID: 2589529
2023-06-30 17:40:49 [booklist] INFO: VALID_ID: 12865519
2023-06-30 17:40:49 [booklist] INFO: VALID_ID: 1308528
2023-06-30 17:40:49 [booklist] INFO: VALID_ID: 1308507
2023-06-30 17:40:49 [booklist] INFO: VALID_ID: 1308509
2023-06-30 17:40:49 [booklist] INFO: VALID_ID: 1308518
2023-06-30 17:40:49 [booklist] INFO: VALID_ID: 1308541
2023-06-30 17:40:49 [booklist] INFO: VALID_ID: 1287859
2023-06-30 17:40:49 [booklist] INFO: VALID_ID: 2551978
2023-06-30 17:40:49 [booklist] INFO: VALID_ID: 2586645
2023-06-30 17:40:49 [booklist] INFO: VALID_ID: 2542241
2023-06-30 17:40:49 [booklist] INFO: VALID_ID: 2558785
2023-06-30 17:40:49 [booklist] INFO: VALID_ID: 2580997
2023-06-30 17:40:49 [booklist] INFO: VALID_ID: 2558782
2023-06-30 17:40:49 [booklist] INFO: VALID_ID: 2559094
2023-06-30 17:40:49 [booklist] INFO: VALID_ID: 2582822
2023-06-30 17:40:49 [booklist] INFO: VALID_ID: 2582823
2023-06-30 17:40:49 [booklist] INFO: VALID_ID: 2581703
2023-06-30 17:40:49 [booklist] INFO: VALID_ID: 2608748
2023-06-30 17:40:49 [booklist] INFO: VALID_ID: 2581705
2023-06-30 17:40:49 [booklist] INFO: VALID_ID: 2580996
2023-06-30 17:40:49 [booklist] INFO: VALID_ID: 1309208
2023-06-30 17:40:49 [booklist] INFO: VALID_ID: 2580995
2023-06-30 17:40:49 [booklist] INFO: VALID_ID: 1301793
2023-06-30 17:40:49 [booklist] INFO: VALID_ID: 1308520
2023-06-30 17:40:49 [booklist] INFO: VALID_ID: 1308538
2023-06-30 17:40:49 [booklist] INFO: VALID_ID: 1308527
2023-06-30 17:40:49 [booklist] INFO: VALID_ID: 2582829
2023-06-30 17:40:49 [booklist] INFO: VALID_ID: 2591667
2023-06-30 17:40:49 [booklist] INFO: VALID_ID: 1308505
2023-06-30 17:40:49 [booklist] INFO: VALID_ID: 1308506
2023-06-30 17:40:49 [booklist] INFO: VALID_ID: 1308519
2023-06-30 17:40:49 [booklist] INFO: VALID_ID: 1308525
2023-06-30 17:40:49 [booklist] INFO: VALID_ID: 1309209
2023-06-30 17:40:49 [booklist] INFO: VALID_ID: 2586647
2023-06-30 17:40:49 [booklist] INFO: VALID_ID: 1312607
2023-06-30 17:40:49 [booklist] INFO: VALID_ID: 1308211
2023-06-30 17:40:49 [booklist] INFO: VALID_ID: 1308521
2023-06-30 17:40:49 [booklist] INFO: VALID_ID: 1308539
2023-06-30 17:40:49 [booklist] INFO: VALID_ID: 2582826
2023-06-30 17:40:49 [booklist] INFO: VALID_ID: 10301203
2023-06-30 17:40:49 [booklist] INFO: VALID_ID: 1308514
2023-06-30 17:40:49 [booklist] INFO: VALID_ID: 1308524
2023-06-30 17:40:49 [booklist] INFO: VALID_ID: 2581701
2023-06-30 17:40:49 [booklist] INFO: VALID_ID: 2598683
2023-06-30 17:40:49 [booklist] INFO: VALID_ID: 1312369
2023-06-30 17:40:49 [booklist] INFO: VALID_ID: 2586646
2023-06-30 17:40:49 [booklist] INFO: VALID_ID: 1309206
2023-06-30 17:40:49 [booklist] INFO: VALID_ID: 2582824
2023-06-30 17:40:49 [booklist] INFO: VALID_ID: 2558784
2023-06-30 17:40:49 [booklist] INFO: VALID_ID: 1304912
2023-06-30 17:40:49 [booklist] INFO: VALID_ID: 1308515
2023-06-30 17:40:49 [booklist] INFO: VALID_ID: 2548829
2023-06-30 17:40:49 [booklist] INFO: VALID_ID: 2593513
2023-06-30 17:40:49 [booklist] INFO: VALID_ID: 3191995
2023-06-30 17:40:50 [scrapy.core.engine] DEBUG: Crawled (200) <POST https://dl.ndl.go.jp/api/item/search> (referer: https://dl.ndl.go.jp/api/item/search)
2023-06-30 17:40:50 [booklist] INFO: Fetched page 7
2023-06-30 17:40:51 [booklist] INFO: VALID_ID: 2580996
2023-06-30 17:40:51 [booklist] INFO: VALID_ID: 2582821
2023-06-30 17:40:51 [booklist] INFO: VALID_ID: 2586645
2023-06-30 17:40:51 [booklist] INFO: VALID_ID: 1311267
2023-06-30 17:40:51 [booklist] INFO: VALID_ID: 11446443
2023-06-30 17:40:51 [booklist] INFO: VALID_ID: 1309207
2023-06-30 17:40:51 [booklist] INFO: VALID_ID: 2588020
2023-06-30 17:40:51 [booklist] INFO: VALID_ID: 2572169
2023-06-30 17:40:51 [booklist] INFO: VALID_ID: 2585449
2023-06-30 17:40:51 [booklist] INFO: VALID_ID: 2533397
2023-06-30 17:40:51 [booklist] INFO: VALID_ID: 2542416
2023-06-30 17:40:51 [booklist] INFO: VALID_ID: 2582827
2023-06-30 17:40:51 [booklist] INFO: VALID_ID: 2544640
2023-06-30 17:40:51 [booklist] INFO: VALID_ID: 2573617
2023-06-30 17:40:51 [booklist] INFO: VALID_ID: 2584652
2023-06-30 17:40:51 [booklist] INFO: VALID_ID: 2595794
2023-06-30 17:40:51 [booklist] INFO: VALID_ID: 2597292
2023-06-30 17:40:51 [booklist] INFO: VALID_ID: 2532433
2023-06-30 17:40:51 [booklist] INFO: VALID_ID: 3191995
2023-06-30 17:40:51 [booklist] INFO: VALID_ID: 2546237
2023-06-30 17:40:51 [booklist] INFO: VALID_ID: 1312382
2023-06-30 17:40:51 [booklist] INFO: VALID_ID: 1301543
2023-06-30 17:40:51 [booklist] INFO: VALID_ID: 1308162
2023-06-30 17:40:51 [booklist] INFO: VALID_ID: 2532646
2023-06-30 17:40:51 [booklist] INFO: VALID_ID: 2597291
2023-06-30 17:40:51 [booklist] INFO: VALID_ID: 2582830
2023-06-30 17:40:51 [booklist] INFO: VALID_ID: 2592667
2023-06-30 17:40:51 [booklist] INFO: VALID_ID: 11710568
2023-06-30 17:40:51 [booklist] INFO: VALID_ID: 2585289
2023-06-30 17:40:51 [booklist] INFO: VALID_ID: 2597294
2023-06-30 17:40:51 [booklist] INFO: VALID_ID: 2582825
2023-06-30 17:40:51 [booklist] INFO: VALID_ID: 2609686
2023-06-30 17:40:51 [booklist] INFO: VALID_ID: 1308217
2023-06-30 17:40:51 [booklist] INFO: VALID_ID: 1312391
2023-06-30 17:40:51 [booklist] INFO: VALID_ID: 11892574
2023-06-30 17:40:51 [booklist] INFO: VALID_ID: 2590706
2023-06-30 17:40:51 [booklist] INFO: VALID_ID: 2585685
2023-06-30 17:40:51 [booklist] INFO: VALID_ID: 2569858
2023-06-30 17:40:51 [booklist] INFO: VALID_ID: 2559081
2023-06-30 17:40:51 [booklist] INFO: VALID_ID: 2591888
2023-06-30 17:40:51 [booklist] INFO: VALID_ID: 2573611
2023-06-30 17:40:51 [booklist] INFO: VALID_ID: 2532948
2023-06-30 17:40:51 [booklist] INFO: VALID_ID: 1287880
2023-06-30 17:40:51 [booklist] INFO: VALID_ID: 2581269
2023-06-30 17:40:51 [booklist] INFO: VALID_ID: 11892624
2023-06-30 17:40:51 [booklist] INFO: VALID_ID: 2591891
2023-06-30 17:40:51 [booklist] INFO: VALID_ID: 2597293
2023-06-30 17:40:51 [booklist] INFO: VALID_ID: 2610770
2023-06-30 17:40:51 [booklist] INFO: VALID_ID: 11892573
2023-06-30 17:40:51 [booklist] INFO: VALID_ID: 2587647
2023-06-30 17:40:51 [booklist] INFO: VALID_ID: 2537173
2023-06-30 17:40:51 [booklist] INFO: VALID_ID: 2573613
2023-06-30 17:40:51 [booklist] INFO: VALID_ID: 1287710
2023-06-30 17:40:51 [booklist] INFO: VALID_ID: 2573615
2023-06-30 17:40:51 [booklist] INFO: VALID_ID: 11892575
2023-06-30 17:40:51 [booklist] INFO: VALID_ID: 11892576
2023-06-30 17:40:51 [booklist] INFO: VALID_ID: 2593354
2023-06-30 17:40:51 [booklist] INFO: VALID_ID: 2540557
2023-06-30 17:40:51 [booklist] INFO: VALID_ID: 2584649
2023-06-30 17:40:51 [booklist] INFO: VALID_ID: 2592889
2023-06-30 17:40:51 [booklist] INFO: VALID_ID: 1287881
2023-06-30 17:40:51 [booklist] INFO: VALID_ID: 11892623
2023-06-30 17:40:51 [booklist] INFO: VALID_ID: 1287885
2023-06-30 17:40:51 [booklist] INFO: VALID_ID: 2532945
2023-06-30 17:40:51 [booklist] INFO: VALID_ID: 1287841
2023-06-30 17:40:51 [booklist] INFO: VALID_ID: 2597295
2023-06-30 17:40:51 [booklist] INFO: VALID_ID: 11892577
2023-06-30 17:40:51 [booklist] INFO: VALID_ID: 2573616
2023-06-30 17:40:51 [booklist] INFO: VALID_ID: 1287879
2023-06-30 17:40:51 [booklist] INFO: VALID_ID: 1287886
2023-06-30 17:40:51 [booklist] INFO: VALID_ID: 2572170
2023-06-30 17:40:51 [booklist] INFO: VALID_ID: 2538093
2023-06-30 17:40:51 [booklist] INFO: VALID_ID: 1287884
2023-06-30 17:40:51 [booklist] INFO: VALID_ID: 2572171
2023-06-30 17:40:51 [booklist] INFO: VALID_ID: 2581270
2023-06-30 17:40:51 [booklist] INFO: VALID_ID: 1287685
2023-06-30 17:40:51 [booklist] INFO: VALID_ID: 1287873
2023-06-30 17:40:51 [booklist] INFO: VALID_ID: 1287791
2023-06-30 17:40:51 [booklist] INFO: VALID_ID: 1287874
2023-06-30 17:40:51 [booklist] INFO: VALID_ID: 10303676
2023-06-30 17:40:51 [booklist] INFO: VALID_ID: 1288331
2023-06-30 17:40:51 [booklist] INFO: VALID_ID: 11891843
2023-06-30 17:40:51 [booklist] INFO: VALID_ID: 2573610
2023-06-30 17:40:51 [booklist] INFO: VALID_ID: 2573614
2023-06-30 17:40:51 [booklist] INFO: VALID_ID: 2585629
2023-06-30 17:40:51 [booklist] INFO: VALID_ID: 2571526
2023-06-30 17:40:51 [booklist] INFO: VALID_ID: 2549753
2023-06-30 17:40:51 [booklist] INFO: VALID_ID: 2573612
2023-06-30 17:40:51 [booklist] INFO: VALID_ID: 2573618
2023-06-30 17:40:51 [booklist] INFO: VALID_ID: 2592526
2023-06-30 17:40:51 [booklist] INFO: VALID_ID: 2559134
2023-06-30 17:40:51 [booklist] INFO: VALID_ID: 1287866
2023-06-30 17:40:51 [booklist] INFO: VALID_ID: 2593413
2023-06-30 17:40:51 [booklist] INFO: VALID_ID: 1312383
2023-06-30 17:40:51 [booklist] INFO: VALID_ID: 2573619
2023-06-30 17:40:51 [booklist] INFO: VALID_ID: 10303436
2023-06-30 17:40:51 [booklist] INFO: VALID_ID: 2576243
2023-06-30 17:40:51 [booklist] INFO: VALID_ID: 2585491
2023-06-30 17:40:51 [booklist] INFO: VALID_ID: 2542843
2023-06-30 17:40:51 [booklist] INFO: VALID_ID: 2572863
2023-06-30 17:40:51 [scrapy.core.engine] DEBUG: Crawled (200) <POST https://dl.ndl.go.jp/api/item/search> (referer: https://dl.ndl.go.jp/api/item/search)
2023-06-30 17:40:51 [booklist] INFO: Fetched page 8
2023-06-30 17:40:52 [booklist] INFO: VALID_ID: 2572772
2023-06-30 17:40:52 [booklist] INFO: VALID_ID: 2572773
2023-06-30 17:40:52 [booklist] INFO: VALID_ID: 2593286
2023-06-30 17:40:52 [booklist] INFO: VALID_ID: 2542848
2023-06-30 17:40:52 [booklist] INFO: VALID_ID: 2573619
2023-06-30 17:40:52 [booklist] INFO: VALID_ID: 11892630
2023-06-30 17:40:52 [booklist] INFO: VALID_ID: 2569867
2023-06-30 17:40:52 [booklist] INFO: VALID_ID: 2572774
2023-06-30 17:40:52 [booklist] INFO: VALID_ID: 10301323
2023-06-30 17:40:52 [booklist] INFO: VALID_ID: 2592076
2023-06-30 17:40:52 [booklist] INFO: VALID_ID: 2590707
2023-06-30 17:40:52 [booklist] INFO: VALID_ID: 11892572
2023-06-30 17:40:52 [booklist] INFO: VALID_ID: 2591886
2023-06-30 17:40:52 [booklist] INFO: VALID_ID: 2532646
2023-06-30 17:40:52 [booklist] INFO: VALID_ID: 2585174
2023-06-30 17:40:52 [booklist] INFO: VALID_ID: 2593491
2023-06-30 17:40:52 [booklist] INFO: VALID_ID: 11446473
2023-06-30 17:40:52 [booklist] INFO: VALID_ID: 2571651
2023-06-30 17:40:52 [booklist] INFO: VALID_ID: 2549362
2023-06-30 17:40:52 [booklist] INFO: VALID_ID: 2585285
2023-06-30 17:40:52 [booklist] INFO: VALID_ID: 10301746
2023-06-30 17:40:52 [booklist] INFO: VALID_ID: 2610343
2023-06-30 17:40:52 [booklist] INFO: VALID_ID: 2590705
2023-06-30 17:40:52 [booklist] INFO: VALID_ID: 10303675
2023-06-30 17:40:52 [booklist] INFO: VALID_ID: 2593307
2023-06-30 17:40:52 [booklist] INFO: VALID_ID: 2547739
2023-06-30 17:40:52 [booklist] INFO: VALID_ID: 2610941
2023-06-30 17:40:52 [booklist] INFO: VALID_ID: 2588132
2023-06-30 17:40:52 [booklist] INFO: VALID_ID: 9369974
2023-06-30 17:40:52 [booklist] INFO: VALID_ID: 2606128
2023-06-30 17:40:52 [booklist] INFO: VALID_ID: 10301218
2023-06-30 17:40:52 [booklist] INFO: VALID_ID: 11446519
2023-06-30 17:40:52 [booklist] INFO: VALID_ID: 11446620
2023-06-30 17:40:52 [booklist] INFO: VALID_ID: 2608598
2023-06-30 17:40:52 [booklist] INFO: VALID_ID: 2559239
2023-06-30 17:40:52 [booklist] INFO: VALID_ID: 10301255
2023-06-30 17:40:52 [booklist] INFO: VALID_ID: 11891758
2023-06-30 17:40:52 [booklist] INFO: VALID_ID: 2558561
2023-06-30 17:40:52 [booklist] INFO: VALID_ID: 2553333
2023-06-30 17:40:52 [booklist] INFO: VALID_ID: 2592873
2023-06-30 17:40:52 [booklist] INFO: VALID_ID: 1288182
2023-06-30 17:40:52 [booklist] INFO: VALID_ID: 10304001
2023-06-30 17:40:52 [booklist] INFO: VALID_ID: 2549815
2023-06-30 17:40:52 [booklist] INFO: VALID_ID: 2585501
2023-06-30 17:40:52 [booklist] INFO: VALID_ID: 2532193
2023-06-30 17:40:52 [booklist] INFO: VALID_ID: 2606945
2023-06-30 17:40:52 [booklist] INFO: VALID_ID: 1287778
2023-06-30 17:40:52 [booklist] INFO: VALID_ID: 1287714
2023-06-30 17:40:52 [booklist] INFO: VALID_ID: 1311303
2023-06-30 17:40:52 [booklist] INFO: VALID_ID: 2609618
2023-06-30 17:40:52 [booklist] INFO: VALID_ID: 11223277
2023-06-30 17:40:52 [booklist] INFO: VALID_ID: 1287788
2023-06-30 17:40:52 [booklist] INFO: VALID_ID: 1287801
2023-06-30 17:40:52 [booklist] INFO: VALID_ID: 1288339
2023-06-30 17:40:52 [booklist] INFO: VALID_ID: 11223274
2023-06-30 17:40:52 [booklist] INFO: VALID_ID: 1287568
2023-06-30 17:40:52 [booklist] INFO: VALID_ID: 11223278
2023-06-30 17:40:52 [booklist] INFO: VALID_ID: 1287716
2023-06-30 17:40:52 [booklist] INFO: VALID_ID: 1287559
2023-06-30 17:40:52 [booklist] INFO: VALID_ID: 1287807
2023-06-30 17:40:52 [booklist] INFO: VALID_ID: 1287709
2023-06-30 17:40:52 [booklist] INFO: VALID_ID: 1287552
2023-06-30 17:40:52 [booklist] INFO: VALID_ID: 1287686
2023-06-30 17:40:52 [booklist] INFO: VALID_ID: 1287781
2023-06-30 17:40:52 [booklist] INFO: VALID_ID: 2585230
2023-06-30 17:40:52 [booklist] INFO: VALID_ID: 2569861
2023-06-30 17:40:52 [booklist] INFO: VALID_ID: 1287687
2023-06-30 17:40:52 [booklist] INFO: VALID_ID: 1287783
2023-06-30 17:40:52 [booklist] INFO: VALID_ID: 1287580
2023-06-30 17:40:52 [booklist] INFO: VALID_ID: 2540554
2023-06-30 17:40:52 [booklist] INFO: VALID_ID: 1287579
2023-06-30 17:40:52 [booklist] INFO: VALID_ID: 1287811
2023-06-30 17:40:52 [booklist] INFO: VALID_ID: 1287719
2023-06-30 17:40:52 [booklist] INFO: VALID_ID: 1287692
2023-06-30 17:40:52 [booklist] INFO: VALID_ID: 1287793
2023-06-30 17:40:52 [booklist] INFO: VALID_ID: 1287684
2023-06-30 17:40:52 [booklist] INFO: VALID_ID: 1287567
2023-06-30 17:40:52 [booklist] INFO: VALID_ID: 1287556
2023-06-30 17:40:52 [booklist] INFO: VALID_ID: 1287573
2023-06-30 17:40:52 [booklist] INFO: VALID_ID: 1287815
2023-06-30 17:40:52 [booklist] INFO: VALID_ID: 1287584
2023-06-30 17:40:52 [booklist] INFO: VALID_ID: 1287821
2023-06-30 17:40:52 [booklist] INFO: VALID_ID: 1287682
2023-06-30 17:40:52 [booklist] INFO: VALID_ID: 1287704
2023-06-30 17:40:52 [booklist] INFO: VALID_ID: 1287810
2023-06-30 17:40:52 [booklist] INFO: VALID_ID: 1287820
2023-06-30 17:40:52 [booklist] INFO: VALID_ID: 1287785
2023-06-30 17:40:52 [booklist] INFO: VALID_ID: 11223279
2023-06-30 17:40:52 [booklist] INFO: VALID_ID: 1287823
2023-06-30 17:40:52 [booklist] INFO: VALID_ID: 1287695
2023-06-30 17:40:52 [booklist] INFO: VALID_ID: 11223273
2023-06-30 17:40:52 [booklist] INFO: VALID_ID: 1287711
2023-06-30 17:40:52 [booklist] INFO: VALID_ID: 2553332
2023-06-30 17:40:52 [booklist] INFO: VALID_ID: 1287547
2023-06-30 17:40:52 [booklist] INFO: VALID_ID: 1287571
2023-06-30 17:40:52 [booklist] INFO: VALID_ID: 1287717
2023-06-30 17:40:52 [booklist] INFO: VALID_ID: 11223271
2023-06-30 17:40:52 [booklist] INFO: VALID_ID: 1287693
2023-06-30 17:40:52 [booklist] INFO: VALID_ID: 1287701
2023-06-30 17:40:52 [booklist] INFO: VALID_ID: 1287581
2023-06-30 17:40:53 [scrapy.core.engine] DEBUG: Crawled (200) <POST https://dl.ndl.go.jp/api/item/search> (referer: https://dl.ndl.go.jp/api/item/search)
2023-06-30 17:40:53 [booklist] INFO: Fetched page 9
2023-06-30 17:40:53 [booklist] INFO: VALID_ID: 11223272
2023-06-30 17:40:53 [booklist] INFO: VALID_ID: 1287715
2023-06-30 17:40:53 [booklist] INFO: VALID_ID: 1288334
2023-06-30 17:40:53 [booklist] INFO: VALID_ID: 1287578
2023-06-30 17:40:53 [booklist] INFO: VALID_ID: 11223275
2023-06-30 17:40:53 [booklist] INFO: VALID_ID: 1287792
2023-06-30 17:40:53 [booklist] INFO: VALID_ID: 1287850
2023-06-30 17:40:53 [booklist] INFO: VALID_ID: 1287583
2023-06-30 17:40:53 [booklist] INFO: VALID_ID: 1288332
2023-06-30 17:40:53 [booklist] INFO: VALID_ID: 1287784
2023-06-30 17:40:53 [booklist] INFO: VALID_ID: 1287697
2023-06-30 17:40:53 [booklist] INFO: VALID_ID: 1287704
2023-06-30 17:40:53 [booklist] INFO: VALID_ID: 1287810
2023-06-30 17:40:53 [booklist] INFO: VALID_ID: 1287820
2023-06-30 17:40:53 [booklist] INFO: VALID_ID: 1287695
2023-06-30 17:40:53 [booklist] INFO: VALID_ID: 1287848
2023-06-30 17:40:53 [booklist] INFO: VALID_ID: 1287572
2023-06-30 17:40:53 [booklist] INFO: VALID_ID: 2607484
2023-06-30 17:40:53 [booklist] INFO: VALID_ID: 1287826
2023-06-30 17:40:53 [booklist] INFO: VALID_ID: 1287849
2023-06-30 17:40:53 [booklist] INFO: VALID_ID: 2549340
2023-06-30 17:40:53 [booklist] INFO: VALID_ID: 1287834
2023-06-30 17:40:53 [booklist] INFO: VALID_ID: 10301742
2023-06-30 17:40:53 [booklist] INFO: VALID_ID: 2533406
2023-06-30 17:40:53 [booklist] INFO: VALID_ID: 2553325
2023-06-30 17:40:53 [booklist] INFO: VALID_ID: 1287865
2023-06-30 17:40:53 [booklist] INFO: VALID_ID: 10301165
2023-06-30 17:40:53 [booklist] INFO: VALID_ID: 1288338
2023-06-30 17:40:53 [booklist] INFO: VALID_ID: 1287858
2023-06-30 17:40:53 [booklist] INFO: VALID_ID: 1287833
2023-06-30 17:40:53 [booklist] INFO: VALID_ID: 1287862
2023-06-30 17:40:53 [booklist] INFO: VALID_ID: 2610818
2023-06-30 17:40:53 [booklist] INFO: VALID_ID: 2551756
2023-06-30 17:40:53 [booklist] INFO: VALID_ID: 1287847
2023-06-30 17:40:53 [booklist] INFO: VALID_ID: 1287854
2023-06-30 17:40:53 [booklist] INFO: VALID_ID: 1287863
2023-06-30 17:40:53 [booklist] INFO: VALID_ID: 1287855
2023-06-30 17:40:53 [booklist] INFO: VALID_ID: 1287846
2023-06-30 17:40:53 [booklist] INFO: VALID_ID: 1287864
2023-06-30 17:40:53 [booklist] INFO: VALID_ID: 2585668
2023-06-30 17:40:53 [booklist] INFO: VALID_ID: 1287856
2023-06-30 17:40:53 [booklist] INFO: VALID_ID: 1287857
2023-06-30 17:40:53 [booklist] INFO: VALID_ID: 2606806
2023-06-30 17:40:53 [booklist] INFO: VALID_ID: 10300957
2023-06-30 17:40:53 [booklist] INFO: VALID_ID: 10301167
2023-06-30 17:40:53 [booklist] INFO: VALID_ID: 2606373
2023-06-30 17:40:53 [booklist] INFO: VALID_ID: 2592890
2023-06-30 17:40:53 [booklist] INFO: VALID_ID: 2559193
2023-06-30 17:40:53 [booklist] INFO: VALID_ID: 2605218
2023-06-30 17:40:53 [booklist] INFO: VALID_ID: 2559195
2023-06-30 17:40:53 [booklist] INFO: VALID_ID: 1302527
2023-06-30 17:40:53 [booklist] INFO: VALID_ID: 2559189
2023-06-30 17:40:53 [booklist] INFO: VALID_ID: 2559203
2023-06-30 17:40:53 [booklist] INFO: VALID_ID: 1288538
2023-06-30 17:40:53 [booklist] INFO: VALID_ID: 10301593
2023-06-30 17:40:53 [booklist] INFO: VALID_ID: 2610187
2023-06-30 17:40:53 [booklist] INFO: VALID_ID: 2590636
2023-06-30 17:40:53 [booklist] INFO: VALID_ID: 2559202
2023-06-30 17:40:53 [booklist] INFO: VALID_ID: 2607303
2023-06-30 17:40:53 [booklist] INFO: VALID_ID: 2606846
2023-06-30 17:40:53 [booklist] INFO: VALID_ID: 2559192
2023-06-30 17:40:53 [booklist] INFO: VALID_ID: 2559204
2023-06-30 17:40:53 [booklist] INFO: VALID_ID: 2559200
2023-06-30 17:40:53 [booklist] INFO: VALID_ID: 2559198
2023-06-30 17:40:53 [booklist] INFO: VALID_ID: 2559190
2023-06-30 17:40:53 [booklist] INFO: VALID_ID: 2559196
2023-06-30 17:40:53 [booklist] INFO: VALID_ID: 2559191
2023-06-30 17:40:53 [booklist] INFO: VALID_ID: 2559206
2023-06-30 17:40:53 [booklist] INFO: VALID_ID: 2559194
2023-06-30 17:40:53 [booklist] INFO: VALID_ID: 2559197
2023-06-30 17:40:53 [booklist] INFO: VALID_ID: 2559199
2023-06-30 17:40:53 [booklist] INFO: VALID_ID: 2610030
2023-06-30 17:40:53 [booklist] INFO: VALID_ID: 10301354
2023-06-30 17:40:53 [booklist] INFO: VALID_ID: 10301751
2023-06-30 17:40:53 [booklist] INFO: VALID_ID: 2585496
2023-06-30 17:40:53 [booklist] INFO: VALID_ID: 2546170
2023-06-30 17:40:53 [booklist] INFO: VALID_ID: 2610270
2023-06-30 17:40:53 [booklist] INFO: VALID_ID: 2533471
2023-06-30 17:40:53 [booklist] INFO: VALID_ID: 2547755
2023-06-30 17:40:53 [booklist] INFO: VALID_ID: 2610093
2023-06-30 17:40:53 [booklist] INFO: VALID_ID: 2610012
2023-06-30 17:40:53 [booklist] INFO: VALID_ID: 2585332
2023-06-30 17:40:53 [booklist] INFO: VALID_ID: 2539507
2023-06-30 17:40:53 [booklist] INFO: VALID_ID: 2609222
2023-06-30 17:40:53 [booklist] INFO: VALID_ID: 10301350
2023-06-30 17:40:53 [booklist] INFO: VALID_ID: 2541716
2023-06-30 17:40:53 [booklist] INFO: VALID_ID: 2609290
2023-06-30 17:40:53 [booklist] INFO: VALID_ID: 2548790
2023-06-30 17:40:53 [booklist] INFO: VALID_ID: 2605424
2023-06-30 17:40:53 [booklist] INFO: VALID_ID: 10301657
2023-06-30 17:40:53 [booklist] INFO: VALID_ID: 10301738
2023-06-30 17:40:53 [booklist] INFO: VALID_ID: 2546171
2023-06-30 17:40:53 [booklist] INFO: VALID_ID: 2587814
2023-06-30 17:40:53 [booklist] INFO: VALID_ID: 10301750
2023-06-30 17:40:53 [booklist] INFO: VALID_ID: 10301446
2023-06-30 17:40:53 [booklist] INFO: VALID_ID: 2557155
2023-06-30 17:40:53 [booklist] INFO: VALID_ID: 2608597
2023-06-30 17:40:53 [booklist] INFO: VALID_ID: 10301752
2023-06-30 17:40:53 [booklist] INFO: VALID_ID: 2610659
2023-06-30 17:40:53 [booklist] INFO: VALID_ID: 10301296
2023-06-30 17:40:54 [scrapy.core.engine] DEBUG: Crawled (200) <POST https://dl.ndl.go.jp/api/item/search> (referer: https://dl.ndl.go.jp/api/item/search)
2023-06-30 17:40:54 [booklist] INFO: Fetched page 10
2023-06-30 17:40:55 [booklist] INFO: VALID_ID: 10301296
2023-06-30 17:40:55 [booklist] INFO: VALID_ID: 2608721
2023-06-30 17:40:55 [booklist] INFO: VALID_ID: 2585340
2023-06-30 17:40:55 [booklist] INFO: VALID_ID: 2537334
2023-06-30 17:40:55 [booklist] INFO: VALID_ID: 10301741
2023-06-30 17:40:55 [booklist] INFO: VALID_ID: 2606425
2023-06-30 17:40:55 [booklist] INFO: VALID_ID: 2551760
2023-06-30 17:40:55 [booklist] INFO: VALID_ID: 12865332
2023-06-30 17:40:55 [booklist] INFO: VALID_ID: 2609800
2023-06-30 17:40:55 [booklist] INFO: VALID_ID: 2559220
2023-06-30 17:40:55 [booklist] INFO: VALID_ID: 2551759
2023-06-30 17:40:55 [booklist] INFO: VALID_ID: 2559222
2023-06-30 17:40:55 [booklist] INFO: VALID_ID: 2559226
2023-06-30 17:40:55 [booklist] INFO: VALID_ID: 2559224
2023-06-30 17:40:55 [booklist] INFO: VALID_ID: 2559221
2023-06-30 17:40:55 [booklist] INFO: VALID_ID: 2559225
2023-06-30 17:40:55 [booklist] INFO: VALID_ID: 2559230
2023-06-30 17:40:55 [booklist] INFO: VALID_ID: 2608824
2023-06-30 17:40:55 [booklist] INFO: VALID_ID: 2559227
2023-06-30 17:40:55 [booklist] INFO: VALID_ID: 2606412
2023-06-30 17:40:55 [booklist] INFO: VALID_ID: 10301340
2023-06-30 17:40:55 [booklist] INFO: VALID_ID: 2559231
2023-06-30 17:40:55 [booklist] INFO: VALID_ID: 2559219
2023-06-30 17:40:55 [booklist] INFO: VALID_ID: 10301264
2023-06-30 17:40:55 [booklist] INFO: VALID_ID: 2587339
2023-06-30 17:40:55 [booklist] INFO: VALID_ID: 2559223
2023-06-30 17:40:55 [booklist] INFO: VALID_ID: 2608247
2023-06-30 17:40:55 [booklist] INFO: VALID_ID: 2611085
2023-06-30 17:40:55 [booklist] INFO: VALID_ID: 2548012
2023-06-30 17:40:55 [booklist] INFO: VALID_ID: 2543380
2023-06-30 17:40:55 [booklist] INFO: VALID_ID: 2549324
2023-06-30 17:40:55 [booklist] INFO: VALID_ID: 2533156
2023-06-30 17:40:55 [booklist] INFO: VALID_ID: 9369964
2023-06-30 17:40:55 [booklist] INFO: VALID_ID: 2587340
2023-06-30 17:40:55 [booklist] INFO: VALID_ID: 2608900
2023-06-30 17:40:55 [booklist] INFO: VALID_ID: 2548008
2023-06-30 17:40:55 [booklist] INFO: VALID_ID: 2548007
2023-06-30 17:40:55 [booklist] INFO: VALID_ID: 2547983
2023-06-30 17:40:55 [booklist] INFO: VALID_ID: 2547745
2023-06-30 17:40:55 [booklist] INFO: VALID_ID: 2587341
2023-06-30 17:40:55 [booklist] INFO: VALID_ID: 10301767
2023-06-30 17:40:55 [booklist] INFO: VALID_ID: 2607879
2023-06-30 17:40:55 [booklist] INFO: VALID_ID: 2608195
2023-06-30 17:40:55 [booklist] INFO: VALID_ID: 2547985
2023-06-30 17:40:55 [booklist] INFO: VALID_ID: 2587342
2023-06-30 17:40:55 [booklist] INFO: VALID_ID: 10301407
2023-06-30 17:40:55 [booklist] INFO: VALID_ID: 2559076
2023-06-30 17:40:55 [booklist] INFO: VALID_ID: 2559073
2023-06-30 17:40:55 [booklist] INFO: VALID_ID: 2559093
2023-06-30 17:40:55 [booklist] INFO: VALID_ID: 2559074
2023-06-30 17:40:55 [booklist] INFO: VALID_ID: 2559097
2023-06-30 17:40:55 [booklist] INFO: VALID_ID: 2559098
2023-06-30 17:40:55 [booklist] INFO: VALID_ID: 2559096
2023-06-30 17:40:55 [booklist] INFO: VALID_ID: 2559091
2023-06-30 17:40:55 [booklist] INFO: VALID_ID: 2559095
2023-06-30 17:40:55 [booklist] INFO: VALID_ID: 2559099
2023-06-30 17:40:55 [booklist] INFO: VALID_ID: 2559079
2023-06-30 17:40:55 [booklist] INFO: VALID_ID: 2559075
2023-06-30 17:40:55 [booklist] INFO: VALID_ID: 2559101
2023-06-30 17:40:55 [booklist] INFO: VALID_ID: 2559080
2023-06-30 17:40:55 [booklist] INFO: VALID_ID: 2559078
2023-06-30 17:40:55 [booklist] INFO: VALID_ID: 2559092
2023-06-30 17:40:55 [booklist] INFO: VALID_ID: 2559100
2023-06-30 17:40:55 [booklist] INFO: VALID_ID: 2559077
2023-06-30 17:40:55 [booklist] INFO: VALID_ID: 2571899
2023-06-30 17:40:55 [booklist] INFO: VALID_ID: 2548022
2023-06-30 17:40:55 [booklist] INFO: VALID_ID: 9369514
2023-06-30 17:40:55 [booklist] INFO: VALID_ID: 2606685
2023-06-30 17:40:55 [booklist] INFO: VALID_ID: 2609629
2023-06-30 17:40:55 [booklist] INFO: VALID_ID: 9369963
2023-06-30 17:40:55 [booklist] INFO: VALID_ID: 2542560
2023-06-30 17:40:55 [booklist] INFO: VALID_ID: 9369953
2023-06-30 17:40:55 [booklist] INFO: VALID_ID: 2549327
2023-06-30 17:40:55 [booklist] INFO: VALID_ID: 2606933
2023-06-30 17:40:55 [booklist] INFO: VALID_ID: 2559175
2023-06-30 17:40:55 [booklist] INFO: VALID_ID: 2559168
2023-06-30 17:40:55 [booklist] INFO: VALID_ID: 2541121
2023-06-30 17:40:55 [booklist] INFO: VALID_ID: 2542937
2023-06-30 17:40:55 [booklist] INFO: VALID_ID: 2559164
2023-06-30 17:40:55 [booklist] INFO: VALID_ID: 2559172
2023-06-30 17:40:55 [booklist] INFO: VALID_ID: 2559177
2023-06-30 17:40:55 [booklist] INFO: VALID_ID: 2608884
2023-06-30 17:40:55 [booklist] INFO: VALID_ID: 2559166
2023-06-30 17:40:55 [booklist] INFO: VALID_ID: 2559176
2023-06-30 17:40:55 [booklist] INFO: VALID_ID: 2559173
2023-06-30 17:40:55 [booklist] INFO: VALID_ID: 2559170
2023-06-30 17:40:55 [booklist] INFO: VALID_ID: 2559163
2023-06-30 17:40:55 [booklist] INFO: VALID_ID: 2559165
2023-06-30 17:40:55 [booklist] INFO: VALID_ID: 2559174
2023-06-30 17:40:55 [booklist] INFO: VALID_ID: 2610456
2023-06-30 17:40:55 [booklist] INFO: VALID_ID: 2559169
2023-06-30 17:40:55 [booklist] INFO: VALID_ID: 2559171
2023-06-30 17:40:55 [booklist] INFO: VALID_ID: 10301383
2023-06-30 17:40:55 [booklist] INFO: VALID_ID: 2550256
2023-06-30 17:40:55 [booklist] INFO: VALID_ID: 2559257
2023-06-30 17:40:55 [booklist] INFO: VALID_ID: 11446659
2023-06-30 17:40:55 [booklist] INFO: VALID_ID: 2559258
2023-06-30 17:40:55 [booklist] INFO: VALID_ID: 2559262
2023-06-30 17:40:55 [booklist] INFO: VALID_ID: 2559259
2023-06-30 17:40:55 [booklist] INFO: VALID_ID: 2559261
2023-06-30 17:40:56 [scrapy.core.engine] DEBUG: Crawled (200) <POST https://dl.ndl.go.jp/api/item/search> (referer: https://dl.ndl.go.jp/api/item/search)
2023-06-30 17:40:56 [booklist] INFO: Fetched page 11
2023-06-30 17:40:57 [booklist] INFO: VALID_ID: 2559265
2023-06-30 17:40:57 [booklist] INFO: VALID_ID: 2559256
2023-06-30 17:40:57 [booklist] INFO: VALID_ID: 2609242
2023-06-30 17:40:57 [booklist] INFO: VALID_ID: 2559263
2023-06-30 17:40:57 [booklist] INFO: VALID_ID: 2559264
2023-06-30 17:40:57 [booklist] INFO: VALID_ID: 2606743
2023-06-30 17:40:57 [booklist] INFO: VALID_ID: 2559159
2023-06-30 17:40:57 [booklist] INFO: VALID_ID: 2559148
2023-06-30 17:40:57 [booklist] INFO: VALID_ID: 2607135
2023-06-30 17:40:57 [booklist] INFO: VALID_ID: 2559153
2023-06-30 17:40:57 [booklist] INFO: VALID_ID: 2559150
2023-06-30 17:40:57 [booklist] INFO: VALID_ID: 2559157
2023-06-30 17:40:57 [booklist] INFO: VALID_ID: 2559158
2023-06-30 17:40:57 [booklist] INFO: VALID_ID: 2559151
2023-06-30 17:40:57 [booklist] INFO: VALID_ID: 2559155
2023-06-30 17:40:57 [booklist] INFO: VALID_ID: 2559147
2023-06-30 17:40:57 [booklist] INFO: VALID_ID: 2559149
2023-06-30 17:40:57 [booklist] INFO: VALID_ID: 2559152
2023-06-30 17:40:57 [booklist] INFO: VALID_ID: 2559154
2023-06-30 17:40:57 [booklist] INFO: VALID_ID: 2559156
2023-06-30 17:40:57 [booklist] INFO: VALID_ID: 2559146
2023-06-30 17:40:57 [booklist] INFO: VALID_ID: 2559162
2023-06-30 17:40:57 [booklist] INFO: VALID_ID: 2547268
2023-06-30 17:40:57 [booklist] INFO: VALID_ID: 2559138
2023-06-30 17:40:57 [booklist] INFO: VALID_ID: 2559133
2023-06-30 17:40:57 [booklist] INFO: VALID_ID: 2559143
2023-06-30 17:40:57 [booklist] INFO: VALID_ID: 2559144
2023-06-30 17:40:57 [booklist] INFO: VALID_ID: 2559137
2023-06-30 17:40:57 [booklist] INFO: VALID_ID: 2559140
2023-06-30 17:40:57 [booklist] INFO: VALID_ID: 2559145
2023-06-30 17:40:57 [booklist] INFO: VALID_ID: 2559141
2023-06-30 17:40:57 [booklist] INFO: VALID_ID: 2559136
2023-06-30 17:40:57 [booklist] INFO: VALID_ID: 2559135
2023-06-30 17:40:57 [booklist] INFO: VALID_ID: 2559139
2023-06-30 17:40:57 [booklist] INFO: VALID_ID: 2559142
2023-06-30 17:40:57 [booklist] INFO: VALID_ID: 2587899
2023-06-30 17:40:57 [booklist] INFO: VALID_ID: 2559064
2023-06-30 17:40:57 [booklist] INFO: VALID_ID: 2559063
2023-06-30 17:40:57 [booklist] INFO: VALID_ID: 2559072
2023-06-30 17:40:57 [booklist] INFO: VALID_ID: 2559067
2023-06-30 17:40:57 [booklist] INFO: VALID_ID: 2559071
2023-06-30 17:40:57 [booklist] INFO: VALID_ID: 2559068
2023-06-30 17:40:57 [booklist] INFO: VALID_ID: 2559069
2023-06-30 17:40:57 [booklist] INFO: VALID_ID: 2559062
2023-06-30 17:40:57 [booklist] INFO: VALID_ID: 2559066
2023-06-30 17:40:57 [booklist] INFO: VALID_ID: 2559061
2023-06-30 17:40:57 [booklist] INFO: VALID_ID: 2559060
2023-06-30 17:40:57 [booklist] INFO: VALID_ID: 2559070
2023-06-30 17:40:57 [booklist] INFO: VALID_ID: 2559234
2023-06-30 17:40:57 [booklist] INFO: VALID_ID: 2559238
2023-06-30 17:40:57 [booklist] INFO: VALID_ID: 2559233
2023-06-30 17:40:57 [booklist] INFO: VALID_ID: 2559236
2023-06-30 17:40:57 [booklist] INFO: VALID_ID: 2559232
2023-06-30 17:40:57 [booklist] INFO: VALID_ID: 2559235
2023-06-30 17:40:57 [booklist] INFO: VALID_ID: 2559240
2023-06-30 17:40:57 [booklist] INFO: VALID_ID: 2576241
2023-06-30 17:40:57 [booklist] INFO: VALID_ID: 2559237
2023-06-30 17:40:57 [booklist] INFO: VALID_ID: 2576240
2023-06-30 17:40:57 [booklist] INFO: VALID_ID: 2576234
2023-06-30 17:40:57 [booklist] INFO: VALID_ID: 2576237
2023-06-30 17:40:57 [booklist] INFO: VALID_ID: 2576239
2023-06-30 17:40:57 [booklist] INFO: VALID_ID: 2576244
2023-06-30 17:40:57 [booklist] INFO: VALID_ID: 2576235
2023-06-30 17:40:57 [booklist] INFO: VALID_ID: 2576245
2023-06-30 17:40:57 [booklist] INFO: VALID_ID: 2576238
2023-06-30 17:40:57 [booklist] INFO: VALID_ID: 2576236
2023-06-30 17:40:57 [booklist] INFO: VALID_ID: 2576242
2023-06-30 17:40:57 [booklist] INFO: VALID_ID: 2596133
2023-06-30 17:40:57 [booklist] INFO: VALID_ID: 2610518
2023-06-30 17:40:57 [booklist] INFO: VALID_ID: 2596058
2023-06-30 17:40:57 [booklist] INFO: VALID_ID: 2596069
2023-06-30 17:40:57 [booklist] INFO: VALID_ID: 2596096
2023-06-30 17:40:57 [booklist] INFO: VALID_ID: 2596112
2023-06-30 17:40:57 [booklist] INFO: VALID_ID: 2596068
2023-06-30 17:40:57 [booklist] INFO: VALID_ID: 2596122
2023-06-30 17:40:57 [booklist] INFO: VALID_ID: 2596123
2023-06-30 17:40:57 [booklist] INFO: VALID_ID: 2596120
2023-06-30 17:40:57 [booklist] INFO: VALID_ID: 2596114
2023-06-30 17:40:57 [booklist] INFO: VALID_ID: 2596094
2023-06-30 17:40:57 [booklist] INFO: VALID_ID: 2596118
2023-06-30 17:40:57 [booklist] INFO: VALID_ID: 2596060
2023-06-30 17:40:57 [booklist] INFO: VALID_ID: 2596087
2023-06-30 17:40:57 [booklist] INFO: VALID_ID: 2596111
2023-06-30 17:40:57 [booklist] INFO: VALID_ID: 2596129
2023-06-30 17:40:57 [booklist] INFO: VALID_ID: 2596089
2023-06-30 17:40:57 [booklist] INFO: VALID_ID: 2596095
2023-06-30 17:40:57 [booklist] INFO: VALID_ID: 2596109
2023-06-30 17:40:57 [booklist] INFO: VALID_ID: 2596121
2023-06-30 17:40:57 [booklist] INFO: VALID_ID: 2596136
2023-06-30 17:40:57 [booklist] INFO: VALID_ID: 2610026
2023-06-30 17:40:57 [booklist] INFO: VALID_ID: 2596088
2023-06-30 17:40:57 [booklist] INFO: VALID_ID: 2596124
2023-06-30 17:40:57 [booklist] INFO: VALID_ID: 2596113
2023-06-30 17:40:57 [booklist] INFO: VALID_ID: 2596128
2023-06-30 17:40:57 [booklist] INFO: VALID_ID: 2596115
2023-06-30 17:40:57 [booklist] INFO: VALID_ID: 2549294
2023-06-30 17:40:57 [booklist] INFO: VALID_ID: 2548033
2023-06-30 17:40:57 [booklist] INFO: VALID_ID: 2548034
2023-06-30 17:40:57 [booklist] INFO: VALID_ID: 2609783
2023-06-30 17:40:57 [booklist] INFO: VALID_ID: 2610138
2023-06-30 17:40:57 [scrapy.core.engine] DEBUG: Crawled (200) <POST https://dl.ndl.go.jp/api/item/search> (referer: https://dl.ndl.go.jp/api/item/search)
2023-06-30 17:40:58 [booklist] INFO: Fetched page 12
2023-06-30 17:40:58 [booklist] INFO: VALID_ID: 12865370
2023-06-30 17:40:58 [booklist] INFO: VALID_ID: 2610801
2023-06-30 17:40:58 [booklist] INFO: VALID_ID: 2611035
2023-06-30 17:40:58 [scrapy.core.engine] DEBUG: Crawled (200) <POST https://dl.ndl.go.jp/api/item/search> (referer: https://dl.ndl.go.jp/api/item/search)
2023-06-30 17:40:58 [booklist] INFO: Fetched page 13
2023-06-30 17:40:58 [booklist] INFO: No more books on 13
2023-06-30 17:40:58 [scrapy.core.engine] INFO: Closing spider (finished)
2023-06-30 17:40:58 [scrapy.statscollectors] INFO: Dumping Scrapy stats:
{'downloader/request_bytes': 17742,
 'downloader/request_count': 14,
 'downloader/request_method_count/GET': 1,
 'downloader/request_method_count/POST': 13,
 'downloader/response_bytes': 4632149,
 'downloader/response_count': 14,
 'downloader/response_status_count/200': 14,
 'elapsed_time_seconds': 15.906049,
 'finish_reason': 'finished',
 'finish_time': datetime.datetime(2023, 6, 30, 9, 40, 58, 533181),
 'httpcompression/response_bytes': 52581752,
 'httpcompression/response_count': 13,
 'log_count/DEBUG': 17,
 'log_count/INFO': 1127,
 'memusage/max': 63844352,
 'memusage/startup': 63844352,
 'request_depth_max': 12,
 'response_received_count': 14,
 'robotstxt/request_count': 1,
 'robotstxt/response_count': 1,
 'robotstxt/response_status_count/200': 1,
 'scheduler/dequeued': 13,
 'scheduler/dequeued/memory': 13,
 'scheduler/enqueued': 13,
 'scheduler/enqueued/memory': 13,
 'start_time': datetime.datetime(2023, 6, 30, 9, 40, 42, 627132)}
2023-06-30 17:40:58 [scrapy.core.engine] INFO: Spider closed (finished)
