2023-06-30 17:44:10 [scrapy.utils.log] INFO: Scrapy 2.9.0 started (bot: ndlcrawler)
2023-06-30 17:44:10 [scrapy.utils.log] INFO: Versions: lxml 4.9.2.0, libxml2 2.9.14, cssselect 1.2.0, parsel 1.8.1, w3lib 2.1.1, Twisted 22.10.0, Python 3.10.10 (main, Mar  5 2023, 22:26:53) [GCC 12.2.1 20230201], pyOpenSSL 23.2.0 (OpenSSL 3.1.1 30 May 2023), cryptography 41.0.1, Platform Linux-6.2.12-arch1-1-x86_64-with-glibc2.37
2023-06-30 17:44:10 [scrapy.crawler] INFO: Overridden settings:
{'BOT_NAME': 'ndlcrawler',
 'FEED_EXPORT_ENCODING': 'utf-8',
 'LOG_FILE': 'logs/booklist.title.軒.DESC.log',
 'NEWSPIDER_MODULE': 'ndlcrawler.spiders',
 'REQUEST_FINGERPRINTER_IMPLEMENTATION': '2.7',
 'ROBOTSTXT_OBEY': True,
 'SPIDER_MODULES': ['ndlcrawler.spiders'],
 'TWISTED_REACTOR': 'twisted.internet.asyncioreactor.AsyncioSelectorReactor'}
2023-06-30 17:44:10 [asyncio] DEBUG: Using selector: EpollSelector
2023-06-30 17:44:10 [scrapy.utils.log] DEBUG: Using reactor: twisted.internet.asyncioreactor.AsyncioSelectorReactor
2023-06-30 17:44:10 [scrapy.utils.log] DEBUG: Using asyncio event loop: asyncio.unix_events._UnixSelectorEventLoop
2023-06-30 17:44:10 [scrapy.extensions.telnet] INFO: Telnet Password: 2b97d40598b1a75f
2023-06-30 17:44:10 [scrapy.middleware] INFO: Enabled extensions:
['scrapy.extensions.corestats.CoreStats',
 'scrapy.extensions.telnet.TelnetConsole',
 'scrapy.extensions.memusage.MemoryUsage',
 'scrapy.extensions.logstats.LogStats']
2023-06-30 17:44:11 [scrapy.middleware] INFO: Enabled downloader middlewares:
['scrapy.downloadermiddlewares.robotstxt.RobotsTxtMiddleware',
 'scrapy.downloadermiddlewares.httpauth.HttpAuthMiddleware',
 'scrapy.downloadermiddlewares.downloadtimeout.DownloadTimeoutMiddleware',
 'scrapy.downloadermiddlewares.defaultheaders.DefaultHeadersMiddleware',
 'scrapy.downloadermiddlewares.useragent.UserAgentMiddleware',
 'scrapy.downloadermiddlewares.retry.RetryMiddleware',
 'scrapy.downloadermiddlewares.redirect.MetaRefreshMiddleware',
 'scrapy.downloadermiddlewares.httpcompression.HttpCompressionMiddleware',
 'scrapy.downloadermiddlewares.redirect.RedirectMiddleware',
 'scrapy.downloadermiddlewares.cookies.CookiesMiddleware',
 'scrapy.downloadermiddlewares.httpproxy.HttpProxyMiddleware',
 'scrapy.downloadermiddlewares.stats.DownloaderStats']
2023-06-30 17:44:11 [scrapy.middleware] INFO: Enabled spider middlewares:
['scrapy.spidermiddlewares.httperror.HttpErrorMiddleware',
 'scrapy.spidermiddlewares.offsite.OffsiteMiddleware',
 'scrapy.spidermiddlewares.referer.RefererMiddleware',
 'scrapy.spidermiddlewares.urllength.UrlLengthMiddleware',
 'scrapy.spidermiddlewares.depth.DepthMiddleware']
2023-06-30 17:44:11 [scrapy.middleware] INFO: Enabled item pipelines:
[]
2023-06-30 17:44:11 [scrapy.core.engine] INFO: Spider opened
2023-06-30 17:44:11 [scrapy.extensions.logstats] INFO: Crawled 0 pages (at 0 pages/min), scraped 0 items (at 0 items/min)
2023-06-30 17:44:11 [scrapy.extensions.telnet] INFO: Telnet console listening on 127.0.0.1:6025
2023-06-30 17:44:11 [scrapy.core.engine] DEBUG: Crawled (200) <GET https://dl.ndl.go.jp/robots.txt> (referer: None)
2023-06-30 17:44:12 [scrapy.core.engine] DEBUG: Crawled (200) <POST https://dl.ndl.go.jp/api/item/search> (referer: None)
2023-06-30 17:44:12 [booklist] INFO: Fetched page 1
2023-06-30 17:44:13 [booklist] INFO: VALID_ID: 11892817
2023-06-30 17:44:13 [booklist] INFO: VALID_ID: 11892568
2023-06-30 17:44:13 [booklist] INFO: VALID_ID: 2598020
2023-06-30 17:44:13 [booklist] INFO: VALID_ID: 2581799
2023-06-30 17:44:13 [booklist] INFO: VALID_ID: 2581824
2023-06-30 17:44:13 [booklist] INFO: VALID_ID: 2537921
2023-06-30 17:44:13 [booklist] INFO: VALID_ID: 2598032
2023-06-30 17:44:13 [booklist] INFO: VALID_ID: 2606090
2023-06-30 17:44:13 [booklist] INFO: VALID_ID: 2540962
2023-06-30 17:44:13 [booklist] INFO: VALID_ID: 2598038
2023-06-30 17:44:13 [booklist] INFO: VALID_ID: 2598047
2023-06-30 17:44:13 [booklist] INFO: VALID_ID: 2598049
2023-06-30 17:44:13 [booklist] INFO: VALID_ID: 11892795
2023-06-30 17:44:13 [booklist] INFO: VALID_ID: 2538648
2023-06-30 17:44:13 [booklist] INFO: VALID_ID: 2598012
2023-06-30 17:44:13 [booklist] INFO: VALID_ID: 2581814
2023-06-30 17:44:13 [booklist] INFO: VALID_ID: 2581817
2023-06-30 17:44:13 [booklist] INFO: VALID_ID: 2598022
2023-06-30 17:44:13 [booklist] INFO: VALID_ID: 2598042
2023-06-30 17:44:13 [booklist] INFO: VALID_ID: 2598052
2023-06-30 17:44:13 [booklist] INFO: VALID_ID: 2598015
2023-06-30 17:44:13 [booklist] INFO: VALID_ID: 2581810
2023-06-30 17:44:13 [booklist] INFO: VALID_ID: 2598046
2023-06-30 17:44:13 [booklist] INFO: VALID_ID: 2581833
2023-06-30 17:44:13 [booklist] INFO: VALID_ID: 2581840
2023-06-30 17:44:13 [booklist] INFO: VALID_ID: 2536617
2023-06-30 17:44:13 [booklist] INFO: VALID_ID: 2598031
2023-06-30 17:44:13 [booklist] INFO: VALID_ID: 2581834
2023-06-30 17:44:13 [booklist] INFO: VALID_ID: 2598036
2023-06-30 17:44:13 [booklist] INFO: VALID_ID: 2581818
2023-06-30 17:44:13 [booklist] INFO: VALID_ID: 2538299
2023-06-30 17:44:13 [booklist] INFO: VALID_ID: 2598025
2023-06-30 17:44:13 [booklist] INFO: VALID_ID: 2581815
2023-06-30 17:44:13 [booklist] INFO: VALID_ID: 2581819
2023-06-30 17:44:13 [booklist] INFO: VALID_ID: 2539748
2023-06-30 17:44:13 [booklist] INFO: VALID_ID: 2581796
2023-06-30 17:44:13 [booklist] INFO: VALID_ID: 2581797
2023-06-30 17:44:13 [booklist] INFO: VALID_ID: 2533492
2023-06-30 17:44:13 [booklist] INFO: VALID_ID: 2581795
2023-06-30 17:44:13 [booklist] INFO: VALID_ID: 2581827
2023-06-30 17:44:13 [booklist] INFO: VALID_ID: 2554677
2023-06-30 17:44:13 [booklist] INFO: VALID_ID: 2560384
2023-06-30 17:44:13 [booklist] INFO: VALID_ID: 2577143
2023-06-30 17:44:13 [booklist] INFO: VALID_ID: 2598028
2023-06-30 17:44:13 [booklist] INFO: VALID_ID: 2598043
2023-06-30 17:44:13 [booklist] INFO: VALID_ID: 2581836
2023-06-30 17:44:13 [booklist] INFO: VALID_ID: 2609713
2023-06-30 17:44:13 [booklist] INFO: VALID_ID: 2576965
2023-06-30 17:44:13 [booklist] INFO: VALID_ID: 2576976
2023-06-30 17:44:13 [booklist] INFO: VALID_ID: 2576978
2023-06-30 17:44:13 [booklist] INFO: VALID_ID: 11892791
2023-06-30 17:44:13 [booklist] INFO: VALID_ID: 2598014
2023-06-30 17:44:13 [booklist] INFO: VALID_ID: 2598023
2023-06-30 17:44:13 [booklist] INFO: VALID_ID: 2598037
2023-06-30 17:44:13 [booklist] INFO: VALID_ID: 2581793
2023-06-30 17:44:13 [booklist] INFO: VALID_ID: 2598017
2023-06-30 17:44:13 [booklist] INFO: VALID_ID: 2598026
2023-06-30 17:44:13 [booklist] INFO: VALID_ID: 2581808
2023-06-30 17:44:13 [booklist] INFO: VALID_ID: 2598050
2023-06-30 17:44:13 [booklist] INFO: VALID_ID: 2581838
2023-06-30 17:44:13 [booklist] INFO: VALID_ID: 2576953
2023-06-30 17:44:13 [booklist] INFO: VALID_ID: 2576967
2023-06-30 17:44:13 [booklist] INFO: VALID_ID: 2577142
2023-06-30 17:44:13 [booklist] INFO: VALID_ID: 9893272
2023-06-30 17:44:13 [booklist] INFO: VALID_ID: 2576954
2023-06-30 17:44:13 [booklist] INFO: VALID_ID: 2577139
2023-06-30 17:44:13 [booklist] INFO: VALID_ID: 2576985
2023-06-30 17:44:13 [booklist] INFO: VALID_ID: 2576987
2023-06-30 17:44:13 [booklist] INFO: VALID_ID: 2576966
2023-06-30 17:44:13 [booklist] INFO: VALID_ID: 2576959
2023-06-30 17:44:13 [booklist] INFO: VALID_ID: 2560382
2023-06-30 17:44:13 [booklist] INFO: VALID_ID: 2577137
2023-06-30 17:44:13 [booklist] INFO: VALID_ID: 2576971
2023-06-30 17:44:13 [booklist] INFO: VALID_ID: 2576973
2023-06-30 17:44:13 [booklist] INFO: VALID_ID: 2576989
2023-06-30 17:44:13 [booklist] INFO: VALID_ID: 2576992
2023-06-30 17:44:13 [booklist] INFO: VALID_ID: 2554676
2023-06-30 17:44:13 [booklist] INFO: VALID_ID: 2560381
2023-06-30 17:44:13 [booklist] INFO: VALID_ID: 2560383
2023-06-30 17:44:13 [booklist] INFO: VALID_ID: 2609295
2023-06-30 17:44:13 [booklist] INFO: VALID_ID: 2577145
2023-06-30 17:44:13 [booklist] INFO: VALID_ID: 11892566
2023-06-30 17:44:13 [booklist] INFO: VALID_ID: 2577150
2023-06-30 17:44:13 [booklist] INFO: VALID_ID: 2576982
2023-06-30 17:44:13 [booklist] INFO: VALID_ID: 2576988
2023-06-30 17:44:13 [booklist] INFO: VALID_ID: 2576999
2023-06-30 17:44:13 [booklist] INFO: VALID_ID: 2576990
2023-06-30 17:44:13 [booklist] INFO: VALID_ID: 2609735
2023-06-30 17:44:13 [booklist] INFO: VALID_ID: 2576956
2023-06-30 17:44:13 [booklist] INFO: VALID_ID: 2576952
2023-06-30 17:44:13 [booklist] INFO: VALID_ID: 2576996
2023-06-30 17:44:13 [booklist] INFO: VALID_ID: 2576958
2023-06-30 17:44:13 [booklist] INFO: VALID_ID: 2576960
2023-06-30 17:44:13 [booklist] INFO: VALID_ID: 2577138
2023-06-30 17:44:13 [booklist] INFO: VALID_ID: 2576964
2023-06-30 17:44:13 [booklist] INFO: VALID_ID: 2576970
2023-06-30 17:44:13 [booklist] INFO: VALID_ID: 2576998
2023-06-30 17:44:13 [booklist] INFO: VALID_ID: 2609417
2023-06-30 17:44:13 [booklist] INFO: VALID_ID: 2576963
2023-06-30 17:44:13 [booklist] INFO: VALID_ID: 2576980
2023-06-30 17:44:14 [scrapy.core.engine] DEBUG: Crawled (200) <POST https://dl.ndl.go.jp/api/item/search> (referer: https://dl.ndl.go.jp/api/item/search)
2023-06-30 17:44:14 [booklist] INFO: Fetched page 2
2023-06-30 17:44:14 [booklist] INFO: VALID_ID: 2576979
2023-06-30 17:44:14 [booklist] INFO: VALID_ID: 2576997
2023-06-30 17:44:14 [booklist] INFO: VALID_ID: 2576957
2023-06-30 17:44:14 [booklist] INFO: VALID_ID: 2576968
2023-06-30 17:44:14 [booklist] INFO: VALID_ID: 2576977
2023-06-30 17:44:14 [booklist] INFO: VALID_ID: 2576984
2023-06-30 17:44:14 [booklist] INFO: VALID_ID: 2576994
2023-06-30 17:44:14 [booklist] INFO: VALID_ID: 2577144
2023-06-30 17:44:14 [booklist] INFO: VALID_ID: 2576983
2023-06-30 17:44:14 [booklist] INFO: VALID_ID: 2577147
2023-06-30 17:44:14 [booklist] INFO: VALID_ID: 2577146
2023-06-30 17:44:14 [booklist] INFO: VALID_ID: 2576955
2023-06-30 17:44:14 [booklist] INFO: VALID_ID: 2577140
2023-06-30 17:44:14 [booklist] INFO: VALID_ID: 2576981
2023-06-30 17:44:14 [booklist] INFO: VALID_ID: 2576991
2023-06-30 17:44:14 [booklist] INFO: VALID_ID: 2577138
2023-06-30 17:44:14 [booklist] INFO: VALID_ID: 2576964
2023-06-30 17:44:14 [booklist] INFO: VALID_ID: 2576970
2023-06-30 17:44:14 [booklist] INFO: VALID_ID: 2576962
2023-06-30 17:44:14 [booklist] INFO: VALID_ID: 2576969
2023-06-30 17:44:14 [booklist] INFO: VALID_ID: 2576993
2023-06-30 17:44:14 [booklist] INFO: VALID_ID: 2577152
2023-06-30 17:44:14 [booklist] INFO: VALID_ID: 2609417
2023-06-30 17:44:14 [booklist] INFO: VALID_ID: 2576963
2023-06-30 17:44:14 [booklist] INFO: VALID_ID: 2576980
2023-06-30 17:44:14 [booklist] INFO: VALID_ID: 2576961
2023-06-30 17:44:14 [booklist] INFO: VALID_ID: 2576974
2023-06-30 17:44:14 [booklist] INFO: VALID_ID: 2577148
2023-06-30 17:44:14 [booklist] INFO: VALID_ID: 2577151
2023-06-30 17:44:14 [booklist] INFO: VALID_ID: 2609813
2023-06-30 17:44:14 [booklist] INFO: VALID_ID: 2609517
2023-06-30 17:44:14 [booklist] INFO: VALID_ID: 1309125
2023-06-30 17:44:14 [booklist] INFO: VALID_ID: 2577149
2023-06-30 17:44:14 [booklist] INFO: VALID_ID: 1303855
2023-06-30 17:44:14 [booklist] INFO: VALID_ID: 1304790
2023-06-30 17:44:14 [booklist] INFO: VALID_ID: 1305979
2023-06-30 17:44:14 [booklist] INFO: VALID_ID: 1303863
2023-06-30 17:44:14 [booklist] INFO: VALID_ID: 1287800
2023-06-30 17:44:14 [booklist] INFO: VALID_ID: 2541972
2023-06-30 17:44:14 [booklist] INFO: VALID_ID: 2567938
2023-06-30 17:44:14 [booklist] INFO: VALID_ID: 2559213
2023-06-30 17:44:14 [booklist] INFO: VALID_ID: 9369582
2023-06-30 17:44:14 [booklist] INFO: VALID_ID: 2567940
2023-06-30 17:44:14 [booklist] INFO: VALID_ID: 2539058
2023-06-30 17:44:14 [booklist] INFO: VALID_ID: 2560426
2023-06-30 17:44:14 [booklist] INFO: VALID_ID: 2533640
2023-06-30 17:44:14 [booklist] INFO: VALID_ID: 2567939
2023-06-30 17:44:14 [booklist] INFO: VALID_ID: 2608710
2023-06-30 17:44:14 [booklist] INFO: VALID_ID: 2570263
2023-06-30 17:44:14 [booklist] INFO: VALID_ID: 2560425
2023-06-30 17:44:14 [booklist] INFO: VALID_ID: 2573652
2023-06-30 17:44:14 [booklist] INFO: VALID_ID: 2544644
2023-06-30 17:44:14 [booklist] INFO: VALID_ID: 2581725
2023-06-30 17:44:14 [booklist] INFO: VALID_ID: 2583336
2023-06-30 17:44:14 [booklist] INFO: VALID_ID: 2583335
2023-06-30 17:44:14 [booklist] INFO: VALID_ID: 2536612
2023-06-30 17:44:14 [booklist] INFO: VALID_ID: 2581724
2023-06-30 17:44:14 [booklist] INFO: VALID_ID: 2581073
2023-06-30 17:44:14 [booklist] INFO: VALID_ID: 10303434
2023-06-30 17:44:14 [booklist] INFO: VALID_ID: 10304001
2023-06-30 17:44:14 [booklist] INFO: VALID_ID: 2551753
2023-06-30 17:44:14 [booklist] INFO: VALID_ID: 11446388
2023-06-30 17:44:14 [booklist] INFO: VALID_ID: 10300961
2023-06-30 17:44:14 [booklist] INFO: VALID_ID: 11446389
2023-06-30 17:44:14 [booklist] INFO: VALID_ID: 2536305
2023-06-30 17:44:14 [booklist] INFO: VALID_ID: 10301236
2023-06-30 17:44:14 [booklist] INFO: VALID_ID: 2551757
2023-06-30 17:44:14 [booklist] INFO: VALID_ID: 11446422
2023-06-30 17:44:14 [booklist] INFO: VALID_ID: 9977379
2023-06-30 17:44:14 [booklist] INFO: VALID_ID: 1287730
2023-06-30 17:44:14 [booklist] INFO: VALID_ID: 1287858
2023-06-30 17:44:14 [booklist] INFO: VALID_ID: 2571675
2023-06-30 17:44:14 [booklist] INFO: VALID_ID: 1287736
2023-06-30 17:44:14 [booklist] INFO: VALID_ID: 1287741
2023-06-30 17:44:14 [booklist] INFO: VALID_ID: 2571627
2023-06-30 17:44:14 [booklist] INFO: VALID_ID: 1287734
2023-06-30 17:44:14 [booklist] INFO: VALID_ID: 1287855
2023-06-30 17:44:14 [booklist] INFO: VALID_ID: 1287856
2023-06-30 17:44:14 [booklist] INFO: VALID_ID: 1287857
2023-06-30 17:44:14 [booklist] INFO: VALID_ID: 1287727
2023-06-30 17:44:14 [booklist] INFO: VALID_ID: 1287732
2023-06-30 17:44:14 [booklist] INFO: VALID_ID: 1287722
2023-06-30 17:44:14 [booklist] INFO: VALID_ID: 1287826
2023-06-30 17:44:14 [booklist] INFO: VALID_ID: 1287849
2023-06-30 17:44:14 [booklist] INFO: VALID_ID: 1287834
2023-06-30 17:44:14 [booklist] INFO: VALID_ID: 1287737
2023-06-30 17:44:14 [booklist] INFO: VALID_ID: 1287724
2023-06-30 17:44:14 [booklist] INFO: VALID_ID: 1287743
2023-06-30 17:44:14 [booklist] INFO: VALID_ID: 1287848
2023-06-30 17:44:14 [booklist] INFO: VALID_ID: 1287739
2023-06-30 17:44:14 [booklist] INFO: VALID_ID: 1288338
2023-06-30 17:44:14 [booklist] INFO: VALID_ID: 1287850
2023-06-30 17:44:14 [booklist] INFO: VALID_ID: 1287865
2023-06-30 17:44:14 [booklist] INFO: VALID_ID: 1287723
2023-06-30 17:44:14 [booklist] INFO: VALID_ID: 1287862
2023-06-30 17:44:14 [booklist] INFO: VALID_ID: 1287728
2023-06-30 17:44:14 [booklist] INFO: VALID_ID: 1287854
2023-06-30 17:44:14 [booklist] INFO: VALID_ID: 1287863
2023-06-30 17:44:14 [booklist] INFO: VALID_ID: 2591901
2023-06-30 17:44:14 [booklist] INFO: VALID_ID: 11446526
2023-06-30 17:44:15 [scrapy.core.engine] DEBUG: Crawled (200) <POST https://dl.ndl.go.jp/api/item/search> (referer: https://dl.ndl.go.jp/api/item/search)
2023-06-30 17:44:15 [booklist] INFO: Fetched page 3
2023-06-30 17:44:15 [booklist] INFO: VALID_ID: 1288335
2023-06-30 17:44:15 [booklist] INFO: VALID_ID: 1287833
2023-06-30 17:44:15 [booklist] INFO: VALID_ID: 1287729
2023-06-30 17:44:15 [booklist] INFO: VALID_ID: 1287846
2023-06-30 17:44:15 [booklist] INFO: VALID_ID: 1287742
2023-06-30 17:44:15 [booklist] INFO: VALID_ID: 1287864
2023-06-30 17:44:15 [booklist] INFO: VALID_ID: 1287832
2023-06-30 17:44:15 [booklist] INFO: VALID_ID: 1287735
2023-06-30 17:44:15 [booklist] INFO: VALID_ID: 1287744
2023-06-30 17:44:15 [booklist] INFO: VALID_ID: 2610217
2023-06-30 17:44:15 [booklist] INFO: VALID_ID: 9977377
2023-06-30 17:44:15 [booklist] INFO: VALID_ID: 11446390
2023-06-30 17:44:15 [booklist] INFO: VALID_ID: 1288183
2023-06-30 17:44:15 [booklist] INFO: VALID_ID: 2609142
2023-06-30 17:44:15 [booklist] INFO: VALID_ID: 2607286
2023-06-30 17:44:15 [booklist] INFO: VALID_ID: 11446480
2023-06-30 17:44:15 [booklist] INFO: VALID_ID: 2606412
2023-06-30 17:44:15 [booklist] INFO: VALID_ID: 2606743
2023-06-30 17:44:15 [booklist] INFO: VALID_ID: 10301602
2023-06-30 17:44:15 [booklist] INFO: VALID_ID: 2551760
2023-06-30 17:44:15 [booklist] INFO: VALID_ID: 10301407
2023-06-30 17:44:15 [booklist] INFO: VALID_ID: 2605424
2023-06-30 17:44:15 [booklist] INFO: VALID_ID: 2610790
2023-06-30 17:44:15 [booklist] INFO: VALID_ID: 11446659
2023-06-30 17:44:15 [booklist] INFO: VALID_ID: 2559210
2023-06-30 17:44:15 [booklist] INFO: VALID_ID: 2610818
2023-06-30 17:44:15 [booklist] INFO: VALID_ID: 2608884
2023-06-30 17:44:15 [booklist] INFO: VALID_ID: 2559215
2023-06-30 17:44:15 [booklist] INFO: VALID_ID: 2559212
2023-06-30 17:44:15 [booklist] INFO: VALID_ID: 2559218
2023-06-30 17:44:15 [booklist] INFO: VALID_ID: 2559211
2023-06-30 17:44:15 [booklist] INFO: VALID_ID: 2559217
2023-06-30 17:44:15 [booklist] INFO: VALID_ID: 2559207
2023-06-30 17:44:15 [booklist] INFO: VALID_ID: 2559208
2023-06-30 17:44:15 [booklist] INFO: VALID_ID: 2559216
2023-06-30 17:44:15 [booklist] INFO: VALID_ID: 2608873
2023-06-30 17:44:15 [booklist] INFO: VALID_ID: 2559209
2023-06-30 17:44:15 [booklist] INFO: VALID_ID: 2548033
2023-06-30 17:44:15 [booklist] INFO: VALID_ID: 2548034
2023-06-30 17:44:15 [scrapy.core.engine] DEBUG: Crawled (200) <POST https://dl.ndl.go.jp/api/item/search> (referer: https://dl.ndl.go.jp/api/item/search)
2023-06-30 17:44:15 [booklist] INFO: Fetched page 4
2023-06-30 17:44:15 [booklist] INFO: No more books on 4
2023-06-30 17:44:15 [scrapy.core.engine] INFO: Closing spider (finished)
2023-06-30 17:44:15 [scrapy.statscollectors] INFO: Dumping Scrapy stats:
{'downloader/request_bytes': 5579,
 'downloader/request_count': 5,
 'downloader/request_method_count/GET': 1,
 'downloader/request_method_count/POST': 4,
 'downloader/response_bytes': 1083226,
 'downloader/response_count': 5,
 'downloader/response_status_count/200': 5,
 'elapsed_time_seconds': 4.255593,
 'finish_reason': 'finished',
 'finish_time': datetime.datetime(2023, 6, 30, 9, 44, 15, 750986),
 'httpcompression/response_bytes': 12629739,
 'httpcompression/response_count': 4,
 'log_count/DEBUG': 8,
 'log_count/INFO': 254,
 'memusage/max': 64102400,
 'memusage/startup': 64102400,
 'request_depth_max': 3,
 'response_received_count': 5,
 'robotstxt/request_count': 1,
 'robotstxt/response_count': 1,
 'robotstxt/response_status_count/200': 1,
 'scheduler/dequeued': 4,
 'scheduler/dequeued/memory': 4,
 'scheduler/enqueued': 4,
 'scheduler/enqueued/memory': 4,
 'start_time': datetime.datetime(2023, 6, 30, 9, 44, 11, 495393)}
2023-06-30 17:44:15 [scrapy.core.engine] INFO: Spider closed (finished)
