2023-06-30 18:46:11 [scrapy.utils.log] INFO: Scrapy 2.9.0 started (bot: ndlcrawler)
2023-06-30 18:46:11 [scrapy.utils.log] INFO: Versions: lxml 4.9.2.0, libxml2 2.9.14, cssselect 1.2.0, parsel 1.8.1, w3lib 2.1.1, Twisted 22.10.0, Python 3.10.10 (main, Mar  5 2023, 22:26:53) [GCC 12.2.1 20230201], pyOpenSSL 23.2.0 (OpenSSL 3.1.1 30 May 2023), cryptography 41.0.1, Platform Linux-6.2.12-arch1-1-x86_64-with-glibc2.37
2023-06-30 18:46:11 [scrapy.crawler] INFO: Overridden settings:
{'BOT_NAME': 'ndlcrawler',
 'FEED_EXPORT_ENCODING': 'utf-8',
 'LOG_FILE': 'logs/booklist.title.鶴.log',
 'NEWSPIDER_MODULE': 'ndlcrawler.spiders',
 'REQUEST_FINGERPRINTER_IMPLEMENTATION': '2.7',
 'ROBOTSTXT_OBEY': True,
 'SPIDER_MODULES': ['ndlcrawler.spiders'],
 'TWISTED_REACTOR': 'twisted.internet.asyncioreactor.AsyncioSelectorReactor'}
2023-06-30 18:46:11 [asyncio] DEBUG: Using selector: EpollSelector
2023-06-30 18:46:11 [scrapy.utils.log] DEBUG: Using reactor: twisted.internet.asyncioreactor.AsyncioSelectorReactor
2023-06-30 18:46:11 [scrapy.utils.log] DEBUG: Using asyncio event loop: asyncio.unix_events._UnixSelectorEventLoop
2023-06-30 18:46:11 [scrapy.extensions.telnet] INFO: Telnet Password: 5befbbbd25a93229
2023-06-30 18:46:11 [scrapy.middleware] INFO: Enabled extensions:
['scrapy.extensions.corestats.CoreStats',
 'scrapy.extensions.telnet.TelnetConsole',
 'scrapy.extensions.memusage.MemoryUsage',
 'scrapy.extensions.logstats.LogStats']
2023-06-30 18:46:11 [scrapy.middleware] INFO: Enabled downloader middlewares:
['scrapy.downloadermiddlewares.robotstxt.RobotsTxtMiddleware',
 'scrapy.downloadermiddlewares.httpauth.HttpAuthMiddleware',
 'scrapy.downloadermiddlewares.downloadtimeout.DownloadTimeoutMiddleware',
 'scrapy.downloadermiddlewares.defaultheaders.DefaultHeadersMiddleware',
 'scrapy.downloadermiddlewares.useragent.UserAgentMiddleware',
 'scrapy.downloadermiddlewares.retry.RetryMiddleware',
 'scrapy.downloadermiddlewares.redirect.MetaRefreshMiddleware',
 'scrapy.downloadermiddlewares.httpcompression.HttpCompressionMiddleware',
 'scrapy.downloadermiddlewares.redirect.RedirectMiddleware',
 'scrapy.downloadermiddlewares.cookies.CookiesMiddleware',
 'scrapy.downloadermiddlewares.httpproxy.HttpProxyMiddleware',
 'scrapy.downloadermiddlewares.stats.DownloaderStats']
2023-06-30 18:46:11 [scrapy.middleware] INFO: Enabled spider middlewares:
['scrapy.spidermiddlewares.httperror.HttpErrorMiddleware',
 'scrapy.spidermiddlewares.offsite.OffsiteMiddleware',
 'scrapy.spidermiddlewares.referer.RefererMiddleware',
 'scrapy.spidermiddlewares.urllength.UrlLengthMiddleware',
 'scrapy.spidermiddlewares.depth.DepthMiddleware']
2023-06-30 18:46:11 [scrapy.middleware] INFO: Enabled item pipelines:
[]
2023-06-30 18:46:11 [scrapy.core.engine] INFO: Spider opened
2023-06-30 18:46:11 [scrapy.extensions.logstats] INFO: Crawled 0 pages (at 0 pages/min), scraped 0 items (at 0 items/min)
2023-06-30 18:46:11 [scrapy.extensions.telnet] INFO: Telnet console listening on 127.0.0.1:6023
2023-06-30 18:46:12 [scrapy.core.engine] DEBUG: Crawled (200) <GET https://dl.ndl.go.jp/robots.txt> (referer: None)
2023-06-30 18:46:13 [scrapy.core.engine] DEBUG: Crawled (200) <POST https://dl.ndl.go.jp/api/item/search> (referer: None)
2023-06-30 18:46:13 [booklist] INFO: Fetched page 1
2023-06-30 18:46:13 [booklist] INFO: VALID_ID: 2558908
2023-06-30 18:46:13 [booklist] INFO: VALID_ID: 2558913
2023-06-30 18:46:13 [booklist] INFO: VALID_ID: 2558959
2023-06-30 18:46:13 [booklist] INFO: VALID_ID: 2558990
2023-06-30 18:46:13 [booklist] INFO: VALID_ID: 2543002
2023-06-30 18:46:13 [booklist] INFO: VALID_ID: 2558910
2023-06-30 18:46:13 [booklist] INFO: VALID_ID: 2558905
2023-06-30 18:46:13 [booklist] INFO: VALID_ID: 2558920
2023-06-30 18:46:13 [booklist] INFO: VALID_ID: 2558929
2023-06-30 18:46:13 [booklist] INFO: VALID_ID: 2558958
2023-06-30 18:46:13 [booklist] INFO: VALID_ID: 2608004
2023-06-30 18:46:13 [booklist] INFO: VALID_ID: 2558903
2023-06-30 18:46:13 [booklist] INFO: VALID_ID: 2558919
2023-06-30 18:46:13 [booklist] INFO: VALID_ID: 2558940
2023-06-30 18:46:13 [booklist] INFO: VALID_ID: 2558934
2023-06-30 18:46:13 [booklist] INFO: VALID_ID: 1308926
2023-06-30 18:46:13 [booklist] INFO: VALID_ID: 2536345
2023-06-30 18:46:13 [booklist] INFO: VALID_ID: 2558931
2023-06-30 18:46:13 [booklist] INFO: VALID_ID: 2558966
2023-06-30 18:46:13 [booklist] INFO: VALID_ID: 2558900
2023-06-30 18:46:13 [booklist] INFO: VALID_ID: 2558911
2023-06-30 18:46:13 [booklist] INFO: VALID_ID: 2558953
2023-06-30 18:46:13 [booklist] INFO: VALID_ID: 2558935
2023-06-30 18:46:13 [booklist] INFO: VALID_ID: 2558956
2023-06-30 18:46:13 [booklist] INFO: VALID_ID: 2558968
2023-06-30 18:46:13 [booklist] INFO: VALID_ID: 2541132
2023-06-30 18:46:13 [booklist] INFO: VALID_ID: 2533019
2023-06-30 18:46:13 [booklist] INFO: VALID_ID: 10301807
2023-06-30 18:46:13 [booklist] INFO: VALID_ID: 2558922
2023-06-30 18:46:13 [booklist] INFO: VALID_ID: 2558983
2023-06-30 18:46:13 [booklist] INFO: VALID_ID: 2558993
2023-06-30 18:46:13 [booklist] INFO: VALID_ID: 2558906
2023-06-30 18:46:13 [booklist] INFO: VALID_ID: 2558901
2023-06-30 18:46:13 [booklist] INFO: VALID_ID: 2558916
2023-06-30 18:46:13 [booklist] INFO: VALID_ID: 2558917
2023-06-30 18:46:13 [booklist] INFO: VALID_ID: 2558962
2023-06-30 18:46:13 [booklist] INFO: VALID_ID: 2558963
2023-06-30 18:46:13 [booklist] INFO: VALID_ID: 2558978
2023-06-30 18:46:13 [booklist] INFO: VALID_ID: 2558992
2023-06-30 18:46:13 [booklist] INFO: VALID_ID: 2558896
2023-06-30 18:46:13 [booklist] INFO: VALID_ID: 2558985
2023-06-30 18:46:13 [booklist] INFO: VALID_ID: 2558904
2023-06-30 18:46:13 [booklist] INFO: VALID_ID: 2558937
2023-06-30 18:46:13 [booklist] INFO: VALID_ID: 2558950
2023-06-30 18:46:13 [booklist] INFO: VALID_ID: 2558960
2023-06-30 18:46:13 [booklist] INFO: VALID_ID: 2558961
2023-06-30 18:46:13 [booklist] INFO: VALID_ID: 2558892
2023-06-30 18:46:13 [booklist] INFO: VALID_ID: 2558952
2023-06-30 18:46:13 [booklist] INFO: VALID_ID: 2558984
2023-06-30 18:46:13 [booklist] INFO: VALID_ID: 2558893
2023-06-30 18:46:13 [booklist] INFO: VALID_ID: 2558894
2023-06-30 18:46:13 [booklist] INFO: VALID_ID: 2558949
2023-06-30 18:46:13 [booklist] INFO: VALID_ID: 2558996
2023-06-30 18:46:13 [booklist] INFO: VALID_ID: 2592615
2023-06-30 18:46:13 [booklist] INFO: VALID_ID: 2592614
2023-06-30 18:46:13 [booklist] INFO: VALID_ID: 2610365
2023-06-30 18:46:13 [booklist] INFO: VALID_ID: 2558899
2023-06-30 18:46:13 [booklist] INFO: VALID_ID: 2558941
2023-06-30 18:46:13 [booklist] INFO: VALID_ID: 2558948
2023-06-30 18:46:13 [booklist] INFO: VALID_ID: 2558907
2023-06-30 18:46:13 [booklist] INFO: VALID_ID: 2558923
2023-06-30 18:46:13 [booklist] INFO: VALID_ID: 2558977
2023-06-30 18:46:13 [booklist] INFO: VALID_ID: 2558915
2023-06-30 18:46:13 [booklist] INFO: VALID_ID: 2558936
2023-06-30 18:46:13 [booklist] INFO: VALID_ID: 2558964
2023-06-30 18:46:13 [booklist] INFO: VALID_ID: 2558965
2023-06-30 18:46:13 [booklist] INFO: VALID_ID: 2558970
2023-06-30 18:46:13 [booklist] INFO: VALID_ID: 2558976
2023-06-30 18:46:13 [booklist] INFO: VALID_ID: 2558994
2023-06-30 18:46:13 [booklist] INFO: VALID_ID: 2558914
2023-06-30 18:46:13 [booklist] INFO: VALID_ID: 2558927
2023-06-30 18:46:13 [booklist] INFO: VALID_ID: 2558946
2023-06-30 18:46:13 [booklist] INFO: VALID_ID: 2558967
2023-06-30 18:46:13 [booklist] INFO: VALID_ID: 2558995
2023-06-30 18:46:13 [booklist] INFO: VALID_ID: 2558895
2023-06-30 18:46:13 [booklist] INFO: VALID_ID: 2558944
2023-06-30 18:46:13 [booklist] INFO: VALID_ID: 2558954
2023-06-30 18:46:13 [booklist] INFO: VALID_ID: 2558982
2023-06-30 18:46:13 [booklist] INFO: VALID_ID: 2558925
2023-06-30 18:46:13 [booklist] INFO: VALID_ID: 2558932
2023-06-30 18:46:13 [booklist] INFO: VALID_ID: 2558898
2023-06-30 18:46:13 [booklist] INFO: VALID_ID: 2558926
2023-06-30 18:46:13 [booklist] INFO: VALID_ID: 2558945
2023-06-30 18:46:13 [booklist] INFO: VALID_ID: 2558955
2023-06-30 18:46:13 [booklist] INFO: VALID_ID: 2558969
2023-06-30 18:46:13 [booklist] INFO: VALID_ID: 2558972
2023-06-30 18:46:13 [booklist] INFO: VALID_ID: 2558987
2023-06-30 18:46:13 [booklist] INFO: VALID_ID: 2558989
2023-06-30 18:46:13 [booklist] INFO: VALID_ID: 2558991
2023-06-30 18:46:13 [booklist] INFO: VALID_ID: 11446659
2023-06-30 18:46:13 [booklist] INFO: VALID_ID: 2563768
2023-06-30 18:46:13 [booklist] INFO: VALID_ID: 1313409
2023-06-30 18:46:13 [booklist] INFO: VALID_ID: 2554437
2023-06-30 18:46:13 [booklist] INFO: VALID_ID: 11038501
2023-06-30 18:46:13 [booklist] INFO: VALID_ID: 2609694
2023-06-30 18:46:13 [booklist] INFO: VALID_ID: 2554435
2023-06-30 18:46:13 [booklist] INFO: VALID_ID: 2541284
2023-06-30 18:46:13 [booklist] INFO: VALID_ID: 2540987
2023-06-30 18:46:13 [booklist] INFO: VALID_ID: 2533018
2023-06-30 18:46:13 [booklist] INFO: VALID_ID: 2534242
2023-06-30 18:46:14 [scrapy.core.engine] DEBUG: Crawled (200) <POST https://dl.ndl.go.jp/api/item/search> (referer: https://dl.ndl.go.jp/api/item/search)
2023-06-30 18:46:14 [booklist] INFO: Fetched page 2
2023-06-30 18:46:14 [booklist] INFO: VALID_ID: 2563780
2023-06-30 18:46:14 [booklist] INFO: VALID_ID: 2563761
2023-06-30 18:46:14 [booklist] INFO: VALID_ID: 2541132
2023-06-30 18:46:14 [booklist] INFO: VALID_ID: 2554437
2023-06-30 18:46:14 [booklist] INFO: VALID_ID: 2534242
2023-06-30 18:46:14 [booklist] INFO: VALID_ID: 2534303
2023-06-30 18:46:14 [booklist] INFO: VALID_ID: 2590863
2023-06-30 18:46:14 [booklist] INFO: VALID_ID: 2606045
2023-06-30 18:46:14 [booklist] INFO: VALID_ID: 2554438
2023-06-30 18:46:14 [booklist] INFO: VALID_ID: 2555014
2023-06-30 18:46:14 [booklist] INFO: VALID_ID: 2563783
2023-06-30 18:46:14 [booklist] INFO: VALID_ID: 2607025
2023-06-30 18:46:14 [booklist] INFO: VALID_ID: 2563758
2023-06-30 18:46:14 [booklist] INFO: VALID_ID: 2608772
2023-06-30 18:46:14 [booklist] INFO: VALID_ID: 2563773
2023-06-30 18:46:14 [booklist] INFO: VALID_ID: 2590864
2023-06-30 18:46:14 [booklist] INFO: VALID_ID: 2563774
2023-06-30 18:46:14 [booklist] INFO: VALID_ID: 2563759
2023-06-30 18:46:14 [booklist] INFO: VALID_ID: 2563782
2023-06-30 18:46:14 [booklist] INFO: VALID_ID: 2554440
2023-06-30 18:46:14 [booklist] INFO: VALID_ID: 2563757
2023-06-30 18:46:14 [booklist] INFO: VALID_ID: 2563770
2023-06-30 18:46:14 [booklist] INFO: VALID_ID: 2563786
2023-06-30 18:46:14 [booklist] INFO: VALID_ID: 1302788
2023-06-30 18:46:14 [booklist] INFO: VALID_ID: 1310866
2023-06-30 18:46:14 [booklist] INFO: VALID_ID: 2563785
2023-06-30 18:46:14 [booklist] INFO: VALID_ID: 2563765
2023-06-30 18:46:14 [booklist] INFO: VALID_ID: 2563784
2023-06-30 18:46:14 [booklist] INFO: VALID_ID: 2554649
2023-06-30 18:46:14 [booklist] INFO: VALID_ID: 2555015
2023-06-30 18:46:14 [booklist] INFO: VALID_ID: 2606612
2023-06-30 18:46:14 [booklist] INFO: VALID_ID: 2555013
2023-06-30 18:46:14 [booklist] INFO: VALID_ID: 2563769
2023-06-30 18:46:14 [booklist] INFO: VALID_ID: 2563771
2023-06-30 18:46:14 [booklist] INFO: VALID_ID: 2563772
2023-06-30 18:46:14 [booklist] INFO: VALID_ID: 2554650
2023-06-30 18:46:14 [booklist] INFO: VALID_ID: 2555012
2023-06-30 18:46:14 [booklist] INFO: VALID_ID: 2563764
2023-06-30 18:46:14 [booklist] INFO: VALID_ID: 2563781
2023-06-30 18:46:14 [booklist] INFO: VALID_ID: 2563763
2023-06-30 18:46:14 [booklist] INFO: VALID_ID: 2555011
2023-06-30 18:46:14 [booklist] INFO: VALID_ID: 2563767
2023-06-30 18:46:14 [booklist] INFO: VALID_ID: 2575236
2023-06-30 18:46:14 [booklist] INFO: VALID_ID: 2563776
2023-06-30 18:46:14 [booklist] INFO: VALID_ID: 2563778
2023-06-30 18:46:14 [booklist] INFO: VALID_ID: 2563779
2023-06-30 18:46:14 [booklist] INFO: VALID_ID: 2563762
2023-06-30 18:46:14 [booklist] INFO: VALID_ID: 2563775
2023-06-30 18:46:14 [booklist] INFO: VALID_ID: 2610952
2023-06-30 18:46:14 [booklist] INFO: VALID_ID: 2563760
2023-06-30 18:46:14 [booklist] INFO: VALID_ID: 2575239
2023-06-30 18:46:14 [booklist] INFO: VALID_ID: 2563777
2023-06-30 18:46:14 [booklist] INFO: VALID_ID: 2575238
2023-06-30 18:46:14 [booklist] INFO: VALID_ID: 2563766
2023-06-30 18:46:14 [booklist] INFO: VALID_ID: 2575235
2023-06-30 18:46:14 [booklist] INFO: VALID_ID: 9893292
2023-06-30 18:46:14 [booklist] INFO: VALID_ID: 11446420
2023-06-30 18:46:14 [booklist] INFO: VALID_ID: 11446418
2023-06-30 18:46:14 [booklist] INFO: VALID_ID: 11446530
2023-06-30 18:46:14 [booklist] INFO: VALID_ID: 11446540
2023-06-30 18:46:14 [booklist] INFO: VALID_ID: 11446583
2023-06-30 18:46:14 [booklist] INFO: VALID_ID: 11446587
2023-06-30 18:46:14 [booklist] INFO: VALID_ID: 11446505
2023-06-30 18:46:14 [booklist] INFO: VALID_ID: 11446506
2023-06-30 18:46:14 [booklist] INFO: VALID_ID: 11446648
2023-06-30 18:46:14 [booklist] INFO: VALID_ID: 1309320
2023-06-30 18:46:14 [booklist] INFO: VALID_ID: 1302616
2023-06-30 18:46:14 [booklist] INFO: VALID_ID: 11446483
2023-06-30 18:46:14 [booklist] INFO: VALID_ID: 11446519
2023-06-30 18:46:14 [booklist] INFO: VALID_ID: 1304306
2023-06-30 18:46:14 [booklist] INFO: VALID_ID: 1303933
2023-06-30 18:46:14 [booklist] INFO: VALID_ID: 1304731
2023-06-30 18:46:14 [booklist] INFO: VALID_ID: 11446392
2023-06-30 18:46:14 [booklist] INFO: VALID_ID: 11446577
2023-06-30 18:46:14 [booklist] INFO: VALID_ID: 1312797
2023-06-30 18:46:14 [booklist] INFO: VALID_ID: 11446465
2023-06-30 18:46:14 [booklist] INFO: VALID_ID: 11446472
2023-06-30 18:46:14 [booklist] INFO: VALID_ID: 11446579
2023-06-30 18:46:14 [booklist] INFO: VALID_ID: 1309482
2023-06-30 18:46:14 [booklist] INFO: VALID_ID: 11446390
2023-06-30 18:46:14 [booklist] INFO: VALID_ID: 11446531
2023-06-30 18:46:14 [booklist] INFO: VALID_ID: 11446464
2023-06-30 18:46:14 [booklist] INFO: VALID_ID: 1312824
2023-06-30 18:46:14 [booklist] INFO: VALID_ID: 11446487
2023-06-30 18:46:14 [booklist] INFO: VALID_ID: 11446640
2023-06-30 18:46:14 [booklist] INFO: VALID_ID: 11446419
2023-06-30 18:46:14 [booklist] INFO: VALID_ID: 11446448
2023-06-30 18:46:14 [booklist] INFO: VALID_ID: 11446461
2023-06-30 18:46:14 [booklist] INFO: VALID_ID: 11446527
2023-06-30 18:46:14 [booklist] INFO: VALID_ID: 11446582
2023-06-30 18:46:14 [booklist] INFO: VALID_ID: 11446388
2023-06-30 18:46:14 [booklist] INFO: VALID_ID: 11446459
2023-06-30 18:46:14 [booklist] INFO: VALID_ID: 11446482
2023-06-30 18:46:14 [booklist] INFO: VALID_ID: 11446637
2023-06-30 18:46:14 [booklist] INFO: VALID_ID: 11446473
2023-06-30 18:46:14 [booklist] INFO: VALID_ID: 11446525
2023-06-30 18:46:14 [booklist] INFO: VALID_ID: 11446539
2023-06-30 18:46:14 [booklist] INFO: VALID_ID: 11446599
2023-06-30 18:46:14 [booklist] INFO: VALID_ID: 11446396
2023-06-30 18:46:14 [booklist] INFO: VALID_ID: 11446497
2023-06-30 18:46:14 [scrapy.core.engine] DEBUG: Crawled (200) <POST https://dl.ndl.go.jp/api/item/search> (referer: https://dl.ndl.go.jp/api/item/search)
2023-06-30 18:46:15 [booklist] INFO: Fetched page 3
2023-06-30 18:46:15 [booklist] INFO: VALID_ID: 11446526
2023-06-30 18:46:15 [booklist] INFO: VALID_ID: 11446538
2023-06-30 18:46:15 [booklist] INFO: VALID_ID: 11446649
2023-06-30 18:46:15 [booklist] INFO: VALID_ID: 11446385
2023-06-30 18:46:15 [booklist] INFO: VALID_ID: 11446500
2023-06-30 18:46:15 [booklist] INFO: VALID_ID: 11446405
2023-06-30 18:46:15 [booklist] INFO: VALID_ID: 11446406
2023-06-30 18:46:15 [booklist] INFO: VALID_ID: 11446470
2023-06-30 18:46:15 [booklist] INFO: VALID_ID: 11446493
2023-06-30 18:46:15 [booklist] INFO: VALID_ID: 11446511
2023-06-30 18:46:15 [booklist] INFO: VALID_ID: 11446572
2023-06-30 18:46:15 [booklist] INFO: VALID_ID: 11446641
2023-06-30 18:46:15 [booklist] INFO: VALID_ID: 11446447
2023-06-30 18:46:15 [booklist] INFO: VALID_ID: 11446471
2023-06-30 18:46:15 [booklist] INFO: VALID_ID: 11446499
2023-06-30 18:46:15 [booklist] INFO: VALID_ID: 11446547
2023-06-30 18:46:15 [booklist] INFO: VALID_ID: 11446588
2023-06-30 18:46:15 [booklist] INFO: VALID_ID: 11446646
2023-06-30 18:46:15 [booklist] INFO: VALID_ID: 11446394
2023-06-30 18:46:15 [booklist] INFO: VALID_ID: 11446484
2023-06-30 18:46:15 [booklist] INFO: VALID_ID: 11446514
2023-06-30 18:46:15 [booklist] INFO: VALID_ID: 11446549
2023-06-30 18:46:15 [booklist] INFO: VALID_ID: 11446592
2023-06-30 18:46:15 [booklist] INFO: VALID_ID: 11446446
2023-06-30 18:46:15 [booklist] INFO: VALID_ID: 11446456
2023-06-30 18:46:15 [booklist] INFO: VALID_ID: 11446477
2023-06-30 18:46:15 [booklist] INFO: VALID_ID: 11446479
2023-06-30 18:46:15 [booklist] INFO: VALID_ID: 11446575
2023-06-30 18:46:15 [booklist] INFO: VALID_ID: 1305120
2023-06-30 18:46:15 [booklist] INFO: VALID_ID: 11446398
2023-06-30 18:46:15 [booklist] INFO: VALID_ID: 11446422
2023-06-30 18:46:15 [booklist] INFO: VALID_ID: 11446486
2023-06-30 18:46:15 [booklist] INFO: VALID_ID: 11446489
2023-06-30 18:46:15 [booklist] INFO: VALID_ID: 11446510
2023-06-30 18:46:15 [booklist] INFO: VALID_ID: 11446576
2023-06-30 18:46:15 [booklist] INFO: VALID_ID: 11446581
2023-06-30 18:46:15 [booklist] INFO: VALID_ID: 11446450
2023-06-30 18:46:15 [booklist] INFO: VALID_ID: 11446501
2023-06-30 18:46:15 [booklist] INFO: VALID_ID: 11446389
2023-06-30 18:46:15 [booklist] INFO: VALID_ID: 11446494
2023-06-30 18:46:15 [booklist] INFO: VALID_ID: 11446404
2023-06-30 18:46:15 [booklist] INFO: VALID_ID: 11446443
2023-06-30 18:46:15 [booklist] INFO: VALID_ID: 11446467
2023-06-30 18:46:15 [booklist] INFO: VALID_ID: 11446475
2023-06-30 18:46:15 [booklist] INFO: VALID_ID: 11446480
2023-06-30 18:46:15 [booklist] INFO: VALID_ID: 11446492
2023-06-30 18:46:15 [booklist] INFO: VALID_ID: 11446507
2023-06-30 18:46:15 [booklist] INFO: VALID_ID: 11446608
2023-06-30 18:46:15 [booklist] INFO: VALID_ID: 11446411
2023-06-30 18:46:15 [booklist] INFO: VALID_ID: 11446462
2023-06-30 18:46:15 [booklist] INFO: VALID_ID: 11446403
2023-06-30 18:46:15 [booklist] INFO: VALID_ID: 11446458
2023-06-30 18:46:15 [booklist] INFO: VALID_ID: 11446466
2023-06-30 18:46:15 [booklist] INFO: VALID_ID: 11446498
2023-06-30 18:46:15 [booklist] INFO: VALID_ID: 11446552
2023-06-30 18:46:15 [booklist] INFO: VALID_ID: 11446580
2023-06-30 18:46:15 [booklist] INFO: VALID_ID: 11446638
2023-06-30 18:46:15 [booklist] INFO: VALID_ID: 11446642
2023-06-30 18:46:15 [booklist] INFO: VALID_ID: 2542648
2023-06-30 18:46:15 [booklist] INFO: VALID_ID: 11446393
2023-06-30 18:46:15 [booklist] INFO: VALID_ID: 11446416
2023-06-30 18:46:15 [booklist] INFO: VALID_ID: 11446436
2023-06-30 18:46:15 [booklist] INFO: VALID_ID: 11446440
2023-06-30 18:46:15 [booklist] INFO: VALID_ID: 11446639
2023-06-30 18:46:15 [booklist] INFO: VALID_ID: 11446474
2023-06-30 18:46:15 [booklist] INFO: VALID_ID: 11446521
2023-06-30 18:46:15 [booklist] INFO: VALID_ID: 11446610
2023-06-30 18:46:15 [booklist] INFO: VALID_ID: 11446481
2023-06-30 18:46:15 [booklist] INFO: VALID_ID: 11446537
2023-06-30 18:46:15 [booklist] INFO: VALID_ID: 11446386
2023-06-30 18:46:15 [booklist] INFO: VALID_ID: 11446491
2023-06-30 18:46:15 [booklist] INFO: VALID_ID: 11446512
2023-06-30 18:46:15 [booklist] INFO: VALID_ID: 11446520
2023-06-30 18:46:15 [booklist] INFO: VALID_ID: 11446584
2023-06-30 18:46:15 [booklist] INFO: VALID_ID: 11446611
2023-06-30 18:46:15 [booklist] INFO: VALID_ID: 11446643
2023-06-30 18:46:15 [booklist] INFO: VALID_ID: 11446414
2023-06-30 18:46:15 [booklist] INFO: VALID_ID: 11446560
2023-06-30 18:46:15 [booklist] INFO: VALID_ID: 11446578
2023-06-30 18:46:15 [booklist] INFO: VALID_ID: 11446644
2023-06-30 18:46:15 [booklist] INFO: VALID_ID: 1308045
2023-06-30 18:46:15 [booklist] INFO: VALID_ID: 2559249
2023-06-30 18:46:15 [booklist] INFO: VALID_ID: 1301561
2023-06-30 18:46:15 [booklist] INFO: VALID_ID: 11446555
2023-06-30 18:46:15 [booklist] INFO: VALID_ID: 11446391
2023-06-30 18:46:15 [booklist] INFO: VALID_ID: 11446407
2023-06-30 18:46:15 [booklist] INFO: VALID_ID: 11446469
2023-06-30 18:46:15 [booklist] INFO: VALID_ID: 11446574
2023-06-30 18:46:15 [booklist] INFO: VALID_ID: 11446636
2023-06-30 18:46:15 [booklist] INFO: VALID_ID: 1308589
2023-06-30 18:46:15 [booklist] INFO: VALID_ID: 10301109
2023-06-30 18:46:15 [booklist] INFO: VALID_ID: 1304188
2023-06-30 18:46:15 [booklist] INFO: VALID_ID: 1309709
2023-06-30 18:46:15 [booklist] INFO: VALID_ID: 2545605
2023-06-30 18:46:15 [booklist] INFO: VALID_ID: 2545608
2023-06-30 18:46:15 [booklist] INFO: VALID_ID: 2559087
2023-06-30 18:46:15 [booklist] INFO: VALID_ID: 2559253
2023-06-30 18:46:15 [booklist] INFO: VALID_ID: 1310984
2023-06-30 18:46:15 [booklist] INFO: VALID_ID: 2545588
2023-06-30 18:46:15 [booklist] INFO: VALID_ID: 2545595
2023-06-30 18:46:16 [scrapy.core.engine] DEBUG: Crawled (200) <POST https://dl.ndl.go.jp/api/item/search> (referer: https://dl.ndl.go.jp/api/item/search)
2023-06-30 18:46:16 [booklist] INFO: Fetched page 4
2023-06-30 18:46:16 [booklist] INFO: VALID_ID: 2545613
2023-06-30 18:46:16 [booklist] INFO: VALID_ID: 2545598
2023-06-30 18:46:16 [booklist] INFO: VALID_ID: 2545583
2023-06-30 18:46:16 [booklist] INFO: VALID_ID: 1308650
2023-06-30 18:46:16 [booklist] INFO: VALID_ID: 2545590
2023-06-30 18:46:16 [booklist] INFO: VALID_ID: 2545606
2023-06-30 18:46:16 [booklist] INFO: VALID_ID: 2545611
2023-06-30 18:46:16 [booklist] INFO: VALID_ID: 2545581
2023-06-30 18:46:16 [booklist] INFO: VALID_ID: 2545586
2023-06-30 18:46:16 [booklist] INFO: VALID_ID: 2545591
2023-06-30 18:46:16 [booklist] INFO: VALID_ID: 2606052
2023-06-30 18:46:16 [booklist] INFO: VALID_ID: 2545600
2023-06-30 18:46:16 [booklist] INFO: VALID_ID: 2545603
2023-06-30 18:46:16 [booklist] INFO: VALID_ID: 2545587
2023-06-30 18:46:16 [booklist] INFO: VALID_ID: 2545610
2023-06-30 18:46:16 [booklist] INFO: VALID_ID: 2545579
2023-06-30 18:46:16 [booklist] INFO: VALID_ID: 2545612
2023-06-30 18:46:16 [booklist] INFO: VALID_ID: 2545592
2023-06-30 18:46:16 [booklist] INFO: VALID_ID: 2545593
2023-06-30 18:46:16 [booklist] INFO: VALID_ID: 2545599
2023-06-30 18:46:16 [booklist] INFO: VALID_ID: 2545584
2023-06-30 18:46:16 [booklist] INFO: VALID_ID: 2545607
2023-06-30 18:46:16 [booklist] INFO: VALID_ID: 2545582
2023-06-30 18:46:16 [booklist] INFO: VALID_ID: 2545596
2023-06-30 18:46:16 [booklist] INFO: VALID_ID: 2545604
2023-06-30 18:46:16 [booklist] INFO: VALID_ID: 2545609
2023-06-30 18:46:16 [booklist] INFO: VALID_ID: 2545585
2023-06-30 18:46:16 [booklist] INFO: VALID_ID: 2545601
2023-06-30 18:46:16 [booklist] INFO: VALID_ID: 2545597
2023-06-30 18:46:16 [booklist] INFO: VALID_ID: 2545589
2023-06-30 18:46:16 [booklist] INFO: VALID_ID: 1310809
2023-06-30 18:46:16 [booklist] INFO: VALID_ID: 2545602
2023-06-30 18:46:16 [booklist] INFO: VALID_ID: 2545594
2023-06-30 18:46:16 [booklist] INFO: VALID_ID: 2545580
2023-06-30 18:46:16 [booklist] INFO: VALID_ID: 2581526
2023-06-30 18:46:16 [booklist] INFO: VALID_ID: 1311927
2023-06-30 18:46:16 [booklist] INFO: VALID_ID: 2541248
2023-06-30 18:46:16 [booklist] INFO: VALID_ID: 1305229
2023-06-30 18:46:16 [booklist] INFO: VALID_ID: 1307803
2023-06-30 18:46:16 [booklist] INFO: VALID_ID: 1307217
2023-06-30 18:46:16 [booklist] INFO: VALID_ID: 2559209
2023-06-30 18:46:16 [booklist] INFO: VALID_ID: 1308194
2023-06-30 18:46:16 [booklist] INFO: VALID_ID: 1309741
2023-06-30 18:46:16 [booklist] INFO: VALID_ID: 2556359
2023-06-30 18:46:16 [booklist] INFO: VALID_ID: 1308139
2023-06-30 18:46:16 [booklist] INFO: VALID_ID: 2586707
2023-06-30 18:46:16 [booklist] INFO: VALID_ID: 2556360
2023-06-30 18:46:16 [booklist] INFO: VALID_ID: 1312358
2023-06-30 18:46:16 [booklist] INFO: VALID_ID: 1308223
2023-06-30 18:46:16 [booklist] INFO: VALID_ID: 11299482
2023-06-30 18:46:16 [booklist] INFO: VALID_ID: 1304850
2023-06-30 18:46:16 [booklist] INFO: VALID_ID: 1309740
2023-06-30 18:46:16 [booklist] INFO: VALID_ID: 1312578
2023-06-30 18:46:16 [booklist] INFO: VALID_ID: 2570271
2023-06-30 18:46:16 [booklist] INFO: VALID_ID: 2581023
2023-06-30 18:46:16 [booklist] INFO: VALID_ID: 2540619
2023-06-30 18:46:16 [booklist] INFO: VALID_ID: 2566990
2023-06-30 18:46:16 [booklist] INFO: VALID_ID: 11223514
2023-06-30 18:46:16 [booklist] INFO: VALID_ID: 1286473
2023-06-30 18:46:16 [booklist] INFO: VALID_ID: 1304900
2023-06-30 18:46:16 [booklist] INFO: VALID_ID: 2608048
2023-06-30 18:46:16 [booklist] INFO: VALID_ID: 1312359
2023-06-30 18:46:16 [booklist] INFO: VALID_ID: 1312557
2023-06-30 18:46:16 [booklist] INFO: VALID_ID: 1311926
2023-06-30 18:46:16 [booklist] INFO: VALID_ID: 1308140
2023-06-30 18:46:16 [booklist] INFO: VALID_ID: 2607558
2023-06-30 18:46:16 [booklist] INFO: VALID_ID: 2551946
2023-06-30 18:46:16 [booklist] INFO: VALID_ID: 2536552
2023-06-30 18:46:16 [booklist] INFO: VALID_ID: 1286472
2023-06-30 18:46:16 [booklist] INFO: VALID_ID: 1307145
2023-06-30 18:46:16 [booklist] INFO: VALID_ID: 2590717
2023-06-30 18:46:16 [booklist] INFO: VALID_ID: 1311915
2023-06-30 18:46:16 [booklist] INFO: VALID_ID: 2551945
2023-06-30 18:46:16 [booklist] INFO: VALID_ID: 2609463
2023-06-30 18:46:16 [booklist] INFO: VALID_ID: 2581877
2023-06-30 18:46:16 [booklist] INFO: VALID_ID: 1301296
2023-06-30 18:46:16 [booklist] INFO: VALID_ID: 1288525
2023-06-30 18:46:16 [booklist] INFO: VALID_ID: 2607884
2023-06-30 18:46:16 [booklist] INFO: VALID_ID: 10301694
2023-06-30 18:46:16 [booklist] INFO: VALID_ID: 1306214
2023-06-30 18:46:16 [booklist] INFO: VALID_ID: 2532413
2023-06-30 18:46:16 [booklist] INFO: VALID_ID: 2606790
2023-06-30 18:46:16 [booklist] INFO: VALID_ID: 1302550
2023-06-30 18:46:16 [booklist] INFO: VALID_ID: 1311295
2023-06-30 18:46:16 [booklist] INFO: VALID_ID: 10301257
2023-06-30 18:46:16 [booklist] INFO: VALID_ID: 2585225
2023-06-30 18:46:16 [booklist] INFO: VALID_ID: 10301389
2023-06-30 18:46:16 [booklist] INFO: VALID_ID: 2559085
2023-06-30 18:46:16 [booklist] INFO: VALID_ID: 2559084
2023-06-30 18:46:16 [booklist] INFO: VALID_ID: 2551756
2023-06-30 18:46:16 [booklist] INFO: VALID_ID: 2551755
2023-06-30 18:46:16 [booklist] INFO: VALID_ID: 2541717
2023-06-30 18:46:16 [booklist] INFO: VALID_ID: 2559088
2023-06-30 18:46:16 [booklist] INFO: VALID_ID: 2559089
2023-06-30 18:46:16 [booklist] INFO: VALID_ID: 2532423
2023-06-30 18:46:16 [booklist] INFO: VALID_ID: 1311921
2023-06-30 18:46:16 [booklist] INFO: VALID_ID: 1307826
2023-06-30 18:46:16 [booklist] INFO: VALID_ID: 2559082
2023-06-30 18:46:16 [booklist] INFO: VALID_ID: 2559083
2023-06-30 18:46:16 [booklist] INFO: VALID_ID: 2559086
2023-06-30 18:46:17 [scrapy.core.engine] DEBUG: Crawled (200) <POST https://dl.ndl.go.jp/api/item/search> (referer: https://dl.ndl.go.jp/api/item/search)
2023-06-30 18:46:17 [booklist] INFO: Fetched page 5
2023-06-30 18:46:17 [booklist] INFO: VALID_ID: 2559090
2023-06-30 18:46:17 [booklist] INFO: VALID_ID: 1304916
2023-06-30 18:46:17 [booklist] INFO: VALID_ID: 1286636
2023-06-30 18:46:17 [booklist] INFO: VALID_ID: 2559255
2023-06-30 18:46:17 [booklist] INFO: VALID_ID: 2607286
2023-06-30 18:46:17 [booklist] INFO: VALID_ID: 2559241
2023-06-30 18:46:17 [booklist] INFO: VALID_ID: 2559245
2023-06-30 18:46:17 [booklist] INFO: VALID_ID: 2533295
2023-06-30 18:46:17 [booklist] INFO: VALID_ID: 2559242
2023-06-30 18:46:17 [booklist] INFO: VALID_ID: 2559243
2023-06-30 18:46:17 [booklist] INFO: VALID_ID: 2559246
2023-06-30 18:46:17 [booklist] INFO: VALID_ID: 2559252
2023-06-30 18:46:17 [booklist] INFO: VALID_ID: 2559244
2023-06-30 18:46:17 [booklist] INFO: VALID_ID: 2559248
2023-06-30 18:46:17 [booklist] INFO: VALID_ID: 2559247
2023-06-30 18:46:17 [booklist] INFO: VALID_ID: 2559251
2023-06-30 18:46:17 [booklist] INFO: VALID_ID: 2559250
2023-06-30 18:46:17 [booklist] INFO: VALID_ID: 2559254
2023-06-30 18:46:17 [booklist] INFO: VALID_ID: 2606743
2023-06-30 18:46:17 [booklist] INFO: VALID_ID: 2610692
2023-06-30 18:46:17 [booklist] INFO: VALID_ID: 2610714
2023-06-30 18:46:17 [booklist] INFO: VALID_ID: 10301767
2023-06-30 18:46:17 [booklist] INFO: VALID_ID: 1305547
2023-06-30 18:46:17 [booklist] INFO: VALID_ID: 2559212
2023-06-30 18:46:17 [booklist] INFO: VALID_ID: 2559210
2023-06-30 18:46:17 [booklist] INFO: VALID_ID: 9892711
2023-06-30 18:46:17 [booklist] INFO: VALID_ID: 2559217
2023-06-30 18:46:17 [booklist] INFO: VALID_ID: 2559218
2023-06-30 18:46:17 [booklist] INFO: VALID_ID: 2559215
2023-06-30 18:46:17 [booklist] INFO: VALID_ID: 2559207
2023-06-30 18:46:17 [booklist] INFO: VALID_ID: 2559208
2023-06-30 18:46:17 [booklist] INFO: VALID_ID: 2559216
2023-06-30 18:46:17 [booklist] INFO: VALID_ID: 10301567
2023-06-30 18:46:17 [booklist] INFO: VALID_ID: 2559211
2023-06-30 18:46:17 [booklist] INFO: VALID_ID: 2559213
2023-06-30 18:46:17 [booklist] INFO: VALID_ID: 2608884
2023-06-30 18:46:17 [booklist] INFO: VALID_ID: 11223558
2023-06-30 18:46:17 [booklist] INFO: VALID_ID: 2609444
2023-06-30 18:46:17 [booklist] INFO: VALID_ID: 2605528
2023-06-30 18:46:17 [booklist] INFO: VALID_ID: 2607856
2023-06-30 18:46:17 [booklist] INFO: VALID_ID: 9369960
2023-06-30 18:46:17 [booklist] INFO: VALID_ID: 9369963
2023-06-30 18:46:17 [booklist] INFO: VALID_ID: 9369953
2023-06-30 18:46:17 [scrapy.core.engine] DEBUG: Crawled (200) <POST https://dl.ndl.go.jp/api/item/search> (referer: https://dl.ndl.go.jp/api/item/search)
2023-06-30 18:46:17 [booklist] INFO: Fetched page 6
2023-06-30 18:46:17 [booklist] INFO: No more books on 6
2023-06-30 18:46:17 [scrapy.core.engine] INFO: Closing spider (finished)
2023-06-30 18:46:17 [scrapy.statscollectors] INFO: Dumping Scrapy stats:
{'downloader/request_bytes': 8281,
 'downloader/request_count': 7,
 'downloader/request_method_count/GET': 1,
 'downloader/request_method_count/POST': 6,
 'downloader/response_bytes': 1350172,
 'downloader/response_count': 7,
 'downloader/response_status_count/200': 7,
 'elapsed_time_seconds': 6.216721,
 'finish_reason': 'finished',
 'finish_time': datetime.datetime(2023, 6, 30, 10, 46, 17, 925202),
 'httpcompression/response_bytes': 15127023,
 'httpcompression/response_count': 6,
 'log_count/DEBUG': 10,
 'log_count/INFO': 460,
 'memusage/max': 63975424,
 'memusage/startup': 63975424,
 'request_depth_max': 5,
 'response_received_count': 7,
 'robotstxt/request_count': 1,
 'robotstxt/response_count': 1,
 'robotstxt/response_status_count/200': 1,
 'scheduler/dequeued': 6,
 'scheduler/dequeued/memory': 6,
 'scheduler/enqueued': 6,
 'scheduler/enqueued/memory': 6,
 'start_time': datetime.datetime(2023, 6, 30, 10, 46, 11, 708481)}
2023-06-30 18:46:17 [scrapy.core.engine] INFO: Spider closed (finished)
