2023-06-30 15:15:29 [scrapy.utils.log] INFO: Scrapy 2.9.0 started (bot: ndlcrawler)
2023-06-30 15:15:29 [scrapy.utils.log] INFO: Versions: lxml 4.9.2.0, libxml2 2.9.14, cssselect 1.2.0, parsel 1.8.1, w3lib 2.1.1, Twisted 22.10.0, Python 3.10.10 (main, Mar  5 2023, 22:26:53) [GCC 12.2.1 20230201], pyOpenSSL 23.2.0 (OpenSSL 3.1.1 30 May 2023), cryptography 41.0.1, Platform Linux-6.2.12-arch1-1-x86_64-with-glibc2.37
2023-06-30 15:15:29 [scrapy.crawler] INFO: Overridden settings:
{'BOT_NAME': 'ndlcrawler',
 'FEED_EXPORT_ENCODING': 'utf-8',
 'LOG_FILE': 'logs/booklist.title.28.log',
 'NEWSPIDER_MODULE': 'ndlcrawler.spiders',
 'REQUEST_FINGERPRINTER_IMPLEMENTATION': '2.7',
 'ROBOTSTXT_OBEY': True,
 'SPIDER_MODULES': ['ndlcrawler.spiders'],
 'TWISTED_REACTOR': 'twisted.internet.asyncioreactor.AsyncioSelectorReactor'}
2023-06-30 15:15:29 [asyncio] DEBUG: Using selector: EpollSelector
2023-06-30 15:15:29 [scrapy.utils.log] DEBUG: Using reactor: twisted.internet.asyncioreactor.AsyncioSelectorReactor
2023-06-30 15:15:29 [scrapy.utils.log] DEBUG: Using asyncio event loop: asyncio.unix_events._UnixSelectorEventLoop
2023-06-30 15:15:29 [scrapy.extensions.telnet] INFO: Telnet Password: c3ff7aa3b3af196a
2023-06-30 15:15:29 [scrapy.middleware] INFO: Enabled extensions:
['scrapy.extensions.corestats.CoreStats',
 'scrapy.extensions.telnet.TelnetConsole',
 'scrapy.extensions.memusage.MemoryUsage',
 'scrapy.extensions.logstats.LogStats']
2023-06-30 15:15:30 [scrapy.middleware] INFO: Enabled downloader middlewares:
['scrapy.downloadermiddlewares.robotstxt.RobotsTxtMiddleware',
 'scrapy.downloadermiddlewares.httpauth.HttpAuthMiddleware',
 'scrapy.downloadermiddlewares.downloadtimeout.DownloadTimeoutMiddleware',
 'scrapy.downloadermiddlewares.defaultheaders.DefaultHeadersMiddleware',
 'scrapy.downloadermiddlewares.useragent.UserAgentMiddleware',
 'scrapy.downloadermiddlewares.retry.RetryMiddleware',
 'scrapy.downloadermiddlewares.redirect.MetaRefreshMiddleware',
 'scrapy.downloadermiddlewares.httpcompression.HttpCompressionMiddleware',
 'scrapy.downloadermiddlewares.redirect.RedirectMiddleware',
 'scrapy.downloadermiddlewares.cookies.CookiesMiddleware',
 'scrapy.downloadermiddlewares.httpproxy.HttpProxyMiddleware',
 'scrapy.downloadermiddlewares.stats.DownloaderStats']
2023-06-30 15:15:30 [scrapy.middleware] INFO: Enabled spider middlewares:
['scrapy.spidermiddlewares.httperror.HttpErrorMiddleware',
 'scrapy.spidermiddlewares.offsite.OffsiteMiddleware',
 'scrapy.spidermiddlewares.referer.RefererMiddleware',
 'scrapy.spidermiddlewares.urllength.UrlLengthMiddleware',
 'scrapy.spidermiddlewares.depth.DepthMiddleware']
2023-06-30 15:15:30 [scrapy.middleware] INFO: Enabled item pipelines:
[]
2023-06-30 15:15:30 [scrapy.core.engine] INFO: Spider opened
2023-06-30 15:15:30 [scrapy.extensions.logstats] INFO: Crawled 0 pages (at 0 pages/min), scraped 0 items (at 0 items/min)
2023-06-30 15:15:30 [scrapy.extensions.telnet] INFO: Telnet console listening on 127.0.0.1:6023
2023-06-30 15:15:31 [scrapy.core.engine] DEBUG: Crawled (200) <GET https://dl.ndl.go.jp/robots.txt> (referer: None)
2023-06-30 15:15:32 [scrapy.core.engine] DEBUG: Crawled (200) <POST https://dl.ndl.go.jp/api/item/search> (referer: None)
2023-06-30 15:15:32 [booklist] INFO: Fetched page 1
2023-06-30 15:15:33 [booklist] INFO: VALID_ID: 2584297
2023-06-30 15:15:33 [booklist] INFO: VALID_ID: 2584601
2023-06-30 15:15:33 [booklist] INFO: VALID_ID: 2583924
2023-06-30 15:15:33 [booklist] INFO: VALID_ID: 2584535
2023-06-30 15:15:33 [booklist] INFO: VALID_ID: 2592909
2023-06-30 15:15:33 [booklist] INFO: VALID_ID: 2592910
2023-06-30 15:15:33 [booklist] INFO: VALID_ID: 2583925
2023-06-30 15:15:33 [booklist] INFO: VALID_ID: 2592911
2023-06-30 15:15:33 [booklist] INFO: VALID_ID: 2576243
2023-06-30 15:15:33 [booklist] INFO: VALID_ID: 2547968
2023-06-30 15:15:33 [booklist] INFO: VALID_ID: 2593558
2023-06-30 15:15:33 [booklist] INFO: VALID_ID: 2548468
2023-06-30 15:15:33 [booklist] INFO: VALID_ID: 2586487
2023-06-30 15:15:33 [booklist] INFO: VALID_ID: 2585676
2023-06-30 15:15:33 [booklist] INFO: VALID_ID: 2585444
2023-06-30 15:15:33 [booklist] INFO: VALID_ID: 2571791
2023-06-30 15:15:33 [booklist] INFO: VALID_ID: 2584508
2023-06-30 15:15:33 [booklist] INFO: VALID_ID: 2547971
2023-06-30 15:15:33 [booklist] INFO: VALID_ID: 2598639
2023-06-30 15:15:33 [booklist] INFO: VALID_ID: 2584506
2023-06-30 15:15:33 [booklist] INFO: VALID_ID: 2571863
2023-06-30 15:15:33 [booklist] INFO: VALID_ID: 2584509
2023-06-30 15:15:33 [booklist] INFO: VALID_ID: 2584472
2023-06-30 15:15:33 [booklist] INFO: VALID_ID: 2581266
2023-06-30 15:15:33 [booklist] INFO: VALID_ID: 2588011
2023-06-30 15:15:33 [booklist] INFO: VALID_ID: 2587696
2023-06-30 15:15:33 [booklist] INFO: VALID_ID: 2547562
2023-06-30 15:15:33 [booklist] INFO: VALID_ID: 2576242
2023-06-30 15:15:33 [booklist] INFO: VALID_ID: 2584381
2023-06-30 15:15:33 [booklist] INFO: VALID_ID: 2592915
2023-06-30 15:15:33 [booklist] INFO: VALID_ID: 2581817
2023-06-30 15:15:33 [booklist] INFO: VALID_ID: 2593560
2023-06-30 15:15:33 [booklist] INFO: VALID_ID: 2592952
2023-06-30 15:15:33 [booklist] INFO: VALID_ID: 2580948
2023-06-30 15:15:33 [booklist] INFO: VALID_ID: 2584507
2023-06-30 15:15:33 [booklist] INFO: VALID_ID: 2581034
2023-06-30 15:15:33 [booklist] INFO: VALID_ID: 2553316
2023-06-30 15:15:33 [booklist] INFO: VALID_ID: 2585785
2023-06-30 15:15:33 [booklist] INFO: VALID_ID: 2545471
2023-06-30 15:15:33 [booklist] INFO: VALID_ID: 2576244
2023-06-30 15:15:33 [booklist] INFO: VALID_ID: 2585574
2023-06-30 15:15:33 [booklist] INFO: VALID_ID: 2573609
2023-06-30 15:15:33 [booklist] INFO: VALID_ID: 10300983
2023-06-30 15:15:33 [booklist] INFO: VALID_ID: 2547348
2023-06-30 15:15:33 [booklist] INFO: VALID_ID: 11038901
2023-06-30 15:15:33 [booklist] INFO: VALID_ID: 2534009
2023-06-30 15:15:33 [booklist] INFO: VALID_ID: 2585880
2023-06-30 15:15:33 [booklist] INFO: VALID_ID: 11223132
2023-06-30 15:15:33 [booklist] INFO: VALID_ID: 10301140
2023-06-30 15:15:33 [booklist] INFO: VALID_ID: 2571646
2023-06-30 15:15:33 [booklist] INFO: VALID_ID: 2551360
2023-06-30 15:15:33 [booklist] INFO: VALID_ID: 2551969
2023-06-30 15:15:33 [booklist] INFO: VALID_ID: 11891898
2023-06-30 15:15:33 [booklist] INFO: VALID_ID: 11606629
2023-06-30 15:15:33 [booklist] INFO: VALID_ID: 2537858
2023-06-30 15:15:33 [booklist] INFO: VALID_ID: 2559166
2023-06-30 15:15:33 [booklist] INFO: VALID_ID: 2576241
2023-06-30 15:15:33 [booklist] INFO: VALID_ID: 2533467
2023-06-30 15:15:33 [booklist] INFO: VALID_ID: 2608420
2023-06-30 15:15:33 [booklist] INFO: VALID_ID: 2559071
2023-06-30 15:15:33 [booklist] INFO: VALID_ID: 12865500
2023-06-30 15:15:33 [booklist] INFO: VALID_ID: 2560307
2023-06-30 15:15:33 [booklist] INFO: VALID_ID: 2560308
2023-06-30 15:15:33 [booklist] INFO: VALID_ID: 2559231
2023-06-30 15:15:33 [booklist] INFO: VALID_ID: 2551933
2023-06-30 15:15:33 [booklist] INFO: VALID_ID: 2608247
2023-06-30 15:15:33 [booklist] INFO: VALID_ID: 2576229
2023-06-30 15:15:33 [booklist] INFO: VALID_ID: 2570096
2023-06-30 15:15:33 [booklist] INFO: VALID_ID: 2544075
2023-06-30 15:15:33 [booklist] INFO: VALID_ID: 2545918
2023-06-30 15:15:33 [booklist] INFO: VALID_ID: 2555212
2023-06-30 15:15:33 [booklist] INFO: VALID_ID: 2557052
2023-06-30 15:15:33 [booklist] INFO: VALID_ID: 2603291
2023-06-30 15:15:33 [booklist] INFO: VALID_ID: 2591150
2023-06-30 15:15:33 [booklist] INFO: VALID_ID: 2598765
2023-06-30 15:15:33 [booklist] INFO: VALID_ID: 2600846
2023-06-30 15:15:33 [booklist] INFO: VALID_ID: 2579536
2023-06-30 15:15:33 [booklist] INFO: VALID_ID: 2575755
2023-06-30 15:15:33 [booklist] INFO: VALID_ID: 2567586
2023-06-30 15:15:33 [booklist] INFO: VALID_ID: 2565516
2023-06-30 15:15:33 [booklist] INFO: VALID_ID: 2544812
2023-06-30 15:15:33 [booklist] INFO: VALID_ID: 2596467
2023-06-30 15:15:33 [booklist] INFO: VALID_ID: 2573810
2023-06-30 15:15:33 [booklist] INFO: VALID_ID: 2600752
2023-06-30 15:15:33 [booklist] INFO: VALID_ID: 2556554
2023-06-30 15:15:33 [booklist] INFO: VALID_ID: 2593049
2023-06-30 15:15:33 [booklist] INFO: VALID_ID: 2573423
2023-06-30 15:15:33 [booklist] INFO: VALID_ID: 2570464
2023-06-30 15:15:33 [booklist] INFO: VALID_ID: 2562603
2023-06-30 15:15:33 [booklist] INFO: VALID_ID: 2560347
2023-06-30 15:15:33 [booklist] INFO: VALID_ID: 2560939
2023-06-30 15:15:33 [booklist] INFO: VALID_ID: 2569452
2023-06-30 15:15:33 [booklist] INFO: VALID_ID: 2562542
2023-06-30 15:15:33 [booklist] INFO: VALID_ID: 2595992
2023-06-30 15:15:33 [booklist] INFO: VALID_ID: 2545107
2023-06-30 15:15:33 [booklist] INFO: VALID_ID: 2564781
2023-06-30 15:15:33 [booklist] INFO: VALID_ID: 2562456
2023-06-30 15:15:33 [booklist] INFO: VALID_ID: 2555184
2023-06-30 15:15:33 [booklist] INFO: VALID_ID: 2557849
2023-06-30 15:15:33 [booklist] INFO: VALID_ID: 2565759
2023-06-30 15:15:34 [scrapy.core.engine] DEBUG: Crawled (200) <POST https://dl.ndl.go.jp/api/item/search> (referer: https://dl.ndl.go.jp/api/item/search)
2023-06-30 15:15:34 [booklist] INFO: Fetched page 2
2023-06-30 15:15:34 [booklist] INFO: VALID_ID: 2562456
2023-06-30 15:15:34 [booklist] INFO: VALID_ID: 2593205
2023-06-30 15:15:34 [booklist] INFO: VALID_ID: 2600651
2023-06-30 15:15:34 [booklist] INFO: VALID_ID: 2601145
2023-06-30 15:15:34 [booklist] INFO: VALID_ID: 2576010
2023-06-30 15:15:34 [booklist] INFO: VALID_ID: 2596841
2023-06-30 15:15:34 [booklist] INFO: VALID_ID: 2577788
2023-06-30 15:15:34 [booklist] INFO: VALID_ID: 2562809
2023-06-30 15:15:34 [booklist] INFO: VALID_ID: 2590836
2023-06-30 15:15:34 [booklist] INFO: VALID_ID: 2592645
2023-06-30 15:15:34 [booklist] INFO: VALID_ID: 2555184
2023-06-30 15:15:34 [booklist] INFO: VALID_ID: 2557849
2023-06-30 15:15:34 [booklist] INFO: VALID_ID: 2565759
2023-06-30 15:15:34 [booklist] INFO: VALID_ID: 2592286
2023-06-30 15:15:34 [booklist] INFO: VALID_ID: 2600941
2023-06-30 15:15:34 [booklist] INFO: VALID_ID: 2551306
2023-06-30 15:15:34 [booklist] INFO: VALID_ID: 2576722
2023-06-30 15:15:34 [booklist] INFO: VALID_ID: 2573890
2023-06-30 15:15:34 [booklist] INFO: VALID_ID: 2588070
2023-06-30 15:15:34 [booklist] INFO: VALID_ID: 2590414
2023-06-30 15:15:34 [booklist] INFO: VALID_ID: 2596085
2023-06-30 15:15:34 [booklist] INFO: VALID_ID: 2552861
2023-06-30 15:15:34 [booklist] INFO: VALID_ID: 2562242
2023-06-30 15:15:34 [booklist] INFO: VALID_ID: 2577320
2023-06-30 15:15:34 [booklist] INFO: VALID_ID: 2580700
2023-06-30 15:15:34 [booklist] INFO: VALID_ID: 2575630
2023-06-30 15:15:34 [booklist] INFO: VALID_ID: 2556466
2023-06-30 15:15:34 [booklist] INFO: VALID_ID: 2586047
2023-06-30 15:15:34 [booklist] INFO: VALID_ID: 2600149
2023-06-30 15:15:34 [booklist] INFO: VALID_ID: 2576941
2023-06-30 15:15:34 [booklist] INFO: VALID_ID: 2575582
2023-06-30 15:15:34 [booklist] INFO: VALID_ID: 2545532
2023-06-30 15:15:34 [booklist] INFO: VALID_ID: 2556356
2023-06-30 15:15:34 [booklist] INFO: VALID_ID: 2600591
2023-06-30 15:15:34 [booklist] INFO: VALID_ID: 2549471
2023-06-30 15:15:34 [booklist] INFO: VALID_ID: 2595939
2023-06-30 15:15:34 [booklist] INFO: VALID_ID: 2589813
2023-06-30 15:15:34 [booklist] INFO: VALID_ID: 2567554
2023-06-30 15:15:34 [booklist] INFO: VALID_ID: 2552318
2023-06-30 15:15:34 [booklist] INFO: VALID_ID: 2600683
2023-06-30 15:15:34 [booklist] INFO: VALID_ID: 2561279
2023-06-30 15:15:34 [booklist] INFO: VALID_ID: 2544173
2023-06-30 15:15:34 [booklist] INFO: VALID_ID: 2553302
2023-06-30 15:15:34 [booklist] INFO: VALID_ID: 2559024
2023-06-30 15:15:34 [booklist] INFO: VALID_ID: 2567492
2023-06-30 15:15:34 [booklist] INFO: VALID_ID: 2562980
2023-06-30 15:15:34 [booklist] INFO: VALID_ID: 2545606
2023-06-30 15:15:34 [booklist] INFO: VALID_ID: 2573565
2023-06-30 15:15:34 [booklist] INFO: VALID_ID: 2574798
2023-06-30 15:15:34 [booklist] INFO: VALID_ID: 2569724
2023-06-30 15:15:34 [booklist] INFO: VALID_ID: 2549670
2023-06-30 15:15:34 [booklist] INFO: VALID_ID: 2544044
2023-06-30 15:15:34 [booklist] INFO: VALID_ID: 2570687
2023-06-30 15:15:34 [booklist] INFO: VALID_ID: 2570507
2023-06-30 15:15:34 [booklist] INFO: VALID_ID: 2567065
2023-06-30 15:15:34 [booklist] INFO: VALID_ID: 2600299
2023-06-30 15:15:34 [booklist] INFO: VALID_ID: 2588368
2023-06-30 15:15:34 [booklist] INFO: VALID_ID: 2580623
2023-06-30 15:15:34 [booklist] INFO: VALID_ID: 2574393
2023-06-30 15:15:34 [booklist] INFO: VALID_ID: 2579086
2023-06-30 15:15:34 [booklist] INFO: VALID_ID: 2560827
2023-06-30 15:15:34 [booklist] INFO: VALID_ID: 2549513
2023-06-30 15:15:34 [booklist] INFO: VALID_ID: 2549917
2023-06-30 15:15:34 [booklist] INFO: VALID_ID: 2580313
2023-06-30 15:15:34 [booklist] INFO: VALID_ID: 2574607
2023-06-30 15:15:34 [booklist] INFO: VALID_ID: 2556313
2023-06-30 15:15:34 [booklist] INFO: VALID_ID: 2568631
2023-06-30 15:15:34 [booklist] INFO: VALID_ID: 2576338
2023-06-30 15:15:34 [booklist] INFO: VALID_ID: 2545312
2023-06-30 15:15:34 [booklist] INFO: VALID_ID: 2592473
2023-06-30 15:15:34 [booklist] INFO: VALID_ID: 2558884
2023-06-30 15:15:34 [booklist] INFO: VALID_ID: 2558502
2023-06-30 15:15:34 [booklist] INFO: VALID_ID: 2585125
2023-06-30 15:15:34 [booklist] INFO: VALID_ID: 2562700
2023-06-30 15:15:34 [booklist] INFO: VALID_ID: 2576438
2023-06-30 15:15:34 [booklist] INFO: VALID_ID: 2569381
2023-06-30 15:15:34 [booklist] INFO: VALID_ID: 2591033
2023-06-30 15:15:34 [booklist] INFO: VALID_ID: 2561708
2023-06-30 15:15:34 [booklist] INFO: VALID_ID: 2557962
2023-06-30 15:15:34 [booklist] INFO: VALID_ID: 2563180
2023-06-30 15:15:34 [booklist] INFO: VALID_ID: 2591614
2023-06-30 15:15:34 [booklist] INFO: VALID_ID: 2549997
2023-06-30 15:15:34 [booklist] INFO: VALID_ID: 2552735
2023-06-30 15:15:34 [booklist] INFO: VALID_ID: 2578820
2023-06-30 15:15:34 [booklist] INFO: VALID_ID: 2556594
2023-06-30 15:15:34 [booklist] INFO: VALID_ID: 2565705
2023-06-30 15:15:34 [booklist] INFO: VALID_ID: 2590668
2023-06-30 15:15:34 [booklist] INFO: VALID_ID: 2577053
2023-06-30 15:15:34 [booklist] INFO: VALID_ID: 2555094
2023-06-30 15:15:34 [booklist] INFO: VALID_ID: 2545438
2023-06-30 15:15:34 [booklist] INFO: VALID_ID: 2546690
2023-06-30 15:15:34 [booklist] INFO: VALID_ID: 2571335
2023-06-30 15:15:34 [booklist] INFO: VALID_ID: 2574059
2023-06-30 15:15:34 [booklist] INFO: VALID_ID: 2552589
2023-06-30 15:15:34 [booklist] INFO: VALID_ID: 2555785
2023-06-30 15:15:34 [booklist] INFO: VALID_ID: 2591996
2023-06-30 15:15:34 [booklist] INFO: VALID_ID: 2554591
2023-06-30 15:15:34 [booklist] INFO: VALID_ID: 2577659
2023-06-30 15:15:34 [booklist] INFO: VALID_ID: 2574444
2023-06-30 15:15:34 [booklist] INFO: VALID_ID: 2553759
2023-06-30 15:15:36 [scrapy.core.engine] DEBUG: Crawled (200) <POST https://dl.ndl.go.jp/api/item/search> (referer: https://dl.ndl.go.jp/api/item/search)
2023-06-30 15:15:36 [booklist] INFO: Fetched page 3
2023-06-30 15:15:36 [booklist] INFO: VALID_ID: 2551791
2023-06-30 15:15:36 [booklist] INFO: VALID_ID: 2551424
2023-06-30 15:15:36 [booklist] INFO: VALID_ID: 2591384
2023-06-30 15:15:36 [booklist] INFO: VALID_ID: 2552735
2023-06-30 15:15:36 [booklist] INFO: VALID_ID: 2549997
2023-06-30 15:15:36 [booklist] INFO: VALID_ID: 2578820
2023-06-30 15:15:36 [booklist] INFO: VALID_ID: 2591614
2023-06-30 15:15:36 [booklist] INFO: VALID_ID: 2579050
2023-06-30 15:15:36 [booklist] INFO: VALID_ID: 2569010
2023-06-30 15:15:36 [booklist] INFO: VALID_ID: 2586985
2023-06-30 15:15:36 [booklist] INFO: VALID_ID: 2549399
2023-06-30 15:15:36 [booklist] INFO: VALID_ID: 2590668
2023-06-30 15:15:36 [booklist] INFO: VALID_ID: 2556594
2023-06-30 15:15:36 [booklist] INFO: VALID_ID: 2565705
2023-06-30 15:15:36 [booklist] INFO: VALID_ID: 2579759
2023-06-30 15:15:36 [booklist] INFO: VALID_ID: 2581146
2023-06-30 15:15:36 [booklist] INFO: VALID_ID: 2573253
2023-06-30 15:15:36 [booklist] INFO: VALID_ID: 2575717
2023-06-30 15:15:36 [booklist] INFO: VALID_ID: 2596375
2023-06-30 15:15:36 [booklist] INFO: VALID_ID: 2584943
2023-06-30 15:15:36 [booklist] INFO: VALID_ID: 2585064
2023-06-30 15:15:36 [booklist] INFO: VALID_ID: 2601305
2023-06-30 15:15:36 [booklist] INFO: VALID_ID: 2559293
2023-06-30 15:15:36 [booklist] INFO: VALID_ID: 2547480
2023-06-30 15:15:36 [booklist] INFO: VALID_ID: 2564710
2023-06-30 15:15:36 [booklist] INFO: VALID_ID: 2601066
2023-06-30 15:15:36 [booklist] INFO: VALID_ID: 2603206
2023-06-30 15:15:36 [booklist] INFO: VALID_ID: 2583203
2023-06-30 15:15:36 [booklist] INFO: VALID_ID: 2551027
2023-06-30 15:15:36 [booklist] INFO: VALID_ID: 2568137
2023-06-30 15:15:36 [booklist] INFO: VALID_ID: 2597825
2023-06-30 15:15:36 [booklist] INFO: VALID_ID: 2596981
2023-06-30 15:15:36 [booklist] INFO: VALID_ID: 2580467
2023-06-30 15:15:36 [booklist] INFO: VALID_ID: 2576209
2023-06-30 15:15:36 [booklist] INFO: VALID_ID: 2600891
2023-06-30 15:15:36 [booklist] INFO: VALID_ID: 2552906
2023-06-30 15:15:36 [booklist] INFO: VALID_ID: 2591297
2023-06-30 15:15:36 [booklist] INFO: VALID_ID: 2577184
2023-06-30 15:15:36 [booklist] INFO: VALID_ID: 2601369
2023-06-30 15:15:36 [booklist] INFO: VALID_ID: 2550048
2023-06-30 15:15:36 [booklist] INFO: VALID_ID: 2580072
2023-06-30 15:15:36 [booklist] INFO: VALID_ID: 2565053
2023-06-30 15:15:36 [booklist] INFO: VALID_ID: 2560976
2023-06-30 15:15:36 [booklist] INFO: VALID_ID: 2558606
2023-06-30 15:15:36 [booklist] INFO: VALID_ID: 2549963
2023-06-30 15:15:36 [booklist] INFO: VALID_ID: 2578656
2023-06-30 15:15:36 [booklist] INFO: VALID_ID: 2577119
2023-06-30 15:15:36 [booklist] INFO: VALID_ID: 2580064
2023-06-30 15:15:36 [booklist] INFO: VALID_ID: 2610411
2023-06-30 15:15:36 [booklist] INFO: VALID_ID: 2580080
2023-06-30 15:15:36 [booklist] INFO: VALID_ID: 2580081
2023-06-30 15:15:36 [booklist] INFO: VALID_ID: 2580062
2023-06-30 15:15:36 [booklist] INFO: VALID_ID: 2580063
2023-06-30 15:15:36 [booklist] INFO: VALID_ID: 2580066
2023-06-30 15:15:36 [booklist] INFO: VALID_ID: 2580067
2023-06-30 15:15:36 [booklist] INFO: VALID_ID: 2580083
2023-06-30 15:15:36 [booklist] INFO: VALID_ID: 2580077
2023-06-30 15:15:36 [booklist] INFO: VALID_ID: 2580073
2023-06-30 15:15:36 [booklist] INFO: VALID_ID: 2580074
2023-06-30 15:15:36 [booklist] INFO: VALID_ID: 2580079
2023-06-30 15:15:36 [booklist] INFO: VALID_ID: 2580076
2023-06-30 15:15:36 [booklist] INFO: VALID_ID: 2580075
2023-06-30 15:15:36 [booklist] INFO: VALID_ID: 2580078
2023-06-30 15:15:36 [booklist] INFO: VALID_ID: 2580061
2023-06-30 15:15:36 [booklist] INFO: VALID_ID: 2597241
2023-06-30 15:15:36 [booklist] INFO: VALID_ID: 2580068
2023-06-30 15:15:36 [booklist] INFO: VALID_ID: 2580060
2023-06-30 15:15:36 [booklist] INFO: VALID_ID: 2580071
2023-06-30 15:15:36 [booklist] INFO: VALID_ID: 2546036
2023-06-30 15:15:36 [booklist] INFO: VALID_ID: 2590073
2023-06-30 15:15:36 [booklist] INFO: VALID_ID: 2580065
2023-06-30 15:15:36 [booklist] INFO: VALID_ID: 2580069
2023-06-30 15:15:36 [booklist] INFO: VALID_ID: 2580070
2023-06-30 15:15:36 [booklist] INFO: VALID_ID: 2580082
2023-06-30 15:15:36 [booklist] INFO: VALID_ID: 2543749
2023-06-30 15:15:36 [booklist] INFO: VALID_ID: 2577580
2023-06-30 15:15:36 [booklist] INFO: VALID_ID: 2561433
2023-06-30 15:15:36 [booklist] INFO: VALID_ID: 2570176
2023-06-30 15:15:36 [booklist] INFO: VALID_ID: 2585976
2023-06-30 15:15:36 [booklist] INFO: VALID_ID: 2590067
2023-06-30 15:15:36 [booklist] INFO: VALID_ID: 2590013
2023-06-30 15:15:36 [booklist] INFO: VALID_ID: 2553489
2023-06-30 15:15:36 [booklist] INFO: VALID_ID: 2577520
2023-06-30 15:15:36 [booklist] INFO: VALID_ID: 2577574
2023-06-30 15:15:36 [booklist] INFO: VALID_ID: 2561908
2023-06-30 15:15:36 [booklist] INFO: VALID_ID: 2597181
2023-06-30 15:15:36 [booklist] INFO: VALID_ID: 2576910
2023-06-30 15:15:36 [booklist] INFO: VALID_ID: 2597235
2023-06-30 15:15:36 [booklist] INFO: VALID_ID: 2588291
2023-06-30 15:15:36 [booklist] INFO: VALID_ID: 2569868
2023-06-30 15:15:36 [booklist] INFO: VALID_ID: 2572263
2023-06-30 15:15:36 [booklist] INFO: VALID_ID: 2590313
2023-06-30 15:15:36 [booklist] INFO: VALID_ID: 2577578
2023-06-30 15:15:36 [booklist] INFO: VALID_ID: 2597242
2023-06-30 15:15:36 [booklist] INFO: VALID_ID: 2596941
2023-06-30 15:15:36 [booklist] INFO: VALID_ID: 2590068
2023-06-30 15:15:36 [booklist] INFO: VALID_ID: 2590069
2023-06-30 15:15:36 [booklist] INFO: VALID_ID: 2597240
2023-06-30 15:15:36 [booklist] INFO: VALID_ID: 2597234
2023-06-30 15:15:36 [booklist] INFO: VALID_ID: 2577581
2023-06-30 15:15:38 [scrapy.core.engine] DEBUG: Crawled (200) <POST https://dl.ndl.go.jp/api/item/search> (referer: https://dl.ndl.go.jp/api/item/search)
2023-06-30 15:15:38 [booklist] INFO: Fetched page 4
2023-06-30 15:15:38 [booklist] INFO: VALID_ID: 2590072
2023-06-30 15:15:38 [booklist] INFO: VALID_ID: 2590074
2023-06-30 15:15:38 [booklist] INFO: VALID_ID: 2597237
2023-06-30 15:15:38 [booklist] INFO: VALID_ID: 2562008
2023-06-30 15:15:38 [booklist] INFO: VALID_ID: 2597234
2023-06-30 15:15:38 [booklist] INFO: VALID_ID: 2600399
2023-06-30 15:15:38 [booklist] INFO: VALID_ID: 2590113
2023-06-30 15:15:38 [booklist] INFO: VALID_ID: 2590065
2023-06-30 15:15:38 [booklist] INFO: VALID_ID: 2561808
2023-06-30 15:15:38 [booklist] INFO: VALID_ID: 2590514
2023-06-30 15:15:38 [booklist] INFO: VALID_ID: 2571077
2023-06-30 15:15:38 [booklist] INFO: VALID_ID: 2577572
2023-06-30 15:15:38 [booklist] INFO: VALID_ID: 2597239
2023-06-30 15:15:38 [booklist] INFO: VALID_ID: 2551127
2023-06-30 15:15:38 [booklist] INFO: VALID_ID: 2577577
2023-06-30 15:15:38 [booklist] INFO: VALID_ID: 2577575
2023-06-30 15:15:38 [booklist] INFO: VALID_ID: 2597238
2023-06-30 15:15:38 [booklist] INFO: VALID_ID: 2577573
2023-06-30 15:15:38 [booklist] INFO: VALID_ID: 2577420
2023-06-30 15:15:38 [booklist] INFO: VALID_ID: 2597922
2023-06-30 15:15:38 [booklist] INFO: VALID_ID: 2589913
2023-06-30 15:15:38 [booklist] INFO: VALID_ID: 2590071
2023-06-30 15:15:38 [booklist] INFO: VALID_ID: 2577579
2023-06-30 15:15:38 [booklist] INFO: VALID_ID: 2584246
2023-06-30 15:15:38 [booklist] INFO: VALID_ID: 2570787
2023-06-30 15:15:38 [booklist] INFO: VALID_ID: 2597233
2023-06-30 15:15:38 [booklist] INFO: VALID_ID: 2590066
2023-06-30 15:15:38 [booklist] INFO: VALID_ID: 2597236
2023-06-30 15:15:38 [booklist] INFO: VALID_ID: 2590070
2023-06-30 15:15:38 [booklist] INFO: VALID_ID: 2570607
2023-06-30 15:15:38 [booklist] INFO: VALID_ID: 2577576
2023-06-30 15:15:38 [booklist] INFO: VALID_ID: 2590213
2023-06-30 15:15:38 [booklist] INFO: VALID_ID: 2573990
2023-06-30 15:15:38 [booklist] INFO: VALID_ID: 2577620
2023-06-30 15:15:38 [booklist] INFO: VALID_ID: 2562108
2023-06-30 15:15:38 [booklist] INFO: VALID_ID: 2597081
2023-06-30 15:15:38 [booklist] INFO: VALID_ID: 2556811
2023-06-30 15:15:38 [booklist] INFO: VALID_ID: 2588153
2023-06-30 15:15:38 [booklist] INFO: VALID_ID: 2556810
2023-06-30 15:15:38 [booklist] INFO: VALID_ID: 2586012
2023-06-30 15:15:38 [booklist] INFO: VALID_ID: 2556808
2023-06-30 15:15:38 [booklist] INFO: VALID_ID: 2556809
2023-06-30 15:15:38 [booklist] INFO: VALID_ID: 2556812
2023-06-30 15:15:38 [booklist] INFO: VALID_ID: 2556807
2023-06-30 15:15:38 [booklist] INFO: VALID_ID: 2587247
2023-06-30 15:15:38 [booklist] INFO: VALID_ID: 2556805
2023-06-30 15:15:38 [booklist] INFO: VALID_ID: 2556814
2023-06-30 15:15:38 [booklist] INFO: VALID_ID: 2556806
2023-06-30 15:15:38 [booklist] INFO: VALID_ID: 2605372
2023-06-30 15:15:38 [booklist] INFO: VALID_ID: 2556813
2023-06-30 15:15:38 [booklist] INFO: VALID_ID: 2588555
2023-06-30 15:15:38 [booklist] INFO: VALID_ID: 2553648
2023-06-30 15:15:38 [booklist] INFO: VALID_ID: 2548700
2023-06-30 15:15:38 [booklist] INFO: VALID_ID: 2561954
2023-06-30 15:15:38 [booklist] INFO: VALID_ID: 2610921
2023-06-30 15:15:38 [booklist] INFO: VALID_ID: 2557123
2023-06-30 15:15:38 [booklist] INFO: VALID_ID: 11892625
2023-06-30 15:15:38 [booklist] INFO: VALID_ID: 2557126
2023-06-30 15:15:38 [booklist] INFO: VALID_ID: 2607020
2023-06-30 15:15:38 [booklist] INFO: VALID_ID: 2557127
2023-06-30 15:15:38 [booklist] INFO: VALID_ID: 2557125
2023-06-30 15:15:38 [booklist] INFO: VALID_ID: 2607133
2023-06-30 15:15:38 [booklist] INFO: VALID_ID: 2557122
2023-06-30 15:15:38 [booklist] INFO: VALID_ID: 2557124
2023-06-30 15:15:38 [booklist] INFO: VALID_ID: 2588243
2023-06-30 15:15:38 [booklist] INFO: VALID_ID: 2561958
2023-06-30 15:15:38 [booklist] INFO: VALID_ID: 2588228
2023-06-30 15:15:38 [booklist] INFO: VALID_ID: 2588229
2023-06-30 15:15:38 [booklist] INFO: VALID_ID: 2572363
2023-06-30 15:15:38 [booklist] INFO: VALID_ID: 2588219
2023-06-30 15:15:38 [booklist] INFO: VALID_ID: 2588230
2023-06-30 15:15:38 [booklist] INFO: VALID_ID: 2588226
2023-06-30 15:15:38 [booklist] INFO: VALID_ID: 2588225
2023-06-30 15:15:38 [booklist] INFO: VALID_ID: 2588231
2023-06-30 15:15:38 [booklist] INFO: VALID_ID: 2588233
2023-06-30 15:15:38 [booklist] INFO: VALID_ID: 2588240
2023-06-30 15:15:38 [booklist] INFO: VALID_ID: 2588217
2023-06-30 15:15:38 [booklist] INFO: VALID_ID: 2610148
2023-06-30 15:15:38 [booklist] INFO: VALID_ID: 2588232
2023-06-30 15:15:38 [booklist] INFO: VALID_ID: 2588221
2023-06-30 15:15:38 [booklist] INFO: VALID_ID: 2588235
2023-06-30 15:15:38 [booklist] INFO: VALID_ID: 2588222
2023-06-30 15:15:38 [booklist] INFO: VALID_ID: 2588227
2023-06-30 15:15:38 [booklist] INFO: VALID_ID: 2588239
2023-06-30 15:15:38 [booklist] INFO: VALID_ID: 2561959
2023-06-30 15:15:38 [booklist] INFO: VALID_ID: 2561955
2023-06-30 15:15:38 [booklist] INFO: VALID_ID: 2588218
2023-06-30 15:15:38 [booklist] INFO: VALID_ID: 2588220
2023-06-30 15:15:38 [booklist] INFO: VALID_ID: 2588238
2023-06-30 15:15:38 [booklist] INFO: VALID_ID: 2588223
2023-06-30 15:15:38 [booklist] INFO: VALID_ID: 2572054
2023-06-30 15:15:38 [booklist] INFO: VALID_ID: 2559180
2023-06-30 15:15:38 [booklist] INFO: VALID_ID: 2588224
2023-06-30 15:15:38 [booklist] INFO: VALID_ID: 2588241
2023-06-30 15:15:38 [booklist] INFO: VALID_ID: 2588242
2023-06-30 15:15:38 [booklist] INFO: VALID_ID: 2588237
2023-06-30 15:15:38 [booklist] INFO: VALID_ID: 2539409
2023-06-30 15:15:38 [booklist] INFO: VALID_ID: 2588236
2023-06-30 15:15:38 [booklist] INFO: VALID_ID: 2588234
2023-06-30 15:15:38 [booklist] INFO: VALID_ID: 11891804
2023-06-30 15:15:40 [scrapy.core.engine] DEBUG: Crawled (200) <POST https://dl.ndl.go.jp/api/item/search> (referer: https://dl.ndl.go.jp/api/item/search)
2023-06-30 15:15:40 [booklist] INFO: Fetched page 5
2023-06-30 15:15:40 [booklist] INFO: VALID_ID: 2545797
2023-06-30 15:15:40 [booklist] INFO: VALID_ID: 2588236
2023-06-30 15:15:40 [booklist] INFO: VALID_ID: 2605189
2023-06-30 15:15:40 [booklist] INFO: VALID_ID: 1288390
2023-06-30 15:15:40 [booklist] INFO: VALID_ID: 2571385
2023-06-30 15:15:40 [booklist] INFO: VALID_ID: 2588480
2023-06-30 15:15:40 [booklist] INFO: VALID_ID: 2545793
2023-06-30 15:15:40 [booklist] INFO: VALID_ID: 2545794
2023-06-30 15:15:40 [booklist] INFO: VALID_ID: 2545795
2023-06-30 15:15:40 [booklist] INFO: VALID_ID: 2572783
2023-06-30 15:15:40 [booklist] INFO: VALID_ID: 2545792
2023-06-30 15:15:40 [booklist] INFO: VALID_ID: 2545798
2023-06-30 15:15:40 [booklist] INFO: VALID_ID: 2571509
2023-06-30 15:15:40 [booklist] INFO: VALID_ID: 2588420
2023-06-30 15:15:40 [booklist] INFO: VALID_ID: 2588520
2023-06-30 15:15:40 [booklist] INFO: VALID_ID: 2588474
2023-06-30 15:15:40 [booklist] INFO: VALID_ID: 2549830
2023-06-30 15:15:40 [booklist] INFO: VALID_ID: 2562324
2023-06-30 15:15:40 [booklist] INFO: VALID_ID: 2573006
2023-06-30 15:15:40 [booklist] INFO: VALID_ID: 12865366
2023-06-30 15:15:40 [booklist] INFO: VALID_ID: 2588856
2023-06-30 15:15:40 [booklist] INFO: VALID_ID: 10303943
2023-06-30 15:15:40 [booklist] INFO: VALID_ID: 2574757
2023-06-30 15:15:40 [booklist] INFO: VALID_ID: 1287061
2023-06-30 15:15:40 [booklist] INFO: VALID_ID: 2587312
2023-06-30 15:15:40 [booklist] INFO: VALID_ID: 2558019
2023-06-30 15:15:40 [booklist] INFO: VALID_ID: 2606457
2023-06-30 15:15:40 [booklist] INFO: VALID_ID: 2544841
2023-06-30 15:15:40 [booklist] INFO: VALID_ID: 2553606
2023-06-30 15:15:40 [booklist] INFO: VALID_ID: 2549724
2023-06-30 15:15:40 [booklist] INFO: VALID_ID: 2553671
2023-06-30 15:15:40 [booklist] INFO: VALID_ID: 2544858
2023-06-30 15:15:40 [booklist] INFO: VALID_ID: 2561959
2023-06-30 15:15:40 [booklist] INFO: VALID_ID: 2559178
2023-06-30 15:15:40 [booklist] INFO: VALID_ID: 2548986
2023-06-30 15:15:40 [booklist] INFO: VALID_ID: 2572877
2023-06-30 15:15:40 [booklist] INFO: VALID_ID: 8942851
2023-06-30 15:15:40 [booklist] INFO: VALID_ID: 2548749
2023-06-30 15:15:40 [booklist] INFO: VALID_ID: 8943259
2023-06-30 15:15:40 [booklist] INFO: VALID_ID: 8942853
2023-06-30 15:15:40 [booklist] INFO: VALID_ID: 2589116
2023-06-30 15:15:40 [booklist] INFO: VALID_ID: 8942852
2023-06-30 15:15:40 [booklist] INFO: VALID_ID: 2589110
2023-06-30 15:15:40 [booklist] INFO: VALID_ID: 2572949
2023-06-30 15:15:40 [booklist] INFO: VALID_ID: 2588481
2023-06-30 15:15:40 [booklist] INFO: VALID_ID: 2588475
2023-06-30 15:15:40 [booklist] INFO: VALID_ID: 2572154
2023-06-30 15:15:40 [booklist] INFO: VALID_ID: 2573106
2023-06-30 15:15:40 [booklist] INFO: VALID_ID: 2561957
2023-06-30 15:15:40 [booklist] INFO: VALID_ID: 2589056
2023-06-30 15:15:40 [booklist] INFO: VALID_ID: 2572744
2023-06-30 15:15:40 [booklist] INFO: VALID_ID: 2589210
2023-06-30 15:15:40 [booklist] INFO: VALID_ID: 2588472
2023-06-30 15:15:40 [booklist] INFO: VALID_ID: 2588473
2023-06-30 15:15:40 [booklist] INFO: VALID_ID: 2561956
2023-06-30 15:15:40 [booklist] INFO: VALID_ID: 2571609
2023-06-30 15:15:40 [booklist] INFO: VALID_ID: 2596209
2023-06-30 15:15:40 [booklist] INFO: VALID_ID: 2561978
2023-06-30 15:15:40 [booklist] INFO: VALID_ID: 2576980
2023-06-30 15:15:40 [booklist] INFO: VALID_ID: 2589156
2023-06-30 15:15:40 [booklist] INFO: VALID_ID: 2589292
2023-06-30 15:15:40 [booklist] INFO: VALID_ID: 2596163
2023-06-30 15:15:40 [booklist] INFO: VALID_ID: 2559181
2023-06-30 15:15:40 [booklist] INFO: VALID_ID: 2587419
2023-06-30 15:15:40 [booklist] INFO: VALID_ID: 2589113
2023-06-30 15:15:40 [booklist] INFO: VALID_ID: 2589111
2023-06-30 15:15:40 [booklist] INFO: VALID_ID: 2589117
2023-06-30 15:15:40 [booklist] INFO: VALID_ID: 2589109
2023-06-30 15:15:40 [booklist] INFO: VALID_ID: 2561981
2023-06-30 15:15:40 [booklist] INFO: VALID_ID: 2561982
2023-06-30 15:15:40 [booklist] INFO: VALID_ID: 2587092
2023-06-30 15:15:40 [booklist] INFO: VALID_ID: 2583724
2023-06-30 15:15:40 [booklist] INFO: VALID_ID: 2589112
2023-06-30 15:15:40 [booklist] INFO: VALID_ID: 2589108
2023-06-30 15:15:40 [booklist] INFO: VALID_ID: 2589115
2023-06-30 15:15:40 [booklist] INFO: VALID_ID: 2588956
2023-06-30 15:15:40 [booklist] INFO: VALID_ID: 2550437
2023-06-30 15:15:40 [booklist] INFO: VALID_ID: 2588479
2023-06-30 15:15:40 [booklist] INFO: VALID_ID: 2541646
2023-06-30 15:15:40 [booklist] INFO: VALID_ID: 2561976
2023-06-30 15:15:40 [booklist] INFO: VALID_ID: 2589114
2023-06-30 15:15:40 [booklist] INFO: VALID_ID: 2549764
2023-06-30 15:15:40 [booklist] INFO: VALID_ID: 2608671
2023-06-30 15:15:40 [booklist] INFO: VALID_ID: 2571675
2023-06-30 15:15:40 [booklist] INFO: VALID_ID: 2588655
2023-06-30 15:15:40 [booklist] INFO: VALID_ID: 2541657
2023-06-30 15:15:40 [booklist] INFO: VALID_ID: 11446372
2023-06-30 15:15:40 [booklist] INFO: VALID_ID: 2561985
2023-06-30 15:15:40 [booklist] INFO: VALID_ID: 2588477
2023-06-30 15:15:40 [booklist] INFO: VALID_ID: 2561970
2023-06-30 15:15:40 [booklist] INFO: VALID_ID: 2588476
2023-06-30 15:15:40 [booklist] INFO: VALID_ID: 2571744
2023-06-30 15:15:40 [booklist] INFO: VALID_ID: 2557911
2023-06-30 15:15:40 [booklist] INFO: VALID_ID: 2548588
2023-06-30 15:15:40 [booklist] INFO: VALID_ID: 2607835
2023-06-30 15:15:40 [booklist] INFO: VALID_ID: 2557899
2023-06-30 15:15:40 [booklist] INFO: VALID_ID: 2550537
2023-06-30 15:15:40 [booklist] INFO: VALID_ID: 2548906
2023-06-30 15:15:40 [booklist] INFO: VALID_ID: 2575433
2023-06-30 15:15:40 [booklist] INFO: VALID_ID: 2575438
2023-06-30 15:15:42 [scrapy.core.engine] DEBUG: Crawled (200) <POST https://dl.ndl.go.jp/api/item/search> (referer: https://dl.ndl.go.jp/api/item/search)
2023-06-30 15:15:42 [booklist] INFO: Fetched page 6
2023-06-30 15:15:42 [booklist] INFO: VALID_ID: 2557898
2023-06-30 15:15:42 [booklist] INFO: VALID_ID: 2557902
2023-06-30 15:15:42 [booklist] INFO: VALID_ID: 2557906
2023-06-30 15:15:42 [booklist] INFO: VALID_ID: 2608926
2023-06-30 15:15:42 [booklist] INFO: VALID_ID: 2557914
2023-06-30 15:15:42 [booklist] INFO: VALID_ID: 2557904
2023-06-30 15:15:42 [booklist] INFO: VALID_ID: 2557908
2023-06-30 15:15:42 [booklist] INFO: VALID_ID: 2557903
2023-06-30 15:15:42 [booklist] INFO: VALID_ID: 2557909
2023-06-30 15:15:42 [booklist] INFO: VALID_ID: 2557912
2023-06-30 15:15:42 [booklist] INFO: VALID_ID: 2610282
2023-06-30 15:15:42 [booklist] INFO: VALID_ID: 2575435
2023-06-30 15:15:42 [booklist] INFO: VALID_ID: 2557907
2023-06-30 15:15:42 [booklist] INFO: VALID_ID: 2575431
2023-06-30 15:15:42 [booklist] INFO: VALID_ID: 2557900
2023-06-30 15:15:42 [booklist] INFO: VALID_ID: 2557913
2023-06-30 15:15:42 [booklist] INFO: VALID_ID: 2575430
2023-06-30 15:15:42 [booklist] INFO: VALID_ID: 2575429
2023-06-30 15:15:42 [booklist] INFO: VALID_ID: 2575428
2023-06-30 15:15:42 [booklist] INFO: VALID_ID: 11446612
2023-06-30 15:15:42 [booklist] INFO: VALID_ID: 1287358
2023-06-30 15:15:42 [booklist] INFO: VALID_ID: 2575432
2023-06-30 15:15:42 [booklist] INFO: VALID_ID: 2575436
2023-06-30 15:15:42 [booklist] INFO: VALID_ID: 2557905
2023-06-30 15:15:42 [booklist] INFO: VALID_ID: 2557910
2023-06-30 15:15:42 [booklist] INFO: VALID_ID: 2549195
2023-06-30 15:15:42 [booklist] INFO: VALID_ID: 2609145
2023-06-30 15:15:42 [booklist] INFO: VALID_ID: 2561972
2023-06-30 15:15:42 [booklist] INFO: VALID_ID: 2561984
2023-06-30 15:15:42 [booklist] INFO: VALID_ID: 2557901
2023-06-30 15:15:42 [booklist] INFO: VALID_ID: 2561971
2023-06-30 15:15:42 [booklist] INFO: VALID_ID: 2561983
2023-06-30 15:15:42 [booklist] INFO: VALID_ID: 2549356
2023-06-30 15:15:42 [booklist] INFO: VALID_ID: 2575427
2023-06-30 15:15:42 [booklist] INFO: VALID_ID: 2575437
2023-06-30 15:15:42 [booklist] INFO: VALID_ID: 2587192
2023-06-30 15:15:42 [booklist] INFO: VALID_ID: 2561974
2023-06-30 15:15:42 [booklist] INFO: VALID_ID: 2559126
2023-06-30 15:15:42 [booklist] INFO: VALID_ID: 2575434
2023-06-30 15:15:42 [booklist] INFO: VALID_ID: 2572701
2023-06-30 15:15:42 [booklist] INFO: VALID_ID: 2561973
2023-06-30 15:15:42 [booklist] INFO: VALID_ID: 2572500
2023-06-30 15:15:42 [booklist] INFO: VALID_ID: 2587483
2023-06-30 15:15:42 [booklist] INFO: VALID_ID: 2587362
2023-06-30 15:15:42 [booklist] INFO: VALID_ID: 2559200
2023-06-30 15:15:42 [booklist] INFO: VALID_ID: 2550226
2023-06-30 15:15:42 [booklist] INFO: VALID_ID: 2587837
2023-06-30 15:15:42 [booklist] INFO: VALID_ID: 2559125
2023-06-30 15:15:42 [booklist] INFO: VALID_ID: 2609629
2023-06-30 15:15:42 [booklist] INFO: VALID_ID: 2550336
2023-06-30 15:15:42 [booklist] INFO: VALID_ID: 2561977
2023-06-30 15:15:42 [booklist] INFO: VALID_ID: 2608378
2023-06-30 15:15:42 [booklist] INFO: VALID_ID: 2553910
2023-06-30 15:15:42 [booklist] INFO: VALID_ID: 2560283
2023-06-30 15:15:42 [booklist] INFO: VALID_ID: 2549577
2023-06-30 15:15:42 [booklist] INFO: VALID_ID: 2588478
2023-06-30 15:15:42 [booklist] INFO: VALID_ID: 2549067
2023-06-30 15:15:42 [booklist] INFO: VALID_ID: 2553701
2023-06-30 15:15:42 [booklist] INFO: VALID_ID: 2556413
2023-06-30 15:15:42 [booklist] INFO: VALID_ID: 2556427
2023-06-30 15:15:42 [booklist] INFO: VALID_ID: 2608186
2023-06-30 15:15:42 [booklist] INFO: VALID_ID: 2556412
2023-06-30 15:15:42 [booklist] INFO: VALID_ID: 2556431
2023-06-30 15:15:42 [booklist] INFO: VALID_ID: 2556429
2023-06-30 15:15:42 [booklist] INFO: VALID_ID: 2556438
2023-06-30 15:15:42 [booklist] INFO: VALID_ID: 2605210
2023-06-30 15:15:42 [booklist] INFO: VALID_ID: 2556426
2023-06-30 15:15:42 [booklist] INFO: VALID_ID: 2556409
2023-06-30 15:15:42 [booklist] INFO: VALID_ID: 2556419
2023-06-30 15:15:42 [booklist] INFO: VALID_ID: 2556420
2023-06-30 15:15:42 [booklist] INFO: VALID_ID: 2550159
2023-06-30 15:15:42 [booklist] INFO: VALID_ID: 2556433
2023-06-30 15:15:42 [booklist] INFO: VALID_ID: 2556430
2023-06-30 15:15:42 [booklist] INFO: VALID_ID: 2561980
2023-06-30 15:15:42 [booklist] INFO: VALID_ID: 2556418
2023-06-30 15:15:42 [booklist] INFO: VALID_ID: 2556436
2023-06-30 15:15:42 [booklist] INFO: VALID_ID: 2556417
2023-06-30 15:15:42 [booklist] INFO: VALID_ID: 2556415
2023-06-30 15:15:42 [booklist] INFO: VALID_ID: 2556421
2023-06-30 15:15:42 [booklist] INFO: VALID_ID: 2556408
2023-06-30 15:15:42 [booklist] INFO: VALID_ID: 2556437
2023-06-30 15:15:42 [booklist] INFO: VALID_ID: 2556432
2023-06-30 15:15:42 [booklist] INFO: VALID_ID: 2556414
2023-06-30 15:15:42 [booklist] INFO: VALID_ID: 2556411
2023-06-30 15:15:42 [booklist] INFO: VALID_ID: 2556423
2023-06-30 15:15:42 [booklist] INFO: VALID_ID: 2556428
2023-06-30 15:15:42 [booklist] INFO: VALID_ID: 2556434
2023-06-30 15:15:42 [booklist] INFO: VALID_ID: 2556424
2023-06-30 15:15:42 [booklist] INFO: VALID_ID: 2560282
2023-06-30 15:15:42 [booklist] INFO: VALID_ID: 2561979
2023-06-30 15:15:42 [booklist] INFO: VALID_ID: 2556416
2023-06-30 15:15:42 [booklist] INFO: VALID_ID: 2556425
2023-06-30 15:15:42 [booklist] INFO: VALID_ID: 2556410
2023-06-30 15:15:42 [booklist] INFO: VALID_ID: 2556422
2023-06-30 15:15:42 [booklist] INFO: VALID_ID: 2561987
2023-06-30 15:15:42 [booklist] INFO: VALID_ID: 2559072
2023-06-30 15:15:42 [booklist] INFO: VALID_ID: 11446512
2023-06-30 15:15:42 [booklist] INFO: VALID_ID: 2561525
2023-06-30 15:15:42 [booklist] INFO: VALID_ID: 10303901
2023-06-30 15:15:42 [booklist] INFO: VALID_ID: 2606340
2023-06-30 15:15:43 [scrapy.core.engine] DEBUG: Crawled (200) <POST https://dl.ndl.go.jp/api/item/search> (referer: https://dl.ndl.go.jp/api/item/search)
2023-06-30 15:15:43 [booklist] INFO: Fetched page 7
2023-06-30 15:15:44 [booklist] INFO: VALID_ID: 2550270
2023-06-30 15:15:44 [booklist] INFO: VALID_ID: 2532587
2023-06-30 15:15:44 [booklist] INFO: VALID_ID: 2606340
2023-06-30 15:15:44 [booklist] INFO: VALID_ID: 10301640
2023-06-30 15:15:44 [booklist] INFO: VALID_ID: 2559177
2023-06-30 15:15:44 [booklist] INFO: VALID_ID: 2561975
2023-06-30 15:15:44 [booklist] INFO: VALID_ID: 2561986
2023-06-30 15:15:44 [booklist] INFO: VALID_ID: 2549066
2023-06-30 15:15:44 [booklist] INFO: VALID_ID: 2607832
2023-06-30 15:15:44 [booklist] INFO: VALID_ID: 2560280
2023-06-30 15:15:44 [booklist] INFO: VALID_ID: 2576686
2023-06-30 15:15:44 [booklist] INFO: VALID_ID: 2561526
2023-06-30 15:15:44 [booklist] INFO: VALID_ID: 2608409
2023-06-30 15:15:44 [booklist] INFO: VALID_ID: 2589644
2023-06-30 15:15:44 [booklist] INFO: VALID_ID: 2537860
2023-06-30 15:15:44 [booklist] INFO: VALID_ID: 2560184
2023-06-30 15:15:44 [booklist] INFO: VALID_ID: 2607891
2023-06-30 15:15:44 [booklist] INFO: VALID_ID: 2560276
2023-06-30 15:15:44 [booklist] INFO: VALID_ID: 2547436
2023-06-30 15:15:44 [booklist] INFO: VALID_ID: 8943142
2023-06-30 15:15:44 [booklist] INFO: VALID_ID: 2584003
2023-06-30 15:15:44 [booklist] INFO: VALID_ID: 2546130
2023-06-30 15:15:44 [booklist] INFO: VALID_ID: 2581512
2023-06-30 15:15:44 [booklist] INFO: VALID_ID: 11223307
2023-06-30 15:15:44 [booklist] INFO: VALID_ID: 11038558
2023-06-30 15:15:44 [booklist] INFO: VALID_ID: 11223473
2023-06-30 15:15:44 [booklist] INFO: VALID_ID: 2550802
2023-06-30 15:15:44 [booklist] INFO: VALID_ID: 11038760
2023-06-30 15:15:44 [booklist] INFO: VALID_ID: 2538347
2023-06-30 15:15:44 [booklist] INFO: VALID_ID: 11223517
2023-06-30 15:15:44 [booklist] INFO: VALID_ID: 2539305
2023-06-30 15:15:44 [booklist] INFO: VALID_ID: 2610904
2023-06-30 15:15:44 [booklist] INFO: VALID_ID: 11038869
2023-06-30 15:15:44 [booklist] INFO: VALID_ID: 10303525
2023-06-30 15:15:44 [booklist] INFO: VALID_ID: 2560279
2023-06-30 15:15:44 [booklist] INFO: VALID_ID: 2537857
2023-06-30 15:15:44 [booklist] INFO: VALID_ID: 2560281
2023-06-30 15:15:44 [booklist] INFO: VALID_ID: 2537859
2023-06-30 15:15:44 [booklist] INFO: VALID_ID: 10303524
2023-06-30 15:15:44 [booklist] INFO: VALID_ID: 11038647
2023-06-30 15:15:44 [booklist] INFO: VALID_ID: 2560277
2023-06-30 15:15:44 [booklist] INFO: VALID_ID: 2560278
2023-06-30 15:15:44 [booklist] INFO: VALID_ID: 10303709
2023-06-30 15:15:44 [booklist] INFO: VALID_ID: 2559265
2023-06-30 15:15:44 [booklist] INFO: VALID_ID: 2540100
2023-06-30 15:15:44 [booklist] INFO: VALID_ID: 2572602
2023-06-30 15:15:44 [booklist] INFO: VALID_ID: 11891753
2023-06-30 15:15:44 [booklist] INFO: VALID_ID: 2560185
2023-06-30 15:15:44 [booklist] INFO: VALID_ID: 2560187
2023-06-30 15:15:44 [booklist] INFO: VALID_ID: 2576687
2023-06-30 15:15:44 [booklist] INFO: VALID_ID: 2569804
2023-06-30 15:15:44 [booklist] INFO: VALID_ID: 2560186
2023-06-30 15:15:44 [booklist] INFO: VALID_ID: 2576688
2023-06-30 15:15:44 [booklist] INFO: VALID_ID: 2563783
2023-06-30 15:15:44 [booklist] INFO: VALID_ID: 2608283
2023-06-30 15:15:44 [booklist] INFO: VALID_ID: 2560285
2023-06-30 15:15:44 [booklist] INFO: VALID_ID: 2607702
2023-06-30 15:15:44 [booklist] INFO: VALID_ID: 10303522
2023-06-30 15:15:44 [booklist] INFO: VALID_ID: 2583992
2023-06-30 15:15:44 [booklist] INFO: VALID_ID: 2573721
2023-06-30 15:15:44 [booklist] INFO: VALID_ID: 2585033
2023-06-30 15:15:44 [booklist] INFO: VALID_ID: 2562642
2023-06-30 15:15:44 [booklist] INFO: VALID_ID: 2605077
2023-06-30 15:15:44 [booklist] INFO: VALID_ID: 2560284
2023-06-30 15:15:44 [booklist] INFO: VALID_ID: 2559233
2023-06-30 15:15:44 [booklist] INFO: VALID_ID: 2562643
2023-06-30 15:15:44 [booklist] INFO: VALID_ID: 10303523
2023-06-30 15:15:44 [booklist] INFO: VALID_ID: 2558921
2023-06-30 15:15:44 [booklist] INFO: VALID_ID: 2573716
2023-06-30 15:15:44 [booklist] INFO: VALID_ID: 2573725
2023-06-30 15:15:44 [booklist] INFO: VALID_ID: 11892796
2023-06-30 15:15:44 [booklist] INFO: VALID_ID: 2573718
2023-06-30 15:15:44 [booklist] INFO: VALID_ID: 2585584
2023-06-30 15:15:44 [booklist] INFO: VALID_ID: 10303526
2023-06-30 15:15:44 [booklist] INFO: VALID_ID: 2558923
2023-06-30 15:15:44 [booklist] INFO: VALID_ID: 2558925
2023-06-30 15:15:44 [booklist] INFO: VALID_ID: 2558922
2023-06-30 15:15:44 [booklist] INFO: VALID_ID: 2553584
2023-06-30 15:15:44 [booklist] INFO: VALID_ID: 2537892
2023-06-30 15:15:44 [booklist] INFO: VALID_ID: 2563782
2023-06-30 15:15:44 [booklist] INFO: VALID_ID: 2570120
2023-06-30 15:15:44 [booklist] INFO: VALID_ID: 2558920
2023-06-30 15:15:44 [booklist] INFO: VALID_ID: 2605076
2023-06-30 15:15:44 [booklist] INFO: VALID_ID: 2573723
2023-06-30 15:15:44 [booklist] INFO: VALID_ID: 11223407
2023-06-30 15:15:44 [booklist] INFO: VALID_ID: 2583989
2023-06-30 15:15:44 [booklist] INFO: VALID_ID: 1246429
2023-06-30 15:15:44 [booklist] INFO: VALID_ID: 2546168
2023-06-30 15:15:44 [booklist] INFO: VALID_ID: 2573717
2023-06-30 15:15:44 [booklist] INFO: VALID_ID: 2573726
2023-06-30 15:15:44 [booklist] INFO: VALID_ID: 2573729
2023-06-30 15:15:44 [booklist] INFO: VALID_ID: 10303567
2023-06-30 15:15:44 [booklist] INFO: VALID_ID: 2573728
2023-06-30 15:15:44 [booklist] INFO: VALID_ID: 2606034
2023-06-30 15:15:44 [booklist] INFO: VALID_ID: 2584755
2023-06-30 15:15:44 [booklist] INFO: VALID_ID: 10303440
2023-06-30 15:15:44 [booklist] INFO: VALID_ID: 2606646
2023-06-30 15:15:44 [booklist] INFO: VALID_ID: 2573730
2023-06-30 15:15:44 [booklist] INFO: VALID_ID: 2573727
2023-06-30 15:15:44 [booklist] INFO: VALID_ID: 2573719
2023-06-30 15:15:45 [scrapy.core.engine] DEBUG: Crawled (200) <POST https://dl.ndl.go.jp/api/item/search> (referer: https://dl.ndl.go.jp/api/item/search)
2023-06-30 15:15:45 [booklist] INFO: Fetched page 8
2023-06-30 15:15:45 [booklist] INFO: VALID_ID: 2573722
2023-06-30 15:15:45 [booklist] INFO: VALID_ID: 2597724
2023-06-30 15:15:45 [booklist] INFO: VALID_ID: 2545998
2023-06-30 15:15:45 [booklist] INFO: VALID_ID: 2597721
2023-06-30 15:15:45 [booklist] INFO: VALID_ID: 12866093
2023-06-30 15:15:45 [booklist] INFO: VALID_ID: 2573727
2023-06-30 15:15:45 [booklist] INFO: VALID_ID: 2573718
2023-06-30 15:15:45 [booklist] INFO: VALID_ID: 10303521
2023-06-30 15:15:45 [booklist] INFO: VALID_ID: 10303658
2023-06-30 15:15:45 [booklist] INFO: VALID_ID: 2585437
2023-06-30 15:15:45 [booklist] INFO: VALID_ID: 2558926
2023-06-30 15:15:45 [booklist] INFO: VALID_ID: 2597723
2023-06-30 15:15:45 [booklist] INFO: VALID_ID: 2610529
2023-06-30 15:15:45 [booklist] INFO: VALID_ID: 2575670
2023-06-30 15:15:45 [booklist] INFO: VALID_ID: 2558924
2023-06-30 15:15:45 [booklist] INFO: VALID_ID: 2583987
2023-06-30 15:15:45 [booklist] INFO: VALID_ID: 2575659
2023-06-30 15:15:45 [booklist] INFO: VALID_ID: 2575651
2023-06-30 15:15:45 [booklist] INFO: VALID_ID: 2575661
2023-06-30 15:15:45 [booklist] INFO: VALID_ID: 2575654
2023-06-30 15:15:45 [booklist] INFO: VALID_ID: 2597722
2023-06-30 15:15:45 [booklist] INFO: VALID_ID: 2585231
2023-06-30 15:15:45 [booklist] INFO: VALID_ID: 2575671
2023-06-30 15:15:45 [booklist] INFO: VALID_ID: 2575678
2023-06-30 15:15:45 [booklist] INFO: VALID_ID: 2575674
2023-06-30 15:15:45 [booklist] INFO: VALID_ID: 2575650
2023-06-30 15:15:45 [booklist] INFO: VALID_ID: 2575679
2023-06-30 15:15:45 [booklist] INFO: VALID_ID: 2575660
2023-06-30 15:15:45 [booklist] INFO: VALID_ID: 2575657
2023-06-30 15:15:45 [booklist] INFO: VALID_ID: 2575675
2023-06-30 15:15:45 [booklist] INFO: VALID_ID: 2575666
2023-06-30 15:15:45 [booklist] INFO: VALID_ID: 2575672
2023-06-30 15:15:45 [booklist] INFO: VALID_ID: 2575663
2023-06-30 15:15:45 [booklist] INFO: VALID_ID: 2575653
2023-06-30 15:15:45 [booklist] INFO: VALID_ID: 2575662
2023-06-30 15:15:45 [booklist] INFO: VALID_ID: 11892781
2023-06-30 15:15:45 [booklist] INFO: VALID_ID: 2585685
2023-06-30 15:15:45 [booklist] INFO: VALID_ID: 2575652
2023-06-30 15:15:45 [booklist] INFO: VALID_ID: 2575656
2023-06-30 15:15:45 [booklist] INFO: VALID_ID: 2575664
2023-06-30 15:15:45 [booklist] INFO: VALID_ID: 2575665
2023-06-30 15:15:45 [booklist] INFO: VALID_ID: 2575669
2023-06-30 15:15:45 [booklist] INFO: VALID_ID: 1287142
2023-06-30 15:15:45 [booklist] INFO: VALID_ID: 11607829
2023-06-30 15:15:45 [booklist] INFO: VALID_ID: 2597720
2023-06-30 15:15:45 [booklist] INFO: VALID_ID: 1286680
2023-06-30 15:15:45 [booklist] INFO: VALID_ID: 1286985
2023-06-30 15:15:45 [booklist] INFO: VALID_ID: 2575680
2023-06-30 15:15:45 [booklist] INFO: VALID_ID: 2575658
2023-06-30 15:15:45 [booklist] INFO: VALID_ID: 2608900
2023-06-30 15:15:45 [booklist] INFO: VALID_ID: 2575676
2023-06-30 15:15:45 [booklist] INFO: VALID_ID: 11892715
2023-06-30 15:15:45 [booklist] INFO: VALID_ID: 1287468
2023-06-30 15:15:45 [booklist] INFO: VALID_ID: 2583974
2023-06-30 15:15:45 [booklist] INFO: VALID_ID: 10303788
2023-06-30 15:15:45 [booklist] INFO: VALID_ID: 2575655
2023-06-30 15:15:45 [booklist] INFO: VALID_ID: 2575668
2023-06-30 15:15:45 [booklist] INFO: VALID_ID: 2575673
2023-06-30 15:15:45 [booklist] INFO: VALID_ID: 2533434
2023-06-30 15:15:45 [booklist] INFO: VALID_ID: 11607729
2023-06-30 15:15:45 [booklist] INFO: VALID_ID: 2551615
2023-06-30 15:15:45 [booklist] INFO: VALID_ID: 2575667
2023-06-30 15:15:45 [booklist] INFO: VALID_ID: 1288538
2023-06-30 15:15:45 [booklist] INFO: VALID_ID: 1287270
2023-06-30 15:15:45 [booklist] INFO: VALID_ID: 1288095
2023-06-30 15:15:45 [booklist] INFO: VALID_ID: 2596500
2023-06-30 15:15:45 [booklist] INFO: VALID_ID: 2596535
2023-06-30 15:15:45 [booklist] INFO: VALID_ID: 2596540
2023-06-30 15:15:45 [booklist] INFO: VALID_ID: 2596544
2023-06-30 15:15:45 [booklist] INFO: VALID_ID: 2596556
2023-06-30 15:15:45 [booklist] INFO: VALID_ID: 2596582
2023-06-30 15:15:45 [booklist] INFO: VALID_ID: 2596570
2023-06-30 15:15:45 [booklist] INFO: VALID_ID: 2596583
2023-06-30 15:15:45 [booklist] INFO: VALID_ID: 2596586
2023-06-30 15:15:45 [booklist] INFO: VALID_ID: 1288030
2023-06-30 15:15:45 [booklist] INFO: VALID_ID: 11446279
2023-06-30 15:15:45 [booklist] INFO: VALID_ID: 2546365
2023-06-30 15:15:45 [booklist] INFO: VALID_ID: 2596521
2023-06-30 15:15:45 [booklist] INFO: VALID_ID: 2596594
2023-06-30 15:15:45 [booklist] INFO: VALID_ID: 1287927
2023-06-30 15:15:45 [booklist] INFO: VALID_ID: 2606646
2023-06-30 15:15:45 [booklist] INFO: VALID_ID: 1286639
2023-06-30 15:15:45 [booklist] INFO: VALID_ID: 2596525
2023-06-30 15:15:45 [booklist] INFO: VALID_ID: 2596559
2023-06-30 15:15:45 [booklist] INFO: VALID_ID: 2596577
2023-06-30 15:15:45 [booklist] INFO: VALID_ID: 2596599
2023-06-30 15:15:45 [booklist] INFO: VALID_ID: 2596507
2023-06-30 15:15:45 [booklist] INFO: VALID_ID: 2596514
2023-06-30 15:15:45 [booklist] INFO: VALID_ID: 2596563
2023-06-30 15:15:45 [booklist] INFO: VALID_ID: 2596574
2023-06-30 15:15:45 [booklist] INFO: VALID_ID: 2596581
2023-06-30 15:15:45 [booklist] INFO: VALID_ID: 2596566
2023-06-30 15:15:45 [booklist] INFO: VALID_ID: 2608721
2023-06-30 15:15:45 [booklist] INFO: VALID_ID: 1288303
2023-06-30 15:15:45 [booklist] INFO: VALID_ID: 2596575
2023-06-30 15:15:45 [booklist] INFO: VALID_ID: 11446324
2023-06-30 15:15:45 [booklist] INFO: VALID_ID: 2609931
2023-06-30 15:15:45 [booklist] INFO: VALID_ID: 2596533
2023-06-30 15:15:45 [booklist] INFO: VALID_ID: 2596557
2023-06-30 15:15:45 [booklist] INFO: VALID_ID: 2596585
2023-06-30 15:15:46 [scrapy.core.engine] DEBUG: Crawled (200) <POST https://dl.ndl.go.jp/api/item/search> (referer: https://dl.ndl.go.jp/api/item/search)
2023-06-30 15:15:47 [booklist] INFO: Fetched page 9
2023-06-30 15:15:47 [booklist] INFO: VALID_ID: 2596505
2023-06-30 15:15:47 [booklist] INFO: VALID_ID: 2596529
2023-06-30 15:15:47 [booklist] INFO: VALID_ID: 2596560
2023-06-30 15:15:47 [booklist] INFO: VALID_ID: 2596511
2023-06-30 15:15:47 [booklist] INFO: VALID_ID: 2596534
2023-06-30 15:15:47 [booklist] INFO: VALID_ID: 2596539
2023-06-30 15:15:47 [booklist] INFO: VALID_ID: 2596507
2023-06-30 15:15:47 [booklist] INFO: VALID_ID: 2596514
2023-06-30 15:15:47 [booklist] INFO: VALID_ID: 2596563
2023-06-30 15:15:47 [booklist] INFO: VALID_ID: 2596574
2023-06-30 15:15:47 [booklist] INFO: VALID_ID: 2596581
2023-06-30 15:15:47 [booklist] INFO: VALID_ID: 2596575
2023-06-30 15:15:47 [booklist] INFO: VALID_ID: 11891836
2023-06-30 15:15:47 [booklist] INFO: VALID_ID: 2592089
2023-06-30 15:15:47 [booklist] INFO: VALID_ID: 2609931
2023-06-30 15:15:47 [booklist] INFO: VALID_ID: 2596533
2023-06-30 15:15:47 [booklist] INFO: VALID_ID: 2596557
2023-06-30 15:15:47 [booklist] INFO: VALID_ID: 2596585
2023-06-30 15:15:47 [booklist] INFO: VALID_ID: 11446324
2023-06-30 15:15:47 [booklist] INFO: VALID_ID: 2596526
2023-06-30 15:15:47 [booklist] INFO: VALID_ID: 2596530
2023-06-30 15:15:47 [booklist] INFO: VALID_ID: 2596565
2023-06-30 15:15:47 [booklist] INFO: VALID_ID: 2596598
2023-06-30 15:15:47 [booklist] INFO: VALID_ID: 10303521
2023-06-30 15:15:47 [booklist] INFO: VALID_ID: 2596501
2023-06-30 15:15:47 [booklist] INFO: VALID_ID: 2596523
2023-06-30 15:15:47 [booklist] INFO: VALID_ID: 2596532
2023-06-30 15:15:47 [booklist] INFO: VALID_ID: 2596512
2023-06-30 15:15:47 [booklist] INFO: VALID_ID: 2596587
2023-06-30 15:15:47 [booklist] INFO: VALID_ID: 2596588
2023-06-30 15:15:47 [booklist] INFO: VALID_ID: 2596590
2023-06-30 15:15:47 [booklist] INFO: VALID_ID: 2596547
2023-06-30 15:15:47 [booklist] INFO: VALID_ID: 2596548
2023-06-30 15:15:47 [booklist] INFO: VALID_ID: 2596564
2023-06-30 15:15:47 [booklist] INFO: VALID_ID: 2596589
2023-06-30 15:15:47 [booklist] INFO: VALID_ID: 2596593
2023-06-30 15:15:47 [booklist] INFO: VALID_ID: 2596500
2023-06-30 15:15:47 [booklist] INFO: VALID_ID: 2596535
2023-06-30 15:15:47 [booklist] INFO: VALID_ID: 2596540
2023-06-30 15:15:47 [booklist] INFO: VALID_ID: 2596544
2023-06-30 15:15:47 [booklist] INFO: VALID_ID: 2596556
2023-06-30 15:15:47 [booklist] INFO: VALID_ID: 2596582
2023-06-30 15:15:47 [booklist] INFO: VALID_ID: 2596584
2023-06-30 15:15:47 [booklist] INFO: VALID_ID: 2596591
2023-06-30 15:15:47 [booklist] INFO: VALID_ID: 2596541
2023-06-30 15:15:47 [booklist] INFO: VALID_ID: 2596596
2023-06-30 15:15:47 [booklist] INFO: VALID_ID: 2596553
2023-06-30 15:15:47 [booklist] INFO: VALID_ID: 2596578
2023-06-30 15:15:47 [booklist] INFO: VALID_ID: 11892571
2023-06-30 15:15:47 [booklist] INFO: VALID_ID: 2596549
2023-06-30 15:15:47 [booklist] INFO: VALID_ID: 2596576
2023-06-30 15:15:47 [booklist] INFO: VALID_ID: 2596528
2023-06-30 15:15:47 [booklist] INFO: VALID_ID: 2596552
2023-06-30 15:15:47 [booklist] INFO: VALID_ID: 2608721
2023-06-30 15:15:47 [booklist] INFO: VALID_ID: 2596508
2023-06-30 15:15:47 [booklist] INFO: VALID_ID: 2596517
2023-06-30 15:15:47 [booklist] INFO: VALID_ID: 2596536
2023-06-30 15:15:47 [booklist] INFO: VALID_ID: 2596545
2023-06-30 15:15:47 [booklist] INFO: VALID_ID: 2596554
2023-06-30 15:15:47 [booklist] INFO: VALID_ID: 2596503
2023-06-30 15:15:47 [booklist] INFO: VALID_ID: 2596506
2023-06-30 15:15:47 [booklist] INFO: VALID_ID: 2596509
2023-06-30 15:15:47 [booklist] INFO: VALID_ID: 2596515
2023-06-30 15:15:47 [booklist] INFO: VALID_ID: 2596522
2023-06-30 15:15:47 [booklist] INFO: VALID_ID: 2596555
2023-06-30 15:15:47 [booklist] INFO: VALID_ID: 2596558
2023-06-30 15:15:47 [booklist] INFO: VALID_ID: 2596569
2023-06-30 15:15:47 [booklist] INFO: VALID_ID: 2596504
2023-06-30 15:15:47 [booklist] INFO: VALID_ID: 2596571
2023-06-30 15:15:47 [booklist] INFO: VALID_ID: 2607276
2023-06-30 15:15:47 [booklist] INFO: VALID_ID: 2545998
2023-06-30 15:15:47 [booklist] INFO: VALID_ID: 2596543
2023-06-30 15:15:47 [booklist] INFO: VALID_ID: 2596551
2023-06-30 15:15:47 [booklist] INFO: VALID_ID: 2596561
2023-06-30 15:15:47 [booklist] INFO: VALID_ID: 2596524
2023-06-30 15:15:47 [booklist] INFO: VALID_ID: 2596562
2023-06-30 15:15:47 [booklist] INFO: VALID_ID: 2596572
2023-06-30 15:15:47 [booklist] INFO: VALID_ID: 2596579
2023-06-30 15:15:47 [booklist] INFO: VALID_ID: 2581714
2023-06-30 15:15:47 [booklist] INFO: VALID_ID: 2584249
2023-06-30 15:15:47 [booklist] INFO: VALID_ID: 2559208
2023-06-30 15:15:47 [booklist] INFO: VALID_ID: 2559252
2023-06-30 15:15:47 [booklist] INFO: VALID_ID: 2585454
2023-06-30 15:15:47 [booklist] INFO: VALID_ID: 2546234
2023-06-30 15:15:47 [booklist] INFO: VALID_ID: 2606210
2023-06-30 15:15:47 [booklist] INFO: VALID_ID: 2585685
2023-06-30 15:15:47 [booklist] INFO: VALID_ID: 2536002
2023-06-30 15:15:47 [booklist] INFO: VALID_ID: 2592124
2023-06-30 15:15:47 [booklist] INFO: VALID_ID: 2569860
2023-06-30 15:15:47 [booklist] INFO: VALID_ID: 2585669
2023-06-30 15:15:47 [booklist] INFO: VALID_ID: 2533192
2023-06-30 15:15:47 [booklist] INFO: VALID_ID: 2607434
2023-06-30 15:15:47 [booklist] INFO: VALID_ID: 2605218
2023-06-30 15:15:47 [booklist] INFO: VALID_ID: 2609752
2023-06-30 15:15:47 [booklist] INFO: VALID_ID: 2585546
2023-06-30 15:15:47 [booklist] INFO: VALID_ID: 2585635
2023-06-30 15:15:47 [booklist] INFO: VALID_ID: 2608873
2023-06-30 15:15:47 [booklist] INFO: VALID_ID: 2609735
2023-06-30 15:15:47 [booklist] INFO: VALID_ID: 2611028
2023-06-30 15:15:47 [booklist] INFO: VALID_ID: 2609818
2023-06-30 15:15:48 [scrapy.core.engine] DEBUG: Crawled (200) <POST https://dl.ndl.go.jp/api/item/search> (referer: https://dl.ndl.go.jp/api/item/search)
2023-06-30 15:15:48 [booklist] INFO: Fetched page 10
2023-06-30 15:15:48 [booklist] INFO: VALID_ID: 2609776
2023-06-30 15:15:48 [booklist] INFO: VALID_ID: 2608598
2023-06-30 15:15:48 [booklist] INFO: VALID_ID: 2607768
2023-06-30 15:15:48 [booklist] INFO: VALID_ID: 2610250
2023-06-30 15:15:48 [booklist] INFO: VALID_ID: 2610375
2023-06-30 15:15:48 [booklist] INFO: VALID_ID: 2585484
2023-06-30 15:15:48 [booklist] INFO: VALID_ID: 2608023
2023-06-30 15:15:48 [booklist] INFO: VALID_ID: 2611038
2023-06-30 15:15:48 [booklist] INFO: VALID_ID: 2610012
2023-06-30 15:15:48 [booklist] INFO: VALID_ID: 2585621
2023-06-30 15:15:48 [booklist] INFO: VALID_ID: 2608138
2023-06-30 15:15:48 [booklist] INFO: VALID_ID: 9977379
2023-06-30 15:15:48 [booklist] INFO: VALID_ID: 2608873
2023-06-30 15:15:48 [booklist] INFO: VALID_ID: 2610785
2023-06-30 15:15:48 [booklist] INFO: VALID_ID: 8943312
2023-06-30 15:15:48 [booklist] INFO: VALID_ID: 2610940
2023-06-30 15:15:48 [booklist] INFO: VALID_ID: 2608444
2023-06-30 15:15:48 [booklist] INFO: VALID_ID: 2608467
2023-06-30 15:15:48 [booklist] INFO: VALID_ID: 2610103
2023-06-30 15:15:48 [booklist] INFO: VALID_ID: 9977380
2023-06-30 15:15:48 [booklist] INFO: VALID_ID: 2610505
2023-06-30 15:15:48 [booklist] INFO: VALID_ID: 2535360
2023-06-30 15:15:48 [booklist] INFO: VALID_ID: 2535393
2023-06-30 15:15:48 [booklist] INFO: VALID_ID: 2610325
2023-06-30 15:15:48 [booklist] INFO: VALID_ID: 1246437
2023-06-30 15:15:48 [booklist] INFO: VALID_ID: 2559109
2023-06-30 15:15:48 [booklist] INFO: VALID_ID: 2540550
2023-06-30 15:15:48 [booklist] INFO: VALID_ID: 2610288
2023-06-30 15:15:48 [booklist] INFO: VALID_ID: 2532935
2023-06-30 15:15:48 [booklist] INFO: VALID_ID: 10301765
2023-06-30 15:15:48 [booklist] INFO: VALID_ID: 2606744
2023-06-30 15:15:48 [booklist] INFO: VALID_ID: 2608772
2023-06-30 15:15:48 [booklist] INFO: VALID_ID: 2608004
2023-06-30 15:15:48 [booklist] INFO: VALID_ID: 2606848
2023-06-30 15:15:48 [booklist] INFO: VALID_ID: 2610304
2023-06-30 15:15:48 [booklist] INFO: VALID_ID: 2610395
2023-06-30 15:15:48 [booklist] INFO: VALID_ID: 2543380
2023-06-30 15:15:48 [booklist] INFO: VALID_ID: 2609989
2023-06-30 15:15:48 [booklist] INFO: VALID_ID: 2585867
2023-06-30 15:15:48 [booklist] INFO: VALID_ID: 2585870
2023-06-30 15:15:48 [booklist] INFO: VALID_ID: 2585782
2023-06-30 15:15:48 [booklist] INFO: VALID_ID: 2585796
2023-06-30 15:15:48 [booklist] INFO: VALID_ID: 2585947
2023-06-30 15:15:48 [booklist] INFO: VALID_ID: 2585761
2023-06-30 15:15:48 [booklist] INFO: VALID_ID: 2585868
2023-06-30 15:15:48 [booklist] INFO: VALID_ID: 2585875
2023-06-30 15:15:48 [booklist] INFO: VALID_ID: 2585788
2023-06-30 15:15:48 [booklist] INFO: VALID_ID: 2585792
2023-06-30 15:15:48 [booklist] INFO: VALID_ID: 2585793
2023-06-30 15:15:48 [booklist] INFO: VALID_ID: 2585888
2023-06-30 15:15:48 [booklist] INFO: VALID_ID: 2585919
2023-06-30 15:15:48 [booklist] INFO: VALID_ID: 2585834
2023-06-30 15:15:48 [booklist] INFO: VALID_ID: 2585852
2023-06-30 15:15:48 [booklist] INFO: VALID_ID: 2585876
2023-06-30 15:15:48 [booklist] INFO: VALID_ID: 2585884
2023-06-30 15:15:48 [booklist] INFO: VALID_ID: 2585828
2023-06-30 15:15:48 [booklist] INFO: VALID_ID: 2585928
2023-06-30 15:15:48 [booklist] INFO: VALID_ID: 2585839
2023-06-30 15:15:48 [booklist] INFO: VALID_ID: 2585885
2023-06-30 15:15:48 [booklist] INFO: VALID_ID: 2585803
2023-06-30 15:15:48 [booklist] INFO: VALID_ID: 2585824
2023-06-30 15:15:48 [booklist] INFO: VALID_ID: 2609468
2023-06-30 15:15:48 [booklist] INFO: VALID_ID: 2585896
2023-06-30 15:15:48 [booklist] INFO: VALID_ID: 2585816
2023-06-30 15:15:48 [booklist] INFO: VALID_ID: 2585832
2023-06-30 15:15:48 [booklist] INFO: VALID_ID: 2585837
2023-06-30 15:15:48 [booklist] INFO: VALID_ID: 2585939
2023-06-30 15:15:48 [booklist] INFO: VALID_ID: 2533633
2023-06-30 15:15:48 [booklist] INFO: VALID_ID: 2585898
2023-06-30 15:15:48 [booklist] INFO: VALID_ID: 2585914
2023-06-30 15:15:48 [booklist] INFO: VALID_ID: 2585822
2023-06-30 15:15:48 [booklist] INFO: VALID_ID: 2585932
2023-06-30 15:15:48 [booklist] INFO: VALID_ID: 2610583
2023-06-30 15:15:48 [booklist] INFO: VALID_ID: 2585771
2023-06-30 15:15:48 [booklist] INFO: VALID_ID: 2585864
2023-06-30 15:15:48 [booklist] INFO: VALID_ID: 2585795
2023-06-30 15:15:48 [booklist] INFO: VALID_ID: 2585797
2023-06-30 15:15:48 [booklist] INFO: VALID_ID: 2585820
2023-06-30 15:15:48 [booklist] INFO: VALID_ID: 2585921
2023-06-30 15:15:48 [booklist] INFO: VALID_ID: 2585842
2023-06-30 15:15:48 [booklist] INFO: VALID_ID: 11892643
2023-06-30 15:15:48 [booklist] INFO: VALID_ID: 2585883
2023-06-30 15:15:48 [booklist] INFO: VALID_ID: 2585800
2023-06-30 15:15:48 [booklist] INFO: VALID_ID: 2585810
2023-06-30 15:15:48 [booklist] INFO: VALID_ID: 2585819
2023-06-30 15:15:48 [booklist] INFO: VALID_ID: 2585926
2023-06-30 15:15:48 [booklist] INFO: VALID_ID: 2585846
2023-06-30 15:15:48 [booklist] INFO: VALID_ID: 2585862
2023-06-30 15:15:48 [booklist] INFO: VALID_ID: 2585872
2023-06-30 15:15:48 [booklist] INFO: VALID_ID: 2585791
2023-06-30 15:15:48 [booklist] INFO: VALID_ID: 2585801
2023-06-30 15:15:48 [booklist] INFO: VALID_ID: 2585809
2023-06-30 15:15:48 [booklist] INFO: VALID_ID: 2585904
2023-06-30 15:15:48 [booklist] INFO: VALID_ID: 2585923
2023-06-30 15:15:48 [booklist] INFO: VALID_ID: 2585844
2023-06-30 15:15:48 [booklist] INFO: VALID_ID: 2585854
2023-06-30 15:15:48 [booklist] INFO: VALID_ID: 2585804
2023-06-30 15:15:48 [booklist] INFO: VALID_ID: 2585903
2023-06-30 15:15:48 [booklist] INFO: VALID_ID: 2585826
2023-06-30 15:15:48 [booklist] INFO: VALID_ID: 2585931
2023-06-30 15:15:49 [scrapy.core.engine] DEBUG: Crawled (200) <POST https://dl.ndl.go.jp/api/item/search> (referer: https://dl.ndl.go.jp/api/item/search)
2023-06-30 15:15:49 [booklist] INFO: Fetched page 11
2023-06-30 15:15:49 [booklist] INFO: VALID_ID: 2585944
2023-06-30 15:15:49 [booklist] INFO: VALID_ID: 2585848
2023-06-30 15:15:49 [booklist] INFO: VALID_ID: 11892644
2023-06-30 15:15:49 [booklist] INFO: VALID_ID: 2585760
2023-06-30 15:15:49 [booklist] INFO: VALID_ID: 2585789
2023-06-30 15:15:49 [booklist] INFO: VALID_ID: 2585887
2023-06-30 15:15:49 [booklist] INFO: VALID_ID: 2585897
2023-06-30 15:15:49 [booklist] INFO: VALID_ID: 2585805
2023-06-30 15:15:49 [booklist] INFO: VALID_ID: 2585814
2023-06-30 15:15:49 [booklist] INFO: VALID_ID: 2585943
2023-06-30 15:15:49 [booklist] INFO: VALID_ID: 2585852
2023-06-30 15:15:49 [booklist] INFO: VALID_ID: 2585876
2023-06-30 15:15:49 [booklist] INFO: VALID_ID: 2585884
2023-06-30 15:15:49 [booklist] INFO: VALID_ID: 2585828
2023-06-30 15:15:49 [booklist] INFO: VALID_ID: 2585928
2023-06-30 15:15:49 [booklist] INFO: VALID_ID: 2585839
2023-06-30 15:15:49 [booklist] INFO: VALID_ID: 11892643
2023-06-30 15:15:49 [booklist] INFO: VALID_ID: 2585883
2023-06-30 15:15:49 [booklist] INFO: VALID_ID: 2585800
2023-06-30 15:15:49 [booklist] INFO: VALID_ID: 2585810
2023-06-30 15:15:49 [booklist] INFO: VALID_ID: 2585819
2023-06-30 15:15:49 [booklist] INFO: VALID_ID: 2585926
2023-06-30 15:15:49 [booklist] INFO: VALID_ID: 2585846
2023-06-30 15:15:49 [booklist] INFO: VALID_ID: 2585865
2023-06-30 15:15:49 [booklist] INFO: VALID_ID: 2585781
2023-06-30 15:15:49 [booklist] INFO: VALID_ID: 2585878
2023-06-30 15:15:49 [booklist] INFO: VALID_ID: 2585815
2023-06-30 15:15:49 [booklist] INFO: VALID_ID: 2585821
2023-06-30 15:15:49 [booklist] INFO: VALID_ID: 2585925
2023-06-30 15:15:49 [booklist] INFO: VALID_ID: 2585927
2023-06-30 15:15:49 [booklist] INFO: VALID_ID: 2585929
2023-06-30 15:15:49 [booklist] INFO: VALID_ID: 2606744
2023-06-30 15:15:49 [booklist] INFO: VALID_ID: 2585858
2023-06-30 15:15:49 [booklist] INFO: VALID_ID: 2585866
2023-06-30 15:15:49 [booklist] INFO: VALID_ID: 2585780
2023-06-30 15:15:49 [booklist] INFO: VALID_ID: 2585889
2023-06-30 15:15:49 [booklist] INFO: VALID_ID: 2585890
2023-06-30 15:15:49 [booklist] INFO: VALID_ID: 2585895
2023-06-30 15:15:49 [booklist] INFO: VALID_ID: 2585901
2023-06-30 15:15:49 [booklist] INFO: VALID_ID: 2585934
2023-06-30 15:15:49 [booklist] INFO: VALID_ID: 2585775
2023-06-30 15:15:49 [booklist] INFO: VALID_ID: 2585879
2023-06-30 15:15:49 [booklist] INFO: VALID_ID: 2585802
2023-06-30 15:15:49 [booklist] INFO: VALID_ID: 2585900
2023-06-30 15:15:49 [booklist] INFO: VALID_ID: 2585818
2023-06-30 15:15:49 [booklist] INFO: VALID_ID: 2585922
2023-06-30 15:15:49 [booklist] INFO: VALID_ID: 2585936
2023-06-30 15:15:49 [booklist] INFO: VALID_ID: 1287956
2023-06-30 15:15:49 [booklist] INFO: VALID_ID: 2610893
2023-06-30 15:15:49 [booklist] INFO: VALID_ID: 2585854
2023-06-30 15:15:49 [booklist] INFO: VALID_ID: 2585804
2023-06-30 15:15:49 [booklist] INFO: VALID_ID: 2585903
2023-06-30 15:15:49 [booklist] INFO: VALID_ID: 2585826
2023-06-30 15:15:49 [booklist] INFO: VALID_ID: 2585931
2023-06-30 15:15:49 [booklist] INFO: VALID_ID: 2585850
2023-06-30 15:15:49 [booklist] INFO: VALID_ID: 2585948
2023-06-30 15:15:49 [booklist] INFO: VALID_ID: 11038875
2023-06-30 15:15:49 [booklist] INFO: VALID_ID: 11038876
2023-06-30 15:15:49 [booklist] INFO: VALID_ID: 11038884
2023-06-30 15:15:49 [booklist] INFO: VALID_ID: 11038914
2023-06-30 15:15:49 [booklist] INFO: VALID_ID: 11038911
2023-06-30 15:15:49 [booklist] INFO: VALID_ID: 2585798
2023-06-30 15:15:49 [booklist] INFO: VALID_ID: 2585902
2023-06-30 15:15:49 [booklist] INFO: VALID_ID: 2585840
2023-06-30 15:15:49 [booklist] INFO: VALID_ID: 11038892
2023-06-30 15:15:49 [booklist] INFO: VALID_ID: 2585771
2023-06-30 15:15:49 [booklist] INFO: VALID_ID: 2585864
2023-06-30 15:15:49 [booklist] INFO: VALID_ID: 2585795
2023-06-30 15:15:49 [booklist] INFO: VALID_ID: 2585797
2023-06-30 15:15:49 [booklist] INFO: VALID_ID: 2585820
2023-06-30 15:15:49 [booklist] INFO: VALID_ID: 2585921
2023-06-30 15:15:49 [booklist] INFO: VALID_ID: 2585842
2023-06-30 15:15:49 [booklist] INFO: VALID_ID: 2561321
2023-06-30 15:15:49 [booklist] INFO: VALID_ID: 11038908
2023-06-30 15:15:49 [booklist] INFO: VALID_ID: 2585763
2023-06-30 15:15:49 [booklist] INFO: VALID_ID: 2585860
2023-06-30 15:15:49 [booklist] INFO: VALID_ID: 2585768
2023-06-30 15:15:49 [booklist] INFO: VALID_ID: 2585909
2023-06-30 15:15:49 [booklist] INFO: VALID_ID: 2585835
2023-06-30 15:15:49 [booklist] INFO: VALID_ID: 2585847
2023-06-30 15:15:49 [booklist] INFO: VALID_ID: 2585874
2023-06-30 15:15:49 [booklist] INFO: VALID_ID: 2585769
2023-06-30 15:15:49 [booklist] INFO: VALID_ID: 2585871
2023-06-30 15:15:49 [booklist] INFO: VALID_ID: 2585892
2023-06-30 15:15:49 [booklist] INFO: VALID_ID: 2585933
2023-06-30 15:15:49 [booklist] INFO: VALID_ID: 2585776
2023-06-30 15:15:49 [booklist] INFO: VALID_ID: 2585778
2023-06-30 15:15:49 [booklist] INFO: VALID_ID: 2585882
2023-06-30 15:15:49 [booklist] INFO: VALID_ID: 2585799
2023-06-30 15:15:49 [booklist] INFO: VALID_ID: 2585833
2023-06-30 15:15:49 [booklist] INFO: VALID_ID: 2585940
2023-06-30 15:15:49 [booklist] INFO: VALID_ID: 11038919
2023-06-30 15:15:49 [booklist] INFO: VALID_ID: 2605995
2023-06-30 15:15:49 [booklist] INFO: VALID_ID: 2555230
2023-06-30 15:15:49 [booklist] INFO: VALID_ID: 2585823
2023-06-30 15:15:49 [booklist] INFO: VALID_ID: 2585920
2023-06-30 15:15:49 [booklist] INFO: VALID_ID: 2585764
2023-06-30 15:15:49 [booklist] INFO: VALID_ID: 2585910
2023-06-30 15:15:49 [booklist] INFO: VALID_ID: 2585913
2023-06-30 15:15:49 [booklist] INFO: VALID_ID: 11892587
2023-06-30 15:15:50 [scrapy.core.engine] DEBUG: Crawled (200) <POST https://dl.ndl.go.jp/api/item/search> (referer: https://dl.ndl.go.jp/api/item/search)
2023-06-30 15:15:50 [booklist] INFO: Fetched page 12
2023-06-30 15:15:50 [booklist] INFO: VALID_ID: 2585874
2023-06-30 15:15:50 [booklist] INFO: VALID_ID: 2585769
2023-06-30 15:15:50 [booklist] INFO: VALID_ID: 2585871
2023-06-30 15:15:50 [booklist] INFO: VALID_ID: 2585892
2023-06-30 15:15:50 [booklist] INFO: VALID_ID: 2585933
2023-06-30 15:15:50 [booklist] INFO: VALID_ID: 11038894
2023-06-30 15:15:50 [booklist] INFO: VALID_ID: 2585776
2023-06-30 15:15:50 [booklist] INFO: VALID_ID: 2585778
2023-06-30 15:15:50 [booklist] INFO: VALID_ID: 2585882
2023-06-30 15:15:50 [booklist] INFO: VALID_ID: 2585799
2023-06-30 15:15:50 [booklist] INFO: VALID_ID: 2585833
2023-06-30 15:15:50 [booklist] INFO: VALID_ID: 2585940
2023-06-30 15:15:50 [booklist] INFO: VALID_ID: 11038919
2023-06-30 15:15:50 [booklist] INFO: VALID_ID: 11892789
2023-06-30 15:15:50 [booklist] INFO: VALID_ID: 2585823
2023-06-30 15:15:50 [booklist] INFO: VALID_ID: 2585920
2023-06-30 15:15:50 [booklist] INFO: VALID_ID: 2585764
2023-06-30 15:15:50 [booklist] INFO: VALID_ID: 2585910
2023-06-30 15:15:50 [booklist] INFO: VALID_ID: 2585913
2023-06-30 15:15:50 [booklist] INFO: VALID_ID: 11038891
2023-06-30 15:15:50 [booklist] INFO: VALID_ID: 11038913
2023-06-30 15:15:50 [booklist] INFO: VALID_ID: 11892587
2023-06-30 15:15:50 [booklist] INFO: VALID_ID: 2585853
2023-06-30 15:15:50 [booklist] INFO: VALID_ID: 2585893
2023-06-30 15:15:50 [booklist] INFO: VALID_ID: 2585911
2023-06-30 15:15:50 [booklist] INFO: VALID_ID: 2585917
2023-06-30 15:15:50 [booklist] INFO: VALID_ID: 2585838
2023-06-30 15:15:50 [booklist] INFO: VALID_ID: 2585779
2023-06-30 15:15:50 [booklist] INFO: VALID_ID: 2585886
2023-06-30 15:15:50 [booklist] INFO: VALID_ID: 2585807
2023-06-30 15:15:50 [booklist] INFO: VALID_ID: 11038878
2023-06-30 15:15:50 [booklist] INFO: VALID_ID: 11038896
2023-06-30 15:15:50 [booklist] INFO: VALID_ID: 11038904
2023-06-30 15:15:50 [booklist] INFO: VALID_ID: 2609212
2023-06-30 15:15:50 [booklist] INFO: VALID_ID: 11038874
2023-06-30 15:15:50 [booklist] INFO: VALID_ID: 11038880
2023-06-30 15:15:50 [booklist] INFO: VALID_ID: 11038889
2023-06-30 15:15:50 [booklist] INFO: VALID_ID: 11038905
2023-06-30 15:15:50 [booklist] INFO: VALID_ID: 11038909
2023-06-30 15:15:50 [booklist] INFO: VALID_ID: 11038907
2023-06-30 15:15:50 [booklist] INFO: VALID_ID: 9369959
2023-06-30 15:15:50 [booklist] INFO: VALID_ID: 2585873
2023-06-30 15:15:50 [booklist] INFO: VALID_ID: 2585918
2023-06-30 15:15:50 [booklist] INFO: VALID_ID: 2585829
2023-06-30 15:15:50 [booklist] INFO: VALID_ID: 2585938
2023-06-30 15:15:50 [booklist] INFO: VALID_ID: 2585941
2023-06-30 15:15:50 [booklist] INFO: VALID_ID: 2606594
2023-06-30 15:15:50 [booklist] INFO: VALID_ID: 11038912
2023-06-30 15:15:50 [booklist] INFO: VALID_ID: 11038906
2023-06-30 15:15:50 [booklist] INFO: VALID_ID: 2585765
2023-06-30 15:15:50 [booklist] INFO: VALID_ID: 2585859
2023-06-30 15:15:50 [booklist] INFO: VALID_ID: 2585899
2023-06-30 15:15:50 [booklist] INFO: VALID_ID: 2585811
2023-06-30 15:15:50 [booklist] INFO: VALID_ID: 2585827
2023-06-30 15:15:50 [booklist] INFO: VALID_ID: 2585937
2023-06-30 15:15:50 [booklist] INFO: VALID_ID: 2585843
2023-06-30 15:15:50 [booklist] INFO: VALID_ID: 2585849
2023-06-30 15:15:50 [booklist] INFO: VALID_ID: 11038887
2023-06-30 15:15:50 [booklist] INFO: VALID_ID: 11038902
2023-06-30 15:15:50 [booklist] INFO: VALID_ID: 2585855
2023-06-30 15:15:50 [booklist] INFO: VALID_ID: 2585777
2023-06-30 15:15:50 [booklist] INFO: VALID_ID: 2585783
2023-06-30 15:15:50 [booklist] INFO: VALID_ID: 2585894
2023-06-30 15:15:50 [booklist] INFO: VALID_ID: 2585830
2023-06-30 15:15:50 [booklist] INFO: VALID_ID: 2585945
2023-06-30 15:15:50 [booklist] INFO: VALID_ID: 11038898
2023-06-30 15:15:50 [booklist] INFO: VALID_ID: 11038885
2023-06-30 15:15:50 [booklist] INFO: VALID_ID: 11038899
2023-06-30 15:15:50 [booklist] INFO: VALID_ID: 2608884
2023-06-30 15:15:50 [booklist] INFO: VALID_ID: 2585759
2023-06-30 15:15:50 [booklist] INFO: VALID_ID: 2585762
2023-06-30 15:15:50 [booklist] INFO: VALID_ID: 2585794
2023-06-30 15:15:50 [booklist] INFO: VALID_ID: 2585905
2023-06-30 15:15:50 [booklist] INFO: VALID_ID: 11038890
2023-06-30 15:15:50 [booklist] INFO: VALID_ID: 2610833
2023-06-30 15:15:50 [booklist] INFO: VALID_ID: 11038877
2023-06-30 15:15:50 [booklist] INFO: VALID_ID: 11038908
2023-06-30 15:15:50 [booklist] INFO: VALID_ID: 11038882
2023-06-30 15:15:50 [booklist] INFO: VALID_ID: 11038886
2023-06-30 15:15:50 [booklist] INFO: VALID_ID: 11038893
2023-06-30 15:15:50 [booklist] INFO: VALID_ID: 11038895
2023-06-30 15:15:50 [booklist] INFO: VALID_ID: 2550783
2023-06-30 15:15:50 [booklist] INFO: VALID_ID: 2605995
2023-06-30 15:15:50 [booklist] INFO: VALID_ID: 2609656
2023-06-30 15:15:50 [booklist] INFO: VALID_ID: 2609621
2023-06-30 15:15:50 [booklist] INFO: VALID_ID: 2609222
2023-06-30 15:15:50 [booklist] INFO: VALID_ID: 2563205
2023-06-30 15:15:50 [booklist] INFO: VALID_ID: 11891861
2023-06-30 15:15:50 [booklist] INFO: VALID_ID: 11446659
2023-06-30 15:15:50 [booklist] INFO: VALID_ID: 2608047
2023-06-30 15:15:50 [booklist] INFO: VALID_ID: 12865370
2023-06-30 15:15:50 [booklist] INFO: VALID_ID: 1287437
2023-06-30 15:15:50 [booklist] INFO: VALID_ID: 2610707
2023-06-30 15:15:50 [booklist] INFO: VALID_ID: 2607426
2023-06-30 15:15:50 [booklist] INFO: VALID_ID: 2608748
2023-06-30 15:15:50 [booklist] INFO: VALID_ID: 2609242
2023-06-30 15:15:50 [booklist] INFO: VALID_ID: 2532533
2023-06-30 15:15:50 [booklist] INFO: VALID_ID: 12865356
2023-06-30 15:15:50 [booklist] INFO: VALID_ID: 2610444
2023-06-30 15:15:50 [booklist] INFO: VALID_ID: 2606319
2023-06-30 15:15:51 [scrapy.core.engine] DEBUG: Crawled (200) <POST https://dl.ndl.go.jp/api/item/search> (referer: https://dl.ndl.go.jp/api/item/search)
2023-06-30 15:15:51 [booklist] INFO: Fetched page 13
2023-06-30 15:15:51 [booklist] INFO: VALID_ID: 2608748
2023-06-30 15:15:51 [booklist] INFO: VALID_ID: 2611035
2023-06-30 15:15:51 [booklist] INFO: VALID_ID: 2606349
2023-06-30 15:15:51 [booklist] INFO: VALID_ID: 11446377
2023-06-30 15:15:51 [booklist] INFO: VALID_ID: 2609924
2023-06-30 15:15:51 [booklist] INFO: VALID_ID: 2583669
2023-06-30 15:15:51 [booklist] INFO: VALID_ID: 2583670
2023-06-30 15:15:51 [booklist] INFO: VALID_ID: 2610444
2023-06-30 15:15:51 [booklist] INFO: VALID_ID: 2610535
2023-06-30 15:15:51 [booklist] INFO: VALID_ID: 1287099
2023-06-30 15:15:51 [booklist] INFO: VALID_ID: 1286549
2023-06-30 15:15:51 [booklist] INFO: VALID_ID: 2609279
2023-06-30 15:15:51 [booklist] INFO: VALID_ID: 2535350
2023-06-30 15:15:51 [booklist] INFO: VALID_ID: 2608563
2023-06-30 15:15:51 [booklist] INFO: VALID_ID: 2606303
2023-06-30 15:15:51 [booklist] INFO: VALID_ID: 2608843
2023-06-30 15:15:51 [booklist] INFO: VALID_ID: 1286551
2023-06-30 15:15:51 [booklist] INFO: VALID_ID: 2605724
2023-06-30 15:15:51 [booklist] INFO: VALID_ID: 2583684
2023-06-30 15:15:51 [booklist] INFO: VALID_ID: 1286552
2023-06-30 15:15:51 [booklist] INFO: VALID_ID: 2609783
2023-06-30 15:15:51 [booklist] INFO: VALID_ID: 1286492
2023-06-30 15:15:51 [booklist] INFO: VALID_ID: 2583715
2023-06-30 15:15:51 [booklist] INFO: VALID_ID: 2583668
2023-06-30 15:15:51 [booklist] INFO: VALID_ID: 2583702
2023-06-30 15:15:51 [booklist] INFO: VALID_ID: 2583679
2023-06-30 15:15:51 [booklist] INFO: VALID_ID: 2583721
2023-06-30 15:15:51 [booklist] INFO: VALID_ID: 2583690
2023-06-30 15:15:51 [booklist] INFO: VALID_ID: 2583704
2023-06-30 15:15:51 [booklist] INFO: VALID_ID: 2583708
2023-06-30 15:15:51 [booklist] INFO: VALID_ID: 2583711
2023-06-30 15:15:51 [booklist] INFO: VALID_ID: 2583675
2023-06-30 15:15:51 [booklist] INFO: VALID_ID: 1286546
2023-06-30 15:15:51 [booklist] INFO: VALID_ID: 2533422
2023-06-30 15:15:51 [booklist] INFO: VALID_ID: 2583681
2023-06-30 15:15:51 [booklist] INFO: VALID_ID: 2583673
2023-06-30 15:15:51 [booklist] INFO: VALID_ID: 2583660
2023-06-30 15:15:51 [booklist] INFO: VALID_ID: 2583667
2023-06-30 15:15:51 [booklist] INFO: VALID_ID: 2583697
2023-06-30 15:15:51 [booklist] INFO: VALID_ID: 2583693
2023-06-30 15:15:51 [booklist] INFO: VALID_ID: 2583696
2023-06-30 15:15:51 [booklist] INFO: VALID_ID: 2583716
2023-06-30 15:15:51 [booklist] INFO: VALID_ID: 2583719
2023-06-30 15:15:51 [booklist] INFO: VALID_ID: 2583680
2023-06-30 15:15:51 [booklist] INFO: VALID_ID: 2583687
2023-06-30 15:15:51 [booklist] INFO: VALID_ID: 2610518
2023-06-30 15:15:51 [booklist] INFO: VALID_ID: 2583659
2023-06-30 15:15:51 [booklist] INFO: VALID_ID: 2583694
2023-06-30 15:15:51 [booklist] INFO: VALID_ID: 2583678
2023-06-30 15:15:51 [booklist] INFO: VALID_ID: 2583685
2023-06-30 15:15:51 [booklist] INFO: VALID_ID: 2583722
2023-06-30 15:15:51 [booklist] INFO: VALID_ID: 2583691
2023-06-30 15:15:51 [booklist] INFO: VALID_ID: 2583706
2023-06-30 15:15:51 [booklist] INFO: VALID_ID: 2610368
2023-06-30 15:15:51 [booklist] INFO: VALID_ID: 2583661
2023-06-30 15:15:51 [booklist] INFO: VALID_ID: 2583664
2023-06-30 15:15:51 [booklist] INFO: VALID_ID: 2583717
2023-06-30 15:15:51 [booklist] INFO: VALID_ID: 11446378
2023-06-30 15:15:51 [booklist] INFO: VALID_ID: 2583714
2023-06-30 15:15:51 [booklist] INFO: VALID_ID: 2583683
2023-06-30 15:15:51 [booklist] INFO: VALID_ID: 2610561
2023-06-30 15:15:51 [booklist] INFO: VALID_ID: 2583672
2023-06-30 15:15:51 [booklist] INFO: VALID_ID: 2583707
2023-06-30 15:15:51 [booklist] INFO: VALID_ID: 2583710
2023-06-30 15:15:51 [booklist] INFO: VALID_ID: 2583695
2023-06-30 15:15:51 [booklist] INFO: VALID_ID: 2583671
2023-06-30 15:15:51 [booklist] INFO: VALID_ID: 2583674
2023-06-30 15:15:51 [booklist] INFO: VALID_ID: 2583689
2023-06-30 15:15:51 [booklist] INFO: VALID_ID: 2607887
2023-06-30 15:15:51 [booklist] INFO: VALID_ID: 1286545
2023-06-30 15:15:51 [booklist] INFO: VALID_ID: 2583705
2023-06-30 15:15:51 [booklist] INFO: VALID_ID: 2583718
2023-06-30 15:15:51 [booklist] INFO: VALID_ID: 2608597
2023-06-30 15:15:51 [booklist] INFO: VALID_ID: 2583701
2023-06-30 15:15:51 [booklist] INFO: VALID_ID: 2583709
2023-06-30 15:15:51 [booklist] INFO: VALID_ID: 2583725
2023-06-30 15:15:51 [booklist] INFO: VALID_ID: 2583665
2023-06-30 15:15:51 [booklist] INFO: VALID_ID: 2583699
2023-06-30 15:15:51 [booklist] INFO: VALID_ID: 2607286
2023-06-30 15:15:51 [booklist] INFO: VALID_ID: 2583692
2023-06-30 15:15:51 [booklist] INFO: VALID_ID: 2583662
2023-06-30 15:15:51 [booklist] INFO: VALID_ID: 2583666
2023-06-30 15:15:51 [booklist] INFO: VALID_ID: 2583700
2023-06-30 15:15:51 [booklist] INFO: VALID_ID: 2583686
2023-06-30 15:15:51 [booklist] INFO: VALID_ID: 2583682
2023-06-30 15:15:51 [booklist] INFO: VALID_ID: 1286592
2023-06-30 15:15:51 [booklist] INFO: VALID_ID: 1286553
2023-06-30 15:15:51 [booklist] INFO: VALID_ID: 2583698
2023-06-30 15:15:51 [booklist] INFO: VALID_ID: 2583703
2023-06-30 15:15:51 [booklist] INFO: VALID_ID: 2583676
2023-06-30 15:15:51 [booklist] INFO: VALID_ID: 2583712
2023-06-30 15:15:51 [booklist] INFO: VALID_ID: 2583723
2023-06-30 15:15:51 [booklist] INFO: VALID_ID: 1286291
2023-06-30 15:15:51 [booklist] INFO: VALID_ID: 1286293
2023-06-30 15:15:51 [booklist] INFO: VALID_ID: 2583663
2023-06-30 15:15:51 [booklist] INFO: VALID_ID: 2583677
2023-06-30 15:15:51 [booklist] INFO: VALID_ID: 2583713
2023-06-30 15:15:51 [booklist] INFO: VALID_ID: 2583688
2023-06-30 15:15:51 [booklist] INFO: VALID_ID: 2608824
2023-06-30 15:15:51 [booklist] INFO: VALID_ID: 2610138
2023-06-30 15:15:52 [scrapy.core.engine] DEBUG: Crawled (200) <POST https://dl.ndl.go.jp/api/item/search> (referer: https://dl.ndl.go.jp/api/item/search)
2023-06-30 15:15:52 [booklist] INFO: Fetched page 14
2023-06-30 15:15:52 [booklist] INFO: VALID_ID: 1286544
2023-06-30 15:15:52 [booklist] INFO: VALID_ID: 1287138
2023-06-30 15:15:52 [booklist] INFO: VALID_ID: 1286550
2023-06-30 15:15:52 [booklist] INFO: VALID_ID: 2608097
2023-06-30 15:15:52 [booklist] INFO: VALID_ID: 2610801
2023-06-30 15:15:52 [booklist] INFO: VALID_ID: 1286393
2023-06-30 15:15:52 [booklist] INFO: VALID_ID: 2609546
2023-06-30 15:15:52 [booklist] INFO: VALID_ID: 2609783
2023-06-30 15:15:52 [booklist] INFO: VALID_ID: 9369960
2023-06-30 15:15:52 [booklist] INFO: VALID_ID: 2609582
2023-06-30 15:15:52 [booklist] INFO: VALID_ID: 2543831
2023-06-30 15:15:52 [booklist] INFO: VALID_ID: 2570415
2023-06-30 15:15:52 [booklist] INFO: VALID_ID: 1286547
2023-06-30 15:15:52 [booklist] INFO: VALID_ID: 2539104
2023-06-30 15:15:52 [booklist] INFO: VALID_ID: 2606035
2023-06-30 15:15:52 [booklist] INFO: VALID_ID: 1287955
2023-06-30 15:15:52 [booklist] INFO: VALID_ID: 2605758
2023-06-30 15:15:52 [booklist] INFO: VALID_ID: 2607879
2023-06-30 15:15:52 [booklist] INFO: VALID_ID: 2539120
2023-06-30 15:15:52 [booklist] INFO: VALID_ID: 2609107
2023-06-30 15:15:52 [booklist] INFO: VALID_ID: 2610088
2023-06-30 15:15:52 [booklist] INFO: VALID_ID: 11446309
2023-06-30 15:15:52 [booklist] INFO: VALID_ID: 11446570
2023-06-30 15:15:52 [booklist] INFO: VALID_ID: 11446611
2023-06-30 15:15:52 [booklist] INFO: VALID_ID: 11446588
2023-06-30 15:15:52 [booklist] INFO: VALID_ID: 2608848
2023-06-30 15:15:52 [booklist] INFO: VALID_ID: 11446530
2023-06-30 15:15:52 [booklist] INFO: VALID_ID: 11446469
2023-06-30 15:15:52 [booklist] INFO: VALID_ID: 2609000
2023-06-30 15:15:52 [booklist] INFO: VALID_ID: 2606258
2023-06-30 15:15:52 [booklist] INFO: VALID_ID: 2605465
2023-06-30 15:15:52 [booklist] INFO: VALID_ID: 2587224
2023-06-30 15:15:52 [scrapy.core.engine] DEBUG: Crawled (200) <POST https://dl.ndl.go.jp/api/item/search> (referer: https://dl.ndl.go.jp/api/item/search)
2023-06-30 15:15:53 [booklist] INFO: Fetched page 15
2023-06-30 15:15:53 [booklist] INFO: No more books on 15
2023-06-30 15:15:53 [scrapy.core.engine] INFO: Closing spider (finished)
2023-06-30 15:15:53 [scrapy.statscollectors] INFO: Dumping Scrapy stats:
{'downloader/request_bytes': 20386,
 'downloader/request_count': 16,
 'downloader/request_method_count/GET': 1,
 'downloader/request_method_count/POST': 15,
 'downloader/response_bytes': 6977257,
 'downloader/response_count': 16,
 'downloader/response_status_count/200': 16,
 'elapsed_time_seconds': 22.689158,
 'finish_reason': 'finished',
 'finish_time': datetime.datetime(2023, 6, 30, 7, 15, 53, 17646),
 'httpcompression/response_bytes': 81791908,
 'httpcompression/response_count': 15,
 'log_count/DEBUG': 19,
 'log_count/INFO': 1358,
 'memusage/max': 63758336,
 'memusage/startup': 63758336,
 'request_depth_max': 14,
 'response_received_count': 16,
 'robotstxt/request_count': 1,
 'robotstxt/response_count': 1,
 'robotstxt/response_status_count/200': 1,
 'scheduler/dequeued': 15,
 'scheduler/dequeued/memory': 15,
 'scheduler/enqueued': 15,
 'scheduler/enqueued/memory': 15,
 'start_time': datetime.datetime(2023, 6, 30, 7, 15, 30, 328488)}
2023-06-30 15:15:53 [scrapy.core.engine] INFO: Spider closed (finished)
