2023-06-30 19:40:39 [scrapy.utils.log] INFO: Scrapy 2.9.0 started (bot: ndlcrawler)
2023-06-30 19:40:39 [scrapy.utils.log] INFO: Versions: lxml 4.9.2.0, libxml2 2.9.14, cssselect 1.2.0, parsel 1.8.1, w3lib 2.1.1, Twisted 22.10.0, Python 3.10.10 (main, Mar  5 2023, 22:26:53) [GCC 12.2.1 20230201], pyOpenSSL 23.2.0 (OpenSSL 3.1.1 30 May 2023), cryptography 41.0.1, Platform Linux-6.2.12-arch1-1-x86_64-with-glibc2.37
2023-06-30 19:40:39 [scrapy.crawler] INFO: Overridden settings:
{'BOT_NAME': 'ndlcrawler',
 'FEED_EXPORT_ENCODING': 'utf-8',
 'LOG_FILE': 'logs/booklist.title.等.DESC.log',
 'NEWSPIDER_MODULE': 'ndlcrawler.spiders',
 'REQUEST_FINGERPRINTER_IMPLEMENTATION': '2.7',
 'ROBOTSTXT_OBEY': True,
 'SPIDER_MODULES': ['ndlcrawler.spiders'],
 'TWISTED_REACTOR': 'twisted.internet.asyncioreactor.AsyncioSelectorReactor'}
2023-06-30 19:40:39 [asyncio] DEBUG: Using selector: EpollSelector
2023-06-30 19:40:39 [scrapy.utils.log] DEBUG: Using reactor: twisted.internet.asyncioreactor.AsyncioSelectorReactor
2023-06-30 19:40:39 [scrapy.utils.log] DEBUG: Using asyncio event loop: asyncio.unix_events._UnixSelectorEventLoop
2023-06-30 19:40:39 [scrapy.extensions.telnet] INFO: Telnet Password: 730e79f407bd1f84
2023-06-30 19:40:39 [scrapy.middleware] INFO: Enabled extensions:
['scrapy.extensions.corestats.CoreStats',
 'scrapy.extensions.telnet.TelnetConsole',
 'scrapy.extensions.memusage.MemoryUsage',
 'scrapy.extensions.logstats.LogStats']
2023-06-30 19:40:39 [scrapy.middleware] INFO: Enabled downloader middlewares:
['scrapy.downloadermiddlewares.robotstxt.RobotsTxtMiddleware',
 'scrapy.downloadermiddlewares.httpauth.HttpAuthMiddleware',
 'scrapy.downloadermiddlewares.downloadtimeout.DownloadTimeoutMiddleware',
 'scrapy.downloadermiddlewares.defaultheaders.DefaultHeadersMiddleware',
 'scrapy.downloadermiddlewares.useragent.UserAgentMiddleware',
 'scrapy.downloadermiddlewares.retry.RetryMiddleware',
 'scrapy.downloadermiddlewares.redirect.MetaRefreshMiddleware',
 'scrapy.downloadermiddlewares.httpcompression.HttpCompressionMiddleware',
 'scrapy.downloadermiddlewares.redirect.RedirectMiddleware',
 'scrapy.downloadermiddlewares.cookies.CookiesMiddleware',
 'scrapy.downloadermiddlewares.httpproxy.HttpProxyMiddleware',
 'scrapy.downloadermiddlewares.stats.DownloaderStats']
2023-06-30 19:40:39 [scrapy.middleware] INFO: Enabled spider middlewares:
['scrapy.spidermiddlewares.httperror.HttpErrorMiddleware',
 'scrapy.spidermiddlewares.offsite.OffsiteMiddleware',
 'scrapy.spidermiddlewares.referer.RefererMiddleware',
 'scrapy.spidermiddlewares.urllength.UrlLengthMiddleware',
 'scrapy.spidermiddlewares.depth.DepthMiddleware']
2023-06-30 19:40:39 [scrapy.middleware] INFO: Enabled item pipelines:
[]
2023-06-30 19:40:39 [scrapy.core.engine] INFO: Spider opened
2023-06-30 19:40:39 [scrapy.extensions.logstats] INFO: Crawled 0 pages (at 0 pages/min), scraped 0 items (at 0 items/min)
2023-06-30 19:40:39 [scrapy.extensions.telnet] INFO: Telnet console listening on 127.0.0.1:6023
2023-06-30 19:40:40 [scrapy.core.engine] DEBUG: Crawled (200) <GET https://dl.ndl.go.jp/robots.txt> (referer: None)
2023-06-30 19:40:41 [scrapy.core.engine] DEBUG: Crawled (200) <POST https://dl.ndl.go.jp/api/item/search> (referer: None)
2023-06-30 19:40:41 [booklist] INFO: Fetched page 1
2023-06-30 19:40:42 [booklist] INFO: VALID_ID: 2572174
2023-06-30 19:40:42 [booklist] INFO: VALID_ID: 2588513
2023-06-30 19:40:42 [booklist] INFO: VALID_ID: 2588458
2023-06-30 19:40:42 [booklist] INFO: VALID_ID: 2588510
2023-06-30 19:40:42 [booklist] INFO: VALID_ID: 2588517
2023-06-30 19:40:42 [booklist] INFO: VALID_ID: 2588497
2023-06-30 19:40:42 [booklist] INFO: VALID_ID: 2588503
2023-06-30 19:40:42 [booklist] INFO: VALID_ID: 2588453
2023-06-30 19:40:42 [booklist] INFO: VALID_ID: 2588452
2023-06-30 19:40:42 [booklist] INFO: VALID_ID: 2588502
2023-06-30 19:40:42 [booklist] INFO: VALID_ID: 11299489
2023-06-30 19:40:42 [booklist] INFO: VALID_ID: 2588454
2023-06-30 19:40:42 [booklist] INFO: VALID_ID: 2588505
2023-06-30 19:40:42 [booklist] INFO: VALID_ID: 2588506
2023-06-30 19:40:42 [booklist] INFO: VALID_ID: 2588450
2023-06-30 19:40:42 [booklist] INFO: VALID_ID: 2588457
2023-06-30 19:40:42 [booklist] INFO: VALID_ID: 2588491
2023-06-30 19:40:42 [booklist] INFO: VALID_ID: 2588494
2023-06-30 19:40:42 [booklist] INFO: VALID_ID: 2548378
2023-06-30 19:40:42 [booklist] INFO: VALID_ID: 2588509
2023-06-30 19:40:42 [booklist] INFO: VALID_ID: 2588512
2023-06-30 19:40:42 [booklist] INFO: VALID_ID: 2572173
2023-06-30 19:40:42 [booklist] INFO: VALID_ID: 11299469
2023-06-30 19:40:42 [booklist] INFO: VALID_ID: 2540740
2023-06-30 19:40:42 [booklist] INFO: VALID_ID: 11299471
2023-06-30 19:40:42 [booklist] INFO: VALID_ID: 2606687
2023-06-30 19:40:42 [booklist] INFO: VALID_ID: 2548377
2023-06-30 19:40:42 [booklist] INFO: VALID_ID: 2589321
2023-06-30 19:40:42 [booklist] INFO: VALID_ID: 2550424
2023-06-30 19:40:42 [booklist] INFO: VALID_ID: 11299473
2023-06-30 19:40:42 [booklist] INFO: VALID_ID: 2589320
2023-06-30 19:40:42 [booklist] INFO: VALID_ID: 2589322
2023-06-30 19:40:42 [booklist] INFO: VALID_ID: 1313040
2023-06-30 19:40:42 [booklist] INFO: VALID_ID: 2588488
2023-06-30 19:40:42 [booklist] INFO: VALID_ID: 2588514
2023-06-30 19:40:42 [booklist] INFO: VALID_ID: 2548376
2023-06-30 19:40:42 [booklist] INFO: VALID_ID: 2535741
2023-06-30 19:40:42 [booklist] INFO: VALID_ID: 11299470
2023-06-30 19:40:42 [booklist] INFO: VALID_ID: 11299472
2023-06-30 19:40:42 [booklist] INFO: VALID_ID: 2588493
2023-06-30 19:40:42 [booklist] INFO: VALID_ID: 2588500
2023-06-30 19:40:42 [booklist] INFO: VALID_ID: 2588507
2023-06-30 19:40:42 [booklist] INFO: VALID_ID: 2589323
2023-06-30 19:40:42 [booklist] INFO: VALID_ID: 2589324
2023-06-30 19:40:42 [booklist] INFO: VALID_ID: 2588498
2023-06-30 19:40:42 [booklist] INFO: VALID_ID: 2540773
2023-06-30 19:40:42 [booklist] INFO: VALID_ID: 2572160
2023-06-30 19:40:42 [booklist] INFO: VALID_ID: 2588504
2023-06-30 19:40:42 [booklist] INFO: VALID_ID: 9893277
2023-06-30 19:40:42 [booklist] INFO: VALID_ID: 2543475
2023-06-30 19:40:42 [booklist] INFO: VALID_ID: 2588451
2023-06-30 19:40:42 [booklist] INFO: VALID_ID: 2572159
2023-06-30 19:40:42 [booklist] INFO: VALID_ID: 2543477
2023-06-30 19:40:42 [booklist] INFO: VALID_ID: 2543468
2023-06-30 19:40:42 [booklist] INFO: VALID_ID: 2543471
2023-06-30 19:40:42 [booklist] INFO: VALID_ID: 2550421
2023-06-30 19:40:42 [booklist] INFO: VALID_ID: 2543476
2023-06-30 19:40:42 [booklist] INFO: VALID_ID: 2533459
2023-06-30 19:40:42 [booklist] INFO: VALID_ID: 2543472
2023-06-30 19:40:42 [booklist] INFO: VALID_ID: 2543473
2023-06-30 19:40:42 [booklist] INFO: VALID_ID: 2541654
2023-06-30 19:40:42 [booklist] INFO: VALID_ID: 2589319
2023-06-30 19:40:42 [booklist] INFO: VALID_ID: 2543470
2023-06-30 19:40:42 [booklist] INFO: VALID_ID: 2592875
2023-06-30 19:40:42 [booklist] INFO: VALID_ID: 2543474
2023-06-30 19:40:42 [booklist] INFO: VALID_ID: 2550419
2023-06-30 19:40:42 [booklist] INFO: VALID_ID: 2550422
2023-06-30 19:40:42 [booklist] INFO: VALID_ID: 2588659
2023-06-30 19:40:42 [booklist] INFO: VALID_ID: 2605810
2023-06-30 19:40:42 [booklist] INFO: VALID_ID: 2543469
2023-06-30 19:40:42 [booklist] INFO: VALID_ID: 2547698
2023-06-30 19:40:42 [booklist] INFO: VALID_ID: 2533112
2023-06-30 19:40:42 [booklist] INFO: VALID_ID: 2550423
2023-06-30 19:40:42 [booklist] INFO: VALID_ID: 2606334
2023-06-30 19:40:42 [booklist] INFO: VALID_ID: 2588658
2023-06-30 19:40:42 [booklist] INFO: VALID_ID: 2608416
2023-06-30 19:40:42 [booklist] INFO: VALID_ID: 2550280
2023-06-30 19:40:42 [booklist] INFO: VALID_ID: 2550420
2023-06-30 19:40:42 [booklist] INFO: VALID_ID: 2550368
2023-06-30 19:40:42 [booklist] INFO: VALID_ID: 2592878
2023-06-30 19:40:42 [booklist] INFO: VALID_ID: 2547697
2023-06-30 19:40:42 [booklist] INFO: VALID_ID: 2547699
2023-06-30 19:40:42 [booklist] INFO: VALID_ID: 2589318
2023-06-30 19:40:42 [booklist] INFO: VALID_ID: 2607856
2023-06-30 19:40:42 [booklist] INFO: VALID_ID: 2588660
2023-06-30 19:40:42 [booklist] INFO: VALID_ID: 2550172
2023-06-30 19:40:42 [booklist] INFO: VALID_ID: 2592871
2023-06-30 19:40:42 [booklist] INFO: VALID_ID: 2542026
2023-06-30 19:40:42 [booklist] INFO: VALID_ID: 2568878
2023-06-30 19:40:42 [booklist] INFO: VALID_ID: 2592873
2023-06-30 19:40:42 [booklist] INFO: VALID_ID: 2607339
2023-06-30 19:40:42 [booklist] INFO: VALID_ID: 2548114
2023-06-30 19:40:42 [booklist] INFO: VALID_ID: 2592951
2023-06-30 19:40:42 [booklist] INFO: VALID_ID: 2585166
2023-06-30 19:40:42 [booklist] INFO: VALID_ID: 2540669
2023-06-30 19:40:42 [booklist] INFO: VALID_ID: 2548115
2023-06-30 19:40:42 [booklist] INFO: VALID_ID: 2599160
2023-06-30 19:40:42 [booklist] INFO: VALID_ID: 2599159
2023-06-30 19:40:42 [booklist] INFO: VALID_ID: 2592952
2023-06-30 19:40:42 [booklist] INFO: VALID_ID: 1310336
2023-06-30 19:40:42 [scrapy.core.engine] DEBUG: Crawled (200) <POST https://dl.ndl.go.jp/api/item/search> (referer: https://dl.ndl.go.jp/api/item/search)
2023-06-30 19:40:42 [booklist] INFO: Fetched page 2
2023-06-30 19:40:42 [booklist] INFO: VALID_ID: 2585204
2023-06-30 19:40:42 [booklist] INFO: VALID_ID: 2599158
2023-06-30 19:40:42 [booklist] INFO: VALID_ID: 2550173
2023-06-30 19:40:42 [booklist] INFO: VALID_ID: 2585223
2023-06-30 19:40:42 [booklist] INFO: VALID_ID: 2605642
2023-06-30 19:40:42 [booklist] INFO: VALID_ID: 2585399
2023-06-30 19:40:42 [booklist] INFO: VALID_ID: 2585389
2023-06-30 19:40:42 [booklist] INFO: VALID_ID: 2599156
2023-06-30 19:40:42 [booklist] INFO: VALID_ID: 2570704
2023-06-30 19:40:42 [booklist] INFO: VALID_ID: 2570717
2023-06-30 19:40:42 [booklist] INFO: VALID_ID: 2570737
2023-06-30 19:40:42 [booklist] INFO: VALID_ID: 2570751
2023-06-30 19:40:42 [booklist] INFO: VALID_ID: 2570753
2023-06-30 19:40:42 [booklist] INFO: VALID_ID: 2570761
2023-06-30 19:40:42 [booklist] INFO: VALID_ID: 2599161
2023-06-30 19:40:42 [booklist] INFO: VALID_ID: 2570702
2023-06-30 19:40:42 [booklist] INFO: VALID_ID: 2570709
2023-06-30 19:40:42 [booklist] INFO: VALID_ID: 2570713
2023-06-30 19:40:42 [booklist] INFO: VALID_ID: 2570725
2023-06-30 19:40:42 [booklist] INFO: VALID_ID: 2609231
2023-06-30 19:40:42 [booklist] INFO: VALID_ID: 2570716
2023-06-30 19:40:42 [booklist] INFO: VALID_ID: 2570731
2023-06-30 19:40:42 [booklist] INFO: VALID_ID: 2570771
2023-06-30 19:40:42 [booklist] INFO: VALID_ID: 2570776
2023-06-30 19:40:42 [booklist] INFO: VALID_ID: 2592874
2023-06-30 19:40:42 [booklist] INFO: VALID_ID: 2570672
2023-06-30 19:40:42 [booklist] INFO: VALID_ID: 2592853
2023-06-30 19:40:42 [booklist] INFO: VALID_ID: 2570683
2023-06-30 19:40:42 [booklist] INFO: VALID_ID: 2570714
2023-06-30 19:40:42 [booklist] INFO: VALID_ID: 2570727
2023-06-30 19:40:42 [booklist] INFO: VALID_ID: 2570679
2023-06-30 19:40:42 [booklist] INFO: VALID_ID: 2570689
2023-06-30 19:40:42 [booklist] INFO: VALID_ID: 2570696
2023-06-30 19:40:42 [booklist] INFO: VALID_ID: 2570707
2023-06-30 19:40:42 [booklist] INFO: VALID_ID: 2570739
2023-06-30 19:40:42 [booklist] INFO: VALID_ID: 2570759
2023-06-30 19:40:42 [booklist] INFO: VALID_ID: 2532275
2023-06-30 19:40:42 [booklist] INFO: VALID_ID: 2570686
2023-06-30 19:40:42 [booklist] INFO: VALID_ID: 2570701
2023-06-30 19:40:42 [booklist] INFO: VALID_ID: 2570722
2023-06-30 19:40:42 [booklist] INFO: VALID_ID: 2570721
2023-06-30 19:40:42 [booklist] INFO: VALID_ID: 2592848
2023-06-30 19:40:42 [booklist] INFO: VALID_ID: 2550168
2023-06-30 19:40:42 [booklist] INFO: VALID_ID: 2570660
2023-06-30 19:40:42 [booklist] INFO: VALID_ID: 2570664
2023-06-30 19:40:42 [booklist] INFO: VALID_ID: 2570670
2023-06-30 19:40:42 [booklist] INFO: VALID_ID: 2570682
2023-06-30 19:40:42 [booklist] INFO: VALID_ID: 2570698
2023-06-30 19:40:42 [booklist] INFO: VALID_ID: 2570750
2023-06-30 19:40:42 [booklist] INFO: VALID_ID: 2570774
2023-06-30 19:40:42 [booklist] INFO: VALID_ID: 2592834
2023-06-30 19:40:42 [booklist] INFO: VALID_ID: 2570685
2023-06-30 19:40:42 [booklist] INFO: VALID_ID: 2570744
2023-06-30 19:40:42 [booklist] INFO: VALID_ID: 2570757
2023-06-30 19:40:42 [booklist] INFO: VALID_ID: 2570760
2023-06-30 19:40:42 [booklist] INFO: VALID_ID: 2570779
2023-06-30 19:40:42 [booklist] INFO: VALID_ID: 2570786
2023-06-30 19:40:42 [booklist] INFO: VALID_ID: 2570690
2023-06-30 19:40:42 [booklist] INFO: VALID_ID: 2570719
2023-06-30 19:40:42 [booklist] INFO: VALID_ID: 2570732
2023-06-30 19:40:42 [booklist] INFO: VALID_ID: 2570749
2023-06-30 19:40:42 [booklist] INFO: VALID_ID: 2570755
2023-06-30 19:40:42 [booklist] INFO: VALID_ID: 2570768
2023-06-30 19:40:42 [booklist] INFO: VALID_ID: 2570780
2023-06-30 19:40:42 [booklist] INFO: VALID_ID: 2570785
2023-06-30 19:40:42 [booklist] INFO: VALID_ID: 2599157
2023-06-30 19:40:42 [booklist] INFO: VALID_ID: 2570708
2023-06-30 19:40:42 [booklist] INFO: VALID_ID: 2570718
2023-06-30 19:40:42 [booklist] INFO: VALID_ID: 2570772
2023-06-30 19:40:42 [booklist] INFO: VALID_ID: 2570673
2023-06-30 19:40:42 [booklist] INFO: VALID_ID: 2570676
2023-06-30 19:40:42 [booklist] INFO: VALID_ID: 2570691
2023-06-30 19:40:42 [booklist] INFO: VALID_ID: 2570705
2023-06-30 19:40:42 [booklist] INFO: VALID_ID: 2570726
2023-06-30 19:40:42 [booklist] INFO: VALID_ID: 2570740
2023-06-30 19:40:42 [booklist] INFO: VALID_ID: 2570781
2023-06-30 19:40:42 [booklist] INFO: VALID_ID: 2585292
2023-06-30 19:40:42 [booklist] INFO: VALID_ID: 1287702
2023-06-30 19:40:42 [booklist] INFO: VALID_ID: 2570756
2023-06-30 19:40:42 [booklist] INFO: VALID_ID: 2570766
2023-06-30 19:40:42 [booklist] INFO: VALID_ID: 2570783
2023-06-30 19:40:42 [booklist] INFO: VALID_ID: 2580954
2023-06-30 19:40:42 [booklist] INFO: VALID_ID: 2570666
2023-06-30 19:40:42 [booklist] INFO: VALID_ID: 2570667
2023-06-30 19:40:42 [booklist] INFO: VALID_ID: 2570677
2023-06-30 19:40:42 [booklist] INFO: VALID_ID: 2591001
2023-06-30 19:40:42 [booklist] INFO: VALID_ID: 2570703
2023-06-30 19:40:42 [booklist] INFO: VALID_ID: 2570723
2023-06-30 19:40:42 [booklist] INFO: VALID_ID: 2570743
2023-06-30 19:40:42 [booklist] INFO: VALID_ID: 2568880
2023-06-30 19:40:42 [booklist] INFO: VALID_ID: 2570728
2023-06-30 19:40:42 [booklist] INFO: VALID_ID: 2570681
2023-06-30 19:40:42 [booklist] INFO: VALID_ID: 2570738
2023-06-30 19:40:42 [booklist] INFO: VALID_ID: 2570775
2023-06-30 19:40:42 [booklist] INFO: VALID_ID: 2585027
2023-06-30 19:40:42 [booklist] INFO: VALID_ID: 2610304
2023-06-30 19:40:42 [booklist] INFO: VALID_ID: 2570700
2023-06-30 19:40:42 [booklist] INFO: VALID_ID: 2570745
2023-06-30 19:40:42 [booklist] INFO: VALID_ID: 1287659
2023-06-30 19:40:42 [booklist] INFO: VALID_ID: 2591003
2023-06-30 19:40:43 [scrapy.core.engine] DEBUG: Crawled (200) <POST https://dl.ndl.go.jp/api/item/search> (referer: https://dl.ndl.go.jp/api/item/search)
2023-06-30 19:40:43 [booklist] INFO: Fetched page 3
2023-06-30 19:40:44 [booklist] INFO: VALID_ID: 2570760
2023-06-30 19:40:44 [booklist] INFO: VALID_ID: 2570779
2023-06-30 19:40:44 [booklist] INFO: VALID_ID: 2570786
2023-06-30 19:40:44 [booklist] INFO: VALID_ID: 2570686
2023-06-30 19:40:44 [booklist] INFO: VALID_ID: 2570701
2023-06-30 19:40:44 [booklist] INFO: VALID_ID: 2570722
2023-06-30 19:40:44 [booklist] INFO: VALID_ID: 2592834
2023-06-30 19:40:44 [booklist] INFO: VALID_ID: 2570666
2023-06-30 19:40:44 [booklist] INFO: VALID_ID: 2570667
2023-06-30 19:40:44 [booklist] INFO: VALID_ID: 2585034
2023-06-30 19:40:44 [booklist] INFO: VALID_ID: 2570679
2023-06-30 19:40:44 [booklist] INFO: VALID_ID: 2570689
2023-06-30 19:40:44 [booklist] INFO: VALID_ID: 2570696
2023-06-30 19:40:44 [booklist] INFO: VALID_ID: 2570707
2023-06-30 19:40:44 [booklist] INFO: VALID_ID: 2570739
2023-06-30 19:40:44 [booklist] INFO: VALID_ID: 2570759
2023-06-30 19:40:44 [booklist] INFO: VALID_ID: 2570682
2023-06-30 19:40:44 [booklist] INFO: VALID_ID: 2570698
2023-06-30 19:40:44 [booklist] INFO: VALID_ID: 2570750
2023-06-30 19:40:44 [booklist] INFO: VALID_ID: 2570774
2023-06-30 19:40:44 [booklist] INFO: VALID_ID: 2585033
2023-06-30 19:40:44 [booklist] INFO: VALID_ID: 2570660
2023-06-30 19:40:44 [booklist] INFO: VALID_ID: 2570664
2023-06-30 19:40:44 [booklist] INFO: VALID_ID: 2570670
2023-06-30 19:40:44 [booklist] INFO: VALID_ID: 2570688
2023-06-30 19:40:44 [booklist] INFO: VALID_ID: 2570736
2023-06-30 19:40:44 [booklist] INFO: VALID_ID: 2570769
2023-06-30 19:40:44 [booklist] INFO: VALID_ID: 2585032
2023-06-30 19:40:44 [booklist] INFO: VALID_ID: 2570730
2023-06-30 19:40:44 [booklist] INFO: VALID_ID: 2570758
2023-06-30 19:40:44 [booklist] INFO: VALID_ID: 2570787
2023-06-30 19:40:44 [booklist] INFO: VALID_ID: 2585031
2023-06-30 19:40:44 [booklist] INFO: VALID_ID: 2570742
2023-06-30 19:40:44 [booklist] INFO: VALID_ID: 2591000
2023-06-30 19:40:44 [booklist] INFO: VALID_ID: 2592974
2023-06-30 19:40:44 [booklist] INFO: VALID_ID: 2570699
2023-06-30 19:40:44 [booklist] INFO: VALID_ID: 2570720
2023-06-30 19:40:44 [booklist] INFO: VALID_ID: 2570763
2023-06-30 19:40:44 [booklist] INFO: VALID_ID: 2570765
2023-06-30 19:40:44 [booklist] INFO: VALID_ID: 2570773
2023-06-30 19:40:44 [booklist] INFO: VALID_ID: 2570668
2023-06-30 19:40:44 [booklist] INFO: VALID_ID: 2568880
2023-06-30 19:40:44 [booklist] INFO: VALID_ID: 2580959
2023-06-30 19:40:44 [booklist] INFO: VALID_ID: 2592870
2023-06-30 19:40:44 [booklist] INFO: VALID_ID: 2570690
2023-06-30 19:40:44 [booklist] INFO: VALID_ID: 2570719
2023-06-30 19:40:44 [booklist] INFO: VALID_ID: 2570732
2023-06-30 19:40:44 [booklist] INFO: VALID_ID: 2570749
2023-06-30 19:40:44 [booklist] INFO: VALID_ID: 2570755
2023-06-30 19:40:44 [booklist] INFO: VALID_ID: 2570768
2023-06-30 19:40:44 [booklist] INFO: VALID_ID: 2570780
2023-06-30 19:40:44 [booklist] INFO: VALID_ID: 2570785
2023-06-30 19:40:44 [booklist] INFO: VALID_ID: 2592973
2023-06-30 19:40:44 [booklist] INFO: VALID_ID: 2568885
2023-06-30 19:40:44 [booklist] INFO: VALID_ID: 2592953
2023-06-30 19:40:44 [booklist] INFO: VALID_ID: 2580954
2023-06-30 19:40:44 [booklist] INFO: VALID_ID: 2580955
2023-06-30 19:40:44 [booklist] INFO: VALID_ID: 2585275
2023-06-30 19:40:44 [booklist] INFO: VALID_ID: 2591002
2023-06-30 19:40:44 [booklist] INFO: VALID_ID: 2581024
2023-06-30 19:40:44 [booklist] INFO: VALID_ID: 2585352
2023-06-30 19:40:44 [booklist] INFO: VALID_ID: 2570671
2023-06-30 19:40:44 [booklist] INFO: VALID_ID: 2592850
2023-06-30 19:40:44 [booklist] INFO: VALID_ID: 2570729
2023-06-30 19:40:44 [booklist] INFO: VALID_ID: 2570784
2023-06-30 19:40:44 [booklist] INFO: VALID_ID: 2592844
2023-06-30 19:40:44 [booklist] INFO: VALID_ID: 2592954
2023-06-30 19:40:44 [booklist] INFO: VALID_ID: 2585325
2023-06-30 19:40:44 [booklist] INFO: VALID_ID: 2592975
2023-06-30 19:40:44 [booklist] INFO: VALID_ID: 2591003
2023-06-30 19:40:44 [booklist] INFO: VALID_ID: 2570663
2023-06-30 19:40:44 [booklist] INFO: VALID_ID: 2570669
2023-06-30 19:40:44 [booklist] INFO: VALID_ID: 2580960
2023-06-30 19:40:44 [booklist] INFO: VALID_ID: 2585510
2023-06-30 19:40:44 [booklist] INFO: VALID_ID: 869286
2023-06-30 19:40:44 [booklist] INFO: VALID_ID: 2580957
2023-06-30 19:40:44 [booklist] INFO: VALID_ID: 2585655
2023-06-30 19:40:44 [booklist] INFO: VALID_ID: 2584263
2023-06-30 19:40:44 [booklist] INFO: VALID_ID: 2592976
2023-06-30 19:40:44 [booklist] INFO: VALID_ID: 2592977
2023-06-30 19:40:44 [booklist] INFO: VALID_ID: 2585243
2023-06-30 19:40:44 [booklist] INFO: VALID_ID: 2592845
2023-06-30 19:40:44 [booklist] INFO: VALID_ID: 2592847
2023-06-30 19:40:44 [booklist] INFO: VALID_ID: 2592846
2023-06-30 19:40:44 [booklist] INFO: VALID_ID: 2585258
2023-06-30 19:40:44 [booklist] INFO: VALID_ID: 2592835
2023-06-30 19:40:44 [booklist] INFO: VALID_ID: 2585283
2023-06-30 19:40:44 [booklist] INFO: VALID_ID: 2570697
2023-06-30 19:40:44 [booklist] INFO: VALID_ID: 2570706
2023-06-30 19:40:44 [booklist] INFO: VALID_ID: 2570712
2023-06-30 19:40:44 [booklist] INFO: VALID_ID: 2570741
2023-06-30 19:40:44 [booklist] INFO: VALID_ID: 2570754
2023-06-30 19:40:44 [booklist] INFO: VALID_ID: 2570770
2023-06-30 19:40:44 [booklist] INFO: VALID_ID: 2550289
2023-06-30 19:40:44 [booklist] INFO: VALID_ID: 2592877
2023-06-30 19:40:44 [booklist] INFO: VALID_ID: 2592876
2023-06-30 19:40:44 [booklist] INFO: VALID_ID: 2532271
2023-06-30 19:40:44 [booklist] INFO: VALID_ID: 1309195
2023-06-30 19:40:44 [booklist] INFO: VALID_ID: 2585297
2023-06-30 19:40:44 [booklist] INFO: VALID_ID: 2592902
2023-06-30 19:40:45 [scrapy.core.engine] DEBUG: Crawled (200) <POST https://dl.ndl.go.jp/api/item/search> (referer: https://dl.ndl.go.jp/api/item/search)
2023-06-30 19:40:45 [booklist] INFO: Fetched page 4
2023-06-30 19:40:45 [booklist] INFO: VALID_ID: 3507458
2023-06-30 19:40:45 [booklist] INFO: VALID_ID: 2592976
2023-06-30 19:40:45 [booklist] INFO: VALID_ID: 2592977
2023-06-30 19:40:45 [booklist] INFO: VALID_ID: 2540655
2023-06-30 19:40:45 [booklist] INFO: VALID_ID: 2592839
2023-06-30 19:40:45 [booklist] INFO: VALID_ID: 2592841
2023-06-30 19:40:45 [booklist] INFO: VALID_ID: 2592856
2023-06-30 19:40:45 [booklist] INFO: VALID_ID: 2585671
2023-06-30 19:40:45 [booklist] INFO: VALID_ID: 869285
2023-06-30 19:40:45 [booklist] INFO: VALID_ID: 2585265
2023-06-30 19:40:45 [booklist] INFO: VALID_ID: 2592857
2023-06-30 19:40:45 [booklist] INFO: VALID_ID: 869287
2023-06-30 19:40:45 [booklist] INFO: VALID_ID: 2585375
2023-06-30 19:40:45 [booklist] INFO: VALID_ID: 10301761
2023-06-30 19:40:45 [booklist] INFO: VALID_ID: 2592868
2023-06-30 19:40:45 [booklist] INFO: VALID_ID: 2592849
2023-06-30 19:40:45 [booklist] INFO: VALID_ID: 1309195
2023-06-30 19:40:45 [booklist] INFO: VALID_ID: 2585309
2023-06-30 19:40:45 [booklist] INFO: VALID_ID: 2548913
2023-06-30 19:40:45 [booklist] INFO: VALID_ID: 2532827
2023-06-30 19:40:45 [booklist] INFO: VALID_ID: 2592846
2023-06-30 19:40:45 [booklist] INFO: VALID_ID: 2592866
2023-06-30 19:40:45 [booklist] INFO: VALID_ID: 2588476
2023-06-30 19:40:45 [booklist] INFO: VALID_ID: 2569858
2023-06-30 19:40:45 [booklist] INFO: VALID_ID: 2592954
2023-06-30 19:40:45 [booklist] INFO: VALID_ID: 2585337
2023-06-30 19:40:45 [booklist] INFO: VALID_ID: 2585427
2023-06-30 19:40:45 [booklist] INFO: VALID_ID: 2592860
2023-06-30 19:40:45 [booklist] INFO: VALID_ID: 2592917
2023-06-30 19:40:45 [booklist] INFO: VALID_ID: 2592858
2023-06-30 19:40:45 [booklist] INFO: VALID_ID: 2592971
2023-06-30 19:40:45 [booklist] INFO: VALID_ID: 2550224
2023-06-30 19:40:45 [booklist] INFO: VALID_ID: 2592840
2023-06-30 19:40:45 [booklist] INFO: VALID_ID: 2580958
2023-06-30 19:40:45 [booklist] INFO: VALID_ID: 2592797
2023-06-30 19:40:45 [booklist] INFO: VALID_ID: 2592842
2023-06-30 19:40:45 [booklist] INFO: VALID_ID: 2592869
2023-06-30 19:40:45 [booklist] INFO: VALID_ID: 1287505
2023-06-30 19:40:45 [booklist] INFO: VALID_ID: 2550383
2023-06-30 19:40:45 [booklist] INFO: VALID_ID: 2550384
2023-06-30 19:40:45 [booklist] INFO: VALID_ID: 2581420
2023-06-30 19:40:45 [booklist] INFO: VALID_ID: 2585637
2023-06-30 19:40:45 [booklist] INFO: VALID_ID: 2592865
2023-06-30 19:40:45 [booklist] INFO: VALID_ID: 2585534
2023-06-30 19:40:45 [booklist] INFO: VALID_ID: 2568881
2023-06-30 19:40:45 [booklist] INFO: VALID_ID: 2592836
2023-06-30 19:40:45 [booklist] INFO: VALID_ID: 2546234
2023-06-30 19:40:45 [booklist] INFO: VALID_ID: 2548564
2023-06-30 19:40:45 [booklist] INFO: VALID_ID: 2540768
2023-06-30 19:40:45 [booklist] INFO: VALID_ID: 2550369
2023-06-30 19:40:45 [booklist] INFO: VALID_ID: 2592862
2023-06-30 19:40:45 [booklist] INFO: VALID_ID: 2550371
2023-06-30 19:40:45 [booklist] INFO: VALID_ID: 2592867
2023-06-30 19:40:45 [booklist] INFO: VALID_ID: 2592837
2023-06-30 19:40:45 [booklist] INFO: VALID_ID: 2540549
2023-06-30 19:40:45 [booklist] INFO: VALID_ID: 2592864
2023-06-30 19:40:45 [booklist] INFO: VALID_ID: 2585416
2023-06-30 19:40:45 [booklist] INFO: VALID_ID: 2568877
2023-06-30 19:40:45 [booklist] INFO: VALID_ID: 2592838
2023-06-30 19:40:45 [booklist] INFO: VALID_ID: 2580953
2023-06-30 19:40:45 [booklist] INFO: VALID_ID: 2592859
2023-06-30 19:40:45 [booklist] INFO: VALID_ID: 2607580
2023-06-30 19:40:45 [booklist] INFO: VALID_ID: 2592931
2023-06-30 19:40:45 [booklist] INFO: VALID_ID: 2548572
2023-06-30 19:40:45 [booklist] INFO: VALID_ID: 2592855
2023-06-30 19:40:45 [booklist] INFO: VALID_ID: 2592852
2023-06-30 19:40:45 [booklist] INFO: VALID_ID: 2540604
2023-06-30 19:40:45 [booklist] INFO: VALID_ID: 2588477
2023-06-30 19:40:45 [booklist] INFO: VALID_ID: 2535827
2023-06-30 19:40:45 [booklist] INFO: VALID_ID: 2550181
2023-06-30 19:40:45 [booklist] INFO: VALID_ID: 2592851
2023-06-30 19:40:45 [booklist] INFO: VALID_ID: 2585261
2023-06-30 19:40:45 [booklist] INFO: VALID_ID: 2585458
2023-06-30 19:40:45 [booklist] INFO: VALID_ID: 2592854
2023-06-30 19:40:45 [booklist] INFO: VALID_ID: 2585358
2023-06-30 19:40:45 [booklist] INFO: VALID_ID: 2585459
2023-06-30 19:40:45 [booklist] INFO: VALID_ID: 2585311
2023-06-30 19:40:45 [booklist] INFO: VALID_ID: 2592861
2023-06-30 19:40:45 [booklist] INFO: VALID_ID: 2548574
2023-06-30 19:40:45 [booklist] INFO: VALID_ID: 2592872
2023-06-30 19:40:45 [booklist] INFO: VALID_ID: 2585611
2023-06-30 19:40:45 [booklist] INFO: VALID_ID: 2585390
2023-06-30 19:40:45 [booklist] INFO: VALID_ID: 1307920
2023-06-30 19:40:45 [booklist] INFO: VALID_ID: 2585207
2023-06-30 19:40:45 [booklist] INFO: VALID_ID: 2550182
2023-06-30 19:40:45 [booklist] INFO: VALID_ID: 2550379
2023-06-30 19:40:45 [booklist] INFO: VALID_ID: 2592843
2023-06-30 19:40:45 [booklist] INFO: VALID_ID: 2550329
2023-06-30 19:40:45 [booklist] INFO: VALID_ID: 1287781
2023-06-30 19:40:45 [booklist] INFO: VALID_ID: 2585669
2023-06-30 19:40:45 [booklist] INFO: VALID_ID: 2585332
2023-06-30 19:40:45 [booklist] INFO: VALID_ID: 2585491
2023-06-30 19:40:45 [booklist] INFO: VALID_ID: 2585467
2023-06-30 19:40:45 [booklist] INFO: VALID_ID: 1287811
2023-06-30 19:40:45 [booklist] INFO: VALID_ID: 2585437
2023-06-30 19:40:45 [booklist] INFO: VALID_ID: 2585285
2023-06-30 19:40:45 [booklist] INFO: VALID_ID: 2585439
2023-06-30 19:40:45 [booklist] INFO: VALID_ID: 2548573
2023-06-30 19:40:45 [booklist] INFO: VALID_ID: 2550231
2023-06-30 19:40:45 [booklist] INFO: VALID_ID: 1287784
2023-06-30 19:40:46 [scrapy.core.engine] DEBUG: Crawled (200) <POST https://dl.ndl.go.jp/api/item/search> (referer: https://dl.ndl.go.jp/api/item/search)
2023-06-30 19:40:46 [booklist] INFO: Fetched page 5
2023-06-30 19:40:47 [booklist] INFO: VALID_ID: 2585420
2023-06-30 19:40:47 [booklist] INFO: VALID_ID: 2585319
2023-06-30 19:40:47 [booklist] INFO: VALID_ID: 2592863
2023-06-30 19:40:47 [booklist] INFO: VALID_ID: 2585467
2023-06-30 19:40:47 [booklist] INFO: VALID_ID: 2550329
2023-06-30 19:40:47 [booklist] INFO: VALID_ID: 2550282
2023-06-30 19:40:47 [booklist] INFO: VALID_ID: 2550379
2023-06-30 19:40:47 [booklist] INFO: VALID_ID: 1287811
2023-06-30 19:40:47 [booklist] INFO: VALID_ID: 2585332
2023-06-30 19:40:47 [booklist] INFO: VALID_ID: 2547265
2023-06-30 19:40:47 [booklist] INFO: VALID_ID: 2548575
2023-06-30 19:40:47 [booklist] INFO: VALID_ID: 2585296
2023-06-30 19:40:47 [booklist] INFO: VALID_ID: 2585280
2023-06-30 19:40:47 [booklist] INFO: VALID_ID: 2573631
2023-06-30 19:40:47 [booklist] INFO: VALID_ID: 2550281
2023-06-30 19:40:47 [booklist] INFO: VALID_ID: 2608154
2023-06-30 19:40:47 [booklist] INFO: VALID_ID: 2550278
2023-06-30 19:40:47 [booklist] INFO: VALID_ID: 1287777
2023-06-30 19:40:47 [booklist] INFO: VALID_ID: 2608651
2023-06-30 19:40:47 [booklist] INFO: VALID_ID: 2550148
2023-06-30 19:40:47 [booklist] INFO: VALID_ID: 2549365
2023-06-30 19:40:47 [booklist] INFO: VALID_ID: 2550313
2023-06-30 19:40:47 [booklist] INFO: VALID_ID: 2550360
2023-06-30 19:40:47 [booklist] INFO: VALID_ID: 2548829
2023-06-30 19:40:47 [booklist] INFO: VALID_ID: 2585167
2023-06-30 19:40:47 [booklist] INFO: VALID_ID: 2592931
2023-06-30 19:40:47 [booklist] INFO: VALID_ID: 2550226
2023-06-30 19:40:47 [booklist] INFO: VALID_ID: 2585452
2023-06-30 19:40:47 [booklist] INFO: VALID_ID: 1287778
2023-06-30 19:40:47 [booklist] INFO: VALID_ID: 2550381
2023-06-30 19:40:47 [booklist] INFO: VALID_ID: 2585247
2023-06-30 19:40:47 [booklist] INFO: VALID_ID: 2592880
2023-06-30 19:40:47 [booklist] INFO: VALID_ID: 2585540
2023-06-30 19:40:47 [booklist] INFO: VALID_ID: 1287793
2023-06-30 19:40:47 [booklist] INFO: VALID_ID: 2550401
2023-06-30 19:40:47 [booklist] INFO: VALID_ID: 1287794
2023-06-30 19:40:47 [booklist] INFO: VALID_ID: 1288339
2023-06-30 19:40:47 [booklist] INFO: VALID_ID: 10301001
2023-06-30 19:40:47 [booklist] INFO: VALID_ID: 2585538
2023-06-30 19:40:47 [booklist] INFO: VALID_ID: 2585460
2023-06-30 19:40:47 [booklist] INFO: VALID_ID: 2585359
2023-06-30 19:40:47 [booklist] INFO: VALID_ID: 1287783
2023-06-30 19:40:47 [booklist] INFO: VALID_ID: 1287815
2023-06-30 19:40:47 [booklist] INFO: VALID_ID: 1287821
2023-06-30 19:40:47 [booklist] INFO: VALID_ID: 2585615
2023-06-30 19:40:47 [booklist] INFO: VALID_ID: 2550314
2023-06-30 19:40:47 [booklist] INFO: VALID_ID: 2585312
2023-06-30 19:40:47 [booklist] INFO: VALID_ID: 2585398
2023-06-30 19:40:47 [booklist] INFO: VALID_ID: 2585430
2023-06-30 19:40:47 [booklist] INFO: VALID_ID: 2585267
2023-06-30 19:40:47 [booklist] INFO: VALID_ID: 2550312
2023-06-30 19:40:47 [booklist] INFO: VALID_ID: 1287810
2023-06-30 19:40:47 [booklist] INFO: VALID_ID: 1287820
2023-06-30 19:40:47 [booklist] INFO: VALID_ID: 1287801
2023-06-30 19:40:47 [booklist] INFO: VALID_ID: 2585498
2023-06-30 19:40:47 [booklist] INFO: VALID_ID: 10301244
2023-06-30 19:40:47 [booklist] INFO: VALID_ID: 2585525
2023-06-30 19:40:47 [booklist] INFO: VALID_ID: 2585395
2023-06-30 19:40:47 [booklist] INFO: VALID_ID: 2585649
2023-06-30 19:40:47 [booklist] INFO: VALID_ID: 2585568
2023-06-30 19:40:47 [booklist] INFO: VALID_ID: 2585351
2023-06-30 19:40:47 [booklist] INFO: VALID_ID: 2550144
2023-06-30 19:40:47 [booklist] INFO: VALID_ID: 2550227
2023-06-30 19:40:47 [booklist] INFO: VALID_ID: 2550189
2023-06-30 19:40:47 [booklist] INFO: VALID_ID: 2550385
2023-06-30 19:40:47 [booklist] INFO: VALID_ID: 2585535
2023-06-30 19:40:47 [booklist] INFO: VALID_ID: 2610499
2023-06-30 19:40:47 [booklist] INFO: VALID_ID: 1287792
2023-06-30 19:40:47 [booklist] INFO: VALID_ID: 2585227
2023-06-30 19:40:47 [booklist] INFO: VALID_ID: 2550240
2023-06-30 19:40:47 [booklist] INFO: VALID_ID: 2585321
2023-06-30 19:40:47 [booklist] INFO: VALID_ID: 2550170
2023-06-30 19:40:47 [booklist] INFO: VALID_ID: 10301573
2023-06-30 19:40:47 [booklist] INFO: VALID_ID: 2585274
2023-06-30 19:40:47 [booklist] INFO: VALID_ID: 2585341
2023-06-30 19:40:47 [booklist] INFO: VALID_ID: 2585225
2023-06-30 19:40:47 [booklist] INFO: VALID_ID: 10301315
2023-06-30 19:40:47 [booklist] INFO: VALID_ID: 2550382
2023-06-30 19:40:47 [booklist] INFO: VALID_ID: 2550311
2023-06-30 19:40:47 [booklist] INFO: VALID_ID: 2550234
2023-06-30 19:40:47 [booklist] INFO: VALID_ID: 2585422
2023-06-30 19:40:47 [booklist] INFO: VALID_ID: 2610138
2023-06-30 19:40:47 [booklist] INFO: VALID_ID: 2548958
2023-06-30 19:40:47 [booklist] INFO: VALID_ID: 2585211
2023-06-30 19:40:47 [booklist] INFO: VALID_ID: 2550290
2023-06-30 19:40:47 [booklist] INFO: VALID_ID: 1302598
2023-06-30 19:40:47 [booklist] INFO: VALID_ID: 2585329
2023-06-30 19:40:47 [booklist] INFO: VALID_ID: 2597313
2023-06-30 19:40:47 [booklist] INFO: VALID_ID: 2585476
2023-06-30 19:40:47 [booklist] INFO: VALID_ID: 2548908
2023-06-30 19:40:47 [booklist] INFO: VALID_ID: 2540527
2023-06-30 19:40:47 [booklist] INFO: VALID_ID: 2585336
2023-06-30 19:40:47 [booklist] INFO: VALID_ID: 2543434
2023-06-30 19:40:47 [booklist] INFO: VALID_ID: 2609618
2023-06-30 19:40:47 [booklist] INFO: VALID_ID: 2585653
2023-06-30 19:40:47 [booklist] INFO: VALID_ID: 2585391
2023-06-30 19:40:47 [booklist] INFO: VALID_ID: 2585298
2023-06-30 19:40:47 [booklist] INFO: VALID_ID: 2550236
2023-06-30 19:40:47 [booklist] INFO: VALID_ID: 2550296
2023-06-30 19:40:47 [booklist] INFO: VALID_ID: 2550277
2023-06-30 19:40:48 [scrapy.core.engine] DEBUG: Crawled (200) <POST https://dl.ndl.go.jp/api/item/search> (referer: https://dl.ndl.go.jp/api/item/search)
2023-06-30 19:40:48 [booklist] INFO: Fetched page 6
2023-06-30 19:40:48 [booklist] INFO: VALID_ID: 2550288
2023-06-30 19:40:48 [booklist] INFO: VALID_ID: 2550271
2023-06-30 19:40:48 [booklist] INFO: VALID_ID: 2550277
2023-06-30 19:40:48 [booklist] INFO: VALID_ID: 2550276
2023-06-30 19:40:48 [booklist] INFO: VALID_ID: 2585314
2023-06-30 19:40:48 [booklist] INFO: VALID_ID: 2585320
2023-06-30 19:40:48 [booklist] INFO: VALID_ID: 2550179
2023-06-30 19:40:48 [booklist] INFO: VALID_ID: 2589296
2023-06-30 19:40:48 [booklist] INFO: VALID_ID: 2585198
2023-06-30 19:40:48 [booklist] INFO: VALID_ID: 2550296
2023-06-30 19:40:48 [booklist] INFO: VALID_ID: 2550165
2023-06-30 19:40:48 [booklist] INFO: VALID_ID: 2548571
2023-06-30 19:40:48 [booklist] INFO: VALID_ID: 2605218
2023-06-30 19:40:48 [booklist] INFO: VALID_ID: 2585524
2023-06-30 19:40:48 [booklist] INFO: VALID_ID: 2550291
2023-06-30 19:40:48 [booklist] INFO: VALID_ID: 2585509
2023-06-30 19:40:48 [booklist] INFO: VALID_ID: 2550194
2023-06-30 19:40:48 [booklist] INFO: VALID_ID: 2550205
2023-06-30 19:40:48 [booklist] INFO: VALID_ID: 2585246
2023-06-30 19:40:48 [booklist] INFO: VALID_ID: 2588478
2023-06-30 19:40:48 [booklist] INFO: VALID_ID: 2550180
2023-06-30 19:40:48 [booklist] INFO: VALID_ID: 2550386
2023-06-30 19:40:48 [booklist] INFO: VALID_ID: 2550204
2023-06-30 19:40:48 [booklist] INFO: VALID_ID: 2585310
2023-06-30 19:40:48 [booklist] INFO: VALID_ID: 2547646
2023-06-30 19:40:48 [booklist] INFO: VALID_ID: 2541052
2023-06-30 19:40:48 [booklist] INFO: VALID_ID: 2550225
2023-06-30 19:40:48 [booklist] INFO: VALID_ID: 2550167
2023-06-30 19:40:48 [booklist] INFO: VALID_ID: 2548566
2023-06-30 19:40:48 [booklist] INFO: VALID_ID: 2585279
2023-06-30 19:40:48 [booklist] INFO: VALID_ID: 2585373
2023-06-30 19:40:48 [booklist] INFO: VALID_ID: 2547650
2023-06-30 19:40:48 [booklist] INFO: VALID_ID: 2550232
2023-06-30 19:40:48 [booklist] INFO: VALID_ID: 2585496
2023-06-30 19:40:48 [booklist] INFO: VALID_ID: 2585387
2023-06-30 19:40:48 [booklist] INFO: VALID_ID: 2585218
2023-06-30 19:40:48 [booklist] INFO: VALID_ID: 2547658
2023-06-30 19:40:48 [booklist] INFO: VALID_ID: 2547652
2023-06-30 19:40:48 [booklist] INFO: VALID_ID: 2550145
2023-06-30 19:40:48 [booklist] INFO: VALID_ID: 2585335
2023-06-30 19:40:48 [booklist] INFO: VALID_ID: 2550186
2023-06-30 19:40:48 [booklist] INFO: VALID_ID: 2590377
2023-06-30 19:40:48 [booklist] INFO: VALID_ID: 2585241
2023-06-30 19:40:48 [booklist] INFO: VALID_ID: 2550303
2023-06-30 19:40:48 [booklist] INFO: VALID_ID: 2547649
2023-06-30 19:40:48 [booklist] INFO: VALID_ID: 2547651
2023-06-30 19:40:48 [booklist] INFO: VALID_ID: 1307325
2023-06-30 19:40:48 [booklist] INFO: VALID_ID: 2550328
2023-06-30 19:40:48 [booklist] INFO: VALID_ID: 2550230
2023-06-30 19:40:48 [booklist] INFO: VALID_ID: 2549313
2023-06-30 19:40:48 [booklist] INFO: VALID_ID: 2550223
2023-06-30 19:40:48 [booklist] INFO: VALID_ID: 2547654
2023-06-30 19:40:48 [booklist] INFO: VALID_ID: 2550273
2023-06-30 19:40:48 [booklist] INFO: VALID_ID: 2550332
2023-06-30 19:40:48 [booklist] INFO: VALID_ID: 2605834
2023-06-30 19:40:48 [booklist] INFO: VALID_ID: 2549295
2023-06-30 19:40:48 [booklist] INFO: VALID_ID: 2548904
2023-06-30 19:40:48 [booklist] INFO: VALID_ID: 2550327
2023-06-30 19:40:48 [booklist] INFO: VALID_ID: 2550156
2023-06-30 19:40:48 [booklist] INFO: VALID_ID: 1305543
2023-06-30 19:40:48 [booklist] INFO: VALID_ID: 2588885
2023-06-30 19:40:48 [booklist] INFO: VALID_ID: 2588886
2023-06-30 19:40:48 [booklist] INFO: VALID_ID: 2550364
2023-06-30 19:40:48 [booklist] INFO: VALID_ID: 2550302
2023-06-30 19:40:48 [booklist] INFO: VALID_ID: 2589354
2023-06-30 19:40:48 [booklist] INFO: VALID_ID: 2550323
2023-06-30 19:40:48 [booklist] INFO: VALID_ID: 2550138
2023-06-30 19:40:48 [booklist] INFO: VALID_ID: 2550373
2023-06-30 19:40:48 [booklist] INFO: VALID_ID: 2590376
2023-06-30 19:40:48 [booklist] INFO: VALID_ID: 2547648
2023-06-30 19:40:48 [booklist] INFO: VALID_ID: 2547653
2023-06-30 19:40:48 [booklist] INFO: VALID_ID: 2550188
2023-06-30 19:40:48 [booklist] INFO: VALID_ID: 2550215
2023-06-30 19:40:48 [booklist] INFO: VALID_ID: 2550322
2023-06-30 19:40:48 [booklist] INFO: VALID_ID: 2548906
2023-06-30 19:40:48 [booklist] INFO: VALID_ID: 2550249
2023-06-30 19:40:48 [booklist] INFO: VALID_ID: 2550261
2023-06-30 19:40:48 [booklist] INFO: VALID_ID: 2550392
2023-06-30 19:40:48 [booklist] INFO: VALID_ID: 2550250
2023-06-30 19:40:48 [booklist] INFO: VALID_ID: 2588887
2023-06-30 19:40:48 [booklist] INFO: VALID_ID: 2547647
2023-06-30 19:40:48 [booklist] INFO: VALID_ID: 2547656
2023-06-30 19:40:48 [booklist] INFO: VALID_ID: 2550321
2023-06-30 19:40:48 [booklist] INFO: VALID_ID: 2550366
2023-06-30 19:40:48 [booklist] INFO: VALID_ID: 2550191
2023-06-30 19:40:48 [booklist] INFO: VALID_ID: 2550324
2023-06-30 19:40:48 [booklist] INFO: VALID_ID: 2550331
2023-06-30 19:40:48 [booklist] INFO: VALID_ID: 2550301
2023-06-30 19:40:48 [booklist] INFO: VALID_ID: 2550285
2023-06-30 19:40:48 [booklist] INFO: VALID_ID: 2550200
2023-06-30 19:40:48 [booklist] INFO: VALID_ID: 2550134
2023-06-30 19:40:48 [booklist] INFO: VALID_ID: 2550344
2023-06-30 19:40:48 [booklist] INFO: VALID_ID: 2550209
2023-06-30 19:40:48 [booklist] INFO: VALID_ID: 2550222
2023-06-30 19:40:48 [booklist] INFO: VALID_ID: 2550367
2023-06-30 19:40:48 [booklist] INFO: VALID_ID: 2550305
2023-06-30 19:40:48 [booklist] INFO: VALID_ID: 2550345
2023-06-30 19:40:48 [booklist] INFO: VALID_ID: 2550195
2023-06-30 19:40:48 [booklist] INFO: VALID_ID: 2585217
2023-06-30 19:40:48 [booklist] INFO: VALID_ID: 2550251
2023-06-30 19:40:50 [scrapy.core.engine] DEBUG: Crawled (200) <POST https://dl.ndl.go.jp/api/item/search> (referer: https://dl.ndl.go.jp/api/item/search)
2023-06-30 19:40:50 [booklist] INFO: Fetched page 7
2023-06-30 19:40:50 [booklist] INFO: VALID_ID: 2550361
2023-06-30 19:40:50 [booklist] INFO: VALID_ID: 2549354
2023-06-30 19:40:50 [booklist] INFO: VALID_ID: 2550251
2023-06-30 19:40:50 [booklist] INFO: VALID_ID: 2550177
2023-06-30 19:40:50 [booklist] INFO: VALID_ID: 2550157
2023-06-30 19:40:50 [booklist] INFO: VALID_ID: 2550195
2023-06-30 19:40:50 [booklist] INFO: VALID_ID: 2550363
2023-06-30 19:40:50 [booklist] INFO: VALID_ID: 2550376
2023-06-30 19:40:50 [booklist] INFO: VALID_ID: 2550374
2023-06-30 19:40:50 [booklist] INFO: VALID_ID: 2550133
2023-06-30 19:40:50 [booklist] INFO: VALID_ID: 2537334
2023-06-30 19:40:50 [booklist] INFO: VALID_ID: 2550372
2023-06-30 19:40:50 [booklist] INFO: VALID_ID: 1305817
2023-06-30 19:40:50 [booklist] INFO: VALID_ID: 2550365
2023-06-30 19:40:50 [booklist] INFO: VALID_ID: 2550214
2023-06-30 19:40:50 [booklist] INFO: VALID_ID: 2550143
2023-06-30 19:40:50 [booklist] INFO: VALID_ID: 2550175
2023-06-30 19:40:50 [booklist] INFO: VALID_ID: 2550375
2023-06-30 19:40:50 [booklist] INFO: VALID_ID: 2550212
2023-06-30 19:40:50 [booklist] INFO: VALID_ID: 1305540
2023-06-30 19:40:50 [booklist] INFO: VALID_ID: 2550237
2023-06-30 19:40:50 [booklist] INFO: VALID_ID: 2585340
2023-06-30 19:40:50 [booklist] INFO: VALID_ID: 2550395
2023-06-30 19:40:50 [booklist] INFO: VALID_ID: 2550403
2023-06-30 19:40:50 [booklist] INFO: VALID_ID: 2550207
2023-06-30 19:40:50 [booklist] INFO: VALID_ID: 2550253
2023-06-30 19:40:50 [booklist] INFO: VALID_ID: 2550228
2023-06-30 19:40:50 [booklist] INFO: VALID_ID: 2550387
2023-06-30 19:40:50 [booklist] INFO: VALID_ID: 2550238
2023-06-30 19:40:50 [booklist] INFO: VALID_ID: 2550193
2023-06-30 19:40:50 [booklist] INFO: VALID_ID: 2587829
2023-06-30 19:40:50 [booklist] INFO: VALID_ID: 2587949
2023-06-30 19:40:50 [booklist] INFO: VALID_ID: 2550139
2023-06-30 19:40:50 [booklist] INFO: VALID_ID: 2587948
2023-06-30 19:40:50 [booklist] INFO: VALID_ID: 2550284
2023-06-30 19:40:50 [booklist] INFO: VALID_ID: 2550208
2023-06-30 19:40:50 [booklist] INFO: VALID_ID: 2611035
2023-06-30 19:40:50 [booklist] INFO: VALID_ID: 2550206
2023-06-30 19:40:50 [booklist] INFO: VALID_ID: 2585690
2023-06-30 19:40:50 [booklist] INFO: VALID_ID: 2550246
2023-06-30 19:40:50 [booklist] INFO: VALID_ID: 2550287
2023-06-30 19:40:50 [booklist] INFO: VALID_ID: 10301269
2023-06-30 19:40:50 [booklist] INFO: VALID_ID: 2550378
2023-06-30 19:40:50 [booklist] INFO: VALID_ID: 2550137
2023-06-30 19:40:50 [booklist] INFO: VALID_ID: 2587821
2023-06-30 19:40:50 [booklist] INFO: VALID_ID: 9369964
2023-06-30 19:40:50 [booklist] INFO: VALID_ID: 2550380
2023-06-30 19:40:50 [booklist] INFO: VALID_ID: 2550245
2023-06-30 19:40:50 [booklist] INFO: VALID_ID: 2550292
2023-06-30 19:40:50 [booklist] INFO: VALID_ID: 10301207
2023-06-30 19:40:50 [booklist] INFO: VALID_ID: 2550286
2023-06-30 19:40:50 [booklist] INFO: VALID_ID: 2550325
2023-06-30 19:40:50 [booklist] INFO: VALID_ID: 2550141
2023-06-30 19:40:50 [booklist] INFO: VALID_ID: 2587820
2023-06-30 19:40:50 [booklist] INFO: VALID_ID: 2550377
2023-06-30 19:40:50 [booklist] INFO: VALID_ID: 2550178
2023-06-30 19:40:50 [booklist] INFO: VALID_ID: 2550279
2023-06-30 19:40:50 [booklist] INFO: VALID_ID: 2550153
2023-06-30 19:40:50 [booklist] INFO: VALID_ID: 2550171
2023-06-30 19:40:50 [booklist] INFO: VALID_ID: 2547268
2023-06-30 19:40:50 [booklist] INFO: VALID_ID: 2550190
2023-06-30 19:40:50 [booklist] INFO: VALID_ID: 2550394
2023-06-30 19:40:50 [booklist] INFO: VALID_ID: 2550338
2023-06-30 19:40:50 [booklist] INFO: VALID_ID: 2550176
2023-06-30 19:40:50 [booklist] INFO: VALID_ID: 2550339
2023-06-30 19:40:50 [booklist] INFO: VALID_ID: 2550307
2023-06-30 19:40:50 [booklist] INFO: VALID_ID: 2550333
2023-06-30 19:40:50 [booklist] INFO: VALID_ID: 2550252
2023-06-30 19:40:50 [booklist] INFO: VALID_ID: 2550399
2023-06-30 19:40:50 [booklist] INFO: VALID_ID: 2550304
2023-06-30 19:40:50 [booklist] INFO: VALID_ID: 2550272
2023-06-30 19:40:50 [booklist] INFO: VALID_ID: 2548608
2023-06-30 19:40:50 [booklist] INFO: VALID_ID: 2550297
2023-06-30 19:40:50 [booklist] INFO: VALID_ID: 2550362
2023-06-30 19:40:50 [booklist] INFO: VALID_ID: 2609666
2023-06-30 19:40:50 [booklist] INFO: VALID_ID: 2550274
2023-06-30 19:40:50 [booklist] INFO: VALID_ID: 2550275
2023-06-30 19:40:50 [booklist] INFO: VALID_ID: 2550283
2023-06-30 19:40:50 [booklist] INFO: VALID_ID: 2550235
2023-06-30 19:40:50 [booklist] INFO: VALID_ID: 2550295
2023-06-30 19:40:50 [booklist] INFO: VALID_ID: 2609563
2023-06-30 19:40:50 [booklist] INFO: VALID_ID: 2550400
2023-06-30 19:40:50 [booklist] INFO: VALID_ID: 2550229
2023-06-30 19:40:50 [booklist] INFO: VALID_ID: 2550159
2023-06-30 19:40:50 [booklist] INFO: VALID_ID: 2609783
2023-06-30 19:40:50 [booklist] INFO: VALID_ID: 2550241
2023-06-30 19:40:50 [booklist] INFO: VALID_ID: 2547267
2023-06-30 19:40:50 [booklist] INFO: VALID_ID: 2550155
2023-06-30 19:40:50 [booklist] INFO: VALID_ID: 2550174
2023-06-30 19:40:50 [booklist] INFO: VALID_ID: 2550210
2023-06-30 19:40:50 [booklist] INFO: VALID_ID: 10301138
2023-06-30 19:40:50 [booklist] INFO: VALID_ID: 2550260
2023-06-30 19:40:50 [booklist] INFO: VALID_ID: 2550391
2023-06-30 19:40:50 [booklist] INFO: VALID_ID: 2550359
2023-06-30 19:40:50 [booklist] INFO: VALID_ID: 1302581
2023-06-30 19:40:50 [booklist] INFO: VALID_ID: 2550343
2023-06-30 19:40:50 [booklist] INFO: VALID_ID: 2550142
2023-06-30 19:40:50 [booklist] INFO: VALID_ID: 2550306
2023-06-30 19:40:50 [booklist] INFO: VALID_ID: 2549327
2023-06-30 19:40:50 [booklist] INFO: VALID_ID: 2550146
2023-06-30 19:40:51 [scrapy.core.engine] DEBUG: Crawled (200) <POST https://dl.ndl.go.jp/api/item/search> (referer: https://dl.ndl.go.jp/api/item/search)
2023-06-30 19:40:51 [booklist] INFO: Fetched page 8
2023-06-30 19:40:52 [booklist] INFO: VALID_ID: 2550402
2023-06-30 19:40:52 [booklist] INFO: VALID_ID: 2550183
2023-06-30 19:40:52 [booklist] INFO: VALID_ID: 2550147
2023-06-30 19:40:52 [booklist] INFO: VALID_ID: 2550358
2023-06-30 19:40:52 [booklist] INFO: VALID_ID: 2550154
2023-06-30 19:40:52 [booklist] INFO: VALID_ID: 2550300
2023-06-30 19:40:52 [booklist] INFO: VALID_ID: 2549320
2023-06-30 19:40:52 [booklist] INFO: VALID_ID: 2549332
2023-06-30 19:40:52 [booklist] INFO: VALID_ID: 2550265
2023-06-30 19:40:52 [booklist] INFO: VALID_ID: 2550187
2023-06-30 19:40:52 [booklist] INFO: VALID_ID: 2550239
2023-06-30 19:40:52 [booklist] INFO: VALID_ID: 2550388
2023-06-30 19:40:52 [booklist] INFO: VALID_ID: 2550198
2023-06-30 19:40:52 [booklist] INFO: VALID_ID: 2550263
2023-06-30 19:40:52 [booklist] INFO: VALID_ID: 2550352
2023-06-30 19:40:52 [booklist] INFO: VALID_ID: 2550242
2023-06-30 19:40:52 [booklist] INFO: VALID_ID: 2550166
2023-06-30 19:40:52 [booklist] INFO: VALID_ID: 2587899
2023-06-30 19:40:52 [booklist] INFO: VALID_ID: 2550217
2023-06-30 19:40:52 [booklist] INFO: VALID_ID: 2549322
2023-06-30 19:40:52 [booklist] INFO: VALID_ID: 2609800
2023-06-30 19:40:52 [booklist] INFO: VALID_ID: 2608824
2023-06-30 19:40:52 [booklist] INFO: VALID_ID: 2550351
2023-06-30 19:40:52 [booklist] INFO: VALID_ID: 12865370
2023-06-30 19:40:52 [booklist] INFO: VALID_ID: 2550330
2023-06-30 19:40:52 [booklist] INFO: VALID_ID: 2550393
2023-06-30 19:40:52 [booklist] INFO: VALID_ID: 2549326
2023-06-30 19:40:52 [booklist] INFO: VALID_ID: 2596133
2023-06-30 19:40:52 [booklist] INFO: VALID_ID: 2550308
2023-06-30 19:40:52 [booklist] INFO: VALID_ID: 2596069
2023-06-30 19:40:52 [booklist] INFO: VALID_ID: 2596096
2023-06-30 19:40:52 [booklist] INFO: VALID_ID: 2596112
2023-06-30 19:40:52 [booklist] INFO: VALID_ID: 2596058
2023-06-30 19:40:52 [booklist] INFO: VALID_ID: 2596120
2023-06-30 19:40:52 [booklist] INFO: VALID_ID: 2596114
2023-06-30 19:40:52 [booklist] INFO: VALID_ID: 2610456
2023-06-30 19:40:52 [booklist] INFO: VALID_ID: 2596068
2023-06-30 19:40:52 [booklist] INFO: VALID_ID: 2596122
2023-06-30 19:40:52 [booklist] INFO: VALID_ID: 2596123
2023-06-30 19:40:52 [booklist] INFO: VALID_ID: 2596094
2023-06-30 19:40:52 [booklist] INFO: VALID_ID: 2596060
2023-06-30 19:40:52 [booklist] INFO: VALID_ID: 2596113
2023-06-30 19:40:52 [booklist] INFO: VALID_ID: 2596128
2023-06-30 19:40:52 [booklist] INFO: VALID_ID: 2596087
2023-06-30 19:40:52 [booklist] INFO: VALID_ID: 2596111
2023-06-30 19:40:52 [booklist] INFO: VALID_ID: 2596129
2023-06-30 19:40:52 [booklist] INFO: VALID_ID: 2596118
2023-06-30 19:40:52 [booklist] INFO: VALID_ID: 2596121
2023-06-30 19:40:52 [booklist] INFO: VALID_ID: 2596136
2023-06-30 19:40:52 [booklist] INFO: VALID_ID: 2610026
2023-06-30 19:40:52 [booklist] INFO: VALID_ID: 2596088
2023-06-30 19:40:52 [booklist] INFO: VALID_ID: 2596124
2023-06-30 19:40:52 [booklist] INFO: VALID_ID: 2596089
2023-06-30 19:40:52 [booklist] INFO: VALID_ID: 2596095
2023-06-30 19:40:52 [booklist] INFO: VALID_ID: 2596115
2023-06-30 19:40:52 [booklist] INFO: VALID_ID: 2596109
2023-06-30 19:40:52 [booklist] INFO: VALID_ID: 2550404
2023-06-30 19:40:52 [booklist] INFO: VALID_ID: 2550259
2023-06-30 19:40:52 [booklist] INFO: VALID_ID: 2550196
2023-06-30 19:40:52 [booklist] INFO: VALID_ID: 9369963
2023-06-30 19:40:52 [scrapy.core.engine] DEBUG: Crawled (200) <POST https://dl.ndl.go.jp/api/item/search> (referer: https://dl.ndl.go.jp/api/item/search)
2023-06-30 19:40:52 [booklist] INFO: Fetched page 9
2023-06-30 19:40:52 [booklist] INFO: No more books on 9
2023-06-30 19:40:52 [scrapy.core.engine] INFO: Closing spider (finished)
2023-06-30 19:40:52 [scrapy.statscollectors] INFO: Dumping Scrapy stats:
{'downloader/request_bytes': 12334,
 'downloader/request_count': 10,
 'downloader/request_method_count/GET': 1,
 'downloader/request_method_count/POST': 9,
 'downloader/response_bytes': 3644949,
 'downloader/response_count': 10,
 'downloader/response_status_count/200': 10,
 'elapsed_time_seconds': 12.690832,
 'finish_reason': 'finished',
 'finish_time': datetime.datetime(2023, 6, 30, 11, 40, 52, 479879),
 'httpcompression/response_bytes': 44052647,
 'httpcompression/response_count': 9,
 'log_count/DEBUG': 13,
 'log_count/INFO': 780,
 'memusage/max': 63975424,
 'memusage/startup': 63975424,
 'request_depth_max': 8,
 'response_received_count': 10,
 'robotstxt/request_count': 1,
 'robotstxt/response_count': 1,
 'robotstxt/response_status_count/200': 1,
 'scheduler/dequeued': 9,
 'scheduler/dequeued/memory': 9,
 'scheduler/enqueued': 9,
 'scheduler/enqueued/memory': 9,
 'start_time': datetime.datetime(2023, 6, 30, 11, 40, 39, 789047)}
2023-06-30 19:40:52 [scrapy.core.engine] INFO: Spider closed (finished)
