2023-06-30 13:10:15 [scrapy.utils.log] INFO: Scrapy 2.9.0 started (bot: ndlcrawler)
2023-06-30 13:10:15 [scrapy.utils.log] INFO: Versions: lxml 4.9.2.0, libxml2 2.9.14, cssselect 1.2.0, parsel 1.8.1, w3lib 2.1.1, Twisted 22.10.0, Python 3.10.10 (main, Mar  5 2023, 22:26:53) [GCC 12.2.1 20230201], pyOpenSSL 23.2.0 (OpenSSL 3.1.1 30 May 2023), cryptography 41.0.1, Platform Linux-6.2.12-arch1-1-x86_64-with-glibc2.37
2023-06-30 13:10:15 [scrapy.crawler] INFO: Overridden settings:
{'BOT_NAME': 'ndlcrawler',
 'FEED_EXPORT_ENCODING': 'utf-8',
 'LOG_FILE': 'logs/booklist.教訓.log',
 'NEWSPIDER_MODULE': 'ndlcrawler.spiders',
 'REQUEST_FINGERPRINTER_IMPLEMENTATION': '2.7',
 'ROBOTSTXT_OBEY': True,
 'SPIDER_MODULES': ['ndlcrawler.spiders'],
 'TWISTED_REACTOR': 'twisted.internet.asyncioreactor.AsyncioSelectorReactor'}
2023-06-30 13:10:15 [asyncio] DEBUG: Using selector: EpollSelector
2023-06-30 13:10:15 [scrapy.utils.log] DEBUG: Using reactor: twisted.internet.asyncioreactor.AsyncioSelectorReactor
2023-06-30 13:10:15 [scrapy.utils.log] DEBUG: Using asyncio event loop: asyncio.unix_events._UnixSelectorEventLoop
2023-06-30 13:10:15 [scrapy.extensions.telnet] INFO: Telnet Password: bd975146e5aef59f
2023-06-30 13:10:15 [scrapy.middleware] INFO: Enabled extensions:
['scrapy.extensions.corestats.CoreStats',
 'scrapy.extensions.telnet.TelnetConsole',
 'scrapy.extensions.memusage.MemoryUsage',
 'scrapy.extensions.logstats.LogStats']
2023-06-30 13:10:15 [scrapy.middleware] INFO: Enabled downloader middlewares:
['scrapy.downloadermiddlewares.robotstxt.RobotsTxtMiddleware',
 'scrapy.downloadermiddlewares.httpauth.HttpAuthMiddleware',
 'scrapy.downloadermiddlewares.downloadtimeout.DownloadTimeoutMiddleware',
 'scrapy.downloadermiddlewares.defaultheaders.DefaultHeadersMiddleware',
 'scrapy.downloadermiddlewares.useragent.UserAgentMiddleware',
 'scrapy.downloadermiddlewares.retry.RetryMiddleware',
 'scrapy.downloadermiddlewares.redirect.MetaRefreshMiddleware',
 'scrapy.downloadermiddlewares.httpcompression.HttpCompressionMiddleware',
 'scrapy.downloadermiddlewares.redirect.RedirectMiddleware',
 'scrapy.downloadermiddlewares.cookies.CookiesMiddleware',
 'scrapy.downloadermiddlewares.httpproxy.HttpProxyMiddleware',
 'scrapy.downloadermiddlewares.stats.DownloaderStats']
2023-06-30 13:10:15 [scrapy.middleware] INFO: Enabled spider middlewares:
['scrapy.spidermiddlewares.httperror.HttpErrorMiddleware',
 'scrapy.spidermiddlewares.offsite.OffsiteMiddleware',
 'scrapy.spidermiddlewares.referer.RefererMiddleware',
 'scrapy.spidermiddlewares.urllength.UrlLengthMiddleware',
 'scrapy.spidermiddlewares.depth.DepthMiddleware']
2023-06-30 13:10:15 [scrapy.middleware] INFO: Enabled item pipelines:
[]
2023-06-30 13:10:15 [scrapy.core.engine] INFO: Spider opened
2023-06-30 13:10:16 [scrapy.extensions.logstats] INFO: Crawled 0 pages (at 0 pages/min), scraped 0 items (at 0 items/min)
2023-06-30 13:10:16 [scrapy.extensions.telnet] INFO: Telnet console listening on 127.0.0.1:6023
2023-06-30 13:10:16 [scrapy.core.engine] DEBUG: Crawled (200) <GET https://dl.ndl.go.jp/robots.txt> (referer: None)
2023-06-30 13:10:17 [scrapy.core.engine] DEBUG: Crawled (200) <POST https://dl.ndl.go.jp/api/item/search> (referer: None)
2023-06-30 13:10:17 [booklist] INFO: Fetched page 2
2023-06-30 13:10:17 [booklist] INFO: VALID_ID: 2536305
2023-06-30 13:10:17 [booklist] INFO: VALID_ID: 12865495
2023-06-30 13:10:17 [booklist] INFO: VALID_ID: 2599409
2023-06-30 13:10:17 [booklist] INFO: VALID_ID: 2599448
2023-06-30 13:10:17 [booklist] INFO: VALID_ID: 2582730
2023-06-30 13:10:17 [booklist] INFO: VALID_ID: 2599414
2023-06-30 13:10:17 [booklist] INFO: VALID_ID: 2557008
2023-06-30 13:10:17 [booklist] INFO: VALID_ID: 2599392
2023-06-30 13:10:17 [booklist] INFO: VALID_ID: 2555730
2023-06-30 13:10:17 [booklist] INFO: VALID_ID: 2554682
2023-06-30 13:10:17 [booklist] INFO: VALID_ID: 2554227
2023-06-30 13:10:17 [booklist] INFO: VALID_ID: 2567135
2023-06-30 13:10:17 [booklist] INFO: VALID_ID: 2554679
2023-06-30 13:10:17 [booklist] INFO: VALID_ID: 2567157
2023-06-30 13:10:17 [booklist] INFO: VALID_ID: 12865487
2023-06-30 13:10:17 [booklist] INFO: VALID_ID: 12865465
2023-06-30 13:10:17 [booklist] INFO: VALID_ID: 2554956
2023-06-30 13:10:17 [booklist] INFO: VALID_ID: 2575247
2023-06-30 13:10:17 [booklist] INFO: VALID_ID: 2575275
2023-06-30 13:10:17 [booklist] INFO: VALID_ID: 2599400
2023-06-30 13:10:17 [booklist] INFO: VALID_ID: 2551241
2023-06-30 13:10:17 [booklist] INFO: VALID_ID: 12865489
2023-06-30 13:10:17 [booklist] INFO: VALID_ID: 2554228
2023-06-30 13:10:17 [booklist] INFO: VALID_ID: 2554680
2023-06-30 13:10:17 [booklist] INFO: VALID_ID: 2575276
2023-06-30 13:10:17 [booklist] INFO: VALID_ID: 2575248
2023-06-30 13:10:17 [booklist] INFO: VALID_ID: 2599401
2023-06-30 13:10:17 [booklist] INFO: VALID_ID: 12865497
2023-06-30 13:10:17 [booklist] INFO: VALID_ID: 2554683
2023-06-30 13:10:17 [booklist] INFO: VALID_ID: 2555731
2023-06-30 13:10:17 [booklist] INFO: VALID_ID: 2599415
2023-06-30 13:10:17 [booklist] INFO: VALID_ID: 12865467
2023-06-30 13:10:17 [booklist] INFO: VALID_ID: 2599410
2023-06-30 13:10:17 [booklist] INFO: VALID_ID: 2567158
2023-06-30 13:10:17 [booklist] INFO: VALID_ID: 2557009
2023-06-30 13:10:17 [booklist] INFO: VALID_ID: 2567136
2023-06-30 13:10:17 [booklist] INFO: VALID_ID: 2554957
2023-06-30 13:10:17 [booklist] INFO: VALID_ID: 2582731
2023-06-30 13:10:17 [booklist] INFO: VALID_ID: 2567137
2023-06-30 13:10:17 [booklist] INFO: VALID_ID: 2599411
2023-06-30 13:10:17 [booklist] INFO: VALID_ID: 2599402
2023-06-30 13:10:17 [booklist] INFO: VALID_ID: 2599416
2023-06-30 13:10:17 [booklist] INFO: VALID_ID: 2555732
2023-06-30 13:10:17 [booklist] INFO: VALID_ID: 2567159
2023-06-30 13:10:17 [booklist] INFO: VALID_ID: 12865491
2023-06-30 13:10:17 [booklist] INFO: VALID_ID: 2554229
2023-06-30 13:10:17 [booklist] INFO: VALID_ID: 12865469
2023-06-30 13:10:17 [booklist] INFO: VALID_ID: 2582732
2023-06-30 13:10:17 [booklist] INFO: VALID_ID: 2599403
2023-06-30 13:10:17 [booklist] INFO: VALID_ID: 2599417
2023-06-30 13:10:17 [booklist] INFO: VALID_ID: 2582733
2023-06-30 13:10:17 [booklist] INFO: VALID_ID: 2567138
2023-06-30 13:10:17 [booklist] INFO: VALID_ID: 2554230
2023-06-30 13:10:17 [booklist] INFO: VALID_ID: 2555733
2023-06-30 13:10:17 [booklist] INFO: VALID_ID: 2567160
2023-06-30 13:10:17 [booklist] INFO: VALID_ID: 12865471
2023-06-30 13:10:17 [booklist] INFO: VALID_ID: 2599412
2023-06-30 13:10:17 [booklist] INFO: VALID_ID: 2567139
2023-06-30 13:10:17 [booklist] INFO: VALID_ID: 12865473
2023-06-30 13:10:17 [booklist] INFO: VALID_ID: 2567161
2023-06-30 13:10:17 [booklist] INFO: VALID_ID: 2567162
2023-06-30 13:10:17 [booklist] INFO: VALID_ID: 12865381
2023-06-30 13:10:17 [booklist] INFO: VALID_ID: 12865328
2023-06-30 13:10:17 [booklist] INFO: VALID_ID: 12865389
2023-06-30 13:10:17 [booklist] INFO: VALID_ID: 12865399
2023-06-30 13:10:17 [booklist] INFO: VALID_ID: 12865331
2023-06-30 13:10:17 [booklist] INFO: VALID_ID: 12865330
2023-06-30 13:10:17 [booklist] INFO: VALID_ID: 12865385
2023-06-30 13:10:17 [booklist] INFO: VALID_ID: 12865549
2023-06-30 13:10:17 [booklist] INFO: VALID_ID: 12865401
2023-06-30 13:10:17 [scrapy.core.engine] DEBUG: Crawled (200) <POST https://dl.ndl.go.jp/api/item/search> (referer: https://dl.ndl.go.jp/api/item/search)
2023-06-30 13:10:18 [booklist] INFO: Fetched page 3
2023-06-30 13:10:18 [scrapy.core.scraper] ERROR: Spider error processing <POST https://dl.ndl.go.jp/api/item/search> (referer: https://dl.ndl.go.jp/api/item/search)
Traceback (most recent call last):
  File "/home/lotus/.cache/pypoetry/virtualenvs/crawler-lOKSSG27-py3.10/lib/python3.10/site-packages/scrapy/utils/defer.py", line 260, in iter_errback
    yield next(it)
  File "/home/lotus/.cache/pypoetry/virtualenvs/crawler-lOKSSG27-py3.10/lib/python3.10/site-packages/scrapy/utils/python.py", line 336, in __next__
    return next(self.data)
  File "/home/lotus/.cache/pypoetry/virtualenvs/crawler-lOKSSG27-py3.10/lib/python3.10/site-packages/scrapy/utils/python.py", line 336, in __next__
    return next(self.data)
  File "/home/lotus/.cache/pypoetry/virtualenvs/crawler-lOKSSG27-py3.10/lib/python3.10/site-packages/scrapy/core/spidermw.py", line 106, in process_sync
    for r in iterable:
  File "/home/lotus/.cache/pypoetry/virtualenvs/crawler-lOKSSG27-py3.10/lib/python3.10/site-packages/scrapy/spidermiddlewares/offsite.py", line 28, in <genexpr>
    return (r for r in result or () if self._filter(r, spider))
  File "/home/lotus/.cache/pypoetry/virtualenvs/crawler-lOKSSG27-py3.10/lib/python3.10/site-packages/scrapy/core/spidermw.py", line 106, in process_sync
    for r in iterable:
  File "/home/lotus/.cache/pypoetry/virtualenvs/crawler-lOKSSG27-py3.10/lib/python3.10/site-packages/scrapy/spidermiddlewares/referer.py", line 352, in <genexpr>
    return (self._set_referer(r, response) for r in result or ())
  File "/home/lotus/.cache/pypoetry/virtualenvs/crawler-lOKSSG27-py3.10/lib/python3.10/site-packages/scrapy/core/spidermw.py", line 106, in process_sync
    for r in iterable:
  File "/home/lotus/.cache/pypoetry/virtualenvs/crawler-lOKSSG27-py3.10/lib/python3.10/site-packages/scrapy/spidermiddlewares/urllength.py", line 27, in <genexpr>
    return (r for r in result or () if self._filter(r, spider))
  File "/home/lotus/.cache/pypoetry/virtualenvs/crawler-lOKSSG27-py3.10/lib/python3.10/site-packages/scrapy/core/spidermw.py", line 106, in process_sync
    for r in iterable:
  File "/home/lotus/.cache/pypoetry/virtualenvs/crawler-lOKSSG27-py3.10/lib/python3.10/site-packages/scrapy/spidermiddlewares/depth.py", line 31, in <genexpr>
    return (r for r in result or () if self._filter(r, response, spider))
  File "/home/lotus/.cache/pypoetry/virtualenvs/crawler-lOKSSG27-py3.10/lib/python3.10/site-packages/scrapy/core/spidermw.py", line 106, in process_sync
    for r in iterable:
  File "/home/lotus/workspace/ndlpd/crawler/ndlcrawler/ndlcrawler/spiders/booklist.py", line 31, in parse
    logger.info(f"No more books on {page}")
NameError: name 'logger' is not defined
2023-06-30 13:10:18 [scrapy.core.engine] INFO: Closing spider (finished)
2023-06-30 13:10:18 [scrapy.statscollectors] INFO: Dumping Scrapy stats:
{'downloader/request_bytes': 2935,
 'downloader/request_count': 3,
 'downloader/request_method_count/GET': 1,
 'downloader/request_method_count/POST': 2,
 'downloader/response_bytes': 177504,
 'downloader/response_count': 3,
 'downloader/response_status_count/200': 3,
 'elapsed_time_seconds': 1.802091,
 'finish_reason': 'finished',
 'finish_time': datetime.datetime(2023, 6, 30, 5, 10, 18, 27275),
 'httpcompression/response_bytes': 2005227,
 'httpcompression/response_count': 2,
 'log_count/DEBUG': 6,
 'log_count/ERROR': 1,
 'log_count/INFO': 82,
 'memusage/max': 63852544,
 'memusage/startup': 63852544,
 'request_depth_max': 1,
 'response_received_count': 3,
 'robotstxt/request_count': 1,
 'robotstxt/response_count': 1,
 'robotstxt/response_status_count/200': 1,
 'scheduler/dequeued': 2,
 'scheduler/dequeued/memory': 2,
 'scheduler/enqueued': 2,
 'scheduler/enqueued/memory': 2,
 'spider_exceptions/NameError': 1,
 'start_time': datetime.datetime(2023, 6, 30, 5, 10, 16, 225184)}
2023-06-30 13:10:18 [scrapy.core.engine] INFO: Spider closed (finished)
