2023-06-30 19:00:51 [scrapy.utils.log] INFO: Scrapy 2.9.0 started (bot: ndlcrawler)
2023-06-30 19:00:51 [scrapy.utils.log] INFO: Versions: lxml 4.9.2.0, libxml2 2.9.14, cssselect 1.2.0, parsel 1.8.1, w3lib 2.1.1, Twisted 22.10.0, Python 3.10.10 (main, Mar  5 2023, 22:26:53) [GCC 12.2.1 20230201], pyOpenSSL 23.2.0 (OpenSSL 3.1.1 30 May 2023), cryptography 41.0.1, Platform Linux-6.2.12-arch1-1-x86_64-with-glibc2.37
2023-06-30 19:00:51 [scrapy.crawler] INFO: Overridden settings:
{'BOT_NAME': 'ndlcrawler',
 'FEED_EXPORT_ENCODING': 'utf-8',
 'LOG_FILE': 'logs/booklist.title.馬.DESC.log',
 'NEWSPIDER_MODULE': 'ndlcrawler.spiders',
 'REQUEST_FINGERPRINTER_IMPLEMENTATION': '2.7',
 'ROBOTSTXT_OBEY': True,
 'SPIDER_MODULES': ['ndlcrawler.spiders'],
 'TWISTED_REACTOR': 'twisted.internet.asyncioreactor.AsyncioSelectorReactor'}
2023-06-30 19:00:51 [asyncio] DEBUG: Using selector: EpollSelector
2023-06-30 19:00:51 [scrapy.utils.log] DEBUG: Using reactor: twisted.internet.asyncioreactor.AsyncioSelectorReactor
2023-06-30 19:00:51 [scrapy.utils.log] DEBUG: Using asyncio event loop: asyncio.unix_events._UnixSelectorEventLoop
2023-06-30 19:00:51 [scrapy.extensions.telnet] INFO: Telnet Password: b4cf5331280880da
2023-06-30 19:00:51 [scrapy.middleware] INFO: Enabled extensions:
['scrapy.extensions.corestats.CoreStats',
 'scrapy.extensions.telnet.TelnetConsole',
 'scrapy.extensions.memusage.MemoryUsage',
 'scrapy.extensions.logstats.LogStats']
2023-06-30 19:00:51 [scrapy.middleware] INFO: Enabled downloader middlewares:
['scrapy.downloadermiddlewares.robotstxt.RobotsTxtMiddleware',
 'scrapy.downloadermiddlewares.httpauth.HttpAuthMiddleware',
 'scrapy.downloadermiddlewares.downloadtimeout.DownloadTimeoutMiddleware',
 'scrapy.downloadermiddlewares.defaultheaders.DefaultHeadersMiddleware',
 'scrapy.downloadermiddlewares.useragent.UserAgentMiddleware',
 'scrapy.downloadermiddlewares.retry.RetryMiddleware',
 'scrapy.downloadermiddlewares.redirect.MetaRefreshMiddleware',
 'scrapy.downloadermiddlewares.httpcompression.HttpCompressionMiddleware',
 'scrapy.downloadermiddlewares.redirect.RedirectMiddleware',
 'scrapy.downloadermiddlewares.cookies.CookiesMiddleware',
 'scrapy.downloadermiddlewares.httpproxy.HttpProxyMiddleware',
 'scrapy.downloadermiddlewares.stats.DownloaderStats']
2023-06-30 19:00:51 [scrapy.middleware] INFO: Enabled spider middlewares:
['scrapy.spidermiddlewares.httperror.HttpErrorMiddleware',
 'scrapy.spidermiddlewares.offsite.OffsiteMiddleware',
 'scrapy.spidermiddlewares.referer.RefererMiddleware',
 'scrapy.spidermiddlewares.urllength.UrlLengthMiddleware',
 'scrapy.spidermiddlewares.depth.DepthMiddleware']
2023-06-30 19:00:51 [scrapy.middleware] INFO: Enabled item pipelines:
[]
2023-06-30 19:00:51 [scrapy.core.engine] INFO: Spider opened
2023-06-30 19:00:52 [scrapy.extensions.logstats] INFO: Crawled 0 pages (at 0 pages/min), scraped 0 items (at 0 items/min)
2023-06-30 19:00:52 [scrapy.extensions.telnet] INFO: Telnet console listening on 127.0.0.1:6024
2023-06-30 19:00:52 [scrapy.core.engine] DEBUG: Crawled (200) <GET https://dl.ndl.go.jp/robots.txt> (referer: None)
2023-06-30 19:00:53 [scrapy.core.engine] DEBUG: Crawled (200) <POST https://dl.ndl.go.jp/api/item/search> (referer: None)
2023-06-30 19:00:53 [booklist] INFO: Fetched page 1
2023-06-30 19:00:53 [booklist] INFO: VALID_ID: 2539311
2023-06-30 19:00:53 [booklist] INFO: VALID_ID: 1286895
2023-06-30 19:00:53 [booklist] INFO: VALID_ID: 1288243
2023-06-30 19:00:53 [booklist] INFO: VALID_ID: 1287803
2023-06-30 19:00:53 [booklist] INFO: VALID_ID: 1288217
2023-06-30 19:00:53 [booklist] INFO: VALID_ID: 1288242
2023-06-30 19:00:53 [booklist] INFO: VALID_ID: 2539303
2023-06-30 19:00:53 [booklist] INFO: VALID_ID: 11891714
2023-06-30 19:00:53 [booklist] INFO: VALID_ID: 2539305
2023-06-30 19:00:53 [booklist] INFO: VALID_ID: 2538027
2023-06-30 19:00:53 [booklist] INFO: VALID_ID: 2542687
2023-06-30 19:00:53 [booklist] INFO: VALID_ID: 2535665
2023-06-30 19:00:53 [booklist] INFO: VALID_ID: 2533480
2023-06-30 19:00:53 [booklist] INFO: VALID_ID: 1303210
2023-06-30 19:00:53 [booklist] INFO: VALID_ID: 2532353
2023-06-30 19:00:53 [booklist] INFO: VALID_ID: 2539298
2023-06-30 19:00:53 [booklist] INFO: VALID_ID: 2539294
2023-06-30 19:00:53 [booklist] INFO: VALID_ID: 2559231
2023-06-30 19:00:53 [booklist] INFO: VALID_ID: 1307431
2023-06-30 19:00:53 [booklist] INFO: VALID_ID: 2539304
2023-06-30 19:00:53 [booklist] INFO: VALID_ID: 2539297
2023-06-30 19:00:53 [booklist] INFO: VALID_ID: 2537528
2023-06-30 19:00:53 [booklist] INFO: VALID_ID: 2537998
2023-06-30 19:00:53 [booklist] INFO: VALID_ID: 2563721
2023-06-30 19:00:53 [booklist] INFO: VALID_ID: 1312242
2023-06-30 19:00:53 [booklist] INFO: VALID_ID: 8929785
2023-06-30 19:00:53 [booklist] INFO: VALID_ID: 1313353
2023-06-30 19:00:53 [booklist] INFO: VALID_ID: 2537190
2023-06-30 19:00:53 [booklist] INFO: VALID_ID: 2540338
2023-06-30 19:00:53 [booklist] INFO: VALID_ID: 2538282
2023-06-30 19:00:53 [booklist] INFO: VALID_ID: 9369206
2023-06-30 19:00:53 [booklist] INFO: VALID_ID: 2607187
2023-06-30 19:00:53 [booklist] INFO: VALID_ID: 2563720
2023-06-30 19:00:53 [booklist] INFO: VALID_ID: 1313416
2023-06-30 19:00:53 [booklist] INFO: VALID_ID: 2570453
2023-06-30 19:00:53 [booklist] INFO: VALID_ID: 2541683
2023-06-30 19:00:53 [booklist] INFO: VALID_ID: 2570443
2023-06-30 19:00:53 [booklist] INFO: VALID_ID: 2540822
2023-06-30 19:00:53 [booklist] INFO: VALID_ID: 1288484
2023-06-30 19:00:53 [booklist] INFO: VALID_ID: 1313401
2023-06-30 19:00:53 [booklist] INFO: VALID_ID: 2540950
2023-06-30 19:00:53 [booklist] INFO: VALID_ID: 2570449
2023-06-30 19:00:53 [booklist] INFO: VALID_ID: 2570439
2023-06-30 19:00:53 [booklist] INFO: VALID_ID: 2570445
2023-06-30 19:00:53 [booklist] INFO: VALID_ID: 1309802
2023-06-30 19:00:53 [booklist] INFO: VALID_ID: 9892424
2023-06-30 19:00:53 [booklist] INFO: VALID_ID: 2570437
2023-06-30 19:00:53 [booklist] INFO: VALID_ID: 3508071
2023-06-30 19:00:53 [booklist] INFO: VALID_ID: 2570446
2023-06-30 19:00:53 [booklist] INFO: VALID_ID: 2570454
2023-06-30 19:00:53 [booklist] INFO: VALID_ID: 2555909
2023-06-30 19:00:53 [booklist] INFO: VALID_ID: 9893381
2023-06-30 19:00:53 [booklist] INFO: VALID_ID: 2570442
2023-06-30 19:00:53 [booklist] INFO: VALID_ID: 1306269
2023-06-30 19:00:53 [booklist] INFO: VALID_ID: 2539610
2023-06-30 19:00:53 [booklist] INFO: VALID_ID: 2570447
2023-06-30 19:00:53 [booklist] INFO: VALID_ID: 2570464
2023-06-30 19:00:53 [booklist] INFO: VALID_ID: 2559173
2023-06-30 19:00:53 [booklist] INFO: VALID_ID: 2570457
2023-06-30 19:00:53 [booklist] INFO: VALID_ID: 2537143
2023-06-30 19:00:53 [booklist] INFO: VALID_ID: 2570456
2023-06-30 19:00:53 [booklist] INFO: VALID_ID: 2570465
2023-06-30 19:00:53 [booklist] INFO: VALID_ID: 2570451
2023-06-30 19:00:53 [booklist] INFO: VALID_ID: 2570459
2023-06-30 19:00:53 [booklist] INFO: VALID_ID: 2542386
2023-06-30 19:00:53 [booklist] INFO: VALID_ID: 2570441
2023-06-30 19:00:53 [booklist] INFO: VALID_ID: 2570452
2023-06-30 19:00:53 [booklist] INFO: VALID_ID: 2555910
2023-06-30 19:00:53 [booklist] INFO: VALID_ID: 2570448
2023-06-30 19:00:53 [booklist] INFO: VALID_ID: 2570458
2023-06-30 19:00:53 [booklist] INFO: VALID_ID: 2570461
2023-06-30 19:00:53 [booklist] INFO: VALID_ID: 2606024
2023-06-30 19:00:53 [booklist] INFO: VALID_ID: 2609152
2023-06-30 19:00:53 [booklist] INFO: VALID_ID: 2570450
2023-06-30 19:00:53 [booklist] INFO: VALID_ID: 2570463
2023-06-30 19:00:53 [booklist] INFO: VALID_ID: 2570455
2023-06-30 19:00:53 [booklist] INFO: VALID_ID: 2570438
2023-06-30 19:00:53 [booklist] INFO: VALID_ID: 2570440
2023-06-30 19:00:53 [booklist] INFO: VALID_ID: 2570460
2023-06-30 19:00:53 [booklist] INFO: VALID_ID: 2570444
2023-06-30 19:00:53 [booklist] INFO: VALID_ID: 1304020
2023-06-30 19:00:53 [booklist] INFO: VALID_ID: 1303931
2023-06-30 19:00:53 [booklist] INFO: VALID_ID: 2559229
2023-06-30 19:00:53 [booklist] INFO: VALID_ID: 2537144
2023-06-30 19:00:53 [booklist] INFO: VALID_ID: 2570462
2023-06-30 19:00:53 [booklist] INFO: VALID_ID: 2539842
2023-06-30 19:00:53 [booklist] INFO: VALID_ID: 2556947
2023-06-30 19:00:53 [booklist] INFO: VALID_ID: 9893096
2023-06-30 19:00:53 [booklist] INFO: VALID_ID: 1312018
2023-06-30 19:00:53 [booklist] INFO: VALID_ID: 2534228
2023-06-30 19:00:53 [booklist] INFO: VALID_ID: 2556948
2023-06-30 19:00:53 [booklist] INFO: VALID_ID: 2606164
2023-06-30 19:00:53 [booklist] INFO: VALID_ID: 2556949
2023-06-30 19:00:53 [booklist] INFO: VALID_ID: 2556946
2023-06-30 19:00:53 [booklist] INFO: VALID_ID: 2540203
2023-06-30 19:00:53 [booklist] INFO: VALID_ID: 2607796
2023-06-30 19:00:53 [booklist] INFO: VALID_ID: 2542024
2023-06-30 19:00:53 [booklist] INFO: VALID_ID: 2589624
2023-06-30 19:00:53 [booklist] INFO: VALID_ID: 2573234
2023-06-30 19:00:53 [booklist] INFO: VALID_ID: 2573282
2023-06-30 19:00:54 [scrapy.core.engine] DEBUG: Crawled (200) <POST https://dl.ndl.go.jp/api/item/search> (referer: https://dl.ndl.go.jp/api/item/search)
2023-06-30 19:00:54 [booklist] INFO: Fetched page 2
2023-06-30 19:00:54 [booklist] INFO: VALID_ID: 2573272
2023-06-30 19:00:54 [booklist] INFO: VALID_ID: 2573276
2023-06-30 19:00:54 [booklist] INFO: VALID_ID: 2573318
2023-06-30 19:00:54 [booklist] INFO: VALID_ID: 9893096
2023-06-30 19:00:54 [booklist] INFO: VALID_ID: 2607796
2023-06-30 19:00:54 [booklist] INFO: VALID_ID: 2542024
2023-06-30 19:00:54 [booklist] INFO: VALID_ID: 2589624
2023-06-30 19:00:54 [booklist] INFO: VALID_ID: 2573234
2023-06-30 19:00:54 [booklist] INFO: VALID_ID: 2573282
2023-06-30 19:00:54 [booklist] INFO: VALID_ID: 2573283
2023-06-30 19:00:54 [booklist] INFO: VALID_ID: 2573238
2023-06-30 19:00:54 [booklist] INFO: VALID_ID: 2573244
2023-06-30 19:00:54 [booklist] INFO: VALID_ID: 2589619
2023-06-30 19:00:54 [booklist] INFO: VALID_ID: 2589635
2023-06-30 19:00:54 [booklist] INFO: VALID_ID: 1302635
2023-06-30 19:00:54 [booklist] INFO: VALID_ID: 2573262
2023-06-30 19:00:54 [booklist] INFO: VALID_ID: 2573269
2023-06-30 19:00:54 [booklist] INFO: VALID_ID: 2573344
2023-06-30 19:00:54 [booklist] INFO: VALID_ID: 2589632
2023-06-30 19:00:54 [booklist] INFO: VALID_ID: 2573256
2023-06-30 19:00:54 [booklist] INFO: VALID_ID: 2573280
2023-06-30 19:00:54 [booklist] INFO: VALID_ID: 2573281
2023-06-30 19:00:54 [booklist] INFO: VALID_ID: 2573286
2023-06-30 19:00:54 [booklist] INFO: VALID_ID: 1302497
2023-06-30 19:00:54 [booklist] INFO: VALID_ID: 2573266
2023-06-30 19:00:54 [booklist] INFO: VALID_ID: 2573305
2023-06-30 19:00:54 [booklist] INFO: VALID_ID: 2573308
2023-06-30 19:00:54 [booklist] INFO: VALID_ID: 2573334
2023-06-30 19:00:54 [booklist] INFO: VALID_ID: 2589620
2023-06-30 19:00:54 [booklist] INFO: VALID_ID: 2573231
2023-06-30 19:00:54 [booklist] INFO: VALID_ID: 2589633
2023-06-30 19:00:54 [booklist] INFO: VALID_ID: 2573279
2023-06-30 19:00:54 [booklist] INFO: VALID_ID: 2573287
2023-06-30 19:00:54 [booklist] INFO: VALID_ID: 2573303
2023-06-30 19:00:54 [booklist] INFO: VALID_ID: 2573336
2023-06-30 19:00:54 [booklist] INFO: VALID_ID: 2573248
2023-06-30 19:00:54 [booklist] INFO: VALID_ID: 2573251
2023-06-30 19:00:54 [booklist] INFO: VALID_ID: 2573252
2023-06-30 19:00:54 [booklist] INFO: VALID_ID: 2573263
2023-06-30 19:00:54 [booklist] INFO: VALID_ID: 2573284
2023-06-30 19:00:54 [booklist] INFO: VALID_ID: 2573290
2023-06-30 19:00:54 [booklist] INFO: VALID_ID: 2573292
2023-06-30 19:00:54 [booklist] INFO: VALID_ID: 2573322
2023-06-30 19:00:54 [booklist] INFO: VALID_ID: 2589621
2023-06-30 19:00:54 [booklist] INFO: VALID_ID: 1301779
2023-06-30 19:00:54 [booklist] INFO: VALID_ID: 2589634
2023-06-30 19:00:54 [booklist] INFO: VALID_ID: 2589639
2023-06-30 19:00:54 [booklist] INFO: VALID_ID: 2573328
2023-06-30 19:00:54 [booklist] INFO: VALID_ID: 9369520
2023-06-30 19:00:54 [booklist] INFO: VALID_ID: 2573240
2023-06-30 19:00:54 [booklist] INFO: VALID_ID: 2589637
2023-06-30 19:00:54 [booklist] INFO: VALID_ID: 2573320
2023-06-30 19:00:54 [booklist] INFO: VALID_ID: 2573331
2023-06-30 19:00:54 [booklist] INFO: VALID_ID: 2573337
2023-06-30 19:00:54 [booklist] INFO: VALID_ID: 2573343
2023-06-30 19:00:54 [booklist] INFO: VALID_ID: 2573229
2023-06-30 19:00:54 [booklist] INFO: VALID_ID: 2589623
2023-06-30 19:00:54 [booklist] INFO: VALID_ID: 2573230
2023-06-30 19:00:54 [booklist] INFO: VALID_ID: 2589625
2023-06-30 19:00:54 [booklist] INFO: VALID_ID: 2573232
2023-06-30 19:00:54 [booklist] INFO: VALID_ID: 2573237
2023-06-30 19:00:54 [booklist] INFO: VALID_ID: 2573255
2023-06-30 19:00:54 [booklist] INFO: VALID_ID: 2573268
2023-06-30 19:00:54 [booklist] INFO: VALID_ID: 2573293
2023-06-30 19:00:54 [booklist] INFO: VALID_ID: 2573298
2023-06-30 19:00:54 [booklist] INFO: VALID_ID: 2573310
2023-06-30 19:00:54 [booklist] INFO: VALID_ID: 2573247
2023-06-30 19:00:54 [booklist] INFO: VALID_ID: 2573270
2023-06-30 19:00:54 [booklist] INFO: VALID_ID: 2538006
2023-06-30 19:00:54 [booklist] INFO: VALID_ID: 2573317
2023-06-30 19:00:54 [booklist] INFO: VALID_ID: 2573345
2023-06-30 19:00:54 [booklist] INFO: VALID_ID: 2573239
2023-06-30 19:00:54 [booklist] INFO: VALID_ID: 2573302
2023-06-30 19:00:54 [booklist] INFO: VALID_ID: 2573323
2023-06-30 19:00:54 [booklist] INFO: VALID_ID: 2573339
2023-06-30 19:00:54 [booklist] INFO: VALID_ID: 2558132
2023-06-30 19:00:54 [booklist] INFO: VALID_ID: 2573228
2023-06-30 19:00:54 [booklist] INFO: VALID_ID: 2589628
2023-06-30 19:00:54 [booklist] INFO: VALID_ID: 2573253
2023-06-30 19:00:54 [booklist] INFO: VALID_ID: 2573275
2023-06-30 19:00:54 [booklist] INFO: VALID_ID: 2573309
2023-06-30 19:00:54 [booklist] INFO: VALID_ID: 2573315
2023-06-30 19:00:54 [booklist] INFO: VALID_ID: 2573321
2023-06-30 19:00:54 [booklist] INFO: VALID_ID: 2573327
2023-06-30 19:00:54 [booklist] INFO: VALID_ID: 2573227
2023-06-30 19:00:54 [booklist] INFO: VALID_ID: 2573235
2023-06-30 19:00:54 [booklist] INFO: VALID_ID: 2573242
2023-06-30 19:00:54 [booklist] INFO: VALID_ID: 2573259
2023-06-30 19:00:54 [booklist] INFO: VALID_ID: 2573273
2023-06-30 19:00:54 [booklist] INFO: VALID_ID: 2573278
2023-06-30 19:00:54 [booklist] INFO: VALID_ID: 2573306
2023-06-30 19:00:54 [booklist] INFO: VALID_ID: 2573325
2023-06-30 19:00:54 [booklist] INFO: VALID_ID: 2558133
2023-06-30 19:00:54 [booklist] INFO: VALID_ID: 2573245
2023-06-30 19:00:54 [booklist] INFO: VALID_ID: 2573254
2023-06-30 19:00:54 [booklist] INFO: VALID_ID: 2573264
2023-06-30 19:00:54 [booklist] INFO: VALID_ID: 2573307
2023-06-30 19:00:54 [booklist] INFO: VALID_ID: 2573233
2023-06-30 19:00:54 [booklist] INFO: VALID_ID: 2589641
2023-06-30 19:00:54 [booklist] INFO: VALID_ID: 2573277
2023-06-30 19:00:55 [scrapy.core.engine] DEBUG: Crawled (200) <POST https://dl.ndl.go.jp/api/item/search> (referer: https://dl.ndl.go.jp/api/item/search)
2023-06-30 19:00:55 [booklist] INFO: Fetched page 3
2023-06-30 19:00:55 [booklist] INFO: VALID_ID: 2573243
2023-06-30 19:00:55 [booklist] INFO: VALID_ID: 2573312
2023-06-30 19:00:55 [booklist] INFO: VALID_ID: 2573257
2023-06-30 19:00:55 [booklist] INFO: VALID_ID: 2573294
2023-06-30 19:00:55 [booklist] INFO: VALID_ID: 2573342
2023-06-30 19:00:55 [booklist] INFO: VALID_ID: 8929726
2023-06-30 19:00:55 [booklist] INFO: VALID_ID: 2589627
2023-06-30 19:00:55 [booklist] INFO: VALID_ID: 2589630
2023-06-30 19:00:55 [booklist] INFO: VALID_ID: 2589640
2023-06-30 19:00:55 [booklist] INFO: VALID_ID: 2573265
2023-06-30 19:00:55 [booklist] INFO: VALID_ID: 2573289
2023-06-30 19:00:55 [booklist] INFO: VALID_ID: 2573295
2023-06-30 19:00:55 [booklist] INFO: VALID_ID: 2589622
2023-06-30 19:00:55 [booklist] INFO: VALID_ID: 2589638
2023-06-30 19:00:55 [booklist] INFO: VALID_ID: 2573274
2023-06-30 19:00:55 [booklist] INFO: VALID_ID: 2573285
2023-06-30 19:00:55 [booklist] INFO: VALID_ID: 2573304
2023-06-30 19:00:55 [booklist] INFO: VALID_ID: 2573340
2023-06-30 19:00:55 [booklist] INFO: VALID_ID: 2536409
2023-06-30 19:00:55 [booklist] INFO: VALID_ID: 2573250
2023-06-30 19:00:55 [booklist] INFO: VALID_ID: 2573258
2023-06-30 19:00:55 [booklist] INFO: VALID_ID: 2573260
2023-06-30 19:00:55 [booklist] INFO: VALID_ID: 2573267
2023-06-30 19:00:55 [booklist] INFO: VALID_ID: 2573326
2023-06-30 19:00:55 [booklist] INFO: VALID_ID: 2573333
2023-06-30 19:00:55 [booklist] INFO: VALID_ID: 2573338
2023-06-30 19:00:55 [booklist] INFO: VALID_ID: 2573246
2023-06-30 19:00:55 [booklist] INFO: VALID_ID: 2573299
2023-06-30 19:00:55 [booklist] INFO: VALID_ID: 2573341
2023-06-30 19:00:55 [booklist] INFO: VALID_ID: 2559227
2023-06-30 19:00:55 [booklist] INFO: VALID_ID: 2589621
2023-06-30 19:00:55 [booklist] INFO: VALID_ID: 1301779
2023-06-30 19:00:55 [booklist] INFO: VALID_ID: 2589634
2023-06-30 19:00:55 [booklist] INFO: VALID_ID: 2589639
2023-06-30 19:00:55 [booklist] INFO: VALID_ID: 2573328
2023-06-30 19:00:55 [booklist] INFO: VALID_ID: 2573241
2023-06-30 19:00:55 [booklist] INFO: VALID_ID: 2573261
2023-06-30 19:00:55 [booklist] INFO: VALID_ID: 2573301
2023-06-30 19:00:55 [booklist] INFO: VALID_ID: 2573226
2023-06-30 19:00:55 [booklist] INFO: VALID_ID: 2573271
2023-06-30 19:00:55 [booklist] INFO: VALID_ID: 2573316
2023-06-30 19:00:55 [booklist] INFO: VALID_ID: 2589626
2023-06-30 19:00:55 [booklist] INFO: VALID_ID: 2589636
2023-06-30 19:00:55 [booklist] INFO: VALID_ID: 2573249
2023-06-30 19:00:55 [booklist] INFO: VALID_ID: 2573288
2023-06-30 19:00:55 [booklist] INFO: VALID_ID: 2573297
2023-06-30 19:00:55 [booklist] INFO: VALID_ID: 2573300
2023-06-30 19:00:55 [booklist] INFO: VALID_ID: 2573313
2023-06-30 19:00:55 [booklist] INFO: VALID_ID: 2573314
2023-06-30 19:00:55 [booklist] INFO: VALID_ID: 2607749
2023-06-30 19:00:55 [booklist] INFO: VALID_ID: 2573319
2023-06-30 19:00:55 [booklist] INFO: VALID_ID: 2573329
2023-06-30 19:00:55 [booklist] INFO: VALID_ID: 2589642
2023-06-30 19:00:55 [booklist] INFO: VALID_ID: 2573296
2023-06-30 19:00:55 [booklist] INFO: VALID_ID: 2573332
2023-06-30 19:00:55 [booklist] INFO: VALID_ID: 1313418
2023-06-30 19:00:55 [booklist] INFO: VALID_ID: 1309201
2023-06-30 19:00:55 [booklist] INFO: VALID_ID: 2542183
2023-06-30 19:00:55 [booklist] INFO: VALID_ID: 2541147
2023-06-30 19:00:55 [booklist] INFO: VALID_ID: 2542181
2023-06-30 19:00:55 [booklist] INFO: VALID_ID: 1307433
2023-06-30 19:00:55 [booklist] INFO: VALID_ID: 1302981
2023-06-30 19:00:55 [booklist] INFO: VALID_ID: 2532965
2023-06-30 19:00:55 [booklist] INFO: VALID_ID: 2542347
2023-06-30 19:00:55 [booklist] INFO: VALID_ID: 2542182
2023-06-30 19:00:55 [booklist] INFO: VALID_ID: 2542184
2023-06-30 19:00:55 [booklist] INFO: VALID_ID: 2540906
2023-06-30 19:00:55 [booklist] INFO: VALID_ID: 10301438
2023-06-30 19:00:55 [booklist] INFO: VALID_ID: 2538801
2023-06-30 19:00:55 [booklist] INFO: VALID_ID: 1307434
2023-06-30 19:00:55 [booklist] INFO: VALID_ID: 2604520
2023-06-30 19:00:55 [booklist] INFO: VALID_ID: 1309926
2023-06-30 19:00:55 [booklist] INFO: VALID_ID: 2604517
2023-06-30 19:00:55 [booklist] INFO: VALID_ID: 1306265
2023-06-30 19:00:55 [booklist] INFO: VALID_ID: 1309566
2023-06-30 19:00:55 [booklist] INFO: VALID_ID: 1307610
2023-06-30 19:00:55 [booklist] INFO: VALID_ID: 1308586
2023-06-30 19:00:55 [booklist] INFO: VALID_ID: 2609426
2023-06-30 19:00:55 [booklist] INFO: VALID_ID: 10301164
2023-06-30 19:00:55 [booklist] INFO: VALID_ID: 8929725
2023-06-30 19:00:55 [booklist] INFO: VALID_ID: 1309563
2023-06-30 19:00:55 [booklist] INFO: VALID_ID: 1307307
2023-06-30 19:00:55 [booklist] INFO: VALID_ID: 2604518
2023-06-30 19:00:55 [booklist] INFO: VALID_ID: 1307158
2023-06-30 19:00:55 [booklist] INFO: VALID_ID: 2533719
2023-06-30 19:00:55 [booklist] INFO: VALID_ID: 2604519
2023-06-30 19:00:55 [booklist] INFO: VALID_ID: 1311790
2023-06-30 19:00:55 [booklist] INFO: VALID_ID: 2609950
2023-06-30 19:00:55 [booklist] INFO: VALID_ID: 1288542
2023-06-30 19:00:55 [booklist] INFO: VALID_ID: 2603588
2023-06-30 19:00:55 [booklist] INFO: VALID_ID: 1312351
2023-06-30 19:00:55 [booklist] INFO: VALID_ID: 2559221
2023-06-30 19:00:55 [booklist] INFO: VALID_ID: 2603590
2023-06-30 19:00:55 [booklist] INFO: VALID_ID: 2603586
2023-06-30 19:00:55 [booklist] INFO: VALID_ID: 1303321
2023-06-30 19:00:55 [booklist] INFO: VALID_ID: 1286194
2023-06-30 19:00:55 [booklist] INFO: VALID_ID: 1310547
2023-06-30 19:00:55 [booklist] INFO: VALID_ID: 2603589
2023-06-30 19:00:55 [booklist] INFO: VALID_ID: 1312522
2023-06-30 19:00:55 [booklist] INFO: VALID_ID: 1306267
2023-06-30 19:00:56 [scrapy.core.engine] DEBUG: Crawled (200) <POST https://dl.ndl.go.jp/api/item/search> (referer: https://dl.ndl.go.jp/api/item/search)
2023-06-30 19:00:56 [booklist] INFO: Fetched page 4
2023-06-30 19:00:56 [booklist] INFO: VALID_ID: 1302637
2023-06-30 19:00:56 [booklist] INFO: VALID_ID: 2603587
2023-06-30 19:00:56 [booklist] INFO: VALID_ID: 2603586
2023-06-30 19:00:56 [booklist] INFO: VALID_ID: 1303321
2023-06-30 19:00:56 [booklist] INFO: VALID_ID: 1307281
2023-06-30 19:00:56 [booklist] INFO: VALID_ID: 2532208
2023-06-30 19:00:56 [booklist] INFO: VALID_ID: 1307748
2023-06-30 19:00:56 [booklist] INFO: VALID_ID: 1309790
2023-06-30 19:00:56 [booklist] INFO: VALID_ID: 1311798
2023-06-30 19:00:56 [booklist] INFO: VALID_ID: 1308769
2023-06-30 19:00:56 [booklist] INFO: VALID_ID: 1309907
2023-06-30 19:00:56 [booklist] INFO: VALID_ID: 1309222
2023-06-30 19:00:56 [booklist] INFO: VALID_ID: 1309582
2023-06-30 19:00:56 [booklist] INFO: VALID_ID: 2572163
2023-06-30 19:00:56 [booklist] INFO: VALID_ID: 1309880
2023-06-30 19:00:56 [booklist] INFO: VALID_ID: 1307428
2023-06-30 19:00:56 [booklist] INFO: VALID_ID: 1307157
2023-06-30 19:00:56 [booklist] INFO: VALID_ID: 1313442
2023-06-30 19:00:56 [booklist] INFO: VALID_ID: 1307140
2023-06-30 19:00:56 [booklist] INFO: VALID_ID: 1309625
2023-06-30 19:00:56 [booklist] INFO: VALID_ID: 1308012
2023-06-30 19:00:56 [booklist] INFO: VALID_ID: 1306264
2023-06-30 19:00:56 [booklist] INFO: VALID_ID: 1313459
2023-06-30 19:00:56 [booklist] INFO: VALID_ID: 2559252
2023-06-30 19:00:56 [booklist] INFO: VALID_ID: 1303280
2023-06-30 19:00:56 [booklist] INFO: VALID_ID: 1312310
2023-06-30 19:00:56 [booklist] INFO: VALID_ID: 1311545
2023-06-30 19:00:56 [booklist] INFO: VALID_ID: 2559242
2023-06-30 19:00:56 [booklist] INFO: VALID_ID: 1308371
2023-06-30 19:00:56 [booklist] INFO: VALID_ID: 1309877
2023-06-30 19:00:56 [booklist] INFO: VALID_ID: 1310415
2023-06-30 19:00:56 [booklist] INFO: VALID_ID: 1312835
2023-06-30 19:00:56 [booklist] INFO: VALID_ID: 1310987
2023-06-30 19:00:56 [booklist] INFO: VALID_ID: 11891903
2023-06-30 19:00:56 [booklist] INFO: VALID_ID: 2572164
2023-06-30 19:00:56 [booklist] INFO: VALID_ID: 2572161
2023-06-30 19:00:56 [booklist] INFO: VALID_ID: 1306240
2023-06-30 19:00:56 [booklist] INFO: VALID_ID: 2572162
2023-06-30 19:00:56 [booklist] INFO: VALID_ID: 1313460
2023-06-30 19:00:56 [booklist] INFO: VALID_ID: 1307425
2023-06-30 19:00:56 [booklist] INFO: VALID_ID: 1308342
2023-06-30 19:00:56 [booklist] INFO: VALID_ID: 1306266
2023-06-30 19:00:56 [booklist] INFO: VALID_ID: 1306272
2023-06-30 19:00:56 [booklist] INFO: VALID_ID: 1313342
2023-06-30 19:00:56 [booklist] INFO: VALID_ID: 1310692
2023-06-30 19:00:56 [booklist] INFO: VALID_ID: 1312658
2023-06-30 19:00:56 [booklist] INFO: VALID_ID: 1304663
2023-06-30 19:00:56 [booklist] INFO: VALID_ID: 1307156
2023-06-30 19:00:56 [booklist] INFO: VALID_ID: 1309639
2023-06-30 19:00:56 [booklist] INFO: VALID_ID: 2541510
2023-06-30 19:00:56 [booklist] INFO: VALID_ID: 1307426
2023-06-30 19:00:56 [booklist] INFO: VALID_ID: 2532188
2023-06-30 19:00:56 [booklist] INFO: VALID_ID: 1307159
2023-06-30 19:00:56 [booklist] INFO: VALID_ID: 1305222
2023-06-30 19:00:56 [booklist] INFO: VALID_ID: 1306268
2023-06-30 19:00:56 [booklist] INFO: VALID_ID: 1302613
2023-06-30 19:00:56 [booklist] INFO: VALID_ID: 2540535
2023-06-30 19:00:56 [booklist] INFO: VALID_ID: 2540603
2023-06-30 19:00:56 [booklist] INFO: VALID_ID: 1310999
2023-06-30 19:00:56 [booklist] INFO: VALID_ID: 1302633
2023-06-30 19:00:56 [booklist] INFO: VALID_ID: 2540534
2023-06-30 19:00:56 [booklist] INFO: VALID_ID: 2541517
2023-06-30 19:00:56 [booklist] INFO: VALID_ID: 1305619
2023-06-30 19:00:56 [booklist] INFO: VALID_ID: 2576257
2023-06-30 19:00:56 [booklist] INFO: VALID_ID: 1310888
2023-06-30 19:00:56 [booklist] INFO: VALID_ID: 2553313
2023-06-30 19:00:56 [booklist] INFO: VALID_ID: 2548629
2023-06-30 19:00:56 [booklist] INFO: VALID_ID: 11891833
2023-06-30 19:00:56 [booklist] INFO: VALID_ID: 1311283
2023-06-30 19:00:56 [booklist] INFO: VALID_ID: 1313526
2023-06-30 19:00:56 [booklist] INFO: VALID_ID: 2551347
2023-06-30 19:00:56 [booklist] INFO: VALID_ID: 11891775
2023-06-30 19:00:56 [booklist] INFO: VALID_ID: 1309196
2023-06-30 19:00:56 [booklist] INFO: VALID_ID: 2586644
2023-06-30 19:00:56 [booklist] INFO: VALID_ID: 2593381
2023-06-30 19:00:56 [booklist] INFO: VALID_ID: 2559071
2023-06-30 19:00:56 [booklist] INFO: VALID_ID: 1309199
2023-06-30 19:00:56 [booklist] INFO: VALID_ID: 1313436
2023-06-30 19:00:56 [booklist] INFO: VALID_ID: 11038512
2023-06-30 19:00:56 [booklist] INFO: VALID_ID: 1309185
2023-06-30 19:00:56 [booklist] INFO: VALID_ID: 2542064
2023-06-30 19:00:56 [booklist] INFO: VALID_ID: 1307429
2023-06-30 19:00:56 [booklist] INFO: VALID_ID: 1308256
2023-06-30 19:00:56 [booklist] INFO: VALID_ID: 2540536
2023-06-30 19:00:56 [booklist] INFO: VALID_ID: 2551353
2023-06-30 19:00:56 [booklist] INFO: VALID_ID: 2593401
2023-06-30 19:00:56 [booklist] INFO: VALID_ID: 2548818
2023-06-30 19:00:56 [booklist] INFO: VALID_ID: 2540602
2023-06-30 19:00:56 [booklist] INFO: VALID_ID: 1286879
2023-06-30 19:00:56 [booklist] INFO: VALID_ID: 2609516
2023-06-30 19:00:56 [booklist] INFO: VALID_ID: 1308251
2023-06-30 19:00:56 [booklist] INFO: VALID_ID: 1305052
2023-06-30 19:00:56 [booklist] INFO: VALID_ID: 2593289
2023-06-30 19:00:56 [booklist] INFO: VALID_ID: 2610511
2023-06-30 19:00:56 [booklist] INFO: VALID_ID: 2540889
2023-06-30 19:00:56 [booklist] INFO: VALID_ID: 2592549
2023-06-30 19:00:56 [booklist] INFO: VALID_ID: 1309192
2023-06-30 19:00:56 [booklist] INFO: VALID_ID: 1301846
2023-06-30 19:00:56 [booklist] INFO: VALID_ID: 1288535
2023-06-30 19:00:56 [booklist] INFO: VALID_ID: 11223511
2023-06-30 19:00:57 [scrapy.core.engine] DEBUG: Crawled (200) <POST https://dl.ndl.go.jp/api/item/search> (referer: https://dl.ndl.go.jp/api/item/search)
2023-06-30 19:00:57 [booklist] INFO: Fetched page 5
2023-06-30 19:00:58 [booklist] INFO: VALID_ID: 1308184
2023-06-30 19:00:58 [booklist] INFO: VALID_ID: 1309190
2023-06-30 19:00:58 [booklist] INFO: VALID_ID: 1311267
2023-06-30 19:00:58 [booklist] INFO: VALID_ID: 2539714
2023-06-30 19:00:58 [booklist] INFO: VALID_ID: 10301367
2023-06-30 19:00:58 [booklist] INFO: VALID_ID: 1309189
2023-06-30 19:00:58 [booklist] INFO: VALID_ID: 2533645
2023-06-30 19:00:58 [booklist] INFO: VALID_ID: 9892930
2023-06-30 19:00:58 [booklist] INFO: VALID_ID: 2544011
2023-06-30 19:00:58 [booklist] INFO: VALID_ID: 2540604
2023-06-30 19:00:58 [booklist] INFO: VALID_ID: 10301760
2023-06-30 19:00:58 [booklist] INFO: VALID_ID: 11891717
2023-06-30 19:00:58 [booklist] INFO: VALID_ID: 2592124
2023-06-30 19:00:58 [booklist] INFO: VALID_ID: 2584249
2023-06-30 19:00:58 [booklist] INFO: VALID_ID: 2605148
2023-06-30 19:00:58 [booklist] INFO: VALID_ID: 2608721
2023-06-30 19:00:58 [booklist] INFO: VALID_ID: 10301684
2023-06-30 19:00:58 [booklist] INFO: VALID_ID: 1286625
2023-06-30 19:00:58 [booklist] INFO: VALID_ID: 2570429
2023-06-30 19:00:58 [booklist] INFO: VALID_ID: 1301791
2023-06-30 19:00:58 [booklist] INFO: VALID_ID: 10301611
2023-06-30 19:00:58 [booklist] INFO: VALID_ID: 2592074
2023-06-30 19:00:58 [booklist] INFO: VALID_ID: 1311298
2023-06-30 19:00:58 [booklist] INFO: VALID_ID: 2570428
2023-06-30 19:00:58 [booklist] INFO: VALID_ID: 10301751
2023-06-30 19:00:58 [booklist] INFO: VALID_ID: 2571677
2023-06-30 19:00:58 [booklist] INFO: VALID_ID: 1307825
2023-06-30 19:00:58 [booklist] INFO: VALID_ID: 2539713
2023-06-30 19:00:58 [booklist] INFO: VALID_ID: 2554734
2023-06-30 19:00:58 [booklist] INFO: VALID_ID: 2554735
2023-06-30 19:00:58 [booklist] INFO: VALID_ID: 2547998
2023-06-30 19:00:58 [booklist] INFO: VALID_ID: 2569857
2023-06-30 19:00:58 [booklist] INFO: VALID_ID: 2559219
2023-06-30 19:00:58 [booklist] INFO: VALID_ID: 1301382
2023-06-30 19:00:58 [booklist] INFO: VALID_ID: 2559224
2023-06-30 19:00:58 [booklist] INFO: VALID_ID: 2559223
2023-06-30 19:00:58 [booklist] INFO: VALID_ID: 2585555
2023-06-30 19:00:58 [booklist] INFO: VALID_ID: 2544649
2023-06-30 19:00:58 [booklist] INFO: VALID_ID: 2610659
2023-06-30 19:00:58 [booklist] INFO: VALID_ID: 2593413
2023-06-30 19:00:58 [booklist] INFO: VALID_ID: 2607884
2023-06-30 19:00:58 [booklist] INFO: VALID_ID: 2607776
2023-06-30 19:00:58 [booklist] INFO: VALID_ID: 2559225
2023-06-30 19:00:58 [booklist] INFO: VALID_ID: 2542848
2023-06-30 19:00:58 [booklist] INFO: VALID_ID: 2559222
2023-06-30 19:00:58 [booklist] INFO: VALID_ID: 2559226
2023-06-30 19:00:58 [booklist] INFO: VALID_ID: 2554733
2023-06-30 19:00:58 [booklist] INFO: VALID_ID: 1301296
2023-06-30 19:00:58 [booklist] INFO: VALID_ID: 2581252
2023-06-30 19:00:58 [booklist] INFO: VALID_ID: 2606280
2023-06-30 19:00:58 [booklist] INFO: VALID_ID: 2570427
2023-06-30 19:00:58 [booklist] INFO: VALID_ID: 2553339
2023-06-30 19:00:58 [booklist] INFO: VALID_ID: 10303668
2023-06-30 19:00:58 [booklist] INFO: VALID_ID: 2554732
2023-06-30 19:00:58 [booklist] INFO: VALID_ID: 2549773
2023-06-30 19:00:58 [booklist] INFO: VALID_ID: 1287598
2023-06-30 19:00:58 [booklist] INFO: VALID_ID: 2559228
2023-06-30 19:00:58 [booklist] INFO: VALID_ID: 2559230
2023-06-30 19:00:58 [booklist] INFO: VALID_ID: 2559220
2023-06-30 19:00:58 [booklist] INFO: VALID_ID: 2592077
2023-06-30 19:00:58 [booklist] INFO: VALID_ID: 1301321
2023-06-30 19:00:58 [booklist] INFO: VALID_ID: 2585272
2023-06-30 19:00:58 [booklist] INFO: VALID_ID: 2533399
2023-06-30 19:00:58 [booklist] INFO: VALID_ID: 2609214
2023-06-30 19:00:58 [booklist] INFO: VALID_ID: 2553348
2023-06-30 19:00:58 [booklist] INFO: VALID_ID: 2537967
2023-06-30 19:00:58 [booklist] INFO: VALID_ID: 2546172
2023-06-30 19:00:58 [booklist] INFO: VALID_ID: 1311295
2023-06-30 19:00:58 [booklist] INFO: VALID_ID: 10301577
2023-06-30 19:00:58 [booklist] INFO: VALID_ID: 2542911
2023-06-30 19:00:58 [booklist] INFO: VALID_ID: 2540531
2023-06-30 19:00:58 [booklist] INFO: VALID_ID: 2547743
2023-06-30 19:00:58 [booklist] INFO: VALID_ID: 1313349
2023-06-30 19:00:58 [booklist] INFO: VALID_ID: 2585568
2023-06-30 19:00:58 [booklist] INFO: VALID_ID: 2592525
2023-06-30 19:00:58 [booklist] INFO: VALID_ID: 1286639
2023-06-30 19:00:58 [booklist] INFO: VALID_ID: 2533240
2023-06-30 19:00:58 [booklist] INFO: VALID_ID: 10301315
2023-06-30 19:00:58 [booklist] INFO: VALID_ID: 2549557
2023-06-30 19:00:58 [booklist] INFO: VALID_ID: 10303986
2023-06-30 19:00:58 [booklist] INFO: VALID_ID: 2576239
2023-06-30 19:00:58 [booklist] INFO: VALID_ID: 2597313
2023-06-30 19:00:58 [booklist] INFO: VALID_ID: 1288182
2023-06-30 19:00:58 [booklist] INFO: VALID_ID: 10301461
2023-06-30 19:00:58 [booklist] INFO: VALID_ID: 2590381
2023-06-30 19:00:58 [booklist] INFO: VALID_ID: 10301753
2023-06-30 19:00:58 [booklist] INFO: VALID_ID: 10301165
2023-06-30 19:00:58 [booklist] INFO: VALID_ID: 2590375
2023-06-30 19:00:58 [booklist] INFO: VALID_ID: 2581052
2023-06-30 19:00:58 [booklist] INFO: VALID_ID: 2610187
2023-06-30 19:00:58 [booklist] INFO: VALID_ID: 2559169
2023-06-30 19:00:58 [booklist] INFO: VALID_ID: 2609054
2023-06-30 19:00:58 [booklist] INFO: VALID_ID: 2541717
2023-06-30 19:00:58 [booklist] INFO: VALID_ID: 10301236
2023-06-30 19:00:58 [booklist] INFO: VALID_ID: 2585638
2023-06-30 19:00:58 [booklist] INFO: VALID_ID: 1307826
2023-06-30 19:00:58 [booklist] INFO: VALID_ID: 1311921
2023-06-30 19:00:58 [booklist] INFO: VALID_ID: 2559170
2023-06-30 19:00:58 [booklist] INFO: VALID_ID: 2606303
2023-06-30 19:00:58 [booklist] INFO: VALID_ID: 2572826
2023-06-30 19:00:59 [scrapy.core.engine] DEBUG: Crawled (200) <POST https://dl.ndl.go.jp/api/item/search> (referer: https://dl.ndl.go.jp/api/item/search)
2023-06-30 19:00:59 [booklist] INFO: Fetched page 6
2023-06-30 19:01:00 [booklist] INFO: VALID_ID: 1311921
2023-06-30 19:01:00 [booklist] INFO: VALID_ID: 2542755
2023-06-30 19:01:00 [booklist] INFO: VALID_ID: 2559171
2023-06-30 19:01:00 [booklist] INFO: VALID_ID: 2559176
2023-06-30 19:01:00 [booklist] INFO: VALID_ID: 2559175
2023-06-30 19:01:00 [booklist] INFO: VALID_ID: 2559163
2023-06-30 19:01:00 [booklist] INFO: VALID_ID: 2559165
2023-06-30 19:01:00 [booklist] INFO: VALID_ID: 2559174
2023-06-30 19:01:00 [booklist] INFO: VALID_ID: 2559164
2023-06-30 19:01:00 [booklist] INFO: VALID_ID: 2559172
2023-06-30 19:01:00 [booklist] INFO: VALID_ID: 11038891
2023-06-30 19:01:00 [booklist] INFO: VALID_ID: 11038913
2023-06-30 19:01:00 [booklist] INFO: VALID_ID: 10301460
2023-06-30 19:01:00 [booklist] INFO: VALID_ID: 2542581
2023-06-30 19:01:00 [booklist] INFO: VALID_ID: 2559166
2023-06-30 19:01:00 [booklist] INFO: VALID_ID: 2548828
2023-06-30 19:01:00 [booklist] INFO: VALID_ID: 2559167
2023-06-30 19:01:00 [booklist] INFO: VALID_ID: 2559168
2023-06-30 19:01:00 [booklist] INFO: VALID_ID: 2559177
2023-06-30 19:01:00 [booklist] INFO: VALID_ID: 1304916
2023-06-30 19:01:00 [booklist] INFO: VALID_ID: 2559241
2023-06-30 19:01:00 [booklist] INFO: VALID_ID: 2611107
2023-06-30 19:01:00 [booklist] INFO: VALID_ID: 11038887
2023-06-30 19:01:00 [booklist] INFO: VALID_ID: 11038902
2023-06-30 19:01:00 [booklist] INFO: VALID_ID: 11038901
2023-06-30 19:01:00 [booklist] INFO: VALID_ID: 11038882
2023-06-30 19:01:00 [booklist] INFO: VALID_ID: 11038878
2023-06-30 19:01:00 [booklist] INFO: VALID_ID: 11038896
2023-06-30 19:01:00 [booklist] INFO: VALID_ID: 11038904
2023-06-30 19:01:00 [booklist] INFO: VALID_ID: 2590376
2023-06-30 19:01:00 [booklist] INFO: VALID_ID: 11038912
2023-06-30 19:01:00 [booklist] INFO: VALID_ID: 2548727
2023-06-30 19:01:00 [booklist] INFO: VALID_ID: 11038898
2023-06-30 19:01:00 [booklist] INFO: VALID_ID: 11038910
2023-06-30 19:01:00 [booklist] INFO: VALID_ID: 11038915
2023-06-30 19:01:00 [booklist] INFO: VALID_ID: 2559247
2023-06-30 19:01:00 [booklist] INFO: VALID_ID: 2559249
2023-06-30 19:01:00 [booklist] INFO: VALID_ID: 11038877
2023-06-30 19:01:00 [booklist] INFO: VALID_ID: 11038892
2023-06-30 19:01:00 [booklist] INFO: VALID_ID: 2559255
2023-06-30 19:01:00 [booklist] INFO: VALID_ID: 11038909
2023-06-30 19:01:00 [booklist] INFO: VALID_ID: 11038911
2023-06-30 19:01:00 [booklist] INFO: VALID_ID: 11038889
2023-06-30 19:01:00 [booklist] INFO: VALID_ID: 11038905
2023-06-30 19:01:00 [booklist] INFO: VALID_ID: 11038890
2023-06-30 19:01:00 [booklist] INFO: VALID_ID: 10301766
2023-06-30 19:01:00 [booklist] INFO: VALID_ID: 11038919
2023-06-30 19:01:00 [booklist] INFO: VALID_ID: 11038874
2023-06-30 19:01:00 [booklist] INFO: VALID_ID: 11038880
2023-06-30 19:01:00 [booklist] INFO: VALID_ID: 2559250
2023-06-30 19:01:00 [booklist] INFO: VALID_ID: 2559254
2023-06-30 19:01:00 [booklist] INFO: VALID_ID: 2559243
2023-06-30 19:01:00 [booklist] INFO: VALID_ID: 11038875
2023-06-30 19:01:00 [booklist] INFO: VALID_ID: 11038876
2023-06-30 19:01:00 [booklist] INFO: VALID_ID: 11038884
2023-06-30 19:01:00 [booklist] INFO: VALID_ID: 11038914
2023-06-30 19:01:00 [booklist] INFO: VALID_ID: 11038894
2023-06-30 19:01:00 [booklist] INFO: VALID_ID: 11038907
2023-06-30 19:01:00 [booklist] INFO: VALID_ID: 11038886
2023-06-30 19:01:00 [booklist] INFO: VALID_ID: 11038893
2023-06-30 19:01:00 [booklist] INFO: VALID_ID: 11038895
2023-06-30 19:01:00 [booklist] INFO: VALID_ID: 11038908
2023-06-30 19:01:00 [booklist] INFO: VALID_ID: 2559244
2023-06-30 19:01:00 [booklist] INFO: VALID_ID: 2559248
2023-06-30 19:01:00 [booklist] INFO: VALID_ID: 2559246
2023-06-30 19:01:00 [booklist] INFO: VALID_ID: 2559245
2023-06-30 19:01:00 [booklist] INFO: VALID_ID: 2559253
2023-06-30 19:01:00 [booklist] INFO: VALID_ID: 2559251
2023-06-30 19:01:00 [booklist] INFO: VALID_ID: 2610770
2023-06-30 19:01:00 [booklist] INFO: VALID_ID: 11038885
2023-06-30 19:01:00 [booklist] INFO: VALID_ID: 11038899
2023-06-30 19:01:00 [booklist] INFO: VALID_ID: 11038906
2023-06-30 19:01:00 [booklist] INFO: VALID_ID: 10301030
2023-06-30 19:01:00 [booklist] INFO: VALID_ID: 10301750
2023-06-30 19:01:00 [booklist] INFO: VALID_ID: 2533295
2023-06-30 19:01:00 [booklist] INFO: VALID_ID: 2585159
2023-06-30 19:01:00 [booklist] INFO: VALID_ID: 1288534
2023-06-30 19:01:00 [booklist] INFO: VALID_ID: 10301749
2023-06-30 19:01:00 [booklist] INFO: VALID_ID: 2572845
2023-06-30 19:01:00 [booklist] INFO: VALID_ID: 2550216
2023-06-30 19:01:00 [booklist] INFO: VALID_ID: 2587498
2023-06-30 19:01:00 [booklist] INFO: VALID_ID: 2610692
2023-06-30 19:01:00 [booklist] INFO: VALID_ID: 2606425
2023-06-30 19:01:00 [booklist] INFO: VALID_ID: 2605579
2023-06-30 19:01:00 [booklist] INFO: VALID_ID: 10301232
2023-06-30 19:01:00 [booklist] INFO: VALID_ID: 2587499
2023-06-30 19:01:00 [booklist] INFO: VALID_ID: 11892789
2023-06-30 19:01:00 [booklist] INFO: VALID_ID: 2608900
2023-06-30 19:01:00 [booklist] INFO: VALID_ID: 2606412
2023-06-30 19:01:00 [booklist] INFO: VALID_ID: 10301602
2023-06-30 19:01:00 [booklist] INFO: VALID_ID: 2610505
2023-06-30 19:01:00 [booklist] INFO: VALID_ID: 2606349
2023-06-30 19:01:00 [booklist] INFO: VALID_ID: 2585163
2023-06-30 19:01:00 [booklist] INFO: VALID_ID: 2576249
2023-06-30 19:01:00 [booklist] INFO: VALID_ID: 2543380
2023-06-30 19:01:00 [booklist] INFO: VALID_ID: 2587494
2023-06-30 19:01:00 [booklist] INFO: VALID_ID: 2576255
2023-06-30 19:01:00 [booklist] INFO: VALID_ID: 2576263
2023-06-30 19:01:00 [booklist] INFO: VALID_ID: 2576264
2023-06-30 19:01:00 [booklist] INFO: VALID_ID: 2576254
2023-06-30 19:01:01 [scrapy.core.engine] DEBUG: Crawled (200) <POST https://dl.ndl.go.jp/api/item/search> (referer: https://dl.ndl.go.jp/api/item/search)
2023-06-30 19:01:01 [booklist] INFO: Fetched page 7
2023-06-30 19:01:02 [booklist] INFO: VALID_ID: 2576262
2023-06-30 19:01:02 [booklist] INFO: VALID_ID: 2576256
2023-06-30 19:01:02 [booklist] INFO: VALID_ID: 2576253
2023-06-30 19:01:02 [booklist] INFO: VALID_ID: 2576260
2023-06-30 19:01:02 [booklist] INFO: VALID_ID: 10301207
2023-06-30 19:01:02 [booklist] INFO: VALID_ID: 2576248
2023-06-30 19:01:02 [booklist] INFO: VALID_ID: 2576258
2023-06-30 19:01:02 [booklist] INFO: VALID_ID: 2576250
2023-06-30 19:01:02 [booklist] INFO: VALID_ID: 2576251
2023-06-30 19:01:02 [booklist] INFO: VALID_ID: 2576247
2023-06-30 19:01:02 [booklist] INFO: VALID_ID: 2576259
2023-06-30 19:01:02 [booklist] INFO: VALID_ID: 2576261
2023-06-30 19:01:02 [booklist] INFO: VALID_ID: 2576254
2023-06-30 19:01:02 [booklist] INFO: VALID_ID: 2572918
2023-06-30 19:01:02 [booklist] INFO: VALID_ID: 2576246
2023-06-30 19:01:02 [booklist] INFO: VALID_ID: 2576252
2023-06-30 19:01:02 [booklist] INFO: VALID_ID: 2548018
2023-06-30 19:01:02 [booklist] INFO: VALID_ID: 2609629
2023-06-30 19:01:02 [booklist] INFO: VALID_ID: 2547263
2023-06-30 19:01:02 [booklist] INFO: VALID_ID: 2550159
2023-06-30 19:01:02 [booklist] INFO: VALID_ID: 2548022
2023-06-30 19:01:02 [booklist] INFO: VALID_ID: 10301535
2023-06-30 19:01:02 [booklist] INFO: VALID_ID: 2548019
2023-06-30 19:01:02 [booklist] INFO: VALID_ID: 2550350
2023-06-30 19:01:02 [booklist] INFO: VALID_ID: 11223558
2023-06-30 19:01:02 [booklist] INFO: VALID_ID: 10301567
2023-06-30 19:01:02 [booklist] INFO: VALID_ID: 2596058
2023-06-30 19:01:02 [booklist] INFO: VALID_ID: 2596133
2023-06-30 19:01:02 [booklist] INFO: VALID_ID: 2611085
2023-06-30 19:01:02 [booklist] INFO: VALID_ID: 2548020
2023-06-30 19:01:02 [booklist] INFO: VALID_ID: 2596060
2023-06-30 19:01:02 [booklist] INFO: VALID_ID: 2596094
2023-06-30 19:01:02 [booklist] INFO: VALID_ID: 2548021
2023-06-30 19:01:02 [booklist] INFO: VALID_ID: 2610518
2023-06-30 19:01:02 [booklist] INFO: VALID_ID: 2596120
2023-06-30 19:01:02 [booklist] INFO: VALID_ID: 2596115
2023-06-30 19:01:02 [booklist] INFO: VALID_ID: 2596068
2023-06-30 19:01:02 [booklist] INFO: VALID_ID: 2596122
2023-06-30 19:01:02 [booklist] INFO: VALID_ID: 2596123
2023-06-30 19:01:02 [booklist] INFO: VALID_ID: 2596069
2023-06-30 19:01:02 [booklist] INFO: VALID_ID: 2596096
2023-06-30 19:01:02 [booklist] INFO: VALID_ID: 2596112
2023-06-30 19:01:02 [booklist] INFO: VALID_ID: 2596113
2023-06-30 19:01:02 [booklist] INFO: VALID_ID: 2596128
2023-06-30 19:01:02 [booklist] INFO: VALID_ID: 2596087
2023-06-30 19:01:02 [booklist] INFO: VALID_ID: 2596111
2023-06-30 19:01:02 [booklist] INFO: VALID_ID: 2596129
2023-06-30 19:01:02 [booklist] INFO: VALID_ID: 2548789
2023-06-30 19:01:02 [booklist] INFO: VALID_ID: 2548017
2023-06-30 19:01:02 [booklist] INFO: VALID_ID: 2596114
2023-06-30 19:01:02 [booklist] INFO: VALID_ID: 2596121
2023-06-30 19:01:02 [booklist] INFO: VALID_ID: 2596136
2023-06-30 19:01:02 [booklist] INFO: VALID_ID: 2596109
2023-06-30 19:01:02 [booklist] INFO: VALID_ID: 2596118
2023-06-30 19:01:02 [booklist] INFO: VALID_ID: 2596089
2023-06-30 19:01:02 [booklist] INFO: VALID_ID: 2596095
2023-06-30 19:01:02 [booklist] INFO: VALID_ID: 2585162
2023-06-30 19:01:02 [booklist] INFO: VALID_ID: 2610026
2023-06-30 19:01:02 [booklist] INFO: VALID_ID: 2596088
2023-06-30 19:01:02 [booklist] INFO: VALID_ID: 2596124
2023-06-30 19:01:02 [booklist] INFO: VALID_ID: 2606130
2023-06-30 19:01:02 [booklist] INFO: VALID_ID: 2610444
2023-06-30 19:01:02 [booklist] INFO: VALID_ID: 2559061
2023-06-30 19:01:02 [booklist] INFO: VALID_ID: 2559062
2023-06-30 19:01:02 [booklist] INFO: VALID_ID: 2559066
2023-06-30 19:01:02 [booklist] INFO: VALID_ID: 2559067
2023-06-30 19:01:02 [booklist] INFO: VALID_ID: 2559070
2023-06-30 19:01:02 [booklist] INFO: VALID_ID: 2559060
2023-06-30 19:01:02 [booklist] INFO: VALID_ID: 2559063
2023-06-30 19:01:02 [booklist] INFO: VALID_ID: 2559069
2023-06-30 19:01:02 [booklist] INFO: VALID_ID: 2606806
2023-06-30 19:01:02 [booklist] INFO: VALID_ID: 2559072
2023-06-30 19:01:02 [booklist] INFO: VALID_ID: 2559065
2023-06-30 19:01:02 [booklist] INFO: VALID_ID: 2550263
2023-06-30 19:01:02 [booklist] INFO: VALID_ID: 2559064
2023-06-30 19:01:02 [booklist] INFO: VALID_ID: 2559068
2023-06-30 19:01:02 [booklist] INFO: VALID_ID: 2576235
2023-06-30 19:01:02 [booklist] INFO: VALID_ID: 2576245
2023-06-30 19:01:02 [booklist] INFO: VALID_ID: 2576238
2023-06-30 19:01:02 [booklist] INFO: VALID_ID: 2576240
2023-06-30 19:01:02 [booklist] INFO: VALID_ID: 2576236
2023-06-30 19:01:02 [booklist] INFO: VALID_ID: 2576244
2023-06-30 19:01:02 [booklist] INFO: VALID_ID: 2548033
2023-06-30 19:01:02 [booklist] INFO: VALID_ID: 2548034
2023-06-30 19:01:02 [booklist] INFO: VALID_ID: 2576242
2023-06-30 19:01:02 [booklist] INFO: VALID_ID: 2576243
2023-06-30 19:01:02 [booklist] INFO: VALID_ID: 2576234
2023-06-30 19:01:02 [booklist] INFO: VALID_ID: 2576237
2023-06-30 19:01:02 [booklist] INFO: VALID_ID: 2576241
2023-06-30 19:01:02 [booklist] INFO: VALID_ID: 2608824
2023-06-30 19:01:02 [booklist] INFO: VALID_ID: 2610012
2023-06-30 19:01:02 [booklist] INFO: VALID_ID: 2587423
2023-06-30 19:01:02 [booklist] INFO: VALID_ID: 2550259
2023-06-30 19:01:02 [booklist] INFO: VALID_ID: 9369953
2023-06-30 19:01:02 [booklist] INFO: VALID_ID: 9369963
2023-06-30 19:01:02 [booklist] INFO: VALID_ID: 12865370
2023-06-30 19:01:02 [booklist] INFO: VALID_ID: 2609783
2023-06-30 19:01:02 [scrapy.core.engine] DEBUG: Crawled (200) <POST https://dl.ndl.go.jp/api/item/search> (referer: https://dl.ndl.go.jp/api/item/search)
2023-06-30 19:01:02 [booklist] INFO: Fetched page 8
2023-06-30 19:01:02 [booklist] INFO: No more books on 8
2023-06-30 19:01:02 [scrapy.core.engine] INFO: Closing spider (finished)
2023-06-30 19:01:02 [scrapy.statscollectors] INFO: Dumping Scrapy stats:
{'downloader/request_bytes': 10983,
 'downloader/request_count': 9,
 'downloader/request_method_count/GET': 1,
 'downloader/request_method_count/POST': 8,
 'downloader/response_bytes': 2954690,
 'downloader/response_count': 9,
 'downloader/response_status_count/200': 9,
 'elapsed_time_seconds': 10.685603,
 'finish_reason': 'finished',
 'finish_time': datetime.datetime(2023, 6, 30, 11, 1, 2, 709019),
 'httpcompression/response_bytes': 33088046,
 'httpcompression/response_count': 8,
 'log_count/DEBUG': 12,
 'log_count/INFO': 716,
 'memusage/max': 63782912,
 'memusage/startup': 63782912,
 'request_depth_max': 7,
 'response_received_count': 9,
 'robotstxt/request_count': 1,
 'robotstxt/response_count': 1,
 'robotstxt/response_status_count/200': 1,
 'scheduler/dequeued': 8,
 'scheduler/dequeued/memory': 8,
 'scheduler/enqueued': 8,
 'scheduler/enqueued/memory': 8,
 'start_time': datetime.datetime(2023, 6, 30, 11, 0, 52, 23416)}
2023-06-30 19:01:02 [scrapy.core.engine] INFO: Spider closed (finished)
