2023-06-30 16:29:54 [scrapy.utils.log] INFO: Scrapy 2.9.0 started (bot: ndlcrawler)
2023-06-30 16:29:54 [scrapy.utils.log] INFO: Versions: lxml 4.9.2.0, libxml2 2.9.14, cssselect 1.2.0, parsel 1.8.1, w3lib 2.1.1, Twisted 22.10.0, Python 3.10.10 (main, Mar  5 2023, 22:26:53) [GCC 12.2.1 20230201], pyOpenSSL 23.2.0 (OpenSSL 3.1.1 30 May 2023), cryptography 41.0.1, Platform Linux-6.2.12-arch1-1-x86_64-with-glibc2.37
2023-06-30 16:29:54 [scrapy.crawler] INFO: Overridden settings:
{'BOT_NAME': 'ndlcrawler',
 'FEED_EXPORT_ENCODING': 'utf-8',
 'LOG_FILE': 'logs/booklist.title.49.DESC.log',
 'NEWSPIDER_MODULE': 'ndlcrawler.spiders',
 'REQUEST_FINGERPRINTER_IMPLEMENTATION': '2.7',
 'ROBOTSTXT_OBEY': True,
 'SPIDER_MODULES': ['ndlcrawler.spiders'],
 'TWISTED_REACTOR': 'twisted.internet.asyncioreactor.AsyncioSelectorReactor'}
2023-06-30 16:29:54 [asyncio] DEBUG: Using selector: EpollSelector
2023-06-30 16:29:54 [scrapy.utils.log] DEBUG: Using reactor: twisted.internet.asyncioreactor.AsyncioSelectorReactor
2023-06-30 16:29:54 [scrapy.utils.log] DEBUG: Using asyncio event loop: asyncio.unix_events._UnixSelectorEventLoop
2023-06-30 16:29:54 [scrapy.extensions.telnet] INFO: Telnet Password: e35520bbe706c3c8
2023-06-30 16:29:54 [scrapy.middleware] INFO: Enabled extensions:
['scrapy.extensions.corestats.CoreStats',
 'scrapy.extensions.telnet.TelnetConsole',
 'scrapy.extensions.memusage.MemoryUsage',
 'scrapy.extensions.logstats.LogStats']
2023-06-30 16:29:54 [scrapy.middleware] INFO: Enabled downloader middlewares:
['scrapy.downloadermiddlewares.robotstxt.RobotsTxtMiddleware',
 'scrapy.downloadermiddlewares.httpauth.HttpAuthMiddleware',
 'scrapy.downloadermiddlewares.downloadtimeout.DownloadTimeoutMiddleware',
 'scrapy.downloadermiddlewares.defaultheaders.DefaultHeadersMiddleware',
 'scrapy.downloadermiddlewares.useragent.UserAgentMiddleware',
 'scrapy.downloadermiddlewares.retry.RetryMiddleware',
 'scrapy.downloadermiddlewares.redirect.MetaRefreshMiddleware',
 'scrapy.downloadermiddlewares.httpcompression.HttpCompressionMiddleware',
 'scrapy.downloadermiddlewares.redirect.RedirectMiddleware',
 'scrapy.downloadermiddlewares.cookies.CookiesMiddleware',
 'scrapy.downloadermiddlewares.httpproxy.HttpProxyMiddleware',
 'scrapy.downloadermiddlewares.stats.DownloaderStats']
2023-06-30 16:29:54 [scrapy.middleware] INFO: Enabled spider middlewares:
['scrapy.spidermiddlewares.httperror.HttpErrorMiddleware',
 'scrapy.spidermiddlewares.offsite.OffsiteMiddleware',
 'scrapy.spidermiddlewares.referer.RefererMiddleware',
 'scrapy.spidermiddlewares.urllength.UrlLengthMiddleware',
 'scrapy.spidermiddlewares.depth.DepthMiddleware']
2023-06-30 16:29:54 [scrapy.middleware] INFO: Enabled item pipelines:
[]
2023-06-30 16:29:54 [scrapy.core.engine] INFO: Spider opened
2023-06-30 16:29:54 [scrapy.extensions.logstats] INFO: Crawled 0 pages (at 0 pages/min), scraped 0 items (at 0 items/min)
2023-06-30 16:29:54 [scrapy.extensions.telnet] INFO: Telnet console listening on 127.0.0.1:6023
2023-06-30 16:29:55 [scrapy.core.engine] DEBUG: Crawled (200) <GET https://dl.ndl.go.jp/robots.txt> (referer: None)
2023-06-30 16:29:56 [scrapy.core.engine] DEBUG: Crawled (200) <POST https://dl.ndl.go.jp/api/item/search> (referer: None)
2023-06-30 16:29:56 [booklist] INFO: Fetched page 1
2023-06-30 16:29:57 [booklist] INFO: VALID_ID: 2573444
2023-06-30 16:29:57 [booklist] INFO: VALID_ID: 2553780
2023-06-30 16:29:57 [booklist] INFO: VALID_ID: 2576743
2023-06-30 16:29:57 [booklist] INFO: VALID_ID: 2574080
2023-06-30 16:29:57 [booklist] INFO: VALID_ID: 2595960
2023-06-30 16:29:57 [booklist] INFO: VALID_ID: 2549420
2023-06-30 16:29:57 [booklist] INFO: VALID_ID: 2591054
2023-06-30 16:29:57 [booklist] INFO: VALID_ID: 2581167
2023-06-30 16:29:57 [booklist] INFO: VALID_ID: 2580721
2023-06-30 16:29:57 [booklist] INFO: VALID_ID: 2550069
2023-06-30 16:29:57 [booklist] INFO: VALID_ID: 2591171
2023-06-30 16:29:57 [booklist] INFO: VALID_ID: 2593226
2023-06-30 16:29:57 [booklist] INFO: VALID_ID: 2603227
2023-06-30 16:29:57 [booklist] INFO: VALID_ID: 2600170
2023-06-30 16:29:57 [booklist] INFO: VALID_ID: 2573274
2023-06-30 16:29:57 [booklist] INFO: VALID_ID: 2552339
2023-06-30 16:29:57 [booklist] INFO: VALID_ID: 2562263
2023-06-30 16:29:57 [booklist] INFO: VALID_ID: 2601087
2023-06-30 16:29:57 [booklist] INFO: VALID_ID: 2565780
2023-06-30 16:29:57 [booklist] INFO: VALID_ID: 2591405
2023-06-30 16:29:57 [booklist] INFO: VALID_ID: 2600320
2023-06-30 16:29:57 [booklist] INFO: VALID_ID: 2574465
2023-06-30 16:29:57 [booklist] INFO: VALID_ID: 2573911
2023-06-30 16:29:57 [booklist] INFO: VALID_ID: 2578032
2023-06-30 16:29:57 [booklist] INFO: VALID_ID: 2567513
2023-06-30 16:29:57 [booklist] INFO: VALID_ID: 2593070
2023-06-30 16:29:57 [booklist] INFO: VALID_ID: 2555115
2023-06-30 16:29:57 [booklist] INFO: VALID_ID: 2544282
2023-06-30 16:29:57 [booklist] INFO: VALID_ID: 2597002
2023-06-30 16:29:57 [booklist] INFO: VALID_ID: 2596396
2023-06-30 16:29:57 [booklist] INFO: VALID_ID: 2546326
2023-06-30 16:29:57 [booklist] INFO: VALID_ID: 2596548
2023-06-30 16:29:57 [booklist] INFO: VALID_ID: 2585084
2023-06-30 16:29:57 [booklist] INFO: VALID_ID: 2573831
2023-06-30 16:29:57 [booklist] INFO: VALID_ID: 2577680
2023-06-30 16:29:57 [booklist] INFO: VALID_ID: 2601390
2023-06-30 16:29:57 [booklist] INFO: VALID_ID: 2592494
2023-06-30 16:29:57 [booklist] INFO: VALID_ID: 2600704
2023-06-30 16:29:57 [booklist] INFO: VALID_ID: 2584964
2023-06-30 16:29:57 [booklist] INFO: VALID_ID: 2590689
2023-06-30 16:29:57 [booklist] INFO: VALID_ID: 2577074
2023-06-30 16:29:57 [booklist] INFO: VALID_ID: 2549534
2023-06-30 16:29:57 [booklist] INFO: VALID_ID: 2578677
2023-06-30 16:29:57 [booklist] INFO: VALID_ID: 2561729
2023-06-30 16:29:57 [booklist] INFO: VALID_ID: 2579780
2023-06-30 16:29:57 [booklist] INFO: VALID_ID: 2545553
2023-06-30 16:29:57 [booklist] INFO: VALID_ID: 2550018
2023-06-30 16:29:57 [booklist] INFO: VALID_ID: 2580334
2023-06-30 16:29:57 [booklist] INFO: VALID_ID: 2567607
2023-06-30 16:29:57 [booklist] INFO: VALID_ID: 2552610
2023-06-30 16:29:57 [booklist] INFO: VALID_ID: 2558522
2023-06-30 16:29:57 [booklist] INFO: VALID_ID: 2571356
2023-06-30 16:29:57 [booklist] INFO: VALID_ID: 2580644
2023-06-30 16:29:57 [booklist] INFO: VALID_ID: 2573737
2023-06-30 16:29:57 [booklist] INFO: VALID_ID: 2569745
2023-06-30 16:29:57 [booklist] INFO: VALID_ID: 2576359
2023-06-30 16:29:57 [booklist] INFO: VALID_ID: 2577341
2023-06-30 16:29:57 [booklist] INFO: VALID_ID: 2551048
2023-06-30 16:29:57 [booklist] INFO: VALID_ID: 2560848
2023-06-30 16:29:57 [booklist] INFO: VALID_ID: 2562477
2023-06-30 16:29:57 [booklist] INFO: VALID_ID: 2586068
2023-06-30 16:29:57 [booklist] INFO: VALID_ID: 2592017
2023-06-30 16:29:57 [booklist] INFO: VALID_ID: 2585146
2023-06-30 16:29:57 [booklist] INFO: VALID_ID: 2570708
2023-06-30 16:29:57 [booklist] INFO: VALID_ID: 2573394
2023-06-30 16:29:57 [booklist] INFO: VALID_ID: 2570528
2023-06-30 16:29:57 [booklist] INFO: VALID_ID: 2597843
2023-06-30 16:29:57 [booklist] INFO: VALID_ID: 2558940
2023-06-30 16:29:57 [booklist] INFO: VALID_ID: 2596488
2023-06-30 16:29:57 [booklist] INFO: VALID_ID: 2590435
2023-06-30 16:29:57 [booklist] INFO: VALID_ID: 2601326
2023-06-30 16:29:57 [booklist] INFO: VALID_ID: 2589834
2023-06-30 16:29:57 [booklist] INFO: VALID_ID: 2562665
2023-06-30 16:29:57 [booklist] INFO: VALID_ID: 2574819
2023-06-30 16:29:57 [booklist] INFO: VALID_ID: 2580394
2023-06-30 16:29:57 [booklist] INFO: VALID_ID: 2596862
2023-06-30 16:29:57 [booklist] INFO: VALID_ID: 2608598
2023-06-30 16:29:57 [booklist] INFO: VALID_ID: 2565726
2023-06-30 16:29:57 [booklist] INFO: VALID_ID: 2588091
2023-06-30 16:29:57 [booklist] INFO: VALID_ID: 2591318
2023-06-30 16:29:57 [booklist] INFO: VALID_ID: 2555948
2023-06-30 16:29:57 [booklist] INFO: VALID_ID: 2559249
2023-06-30 16:29:57 [booklist] INFO: VALID_ID: 2590234
2023-06-30 16:29:57 [booklist] INFO: VALID_ID: 2553510
2023-06-30 16:29:57 [booklist] INFO: VALID_ID: 2558374
2023-06-30 16:29:57 [booklist] INFO: VALID_ID: 2590279
2023-06-30 16:29:57 [booklist] INFO: VALID_ID: 2562129
2023-06-30 16:29:57 [booklist] INFO: VALID_ID: 2561454
2023-06-30 16:29:57 [booklist] INFO: VALID_ID: 2590284
2023-06-30 16:29:57 [booklist] INFO: VALID_ID: 2559251
2023-06-30 16:29:57 [booklist] INFO: VALID_ID: 2593422
2023-06-30 16:29:57 [booklist] INFO: VALID_ID: 2570628
2023-06-30 16:29:57 [booklist] INFO: VALID_ID: 2572284
2023-06-30 16:29:57 [booklist] INFO: VALID_ID: 2590280
2023-06-30 16:29:57 [booklist] INFO: VALID_ID: 2574011
2023-06-30 16:29:57 [booklist] INFO: VALID_ID: 2577541
2023-06-30 16:29:57 [booklist] INFO: VALID_ID: 2561929
2023-06-30 16:29:57 [booklist] INFO: VALID_ID: 2590134
2023-06-30 16:29:57 [booklist] INFO: VALID_ID: 2551148
2023-06-30 16:29:57 [booklist] INFO: VALID_ID: 2590276
2023-06-30 16:29:58 [scrapy.core.engine] DEBUG: Crawled (200) <POST https://dl.ndl.go.jp/api/item/search> (referer: https://dl.ndl.go.jp/api/item/search)
2023-06-30 16:29:58 [booklist] INFO: Fetched page 2
2023-06-30 16:29:58 [booklist] INFO: VALID_ID: 2590280
2023-06-30 16:29:58 [booklist] INFO: VALID_ID: 2597943
2023-06-30 16:29:58 [booklist] INFO: VALID_ID: 2590277
2023-06-30 16:29:58 [booklist] INFO: VALID_ID: 2584219
2023-06-30 16:29:58 [booklist] INFO: VALID_ID: 11891806
2023-06-30 16:29:58 [booklist] INFO: VALID_ID: 2577441
2023-06-30 16:29:58 [booklist] INFO: VALID_ID: 2600420
2023-06-30 16:29:58 [booklist] INFO: VALID_ID: 2590281
2023-06-30 16:29:58 [booklist] INFO: VALID_ID: 2576834
2023-06-30 16:29:58 [booklist] INFO: VALID_ID: 2561829
2023-06-30 16:29:58 [booklist] INFO: VALID_ID: 2590334
2023-06-30 16:29:58 [booklist] INFO: VALID_ID: 2571098
2023-06-30 16:29:58 [booklist] INFO: VALID_ID: 2590282
2023-06-30 16:29:58 [booklist] INFO: VALID_ID: 2597102
2023-06-30 16:29:58 [booklist] INFO: VALID_ID: 2590283
2023-06-30 16:29:58 [booklist] INFO: VALID_ID: 10301238
2023-06-30 16:29:58 [booklist] INFO: VALID_ID: 2589934
2023-06-30 16:29:58 [booklist] INFO: VALID_ID: 2562029
2023-06-30 16:29:58 [booklist] INFO: VALID_ID: 2590275
2023-06-30 16:29:58 [booklist] INFO: VALID_ID: 2590278
2023-06-30 16:29:58 [booklist] INFO: VALID_ID: 2590034
2023-06-30 16:29:58 [booklist] INFO: VALID_ID: 2593096
2023-06-30 16:29:58 [booklist] INFO: VALID_ID: 11891846
2023-06-30 16:29:58 [booklist] INFO: VALID_ID: 2593101
2023-06-30 16:29:58 [booklist] INFO: VALID_ID: 2609866
2023-06-30 16:29:58 [booklist] INFO: VALID_ID: 2593097
2023-06-30 16:29:58 [booklist] INFO: VALID_ID: 2593102
2023-06-30 16:29:58 [booklist] INFO: VALID_ID: 10304013
2023-06-30 16:29:58 [booklist] INFO: VALID_ID: 2593105
2023-06-30 16:29:58 [booklist] INFO: VALID_ID: 2593103
2023-06-30 16:29:58 [booklist] INFO: VALID_ID: 2593100
2023-06-30 16:29:58 [booklist] INFO: VALID_ID: 2593098
2023-06-30 16:29:58 [booklist] INFO: VALID_ID: 2593104
2023-06-30 16:29:58 [booklist] INFO: VALID_ID: 2593095
2023-06-30 16:29:58 [booklist] INFO: VALID_ID: 2593099
2023-06-30 16:29:58 [booklist] INFO: VALID_ID: 2553649
2023-06-30 16:29:58 [booklist] INFO: VALID_ID: 2588576
2023-06-30 16:29:58 [booklist] INFO: VALID_ID: 2606875
2023-06-30 16:29:58 [booklist] INFO: VALID_ID: 2559250
2023-06-30 16:29:58 [booklist] INFO: VALID_ID: 2596172
2023-06-30 16:29:58 [booklist] INFO: VALID_ID: 2559248
2023-06-30 16:29:58 [booklist] INFO: VALID_ID: 2532094
2023-06-30 16:29:58 [booklist] INFO: VALID_ID: 2572384
2023-06-30 16:29:58 [booklist] INFO: VALID_ID: 11891872
2023-06-30 16:29:58 [booklist] INFO: VALID_ID: 2559252
2023-06-30 16:29:58 [booklist] INFO: VALID_ID: 2541651
2023-06-30 16:29:58 [booklist] INFO: VALID_ID: 2576214
2023-06-30 16:29:58 [booklist] INFO: VALID_ID: 2562167
2023-06-30 16:29:58 [booklist] INFO: VALID_ID: 2572075
2023-06-30 16:29:58 [booklist] INFO: VALID_ID: 2576268
2023-06-30 16:29:58 [booklist] INFO: VALID_ID: 2609907
2023-06-30 16:29:58 [booklist] INFO: VALID_ID: 2600866
2023-06-30 16:29:58 [booklist] INFO: VALID_ID: 2600891
2023-06-30 16:29:58 [booklist] INFO: VALID_ID: 2600893
2023-06-30 16:29:58 [booklist] INFO: VALID_ID: 2562165
2023-06-30 16:29:58 [booklist] INFO: VALID_ID: 2600892
2023-06-30 16:29:58 [booklist] INFO: VALID_ID: 2600906
2023-06-30 16:29:58 [booklist] INFO: VALID_ID: 2600907
2023-06-30 16:29:58 [booklist] INFO: VALID_ID: 2548721
2023-06-30 16:29:58 [booklist] INFO: VALID_ID: 2600875
2023-06-30 16:29:58 [booklist] INFO: VALID_ID: 2600879
2023-06-30 16:29:58 [booklist] INFO: VALID_ID: 2600889
2023-06-30 16:29:58 [booklist] INFO: VALID_ID: 2611107
2023-06-30 16:29:58 [booklist] INFO: VALID_ID: 2549007
2023-06-30 16:29:58 [booklist] INFO: VALID_ID: 2600865
2023-06-30 16:29:58 [booklist] INFO: VALID_ID: 2571530
2023-06-30 16:29:58 [booklist] INFO: VALID_ID: 2600876
2023-06-30 16:29:58 [booklist] INFO: VALID_ID: 2600913
2023-06-30 16:29:58 [booklist] INFO: VALID_ID: 2600873
2023-06-30 16:29:58 [booklist] INFO: VALID_ID: 2600887
2023-06-30 16:29:58 [booklist] INFO: VALID_ID: 2600910
2023-06-30 16:29:58 [booklist] INFO: VALID_ID: 2600869
2023-06-30 16:29:58 [booklist] INFO: VALID_ID: 2600900
2023-06-30 16:29:58 [booklist] INFO: VALID_ID: 2600904
2023-06-30 16:29:58 [booklist] INFO: VALID_ID: 2600886
2023-06-30 16:29:58 [booklist] INFO: VALID_ID: 2600902
2023-06-30 16:29:58 [booklist] INFO: VALID_ID: 2600903
2023-06-30 16:29:58 [booklist] INFO: VALID_ID: 2600867
2023-06-30 16:29:58 [booklist] INFO: VALID_ID: 2600881
2023-06-30 16:29:58 [booklist] INFO: VALID_ID: 2600883
2023-06-30 16:29:58 [booklist] INFO: VALID_ID: 2600885
2023-06-30 16:29:58 [booklist] INFO: VALID_ID: 2600894
2023-06-30 16:29:58 [booklist] INFO: VALID_ID: 2600877
2023-06-30 16:29:58 [booklist] INFO: VALID_ID: 2600896
2023-06-30 16:29:58 [booklist] INFO: VALID_ID: 2600905
2023-06-30 16:29:58 [booklist] INFO: VALID_ID: 2600871
2023-06-30 16:29:58 [booklist] INFO: VALID_ID: 2600872
2023-06-30 16:29:58 [booklist] INFO: VALID_ID: 2600880
2023-06-30 16:29:58 [booklist] INFO: VALID_ID: 2600888
2023-06-30 16:29:58 [booklist] INFO: VALID_ID: 2600895
2023-06-30 16:29:58 [booklist] INFO: VALID_ID: 2600878
2023-06-30 16:29:58 [booklist] INFO: VALID_ID: 2600882
2023-06-30 16:29:58 [booklist] INFO: VALID_ID: 2562184
2023-06-30 16:29:58 [booklist] INFO: VALID_ID: 2600908
2023-06-30 16:29:58 [booklist] INFO: VALID_ID: 2600911
2023-06-30 16:29:58 [booklist] INFO: VALID_ID: 2588676
2023-06-30 16:29:58 [booklist] INFO: VALID_ID: 2600898
2023-06-30 16:29:58 [booklist] INFO: VALID_ID: 2600897
2023-06-30 16:29:58 [booklist] INFO: VALID_ID: 2563211
2023-06-30 16:29:58 [booklist] INFO: VALID_ID: 2600884
2023-06-30 16:30:00 [scrapy.core.engine] DEBUG: Crawled (200) <POST https://dl.ndl.go.jp/api/item/search> (referer: https://dl.ndl.go.jp/api/item/search)
2023-06-30 16:30:00 [booklist] INFO: Fetched page 3
2023-06-30 16:30:00 [booklist] INFO: VALID_ID: 2600890
2023-06-30 16:30:00 [booklist] INFO: VALID_ID: 2600901
2023-06-30 16:30:00 [booklist] INFO: VALID_ID: 2600864
2023-06-30 16:30:00 [booklist] INFO: VALID_ID: 2600868
2023-06-30 16:30:00 [booklist] INFO: VALID_ID: 2600874
2023-06-30 16:30:00 [booklist] INFO: VALID_ID: 2600909
2023-06-30 16:30:00 [booklist] INFO: VALID_ID: 2572898
2023-06-30 16:30:00 [booklist] INFO: VALID_ID: 2606781
2023-06-30 16:30:00 [booklist] INFO: VALID_ID: 2600870
2023-06-30 16:30:00 [booklist] INFO: VALID_ID: 2600899
2023-06-30 16:30:00 [booklist] INFO: VALID_ID: 2573027
2023-06-30 16:30:00 [booklist] INFO: VALID_ID: 2553617
2023-06-30 16:30:00 [booklist] INFO: VALID_ID: 2562162
2023-06-30 16:30:00 [booklist] INFO: VALID_ID: 2571696
2023-06-30 16:30:00 [booklist] INFO: VALID_ID: 2580895
2023-06-30 16:30:00 [booklist] INFO: VALID_ID: 2576215
2023-06-30 16:30:00 [booklist] INFO: VALID_ID: 2580896
2023-06-30 16:30:00 [booklist] INFO: VALID_ID: 2571406
2023-06-30 16:30:00 [booklist] INFO: VALID_ID: 2587333
2023-06-30 16:30:00 [booklist] INFO: VALID_ID: 2562164
2023-06-30 16:30:00 [booklist] INFO: VALID_ID: 2562168
2023-06-30 16:30:00 [booklist] INFO: VALID_ID: 2562166
2023-06-30 16:30:00 [booklist] INFO: VALID_ID: 2550458
2023-06-30 16:30:00 [booklist] INFO: VALID_ID: 2588441
2023-06-30 16:30:00 [booklist] INFO: VALID_ID: 2588877
2023-06-30 16:30:00 [booklist] INFO: VALID_ID: 2572175
2023-06-30 16:30:00 [booklist] INFO: VALID_ID: 2562181
2023-06-30 16:30:00 [booklist] INFO: VALID_ID: 2574767
2023-06-30 16:30:00 [booklist] INFO: VALID_ID: 2562187
2023-06-30 16:30:00 [booklist] INFO: VALID_ID: 2549785
2023-06-30 16:30:00 [booklist] INFO: VALID_ID: 2572970
2023-06-30 16:30:00 [booklist] INFO: VALID_ID: 2562169
2023-06-30 16:30:00 [booklist] INFO: VALID_ID: 2596223
2023-06-30 16:30:00 [booklist] INFO: VALID_ID: 2544214
2023-06-30 16:30:00 [booklist] INFO: VALID_ID: 2606351
2023-06-30 16:30:00 [booklist] INFO: VALID_ID: 2599740
2023-06-30 16:30:00 [booklist] INFO: VALID_ID: 2587113
2023-06-30 16:30:00 [booklist] INFO: VALID_ID: 2574998
2023-06-30 16:30:00 [booklist] INFO: VALID_ID: 2559210
2023-06-30 16:30:00 [booklist] INFO: VALID_ID: 2562180
2023-06-30 16:30:00 [booklist] INFO: VALID_ID: 2562186
2023-06-30 16:30:00 [booklist] INFO: VALID_ID: 2562183
2023-06-30 16:30:00 [booklist] INFO: VALID_ID: 2589231
2023-06-30 16:30:00 [booklist] INFO: VALID_ID: 2589313
2023-06-30 16:30:00 [booklist] INFO: VALID_ID: 2562163
2023-06-30 16:30:00 [booklist] INFO: VALID_ID: 2562190
2023-06-30 16:30:00 [booklist] INFO: VALID_ID: 2562189
2023-06-30 16:30:00 [booklist] INFO: VALID_ID: 2589177
2023-06-30 16:30:00 [booklist] INFO: VALID_ID: 2611073
2023-06-30 16:30:00 [booklist] INFO: VALID_ID: 2559085
2023-06-30 16:30:00 [booklist] INFO: VALID_ID: 2575616
2023-06-30 16:30:00 [booklist] INFO: VALID_ID: 2572804
2023-06-30 16:30:00 [booklist] INFO: VALID_ID: 2575635
2023-06-30 16:30:00 [booklist] INFO: VALID_ID: 2588977
2023-06-30 16:30:00 [booklist] INFO: VALID_ID: 2589077
2023-06-30 16:30:00 [booklist] INFO: VALID_ID: 2575625
2023-06-30 16:30:00 [booklist] INFO: VALID_ID: 2575631
2023-06-30 16:30:00 [booklist] INFO: VALID_ID: 2575633
2023-06-30 16:30:00 [booklist] INFO: VALID_ID: 2575619
2023-06-30 16:30:00 [booklist] INFO: VALID_ID: 2575627
2023-06-30 16:30:00 [booklist] INFO: VALID_ID: 2575638
2023-06-30 16:30:00 [booklist] INFO: VALID_ID: 2575615
2023-06-30 16:30:00 [booklist] INFO: VALID_ID: 2575624
2023-06-30 16:30:00 [booklist] INFO: VALID_ID: 2575636
2023-06-30 16:30:00 [booklist] INFO: VALID_ID: 2575604
2023-06-30 16:30:00 [booklist] INFO: VALID_ID: 2575607
2023-06-30 16:30:00 [booklist] INFO: VALID_ID: 2575608
2023-06-30 16:30:00 [booklist] INFO: VALID_ID: 2575609
2023-06-30 16:30:00 [booklist] INFO: VALID_ID: 2575618
2023-06-30 16:30:00 [booklist] INFO: VALID_ID: 2575639
2023-06-30 16:30:00 [booklist] INFO: VALID_ID: 2575623
2023-06-30 16:30:00 [booklist] INFO: VALID_ID: 2575628
2023-06-30 16:30:00 [booklist] INFO: VALID_ID: 2575613
2023-06-30 16:30:00 [booklist] INFO: VALID_ID: 2575614
2023-06-30 16:30:00 [booklist] INFO: VALID_ID: 2575612
2023-06-30 16:30:00 [booklist] INFO: VALID_ID: 2575629
2023-06-30 16:30:00 [booklist] INFO: VALID_ID: 2575634
2023-06-30 16:30:00 [booklist] INFO: VALID_ID: 2575617
2023-06-30 16:30:00 [booklist] INFO: VALID_ID: 2575603
2023-06-30 16:30:00 [booklist] INFO: VALID_ID: 2610531
2023-06-30 16:30:00 [booklist] INFO: VALID_ID: 2575606
2023-06-30 16:30:00 [booklist] INFO: VALID_ID: 2575610
2023-06-30 16:30:00 [booklist] INFO: VALID_ID: 2575626
2023-06-30 16:30:00 [booklist] INFO: VALID_ID: 10303570
2023-06-30 16:30:00 [booklist] INFO: VALID_ID: 2571765
2023-06-30 16:30:00 [booklist] INFO: VALID_ID: 2575605
2023-06-30 16:30:00 [booklist] INFO: VALID_ID: 2548927
2023-06-30 16:30:00 [booklist] INFO: VALID_ID: 2575632
2023-06-30 16:30:00 [booklist] INFO: VALID_ID: 2575637
2023-06-30 16:30:00 [booklist] INFO: VALID_ID: 2606230
2023-06-30 16:30:00 [booklist] INFO: VALID_ID: 2575620
2023-06-30 16:30:00 [booklist] INFO: VALID_ID: 2575621
2023-06-30 16:30:00 [booklist] INFO: VALID_ID: 2575630
2023-06-30 16:30:00 [booklist] INFO: VALID_ID: 2562182
2023-06-30 16:30:00 [booklist] INFO: VALID_ID: 2562188
2023-06-30 16:30:00 [booklist] INFO: VALID_ID: 2575611
2023-06-30 16:30:00 [booklist] INFO: VALID_ID: 2575622
2023-06-30 16:30:00 [booklist] INFO: VALID_ID: 2550558
2023-06-30 16:30:00 [booklist] INFO: VALID_ID: 2549851
2023-06-30 16:30:00 [booklist] INFO: VALID_ID: 2575336
2023-06-30 16:30:01 [scrapy.core.engine] DEBUG: Crawled (200) <POST https://dl.ndl.go.jp/api/item/search> (referer: https://dl.ndl.go.jp/api/item/search)
2023-06-30 16:30:02 [booklist] INFO: Fetched page 4
2023-06-30 16:30:02 [booklist] INFO: VALID_ID: 2609306
2023-06-30 16:30:02 [booklist] INFO: VALID_ID: 2575336
2023-06-30 16:30:02 [booklist] INFO: VALID_ID: 10303570
2023-06-30 16:30:02 [booklist] INFO: VALID_ID: 2575340
2023-06-30 16:30:02 [booklist] INFO: VALID_ID: 2575341
2023-06-30 16:30:02 [booklist] INFO: VALID_ID: 2571630
2023-06-30 16:30:02 [booklist] INFO: VALID_ID: 2575338
2023-06-30 16:30:02 [booklist] INFO: VALID_ID: 2548770
2023-06-30 16:30:02 [booklist] INFO: VALID_ID: 2575337
2023-06-30 16:30:02 [booklist] INFO: VALID_ID: 2583709
2023-06-30 16:30:02 [booklist] INFO: VALID_ID: 2575342
2023-06-30 16:30:02 [booklist] INFO: VALID_ID: 2572522
2023-06-30 16:30:02 [booklist] INFO: VALID_ID: 2587213
2023-06-30 16:30:02 [booklist] INFO: VALID_ID: 2559159
2023-06-30 16:30:02 [booklist] INFO: VALID_ID: 2576997
2023-06-30 16:30:02 [booklist] INFO: VALID_ID: 2593521
2023-06-30 16:30:02 [booklist] INFO: VALID_ID: 2587504
2023-06-30 16:30:02 [booklist] INFO: VALID_ID: 2548609
2023-06-30 16:30:02 [booklist] INFO: VALID_ID: 2598808
2023-06-30 16:30:02 [booklist] INFO: VALID_ID: 2549091
2023-06-30 16:30:02 [booklist] INFO: VALID_ID: 2550180
2023-06-30 16:30:02 [booklist] INFO: VALID_ID: 2550357
2023-06-30 16:30:02 [booklist] INFO: VALID_ID: 2572623
2023-06-30 16:30:02 [booklist] INFO: VALID_ID: 2538478
2023-06-30 16:30:02 [booklist] INFO: VALID_ID: 10303569
2023-06-30 16:30:02 [booklist] INFO: VALID_ID: 2598795
2023-06-30 16:30:02 [booklist] INFO: VALID_ID: 2598798
2023-06-30 16:30:02 [booklist] INFO: VALID_ID: 2536293
2023-06-30 16:30:02 [booklist] INFO: VALID_ID: 2549216
2023-06-30 16:30:02 [booklist] INFO: VALID_ID: 2533480
2023-06-30 16:30:02 [booklist] INFO: VALID_ID: 2550291
2023-06-30 16:30:02 [booklist] INFO: VALID_ID: 2587384
2023-06-30 16:30:02 [booklist] INFO: VALID_ID: 2574384
2023-06-30 16:30:02 [booklist] INFO: VALID_ID: 2574385
2023-06-30 16:30:02 [booklist] INFO: VALID_ID: 2598805
2023-06-30 16:30:02 [booklist] INFO: VALID_ID: 11446533
2023-06-30 16:30:02 [booklist] INFO: VALID_ID: 2574386
2023-06-30 16:30:02 [booklist] INFO: VALID_ID: 2598803
2023-06-30 16:30:02 [booklist] INFO: VALID_ID: 2538365
2023-06-30 16:30:02 [booklist] INFO: VALID_ID: 2598802
2023-06-30 16:30:02 [booklist] INFO: VALID_ID: 2598801
2023-06-30 16:30:02 [booklist] INFO: VALID_ID: 2598810
2023-06-30 16:30:02 [booklist] INFO: VALID_ID: 2598809
2023-06-30 16:30:02 [booklist] INFO: VALID_ID: 2562421
2023-06-30 16:30:02 [booklist] INFO: VALID_ID: 12865534
2023-06-30 16:30:02 [booklist] INFO: VALID_ID: 2609559
2023-06-30 16:30:02 [booklist] INFO: VALID_ID: 2598797
2023-06-30 16:30:02 [booklist] INFO: VALID_ID: 2535862
2023-06-30 16:30:02 [booklist] INFO: VALID_ID: 2540158
2023-06-30 16:30:02 [booklist] INFO: VALID_ID: 2538407
2023-06-30 16:30:02 [booklist] INFO: VALID_ID: 2570124
2023-06-30 16:30:02 [booklist] INFO: VALID_ID: 2598799
2023-06-30 16:30:02 [booklist] INFO: VALID_ID: 2598800
2023-06-30 16:30:02 [booklist] INFO: VALID_ID: 2562423
2023-06-30 16:30:02 [booklist] INFO: VALID_ID: 2560316
2023-06-30 16:30:02 [booklist] INFO: VALID_ID: 10303971
2023-06-30 16:30:02 [booklist] INFO: VALID_ID: 2608289
2023-06-30 16:30:02 [booklist] INFO: VALID_ID: 10303486
2023-06-30 16:30:02 [booklist] INFO: VALID_ID: 2598807
2023-06-30 16:30:02 [booklist] INFO: VALID_ID: 2560200
2023-06-30 16:30:02 [booklist] INFO: VALID_ID: 2608632
2023-06-30 16:30:02 [booklist] INFO: VALID_ID: 2608916
2023-06-30 16:30:02 [booklist] INFO: VALID_ID: 2562422
2023-06-30 16:30:02 [booklist] INFO: VALID_ID: 2562424
2023-06-30 16:30:02 [booklist] INFO: VALID_ID: 2598796
2023-06-30 16:30:02 [booklist] INFO: VALID_ID: 2560317
2023-06-30 16:30:02 [booklist] INFO: VALID_ID: 2584220
2023-06-30 16:30:02 [booklist] INFO: VALID_ID: 2598804
2023-06-30 16:30:02 [booklist] INFO: VALID_ID: 2598806
2023-06-30 16:30:02 [booklist] INFO: VALID_ID: 2537353
2023-06-30 16:30:02 [booklist] INFO: VALID_ID: 2607884
2023-06-30 16:30:02 [booklist] INFO: VALID_ID: 2560201
2023-06-30 16:30:02 [booklist] INFO: VALID_ID: 2560202
2023-06-30 16:30:02 [booklist] INFO: VALID_ID: 10303558
2023-06-30 16:30:02 [booklist] INFO: VALID_ID: 11891788
2023-06-30 16:30:02 [booklist] INFO: VALID_ID: 12866100
2023-06-30 16:30:02 [booklist] INFO: VALID_ID: 10303808
2023-06-30 16:30:02 [booklist] INFO: VALID_ID: 2560203
2023-06-30 16:30:02 [booklist] INFO: VALID_ID: 2607921
2023-06-30 16:30:02 [booklist] INFO: VALID_ID: 10303732
2023-06-30 16:30:02 [booklist] INFO: VALID_ID: 10303893
2023-06-30 16:30:02 [booklist] INFO: VALID_ID: 11038789
2023-06-30 16:30:02 [booklist] INFO: VALID_ID: 11038668
2023-06-30 16:30:02 [booklist] INFO: VALID_ID: 2590718
2023-06-30 16:30:02 [booklist] INFO: VALID_ID: 11223328
2023-06-30 16:30:02 [booklist] INFO: VALID_ID: 10303487
2023-06-30 16:30:02 [booklist] INFO: VALID_ID: 2559217
2023-06-30 16:30:02 [booklist] INFO: VALID_ID: 2607434
2023-06-30 16:30:02 [booklist] INFO: VALID_ID: 10303932
2023-06-30 16:30:02 [booklist] INFO: VALID_ID: 11223428
2023-06-30 16:30:02 [booklist] INFO: VALID_ID: 2559260
2023-06-30 16:30:02 [booklist] INFO: VALID_ID: 2583676
2023-06-30 16:30:02 [booklist] INFO: VALID_ID: 2609818
2023-06-30 16:30:02 [booklist] INFO: VALID_ID: 2591896
2023-06-30 16:30:02 [booklist] INFO: VALID_ID: 1287951
2023-06-30 16:30:02 [booklist] INFO: VALID_ID: 1287621
2023-06-30 16:30:02 [booklist] INFO: VALID_ID: 11892729
2023-06-30 16:30:02 [booklist] INFO: VALID_ID: 2546386
2023-06-30 16:30:02 [booklist] INFO: VALID_ID: 1287164
2023-06-30 16:30:02 [booklist] INFO: VALID_ID: 2551636
2023-06-30 16:30:03 [scrapy.core.engine] DEBUG: Crawled (200) <POST https://dl.ndl.go.jp/api/item/search> (referer: https://dl.ndl.go.jp/api/item/search)
2023-06-30 16:30:03 [booklist] INFO: Fetched page 5
2023-06-30 16:30:03 [booklist] INFO: VALID_ID: 2543770
2023-06-30 16:30:03 [booklist] INFO: VALID_ID: 2551636
2023-06-30 16:30:03 [booklist] INFO: VALID_ID: 1288323
2023-06-30 16:30:03 [booklist] INFO: VALID_ID: 11607850
2023-06-30 16:30:03 [booklist] INFO: VALID_ID: 2609818
2023-06-30 16:30:03 [booklist] INFO: VALID_ID: 1288113
2023-06-30 16:30:03 [booklist] INFO: VALID_ID: 2610264
2023-06-30 16:30:03 [booklist] INFO: VALID_ID: 2609205
2023-06-30 16:30:03 [booklist] INFO: VALID_ID: 2611038
2023-06-30 16:30:03 [booklist] INFO: VALID_ID: 8943312
2023-06-30 16:30:03 [booklist] INFO: VALID_ID: 2605693
2023-06-30 16:30:03 [booklist] INFO: VALID_ID: 2611024
2023-06-30 16:30:03 [booklist] INFO: VALID_ID: 2540570
2023-06-30 16:30:03 [booklist] INFO: VALID_ID: 2610537
2023-06-30 16:30:03 [booklist] INFO: VALID_ID: 2587047
2023-06-30 16:30:03 [booklist] INFO: VALID_ID: 2609735
2023-06-30 16:30:03 [booklist] INFO: VALID_ID: 2607142
2023-06-30 16:30:03 [booklist] INFO: VALID_ID: 2610583
2023-06-30 16:30:03 [booklist] INFO: VALID_ID: 2608873
2023-06-30 16:30:03 [booklist] INFO: VALID_ID: 2610395
2023-06-30 16:30:03 [booklist] INFO: VALID_ID: 2609961
2023-06-30 16:30:03 [booklist] INFO: VALID_ID: 2585863
2023-06-30 16:30:03 [booklist] INFO: VALID_ID: 2585772
2023-06-30 16:30:03 [booklist] INFO: VALID_ID: 2585784
2023-06-30 16:30:03 [booklist] INFO: VALID_ID: 2585812
2023-06-30 16:30:03 [booklist] INFO: VALID_ID: 2585916
2023-06-30 16:30:03 [booklist] INFO: VALID_ID: 2585831
2023-06-30 16:30:03 [booklist] INFO: VALID_ID: 2585942
2023-06-30 16:30:03 [booklist] INFO: VALID_ID: 2605995
2023-06-30 16:30:03 [booklist] INFO: VALID_ID: 2585867
2023-06-30 16:30:03 [booklist] INFO: VALID_ID: 2585870
2023-06-30 16:30:03 [booklist] INFO: VALID_ID: 2585782
2023-06-30 16:30:03 [booklist] INFO: VALID_ID: 2585796
2023-06-30 16:30:03 [booklist] INFO: VALID_ID: 2585947
2023-06-30 16:30:03 [booklist] INFO: VALID_ID: 2585885
2023-06-30 16:30:03 [booklist] INFO: VALID_ID: 2585803
2023-06-30 16:30:03 [booklist] INFO: VALID_ID: 2585824
2023-06-30 16:30:03 [booklist] INFO: VALID_ID: 2585764
2023-06-30 16:30:03 [booklist] INFO: VALID_ID: 2585910
2023-06-30 16:30:03 [booklist] INFO: VALID_ID: 2585913
2023-06-30 16:30:03 [booklist] INFO: VALID_ID: 2585793
2023-06-30 16:30:03 [booklist] INFO: VALID_ID: 2585888
2023-06-30 16:30:03 [booklist] INFO: VALID_ID: 2585919
2023-06-30 16:30:03 [booklist] INFO: VALID_ID: 2585834
2023-06-30 16:30:03 [booklist] INFO: VALID_ID: 2609492
2023-06-30 16:30:03 [booklist] INFO: VALID_ID: 2533644
2023-06-30 16:30:03 [booklist] INFO: VALID_ID: 2585873
2023-06-30 16:30:03 [booklist] INFO: VALID_ID: 2585918
2023-06-30 16:30:03 [booklist] INFO: VALID_ID: 2585829
2023-06-30 16:30:03 [booklist] INFO: VALID_ID: 2585938
2023-06-30 16:30:03 [booklist] INFO: VALID_ID: 2585941
2023-06-30 16:30:03 [booklist] INFO: VALID_ID: 2585852
2023-06-30 16:30:03 [booklist] INFO: VALID_ID: 2585876
2023-06-30 16:30:03 [booklist] INFO: VALID_ID: 2585884
2023-06-30 16:30:03 [booklist] INFO: VALID_ID: 2585828
2023-06-30 16:30:03 [booklist] INFO: VALID_ID: 2585928
2023-06-30 16:30:03 [booklist] INFO: VALID_ID: 2585839
2023-06-30 16:30:03 [booklist] INFO: VALID_ID: 2585760
2023-06-30 16:30:03 [booklist] INFO: VALID_ID: 2585789
2023-06-30 16:30:03 [booklist] INFO: VALID_ID: 2585887
2023-06-30 16:30:03 [booklist] INFO: VALID_ID: 2585897
2023-06-30 16:30:03 [booklist] INFO: VALID_ID: 2585805
2023-06-30 16:30:03 [booklist] INFO: VALID_ID: 2585814
2023-06-30 16:30:03 [booklist] INFO: VALID_ID: 2585943
2023-06-30 16:30:03 [booklist] INFO: VALID_ID: 2585883
2023-06-30 16:30:03 [booklist] INFO: VALID_ID: 2585800
2023-06-30 16:30:03 [booklist] INFO: VALID_ID: 2585810
2023-06-30 16:30:03 [booklist] INFO: VALID_ID: 2585819
2023-06-30 16:30:03 [booklist] INFO: VALID_ID: 2585926
2023-06-30 16:30:03 [booklist] INFO: VALID_ID: 2585846
2023-06-30 16:30:03 [booklist] INFO: VALID_ID: 2585856
2023-06-30 16:30:03 [booklist] INFO: VALID_ID: 2585861
2023-06-30 16:30:03 [booklist] INFO: VALID_ID: 2585786
2023-06-30 16:30:03 [booklist] INFO: VALID_ID: 2585790
2023-06-30 16:30:03 [booklist] INFO: VALID_ID: 2585808
2023-06-30 16:30:03 [booklist] INFO: VALID_ID: 2585906
2023-06-30 16:30:03 [booklist] INFO: VALID_ID: 2585912
2023-06-30 16:30:03 [booklist] INFO: VALID_ID: 2585817
2023-06-30 16:30:03 [booklist] INFO: VALID_ID: 2585915
2023-06-30 16:30:03 [booklist] INFO: VALID_ID: 2585825
2023-06-30 16:30:03 [booklist] INFO: VALID_ID: 2585924
2023-06-30 16:30:03 [booklist] INFO: VALID_ID: 2585857
2023-06-30 16:30:03 [booklist] INFO: VALID_ID: 2585766
2023-06-30 16:30:03 [booklist] INFO: VALID_ID: 2585770
2023-06-30 16:30:03 [booklist] INFO: VALID_ID: 2585877
2023-06-30 16:30:03 [booklist] INFO: VALID_ID: 2585891
2023-06-30 16:30:03 [booklist] INFO: VALID_ID: 2585813
2023-06-30 16:30:03 [booklist] INFO: VALID_ID: 2585836
2023-06-30 16:30:03 [booklist] INFO: VALID_ID: 2585841
2023-06-30 16:30:03 [booklist] INFO: VALID_ID: 9369960
2023-06-30 16:30:03 [booklist] INFO: VALID_ID: 2585767
2023-06-30 16:30:03 [booklist] INFO: VALID_ID: 2585774
2023-06-30 16:30:03 [booklist] INFO: VALID_ID: 2585908
2023-06-30 16:30:03 [booklist] INFO: VALID_ID: 2585930
2023-06-30 16:30:03 [booklist] INFO: VALID_ID: 2585935
2023-06-30 16:30:03 [booklist] INFO: VALID_ID: 2585946
2023-06-30 16:30:03 [booklist] INFO: VALID_ID: 2585874
2023-06-30 16:30:03 [booklist] INFO: VALID_ID: 2585769
2023-06-30 16:30:03 [booklist] INFO: VALID_ID: 2585871
2023-06-30 16:30:03 [booklist] INFO: VALID_ID: 2585892
2023-06-30 16:30:04 [scrapy.core.engine] DEBUG: Crawled (200) <POST https://dl.ndl.go.jp/api/item/search> (referer: https://dl.ndl.go.jp/api/item/search)
2023-06-30 16:30:04 [booklist] INFO: Fetched page 6
2023-06-30 16:30:04 [booklist] INFO: VALID_ID: 2585871
2023-06-30 16:30:04 [booklist] INFO: VALID_ID: 2585892
2023-06-30 16:30:04 [booklist] INFO: VALID_ID: 2585933
2023-06-30 16:30:04 [booklist] INFO: VALID_ID: 2585775
2023-06-30 16:30:04 [booklist] INFO: VALID_ID: 2585879
2023-06-30 16:30:04 [booklist] INFO: VALID_ID: 2585802
2023-06-30 16:30:04 [booklist] INFO: VALID_ID: 2585900
2023-06-30 16:30:04 [booklist] INFO: VALID_ID: 2585818
2023-06-30 16:30:04 [booklist] INFO: VALID_ID: 2585922
2023-06-30 16:30:04 [booklist] INFO: VALID_ID: 2585936
2023-06-30 16:30:04 [booklist] INFO: VALID_ID: 2585854
2023-06-30 16:30:04 [booklist] INFO: VALID_ID: 2585804
2023-06-30 16:30:04 [booklist] INFO: VALID_ID: 2585903
2023-06-30 16:30:04 [booklist] INFO: VALID_ID: 2585826
2023-06-30 16:30:04 [booklist] INFO: VALID_ID: 2585931
2023-06-30 16:30:04 [booklist] INFO: VALID_ID: 2585850
2023-06-30 16:30:04 [booklist] INFO: VALID_ID: 2585948
2023-06-30 16:30:04 [booklist] INFO: VALID_ID: 2585776
2023-06-30 16:30:04 [booklist] INFO: VALID_ID: 2585778
2023-06-30 16:30:04 [booklist] INFO: VALID_ID: 2585882
2023-06-30 16:30:04 [booklist] INFO: VALID_ID: 2585799
2023-06-30 16:30:04 [booklist] INFO: VALID_ID: 2585833
2023-06-30 16:30:04 [booklist] INFO: VALID_ID: 2585940
2023-06-30 16:30:04 [booklist] INFO: VALID_ID: 2585856
2023-06-30 16:30:04 [booklist] INFO: VALID_ID: 2585861
2023-06-30 16:30:04 [booklist] INFO: VALID_ID: 2585786
2023-06-30 16:30:04 [booklist] INFO: VALID_ID: 2585790
2023-06-30 16:30:04 [booklist] INFO: VALID_ID: 2585808
2023-06-30 16:30:04 [booklist] INFO: VALID_ID: 2585906
2023-06-30 16:30:04 [booklist] INFO: VALID_ID: 2585912
2023-06-30 16:30:04 [booklist] INFO: VALID_ID: 2585817
2023-06-30 16:30:04 [booklist] INFO: VALID_ID: 2585915
2023-06-30 16:30:04 [booklist] INFO: VALID_ID: 2585825
2023-06-30 16:30:04 [booklist] INFO: VALID_ID: 2585924
2023-06-30 16:30:04 [booklist] INFO: VALID_ID: 2585865
2023-06-30 16:30:04 [booklist] INFO: VALID_ID: 2585781
2023-06-30 16:30:04 [booklist] INFO: VALID_ID: 2585878
2023-06-30 16:30:04 [booklist] INFO: VALID_ID: 2585815
2023-06-30 16:30:04 [booklist] INFO: VALID_ID: 2585821
2023-06-30 16:30:04 [booklist] INFO: VALID_ID: 2585925
2023-06-30 16:30:04 [booklist] INFO: VALID_ID: 2585927
2023-06-30 16:30:04 [booklist] INFO: VALID_ID: 2585929
2023-06-30 16:30:04 [booklist] INFO: VALID_ID: 2585779
2023-06-30 16:30:04 [booklist] INFO: VALID_ID: 2585886
2023-06-30 16:30:04 [booklist] INFO: VALID_ID: 2585807
2023-06-30 16:30:04 [booklist] INFO: VALID_ID: 2585763
2023-06-30 16:30:04 [booklist] INFO: VALID_ID: 2585860
2023-06-30 16:30:04 [booklist] INFO: VALID_ID: 2585768
2023-06-30 16:30:04 [booklist] INFO: VALID_ID: 2585909
2023-06-30 16:30:04 [booklist] INFO: VALID_ID: 2585835
2023-06-30 16:30:04 [booklist] INFO: VALID_ID: 2585847
2023-06-30 16:30:04 [booklist] INFO: VALID_ID: 2609961
2023-06-30 16:30:04 [booklist] INFO: VALID_ID: 2585858
2023-06-30 16:30:04 [booklist] INFO: VALID_ID: 2585866
2023-06-30 16:30:04 [booklist] INFO: VALID_ID: 2585780
2023-06-30 16:30:04 [booklist] INFO: VALID_ID: 2585889
2023-06-30 16:30:04 [booklist] INFO: VALID_ID: 2585890
2023-06-30 16:30:04 [booklist] INFO: VALID_ID: 2585895
2023-06-30 16:30:04 [booklist] INFO: VALID_ID: 2585934
2023-06-30 16:30:04 [booklist] INFO: VALID_ID: 2605995
2023-06-30 16:30:04 [booklist] INFO: VALID_ID: 2585773
2023-06-30 16:30:04 [booklist] INFO: VALID_ID: 2585869
2023-06-30 16:30:04 [booklist] INFO: VALID_ID: 2585881
2023-06-30 16:30:04 [booklist] INFO: VALID_ID: 2585787
2023-06-30 16:30:04 [booklist] INFO: VALID_ID: 2585907
2023-06-30 16:30:04 [booklist] INFO: VALID_ID: 2585845
2023-06-30 16:30:04 [booklist] INFO: VALID_ID: 2585944
2023-06-30 16:30:04 [booklist] INFO: VALID_ID: 2585848
2023-06-30 16:30:04 [booklist] INFO: VALID_ID: 2608873
2023-06-30 16:30:04 [booklist] INFO: VALID_ID: 2609633
2023-06-30 16:30:04 [booklist] INFO: VALID_ID: 2585863
2023-06-30 16:30:04 [booklist] INFO: VALID_ID: 2585772
2023-06-30 16:30:04 [booklist] INFO: VALID_ID: 2585784
2023-06-30 16:30:04 [booklist] INFO: VALID_ID: 2585812
2023-06-30 16:30:04 [booklist] INFO: VALID_ID: 2585916
2023-06-30 16:30:04 [booklist] INFO: VALID_ID: 2585831
2023-06-30 16:30:04 [booklist] INFO: VALID_ID: 2585942
2023-06-30 16:30:04 [booklist] INFO: VALID_ID: 2585855
2023-06-30 16:30:04 [booklist] INFO: VALID_ID: 2585777
2023-06-30 16:30:04 [booklist] INFO: VALID_ID: 2585783
2023-06-30 16:30:04 [booklist] INFO: VALID_ID: 2585894
2023-06-30 16:30:04 [booklist] INFO: VALID_ID: 2585830
2023-06-30 16:30:04 [booklist] INFO: VALID_ID: 2585945
2023-06-30 16:30:04 [booklist] INFO: VALID_ID: 2585798
2023-06-30 16:30:04 [booklist] INFO: VALID_ID: 2585902
2023-06-30 16:30:04 [booklist] INFO: VALID_ID: 2585840
2023-06-30 16:30:04 [booklist] INFO: VALID_ID: 2610785
2023-06-30 16:30:04 [booklist] INFO: VALID_ID: 2585759
2023-06-30 16:30:04 [booklist] INFO: VALID_ID: 2585762
2023-06-30 16:30:04 [booklist] INFO: VALID_ID: 2585794
2023-06-30 16:30:04 [booklist] INFO: VALID_ID: 2585905
2023-06-30 16:30:04 [booklist] INFO: VALID_ID: 2585771
2023-06-30 16:30:04 [booklist] INFO: VALID_ID: 2585864
2023-06-30 16:30:04 [booklist] INFO: VALID_ID: 2585795
2023-06-30 16:30:04 [booklist] INFO: VALID_ID: 2585797
2023-06-30 16:30:04 [booklist] INFO: VALID_ID: 2585820
2023-06-30 16:30:04 [booklist] INFO: VALID_ID: 2585921
2023-06-30 16:30:04 [booklist] INFO: VALID_ID: 2585842
2023-06-30 16:30:04 [booklist] INFO: VALID_ID: 2585853
2023-06-30 16:30:04 [booklist] INFO: VALID_ID: 2585893
2023-06-30 16:30:05 [scrapy.core.engine] DEBUG: Crawled (200) <POST https://dl.ndl.go.jp/api/item/search> (referer: https://dl.ndl.go.jp/api/item/search)
2023-06-30 16:30:05 [booklist] INFO: Fetched page 7
2023-06-30 16:30:05 [booklist] INFO: VALID_ID: 2585759
2023-06-30 16:30:05 [booklist] INFO: VALID_ID: 2585762
2023-06-30 16:30:05 [booklist] INFO: VALID_ID: 2585794
2023-06-30 16:30:05 [booklist] INFO: VALID_ID: 2585905
2023-06-30 16:30:05 [booklist] INFO: VALID_ID: 2609656
2023-06-30 16:30:05 [booklist] INFO: VALID_ID: 2585873
2023-06-30 16:30:05 [booklist] INFO: VALID_ID: 2585918
2023-06-30 16:30:05 [booklist] INFO: VALID_ID: 2585829
2023-06-30 16:30:05 [booklist] INFO: VALID_ID: 2585938
2023-06-30 16:30:05 [booklist] INFO: VALID_ID: 2585941
2023-06-30 16:30:05 [booklist] INFO: VALID_ID: 11892714
2023-06-30 16:30:05 [booklist] INFO: VALID_ID: 2607484
2023-06-30 16:30:05 [booklist] INFO: VALID_ID: 2585765
2023-06-30 16:30:05 [booklist] INFO: VALID_ID: 2585859
2023-06-30 16:30:05 [booklist] INFO: VALID_ID: 2585880
2023-06-30 16:30:05 [booklist] INFO: VALID_ID: 2585899
2023-06-30 16:30:05 [booklist] INFO: VALID_ID: 2585811
2023-06-30 16:30:05 [booklist] INFO: VALID_ID: 2585827
2023-06-30 16:30:05 [booklist] INFO: VALID_ID: 2585937
2023-06-30 16:30:05 [booklist] INFO: VALID_ID: 2585843
2023-06-30 16:30:05 [booklist] INFO: VALID_ID: 2585849
2023-06-30 16:30:05 [booklist] INFO: VALID_ID: 2550790
2023-06-30 16:30:05 [booklist] INFO: VALID_ID: 12865356
2023-06-30 16:30:05 [booklist] INFO: VALID_ID: 2606119
2023-06-30 16:30:05 [booklist] INFO: VALID_ID: 11892643
2023-06-30 16:30:05 [booklist] INFO: VALID_ID: 2610288
2023-06-30 16:30:05 [booklist] INFO: VALID_ID: 11446659
2023-06-30 16:30:05 [booklist] INFO: VALID_ID: 11892644
2023-06-30 16:30:05 [booklist] INFO: VALID_ID: 2610833
2023-06-30 16:30:05 [booklist] INFO: VALID_ID: 2610707
2023-06-30 16:30:05 [booklist] INFO: VALID_ID: 2606349
2023-06-30 16:30:05 [booklist] INFO: VALID_ID: 2608247
2023-06-30 16:30:05 [booklist] INFO: VALID_ID: 2609581
2023-06-30 16:30:05 [booklist] INFO: VALID_ID: 12865394
2023-06-30 16:30:05 [booklist] INFO: VALID_ID: 12865370
2023-06-30 16:30:05 [booklist] INFO: VALID_ID: 11892738
2023-06-30 16:30:05 [booklist] INFO: VALID_ID: 2609861
2023-06-30 16:30:05 [booklist] INFO: VALID_ID: 2609279
2023-06-30 16:30:05 [booklist] INFO: VALID_ID: 11892789
2023-06-30 16:30:05 [booklist] INFO: VALID_ID: 2583684
2023-06-30 16:30:05 [booklist] INFO: VALID_ID: 2583668
2023-06-30 16:30:05 [booklist] INFO: VALID_ID: 2583705
2023-06-30 16:30:05 [booklist] INFO: VALID_ID: 2583718
2023-06-30 16:30:05 [booklist] INFO: VALID_ID: 2583660
2023-06-30 16:30:05 [booklist] INFO: VALID_ID: 2583667
2023-06-30 16:30:05 [booklist] INFO: VALID_ID: 2608195
2023-06-30 16:30:05 [booklist] INFO: VALID_ID: 2583706
2023-06-30 16:30:05 [booklist] INFO: VALID_ID: 2583673
2023-06-30 16:30:05 [booklist] INFO: VALID_ID: 2583661
2023-06-30 16:30:05 [booklist] INFO: VALID_ID: 2583664
2023-06-30 16:30:05 [booklist] INFO: VALID_ID: 2583717
2023-06-30 16:30:05 [booklist] INFO: VALID_ID: 2583693
2023-06-30 16:30:05 [booklist] INFO: VALID_ID: 2583696
2023-06-30 16:30:05 [booklist] INFO: VALID_ID: 2583716
2023-06-30 16:30:05 [booklist] INFO: VALID_ID: 2583719
2023-06-30 16:30:05 [booklist] INFO: VALID_ID: 2583714
2023-06-30 16:30:05 [booklist] INFO: VALID_ID: 2583683
2023-06-30 16:30:05 [booklist] INFO: VALID_ID: 2583659
2023-06-30 16:30:05 [booklist] INFO: VALID_ID: 2583694
2023-06-30 16:30:05 [booklist] INFO: VALID_ID: 2583678
2023-06-30 16:30:05 [booklist] INFO: VALID_ID: 2583685
2023-06-30 16:30:05 [booklist] INFO: VALID_ID: 2583722
2023-06-30 16:30:05 [booklist] INFO: VALID_ID: 2583691
2023-06-30 16:30:05 [booklist] INFO: VALID_ID: 2583681
2023-06-30 16:30:05 [booklist] INFO: VALID_ID: 2583680
2023-06-30 16:30:05 [booklist] INFO: VALID_ID: 2583687
2023-06-30 16:30:05 [booklist] INFO: VALID_ID: 2583665
2023-06-30 16:30:05 [booklist] INFO: VALID_ID: 2583699
2023-06-30 16:30:05 [booklist] INFO: VALID_ID: 2583697
2023-06-30 16:30:05 [booklist] INFO: VALID_ID: 2583715
2023-06-30 16:30:05 [booklist] INFO: VALID_ID: 2583692
2023-06-30 16:30:05 [booklist] INFO: VALID_ID: 2583662
2023-06-30 16:30:05 [booklist] INFO: VALID_ID: 2583666
2023-06-30 16:30:05 [booklist] INFO: VALID_ID: 2583700
2023-06-30 16:30:05 [booklist] INFO: VALID_ID: 2583686
2023-06-30 16:30:05 [booklist] INFO: VALID_ID: 2583724
2023-06-30 16:30:05 [booklist] INFO: VALID_ID: 2583701
2023-06-30 16:30:05 [booklist] INFO: VALID_ID: 2583725
2023-06-30 16:30:05 [booklist] INFO: VALID_ID: 2583675
2023-06-30 16:30:05 [booklist] INFO: VALID_ID: 2583704
2023-06-30 16:30:05 [booklist] INFO: VALID_ID: 2583708
2023-06-30 16:30:05 [booklist] INFO: VALID_ID: 2583711
2023-06-30 16:30:05 [booklist] INFO: VALID_ID: 2548488
2023-06-30 16:30:05 [booklist] INFO: VALID_ID: 2608047
2023-06-30 16:30:05 [booklist] INFO: VALID_ID: 2583698
2023-06-30 16:30:05 [booklist] INFO: VALID_ID: 2583703
2023-06-30 16:30:05 [booklist] INFO: VALID_ID: 2583712
2023-06-30 16:30:05 [booklist] INFO: VALID_ID: 2583723
2023-06-30 16:30:05 [booklist] INFO: VALID_ID: 2607879
2023-06-30 16:30:05 [booklist] INFO: VALID_ID: 2611035
2023-06-30 16:30:05 [booklist] INFO: VALID_ID: 2583695
2023-06-30 16:30:05 [booklist] INFO: VALID_ID: 2583671
2023-06-30 16:30:05 [booklist] INFO: VALID_ID: 2583674
2023-06-30 16:30:05 [booklist] INFO: VALID_ID: 2583689
2023-06-30 16:30:05 [booklist] INFO: VALID_ID: 2583682
2023-06-30 16:30:05 [booklist] INFO: VALID_ID: 2583669
2023-06-30 16:30:05 [booklist] INFO: VALID_ID: 2583670
2023-06-30 16:30:05 [booklist] INFO: VALID_ID: 2583702
2023-06-30 16:30:05 [booklist] INFO: VALID_ID: 2583679
2023-06-30 16:30:05 [booklist] INFO: VALID_ID: 2583721
2023-06-30 16:30:06 [scrapy.core.engine] DEBUG: Crawled (200) <POST https://dl.ndl.go.jp/api/item/search> (referer: https://dl.ndl.go.jp/api/item/search)
2023-06-30 16:30:06 [booklist] INFO: Fetched page 8
2023-06-30 16:30:06 [booklist] INFO: VALID_ID: 2610561
2023-06-30 16:30:06 [booklist] INFO: VALID_ID: 2583672
2023-06-30 16:30:06 [booklist] INFO: VALID_ID: 2583707
2023-06-30 16:30:06 [booklist] INFO: VALID_ID: 2583710
2023-06-30 16:30:06 [booklist] INFO: VALID_ID: 2608597
2023-06-30 16:30:06 [booklist] INFO: VALID_ID: 2583663
2023-06-30 16:30:06 [booklist] INFO: VALID_ID: 2583677
2023-06-30 16:30:06 [booklist] INFO: VALID_ID: 2583713
2023-06-30 16:30:06 [booklist] INFO: VALID_ID: 2583688
2023-06-30 16:30:06 [booklist] INFO: VALID_ID: 1286412
2023-06-30 16:30:06 [booklist] INFO: VALID_ID: 1286314
2023-06-30 16:30:06 [booklist] INFO: VALID_ID: 2610518
2023-06-30 16:30:06 [booklist] INFO: VALID_ID: 2607879
2023-06-30 16:30:06 [booklist] INFO: VALID_ID: 2610012
2023-06-30 16:30:06 [booklist] INFO: VALID_ID: 1287106
2023-06-30 16:30:06 [booklist] INFO: VALID_ID: 2608721
2023-06-30 16:30:06 [booklist] INFO: VALID_ID: 2606933
2023-06-30 16:30:06 [booklist] INFO: VALID_ID: 2605758
2023-06-30 16:30:06 [booklist] INFO: VALID_ID: 1286513
2023-06-30 16:30:06 [booklist] INFO: VALID_ID: 1286164
2023-06-30 16:30:06 [booklist] INFO: VALID_ID: 11446364
2023-06-30 16:30:06 [booklist] INFO: VALID_ID: 1287160
2023-06-30 16:30:06 [booklist] INFO: VALID_ID: 2610801
2023-06-30 16:30:06 [booklist] INFO: VALID_ID: 2606959
2023-06-30 16:30:06 [booklist] INFO: VALID_ID: 2610138
2023-06-30 16:30:06 [booklist] INFO: VALID_ID: 2609783
2023-06-30 16:30:06 [booklist] INFO: VALID_ID: 2541506
2023-06-30 16:30:06 [booklist] INFO: VALID_ID: 2605985
2023-06-30 16:30:06 [booklist] INFO: VALID_ID: 2608186
2023-06-30 16:30:06 [booklist] INFO: VALID_ID: 2606258
2023-06-30 16:30:06 [scrapy.core.engine] DEBUG: Crawled (200) <POST https://dl.ndl.go.jp/api/item/search> (referer: https://dl.ndl.go.jp/api/item/search)
2023-06-30 16:30:06 [booklist] INFO: Fetched page 9
2023-06-30 16:30:06 [booklist] INFO: No more books on 9
2023-06-30 16:30:06 [scrapy.core.engine] INFO: Closing spider (finished)
2023-06-30 16:30:06 [scrapy.statscollectors] INFO: Dumping Scrapy stats:
{'downloader/request_bytes': 12298,
 'downloader/request_count': 10,
 'downloader/request_method_count/GET': 1,
 'downloader/request_method_count/POST': 9,
 'downloader/response_bytes': 3333373,
 'downloader/response_count': 10,
 'downloader/response_status_count/200': 10,
 'elapsed_time_seconds': 11.81424,
 'finish_reason': 'finished',
 'finish_time': datetime.datetime(2023, 6, 30, 8, 30, 6, 711333),
 'httpcompression/response_bytes': 38728347,
 'httpcompression/response_count': 9,
 'log_count/DEBUG': 13,
 'log_count/INFO': 750,
 'memusage/max': 63725568,
 'memusage/startup': 63725568,
 'request_depth_max': 8,
 'response_received_count': 10,
 'robotstxt/request_count': 1,
 'robotstxt/response_count': 1,
 'robotstxt/response_status_count/200': 1,
 'scheduler/dequeued': 9,
 'scheduler/dequeued/memory': 9,
 'scheduler/enqueued': 9,
 'scheduler/enqueued/memory': 9,
 'start_time': datetime.datetime(2023, 6, 30, 8, 29, 54, 897093)}
2023-06-30 16:30:06 [scrapy.core.engine] INFO: Spider closed (finished)
