2023-06-30 17:15:09 [scrapy.utils.log] INFO: Scrapy 2.9.0 started (bot: ndlcrawler)
2023-06-30 17:15:09 [scrapy.utils.log] INFO: Versions: lxml 4.9.2.0, libxml2 2.9.14, cssselect 1.2.0, parsel 1.8.1, w3lib 2.1.1, Twisted 22.10.0, Python 3.10.10 (main, Mar  5 2023, 22:26:53) [GCC 12.2.1 20230201], pyOpenSSL 23.2.0 (OpenSSL 3.1.1 30 May 2023), cryptography 41.0.1, Platform Linux-6.2.12-arch1-1-x86_64-with-glibc2.37
2023-06-30 17:15:09 [scrapy.crawler] INFO: Overridden settings:
{'BOT_NAME': 'ndlcrawler',
 'FEED_EXPORT_ENCODING': 'utf-8',
 'LOG_FILE': 'logs/booklist.title.論.DESC.log',
 'NEWSPIDER_MODULE': 'ndlcrawler.spiders',
 'REQUEST_FINGERPRINTER_IMPLEMENTATION': '2.7',
 'ROBOTSTXT_OBEY': True,
 'SPIDER_MODULES': ['ndlcrawler.spiders'],
 'TWISTED_REACTOR': 'twisted.internet.asyncioreactor.AsyncioSelectorReactor'}
2023-06-30 17:15:09 [asyncio] DEBUG: Using selector: EpollSelector
2023-06-30 17:15:09 [scrapy.utils.log] DEBUG: Using reactor: twisted.internet.asyncioreactor.AsyncioSelectorReactor
2023-06-30 17:15:09 [scrapy.utils.log] DEBUG: Using asyncio event loop: asyncio.unix_events._UnixSelectorEventLoop
2023-06-30 17:15:09 [scrapy.extensions.telnet] INFO: Telnet Password: aa7bb8348c16d9ac
2023-06-30 17:15:09 [scrapy.middleware] INFO: Enabled extensions:
['scrapy.extensions.corestats.CoreStats',
 'scrapy.extensions.telnet.TelnetConsole',
 'scrapy.extensions.memusage.MemoryUsage',
 'scrapy.extensions.logstats.LogStats']
2023-06-30 17:15:09 [scrapy.middleware] INFO: Enabled downloader middlewares:
['scrapy.downloadermiddlewares.robotstxt.RobotsTxtMiddleware',
 'scrapy.downloadermiddlewares.httpauth.HttpAuthMiddleware',
 'scrapy.downloadermiddlewares.downloadtimeout.DownloadTimeoutMiddleware',
 'scrapy.downloadermiddlewares.defaultheaders.DefaultHeadersMiddleware',
 'scrapy.downloadermiddlewares.useragent.UserAgentMiddleware',
 'scrapy.downloadermiddlewares.retry.RetryMiddleware',
 'scrapy.downloadermiddlewares.redirect.MetaRefreshMiddleware',
 'scrapy.downloadermiddlewares.httpcompression.HttpCompressionMiddleware',
 'scrapy.downloadermiddlewares.redirect.RedirectMiddleware',
 'scrapy.downloadermiddlewares.cookies.CookiesMiddleware',
 'scrapy.downloadermiddlewares.httpproxy.HttpProxyMiddleware',
 'scrapy.downloadermiddlewares.stats.DownloaderStats']
2023-06-30 17:15:09 [scrapy.middleware] INFO: Enabled spider middlewares:
['scrapy.spidermiddlewares.httperror.HttpErrorMiddleware',
 'scrapy.spidermiddlewares.offsite.OffsiteMiddleware',
 'scrapy.spidermiddlewares.referer.RefererMiddleware',
 'scrapy.spidermiddlewares.urllength.UrlLengthMiddleware',
 'scrapy.spidermiddlewares.depth.DepthMiddleware']
2023-06-30 17:15:09 [scrapy.middleware] INFO: Enabled item pipelines:
[]
2023-06-30 17:15:09 [scrapy.core.engine] INFO: Spider opened
2023-06-30 17:15:10 [scrapy.extensions.logstats] INFO: Crawled 0 pages (at 0 pages/min), scraped 0 items (at 0 items/min)
2023-06-30 17:15:10 [scrapy.extensions.telnet] INFO: Telnet console listening on 127.0.0.1:6023
2023-06-30 17:15:10 [scrapy.core.engine] DEBUG: Crawled (200) <GET https://dl.ndl.go.jp/robots.txt> (referer: None)
2023-06-30 17:15:11 [scrapy.core.engine] DEBUG: Crawled (200) <POST https://dl.ndl.go.jp/api/item/search> (referer: None)
2023-06-30 17:15:11 [booklist] INFO: Fetched page 1
2023-06-30 17:15:11 [booklist] INFO: VALID_ID: 2544139
2023-06-30 17:15:11 [booklist] INFO: VALID_ID: 2565840
2023-06-30 17:15:11 [booklist] INFO: VALID_ID: 2532211
2023-06-30 17:15:11 [booklist] INFO: VALID_ID: 2560743
2023-06-30 17:15:11 [booklist] INFO: VALID_ID: 2565839
2023-06-30 17:15:11 [booklist] INFO: VALID_ID: 2560742
2023-06-30 17:15:11 [booklist] INFO: VALID_ID: 2556322
2023-06-30 17:15:11 [booklist] INFO: VALID_ID: 2532143
2023-06-30 17:15:11 [booklist] INFO: VALID_ID: 2544141
2023-06-30 17:15:11 [booklist] INFO: VALID_ID: 2544145
2023-06-30 17:15:11 [booklist] INFO: VALID_ID: 2565841
2023-06-30 17:15:11 [booklist] INFO: VALID_ID: 2565842
2023-06-30 17:15:11 [booklist] INFO: VALID_ID: 2565843
2023-06-30 17:15:11 [booklist] INFO: VALID_ID: 1313213
2023-06-30 17:15:11 [booklist] INFO: VALID_ID: 2560744
2023-06-30 17:15:11 [booklist] INFO: VALID_ID: 1313218
2023-06-30 17:15:11 [booklist] INFO: VALID_ID: 2532207
2023-06-30 17:15:11 [booklist] INFO: VALID_ID: 2544143
2023-06-30 17:15:11 [booklist] INFO: VALID_ID: 2607838
2023-06-30 17:15:11 [booklist] INFO: VALID_ID: 2544142
2023-06-30 17:15:11 [booklist] INFO: VALID_ID: 2544144
2023-06-30 17:15:11 [booklist] INFO: VALID_ID: 2607944
2023-06-30 17:15:11 [booklist] INFO: VALID_ID: 2566506
2023-06-30 17:15:11 [booklist] INFO: VALID_ID: 2559897
2023-06-30 17:15:11 [booklist] INFO: VALID_ID: 2559899
2023-06-30 17:15:11 [booklist] INFO: VALID_ID: 2559898
2023-06-30 17:15:11 [booklist] INFO: VALID_ID: 8929844
2023-06-30 17:15:11 [booklist] INFO: VALID_ID: 2609121
2023-06-30 17:15:11 [booklist] INFO: VALID_ID: 2566505
2023-06-30 17:15:11 [booklist] INFO: VALID_ID: 8929514
2023-06-30 17:15:11 [booklist] INFO: VALID_ID: 2559900
2023-06-30 17:15:11 [booklist] INFO: VALID_ID: 2559901
2023-06-30 17:15:11 [booklist] INFO: VALID_ID: 2607537
2023-06-30 17:15:11 [booklist] INFO: VALID_ID: 2537944
2023-06-30 17:15:11 [booklist] INFO: VALID_ID: 2565825
2023-06-30 17:15:11 [booklist] INFO: VALID_ID: 2608871
2023-06-30 17:15:11 [booklist] INFO: VALID_ID: 2540347
2023-06-30 17:15:11 [booklist] INFO: VALID_ID: 2563025
2023-06-30 17:15:11 [booklist] INFO: VALID_ID: 2563024
2023-06-30 17:15:11 [booklist] INFO: VALID_ID: 11891779
2023-06-30 17:15:11 [booklist] INFO: VALID_ID: 10301501
2023-06-30 17:15:11 [booklist] INFO: VALID_ID: 2563026
2023-06-30 17:15:11 [booklist] INFO: VALID_ID: 2565826
2023-06-30 17:15:11 [booklist] INFO: VALID_ID: 2533356
2023-06-30 17:15:11 [booklist] INFO: VALID_ID: 2565827
2023-06-30 17:15:11 [booklist] INFO: VALID_ID: 10301201
2023-06-30 17:15:11 [booklist] INFO: VALID_ID: 2563023
2023-06-30 17:15:11 [booklist] INFO: VALID_ID: 2540001
2023-06-30 17:15:11 [booklist] INFO: VALID_ID: 2556032
2023-06-30 17:15:11 [booklist] INFO: VALID_ID: 2556034
2023-06-30 17:15:11 [booklist] INFO: VALID_ID: 2605861
2023-06-30 17:15:11 [booklist] INFO: VALID_ID: 2556033
2023-06-30 17:15:11 [booklist] INFO: VALID_ID: 2535684
2023-06-30 17:15:11 [booklist] INFO: VALID_ID: 2541523
2023-06-30 17:15:11 [booklist] INFO: VALID_ID: 2539160
2023-06-30 17:15:11 [booklist] INFO: VALID_ID: 2599601
2023-06-30 17:15:11 [booklist] INFO: VALID_ID: 2599599
2023-06-30 17:15:11 [booklist] INFO: VALID_ID: 2610438
2023-06-30 17:15:11 [booklist] INFO: VALID_ID: 2599600
2023-06-30 17:15:11 [booklist] INFO: VALID_ID: 2546265
2023-06-30 17:15:11 [booklist] INFO: VALID_ID: 2607011
2023-06-30 17:15:11 [booklist] INFO: VALID_ID: 2543257
2023-06-30 17:15:11 [booklist] INFO: VALID_ID: 2564924
2023-06-30 17:15:11 [booklist] INFO: VALID_ID: 2564923
2023-06-30 17:15:11 [booklist] INFO: VALID_ID: 2539327
2023-06-30 17:15:11 [booklist] INFO: VALID_ID: 2607929
2023-06-30 17:15:11 [booklist] INFO: VALID_ID: 2599283
2023-06-30 17:15:11 [booklist] INFO: VALID_ID: 2599284
2023-06-30 17:15:11 [booklist] INFO: VALID_ID: 2599285
2023-06-30 17:15:11 [booklist] INFO: VALID_ID: 2599286
2023-06-30 17:15:11 [booklist] INFO: VALID_ID: 2537974
2023-06-30 17:15:11 [booklist] INFO: VALID_ID: 2610018
2023-06-30 17:15:11 [booklist] INFO: VALID_ID: 2533167
2023-06-30 17:15:11 [booklist] INFO: VALID_ID: 2537971
2023-06-30 17:15:11 [booklist] INFO: VALID_ID: 2546262
2023-06-30 17:15:11 [booklist] INFO: VALID_ID: 2609800
2023-06-30 17:15:11 [booklist] INFO: VALID_ID: 11223171
2023-06-30 17:15:11 [booklist] INFO: VALID_ID: 2540222
2023-06-30 17:15:11 [booklist] INFO: VALID_ID: 2546263
2023-06-30 17:15:11 [booklist] INFO: VALID_ID: 2606040
2023-06-30 17:15:11 [booklist] INFO: VALID_ID: 2546264
2023-06-30 17:15:11 [booklist] INFO: VALID_ID: 2540816
2023-06-30 17:15:11 [booklist] INFO: VALID_ID: 11038622
2023-06-30 17:15:11 [booklist] INFO: VALID_ID: 2536279
2023-06-30 17:15:11 [booklist] INFO: VALID_ID: 10301673
2023-06-30 17:15:11 [booklist] INFO: VALID_ID: 2536500
2023-06-30 17:15:11 [booklist] INFO: VALID_ID: 2556771
2023-06-30 17:15:11 [booklist] INFO: VALID_ID: 2556769
2023-06-30 17:15:11 [booklist] INFO: VALID_ID: 2568561
2023-06-30 17:15:11 [booklist] INFO: VALID_ID: 2568563
2023-06-30 17:15:11 [booklist] INFO: VALID_ID: 2568562
2023-06-30 17:15:11 [booklist] INFO: VALID_ID: 2568564
2023-06-30 17:15:11 [booklist] INFO: VALID_ID: 2568565
2023-06-30 17:15:11 [booklist] INFO: VALID_ID: 2556773
2023-06-30 17:15:11 [booklist] INFO: VALID_ID: 2606536
2023-06-30 17:15:11 [booklist] INFO: VALID_ID: 2556772
2023-06-30 17:15:11 [booklist] INFO: VALID_ID: 2556770
2023-06-30 17:15:11 [booklist] INFO: VALID_ID: 2536084
2023-06-30 17:15:11 [booklist] INFO: VALID_ID: 2607721
2023-06-30 17:15:11 [booklist] INFO: VALID_ID: 2539516
2023-06-30 17:15:12 [scrapy.core.engine] DEBUG: Crawled (200) <POST https://dl.ndl.go.jp/api/item/search> (referer: https://dl.ndl.go.jp/api/item/search)
2023-06-30 17:15:12 [booklist] INFO: Fetched page 2
2023-06-30 17:15:13 [booklist] INFO: VALID_ID: 2536955
2023-06-30 17:15:13 [booklist] INFO: VALID_ID: 2539522
2023-06-30 17:15:13 [booklist] INFO: VALID_ID: 2551266
2023-06-30 17:15:13 [booklist] INFO: VALID_ID: 2534387
2023-06-30 17:15:13 [booklist] INFO: VALID_ID: 2533197
2023-06-30 17:15:13 [booklist] INFO: VALID_ID: 2576587
2023-06-30 17:15:13 [booklist] INFO: VALID_ID: 2551263
2023-06-30 17:15:13 [booklist] INFO: VALID_ID: 2551270
2023-06-30 17:15:13 [booklist] INFO: VALID_ID: 2576586
2023-06-30 17:15:13 [booklist] INFO: VALID_ID: 2551271
2023-06-30 17:15:13 [booklist] INFO: VALID_ID: 2576589
2023-06-30 17:15:13 [booklist] INFO: VALID_ID: 2551272
2023-06-30 17:15:13 [booklist] INFO: VALID_ID: 2576591
2023-06-30 17:15:13 [booklist] INFO: VALID_ID: 2551269
2023-06-30 17:15:13 [booklist] INFO: VALID_ID: 2576592
2023-06-30 17:15:13 [booklist] INFO: VALID_ID: 2534148
2023-06-30 17:15:13 [booklist] INFO: VALID_ID: 2576588
2023-06-30 17:15:13 [booklist] INFO: VALID_ID: 2576585
2023-06-30 17:15:13 [booklist] INFO: VALID_ID: 2551264
2023-06-30 17:15:13 [booklist] INFO: VALID_ID: 2576594
2023-06-30 17:15:13 [booklist] INFO: VALID_ID: 2551267
2023-06-30 17:15:13 [booklist] INFO: VALID_ID: 11892796
2023-06-30 17:15:13 [booklist] INFO: VALID_ID: 2576590
2023-06-30 17:15:13 [booklist] INFO: VALID_ID: 2551268
2023-06-30 17:15:13 [booklist] INFO: VALID_ID: 2533177
2023-06-30 17:15:13 [booklist] INFO: VALID_ID: 2538020
2023-06-30 17:15:13 [booklist] INFO: VALID_ID: 2551265
2023-06-30 17:15:13 [booklist] INFO: VALID_ID: 2576593
2023-06-30 17:15:13 [booklist] INFO: VALID_ID: 2610235
2023-06-30 17:15:13 [booklist] INFO: VALID_ID: 11892571
2023-06-30 17:15:13 [booklist] INFO: VALID_ID: 11892625
2023-06-30 17:15:13 [booklist] INFO: VALID_ID: 2557108
2023-06-30 17:15:13 [booklist] INFO: VALID_ID: 2606149
2023-06-30 17:15:13 [booklist] INFO: VALID_ID: 2557106
2023-06-30 17:15:13 [booklist] INFO: VALID_ID: 2557107
2023-06-30 17:15:13 [booklist] INFO: VALID_ID: 8929345
2023-06-30 17:15:13 [booklist] INFO: VALID_ID: 2533544
2023-06-30 17:15:13 [booklist] INFO: VALID_ID: 2599282
2023-06-30 17:15:13 [booklist] INFO: VALID_ID: 2599289
2023-06-30 17:15:13 [booklist] INFO: VALID_ID: 2599281
2023-06-30 17:15:13 [booklist] INFO: VALID_ID: 2599287
2023-06-30 17:15:13 [booklist] INFO: VALID_ID: 2599288
2023-06-30 17:15:13 [booklist] INFO: VALID_ID: 2599290
2023-06-30 17:15:13 [booklist] INFO: VALID_ID: 2537387
2023-06-30 17:15:13 [booklist] INFO: VALID_ID: 2610689
2023-06-30 17:15:13 [booklist] INFO: VALID_ID: 2609628
2023-06-30 17:15:13 [booklist] INFO: VALID_ID: 2575378
2023-06-30 17:15:13 [booklist] INFO: VALID_ID: 2575383
2023-06-30 17:15:13 [booklist] INFO: VALID_ID: 2575384
2023-06-30 17:15:13 [booklist] INFO: VALID_ID: 2575382
2023-06-30 17:15:13 [booklist] INFO: VALID_ID: 2575381
2023-06-30 17:15:13 [booklist] INFO: VALID_ID: 2575386
2023-06-30 17:15:13 [booklist] INFO: VALID_ID: 2575380
2023-06-30 17:15:13 [booklist] INFO: VALID_ID: 2575385
2023-06-30 17:15:13 [booklist] INFO: VALID_ID: 2605138
2023-06-30 17:15:13 [booklist] INFO: VALID_ID: 2575379
2023-06-30 17:15:13 [booklist] INFO: VALID_ID: 2575377
2023-06-30 17:15:13 [booklist] INFO: VALID_ID: 2543236
2023-06-30 17:15:13 [booklist] INFO: VALID_ID: 2539697
2023-06-30 17:15:13 [booklist] INFO: VALID_ID: 2577283
2023-06-30 17:15:13 [booklist] INFO: VALID_ID: 2605136
2023-06-30 17:15:13 [booklist] INFO: VALID_ID: 2560523
2023-06-30 17:15:13 [booklist] INFO: VALID_ID: 2538949
2023-06-30 17:15:13 [booklist] INFO: VALID_ID: 2577277
2023-06-30 17:15:13 [booklist] INFO: VALID_ID: 2577285
2023-06-30 17:15:13 [booklist] INFO: VALID_ID: 2560521
2023-06-30 17:15:13 [booklist] INFO: VALID_ID: 2537090
2023-06-30 17:15:13 [booklist] INFO: VALID_ID: 8929431
2023-06-30 17:15:13 [booklist] INFO: VALID_ID: 2560522
2023-06-30 17:15:13 [booklist] INFO: VALID_ID: 2577289
2023-06-30 17:15:13 [booklist] INFO: VALID_ID: 2543209
2023-06-30 17:15:13 [booklist] INFO: VALID_ID: 2577282
2023-06-30 17:15:13 [booklist] INFO: VALID_ID: 2577284
2023-06-30 17:15:13 [booklist] INFO: VALID_ID: 2577288
2023-06-30 17:15:13 [booklist] INFO: VALID_ID: 1288181
2023-06-30 17:15:13 [booklist] INFO: VALID_ID: 2577280
2023-06-30 17:15:13 [booklist] INFO: VALID_ID: 2539162
2023-06-30 17:15:13 [booklist] INFO: VALID_ID: 2536672
2023-06-30 17:15:13 [booklist] INFO: VALID_ID: 2606330
2023-06-30 17:15:13 [booklist] INFO: VALID_ID: 2535988
2023-06-30 17:15:13 [booklist] INFO: VALID_ID: 2607508
2023-06-30 17:15:13 [booklist] INFO: VALID_ID: 2538068
2023-06-30 17:15:13 [booklist] INFO: VALID_ID: 2577276
2023-06-30 17:15:13 [booklist] INFO: VALID_ID: 2577278
2023-06-30 17:15:13 [booklist] INFO: VALID_ID: 2546226
2023-06-30 17:15:13 [booklist] INFO: VALID_ID: 2577287
2023-06-30 17:15:13 [booklist] INFO: VALID_ID: 2546225
2023-06-30 17:15:13 [booklist] INFO: VALID_ID: 2577290
2023-06-30 17:15:13 [booklist] INFO: VALID_ID: 1288180
2023-06-30 17:15:13 [booklist] INFO: VALID_ID: 1288179
2023-06-30 17:15:13 [booklist] INFO: VALID_ID: 2577281
2023-06-30 17:15:13 [booklist] INFO: VALID_ID: 2536601
2023-06-30 17:15:13 [booklist] INFO: VALID_ID: 2577279
2023-06-30 17:15:13 [booklist] INFO: VALID_ID: 2577286
2023-06-30 17:15:13 [booklist] INFO: VALID_ID: 2577198
2023-06-30 17:15:13 [booklist] INFO: VALID_ID: 2605137
2023-06-30 17:15:13 [booklist] INFO: VALID_ID: 11891740
2023-06-30 17:15:13 [booklist] INFO: VALID_ID: 1288252
2023-06-30 17:15:13 [booklist] INFO: VALID_ID: 2566892
2023-06-30 17:15:13 [booklist] INFO: VALID_ID: 2537986
2023-06-30 17:15:14 [scrapy.core.engine] DEBUG: Crawled (200) <POST https://dl.ndl.go.jp/api/item/search> (referer: https://dl.ndl.go.jp/api/item/search)
2023-06-30 17:15:14 [booklist] INFO: Fetched page 3
2023-06-30 17:15:14 [booklist] INFO: VALID_ID: 11891740
2023-06-30 17:15:14 [booklist] INFO: VALID_ID: 1288252
2023-06-30 17:15:14 [booklist] INFO: VALID_ID: 2566892
2023-06-30 17:15:14 [booklist] INFO: VALID_ID: 2577201
2023-06-30 17:15:14 [booklist] INFO: VALID_ID: 2577213
2023-06-30 17:15:14 [booklist] INFO: VALID_ID: 2534068
2023-06-30 17:15:14 [booklist] INFO: VALID_ID: 2539384
2023-06-30 17:15:14 [booklist] INFO: VALID_ID: 2555032
2023-06-30 17:15:14 [booklist] INFO: VALID_ID: 1288248
2023-06-30 17:15:14 [booklist] INFO: VALID_ID: 2566886
2023-06-30 17:15:14 [booklist] INFO: VALID_ID: 2539511
2023-06-30 17:15:14 [booklist] INFO: VALID_ID: 1288246
2023-06-30 17:15:14 [booklist] INFO: VALID_ID: 2577196
2023-06-30 17:15:14 [booklist] INFO: VALID_ID: 2607616
2023-06-30 17:15:14 [booklist] INFO: VALID_ID: 2577207
2023-06-30 17:15:14 [booklist] INFO: VALID_ID: 3508431
2023-06-30 17:15:14 [booklist] INFO: VALID_ID: 2566895
2023-06-30 17:15:14 [booklist] INFO: VALID_ID: 2577215
2023-06-30 17:15:14 [booklist] INFO: VALID_ID: 2577199
2023-06-30 17:15:14 [booklist] INFO: VALID_ID: 2577216
2023-06-30 17:15:14 [booklist] INFO: VALID_ID: 2555031
2023-06-30 17:15:14 [booklist] INFO: VALID_ID: 1288255
2023-06-30 17:15:14 [booklist] INFO: VALID_ID: 1288253
2023-06-30 17:15:14 [booklist] INFO: VALID_ID: 2577205
2023-06-30 17:15:14 [booklist] INFO: VALID_ID: 2566890
2023-06-30 17:15:14 [booklist] INFO: VALID_ID: 2566889
2023-06-30 17:15:14 [booklist] INFO: VALID_ID: 2610897
2023-06-30 17:15:14 [booklist] INFO: VALID_ID: 2577202
2023-06-30 17:15:14 [booklist] INFO: VALID_ID: 2542799
2023-06-30 17:15:14 [booklist] INFO: VALID_ID: 2537986
2023-06-30 17:15:14 [booklist] INFO: VALID_ID: 1288250
2023-06-30 17:15:14 [booklist] INFO: VALID_ID: 2577195
2023-06-30 17:15:14 [booklist] INFO: VALID_ID: 2566894
2023-06-30 17:15:14 [booklist] INFO: VALID_ID: 1286897
2023-06-30 17:15:14 [booklist] INFO: VALID_ID: 1288178
2023-06-30 17:15:14 [booklist] INFO: VALID_ID: 2566885
2023-06-30 17:15:14 [booklist] INFO: VALID_ID: 2577193
2023-06-30 17:15:14 [booklist] INFO: VALID_ID: 2577200
2023-06-30 17:15:14 [booklist] INFO: VALID_ID: 2577209
2023-06-30 17:15:14 [booklist] INFO: VALID_ID: 2577214
2023-06-30 17:15:14 [booklist] INFO: VALID_ID: 2606805
2023-06-30 17:15:14 [booklist] INFO: VALID_ID: 2610152
2023-06-30 17:15:14 [booklist] INFO: VALID_ID: 2610381
2023-06-30 17:15:14 [booklist] INFO: VALID_ID: 1288249
2023-06-30 17:15:14 [booklist] INFO: VALID_ID: 2608453
2023-06-30 17:15:14 [booklist] INFO: VALID_ID: 2577212
2023-06-30 17:15:14 [booklist] INFO: VALID_ID: 2539375
2023-06-30 17:15:14 [booklist] INFO: VALID_ID: 2532087
2023-06-30 17:15:14 [booklist] INFO: VALID_ID: 1288176
2023-06-30 17:15:14 [booklist] INFO: VALID_ID: 2565845
2023-06-30 17:15:14 [booklist] INFO: VALID_ID: 1286898
2023-06-30 17:15:14 [booklist] INFO: VALID_ID: 2582793
2023-06-30 17:15:14 [booklist] INFO: VALID_ID: 2577204
2023-06-30 17:15:14 [booklist] INFO: VALID_ID: 2577192
2023-06-30 17:15:14 [booklist] INFO: VALID_ID: 2565844
2023-06-30 17:15:14 [booklist] INFO: VALID_ID: 2566888
2023-06-30 17:15:14 [booklist] INFO: VALID_ID: 11891880
2023-06-30 17:15:14 [booklist] INFO: VALID_ID: 1288245
2023-06-30 17:15:14 [booklist] INFO: VALID_ID: 2566893
2023-06-30 17:15:14 [booklist] INFO: VALID_ID: 2566896
2023-06-30 17:15:14 [booklist] INFO: VALID_ID: 2541168
2023-06-30 17:15:14 [booklist] INFO: VALID_ID: 1288177
2023-06-30 17:15:14 [booklist] INFO: VALID_ID: 1288247
2023-06-30 17:15:14 [booklist] INFO: VALID_ID: 1288251
2023-06-30 17:15:14 [booklist] INFO: VALID_ID: 2532400
2023-06-30 17:15:14 [booklist] INFO: VALID_ID: 2541834
2023-06-30 17:15:14 [booklist] INFO: VALID_ID: 2582791
2023-06-30 17:15:14 [booklist] INFO: VALID_ID: 2582794
2023-06-30 17:15:14 [booklist] INFO: VALID_ID: 2577211
2023-06-30 17:15:14 [booklist] INFO: VALID_ID: 2568310
2023-06-30 17:15:14 [booklist] INFO: VALID_ID: 2577197
2023-06-30 17:15:14 [booklist] INFO: VALID_ID: 2577208
2023-06-30 17:15:14 [booklist] INFO: VALID_ID: 2577210
2023-06-30 17:15:14 [booklist] INFO: VALID_ID: 2607700
2023-06-30 17:15:14 [booklist] INFO: VALID_ID: 1286896
2023-06-30 17:15:14 [booklist] INFO: VALID_ID: 1288254
2023-06-30 17:15:14 [booklist] INFO: VALID_ID: 2577194
2023-06-30 17:15:14 [booklist] INFO: VALID_ID: 2565846
2023-06-30 17:15:14 [booklist] INFO: VALID_ID: 2566891
2023-06-30 17:15:14 [booklist] INFO: VALID_ID: 2568577
2023-06-30 17:15:14 [booklist] INFO: VALID_ID: 2533026
2023-06-30 17:15:14 [booklist] INFO: VALID_ID: 2582792
2023-06-30 17:15:14 [booklist] INFO: VALID_ID: 2532171
2023-06-30 17:15:14 [booklist] INFO: VALID_ID: 2568309
2023-06-30 17:15:14 [booklist] INFO: VALID_ID: 1307937
2023-06-30 17:15:14 [booklist] INFO: VALID_ID: 2556209
2023-06-30 17:15:14 [booklist] INFO: VALID_ID: 2608125
2023-06-30 17:15:14 [booklist] INFO: VALID_ID: 2541947
2023-06-30 17:15:14 [booklist] INFO: VALID_ID: 2538275
2023-06-30 17:15:14 [booklist] INFO: VALID_ID: 11892693
2023-06-30 17:15:14 [booklist] INFO: VALID_ID: 2560066
2023-06-30 17:15:14 [booklist] INFO: VALID_ID: 2532225
2023-06-30 17:15:14 [booklist] INFO: VALID_ID: 2564960
2023-06-30 17:15:14 [booklist] INFO: VALID_ID: 2575095
2023-06-30 17:15:14 [booklist] INFO: VALID_ID: 2575097
2023-06-30 17:15:14 [booklist] INFO: VALID_ID: 11892692
2023-06-30 17:15:14 [booklist] INFO: VALID_ID: 2533892
2023-06-30 17:15:14 [booklist] INFO: VALID_ID: 753440
2023-06-30 17:15:14 [booklist] INFO: VALID_ID: 11891744
2023-06-30 17:15:14 [booklist] INFO: VALID_ID: 2537976
2023-06-30 17:15:15 [scrapy.core.engine] DEBUG: Crawled (200) <POST https://dl.ndl.go.jp/api/item/search> (referer: https://dl.ndl.go.jp/api/item/search)
2023-06-30 17:15:15 [booklist] INFO: Fetched page 4
2023-06-30 17:15:15 [booklist] INFO: VALID_ID: 11607968
2023-06-30 17:15:15 [booklist] INFO: VALID_ID: 2537716
2023-06-30 17:15:15 [booklist] INFO: VALID_ID: 1288426
2023-06-30 17:15:15 [booklist] INFO: VALID_ID: 2564957
2023-06-30 17:15:15 [booklist] INFO: VALID_ID: 2568576
2023-06-30 17:15:15 [booklist] INFO: VALID_ID: 1307936
2023-06-30 17:15:15 [booklist] INFO: VALID_ID: 11892692
2023-06-30 17:15:15 [booklist] INFO: VALID_ID: 2533892
2023-06-30 17:15:15 [booklist] INFO: VALID_ID: 753440
2023-06-30 17:15:15 [booklist] INFO: VALID_ID: 2533541
2023-06-30 17:15:15 [booklist] INFO: VALID_ID: 11607908
2023-06-30 17:15:15 [booklist] INFO: VALID_ID: 11607911
2023-06-30 17:15:15 [booklist] INFO: VALID_ID: 2538275
2023-06-30 17:15:15 [booklist] INFO: VALID_ID: 11892693
2023-06-30 17:15:15 [booklist] INFO: VALID_ID: 2560066
2023-06-30 17:15:15 [booklist] INFO: VALID_ID: 2560065
2023-06-30 17:15:15 [booklist] INFO: VALID_ID: 1307938
2023-06-30 17:15:15 [booklist] INFO: VALID_ID: 2536611
2023-06-30 17:15:15 [booklist] INFO: VALID_ID: 2608813
2023-06-30 17:15:15 [booklist] INFO: VALID_ID: 10954755
2023-06-30 17:15:15 [booklist] INFO: VALID_ID: 2535639
2023-06-30 17:15:15 [booklist] INFO: VALID_ID: 2574963
2023-06-30 17:15:15 [booklist] INFO: VALID_ID: 11892814
2023-06-30 17:15:15 [booklist] INFO: VALID_ID: 11607910
2023-06-30 17:15:15 [booklist] INFO: VALID_ID: 1288436
2023-06-30 17:15:15 [booklist] INFO: VALID_ID: 2539230
2023-06-30 17:15:15 [booklist] INFO: VALID_ID: 2532434
2023-06-30 17:15:15 [booklist] INFO: VALID_ID: 2575098
2023-06-30 17:15:15 [booklist] INFO: VALID_ID: 2575103
2023-06-30 17:15:15 [booklist] INFO: VALID_ID: 753435
2023-06-30 17:15:15 [booklist] INFO: VALID_ID: 2574962
2023-06-30 17:15:15 [booklist] INFO: VALID_ID: 11607909
2023-06-30 17:15:15 [booklist] INFO: VALID_ID: 2607014
2023-06-30 17:15:15 [booklist] INFO: VALID_ID: 753438
2023-06-30 17:15:15 [booklist] INFO: VALID_ID: 2575099
2023-06-30 17:15:15 [booklist] INFO: VALID_ID: 753439
2023-06-30 17:15:15 [booklist] INFO: VALID_ID: 2575094
2023-06-30 17:15:15 [booklist] INFO: VALID_ID: 2532435
2023-06-30 17:15:15 [booklist] INFO: VALID_ID: 2575100
2023-06-30 17:15:15 [booklist] INFO: VALID_ID: 2609780
2023-06-30 17:15:15 [booklist] INFO: VALID_ID: 2608118
2023-06-30 17:15:15 [booklist] INFO: VALID_ID: 2556210
2023-06-30 17:15:15 [booklist] INFO: VALID_ID: 753437
2023-06-30 17:15:15 [booklist] INFO: VALID_ID: 2575101
2023-06-30 17:15:15 [booklist] INFO: VALID_ID: 2575096
2023-06-30 17:15:15 [booklist] INFO: VALID_ID: 2575102
2023-06-30 17:15:15 [booklist] INFO: VALID_ID: 2538629
2023-06-30 17:15:15 [booklist] INFO: VALID_ID: 2539589
2023-06-30 17:15:15 [booklist] INFO: VALID_ID: 2607266
2023-06-30 17:15:15 [booklist] INFO: VALID_ID: 2579642
2023-06-30 17:15:15 [booklist] INFO: VALID_ID: 1288465
2023-06-30 17:15:15 [booklist] INFO: VALID_ID: 2566420
2023-06-30 17:15:15 [booklist] INFO: VALID_ID: 2543200
2023-06-30 17:15:15 [booklist] INFO: VALID_ID: 2566437
2023-06-30 17:15:15 [booklist] INFO: VALID_ID: 2560723
2023-06-30 17:15:15 [booklist] INFO: VALID_ID: 2560754
2023-06-30 17:15:15 [booklist] INFO: VALID_ID: 2560722
2023-06-30 17:15:15 [booklist] INFO: VALID_ID: 2536273
2023-06-30 17:15:15 [booklist] INFO: VALID_ID: 2566427
2023-06-30 17:15:15 [booklist] INFO: VALID_ID: 8929654
2023-06-30 17:15:15 [booklist] INFO: VALID_ID: 2560755
2023-06-30 17:15:15 [booklist] INFO: VALID_ID: 2566436
2023-06-30 17:15:15 [booklist] INFO: VALID_ID: 2609234
2023-06-30 17:15:15 [booklist] INFO: VALID_ID: 2534274
2023-06-30 17:15:15 [booklist] INFO: VALID_ID: 2560751
2023-06-30 17:15:15 [booklist] INFO: VALID_ID: 2538038
2023-06-30 17:15:15 [booklist] INFO: VALID_ID: 2560724
2023-06-30 17:15:15 [booklist] INFO: VALID_ID: 2566428
2023-06-30 17:15:15 [booklist] INFO: VALID_ID: 2549309
2023-06-30 17:15:15 [booklist] INFO: VALID_ID: 2608615
2023-06-30 17:15:15 [booklist] INFO: VALID_ID: 2560752
2023-06-30 17:15:15 [booklist] INFO: VALID_ID: 2560750
2023-06-30 17:15:15 [booklist] INFO: VALID_ID: 2566430
2023-06-30 17:15:15 [booklist] INFO: VALID_ID: 2566429
2023-06-30 17:15:15 [booklist] INFO: VALID_ID: 2566419
2023-06-30 17:15:15 [booklist] INFO: VALID_ID: 2560748
2023-06-30 17:15:15 [booklist] INFO: VALID_ID: 2608413
2023-06-30 17:15:15 [booklist] INFO: VALID_ID: 2535734
2023-06-30 17:15:15 [booklist] INFO: VALID_ID: 2566418
2023-06-30 17:15:15 [booklist] INFO: VALID_ID: 2540273
2023-06-30 17:15:15 [booklist] INFO: VALID_ID: 2579643
2023-06-30 17:15:15 [booklist] INFO: VALID_ID: 11892649
2023-06-30 17:15:15 [booklist] INFO: VALID_ID: 2556008
2023-06-30 17:15:15 [booklist] INFO: VALID_ID: 2540942
2023-06-30 17:15:15 [booklist] INFO: VALID_ID: 2560749
2023-06-30 17:15:15 [booklist] INFO: VALID_ID: 2539498
2023-06-30 17:15:15 [booklist] INFO: VALID_ID: 2566421
2023-06-30 17:15:15 [booklist] INFO: VALID_ID: 2560753
2023-06-30 17:15:15 [booklist] INFO: VALID_ID: 2563256
2023-06-30 17:15:15 [booklist] INFO: VALID_ID: 11892647
2023-06-30 17:15:15 [booklist] INFO: VALID_ID: 2563255
2023-06-30 17:15:15 [booklist] INFO: VALID_ID: 2563253
2023-06-30 17:15:15 [booklist] INFO: VALID_ID: 2536574
2023-06-30 17:15:15 [booklist] INFO: VALID_ID: 2563262
2023-06-30 17:15:15 [booklist] INFO: VALID_ID: 2537746
2023-06-30 17:15:15 [booklist] INFO: VALID_ID: 2536095
2023-06-30 17:15:15 [booklist] INFO: VALID_ID: 9893752
2023-06-30 17:15:15 [booklist] INFO: VALID_ID: 2568380
2023-06-30 17:15:15 [booklist] INFO: VALID_ID: 2556005
2023-06-30 17:15:15 [booklist] INFO: VALID_ID: 2543214
2023-06-30 17:15:16 [scrapy.core.engine] DEBUG: Crawled (200) <POST https://dl.ndl.go.jp/api/item/search> (referer: https://dl.ndl.go.jp/api/item/search)
2023-06-30 17:15:16 [booklist] INFO: Fetched page 5
2023-06-30 17:15:16 [booklist] INFO: VALID_ID: 2563260
2023-06-30 17:15:16 [booklist] INFO: VALID_ID: 2537746
2023-06-30 17:15:16 [booklist] INFO: VALID_ID: 2536095
2023-06-30 17:15:16 [booklist] INFO: VALID_ID: 9893752
2023-06-30 17:15:16 [booklist] INFO: VALID_ID: 2568380
2023-06-30 17:15:16 [booklist] INFO: VALID_ID: 2556005
2023-06-30 17:15:16 [booklist] INFO: VALID_ID: 11892785
2023-06-30 17:15:16 [booklist] INFO: VALID_ID: 1287057
2023-06-30 17:15:16 [booklist] INFO: VALID_ID: 2563259
2023-06-30 17:15:16 [booklist] INFO: VALID_ID: 2543214
2023-06-30 17:15:16 [booklist] INFO: VALID_ID: 2556004
2023-06-30 17:15:16 [booklist] INFO: VALID_ID: 2556766
2023-06-30 17:15:16 [booklist] INFO: VALID_ID: 11892648
2023-06-30 17:15:16 [booklist] INFO: VALID_ID: 11892645
2023-06-30 17:15:16 [booklist] INFO: VALID_ID: 2566270
2023-06-30 17:15:16 [booklist] INFO: VALID_ID: 2553139
2023-06-30 17:15:16 [booklist] INFO: VALID_ID: 2553141
2023-06-30 17:15:16 [booklist] INFO: VALID_ID: 2605683
2023-06-30 17:15:16 [booklist] INFO: VALID_ID: 2541647
2023-06-30 17:15:16 [booklist] INFO: VALID_ID: 2553138
2023-06-30 17:15:16 [booklist] INFO: VALID_ID: 2566269
2023-06-30 17:15:16 [booklist] INFO: VALID_ID: 2561144
2023-06-30 17:15:16 [booklist] INFO: VALID_ID: 2546269
2023-06-30 17:15:16 [booklist] INFO: VALID_ID: 2563257
2023-06-30 17:15:16 [booklist] INFO: VALID_ID: 2556007
2023-06-30 17:15:16 [booklist] INFO: VALID_ID: 2539000
2023-06-30 17:15:16 [booklist] INFO: VALID_ID: 2544953
2023-06-30 17:15:16 [booklist] INFO: VALID_ID: 2606471
2023-06-30 17:15:16 [booklist] INFO: VALID_ID: 2533413
2023-06-30 17:15:16 [booklist] INFO: VALID_ID: 2541664
2023-06-30 17:15:16 [booklist] INFO: VALID_ID: 2543258
2023-06-30 17:15:16 [booklist] INFO: VALID_ID: 2560575
2023-06-30 17:15:16 [booklist] INFO: VALID_ID: 2544942
2023-06-30 17:15:16 [booklist] INFO: VALID_ID: 2606310
2023-06-30 17:15:16 [booklist] INFO: VALID_ID: 2607602
2023-06-30 17:15:16 [booklist] INFO: VALID_ID: 2544990
2023-06-30 17:15:16 [booklist] INFO: VALID_ID: 2544952
2023-06-30 17:15:16 [booklist] INFO: VALID_ID: 11891922
2023-06-30 17:15:16 [booklist] INFO: VALID_ID: 9893751
2023-06-30 17:15:16 [booklist] INFO: VALID_ID: 9893753
2023-06-30 17:15:16 [booklist] INFO: VALID_ID: 2544943
2023-06-30 17:15:16 [booklist] INFO: VALID_ID: 2543874
2023-06-30 17:15:16 [booklist] INFO: VALID_ID: 2553140
2023-06-30 17:15:16 [booklist] INFO: VALID_ID: 2556009
2023-06-30 17:15:16 [booklist] INFO: VALID_ID: 2606356
2023-06-30 17:15:16 [booklist] INFO: VALID_ID: 2608636
2023-06-30 17:15:16 [booklist] INFO: VALID_ID: 9893842
2023-06-30 17:15:16 [booklist] INFO: VALID_ID: 2544498
2023-06-30 17:15:16 [booklist] INFO: VALID_ID: 2544950
2023-06-30 17:15:16 [booklist] INFO: VALID_ID: 2544989
2023-06-30 17:15:16 [booklist] INFO: VALID_ID: 11892646
2023-06-30 17:15:16 [booklist] INFO: VALID_ID: 2544499
2023-06-30 17:15:16 [booklist] INFO: VALID_ID: 2544954
2023-06-30 17:15:16 [booklist] INFO: VALID_ID: 2563261
2023-06-30 17:15:16 [booklist] INFO: VALID_ID: 2606169
2023-06-30 17:15:16 [booklist] INFO: VALID_ID: 2555372
2023-06-30 17:15:16 [booklist] INFO: VALID_ID: 2546270
2023-06-30 17:15:16 [booklist] INFO: VALID_ID: 2606074
2023-06-30 17:15:16 [booklist] INFO: VALID_ID: 2555371
2023-06-30 17:15:16 [booklist] INFO: VALID_ID: 11892650
2023-06-30 17:15:16 [booklist] INFO: VALID_ID: 11223197
2023-06-30 17:15:16 [booklist] INFO: VALID_ID: 2605191
2023-06-30 17:15:16 [booklist] INFO: VALID_ID: 2607349
2023-06-30 17:15:16 [booklist] INFO: VALID_ID: 2568379
2023-06-30 17:15:16 [booklist] INFO: VALID_ID: 2546268
2023-06-30 17:15:16 [booklist] INFO: VALID_ID: 2543875
2023-06-30 17:15:16 [booklist] INFO: VALID_ID: 2544941
2023-06-30 17:15:16 [booklist] INFO: VALID_ID: 2566272
2023-06-30 17:15:16 [booklist] INFO: VALID_ID: 2546271
2023-06-30 17:15:16 [booklist] INFO: VALID_ID: 11892653
2023-06-30 17:15:16 [booklist] INFO: VALID_ID: 2536213
2023-06-30 17:15:16 [booklist] INFO: VALID_ID: 2544951
2023-06-30 17:15:16 [booklist] INFO: VALID_ID: 2610039
2023-06-30 17:15:16 [booklist] INFO: VALID_ID: 2539841
2023-06-30 17:15:16 [booklist] INFO: VALID_ID: 2540351
2023-06-30 17:15:16 [booklist] INFO: VALID_ID: 2551847
2023-06-30 17:15:16 [booklist] INFO: VALID_ID: 2578958
2023-06-30 17:15:16 [booklist] INFO: VALID_ID: 2544940
2023-06-30 17:15:16 [booklist] INFO: VALID_ID: 2546272
2023-06-30 17:15:16 [booklist] INFO: VALID_ID: 2561145
2023-06-30 17:15:16 [booklist] INFO: VALID_ID: 2556003
2023-06-30 17:15:16 [booklist] INFO: VALID_ID: 2556765
2023-06-30 17:15:16 [booklist] INFO: VALID_ID: 2556006
2023-06-30 17:15:16 [booklist] INFO: VALID_ID: 2578960
2023-06-30 17:15:16 [booklist] INFO: VALID_ID: 2606887
2023-06-30 17:15:16 [booklist] INFO: VALID_ID: 2560574
2023-06-30 17:15:16 [booklist] INFO: VALID_ID: 11892651
2023-06-30 17:15:16 [booklist] INFO: VALID_ID: 2553137
2023-06-30 17:15:16 [booklist] INFO: VALID_ID: 2609025
2023-06-30 17:15:16 [booklist] INFO: VALID_ID: 2608578
2023-06-30 17:15:16 [booklist] INFO: VALID_ID: 2556764
2023-06-30 17:15:16 [booklist] INFO: VALID_ID: 2566271
2023-06-30 17:15:16 [booklist] INFO: VALID_ID: 2556010
2023-06-30 17:15:16 [booklist] INFO: VALID_ID: 2544703
2023-06-30 17:15:16 [booklist] INFO: VALID_ID: 2563254
2023-06-30 17:15:16 [booklist] INFO: VALID_ID: 2563258
2023-06-30 17:15:16 [booklist] INFO: VALID_ID: 2544955
2023-06-30 17:15:16 [booklist] INFO: VALID_ID: 2532527
2023-06-30 17:15:16 [booklist] INFO: VALID_ID: 2607917
2023-06-30 17:15:16 [booklist] INFO: VALID_ID: 2578964
2023-06-30 17:15:17 [scrapy.core.engine] DEBUG: Crawled (200) <POST https://dl.ndl.go.jp/api/item/search> (referer: https://dl.ndl.go.jp/api/item/search)
2023-06-30 17:15:18 [booklist] INFO: Fetched page 6
2023-06-30 17:15:18 [booklist] INFO: VALID_ID: 2537659
2023-06-30 17:15:18 [booklist] INFO: VALID_ID: 2560577
2023-06-30 17:15:18 [booklist] INFO: VALID_ID: 2608360
2023-06-30 17:15:18 [booklist] INFO: VALID_ID: 2537666
2023-06-30 17:15:18 [booklist] INFO: VALID_ID: 2560578
2023-06-30 17:15:18 [booklist] INFO: VALID_ID: 2567909
2023-06-30 17:15:18 [booklist] INFO: VALID_ID: 1312730
2023-06-30 17:15:18 [booklist] INFO: VALID_ID: 2578963
2023-06-30 17:15:18 [booklist] INFO: VALID_ID: 2578965
2023-06-30 17:15:18 [booklist] INFO: VALID_ID: 12865383
2023-06-30 17:15:18 [booklist] INFO: VALID_ID: 2564974
2023-06-30 17:15:18 [booklist] INFO: VALID_ID: 2560579
2023-06-30 17:15:18 [booklist] INFO: VALID_ID: 2560580
2023-06-30 17:15:18 [booklist] INFO: VALID_ID: 2608045
2023-06-30 17:15:18 [booklist] INFO: VALID_ID: 2560576
2023-06-30 17:15:18 [booklist] INFO: VALID_ID: 2578962
2023-06-30 17:15:18 [booklist] INFO: VALID_ID: 2578956
2023-06-30 17:15:18 [booklist] INFO: VALID_ID: 2564972
2023-06-30 17:15:18 [booklist] INFO: VALID_ID: 2543687
2023-06-30 17:15:18 [booklist] INFO: VALID_ID: 2535609
2023-06-30 17:15:18 [booklist] INFO: VALID_ID: 2555386
2023-06-30 17:15:18 [booklist] INFO: VALID_ID: 2576248
2023-06-30 17:15:18 [booklist] INFO: VALID_ID: 2605789
2023-06-30 17:15:18 [booklist] INFO: VALID_ID: 2564973
2023-06-30 17:15:18 [booklist] INFO: VALID_ID: 2578961
2023-06-30 17:15:18 [booklist] INFO: VALID_ID: 2543686
2023-06-30 17:15:18 [booklist] INFO: VALID_ID: 2578959
2023-06-30 17:15:18 [booklist] INFO: VALID_ID: 2551846
2023-06-30 17:15:18 [booklist] INFO: VALID_ID: 8929278
2023-06-30 17:15:18 [booklist] INFO: VALID_ID: 2578957
2023-06-30 17:15:18 [booklist] INFO: VALID_ID: 2606410
2023-06-30 17:15:18 [booklist] INFO: VALID_ID: 2567908
2023-06-30 17:15:18 [booklist] INFO: VALID_ID: 2539317
2023-06-30 17:15:18 [booklist] INFO: VALID_ID: 8929758
2023-06-30 17:15:18 [booklist] INFO: VALID_ID: 2605864
2023-06-30 17:15:18 [booklist] INFO: VALID_ID: 2537706
2023-06-30 17:15:18 [booklist] INFO: VALID_ID: 2555383
2023-06-30 17:15:18 [booklist] INFO: VALID_ID: 2584865
2023-06-30 17:15:18 [booklist] INFO: VALID_ID: 2584868
2023-06-30 17:15:18 [booklist] INFO: VALID_ID: 2584875
2023-06-30 17:15:18 [booklist] INFO: VALID_ID: 2584876
2023-06-30 17:15:18 [booklist] INFO: VALID_ID: 2584863
2023-06-30 17:15:18 [booklist] INFO: VALID_ID: 2606590
2023-06-30 17:15:18 [booklist] INFO: VALID_ID: 2536108
2023-06-30 17:15:18 [booklist] INFO: VALID_ID: 2568324
2023-06-30 17:15:18 [booklist] INFO: VALID_ID: 2555390
2023-06-30 17:15:18 [booklist] INFO: VALID_ID: 2555385
2023-06-30 17:15:18 [booklist] INFO: VALID_ID: 2584869
2023-06-30 17:15:18 [booklist] INFO: VALID_ID: 2584877
2023-06-30 17:15:18 [booklist] INFO: VALID_ID: 2568323
2023-06-30 17:15:18 [booklist] INFO: VALID_ID: 2555387
2023-06-30 17:15:18 [booklist] INFO: VALID_ID: 2555384
2023-06-30 17:15:18 [booklist] INFO: VALID_ID: 2584872
2023-06-30 17:15:18 [booklist] INFO: VALID_ID: 2584858
2023-06-30 17:15:18 [booklist] INFO: VALID_ID: 2555871
2023-06-30 17:15:18 [booklist] INFO: VALID_ID: 2555873
2023-06-30 17:15:18 [booklist] INFO: VALID_ID: 2608372
2023-06-30 17:15:18 [booklist] INFO: VALID_ID: 2555382
2023-06-30 17:15:18 [booklist] INFO: VALID_ID: 2609571
2023-06-30 17:15:18 [booklist] INFO: VALID_ID: 2584861
2023-06-30 17:15:18 [booklist] INFO: VALID_ID: 2555870
2023-06-30 17:15:18 [booklist] INFO: VALID_ID: 2555880
2023-06-30 17:15:18 [booklist] INFO: VALID_ID: 2584860
2023-06-30 17:15:18 [booklist] INFO: VALID_ID: 2584871
2023-06-30 17:15:18 [booklist] INFO: VALID_ID: 2555877
2023-06-30 17:15:18 [booklist] INFO: VALID_ID: 2555381
2023-06-30 17:15:18 [booklist] INFO: VALID_ID: 2584866
2023-06-30 17:15:18 [booklist] INFO: VALID_ID: 2560607
2023-06-30 17:15:18 [booklist] INFO: VALID_ID: 2584874
2023-06-30 17:15:18 [booklist] INFO: VALID_ID: 2584859
2023-06-30 17:15:18 [booklist] INFO: VALID_ID: 2584864
2023-06-30 17:15:18 [booklist] INFO: VALID_ID: 2584867
2023-06-30 17:15:18 [booklist] INFO: VALID_ID: 2584870
2023-06-30 17:15:18 [booklist] INFO: VALID_ID: 2555878
2023-06-30 17:15:18 [booklist] INFO: VALID_ID: 2555876
2023-06-30 17:15:18 [booklist] INFO: VALID_ID: 2555875
2023-06-30 17:15:18 [booklist] INFO: VALID_ID: 2555881
2023-06-30 17:15:18 [booklist] INFO: VALID_ID: 2584862
2023-06-30 17:15:18 [booklist] INFO: VALID_ID: 2555388
2023-06-30 17:15:18 [booklist] INFO: VALID_ID: 2555389
2023-06-30 17:15:18 [booklist] INFO: VALID_ID: 2584873
2023-06-30 17:15:18 [booklist] INFO: VALID_ID: 2555872
2023-06-30 17:15:18 [booklist] INFO: VALID_ID: 2555879
2023-06-30 17:15:18 [booklist] INFO: VALID_ID: 2555874
2023-06-30 17:15:18 [booklist] INFO: VALID_ID: 2560597
2023-06-30 17:15:18 [booklist] INFO: VALID_ID: 2541819
2023-06-30 17:15:18 [booklist] INFO: VALID_ID: 2565796
2023-06-30 17:15:18 [booklist] INFO: VALID_ID: 2560593
2023-06-30 17:15:18 [booklist] INFO: VALID_ID: 2560599
2023-06-30 17:15:18 [booklist] INFO: VALID_ID: 2608171
2023-06-30 17:15:18 [booklist] INFO: VALID_ID: 2608209
2023-06-30 17:15:18 [booklist] INFO: VALID_ID: 2560586
2023-06-30 17:15:18 [booklist] INFO: VALID_ID: 2543684
2023-06-30 17:15:18 [booklist] INFO: VALID_ID: 2560587
2023-06-30 17:15:18 [booklist] INFO: VALID_ID: 2560598
2023-06-30 17:15:18 [booklist] INFO: VALID_ID: 2605637
2023-06-30 17:15:18 [booklist] INFO: VALID_ID: 2565795
2023-06-30 17:15:18 [booklist] INFO: VALID_ID: 2533409
2023-06-30 17:15:18 [booklist] INFO: VALID_ID: 2560602
2023-06-30 17:15:18 [booklist] INFO: VALID_ID: 2607105
2023-06-30 17:15:19 [scrapy.core.engine] DEBUG: Crawled (200) <POST https://dl.ndl.go.jp/api/item/search> (referer: https://dl.ndl.go.jp/api/item/search)
2023-06-30 17:15:19 [booklist] INFO: Fetched page 7
2023-06-30 17:15:19 [booklist] INFO: VALID_ID: 2560604
2023-06-30 17:15:19 [booklist] INFO: VALID_ID: 2560600
2023-06-30 17:15:19 [booklist] INFO: VALID_ID: 2560597
2023-06-30 17:15:19 [booklist] INFO: VALID_ID: 2560595
2023-06-30 17:15:19 [booklist] INFO: VALID_ID: 2560606
2023-06-30 17:15:19 [booklist] INFO: VALID_ID: 2560598
2023-06-30 17:15:19 [booklist] INFO: VALID_ID: 2560588
2023-06-30 17:15:19 [booklist] INFO: VALID_ID: 2560590
2023-06-30 17:15:19 [booklist] INFO: VALID_ID: 2543685
2023-06-30 17:15:19 [booklist] INFO: VALID_ID: 2560592
2023-06-30 17:15:19 [booklist] INFO: VALID_ID: 2560596
2023-06-30 17:15:19 [booklist] INFO: VALID_ID: 2532095
2023-06-30 17:15:19 [booklist] INFO: VALID_ID: 2537711
2023-06-30 17:15:19 [booklist] INFO: VALID_ID: 2560603
2023-06-30 17:15:19 [booklist] INFO: VALID_ID: 2560594
2023-06-30 17:15:19 [booklist] INFO: VALID_ID: 2605637
2023-06-30 17:15:19 [booklist] INFO: VALID_ID: 2555378
2023-06-30 17:15:19 [booklist] INFO: VALID_ID: 2560589
2023-06-30 17:15:19 [booklist] INFO: VALID_ID: 2539167
2023-06-30 17:15:19 [booklist] INFO: VALID_ID: 2560601
2023-06-30 17:15:19 [booklist] INFO: VALID_ID: 2559194
2023-06-30 17:15:19 [booklist] INFO: VALID_ID: 2560605
2023-06-30 17:15:19 [booklist] INFO: VALID_ID: 2560591
2023-06-30 17:15:19 [booklist] INFO: VALID_ID: 2532092
2023-06-30 17:15:19 [booklist] INFO: VALID_ID: 2605769
2023-06-30 17:15:19 [booklist] INFO: VALID_ID: 2557276
2023-06-30 17:15:19 [booklist] INFO: VALID_ID: 2557273
2023-06-30 17:15:19 [booklist] INFO: VALID_ID: 2540227
2023-06-30 17:15:19 [booklist] INFO: VALID_ID: 2557278
2023-06-30 17:15:19 [booklist] INFO: VALID_ID: 2532090
2023-06-30 17:15:19 [booklist] INFO: VALID_ID: 2557274
2023-06-30 17:15:19 [booklist] INFO: VALID_ID: 2557277
2023-06-30 17:15:19 [booklist] INFO: VALID_ID: 1302989
2023-06-30 17:15:19 [booklist] INFO: VALID_ID: 2557275
2023-06-30 17:15:19 [booklist] INFO: VALID_ID: 1301353
2023-06-30 17:15:19 [booklist] INFO: VALID_ID: 1287009
2023-06-30 17:15:19 [booklist] INFO: VALID_ID: 2567686
2023-06-30 17:15:19 [booklist] INFO: VALID_ID: 2559423
2023-06-30 17:15:19 [booklist] INFO: VALID_ID: 2538175
2023-06-30 17:15:19 [booklist] INFO: VALID_ID: 2558788
2023-06-30 17:15:19 [booklist] INFO: VALID_ID: 2559424
2023-06-30 17:15:19 [booklist] INFO: VALID_ID: 2567806
2023-06-30 17:15:19 [booklist] INFO: VALID_ID: 2559417
2023-06-30 17:15:19 [booklist] INFO: VALID_ID: 2559425
2023-06-30 17:15:19 [booklist] INFO: VALID_ID: 2559422
2023-06-30 17:15:19 [booklist] INFO: VALID_ID: 2559427
2023-06-30 17:15:19 [booklist] INFO: VALID_ID: 2559416
2023-06-30 17:15:19 [booklist] INFO: VALID_ID: 2608971
2023-06-30 17:15:19 [booklist] INFO: VALID_ID: 2559420
2023-06-30 17:15:19 [booklist] INFO: VALID_ID: 2559418
2023-06-30 17:15:19 [booklist] INFO: VALID_ID: 2559426
2023-06-30 17:15:19 [booklist] INFO: VALID_ID: 2559421
2023-06-30 17:15:19 [booklist] INFO: VALID_ID: 2559419
2023-06-30 17:15:19 [booklist] INFO: VALID_ID: 2567809
2023-06-30 17:15:19 [booklist] INFO: VALID_ID: 2559218
2023-06-30 17:15:19 [booklist] INFO: VALID_ID: 2608682
2023-06-30 17:15:19 [booklist] INFO: VALID_ID: 2567808
2023-06-30 17:15:19 [booklist] INFO: VALID_ID: 2567807
2023-06-30 17:15:19 [booklist] INFO: VALID_ID: 2567805
2023-06-30 17:15:19 [booklist] INFO: VALID_ID: 2567810
2023-06-30 17:15:19 [booklist] INFO: VALID_ID: 11606624
2023-06-30 17:15:19 [booklist] INFO: VALID_ID: 2539759
2023-06-30 17:15:19 [booklist] INFO: VALID_ID: 1310336
2023-06-30 17:15:19 [booklist] INFO: VALID_ID: 2610642
2023-06-30 17:15:19 [booklist] INFO: VALID_ID: 2555555
2023-06-30 17:15:19 [booklist] INFO: VALID_ID: 2555560
2023-06-30 17:15:19 [booklist] INFO: VALID_ID: 2606165
2023-06-30 17:15:19 [booklist] INFO: VALID_ID: 2555561
2023-06-30 17:15:19 [booklist] INFO: VALID_ID: 2544107
2023-06-30 17:15:19 [booklist] INFO: VALID_ID: 2555695
2023-06-30 17:15:19 [booklist] INFO: VALID_ID: 2605832
2023-06-30 17:15:19 [booklist] INFO: VALID_ID: 2558218
2023-06-30 17:15:19 [booklist] INFO: VALID_ID: 2599393
2023-06-30 17:15:19 [booklist] INFO: VALID_ID: 2558221
2023-06-30 17:15:19 [booklist] INFO: VALID_ID: 2599398
2023-06-30 17:15:19 [booklist] INFO: VALID_ID: 2608539
2023-06-30 17:15:19 [booklist] INFO: VALID_ID: 2544110
2023-06-30 17:15:19 [booklist] INFO: VALID_ID: 11606622
2023-06-30 17:15:19 [booklist] INFO: VALID_ID: 2599397
2023-06-30 17:15:19 [booklist] INFO: VALID_ID: 2599395
2023-06-30 17:15:19 [booklist] INFO: VALID_ID: 2555551
2023-06-30 17:15:19 [booklist] INFO: VALID_ID: 2555693
2023-06-30 17:15:19 [booklist] INFO: VALID_ID: 2599396
2023-06-30 17:15:19 [booklist] INFO: VALID_ID: 2555553
2023-06-30 17:15:19 [booklist] INFO: VALID_ID: 2558219
2023-06-30 17:15:19 [booklist] INFO: VALID_ID: 2555557
2023-06-30 17:15:19 [booklist] INFO: VALID_ID: 2547644
2023-06-30 17:15:19 [booklist] INFO: VALID_ID: 2544106
2023-06-30 17:15:19 [booklist] INFO: VALID_ID: 2555552
2023-06-30 17:15:19 [booklist] INFO: VALID_ID: 2555692
2023-06-30 17:15:19 [booklist] INFO: VALID_ID: 2558220
2023-06-30 17:15:19 [booklist] INFO: VALID_ID: 2606963
2023-06-30 17:15:19 [booklist] INFO: VALID_ID: 2544108
2023-06-30 17:15:19 [booklist] INFO: VALID_ID: 2555554
2023-06-30 17:15:19 [booklist] INFO: VALID_ID: 2544109
2023-06-30 17:15:19 [booklist] INFO: VALID_ID: 2608618
2023-06-30 17:15:19 [booklist] INFO: VALID_ID: 2555556
2023-06-30 17:15:19 [booklist] INFO: VALID_ID: 2555558
2023-06-30 17:15:19 [booklist] INFO: VALID_ID: 2544434
2023-06-30 17:15:19 [booklist] INFO: VALID_ID: 2567687
2023-06-30 17:15:20 [scrapy.core.engine] DEBUG: Crawled (200) <POST https://dl.ndl.go.jp/api/item/search> (referer: https://dl.ndl.go.jp/api/item/search)
2023-06-30 17:15:20 [booklist] INFO: Fetched page 8
2023-06-30 17:15:21 [booklist] INFO: VALID_ID: 2555555
2023-06-30 17:15:21 [booklist] INFO: VALID_ID: 2555560
2023-06-30 17:15:21 [booklist] INFO: VALID_ID: 2605962
2023-06-30 17:15:21 [booklist] INFO: VALID_ID: 2544437
2023-06-30 17:15:21 [booklist] INFO: VALID_ID: 2544438
2023-06-30 17:15:21 [booklist] INFO: VALID_ID: 2544436
2023-06-30 17:15:21 [booklist] INFO: VALID_ID: 2544433
2023-06-30 17:15:21 [booklist] INFO: VALID_ID: 2544435
2023-06-30 17:15:21 [booklist] INFO: VALID_ID: 2596002
2023-06-30 17:15:21 [booklist] INFO: VALID_ID: 2583037
2023-06-30 17:15:21 [booklist] INFO: VALID_ID: 11891930
2023-06-30 17:15:21 [booklist] INFO: VALID_ID: 2583036
2023-06-30 17:15:21 [booklist] INFO: VALID_ID: 2595997
2023-06-30 17:15:21 [booklist] INFO: VALID_ID: 2598852
2023-06-30 17:15:21 [booklist] INFO: VALID_ID: 2543431
2023-06-30 17:15:21 [booklist] INFO: VALID_ID: 2596003
2023-06-30 17:15:21 [booklist] INFO: VALID_ID: 2606073
2023-06-30 17:15:21 [booklist] INFO: VALID_ID: 2598837
2023-06-30 17:15:21 [booklist] INFO: VALID_ID: 2608350
2023-06-30 17:15:21 [booklist] INFO: VALID_ID: 2598851
2023-06-30 17:15:21 [booklist] INFO: VALID_ID: 11891696
2023-06-30 17:15:21 [booklist] INFO: VALID_ID: 2537740
2023-06-30 17:15:21 [booklist] INFO: VALID_ID: 2540896
2023-06-30 17:15:21 [booklist] INFO: VALID_ID: 2565798
2023-06-30 17:15:21 [booklist] INFO: VALID_ID: 2598835
2023-06-30 17:15:21 [booklist] INFO: VALID_ID: 2598842
2023-06-30 17:15:21 [booklist] INFO: VALID_ID: 2595998
2023-06-30 17:15:21 [booklist] INFO: VALID_ID: 2596000
2023-06-30 17:15:21 [booklist] INFO: VALID_ID: 2596005
2023-06-30 17:15:21 [booklist] INFO: VALID_ID: 2582353
2023-06-30 17:15:21 [booklist] INFO: VALID_ID: 2543397
2023-06-30 17:15:21 [booklist] INFO: VALID_ID: 2538764
2023-06-30 17:15:21 [booklist] INFO: VALID_ID: 2534153
2023-06-30 17:15:21 [booklist] INFO: VALID_ID: 2598841
2023-06-30 17:15:21 [booklist] INFO: VALID_ID: 2573749
2023-06-30 17:15:21 [booklist] INFO: VALID_ID: 2541518
2023-06-30 17:15:21 [booklist] INFO: VALID_ID: 2598848
2023-06-30 17:15:21 [booklist] INFO: VALID_ID: 2597297
2023-06-30 17:15:21 [booklist] INFO: VALID_ID: 2595999
2023-06-30 17:15:21 [booklist] INFO: VALID_ID: 2565797
2023-06-30 17:15:21 [booklist] INFO: VALID_ID: 2598850
2023-06-30 17:15:21 [booklist] INFO: VALID_ID: 2598844
2023-06-30 17:15:21 [booklist] INFO: VALID_ID: 2597307
2023-06-30 17:15:21 [booklist] INFO: VALID_ID: 2539428
2023-06-30 17:15:21 [booklist] INFO: VALID_ID: 2537408
2023-06-30 17:15:21 [booklist] INFO: VALID_ID: 2543428
2023-06-30 17:15:21 [booklist] INFO: VALID_ID: 2571684
2023-06-30 17:15:21 [booklist] INFO: VALID_ID: 2598849
2023-06-30 17:15:21 [booklist] INFO: VALID_ID: 2596001
2023-06-30 17:15:21 [booklist] INFO: VALID_ID: 2606460
2023-06-30 17:15:21 [booklist] INFO: VALID_ID: 11891789
2023-06-30 17:15:21 [booklist] INFO: VALID_ID: 2598838
2023-06-30 17:15:21 [booklist] INFO: VALID_ID: 2598846
2023-06-30 17:15:21 [booklist] INFO: VALID_ID: 2598845
2023-06-30 17:15:21 [booklist] INFO: VALID_ID: 2598836
2023-06-30 17:15:21 [booklist] INFO: VALID_ID: 2598839
2023-06-30 17:15:21 [booklist] INFO: VALID_ID: 2597301
2023-06-30 17:15:21 [booklist] INFO: VALID_ID: 2598847
2023-06-30 17:15:21 [booklist] INFO: VALID_ID: 2597299
2023-06-30 17:15:21 [booklist] INFO: VALID_ID: 2598833
2023-06-30 17:15:21 [booklist] INFO: VALID_ID: 2573760
2023-06-30 17:15:21 [booklist] INFO: VALID_ID: 2596004
2023-06-30 17:15:21 [booklist] INFO: VALID_ID: 2596007
2023-06-30 17:15:21 [booklist] INFO: VALID_ID: 2573754
2023-06-30 17:15:21 [booklist] INFO: VALID_ID: 2557722
2023-06-30 17:15:21 [booklist] INFO: VALID_ID: 2581393
2023-06-30 17:15:21 [booklist] INFO: VALID_ID: 2597303
2023-06-30 17:15:21 [booklist] INFO: VALID_ID: 2543396
2023-06-30 17:15:21 [booklist] INFO: VALID_ID: 2543429
2023-06-30 17:15:21 [booklist] INFO: VALID_ID: 2597306
2023-06-30 17:15:21 [booklist] INFO: VALID_ID: 2598816
2023-06-30 17:15:21 [booklist] INFO: VALID_ID: 2598815
2023-06-30 17:15:21 [booklist] INFO: VALID_ID: 2597300
2023-06-30 17:15:21 [booklist] INFO: VALID_ID: 2573756
2023-06-30 17:15:21 [booklist] INFO: VALID_ID: 2573757
2023-06-30 17:15:21 [booklist] INFO: VALID_ID: 2573752
2023-06-30 17:15:21 [booklist] INFO: VALID_ID: 2573758
2023-06-30 17:15:21 [booklist] INFO: VALID_ID: 2597305
2023-06-30 17:15:21 [booklist] INFO: VALID_ID: 2581251
2023-06-30 17:15:21 [booklist] INFO: VALID_ID: 2598843
2023-06-30 17:15:21 [booklist] INFO: VALID_ID: 2581403
2023-06-30 17:15:21 [booklist] INFO: VALID_ID: 2573750
2023-06-30 17:15:21 [booklist] INFO: VALID_ID: 2597304
2023-06-30 17:15:21 [booklist] INFO: VALID_ID: 2533646
2023-06-30 17:15:21 [booklist] INFO: VALID_ID: 2596006
2023-06-30 17:15:21 [booklist] INFO: VALID_ID: 2573751
2023-06-30 17:15:21 [booklist] INFO: VALID_ID: 11892788
2023-06-30 17:15:21 [booklist] INFO: VALID_ID: 2581391
2023-06-30 17:15:21 [booklist] INFO: VALID_ID: 2573759
2023-06-30 17:15:21 [booklist] INFO: VALID_ID: 2598840
2023-06-30 17:15:21 [booklist] INFO: VALID_ID: 2581394
2023-06-30 17:15:21 [booklist] INFO: VALID_ID: 2581392
2023-06-30 17:15:21 [booklist] INFO: VALID_ID: 2598834
2023-06-30 17:15:21 [booklist] INFO: VALID_ID: 2581034
2023-06-30 17:15:21 [booklist] INFO: VALID_ID: 11891717
2023-06-30 17:15:21 [booklist] INFO: VALID_ID: 2582354
2023-06-30 17:15:21 [booklist] INFO: VALID_ID: 11892640
2023-06-30 17:15:21 [booklist] INFO: VALID_ID: 2573753
2023-06-30 17:15:21 [booklist] INFO: VALID_ID: 2532472
2023-06-30 17:15:21 [booklist] INFO: VALID_ID: 2583317
2023-06-30 17:15:22 [scrapy.core.engine] DEBUG: Crawled (200) <POST https://dl.ndl.go.jp/api/item/search> (referer: https://dl.ndl.go.jp/api/item/search)
2023-06-30 17:15:22 [booklist] INFO: Fetched page 9
2023-06-30 17:15:22 [booklist] INFO: VALID_ID: 2533623
2023-06-30 17:15:22 [booklist] INFO: VALID_ID: 2581509
2023-06-30 17:15:22 [booklist] INFO: VALID_ID: 2581400
2023-06-30 17:15:22 [booklist] INFO: VALID_ID: 2532449
2023-06-30 17:15:22 [booklist] INFO: VALID_ID: 2597302
2023-06-30 17:15:22 [booklist] INFO: VALID_ID: 2581517
2023-06-30 17:15:22 [booklist] INFO: VALID_ID: 2573599
2023-06-30 17:15:22 [booklist] INFO: VALID_ID: 2532472
2023-06-30 17:15:22 [booklist] INFO: VALID_ID: 2573755
2023-06-30 17:15:22 [booklist] INFO: VALID_ID: 2608315
2023-06-30 17:15:22 [booklist] INFO: VALID_ID: 2608034
2023-06-30 17:15:22 [booklist] INFO: VALID_ID: 2581515
2023-06-30 17:15:22 [booklist] INFO: VALID_ID: 2581401
2023-06-30 17:15:22 [booklist] INFO: VALID_ID: 2581402
2023-06-30 17:15:22 [booklist] INFO: VALID_ID: 11892639
2023-06-30 17:15:22 [booklist] INFO: VALID_ID: 2543430
2023-06-30 17:15:22 [booklist] INFO: VALID_ID: 2597311
2023-06-30 17:15:22 [booklist] INFO: VALID_ID: 2607535
2023-06-30 17:15:22 [booklist] INFO: VALID_ID: 11892638
2023-06-30 17:15:22 [booklist] INFO: VALID_ID: 2533628
2023-06-30 17:15:22 [booklist] INFO: VALID_ID: 2573600
2023-06-30 17:15:22 [booklist] INFO: VALID_ID: 2537949
2023-06-30 17:15:22 [booklist] INFO: VALID_ID: 2610927
2023-06-30 17:15:22 [booklist] INFO: VALID_ID: 2573598
2023-06-30 17:15:22 [booklist] INFO: VALID_ID: 2549283
2023-06-30 17:15:22 [booklist] INFO: VALID_ID: 2581771
2023-06-30 17:15:22 [booklist] INFO: VALID_ID: 2597296
2023-06-30 17:15:22 [booklist] INFO: VALID_ID: 2582352
2023-06-30 17:15:22 [booklist] INFO: VALID_ID: 2573747
2023-06-30 17:15:22 [booklist] INFO: VALID_ID: 2573748
2023-06-30 17:15:22 [booklist] INFO: VALID_ID: 11891818
2023-06-30 17:15:22 [booklist] INFO: VALID_ID: 2549285
2023-06-30 17:15:22 [booklist] INFO: VALID_ID: 2549284
2023-06-30 17:15:22 [booklist] INFO: VALID_ID: 11891835
2023-06-30 17:15:22 [booklist] INFO: VALID_ID: 2536551
2023-06-30 17:15:22 [booklist] INFO: VALID_ID: 2590385
2023-06-30 17:15:22 [booklist] INFO: VALID_ID: 2585195
2023-06-30 17:15:22 [booklist] INFO: VALID_ID: 2585459
2023-06-30 17:15:22 [booklist] INFO: VALID_ID: 2585433
2023-06-30 17:15:22 [booklist] INFO: VALID_ID: 2573597
2023-06-30 17:15:22 [booklist] INFO: VALID_ID: 2573601
2023-06-30 17:15:22 [booklist] INFO: VALID_ID: 2590384
2023-06-30 17:15:22 [booklist] INFO: VALID_ID: 2581029
2023-06-30 17:15:22 [booklist] INFO: VALID_ID: 2609342
2023-06-30 17:15:22 [booklist] INFO: VALID_ID: 2582032
2023-06-30 17:15:22 [booklist] INFO: VALID_ID: 2581025
2023-06-30 17:15:22 [booklist] INFO: VALID_ID: 2598880
2023-06-30 17:15:22 [booklist] INFO: VALID_ID: 2597310
2023-06-30 17:15:22 [booklist] INFO: VALID_ID: 2610368
2023-06-30 17:15:22 [booklist] INFO: VALID_ID: 2581007
2023-06-30 17:15:22 [booklist] INFO: VALID_ID: 10303553
2023-06-30 17:15:22 [booklist] INFO: VALID_ID: 2585619
2023-06-30 17:15:22 [booklist] INFO: VALID_ID: 2585417
2023-06-30 17:15:22 [booklist] INFO: VALID_ID: 2585663
2023-06-30 17:15:22 [booklist] INFO: VALID_ID: 2585662
2023-06-30 17:15:22 [booklist] INFO: VALID_ID: 2608712
2023-06-30 17:15:22 [booklist] INFO: VALID_ID: 2581710
2023-06-30 17:15:22 [booklist] INFO: VALID_ID: 2607932
2023-06-30 17:15:22 [booklist] INFO: VALID_ID: 2537967
2023-06-30 17:15:22 [booklist] INFO: VALID_ID: 10303889
2023-06-30 17:15:22 [booklist] INFO: VALID_ID: 2585567
2023-06-30 17:15:22 [booklist] INFO: VALID_ID: 2585547
2023-06-30 17:15:22 [booklist] INFO: VALID_ID: 2581510
2023-06-30 17:15:22 [booklist] INFO: VALID_ID: 2581033
2023-06-30 17:15:22 [booklist] INFO: VALID_ID: 2598879
2023-06-30 17:15:22 [booklist] INFO: VALID_ID: 2582271
2023-06-30 17:15:22 [booklist] INFO: VALID_ID: 2609581
2023-06-30 17:15:22 [booklist] INFO: VALID_ID: 2549307
2023-06-30 17:15:22 [booklist] INFO: VALID_ID: 2610375
2023-06-30 17:15:22 [booklist] INFO: VALID_ID: 2582275
2023-06-30 17:15:22 [booklist] INFO: VALID_ID: 2598631
2023-06-30 17:15:22 [booklist] INFO: VALID_ID: 2582273
2023-06-30 17:15:22 [booklist] INFO: VALID_ID: 2606532
2023-06-30 17:15:22 [booklist] INFO: VALID_ID: 2581026
2023-06-30 17:15:22 [booklist] INFO: VALID_ID: 2582274
2023-06-30 17:15:22 [booklist] INFO: VALID_ID: 2585672
2023-06-30 17:15:22 [booklist] INFO: VALID_ID: 2537964
2023-06-30 17:15:22 [booklist] INFO: VALID_ID: 2582272
2023-06-30 17:15:22 [booklist] INFO: VALID_ID: 2582276
2023-06-30 17:15:22 [booklist] INFO: VALID_ID: 2585321
2023-06-30 17:15:22 [booklist] INFO: VALID_ID: 10301259
2023-06-30 17:15:22 [booklist] INFO: VALID_ID: 2585587
2023-06-30 17:15:22 [booklist] INFO: VALID_ID: 2609444
2023-06-30 17:15:22 [booklist] INFO: VALID_ID: 2606182
2023-06-30 17:15:22 [booklist] INFO: VALID_ID: 2547262
2023-06-30 17:15:22 [booklist] INFO: VALID_ID: 2608326
2023-06-30 17:15:22 [booklist] INFO: VALID_ID: 2585305
2023-06-30 17:15:22 [booklist] INFO: VALID_ID: 2590375
2023-06-30 17:15:22 [booklist] INFO: VALID_ID: 2585668
2023-06-30 17:15:22 [booklist] INFO: VALID_ID: 2585198
2023-06-30 17:15:22 [booklist] INFO: VALID_ID: 2585246
2023-06-30 17:15:22 [booklist] INFO: VALID_ID: 2553309
2023-06-30 17:15:22 [booklist] INFO: VALID_ID: 2571661
2023-06-30 17:15:22 [booklist] INFO: VALID_ID: 2549336
2023-06-30 17:15:22 [booklist] INFO: VALID_ID: 2585399
2023-06-30 17:15:22 [booklist] INFO: VALID_ID: 10301340
2023-06-30 17:15:22 [booklist] INFO: VALID_ID: 10301236
2023-06-30 17:15:22 [booklist] INFO: VALID_ID: 2585350
2023-06-30 17:15:22 [booklist] INFO: VALID_ID: 2549335
2023-06-30 17:15:22 [booklist] INFO: VALID_ID: 2549352
2023-06-30 17:15:24 [scrapy.core.engine] DEBUG: Crawled (200) <POST https://dl.ndl.go.jp/api/item/search> (referer: https://dl.ndl.go.jp/api/item/search)
2023-06-30 17:15:24 [booklist] INFO: Fetched page 10
2023-06-30 17:15:24 [booklist] INFO: VALID_ID: 10301527
2023-06-30 17:15:24 [booklist] INFO: VALID_ID: 2549352
2023-06-30 17:15:24 [booklist] INFO: VALID_ID: 2610270
2023-06-30 17:15:24 [booklist] INFO: VALID_ID: 2610537
2023-06-30 17:15:24 [booklist] INFO: VALID_ID: 10301460
2023-06-30 17:15:24 [booklist] INFO: VALID_ID: 2549356
2023-06-30 17:15:24 [booklist] INFO: VALID_ID: 2608748
2023-06-30 17:15:24 [booklist] INFO: VALID_ID: 2611107
2023-06-30 17:15:24 [booklist] INFO: VALID_ID: 2533398
2023-06-30 17:15:24 [booklist] INFO: VALID_ID: 10301165
2023-06-30 17:15:24 [booklist] INFO: VALID_ID: 2607286
2023-06-30 17:15:24 [booklist] INFO: VALID_ID: 2549316
2023-06-30 17:15:24 [booklist] INFO: VALID_ID: 2607768
2023-06-30 17:15:24 [booklist] INFO: VALID_ID: 11892644
2023-06-30 17:15:24 [booklist] INFO: VALID_ID: 2609227
2023-06-30 17:15:24 [booklist] INFO: VALID_ID: 2585304
2023-06-30 17:15:24 [booklist] INFO: VALID_ID: 2609861
2023-06-30 17:15:24 [booklist] INFO: VALID_ID: 11892643
2023-06-30 17:15:24 [booklist] INFO: VALID_ID: 10301446
2023-06-30 17:15:24 [booklist] INFO: VALID_ID: 2593575
2023-06-30 17:15:24 [booklist] INFO: VALID_ID: 2610558
2023-06-30 17:15:24 [booklist] INFO: VALID_ID: 10301030
2023-06-30 17:15:24 [booklist] INFO: VALID_ID: 2605995
2023-06-30 17:15:24 [booklist] INFO: VALID_ID: 2610875
2023-06-30 17:15:24 [booklist] INFO: VALID_ID: 2610226
2023-06-30 17:15:24 [booklist] INFO: VALID_ID: 2547263
2023-06-30 17:15:24 [booklist] INFO: VALID_ID: 2559195
2023-06-30 17:15:24 [booklist] INFO: VALID_ID: 2576257
2023-06-30 17:15:24 [booklist] INFO: VALID_ID: 2559198
2023-06-30 17:15:24 [booklist] INFO: VALID_ID: 2559201
2023-06-30 17:15:24 [booklist] INFO: VALID_ID: 2549290
2023-06-30 17:15:24 [booklist] INFO: VALID_ID: 2559204
2023-06-30 17:15:24 [booklist] INFO: VALID_ID: 2576255
2023-06-30 17:15:24 [booklist] INFO: VALID_ID: 2576262
2023-06-30 17:15:24 [booklist] INFO: VALID_ID: 2576253
2023-06-30 17:15:24 [booklist] INFO: VALID_ID: 2576254
2023-06-30 17:15:24 [booklist] INFO: VALID_ID: 2559202
2023-06-30 17:15:24 [booklist] INFO: VALID_ID: 2559205
2023-06-30 17:15:24 [booklist] INFO: VALID_ID: 2610121
2023-06-30 17:15:24 [booklist] INFO: VALID_ID: 2576249
2023-06-30 17:15:24 [booklist] INFO: VALID_ID: 2559197
2023-06-30 17:15:24 [booklist] INFO: VALID_ID: 2559199
2023-06-30 17:15:24 [booklist] INFO: VALID_ID: 2576258
2023-06-30 17:15:24 [booklist] INFO: VALID_ID: 2576260
2023-06-30 17:15:24 [booklist] INFO: VALID_ID: 2559190
2023-06-30 17:15:24 [booklist] INFO: VALID_ID: 2559189
2023-06-30 17:15:24 [booklist] INFO: VALID_ID: 2559203
2023-06-30 17:15:24 [booklist] INFO: VALID_ID: 2559200
2023-06-30 17:15:24 [booklist] INFO: VALID_ID: 2576256
2023-06-30 17:15:24 [booklist] INFO: VALID_ID: 2559193
2023-06-30 17:15:24 [booklist] INFO: VALID_ID: 2559196
2023-06-30 17:15:24 [booklist] INFO: VALID_ID: 2576264
2023-06-30 17:15:24 [booklist] INFO: VALID_ID: 2559191
2023-06-30 17:15:24 [booklist] INFO: VALID_ID: 2559206
2023-06-30 17:15:24 [booklist] INFO: VALID_ID: 2576246
2023-06-30 17:15:24 [booklist] INFO: VALID_ID: 2576252
2023-06-30 17:15:24 [booklist] INFO: VALID_ID: 2576247
2023-06-30 17:15:24 [booklist] INFO: VALID_ID: 2576259
2023-06-30 17:15:24 [booklist] INFO: VALID_ID: 2576261
2023-06-30 17:15:24 [booklist] INFO: VALID_ID: 9369964
2023-06-30 17:15:24 [booklist] INFO: VALID_ID: 2576250
2023-06-30 17:15:24 [booklist] INFO: VALID_ID: 2576251
2023-06-30 17:15:24 [booklist] INFO: VALID_ID: 2559192
2023-06-30 17:15:24 [booklist] INFO: VALID_ID: 2576263
2023-06-30 17:15:24 [booklist] INFO: VALID_ID: 2609301
2023-06-30 17:15:24 [booklist] INFO: VALID_ID: 2559211
2023-06-30 17:15:24 [booklist] INFO: VALID_ID: 2559209
2023-06-30 17:15:24 [booklist] INFO: VALID_ID: 2559213
2023-06-30 17:15:24 [booklist] INFO: VALID_ID: 2609222
2023-06-30 17:15:24 [booklist] INFO: VALID_ID: 2559207
2023-06-30 17:15:24 [booklist] INFO: VALID_ID: 2559210
2023-06-30 17:15:24 [booklist] INFO: VALID_ID: 2559212
2023-06-30 17:15:24 [booklist] INFO: VALID_ID: 2559215
2023-06-30 17:15:24 [booklist] INFO: VALID_ID: 2559217
2023-06-30 17:15:24 [booklist] INFO: VALID_ID: 2559208
2023-06-30 17:15:24 [booklist] INFO: VALID_ID: 2559216
2023-06-30 17:15:24 [booklist] INFO: VALID_ID: 2610596
2023-06-30 17:15:24 [booklist] INFO: VALID_ID: 10301138
2023-06-30 17:15:24 [booklist] INFO: VALID_ID: 2549327
2023-06-30 17:15:24 [booklist] INFO: VALID_ID: 2549343
2023-06-30 17:15:24 [booklist] INFO: VALID_ID: 2550361
2023-06-30 17:15:24 [booklist] INFO: VALID_ID: 2550222
2023-06-30 17:15:24 [booklist] INFO: VALID_ID: 2610395
2023-06-30 17:15:24 [booklist] INFO: VALID_ID: 2572601
2023-06-30 17:15:24 [booklist] INFO: VALID_ID: 2605214
2023-06-30 17:15:24 [booklist] INFO: VALID_ID: 2611048
2023-06-30 17:15:24 [booklist] INFO: VALID_ID: 11892789
2023-06-30 17:15:24 [booklist] INFO: VALID_ID: 2549325
2023-06-30 17:15:24 [booklist] INFO: VALID_ID: 2608873
2023-06-30 17:15:24 [booklist] INFO: VALID_ID: 2550166
2023-06-30 17:15:24 [booklist] INFO: VALID_ID: 2550217
2023-06-30 17:15:24 [booklist] INFO: VALID_ID: 2609552
2023-06-30 17:15:24 [booklist] INFO: VALID_ID: 2550274
2023-06-30 17:15:24 [booklist] INFO: VALID_ID: 2550160
2023-06-30 17:15:24 [booklist] INFO: VALID_ID: 2609783
2023-06-30 17:15:24 [booklist] INFO: VALID_ID: 2549294
2023-06-30 17:15:24 [booklist] INFO: VALID_ID: 12865370
2023-06-30 17:15:24 [booklist] INFO: VALID_ID: 2611035
2023-06-30 17:15:25 [scrapy.core.engine] DEBUG: Crawled (200) <POST https://dl.ndl.go.jp/api/item/search> (referer: https://dl.ndl.go.jp/api/item/search)
2023-06-30 17:15:25 [booklist] INFO: Fetched page 11
2023-06-30 17:15:25 [booklist] INFO: No more books on 11
2023-06-30 17:15:25 [scrapy.core.engine] INFO: Closing spider (finished)
2023-06-30 17:15:25 [scrapy.statscollectors] INFO: Dumping Scrapy stats:
{'downloader/request_bytes': 15038,
 'downloader/request_count': 12,
 'downloader/request_method_count/GET': 1,
 'downloader/request_method_count/POST': 11,
 'downloader/response_bytes': 4896868,
 'downloader/response_count': 12,
 'downloader/response_status_count/200': 12,
 'elapsed_time_seconds': 15.26135,
 'finish_reason': 'finished',
 'finish_time': datetime.datetime(2023, 6, 30, 9, 15, 25, 284393),
 'httpcompression/response_bytes': 55603449,
 'httpcompression/response_count': 11,
 'log_count/DEBUG': 15,
 'log_count/INFO': 1020,
 'memusage/max': 63795200,
 'memusage/startup': 63795200,
 'request_depth_max': 10,
 'response_received_count': 12,
 'robotstxt/request_count': 1,
 'robotstxt/response_count': 1,
 'robotstxt/response_status_count/200': 1,
 'scheduler/dequeued': 11,
 'scheduler/dequeued/memory': 11,
 'scheduler/enqueued': 11,
 'scheduler/enqueued/memory': 11,
 'start_time': datetime.datetime(2023, 6, 30, 9, 15, 10, 23043)}
2023-06-30 17:15:25 [scrapy.core.engine] INFO: Spider closed (finished)
