2023-06-30 16:37:04 [scrapy.utils.log] INFO: Scrapy 2.9.0 started (bot: ndlcrawler)
2023-06-30 16:37:04 [scrapy.utils.log] INFO: Versions: lxml 4.9.2.0, libxml2 2.9.14, cssselect 1.2.0, parsel 1.8.1, w3lib 2.1.1, Twisted 22.10.0, Python 3.10.10 (main, Mar  5 2023, 22:26:53) [GCC 12.2.1 20230201], pyOpenSSL 23.2.0 (OpenSSL 3.1.1 30 May 2023), cryptography 41.0.1, Platform Linux-6.2.12-arch1-1-x86_64-with-glibc2.37
2023-06-30 16:37:04 [scrapy.crawler] INFO: Overridden settings:
{'BOT_NAME': 'ndlcrawler',
 'FEED_EXPORT_ENCODING': 'utf-8',
 'LOG_FILE': 'logs/booklist.title.81.DESC.log',
 'NEWSPIDER_MODULE': 'ndlcrawler.spiders',
 'REQUEST_FINGERPRINTER_IMPLEMENTATION': '2.7',
 'ROBOTSTXT_OBEY': True,
 'SPIDER_MODULES': ['ndlcrawler.spiders'],
 'TWISTED_REACTOR': 'twisted.internet.asyncioreactor.AsyncioSelectorReactor'}
2023-06-30 16:37:04 [asyncio] DEBUG: Using selector: EpollSelector
2023-06-30 16:37:04 [scrapy.utils.log] DEBUG: Using reactor: twisted.internet.asyncioreactor.AsyncioSelectorReactor
2023-06-30 16:37:04 [scrapy.utils.log] DEBUG: Using asyncio event loop: asyncio.unix_events._UnixSelectorEventLoop
2023-06-30 16:37:04 [scrapy.extensions.telnet] INFO: Telnet Password: ac7e9dbbe652baa7
2023-06-30 16:37:04 [scrapy.middleware] INFO: Enabled extensions:
['scrapy.extensions.corestats.CoreStats',
 'scrapy.extensions.telnet.TelnetConsole',
 'scrapy.extensions.memusage.MemoryUsage',
 'scrapy.extensions.logstats.LogStats']
2023-06-30 16:37:04 [scrapy.middleware] INFO: Enabled downloader middlewares:
['scrapy.downloadermiddlewares.robotstxt.RobotsTxtMiddleware',
 'scrapy.downloadermiddlewares.httpauth.HttpAuthMiddleware',
 'scrapy.downloadermiddlewares.downloadtimeout.DownloadTimeoutMiddleware',
 'scrapy.downloadermiddlewares.defaultheaders.DefaultHeadersMiddleware',
 'scrapy.downloadermiddlewares.useragent.UserAgentMiddleware',
 'scrapy.downloadermiddlewares.retry.RetryMiddleware',
 'scrapy.downloadermiddlewares.redirect.MetaRefreshMiddleware',
 'scrapy.downloadermiddlewares.httpcompression.HttpCompressionMiddleware',
 'scrapy.downloadermiddlewares.redirect.RedirectMiddleware',
 'scrapy.downloadermiddlewares.cookies.CookiesMiddleware',
 'scrapy.downloadermiddlewares.httpproxy.HttpProxyMiddleware',
 'scrapy.downloadermiddlewares.stats.DownloaderStats']
2023-06-30 16:37:04 [scrapy.middleware] INFO: Enabled spider middlewares:
['scrapy.spidermiddlewares.httperror.HttpErrorMiddleware',
 'scrapy.spidermiddlewares.offsite.OffsiteMiddleware',
 'scrapy.spidermiddlewares.referer.RefererMiddleware',
 'scrapy.spidermiddlewares.urllength.UrlLengthMiddleware',
 'scrapy.spidermiddlewares.depth.DepthMiddleware']
2023-06-30 16:37:04 [scrapy.middleware] INFO: Enabled item pipelines:
[]
2023-06-30 16:37:04 [scrapy.core.engine] INFO: Spider opened
2023-06-30 16:37:05 [scrapy.extensions.logstats] INFO: Crawled 0 pages (at 0 pages/min), scraped 0 items (at 0 items/min)
2023-06-30 16:37:05 [scrapy.extensions.telnet] INFO: Telnet console listening on 127.0.0.1:6023
2023-06-30 16:37:05 [scrapy.core.engine] DEBUG: Crawled (200) <GET https://dl.ndl.go.jp/robots.txt> (referer: None)
2023-06-30 16:37:06 [scrapy.core.engine] DEBUG: Crawled (200) <POST https://dl.ndl.go.jp/api/item/search> (referer: None)
2023-06-30 16:37:07 [booklist] INFO: Fetched page 1
2023-06-30 16:37:07 [booklist] INFO: VALID_ID: 2597134
2023-06-30 16:37:07 [booklist] INFO: VALID_ID: 2577473
2023-06-30 16:37:07 [booklist] INFO: VALID_ID: 2576866
2023-06-30 16:37:07 [booklist] INFO: VALID_ID: 2571130
2023-06-30 16:37:07 [booklist] INFO: VALID_ID: 2597975
2023-06-30 16:37:07 [booklist] INFO: VALID_ID: 2589966
2023-06-30 16:37:07 [booklist] INFO: VALID_ID: 2561861
2023-06-30 16:37:07 [booklist] INFO: VALID_ID: 2590166
2023-06-30 16:37:07 [booklist] INFO: VALID_ID: 1288390
2023-06-30 16:37:07 [booklist] INFO: VALID_ID: 2572316
2023-06-30 16:37:07 [booklist] INFO: VALID_ID: 2597234
2023-06-30 16:37:07 [booklist] INFO: VALID_ID: 2562061
2023-06-30 16:37:07 [booklist] INFO: VALID_ID: 2590266
2023-06-30 16:37:07 [booklist] INFO: VALID_ID: 2561961
2023-06-30 16:37:07 [booklist] INFO: VALID_ID: 2590066
2023-06-30 16:37:07 [booklist] INFO: VALID_ID: 2560229
2023-06-30 16:37:07 [booklist] INFO: VALID_ID: 2560231
2023-06-30 16:37:07 [booklist] INFO: VALID_ID: 2577573
2023-06-30 16:37:07 [booklist] INFO: VALID_ID: 2585766
2023-06-30 16:37:07 [booklist] INFO: VALID_ID: 2562159
2023-06-30 16:37:07 [booklist] INFO: VALID_ID: 2560230
2023-06-30 16:37:07 [booklist] INFO: VALID_ID: 2562127
2023-06-30 16:37:07 [booklist] INFO: VALID_ID: 2562135
2023-06-30 16:37:07 [booklist] INFO: VALID_ID: 2562154
2023-06-30 16:37:07 [booklist] INFO: VALID_ID: 2608257
2023-06-30 16:37:07 [booklist] INFO: VALID_ID: 2560228
2023-06-30 16:37:07 [booklist] INFO: VALID_ID: 2607642
2023-06-30 16:37:07 [booklist] INFO: VALID_ID: 2585844
2023-06-30 16:37:07 [booklist] INFO: VALID_ID: 2562160
2023-06-30 16:37:07 [booklist] INFO: VALID_ID: 2562124
2023-06-30 16:37:07 [booklist] INFO: VALID_ID: 2562143
2023-06-30 16:37:07 [booklist] INFO: VALID_ID: 2562141
2023-06-30 16:37:07 [booklist] INFO: VALID_ID: 2562151
2023-06-30 16:37:07 [booklist] INFO: VALID_ID: 2585834
2023-06-30 16:37:07 [booklist] INFO: VALID_ID: 2540164
2023-06-30 16:37:07 [booklist] INFO: VALID_ID: 2560227
2023-06-30 16:37:07 [booklist] INFO: VALID_ID: 2585805
2023-06-30 16:37:07 [booklist] INFO: VALID_ID: 2585814
2023-06-30 16:37:07 [booklist] INFO: VALID_ID: 2585824
2023-06-30 16:37:07 [booklist] INFO: VALID_ID: 2538380
2023-06-30 16:37:07 [booklist] INFO: VALID_ID: 2562138
2023-06-30 16:37:07 [booklist] INFO: VALID_ID: 2562156
2023-06-30 16:37:07 [booklist] INFO: VALID_ID: 2562131
2023-06-30 16:37:07 [booklist] INFO: VALID_ID: 2562153
2023-06-30 16:37:07 [booklist] INFO: VALID_ID: 2562144
2023-06-30 16:37:07 [booklist] INFO: VALID_ID: 2572416
2023-06-30 16:37:07 [booklist] INFO: VALID_ID: 2585775
2023-06-30 16:37:07 [booklist] INFO: VALID_ID: 2585795
2023-06-30 16:37:07 [booklist] INFO: VALID_ID: 2585785
2023-06-30 16:37:07 [booklist] INFO: VALID_ID: 2562134
2023-06-30 16:37:07 [booklist] INFO: VALID_ID: 2562128
2023-06-30 16:37:07 [booklist] INFO: VALID_ID: 2562140
2023-06-30 16:37:07 [booklist] INFO: VALID_ID: 2562146
2023-06-30 16:37:07 [booklist] INFO: VALID_ID: 2588608
2023-06-30 16:37:07 [booklist] INFO: VALID_ID: 2562129
2023-06-30 16:37:07 [booklist] INFO: VALID_ID: 2562149
2023-06-30 16:37:07 [booklist] INFO: VALID_ID: 2562125
2023-06-30 16:37:07 [booklist] INFO: VALID_ID: 2562136
2023-06-30 16:37:07 [booklist] INFO: VALID_ID: 2562150
2023-06-30 16:37:07 [booklist] INFO: VALID_ID: 2562155
2023-06-30 16:37:07 [booklist] INFO: VALID_ID: 2562142
2023-06-30 16:37:07 [booklist] INFO: VALID_ID: 2572107
2023-06-30 16:37:07 [booklist] INFO: VALID_ID: 2562148
2023-06-30 16:37:07 [booklist] INFO: VALID_ID: 2553633
2023-06-30 16:37:07 [booklist] INFO: VALID_ID: 2574517
2023-06-30 16:37:07 [booklist] INFO: VALID_ID: 2553686
2023-06-30 16:37:07 [booklist] INFO: VALID_ID: 2588708
2023-06-30 16:37:07 [booklist] INFO: VALID_ID: 2576254
2023-06-30 16:37:07 [booklist] INFO: VALID_ID: 2562132
2023-06-30 16:37:07 [booklist] INFO: VALID_ID: 2571562
2023-06-30 16:37:07 [booklist] INFO: VALID_ID: 2559178
2023-06-30 16:37:07 [booklist] INFO: VALID_ID: 2608186
2023-06-30 16:37:07 [booklist] INFO: VALID_ID: 2573059
2023-06-30 16:37:07 [booklist] INFO: VALID_ID: 2562137
2023-06-30 16:37:07 [booklist] INFO: VALID_ID: 2562147
2023-06-30 16:37:07 [booklist] INFO: VALID_ID: 2562130
2023-06-30 16:37:07 [booklist] INFO: VALID_ID: 2562152
2023-06-30 16:37:07 [booklist] INFO: VALID_ID: 2562139
2023-06-30 16:37:07 [booklist] INFO: VALID_ID: 2562158
2023-06-30 16:37:07 [booklist] INFO: VALID_ID: 2550490
2023-06-30 16:37:07 [booklist] INFO: VALID_ID: 2543447
2023-06-30 16:37:07 [booklist] INFO: VALID_ID: 2543448
2023-06-30 16:37:07 [booklist] INFO: VALID_ID: 2543454
2023-06-30 16:37:07 [booklist] INFO: VALID_ID: 2571438
2023-06-30 16:37:07 [booklist] INFO: VALID_ID: 2543446
2023-06-30 16:37:07 [booklist] INFO: VALID_ID: 2543449
2023-06-30 16:37:07 [booklist] INFO: VALID_ID: 2543452
2023-06-30 16:37:07 [booklist] INFO: VALID_ID: 2543450
2023-06-30 16:37:07 [booklist] INFO: VALID_ID: 2543445
2023-06-30 16:37:07 [booklist] INFO: VALID_ID: 2572207
2023-06-30 16:37:07 [booklist] INFO: VALID_ID: 2605978
2023-06-30 16:37:07 [booklist] INFO: VALID_ID: 2543453
2023-06-30 16:37:07 [booklist] INFO: VALID_ID: 2562126
2023-06-30 16:37:07 [booklist] INFO: VALID_ID: 2562133
2023-06-30 16:37:07 [booklist] INFO: VALID_ID: 2562145
2023-06-30 16:37:07 [booklist] INFO: VALID_ID: 2562157
2023-06-30 16:37:07 [booklist] INFO: VALID_ID: 2543451
2023-06-30 16:37:07 [booklist] INFO: VALID_ID: 2588473
2023-06-30 16:37:07 [booklist] INFO: VALID_ID: 2601429
2023-06-30 16:37:07 [booklist] INFO: VALID_ID: 2588909
2023-06-30 16:37:08 [scrapy.core.engine] DEBUG: Crawled (200) <POST https://dl.ndl.go.jp/api/item/search> (referer: https://dl.ndl.go.jp/api/item/search)
2023-06-30 16:37:08 [booklist] INFO: Fetched page 2
2023-06-30 16:37:09 [booklist] INFO: VALID_ID: 2589263
2023-06-30 16:37:09 [booklist] INFO: VALID_ID: 2559133
2023-06-30 16:37:09 [booklist] INFO: VALID_ID: 2587145
2023-06-30 16:37:09 [booklist] INFO: VALID_ID: 2572836
2023-06-30 16:37:09 [booklist] INFO: VALID_ID: 2589109
2023-06-30 16:37:09 [booklist] INFO: VALID_ID: 11891793
2023-06-30 16:37:09 [booklist] INFO: VALID_ID: 2589009
2023-06-30 16:37:09 [booklist] INFO: VALID_ID: 2610921
2023-06-30 16:37:09 [booklist] INFO: VALID_ID: 2589345
2023-06-30 16:37:09 [booklist] INFO: VALID_ID: 10303408
2023-06-30 16:37:09 [booklist] INFO: VALID_ID: 2559129
2023-06-30 16:37:09 [booklist] INFO: VALID_ID: 2559092
2023-06-30 16:37:09 [booklist] INFO: VALID_ID: 2598257
2023-06-30 16:37:09 [booklist] INFO: VALID_ID: 10303522
2023-06-30 16:37:09 [booklist] INFO: VALID_ID: 10303481
2023-06-30 16:37:09 [booklist] INFO: VALID_ID: 2598256
2023-06-30 16:37:09 [booklist] INFO: VALID_ID: 2559187
2023-06-30 16:37:09 [booklist] INFO: VALID_ID: 12866088
2023-06-30 16:37:09 [booklist] INFO: VALID_ID: 10304013
2023-06-30 16:37:09 [booklist] INFO: VALID_ID: 2601428
2023-06-30 16:37:09 [booklist] INFO: VALID_ID: 2607835
2023-06-30 16:37:09 [booklist] INFO: VALID_ID: 11446465
2023-06-30 16:37:09 [booklist] INFO: VALID_ID: 2549248
2023-06-30 16:37:09 [booklist] INFO: VALID_ID: 2551398
2023-06-30 16:37:09 [booklist] INFO: VALID_ID: 2551404
2023-06-30 16:37:09 [booklist] INFO: VALID_ID: 2551431
2023-06-30 16:37:09 [booklist] INFO: VALID_ID: 2605506
2023-06-30 16:37:09 [booklist] INFO: VALID_ID: 2551434
2023-06-30 16:37:09 [booklist] INFO: VALID_ID: 2551424
2023-06-30 16:37:09 [booklist] INFO: VALID_ID: 2551412
2023-06-30 16:37:09 [booklist] INFO: VALID_ID: 2551406
2023-06-30 16:37:09 [booklist] INFO: VALID_ID: 2551402
2023-06-30 16:37:09 [booklist] INFO: VALID_ID: 2551419
2023-06-30 16:37:09 [booklist] INFO: VALID_ID: 2551423
2023-06-30 16:37:09 [booklist] INFO: VALID_ID: 2551408
2023-06-30 16:37:09 [booklist] INFO: VALID_ID: 2551410
2023-06-30 16:37:09 [booklist] INFO: VALID_ID: 2551422
2023-06-30 16:37:09 [booklist] INFO: VALID_ID: 2551428
2023-06-30 16:37:09 [booklist] INFO: VALID_ID: 2551414
2023-06-30 16:37:09 [booklist] INFO: VALID_ID: 2551420
2023-06-30 16:37:09 [booklist] INFO: VALID_ID: 2551426
2023-06-30 16:37:09 [booklist] INFO: VALID_ID: 2551401
2023-06-30 16:37:09 [booklist] INFO: VALID_ID: 2605775
2023-06-30 16:37:09 [booklist] INFO: VALID_ID: 2551411
2023-06-30 16:37:09 [booklist] INFO: VALID_ID: 2551413
2023-06-30 16:37:09 [booklist] INFO: VALID_ID: 2551421
2023-06-30 16:37:09 [booklist] INFO: VALID_ID: 2551436
2023-06-30 16:37:09 [booklist] INFO: VALID_ID: 2551407
2023-06-30 16:37:09 [booklist] INFO: VALID_ID: 2551435
2023-06-30 16:37:09 [booklist] INFO: VALID_ID: 2551403
2023-06-30 16:37:09 [booklist] INFO: VALID_ID: 2551416
2023-06-30 16:37:09 [booklist] INFO: VALID_ID: 2551405
2023-06-30 16:37:09 [booklist] INFO: VALID_ID: 2551429
2023-06-30 16:37:09 [booklist] INFO: VALID_ID: 2551432
2023-06-30 16:37:09 [booklist] INFO: VALID_ID: 2551417
2023-06-30 16:37:09 [booklist] INFO: VALID_ID: 2551430
2023-06-30 16:37:09 [booklist] INFO: VALID_ID: 2551418
2023-06-30 16:37:09 [booklist] INFO: VALID_ID: 2551427
2023-06-30 16:37:09 [booklist] INFO: VALID_ID: 2551399
2023-06-30 16:37:09 [booklist] INFO: VALID_ID: 2551409
2023-06-30 16:37:09 [booklist] INFO: VALID_ID: 2551397
2023-06-30 16:37:09 [booklist] INFO: VALID_ID: 2551415
2023-06-30 16:37:09 [booklist] INFO: VALID_ID: 2551400
2023-06-30 16:37:09 [booklist] INFO: VALID_ID: 2551433
2023-06-30 16:37:09 [booklist] INFO: VALID_ID: 2551425
2023-06-30 16:37:09 [booklist] INFO: VALID_ID: 2549131
2023-06-30 16:37:09 [booklist] INFO: VALID_ID: 2587416
2023-06-30 16:37:09 [booklist] INFO: VALID_ID: 11446565
2023-06-30 16:37:09 [booklist] INFO: VALID_ID: 2572554
2023-06-30 16:37:09 [booklist] INFO: VALID_ID: 2572655
2023-06-30 16:37:09 [booklist] INFO: VALID_ID: 10303901
2023-06-30 16:37:09 [booklist] INFO: VALID_ID: 2607434
2023-06-30 16:37:09 [booklist] INFO: VALID_ID: 2550389
2023-06-30 16:37:09 [booklist] INFO: VALID_ID: 2559245
2023-06-30 16:37:09 [booklist] INFO: VALID_ID: 2609975
2023-06-30 16:37:09 [booklist] INFO: VALID_ID: 11223360
2023-06-30 16:37:09 [booklist] INFO: VALID_ID: 2553465
2023-06-30 16:37:09 [booklist] INFO: VALID_ID: 2585956
2023-06-30 16:37:09 [booklist] INFO: VALID_ID: 2605037
2023-06-30 16:37:09 [booklist] INFO: VALID_ID: 2585708
2023-06-30 16:37:09 [booklist] INFO: VALID_ID: 2555358
2023-06-30 16:37:09 [booklist] INFO: VALID_ID: 2590944
2023-06-30 16:37:09 [booklist] INFO: VALID_ID: 2591255
2023-06-30 16:37:09 [booklist] INFO: VALID_ID: 2610395
2023-06-30 16:37:09 [booklist] INFO: VALID_ID: 2610940
2023-06-30 16:37:09 [booklist] INFO: VALID_ID: 2549050
2023-06-30 16:37:09 [booklist] INFO: VALID_ID: 2585966
2023-06-30 16:37:09 [booklist] INFO: VALID_ID: 2549066
2023-06-30 16:37:09 [booklist] INFO: VALID_ID: 2605056
2023-06-30 16:37:09 [booklist] INFO: VALID_ID: 11038771
2023-06-30 16:37:09 [booklist] INFO: VALID_ID: 2605096
2023-06-30 16:37:09 [booklist] INFO: VALID_ID: 2605076
2023-06-30 16:37:09 [booklist] INFO: VALID_ID: 2591190
2023-06-30 16:37:09 [booklist] INFO: VALID_ID: 2548871
2023-06-30 16:37:09 [booklist] INFO: VALID_ID: 2585976
2023-06-30 16:37:09 [booklist] INFO: VALID_ID: 9369959
2023-06-30 16:37:09 [booklist] INFO: VALID_ID: 2610129
2023-06-30 16:37:09 [booklist] INFO: VALID_ID: 2549164
2023-06-30 16:37:09 [booklist] INFO: VALID_ID: 1288144
2023-06-30 16:37:09 [booklist] INFO: VALID_ID: 11892755
2023-06-30 16:37:10 [scrapy.core.engine] DEBUG: Crawled (200) <POST https://dl.ndl.go.jp/api/item/search> (referer: https://dl.ndl.go.jp/api/item/search)
2023-06-30 16:37:10 [booklist] INFO: Fetched page 3
2023-06-30 16:37:10 [booklist] INFO: VALID_ID: 2546418
2023-06-30 16:37:10 [booklist] INFO: VALID_ID: 1287199
2023-06-30 16:37:10 [booklist] INFO: VALID_ID: 2583668
2023-06-30 16:37:10 [booklist] INFO: VALID_ID: 2609227
2023-06-30 16:37:10 [booklist] INFO: VALID_ID: 11607782
2023-06-30 16:37:10 [booklist] INFO: VALID_ID: 2551668
2023-06-30 16:37:10 [booklist] INFO: VALID_ID: 2608873
2023-06-30 16:37:10 [booklist] INFO: VALID_ID: 2607135
2023-06-30 16:37:10 [booklist] INFO: VALID_ID: 2585898
2023-06-30 16:37:10 [booklist] INFO: VALID_ID: 2585914
2023-06-30 16:37:10 [booklist] INFO: VALID_ID: 2585822
2023-06-30 16:37:10 [booklist] INFO: VALID_ID: 2585932
2023-06-30 16:37:10 [booklist] INFO: VALID_ID: 2585793
2023-06-30 16:37:10 [booklist] INFO: VALID_ID: 2585888
2023-06-30 16:37:10 [booklist] INFO: VALID_ID: 2585919
2023-06-30 16:37:10 [booklist] INFO: VALID_ID: 2540597
2023-06-30 16:37:10 [booklist] INFO: VALID_ID: 2585867
2023-06-30 16:37:10 [booklist] INFO: VALID_ID: 2585870
2023-06-30 16:37:10 [booklist] INFO: VALID_ID: 2585782
2023-06-30 16:37:10 [booklist] INFO: VALID_ID: 2585796
2023-06-30 16:37:10 [booklist] INFO: VALID_ID: 2585947
2023-06-30 16:37:10 [booklist] INFO: VALID_ID: 2611107
2023-06-30 16:37:10 [booklist] INFO: VALID_ID: 2585761
2023-06-30 16:37:10 [booklist] INFO: VALID_ID: 2585868
2023-06-30 16:37:10 [booklist] INFO: VALID_ID: 2585875
2023-06-30 16:37:10 [booklist] INFO: VALID_ID: 2585788
2023-06-30 16:37:10 [booklist] INFO: VALID_ID: 2585792
2023-06-30 16:37:10 [booklist] INFO: VALID_ID: 2532848
2023-06-30 16:37:10 [booklist] INFO: VALID_ID: 2585852
2023-06-30 16:37:10 [booklist] INFO: VALID_ID: 2585876
2023-06-30 16:37:10 [booklist] INFO: VALID_ID: 2585884
2023-06-30 16:37:10 [booklist] INFO: VALID_ID: 2585828
2023-06-30 16:37:10 [booklist] INFO: VALID_ID: 2585928
2023-06-30 16:37:10 [booklist] INFO: VALID_ID: 2585839
2023-06-30 16:37:10 [booklist] INFO: VALID_ID: 2585862
2023-06-30 16:37:10 [booklist] INFO: VALID_ID: 2585872
2023-06-30 16:37:10 [booklist] INFO: VALID_ID: 2585791
2023-06-30 16:37:10 [booklist] INFO: VALID_ID: 2585801
2023-06-30 16:37:10 [booklist] INFO: VALID_ID: 2585809
2023-06-30 16:37:10 [booklist] INFO: VALID_ID: 2585904
2023-06-30 16:37:10 [booklist] INFO: VALID_ID: 2585923
2023-06-30 16:37:10 [booklist] INFO: VALID_ID: 2609468
2023-06-30 16:37:10 [booklist] INFO: VALID_ID: 2585896
2023-06-30 16:37:10 [booklist] INFO: VALID_ID: 2585816
2023-06-30 16:37:10 [booklist] INFO: VALID_ID: 2585832
2023-06-30 16:37:10 [booklist] INFO: VALID_ID: 2585939
2023-06-30 16:37:10 [booklist] INFO: VALID_ID: 2605528
2023-06-30 16:37:10 [booklist] INFO: VALID_ID: 2585767
2023-06-30 16:37:10 [booklist] INFO: VALID_ID: 2585774
2023-06-30 16:37:10 [booklist] INFO: VALID_ID: 2585908
2023-06-30 16:37:10 [booklist] INFO: VALID_ID: 2585930
2023-06-30 16:37:10 [booklist] INFO: VALID_ID: 2585935
2023-06-30 16:37:10 [booklist] INFO: VALID_ID: 2585946
2023-06-30 16:37:10 [booklist] INFO: VALID_ID: 2585885
2023-06-30 16:37:10 [booklist] INFO: VALID_ID: 2585803
2023-06-30 16:37:10 [booklist] INFO: VALID_ID: 2585858
2023-06-30 16:37:10 [booklist] INFO: VALID_ID: 2585866
2023-06-30 16:37:10 [booklist] INFO: VALID_ID: 2585780
2023-06-30 16:37:10 [booklist] INFO: VALID_ID: 2585889
2023-06-30 16:37:10 [booklist] INFO: VALID_ID: 2585890
2023-06-30 16:37:10 [booklist] INFO: VALID_ID: 2585895
2023-06-30 16:37:10 [booklist] INFO: VALID_ID: 2585901
2023-06-30 16:37:10 [booklist] INFO: VALID_ID: 2585854
2023-06-30 16:37:10 [booklist] INFO: VALID_ID: 2585804
2023-06-30 16:37:10 [booklist] INFO: VALID_ID: 2585903
2023-06-30 16:37:10 [booklist] INFO: VALID_ID: 2585826
2023-06-30 16:37:10 [booklist] INFO: VALID_ID: 2585931
2023-06-30 16:37:10 [booklist] INFO: VALID_ID: 2585850
2023-06-30 16:37:10 [booklist] INFO: VALID_ID: 2585948
2023-06-30 16:37:10 [booklist] INFO: VALID_ID: 2585771
2023-06-30 16:37:10 [booklist] INFO: VALID_ID: 2585864
2023-06-30 16:37:10 [booklist] INFO: VALID_ID: 2585797
2023-06-30 16:37:10 [booklist] INFO: VALID_ID: 2585820
2023-06-30 16:37:10 [booklist] INFO: VALID_ID: 2585921
2023-06-30 16:37:10 [booklist] INFO: VALID_ID: 2585842
2023-06-30 16:37:10 [booklist] INFO: VALID_ID: 2585883
2023-06-30 16:37:10 [booklist] INFO: VALID_ID: 2585800
2023-06-30 16:37:10 [booklist] INFO: VALID_ID: 2585810
2023-06-30 16:37:10 [booklist] INFO: VALID_ID: 2585819
2023-06-30 16:37:10 [booklist] INFO: VALID_ID: 2585926
2023-06-30 16:37:10 [booklist] INFO: VALID_ID: 2585846
2023-06-30 16:37:10 [booklist] INFO: VALID_ID: 2585857
2023-06-30 16:37:10 [booklist] INFO: VALID_ID: 2585770
2023-06-30 16:37:10 [booklist] INFO: VALID_ID: 2585877
2023-06-30 16:37:10 [booklist] INFO: VALID_ID: 2585891
2023-06-30 16:37:10 [booklist] INFO: VALID_ID: 2585813
2023-06-30 16:37:10 [booklist] INFO: VALID_ID: 2585836
2023-06-30 16:37:10 [booklist] INFO: VALID_ID: 2585841
2023-06-30 16:37:10 [booklist] INFO: VALID_ID: 2585798
2023-06-30 16:37:10 [booklist] INFO: VALID_ID: 2585902
2023-06-30 16:37:10 [booklist] INFO: VALID_ID: 2585840
2023-06-30 16:37:10 [booklist] INFO: VALID_ID: 2585856
2023-06-30 16:37:10 [booklist] INFO: VALID_ID: 2585861
2023-06-30 16:37:10 [booklist] INFO: VALID_ID: 2585786
2023-06-30 16:37:10 [booklist] INFO: VALID_ID: 2585790
2023-06-30 16:37:10 [booklist] INFO: VALID_ID: 2585808
2023-06-30 16:37:10 [booklist] INFO: VALID_ID: 2585906
2023-06-30 16:37:10 [booklist] INFO: VALID_ID: 2585912
2023-06-30 16:37:10 [booklist] INFO: VALID_ID: 2585817
2023-06-30 16:37:10 [booklist] INFO: VALID_ID: 2585915
2023-06-30 16:37:10 [scrapy.core.engine] DEBUG: Crawled (200) <POST https://dl.ndl.go.jp/api/item/search> (referer: https://dl.ndl.go.jp/api/item/search)
2023-06-30 16:37:11 [booklist] INFO: Fetched page 4
2023-06-30 16:37:11 [booklist] INFO: VALID_ID: 2585932
2023-06-30 16:37:11 [booklist] INFO: VALID_ID: 2585865
2023-06-30 16:37:11 [booklist] INFO: VALID_ID: 2585781
2023-06-30 16:37:11 [booklist] INFO: VALID_ID: 2585878
2023-06-30 16:37:11 [booklist] INFO: VALID_ID: 2585815
2023-06-30 16:37:11 [booklist] INFO: VALID_ID: 2585821
2023-06-30 16:37:11 [booklist] INFO: VALID_ID: 2585925
2023-06-30 16:37:11 [booklist] INFO: VALID_ID: 2585927
2023-06-30 16:37:11 [booklist] INFO: VALID_ID: 2585929
2023-06-30 16:37:11 [booklist] INFO: VALID_ID: 2585773
2023-06-30 16:37:11 [booklist] INFO: VALID_ID: 2585869
2023-06-30 16:37:11 [booklist] INFO: VALID_ID: 2585881
2023-06-30 16:37:11 [booklist] INFO: VALID_ID: 2585787
2023-06-30 16:37:11 [booklist] INFO: VALID_ID: 2585806
2023-06-30 16:37:11 [booklist] INFO: VALID_ID: 2585907
2023-06-30 16:37:11 [booklist] INFO: VALID_ID: 2585845
2023-06-30 16:37:11 [booklist] INFO: VALID_ID: 2585944
2023-06-30 16:37:11 [booklist] INFO: VALID_ID: 2585848
2023-06-30 16:37:11 [booklist] INFO: VALID_ID: 2585874
2023-06-30 16:37:11 [booklist] INFO: VALID_ID: 2585769
2023-06-30 16:37:11 [booklist] INFO: VALID_ID: 2585871
2023-06-30 16:37:11 [booklist] INFO: VALID_ID: 2585892
2023-06-30 16:37:11 [booklist] INFO: VALID_ID: 2585933
2023-06-30 16:37:11 [booklist] INFO: VALID_ID: 2585764
2023-06-30 16:37:11 [booklist] INFO: VALID_ID: 2585910
2023-06-30 16:37:11 [booklist] INFO: VALID_ID: 2585913
2023-06-30 16:37:11 [booklist] INFO: VALID_ID: 2585823
2023-06-30 16:37:11 [booklist] INFO: VALID_ID: 2585920
2023-06-30 16:37:11 [booklist] INFO: VALID_ID: 2585776
2023-06-30 16:37:11 [booklist] INFO: VALID_ID: 2585778
2023-06-30 16:37:11 [booklist] INFO: VALID_ID: 2585882
2023-06-30 16:37:11 [booklist] INFO: VALID_ID: 2585799
2023-06-30 16:37:11 [booklist] INFO: VALID_ID: 2585833
2023-06-30 16:37:11 [booklist] INFO: VALID_ID: 2585940
2023-06-30 16:37:11 [booklist] INFO: VALID_ID: 2585763
2023-06-30 16:37:11 [booklist] INFO: VALID_ID: 2585860
2023-06-30 16:37:11 [booklist] INFO: VALID_ID: 2585768
2023-06-30 16:37:11 [booklist] INFO: VALID_ID: 2585909
2023-06-30 16:37:11 [booklist] INFO: VALID_ID: 2585835
2023-06-30 16:37:11 [booklist] INFO: VALID_ID: 2585847
2023-06-30 16:37:11 [booklist] INFO: VALID_ID: 2585853
2023-06-30 16:37:11 [booklist] INFO: VALID_ID: 2585893
2023-06-30 16:37:11 [booklist] INFO: VALID_ID: 2585911
2023-06-30 16:37:11 [booklist] INFO: VALID_ID: 2585917
2023-06-30 16:37:11 [booklist] INFO: VALID_ID: 2585838
2023-06-30 16:37:11 [booklist] INFO: VALID_ID: 11892598
2023-06-30 16:37:11 [booklist] INFO: VALID_ID: 2585879
2023-06-30 16:37:11 [booklist] INFO: VALID_ID: 2585802
2023-06-30 16:37:11 [booklist] INFO: VALID_ID: 2585900
2023-06-30 16:37:11 [booklist] INFO: VALID_ID: 2585818
2023-06-30 16:37:11 [booklist] INFO: VALID_ID: 2585922
2023-06-30 16:37:11 [booklist] INFO: VALID_ID: 2585936
2023-06-30 16:37:11 [booklist] INFO: VALID_ID: 2585779
2023-06-30 16:37:11 [booklist] INFO: VALID_ID: 2585886
2023-06-30 16:37:11 [booklist] INFO: VALID_ID: 2585807
2023-06-30 16:37:11 [booklist] INFO: VALID_ID: 2585855
2023-06-30 16:37:11 [booklist] INFO: VALID_ID: 2585777
2023-06-30 16:37:11 [booklist] INFO: VALID_ID: 2585783
2023-06-30 16:37:11 [booklist] INFO: VALID_ID: 2585894
2023-06-30 16:37:11 [booklist] INFO: VALID_ID: 2585830
2023-06-30 16:37:11 [booklist] INFO: VALID_ID: 2585945
2023-06-30 16:37:11 [booklist] INFO: VALID_ID: 2608047
2023-06-30 16:37:11 [booklist] INFO: VALID_ID: 2585862
2023-06-30 16:37:11 [booklist] INFO: VALID_ID: 2585872
2023-06-30 16:37:11 [booklist] INFO: VALID_ID: 2585791
2023-06-30 16:37:11 [booklist] INFO: VALID_ID: 2585801
2023-06-30 16:37:11 [booklist] INFO: VALID_ID: 2585809
2023-06-30 16:37:11 [booklist] INFO: VALID_ID: 2585904
2023-06-30 16:37:11 [booklist] INFO: VALID_ID: 2585923
2023-06-30 16:37:11 [booklist] INFO: VALID_ID: 2585873
2023-06-30 16:37:11 [booklist] INFO: VALID_ID: 2585918
2023-06-30 16:37:11 [booklist] INFO: VALID_ID: 2585829
2023-06-30 16:37:11 [booklist] INFO: VALID_ID: 2585938
2023-06-30 16:37:11 [booklist] INFO: VALID_ID: 2585941
2023-06-30 16:37:11 [booklist] INFO: VALID_ID: 2585759
2023-06-30 16:37:11 [booklist] INFO: VALID_ID: 2585762
2023-06-30 16:37:11 [booklist] INFO: VALID_ID: 2585794
2023-06-30 16:37:11 [booklist] INFO: VALID_ID: 2585905
2023-06-30 16:37:11 [booklist] INFO: VALID_ID: 2585767
2023-06-30 16:37:11 [booklist] INFO: VALID_ID: 2585774
2023-06-30 16:37:11 [booklist] INFO: VALID_ID: 2585908
2023-06-30 16:37:11 [booklist] INFO: VALID_ID: 2585930
2023-06-30 16:37:11 [booklist] INFO: VALID_ID: 2585935
2023-06-30 16:37:11 [booklist] INFO: VALID_ID: 2585946
2023-06-30 16:37:11 [booklist] INFO: VALID_ID: 2585765
2023-06-30 16:37:11 [booklist] INFO: VALID_ID: 2585859
2023-06-30 16:37:11 [booklist] INFO: VALID_ID: 2585880
2023-06-30 16:37:11 [booklist] INFO: VALID_ID: 2585899
2023-06-30 16:37:11 [booklist] INFO: VALID_ID: 2585811
2023-06-30 16:37:11 [booklist] INFO: VALID_ID: 2585827
2023-06-30 16:37:11 [booklist] INFO: VALID_ID: 2585937
2023-06-30 16:37:11 [booklist] INFO: VALID_ID: 2585843
2023-06-30 16:37:11 [booklist] INFO: VALID_ID: 2585849
2023-06-30 16:37:11 [booklist] INFO: VALID_ID: 2607303
2023-06-30 16:37:11 [booklist] INFO: VALID_ID: 2610537
2023-06-30 16:37:11 [booklist] INFO: VALID_ID: 2607426
2023-06-30 16:37:11 [booklist] INFO: VALID_ID: 2609961
2023-06-30 16:37:11 [booklist] INFO: VALID_ID: 2610833
2023-06-30 16:37:11 [booklist] INFO: VALID_ID: 12865592
2023-06-30 16:37:11 [booklist] INFO: VALID_ID: 11892604
2023-06-30 16:37:11 [scrapy.core.engine] DEBUG: Crawled (200) <POST https://dl.ndl.go.jp/api/item/search> (referer: https://dl.ndl.go.jp/api/item/search)
2023-06-30 16:37:12 [booklist] INFO: Fetched page 5
2023-06-30 16:37:12 [booklist] INFO: VALID_ID: 2550800
2023-06-30 16:37:12 [booklist] INFO: VALID_ID: 2610785
2023-06-30 16:37:12 [booklist] INFO: VALID_ID: 12865596
2023-06-30 16:37:12 [booklist] INFO: VALID_ID: 12865356
2023-06-30 16:37:12 [booklist] INFO: VALID_ID: 2610288
2023-06-30 16:37:12 [booklist] INFO: VALID_ID: 11446659
2023-06-30 16:37:12 [booklist] INFO: VALID_ID: 2607884
2023-06-30 16:37:12 [booklist] INFO: VALID_ID: 9369960
2023-06-30 16:37:12 [booklist] INFO: VALID_ID: 2610012
2023-06-30 16:37:12 [booklist] INFO: VALID_ID: 2608455
2023-06-30 16:37:12 [booklist] INFO: VALID_ID: 2610707
2023-06-30 16:37:12 [booklist] INFO: VALID_ID: 2606130
2023-06-30 16:37:12 [booklist] INFO: VALID_ID: 1286444
2023-06-30 16:37:12 [booklist] INFO: VALID_ID: 2605262
2023-06-30 16:37:12 [booklist] INFO: VALID_ID: 2609629
2023-06-30 16:37:12 [booklist] INFO: VALID_ID: 2608195
2023-06-30 16:37:12 [booklist] INFO: VALID_ID: 2610518
2023-06-30 16:37:12 [booklist] INFO: VALID_ID: 2605746
2023-06-30 16:37:12 [booklist] INFO: VALID_ID: 11446362
2023-06-30 16:37:12 [booklist] INFO: VALID_ID: 2611035
2023-06-30 16:37:12 [booklist] INFO: VALID_ID: 12865370
2023-06-30 16:37:12 [booklist] INFO: VALID_ID: 2605751
2023-06-30 16:37:12 [booklist] INFO: VALID_ID: 1286545
2023-06-30 16:37:12 [booklist] INFO: VALID_ID: 1286345
2023-06-30 16:37:12 [booklist] INFO: VALID_ID: 1287195
2023-06-30 16:37:12 [booklist] INFO: VALID_ID: 2605758
2023-06-30 16:37:12 [booklist] INFO: VALID_ID: 2609666
2023-06-30 16:37:12 [booklist] INFO: VALID_ID: 2543836
2023-06-30 16:37:12 [booklist] INFO: VALID_ID: 2609783
2023-06-30 16:37:12 [booklist] INFO: VALID_ID: 2610801
2023-06-30 16:37:12 [booklist] INFO: VALID_ID: 2610138
2023-06-30 16:37:12 [booklist] INFO: VALID_ID: 2610088
2023-06-30 16:37:12 [booklist] INFO: VALID_ID: 2606258
2023-06-30 16:37:12 [booklist] INFO: VALID_ID: 2541506
2023-06-30 16:37:12 [booklist] INFO: VALID_ID: 1286632
2023-06-30 16:37:12 [booklist] INFO: VALID_ID: 2605985
2023-06-30 16:37:12 [booklist] INFO: VALID_ID: 2608848
2023-06-30 16:37:12 [scrapy.core.engine] DEBUG: Crawled (200) <POST https://dl.ndl.go.jp/api/item/search> (referer: https://dl.ndl.go.jp/api/item/search)
2023-06-30 16:37:12 [booklist] INFO: Fetched page 6
2023-06-30 16:37:12 [booklist] INFO: No more books on 6
2023-06-30 16:37:12 [scrapy.core.engine] INFO: Closing spider (finished)
2023-06-30 16:37:12 [scrapy.statscollectors] INFO: Dumping Scrapy stats:
{'downloader/request_bytes': 8257,
 'downloader/request_count': 7,
 'downloader/request_method_count/GET': 1,
 'downloader/request_method_count/POST': 6,
 'downloader/response_bytes': 2049734,
 'downloader/response_count': 7,
 'downloader/response_status_count/200': 7,
 'elapsed_time_seconds': 7.456596,
 'finish_reason': 'finished',
 'finish_time': datetime.datetime(2023, 6, 30, 8, 37, 12, 515698),
 'httpcompression/response_bytes': 23732516,
 'httpcompression/response_count': 6,
 'log_count/DEBUG': 10,
 'log_count/INFO': 454,
 'memusage/max': 63766528,
 'memusage/startup': 63766528,
 'request_depth_max': 5,
 'response_received_count': 7,
 'robotstxt/request_count': 1,
 'robotstxt/response_count': 1,
 'robotstxt/response_status_count/200': 1,
 'scheduler/dequeued': 6,
 'scheduler/dequeued/memory': 6,
 'scheduler/enqueued': 6,
 'scheduler/enqueued/memory': 6,
 'start_time': datetime.datetime(2023, 6, 30, 8, 37, 5, 59102)}
2023-06-30 16:37:12 [scrapy.core.engine] INFO: Spider closed (finished)
