2023-06-30 18:04:10 [scrapy.utils.log] INFO: Scrapy 2.9.0 started (bot: ndlcrawler)
2023-06-30 18:04:10 [scrapy.utils.log] INFO: Versions: lxml 4.9.2.0, libxml2 2.9.14, cssselect 1.2.0, parsel 1.8.1, w3lib 2.1.1, Twisted 22.10.0, Python 3.10.10 (main, Mar  5 2023, 22:26:53) [GCC 12.2.1 20230201], pyOpenSSL 23.2.0 (OpenSSL 3.1.1 30 May 2023), cryptography 41.0.1, Platform Linux-6.2.12-arch1-1-x86_64-with-glibc2.37
2023-06-30 18:04:10 [scrapy.crawler] INFO: Overridden settings:
{'BOT_NAME': 'ndlcrawler',
 'FEED_EXPORT_ENCODING': 'utf-8',
 'LOG_FILE': 'logs/booklist.title.1666.DESC.log',
 'NEWSPIDER_MODULE': 'ndlcrawler.spiders',
 'REQUEST_FINGERPRINTER_IMPLEMENTATION': '2.7',
 'ROBOTSTXT_OBEY': True,
 'SPIDER_MODULES': ['ndlcrawler.spiders'],
 'TWISTED_REACTOR': 'twisted.internet.asyncioreactor.AsyncioSelectorReactor'}
2023-06-30 18:04:10 [asyncio] DEBUG: Using selector: EpollSelector
2023-06-30 18:04:10 [scrapy.utils.log] DEBUG: Using reactor: twisted.internet.asyncioreactor.AsyncioSelectorReactor
2023-06-30 18:04:10 [scrapy.utils.log] DEBUG: Using asyncio event loop: asyncio.unix_events._UnixSelectorEventLoop
2023-06-30 18:04:10 [scrapy.extensions.telnet] INFO: Telnet Password: 021619992f4cf3ff
2023-06-30 18:04:10 [scrapy.middleware] INFO: Enabled extensions:
['scrapy.extensions.corestats.CoreStats',
 'scrapy.extensions.telnet.TelnetConsole',
 'scrapy.extensions.memusage.MemoryUsage',
 'scrapy.extensions.logstats.LogStats']
2023-06-30 18:04:10 [scrapy.middleware] INFO: Enabled downloader middlewares:
['scrapy.downloadermiddlewares.robotstxt.RobotsTxtMiddleware',
 'scrapy.downloadermiddlewares.httpauth.HttpAuthMiddleware',
 'scrapy.downloadermiddlewares.downloadtimeout.DownloadTimeoutMiddleware',
 'scrapy.downloadermiddlewares.defaultheaders.DefaultHeadersMiddleware',
 'scrapy.downloadermiddlewares.useragent.UserAgentMiddleware',
 'scrapy.downloadermiddlewares.retry.RetryMiddleware',
 'scrapy.downloadermiddlewares.redirect.MetaRefreshMiddleware',
 'scrapy.downloadermiddlewares.httpcompression.HttpCompressionMiddleware',
 'scrapy.downloadermiddlewares.redirect.RedirectMiddleware',
 'scrapy.downloadermiddlewares.cookies.CookiesMiddleware',
 'scrapy.downloadermiddlewares.httpproxy.HttpProxyMiddleware',
 'scrapy.downloadermiddlewares.stats.DownloaderStats']
2023-06-30 18:04:10 [scrapy.middleware] INFO: Enabled spider middlewares:
['scrapy.spidermiddlewares.httperror.HttpErrorMiddleware',
 'scrapy.spidermiddlewares.offsite.OffsiteMiddleware',
 'scrapy.spidermiddlewares.referer.RefererMiddleware',
 'scrapy.spidermiddlewares.urllength.UrlLengthMiddleware',
 'scrapy.spidermiddlewares.depth.DepthMiddleware']
2023-06-30 18:04:10 [scrapy.middleware] INFO: Enabled item pipelines:
[]
2023-06-30 18:04:10 [scrapy.core.engine] INFO: Spider opened
2023-06-30 18:04:10 [scrapy.extensions.logstats] INFO: Crawled 0 pages (at 0 pages/min), scraped 0 items (at 0 items/min)
2023-06-30 18:04:10 [scrapy.extensions.telnet] INFO: Telnet console listening on 127.0.0.1:6023
2023-06-30 18:04:11 [scrapy.core.engine] DEBUG: Crawled (200) <GET https://dl.ndl.go.jp/robots.txt> (referer: None)
2023-06-30 18:04:12 [scrapy.core.engine] DEBUG: Crawled (200) <POST https://dl.ndl.go.jp/api/item/search> (referer: None)
2023-06-30 18:04:12 [booklist] INFO: Fetched page 1
2023-06-30 18:04:12 [booklist] INFO: VALID_ID: 2573758
2023-06-30 18:04:12 [booklist] INFO: VALID_ID: 2573700
2023-06-30 18:04:12 [booklist] INFO: VALID_ID: 2573731
2023-06-30 18:04:12 [booklist] INFO: VALID_ID: 2573755
2023-06-30 18:04:12 [booklist] INFO: VALID_ID: 2572401
2023-06-30 18:04:12 [booklist] INFO: VALID_ID: 2588693
2023-06-30 18:04:12 [booklist] INFO: VALID_ID: 2608715
2023-06-30 18:04:12 [booklist] INFO: VALID_ID: 2572192
2023-06-30 18:04:12 [booklist] INFO: VALID_ID: 2576227
2023-06-30 18:04:12 [booklist] INFO: VALID_ID: 2608381
2023-06-30 18:04:12 [booklist] INFO: VALID_ID: 2561558
2023-06-30 18:04:12 [booklist] INFO: VALID_ID: 2588994
2023-06-30 18:04:12 [booklist] INFO: VALID_ID: 2560214
2023-06-30 18:04:12 [booklist] INFO: VALID_ID: 2560213
2023-06-30 18:04:12 [booklist] INFO: VALID_ID: 2608119
2023-06-30 18:04:12 [booklist] INFO: VALID_ID: 2561557
2023-06-30 18:04:12 [booklist] INFO: VALID_ID: 2561562
2023-06-30 18:04:12 [booklist] INFO: VALID_ID: 2561559
2023-06-30 18:04:12 [booklist] INFO: VALID_ID: 2561561
2023-06-30 18:04:12 [booklist] INFO: VALID_ID: 12865413
2023-06-30 18:04:12 [booklist] INFO: VALID_ID: 2561560
2023-06-30 18:04:12 [booklist] INFO: VALID_ID: 2550575
2023-06-30 18:04:12 [booklist] INFO: VALID_ID: 2538419
2023-06-30 18:04:12 [booklist] INFO: VALID_ID: 2572640
2023-06-30 18:04:12 [booklist] INFO: VALID_ID: 11446550
2023-06-30 18:04:12 [booklist] INFO: VALID_ID: 2587231
2023-06-30 18:04:12 [booklist] INFO: VALID_ID: 2593442
2023-06-30 18:04:12 [booklist] INFO: VALID_ID: 2593440
2023-06-30 18:04:12 [booklist] INFO: VALID_ID: 2593441
2023-06-30 18:04:12 [booklist] INFO: VALID_ID: 2582387
2023-06-30 18:04:12 [booklist] INFO: VALID_ID: 2571849
2023-06-30 18:04:12 [booklist] INFO: VALID_ID: 2607607
2023-06-30 18:04:12 [booklist] INFO: VALID_ID: 2611028
2023-06-30 18:04:12 [booklist] INFO: VALID_ID: 2608597
2023-06-30 18:04:12 [booklist] INFO: VALID_ID: 2605995
2023-06-30 18:04:12 [booklist] INFO: VALID_ID: 2611073
2023-06-30 18:04:12 [booklist] INFO: VALID_ID: 2610395
2023-06-30 18:04:12 [booklist] INFO: VALID_ID: 2609975
2023-06-30 18:04:12 [booklist] INFO: VALID_ID: 2609818
2023-06-30 18:04:12 [booklist] INFO: VALID_ID: 2605528
2023-06-30 18:04:12 [booklist] INFO: VALID_ID: 2611103
2023-06-30 18:04:12 [booklist] INFO: VALID_ID: 2609279
2023-06-30 18:04:12 [booklist] INFO: VALID_ID: 2608047
2023-06-30 18:04:12 [booklist] INFO: VALID_ID: 11446659
2023-06-30 18:04:12 [booklist] INFO: VALID_ID: 11446366
2023-06-30 18:04:12 [booklist] INFO: VALID_ID: 2585898
2023-06-30 18:04:12 [booklist] INFO: VALID_ID: 2585914
2023-06-30 18:04:12 [booklist] INFO: VALID_ID: 2585822
2023-06-30 18:04:12 [booklist] INFO: VALID_ID: 2585932
2023-06-30 18:04:12 [booklist] INFO: VALID_ID: 2585761
2023-06-30 18:04:12 [booklist] INFO: VALID_ID: 2585868
2023-06-30 18:04:12 [booklist] INFO: VALID_ID: 2585875
2023-06-30 18:04:12 [booklist] INFO: VALID_ID: 2585785
2023-06-30 18:04:12 [booklist] INFO: VALID_ID: 2585788
2023-06-30 18:04:12 [booklist] INFO: VALID_ID: 2585792
2023-06-30 18:04:12 [booklist] INFO: VALID_ID: 2610785
2023-06-30 18:04:12 [booklist] INFO: VALID_ID: 1286429
2023-06-30 18:04:12 [booklist] INFO: VALID_ID: 2585857
2023-06-30 18:04:12 [booklist] INFO: VALID_ID: 2585766
2023-06-30 18:04:12 [booklist] INFO: VALID_ID: 2585770
2023-06-30 18:04:12 [booklist] INFO: VALID_ID: 2585877
2023-06-30 18:04:12 [booklist] INFO: VALID_ID: 2585891
2023-06-30 18:04:12 [booklist] INFO: VALID_ID: 2585813
2023-06-30 18:04:12 [booklist] INFO: VALID_ID: 2585836
2023-06-30 18:04:12 [booklist] INFO: VALID_ID: 2585841
2023-06-30 18:04:12 [booklist] INFO: VALID_ID: 2585867
2023-06-30 18:04:12 [booklist] INFO: VALID_ID: 2585870
2023-06-30 18:04:12 [booklist] INFO: VALID_ID: 2585782
2023-06-30 18:04:12 [booklist] INFO: VALID_ID: 2585796
2023-06-30 18:04:12 [booklist] INFO: VALID_ID: 2585947
2023-06-30 18:04:12 [booklist] INFO: VALID_ID: 2585852
2023-06-30 18:04:12 [booklist] INFO: VALID_ID: 2585876
2023-06-30 18:04:12 [booklist] INFO: VALID_ID: 2585884
2023-06-30 18:04:12 [booklist] INFO: VALID_ID: 2585828
2023-06-30 18:04:12 [booklist] INFO: VALID_ID: 2585928
2023-06-30 18:04:12 [booklist] INFO: VALID_ID: 2585839
2023-06-30 18:04:12 [booklist] INFO: VALID_ID: 2585863
2023-06-30 18:04:12 [booklist] INFO: VALID_ID: 2585772
2023-06-30 18:04:12 [booklist] INFO: VALID_ID: 2585784
2023-06-30 18:04:12 [booklist] INFO: VALID_ID: 2585812
2023-06-30 18:04:12 [booklist] INFO: VALID_ID: 2585916
2023-06-30 18:04:12 [booklist] INFO: VALID_ID: 2585831
2023-06-30 18:04:12 [booklist] INFO: VALID_ID: 2585942
2023-06-30 18:04:12 [booklist] INFO: VALID_ID: 2585862
2023-06-30 18:04:12 [booklist] INFO: VALID_ID: 2585872
2023-06-30 18:04:12 [booklist] INFO: VALID_ID: 2585791
2023-06-30 18:04:12 [booklist] INFO: VALID_ID: 2585801
2023-06-30 18:04:12 [booklist] INFO: VALID_ID: 2585809
2023-06-30 18:04:12 [booklist] INFO: VALID_ID: 2585904
2023-06-30 18:04:12 [booklist] INFO: VALID_ID: 2585923
2023-06-30 18:04:12 [booklist] INFO: VALID_ID: 2585844
2023-06-30 18:04:12 [booklist] INFO: VALID_ID: 2585767
2023-06-30 18:04:12 [booklist] INFO: VALID_ID: 2585774
2023-06-30 18:04:12 [booklist] INFO: VALID_ID: 2585908
2023-06-30 18:04:12 [booklist] INFO: VALID_ID: 2585930
2023-06-30 18:04:12 [booklist] INFO: VALID_ID: 2585935
2023-06-30 18:04:12 [booklist] INFO: VALID_ID: 2585946
2023-06-30 18:04:12 [booklist] INFO: VALID_ID: 2585856
2023-06-30 18:04:12 [booklist] INFO: VALID_ID: 2585861
2023-06-30 18:04:12 [booklist] INFO: VALID_ID: 2585786
2023-06-30 18:04:13 [scrapy.core.engine] DEBUG: Crawled (200) <POST https://dl.ndl.go.jp/api/item/search> (referer: https://dl.ndl.go.jp/api/item/search)
2023-06-30 18:04:13 [booklist] INFO: Fetched page 2
2023-06-30 18:04:13 [booklist] INFO: VALID_ID: 2585797
2023-06-30 18:04:13 [booklist] INFO: VALID_ID: 2585820
2023-06-30 18:04:13 [booklist] INFO: VALID_ID: 2585921
2023-06-30 18:04:13 [booklist] INFO: VALID_ID: 2585842
2023-06-30 18:04:13 [booklist] INFO: VALID_ID: 2585873
2023-06-30 18:04:13 [booklist] INFO: VALID_ID: 2585918
2023-06-30 18:04:13 [booklist] INFO: VALID_ID: 2585829
2023-06-30 18:04:13 [booklist] INFO: VALID_ID: 2585938
2023-06-30 18:04:13 [booklist] INFO: VALID_ID: 2585941
2023-06-30 18:04:13 [booklist] INFO: VALID_ID: 2609468
2023-06-30 18:04:13 [booklist] INFO: VALID_ID: 2585896
2023-06-30 18:04:13 [booklist] INFO: VALID_ID: 2585816
2023-06-30 18:04:13 [booklist] INFO: VALID_ID: 2585832
2023-06-30 18:04:13 [booklist] INFO: VALID_ID: 2585837
2023-06-30 18:04:13 [booklist] INFO: VALID_ID: 2585939
2023-06-30 18:04:13 [booklist] INFO: VALID_ID: 2585760
2023-06-30 18:04:13 [booklist] INFO: VALID_ID: 2585789
2023-06-30 18:04:13 [booklist] INFO: VALID_ID: 2585887
2023-06-30 18:04:13 [booklist] INFO: VALID_ID: 2585897
2023-06-30 18:04:13 [booklist] INFO: VALID_ID: 2585805
2023-06-30 18:04:13 [booklist] INFO: VALID_ID: 2585814
2023-06-30 18:04:13 [booklist] INFO: VALID_ID: 2585943
2023-06-30 18:04:13 [booklist] INFO: VALID_ID: 12865356
2023-06-30 18:04:13 [booklist] INFO: VALID_ID: 2585798
2023-06-30 18:04:13 [booklist] INFO: VALID_ID: 2585902
2023-06-30 18:04:13 [booklist] INFO: VALID_ID: 2585840
2023-06-30 18:04:13 [booklist] INFO: VALID_ID: 2585856
2023-06-30 18:04:13 [booklist] INFO: VALID_ID: 2585861
2023-06-30 18:04:13 [booklist] INFO: VALID_ID: 2585786
2023-06-30 18:04:13 [booklist] INFO: VALID_ID: 2585790
2023-06-30 18:04:13 [booklist] INFO: VALID_ID: 2585808
2023-06-30 18:04:13 [booklist] INFO: VALID_ID: 2585906
2023-06-30 18:04:13 [booklist] INFO: VALID_ID: 2585912
2023-06-30 18:04:13 [booklist] INFO: VALID_ID: 2585817
2023-06-30 18:04:13 [booklist] INFO: VALID_ID: 2585915
2023-06-30 18:04:13 [booklist] INFO: VALID_ID: 2585825
2023-06-30 18:04:13 [booklist] INFO: VALID_ID: 2585924
2023-06-30 18:04:13 [booklist] INFO: VALID_ID: 2585858
2023-06-30 18:04:13 [booklist] INFO: VALID_ID: 2585866
2023-06-30 18:04:13 [booklist] INFO: VALID_ID: 2585780
2023-06-30 18:04:13 [booklist] INFO: VALID_ID: 2585889
2023-06-30 18:04:13 [booklist] INFO: VALID_ID: 2585890
2023-06-30 18:04:13 [booklist] INFO: VALID_ID: 2585895
2023-06-30 18:04:13 [booklist] INFO: VALID_ID: 2585901
2023-06-30 18:04:13 [booklist] INFO: VALID_ID: 2585934
2023-06-30 18:04:13 [booklist] INFO: VALID_ID: 2585779
2023-06-30 18:04:13 [booklist] INFO: VALID_ID: 2585886
2023-06-30 18:04:13 [booklist] INFO: VALID_ID: 2585807
2023-06-30 18:04:13 [booklist] INFO: VALID_ID: 2585823
2023-06-30 18:04:13 [booklist] INFO: VALID_ID: 2585920
2023-06-30 18:04:13 [booklist] INFO: VALID_ID: 2585865
2023-06-30 18:04:13 [booklist] INFO: VALID_ID: 2585781
2023-06-30 18:04:13 [booklist] INFO: VALID_ID: 2585878
2023-06-30 18:04:13 [booklist] INFO: VALID_ID: 2585815
2023-06-30 18:04:13 [booklist] INFO: VALID_ID: 2585821
2023-06-30 18:04:13 [booklist] INFO: VALID_ID: 2585925
2023-06-30 18:04:13 [booklist] INFO: VALID_ID: 2585927
2023-06-30 18:04:13 [booklist] INFO: VALID_ID: 2585929
2023-06-30 18:04:13 [booklist] INFO: VALID_ID: 2585874
2023-06-30 18:04:13 [booklist] INFO: VALID_ID: 2585769
2023-06-30 18:04:13 [booklist] INFO: VALID_ID: 2585871
2023-06-30 18:04:13 [booklist] INFO: VALID_ID: 2585892
2023-06-30 18:04:13 [booklist] INFO: VALID_ID: 2585933
2023-06-30 18:04:13 [booklist] INFO: VALID_ID: 2610707
2023-06-30 18:04:13 [booklist] INFO: VALID_ID: 2610288
2023-06-30 18:04:13 [booklist] INFO: VALID_ID: 2585776
2023-06-30 18:04:13 [booklist] INFO: VALID_ID: 2585778
2023-06-30 18:04:13 [booklist] INFO: VALID_ID: 2585882
2023-06-30 18:04:13 [booklist] INFO: VALID_ID: 2585799
2023-06-30 18:04:13 [booklist] INFO: VALID_ID: 2585833
2023-06-30 18:04:13 [booklist] INFO: VALID_ID: 2585940
2023-06-30 18:04:13 [booklist] INFO: VALID_ID: 2585853
2023-06-30 18:04:13 [booklist] INFO: VALID_ID: 2585893
2023-06-30 18:04:13 [booklist] INFO: VALID_ID: 2585911
2023-06-30 18:04:13 [booklist] INFO: VALID_ID: 2585917
2023-06-30 18:04:13 [booklist] INFO: VALID_ID: 2585838
2023-06-30 18:04:13 [booklist] INFO: VALID_ID: 2585764
2023-06-30 18:04:13 [booklist] INFO: VALID_ID: 2585910
2023-06-30 18:04:13 [booklist] INFO: VALID_ID: 2585913
2023-06-30 18:04:13 [booklist] INFO: VALID_ID: 2585763
2023-06-30 18:04:13 [booklist] INFO: VALID_ID: 2585860
2023-06-30 18:04:13 [booklist] INFO: VALID_ID: 2585768
2023-06-30 18:04:13 [booklist] INFO: VALID_ID: 2585909
2023-06-30 18:04:13 [booklist] INFO: VALID_ID: 2585835
2023-06-30 18:04:13 [booklist] INFO: VALID_ID: 2585847
2023-06-30 18:04:13 [booklist] INFO: VALID_ID: 2585854
2023-06-30 18:04:13 [booklist] INFO: VALID_ID: 2585804
2023-06-30 18:04:13 [booklist] INFO: VALID_ID: 2585903
2023-06-30 18:04:13 [booklist] INFO: VALID_ID: 2585826
2023-06-30 18:04:13 [booklist] INFO: VALID_ID: 2585931
2023-06-30 18:04:13 [booklist] INFO: VALID_ID: 2585850
2023-06-30 18:04:13 [booklist] INFO: VALID_ID: 2585948
2023-06-30 18:04:13 [booklist] INFO: VALID_ID: 2585855
2023-06-30 18:04:13 [booklist] INFO: VALID_ID: 2585777
2023-06-30 18:04:13 [booklist] INFO: VALID_ID: 2585783
2023-06-30 18:04:13 [booklist] INFO: VALID_ID: 2585894
2023-06-30 18:04:13 [booklist] INFO: VALID_ID: 2585830
2023-06-30 18:04:13 [booklist] INFO: VALID_ID: 2585945
2023-06-30 18:04:13 [booklist] INFO: VALID_ID: 2585773
2023-06-30 18:04:13 [booklist] INFO: VALID_ID: 2585869
2023-06-30 18:04:13 [scrapy.core.engine] DEBUG: Crawled (200) <POST https://dl.ndl.go.jp/api/item/search> (referer: https://dl.ndl.go.jp/api/item/search)
2023-06-30 18:04:13 [booklist] INFO: Fetched page 3
2023-06-30 18:04:13 [booklist] INFO: VALID_ID: 2585894
2023-06-30 18:04:13 [booklist] INFO: VALID_ID: 2585830
2023-06-30 18:04:13 [booklist] INFO: VALID_ID: 2585945
2023-06-30 18:04:13 [booklist] INFO: VALID_ID: 2585773
2023-06-30 18:04:13 [booklist] INFO: VALID_ID: 2585869
2023-06-30 18:04:13 [booklist] INFO: VALID_ID: 2585881
2023-06-30 18:04:13 [booklist] INFO: VALID_ID: 2585787
2023-06-30 18:04:13 [booklist] INFO: VALID_ID: 2585806
2023-06-30 18:04:13 [booklist] INFO: VALID_ID: 2585907
2023-06-30 18:04:13 [booklist] INFO: VALID_ID: 2585845
2023-06-30 18:04:13 [booklist] INFO: VALID_ID: 2585944
2023-06-30 18:04:13 [booklist] INFO: VALID_ID: 2585848
2023-06-30 18:04:13 [booklist] INFO: VALID_ID: 2585798
2023-06-30 18:04:13 [booklist] INFO: VALID_ID: 2585902
2023-06-30 18:04:13 [booklist] INFO: VALID_ID: 2585840
2023-06-30 18:04:13 [booklist] INFO: VALID_ID: 2585759
2023-06-30 18:04:13 [booklist] INFO: VALID_ID: 2585762
2023-06-30 18:04:13 [booklist] INFO: VALID_ID: 2585794
2023-06-30 18:04:13 [booklist] INFO: VALID_ID: 2585905
2023-06-30 18:04:13 [booklist] INFO: VALID_ID: 2585873
2023-06-30 18:04:13 [booklist] INFO: VALID_ID: 2585918
2023-06-30 18:04:13 [booklist] INFO: VALID_ID: 2585829
2023-06-30 18:04:13 [booklist] INFO: VALID_ID: 2585938
2023-06-30 18:04:13 [booklist] INFO: VALID_ID: 2585941
2023-06-30 18:04:13 [booklist] INFO: VALID_ID: 2585765
2023-06-30 18:04:13 [booklist] INFO: VALID_ID: 2585859
2023-06-30 18:04:13 [booklist] INFO: VALID_ID: 2585880
2023-06-30 18:04:13 [booklist] INFO: VALID_ID: 2585899
2023-06-30 18:04:13 [booklist] INFO: VALID_ID: 2585811
2023-06-30 18:04:13 [booklist] INFO: VALID_ID: 2585827
2023-06-30 18:04:13 [booklist] INFO: VALID_ID: 2585937
2023-06-30 18:04:13 [booklist] INFO: VALID_ID: 2585843
2023-06-30 18:04:13 [booklist] INFO: VALID_ID: 2585849
2023-06-30 18:04:13 [booklist] INFO: VALID_ID: 2609552
2023-06-30 18:04:13 [booklist] INFO: VALID_ID: 2585863
2023-06-30 18:04:13 [booklist] INFO: VALID_ID: 2585772
2023-06-30 18:04:13 [booklist] INFO: VALID_ID: 2585784
2023-06-30 18:04:13 [booklist] INFO: VALID_ID: 2585812
2023-06-30 18:04:13 [booklist] INFO: VALID_ID: 2585916
2023-06-30 18:04:13 [booklist] INFO: VALID_ID: 2585831
2023-06-30 18:04:13 [booklist] INFO: VALID_ID: 2585942
2023-06-30 18:04:13 [booklist] INFO: VALID_ID: 9369959
2023-06-30 18:04:13 [booklist] INFO: VALID_ID: 12865370
2023-06-30 18:04:13 [booklist] INFO: VALID_ID: 2610012
2023-06-30 18:04:13 [booklist] INFO: VALID_ID: 2610518
2023-06-30 18:04:13 [booklist] INFO: VALID_ID: 2609629
2023-06-30 18:04:13 [booklist] INFO: VALID_ID: 2605758
2023-06-30 18:04:13 [booklist] INFO: VALID_ID: 2611035
2023-06-30 18:04:13 [booklist] INFO: VALID_ID: 2610138
2023-06-30 18:04:13 [booklist] INFO: VALID_ID: 2610801
2023-06-30 18:04:13 [booklist] INFO: VALID_ID: 2609783
2023-06-30 18:04:13 [booklist] INFO: VALID_ID: 2605465
2023-06-30 18:04:13 [booklist] INFO: VALID_ID: 2606258
2023-06-30 18:04:14 [scrapy.core.engine] DEBUG: Crawled (200) <POST https://dl.ndl.go.jp/api/item/search> (referer: https://dl.ndl.go.jp/api/item/search)
2023-06-30 18:04:14 [booklist] INFO: Fetched page 4
2023-06-30 18:04:14 [booklist] INFO: No more books on 4
2023-06-30 18:04:14 [scrapy.core.engine] INFO: Closing spider (finished)
2023-06-30 18:04:14 [scrapy.statscollectors] INFO: Dumping Scrapy stats:
{'downloader/request_bytes': 5571,
 'downloader/request_count': 5,
 'downloader/request_method_count/GET': 1,
 'downloader/request_method_count/POST': 4,
 'downloader/response_bytes': 794843,
 'downloader/response_count': 5,
 'downloader/response_status_count/200': 5,
 'elapsed_time_seconds': 3.685516,
 'finish_reason': 'finished',
 'finish_time': datetime.datetime(2023, 6, 30, 10, 4, 14, 441740),
 'httpcompression/response_bytes': 8255371,
 'httpcompression/response_count': 4,
 'log_count/DEBUG': 8,
 'log_count/INFO': 268,
 'memusage/max': 63819776,
 'memusage/startup': 63819776,
 'request_depth_max': 3,
 'response_received_count': 5,
 'robotstxt/request_count': 1,
 'robotstxt/response_count': 1,
 'robotstxt/response_status_count/200': 1,
 'scheduler/dequeued': 4,
 'scheduler/dequeued/memory': 4,
 'scheduler/enqueued': 4,
 'scheduler/enqueued/memory': 4,
 'start_time': datetime.datetime(2023, 6, 30, 10, 4, 10, 756224)}
2023-06-30 18:04:14 [scrapy.core.engine] INFO: Spider closed (finished)
