2023-06-30 19:37:47 [scrapy.utils.log] INFO: Scrapy 2.9.0 started (bot: ndlcrawler)
2023-06-30 19:37:47 [scrapy.utils.log] INFO: Versions: lxml 4.9.2.0, libxml2 2.9.14, cssselect 1.2.0, parsel 1.8.1, w3lib 2.1.1, Twisted 22.10.0, Python 3.10.10 (main, Mar  5 2023, 22:26:53) [GCC 12.2.1 20230201], pyOpenSSL 23.2.0 (OpenSSL 3.1.1 30 May 2023), cryptography 41.0.1, Platform Linux-6.2.12-arch1-1-x86_64-with-glibc2.37
2023-06-30 19:37:47 [scrapy.crawler] INFO: Overridden settings:
{'BOT_NAME': 'ndlcrawler',
 'FEED_EXPORT_ENCODING': 'utf-8',
 'LOG_FILE': 'logs/booklist.title.賢.log',
 'NEWSPIDER_MODULE': 'ndlcrawler.spiders',
 'REQUEST_FINGERPRINTER_IMPLEMENTATION': '2.7',
 'ROBOTSTXT_OBEY': True,
 'SPIDER_MODULES': ['ndlcrawler.spiders'],
 'TWISTED_REACTOR': 'twisted.internet.asyncioreactor.AsyncioSelectorReactor'}
2023-06-30 19:37:47 [asyncio] DEBUG: Using selector: EpollSelector
2023-06-30 19:37:47 [scrapy.utils.log] DEBUG: Using reactor: twisted.internet.asyncioreactor.AsyncioSelectorReactor
2023-06-30 19:37:47 [scrapy.utils.log] DEBUG: Using asyncio event loop: asyncio.unix_events._UnixSelectorEventLoop
2023-06-30 19:37:47 [scrapy.extensions.telnet] INFO: Telnet Password: 0b50edecc824004a
2023-06-30 19:37:47 [scrapy.middleware] INFO: Enabled extensions:
['scrapy.extensions.corestats.CoreStats',
 'scrapy.extensions.telnet.TelnetConsole',
 'scrapy.extensions.memusage.MemoryUsage',
 'scrapy.extensions.logstats.LogStats']
2023-06-30 19:37:47 [scrapy.middleware] INFO: Enabled downloader middlewares:
['scrapy.downloadermiddlewares.robotstxt.RobotsTxtMiddleware',
 'scrapy.downloadermiddlewares.httpauth.HttpAuthMiddleware',
 'scrapy.downloadermiddlewares.downloadtimeout.DownloadTimeoutMiddleware',
 'scrapy.downloadermiddlewares.defaultheaders.DefaultHeadersMiddleware',
 'scrapy.downloadermiddlewares.useragent.UserAgentMiddleware',
 'scrapy.downloadermiddlewares.retry.RetryMiddleware',
 'scrapy.downloadermiddlewares.redirect.MetaRefreshMiddleware',
 'scrapy.downloadermiddlewares.httpcompression.HttpCompressionMiddleware',
 'scrapy.downloadermiddlewares.redirect.RedirectMiddleware',
 'scrapy.downloadermiddlewares.cookies.CookiesMiddleware',
 'scrapy.downloadermiddlewares.httpproxy.HttpProxyMiddleware',
 'scrapy.downloadermiddlewares.stats.DownloaderStats']
2023-06-30 19:37:47 [scrapy.middleware] INFO: Enabled spider middlewares:
['scrapy.spidermiddlewares.httperror.HttpErrorMiddleware',
 'scrapy.spidermiddlewares.offsite.OffsiteMiddleware',
 'scrapy.spidermiddlewares.referer.RefererMiddleware',
 'scrapy.spidermiddlewares.urllength.UrlLengthMiddleware',
 'scrapy.spidermiddlewares.depth.DepthMiddleware']
2023-06-30 19:37:47 [scrapy.middleware] INFO: Enabled item pipelines:
[]
2023-06-30 19:37:47 [scrapy.core.engine] INFO: Spider opened
2023-06-30 19:37:48 [scrapy.extensions.logstats] INFO: Crawled 0 pages (at 0 pages/min), scraped 0 items (at 0 items/min)
2023-06-30 19:37:48 [scrapy.extensions.telnet] INFO: Telnet console listening on 127.0.0.1:6024
2023-06-30 19:37:48 [scrapy.core.engine] DEBUG: Crawled (200) <GET https://dl.ndl.go.jp/robots.txt> (referer: None)
2023-06-30 19:37:49 [scrapy.core.engine] DEBUG: Crawled (200) <POST https://dl.ndl.go.jp/api/item/search> (referer: None)
2023-06-30 19:37:49 [booklist] INFO: Fetched page 1
2023-06-30 19:37:49 [booklist] INFO: VALID_ID: 2597761
2023-06-30 19:37:49 [booklist] INFO: VALID_ID: 2586651
2023-06-30 19:37:49 [booklist] INFO: VALID_ID: 2597762
2023-06-30 19:37:49 [booklist] INFO: VALID_ID: 2559261
2023-06-30 19:37:49 [booklist] INFO: VALID_ID: 2585678
2023-06-30 19:37:49 [booklist] INFO: VALID_ID: 2533482
2023-06-30 19:37:49 [booklist] INFO: VALID_ID: 2585235
2023-06-30 19:37:49 [booklist] INFO: VALID_ID: 11446329
2023-06-30 19:37:49 [booklist] INFO: VALID_ID: 2585682
2023-06-30 19:37:49 [booklist] INFO: VALID_ID: 2581270
2023-06-30 19:37:49 [booklist] INFO: VALID_ID: 2608721
2023-06-30 19:37:49 [booklist] INFO: VALID_ID: 10301038
2023-06-30 19:37:49 [booklist] INFO: VALID_ID: 2541644
2023-06-30 19:37:49 [booklist] INFO: VALID_ID: 2585662
2023-06-30 19:37:49 [booklist] INFO: VALID_ID: 2609423
2023-06-30 19:37:49 [booklist] INFO: VALID_ID: 2585666
2023-06-30 19:37:49 [booklist] INFO: VALID_ID: 2585663
2023-06-30 19:37:49 [booklist] INFO: VALID_ID: 2585642
2023-06-30 19:37:49 [booklist] INFO: VALID_ID: 2585615
2023-06-30 19:37:49 [booklist] INFO: VALID_ID: 2581523
2023-06-30 19:37:49 [booklist] INFO: VALID_ID: 2585212
2023-06-30 19:37:49 [booklist] INFO: VALID_ID: 2585281
2023-06-30 19:37:49 [booklist] INFO: VALID_ID: 1288332
2023-06-30 19:37:49 [booklist] INFO: VALID_ID: 2585430
2023-06-30 19:37:49 [booklist] INFO: VALID_ID: 2585621
2023-06-30 19:37:49 [booklist] INFO: VALID_ID: 1287752
2023-06-30 19:37:49 [booklist] INFO: VALID_ID: 1287755
2023-06-30 19:37:49 [booklist] INFO: VALID_ID: 1287794
2023-06-30 19:37:49 [booklist] INFO: VALID_ID: 1287769
2023-06-30 19:37:49 [booklist] INFO: VALID_ID: 1287750
2023-06-30 19:37:49 [booklist] INFO: VALID_ID: 1288339
2023-06-30 19:37:49 [booklist] INFO: VALID_ID: 1287568
2023-06-30 19:37:49 [booklist] INFO: VALID_ID: 1287547
2023-06-30 19:37:49 [booklist] INFO: VALID_ID: 1287571
2023-06-30 19:37:49 [booklist] INFO: VALID_ID: 1287784
2023-06-30 19:37:49 [booklist] INFO: VALID_ID: 1287751
2023-06-30 19:37:49 [booklist] INFO: VALID_ID: 1287768
2023-06-30 19:37:49 [booklist] INFO: VALID_ID: 1287552
2023-06-30 19:37:49 [booklist] INFO: VALID_ID: 1287781
2023-06-30 19:37:49 [booklist] INFO: VALID_ID: 1287757
2023-06-30 19:37:49 [booklist] INFO: VALID_ID: 1287792
2023-06-30 19:37:49 [booklist] INFO: VALID_ID: 1287578
2023-06-30 19:37:49 [booklist] INFO: VALID_ID: 1287776
2023-06-30 19:37:49 [booklist] INFO: VALID_ID: 1287746
2023-06-30 19:37:49 [booklist] INFO: VALID_ID: 1287785
2023-06-30 19:37:49 [booklist] INFO: VALID_ID: 1287823
2023-06-30 19:37:49 [booklist] INFO: VALID_ID: 1287581
2023-06-30 19:37:49 [booklist] INFO: VALID_ID: 1287579
2023-06-30 19:37:49 [booklist] INFO: VALID_ID: 1287811
2023-06-30 19:37:49 [booklist] INFO: VALID_ID: 1287572
2023-06-30 19:37:49 [booklist] INFO: VALID_ID: 1287760
2023-06-30 19:37:49 [booklist] INFO: VALID_ID: 1287559
2023-06-30 19:37:49 [booklist] INFO: VALID_ID: 1287758
2023-06-30 19:37:49 [booklist] INFO: VALID_ID: 1287807
2023-06-30 19:37:49 [booklist] INFO: VALID_ID: 2585668
2023-06-30 19:37:49 [booklist] INFO: VALID_ID: 1287759
2023-06-30 19:37:49 [booklist] INFO: VALID_ID: 1287793
2023-06-30 19:37:49 [booklist] INFO: VALID_ID: 1287763
2023-06-30 19:37:49 [booklist] INFO: VALID_ID: 1287778
2023-06-30 19:37:49 [booklist] INFO: VALID_ID: 1287788
2023-06-30 19:37:49 [booklist] INFO: VALID_ID: 1287801
2023-06-30 19:37:49 [booklist] INFO: VALID_ID: 1287766
2023-06-30 19:37:49 [booklist] INFO: VALID_ID: 1287810
2023-06-30 19:37:49 [booklist] INFO: VALID_ID: 1287820
2023-06-30 19:37:49 [booklist] INFO: VALID_ID: 1287584
2023-06-30 19:37:49 [booklist] INFO: VALID_ID: 1287821
2023-06-30 19:37:49 [booklist] INFO: VALID_ID: 1287556
2023-06-30 19:37:49 [booklist] INFO: VALID_ID: 1288341
2023-06-30 19:37:49 [booklist] INFO: VALID_ID: 1287772
2023-06-30 19:37:49 [booklist] INFO: VALID_ID: 1287748
2023-06-30 19:37:49 [booklist] INFO: VALID_ID: 1287575
2023-06-30 19:37:49 [booklist] INFO: VALID_ID: 1287583
2023-06-30 19:37:49 [booklist] INFO: VALID_ID: 1287775
2023-06-30 19:37:49 [booklist] INFO: VALID_ID: 1287783
2023-06-30 19:37:49 [booklist] INFO: VALID_ID: 1287580
2023-06-30 19:37:49 [booklist] INFO: VALID_ID: 1287567
2023-06-30 19:37:49 [booklist] INFO: VALID_ID: 1287546
2023-06-30 19:37:49 [booklist] INFO: VALID_ID: 1287777
2023-06-30 19:37:49 [booklist] INFO: VALID_ID: 10301167
2023-06-30 19:37:49 [booklist] INFO: VALID_ID: 2610270
2023-06-30 19:37:49 [booklist] INFO: VALID_ID: 2541052
2023-06-30 19:37:49 [booklist] INFO: VALID_ID: 2610770
2023-06-30 19:37:49 [booklist] INFO: VALID_ID: 2559175
2023-06-30 19:37:49 [booklist] INFO: VALID_ID: 2559169
2023-06-30 19:37:49 [booklist] INFO: VALID_ID: 2559173
2023-06-30 19:37:49 [booklist] INFO: VALID_ID: 2559166
2023-06-30 19:37:49 [booklist] INFO: VALID_ID: 2559167
2023-06-30 19:37:49 [booklist] INFO: VALID_ID: 2559168
2023-06-30 19:37:49 [booklist] INFO: VALID_ID: 11891711
2023-06-30 19:37:49 [booklist] INFO: VALID_ID: 2607856
2023-06-30 19:37:49 [booklist] INFO: VALID_ID: 2559171
2023-06-30 19:37:49 [booklist] INFO: VALID_ID: 2559163
2023-06-30 19:37:49 [booklist] INFO: VALID_ID: 2559165
2023-06-30 19:37:49 [booklist] INFO: VALID_ID: 2559174
2023-06-30 19:37:49 [booklist] INFO: VALID_ID: 2559176
2023-06-30 19:37:49 [booklist] INFO: VALID_ID: 2608597
2023-06-30 19:37:49 [booklist] INFO: VALID_ID: 2559164
2023-06-30 19:37:49 [booklist] INFO: VALID_ID: 2559172
2023-06-30 19:37:49 [booklist] INFO: VALID_ID: 10301340
2023-06-30 19:37:49 [booklist] INFO: VALID_ID: 2608247
2023-06-30 19:37:50 [scrapy.core.engine] DEBUG: Crawled (200) <POST https://dl.ndl.go.jp/api/item/search> (referer: https://dl.ndl.go.jp/api/item/search)
2023-06-30 19:37:50 [booklist] INFO: Fetched page 2
2023-06-30 19:37:51 [booklist] INFO: VALID_ID: 2609222
2023-06-30 19:37:51 [booklist] INFO: VALID_ID: 2607339
2023-06-30 19:37:51 [booklist] INFO: VALID_ID: 2609621
2023-06-30 19:37:51 [booklist] INFO: VALID_ID: 2559265
2023-06-30 19:37:51 [booklist] INFO: VALID_ID: 2559258
2023-06-30 19:37:51 [booklist] INFO: VALID_ID: 2559259
2023-06-30 19:37:51 [booklist] INFO: VALID_ID: 11892789
2023-06-30 19:37:51 [booklist] INFO: VALID_ID: 2609444
2023-06-30 19:37:51 [booklist] INFO: VALID_ID: 2559263
2023-06-30 19:37:51 [booklist] INFO: VALID_ID: 2559264
2023-06-30 19:37:51 [booklist] INFO: VALID_ID: 2559262
2023-06-30 19:37:51 [booklist] INFO: VALID_ID: 2559256
2023-06-30 19:37:51 [booklist] INFO: VALID_ID: 2559260
2023-06-30 19:37:51 [booklist] INFO: VALID_ID: 2559154
2023-06-30 19:37:51 [booklist] INFO: VALID_ID: 2559257
2023-06-30 19:37:51 [booklist] INFO: VALID_ID: 2559159
2023-06-30 19:37:51 [booklist] INFO: VALID_ID: 2559156
2023-06-30 19:37:51 [booklist] INFO: VALID_ID: 2559147
2023-06-30 19:37:51 [booklist] INFO: VALID_ID: 2559155
2023-06-30 19:37:51 [booklist] INFO: VALID_ID: 2559153
2023-06-30 19:37:51 [booklist] INFO: VALID_ID: 2559146
2023-06-30 19:37:51 [booklist] INFO: VALID_ID: 2559162
2023-06-30 19:37:51 [booklist] INFO: VALID_ID: 2559148
2023-06-30 19:37:51 [booklist] INFO: VALID_ID: 2559158
2023-06-30 19:37:51 [booklist] INFO: VALID_ID: 2559150
2023-06-30 19:37:51 [booklist] INFO: VALID_ID: 2559157
2023-06-30 19:37:51 [booklist] INFO: VALID_ID: 2559149
2023-06-30 19:37:51 [booklist] INFO: VALID_ID: 2559152
2023-06-30 19:37:51 [booklist] INFO: VALID_ID: 2559161
2023-06-30 19:37:51 [booklist] INFO: VALID_ID: 2609552
2023-06-30 19:37:51 [booklist] INFO: VALID_ID: 2609783
2023-06-30 19:37:51 [booklist] INFO: VALID_ID: 9369953
2023-06-30 19:37:51 [booklist] INFO: VALID_ID: 2611035
2023-06-30 19:37:51 [booklist] INFO: VALID_ID: 2610138
2023-06-30 19:37:51 [scrapy.core.engine] DEBUG: Crawled (200) <POST https://dl.ndl.go.jp/api/item/search> (referer: https://dl.ndl.go.jp/api/item/search)
2023-06-30 19:37:51 [booklist] INFO: Fetched page 3
2023-06-30 19:37:51 [booklist] INFO: No more books on 3
2023-06-30 19:37:51 [scrapy.core.engine] INFO: Closing spider (finished)
2023-06-30 19:37:51 [scrapy.statscollectors] INFO: Dumping Scrapy stats:
{'downloader/request_bytes': 4228,
 'downloader/request_count': 4,
 'downloader/request_method_count/GET': 1,
 'downloader/request_method_count/POST': 3,
 'downloader/response_bytes': 549978,
 'downloader/response_count': 4,
 'downloader/response_status_count/200': 4,
 'elapsed_time_seconds': 3.495328,
 'finish_reason': 'finished',
 'finish_time': datetime.datetime(2023, 6, 30, 11, 37, 51, 511091),
 'httpcompression/response_bytes': 6064050,
 'httpcompression/response_count': 3,
 'log_count/DEBUG': 7,
 'log_count/INFO': 148,
 'memusage/max': 63844352,
 'memusage/startup': 63844352,
 'request_depth_max': 2,
 'response_received_count': 4,
 'robotstxt/request_count': 1,
 'robotstxt/response_count': 1,
 'robotstxt/response_status_count/200': 1,
 'scheduler/dequeued': 3,
 'scheduler/dequeued/memory': 3,
 'scheduler/enqueued': 3,
 'scheduler/enqueued/memory': 3,
 'start_time': datetime.datetime(2023, 6, 30, 11, 37, 48, 15763)}
2023-06-30 19:37:51 [scrapy.core.engine] INFO: Spider closed (finished)
