2023-06-30 13:25:23 [scrapy.utils.log] INFO: Scrapy 2.9.0 started (bot: ndlcrawler)
2023-06-30 13:25:23 [scrapy.utils.log] INFO: Versions: lxml 4.9.2.0, libxml2 2.9.14, cssselect 1.2.0, parsel 1.8.1, w3lib 2.1.1, Twisted 22.10.0, Python 3.10.10 (main, Mar  5 2023, 22:26:53) [GCC 12.2.1 20230201], pyOpenSSL 23.2.0 (OpenSSL 3.1.1 30 May 2023), cryptography 41.0.1, Platform Linux-6.2.12-arch1-1-x86_64-with-glibc2.37
2023-06-30 13:25:24 [scrapy.crawler] INFO: Overridden settings:
{'BOT_NAME': 'ndlcrawler',
 'FEED_EXPORT_ENCODING': 'utf-8',
 'LOG_FILE': 'logs/booklist.歌学.desc.log',
 'NEWSPIDER_MODULE': 'ndlcrawler.spiders',
 'REQUEST_FINGERPRINTER_IMPLEMENTATION': '2.7',
 'ROBOTSTXT_OBEY': True,
 'SPIDER_MODULES': ['ndlcrawler.spiders'],
 'TWISTED_REACTOR': 'twisted.internet.asyncioreactor.AsyncioSelectorReactor'}
2023-06-30 13:25:24 [asyncio] DEBUG: Using selector: EpollSelector
2023-06-30 13:25:24 [scrapy.utils.log] DEBUG: Using reactor: twisted.internet.asyncioreactor.AsyncioSelectorReactor
2023-06-30 13:25:24 [scrapy.utils.log] DEBUG: Using asyncio event loop: asyncio.unix_events._UnixSelectorEventLoop
2023-06-30 13:25:24 [scrapy.extensions.telnet] INFO: Telnet Password: 4b07eb5a2532da97
2023-06-30 13:25:24 [scrapy.middleware] INFO: Enabled extensions:
['scrapy.extensions.corestats.CoreStats',
 'scrapy.extensions.telnet.TelnetConsole',
 'scrapy.extensions.memusage.MemoryUsage',
 'scrapy.extensions.logstats.LogStats']
2023-06-30 13:25:24 [scrapy.middleware] INFO: Enabled downloader middlewares:
['scrapy.downloadermiddlewares.robotstxt.RobotsTxtMiddleware',
 'scrapy.downloadermiddlewares.httpauth.HttpAuthMiddleware',
 'scrapy.downloadermiddlewares.downloadtimeout.DownloadTimeoutMiddleware',
 'scrapy.downloadermiddlewares.defaultheaders.DefaultHeadersMiddleware',
 'scrapy.downloadermiddlewares.useragent.UserAgentMiddleware',
 'scrapy.downloadermiddlewares.retry.RetryMiddleware',
 'scrapy.downloadermiddlewares.redirect.MetaRefreshMiddleware',
 'scrapy.downloadermiddlewares.httpcompression.HttpCompressionMiddleware',
 'scrapy.downloadermiddlewares.redirect.RedirectMiddleware',
 'scrapy.downloadermiddlewares.cookies.CookiesMiddleware',
 'scrapy.downloadermiddlewares.httpproxy.HttpProxyMiddleware',
 'scrapy.downloadermiddlewares.stats.DownloaderStats']
2023-06-30 13:25:24 [scrapy.middleware] INFO: Enabled spider middlewares:
['scrapy.spidermiddlewares.httperror.HttpErrorMiddleware',
 'scrapy.spidermiddlewares.offsite.OffsiteMiddleware',
 'scrapy.spidermiddlewares.referer.RefererMiddleware',
 'scrapy.spidermiddlewares.urllength.UrlLengthMiddleware',
 'scrapy.spidermiddlewares.depth.DepthMiddleware']
2023-06-30 13:25:24 [scrapy.middleware] INFO: Enabled item pipelines:
[]
2023-06-30 13:25:24 [scrapy.core.engine] INFO: Spider opened
2023-06-30 13:25:24 [scrapy.extensions.logstats] INFO: Crawled 0 pages (at 0 pages/min), scraped 0 items (at 0 items/min)
2023-06-30 13:25:24 [scrapy.extensions.telnet] INFO: Telnet console listening on 127.0.0.1:6023
2023-06-30 13:25:25 [scrapy.core.engine] DEBUG: Crawled (200) <GET https://dl.ndl.go.jp/robots.txt> (referer: None)
2023-06-30 13:25:25 [scrapy.core.engine] DEBUG: Crawled (200) <POST https://dl.ndl.go.jp/api/item/search> (referer: None)
2023-06-30 13:25:26 [booklist] INFO: Fetched page 2
2023-06-30 13:25:26 [booklist] INFO: VALID_ID: 2608304
2023-06-30 13:25:26 [booklist] INFO: VALID_ID: 2540066
2023-06-30 13:25:26 [booklist] INFO: VALID_ID: 2575524
2023-06-30 13:25:26 [booklist] INFO: VALID_ID: 2579458
2023-06-30 13:25:26 [booklist] INFO: VALID_ID: 2579570
2023-06-30 13:25:26 [booklist] INFO: VALID_ID: 2533106
2023-06-30 13:25:26 [booklist] INFO: VALID_ID: 2539910
2023-06-30 13:25:26 [booklist] INFO: VALID_ID: 2557639
2023-06-30 13:25:26 [booklist] INFO: VALID_ID: 2568474
2023-06-30 13:25:26 [booklist] INFO: VALID_ID: 2562995
2023-06-30 13:25:26 [booklist] INFO: VALID_ID: 2563006
2023-06-30 13:25:26 [booklist] INFO: VALID_ID: 2567706
2023-06-30 13:25:26 [booklist] INFO: VALID_ID: 2557742
2023-06-30 13:25:26 [booklist] INFO: VALID_ID: 2566974
2023-06-30 13:25:26 [booklist] INFO: VALID_ID: 2567711
2023-06-30 13:25:26 [booklist] INFO: VALID_ID: 2557755
2023-06-30 13:25:26 [booklist] INFO: VALID_ID: 2567253
2023-06-30 13:25:26 [booklist] INFO: VALID_ID: 2567296
2023-06-30 13:25:26 [booklist] INFO: VALID_ID: 2567255
2023-06-30 13:25:26 [booklist] INFO: VALID_ID: 2567294
2023-06-30 13:25:26 [booklist] INFO: VALID_ID: 2567289
2023-06-30 13:25:26 [booklist] INFO: VALID_ID: 2566972
2023-06-30 13:25:26 [booklist] INFO: VALID_ID: 2579459
2023-06-30 13:25:26 [booklist] INFO: VALID_ID: 2575525
2023-06-30 13:25:26 [booklist] INFO: VALID_ID: 2586673
2023-06-30 13:25:26 [booklist] INFO: VALID_ID: 2550687
2023-06-30 13:25:26 [booklist] INFO: VALID_ID: 2566989
2023-06-30 13:25:26 [booklist] INFO: VALID_ID: 2578133
2023-06-30 13:25:26 [booklist] INFO: VALID_ID: 2546860
2023-06-30 13:25:26 [booklist] INFO: VALID_ID: 2573218
2023-06-30 13:25:26 [booklist] INFO: VALID_ID: 2567268
2023-06-30 13:25:26 [booklist] INFO: VALID_ID: 2579571
2023-06-30 13:25:26 [booklist] INFO: VALID_ID: 2556068
2023-06-30 13:25:26 [booklist] INFO: VALID_ID: 2566990
2023-06-30 13:25:26 [booklist] INFO: VALID_ID: 2567707
2023-06-30 13:25:26 [booklist] INFO: VALID_ID: 2575526
2023-06-30 13:25:26 [booklist] INFO: VALID_ID: 2562996
2023-06-30 13:25:26 [booklist] INFO: VALID_ID: 2567297
2023-06-30 13:25:26 [booklist] INFO: VALID_ID: 2573219
2023-06-30 13:25:26 [booklist] INFO: VALID_ID: 2557756
2023-06-30 13:25:26 [booklist] INFO: VALID_ID: 2546861
2023-06-30 13:25:26 [booklist] INFO: VALID_ID: 2578134
2023-06-30 13:25:26 [booklist] INFO: VALID_ID: 2567269
2023-06-30 13:25:26 [booklist] INFO: VALID_ID: 2550688
2023-06-30 13:25:26 [booklist] INFO: VALID_ID: 2563007
2023-06-30 13:25:26 [booklist] INFO: VALID_ID: 2586674
2023-06-30 13:25:26 [booklist] INFO: VALID_ID: 2567290
2023-06-30 13:25:26 [booklist] INFO: VALID_ID: 2567256
2023-06-30 13:25:26 [booklist] INFO: VALID_ID: 2578135
2023-06-30 13:25:26 [booklist] INFO: VALID_ID: 2562997
2023-06-30 13:25:26 [booklist] INFO: VALID_ID: 2546862
2023-06-30 13:25:26 [booklist] INFO: VALID_ID: 2575527
2023-06-30 13:25:26 [booklist] INFO: VALID_ID: 2550689
2023-06-30 13:25:26 [booklist] INFO: VALID_ID: 2567291
2023-06-30 13:25:26 [booklist] INFO: VALID_ID: 2573220
2023-06-30 13:25:26 [booklist] INFO: VALID_ID: 2567257
2023-06-30 13:25:26 [booklist] INFO: VALID_ID: 2563008
2023-06-30 13:25:26 [booklist] INFO: VALID_ID: 2567708
2023-06-30 13:25:26 [booklist] INFO: VALID_ID: 2562998
2023-06-30 13:25:26 [booklist] INFO: VALID_ID: 2563009
2023-06-30 13:25:26 [booklist] INFO: VALID_ID: 2567258
2023-06-30 13:25:26 [booklist] INFO: VALID_ID: 2567292
2023-06-30 13:25:26 [booklist] INFO: VALID_ID: 2575528
2023-06-30 13:25:26 [booklist] INFO: VALID_ID: 2578136
2023-06-30 13:25:26 [booklist] INFO: VALID_ID: 2567709
2023-06-30 13:25:26 [booklist] INFO: VALID_ID: 2550690
2023-06-30 13:25:26 [booklist] INFO: VALID_ID: 2578137
2023-06-30 13:25:26 [booklist] INFO: VALID_ID: 2563010
2023-06-30 13:25:26 [booklist] INFO: VALID_ID: 2575529
2023-06-30 13:25:26 [booklist] INFO: VALID_ID: 2562999
2023-06-30 13:25:26 [booklist] INFO: VALID_ID: 2567259
2023-06-30 13:25:26 [booklist] INFO: VALID_ID: 2563011
2023-06-30 13:25:26 [booklist] INFO: VALID_ID: 2567260
2023-06-30 13:25:26 [booklist] INFO: VALID_ID: 2563000
2023-06-30 13:25:26 [booklist] INFO: VALID_ID: 2578138
2023-06-30 13:25:26 [booklist] INFO: VALID_ID: 2563012
2023-06-30 13:25:26 [booklist] INFO: VALID_ID: 2563001
2023-06-30 13:25:26 [booklist] INFO: VALID_ID: 2567261
2023-06-30 13:25:26 [booklist] INFO: VALID_ID: 2578139
2023-06-30 13:25:26 [booklist] INFO: VALID_ID: 2563002
2023-06-30 13:25:26 [booklist] INFO: VALID_ID: 2578140
2023-06-30 13:25:26 [booklist] INFO: VALID_ID: 2563003
2023-06-30 13:25:26 [booklist] INFO: VALID_ID: 2578141
2023-06-30 13:25:26 [booklist] INFO: VALID_ID: 2563004
2023-06-30 13:25:26 [scrapy.core.engine] DEBUG: Crawled (200) <POST https://dl.ndl.go.jp/api/item/search> (referer: https://dl.ndl.go.jp/api/item/search)
2023-06-30 13:25:26 [booklist] INFO: Fetched page 3
2023-06-30 13:25:26 [scrapy.core.scraper] ERROR: Spider error processing <POST https://dl.ndl.go.jp/api/item/search> (referer: https://dl.ndl.go.jp/api/item/search)
Traceback (most recent call last):
  File "/home/lotus/.cache/pypoetry/virtualenvs/crawler-lOKSSG27-py3.10/lib/python3.10/site-packages/scrapy/utils/defer.py", line 260, in iter_errback
    yield next(it)
  File "/home/lotus/.cache/pypoetry/virtualenvs/crawler-lOKSSG27-py3.10/lib/python3.10/site-packages/scrapy/utils/python.py", line 336, in __next__
    return next(self.data)
  File "/home/lotus/.cache/pypoetry/virtualenvs/crawler-lOKSSG27-py3.10/lib/python3.10/site-packages/scrapy/utils/python.py", line 336, in __next__
    return next(self.data)
  File "/home/lotus/.cache/pypoetry/virtualenvs/crawler-lOKSSG27-py3.10/lib/python3.10/site-packages/scrapy/core/spidermw.py", line 106, in process_sync
    for r in iterable:
  File "/home/lotus/.cache/pypoetry/virtualenvs/crawler-lOKSSG27-py3.10/lib/python3.10/site-packages/scrapy/spidermiddlewares/offsite.py", line 28, in <genexpr>
    return (r for r in result or () if self._filter(r, spider))
  File "/home/lotus/.cache/pypoetry/virtualenvs/crawler-lOKSSG27-py3.10/lib/python3.10/site-packages/scrapy/core/spidermw.py", line 106, in process_sync
    for r in iterable:
  File "/home/lotus/.cache/pypoetry/virtualenvs/crawler-lOKSSG27-py3.10/lib/python3.10/site-packages/scrapy/spidermiddlewares/referer.py", line 352, in <genexpr>
    return (self._set_referer(r, response) for r in result or ())
  File "/home/lotus/.cache/pypoetry/virtualenvs/crawler-lOKSSG27-py3.10/lib/python3.10/site-packages/scrapy/core/spidermw.py", line 106, in process_sync
    for r in iterable:
  File "/home/lotus/.cache/pypoetry/virtualenvs/crawler-lOKSSG27-py3.10/lib/python3.10/site-packages/scrapy/spidermiddlewares/urllength.py", line 27, in <genexpr>
    return (r for r in result or () if self._filter(r, spider))
  File "/home/lotus/.cache/pypoetry/virtualenvs/crawler-lOKSSG27-py3.10/lib/python3.10/site-packages/scrapy/core/spidermw.py", line 106, in process_sync
    for r in iterable:
  File "/home/lotus/.cache/pypoetry/virtualenvs/crawler-lOKSSG27-py3.10/lib/python3.10/site-packages/scrapy/spidermiddlewares/depth.py", line 31, in <genexpr>
    return (r for r in result or () if self._filter(r, response, spider))
  File "/home/lotus/.cache/pypoetry/virtualenvs/crawler-lOKSSG27-py3.10/lib/python3.10/site-packages/scrapy/core/spidermw.py", line 106, in process_sync
    for r in iterable:
  File "/home/lotus/workspace/ndlpd/crawler/ndlcrawler/ndlcrawler/spiders/booklist.py", line 35, in parse
    logger.info(f"No more books on {page}")
NameError: name 'logger' is not defined
2023-06-30 13:25:26 [scrapy.core.engine] INFO: Closing spider (finished)
2023-06-30 13:25:26 [scrapy.statscollectors] INFO: Dumping Scrapy stats:
{'downloader/request_bytes': 2935,
 'downloader/request_count': 3,
 'downloader/request_method_count/GET': 1,
 'downloader/request_method_count/POST': 2,
 'downloader/response_bytes': 405165,
 'downloader/response_count': 3,
 'downloader/response_status_count/200': 3,
 'elapsed_time_seconds': 2.151795,
 'finish_reason': 'finished',
 'finish_time': datetime.datetime(2023, 6, 30, 5, 25, 26, 803579),
 'httpcompression/response_bytes': 4825419,
 'httpcompression/response_count': 2,
 'log_count/DEBUG': 6,
 'log_count/ERROR': 1,
 'log_count/INFO': 96,
 'memusage/max': 63647744,
 'memusage/startup': 63647744,
 'request_depth_max': 1,
 'response_received_count': 3,
 'robotstxt/request_count': 1,
 'robotstxt/response_count': 1,
 'robotstxt/response_status_count/200': 1,
 'scheduler/dequeued': 2,
 'scheduler/dequeued/memory': 2,
 'scheduler/enqueued': 2,
 'scheduler/enqueued/memory': 2,
 'spider_exceptions/NameError': 1,
 'start_time': datetime.datetime(2023, 6, 30, 5, 25, 24, 651784)}
2023-06-30 13:25:26 [scrapy.core.engine] INFO: Spider closed (finished)
