2023-06-30 19:38:52 [scrapy.utils.log] INFO: Scrapy 2.9.0 started (bot: ndlcrawler)
2023-06-30 19:38:52 [scrapy.utils.log] INFO: Versions: lxml 4.9.2.0, libxml2 2.9.14, cssselect 1.2.0, parsel 1.8.1, w3lib 2.1.1, Twisted 22.10.0, Python 3.10.10 (main, Mar  5 2023, 22:26:53) [GCC 12.2.1 20230201], pyOpenSSL 23.2.0 (OpenSSL 3.1.1 30 May 2023), cryptography 41.0.1, Platform Linux-6.2.12-arch1-1-x86_64-with-glibc2.37
2023-06-30 19:38:52 [scrapy.crawler] INFO: Overridden settings:
{'BOT_NAME': 'ndlcrawler',
 'FEED_EXPORT_ENCODING': 'utf-8',
 'LOG_FILE': 'logs/booklist.title.筆.DESC.log',
 'NEWSPIDER_MODULE': 'ndlcrawler.spiders',
 'REQUEST_FINGERPRINTER_IMPLEMENTATION': '2.7',
 'ROBOTSTXT_OBEY': True,
 'SPIDER_MODULES': ['ndlcrawler.spiders'],
 'TWISTED_REACTOR': 'twisted.internet.asyncioreactor.AsyncioSelectorReactor'}
2023-06-30 19:38:52 [asyncio] DEBUG: Using selector: EpollSelector
2023-06-30 19:38:52 [scrapy.utils.log] DEBUG: Using reactor: twisted.internet.asyncioreactor.AsyncioSelectorReactor
2023-06-30 19:38:52 [scrapy.utils.log] DEBUG: Using asyncio event loop: asyncio.unix_events._UnixSelectorEventLoop
2023-06-30 19:38:52 [scrapy.extensions.telnet] INFO: Telnet Password: 39d15cb576149800
2023-06-30 19:38:52 [scrapy.middleware] INFO: Enabled extensions:
['scrapy.extensions.corestats.CoreStats',
 'scrapy.extensions.telnet.TelnetConsole',
 'scrapy.extensions.memusage.MemoryUsage',
 'scrapy.extensions.logstats.LogStats']
2023-06-30 19:38:52 [scrapy.middleware] INFO: Enabled downloader middlewares:
['scrapy.downloadermiddlewares.robotstxt.RobotsTxtMiddleware',
 'scrapy.downloadermiddlewares.httpauth.HttpAuthMiddleware',
 'scrapy.downloadermiddlewares.downloadtimeout.DownloadTimeoutMiddleware',
 'scrapy.downloadermiddlewares.defaultheaders.DefaultHeadersMiddleware',
 'scrapy.downloadermiddlewares.useragent.UserAgentMiddleware',
 'scrapy.downloadermiddlewares.retry.RetryMiddleware',
 'scrapy.downloadermiddlewares.redirect.MetaRefreshMiddleware',
 'scrapy.downloadermiddlewares.httpcompression.HttpCompressionMiddleware',
 'scrapy.downloadermiddlewares.redirect.RedirectMiddleware',
 'scrapy.downloadermiddlewares.cookies.CookiesMiddleware',
 'scrapy.downloadermiddlewares.httpproxy.HttpProxyMiddleware',
 'scrapy.downloadermiddlewares.stats.DownloaderStats']
2023-06-30 19:38:52 [scrapy.middleware] INFO: Enabled spider middlewares:
['scrapy.spidermiddlewares.httperror.HttpErrorMiddleware',
 'scrapy.spidermiddlewares.offsite.OffsiteMiddleware',
 'scrapy.spidermiddlewares.referer.RefererMiddleware',
 'scrapy.spidermiddlewares.urllength.UrlLengthMiddleware',
 'scrapy.spidermiddlewares.depth.DepthMiddleware']
2023-06-30 19:38:52 [scrapy.middleware] INFO: Enabled item pipelines:
[]
2023-06-30 19:38:52 [scrapy.core.engine] INFO: Spider opened
2023-06-30 19:38:52 [scrapy.extensions.logstats] INFO: Crawled 0 pages (at 0 pages/min), scraped 0 items (at 0 items/min)
2023-06-30 19:38:52 [scrapy.extensions.telnet] INFO: Telnet console listening on 127.0.0.1:6023
2023-06-30 19:38:53 [scrapy.core.engine] DEBUG: Crawled (200) <GET https://dl.ndl.go.jp/robots.txt> (referer: None)
2023-06-30 19:38:53 [scrapy.core.engine] DEBUG: Crawled (200) <POST https://dl.ndl.go.jp/api/item/search> (referer: None)
2023-06-30 19:38:54 [booklist] INFO: Fetched page 1
2023-06-30 19:38:54 [booklist] INFO: VALID_ID: 2574746
2023-06-30 19:38:54 [booklist] INFO: VALID_ID: 2574748
2023-06-30 19:38:54 [booklist] INFO: VALID_ID: 2574768
2023-06-30 19:38:54 [booklist] INFO: VALID_ID: 2574655
2023-06-30 19:38:54 [booklist] INFO: VALID_ID: 2574726
2023-06-30 19:38:54 [booklist] INFO: VALID_ID: 2574759
2023-06-30 19:38:54 [booklist] INFO: VALID_ID: 2574749
2023-06-30 19:38:54 [booklist] INFO: VALID_ID: 2574760
2023-06-30 19:38:54 [booklist] INFO: VALID_ID: 2533755
2023-06-30 19:38:54 [booklist] INFO: VALID_ID: 11607876
2023-06-30 19:38:54 [booklist] INFO: VALID_ID: 2534086
2023-06-30 19:38:54 [booklist] INFO: VALID_ID: 11607875
2023-06-30 19:38:54 [booklist] INFO: VALID_ID: 11607872
2023-06-30 19:38:54 [booklist] INFO: VALID_ID: 2535826
2023-06-30 19:38:54 [booklist] INFO: VALID_ID: 2540522
2023-06-30 19:38:54 [booklist] INFO: VALID_ID: 2574752
2023-06-30 19:38:54 [booklist] INFO: VALID_ID: 11607964
2023-06-30 19:38:54 [booklist] INFO: VALID_ID: 11607874
2023-06-30 19:38:54 [booklist] INFO: VALID_ID: 2540521
2023-06-30 19:38:54 [booklist] INFO: VALID_ID: 1304292
2023-06-30 19:38:54 [booklist] INFO: VALID_ID: 2537981
2023-06-30 19:38:54 [booklist] INFO: VALID_ID: 1303962
2023-06-30 19:38:54 [booklist] INFO: VALID_ID: 1310821
2023-06-30 19:38:54 [booklist] INFO: VALID_ID: 9893110
2023-06-30 19:38:54 [booklist] INFO: VALID_ID: 1303965
2023-06-30 19:38:54 [booklist] INFO: VALID_ID: 1304302
2023-06-30 19:38:54 [booklist] INFO: VALID_ID: 1304315
2023-06-30 19:38:54 [booklist] INFO: VALID_ID: 1303963
2023-06-30 19:38:54 [booklist] INFO: VALID_ID: 1304300
2023-06-30 19:38:54 [booklist] INFO: VALID_ID: 1304253
2023-06-30 19:38:54 [booklist] INFO: VALID_ID: 1304306
2023-06-30 19:38:54 [booklist] INFO: VALID_ID: 1304299
2023-06-30 19:38:54 [booklist] INFO: VALID_ID: 1303964
2023-06-30 19:38:54 [booklist] INFO: VALID_ID: 1288343
2023-06-30 19:38:54 [booklist] INFO: VALID_ID: 1304322
2023-06-30 19:38:54 [booklist] INFO: VALID_ID: 1303968
2023-06-30 19:38:54 [booklist] INFO: VALID_ID: 1304316
2023-06-30 19:38:54 [booklist] INFO: VALID_ID: 1304320
2023-06-30 19:38:54 [booklist] INFO: VALID_ID: 1304254
2023-06-30 19:38:54 [booklist] INFO: VALID_ID: 1304305
2023-06-30 19:38:54 [booklist] INFO: VALID_ID: 1303961
2023-06-30 19:38:54 [booklist] INFO: VALID_ID: 1304314
2023-06-30 19:38:54 [booklist] INFO: VALID_ID: 1303969
2023-06-30 19:38:54 [booklist] INFO: VALID_ID: 1304301
2023-06-30 19:38:54 [booklist] INFO: VALID_ID: 10301556
2023-06-30 19:38:54 [booklist] INFO: VALID_ID: 1306014
2023-06-30 19:38:54 [booklist] INFO: VALID_ID: 8929774
2023-06-30 19:38:54 [booklist] INFO: VALID_ID: 1304303
2023-06-30 19:38:54 [booklist] INFO: VALID_ID: 1304296
2023-06-30 19:38:54 [booklist] INFO: VALID_ID: 1304317
2023-06-30 19:38:54 [booklist] INFO: VALID_ID: 1304297
2023-06-30 19:38:54 [booklist] INFO: VALID_ID: 1303960
2023-06-30 19:38:54 [booklist] INFO: VALID_ID: 1303967
2023-06-30 19:38:54 [booklist] INFO: VALID_ID: 1304321
2023-06-30 19:38:54 [booklist] INFO: VALID_ID: 1303958
2023-06-30 19:38:54 [booklist] INFO: VALID_ID: 1304294
2023-06-30 19:38:54 [booklist] INFO: VALID_ID: 1303971
2023-06-30 19:38:54 [booklist] INFO: VALID_ID: 1303966
2023-06-30 19:38:54 [booklist] INFO: VALID_ID: 1304295
2023-06-30 19:38:54 [booklist] INFO: VALID_ID: 1303957
2023-06-30 19:38:54 [booklist] INFO: VALID_ID: 1304298
2023-06-30 19:38:54 [booklist] INFO: VALID_ID: 1303970
2023-06-30 19:38:54 [booklist] INFO: VALID_ID: 1306015
2023-06-30 19:38:54 [booklist] INFO: VALID_ID: 1304293
2023-06-30 19:38:54 [booklist] INFO: VALID_ID: 1304319
2023-06-30 19:38:54 [booklist] INFO: VALID_ID: 1304323
2023-06-30 19:38:54 [booklist] INFO: VALID_ID: 11892788
2023-06-30 19:38:54 [booklist] INFO: VALID_ID: 1304291
2023-06-30 19:38:54 [booklist] INFO: VALID_ID: 1304307
2023-06-30 19:38:54 [booklist] INFO: VALID_ID: 1304318
2023-06-30 19:38:54 [booklist] INFO: VALID_ID: 1306017
2023-06-30 19:38:54 [booklist] INFO: VALID_ID: 1303959
2023-06-30 19:38:54 [booklist] INFO: VALID_ID: 1304304
2023-06-30 19:38:54 [booklist] INFO: VALID_ID: 1304324
2023-06-30 19:38:54 [booklist] INFO: VALID_ID: 9892743
2023-06-30 19:38:54 [booklist] INFO: VALID_ID: 1310823
2023-06-30 19:38:54 [booklist] INFO: VALID_ID: 1306012
2023-06-30 19:38:54 [booklist] INFO: VALID_ID: 1304290
2023-06-30 19:38:54 [booklist] INFO: VALID_ID: 11892638
2023-06-30 19:38:54 [booklist] INFO: VALID_ID: 1304289
2023-06-30 19:38:54 [booklist] INFO: VALID_ID: 10301555
2023-06-30 19:38:54 [booklist] INFO: VALID_ID: 1306016
2023-06-30 19:38:54 [booklist] INFO: VALID_ID: 11892639
2023-06-30 19:38:54 [booklist] INFO: VALID_ID: 11892640
2023-06-30 19:38:54 [booklist] INFO: VALID_ID: 1306013
2023-06-30 19:38:54 [booklist] INFO: VALID_ID: 10301554
2023-06-30 19:38:54 [booklist] INFO: VALID_ID: 2533175
2023-06-30 19:38:54 [booklist] INFO: VALID_ID: 2538249
2023-06-30 19:38:54 [booklist] INFO: VALID_ID: 2550955
2023-06-30 19:38:54 [booklist] INFO: VALID_ID: 2550956
2023-06-30 19:38:54 [booklist] INFO: VALID_ID: 2538250
2023-06-30 19:38:54 [booklist] INFO: VALID_ID: 9893003
2023-06-30 19:38:54 [booklist] INFO: VALID_ID: 2606480
2023-06-30 19:38:54 [booklist] INFO: VALID_ID: 2533161
2023-06-30 19:38:54 [booklist] INFO: VALID_ID: 2533194
2023-06-30 19:38:54 [booklist] INFO: VALID_ID: 2533604
2023-06-30 19:38:54 [booklist] INFO: VALID_ID: 10301211
2023-06-30 19:38:54 [booklist] INFO: VALID_ID: 2533163
2023-06-30 19:38:54 [booklist] INFO: VALID_ID: 2533187
2023-06-30 19:38:54 [booklist] INFO: VALID_ID: 10301553
2023-06-30 19:38:55 [scrapy.core.engine] DEBUG: Crawled (200) <POST https://dl.ndl.go.jp/api/item/search> (referer: https://dl.ndl.go.jp/api/item/search)
2023-06-30 19:38:55 [booklist] INFO: Fetched page 2
2023-06-30 19:38:55 [booklist] INFO: VALID_ID: 11038550
2023-06-30 19:38:55 [booklist] INFO: VALID_ID: 11223147
2023-06-30 19:38:55 [booklist] INFO: VALID_ID: 11038560
2023-06-30 19:38:55 [booklist] INFO: VALID_ID: 9892384
2023-06-30 19:38:55 [booklist] INFO: VALID_ID: 9893051
2023-06-30 19:38:55 [booklist] INFO: VALID_ID: 2607428
2023-06-30 19:38:55 [booklist] INFO: VALID_ID: 2606202
2023-06-30 19:38:55 [booklist] INFO: VALID_ID: 11038561
2023-06-30 19:38:55 [booklist] INFO: VALID_ID: 11038564
2023-06-30 19:38:55 [booklist] INFO: VALID_ID: 11038533
2023-06-30 19:38:55 [booklist] INFO: VALID_ID: 11038542
2023-06-30 19:38:55 [booklist] INFO: VALID_ID: 11038546
2023-06-30 19:38:55 [booklist] INFO: VALID_ID: 2533172
2023-06-30 19:38:55 [booklist] INFO: VALID_ID: 11038558
2023-06-30 19:38:55 [booklist] INFO: VALID_ID: 11038566
2023-06-30 19:38:55 [booklist] INFO: VALID_ID: 11038541
2023-06-30 19:38:55 [booklist] INFO: VALID_ID: 11038543
2023-06-30 19:38:55 [booklist] INFO: VALID_ID: 11038559
2023-06-30 19:38:55 [booklist] INFO: VALID_ID: 2533197
2023-06-30 19:38:55 [booklist] INFO: VALID_ID: 11038555
2023-06-30 19:38:55 [booklist] INFO: VALID_ID: 11038545
2023-06-30 19:38:55 [booklist] INFO: VALID_ID: 11038534
2023-06-30 19:38:55 [booklist] INFO: VALID_ID: 11038539
2023-06-30 19:38:55 [booklist] INFO: VALID_ID: 11038934
2023-06-30 19:38:55 [booklist] INFO: VALID_ID: 11038540
2023-06-30 19:38:55 [booklist] INFO: VALID_ID: 11038549
2023-06-30 19:38:55 [booklist] INFO: VALID_ID: 11038551
2023-06-30 19:38:55 [booklist] INFO: VALID_ID: 11038553
2023-06-30 19:38:55 [booklist] INFO: VALID_ID: 2543110
2023-06-30 19:38:55 [booklist] INFO: VALID_ID: 11038537
2023-06-30 19:38:55 [booklist] INFO: VALID_ID: 11892615
2023-06-30 19:38:55 [booklist] INFO: VALID_ID: 2542964
2023-06-30 19:38:55 [booklist] INFO: VALID_ID: 11038538
2023-06-30 19:38:55 [booklist] INFO: VALID_ID: 2557163
2023-06-30 19:38:55 [booklist] INFO: VALID_ID: 11038544
2023-06-30 19:38:55 [booklist] INFO: VALID_ID: 11038562
2023-06-30 19:38:55 [booklist] INFO: VALID_ID: 11038536
2023-06-30 19:38:55 [booklist] INFO: VALID_ID: 11038565
2023-06-30 19:38:55 [booklist] INFO: VALID_ID: 2540273
2023-06-30 19:38:55 [booklist] INFO: VALID_ID: 11892569
2023-06-30 19:38:55 [booklist] INFO: VALID_ID: 11892793
2023-06-30 19:38:55 [booklist] INFO: VALID_ID: 11038557
2023-06-30 19:38:55 [booklist] INFO: VALID_ID: 11038563
2023-06-30 19:38:55 [booklist] INFO: VALID_ID: 2570144
2023-06-30 19:38:55 [booklist] INFO: VALID_ID: 2557162
2023-06-30 19:38:55 [booklist] INFO: VALID_ID: 11038532
2023-06-30 19:38:55 [booklist] INFO: VALID_ID: 11038535
2023-06-30 19:38:55 [booklist] INFO: VALID_ID: 11038552
2023-06-30 19:38:55 [booklist] INFO: VALID_ID: 1287714
2023-06-30 19:38:55 [booklist] INFO: VALID_ID: 2566903
2023-06-30 19:38:55 [booklist] INFO: VALID_ID: 11038548
2023-06-30 19:38:55 [booklist] INFO: VALID_ID: 11038531
2023-06-30 19:38:55 [booklist] INFO: VALID_ID: 2557164
2023-06-30 19:38:55 [booklist] INFO: VALID_ID: 2570143
2023-06-30 19:38:55 [booklist] INFO: VALID_ID: 2585748
2023-06-30 19:38:55 [booklist] INFO: VALID_ID: 2561087
2023-06-30 19:38:55 [booklist] INFO: VALID_ID: 2580177
2023-06-30 19:38:55 [booklist] INFO: VALID_ID: 11038547
2023-06-30 19:38:55 [booklist] INFO: VALID_ID: 11038554
2023-06-30 19:38:55 [booklist] INFO: VALID_ID: 11038556
2023-06-30 19:38:55 [booklist] INFO: VALID_ID: 2585755
2023-06-30 19:38:55 [booklist] INFO: VALID_ID: 2607241
2023-06-30 19:38:55 [booklist] INFO: VALID_ID: 1287785
2023-06-30 19:38:55 [booklist] INFO: VALID_ID: 2608230
2023-06-30 19:38:55 [booklist] INFO: VALID_ID: 2561084
2023-06-30 19:38:55 [booklist] INFO: VALID_ID: 2561086
2023-06-30 19:38:55 [booklist] INFO: VALID_ID: 2566971
2023-06-30 19:38:55 [booklist] INFO: VALID_ID: 2608085
2023-06-30 19:38:55 [booklist] INFO: VALID_ID: 2533677
2023-06-30 19:38:55 [booklist] INFO: VALID_ID: 2585747
2023-06-30 19:38:55 [booklist] INFO: VALID_ID: 2585757
2023-06-30 19:38:55 [booklist] INFO: VALID_ID: 11038707
2023-06-30 19:38:55 [booklist] INFO: VALID_ID: 2566904
2023-06-30 19:38:55 [booklist] INFO: VALID_ID: 2545130
2023-06-30 19:38:55 [booklist] INFO: VALID_ID: 9892783
2023-06-30 19:38:55 [booklist] INFO: VALID_ID: 2609064
2023-06-30 19:38:55 [booklist] INFO: VALID_ID: 2539032
2023-06-30 19:38:55 [booklist] INFO: VALID_ID: 2559320
2023-06-30 19:38:55 [booklist] INFO: VALID_ID: 2561085
2023-06-30 19:38:55 [booklist] INFO: VALID_ID: 2585754
2023-06-30 19:38:55 [booklist] INFO: VALID_ID: 2585752
2023-06-30 19:38:55 [booklist] INFO: VALID_ID: 2609219
2023-06-30 19:38:55 [booklist] INFO: VALID_ID: 2585751
2023-06-30 19:38:55 [booklist] INFO: VALID_ID: 2559324
2023-06-30 19:38:55 [booklist] INFO: VALID_ID: 2559321
2023-06-30 19:38:55 [booklist] INFO: VALID_ID: 2559322
2023-06-30 19:38:55 [booklist] INFO: VALID_ID: 2606821
2023-06-30 19:38:55 [booklist] INFO: VALID_ID: 2566972
2023-06-30 19:38:55 [booklist] INFO: VALID_ID: 2559323
2023-06-30 19:38:55 [booklist] INFO: VALID_ID: 2545131
2023-06-30 19:38:55 [booklist] INFO: VALID_ID: 2585758
2023-06-30 19:38:55 [booklist] INFO: VALID_ID: 2545129
2023-06-30 19:38:55 [booklist] INFO: VALID_ID: 2545132
2023-06-30 19:38:55 [booklist] INFO: VALID_ID: 2585756
2023-06-30 19:38:55 [booklist] INFO: VALID_ID: 2585750
2023-06-30 19:38:55 [booklist] INFO: VALID_ID: 2540651
2023-06-30 19:38:55 [booklist] INFO: VALID_ID: 2545133
2023-06-30 19:38:55 [booklist] INFO: VALID_ID: 2585753
2023-06-30 19:38:55 [booklist] INFO: VALID_ID: 2585749
2023-06-30 19:38:55 [booklist] INFO: VALID_ID: 2560767
2023-06-30 19:38:56 [scrapy.core.engine] DEBUG: Crawled (200) <POST https://dl.ndl.go.jp/api/item/search> (referer: https://dl.ndl.go.jp/api/item/search)
2023-06-30 19:38:56 [booklist] INFO: Fetched page 3
2023-06-30 19:38:57 [booklist] INFO: VALID_ID: 2560766
2023-06-30 19:38:57 [booklist] INFO: VALID_ID: 2608566
2023-06-30 19:38:57 [booklist] INFO: VALID_ID: 2570356
2023-06-30 19:38:57 [booklist] INFO: VALID_ID: 2608508
2023-06-30 19:38:57 [booklist] INFO: VALID_ID: 2570357
2023-06-30 19:38:57 [booklist] INFO: VALID_ID: 2540079
2023-06-30 19:38:57 [booklist] INFO: VALID_ID: 9892621
2023-06-30 19:38:57 [booklist] INFO: VALID_ID: 2533642
2023-06-30 19:38:57 [booklist] INFO: VALID_ID: 2570355
2023-06-30 19:38:57 [booklist] INFO: VALID_ID: 2533512
2023-06-30 19:38:57 [booklist] INFO: VALID_ID: 2605871
2023-06-30 19:38:57 [booklist] INFO: VALID_ID: 2540086
2023-06-30 19:38:57 [booklist] INFO: VALID_ID: 2538411
2023-06-30 19:38:57 [booklist] INFO: VALID_ID: 2574499
2023-06-30 19:38:57 [booklist] INFO: VALID_ID: 1302065
2023-06-30 19:38:57 [booklist] INFO: VALID_ID: 11445839
2023-06-30 19:38:57 [booklist] INFO: VALID_ID: 2538259
2023-06-30 19:38:57 [booklist] INFO: VALID_ID: 2538257
2023-06-30 19:38:57 [booklist] INFO: VALID_ID: 2554067
2023-06-30 19:38:57 [booklist] INFO: VALID_ID: 2574507
2023-06-30 19:38:57 [booklist] INFO: VALID_ID: 2574532
2023-06-30 19:38:57 [booklist] INFO: VALID_ID: 2555821
2023-06-30 19:38:57 [booklist] INFO: VALID_ID: 2539704
2023-06-30 19:38:57 [booklist] INFO: VALID_ID: 2539773
2023-06-30 19:38:57 [booklist] INFO: VALID_ID: 2538254
2023-06-30 19:38:57 [booklist] INFO: VALID_ID: 11299468
2023-06-30 19:38:57 [booklist] INFO: VALID_ID: 1303370
2023-06-30 19:38:57 [booklist] INFO: VALID_ID: 2574525
2023-06-30 19:38:57 [booklist] INFO: VALID_ID: 2542501
2023-06-30 19:38:57 [booklist] INFO: VALID_ID: 2538251
2023-06-30 19:38:57 [booklist] INFO: VALID_ID: 2538256
2023-06-30 19:38:57 [booklist] INFO: VALID_ID: 1303976
2023-06-30 19:38:57 [booklist] INFO: VALID_ID: 2569502
2023-06-30 19:38:57 [booklist] INFO: VALID_ID: 2574504
2023-06-30 19:38:57 [booklist] INFO: VALID_ID: 2574509
2023-06-30 19:38:57 [booklist] INFO: VALID_ID: 2538495
2023-06-30 19:38:57 [booklist] INFO: VALID_ID: 2538373
2023-06-30 19:38:57 [booklist] INFO: VALID_ID: 2555828
2023-06-30 19:38:57 [booklist] INFO: VALID_ID: 2574502
2023-06-30 19:38:57 [booklist] INFO: VALID_ID: 2569501
2023-06-30 19:38:57 [booklist] INFO: VALID_ID: 2574518
2023-06-30 19:38:57 [booklist] INFO: VALID_ID: 2538261
2023-06-30 19:38:57 [booklist] INFO: VALID_ID: 2555822
2023-06-30 19:38:57 [booklist] INFO: VALID_ID: 2557180
2023-06-30 19:38:57 [booklist] INFO: VALID_ID: 2551262
2023-06-30 19:38:57 [booklist] INFO: VALID_ID: 2607654
2023-06-30 19:38:57 [booklist] INFO: VALID_ID: 2574500
2023-06-30 19:38:57 [booklist] INFO: VALID_ID: 2574536
2023-06-30 19:38:57 [booklist] INFO: VALID_ID: 2566778
2023-06-30 19:38:57 [booklist] INFO: VALID_ID: 2556013
2023-06-30 19:38:57 [booklist] INFO: VALID_ID: 2532408
2023-06-30 19:38:57 [booklist] INFO: VALID_ID: 2606755
2023-06-30 19:38:57 [booklist] INFO: VALID_ID: 2557204
2023-06-30 19:38:57 [booklist] INFO: VALID_ID: 2574511
2023-06-30 19:38:57 [booklist] INFO: VALID_ID: 11891753
2023-06-30 19:38:57 [booklist] INFO: VALID_ID: 2566780
2023-06-30 19:38:57 [booklist] INFO: VALID_ID: 2574508
2023-06-30 19:38:57 [booklist] INFO: VALID_ID: 1307529
2023-06-30 19:38:57 [booklist] INFO: VALID_ID: 2608249
2023-06-30 19:38:57 [booklist] INFO: VALID_ID: 2608766
2023-06-30 19:38:57 [booklist] INFO: VALID_ID: 2551260
2023-06-30 19:38:57 [booklist] INFO: VALID_ID: 2557203
2023-06-30 19:38:57 [booklist] INFO: VALID_ID: 2555823
2023-06-30 19:38:57 [booklist] INFO: VALID_ID: 2574505
2023-06-30 19:38:57 [booklist] INFO: VALID_ID: 2569500
2023-06-30 19:38:57 [booklist] INFO: VALID_ID: 2560725
2023-06-30 19:38:57 [booklist] INFO: VALID_ID: 2574535
2023-06-30 19:38:57 [booklist] INFO: VALID_ID: 2533138
2023-06-30 19:38:57 [booklist] INFO: VALID_ID: 2606615
2023-06-30 19:38:57 [booklist] INFO: VALID_ID: 2554068
2023-06-30 19:38:57 [booklist] INFO: VALID_ID: 2574512
2023-06-30 19:38:57 [booklist] INFO: VALID_ID: 2574522
2023-06-30 19:38:57 [booklist] INFO: VALID_ID: 2574531
2023-06-30 19:38:57 [booklist] INFO: VALID_ID: 11223155
2023-06-30 19:38:57 [booklist] INFO: VALID_ID: 2557178
2023-06-30 19:38:57 [booklist] INFO: VALID_ID: 2538260
2023-06-30 19:38:57 [booklist] INFO: VALID_ID: 2574521
2023-06-30 19:38:57 [booklist] INFO: VALID_ID: 2538255
2023-06-30 19:38:57 [booklist] INFO: VALID_ID: 2574534
2023-06-30 19:38:57 [booklist] INFO: VALID_ID: 2541260
2023-06-30 19:38:57 [booklist] INFO: VALID_ID: 2536237
2023-06-30 19:38:57 [booklist] INFO: VALID_ID: 2533643
2023-06-30 19:38:57 [booklist] INFO: VALID_ID: 2605574
2023-06-30 19:38:57 [booklist] INFO: VALID_ID: 2574510
2023-06-30 19:38:57 [booklist] INFO: VALID_ID: 2560731
2023-06-30 19:38:57 [booklist] INFO: VALID_ID: 2554066
2023-06-30 19:38:57 [booklist] INFO: VALID_ID: 2574514
2023-06-30 19:38:57 [booklist] INFO: VALID_ID: 2606681
2023-06-30 19:38:57 [booklist] INFO: VALID_ID: 2538248
2023-06-30 19:38:57 [booklist] INFO: VALID_ID: 2574527
2023-06-30 19:38:57 [booklist] INFO: VALID_ID: 2574529
2023-06-30 19:38:57 [booklist] INFO: VALID_ID: 11891917
2023-06-30 19:38:57 [booklist] INFO: VALID_ID: 2554064
2023-06-30 19:38:57 [booklist] INFO: VALID_ID: 2540526
2023-06-30 19:38:57 [booklist] INFO: VALID_ID: 2554065
2023-06-30 19:38:57 [booklist] INFO: VALID_ID: 2606802
2023-06-30 19:38:57 [booklist] INFO: VALID_ID: 2555827
2023-06-30 19:38:57 [booklist] INFO: VALID_ID: 2555829
2023-06-30 19:38:57 [booklist] INFO: VALID_ID: 2574503
2023-06-30 19:38:57 [booklist] INFO: VALID_ID: 2574506
2023-06-30 19:38:57 [scrapy.core.engine] DEBUG: Crawled (200) <POST https://dl.ndl.go.jp/api/item/search> (referer: https://dl.ndl.go.jp/api/item/search)
2023-06-30 19:38:57 [booklist] INFO: Fetched page 4
2023-06-30 19:38:58 [booklist] INFO: VALID_ID: 2536530
2023-06-30 19:38:58 [booklist] INFO: VALID_ID: 2538258
2023-06-30 19:38:58 [booklist] INFO: VALID_ID: 2574501
2023-06-30 19:38:58 [booklist] INFO: VALID_ID: 2560730
2023-06-30 19:38:58 [booklist] INFO: VALID_ID: 2539700
2023-06-30 19:38:58 [booklist] INFO: VALID_ID: 1304694
2023-06-30 19:38:58 [booklist] INFO: VALID_ID: 2569500
2023-06-30 19:38:58 [booklist] INFO: VALID_ID: 2560725
2023-06-30 19:38:58 [booklist] INFO: VALID_ID: 2574535
2023-06-30 19:38:58 [booklist] INFO: VALID_ID: 2540081
2023-06-30 19:38:58 [booklist] INFO: VALID_ID: 2538252
2023-06-30 19:38:58 [booklist] INFO: VALID_ID: 2605551
2023-06-30 19:38:58 [booklist] INFO: VALID_ID: 2605565
2023-06-30 19:38:58 [booklist] INFO: VALID_ID: 2569499
2023-06-30 19:38:58 [booklist] INFO: VALID_ID: 2566779
2023-06-30 19:38:58 [booklist] INFO: VALID_ID: 2535948
2023-06-30 19:38:58 [booklist] INFO: VALID_ID: 2574516
2023-06-30 19:38:58 [booklist] INFO: VALID_ID: 2560728
2023-06-30 19:38:58 [booklist] INFO: VALID_ID: 2536076
2023-06-30 19:38:58 [booklist] INFO: VALID_ID: 2560726
2023-06-30 19:38:58 [booklist] INFO: VALID_ID: 2560729
2023-06-30 19:38:58 [booklist] INFO: VALID_ID: 2533329
2023-06-30 19:38:58 [booklist] INFO: VALID_ID: 2574520
2023-06-30 19:38:58 [booklist] INFO: VALID_ID: 2554234
2023-06-30 19:38:58 [booklist] INFO: VALID_ID: 2538752
2023-06-30 19:38:58 [booklist] INFO: VALID_ID: 2574517
2023-06-30 19:38:58 [booklist] INFO: VALID_ID: 2574530
2023-06-30 19:38:58 [booklist] INFO: VALID_ID: 2560727
2023-06-30 19:38:58 [booklist] INFO: VALID_ID: 2569498
2023-06-30 19:38:58 [booklist] INFO: VALID_ID: 2537058
2023-06-30 19:38:58 [booklist] INFO: VALID_ID: 2538253
2023-06-30 19:38:58 [booklist] INFO: VALID_ID: 2569503
2023-06-30 19:38:58 [booklist] INFO: VALID_ID: 2574513
2023-06-30 19:38:58 [booklist] INFO: VALID_ID: 2574524
2023-06-30 19:38:58 [booklist] INFO: VALID_ID: 2539203
2023-06-30 19:38:58 [booklist] INFO: VALID_ID: 11607885
2023-06-30 19:38:58 [booklist] INFO: VALID_ID: 2536570
2023-06-30 19:38:58 [booklist] INFO: VALID_ID: 2607821
2023-06-30 19:38:58 [booklist] INFO: VALID_ID: 1304548
2023-06-30 19:38:58 [booklist] INFO: VALID_ID: 2540088
2023-06-30 19:38:58 [booklist] INFO: VALID_ID: 2536638
2023-06-30 19:38:58 [booklist] INFO: VALID_ID: 2570469
2023-06-30 19:38:58 [booklist] INFO: VALID_ID: 2536192
2023-06-30 19:38:58 [booklist] INFO: VALID_ID: 11607884
2023-06-30 19:38:58 [booklist] INFO: VALID_ID: 11891884
2023-06-30 19:38:58 [booklist] INFO: VALID_ID: 2609383
2023-06-30 19:38:58 [booklist] INFO: VALID_ID: 2536479
2023-06-30 19:38:58 [booklist] INFO: VALID_ID: 2538247
2023-06-30 19:38:58 [booklist] INFO: VALID_ID: 2551261
2023-06-30 19:38:58 [booklist] INFO: VALID_ID: 2557179
2023-06-30 19:38:58 [booklist] INFO: VALID_ID: 2574523
2023-06-30 19:38:58 [booklist] INFO: VALID_ID: 2605501
2023-06-30 19:38:58 [booklist] INFO: VALID_ID: 11607881
2023-06-30 19:38:58 [booklist] INFO: VALID_ID: 2534008
2023-06-30 19:38:58 [booklist] INFO: VALID_ID: 2554235
2023-06-30 19:38:58 [booklist] INFO: VALID_ID: 2538834
2023-06-30 19:38:58 [booklist] INFO: VALID_ID: 2574515
2023-06-30 19:38:58 [booklist] INFO: VALID_ID: 2574528
2023-06-30 19:38:58 [booklist] INFO: VALID_ID: 2570466
2023-06-30 19:38:58 [booklist] INFO: VALID_ID: 11607880
2023-06-30 19:38:58 [booklist] INFO: VALID_ID: 2538277
2023-06-30 19:38:58 [booklist] INFO: VALID_ID: 2533853
2023-06-30 19:38:58 [booklist] INFO: VALID_ID: 1311436
2023-06-30 19:38:58 [booklist] INFO: VALID_ID: 2605788
2023-06-30 19:38:58 [booklist] INFO: VALID_ID: 2608559
2023-06-30 19:38:58 [booklist] INFO: VALID_ID: 2562881
2023-06-30 19:38:58 [booklist] INFO: VALID_ID: 11223228
2023-06-30 19:38:58 [booklist] INFO: VALID_ID: 11607855
2023-06-30 19:38:58 [booklist] INFO: VALID_ID: 2566858
2023-06-30 19:38:58 [booklist] INFO: VALID_ID: 2537287
2023-06-30 19:38:58 [booklist] INFO: VALID_ID: 2610490
2023-06-30 19:38:58 [booklist] INFO: VALID_ID: 2557891
2023-06-30 19:38:58 [booklist] INFO: VALID_ID: 2566853
2023-06-30 19:38:58 [booklist] INFO: VALID_ID: 2539706
2023-06-30 19:38:58 [booklist] INFO: VALID_ID: 11607879
2023-06-30 19:38:58 [booklist] INFO: VALID_ID: 1304441
2023-06-30 19:38:58 [booklist] INFO: VALID_ID: 2570467
2023-06-30 19:38:58 [booklist] INFO: VALID_ID: 11607883
2023-06-30 19:38:58 [booklist] INFO: VALID_ID: 2537186
2023-06-30 19:38:58 [booklist] INFO: VALID_ID: 2570470
2023-06-30 19:38:58 [booklist] INFO: VALID_ID: 2539703
2023-06-30 19:38:58 [booklist] INFO: VALID_ID: 2541366
2023-06-30 19:38:58 [booklist] INFO: VALID_ID: 2570468
2023-06-30 19:38:58 [booklist] INFO: VALID_ID: 2538541
2023-06-30 19:38:58 [booklist] INFO: VALID_ID: 10303929
2023-06-30 19:38:58 [booklist] INFO: VALID_ID: 2566814
2023-06-30 19:38:58 [booklist] INFO: VALID_ID: 2566849
2023-06-30 19:38:58 [booklist] INFO: VALID_ID: 2566851
2023-06-30 19:38:58 [booklist] INFO: VALID_ID: 2568327
2023-06-30 19:38:58 [booklist] INFO: VALID_ID: 11607882
2023-06-30 19:38:58 [booklist] INFO: VALID_ID: 11607878
2023-06-30 19:38:58 [booklist] INFO: VALID_ID: 2580176
2023-06-30 19:38:58 [booklist] INFO: VALID_ID: 2559247
2023-06-30 19:38:58 [booklist] INFO: VALID_ID: 2547265
2023-06-30 19:38:58 [booklist] INFO: VALID_ID: 11607853
2023-06-30 19:38:58 [booklist] INFO: VALID_ID: 2557890
2023-06-30 19:38:58 [booklist] INFO: VALID_ID: 11223555
2023-06-30 19:38:58 [booklist] INFO: VALID_ID: 2608318
2023-06-30 19:38:58 [booklist] INFO: VALID_ID: 2578061
2023-06-30 19:38:58 [booklist] INFO: VALID_ID: 2536556
2023-06-30 19:38:59 [scrapy.core.engine] DEBUG: Crawled (200) <POST https://dl.ndl.go.jp/api/item/search> (referer: https://dl.ndl.go.jp/api/item/search)
2023-06-30 19:38:59 [booklist] INFO: Fetched page 5
2023-06-30 19:38:59 [booklist] INFO: VALID_ID: 2557890
2023-06-30 19:38:59 [booklist] INFO: VALID_ID: 11223555
2023-06-30 19:38:59 [booklist] INFO: VALID_ID: 2608318
2023-06-30 19:38:59 [booklist] INFO: VALID_ID: 2578061
2023-06-30 19:38:59 [booklist] INFO: VALID_ID: 2536556
2023-06-30 19:38:59 [booklist] INFO: VALID_ID: 2547264
2023-06-30 19:38:59 [booklist] INFO: VALID_ID: 11607852
2023-06-30 19:38:59 [booklist] INFO: VALID_ID: 2568103
2023-06-30 19:38:59 [booklist] INFO: VALID_ID: 2540060
2023-06-30 19:38:59 [booklist] INFO: VALID_ID: 11607959
2023-06-30 19:38:59 [booklist] INFO: VALID_ID: 2607640
2023-06-30 19:38:59 [booklist] INFO: VALID_ID: 2567956
2023-06-30 19:38:59 [booklist] INFO: VALID_ID: 2609012
2023-06-30 19:38:59 [booklist] INFO: VALID_ID: 2609141
2023-06-30 19:38:59 [booklist] INFO: VALID_ID: 2567955
2023-06-30 19:38:59 [booklist] INFO: VALID_ID: 10303929
2023-06-30 19:38:59 [booklist] INFO: VALID_ID: 2566849
2023-06-30 19:38:59 [booklist] INFO: VALID_ID: 2566814
2023-06-30 19:38:59 [booklist] INFO: VALID_ID: 2566851
2023-06-30 19:38:59 [booklist] INFO: VALID_ID: 2609148
2023-06-30 19:38:59 [booklist] INFO: VALID_ID: 10303449
2023-06-30 19:38:59 [booklist] INFO: VALID_ID: 2562772
2023-06-30 19:38:59 [booklist] INFO: VALID_ID: 2562883
2023-06-30 19:38:59 [booklist] INFO: VALID_ID: 11607953
2023-06-30 19:38:59 [booklist] INFO: VALID_ID: 2607532
2023-06-30 19:38:59 [booklist] INFO: VALID_ID: 2566815
2023-06-30 19:38:59 [booklist] INFO: VALID_ID: 2564725
2023-06-30 19:38:59 [booklist] INFO: VALID_ID: 2553926
2023-06-30 19:38:59 [booklist] INFO: VALID_ID: 2566453
2023-06-30 19:38:59 [booklist] INFO: VALID_ID: 2539897
2023-06-30 19:38:59 [booklist] INFO: VALID_ID: 2562771
2023-06-30 19:38:59 [booklist] INFO: VALID_ID: 2568328
2023-06-30 19:38:59 [booklist] INFO: VALID_ID: 2566456
2023-06-30 19:38:59 [booklist] INFO: VALID_ID: 2568101
2023-06-30 19:38:59 [booklist] INFO: VALID_ID: 2568105
2023-06-30 19:38:59 [booklist] INFO: VALID_ID: 11607851
2023-06-30 19:38:59 [booklist] INFO: VALID_ID: 2562773
2023-06-30 19:38:59 [booklist] INFO: VALID_ID: 2567960
2023-06-30 19:38:59 [booklist] INFO: VALID_ID: 2567961
2023-06-30 19:38:59 [booklist] INFO: VALID_ID: 2533369
2023-06-30 19:38:59 [booklist] INFO: VALID_ID: 2566901
2023-06-30 19:38:59 [booklist] INFO: VALID_ID: 2553927
2023-06-30 19:38:59 [booklist] INFO: VALID_ID: 10303450
2023-06-30 19:38:59 [booklist] INFO: VALID_ID: 2538015
2023-06-30 19:38:59 [booklist] INFO: VALID_ID: 11607854
2023-06-30 19:38:59 [booklist] INFO: VALID_ID: 2564726
2023-06-30 19:38:59 [booklist] INFO: VALID_ID: 2536740
2023-06-30 19:38:59 [booklist] INFO: VALID_ID: 2608674
2023-06-30 19:38:59 [booklist] INFO: VALID_ID: 11223227
2023-06-30 19:38:59 [booklist] INFO: VALID_ID: 2564724
2023-06-30 19:38:59 [booklist] INFO: VALID_ID: 2607503
2023-06-30 19:38:59 [booklist] INFO: VALID_ID: 2608995
2023-06-30 19:38:59 [booklist] INFO: VALID_ID: 2578063
2023-06-30 19:38:59 [booklist] INFO: VALID_ID: 2566816
2023-06-30 19:38:59 [booklist] INFO: VALID_ID: 2608947
2023-06-30 19:38:59 [booklist] INFO: VALID_ID: 2578062
2023-06-30 19:38:59 [booklist] INFO: VALID_ID: 2568106
2023-06-30 19:38:59 [booklist] INFO: VALID_ID: 2606366
2023-06-30 19:38:59 [booklist] INFO: VALID_ID: 2562770
2023-06-30 19:38:59 [booklist] INFO: VALID_ID: 2564723
2023-06-30 19:38:59 [booklist] INFO: VALID_ID: 2567957
2023-06-30 19:38:59 [booklist] INFO: VALID_ID: 2578064
2023-06-30 19:38:59 [booklist] INFO: VALID_ID: 2567959
2023-06-30 19:38:59 [booklist] INFO: VALID_ID: 2547268
2023-06-30 19:38:59 [booklist] INFO: VALID_ID: 11038695
2023-06-30 19:38:59 [booklist] INFO: VALID_ID: 2601117
2023-06-30 19:38:59 [booklist] INFO: VALID_ID: 2553942
2023-06-30 19:38:59 [booklist] INFO: VALID_ID: 2562880
2023-06-30 19:38:59 [booklist] INFO: VALID_ID: 2608756
2023-06-30 19:38:59 [booklist] INFO: VALID_ID: 2566455
2023-06-30 19:38:59 [booklist] INFO: VALID_ID: 2578065
2023-06-30 19:38:59 [booklist] INFO: VALID_ID: 2568100
2023-06-30 19:38:59 [booklist] INFO: VALID_ID: 2566902
2023-06-30 19:38:59 [booklist] INFO: VALID_ID: 2567958
2023-06-30 19:38:59 [booklist] INFO: VALID_ID: 2566818
2023-06-30 19:38:59 [booklist] INFO: VALID_ID: 2553936
2023-06-30 19:38:59 [booklist] INFO: VALID_ID: 2566823
2023-06-30 19:38:59 [booklist] INFO: VALID_ID: 10303448
2023-06-30 19:38:59 [booklist] INFO: VALID_ID: 2566850
2023-06-30 19:38:59 [booklist] INFO: VALID_ID: 2562882
2023-06-30 19:38:59 [booklist] INFO: VALID_ID: 2566860
2023-06-30 19:38:59 [booklist] INFO: VALID_ID: 2606454
2023-06-30 19:38:59 [booklist] INFO: VALID_ID: 2606683
2023-06-30 19:38:59 [booklist] INFO: VALID_ID: 2532982
2023-06-30 19:38:59 [booklist] INFO: VALID_ID: 2553937
2023-06-30 19:38:59 [booklist] INFO: VALID_ID: 2553939
2023-06-30 19:38:59 [booklist] INFO: VALID_ID: 2542798
2023-06-30 19:38:59 [booklist] INFO: VALID_ID: 2554871
2023-06-30 19:38:59 [booklist] INFO: VALID_ID: 2566856
2023-06-30 19:38:59 [booklist] INFO: VALID_ID: 2557409
2023-06-30 19:38:59 [booklist] INFO: VALID_ID: 2566833
2023-06-30 19:38:59 [booklist] INFO: VALID_ID: 2566859
2023-06-30 19:38:59 [booklist] INFO: VALID_ID: 2547267
2023-06-30 19:38:59 [booklist] INFO: VALID_ID: 2568099
2023-06-30 19:38:59 [booklist] INFO: VALID_ID: 2568102
2023-06-30 19:38:59 [booklist] INFO: VALID_ID: 2557408
2023-06-30 19:38:59 [booklist] INFO: VALID_ID: 2608767
2023-06-30 19:38:59 [booklist] INFO: VALID_ID: 2609528
2023-06-30 19:38:59 [booklist] INFO: VALID_ID: 2554866
2023-06-30 19:38:59 [booklist] INFO: VALID_ID: 2566822
2023-06-30 19:39:00 [scrapy.core.engine] DEBUG: Crawled (200) <POST https://dl.ndl.go.jp/api/item/search> (referer: https://dl.ndl.go.jp/api/item/search)
2023-06-30 19:39:00 [booklist] INFO: Fetched page 6
2023-06-30 19:39:00 [booklist] INFO: VALID_ID: 2566829
2023-06-30 19:39:00 [booklist] INFO: VALID_ID: 11038918
2023-06-30 19:39:00 [booklist] INFO: VALID_ID: 2542597
2023-06-30 19:39:00 [booklist] INFO: VALID_ID: 2566832
2023-06-30 19:39:00 [booklist] INFO: VALID_ID: 2608767
2023-06-30 19:39:00 [booklist] INFO: VALID_ID: 2554869
2023-06-30 19:39:00 [booklist] INFO: VALID_ID: 2566830
2023-06-30 19:39:00 [booklist] INFO: VALID_ID: 1287540
2023-06-30 19:39:00 [booklist] INFO: VALID_ID: 2601112
2023-06-30 19:39:00 [booklist] INFO: VALID_ID: 2566819
2023-06-30 19:39:00 [booklist] INFO: VALID_ID: 2566821
2023-06-30 19:39:00 [booklist] INFO: VALID_ID: 2566835
2023-06-30 19:39:00 [booklist] INFO: VALID_ID: 2539337
2023-06-30 19:39:00 [booklist] INFO: VALID_ID: 2554868
2023-06-30 19:39:00 [booklist] INFO: VALID_ID: 2541090
2023-06-30 19:39:00 [booklist] INFO: VALID_ID: 2601114
2023-06-30 19:39:00 [booklist] INFO: VALID_ID: 2609528
2023-06-30 19:39:00 [booklist] INFO: VALID_ID: 2554866
2023-06-30 19:39:00 [booklist] INFO: VALID_ID: 2566822
2023-06-30 19:39:00 [booklist] INFO: VALID_ID: 2601115
2023-06-30 19:39:00 [booklist] INFO: VALID_ID: 2606657
2023-06-30 19:39:00 [booklist] INFO: VALID_ID: 11038696
2023-06-30 19:39:00 [booklist] INFO: VALID_ID: 2553940
2023-06-30 19:39:00 [booklist] INFO: VALID_ID: 2566826
2023-06-30 19:39:00 [booklist] INFO: VALID_ID: 1304578
2023-06-30 19:39:00 [booklist] INFO: VALID_ID: 2601116
2023-06-30 19:39:00 [booklist] INFO: VALID_ID: 2585729
2023-06-30 19:39:00 [booklist] INFO: VALID_ID: 2576026
2023-06-30 19:39:00 [booklist] INFO: VALID_ID: 2566856
2023-06-30 19:39:00 [booklist] INFO: VALID_ID: 2557409
2023-06-30 19:39:00 [booklist] INFO: VALID_ID: 2566833
2023-06-30 19:39:00 [booklist] INFO: VALID_ID: 2553938
2023-06-30 19:39:00 [booklist] INFO: VALID_ID: 2566820
2023-06-30 19:39:00 [booklist] INFO: VALID_ID: 2557407
2023-06-30 19:39:00 [booklist] INFO: VALID_ID: 2566824
2023-06-30 19:39:00 [booklist] INFO: VALID_ID: 2566831
2023-06-30 19:39:00 [booklist] INFO: VALID_ID: 2557406
2023-06-30 19:39:00 [booklist] INFO: VALID_ID: 2554867
2023-06-30 19:39:00 [booklist] INFO: VALID_ID: 2601113
2023-06-30 19:39:00 [booklist] INFO: VALID_ID: 2608070
2023-06-30 19:39:00 [booklist] INFO: VALID_ID: 2566857
2023-06-30 19:39:00 [booklist] INFO: VALID_ID: 1304547
2023-06-30 19:39:00 [booklist] INFO: VALID_ID: 2546504
2023-06-30 19:39:00 [booklist] INFO: VALID_ID: 2541695
2023-06-30 19:39:00 [booklist] INFO: VALID_ID: 2585726
2023-06-30 19:39:00 [booklist] INFO: VALID_ID: 2585741
2023-06-30 19:39:00 [booklist] INFO: VALID_ID: 2566834
2023-06-30 19:39:00 [booklist] INFO: VALID_ID: 2585725
2023-06-30 19:39:00 [booklist] INFO: VALID_ID: 2566836
2023-06-30 19:39:00 [booklist] INFO: VALID_ID: 2566827
2023-06-30 19:39:00 [booklist] INFO: VALID_ID: 2610177
2023-06-30 19:39:00 [booklist] INFO: VALID_ID: 2566828
2023-06-30 19:39:00 [booklist] INFO: VALID_ID: 2585734
2023-06-30 19:39:00 [booklist] INFO: VALID_ID: 2576023
2023-06-30 19:39:00 [booklist] INFO: VALID_ID: 2559249
2023-06-30 19:39:00 [booklist] INFO: VALID_ID: 2540703
2023-06-30 19:39:00 [booklist] INFO: VALID_ID: 2585723
2023-06-30 19:39:00 [booklist] INFO: VALID_ID: 2585736
2023-06-30 19:39:00 [booklist] INFO: VALID_ID: 2610397
2023-06-30 19:39:00 [booklist] INFO: VALID_ID: 2585731
2023-06-30 19:39:00 [booklist] INFO: VALID_ID: 2585738
2023-06-30 19:39:00 [booklist] INFO: VALID_ID: 2576024
2023-06-30 19:39:00 [booklist] INFO: VALID_ID: 2540702
2023-06-30 19:39:00 [booklist] INFO: VALID_ID: 2585719
2023-06-30 19:39:00 [booklist] INFO: VALID_ID: 2585732
2023-06-30 19:39:00 [booklist] INFO: VALID_ID: 2536743
2023-06-30 19:39:00 [booklist] INFO: VALID_ID: 2546505
2023-06-30 19:39:00 [booklist] INFO: VALID_ID: 2546507
2023-06-30 19:39:00 [booklist] INFO: VALID_ID: 2585727
2023-06-30 19:39:00 [booklist] INFO: VALID_ID: 2585728
2023-06-30 19:39:00 [booklist] INFO: VALID_ID: 2585730
2023-06-30 19:39:00 [booklist] INFO: VALID_ID: 2559576
2023-06-30 19:39:00 [booklist] INFO: VALID_ID: 2585742
2023-06-30 19:39:00 [booklist] INFO: VALID_ID: 2606649
2023-06-30 19:39:00 [booklist] INFO: VALID_ID: 2585721
2023-06-30 19:39:00 [booklist] INFO: VALID_ID: 2559575
2023-06-30 19:39:00 [booklist] INFO: VALID_ID: 2576030
2023-06-30 19:39:00 [booklist] INFO: VALID_ID: 2585737
2023-06-30 19:39:00 [booklist] INFO: VALID_ID: 10301065
2023-06-30 19:39:00 [booklist] INFO: VALID_ID: 2546509
2023-06-30 19:39:00 [booklist] INFO: VALID_ID: 2585743
2023-06-30 19:39:00 [booklist] INFO: VALID_ID: 2576028
2023-06-30 19:39:00 [booklist] INFO: VALID_ID: 2585724
2023-06-30 19:39:00 [booklist] INFO: VALID_ID: 2585733
2023-06-30 19:39:00 [booklist] INFO: VALID_ID: 2585739
2023-06-30 19:39:00 [booklist] INFO: VALID_ID: 2546506
2023-06-30 19:39:00 [booklist] INFO: VALID_ID: 2585722
2023-06-30 19:39:00 [booklist] INFO: VALID_ID: 2546508
2023-06-30 19:39:00 [booklist] INFO: VALID_ID: 2533128
2023-06-30 19:39:00 [booklist] INFO: VALID_ID: 2541685
2023-06-30 19:39:00 [booklist] INFO: VALID_ID: 2585718
2023-06-30 19:39:00 [booklist] INFO: VALID_ID: 2559574
2023-06-30 19:39:00 [booklist] INFO: VALID_ID: 2585735
2023-06-30 19:39:00 [booklist] INFO: VALID_ID: 2585740
2023-06-30 19:39:00 [booklist] INFO: VALID_ID: 2607970
2023-06-30 19:39:00 [booklist] INFO: VALID_ID: 2585720
2023-06-30 19:39:00 [booklist] INFO: VALID_ID: 2606673
2023-06-30 19:39:00 [booklist] INFO: VALID_ID: 2542943
2023-06-30 19:39:00 [booklist] INFO: VALID_ID: 9893168
2023-06-30 19:39:00 [booklist] INFO: VALID_ID: 9892807
2023-06-30 19:39:01 [scrapy.core.engine] DEBUG: Crawled (200) <POST https://dl.ndl.go.jp/api/item/search> (referer: https://dl.ndl.go.jp/api/item/search)
2023-06-30 19:39:01 [booklist] INFO: Fetched page 7
2023-06-30 19:39:01 [booklist] INFO: VALID_ID: 9892886
2023-06-30 19:39:01 [booklist] INFO: VALID_ID: 2546161
2023-06-30 19:39:01 [booklist] INFO: VALID_ID: 2562384
2023-06-30 19:39:01 [booklist] INFO: VALID_ID: 2546164
2023-06-30 19:39:01 [booklist] INFO: VALID_ID: 10301192
2023-06-30 19:39:01 [booklist] INFO: VALID_ID: 2608435
2023-06-30 19:39:01 [booklist] INFO: VALID_ID: 2546163
2023-06-30 19:39:01 [booklist] INFO: VALID_ID: 2546162
2023-06-30 19:39:01 [booklist] INFO: VALID_ID: 1311796
2023-06-30 19:39:01 [booklist] INFO: VALID_ID: 2532245
2023-06-30 19:39:01 [booklist] INFO: VALID_ID: 2543122
2023-06-30 19:39:01 [booklist] INFO: VALID_ID: 10301636
2023-06-30 19:39:01 [booklist] INFO: VALID_ID: 2562385
2023-06-30 19:39:01 [booklist] INFO: VALID_ID: 9893363
2023-06-30 19:39:01 [booklist] INFO: VALID_ID: 1306958
2023-06-30 19:39:01 [booklist] INFO: VALID_ID: 2557982
2023-06-30 19:39:01 [booklist] INFO: VALID_ID: 2542975
2023-06-30 19:39:01 [booklist] INFO: VALID_ID: 2607526
2023-06-30 19:39:01 [booklist] INFO: VALID_ID: 2557981
2023-06-30 19:39:01 [booklist] INFO: VALID_ID: 2553350
2023-06-30 19:39:01 [booklist] INFO: VALID_ID: 2542587
2023-06-30 19:39:01 [booklist] INFO: VALID_ID: 2599671
2023-06-30 19:39:01 [booklist] INFO: VALID_ID: 2559233
2023-06-30 19:39:01 [booklist] INFO: VALID_ID: 2543277
2023-06-30 19:39:01 [booklist] INFO: VALID_ID: 2610729
2023-06-30 19:39:01 [booklist] INFO: VALID_ID: 10301376
2023-06-30 19:39:01 [booklist] INFO: VALID_ID: 2599672
2023-06-30 19:39:01 [booklist] INFO: VALID_ID: 2543276
2023-06-30 19:39:01 [booklist] INFO: VALID_ID: 10301437
2023-06-30 19:39:01 [booklist] INFO: VALID_ID: 2532897
2023-06-30 19:39:01 [booklist] INFO: VALID_ID: 2537307
2023-06-30 19:39:01 [booklist] INFO: VALID_ID: 2605429
2023-06-30 19:39:01 [booklist] INFO: VALID_ID: 1309869
2023-06-30 19:39:01 [booklist] INFO: VALID_ID: 2607534
2023-06-30 19:39:01 [booklist] INFO: VALID_ID: 8929621
2023-06-30 19:39:01 [booklist] INFO: VALID_ID: 2610762
2023-06-30 19:39:01 [booklist] INFO: VALID_ID: 2562492
2023-06-30 19:39:01 [booklist] INFO: VALID_ID: 11891798
2023-06-30 19:39:01 [booklist] INFO: VALID_ID: 2586375
2023-06-30 19:39:01 [booklist] INFO: VALID_ID: 2562490
2023-06-30 19:39:01 [booklist] INFO: VALID_ID: 2562491
2023-06-30 19:39:01 [booklist] INFO: VALID_ID: 1306510
2023-06-30 19:39:01 [booklist] INFO: VALID_ID: 1306434
2023-06-30 19:39:01 [booklist] INFO: VALID_ID: 2535966
2023-06-30 19:39:01 [booklist] INFO: VALID_ID: 2553348
2023-06-30 19:39:01 [booklist] INFO: VALID_ID: 11446486
2023-06-30 19:39:01 [booklist] INFO: VALID_ID: 2553349
2023-06-30 19:39:01 [booklist] INFO: VALID_ID: 1305705
2023-06-30 19:39:01 [booklist] INFO: VALID_ID: 2586377
2023-06-30 19:39:01 [booklist] INFO: VALID_ID: 11891894
2023-06-30 19:39:01 [booklist] INFO: VALID_ID: 10300949
2023-06-30 19:39:01 [booklist] INFO: VALID_ID: 2585578
2023-06-30 19:39:01 [booklist] INFO: VALID_ID: 2581047
2023-06-30 19:39:01 [booklist] INFO: VALID_ID: 2558903
2023-06-30 19:39:01 [booklist] INFO: VALID_ID: 2581523
2023-06-30 19:39:01 [booklist] INFO: VALID_ID: 2586376
2023-06-30 19:39:01 [booklist] INFO: VALID_ID: 10301630
2023-06-30 19:39:01 [booklist] INFO: VALID_ID: 1304756
2023-06-30 19:39:01 [booklist] INFO: VALID_ID: 2540270
2023-06-30 19:39:01 [booklist] INFO: VALID_ID: 1305305
2023-06-30 19:39:01 [booklist] INFO: VALID_ID: 11891822
2023-06-30 19:39:01 [booklist] INFO: VALID_ID: 10303442
2023-06-30 19:39:01 [booklist] INFO: VALID_ID: 11891874
2023-06-30 19:39:01 [booklist] INFO: VALID_ID: 10301234
2023-06-30 19:39:01 [booklist] INFO: VALID_ID: 9369953
2023-06-30 19:39:01 [booklist] INFO: VALID_ID: 2558790
2023-06-30 19:39:01 [booklist] INFO: VALID_ID: 2581700
2023-06-30 19:39:01 [booklist] INFO: VALID_ID: 10304008
2023-06-30 19:39:01 [booklist] INFO: VALID_ID: 11891760
2023-06-30 19:39:01 [booklist] INFO: VALID_ID: 2542942
2023-06-30 19:39:01 [booklist] INFO: VALID_ID: 10301280
2023-06-30 19:39:01 [booklist] INFO: VALID_ID: 10301285
2023-06-30 19:39:01 [booklist] INFO: VALID_ID: 2592523
2023-06-30 19:39:01 [booklist] INFO: VALID_ID: 11891860
2023-06-30 19:39:01 [booklist] INFO: VALID_ID: 2553346
2023-06-30 19:39:01 [booklist] INFO: VALID_ID: 2609516
2023-06-30 19:39:01 [booklist] INFO: VALID_ID: 2585448
2023-06-30 19:39:01 [booklist] INFO: VALID_ID: 2598029
2023-06-30 19:39:01 [booklist] INFO: VALID_ID: 2581838
2023-06-30 19:39:01 [booklist] INFO: VALID_ID: 2554532
2023-06-30 19:39:01 [booklist] INFO: VALID_ID: 2545986
2023-06-30 19:39:01 [booklist] INFO: VALID_ID: 2598710
2023-06-30 19:39:01 [booklist] INFO: VALID_ID: 2606055
2023-06-30 19:39:01 [booklist] INFO: VALID_ID: 2551937
2023-06-30 19:39:01 [booklist] INFO: VALID_ID: 2582278
2023-06-30 19:39:01 [booklist] INFO: VALID_ID: 11891715
2023-06-30 19:39:01 [booklist] INFO: VALID_ID: 2581727
2023-06-30 19:39:01 [booklist] INFO: VALID_ID: 2581728
2023-06-30 19:39:01 [booklist] INFO: VALID_ID: 10303784
2023-06-30 19:39:01 [booklist] INFO: VALID_ID: 2537063
2023-06-30 19:39:01 [booklist] INFO: VALID_ID: 2551962
2023-06-30 19:39:01 [booklist] INFO: VALID_ID: 2537956
2023-06-30 19:39:01 [booklist] INFO: VALID_ID: 2532949
2023-06-30 19:39:01 [booklist] INFO: VALID_ID: 2533641
2023-06-30 19:39:01 [booklist] INFO: VALID_ID: 10303646
2023-06-30 19:39:01 [booklist] INFO: VALID_ID: 2581701
2023-06-30 19:39:01 [booklist] INFO: VALID_ID: 2581839
2023-06-30 19:39:01 [booklist] INFO: VALID_ID: 10301600
2023-06-30 19:39:01 [booklist] INFO: VALID_ID: 2581840
2023-06-30 19:39:01 [booklist] INFO: VALID_ID: 11891781
2023-06-30 19:39:03 [scrapy.core.engine] DEBUG: Crawled (200) <POST https://dl.ndl.go.jp/api/item/search> (referer: https://dl.ndl.go.jp/api/item/search)
2023-06-30 19:39:03 [booklist] INFO: Fetched page 8
2023-06-30 19:39:03 [booklist] INFO: VALID_ID: 2585171
2023-06-30 19:39:03 [booklist] INFO: VALID_ID: 2582277
2023-06-30 19:39:03 [booklist] INFO: VALID_ID: 2598709
2023-06-30 19:39:03 [booklist] INFO: VALID_ID: 2581840
2023-06-30 19:39:03 [booklist] INFO: VALID_ID: 10300912
2023-06-30 19:39:03 [booklist] INFO: VALID_ID: 2581726
2023-06-30 19:39:03 [booklist] INFO: VALID_ID: 10301600
2023-06-30 19:39:03 [booklist] INFO: VALID_ID: 10303970
2023-06-30 19:39:03 [booklist] INFO: VALID_ID: 2606209
2023-06-30 19:39:03 [booklist] INFO: VALID_ID: 10301715
2023-06-30 19:39:03 [booklist] INFO: VALID_ID: 1312828
2023-06-30 19:39:03 [booklist] INFO: VALID_ID: 2593578
2023-06-30 19:39:03 [booklist] INFO: VALID_ID: 10303972
2023-06-30 19:39:03 [booklist] INFO: VALID_ID: 10304022
2023-06-30 19:39:03 [booklist] INFO: VALID_ID: 11891787
2023-06-30 19:39:03 [booklist] INFO: VALID_ID: 10303680
2023-06-30 19:39:03 [booklist] INFO: VALID_ID: 10301527
2023-06-30 19:39:03 [booklist] INFO: VALID_ID: 2585447
2023-06-30 19:39:03 [booklist] INFO: VALID_ID: 2606130
2023-06-30 19:39:03 [booklist] INFO: VALID_ID: 10304002
2023-06-30 19:39:03 [booklist] INFO: VALID_ID: 2539713
2023-06-30 19:39:03 [booklist] INFO: VALID_ID: 10303845
2023-06-30 19:39:03 [booklist] INFO: VALID_ID: 2553347
2023-06-30 19:39:03 [booklist] INFO: VALID_ID: 10301298
2023-06-30 19:39:03 [booklist] INFO: VALID_ID: 11891797
2023-06-30 19:39:03 [booklist] INFO: VALID_ID: 2546234
2023-06-30 19:39:03 [booklist] INFO: VALID_ID: 10303647
2023-06-30 19:39:03 [booklist] INFO: VALID_ID: 11891840
2023-06-30 19:39:03 [booklist] INFO: VALID_ID: 10300983
2023-06-30 19:39:03 [booklist] INFO: VALID_ID: 10303668
2023-06-30 19:39:03 [booklist] INFO: VALID_ID: 2551963
2023-06-30 19:39:03 [booklist] INFO: VALID_ID: 2581039
2023-06-30 19:39:03 [booklist] INFO: VALID_ID: 2609175
2023-06-30 19:39:03 [booklist] INFO: VALID_ID: 2585408
2023-06-30 19:39:03 [booklist] INFO: VALID_ID: 10301405
2023-06-30 19:39:03 [booklist] INFO: VALID_ID: 10301114
2023-06-30 19:39:03 [booklist] INFO: VALID_ID: 2608712
2023-06-30 19:39:03 [booklist] INFO: VALID_ID: 2585308
2023-06-30 19:39:03 [booklist] INFO: VALID_ID: 2581025
2023-06-30 19:39:03 [booklist] INFO: VALID_ID: 2551927
2023-06-30 19:39:03 [booklist] INFO: VALID_ID: 10301694
2023-06-30 19:39:03 [booklist] INFO: VALID_ID: 2585407
2023-06-30 19:39:03 [booklist] INFO: VALID_ID: 2607884
2023-06-30 19:39:03 [booklist] INFO: VALID_ID: 2553339
2023-06-30 19:39:03 [booklist] INFO: VALID_ID: 2542911
2023-06-30 19:39:03 [booklist] INFO: VALID_ID: 2582273
2023-06-30 19:39:03 [booklist] INFO: VALID_ID: 10301350
2023-06-30 19:39:03 [booklist] INFO: VALID_ID: 2590637
2023-06-30 19:39:03 [booklist] INFO: VALID_ID: 2592873
2023-06-30 19:39:03 [booklist] INFO: VALID_ID: 1287792
2023-06-30 19:39:03 [booklist] INFO: VALID_ID: 2582275
2023-06-30 19:39:03 [booklist] INFO: VALID_ID: 2551961
2023-06-30 19:39:03 [booklist] INFO: VALID_ID: 1287811
2023-06-30 19:39:03 [booklist] INFO: VALID_ID: 2582276
2023-06-30 19:39:03 [booklist] INFO: VALID_ID: 1288334
2023-06-30 19:39:03 [booklist] INFO: VALID_ID: 2585552
2023-06-30 19:39:03 [booklist] INFO: VALID_ID: 2582272
2023-06-30 19:39:03 [booklist] INFO: VALID_ID: 1287686
2023-06-30 19:39:03 [booklist] INFO: VALID_ID: 1287781
2023-06-30 19:39:03 [booklist] INFO: VALID_ID: 2582271
2023-06-30 19:39:03 [booklist] INFO: VALID_ID: 1287794
2023-06-30 19:39:03 [booklist] INFO: VALID_ID: 1307472
2023-06-30 19:39:03 [booklist] INFO: VALID_ID: 1287711
2023-06-30 19:39:03 [booklist] INFO: VALID_ID: 2553336
2023-06-30 19:39:03 [booklist] INFO: VALID_ID: 1287684
2023-06-30 19:39:03 [booklist] INFO: VALID_ID: 1287823
2023-06-30 19:39:03 [booklist] INFO: VALID_ID: 1287692
2023-06-30 19:39:03 [booklist] INFO: VALID_ID: 1287793
2023-06-30 19:39:03 [booklist] INFO: VALID_ID: 1287695
2023-06-30 19:39:03 [booklist] INFO: VALID_ID: 1287682
2023-06-30 19:39:03 [booklist] INFO: VALID_ID: 1287694
2023-06-30 19:39:03 [booklist] INFO: VALID_ID: 2582274
2023-06-30 19:39:03 [booklist] INFO: VALID_ID: 1287778
2023-06-30 19:39:03 [booklist] INFO: VALID_ID: 1287703
2023-06-30 19:39:03 [booklist] INFO: VALID_ID: 1287717
2023-06-30 19:39:03 [booklist] INFO: VALID_ID: 2539709
2023-06-30 19:39:03 [booklist] INFO: VALID_ID: 1287815
2023-06-30 19:39:03 [booklist] INFO: VALID_ID: 1287821
2023-06-30 19:39:03 [booklist] INFO: VALID_ID: 2543433
2023-06-30 19:39:03 [booklist] INFO: VALID_ID: 1287693
2023-06-30 19:39:03 [booklist] INFO: VALID_ID: 1287701
2023-06-30 19:39:03 [booklist] INFO: VALID_ID: 1287807
2023-06-30 19:39:03 [booklist] INFO: VALID_ID: 1287709
2023-06-30 19:39:03 [booklist] INFO: VALID_ID: 1287784
2023-06-30 19:39:03 [booklist] INFO: VALID_ID: 1287697
2023-06-30 19:39:03 [booklist] INFO: VALID_ID: 10303986
2023-06-30 19:39:03 [booklist] INFO: VALID_ID: 10303905
2023-06-30 19:39:03 [booklist] INFO: VALID_ID: 2607879
2023-06-30 19:39:03 [booklist] INFO: VALID_ID: 1288339
2023-06-30 19:39:03 [booklist] INFO: VALID_ID: 1287716
2023-06-30 19:39:03 [booklist] INFO: VALID_ID: 10303656
2023-06-30 19:39:03 [booklist] INFO: VALID_ID: 1287687
2023-06-30 19:39:03 [booklist] INFO: VALID_ID: 1287783
2023-06-30 19:39:03 [booklist] INFO: VALID_ID: 2609674
2023-06-30 19:39:03 [booklist] INFO: VALID_ID: 1287719
2023-06-30 19:39:03 [booklist] INFO: VALID_ID: 2605579
2023-06-30 19:39:03 [booklist] INFO: VALID_ID: 1287704
2023-06-30 19:39:03 [booklist] INFO: VALID_ID: 1287810
2023-06-30 19:39:03 [booklist] INFO: VALID_ID: 1287820
2023-06-30 19:39:03 [booklist] INFO: VALID_ID: 2551756
2023-06-30 19:39:04 [scrapy.core.engine] DEBUG: Crawled (200) <POST https://dl.ndl.go.jp/api/item/search> (referer: https://dl.ndl.go.jp/api/item/search)
2023-06-30 19:39:04 [booklist] INFO: Fetched page 9
2023-06-30 19:39:04 [booklist] INFO: VALID_ID: 1287788
2023-06-30 19:39:04 [booklist] INFO: VALID_ID: 1287801
2023-06-30 19:39:04 [booklist] INFO: VALID_ID: 1287777
2023-06-30 19:39:04 [booklist] INFO: VALID_ID: 1287715
2023-06-30 19:39:04 [booklist] INFO: VALID_ID: 11892789
2023-06-30 19:39:04 [booklist] INFO: VALID_ID: 2551756
2023-06-30 19:39:04 [booklist] INFO: VALID_ID: 2560608
2023-06-30 19:39:04 [booklist] INFO: VALID_ID: 10303727
2023-06-30 19:39:04 [booklist] INFO: VALID_ID: 10303916
2023-06-30 19:39:04 [booklist] INFO: VALID_ID: 2605218
2023-06-30 19:39:04 [booklist] INFO: VALID_ID: 2585350
2023-06-30 19:39:04 [booklist] INFO: VALID_ID: 2585310
2023-06-30 19:39:04 [booklist] INFO: VALID_ID: 10301167
2023-06-30 19:39:04 [booklist] INFO: VALID_ID: 10301410
2023-06-30 19:39:04 [booklist] INFO: VALID_ID: 2608821
2023-06-30 19:39:04 [booklist] INFO: VALID_ID: 10301593
2023-06-30 19:39:04 [booklist] INFO: VALID_ID: 2610368
2023-06-30 19:39:04 [booklist] INFO: VALID_ID: 2610226
2023-06-30 19:39:04 [booklist] INFO: VALID_ID: 2608047
2023-06-30 19:39:04 [booklist] INFO: VALID_ID: 11446186
2023-06-30 19:39:04 [booklist] INFO: VALID_ID: 2609633
2023-06-30 19:39:04 [booklist] INFO: VALID_ID: 2610941
2023-06-30 19:39:04 [booklist] INFO: VALID_ID: 2559250
2023-06-30 19:39:04 [booklist] INFO: VALID_ID: 2559254
2023-06-30 19:39:04 [booklist] INFO: VALID_ID: 2559242
2023-06-30 19:39:04 [booklist] INFO: VALID_ID: 11446666
2023-06-30 19:39:04 [booklist] INFO: VALID_ID: 2559244
2023-06-30 19:39:04 [booklist] INFO: VALID_ID: 2559248
2023-06-30 19:39:04 [booklist] INFO: VALID_ID: 2559255
2023-06-30 19:39:04 [booklist] INFO: VALID_ID: 2559251
2023-06-30 19:39:04 [booklist] INFO: VALID_ID: 2559246
2023-06-30 19:39:04 [booklist] INFO: VALID_ID: 2559252
2023-06-30 19:39:04 [booklist] INFO: VALID_ID: 2559243
2023-06-30 19:39:04 [booklist] INFO: VALID_ID: 2559245
2023-06-30 19:39:04 [booklist] INFO: VALID_ID: 2559253
2023-06-30 19:39:04 [booklist] INFO: VALID_ID: 2609861
2023-06-30 19:39:04 [booklist] INFO: VALID_ID: 10301640
2023-06-30 19:39:04 [booklist] INFO: VALID_ID: 2559241
2023-06-30 19:39:04 [booklist] INFO: VALID_ID: 2610659
2023-06-30 19:39:04 [booklist] INFO: VALID_ID: 10301232
2023-06-30 19:39:04 [booklist] INFO: VALID_ID: 2609444
2023-06-30 19:39:04 [booklist] INFO: VALID_ID: 2607142
2023-06-30 19:39:04 [booklist] INFO: VALID_ID: 9892930
2023-06-30 19:39:04 [booklist] INFO: VALID_ID: 10301269
2023-06-30 19:39:04 [booklist] INFO: VALID_ID: 10301030
2023-06-30 19:39:04 [booklist] INFO: VALID_ID: 2585163
2023-06-30 19:39:04 [booklist] INFO: VALID_ID: 2559234
2023-06-30 19:39:04 [booklist] INFO: VALID_ID: 2559238
2023-06-30 19:39:04 [booklist] INFO: VALID_ID: 2559235
2023-06-30 19:39:04 [booklist] INFO: VALID_ID: 2559236
2023-06-30 19:39:04 [booklist] INFO: VALID_ID: 2559239
2023-06-30 19:39:04 [booklist] INFO: VALID_ID: 2559240
2023-06-30 19:39:04 [booklist] INFO: VALID_ID: 2609776
2023-06-30 19:39:04 [booklist] INFO: VALID_ID: 2559232
2023-06-30 19:39:04 [booklist] INFO: VALID_ID: 10301149
2023-06-30 19:39:04 [booklist] INFO: VALID_ID: 2559237
2023-06-30 19:39:04 [booklist] INFO: VALID_ID: 2585159
2023-06-30 19:39:04 [booklist] INFO: VALID_ID: 2608004
2023-06-30 19:39:04 [booklist] INFO: VALID_ID: 2609301
2023-06-30 19:39:04 [booklist] INFO: VALID_ID: 2606744
2023-06-30 19:39:04 [booklist] INFO: VALID_ID: 2611103
2023-06-30 19:39:04 [booklist] INFO: VALID_ID: 2547745
2023-06-30 19:39:04 [booklist] INFO: VALID_ID: 2606743
2023-06-30 19:39:04 [booklist] INFO: VALID_ID: 2605528
2023-06-30 19:39:04 [booklist] INFO: VALID_ID: 2609800
2023-06-30 19:39:04 [booklist] INFO: VALID_ID: 2585162
2023-06-30 19:39:04 [booklist] INFO: VALID_ID: 11446659
2023-06-30 19:39:04 [booklist] INFO: VALID_ID: 9369966
2023-06-30 19:39:04 [booklist] INFO: VALID_ID: 2609783
2023-06-30 19:39:04 [booklist] INFO: VALID_ID: 12865370
2023-06-30 19:39:04 [booklist] INFO: VALID_ID: 2611035
2023-06-30 19:39:04 [booklist] INFO: VALID_ID: 2610138
2023-06-30 19:39:05 [scrapy.core.engine] DEBUG: Crawled (200) <POST https://dl.ndl.go.jp/api/item/search> (referer: https://dl.ndl.go.jp/api/item/search)
2023-06-30 19:39:05 [booklist] INFO: Fetched page 10
2023-06-30 19:39:05 [booklist] INFO: No more books on 10
2023-06-30 19:39:05 [scrapy.core.engine] INFO: Closing spider (finished)
2023-06-30 19:39:05 [scrapy.statscollectors] INFO: Dumping Scrapy stats:
{'downloader/request_bytes': 13686,
 'downloader/request_count': 11,
 'downloader/request_method_count/GET': 1,
 'downloader/request_method_count/POST': 10,
 'downloader/response_bytes': 3600046,
 'downloader/response_count': 11,
 'downloader/response_status_count/200': 11,
 'elapsed_time_seconds': 12.678589,
 'finish_reason': 'finished',
 'finish_time': datetime.datetime(2023, 6, 30, 11, 39, 5, 371854),
 'httpcompression/response_bytes': 40988828,
 'httpcompression/response_count': 10,
 'log_count/DEBUG': 14,
 'log_count/INFO': 893,
 'memusage/max': 63856640,
 'memusage/startup': 63856640,
 'request_depth_max': 9,
 'response_received_count': 11,
 'robotstxt/request_count': 1,
 'robotstxt/response_count': 1,
 'robotstxt/response_status_count/200': 1,
 'scheduler/dequeued': 10,
 'scheduler/dequeued/memory': 10,
 'scheduler/enqueued': 10,
 'scheduler/enqueued/memory': 10,
 'start_time': datetime.datetime(2023, 6, 30, 11, 38, 52, 693265)}
2023-06-30 19:39:05 [scrapy.core.engine] INFO: Spider closed (finished)
