2023-06-30 16:26:03 [scrapy.utils.log] INFO: Scrapy 2.9.0 started (bot: ndlcrawler)
2023-06-30 16:26:03 [scrapy.utils.log] INFO: Versions: lxml 4.9.2.0, libxml2 2.9.14, cssselect 1.2.0, parsel 1.8.1, w3lib 2.1.1, Twisted 22.10.0, Python 3.10.10 (main, Mar  5 2023, 22:26:53) [GCC 12.2.1 20230201], pyOpenSSL 23.2.0 (OpenSSL 3.1.1 30 May 2023), cryptography 41.0.1, Platform Linux-6.2.12-arch1-1-x86_64-with-glibc2.37
2023-06-30 16:26:03 [scrapy.crawler] INFO: Overridden settings:
{'BOT_NAME': 'ndlcrawler',
 'FEED_EXPORT_ENCODING': 'utf-8',
 'LOG_FILE': 'logs/booklist.title.36.DESC.log',
 'NEWSPIDER_MODULE': 'ndlcrawler.spiders',
 'REQUEST_FINGERPRINTER_IMPLEMENTATION': '2.7',
 'ROBOTSTXT_OBEY': True,
 'SPIDER_MODULES': ['ndlcrawler.spiders'],
 'TWISTED_REACTOR': 'twisted.internet.asyncioreactor.AsyncioSelectorReactor'}
2023-06-30 16:26:03 [asyncio] DEBUG: Using selector: EpollSelector
2023-06-30 16:26:03 [scrapy.utils.log] DEBUG: Using reactor: twisted.internet.asyncioreactor.AsyncioSelectorReactor
2023-06-30 16:26:03 [scrapy.utils.log] DEBUG: Using asyncio event loop: asyncio.unix_events._UnixSelectorEventLoop
2023-06-30 16:26:03 [scrapy.extensions.telnet] INFO: Telnet Password: d74bf0aea278d099
2023-06-30 16:26:03 [scrapy.middleware] INFO: Enabled extensions:
['scrapy.extensions.corestats.CoreStats',
 'scrapy.extensions.telnet.TelnetConsole',
 'scrapy.extensions.memusage.MemoryUsage',
 'scrapy.extensions.logstats.LogStats']
2023-06-30 16:26:03 [scrapy.middleware] INFO: Enabled downloader middlewares:
['scrapy.downloadermiddlewares.robotstxt.RobotsTxtMiddleware',
 'scrapy.downloadermiddlewares.httpauth.HttpAuthMiddleware',
 'scrapy.downloadermiddlewares.downloadtimeout.DownloadTimeoutMiddleware',
 'scrapy.downloadermiddlewares.defaultheaders.DefaultHeadersMiddleware',
 'scrapy.downloadermiddlewares.useragent.UserAgentMiddleware',
 'scrapy.downloadermiddlewares.retry.RetryMiddleware',
 'scrapy.downloadermiddlewares.redirect.MetaRefreshMiddleware',
 'scrapy.downloadermiddlewares.httpcompression.HttpCompressionMiddleware',
 'scrapy.downloadermiddlewares.redirect.RedirectMiddleware',
 'scrapy.downloadermiddlewares.cookies.CookiesMiddleware',
 'scrapy.downloadermiddlewares.httpproxy.HttpProxyMiddleware',
 'scrapy.downloadermiddlewares.stats.DownloaderStats']
2023-06-30 16:26:03 [scrapy.middleware] INFO: Enabled spider middlewares:
['scrapy.spidermiddlewares.httperror.HttpErrorMiddleware',
 'scrapy.spidermiddlewares.offsite.OffsiteMiddleware',
 'scrapy.spidermiddlewares.referer.RefererMiddleware',
 'scrapy.spidermiddlewares.urllength.UrlLengthMiddleware',
 'scrapy.spidermiddlewares.depth.DepthMiddleware']
2023-06-30 16:26:03 [scrapy.middleware] INFO: Enabled item pipelines:
[]
2023-06-30 16:26:03 [scrapy.core.engine] INFO: Spider opened
2023-06-30 16:26:04 [scrapy.extensions.logstats] INFO: Crawled 0 pages (at 0 pages/min), scraped 0 items (at 0 items/min)
2023-06-30 16:26:04 [scrapy.extensions.telnet] INFO: Telnet console listening on 127.0.0.1:6025
2023-06-30 16:26:04 [scrapy.core.engine] DEBUG: Crawled (200) <GET https://dl.ndl.go.jp/robots.txt> (referer: None)
2023-06-30 16:26:05 [scrapy.core.engine] DEBUG: Crawled (200) <POST https://dl.ndl.go.jp/api/item/search> (referer: None)
2023-06-30 16:26:05 [booklist] INFO: Fetched page 1
2023-06-30 16:26:06 [booklist] INFO: VALID_ID: 2593409
2023-06-30 16:26:06 [booklist] INFO: VALID_ID: 2583964
2023-06-30 16:26:06 [booklist] INFO: VALID_ID: 2584540
2023-06-30 16:26:06 [booklist] INFO: VALID_ID: 2583990
2023-06-30 16:26:06 [booklist] INFO: VALID_ID: 10300928
2023-06-30 16:26:06 [booklist] INFO: VALID_ID: 10303916
2023-06-30 16:26:06 [booklist] INFO: VALID_ID: 2592986
2023-06-30 16:26:06 [booklist] INFO: VALID_ID: 2584562
2023-06-30 16:26:06 [booklist] INFO: VALID_ID: 2584685
2023-06-30 16:26:06 [booklist] INFO: VALID_ID: 2598805
2023-06-30 16:26:06 [booklist] INFO: VALID_ID: 2583357
2023-06-30 16:26:06 [booklist] INFO: VALID_ID: 2592990
2023-06-30 16:26:06 [booklist] INFO: VALID_ID: 2592984
2023-06-30 16:26:06 [booklist] INFO: VALID_ID: 2583961
2023-06-30 16:26:06 [booklist] INFO: VALID_ID: 2571835
2023-06-30 16:26:06 [booklist] INFO: VALID_ID: 2582357
2023-06-30 16:26:06 [booklist] INFO: VALID_ID: 2592983
2023-06-30 16:26:06 [booklist] INFO: VALID_ID: 2585481
2023-06-30 16:26:06 [booklist] INFO: VALID_ID: 2592985
2023-06-30 16:26:06 [booklist] INFO: VALID_ID: 2592988
2023-06-30 16:26:06 [booklist] INFO: VALID_ID: 2592987
2023-06-30 16:26:06 [booklist] INFO: VALID_ID: 2592960
2023-06-30 16:26:06 [booklist] INFO: VALID_ID: 2584566
2023-06-30 16:26:06 [booklist] INFO: VALID_ID: 2584208
2023-06-30 16:26:06 [booklist] INFO: VALID_ID: 2547614
2023-06-30 16:26:06 [booklist] INFO: VALID_ID: 2592991
2023-06-30 16:26:06 [booklist] INFO: VALID_ID: 2583962
2023-06-30 16:26:06 [booklist] INFO: VALID_ID: 2583963
2023-06-30 16:26:06 [booklist] INFO: VALID_ID: 2571875
2023-06-30 16:26:06 [booklist] INFO: VALID_ID: 2559182
2023-06-30 16:26:06 [booklist] INFO: VALID_ID: 2549613
2023-06-30 16:26:06 [booklist] INFO: VALID_ID: 2593509
2023-06-30 16:26:06 [booklist] INFO: VALID_ID: 2583896
2023-06-30 16:26:06 [booklist] INFO: VALID_ID: 2585582
2023-06-30 16:26:06 [booklist] INFO: VALID_ID: 2585684
2023-06-30 16:26:06 [booklist] INFO: VALID_ID: 2584564
2023-06-30 16:26:06 [booklist] INFO: VALID_ID: 2592992
2023-06-30 16:26:06 [booklist] INFO: VALID_ID: 2592767
2023-06-30 16:26:06 [booklist] INFO: VALID_ID: 2559181
2023-06-30 16:26:06 [booklist] INFO: VALID_ID: 2584608
2023-06-30 16:26:06 [booklist] INFO: VALID_ID: 2584064
2023-06-30 16:26:06 [booklist] INFO: VALID_ID: 2584565
2023-06-30 16:26:06 [booklist] INFO: VALID_ID: 2581825
2023-06-30 16:26:06 [booklist] INFO: VALID_ID: 2559180
2023-06-30 16:26:06 [booklist] INFO: VALID_ID: 2586496
2023-06-30 16:26:06 [booklist] INFO: VALID_ID: 2584560
2023-06-30 16:26:06 [booklist] INFO: VALID_ID: 2585400
2023-06-30 16:26:06 [booklist] INFO: VALID_ID: 2584563
2023-06-30 16:26:06 [booklist] INFO: VALID_ID: 2584559
2023-06-30 16:26:06 [booklist] INFO: VALID_ID: 2583965
2023-06-30 16:26:06 [booklist] INFO: VALID_ID: 2584561
2023-06-30 16:26:06 [booklist] INFO: VALID_ID: 10303957
2023-06-30 16:26:06 [booklist] INFO: VALID_ID: 2548476
2023-06-30 16:26:06 [booklist] INFO: VALID_ID: 2597284
2023-06-30 16:26:06 [booklist] INFO: VALID_ID: 2587992
2023-06-30 16:26:06 [booklist] INFO: VALID_ID: 2598647
2023-06-30 16:26:06 [booklist] INFO: VALID_ID: 2584781
2023-06-30 16:26:06 [booklist] INFO: VALID_ID: 2583959
2023-06-30 16:26:06 [booklist] INFO: VALID_ID: 2553320
2023-06-30 16:26:06 [booklist] INFO: VALID_ID: 2547570
2023-06-30 16:26:06 [booklist] INFO: VALID_ID: 2584389
2023-06-30 16:26:06 [booklist] INFO: VALID_ID: 2584479
2023-06-30 16:26:06 [booklist] INFO: VALID_ID: 2583960
2023-06-30 16:26:06 [booklist] INFO: VALID_ID: 2580956
2023-06-30 16:26:06 [booklist] INFO: VALID_ID: 2581042
2023-06-30 16:26:06 [booklist] INFO: VALID_ID: 2587705
2023-06-30 16:26:06 [booklist] INFO: VALID_ID: 2585793
2023-06-30 16:26:06 [booklist] INFO: VALID_ID: 2545475
2023-06-30 16:26:06 [booklist] INFO: VALID_ID: 11223176
2023-06-30 16:26:06 [booklist] INFO: VALID_ID: 2573613
2023-06-30 16:26:06 [booklist] INFO: VALID_ID: 11892779
2023-06-30 16:26:06 [booklist] INFO: VALID_ID: 11892612
2023-06-30 16:26:06 [booklist] INFO: VALID_ID: 2551913
2023-06-30 16:26:06 [booklist] INFO: VALID_ID: 11606637
2023-06-30 16:26:06 [booklist] INFO: VALID_ID: 10301288
2023-06-30 16:26:06 [booklist] INFO: VALID_ID: 11038909
2023-06-30 16:26:06 [booklist] INFO: VALID_ID: 2585299
2023-06-30 16:26:06 [booklist] INFO: VALID_ID: 2540139
2023-06-30 16:26:06 [booklist] INFO: VALID_ID: 2559075
2023-06-30 16:26:06 [booklist] INFO: VALID_ID: 2605124
2023-06-30 16:26:06 [booklist] INFO: VALID_ID: 11892584
2023-06-30 16:26:06 [booklist] INFO: VALID_ID: 2547356
2023-06-30 16:26:06 [booklist] INFO: VALID_ID: 2585888
2023-06-30 16:26:06 [booklist] INFO: VALID_ID: 12865512
2023-06-30 16:26:06 [booklist] INFO: VALID_ID: 2551364
2023-06-30 16:26:06 [booklist] INFO: VALID_ID: 2559255
2023-06-30 16:26:06 [booklist] INFO: VALID_ID: 2551935
2023-06-30 16:26:06 [booklist] INFO: VALID_ID: 10300957
2023-06-30 16:26:06 [booklist] INFO: VALID_ID: 2551972
2023-06-30 16:26:06 [booklist] INFO: VALID_ID: 10301307
2023-06-30 16:26:06 [booklist] INFO: VALID_ID: 2559183
2023-06-30 16:26:06 [booklist] INFO: VALID_ID: 2576232
2023-06-30 16:26:06 [booklist] INFO: VALID_ID: 2559179
2023-06-30 16:26:06 [booklist] INFO: VALID_ID: 2555102
2023-06-30 16:26:06 [booklist] INFO: VALID_ID: 2556396
2023-06-30 16:26:06 [booklist] INFO: VALID_ID: 2579544
2023-06-30 16:26:06 [booklist] INFO: VALID_ID: 2579058
2023-06-30 16:26:06 [booklist] INFO: VALID_ID: 2593057
2023-06-30 16:26:06 [booklist] INFO: VALID_ID: 2549407
2023-06-30 16:26:06 [booklist] INFO: VALID_ID: 2589821
2023-06-30 16:26:07 [scrapy.core.engine] DEBUG: Crawled (200) <POST https://dl.ndl.go.jp/api/item/search> (referer: https://dl.ndl.go.jp/api/item/search)
2023-06-30 16:26:07 [booklist] INFO: Fetched page 2
2023-06-30 16:26:08 [booklist] INFO: VALID_ID: 2549407
2023-06-30 16:26:08 [booklist] INFO: VALID_ID: 2589821
2023-06-30 16:26:08 [booklist] INFO: VALID_ID: 2551035
2023-06-30 16:26:08 [booklist] INFO: VALID_ID: 2591305
2023-06-30 16:26:08 [booklist] INFO: VALID_ID: 2581154
2023-06-30 16:26:08 [booklist] INFO: VALID_ID: 2575638
2023-06-30 16:26:08 [booklist] INFO: VALID_ID: 2545320
2023-06-30 16:26:08 [booklist] INFO: VALID_ID: 2545540
2023-06-30 16:26:08 [booklist] INFO: VALID_ID: 2597830
2023-06-30 16:26:08 [booklist] INFO: VALID_ID: 2574452
2023-06-30 16:26:08 [booklist] INFO: VALID_ID: 2573261
2023-06-30 16:26:08 [booklist] INFO: VALID_ID: 2600157
2023-06-30 16:26:08 [booklist] INFO: VALID_ID: 2551314
2023-06-30 16:26:08 [booklist] INFO: VALID_ID: 2592481
2023-06-30 16:26:08 [booklist] INFO: VALID_ID: 2551799
2023-06-30 16:26:08 [booklist] INFO: VALID_ID: 2576730
2023-06-30 16:26:08 [booklist] INFO: VALID_ID: 2549479
2023-06-30 16:26:08 [booklist] INFO: VALID_ID: 2549521
2023-06-30 16:26:08 [booklist] INFO: VALID_ID: 2600691
2023-06-30 16:26:08 [booklist] INFO: VALID_ID: 2559235
2023-06-30 16:26:08 [booklist] INFO: VALID_ID: 2579767
2023-06-30 16:26:08 [booklist] INFO: VALID_ID: 2554599
2023-06-30 16:26:08 [booklist] INFO: VALID_ID: 2570515
2023-06-30 16:26:08 [booklist] INFO: VALID_ID: 2565061
2023-06-30 16:26:08 [booklist] INFO: VALID_ID: 2603214
2023-06-30 16:26:08 [booklist] INFO: VALID_ID: 2562611
2023-06-30 16:26:08 [booklist] INFO: VALID_ID: 2577127
2023-06-30 16:26:08 [booklist] INFO: VALID_ID: 2559211
2023-06-30 16:26:08 [booklist] INFO: VALID_ID: 2571343
2023-06-30 16:26:08 [booklist] INFO: VALID_ID: 2569732
2023-06-30 16:26:08 [booklist] INFO: VALID_ID: 2552013
2023-06-30 16:26:08 [booklist] INFO: VALID_ID: 2593213
2023-06-30 16:26:08 [booklist] INFO: VALID_ID: 2600899
2023-06-30 16:26:08 [booklist] INFO: VALID_ID: 2580631
2023-06-30 16:26:08 [booklist] INFO: VALID_ID: 2573381
2023-06-30 16:26:08 [booklist] INFO: VALID_ID: 2564789
2023-06-30 16:26:08 [booklist] INFO: VALID_ID: 2574572
2023-06-30 16:26:08 [booklist] INFO: VALID_ID: 2575725
2023-06-30 16:26:08 [booklist] INFO: VALID_ID: 2595947
2023-06-30 16:26:08 [booklist] INFO: VALID_ID: 2601074
2023-06-30 16:26:08 [booklist] INFO: VALID_ID: 2574067
2023-06-30 16:26:08 [booklist] INFO: VALID_ID: 2567500
2023-06-30 16:26:08 [booklist] INFO: VALID_ID: 2544181
2023-06-30 16:26:08 [booklist] INFO: VALID_ID: 2550056
2023-06-30 16:26:08 [booklist] INFO: VALID_ID: 2560355
2023-06-30 16:26:08 [booklist] INFO: VALID_ID: 2578664
2023-06-30 16:26:08 [booklist] INFO: VALID_ID: 2585071
2023-06-30 16:26:08 [booklist] INFO: VALID_ID: 2576346
2023-06-30 16:26:08 [booklist] INFO: VALID_ID: 2570695
2023-06-30 16:26:08 [booklist] INFO: VALID_ID: 2586055
2023-06-30 16:26:08 [booklist] INFO: VALID_ID: 2558509
2023-06-30 16:26:08 [booklist] INFO: VALID_ID: 2591622
2023-06-30 16:26:08 [booklist] INFO: VALID_ID: 2596093
2023-06-30 16:26:08 [booklist] INFO: VALID_ID: 2562550
2023-06-30 16:26:08 [booklist] INFO: VALID_ID: 2579094
2023-06-30 16:26:08 [booklist] INFO: VALID_ID: 2596475
2023-06-30 16:26:08 [booklist] INFO: VALID_ID: 2546698
2023-06-30 16:26:08 [booklist] INFO: VALID_ID: 2559032
2023-06-30 16:26:08 [booklist] INFO: VALID_ID: 2573723
2023-06-30 16:26:08 [booklist] INFO: VALID_ID: 2588078
2023-06-30 16:26:08 [booklist] INFO: VALID_ID: 2545926
2023-06-30 16:26:08 [booklist] INFO: VALID_ID: 2559299
2023-06-30 16:26:08 [booklist] INFO: VALID_ID: 2576949
2023-06-30 16:26:08 [booklist] INFO: VALID_ID: 2546313
2023-06-30 16:26:08 [booklist] INFO: VALID_ID: 2583211
2023-06-30 16:26:08 [booklist] INFO: VALID_ID: 2574615
2023-06-30 16:26:08 [booklist] INFO: VALID_ID: 2565713
2023-06-30 16:26:08 [booklist] INFO: VALID_ID: 2556474
2023-06-30 16:26:08 [booklist] INFO: VALID_ID: 2596000
2023-06-30 16:26:08 [booklist] INFO: VALID_ID: 2596989
2023-06-30 16:26:08 [booklist] INFO: VALID_ID: 2564718
2023-06-30 16:26:08 [booklist] INFO: VALID_ID: 2561716
2023-06-30 16:26:08 [booklist] INFO: VALID_ID: 2601313
2023-06-30 16:26:08 [booklist] INFO: VALID_ID: 2567594
2023-06-30 16:26:08 [booklist] INFO: VALID_ID: 2569389
2023-06-30 16:26:08 [booklist] INFO: VALID_ID: 2591392
2023-06-30 16:26:08 [booklist] INFO: VALID_ID: 2600760
2023-06-30 16:26:08 [booklist] INFO: VALID_ID: 2552743
2023-06-30 16:26:08 [booklist] INFO: VALID_ID: 2570104
2023-06-30 16:26:08 [booklist] INFO: VALID_ID: 2544269
2023-06-30 16:26:08 [booklist] INFO: VALID_ID: 2565767
2023-06-30 16:26:08 [booklist] INFO: VALID_ID: 2557857
2023-06-30 16:26:08 [booklist] INFO: VALID_ID: 2577328
2023-06-30 16:26:08 [booklist] INFO: VALID_ID: 2552326
2023-06-30 16:26:08 [booklist] INFO: VALID_ID: 2545115
2023-06-30 16:26:08 [booklist] INFO: VALID_ID: 2580321
2023-06-30 16:26:08 [booklist] INFO: VALID_ID: 2575590
2023-06-30 16:26:08 [booklist] INFO: VALID_ID: 2580381
2023-06-30 16:26:08 [booklist] INFO: VALID_ID: 2544083
2023-06-30 16:26:08 [booklist] INFO: VALID_ID: 2592004
2023-06-30 16:26:08 [booklist] INFO: VALID_ID: 2600949
2023-06-30 16:26:08 [booklist] INFO: VALID_ID: 2556562
2023-06-30 16:26:08 [booklist] INFO: VALID_ID: 2577061
2023-06-30 16:26:08 [booklist] INFO: VALID_ID: 2562464
2023-06-30 16:26:08 [booklist] INFO: VALID_ID: 2557060
2023-06-30 16:26:08 [booklist] INFO: VALID_ID: 2585984
2023-06-30 16:26:08 [booklist] INFO: VALID_ID: 2573818
2023-06-30 16:26:08 [booklist] INFO: VALID_ID: 2573898
2023-06-30 16:26:08 [booklist] INFO: VALID_ID: 2560835
2023-06-30 16:26:08 [booklist] INFO: VALID_ID: 2596383
2023-06-30 16:26:09 [scrapy.core.engine] DEBUG: Crawled (200) <POST https://dl.ndl.go.jp/api/item/search> (referer: https://dl.ndl.go.jp/api/item/search)
2023-06-30 16:26:09 [booklist] INFO: Fetched page 3
2023-06-30 16:26:09 [booklist] INFO: VALID_ID: 2557060
2023-06-30 16:26:09 [booklist] INFO: VALID_ID: 2585984
2023-06-30 16:26:09 [booklist] INFO: VALID_ID: 2576446
2023-06-30 16:26:09 [booklist] INFO: VALID_ID: 2601377
2023-06-30 16:26:09 [booklist] INFO: VALID_ID: 2596383
2023-06-30 16:26:09 [booklist] INFO: VALID_ID: 2557970
2023-06-30 16:26:09 [booklist] INFO: VALID_ID: 2551432
2023-06-30 16:26:09 [booklist] INFO: VALID_ID: 2600854
2023-06-30 16:26:09 [booklist] INFO: VALID_ID: 2601153
2023-06-30 16:26:09 [booklist] INFO: VALID_ID: 2553767
2023-06-30 16:26:09 [booklist] INFO: VALID_ID: 2596849
2023-06-30 16:26:09 [booklist] INFO: VALID_ID: 2590676
2023-06-30 16:26:09 [booklist] INFO: VALID_ID: 2588376
2023-06-30 16:26:09 [booklist] INFO: VALID_ID: 2550005
2023-06-30 16:26:09 [booklist] INFO: VALID_ID: 2591158
2023-06-30 16:26:09 [booklist] INFO: VALID_ID: 2578828
2023-06-30 16:26:09 [booklist] INFO: VALID_ID: 2601313
2023-06-30 16:26:09 [booklist] INFO: VALID_ID: 2567594
2023-06-30 16:26:09 [booklist] INFO: VALID_ID: 2569389
2023-06-30 16:26:09 [booklist] INFO: VALID_ID: 2564718
2023-06-30 16:26:09 [booklist] INFO: VALID_ID: 2561716
2023-06-30 16:26:09 [booklist] INFO: VALID_ID: 2556474
2023-06-30 16:26:09 [booklist] INFO: VALID_ID: 2596000
2023-06-30 16:26:09 [booklist] INFO: VALID_ID: 2596989
2023-06-30 16:26:09 [booklist] INFO: VALID_ID: 2591392
2023-06-30 16:26:09 [booklist] INFO: VALID_ID: 2541351
2023-06-30 16:26:09 [booklist] INFO: VALID_ID: 2555946
2023-06-30 16:26:09 [booklist] INFO: VALID_ID: 2590121
2023-06-30 16:26:09 [booklist] INFO: VALID_ID: 2561441
2023-06-30 16:26:09 [booklist] INFO: VALID_ID: 2553497
2023-06-30 16:26:09 [booklist] INFO: VALID_ID: 2562046
2023-06-30 16:26:09 [booklist] INFO: VALID_ID: 2577628
2023-06-30 16:26:09 [booklist] INFO: VALID_ID: 2590151
2023-06-30 16:26:09 [booklist] INFO: VALID_ID: 2562043
2023-06-30 16:26:09 [booklist] INFO: VALID_ID: 2562016
2023-06-30 16:26:09 [booklist] INFO: VALID_ID: 2590148
2023-06-30 16:26:09 [booklist] INFO: VALID_ID: 2570184
2023-06-30 16:26:09 [booklist] INFO: VALID_ID: 11891866
2023-06-30 16:26:09 [booklist] INFO: VALID_ID: 2572271
2023-06-30 16:26:09 [booklist] INFO: VALID_ID: 2577428
2023-06-30 16:26:09 [booklist] INFO: VALID_ID: 2597189
2023-06-30 16:26:09 [booklist] INFO: VALID_ID: 2573998
2023-06-30 16:26:09 [booklist] INFO: VALID_ID: 2590021
2023-06-30 16:26:09 [booklist] INFO: VALID_ID: 2590522
2023-06-30 16:26:09 [booklist] INFO: VALID_ID: 2590221
2023-06-30 16:26:09 [booklist] INFO: VALID_ID: 2551135
2023-06-30 16:26:09 [booklist] INFO: VALID_ID: 2590145
2023-06-30 16:26:09 [booklist] INFO: VALID_ID: 2561916
2023-06-30 16:26:09 [booklist] INFO: VALID_ID: 2562048
2023-06-30 16:26:09 [booklist] INFO: VALID_ID: 2571185
2023-06-30 16:26:09 [booklist] INFO: VALID_ID: 2590147
2023-06-30 16:26:09 [booklist] INFO: VALID_ID: 2562116
2023-06-30 16:26:09 [booklist] INFO: VALID_ID: 2589921
2023-06-30 16:26:09 [booklist] INFO: VALID_ID: 2590321
2023-06-30 16:26:09 [booklist] INFO: VALID_ID: 2562042
2023-06-30 16:26:09 [booklist] INFO: VALID_ID: 2561816
2023-06-30 16:26:09 [booklist] INFO: VALID_ID: 2562045
2023-06-30 16:26:09 [booklist] INFO: VALID_ID: 2570615
2023-06-30 16:26:09 [booklist] INFO: VALID_ID: 2590150
2023-06-30 16:26:09 [booklist] INFO: VALID_ID: 2596949
2023-06-30 16:26:09 [booklist] INFO: VALID_ID: 2584254
2023-06-30 16:26:09 [booklist] INFO: VALID_ID: 2597930
2023-06-30 16:26:09 [booklist] INFO: VALID_ID: 2562047
2023-06-30 16:26:09 [booklist] INFO: VALID_ID: 2562049
2023-06-30 16:26:09 [booklist] INFO: VALID_ID: 2571085
2023-06-30 16:26:09 [booklist] INFO: VALID_ID: 2562041
2023-06-30 16:26:09 [booklist] INFO: VALID_ID: 2590153
2023-06-30 16:26:09 [booklist] INFO: VALID_ID: 2577528
2023-06-30 16:26:09 [booklist] INFO: VALID_ID: 2562044
2023-06-30 16:26:09 [booklist] INFO: VALID_ID: 2590152
2023-06-30 16:26:09 [booklist] INFO: VALID_ID: 2597089
2023-06-30 16:26:09 [booklist] INFO: VALID_ID: 2590149
2023-06-30 16:26:09 [booklist] INFO: VALID_ID: 2590154
2023-06-30 16:26:09 [booklist] INFO: VALID_ID: 2600407
2023-06-30 16:26:09 [booklist] INFO: VALID_ID: 2562040
2023-06-30 16:26:09 [booklist] INFO: VALID_ID: 2590146
2023-06-30 16:26:09 [booklist] INFO: VALID_ID: 2587250
2023-06-30 16:26:09 [booklist] INFO: VALID_ID: 2548708
2023-06-30 16:26:09 [booklist] INFO: VALID_ID: 2588563
2023-06-30 16:26:09 [booklist] INFO: VALID_ID: 2572371
2023-06-30 16:26:09 [booklist] INFO: VALID_ID: 2565063
2023-06-30 16:26:09 [booklist] INFO: VALID_ID: 2565065
2023-06-30 16:26:09 [booklist] INFO: VALID_ID: 2587320
2023-06-30 16:26:09 [booklist] INFO: VALID_ID: 2607831
2023-06-30 16:26:09 [booklist] INFO: VALID_ID: 2572062
2023-06-30 16:26:09 [booklist] INFO: VALID_ID: 2565072
2023-06-30 16:26:09 [booklist] INFO: VALID_ID: 2565073
2023-06-30 16:26:09 [booklist] INFO: VALID_ID: 2565062
2023-06-30 16:26:09 [booklist] INFO: VALID_ID: 2565067
2023-06-30 16:26:09 [booklist] INFO: VALID_ID: 10303969
2023-06-30 16:26:09 [booklist] INFO: VALID_ID: 2565066
2023-06-30 16:26:09 [booklist] INFO: VALID_ID: 2565068
2023-06-30 16:26:09 [booklist] INFO: VALID_ID: 2565069
2023-06-30 16:26:09 [booklist] INFO: VALID_ID: 2565071
2023-06-30 16:26:09 [booklist] INFO: VALID_ID: 2565064
2023-06-30 16:26:09 [booklist] INFO: VALID_ID: 2565070
2023-06-30 16:26:09 [booklist] INFO: VALID_ID: 2559216
2023-06-30 16:26:09 [booklist] INFO: VALID_ID: 2559217
2023-06-30 16:26:09 [booklist] INFO: VALID_ID: 2572791
2023-06-30 16:26:09 [booklist] INFO: VALID_ID: 2549772
2023-06-30 16:26:11 [scrapy.core.engine] DEBUG: Crawled (200) <POST https://dl.ndl.go.jp/api/item/search> (referer: https://dl.ndl.go.jp/api/item/search)
2023-06-30 16:26:11 [booklist] INFO: Fetched page 4
2023-06-30 16:26:12 [booklist] INFO: VALID_ID: 2571393
2023-06-30 16:26:12 [booklist] INFO: VALID_ID: 2571517
2023-06-30 16:26:12 [booklist] INFO: VALID_ID: 2588663
2023-06-30 16:26:12 [booklist] INFO: VALID_ID: 2573014
2023-06-30 16:26:12 [booklist] INFO: VALID_ID: 2544861
2023-06-30 16:26:12 [booklist] INFO: VALID_ID: 2574761
2023-06-30 16:26:12 [booklist] INFO: VALID_ID: 2562328
2023-06-30 16:26:12 [booklist] INFO: VALID_ID: 2532089
2023-06-30 16:26:12 [booklist] INFO: VALID_ID: 2574121
2023-06-30 16:26:12 [booklist] INFO: VALID_ID: 2599735
2023-06-30 16:26:12 [booklist] INFO: VALID_ID: 2548757
2023-06-30 16:26:12 [booklist] INFO: VALID_ID: 2574120
2023-06-30 16:26:12 [booklist] INFO: VALID_ID: 2574129
2023-06-30 16:26:12 [booklist] INFO: VALID_ID: 2574131
2023-06-30 16:26:12 [booklist] INFO: VALID_ID: 10301670
2023-06-30 16:26:12 [booklist] INFO: VALID_ID: 2574124
2023-06-30 16:26:12 [booklist] INFO: VALID_ID: 2574128
2023-06-30 16:26:12 [booklist] INFO: VALID_ID: 2553611
2023-06-30 16:26:12 [booklist] INFO: VALID_ID: 2572885
2023-06-30 16:26:12 [booklist] INFO: VALID_ID: 2544209
2023-06-30 16:26:12 [booklist] INFO: VALID_ID: 2574123
2023-06-30 16:26:12 [booklist] INFO: VALID_ID: 2544845
2023-06-30 16:26:12 [booklist] INFO: VALID_ID: 2574122
2023-06-30 16:26:12 [booklist] INFO: VALID_ID: 2574119
2023-06-30 16:26:12 [booklist] INFO: VALID_ID: 2574125
2023-06-30 16:26:12 [booklist] INFO: VALID_ID: 2574127
2023-06-30 16:26:12 [booklist] INFO: VALID_ID: 2574132
2023-06-30 16:26:12 [booklist] INFO: VALID_ID: 2550445
2023-06-30 16:26:12 [booklist] INFO: VALID_ID: 2609626
2023-06-30 16:26:12 [booklist] INFO: VALID_ID: 2574130
2023-06-30 16:26:12 [booklist] INFO: VALID_ID: 2574133
2023-06-30 16:26:12 [booklist] INFO: VALID_ID: 2574126
2023-06-30 16:26:12 [booklist] INFO: VALID_ID: 2575945
2023-06-30 16:26:12 [booklist] INFO: VALID_ID: 2588864
2023-06-30 16:26:12 [booklist] INFO: VALID_ID: 2549838
2023-06-30 16:26:12 [booklist] INFO: VALID_ID: 2548914
2023-06-30 16:26:12 [booklist] INFO: VALID_ID: 2548994
2023-06-30 16:26:12 [booklist] INFO: VALID_ID: 2573412
2023-06-30 16:26:12 [booklist] INFO: VALID_ID: 2573443
2023-06-30 16:26:12 [booklist] INFO: VALID_ID: 2573427
2023-06-30 16:26:12 [booklist] INFO: VALID_ID: 2573437
2023-06-30 16:26:12 [booklist] INFO: VALID_ID: 2573440
2023-06-30 16:26:12 [booklist] INFO: VALID_ID: 2573459
2023-06-30 16:26:12 [booklist] INFO: VALID_ID: 2573479
2023-06-30 16:26:12 [booklist] INFO: VALID_ID: 2573408
2023-06-30 16:26:12 [booklist] INFO: VALID_ID: 2573413
2023-06-30 16:26:12 [booklist] INFO: VALID_ID: 2573421
2023-06-30 16:26:12 [booklist] INFO: VALID_ID: 2573422
2023-06-30 16:26:12 [booklist] INFO: VALID_ID: 2589164
2023-06-30 16:26:12 [booklist] INFO: VALID_ID: 2573407
2023-06-30 16:26:12 [booklist] INFO: VALID_ID: 2573415
2023-06-30 16:26:12 [booklist] INFO: VALID_ID: 2573417
2023-06-30 16:26:12 [booklist] INFO: VALID_ID: 2573457
2023-06-30 16:26:12 [booklist] INFO: VALID_ID: 2573464
2023-06-30 16:26:12 [booklist] INFO: VALID_ID: 2573466
2023-06-30 16:26:12 [booklist] INFO: VALID_ID: 2573480
2023-06-30 16:26:12 [booklist] INFO: VALID_ID: 2573425
2023-06-30 16:26:12 [booklist] INFO: VALID_ID: 2573438
2023-06-30 16:26:12 [booklist] INFO: VALID_ID: 2573442
2023-06-30 16:26:12 [booklist] INFO: VALID_ID: 2573409
2023-06-30 16:26:12 [booklist] INFO: VALID_ID: 2573433
2023-06-30 16:26:12 [booklist] INFO: VALID_ID: 2573472
2023-06-30 16:26:12 [booklist] INFO: VALID_ID: 2573445
2023-06-30 16:26:12 [booklist] INFO: VALID_ID: 2573467
2023-06-30 16:26:12 [booklist] INFO: VALID_ID: 2573404
2023-06-30 16:26:12 [booklist] INFO: VALID_ID: 2573444
2023-06-30 16:26:12 [booklist] INFO: VALID_ID: 2573397
2023-06-30 16:26:12 [booklist] INFO: VALID_ID: 2573419
2023-06-30 16:26:12 [booklist] INFO: VALID_ID: 10301717
2023-06-30 16:26:12 [booklist] INFO: VALID_ID: 2573400
2023-06-30 16:26:12 [booklist] INFO: VALID_ID: 2573458
2023-06-30 16:26:12 [booklist] INFO: VALID_ID: 2573434
2023-06-30 16:26:12 [booklist] INFO: VALID_ID: 2573450
2023-06-30 16:26:12 [booklist] INFO: VALID_ID: 2573474
2023-06-30 16:26:12 [booklist] INFO: VALID_ID: 2573406
2023-06-30 16:26:12 [booklist] INFO: VALID_ID: 2573414
2023-06-30 16:26:12 [booklist] INFO: VALID_ID: 2573426
2023-06-30 16:26:12 [booklist] INFO: VALID_ID: 2573435
2023-06-30 16:26:12 [booklist] INFO: VALID_ID: 2573436
2023-06-30 16:26:12 [booklist] INFO: VALID_ID: 2573448
2023-06-30 16:26:12 [booklist] INFO: VALID_ID: 2573456
2023-06-30 16:26:12 [booklist] INFO: VALID_ID: 2573477
2023-06-30 16:26:12 [booklist] INFO: VALID_ID: 2573460
2023-06-30 16:26:12 [booklist] INFO: VALID_ID: 2573429
2023-06-30 16:26:12 [booklist] INFO: VALID_ID: 2573403
2023-06-30 16:26:12 [booklist] INFO: VALID_ID: 2573411
2023-06-30 16:26:12 [booklist] INFO: VALID_ID: 2588428
2023-06-30 16:26:12 [booklist] INFO: VALID_ID: 2573396
2023-06-30 16:26:12 [booklist] INFO: VALID_ID: 2573405
2023-06-30 16:26:12 [booklist] INFO: VALID_ID: 2573447
2023-06-30 16:26:12 [booklist] INFO: VALID_ID: 2573451
2023-06-30 16:26:12 [booklist] INFO: VALID_ID: 2573454
2023-06-30 16:26:12 [booklist] INFO: VALID_ID: 2573423
2023-06-30 16:26:12 [booklist] INFO: VALID_ID: 2573455
2023-06-30 16:26:12 [booklist] INFO: VALID_ID: 2573470
2023-06-30 16:26:12 [booklist] INFO: VALID_ID: 2573439
2023-06-30 16:26:12 [booklist] INFO: VALID_ID: 2573462
2023-06-30 16:26:12 [booklist] INFO: VALID_ID: 2573398
2023-06-30 16:26:12 [booklist] INFO: VALID_ID: 2608872
2023-06-30 16:26:12 [booklist] INFO: VALID_ID: 2573428
2023-06-30 16:26:13 [scrapy.core.engine] DEBUG: Crawled (200) <POST https://dl.ndl.go.jp/api/item/search> (referer: https://dl.ndl.go.jp/api/item/search)
2023-06-30 16:26:13 [booklist] INFO: Fetched page 5
2023-06-30 16:26:14 [booklist] INFO: VALID_ID: 2573455
2023-06-30 16:26:14 [booklist] INFO: VALID_ID: 2573470
2023-06-30 16:26:14 [booklist] INFO: VALID_ID: 2608872
2023-06-30 16:26:14 [booklist] INFO: VALID_ID: 2573428
2023-06-30 16:26:14 [booklist] INFO: VALID_ID: 2573452
2023-06-30 16:26:14 [booklist] INFO: VALID_ID: 2573453
2023-06-30 16:26:14 [booklist] INFO: VALID_ID: 2573469
2023-06-30 16:26:14 [booklist] INFO: VALID_ID: 2573473
2023-06-30 16:26:14 [booklist] INFO: VALID_ID: 2573482
2023-06-30 16:26:14 [booklist] INFO: VALID_ID: 2573420
2023-06-30 16:26:14 [booklist] INFO: VALID_ID: 2573432
2023-06-30 16:26:14 [booklist] INFO: VALID_ID: 2573441
2023-06-30 16:26:14 [booklist] INFO: VALID_ID: 2573478
2023-06-30 16:26:14 [booklist] INFO: VALID_ID: 2573429
2023-06-30 16:26:14 [booklist] INFO: VALID_ID: 2596215
2023-06-30 16:26:14 [booklist] INFO: VALID_ID: 2573449
2023-06-30 16:26:14 [booklist] INFO: VALID_ID: 2573468
2023-06-30 16:26:14 [booklist] INFO: VALID_ID: 2573471
2023-06-30 16:26:14 [booklist] INFO: VALID_ID: 2573481
2023-06-30 16:26:14 [booklist] INFO: VALID_ID: 2573114
2023-06-30 16:26:14 [booklist] INFO: VALID_ID: 2609622
2023-06-30 16:26:14 [booklist] INFO: VALID_ID: 2573402
2023-06-30 16:26:14 [booklist] INFO: VALID_ID: 2573418
2023-06-30 16:26:14 [booklist] INFO: VALID_ID: 2573424
2023-06-30 16:26:14 [booklist] INFO: VALID_ID: 2573465
2023-06-30 16:26:14 [booklist] INFO: VALID_ID: 2573476
2023-06-30 16:26:14 [booklist] INFO: VALID_ID: 2572752
2023-06-30 16:26:14 [booklist] INFO: VALID_ID: 2572957
2023-06-30 16:26:14 [booklist] INFO: VALID_ID: 2559218
2023-06-30 16:26:14 [booklist] INFO: VALID_ID: 2562703
2023-06-30 16:26:14 [booklist] INFO: VALID_ID: 2573396
2023-06-30 16:26:14 [booklist] INFO: VALID_ID: 2573405
2023-06-30 16:26:14 [booklist] INFO: VALID_ID: 2573447
2023-06-30 16:26:14 [booklist] INFO: VALID_ID: 2573451
2023-06-30 16:26:14 [booklist] INFO: VALID_ID: 2573454
2023-06-30 16:26:14 [booklist] INFO: VALID_ID: 2562674
2023-06-30 16:26:14 [booklist] INFO: VALID_ID: 2550750
2023-06-30 16:26:14 [booklist] INFO: VALID_ID: 2562683
2023-06-30 16:26:14 [booklist] INFO: VALID_ID: 2550765
2023-06-30 16:26:14 [booklist] INFO: VALID_ID: 2562694
2023-06-30 16:26:14 [booklist] INFO: VALID_ID: 2562676
2023-06-30 16:26:14 [booklist] INFO: VALID_ID: 2550757
2023-06-30 16:26:14 [booklist] INFO: VALID_ID: 2550763
2023-06-30 16:26:14 [booklist] INFO: VALID_ID: 2562700
2023-06-30 16:26:14 [booklist] INFO: VALID_ID: 2562704
2023-06-30 16:26:14 [booklist] INFO: VALID_ID: 2550753
2023-06-30 16:26:14 [booklist] INFO: VALID_ID: 2562696
2023-06-30 16:26:14 [booklist] INFO: VALID_ID: 2562678
2023-06-30 16:26:14 [booklist] INFO: VALID_ID: 2562679
2023-06-30 16:26:14 [booklist] INFO: VALID_ID: 2562699
2023-06-30 16:26:14 [booklist] INFO: VALID_ID: 2562677
2023-06-30 16:26:14 [booklist] INFO: VALID_ID: 2562689
2023-06-30 16:26:14 [booklist] INFO: VALID_ID: 2562693
2023-06-30 16:26:14 [booklist] INFO: VALID_ID: 10301242
2023-06-30 16:26:14 [booklist] INFO: VALID_ID: 2550755
2023-06-30 16:26:14 [booklist] INFO: VALID_ID: 2562686
2023-06-30 16:26:14 [booklist] INFO: VALID_ID: 2550762
2023-06-30 16:26:14 [booklist] INFO: VALID_ID: 2562680
2023-06-30 16:26:14 [booklist] INFO: VALID_ID: 2571617
2023-06-30 16:26:14 [booklist] INFO: VALID_ID: 2550767
2023-06-30 16:26:14 [booklist] INFO: VALID_ID: 2562685
2023-06-30 16:26:14 [booklist] INFO: VALID_ID: 2562692
2023-06-30 16:26:14 [booklist] INFO: VALID_ID: 2562675
2023-06-30 16:26:14 [booklist] INFO: VALID_ID: 2550752
2023-06-30 16:26:14 [booklist] INFO: VALID_ID: 2550751
2023-06-30 16:26:14 [booklist] INFO: VALID_ID: 2562681
2023-06-30 16:26:14 [booklist] INFO: VALID_ID: 2562698
2023-06-30 16:26:14 [booklist] INFO: VALID_ID: 2562702
2023-06-30 16:26:14 [booklist] INFO: VALID_ID: 2550764
2023-06-30 16:26:14 [booklist] INFO: VALID_ID: 2562707
2023-06-30 16:26:14 [booklist] INFO: VALID_ID: 2608485
2023-06-30 16:26:14 [booklist] INFO: VALID_ID: 2605842
2023-06-30 16:26:14 [booklist] INFO: VALID_ID: 2562697
2023-06-30 16:26:14 [booklist] INFO: VALID_ID: 2589218
2023-06-30 16:26:14 [booklist] INFO: VALID_ID: 2550759
2023-06-30 16:26:14 [booklist] INFO: VALID_ID: 2550760
2023-06-30 16:26:14 [booklist] INFO: VALID_ID: 2562690
2023-06-30 16:26:14 [booklist] INFO: VALID_ID: 2562705
2023-06-30 16:26:14 [booklist] INFO: VALID_ID: 2562687
2023-06-30 16:26:14 [booklist] INFO: VALID_ID: 2562695
2023-06-30 16:26:14 [booklist] INFO: VALID_ID: 11607949
2023-06-30 16:26:14 [booklist] INFO: VALID_ID: 2562684
2023-06-30 16:26:14 [booklist] INFO: VALID_ID: 2589300
2023-06-30 16:26:14 [booklist] INFO: VALID_ID: 2562682
2023-06-30 16:26:14 [booklist] INFO: VALID_ID: 2550766
2023-06-30 16:26:14 [booklist] INFO: VALID_ID: 2550758
2023-06-30 16:26:14 [booklist] INFO: VALID_ID: 2562701
2023-06-30 16:26:14 [booklist] INFO: VALID_ID: 2562688
2023-06-30 16:26:14 [booklist] INFO: VALID_ID: 2562691
2023-06-30 16:26:14 [booklist] INFO: VALID_ID: 2550768
2023-06-30 16:26:14 [booklist] INFO: VALID_ID: 2562706
2023-06-30 16:26:14 [booklist] INFO: VALID_ID: 2562673
2023-06-30 16:26:14 [booklist] INFO: VALID_ID: 2550749
2023-06-30 16:26:14 [booklist] INFO: VALID_ID: 2550754
2023-06-30 16:26:14 [booklist] INFO: VALID_ID: 2550761
2023-06-30 16:26:14 [booklist] INFO: VALID_ID: 2587100
2023-06-30 16:26:14 [booklist] INFO: VALID_ID: 2559722
2023-06-30 16:26:14 [booklist] INFO: VALID_ID: 2559715
2023-06-30 16:26:14 [booklist] INFO: VALID_ID: 2550756
2023-06-30 16:26:14 [booklist] INFO: VALID_ID: 2559720
2023-06-30 16:26:15 [scrapy.core.engine] DEBUG: Crawled (200) <POST https://dl.ndl.go.jp/api/item/search> (referer: https://dl.ndl.go.jp/api/item/search)
2023-06-30 16:26:15 [booklist] INFO: Fetched page 6
2023-06-30 16:26:16 [booklist] INFO: VALID_ID: 2607572
2023-06-30 16:26:16 [booklist] INFO: VALID_ID: 2559727
2023-06-30 16:26:16 [booklist] INFO: VALID_ID: 2559716
2023-06-30 16:26:16 [booklist] INFO: VALID_ID: 2559723
2023-06-30 16:26:16 [booklist] INFO: VALID_ID: 2559717
2023-06-30 16:26:16 [booklist] INFO: VALID_ID: 2559724
2023-06-30 16:26:16 [booklist] INFO: VALID_ID: 2559719
2023-06-30 16:26:16 [booklist] INFO: VALID_ID: 2588964
2023-06-30 16:26:16 [booklist] INFO: VALID_ID: 2559725
2023-06-30 16:26:16 [booklist] INFO: VALID_ID: 2559728
2023-06-30 16:26:16 [booklist] INFO: VALID_ID: 2559726
2023-06-30 16:26:16 [booklist] INFO: VALID_ID: 2559718
2023-06-30 16:26:16 [booklist] INFO: VALID_ID: 2559721
2023-06-30 16:26:16 [booklist] INFO: VALID_ID: 2589640
2023-06-30 16:26:16 [booklist] INFO: VALID_ID: 2589064
2023-06-30 16:26:16 [booklist] INFO: VALID_ID: 2603893
2023-06-30 16:26:16 [booklist] INFO: VALID_ID: 2603907
2023-06-30 16:26:16 [booklist] INFO: VALID_ID: 2603904
2023-06-30 16:26:16 [booklist] INFO: VALID_ID: 2603915
2023-06-30 16:26:16 [booklist] INFO: VALID_ID: 2603897
2023-06-30 16:26:16 [booklist] INFO: VALID_ID: 2550545
2023-06-30 16:26:16 [booklist] INFO: VALID_ID: 2580193
2023-06-30 16:26:16 [booklist] INFO: VALID_ID: 2603910
2023-06-30 16:26:16 [booklist] INFO: VALID_ID: 2603918
2023-06-30 16:26:16 [booklist] INFO: VALID_ID: 2603912
2023-06-30 16:26:16 [booklist] INFO: VALID_ID: 2571752
2023-06-30 16:26:16 [booklist] INFO: VALID_ID: 2603900
2023-06-30 16:26:16 [booklist] INFO: VALID_ID: 2603909
2023-06-30 16:26:16 [booklist] INFO: VALID_ID: 2580198
2023-06-30 16:26:16 [booklist] INFO: VALID_ID: 2603894
2023-06-30 16:26:16 [booklist] INFO: VALID_ID: 2580195
2023-06-30 16:26:16 [booklist] INFO: VALID_ID: 2580188
2023-06-30 16:26:16 [booklist] INFO: VALID_ID: 2580197
2023-06-30 16:26:16 [booklist] INFO: VALID_ID: 2580199
2023-06-30 16:26:16 [booklist] INFO: VALID_ID: 2580192
2023-06-30 16:26:16 [booklist] INFO: VALID_ID: 2603901
2023-06-30 16:26:16 [booklist] INFO: VALID_ID: 2603902
2023-06-30 16:26:16 [booklist] INFO: VALID_ID: 2603916
2023-06-30 16:26:16 [booklist] INFO: VALID_ID: 2603905
2023-06-30 16:26:16 [booklist] INFO: VALID_ID: 2603892
2023-06-30 16:26:16 [booklist] INFO: VALID_ID: 2603896
2023-06-30 16:26:16 [booklist] INFO: VALID_ID: 2580196
2023-06-30 16:26:16 [booklist] INFO: VALID_ID: 2603919
2023-06-30 16:26:16 [booklist] INFO: VALID_ID: 2603899
2023-06-30 16:26:16 [booklist] INFO: VALID_ID: 2603920
2023-06-30 16:26:16 [booklist] INFO: VALID_ID: 2603895
2023-06-30 16:26:16 [booklist] INFO: VALID_ID: 2603913
2023-06-30 16:26:16 [booklist] INFO: VALID_ID: 2603906
2023-06-30 16:26:16 [booklist] INFO: VALID_ID: 2553891
2023-06-30 16:26:16 [booklist] INFO: VALID_ID: 2609575
2023-06-30 16:26:16 [booklist] INFO: VALID_ID: 2580191
2023-06-30 16:26:16 [booklist] INFO: VALID_ID: 2610206
2023-06-30 16:26:16 [booklist] INFO: VALID_ID: 2580190
2023-06-30 16:26:16 [booklist] INFO: VALID_ID: 2603898
2023-06-30 16:26:16 [booklist] INFO: VALID_ID: 2603891
2023-06-30 16:26:16 [booklist] INFO: VALID_ID: 2580189
2023-06-30 16:26:16 [booklist] INFO: VALID_ID: 2603917
2023-06-30 16:26:16 [booklist] INFO: VALID_ID: 2571683
2023-06-30 16:26:16 [booklist] INFO: VALID_ID: 2552572
2023-06-30 16:26:16 [booklist] INFO: VALID_ID: 2552578
2023-06-30 16:26:16 [booklist] INFO: VALID_ID: 2552585
2023-06-30 16:26:16 [booklist] INFO: VALID_ID: 2552587
2023-06-30 16:26:16 [booklist] INFO: VALID_ID: 2603908
2023-06-30 16:26:16 [booklist] INFO: VALID_ID: 2603911
2023-06-30 16:26:16 [booklist] INFO: VALID_ID: 2603914
2023-06-30 16:26:16 [booklist] INFO: VALID_ID: 2552565
2023-06-30 16:26:16 [booklist] INFO: VALID_ID: 2552566
2023-06-30 16:26:16 [booklist] INFO: VALID_ID: 2552593
2023-06-30 16:26:16 [booklist] INFO: VALID_ID: 2552569
2023-06-30 16:26:16 [booklist] INFO: VALID_ID: 2552573
2023-06-30 16:26:16 [booklist] INFO: VALID_ID: 2552601
2023-06-30 16:26:16 [booklist] INFO: VALID_ID: 2552602
2023-06-30 16:26:16 [booklist] INFO: VALID_ID: 2552610
2023-06-30 16:26:16 [booklist] INFO: VALID_ID: 2580194
2023-06-30 16:26:16 [booklist] INFO: VALID_ID: 2603903
2023-06-30 16:26:16 [booklist] INFO: VALID_ID: 2552582
2023-06-30 16:26:16 [booklist] INFO: VALID_ID: 2552584
2023-06-30 16:26:16 [booklist] INFO: VALID_ID: 2552564
2023-06-30 16:26:16 [booklist] INFO: VALID_ID: 2552586
2023-06-30 16:26:16 [booklist] INFO: VALID_ID: 2552589
2023-06-30 16:26:16 [booklist] INFO: VALID_ID: 2552607
2023-06-30 16:26:16 [booklist] INFO: VALID_ID: 2552609
2023-06-30 16:26:16 [booklist] INFO: VALID_ID: 2552570
2023-06-30 16:26:16 [booklist] INFO: VALID_ID: 2552596
2023-06-30 16:26:16 [booklist] INFO: VALID_ID: 2552605
2023-06-30 16:26:16 [booklist] INFO: VALID_ID: 2552603
2023-06-30 16:26:16 [booklist] INFO: VALID_ID: 2552575
2023-06-30 16:26:16 [booklist] INFO: VALID_ID: 2552576
2023-06-30 16:26:16 [booklist] INFO: VALID_ID: 2552595
2023-06-30 16:26:16 [booklist] INFO: VALID_ID: 2552591
2023-06-30 16:26:16 [booklist] INFO: VALID_ID: 2552571
2023-06-30 16:26:16 [booklist] INFO: VALID_ID: 2552592
2023-06-30 16:26:16 [booklist] INFO: VALID_ID: 2552583
2023-06-30 16:26:16 [booklist] INFO: VALID_ID: 2552611
2023-06-30 16:26:16 [booklist] INFO: VALID_ID: 2552577
2023-06-30 16:26:16 [booklist] INFO: VALID_ID: 2552599
2023-06-30 16:26:16 [booklist] INFO: VALID_ID: 2552608
2023-06-30 16:26:16 [booklist] INFO: VALID_ID: 2534017
2023-06-30 16:26:16 [booklist] INFO: VALID_ID: 2552588
2023-06-30 16:26:16 [booklist] INFO: VALID_ID: 2552581
2023-06-30 16:26:17 [scrapy.core.engine] DEBUG: Crawled (200) <POST https://dl.ndl.go.jp/api/item/search> (referer: https://dl.ndl.go.jp/api/item/search)
2023-06-30 16:26:17 [booklist] INFO: Fetched page 7
2023-06-30 16:26:17 [booklist] INFO: VALID_ID: 2552579
2023-06-30 16:26:17 [booklist] INFO: VALID_ID: 2576643
2023-06-30 16:26:17 [booklist] INFO: VALID_ID: 2552581
2023-06-30 16:26:17 [booklist] INFO: VALID_ID: 2552590
2023-06-30 16:26:17 [booklist] INFO: VALID_ID: 2552563
2023-06-30 16:26:17 [booklist] INFO: VALID_ID: 2552568
2023-06-30 16:26:17 [booklist] INFO: VALID_ID: 2552599
2023-06-30 16:26:17 [booklist] INFO: VALID_ID: 2552565
2023-06-30 16:26:17 [booklist] INFO: VALID_ID: 2552566
2023-06-30 16:26:17 [booklist] INFO: VALID_ID: 2552593
2023-06-30 16:26:17 [booklist] INFO: VALID_ID: 2596167
2023-06-30 16:26:17 [booklist] INFO: VALID_ID: 2607023
2023-06-30 16:26:17 [booklist] INFO: VALID_ID: 2552598
2023-06-30 16:26:17 [booklist] INFO: VALID_ID: 2552580
2023-06-30 16:26:17 [booklist] INFO: VALID_ID: 2576640
2023-06-30 16:26:17 [booklist] INFO: VALID_ID: 2550344
2023-06-30 16:26:17 [booklist] INFO: VALID_ID: 2552588
2023-06-30 16:26:17 [booklist] INFO: VALID_ID: 2534017
2023-06-30 16:26:17 [booklist] INFO: VALID_ID: 2549203
2023-06-30 16:26:17 [booklist] INFO: VALID_ID: 2549077
2023-06-30 16:26:17 [booklist] INFO: VALID_ID: 2572508
2023-06-30 16:26:17 [booklist] INFO: VALID_ID: 2537872
2023-06-30 16:26:17 [booklist] INFO: VALID_ID: 2576641
2023-06-30 16:26:17 [booklist] INFO: VALID_ID: 2587200
2023-06-30 16:26:17 [booklist] INFO: VALID_ID: 11446420
2023-06-30 16:26:17 [booklist] INFO: VALID_ID: 2538399
2023-06-30 16:26:17 [booklist] INFO: VALID_ID: 2589638
2023-06-30 16:26:17 [booklist] INFO: VALID_ID: 2549364
2023-06-30 16:26:17 [booklist] INFO: VALID_ID: 2572162
2023-06-30 16:26:17 [booklist] INFO: VALID_ID: 2609387
2023-06-30 16:26:17 [booklist] INFO: VALID_ID: 11891903
2023-06-30 16:26:17 [booklist] INFO: VALID_ID: 2587491
2023-06-30 16:26:17 [booklist] INFO: VALID_ID: 2538469
2023-06-30 16:26:17 [booklist] INFO: VALID_ID: 2543447
2023-06-30 16:26:17 [booklist] INFO: VALID_ID: 2538355
2023-06-30 16:26:17 [booklist] INFO: VALID_ID: 2589641
2023-06-30 16:26:17 [booklist] INFO: VALID_ID: 2543446
2023-06-30 16:26:17 [booklist] INFO: VALID_ID: 2543449
2023-06-30 16:26:17 [booklist] INFO: VALID_ID: 2576246
2023-06-30 16:26:17 [booklist] INFO: VALID_ID: 2550167
2023-06-30 16:26:17 [booklist] INFO: VALID_ID: 2606303
2023-06-30 16:26:17 [booklist] INFO: VALID_ID: 2543448
2023-06-30 16:26:17 [booklist] INFO: VALID_ID: 2537848
2023-06-30 16:26:17 [booklist] INFO: VALID_ID: 2543454
2023-06-30 16:26:17 [booklist] INFO: VALID_ID: 2543452
2023-06-30 16:26:17 [booklist] INFO: VALID_ID: 2543451
2023-06-30 16:26:17 [booklist] INFO: VALID_ID: 2605978
2023-06-30 16:26:17 [booklist] INFO: VALID_ID: 2543453
2023-06-30 16:26:17 [booklist] INFO: VALID_ID: 2543450
2023-06-30 16:26:17 [booklist] INFO: VALID_ID: 2548596
2023-06-30 16:26:17 [booklist] INFO: VALID_ID: 2587370
2023-06-30 16:26:17 [booklist] INFO: VALID_ID: 2550278
2023-06-30 16:26:17 [booklist] INFO: VALID_ID: 2576642
2023-06-30 16:26:17 [booklist] INFO: VALID_ID: 11446620
2023-06-30 16:26:17 [booklist] INFO: VALID_ID: 2543445
2023-06-30 16:26:17 [booklist] INFO: VALID_ID: 2610269
2023-06-30 16:26:17 [booklist] INFO: VALID_ID: 2550234
2023-06-30 16:26:17 [booklist] INFO: VALID_ID: 2537899
2023-06-30 16:26:17 [booklist] INFO: VALID_ID: 2572709
2023-06-30 16:26:17 [booklist] INFO: VALID_ID: 2576986
2023-06-30 16:26:17 [booklist] INFO: VALID_ID: 2559215
2023-06-30 16:26:17 [booklist] INFO: VALID_ID: 2559129
2023-06-30 16:26:17 [booklist] INFO: VALID_ID: 2607286
2023-06-30 16:26:17 [booklist] INFO: VALID_ID: 2583696
2023-06-30 16:26:17 [booklist] INFO: VALID_ID: 2559204
2023-06-30 16:26:17 [booklist] INFO: VALID_ID: 11446520
2023-06-30 16:26:17 [booklist] INFO: VALID_ID: 2559237
2023-06-30 16:26:17 [booklist] INFO: VALID_ID: 2572610
2023-06-30 16:26:17 [booklist] INFO: VALID_ID: 2559150
2023-06-30 16:26:17 [booklist] INFO: VALID_ID: 10303717
2023-06-30 16:26:17 [booklist] INFO: VALID_ID: 8943150
2023-06-30 16:26:17 [booklist] INFO: VALID_ID: 11038566
2023-06-30 16:26:17 [booklist] INFO: VALID_ID: 11038655
2023-06-30 16:26:17 [booklist] INFO: VALID_ID: 11038768
2023-06-30 16:26:17 [booklist] INFO: VALID_ID: 2563504
2023-06-30 16:26:17 [booklist] INFO: VALID_ID: 11223315
2023-06-30 16:26:17 [booklist] INFO: VALID_ID: 10303728
2023-06-30 16:26:17 [booklist] INFO: VALID_ID: 2556429
2023-06-30 16:26:17 [booklist] INFO: VALID_ID: 2556438
2023-06-30 16:26:17 [booklist] INFO: VALID_ID: 2556431
2023-06-30 16:26:17 [booklist] INFO: VALID_ID: 2605210
2023-06-30 16:26:17 [booklist] INFO: VALID_ID: 2556426
2023-06-30 16:26:17 [booklist] INFO: VALID_ID: 2556419
2023-06-30 16:26:17 [booklist] INFO: VALID_ID: 2556420
2023-06-30 16:26:17 [booklist] INFO: VALID_ID: 2556409
2023-06-30 16:26:17 [booklist] INFO: VALID_ID: 2562651
2023-06-30 16:26:17 [booklist] INFO: VALID_ID: 2556408
2023-06-30 16:26:17 [booklist] INFO: VALID_ID: 2556437
2023-06-30 16:26:17 [booklist] INFO: VALID_ID: 2556435
2023-06-30 16:26:17 [booklist] INFO: VALID_ID: 2556433
2023-06-30 16:26:17 [booklist] INFO: VALID_ID: 2556423
2023-06-30 16:26:17 [booklist] INFO: VALID_ID: 2556428
2023-06-30 16:26:17 [booklist] INFO: VALID_ID: 2556434
2023-06-30 16:26:17 [booklist] INFO: VALID_ID: 2556418
2023-06-30 16:26:17 [booklist] INFO: VALID_ID: 2556436
2023-06-30 16:26:17 [booklist] INFO: VALID_ID: 2556424
2023-06-30 16:26:17 [booklist] INFO: VALID_ID: 2556412
2023-06-30 16:26:17 [booklist] INFO: VALID_ID: 2556415
2023-06-30 16:26:17 [booklist] INFO: VALID_ID: 2556421
2023-06-30 16:26:17 [booklist] INFO: VALID_ID: 2556411
2023-06-30 16:26:18 [scrapy.core.engine] DEBUG: Crawled (200) <POST https://dl.ndl.go.jp/api/item/search> (referer: https://dl.ndl.go.jp/api/item/search)
2023-06-30 16:26:18 [booklist] INFO: Fetched page 8
2023-06-30 16:26:19 [booklist] INFO: VALID_ID: 2556425
2023-06-30 16:26:19 [booklist] INFO: VALID_ID: 2556417
2023-06-30 16:26:19 [booklist] INFO: VALID_ID: 2556412
2023-06-30 16:26:19 [booklist] INFO: VALID_ID: 2556429
2023-06-30 16:26:19 [booklist] INFO: VALID_ID: 2556438
2023-06-30 16:26:19 [booklist] INFO: VALID_ID: 10303730
2023-06-30 16:26:19 [booklist] INFO: VALID_ID: 2556430
2023-06-30 16:26:19 [booklist] INFO: VALID_ID: 2556415
2023-06-30 16:26:19 [booklist] INFO: VALID_ID: 2556421
2023-06-30 16:26:19 [booklist] INFO: VALID_ID: 11607938
2023-06-30 16:26:19 [booklist] INFO: VALID_ID: 2556410
2023-06-30 16:26:19 [booklist] INFO: VALID_ID: 2556422
2023-06-30 16:26:19 [booklist] INFO: VALID_ID: 2583663
2023-06-30 16:26:19 [booklist] INFO: VALID_ID: 2605093
2023-06-30 16:26:19 [booklist] INFO: VALID_ID: 2599283
2023-06-30 16:26:19 [booklist] INFO: VALID_ID: 11223415
2023-06-30 16:26:19 [booklist] INFO: VALID_ID: 2573705
2023-06-30 16:26:19 [booklist] INFO: VALID_ID: 2582343
2023-06-30 16:26:19 [booklist] INFO: VALID_ID: 2605092
2023-06-30 16:26:19 [booklist] INFO: VALID_ID: 2573706
2023-06-30 16:26:19 [booklist] INFO: VALID_ID: 2553592
2023-06-30 16:26:19 [booklist] INFO: VALID_ID: 2573708
2023-06-30 16:26:19 [booklist] INFO: VALID_ID: 2599286
2023-06-30 16:26:19 [booklist] INFO: VALID_ID: 2607835
2023-06-30 16:26:19 [booklist] INFO: VALID_ID: 2599284
2023-06-30 16:26:19 [booklist] INFO: VALID_ID: 2562649
2023-06-30 16:26:19 [booklist] INFO: VALID_ID: 2562650
2023-06-30 16:26:19 [booklist] INFO: VALID_ID: 2599285
2023-06-30 16:26:19 [booklist] INFO: VALID_ID: 10303625
2023-06-30 16:26:19 [booklist] INFO: VALID_ID: 2601442
2023-06-30 16:26:19 [booklist] INFO: VALID_ID: 2582345
2023-06-30 16:26:19 [booklist] INFO: VALID_ID: 2582344
2023-06-30 16:26:19 [booklist] INFO: VALID_ID: 2553009
2023-06-30 16:26:19 [booklist] INFO: VALID_ID: 2573709
2023-06-30 16:26:19 [booklist] INFO: VALID_ID: 2582340
2023-06-30 16:26:19 [booklist] INFO: VALID_ID: 2573703
2023-06-30 16:26:19 [booklist] INFO: VALID_ID: 2573704
2023-06-30 16:26:19 [booklist] INFO: VALID_ID: 2584256
2023-06-30 16:26:19 [booklist] INFO: VALID_ID: 2583966
2023-06-30 16:26:19 [booklist] INFO: VALID_ID: 1287277
2023-06-30 16:26:19 [booklist] INFO: VALID_ID: 11607737
2023-06-30 16:26:19 [booklist] INFO: VALID_ID: 2923175
2023-06-30 16:26:19 [booklist] INFO: VALID_ID: 2551623
2023-06-30 16:26:19 [booklist] INFO: VALID_ID: 2573707
2023-06-30 16:26:19 [booklist] INFO: VALID_ID: 2611107
2023-06-30 16:26:19 [booklist] INFO: VALID_ID: 2581720
2023-06-30 16:26:19 [booklist] INFO: VALID_ID: 11446287
2023-06-30 16:26:19 [booklist] INFO: VALID_ID: 2570122
2023-06-30 16:26:19 [booklist] INFO: VALID_ID: 2582342
2023-06-30 16:26:19 [booklist] INFO: VALID_ID: 1288038
2023-06-30 16:26:19 [booklist] INFO: VALID_ID: 2596500
2023-06-30 16:26:19 [booklist] INFO: VALID_ID: 2596540
2023-06-30 16:26:19 [booklist] INFO: VALID_ID: 2596544
2023-06-30 16:26:19 [booklist] INFO: VALID_ID: 2596556
2023-06-30 16:26:19 [booklist] INFO: VALID_ID: 2596582
2023-06-30 16:26:19 [booklist] INFO: VALID_ID: 1288311
2023-06-30 16:26:19 [booklist] INFO: VALID_ID: 11607837
2023-06-30 16:26:19 [booklist] INFO: VALID_ID: 2582346
2023-06-30 16:26:19 [booklist] INFO: VALID_ID: 1288100
2023-06-30 16:26:19 [booklist] INFO: VALID_ID: 1287935
2023-06-30 16:26:19 [booklist] INFO: VALID_ID: 1287551
2023-06-30 16:26:19 [booklist] INFO: VALID_ID: 1286648
2023-06-30 16:26:19 [booklist] INFO: VALID_ID: 2607396
2023-06-30 16:26:19 [booklist] INFO: VALID_ID: 2582341
2023-06-30 16:26:19 [booklist] INFO: VALID_ID: 2596507
2023-06-30 16:26:19 [booklist] INFO: VALID_ID: 2596514
2023-06-30 16:26:19 [booklist] INFO: VALID_ID: 2596563
2023-06-30 16:26:19 [booklist] INFO: VALID_ID: 2596574
2023-06-30 16:26:19 [booklist] INFO: VALID_ID: 2596581
2023-06-30 16:26:19 [booklist] INFO: VALID_ID: 2596528
2023-06-30 16:26:19 [booklist] INFO: VALID_ID: 2596552
2023-06-30 16:26:19 [booklist] INFO: VALID_ID: 1287151
2023-06-30 16:26:19 [booklist] INFO: VALID_ID: 2596521
2023-06-30 16:26:19 [booklist] INFO: VALID_ID: 2596594
2023-06-30 16:26:19 [booklist] INFO: VALID_ID: 2596567
2023-06-30 16:26:19 [booklist] INFO: VALID_ID: 2596580
2023-06-30 16:26:19 [booklist] INFO: VALID_ID: 2596599
2023-06-30 16:26:19 [booklist] INFO: VALID_ID: 2596541
2023-06-30 16:26:19 [booklist] INFO: VALID_ID: 2596596
2023-06-30 16:26:19 [booklist] INFO: VALID_ID: 2596566
2023-06-30 16:26:19 [booklist] INFO: VALID_ID: 11892600
2023-06-30 16:26:19 [booklist] INFO: VALID_ID: 2596570
2023-06-30 16:26:19 [booklist] INFO: VALID_ID: 2596583
2023-06-30 16:26:19 [booklist] INFO: VALID_ID: 2596586
2023-06-30 16:26:19 [booklist] INFO: VALID_ID: 2596513
2023-06-30 16:26:19 [booklist] INFO: VALID_ID: 2596527
2023-06-30 16:26:19 [booklist] INFO: VALID_ID: 2596538
2023-06-30 16:26:19 [booklist] INFO: VALID_ID: 2596524
2023-06-30 16:26:19 [booklist] INFO: VALID_ID: 2596562
2023-06-30 16:26:19 [booklist] INFO: VALID_ID: 2596572
2023-06-30 16:26:19 [booklist] INFO: VALID_ID: 2596579
2023-06-30 16:26:19 [booklist] INFO: VALID_ID: 2596501
2023-06-30 16:26:19 [booklist] INFO: VALID_ID: 2596523
2023-06-30 16:26:19 [booklist] INFO: VALID_ID: 2596532
2023-06-30 16:26:19 [booklist] INFO: VALID_ID: 2596504
2023-06-30 16:26:19 [booklist] INFO: VALID_ID: 2596571
2023-06-30 16:26:19 [booklist] INFO: VALID_ID: 2596584
2023-06-30 16:26:19 [booklist] INFO: VALID_ID: 2596591
2023-06-30 16:26:19 [booklist] INFO: VALID_ID: 2585033
2023-06-30 16:26:19 [booklist] INFO: VALID_ID: 2596516
2023-06-30 16:26:20 [scrapy.core.engine] DEBUG: Crawled (200) <POST https://dl.ndl.go.jp/api/item/search> (referer: https://dl.ndl.go.jp/api/item/search)
2023-06-30 16:26:20 [booklist] INFO: Fetched page 9
2023-06-30 16:26:20 [booklist] INFO: VALID_ID: 2596548
2023-06-30 16:26:20 [booklist] INFO: VALID_ID: 2596564
2023-06-30 16:26:20 [booklist] INFO: VALID_ID: 2596589
2023-06-30 16:26:20 [booklist] INFO: VALID_ID: 2596593
2023-06-30 16:26:20 [booklist] INFO: VALID_ID: 2596528
2023-06-30 16:26:20 [booklist] INFO: VALID_ID: 2596552
2023-06-30 16:26:20 [booklist] INFO: VALID_ID: 2596508
2023-06-30 16:26:20 [booklist] INFO: VALID_ID: 2596517
2023-06-30 16:26:20 [booklist] INFO: VALID_ID: 2596536
2023-06-30 16:26:20 [booklist] INFO: VALID_ID: 2596545
2023-06-30 16:26:20 [booklist] INFO: VALID_ID: 2596554
2023-06-30 16:26:20 [booklist] INFO: VALID_ID: 2610018
2023-06-30 16:26:20 [booklist] INFO: VALID_ID: 2596525
2023-06-30 16:26:20 [booklist] INFO: VALID_ID: 2596559
2023-06-30 16:26:20 [booklist] INFO: VALID_ID: 2596577
2023-06-30 16:26:20 [booklist] INFO: VALID_ID: 2596503
2023-06-30 16:26:20 [booklist] INFO: VALID_ID: 2596506
2023-06-30 16:26:20 [booklist] INFO: VALID_ID: 2596509
2023-06-30 16:26:20 [booklist] INFO: VALID_ID: 2596515
2023-06-30 16:26:20 [booklist] INFO: VALID_ID: 2596522
2023-06-30 16:26:20 [booklist] INFO: VALID_ID: 2596555
2023-06-30 16:26:20 [booklist] INFO: VALID_ID: 2596558
2023-06-30 16:26:20 [booklist] INFO: VALID_ID: 2596569
2023-06-30 16:26:20 [booklist] INFO: VALID_ID: 2596511
2023-06-30 16:26:20 [booklist] INFO: VALID_ID: 2596534
2023-06-30 16:26:20 [booklist] INFO: VALID_ID: 2596539
2023-06-30 16:26:20 [booklist] INFO: VALID_ID: 2596553
2023-06-30 16:26:20 [booklist] INFO: VALID_ID: 2596578
2023-06-30 16:26:20 [booklist] INFO: VALID_ID: 2596500
2023-06-30 16:26:20 [booklist] INFO: VALID_ID: 2596540
2023-06-30 16:26:20 [booklist] INFO: VALID_ID: 2596544
2023-06-30 16:26:20 [booklist] INFO: VALID_ID: 2596556
2023-06-30 16:26:20 [booklist] INFO: VALID_ID: 2596582
2023-06-30 16:26:20 [booklist] INFO: VALID_ID: 2596512
2023-06-30 16:26:20 [booklist] INFO: VALID_ID: 2596587
2023-06-30 16:26:20 [booklist] INFO: VALID_ID: 2596588
2023-06-30 16:26:20 [booklist] INFO: VALID_ID: 2596590
2023-06-30 16:26:20 [booklist] INFO: VALID_ID: 2596526
2023-06-30 16:26:20 [booklist] INFO: VALID_ID: 2596530
2023-06-30 16:26:20 [booklist] INFO: VALID_ID: 2596565
2023-06-30 16:26:20 [booklist] INFO: VALID_ID: 2596598
2023-06-30 16:26:20 [booklist] INFO: VALID_ID: 2596502
2023-06-30 16:26:20 [booklist] INFO: VALID_ID: 2596510
2023-06-30 16:26:20 [booklist] INFO: VALID_ID: 2596520
2023-06-30 16:26:20 [booklist] INFO: VALID_ID: 2609931
2023-06-30 16:26:20 [booklist] INFO: VALID_ID: 2596533
2023-06-30 16:26:20 [booklist] INFO: VALID_ID: 2596557
2023-06-30 16:26:20 [booklist] INFO: VALID_ID: 2596585
2023-06-30 16:26:20 [booklist] INFO: VALID_ID: 2596519
2023-06-30 16:26:20 [booklist] INFO: VALID_ID: 2596531
2023-06-30 16:26:20 [booklist] INFO: VALID_ID: 2596546
2023-06-30 16:26:20 [booklist] INFO: VALID_ID: 2596550
2023-06-30 16:26:20 [booklist] INFO: VALID_ID: 2596592
2023-06-30 16:26:20 [booklist] INFO: VALID_ID: 2596595
2023-06-30 16:26:20 [booklist] INFO: VALID_ID: 2611028
2023-06-30 16:26:20 [booklist] INFO: VALID_ID: 2607396
2023-06-30 16:26:20 [booklist] INFO: VALID_ID: 2596504
2023-06-30 16:26:20 [booklist] INFO: VALID_ID: 2596571
2023-06-30 16:26:20 [booklist] INFO: VALID_ID: 2596524
2023-06-30 16:26:20 [booklist] INFO: VALID_ID: 2596562
2023-06-30 16:26:20 [booklist] INFO: VALID_ID: 2596572
2023-06-30 16:26:20 [booklist] INFO: VALID_ID: 2596579
2023-06-30 16:26:20 [booklist] INFO: VALID_ID: 2596543
2023-06-30 16:26:20 [booklist] INFO: VALID_ID: 2596551
2023-06-30 16:26:20 [booklist] INFO: VALID_ID: 2596561
2023-06-30 16:26:20 [booklist] INFO: VALID_ID: 2592090
2023-06-30 16:26:20 [booklist] INFO: VALID_ID: 12866095
2023-06-30 16:26:20 [booklist] INFO: VALID_ID: 2605506
2023-06-30 16:26:20 [booklist] INFO: VALID_ID: 2559170
2023-06-30 16:26:20 [booklist] INFO: VALID_ID: 2533162
2023-06-30 16:26:20 [booklist] INFO: VALID_ID: 10303727
2023-06-30 16:26:20 [booklist] INFO: VALID_ID: 11891840
2023-06-30 16:26:20 [booklist] INFO: VALID_ID: 2590707
2023-06-30 16:26:20 [booklist] INFO: VALID_ID: 2607137
2023-06-30 16:26:20 [booklist] INFO: VALID_ID: 2575675
2023-06-30 16:26:20 [booklist] INFO: VALID_ID: 2587042
2023-06-30 16:26:20 [booklist] INFO: VALID_ID: 2605218
2023-06-30 16:26:20 [booklist] INFO: VALID_ID: 2575650
2023-06-30 16:26:20 [booklist] INFO: VALID_ID: 2575677
2023-06-30 16:26:20 [booklist] INFO: VALID_ID: 2575672
2023-06-30 16:26:20 [booklist] INFO: VALID_ID: 2575666
2023-06-30 16:26:20 [booklist] INFO: VALID_ID: 2575660
2023-06-30 16:26:20 [booklist] INFO: VALID_ID: 2575659
2023-06-30 16:26:20 [booklist] INFO: VALID_ID: 2575662
2023-06-30 16:26:20 [booklist] INFO: VALID_ID: 2575674
2023-06-30 16:26:20 [booklist] INFO: VALID_ID: 2575657
2023-06-30 16:26:20 [booklist] INFO: VALID_ID: 2575651
2023-06-30 16:26:20 [booklist] INFO: VALID_ID: 2575661
2023-06-30 16:26:20 [booklist] INFO: VALID_ID: 2575663
2023-06-30 16:26:20 [booklist] INFO: VALID_ID: 2575652
2023-06-30 16:26:20 [booklist] INFO: VALID_ID: 2575656
2023-06-30 16:26:20 [booklist] INFO: VALID_ID: 2575664
2023-06-30 16:26:20 [booklist] INFO: VALID_ID: 2575665
2023-06-30 16:26:20 [booklist] INFO: VALID_ID: 2575669
2023-06-30 16:26:20 [booklist] INFO: VALID_ID: 2575658
2023-06-30 16:26:20 [booklist] INFO: VALID_ID: 2575653
2023-06-30 16:26:20 [booklist] INFO: VALID_ID: 2610529
2023-06-30 16:26:20 [booklist] INFO: VALID_ID: 2575670
2023-06-30 16:26:20 [booklist] INFO: VALID_ID: 2559112
2023-06-30 16:26:20 [booklist] INFO: VALID_ID: 2575671
2023-06-30 16:26:21 [scrapy.core.engine] DEBUG: Crawled (200) <POST https://dl.ndl.go.jp/api/item/search> (referer: https://dl.ndl.go.jp/api/item/search)
2023-06-30 16:26:21 [booklist] INFO: Fetched page 10
2023-06-30 16:26:21 [booklist] INFO: VALID_ID: 2575672
2023-06-30 16:26:21 [booklist] INFO: VALID_ID: 2575671
2023-06-30 16:26:21 [booklist] INFO: VALID_ID: 2575678
2023-06-30 16:26:21 [booklist] INFO: VALID_ID: 2575654
2023-06-30 16:26:21 [booklist] INFO: VALID_ID: 2575655
2023-06-30 16:26:21 [booklist] INFO: VALID_ID: 2575668
2023-06-30 16:26:21 [booklist] INFO: VALID_ID: 2575673
2023-06-30 16:26:21 [booklist] INFO: VALID_ID: 2575653
2023-06-30 16:26:21 [booklist] INFO: VALID_ID: 11892781
2023-06-30 16:26:21 [booklist] INFO: VALID_ID: 2575658
2023-06-30 16:26:21 [booklist] INFO: VALID_ID: 2605218
2023-06-30 16:26:21 [booklist] INFO: VALID_ID: 2605405
2023-06-30 16:26:21 [booklist] INFO: VALID_ID: 2608738
2023-06-30 16:26:21 [booklist] INFO: VALID_ID: 2610261
2023-06-30 16:26:21 [booklist] INFO: VALID_ID: 2543757
2023-06-30 16:26:21 [booklist] INFO: VALID_ID: 2609735
2023-06-30 16:26:21 [booklist] INFO: VALID_ID: 2533637
2023-06-30 16:26:21 [booklist] INFO: VALID_ID: 11892626
2023-06-30 16:26:21 [booklist] INFO: VALID_ID: 2605827
2023-06-30 16:26:21 [booklist] INFO: VALID_ID: 2610124
2023-06-30 16:26:21 [booklist] INFO: VALID_ID: 2609818
2023-06-30 16:26:21 [booklist] INFO: VALID_ID: 2610893
2023-06-30 16:26:21 [booklist] INFO: VALID_ID: 2610785
2023-06-30 16:26:21 [booklist] INFO: VALID_ID: 2610217
2023-06-30 16:26:21 [booklist] INFO: VALID_ID: 2610304
2023-06-30 16:26:21 [booklist] INFO: VALID_ID: 2610103
2023-06-30 16:26:21 [booklist] INFO: VALID_ID: 2589375
2023-06-30 16:26:21 [booklist] INFO: VALID_ID: 2540558
2023-06-30 16:26:21 [booklist] INFO: VALID_ID: 2608467
2023-06-30 16:26:21 [booklist] INFO: VALID_ID: 2611038
2023-06-30 16:26:21 [booklist] INFO: VALID_ID: 2532813
2023-06-30 16:26:21 [booklist] INFO: VALID_ID: 2535401
2023-06-30 16:26:21 [booklist] INFO: VALID_ID: 8943312
2023-06-30 16:26:21 [booklist] INFO: VALID_ID: 2606848
2023-06-30 16:26:21 [booklist] INFO: VALID_ID: 2608444
2023-06-30 16:26:21 [booklist] INFO: VALID_ID: 9369959
2023-06-30 16:26:21 [booklist] INFO: VALID_ID: 2609975
2023-06-30 16:26:21 [booklist] INFO: VALID_ID: 11892639
2023-06-30 16:26:21 [booklist] INFO: VALID_ID: 2546788
2023-06-30 16:26:21 [booklist] INFO: VALID_ID: 2611048
2023-06-30 16:26:21 [booklist] INFO: VALID_ID: 2607768
2023-06-30 16:26:21 [booklist] INFO: VALID_ID: 2609776
2023-06-30 16:26:21 [booklist] INFO: VALID_ID: 2610395
2023-06-30 16:26:21 [booklist] INFO: VALID_ID: 2563207
2023-06-30 16:26:21 [booklist] INFO: VALID_ID: 2550785
2023-06-30 16:26:21 [booklist] INFO: VALID_ID: 2555235
2023-06-30 16:26:21 [booklist] INFO: VALID_ID: 2605995
2023-06-30 16:26:21 [booklist] INFO: VALID_ID: 2610875
2023-06-30 16:26:21 [booklist] INFO: VALID_ID: 2611073
2023-06-30 16:26:21 [booklist] INFO: VALID_ID: 2607484
2023-06-30 16:26:21 [booklist] INFO: VALID_ID: 2610583
2023-06-30 16:26:21 [booklist] INFO: VALID_ID: 2609581
2023-06-30 16:26:21 [booklist] INFO: VALID_ID: 11892711
2023-06-30 16:26:21 [booklist] INFO: VALID_ID: 2585898
2023-06-30 16:26:21 [booklist] INFO: VALID_ID: 2585914
2023-06-30 16:26:21 [booklist] INFO: VALID_ID: 2585822
2023-06-30 16:26:21 [booklist] INFO: VALID_ID: 2585932
2023-06-30 16:26:21 [booklist] INFO: VALID_ID: 2609621
2023-06-30 16:26:21 [booklist] INFO: VALID_ID: 2585867
2023-06-30 16:26:21 [booklist] INFO: VALID_ID: 2585870
2023-06-30 16:26:21 [booklist] INFO: VALID_ID: 2585782
2023-06-30 16:26:21 [booklist] INFO: VALID_ID: 2585796
2023-06-30 16:26:21 [booklist] INFO: VALID_ID: 2585947
2023-06-30 16:26:21 [booklist] INFO: VALID_ID: 2585857
2023-06-30 16:26:21 [booklist] INFO: VALID_ID: 2585766
2023-06-30 16:26:21 [booklist] INFO: VALID_ID: 2585770
2023-06-30 16:26:21 [booklist] INFO: VALID_ID: 2585877
2023-06-30 16:26:21 [booklist] INFO: VALID_ID: 2585891
2023-06-30 16:26:21 [booklist] INFO: VALID_ID: 2585813
2023-06-30 16:26:21 [booklist] INFO: VALID_ID: 2585836
2023-06-30 16:26:21 [booklist] INFO: VALID_ID: 2585841
2023-06-30 16:26:21 [booklist] INFO: VALID_ID: 2585885
2023-06-30 16:26:21 [booklist] INFO: VALID_ID: 2585803
2023-06-30 16:26:21 [booklist] INFO: VALID_ID: 2585824
2023-06-30 16:26:21 [booklist] INFO: VALID_ID: 2585919
2023-06-30 16:26:21 [booklist] INFO: VALID_ID: 2585834
2023-06-30 16:26:21 [booklist] INFO: VALID_ID: 2585862
2023-06-30 16:26:21 [booklist] INFO: VALID_ID: 2585872
2023-06-30 16:26:21 [booklist] INFO: VALID_ID: 2585791
2023-06-30 16:26:21 [booklist] INFO: VALID_ID: 2585801
2023-06-30 16:26:21 [booklist] INFO: VALID_ID: 2585809
2023-06-30 16:26:21 [booklist] INFO: VALID_ID: 2585904
2023-06-30 16:26:21 [booklist] INFO: VALID_ID: 2585923
2023-06-30 16:26:21 [booklist] INFO: VALID_ID: 2585844
2023-06-30 16:26:21 [booklist] INFO: VALID_ID: 2585852
2023-06-30 16:26:21 [booklist] INFO: VALID_ID: 2585876
2023-06-30 16:26:21 [booklist] INFO: VALID_ID: 2585884
2023-06-30 16:26:21 [booklist] INFO: VALID_ID: 2585828
2023-06-30 16:26:21 [booklist] INFO: VALID_ID: 2585928
2023-06-30 16:26:21 [booklist] INFO: VALID_ID: 2585839
2023-06-30 16:26:21 [booklist] INFO: VALID_ID: 2609468
2023-06-30 16:26:21 [booklist] INFO: VALID_ID: 2585896
2023-06-30 16:26:21 [booklist] INFO: VALID_ID: 2585816
2023-06-30 16:26:21 [booklist] INFO: VALID_ID: 2585832
2023-06-30 16:26:21 [booklist] INFO: VALID_ID: 2585837
2023-06-30 16:26:21 [booklist] INFO: VALID_ID: 2585939
2023-06-30 16:26:21 [booklist] INFO: VALID_ID: 2585873
2023-06-30 16:26:21 [booklist] INFO: VALID_ID: 2585918
2023-06-30 16:26:21 [booklist] INFO: VALID_ID: 2585829
2023-06-30 16:26:21 [booklist] INFO: VALID_ID: 2585938
2023-06-30 16:26:22 [scrapy.core.engine] DEBUG: Crawled (200) <POST https://dl.ndl.go.jp/api/item/search> (referer: https://dl.ndl.go.jp/api/item/search)
2023-06-30 16:26:22 [booklist] INFO: Fetched page 11
2023-06-30 16:26:22 [booklist] INFO: VALID_ID: 2585831
2023-06-30 16:26:22 [booklist] INFO: VALID_ID: 2585942
2023-06-30 16:26:22 [booklist] INFO: VALID_ID: 2605528
2023-06-30 16:26:22 [booklist] INFO: VALID_ID: 2608884
2023-06-30 16:26:22 [booklist] INFO: VALID_ID: 11038911
2023-06-30 16:26:22 [booklist] INFO: VALID_ID: 2585775
2023-06-30 16:26:22 [booklist] INFO: VALID_ID: 2585879
2023-06-30 16:26:22 [booklist] INFO: VALID_ID: 2585802
2023-06-30 16:26:22 [booklist] INFO: VALID_ID: 2585900
2023-06-30 16:26:22 [booklist] INFO: VALID_ID: 2585818
2023-06-30 16:26:22 [booklist] INFO: VALID_ID: 2585922
2023-06-30 16:26:22 [booklist] INFO: VALID_ID: 2585936
2023-06-30 16:26:22 [booklist] INFO: VALID_ID: 2609468
2023-06-30 16:26:22 [booklist] INFO: VALID_ID: 2585896
2023-06-30 16:26:22 [booklist] INFO: VALID_ID: 2585816
2023-06-30 16:26:22 [booklist] INFO: VALID_ID: 2585832
2023-06-30 16:26:22 [booklist] INFO: VALID_ID: 2585837
2023-06-30 16:26:22 [booklist] INFO: VALID_ID: 2585939
2023-06-30 16:26:22 [booklist] INFO: VALID_ID: 11038919
2023-06-30 16:26:22 [booklist] INFO: VALID_ID: 2585760
2023-06-30 16:26:22 [booklist] INFO: VALID_ID: 2585789
2023-06-30 16:26:22 [booklist] INFO: VALID_ID: 2585887
2023-06-30 16:26:22 [booklist] INFO: VALID_ID: 2585897
2023-06-30 16:26:22 [booklist] INFO: VALID_ID: 2585805
2023-06-30 16:26:22 [booklist] INFO: VALID_ID: 2585814
2023-06-30 16:26:22 [booklist] INFO: VALID_ID: 2585943
2023-06-30 16:26:22 [booklist] INFO: VALID_ID: 11038875
2023-06-30 16:26:22 [booklist] INFO: VALID_ID: 11038876
2023-06-30 16:26:22 [booklist] INFO: VALID_ID: 11038884
2023-06-30 16:26:22 [booklist] INFO: VALID_ID: 11038914
2023-06-30 16:26:22 [booklist] INFO: VALID_ID: 2585865
2023-06-30 16:26:22 [booklist] INFO: VALID_ID: 2585781
2023-06-30 16:26:22 [booklist] INFO: VALID_ID: 2585878
2023-06-30 16:26:22 [booklist] INFO: VALID_ID: 2585815
2023-06-30 16:26:22 [booklist] INFO: VALID_ID: 2585821
2023-06-30 16:26:22 [booklist] INFO: VALID_ID: 2585925
2023-06-30 16:26:22 [booklist] INFO: VALID_ID: 2585927
2023-06-30 16:26:22 [booklist] INFO: VALID_ID: 2585929
2023-06-30 16:26:22 [booklist] INFO: VALID_ID: 11038908
2023-06-30 16:26:22 [booklist] INFO: VALID_ID: 2585852
2023-06-30 16:26:22 [booklist] INFO: VALID_ID: 2585876
2023-06-30 16:26:22 [booklist] INFO: VALID_ID: 2585884
2023-06-30 16:26:22 [booklist] INFO: VALID_ID: 2585828
2023-06-30 16:26:22 [booklist] INFO: VALID_ID: 2585928
2023-06-30 16:26:22 [booklist] INFO: VALID_ID: 2585839
2023-06-30 16:26:22 [booklist] INFO: VALID_ID: 2585773
2023-06-30 16:26:22 [booklist] INFO: VALID_ID: 2585869
2023-06-30 16:26:22 [booklist] INFO: VALID_ID: 2585881
2023-06-30 16:26:22 [booklist] INFO: VALID_ID: 2585787
2023-06-30 16:26:22 [booklist] INFO: VALID_ID: 2585806
2023-06-30 16:26:22 [booklist] INFO: VALID_ID: 2585907
2023-06-30 16:26:22 [booklist] INFO: VALID_ID: 2585845
2023-06-30 16:26:22 [booklist] INFO: VALID_ID: 2585944
2023-06-30 16:26:22 [booklist] INFO: VALID_ID: 2585848
2023-06-30 16:26:22 [booklist] INFO: VALID_ID: 2585858
2023-06-30 16:26:22 [booklist] INFO: VALID_ID: 2585866
2023-06-30 16:26:22 [booklist] INFO: VALID_ID: 2585780
2023-06-30 16:26:22 [booklist] INFO: VALID_ID: 2585889
2023-06-30 16:26:22 [booklist] INFO: VALID_ID: 2585890
2023-06-30 16:26:22 [booklist] INFO: VALID_ID: 2585895
2023-06-30 16:26:22 [booklist] INFO: VALID_ID: 2585901
2023-06-30 16:26:22 [booklist] INFO: VALID_ID: 2585934
2023-06-30 16:26:22 [booklist] INFO: VALID_ID: 11038892
2023-06-30 16:26:22 [booklist] INFO: VALID_ID: 2585823
2023-06-30 16:26:22 [booklist] INFO: VALID_ID: 2585920
2023-06-30 16:26:22 [booklist] INFO: VALID_ID: 11038887
2023-06-30 16:26:22 [booklist] INFO: VALID_ID: 11038902
2023-06-30 16:26:22 [booklist] INFO: VALID_ID: 2585776
2023-06-30 16:26:22 [booklist] INFO: VALID_ID: 2585778
2023-06-30 16:26:22 [booklist] INFO: VALID_ID: 2585882
2023-06-30 16:26:22 [booklist] INFO: VALID_ID: 2585799
2023-06-30 16:26:22 [booklist] INFO: VALID_ID: 2585833
2023-06-30 16:26:22 [booklist] INFO: VALID_ID: 2585940
2023-06-30 16:26:22 [booklist] INFO: VALID_ID: 11038878
2023-06-30 16:26:22 [booklist] INFO: VALID_ID: 11038896
2023-06-30 16:26:22 [booklist] INFO: VALID_ID: 11038904
2023-06-30 16:26:22 [booklist] INFO: VALID_ID: 12865388
2023-06-30 16:26:22 [booklist] INFO: VALID_ID: 2608004
2023-06-30 16:26:22 [booklist] INFO: VALID_ID: 2585874
2023-06-30 16:26:22 [booklist] INFO: VALID_ID: 2585769
2023-06-30 16:26:22 [booklist] INFO: VALID_ID: 2585871
2023-06-30 16:26:22 [booklist] INFO: VALID_ID: 2585892
2023-06-30 16:26:22 [booklist] INFO: VALID_ID: 2585933
2023-06-30 16:26:22 [booklist] INFO: VALID_ID: 2585763
2023-06-30 16:26:22 [booklist] INFO: VALID_ID: 2585860
2023-06-30 16:26:22 [booklist] INFO: VALID_ID: 2585768
2023-06-30 16:26:22 [booklist] INFO: VALID_ID: 2585909
2023-06-30 16:26:22 [booklist] INFO: VALID_ID: 2585835
2023-06-30 16:26:22 [booklist] INFO: VALID_ID: 2585847
2023-06-30 16:26:22 [booklist] INFO: VALID_ID: 2585898
2023-06-30 16:26:22 [booklist] INFO: VALID_ID: 2585914
2023-06-30 16:26:22 [booklist] INFO: VALID_ID: 2585822
2023-06-30 16:26:22 [booklist] INFO: VALID_ID: 2585932
2023-06-30 16:26:22 [booklist] INFO: VALID_ID: 11038901
2023-06-30 16:26:22 [booklist] INFO: VALID_ID: 2585854
2023-06-30 16:26:22 [booklist] INFO: VALID_ID: 2585804
2023-06-30 16:26:22 [booklist] INFO: VALID_ID: 2585903
2023-06-30 16:26:22 [booklist] INFO: VALID_ID: 2585826
2023-06-30 16:26:22 [booklist] INFO: VALID_ID: 2585931
2023-06-30 16:26:22 [booklist] INFO: VALID_ID: 2585850
2023-06-30 16:26:23 [scrapy.core.engine] DEBUG: Crawled (200) <POST https://dl.ndl.go.jp/api/item/search> (referer: https://dl.ndl.go.jp/api/item/search)
2023-06-30 16:26:23 [booklist] INFO: Fetched page 12
2023-06-30 16:26:24 [booklist] INFO: VALID_ID: 11038878
2023-06-30 16:26:24 [booklist] INFO: VALID_ID: 11038896
2023-06-30 16:26:24 [booklist] INFO: VALID_ID: 11038904
2023-06-30 16:26:24 [booklist] INFO: VALID_ID: 2608004
2023-06-30 16:26:24 [booklist] INFO: VALID_ID: 11038912
2023-06-30 16:26:24 [booklist] INFO: VALID_ID: 2585779
2023-06-30 16:26:24 [booklist] INFO: VALID_ID: 2585886
2023-06-30 16:26:24 [booklist] INFO: VALID_ID: 2585807
2023-06-30 16:26:24 [booklist] INFO: VALID_ID: 2585763
2023-06-30 16:26:24 [booklist] INFO: VALID_ID: 2585860
2023-06-30 16:26:24 [booklist] INFO: VALID_ID: 2585768
2023-06-30 16:26:24 [booklist] INFO: VALID_ID: 2585909
2023-06-30 16:26:24 [booklist] INFO: VALID_ID: 2585835
2023-06-30 16:26:24 [booklist] INFO: VALID_ID: 2585847
2023-06-30 16:26:24 [booklist] INFO: VALID_ID: 2606214
2023-06-30 16:26:24 [booklist] INFO: VALID_ID: 11038901
2023-06-30 16:26:24 [booklist] INFO: VALID_ID: 2585855
2023-06-30 16:26:24 [booklist] INFO: VALID_ID: 2585777
2023-06-30 16:26:24 [booklist] INFO: VALID_ID: 2585783
2023-06-30 16:26:24 [booklist] INFO: VALID_ID: 2585894
2023-06-30 16:26:24 [booklist] INFO: VALID_ID: 2585830
2023-06-30 16:26:24 [booklist] INFO: VALID_ID: 2585945
2023-06-30 16:26:24 [booklist] INFO: VALID_ID: 11038874
2023-06-30 16:26:24 [booklist] INFO: VALID_ID: 11038880
2023-06-30 16:26:24 [booklist] INFO: VALID_ID: 2585874
2023-06-30 16:26:24 [booklist] INFO: VALID_ID: 2585769
2023-06-30 16:26:24 [booklist] INFO: VALID_ID: 2585871
2023-06-30 16:26:24 [booklist] INFO: VALID_ID: 2585892
2023-06-30 16:26:24 [booklist] INFO: VALID_ID: 2585933
2023-06-30 16:26:24 [booklist] INFO: VALID_ID: 2585798
2023-06-30 16:26:24 [booklist] INFO: VALID_ID: 2585902
2023-06-30 16:26:24 [booklist] INFO: VALID_ID: 2585840
2023-06-30 16:26:24 [booklist] INFO: VALID_ID: 11038898
2023-06-30 16:26:24 [booklist] INFO: VALID_ID: 2585775
2023-06-30 16:26:24 [booklist] INFO: VALID_ID: 2585879
2023-06-30 16:26:24 [booklist] INFO: VALID_ID: 2585802
2023-06-30 16:26:24 [booklist] INFO: VALID_ID: 2585900
2023-06-30 16:26:24 [booklist] INFO: VALID_ID: 2585818
2023-06-30 16:26:24 [booklist] INFO: VALID_ID: 2585922
2023-06-30 16:26:24 [booklist] INFO: VALID_ID: 2585936
2023-06-30 16:26:24 [booklist] INFO: VALID_ID: 11038906
2023-06-30 16:26:24 [booklist] INFO: VALID_ID: 11038886
2023-06-30 16:26:24 [booklist] INFO: VALID_ID: 11038893
2023-06-30 16:26:24 [booklist] INFO: VALID_ID: 11038895
2023-06-30 16:26:24 [booklist] INFO: VALID_ID: 12865356
2023-06-30 16:26:24 [booklist] INFO: VALID_ID: 2585773
2023-06-30 16:26:24 [booklist] INFO: VALID_ID: 2585869
2023-06-30 16:26:24 [booklist] INFO: VALID_ID: 2585881
2023-06-30 16:26:24 [booklist] INFO: VALID_ID: 2585787
2023-06-30 16:26:24 [booklist] INFO: VALID_ID: 2585806
2023-06-30 16:26:24 [booklist] INFO: VALID_ID: 2585907
2023-06-30 16:26:24 [booklist] INFO: VALID_ID: 2585845
2023-06-30 16:26:24 [booklist] INFO: VALID_ID: 2585944
2023-06-30 16:26:24 [booklist] INFO: VALID_ID: 2585848
2023-06-30 16:26:24 [booklist] INFO: VALID_ID: 11038885
2023-06-30 16:26:24 [booklist] INFO: VALID_ID: 11038899
2023-06-30 16:26:24 [booklist] INFO: VALID_ID: 11038890
2023-06-30 16:26:24 [booklist] INFO: VALID_ID: 11038877
2023-06-30 16:26:24 [booklist] INFO: VALID_ID: 2605546
2023-06-30 16:26:24 [booklist] INFO: VALID_ID: 2585759
2023-06-30 16:26:24 [booklist] INFO: VALID_ID: 2585762
2023-06-30 16:26:24 [booklist] INFO: VALID_ID: 2585794
2023-06-30 16:26:24 [booklist] INFO: VALID_ID: 2585905
2023-06-30 16:26:24 [booklist] INFO: VALID_ID: 2585873
2023-06-30 16:26:24 [booklist] INFO: VALID_ID: 2585918
2023-06-30 16:26:24 [booklist] INFO: VALID_ID: 2585829
2023-06-30 16:26:24 [booklist] INFO: VALID_ID: 2585938
2023-06-30 16:26:24 [booklist] INFO: VALID_ID: 2585941
2023-06-30 16:26:24 [booklist] INFO: VALID_ID: 11038882
2023-06-30 16:26:24 [booklist] INFO: VALID_ID: 2585765
2023-06-30 16:26:24 [booklist] INFO: VALID_ID: 2585859
2023-06-30 16:26:24 [booklist] INFO: VALID_ID: 2585880
2023-06-30 16:26:24 [booklist] INFO: VALID_ID: 2585899
2023-06-30 16:26:24 [booklist] INFO: VALID_ID: 2585811
2023-06-30 16:26:24 [booklist] INFO: VALID_ID: 2585827
2023-06-30 16:26:24 [booklist] INFO: VALID_ID: 2585937
2023-06-30 16:26:24 [booklist] INFO: VALID_ID: 2585843
2023-06-30 16:26:24 [booklist] INFO: VALID_ID: 2585849
2023-06-30 16:26:24 [booklist] INFO: VALID_ID: 2585863
2023-06-30 16:26:24 [booklist] INFO: VALID_ID: 2585772
2023-06-30 16:26:24 [booklist] INFO: VALID_ID: 2585784
2023-06-30 16:26:24 [booklist] INFO: VALID_ID: 2585812
2023-06-30 16:26:24 [booklist] INFO: VALID_ID: 2585916
2023-06-30 16:26:24 [booklist] INFO: VALID_ID: 2585831
2023-06-30 16:26:24 [booklist] INFO: VALID_ID: 2585942
2023-06-30 16:26:24 [booklist] INFO: VALID_ID: 11038908
2023-06-30 16:26:24 [booklist] INFO: VALID_ID: 2609656
2023-06-30 16:26:24 [booklist] INFO: VALID_ID: 2607884
2023-06-30 16:26:24 [booklist] INFO: VALID_ID: 2609321
2023-06-30 16:26:24 [booklist] INFO: VALID_ID: 11038888
2023-06-30 16:26:24 [booklist] INFO: VALID_ID: 11892734
2023-06-30 16:26:24 [booklist] INFO: VALID_ID: 2609861
2023-06-30 16:26:24 [booklist] INFO: VALID_ID: 2608721
2023-06-30 16:26:24 [booklist] INFO: VALID_ID: 2610288
2023-06-30 16:26:24 [booklist] INFO: VALID_ID: 12865370
2023-06-30 16:26:24 [booklist] INFO: VALID_ID: 2609552
2023-06-30 16:26:24 [booklist] INFO: VALID_ID: 2606319
2023-06-30 16:26:24 [booklist] INFO: VALID_ID: 2583705
2023-06-30 16:26:24 [booklist] INFO: VALID_ID: 2583718
2023-06-30 16:26:24 [booklist] INFO: VALID_ID: 2583684
2023-06-30 16:26:24 [scrapy.core.engine] DEBUG: Crawled (200) <POST https://dl.ndl.go.jp/api/item/search> (referer: https://dl.ndl.go.jp/api/item/search)
2023-06-30 16:26:24 [booklist] INFO: Fetched page 13
2023-06-30 16:26:24 [booklist] INFO: VALID_ID: 2583668
2023-06-30 16:26:24 [booklist] INFO: VALID_ID: 2583673
2023-06-30 16:26:24 [booklist] INFO: VALID_ID: 2583701
2023-06-30 16:26:24 [booklist] INFO: VALID_ID: 2583709
2023-06-30 16:26:24 [booklist] INFO: VALID_ID: 2583725
2023-06-30 16:26:24 [booklist] INFO: VALID_ID: 2583661
2023-06-30 16:26:24 [booklist] INFO: VALID_ID: 2583664
2023-06-30 16:26:24 [booklist] INFO: VALID_ID: 2583717
2023-06-30 16:26:24 [booklist] INFO: VALID_ID: 2609242
2023-06-30 16:26:24 [booklist] INFO: VALID_ID: 2583659
2023-06-30 16:26:24 [booklist] INFO: VALID_ID: 2583694
2023-06-30 16:26:24 [booklist] INFO: VALID_ID: 2583678
2023-06-30 16:26:24 [booklist] INFO: VALID_ID: 2583685
2023-06-30 16:26:24 [booklist] INFO: VALID_ID: 2583722
2023-06-30 16:26:24 [booklist] INFO: VALID_ID: 2583691
2023-06-30 16:26:24 [booklist] INFO: VALID_ID: 11446659
2023-06-30 16:26:24 [booklist] INFO: VALID_ID: 2583693
2023-06-30 16:26:24 [booklist] INFO: VALID_ID: 2583716
2023-06-30 16:26:24 [booklist] INFO: VALID_ID: 2583719
2023-06-30 16:26:24 [booklist] INFO: VALID_ID: 2583665
2023-06-30 16:26:24 [booklist] INFO: VALID_ID: 2583699
2023-06-30 16:26:24 [booklist] INFO: VALID_ID: 2608047
2023-06-30 16:26:24 [booklist] INFO: VALID_ID: 2609279
2023-06-30 16:26:24 [booklist] INFO: VALID_ID: 2583715
2023-06-30 16:26:24 [booklist] INFO: VALID_ID: 2608748
2023-06-30 16:26:24 [booklist] INFO: VALID_ID: 2609205
2023-06-30 16:26:24 [booklist] INFO: VALID_ID: 2610535
2023-06-30 16:26:24 [booklist] INFO: VALID_ID: 2610707
2023-06-30 16:26:24 [booklist] INFO: VALID_ID: 2609924
2023-06-30 16:26:24 [booklist] INFO: VALID_ID: 2583660
2023-06-30 16:26:24 [booklist] INFO: VALID_ID: 2583667
2023-06-30 16:26:24 [booklist] INFO: VALID_ID: 2583681
2023-06-30 16:26:24 [booklist] INFO: VALID_ID: 2583675
2023-06-30 16:26:24 [booklist] INFO: VALID_ID: 2610444
2023-06-30 16:26:24 [booklist] INFO: VALID_ID: 2583704
2023-06-30 16:26:24 [booklist] INFO: VALID_ID: 2583708
2023-06-30 16:26:24 [booklist] INFO: VALID_ID: 2583711
2023-06-30 16:26:24 [booklist] INFO: VALID_ID: 2583680
2023-06-30 16:26:24 [booklist] INFO: VALID_ID: 2583687
2023-06-30 16:26:24 [booklist] INFO: VALID_ID: 2583697
2023-06-30 16:26:24 [booklist] INFO: VALID_ID: 2583714
2023-06-30 16:26:24 [booklist] INFO: VALID_ID: 2583683
2023-06-30 16:26:24 [booklist] INFO: VALID_ID: 2583706
2023-06-30 16:26:24 [booklist] INFO: VALID_ID: 2583692
2023-06-30 16:26:24 [booklist] INFO: VALID_ID: 2583662
2023-06-30 16:26:24 [booklist] INFO: VALID_ID: 2583666
2023-06-30 16:26:24 [booklist] INFO: VALID_ID: 2583700
2023-06-30 16:26:24 [booklist] INFO: VALID_ID: 2583686
2023-06-30 16:26:24 [booklist] INFO: VALID_ID: 2583724
2023-06-30 16:26:24 [booklist] INFO: VALID_ID: 2610561
2023-06-30 16:26:24 [booklist] INFO: VALID_ID: 2583672
2023-06-30 16:26:24 [booklist] INFO: VALID_ID: 2583707
2023-06-30 16:26:24 [booklist] INFO: VALID_ID: 2583710
2023-06-30 16:26:24 [booklist] INFO: VALID_ID: 2583677
2023-06-30 16:26:24 [booklist] INFO: VALID_ID: 2583713
2023-06-30 16:26:24 [booklist] INFO: VALID_ID: 2583688
2023-06-30 16:26:24 [booklist] INFO: VALID_ID: 2583695
2023-06-30 16:26:24 [booklist] INFO: VALID_ID: 2583671
2023-06-30 16:26:24 [booklist] INFO: VALID_ID: 2583674
2023-06-30 16:26:24 [booklist] INFO: VALID_ID: 2583689
2023-06-30 16:26:24 [booklist] INFO: VALID_ID: 2609633
2023-06-30 16:26:24 [booklist] INFO: VALID_ID: 2583682
2023-06-30 16:26:24 [booklist] INFO: VALID_ID: 1286301
2023-06-30 16:26:24 [booklist] INFO: VALID_ID: 2583698
2023-06-30 16:26:24 [booklist] INFO: VALID_ID: 2583703
2023-06-30 16:26:24 [booklist] INFO: VALID_ID: 2583676
2023-06-30 16:26:24 [booklist] INFO: VALID_ID: 2583712
2023-06-30 16:26:24 [booklist] INFO: VALID_ID: 2583723
2023-06-30 16:26:24 [booklist] INFO: VALID_ID: 2607879
2023-06-30 16:26:24 [booklist] INFO: VALID_ID: 2583702
2023-06-30 16:26:24 [booklist] INFO: VALID_ID: 2583679
2023-06-30 16:26:24 [booklist] INFO: VALID_ID: 2583721
2023-06-30 16:26:24 [booklist] INFO: VALID_ID: 2583690
2023-06-30 16:26:24 [booklist] INFO: VALID_ID: 2610518
2023-06-30 16:26:24 [booklist] INFO: VALID_ID: 2606349
2023-06-30 16:26:24 [booklist] INFO: VALID_ID: 2583669
2023-06-30 16:26:24 [booklist] INFO: VALID_ID: 2583670
2023-06-30 16:26:24 [booklist] INFO: VALID_ID: 2587049
2023-06-30 16:26:24 [booklist] INFO: VALID_ID: 2610012
2023-06-30 16:26:24 [booklist] INFO: VALID_ID: 1286691
2023-06-30 16:26:24 [booklist] INFO: VALID_ID: 1286500
2023-06-30 16:26:24 [booklist] INFO: VALID_ID: 2537611
2023-06-30 16:26:24 [booklist] INFO: VALID_ID: 2596069
2023-06-30 16:26:24 [booklist] INFO: VALID_ID: 2596096
2023-06-30 16:26:24 [booklist] INFO: VALID_ID: 2596112
2023-06-30 16:26:24 [booklist] INFO: VALID_ID: 2596087
2023-06-30 16:26:24 [booklist] INFO: VALID_ID: 2596111
2023-06-30 16:26:24 [booklist] INFO: VALID_ID: 2596129
2023-06-30 16:26:24 [booklist] INFO: VALID_ID: 9369960
2023-06-30 16:26:24 [booklist] INFO: VALID_ID: 1287103
2023-06-30 16:26:24 [booklist] INFO: VALID_ID: 1286600
2023-06-30 16:26:24 [booklist] INFO: VALID_ID: 2596109
2023-06-30 16:26:24 [booklist] INFO: VALID_ID: 2607426
2023-06-30 16:26:24 [booklist] INFO: VALID_ID: 2596118
2023-06-30 16:26:24 [booklist] INFO: VALID_ID: 2611007
2023-06-30 16:26:24 [booklist] INFO: VALID_ID: 2596121
2023-06-30 16:26:24 [booklist] INFO: VALID_ID: 2596136
2023-06-30 16:26:24 [booklist] INFO: VALID_ID: 2596060
2023-06-30 16:26:24 [booklist] INFO: VALID_ID: 2596089
2023-06-30 16:26:24 [booklist] INFO: VALID_ID: 2596095
2023-06-30 16:26:25 [scrapy.core.engine] DEBUG: Crawled (200) <POST https://dl.ndl.go.jp/api/item/search> (referer: https://dl.ndl.go.jp/api/item/search)
2023-06-30 16:26:25 [booklist] INFO: Fetched page 14
2023-06-30 16:26:25 [booklist] INFO: VALID_ID: 2596115
2023-06-30 16:26:25 [booklist] INFO: VALID_ID: 2596094
2023-06-30 16:26:25 [booklist] INFO: VALID_ID: 2596058
2023-06-30 16:26:25 [booklist] INFO: VALID_ID: 2596120
2023-06-30 16:26:25 [booklist] INFO: VALID_ID: 2596133
2023-06-30 16:26:25 [booklist] INFO: VALID_ID: 2596114
2023-06-30 16:26:25 [booklist] INFO: VALID_ID: 1287146
2023-06-30 16:26:25 [booklist] INFO: VALID_ID: 2533430
2023-06-30 16:26:25 [booklist] INFO: VALID_ID: 2596113
2023-06-30 16:26:25 [booklist] INFO: VALID_ID: 2596128
2023-06-30 16:26:25 [booklist] INFO: VALID_ID: 2610138
2023-06-30 16:26:25 [booklist] INFO: VALID_ID: 2608247
2023-06-30 16:26:25 [booklist] INFO: VALID_ID: 2596068
2023-06-30 16:26:25 [booklist] INFO: VALID_ID: 2596122
2023-06-30 16:26:25 [booklist] INFO: VALID_ID: 2596123
2023-06-30 16:26:25 [booklist] INFO: VALID_ID: 2609546
2023-06-30 16:26:25 [booklist] INFO: VALID_ID: 2610026
2023-06-30 16:26:25 [booklist] INFO: VALID_ID: 2596088
2023-06-30 16:26:25 [booklist] INFO: VALID_ID: 2596124
2023-06-30 16:26:25 [booklist] INFO: VALID_ID: 2608097
2023-06-30 16:26:25 [booklist] INFO: VALID_ID: 2543831
2023-06-30 16:26:25 [booklist] INFO: VALID_ID: 2610801
2023-06-30 16:26:25 [booklist] INFO: VALID_ID: 2609582
2023-06-30 16:26:25 [booklist] INFO: VALID_ID: 2608441
2023-06-30 16:26:25 [booklist] INFO: VALID_ID: 2605758
2023-06-30 16:26:25 [booklist] INFO: VALID_ID: 2539112
2023-06-30 16:26:25 [booklist] INFO: VALID_ID: 2611035
2023-06-30 16:26:25 [booklist] INFO: VALID_ID: 2609783
2023-06-30 16:26:25 [booklist] INFO: VALID_ID: 2605465
2023-06-30 16:26:25 [booklist] INFO: VALID_ID: 2605985
2023-06-30 16:26:25 [booklist] INFO: VALID_ID: 11446480
2023-06-30 16:26:25 [scrapy.core.engine] DEBUG: Crawled (200) <POST https://dl.ndl.go.jp/api/item/search> (referer: https://dl.ndl.go.jp/api/item/search)
2023-06-30 16:26:25 [booklist] INFO: Fetched page 15
2023-06-30 16:26:25 [booklist] INFO: No more books on 15
2023-06-30 16:26:25 [scrapy.core.engine] INFO: Closing spider (finished)
2023-06-30 16:26:25 [scrapy.statscollectors] INFO: Dumping Scrapy stats:
{'downloader/request_bytes': 20386,
 'downloader/request_count': 16,
 'downloader/request_method_count/GET': 1,
 'downloader/request_method_count/POST': 15,
 'downloader/response_bytes': 7170851,
 'downloader/response_count': 16,
 'downloader/response_status_count/200': 16,
 'elapsed_time_seconds': 21.746028,
 'finish_reason': 'finished',
 'finish_time': datetime.datetime(2023, 6, 30, 8, 26, 25, 766482),
 'httpcompression/response_bytes': 84070576,
 'httpcompression/response_count': 15,
 'log_count/DEBUG': 19,
 'log_count/INFO': 1357,
 'memusage/max': 64040960,
 'memusage/startup': 64040960,
 'request_depth_max': 14,
 'response_received_count': 16,
 'robotstxt/request_count': 1,
 'robotstxt/response_count': 1,
 'robotstxt/response_status_count/200': 1,
 'scheduler/dequeued': 15,
 'scheduler/dequeued/memory': 15,
 'scheduler/enqueued': 15,
 'scheduler/enqueued/memory': 15,
 'start_time': datetime.datetime(2023, 6, 30, 8, 26, 4, 20454)}
2023-06-30 16:26:25 [scrapy.core.engine] INFO: Spider closed (finished)
