2023-06-30 17:40:26 [scrapy.utils.log] INFO: Scrapy 2.9.0 started (bot: ndlcrawler)
2023-06-30 17:40:26 [scrapy.utils.log] INFO: Versions: lxml 4.9.2.0, libxml2 2.9.14, cssselect 1.2.0, parsel 1.8.1, w3lib 2.1.1, Twisted 22.10.0, Python 3.10.10 (main, Mar  5 2023, 22:26:53) [GCC 12.2.1 20230201], pyOpenSSL 23.2.0 (OpenSSL 3.1.1 30 May 2023), cryptography 41.0.1, Platform Linux-6.2.12-arch1-1-x86_64-with-glibc2.37
2023-06-30 17:40:26 [scrapy.crawler] INFO: Overridden settings:
{'BOT_NAME': 'ndlcrawler',
 'FEED_EXPORT_ENCODING': 'utf-8',
 'LOG_FILE': 'logs/booklist.title.纂.DESC.log',
 'NEWSPIDER_MODULE': 'ndlcrawler.spiders',
 'REQUEST_FINGERPRINTER_IMPLEMENTATION': '2.7',
 'ROBOTSTXT_OBEY': True,
 'SPIDER_MODULES': ['ndlcrawler.spiders'],
 'TWISTED_REACTOR': 'twisted.internet.asyncioreactor.AsyncioSelectorReactor'}
2023-06-30 17:40:26 [asyncio] DEBUG: Using selector: EpollSelector
2023-06-30 17:40:26 [scrapy.utils.log] DEBUG: Using reactor: twisted.internet.asyncioreactor.AsyncioSelectorReactor
2023-06-30 17:40:26 [scrapy.utils.log] DEBUG: Using asyncio event loop: asyncio.unix_events._UnixSelectorEventLoop
2023-06-30 17:40:26 [scrapy.extensions.telnet] INFO: Telnet Password: 5211d47f80cff8b4
2023-06-30 17:40:26 [scrapy.middleware] INFO: Enabled extensions:
['scrapy.extensions.corestats.CoreStats',
 'scrapy.extensions.telnet.TelnetConsole',
 'scrapy.extensions.memusage.MemoryUsage',
 'scrapy.extensions.logstats.LogStats']
2023-06-30 17:40:26 [scrapy.middleware] INFO: Enabled downloader middlewares:
['scrapy.downloadermiddlewares.robotstxt.RobotsTxtMiddleware',
 'scrapy.downloadermiddlewares.httpauth.HttpAuthMiddleware',
 'scrapy.downloadermiddlewares.downloadtimeout.DownloadTimeoutMiddleware',
 'scrapy.downloadermiddlewares.defaultheaders.DefaultHeadersMiddleware',
 'scrapy.downloadermiddlewares.useragent.UserAgentMiddleware',
 'scrapy.downloadermiddlewares.retry.RetryMiddleware',
 'scrapy.downloadermiddlewares.redirect.MetaRefreshMiddleware',
 'scrapy.downloadermiddlewares.httpcompression.HttpCompressionMiddleware',
 'scrapy.downloadermiddlewares.redirect.RedirectMiddleware',
 'scrapy.downloadermiddlewares.cookies.CookiesMiddleware',
 'scrapy.downloadermiddlewares.httpproxy.HttpProxyMiddleware',
 'scrapy.downloadermiddlewares.stats.DownloaderStats']
2023-06-30 17:40:26 [scrapy.middleware] INFO: Enabled spider middlewares:
['scrapy.spidermiddlewares.httperror.HttpErrorMiddleware',
 'scrapy.spidermiddlewares.offsite.OffsiteMiddleware',
 'scrapy.spidermiddlewares.referer.RefererMiddleware',
 'scrapy.spidermiddlewares.urllength.UrlLengthMiddleware',
 'scrapy.spidermiddlewares.depth.DepthMiddleware']
2023-06-30 17:40:26 [scrapy.middleware] INFO: Enabled item pipelines:
[]
2023-06-30 17:40:26 [scrapy.core.engine] INFO: Spider opened
2023-06-30 17:40:27 [scrapy.extensions.logstats] INFO: Crawled 0 pages (at 0 pages/min), scraped 0 items (at 0 items/min)
2023-06-30 17:40:27 [scrapy.extensions.telnet] INFO: Telnet console listening on 127.0.0.1:6024
2023-06-30 17:40:27 [scrapy.core.engine] DEBUG: Crawled (200) <GET https://dl.ndl.go.jp/robots.txt> (referer: None)
2023-06-30 17:40:29 [scrapy.core.engine] DEBUG: Crawled (200) <POST https://dl.ndl.go.jp/api/item/search> (referer: None)
2023-06-30 17:40:29 [booklist] INFO: Fetched page 1
2023-06-30 17:40:29 [booklist] INFO: VALID_ID: 2590467
2023-06-30 17:40:29 [booklist] INFO: VALID_ID: 2590490
2023-06-30 17:40:29 [booklist] INFO: VALID_ID: 1246383
2023-06-30 17:40:29 [booklist] INFO: VALID_ID: 2590507
2023-06-30 17:40:29 [booklist] INFO: VALID_ID: 2590511
2023-06-30 17:40:29 [booklist] INFO: VALID_ID: 2590512
2023-06-30 17:40:29 [booklist] INFO: VALID_ID: 2537254
2023-06-30 17:40:29 [booklist] INFO: VALID_ID: 2590402
2023-06-30 17:40:29 [booklist] INFO: VALID_ID: 2590445
2023-06-30 17:40:29 [booklist] INFO: VALID_ID: 2590460
2023-06-30 17:40:29 [booklist] INFO: VALID_ID: 2590488
2023-06-30 17:40:29 [booklist] INFO: VALID_ID: 2590498
2023-06-30 17:40:29 [booklist] INFO: VALID_ID: 2537441
2023-06-30 17:40:29 [booklist] INFO: VALID_ID: 1246392
2023-06-30 17:40:29 [booklist] INFO: VALID_ID: 2590447
2023-06-30 17:40:29 [booklist] INFO: VALID_ID: 2590457
2023-06-30 17:40:29 [booklist] INFO: VALID_ID: 2590474
2023-06-30 17:40:29 [booklist] INFO: VALID_ID: 2536246
2023-06-30 17:40:29 [booklist] INFO: VALID_ID: 2590388
2023-06-30 17:40:29 [booklist] INFO: VALID_ID: 2590395
2023-06-30 17:40:29 [booklist] INFO: VALID_ID: 2590405
2023-06-30 17:40:29 [booklist] INFO: VALID_ID: 2590426
2023-06-30 17:40:29 [booklist] INFO: VALID_ID: 2590463
2023-06-30 17:40:29 [booklist] INFO: VALID_ID: 2590481
2023-06-30 17:40:29 [booklist] INFO: VALID_ID: 2590513
2023-06-30 17:40:29 [booklist] INFO: VALID_ID: 2590520
2023-06-30 17:40:29 [booklist] INFO: VALID_ID: 2590525
2023-06-30 17:40:29 [booklist] INFO: VALID_ID: 2535912
2023-06-30 17:40:29 [booklist] INFO: VALID_ID: 2536557
2023-06-30 17:40:29 [booklist] INFO: VALID_ID: 2590391
2023-06-30 17:40:29 [booklist] INFO: VALID_ID: 2590415
2023-06-30 17:40:29 [booklist] INFO: VALID_ID: 1246437
2023-06-30 17:40:29 [booklist] INFO: VALID_ID: 1246365
2023-06-30 17:40:29 [booklist] INFO: VALID_ID: 2590393
2023-06-30 17:40:29 [booklist] INFO: VALID_ID: 1246374
2023-06-30 17:40:29 [booklist] INFO: VALID_ID: 1246381
2023-06-30 17:40:29 [booklist] INFO: VALID_ID: 1246432
2023-06-30 17:40:29 [booklist] INFO: VALID_ID: 2590475
2023-06-30 17:40:29 [booklist] INFO: VALID_ID: 2590523
2023-06-30 17:40:29 [booklist] INFO: VALID_ID: 1246413
2023-06-30 17:40:29 [booklist] INFO: VALID_ID: 2590411
2023-06-30 17:40:29 [booklist] INFO: VALID_ID: 1246428
2023-06-30 17:40:29 [booklist] INFO: VALID_ID: 2590428
2023-06-30 17:40:29 [booklist] INFO: VALID_ID: 2590438
2023-06-30 17:40:29 [booklist] INFO: VALID_ID: 2590443
2023-06-30 17:40:29 [booklist] INFO: VALID_ID: 2590464
2023-06-30 17:40:29 [booklist] INFO: VALID_ID: 2533414
2023-06-30 17:40:29 [booklist] INFO: VALID_ID: 1246377
2023-06-30 17:40:29 [booklist] INFO: VALID_ID: 1246408
2023-06-30 17:40:29 [booklist] INFO: VALID_ID: 2590410
2023-06-30 17:40:29 [booklist] INFO: VALID_ID: 2590431
2023-06-30 17:40:29 [booklist] INFO: VALID_ID: 2590455
2023-06-30 17:40:29 [booklist] INFO: VALID_ID: 2590483
2023-06-30 17:40:29 [booklist] INFO: VALID_ID: 1246385
2023-06-30 17:40:29 [booklist] INFO: VALID_ID: 1246421
2023-06-30 17:40:29 [booklist] INFO: VALID_ID: 2590425
2023-06-30 17:40:29 [booklist] INFO: VALID_ID: 2590427
2023-06-30 17:40:29 [booklist] INFO: VALID_ID: 2590462
2023-06-30 17:40:29 [booklist] INFO: VALID_ID: 2590497
2023-06-30 17:40:29 [booklist] INFO: VALID_ID: 2590392
2023-06-30 17:40:29 [booklist] INFO: VALID_ID: 2590403
2023-06-30 17:40:29 [booklist] INFO: VALID_ID: 2590436
2023-06-30 17:40:29 [booklist] INFO: VALID_ID: 2590499
2023-06-30 17:40:29 [booklist] INFO: VALID_ID: 1246391
2023-06-30 17:40:30 [booklist] INFO: VALID_ID: 1246426
2023-06-30 17:40:30 [booklist] INFO: VALID_ID: 1246444
2023-06-30 17:40:30 [booklist] INFO: VALID_ID: 2590489
2023-06-30 17:40:30 [booklist] INFO: VALID_ID: 2590493
2023-06-30 17:40:30 [booklist] INFO: VALID_ID: 2610175
2023-06-30 17:40:30 [booklist] INFO: VALID_ID: 1246368
2023-06-30 17:40:30 [booklist] INFO: VALID_ID: 2590424
2023-06-30 17:40:30 [booklist] INFO: VALID_ID: 2590504
2023-06-30 17:40:30 [booklist] INFO: VALID_ID: 2590446
2023-06-30 17:40:30 [booklist] INFO: VALID_ID: 2590461
2023-06-30 17:40:30 [booklist] INFO: VALID_ID: 1246358
2023-06-30 17:40:30 [booklist] INFO: VALID_ID: 2590394
2023-06-30 17:40:30 [booklist] INFO: VALID_ID: 2590412
2023-06-30 17:40:30 [booklist] INFO: VALID_ID: 2590514
2023-06-30 17:40:30 [booklist] INFO: VALID_ID: 2590389
2023-06-30 17:40:30 [booklist] INFO: VALID_ID: 2590399
2023-06-30 17:40:30 [booklist] INFO: VALID_ID: 1246403
2023-06-30 17:40:30 [booklist] INFO: VALID_ID: 2590414
2023-06-30 17:40:30 [booklist] INFO: VALID_ID: 2590479
2023-06-30 17:40:30 [booklist] INFO: VALID_ID: 2590485
2023-06-30 17:40:30 [booklist] INFO: VALID_ID: 2590492
2023-06-30 17:40:30 [booklist] INFO: VALID_ID: 2590396
2023-06-30 17:40:30 [booklist] INFO: VALID_ID: 2590397
2023-06-30 17:40:30 [booklist] INFO: VALID_ID: 1246399
2023-06-30 17:40:30 [booklist] INFO: VALID_ID: 2590408
2023-06-30 17:40:30 [booklist] INFO: VALID_ID: 1246414
2023-06-30 17:40:30 [booklist] INFO: VALID_ID: 1246429
2023-06-30 17:40:30 [booklist] INFO: VALID_ID: 2590430
2023-06-30 17:40:30 [booklist] INFO: VALID_ID: 2590466
2023-06-30 17:40:30 [booklist] INFO: VALID_ID: 2590477
2023-06-30 17:40:30 [booklist] INFO: VALID_ID: 2590500
2023-06-30 17:40:30 [booklist] INFO: VALID_ID: 2590506
2023-06-30 17:40:30 [booklist] INFO: VALID_ID: 2590524
2023-06-30 17:40:30 [booklist] INFO: VALID_ID: 2590456
2023-06-30 17:40:30 [booklist] INFO: VALID_ID: 2590470
2023-06-30 17:40:30 [booklist] INFO: VALID_ID: 2590510
2023-06-30 17:40:31 [scrapy.core.engine] DEBUG: Crawled (200) <POST https://dl.ndl.go.jp/api/item/search> (referer: https://dl.ndl.go.jp/api/item/search)
2023-06-30 17:40:31 [booklist] INFO: Fetched page 2
2023-06-30 17:40:31 [booklist] INFO: VALID_ID: 2590500
2023-06-30 17:40:31 [booklist] INFO: VALID_ID: 2590506
2023-06-30 17:40:31 [booklist] INFO: VALID_ID: 2590524
2023-06-30 17:40:31 [booklist] INFO: VALID_ID: 1246424
2023-06-30 17:40:31 [booklist] INFO: VALID_ID: 2590419
2023-06-30 17:40:31 [booklist] INFO: VALID_ID: 2590433
2023-06-30 17:40:31 [booklist] INFO: VALID_ID: 2590480
2023-06-30 17:40:31 [booklist] INFO: VALID_ID: 2590515
2023-06-30 17:40:31 [booklist] INFO: VALID_ID: 1246391
2023-06-30 17:40:31 [booklist] INFO: VALID_ID: 1246426
2023-06-30 17:40:31 [booklist] INFO: VALID_ID: 1246444
2023-06-30 17:40:31 [booklist] INFO: VALID_ID: 2590489
2023-06-30 17:40:31 [booklist] INFO: VALID_ID: 2590493
2023-06-30 17:40:31 [booklist] INFO: VALID_ID: 2543158
2023-06-30 17:40:31 [booklist] INFO: VALID_ID: 2590494
2023-06-30 17:40:31 [booklist] INFO: VALID_ID: 2590508
2023-06-30 17:40:31 [booklist] INFO: VALID_ID: 2590516
2023-06-30 17:40:31 [booklist] INFO: VALID_ID: 2590518
2023-06-30 17:40:31 [booklist] INFO: VALID_ID: 1246355
2023-06-30 17:40:31 [booklist] INFO: VALID_ID: 1246396
2023-06-30 17:40:31 [booklist] INFO: VALID_ID: 1246418
2023-06-30 17:40:31 [booklist] INFO: VALID_ID: 2590416
2023-06-30 17:40:31 [booklist] INFO: VALID_ID: 2590421
2023-06-30 17:40:31 [booklist] INFO: VALID_ID: 2590473
2023-06-30 17:40:31 [booklist] INFO: VALID_ID: 2590476
2023-06-30 17:40:31 [booklist] INFO: VALID_ID: 2590509
2023-06-30 17:40:31 [booklist] INFO: VALID_ID: 2590519
2023-06-30 17:40:31 [booklist] INFO: VALID_ID: 1246413
2023-06-30 17:40:31 [booklist] INFO: VALID_ID: 2590411
2023-06-30 17:40:31 [booklist] INFO: VALID_ID: 1246428
2023-06-30 17:40:31 [booklist] INFO: VALID_ID: 2590428
2023-06-30 17:40:31 [booklist] INFO: VALID_ID: 2590438
2023-06-30 17:40:31 [booklist] INFO: VALID_ID: 2590443
2023-06-30 17:40:31 [booklist] INFO: VALID_ID: 2590464
2023-06-30 17:40:31 [booklist] INFO: VALID_ID: 2538849
2023-06-30 17:40:31 [booklist] INFO: VALID_ID: 9893264
2023-06-30 17:40:31 [booklist] INFO: VALID_ID: 1246410
2023-06-30 17:40:31 [booklist] INFO: VALID_ID: 2590406
2023-06-30 17:40:31 [booklist] INFO: VALID_ID: 2590422
2023-06-30 17:40:31 [booklist] INFO: VALID_ID: 2590444
2023-06-30 17:40:31 [booklist] INFO: VALID_ID: 2590478
2023-06-30 17:40:31 [booklist] INFO: VALID_ID: 2590446
2023-06-30 17:40:31 [booklist] INFO: VALID_ID: 2590461
2023-06-30 17:40:31 [booklist] INFO: VALID_ID: 2590390
2023-06-30 17:40:31 [booklist] INFO: VALID_ID: 2590398
2023-06-30 17:40:31 [booklist] INFO: VALID_ID: 2590409
2023-06-30 17:40:31 [booklist] INFO: VALID_ID: 1246431
2023-06-30 17:40:31 [booklist] INFO: VALID_ID: 2590437
2023-06-30 17:40:31 [booklist] INFO: VALID_ID: 2590465
2023-06-30 17:40:31 [booklist] INFO: VALID_ID: 2590491
2023-06-30 17:40:31 [booklist] INFO: VALID_ID: 2590522
2023-06-30 17:40:31 [booklist] INFO: VALID_ID: 2590423
2023-06-30 17:40:31 [booklist] INFO: VALID_ID: 2590487
2023-06-30 17:40:31 [booklist] INFO: VALID_ID: 2590521
2023-06-30 17:40:31 [booklist] INFO: VALID_ID: 2590400
2023-06-30 17:40:31 [booklist] INFO: VALID_ID: 2590404
2023-06-30 17:40:31 [booklist] INFO: VALID_ID: 1246435
2023-06-30 17:40:31 [booklist] INFO: VALID_ID: 2590453
2023-06-30 17:40:31 [booklist] INFO: VALID_ID: 2590468
2023-06-30 17:40:31 [booklist] INFO: VALID_ID: 2590482
2023-06-30 17:40:31 [booklist] INFO: VALID_ID: 2590517
2023-06-30 17:40:31 [booklist] INFO: VALID_ID: 2590526
2023-06-30 17:40:31 [booklist] INFO: VALID_ID: 2552972
2023-06-30 17:40:31 [booklist] INFO: VALID_ID: 2532395
2023-06-30 17:40:31 [booklist] INFO: VALID_ID: 1246387
2023-06-30 17:40:31 [booklist] INFO: VALID_ID: 1246443
2023-06-30 17:40:31 [booklist] INFO: VALID_ID: 2590420
2023-06-30 17:40:31 [booklist] INFO: VALID_ID: 2590452
2023-06-30 17:40:31 [booklist] INFO: VALID_ID: 2590459
2023-06-30 17:40:31 [booklist] INFO: VALID_ID: 2590472
2023-06-30 17:40:31 [booklist] INFO: VALID_ID: 2564984
2023-06-30 17:40:31 [booklist] INFO: VALID_ID: 2563741
2023-06-30 17:40:31 [booklist] INFO: VALID_ID: 2592362
2023-06-30 17:40:31 [booklist] INFO: VALID_ID: 2571062
2023-06-30 17:40:31 [booklist] INFO: VALID_ID: 2571100
2023-06-30 17:40:31 [booklist] INFO: VALID_ID: 2571102
2023-06-30 17:40:31 [booklist] INFO: VALID_ID: 2571149
2023-06-30 17:40:31 [booklist] INFO: VALID_ID: 2571202
2023-06-30 17:40:31 [booklist] INFO: VALID_ID: 2592524
2023-06-30 17:40:31 [booklist] INFO: VALID_ID: 2563743
2023-06-30 17:40:31 [booklist] INFO: VALID_ID: 2571099
2023-06-30 17:40:31 [booklist] INFO: VALID_ID: 2571133
2023-06-30 17:40:31 [booklist] INFO: VALID_ID: 2571183
2023-06-30 17:40:31 [booklist] INFO: VALID_ID: 2605199
2023-06-30 17:40:31 [booklist] INFO: VALID_ID: 2592357
2023-06-30 17:40:31 [booklist] INFO: VALID_ID: 2571014
2023-06-30 17:40:31 [booklist] INFO: VALID_ID: 2592370
2023-06-30 17:40:31 [booklist] INFO: VALID_ID: 11446130
2023-06-30 17:40:31 [booklist] INFO: VALID_ID: 2571088
2023-06-30 17:40:31 [booklist] INFO: VALID_ID: 2557629
2023-06-30 17:40:31 [booklist] INFO: VALID_ID: 2532364
2023-06-30 17:40:31 [booklist] INFO: VALID_ID: 2571200
2023-06-30 17:40:31 [booklist] INFO: VALID_ID: 2571201
2023-06-30 17:40:31 [booklist] INFO: VALID_ID: 2571127
2023-06-30 17:40:31 [booklist] INFO: VALID_ID: 2571034
2023-06-30 17:40:31 [booklist] INFO: VALID_ID: 2571095
2023-06-30 17:40:31 [booklist] INFO: VALID_ID: 2550909
2023-06-30 17:40:31 [booklist] INFO: VALID_ID: 2570994
2023-06-30 17:40:31 [booklist] INFO: VALID_ID: 2571000
2023-06-30 17:40:31 [booklist] INFO: VALID_ID: 2571080
2023-06-30 17:40:33 [scrapy.core.engine] DEBUG: Crawled (200) <POST https://dl.ndl.go.jp/api/item/search> (referer: https://dl.ndl.go.jp/api/item/search)
2023-06-30 17:40:33 [booklist] INFO: Fetched page 3
2023-06-30 17:40:33 [booklist] INFO: VALID_ID: 2571127
2023-06-30 17:40:33 [booklist] INFO: VALID_ID: 2571034
2023-06-30 17:40:33 [booklist] INFO: VALID_ID: 2571095
2023-06-30 17:40:33 [booklist] INFO: VALID_ID: 2550909
2023-06-30 17:40:33 [booklist] INFO: VALID_ID: 2570994
2023-06-30 17:40:33 [booklist] INFO: VALID_ID: 2571000
2023-06-30 17:40:33 [booklist] INFO: VALID_ID: 2571080
2023-06-30 17:40:33 [booklist] INFO: VALID_ID: 2571154
2023-06-30 17:40:33 [booklist] INFO: VALID_ID: 2606347
2023-06-30 17:40:33 [booklist] INFO: VALID_ID: 2570963
2023-06-30 17:40:33 [booklist] INFO: VALID_ID: 2570984
2023-06-30 17:40:33 [booklist] INFO: VALID_ID: 2571001
2023-06-30 17:40:33 [booklist] INFO: VALID_ID: 2571107
2023-06-30 17:40:33 [booklist] INFO: VALID_ID: 2571124
2023-06-30 17:40:33 [booklist] INFO: VALID_ID: 2557630
2023-06-30 17:40:33 [booklist] INFO: VALID_ID: 2550911
2023-06-30 17:40:33 [booklist] INFO: VALID_ID: 2550912
2023-06-30 17:40:33 [booklist] INFO: VALID_ID: 2563744
2023-06-30 17:40:33 [booklist] INFO: VALID_ID: 2571103
2023-06-30 17:40:33 [booklist] INFO: VALID_ID: 2571143
2023-06-30 17:40:33 [booklist] INFO: VALID_ID: 2571165
2023-06-30 17:40:33 [booklist] INFO: VALID_ID: 2592526
2023-06-30 17:40:33 [booklist] INFO: VALID_ID: 2592371
2023-06-30 17:40:33 [booklist] INFO: VALID_ID: 2570986
2023-06-30 17:40:33 [booklist] INFO: VALID_ID: 2571010
2023-06-30 17:40:33 [booklist] INFO: VALID_ID: 2605199
2023-06-30 17:40:33 [booklist] INFO: VALID_ID: 2592357
2023-06-30 17:40:33 [booklist] INFO: VALID_ID: 2571014
2023-06-30 17:40:33 [booklist] INFO: VALID_ID: 2611068
2023-06-30 17:40:33 [booklist] INFO: VALID_ID: 2539149
2023-06-30 17:40:33 [booklist] INFO: VALID_ID: 2571006
2023-06-30 17:40:33 [booklist] INFO: VALID_ID: 2571167
2023-06-30 17:40:33 [booklist] INFO: VALID_ID: 2592361
2023-06-30 17:40:33 [booklist] INFO: VALID_ID: 2592372
2023-06-30 17:40:33 [booklist] INFO: VALID_ID: 2571075
2023-06-30 17:40:33 [booklist] INFO: VALID_ID: 2571109
2023-06-30 17:40:33 [booklist] INFO: VALID_ID: 2532336
2023-06-30 17:40:33 [booklist] INFO: VALID_ID: 2563742
2023-06-30 17:40:33 [booklist] INFO: VALID_ID: 2571063
2023-06-30 17:40:33 [booklist] INFO: VALID_ID: 2571077
2023-06-30 17:40:33 [booklist] INFO: VALID_ID: 2571083
2023-06-30 17:40:33 [booklist] INFO: VALID_ID: 2571096
2023-06-30 17:40:33 [booklist] INFO: VALID_ID: 2571190
2023-06-30 17:40:33 [booklist] INFO: VALID_ID: 2557631
2023-06-30 17:40:33 [booklist] INFO: VALID_ID: 11446127
2023-06-30 17:40:33 [booklist] INFO: VALID_ID: 11446129
2023-06-30 17:40:33 [booklist] INFO: VALID_ID: 2571092
2023-06-30 17:40:33 [booklist] INFO: VALID_ID: 2571125
2023-06-30 17:40:33 [booklist] INFO: VALID_ID: 2607593
2023-06-30 17:40:33 [booklist] INFO: VALID_ID: 2592525
2023-06-30 17:40:33 [booklist] INFO: VALID_ID: 2570958
2023-06-30 17:40:33 [booklist] INFO: VALID_ID: 2571025
2023-06-30 17:40:33 [booklist] INFO: VALID_ID: 2575908
2023-06-30 17:40:33 [booklist] INFO: VALID_ID: 2589418
2023-06-30 17:40:33 [booklist] INFO: VALID_ID: 2592358
2023-06-30 17:40:33 [booklist] INFO: VALID_ID: 2571022
2023-06-30 17:40:33 [booklist] INFO: VALID_ID: 2571118
2023-06-30 17:40:33 [booklist] INFO: VALID_ID: 2535772
2023-06-30 17:40:33 [booklist] INFO: VALID_ID: 2571023
2023-06-30 17:40:33 [booklist] INFO: VALID_ID: 2571106
2023-06-30 17:40:33 [booklist] INFO: VALID_ID: 2571172
2023-06-30 17:40:33 [booklist] INFO: VALID_ID: 2589417
2023-06-30 17:40:33 [booklist] INFO: VALID_ID: 2592364
2023-06-30 17:40:33 [booklist] INFO: VALID_ID: 2570970
2023-06-30 17:40:33 [booklist] INFO: VALID_ID: 2571093
2023-06-30 17:40:33 [booklist] INFO: VALID_ID: 2571147
2023-06-30 17:40:33 [booklist] INFO: VALID_ID: 2607595
2023-06-30 17:40:33 [booklist] INFO: VALID_ID: 2592523
2023-06-30 17:40:33 [booklist] INFO: VALID_ID: 2564985
2023-06-30 17:40:33 [booklist] INFO: VALID_ID: 2592360
2023-06-30 17:40:33 [booklist] INFO: VALID_ID: 2592366
2023-06-30 17:40:33 [booklist] INFO: VALID_ID: 2571085
2023-06-30 17:40:33 [booklist] INFO: VALID_ID: 2571104
2023-06-30 17:40:33 [booklist] INFO: VALID_ID: 2592369
2023-06-30 17:40:33 [booklist] INFO: VALID_ID: 2571079
2023-06-30 17:40:33 [booklist] INFO: VALID_ID: 2571094
2023-06-30 17:40:33 [booklist] INFO: VALID_ID: 2571142
2023-06-30 17:40:33 [booklist] INFO: VALID_ID: 2571175
2023-06-30 17:40:33 [booklist] INFO: VALID_ID: 2571187
2023-06-30 17:40:33 [booklist] INFO: VALID_ID: 2563739
2023-06-30 17:40:33 [booklist] INFO: VALID_ID: 2570954
2023-06-30 17:40:33 [booklist] INFO: VALID_ID: 2570983
2023-06-30 17:40:33 [booklist] INFO: VALID_ID: 2571009
2023-06-30 17:40:33 [booklist] INFO: VALID_ID: 2571097
2023-06-30 17:40:33 [booklist] INFO: VALID_ID: 2571110
2023-06-30 17:40:33 [booklist] INFO: VALID_ID: 2571123
2023-06-30 17:40:33 [booklist] INFO: VALID_ID: 2571134
2023-06-30 17:40:33 [booklist] INFO: VALID_ID: 2571148
2023-06-30 17:40:33 [booklist] INFO: VALID_ID: 2571159
2023-06-30 17:40:33 [booklist] INFO: VALID_ID: 2571166
2023-06-30 17:40:33 [booklist] INFO: VALID_ID: 2571182
2023-06-30 17:40:33 [booklist] INFO: VALID_ID: 2592356
2023-06-30 17:40:33 [booklist] INFO: VALID_ID: 2538038
2023-06-30 17:40:33 [booklist] INFO: VALID_ID: 2570976
2023-06-30 17:40:33 [booklist] INFO: VALID_ID: 2571098
2023-06-30 17:40:33 [booklist] INFO: VALID_ID: 2571116
2023-06-30 17:40:33 [booklist] INFO: VALID_ID: 2571120
2023-06-30 17:40:33 [booklist] INFO: VALID_ID: 2571199
2023-06-30 17:40:33 [booklist] INFO: VALID_ID: 2609025
2023-06-30 17:40:33 [booklist] INFO: VALID_ID: 2610659
2023-06-30 17:40:34 [scrapy.core.engine] DEBUG: Crawled (200) <POST https://dl.ndl.go.jp/api/item/search> (referer: https://dl.ndl.go.jp/api/item/search)
2023-06-30 17:40:34 [booklist] INFO: Fetched page 4
2023-06-30 17:40:35 [booklist] INFO: VALID_ID: 2607595
2023-06-30 17:40:35 [booklist] INFO: VALID_ID: 2592523
2023-06-30 17:40:35 [booklist] INFO: VALID_ID: 2564985
2023-06-30 17:40:35 [booklist] INFO: VALID_ID: 2592360
2023-06-30 17:40:35 [booklist] INFO: VALID_ID: 2592366
2023-06-30 17:40:35 [booklist] INFO: VALID_ID: 2571085
2023-06-30 17:40:35 [booklist] INFO: VALID_ID: 2571104
2023-06-30 17:40:35 [booklist] INFO: VALID_ID: 2563740
2023-06-30 17:40:35 [booklist] INFO: VALID_ID: 2592363
2023-06-30 17:40:35 [booklist] INFO: VALID_ID: 2592365
2023-06-30 17:40:35 [booklist] INFO: VALID_ID: 11446673
2023-06-30 17:40:35 [booklist] INFO: VALID_ID: 11446128
2023-06-30 17:40:35 [booklist] INFO: VALID_ID: 2571086
2023-06-30 17:40:35 [booklist] INFO: VALID_ID: 2571087
2023-06-30 17:40:35 [booklist] INFO: VALID_ID: 2571158
2023-06-30 17:40:35 [booklist] INFO: VALID_ID: 2563694
2023-06-30 17:40:35 [booklist] INFO: VALID_ID: 2563697
2023-06-30 17:40:35 [booklist] INFO: VALID_ID: 2575902
2023-06-30 17:40:35 [booklist] INFO: VALID_ID: 2575909
2023-06-30 17:40:35 [booklist] INFO: VALID_ID: 2575899
2023-06-30 17:40:35 [booklist] INFO: VALID_ID: 2563256
2023-06-30 17:40:35 [booklist] INFO: VALID_ID: 2563257
2023-06-30 17:40:35 [booklist] INFO: VALID_ID: 2563700
2023-06-30 17:40:35 [booklist] INFO: VALID_ID: 2563261
2023-06-30 17:40:35 [booklist] INFO: VALID_ID: 2610589
2023-06-30 17:40:35 [booklist] INFO: VALID_ID: 2539446
2023-06-30 17:40:35 [booklist] INFO: VALID_ID: 2570997
2023-06-30 17:40:35 [booklist] INFO: VALID_ID: 2571135
2023-06-30 17:40:35 [booklist] INFO: VALID_ID: 2571151
2023-06-30 17:40:35 [booklist] INFO: VALID_ID: 2571056
2023-06-30 17:40:35 [booklist] INFO: VALID_ID: 2571130
2023-06-30 17:40:35 [booklist] INFO: VALID_ID: 2550907
2023-06-30 17:40:35 [booklist] INFO: VALID_ID: 2550908
2023-06-30 17:40:35 [booklist] INFO: VALID_ID: 2592368
2023-06-30 17:40:35 [booklist] INFO: VALID_ID: 2571059
2023-06-30 17:40:35 [booklist] INFO: VALID_ID: 2571136
2023-06-30 17:40:35 [booklist] INFO: VALID_ID: 2571137
2023-06-30 17:40:35 [booklist] INFO: VALID_ID: 2563699
2023-06-30 17:40:35 [booklist] INFO: VALID_ID: 2575905
2023-06-30 17:40:35 [booklist] INFO: VALID_ID: 2563698
2023-06-30 17:40:35 [booklist] INFO: VALID_ID: 2575906
2023-06-30 17:40:35 [booklist] INFO: VALID_ID: 2563693
2023-06-30 17:40:35 [booklist] INFO: VALID_ID: 2571036
2023-06-30 17:40:35 [booklist] INFO: VALID_ID: 2571193
2023-06-30 17:40:35 [booklist] INFO: VALID_ID: 2532472
2023-06-30 17:40:35 [booklist] INFO: VALID_ID: 2563255
2023-06-30 17:40:35 [booklist] INFO: VALID_ID: 2540170
2023-06-30 17:40:35 [booklist] INFO: VALID_ID: 2571931
2023-06-30 17:40:35 [booklist] INFO: VALID_ID: 2607272
2023-06-30 17:40:35 [booklist] INFO: VALID_ID: 2563259
2023-06-30 17:40:35 [booklist] INFO: VALID_ID: 2575901
2023-06-30 17:40:35 [booklist] INFO: VALID_ID: 2563253
2023-06-30 17:40:35 [booklist] INFO: VALID_ID: 2563262
2023-06-30 17:40:35 [booklist] INFO: VALID_ID: 2575897
2023-06-30 17:40:35 [booklist] INFO: VALID_ID: 2535609
2023-06-30 17:40:35 [booklist] INFO: VALID_ID: 2563254
2023-06-30 17:40:35 [booklist] INFO: VALID_ID: 2563258
2023-06-30 17:40:35 [booklist] INFO: VALID_ID: 2575907
2023-06-30 17:40:35 [booklist] INFO: VALID_ID: 2563704
2023-06-30 17:40:35 [booklist] INFO: VALID_ID: 2575903
2023-06-30 17:40:35 [booklist] INFO: VALID_ID: 2575904
2023-06-30 17:40:35 [booklist] INFO: VALID_ID: 2563701
2023-06-30 17:40:35 [booklist] INFO: VALID_ID: 1287073
2023-06-30 17:40:35 [booklist] INFO: VALID_ID: 1287416
2023-06-30 17:40:35 [booklist] INFO: VALID_ID: 2571929
2023-06-30 17:40:35 [booklist] INFO: VALID_ID: 2575816
2023-06-30 17:40:35 [booklist] INFO: VALID_ID: 2571943
2023-06-30 17:40:35 [booklist] INFO: VALID_ID: 2563260
2023-06-30 17:40:35 [booklist] INFO: VALID_ID: 2563702
2023-06-30 17:40:35 [booklist] INFO: VALID_ID: 2563703
2023-06-30 17:40:35 [booklist] INFO: VALID_ID: 2563695
2023-06-30 17:40:35 [booklist] INFO: VALID_ID: 2538741
2023-06-30 17:40:35 [booklist] INFO: VALID_ID: 2571933
2023-06-30 17:40:35 [booklist] INFO: VALID_ID: 2545361
2023-06-30 17:40:35 [booklist] INFO: VALID_ID: 2575898
2023-06-30 17:40:35 [booklist] INFO: VALID_ID: 2575900
2023-06-30 17:40:35 [booklist] INFO: VALID_ID: 2575817
2023-06-30 17:40:35 [booklist] INFO: VALID_ID: 2571939
2023-06-30 17:40:35 [booklist] INFO: VALID_ID: 2571930
2023-06-30 17:40:35 [booklist] INFO: VALID_ID: 2571935
2023-06-30 17:40:35 [booklist] INFO: VALID_ID: 2571942
2023-06-30 17:40:35 [booklist] INFO: VALID_ID: 2571934
2023-06-30 17:40:35 [booklist] INFO: VALID_ID: 2571932
2023-06-30 17:40:35 [booklist] INFO: VALID_ID: 2571936
2023-06-30 17:40:35 [booklist] INFO: VALID_ID: 2545368
2023-06-30 17:40:35 [booklist] INFO: VALID_ID: 2563696
2023-06-30 17:40:35 [booklist] INFO: VALID_ID: 2571937
2023-06-30 17:40:35 [booklist] INFO: VALID_ID: 2608519
2023-06-30 17:40:35 [booklist] INFO: VALID_ID: 2575814
2023-06-30 17:40:35 [booklist] INFO: VALID_ID: 2571928
2023-06-30 17:40:35 [booklist] INFO: VALID_ID: 2545358
2023-06-30 17:40:35 [booklist] INFO: VALID_ID: 2545369
2023-06-30 17:40:35 [booklist] INFO: VALID_ID: 2545363
2023-06-30 17:40:35 [booklist] INFO: VALID_ID: 2545365
2023-06-30 17:40:35 [booklist] INFO: VALID_ID: 2575815
2023-06-30 17:40:35 [booklist] INFO: VALID_ID: 2571938
2023-06-30 17:40:35 [booklist] INFO: VALID_ID: 2571941
2023-06-30 17:40:35 [booklist] INFO: VALID_ID: 2545360
2023-06-30 17:40:35 [booklist] INFO: VALID_ID: 2545371
2023-06-30 17:40:35 [booklist] INFO: VALID_ID: 2545359
2023-06-30 17:40:36 [scrapy.core.engine] DEBUG: Crawled (200) <POST https://dl.ndl.go.jp/api/item/search> (referer: https://dl.ndl.go.jp/api/item/search)
2023-06-30 17:40:36 [booklist] INFO: Fetched page 5
2023-06-30 17:40:37 [booklist] INFO: VALID_ID: 2571941
2023-06-30 17:40:37 [booklist] INFO: VALID_ID: 2608753
2023-06-30 17:40:37 [booklist] INFO: VALID_ID: 2560689
2023-06-30 17:40:37 [booklist] INFO: VALID_ID: 2545366
2023-06-30 17:40:37 [booklist] INFO: VALID_ID: 2545362
2023-06-30 17:40:37 [booklist] INFO: VALID_ID: 2571940
2023-06-30 17:40:37 [booklist] INFO: VALID_ID: 2545360
2023-06-30 17:40:37 [booklist] INFO: VALID_ID: 2545371
2023-06-30 17:40:37 [booklist] INFO: VALID_ID: 2575813
2023-06-30 17:40:37 [booklist] INFO: VALID_ID: 2606688
2023-06-30 17:40:37 [booklist] INFO: VALID_ID: 2545364
2023-06-30 17:40:37 [booklist] INFO: VALID_ID: 2545372
2023-06-30 17:40:37 [booklist] INFO: VALID_ID: 2560688
2023-06-30 17:40:37 [booklist] INFO: VALID_ID: 2545373
2023-06-30 17:40:37 [booklist] INFO: VALID_ID: 2560687
2023-06-30 17:40:37 [booklist] INFO: VALID_ID: 2545367
2023-06-30 17:40:37 [booklist] INFO: VALID_ID: 2567884
2023-06-30 17:40:37 [booklist] INFO: VALID_ID: 2559640
2023-06-30 17:40:37 [booklist] INFO: VALID_ID: 2567886
2023-06-30 17:40:37 [booklist] INFO: VALID_ID: 2567883
2023-06-30 17:40:37 [booklist] INFO: VALID_ID: 2536108
2023-06-30 17:40:37 [booklist] INFO: VALID_ID: 2559639
2023-06-30 17:40:37 [booklist] INFO: VALID_ID: 2567885
2023-06-30 17:40:37 [booklist] INFO: VALID_ID: 2607958
2023-06-30 17:40:37 [booklist] INFO: VALID_ID: 2608039
2023-06-30 17:40:37 [booklist] INFO: VALID_ID: 2608418
2023-06-30 17:40:37 [booklist] INFO: VALID_ID: 2559638
2023-06-30 17:40:37 [booklist] INFO: VALID_ID: 2567887
2023-06-30 17:40:37 [booklist] INFO: VALID_ID: 2567882
2023-06-30 17:40:37 [booklist] INFO: VALID_ID: 2537616
2023-06-30 17:40:37 [booklist] INFO: VALID_ID: 2552105
2023-06-30 17:40:37 [booklist] INFO: VALID_ID: 2561396
2023-06-30 17:40:37 [booklist] INFO: VALID_ID: 2552108
2023-06-30 17:40:37 [booklist] INFO: VALID_ID: 2532090
2023-06-30 17:40:37 [booklist] INFO: VALID_ID: 2537303
2023-06-30 17:40:37 [booklist] INFO: VALID_ID: 2561397
2023-06-30 17:40:37 [booklist] INFO: VALID_ID: 2606922
2023-06-30 17:40:37 [booklist] INFO: VALID_ID: 2552107
2023-06-30 17:40:37 [booklist] INFO: VALID_ID: 2552110
2023-06-30 17:40:37 [booklist] INFO: VALID_ID: 2552106
2023-06-30 17:40:37 [booklist] INFO: VALID_ID: 2552109
2023-06-30 17:40:37 [booklist] INFO: VALID_ID: 2606617
2023-06-30 17:40:37 [booklist] INFO: VALID_ID: 2557426
2023-06-30 17:40:37 [booklist] INFO: VALID_ID: 2557427
2023-06-30 17:40:37 [booklist] INFO: VALID_ID: 2557428
2023-06-30 17:40:37 [booklist] INFO: VALID_ID: 2557425
2023-06-30 17:40:37 [booklist] INFO: VALID_ID: 2557424
2023-06-30 17:40:37 [booklist] INFO: VALID_ID: 2598864
2023-06-30 17:40:37 [booklist] INFO: VALID_ID: 2538133
2023-06-30 17:40:37 [booklist] INFO: VALID_ID: 2580225
2023-06-30 17:40:37 [booklist] INFO: VALID_ID: 2580224
2023-06-30 17:40:37 [booklist] INFO: VALID_ID: 2557429
2023-06-30 17:40:37 [booklist] INFO: VALID_ID: 2580220
2023-06-30 17:40:37 [booklist] INFO: VALID_ID: 2580221
2023-06-30 17:40:37 [booklist] INFO: VALID_ID: 2580222
2023-06-30 17:40:37 [booklist] INFO: VALID_ID: 2580223
2023-06-30 17:40:37 [booklist] INFO: VALID_ID: 2609395
2023-06-30 17:40:37 [booklist] INFO: VALID_ID: 2596072
2023-06-30 17:40:37 [booklist] INFO: VALID_ID: 2596107
2023-06-30 17:40:37 [booklist] INFO: VALID_ID: 2596120
2023-06-30 17:40:37 [booklist] INFO: VALID_ID: 2596135
2023-06-30 17:40:37 [booklist] INFO: VALID_ID: 2596076
2023-06-30 17:40:37 [booklist] INFO: VALID_ID: 2596094
2023-06-30 17:40:37 [booklist] INFO: VALID_ID: 2596067
2023-06-30 17:40:37 [booklist] INFO: VALID_ID: 2596071
2023-06-30 17:40:37 [booklist] INFO: VALID_ID: 2596108
2023-06-30 17:40:37 [booklist] INFO: VALID_ID: 2596117
2023-06-30 17:40:37 [booklist] INFO: VALID_ID: 2596092
2023-06-30 17:40:37 [booklist] INFO: VALID_ID: 2535743
2023-06-30 17:40:37 [booklist] INFO: VALID_ID: 2596118
2023-06-30 17:40:37 [booklist] INFO: VALID_ID: 2596075
2023-06-30 17:40:37 [booklist] INFO: VALID_ID: 2596109
2023-06-30 17:40:37 [booklist] INFO: VALID_ID: 2596065
2023-06-30 17:40:37 [booklist] INFO: VALID_ID: 2596078
2023-06-30 17:40:37 [booklist] INFO: VALID_ID: 2596100
2023-06-30 17:40:37 [booklist] INFO: VALID_ID: 2596113
2023-06-30 17:40:37 [booklist] INFO: VALID_ID: 2596128
2023-06-30 17:40:37 [booklist] INFO: VALID_ID: 2539148
2023-06-30 17:40:37 [booklist] INFO: VALID_ID: 2596106
2023-06-30 17:40:37 [booklist] INFO: VALID_ID: 2596121
2023-06-30 17:40:37 [booklist] INFO: VALID_ID: 2596136
2023-06-30 17:40:37 [booklist] INFO: VALID_ID: 11891834
2023-06-30 17:40:37 [booklist] INFO: VALID_ID: 2596059
2023-06-30 17:40:37 [booklist] INFO: VALID_ID: 2596098
2023-06-30 17:40:37 [booklist] INFO: VALID_ID: 2596102
2023-06-30 17:40:37 [booklist] INFO: VALID_ID: 2596068
2023-06-30 17:40:37 [booklist] INFO: VALID_ID: 2596119
2023-06-30 17:40:37 [booklist] INFO: VALID_ID: 2596122
2023-06-30 17:40:37 [booklist] INFO: VALID_ID: 2596123
2023-06-30 17:40:37 [booklist] INFO: VALID_ID: 2596063
2023-06-30 17:40:37 [booklist] INFO: VALID_ID: 2596085
2023-06-30 17:40:37 [booklist] INFO: VALID_ID: 2596127
2023-06-30 17:40:37 [booklist] INFO: VALID_ID: 2596093
2023-06-30 17:40:37 [booklist] INFO: VALID_ID: 2596104
2023-06-30 17:40:37 [booklist] INFO: VALID_ID: 2596116
2023-06-30 17:40:37 [booklist] INFO: VALID_ID: 2596066
2023-06-30 17:40:37 [booklist] INFO: VALID_ID: 2596084
2023-06-30 17:40:37 [booklist] INFO: VALID_ID: 2596134
2023-06-30 17:40:37 [booklist] INFO: VALID_ID: 2596073
2023-06-30 17:40:37 [booklist] INFO: VALID_ID: 2596086
2023-06-30 17:40:39 [scrapy.core.engine] DEBUG: Crawled (200) <POST https://dl.ndl.go.jp/api/item/search> (referer: https://dl.ndl.go.jp/api/item/search)
2023-06-30 17:40:39 [booklist] INFO: Fetched page 6
2023-06-30 17:40:39 [booklist] INFO: VALID_ID: 2596084
2023-06-30 17:40:39 [booklist] INFO: VALID_ID: 2596134
2023-06-30 17:40:39 [booklist] INFO: VALID_ID: 2610026
2023-06-30 17:40:39 [booklist] INFO: VALID_ID: 2596077
2023-06-30 17:40:39 [booklist] INFO: VALID_ID: 2596088
2023-06-30 17:40:39 [booklist] INFO: VALID_ID: 2596090
2023-06-30 17:40:39 [booklist] INFO: VALID_ID: 2596124
2023-06-30 17:40:39 [booklist] INFO: VALID_ID: 2596073
2023-06-30 17:40:39 [booklist] INFO: VALID_ID: 2596086
2023-06-30 17:40:39 [booklist] INFO: VALID_ID: 2596062
2023-06-30 17:40:39 [booklist] INFO: VALID_ID: 2596082
2023-06-30 17:40:39 [booklist] INFO: VALID_ID: 2596103
2023-06-30 17:40:39 [booklist] INFO: VALID_ID: 2596118
2023-06-30 17:40:39 [booklist] INFO: VALID_ID: 2596058
2023-06-30 17:40:39 [booklist] INFO: VALID_ID: 2596064
2023-06-30 17:40:39 [booklist] INFO: VALID_ID: 2596081
2023-06-30 17:40:39 [booklist] INFO: VALID_ID: 2596114
2023-06-30 17:40:39 [booklist] INFO: VALID_ID: 2596131
2023-06-30 17:40:39 [booklist] INFO: VALID_ID: 2596061
2023-06-30 17:40:39 [booklist] INFO: VALID_ID: 2596083
2023-06-30 17:40:39 [booklist] INFO: VALID_ID: 2596099
2023-06-30 17:40:39 [booklist] INFO: VALID_ID: 2596126
2023-06-30 17:40:39 [booklist] INFO: VALID_ID: 2596060
2023-06-30 17:40:39 [booklist] INFO: VALID_ID: 2596091
2023-06-30 17:40:39 [booklist] INFO: VALID_ID: 2596110
2023-06-30 17:40:39 [booklist] INFO: VALID_ID: 2596125
2023-06-30 17:40:39 [booklist] INFO: VALID_ID: 2596130
2023-06-30 17:40:39 [booklist] INFO: VALID_ID: 2596074
2023-06-30 17:40:39 [booklist] INFO: VALID_ID: 2596087
2023-06-30 17:40:39 [booklist] INFO: VALID_ID: 2596111
2023-06-30 17:40:39 [booklist] INFO: VALID_ID: 2596129
2023-06-30 17:40:39 [booklist] INFO: VALID_ID: 2596080
2023-06-30 17:40:39 [booklist] INFO: VALID_ID: 2596069
2023-06-30 17:40:39 [booklist] INFO: VALID_ID: 2596096
2023-06-30 17:40:39 [booklist] INFO: VALID_ID: 2596097
2023-06-30 17:40:39 [booklist] INFO: VALID_ID: 2596112
2023-06-30 17:40:39 [booklist] INFO: VALID_ID: 2596101
2023-06-30 17:40:39 [booklist] INFO: VALID_ID: 2596132
2023-06-30 17:40:39 [booklist] INFO: VALID_ID: 2596133
2023-06-30 17:40:39 [booklist] INFO: VALID_ID: 2581409
2023-06-30 17:40:39 [booklist] INFO: VALID_ID: 2581413
2023-06-30 17:40:39 [booklist] INFO: VALID_ID: 2596079
2023-06-30 17:40:39 [booklist] INFO: VALID_ID: 2596089
2023-06-30 17:40:39 [booklist] INFO: VALID_ID: 2596095
2023-06-30 17:40:39 [booklist] INFO: VALID_ID: 2581410
2023-06-30 17:40:39 [booklist] INFO: VALID_ID: 2598025
2023-06-30 17:40:39 [booklist] INFO: VALID_ID: 2598027
2023-06-30 17:40:39 [booklist] INFO: VALID_ID: 2589542
2023-06-30 17:40:39 [booklist] INFO: VALID_ID: 2581412
2023-06-30 17:40:39 [booklist] INFO: VALID_ID: 2589546
2023-06-30 17:40:39 [booklist] INFO: VALID_ID: 2609997
2023-06-30 17:40:39 [booklist] INFO: VALID_ID: 2589543
2023-06-30 17:40:39 [booklist] INFO: VALID_ID: 2589541
2023-06-30 17:40:39 [booklist] INFO: VALID_ID: 2598026
2023-06-30 17:40:39 [booklist] INFO: VALID_ID: 2589540
2023-06-30 17:40:39 [booklist] INFO: VALID_ID: 2598028
2023-06-30 17:40:39 [booklist] INFO: VALID_ID: 2589545
2023-06-30 17:40:39 [booklist] INFO: VALID_ID: 2589544
2023-06-30 17:40:39 [booklist] INFO: VALID_ID: 2581712
2023-06-30 17:40:39 [booklist] INFO: VALID_ID: 2585245
2023-06-30 17:40:39 [booklist] INFO: VALID_ID: 11445840
2023-06-30 17:40:39 [booklist] INFO: VALID_ID: 10301640
2023-06-30 17:40:39 [scrapy.core.engine] DEBUG: Crawled (200) <POST https://dl.ndl.go.jp/api/item/search> (referer: https://dl.ndl.go.jp/api/item/search)
2023-06-30 17:40:40 [booklist] INFO: Fetched page 7
2023-06-30 17:40:40 [booklist] INFO: No more books on 7
2023-06-30 17:40:40 [scrapy.core.engine] INFO: Closing spider (finished)
2023-06-30 17:40:40 [scrapy.statscollectors] INFO: Dumping Scrapy stats:
{'downloader/request_bytes': 9632,
 'downloader/request_count': 8,
 'downloader/request_method_count/GET': 1,
 'downloader/request_method_count/POST': 7,
 'downloader/response_bytes': 3546988,
 'downloader/response_count': 8,
 'downloader/response_status_count/200': 8,
 'elapsed_time_seconds': 12.859911,
 'finish_reason': 'finished',
 'finish_time': datetime.datetime(2023, 6, 30, 9, 40, 40, 85339),
 'httpcompression/response_bytes': 43215496,
 'httpcompression/response_count': 7,
 'log_count/DEBUG': 11,
 'log_count/INFO': 580,
 'memusage/max': 63680512,
 'memusage/startup': 63680512,
 'request_depth_max': 6,
 'response_received_count': 8,
 'robotstxt/request_count': 1,
 'robotstxt/response_count': 1,
 'robotstxt/response_status_count/200': 1,
 'scheduler/dequeued': 7,
 'scheduler/dequeued/memory': 7,
 'scheduler/enqueued': 7,
 'scheduler/enqueued/memory': 7,
 'start_time': datetime.datetime(2023, 6, 30, 9, 40, 27, 225428)}
2023-06-30 17:40:40 [scrapy.core.engine] INFO: Spider closed (finished)
