2023-06-30 19:36:05 [scrapy.utils.log] INFO: Scrapy 2.9.0 started (bot: ndlcrawler)
2023-06-30 19:36:05 [scrapy.utils.log] INFO: Versions: lxml 4.9.2.0, libxml2 2.9.14, cssselect 1.2.0, parsel 1.8.1, w3lib 2.1.1, Twisted 22.10.0, Python 3.10.10 (main, Mar  5 2023, 22:26:53) [GCC 12.2.1 20230201], pyOpenSSL 23.2.0 (OpenSSL 3.1.1 30 May 2023), cryptography 41.0.1, Platform Linux-6.2.12-arch1-1-x86_64-with-glibc2.37
2023-06-30 19:36:05 [scrapy.crawler] INFO: Overridden settings:
{'BOT_NAME': 'ndlcrawler',
 'FEED_EXPORT_ENCODING': 'utf-8',
 'LOG_FILE': 'logs/booklist.title.舩.DESC.log',
 'NEWSPIDER_MODULE': 'ndlcrawler.spiders',
 'REQUEST_FINGERPRINTER_IMPLEMENTATION': '2.7',
 'ROBOTSTXT_OBEY': True,
 'SPIDER_MODULES': ['ndlcrawler.spiders'],
 'TWISTED_REACTOR': 'twisted.internet.asyncioreactor.AsyncioSelectorReactor'}
2023-06-30 19:36:05 [asyncio] DEBUG: Using selector: EpollSelector
2023-06-30 19:36:05 [scrapy.utils.log] DEBUG: Using reactor: twisted.internet.asyncioreactor.AsyncioSelectorReactor
2023-06-30 19:36:05 [scrapy.utils.log] DEBUG: Using asyncio event loop: asyncio.unix_events._UnixSelectorEventLoop
2023-06-30 19:36:05 [scrapy.extensions.telnet] INFO: Telnet Password: 9d8eb200424cd5c2
2023-06-30 19:36:06 [scrapy.middleware] INFO: Enabled extensions:
['scrapy.extensions.corestats.CoreStats',
 'scrapy.extensions.telnet.TelnetConsole',
 'scrapy.extensions.memusage.MemoryUsage',
 'scrapy.extensions.logstats.LogStats']
2023-06-30 19:36:06 [scrapy.middleware] INFO: Enabled downloader middlewares:
['scrapy.downloadermiddlewares.robotstxt.RobotsTxtMiddleware',
 'scrapy.downloadermiddlewares.httpauth.HttpAuthMiddleware',
 'scrapy.downloadermiddlewares.downloadtimeout.DownloadTimeoutMiddleware',
 'scrapy.downloadermiddlewares.defaultheaders.DefaultHeadersMiddleware',
 'scrapy.downloadermiddlewares.useragent.UserAgentMiddleware',
 'scrapy.downloadermiddlewares.retry.RetryMiddleware',
 'scrapy.downloadermiddlewares.redirect.MetaRefreshMiddleware',
 'scrapy.downloadermiddlewares.httpcompression.HttpCompressionMiddleware',
 'scrapy.downloadermiddlewares.redirect.RedirectMiddleware',
 'scrapy.downloadermiddlewares.cookies.CookiesMiddleware',
 'scrapy.downloadermiddlewares.httpproxy.HttpProxyMiddleware',
 'scrapy.downloadermiddlewares.stats.DownloaderStats']
2023-06-30 19:36:06 [scrapy.middleware] INFO: Enabled spider middlewares:
['scrapy.spidermiddlewares.httperror.HttpErrorMiddleware',
 'scrapy.spidermiddlewares.offsite.OffsiteMiddleware',
 'scrapy.spidermiddlewares.referer.RefererMiddleware',
 'scrapy.spidermiddlewares.urllength.UrlLengthMiddleware',
 'scrapy.spidermiddlewares.depth.DepthMiddleware']
2023-06-30 19:36:06 [scrapy.middleware] INFO: Enabled item pipelines:
[]
2023-06-30 19:36:06 [scrapy.core.engine] INFO: Spider opened
2023-06-30 19:36:06 [scrapy.extensions.logstats] INFO: Crawled 0 pages (at 0 pages/min), scraped 0 items (at 0 items/min)
2023-06-30 19:36:06 [scrapy.extensions.telnet] INFO: Telnet console listening on 127.0.0.1:6023
2023-06-30 19:36:07 [scrapy.core.engine] DEBUG: Crawled (200) <GET https://dl.ndl.go.jp/robots.txt> (referer: None)
2023-06-30 19:36:08 [scrapy.core.engine] DEBUG: Crawled (200) <POST https://dl.ndl.go.jp/api/item/search> (referer: None)
2023-06-30 19:36:08 [booklist] INFO: Fetched page 1
2023-06-30 19:36:08 [booklist] INFO: VALID_ID: 2598790
2023-06-30 19:36:08 [booklist] INFO: VALID_ID: 2598851
2023-06-30 19:36:08 [booklist] INFO: VALID_ID: 2598856
2023-06-30 19:36:08 [booklist] INFO: VALID_ID: 2598860
2023-06-30 19:36:08 [booklist] INFO: VALID_ID: 1305477
2023-06-30 19:36:08 [booklist] INFO: VALID_ID: 2598861
2023-06-30 19:36:08 [booklist] INFO: VALID_ID: 2598866
2023-06-30 19:36:08 [booklist] INFO: VALID_ID: 2598871
2023-06-30 19:36:08 [booklist] INFO: VALID_ID: 2598795
2023-06-30 19:36:08 [booklist] INFO: VALID_ID: 2598837
2023-06-30 19:36:08 [booklist] INFO: VALID_ID: 2598827
2023-06-30 19:36:08 [booklist] INFO: VALID_ID: 2598843
2023-06-30 19:36:08 [booklist] INFO: VALID_ID: 2598785
2023-06-30 19:36:08 [booklist] INFO: VALID_ID: 2598807
2023-06-30 19:36:08 [booklist] INFO: VALID_ID: 2598812
2023-06-30 19:36:08 [booklist] INFO: VALID_ID: 2598817
2023-06-30 19:36:08 [booklist] INFO: VALID_ID: 2598825
2023-06-30 19:36:08 [booklist] INFO: VALID_ID: 2598816
2023-06-30 19:36:08 [booklist] INFO: VALID_ID: 2598840
2023-06-30 19:36:08 [booklist] INFO: VALID_ID: 2598857
2023-06-30 19:36:08 [booklist] INFO: VALID_ID: 2598793
2023-06-30 19:36:08 [booklist] INFO: VALID_ID: 2598803
2023-06-30 19:36:08 [booklist] INFO: VALID_ID: 2598858
2023-06-30 19:36:08 [booklist] INFO: VALID_ID: 2598862
2023-06-30 19:36:08 [booklist] INFO: VALID_ID: 2598779
2023-06-30 19:36:08 [booklist] INFO: VALID_ID: 2598820
2023-06-30 19:36:08 [booklist] INFO: VALID_ID: 2598848
2023-06-30 19:36:08 [booklist] INFO: VALID_ID: 2598854
2023-06-30 19:36:08 [booklist] INFO: VALID_ID: 2598810
2023-06-30 19:36:08 [booklist] INFO: VALID_ID: 2598822
2023-06-30 19:36:08 [booklist] INFO: VALID_ID: 2610045
2023-06-30 19:36:08 [booklist] INFO: VALID_ID: 2598770
2023-06-30 19:36:08 [booklist] INFO: VALID_ID: 2598797
2023-06-30 19:36:08 [booklist] INFO: VALID_ID: 2598798
2023-06-30 19:36:08 [booklist] INFO: VALID_ID: 2598809
2023-06-30 19:36:08 [booklist] INFO: VALID_ID: 2598824
2023-06-30 19:36:08 [booklist] INFO: VALID_ID: 2598777
2023-06-30 19:36:08 [booklist] INFO: VALID_ID: 2598778
2023-06-30 19:36:08 [booklist] INFO: VALID_ID: 2598805
2023-06-30 19:36:08 [booklist] INFO: VALID_ID: 2598829
2023-06-30 19:36:08 [booklist] INFO: VALID_ID: 2598832
2023-06-30 19:36:08 [booklist] INFO: VALID_ID: 2598841
2023-06-30 19:36:08 [booklist] INFO: VALID_ID: 2598876
2023-06-30 19:36:08 [booklist] INFO: VALID_ID: 2542619
2023-06-30 19:36:08 [booklist] INFO: VALID_ID: 2598828
2023-06-30 19:36:08 [booklist] INFO: VALID_ID: 2598845
2023-06-30 19:36:08 [booklist] INFO: VALID_ID: 2598867
2023-06-30 19:36:08 [booklist] INFO: VALID_ID: 2534184
2023-06-30 19:36:08 [booklist] INFO: VALID_ID: 2598831
2023-06-30 19:36:08 [booklist] INFO: VALID_ID: 2598873
2023-06-30 19:36:08 [booklist] INFO: VALID_ID: 2598788
2023-06-30 19:36:08 [booklist] INFO: VALID_ID: 2598794
2023-06-30 19:36:08 [booklist] INFO: VALID_ID: 2598815
2023-06-30 19:36:08 [booklist] INFO: VALID_ID: 2598834
2023-06-30 19:36:08 [booklist] INFO: VALID_ID: 2598875
2023-06-30 19:36:08 [booklist] INFO: VALID_ID: 2598813
2023-06-30 19:36:08 [booklist] INFO: VALID_ID: 2598818
2023-06-30 19:36:08 [booklist] INFO: VALID_ID: 2598864
2023-06-30 19:36:08 [booklist] INFO: VALID_ID: 2598865
2023-06-30 19:36:08 [booklist] INFO: VALID_ID: 2598823
2023-06-30 19:36:08 [booklist] INFO: VALID_ID: 2598853
2023-06-30 19:36:08 [booklist] INFO: VALID_ID: 2598782
2023-06-30 19:36:08 [booklist] INFO: VALID_ID: 2598870
2023-06-30 19:36:08 [booklist] INFO: VALID_ID: 2598879
2023-06-30 19:36:08 [booklist] INFO: VALID_ID: 2598787
2023-06-30 19:36:08 [booklist] INFO: VALID_ID: 2598789
2023-06-30 19:36:08 [booklist] INFO: VALID_ID: 2598808
2023-06-30 19:36:08 [booklist] INFO: VALID_ID: 2598859
2023-06-30 19:36:08 [booklist] INFO: VALID_ID: 2598774
2023-06-30 19:36:08 [booklist] INFO: VALID_ID: 2598801
2023-06-30 19:36:08 [booklist] INFO: VALID_ID: 2598772
2023-06-30 19:36:08 [booklist] INFO: VALID_ID: 2598804
2023-06-30 19:36:08 [booklist] INFO: VALID_ID: 2598849
2023-06-30 19:36:08 [booklist] INFO: VALID_ID: 2598819
2023-06-30 19:36:08 [booklist] INFO: VALID_ID: 2598877
2023-06-30 19:36:08 [booklist] INFO: VALID_ID: 2598786
2023-06-30 19:36:08 [booklist] INFO: VALID_ID: 2598844
2023-06-30 19:36:08 [booklist] INFO: VALID_ID: 2598796
2023-06-30 19:36:08 [booklist] INFO: VALID_ID: 2598833
2023-06-30 19:36:08 [booklist] INFO: VALID_ID: 2598775
2023-06-30 19:36:08 [booklist] INFO: VALID_ID: 2598791
2023-06-30 19:36:08 [booklist] INFO: VALID_ID: 2598792
2023-06-30 19:36:08 [booklist] INFO: VALID_ID: 2598821
2023-06-30 19:36:08 [booklist] INFO: VALID_ID: 2598830
2023-06-30 19:36:08 [booklist] INFO: VALID_ID: 2598835
2023-06-30 19:36:08 [booklist] INFO: VALID_ID: 2598842
2023-06-30 19:36:08 [booklist] INFO: VALID_ID: 2598852
2023-06-30 19:36:08 [booklist] INFO: VALID_ID: 2598776
2023-06-30 19:36:08 [booklist] INFO: VALID_ID: 2598781
2023-06-30 19:36:08 [booklist] INFO: VALID_ID: 2598784
2023-06-30 19:36:08 [booklist] INFO: VALID_ID: 2598802
2023-06-30 19:36:08 [booklist] INFO: VALID_ID: 2598838
2023-06-30 19:36:08 [booklist] INFO: VALID_ID: 2598846
2023-06-30 19:36:08 [booklist] INFO: VALID_ID: 2598880
2023-06-30 19:36:08 [booklist] INFO: VALID_ID: 2598799
2023-06-30 19:36:08 [booklist] INFO: VALID_ID: 2598800
2023-06-30 19:36:08 [booklist] INFO: VALID_ID: 2598847
2023-06-30 19:36:08 [booklist] INFO: VALID_ID: 2598855
2023-06-30 19:36:08 [booklist] INFO: VALID_ID: 2598863
2023-06-30 19:36:08 [booklist] INFO: VALID_ID: 2598874
2023-06-30 19:36:09 [scrapy.core.engine] DEBUG: Crawled (200) <POST https://dl.ndl.go.jp/api/item/search> (referer: https://dl.ndl.go.jp/api/item/search)
2023-06-30 19:36:09 [booklist] INFO: Fetched page 2
2023-06-30 19:36:09 [booklist] INFO: VALID_ID: 2598870
2023-06-30 19:36:09 [booklist] INFO: VALID_ID: 2598879
2023-06-30 19:36:09 [booklist] INFO: VALID_ID: 2598813
2023-06-30 19:36:09 [booklist] INFO: VALID_ID: 2598818
2023-06-30 19:36:09 [booklist] INFO: VALID_ID: 2598864
2023-06-30 19:36:09 [booklist] INFO: VALID_ID: 2598865
2023-06-30 19:36:09 [booklist] INFO: VALID_ID: 2598780
2023-06-30 19:36:09 [booklist] INFO: VALID_ID: 2598836
2023-06-30 19:36:09 [booklist] INFO: VALID_ID: 2598839
2023-06-30 19:36:09 [booklist] INFO: VALID_ID: 2598850
2023-06-30 19:36:09 [booklist] INFO: VALID_ID: 2598868
2023-06-30 19:36:09 [booklist] INFO: VALID_ID: 2542901
2023-06-30 19:36:09 [booklist] INFO: VALID_ID: 2598783
2023-06-30 19:36:09 [booklist] INFO: VALID_ID: 2598814
2023-06-30 19:36:09 [booklist] INFO: VALID_ID: 2598869
2023-06-30 19:36:09 [booklist] INFO: VALID_ID: 2560146
2023-06-30 19:36:09 [booklist] INFO: VALID_ID: 2533994
2023-06-30 19:36:09 [booklist] INFO: VALID_ID: 1307326
2023-06-30 19:36:09 [booklist] INFO: VALID_ID: 2532690
2023-06-30 19:36:09 [booklist] INFO: VALID_ID: 1301465
2023-06-30 19:36:09 [booklist] INFO: VALID_ID: 1307405
2023-06-30 19:36:09 [booklist] INFO: VALID_ID: 2607689
2023-06-30 19:36:09 [booklist] INFO: VALID_ID: 2560144
2023-06-30 19:36:09 [booklist] INFO: VALID_ID: 2533440
2023-06-30 19:36:09 [booklist] INFO: VALID_ID: 2560145
2023-06-30 19:36:09 [booklist] INFO: VALID_ID: 2534291
2023-06-30 19:36:09 [booklist] INFO: VALID_ID: 2608215
2023-06-30 19:36:09 [booklist] INFO: VALID_ID: 1302079
2023-06-30 19:36:09 [booklist] INFO: VALID_ID: 2540254
2023-06-30 19:36:09 [booklist] INFO: VALID_ID: 2568147
2023-06-30 19:36:09 [booklist] INFO: VALID_ID: 2610685
2023-06-30 19:36:09 [booklist] INFO: VALID_ID: 1301468
2023-06-30 19:36:09 [booklist] INFO: VALID_ID: 1307087
2023-06-30 19:36:09 [booklist] INFO: VALID_ID: 2568148
2023-06-30 19:36:09 [booklist] INFO: VALID_ID: 2568146
2023-06-30 19:36:09 [booklist] INFO: VALID_ID: 2540908
2023-06-30 19:36:09 [booklist] INFO: VALID_ID: 2587951
2023-06-30 19:36:09 [booklist] INFO: VALID_ID: 1312169
2023-06-30 19:36:09 [booklist] INFO: VALID_ID: 2540167
2023-06-30 19:36:09 [booklist] INFO: VALID_ID: 2587952
2023-06-30 19:36:09 [booklist] INFO: VALID_ID: 1304406
2023-06-30 19:36:09 [booklist] INFO: VALID_ID: 2534014
2023-06-30 19:36:09 [booklist] INFO: VALID_ID: 2548133
2023-06-30 19:36:09 [booklist] INFO: VALID_ID: 2554503
2023-06-30 19:36:09 [booklist] INFO: VALID_ID: 2611014
2023-06-30 19:36:09 [booklist] INFO: VALID_ID: 2560293
2023-06-30 19:36:10 [booklist] INFO: VALID_ID: 1307641
2023-06-30 19:36:10 [booklist] INFO: VALID_ID: 2560295
2023-06-30 19:36:10 [booklist] INFO: VALID_ID: 2587799
2023-06-30 19:36:10 [booklist] INFO: VALID_ID: 2540244
2023-06-30 19:36:10 [booklist] INFO: VALID_ID: 2586950
2023-06-30 19:36:10 [booklist] INFO: VALID_ID: 2548146
2023-06-30 19:36:10 [booklist] INFO: VALID_ID: 1306095
2023-06-30 19:36:10 [booklist] INFO: VALID_ID: 2548144
2023-06-30 19:36:10 [booklist] INFO: VALID_ID: 8943286
2023-06-30 19:36:10 [booklist] INFO: VALID_ID: 2607206
2023-06-30 19:36:10 [booklist] INFO: VALID_ID: 2553393
2023-06-30 19:36:10 [booklist] INFO: VALID_ID: 2541642
2023-06-30 19:36:10 [booklist] INFO: VALID_ID: 8942904
2023-06-30 19:36:10 [booklist] INFO: VALID_ID: 2560294
2023-06-30 19:36:10 [booklist] INFO: VALID_ID: 2606823
2023-06-30 19:36:10 [booklist] INFO: VALID_ID: 2609891
2023-06-30 19:36:10 [booklist] INFO: VALID_ID: 1301808
2023-06-30 19:36:10 [booklist] INFO: VALID_ID: 2584272
2023-06-30 19:36:10 [booklist] INFO: VALID_ID: 2606690
2023-06-30 19:36:10 [booklist] INFO: VALID_ID: 2548130
2023-06-30 19:36:10 [booklist] INFO: VALID_ID: 1305911
2023-06-30 19:36:10 [booklist] INFO: VALID_ID: 2548138
2023-06-30 19:36:10 [booklist] INFO: VALID_ID: 2587798
2023-06-30 19:36:10 [booklist] INFO: VALID_ID: 2586949
2023-06-30 19:36:10 [booklist] INFO: VALID_ID: 2548132
2023-06-30 19:36:10 [booklist] INFO: VALID_ID: 2605611
2023-06-30 19:36:10 [booklist] INFO: VALID_ID: 2537852
2023-06-30 19:36:10 [booklist] INFO: VALID_ID: 10301476
2023-06-30 19:36:10 [booklist] INFO: VALID_ID: 8942906
2023-06-30 19:36:10 [booklist] INFO: VALID_ID: 2554504
2023-06-30 19:36:10 [booklist] INFO: VALID_ID: 8942905
2023-06-30 19:36:10 [booklist] INFO: VALID_ID: 2548148
2023-06-30 19:36:10 [booklist] INFO: VALID_ID: 10301229
2023-06-30 19:36:10 [booklist] INFO: VALID_ID: 2586948
2023-06-30 19:36:10 [booklist] INFO: VALID_ID: 2548134
2023-06-30 19:36:10 [booklist] INFO: VALID_ID: 2586952
2023-06-30 19:36:10 [booklist] INFO: VALID_ID: 2548136
2023-06-30 19:36:10 [booklist] INFO: VALID_ID: 2548142
2023-06-30 19:36:10 [booklist] INFO: VALID_ID: 2586951
2023-06-30 19:36:10 [booklist] INFO: VALID_ID: 1311881
2023-06-30 19:36:10 [booklist] INFO: VALID_ID: 2540103
2023-06-30 19:36:10 [booklist] INFO: VALID_ID: 2553392
2023-06-30 19:36:10 [booklist] INFO: VALID_ID: 8942903
2023-06-30 19:36:10 [booklist] INFO: VALID_ID: 2548140
2023-06-30 19:36:10 [booklist] INFO: VALID_ID: 2568138
2023-06-30 19:36:10 [booklist] INFO: VALID_ID: 8942902
2023-06-30 19:36:10 [booklist] INFO: VALID_ID: 2588387
2023-06-30 19:36:10 [booklist] INFO: VALID_ID: 2608158
2023-06-30 19:36:10 [booklist] INFO: VALID_ID: 2540183
2023-06-30 19:36:10 [booklist] INFO: VALID_ID: 1304846
2023-06-30 19:36:10 [booklist] INFO: VALID_ID: 2540155
2023-06-30 19:36:10 [booklist] INFO: VALID_ID: 2540156
2023-06-30 19:36:10 [booklist] INFO: VALID_ID: 1305527
2023-06-30 19:36:10 [booklist] INFO: VALID_ID: 1307089
2023-06-30 19:36:10 [scrapy.core.engine] DEBUG: Crawled (200) <POST https://dl.ndl.go.jp/api/item/search> (referer: https://dl.ndl.go.jp/api/item/search)
2023-06-30 19:36:10 [booklist] INFO: Fetched page 3
2023-06-30 19:36:11 [booklist] INFO: VALID_ID: 2543144
2023-06-30 19:36:11 [booklist] INFO: VALID_ID: 2568139
2023-06-30 19:36:11 [booklist] INFO: VALID_ID: 1307089
2023-06-30 19:36:11 [booklist] INFO: VALID_ID: 2540108
2023-06-30 19:36:11 [booklist] INFO: VALID_ID: 2540155
2023-06-30 19:36:11 [booklist] INFO: VALID_ID: 2588388
2023-06-30 19:36:11 [booklist] INFO: VALID_ID: 2542902
2023-06-30 19:36:11 [booklist] INFO: VALID_ID: 1307387
2023-06-30 19:36:11 [booklist] INFO: VALID_ID: 2547745
2023-06-30 19:36:11 [booklist] INFO: VALID_ID: 1310240
2023-06-30 19:36:11 [booklist] INFO: VALID_ID: 9893157
2023-06-30 19:36:11 [booklist] INFO: VALID_ID: 9893311
2023-06-30 19:36:11 [booklist] INFO: VALID_ID: 2606197
2023-06-30 19:36:11 [booklist] INFO: VALID_ID: 1308543
2023-06-30 19:36:11 [booklist] INFO: VALID_ID: 10301504
2023-06-30 19:36:11 [booklist] INFO: VALID_ID: 9892874
2023-06-30 19:36:11 [booklist] INFO: VALID_ID: 1307681
2023-06-30 19:36:11 [booklist] INFO: VALID_ID: 2541218
2023-06-30 19:36:11 [booklist] INFO: VALID_ID: 2547746
2023-06-30 19:36:11 [booklist] INFO: VALID_ID: 9893145
2023-06-30 19:36:11 [booklist] INFO: VALID_ID: 1301850
2023-06-30 19:36:11 [booklist] INFO: VALID_ID: 10304009
2023-06-30 19:36:11 [booklist] INFO: VALID_ID: 10300982
2023-06-30 19:36:11 [booklist] INFO: VALID_ID: 2540249
2023-06-30 19:36:11 [booklist] INFO: VALID_ID: 2540130
2023-06-30 19:36:11 [booklist] INFO: VALID_ID: 2540758
2023-06-30 19:36:11 [booklist] INFO: VALID_ID: 10303834
2023-06-30 19:36:11 [booklist] INFO: VALID_ID: 1310341
2023-06-30 19:36:11 [booklist] INFO: VALID_ID: 2606665
2023-06-30 19:36:11 [booklist] INFO: VALID_ID: 10301447
2023-06-30 19:36:11 [booklist] INFO: VALID_ID: 1301323
2023-06-30 19:36:11 [booklist] INFO: VALID_ID: 2540242
2023-06-30 19:36:11 [booklist] INFO: VALID_ID: 8929563
2023-06-30 19:36:11 [booklist] INFO: VALID_ID: 2540118
2023-06-30 19:36:11 [booklist] INFO: VALID_ID: 2606093
2023-06-30 19:36:11 [booklist] INFO: VALID_ID: 2540162
2023-06-30 19:36:11 [booklist] INFO: VALID_ID: 9369198
2023-06-30 19:36:11 [booklist] INFO: VALID_ID: 1311975
2023-06-30 19:36:11 [booklist] INFO: VALID_ID: 1286212
2023-06-30 19:36:11 [booklist] INFO: VALID_ID: 1302658
2023-06-30 19:36:11 [booklist] INFO: VALID_ID: 1311947
2023-06-30 19:36:11 [booklist] INFO: VALID_ID: 1310500
2023-06-30 19:36:11 [booklist] INFO: VALID_ID: 2540100
2023-06-30 19:36:11 [booklist] INFO: VALID_ID: 1310502
2023-06-30 19:36:11 [booklist] INFO: VALID_ID: 1302626
2023-06-30 19:36:11 [booklist] INFO: VALID_ID: 2540768
2023-06-30 19:36:11 [booklist] INFO: VALID_ID: 1306092
2023-06-30 19:36:11 [booklist] INFO: VALID_ID: 2548779
2023-06-30 19:36:11 [booklist] INFO: VALID_ID: 2570306
2023-06-30 19:36:11 [booklist] INFO: VALID_ID: 2540180
2023-06-30 19:36:11 [booklist] INFO: VALID_ID: 2542632
2023-06-30 19:36:11 [booklist] INFO: VALID_ID: 8943028
2023-06-30 19:36:11 [booklist] INFO: VALID_ID: 10301717
2023-06-30 19:36:11 [booklist] INFO: VALID_ID: 2554735
2023-06-30 19:36:11 [booklist] INFO: VALID_ID: 1303953
2023-06-30 19:36:11 [booklist] INFO: VALID_ID: 2610678
2023-06-30 19:36:11 [booklist] INFO: VALID_ID: 2584227
2023-06-30 19:36:11 [booklist] INFO: VALID_ID: 2584228
2023-06-30 19:36:11 [booklist] INFO: VALID_ID: 2540117
2023-06-30 19:36:11 [booklist] INFO: VALID_ID: 2584231
2023-06-30 19:36:11 [booklist] INFO: VALID_ID: 8943027
2023-06-30 19:36:11 [booklist] INFO: VALID_ID: 2547327
2023-06-30 19:36:11 [booklist] INFO: VALID_ID: 2547328
2023-06-30 19:36:11 [booklist] INFO: VALID_ID: 12865585
2023-06-30 19:36:11 [booklist] INFO: VALID_ID: 8943244
2023-06-30 19:36:11 [booklist] INFO: VALID_ID: 2584226
2023-06-30 19:36:11 [booklist] INFO: VALID_ID: 2606772
2023-06-30 19:36:11 [booklist] INFO: VALID_ID: 2584229
2023-06-30 19:36:11 [booklist] INFO: VALID_ID: 2584230
2023-06-30 19:36:11 [booklist] INFO: VALID_ID: 1312678
2023-06-30 19:36:11 [booklist] INFO: VALID_ID: 2543166
2023-06-30 19:36:11 [booklist] INFO: VALID_ID: 2540185
2023-06-30 19:36:11 [booklist] INFO: VALID_ID: 2540111
2023-06-30 19:36:11 [booklist] INFO: VALID_ID: 2585186
2023-06-30 19:36:11 [booklist] INFO: VALID_ID: 2554734
2023-06-30 19:36:11 [booklist] INFO: VALID_ID: 2540107
2023-06-30 19:36:11 [booklist] INFO: VALID_ID: 2554732
2023-06-30 19:36:11 [booklist] INFO: VALID_ID: 2542123
2023-06-30 19:36:11 [booklist] INFO: VALID_ID: 2554733
2023-06-30 19:36:11 [booklist] INFO: VALID_ID: 2540106
2023-06-30 19:36:11 [booklist] INFO: VALID_ID: 2543029
2023-06-30 19:36:11 [booklist] INFO: VALID_ID: 1308336
2023-06-30 19:36:11 [booklist] INFO: VALID_ID: 1312296
2023-06-30 19:36:11 [booklist] INFO: VALID_ID: 1303484
2023-06-30 19:36:11 [booklist] INFO: VALID_ID: 1311037
2023-06-30 19:36:11 [booklist] INFO: VALID_ID: 2532784
2023-06-30 19:36:11 [booklist] INFO: VALID_ID: 2570290
2023-06-30 19:36:11 [booklist] INFO: VALID_ID: 1303257
2023-06-30 19:36:11 [booklist] INFO: VALID_ID: 9369151
2023-06-30 19:36:11 [booklist] INFO: VALID_ID: 10301093
2023-06-30 19:36:11 [booklist] INFO: VALID_ID: 1306931
2023-06-30 19:36:11 [booklist] INFO: VALID_ID: 1308332
2023-06-30 19:36:11 [booklist] INFO: VALID_ID: 2540109
2023-06-30 19:36:11 [booklist] INFO: VALID_ID: 1309786
2023-06-30 19:36:11 [booklist] INFO: VALID_ID: 1311018
2023-06-30 19:36:11 [booklist] INFO: VALID_ID: 1305686
2023-06-30 19:36:11 [booklist] INFO: VALID_ID: 11891816
2023-06-30 19:36:11 [booklist] INFO: VALID_ID: 1307718
2023-06-30 19:36:11 [booklist] INFO: VALID_ID: 1308650
2023-06-30 19:36:11 [booklist] INFO: VALID_ID: 9366869
2023-06-30 19:36:11 [scrapy.core.engine] DEBUG: Crawled (200) <POST https://dl.ndl.go.jp/api/item/search> (referer: https://dl.ndl.go.jp/api/item/search)
2023-06-30 19:36:12 [booklist] INFO: Fetched page 4
2023-06-30 19:36:12 [booklist] INFO: VALID_ID: 2584161
2023-06-30 19:36:12 [booklist] INFO: VALID_ID: 1310809
2023-06-30 19:36:12 [booklist] INFO: VALID_ID: 1307377
2023-06-30 19:36:12 [booklist] INFO: VALID_ID: 2584168
2023-06-30 19:36:12 [booklist] INFO: VALID_ID: 2540116
2023-06-30 19:36:12 [booklist] INFO: VALID_ID: 11891816
2023-06-30 19:36:12 [booklist] INFO: VALID_ID: 2532828
2023-06-30 19:36:12 [booklist] INFO: VALID_ID: 2584239
2023-06-30 19:36:12 [booklist] INFO: VALID_ID: 2584251
2023-06-30 19:36:12 [booklist] INFO: VALID_ID: 2577897
2023-06-30 19:36:12 [booklist] INFO: VALID_ID: 2566729
2023-06-30 19:36:12 [booklist] INFO: VALID_ID: 2593475
2023-06-30 19:36:12 [booklist] INFO: VALID_ID: 9893101
2023-06-30 19:36:12 [booklist] INFO: VALID_ID: 1306246
2023-06-30 19:36:12 [booklist] INFO: VALID_ID: 2566727
2023-06-30 19:36:12 [booklist] INFO: VALID_ID: 2566732
2023-06-30 19:36:12 [booklist] INFO: VALID_ID: 2566730
2023-06-30 19:36:12 [booklist] INFO: VALID_ID: 1307680
2023-06-30 19:36:12 [booklist] INFO: VALID_ID: 2566731
2023-06-30 19:36:12 [booklist] INFO: VALID_ID: 2566725
2023-06-30 19:36:12 [booklist] INFO: VALID_ID: 2566726
2023-06-30 19:36:12 [booklist] INFO: VALID_ID: 2532715
2023-06-30 19:36:12 [booklist] INFO: VALID_ID: 2608658
2023-06-30 19:36:12 [booklist] INFO: VALID_ID: 2532842
2023-06-30 19:36:12 [booklist] INFO: VALID_ID: 11891695
2023-06-30 19:36:12 [booklist] INFO: VALID_ID: 2566728
2023-06-30 19:36:12 [booklist] INFO: VALID_ID: 1305117
2023-06-30 19:36:12 [booklist] INFO: VALID_ID: 2540549
2023-06-30 19:36:12 [booklist] INFO: VALID_ID: 9892592
2023-06-30 19:36:12 [booklist] INFO: VALID_ID: 2538571
2023-06-30 19:36:12 [booklist] INFO: VALID_ID: 2540110
2023-06-30 19:36:12 [booklist] INFO: VALID_ID: 2593290
2023-06-30 19:36:12 [booklist] INFO: VALID_ID: 1310927
2023-06-30 19:36:12 [booklist] INFO: VALID_ID: 2585215
2023-06-30 19:36:12 [booklist] INFO: VALID_ID: 11891796
2023-06-30 19:36:12 [booklist] INFO: VALID_ID: 1302789
2023-06-30 19:36:12 [booklist] INFO: VALID_ID: 2611107
2023-06-30 19:36:12 [booklist] INFO: VALID_ID: 2585508
2023-06-30 19:36:12 [booklist] INFO: VALID_ID: 11891817
2023-06-30 19:36:12 [booklist] INFO: VALID_ID: 2572959
2023-06-30 19:36:12 [booklist] INFO: VALID_ID: 2584275
2023-06-30 19:36:12 [booklist] INFO: VALID_ID: 2572958
2023-06-30 19:36:12 [booklist] INFO: VALID_ID: 2539717
2023-06-30 19:36:12 [booklist] INFO: VALID_ID: 2572957
2023-06-30 19:36:12 [booklist] INFO: VALID_ID: 2532800
2023-06-30 19:36:12 [booklist] INFO: VALID_ID: 10301298
2023-06-30 19:36:12 [booklist] INFO: VALID_ID: 1301571
2023-06-30 19:36:12 [booklist] INFO: VALID_ID: 1310911
2023-06-30 19:36:12 [booklist] INFO: VALID_ID: 2542370
2023-06-30 19:36:12 [booklist] INFO: VALID_ID: 2584167
2023-06-30 19:36:12 [booklist] INFO: VALID_ID: 1311286
2023-06-30 19:36:12 [booklist] INFO: VALID_ID: 1312527
2023-06-30 19:36:12 [booklist] INFO: VALID_ID: 1301570
2023-06-30 19:36:12 [booklist] INFO: VALID_ID: 2532807
2023-06-30 19:36:12 [booklist] INFO: VALID_ID: 1307913
2023-06-30 19:36:12 [booklist] INFO: VALID_ID: 1312444
2023-06-30 19:36:12 [booklist] INFO: VALID_ID: 1312442
2023-06-30 19:36:12 [booklist] INFO: VALID_ID: 2572960
2023-06-30 19:36:12 [booklist] INFO: VALID_ID: 2535827
2023-06-30 19:36:12 [booklist] INFO: VALID_ID: 11891795
2023-06-30 19:36:12 [booklist] INFO: VALID_ID: 2544649
2023-06-30 19:36:12 [booklist] INFO: VALID_ID: 1311261
2023-06-30 19:36:12 [booklist] INFO: VALID_ID: 2585188
2023-06-30 19:36:12 [booklist] INFO: VALID_ID: 2572961
2023-06-30 19:36:12 [booklist] INFO: VALID_ID: 1307651
2023-06-30 19:36:12 [booklist] INFO: VALID_ID: 2540105
2023-06-30 19:36:12 [booklist] INFO: VALID_ID: 2610096
2023-06-30 19:36:12 [booklist] INFO: VALID_ID: 2585187
2023-06-30 19:36:12 [booklist] INFO: VALID_ID: 2542211
2023-06-30 19:36:12 [booklist] INFO: VALID_ID: 2532803
2023-06-30 19:36:12 [booklist] INFO: VALID_ID: 2572937
2023-06-30 19:36:12 [booklist] INFO: VALID_ID: 1306209
2023-06-30 19:36:12 [booklist] INFO: VALID_ID: 2609666
2023-06-30 19:36:12 [booklist] INFO: VALID_ID: 2537964
2023-06-30 19:36:12 [booklist] INFO: VALID_ID: 2548154
2023-06-30 19:36:12 [booklist] INFO: VALID_ID: 2585191
2023-06-30 19:36:12 [booklist] INFO: VALID_ID: 2585230
2023-06-30 19:36:12 [booklist] INFO: VALID_ID: 1312091
2023-06-30 19:36:12 [booklist] INFO: VALID_ID: 2539709
2023-06-30 19:36:12 [booklist] INFO: VALID_ID: 2585298
2023-06-30 19:36:12 [booklist] INFO: VALID_ID: 10303991
2023-06-30 19:36:12 [booklist] INFO: VALID_ID: 2585214
2023-06-30 19:36:12 [booklist] INFO: VALID_ID: 10303562
2023-06-30 19:36:12 [booklist] INFO: VALID_ID: 10303512
2023-06-30 19:36:12 [booklist] INFO: VALID_ID: 10303887
2023-06-30 19:36:12 [booklist] INFO: VALID_ID: 2585195
2023-06-30 19:36:12 [booklist] INFO: VALID_ID: 10301542
2023-06-30 19:36:12 [booklist] INFO: VALID_ID: 2540182
2023-06-30 19:36:12 [booklist] INFO: VALID_ID: 1312553
2023-06-30 19:36:12 [booklist] INFO: VALID_ID: 10301371
2023-06-30 19:36:12 [booklist] INFO: VALID_ID: 2547757
2023-06-30 19:36:12 [booklist] INFO: VALID_ID: 2542755
2023-06-30 19:36:12 [booklist] INFO: VALID_ID: 1305544
2023-06-30 19:36:12 [booklist] INFO: VALID_ID: 2540600
2023-06-30 19:36:12 [booklist] INFO: VALID_ID: 2547527
2023-06-30 19:36:12 [booklist] INFO: VALID_ID: 1306203
2023-06-30 19:36:12 [booklist] INFO: VALID_ID: 2576254
2023-06-30 19:36:12 [booklist] INFO: VALID_ID: 2576246
2023-06-30 19:36:12 [booklist] INFO: VALID_ID: 2576252
2023-06-30 19:36:12 [booklist] INFO: VALID_ID: 2576264
2023-06-30 19:36:13 [scrapy.core.engine] DEBUG: Crawled (200) <POST https://dl.ndl.go.jp/api/item/search> (referer: https://dl.ndl.go.jp/api/item/search)
2023-06-30 19:36:13 [booklist] INFO: Fetched page 5
2023-06-30 19:36:13 [booklist] INFO: VALID_ID: 2576252
2023-06-30 19:36:13 [booklist] INFO: VALID_ID: 2576248
2023-06-30 19:36:13 [booklist] INFO: VALID_ID: 2576258
2023-06-30 19:36:13 [booklist] INFO: VALID_ID: 2576255
2023-06-30 19:36:13 [booklist] INFO: VALID_ID: 2576264
2023-06-30 19:36:13 [booklist] INFO: VALID_ID: 2576253
2023-06-30 19:36:13 [booklist] INFO: VALID_ID: 2576249
2023-06-30 19:36:13 [booklist] INFO: VALID_ID: 2610623
2023-06-30 19:36:13 [booklist] INFO: VALID_ID: 2576247
2023-06-30 19:36:13 [booklist] INFO: VALID_ID: 2576259
2023-06-30 19:36:13 [booklist] INFO: VALID_ID: 2576261
2023-06-30 19:36:13 [booklist] INFO: VALID_ID: 2576260
2023-06-30 19:36:13 [booklist] INFO: VALID_ID: 2576250
2023-06-30 19:36:13 [booklist] INFO: VALID_ID: 2576251
2023-06-30 19:36:13 [booklist] INFO: VALID_ID: 2588117
2023-06-30 19:36:13 [booklist] INFO: VALID_ID: 2549675
2023-06-30 19:36:13 [booklist] INFO: VALID_ID: 2576262
2023-06-30 19:36:13 [booklist] INFO: VALID_ID: 1288192
2023-06-30 19:36:13 [booklist] INFO: VALID_ID: 2548527
2023-06-30 19:36:13 [booklist] INFO: VALID_ID: 2611024
2023-06-30 19:36:13 [booklist] INFO: VALID_ID: 2608884
2023-06-30 19:36:13 [booklist] INFO: VALID_ID: 10301648
2023-06-30 19:36:13 [booklist] INFO: VALID_ID: 1306208
2023-06-30 19:36:13 [booklist] INFO: VALID_ID: 2548630
2023-06-30 19:36:13 [booklist] INFO: VALID_ID: 2548528
2023-06-30 19:36:13 [booklist] INFO: VALID_ID: 2548356
2023-06-30 19:36:13 [booklist] INFO: VALID_ID: 2587862
2023-06-30 19:36:13 [booklist] INFO: VALID_ID: 2587861
2023-06-30 19:36:13 [booklist] INFO: VALID_ID: 1288527
2023-06-30 19:36:13 [booklist] INFO: VALID_ID: 2548739
2023-06-30 19:36:13 [booklist] INFO: VALID_ID: 2550341
2023-06-30 19:36:13 [booklist] INFO: VALID_ID: 2549673
2023-06-30 19:36:13 [booklist] INFO: VALID_ID: 2610444
2023-06-30 19:36:13 [booklist] INFO: VALID_ID: 2533459
2023-06-30 19:36:13 [booklist] INFO: VALID_ID: 2547526
2023-06-30 19:36:13 [booklist] INFO: VALID_ID: 2607110
2023-06-30 19:36:13 [booklist] INFO: VALID_ID: 1305537
2023-06-30 19:36:13 [booklist] INFO: VALID_ID: 10301264
2023-06-30 19:36:13 [booklist] INFO: VALID_ID: 2606412
2023-06-30 19:36:13 [booklist] INFO: VALID_ID: 9369964
2023-06-30 19:36:13 [booklist] INFO: VALID_ID: 2587875
2023-06-30 19:36:13 [booklist] INFO: VALID_ID: 2587475
2023-06-30 19:36:13 [booklist] INFO: VALID_ID: 1305535
2023-06-30 19:36:13 [booklist] INFO: VALID_ID: 2609212
2023-06-30 19:36:13 [booklist] INFO: VALID_ID: 2550216
2023-06-30 19:36:13 [booklist] INFO: VALID_ID: 2587825
2023-06-30 19:36:13 [booklist] INFO: VALID_ID: 2587814
2023-06-30 19:36:13 [booklist] INFO: VALID_ID: 2548691
2023-06-30 19:36:13 [booklist] INFO: VALID_ID: 2572845
2023-06-30 19:36:13 [booklist] INFO: VALID_ID: 2587832
2023-06-30 19:36:13 [booklist] INFO: VALID_ID: 2541094
2023-06-30 19:36:13 [booklist] INFO: VALID_ID: 1302581
2023-06-30 19:36:13 [booklist] INFO: VALID_ID: 2550330
2023-06-30 19:36:13 [booklist] INFO: VALID_ID: 1305542
2023-06-30 19:36:13 [booklist] INFO: VALID_ID: 2550252
2023-06-30 19:36:13 [booklist] INFO: VALID_ID: 10301138
2023-06-30 19:36:13 [booklist] INFO: VALID_ID: 2550159
2023-06-30 19:36:13 [booklist] INFO: VALID_ID: 2587828
2023-06-30 19:36:13 [booklist] INFO: VALID_ID: 2548689
2023-06-30 19:36:13 [booklist] INFO: VALID_ID: 1305538
2023-06-30 19:36:13 [booklist] INFO: VALID_ID: 2550350
2023-06-30 19:36:13 [booklist] INFO: VALID_ID: 10301383
2023-06-30 19:36:13 [booklist] INFO: VALID_ID: 1312634
2023-06-30 19:36:13 [booklist] INFO: VALID_ID: 2533156
2023-06-30 19:36:13 [booklist] INFO: VALID_ID: 2550154
2023-06-30 19:36:13 [booklist] INFO: VALID_ID: 2550263
2023-06-30 19:36:13 [booklist] INFO: VALID_ID: 2548679
2023-06-30 19:36:13 [booklist] INFO: VALID_ID: 9369953
2023-06-30 19:36:13 [booklist] INFO: VALID_ID: 9369966
2023-06-30 19:36:13 [booklist] INFO: VALID_ID: 2550259
2023-06-30 19:36:13 [booklist] INFO: VALID_ID: 9369963
2023-06-30 19:36:13 [booklist] INFO: VALID_ID: 2610012
2023-06-30 19:36:13 [booklist] INFO: VALID_ID: 2548033
2023-06-30 19:36:13 [booklist] INFO: VALID_ID: 2548034
2023-06-30 19:36:13 [booklist] INFO: VALID_ID: 2605758
2023-06-30 19:36:13 [booklist] INFO: VALID_ID: 2611035
2023-06-30 19:36:13 [booklist] INFO: VALID_ID: 2609783
2023-06-30 19:36:14 [scrapy.core.engine] DEBUG: Crawled (200) <POST https://dl.ndl.go.jp/api/item/search> (referer: https://dl.ndl.go.jp/api/item/search)
2023-06-30 19:36:14 [booklist] INFO: Fetched page 6
2023-06-30 19:36:14 [booklist] INFO: No more books on 6
2023-06-30 19:36:14 [scrapy.core.engine] INFO: Closing spider (finished)
2023-06-30 19:36:14 [scrapy.statscollectors] INFO: Dumping Scrapy stats:
{'downloader/request_bytes': 8281,
 'downloader/request_count': 7,
 'downloader/request_method_count/GET': 1,
 'downloader/request_method_count/POST': 6,
 'downloader/response_bytes': 2183538,
 'downloader/response_count': 7,
 'downloader/response_status_count/200': 7,
 'elapsed_time_seconds': 7.732701,
 'finish_reason': 'finished',
 'finish_time': datetime.datetime(2023, 6, 30, 11, 36, 14, 288692),
 'httpcompression/response_bytes': 24664575,
 'httpcompression/response_count': 6,
 'log_count/DEBUG': 10,
 'log_count/INFO': 494,
 'memusage/max': 63905792,
 'memusage/startup': 63905792,
 'request_depth_max': 5,
 'response_received_count': 7,
 'robotstxt/request_count': 1,
 'robotstxt/response_count': 1,
 'robotstxt/response_status_count/200': 1,
 'scheduler/dequeued': 6,
 'scheduler/dequeued/memory': 6,
 'scheduler/enqueued': 6,
 'scheduler/enqueued/memory': 6,
 'start_time': datetime.datetime(2023, 6, 30, 11, 36, 6, 555991)}
2023-06-30 19:36:14 [scrapy.core.engine] INFO: Spider closed (finished)
