2023-06-30 19:47:25 [scrapy.utils.log] INFO: Scrapy 2.9.0 started (bot: ndlcrawler)
2023-06-30 19:47:25 [scrapy.utils.log] INFO: Versions: lxml 4.9.2.0, libxml2 2.9.14, cssselect 1.2.0, parsel 1.8.1, w3lib 2.1.1, Twisted 22.10.0, Python 3.10.10 (main, Mar  5 2023, 22:26:53) [GCC 12.2.1 20230201], pyOpenSSL 23.2.0 (OpenSSL 3.1.1 30 May 2023), cryptography 41.0.1, Platform Linux-6.2.12-arch1-1-x86_64-with-glibc2.37
2023-06-30 19:47:25 [scrapy.crawler] INFO: Overridden settings:
{'BOT_NAME': 'ndlcrawler',
 'FEED_EXPORT_ENCODING': 'utf-8',
 'LOG_FILE': 'logs/booklist.title.夫.log',
 'NEWSPIDER_MODULE': 'ndlcrawler.spiders',
 'REQUEST_FINGERPRINTER_IMPLEMENTATION': '2.7',
 'ROBOTSTXT_OBEY': True,
 'SPIDER_MODULES': ['ndlcrawler.spiders'],
 'TWISTED_REACTOR': 'twisted.internet.asyncioreactor.AsyncioSelectorReactor'}
2023-06-30 19:47:25 [asyncio] DEBUG: Using selector: EpollSelector
2023-06-30 19:47:25 [scrapy.utils.log] DEBUG: Using reactor: twisted.internet.asyncioreactor.AsyncioSelectorReactor
2023-06-30 19:47:25 [scrapy.utils.log] DEBUG: Using asyncio event loop: asyncio.unix_events._UnixSelectorEventLoop
2023-06-30 19:47:25 [scrapy.extensions.telnet] INFO: Telnet Password: 06bf5e9401687d4a
2023-06-30 19:47:25 [scrapy.middleware] INFO: Enabled extensions:
['scrapy.extensions.corestats.CoreStats',
 'scrapy.extensions.telnet.TelnetConsole',
 'scrapy.extensions.memusage.MemoryUsage',
 'scrapy.extensions.logstats.LogStats']
2023-06-30 19:47:25 [scrapy.middleware] INFO: Enabled downloader middlewares:
['scrapy.downloadermiddlewares.robotstxt.RobotsTxtMiddleware',
 'scrapy.downloadermiddlewares.httpauth.HttpAuthMiddleware',
 'scrapy.downloadermiddlewares.downloadtimeout.DownloadTimeoutMiddleware',
 'scrapy.downloadermiddlewares.defaultheaders.DefaultHeadersMiddleware',
 'scrapy.downloadermiddlewares.useragent.UserAgentMiddleware',
 'scrapy.downloadermiddlewares.retry.RetryMiddleware',
 'scrapy.downloadermiddlewares.redirect.MetaRefreshMiddleware',
 'scrapy.downloadermiddlewares.httpcompression.HttpCompressionMiddleware',
 'scrapy.downloadermiddlewares.redirect.RedirectMiddleware',
 'scrapy.downloadermiddlewares.cookies.CookiesMiddleware',
 'scrapy.downloadermiddlewares.httpproxy.HttpProxyMiddleware',
 'scrapy.downloadermiddlewares.stats.DownloaderStats']
2023-06-30 19:47:25 [scrapy.middleware] INFO: Enabled spider middlewares:
['scrapy.spidermiddlewares.httperror.HttpErrorMiddleware',
 'scrapy.spidermiddlewares.offsite.OffsiteMiddleware',
 'scrapy.spidermiddlewares.referer.RefererMiddleware',
 'scrapy.spidermiddlewares.urllength.UrlLengthMiddleware',
 'scrapy.spidermiddlewares.depth.DepthMiddleware']
2023-06-30 19:47:25 [scrapy.middleware] INFO: Enabled item pipelines:
[]
2023-06-30 19:47:25 [scrapy.core.engine] INFO: Spider opened
2023-06-30 19:47:25 [scrapy.extensions.logstats] INFO: Crawled 0 pages (at 0 pages/min), scraped 0 items (at 0 items/min)
2023-06-30 19:47:25 [scrapy.extensions.telnet] INFO: Telnet console listening on 127.0.0.1:6024
2023-06-30 19:47:26 [scrapy.core.engine] DEBUG: Crawled (200) <GET https://dl.ndl.go.jp/robots.txt> (referer: None)
2023-06-30 19:47:27 [scrapy.core.engine] DEBUG: Crawled (200) <POST https://dl.ndl.go.jp/api/item/search> (referer: None)
2023-06-30 19:47:27 [booklist] INFO: Fetched page 1
2023-06-30 19:47:27 [booklist] INFO: VALID_ID: 2533816
2023-06-30 19:47:27 [booklist] INFO: VALID_ID: 9892617
2023-06-30 19:47:27 [booklist] INFO: VALID_ID: 8929541
2023-06-30 19:47:27 [booklist] INFO: VALID_ID: 11299472
2023-06-30 19:47:27 [booklist] INFO: VALID_ID: 9892907
2023-06-30 19:47:27 [booklist] INFO: VALID_ID: 8942775
2023-06-30 19:47:27 [booklist] INFO: VALID_ID: 8942776
2023-06-30 19:47:27 [booklist] INFO: VALID_ID: 8943232
2023-06-30 19:47:27 [booklist] INFO: VALID_ID: 10301609
2023-06-30 19:47:27 [booklist] INFO: VALID_ID: 2533968
2023-06-30 19:47:27 [booklist] INFO: VALID_ID: 11299489
2023-06-30 19:47:27 [booklist] INFO: VALID_ID: 12866156
2023-06-30 19:47:27 [booklist] INFO: VALID_ID: 12866158
2023-06-30 19:47:27 [booklist] INFO: VALID_ID: 12866151
2023-06-30 19:47:27 [booklist] INFO: VALID_ID: 12866148
2023-06-30 19:47:27 [booklist] INFO: VALID_ID: 12866161
2023-06-30 19:47:27 [booklist] INFO: VALID_ID: 12866159
2023-06-30 19:47:27 [booklist] INFO: VALID_ID: 12866155
2023-06-30 19:47:27 [booklist] INFO: VALID_ID: 12866146
2023-06-30 19:47:27 [booklist] INFO: VALID_ID: 12866147
2023-06-30 19:47:27 [booklist] INFO: VALID_ID: 12866143
2023-06-30 19:47:27 [booklist] INFO: VALID_ID: 12866160
2023-06-30 19:47:27 [booklist] INFO: VALID_ID: 12866153
2023-06-30 19:47:27 [booklist] INFO: VALID_ID: 12866152
2023-06-30 19:47:27 [booklist] INFO: VALID_ID: 12866154
2023-06-30 19:47:27 [booklist] INFO: VALID_ID: 12865360
2023-06-30 19:47:27 [booklist] INFO: VALID_ID: 2534035
2023-06-30 19:47:27 [booklist] INFO: VALID_ID: 12866144
2023-06-30 19:47:27 [booklist] INFO: VALID_ID: 12866145
2023-06-30 19:47:27 [booklist] INFO: VALID_ID: 12866149
2023-06-30 19:47:27 [booklist] INFO: VALID_ID: 12866157
2023-06-30 19:47:27 [booklist] INFO: VALID_ID: 10303868
2023-06-30 19:47:27 [booklist] INFO: VALID_ID: 2533158
2023-06-30 19:47:27 [booklist] INFO: VALID_ID: 12866150
2023-06-30 19:47:27 [booklist] INFO: VALID_ID: 2533317
2023-06-30 19:47:27 [booklist] INFO: VALID_ID: 9893673
2023-06-30 19:47:27 [booklist] INFO: VALID_ID: 9892764
2023-06-30 19:47:27 [booklist] INFO: VALID_ID: 1304235
2023-06-30 19:47:27 [booklist] INFO: VALID_ID: 9893676
2023-06-30 19:47:27 [booklist] INFO: VALID_ID: 10303973
2023-06-30 19:47:27 [booklist] INFO: VALID_ID: 10303869
2023-06-30 19:47:27 [booklist] INFO: VALID_ID: 2532484
2023-06-30 19:47:27 [booklist] INFO: VALID_ID: 9893674
2023-06-30 19:47:27 [booklist] INFO: VALID_ID: 1311212
2023-06-30 19:47:27 [booklist] INFO: VALID_ID: 2533555
2023-06-30 19:47:27 [booklist] INFO: VALID_ID: 9892891
2023-06-30 19:47:27 [booklist] INFO: VALID_ID: 9893832
2023-06-30 19:47:27 [booklist] INFO: VALID_ID: 9893671
2023-06-30 19:47:27 [booklist] INFO: VALID_ID: 9893672
2023-06-30 19:47:27 [booklist] INFO: VALID_ID: 9893675
2023-06-30 19:47:27 [booklist] INFO: VALID_ID: 2541937
2023-06-30 19:47:27 [booklist] INFO: VALID_ID: 9893670
2023-06-30 19:47:27 [booklist] INFO: VALID_ID: 1307370
2023-06-30 19:47:27 [booklist] INFO: VALID_ID: 1305268
2023-06-30 19:47:27 [booklist] INFO: VALID_ID: 1305275
2023-06-30 19:47:27 [booklist] INFO: VALID_ID: 1312906
2023-06-30 19:47:27 [booklist] INFO: VALID_ID: 9893120
2023-06-30 19:47:27 [booklist] INFO: VALID_ID: 9892490
2023-06-30 19:47:27 [booklist] INFO: VALID_ID: 8929551
2023-06-30 19:47:27 [booklist] INFO: VALID_ID: 1307246
2023-06-30 19:47:27 [booklist] INFO: VALID_ID: 8929469
2023-06-30 19:47:27 [booklist] INFO: VALID_ID: 10301503
2023-06-30 19:47:27 [booklist] INFO: VALID_ID: 8929402
2023-06-30 19:47:27 [booklist] INFO: VALID_ID: 2540103
2023-06-30 19:47:27 [booklist] INFO: VALID_ID: 8929610
2023-06-30 19:47:27 [booklist] INFO: VALID_ID: 10301521
2023-06-30 19:47:27 [booklist] INFO: VALID_ID: 1311511
2023-06-30 19:47:27 [booklist] INFO: VALID_ID: 2532895
2023-06-30 19:47:27 [booklist] INFO: VALID_ID: 2609648
2023-06-30 19:47:27 [booklist] INFO: VALID_ID: 9892382
2023-06-30 19:47:27 [booklist] INFO: VALID_ID: 2590796
2023-06-30 19:47:27 [booklist] INFO: VALID_ID: 8929604
2023-06-30 19:47:27 [booklist] INFO: VALID_ID: 10301656
2023-06-30 19:47:27 [booklist] INFO: VALID_ID: 2590797
2023-06-30 19:47:27 [booklist] INFO: VALID_ID: 2559157
2023-06-30 19:47:27 [booklist] INFO: VALID_ID: 9892361
2023-06-30 19:47:27 [booklist] INFO: VALID_ID: 9893159
2023-06-30 19:47:27 [booklist] INFO: VALID_ID: 10301074
2023-06-30 19:47:27 [booklist] INFO: VALID_ID: 1313089
2023-06-30 19:47:27 [booklist] INFO: VALID_ID: 1306673
2023-06-30 19:47:27 [booklist] INFO: VALID_ID: 9892869
2023-06-30 19:47:27 [booklist] INFO: VALID_ID: 2540722
2023-06-30 19:47:27 [booklist] INFO: VALID_ID: 1303819
2023-06-30 19:47:27 [booklist] INFO: VALID_ID: 2590531
2023-06-30 19:47:27 [booklist] INFO: VALID_ID: 10303921
2023-06-30 19:47:27 [booklist] INFO: VALID_ID: 2610105
2023-06-30 19:47:27 [booklist] INFO: VALID_ID: 2540102
2023-06-30 19:47:27 [booklist] INFO: VALID_ID: 10303805
2023-06-30 19:47:27 [booklist] INFO: VALID_ID: 11299473
2023-06-30 19:47:27 [booklist] INFO: VALID_ID: 1311956
2023-06-30 19:47:27 [booklist] INFO: VALID_ID: 1313135
2023-06-30 19:47:27 [booklist] INFO: VALID_ID: 2590528
2023-06-30 19:47:27 [booklist] INFO: VALID_ID: 2590529
2023-06-30 19:47:27 [booklist] INFO: VALID_ID: 1302784
2023-06-30 19:47:27 [booklist] INFO: VALID_ID: 2590527
2023-06-30 19:47:27 [booklist] INFO: VALID_ID: 1311793
2023-06-30 19:47:27 [booklist] INFO: VALID_ID: 11299469
2023-06-30 19:47:27 [booklist] INFO: VALID_ID: 1312829
2023-06-30 19:47:27 [booklist] INFO: VALID_ID: 11299470
2023-06-30 19:47:27 [booklist] INFO: VALID_ID: 10303803
2023-06-30 19:47:28 [scrapy.core.engine] DEBUG: Crawled (200) <POST https://dl.ndl.go.jp/api/item/search> (referer: https://dl.ndl.go.jp/api/item/search)
2023-06-30 19:47:28 [booklist] INFO: Fetched page 2
2023-06-30 19:47:29 [booklist] INFO: VALID_ID: 2590532
2023-06-30 19:47:29 [booklist] INFO: VALID_ID: 2533908
2023-06-30 19:47:29 [booklist] INFO: VALID_ID: 11299470
2023-06-30 19:47:29 [booklist] INFO: VALID_ID: 1313077
2023-06-30 19:47:29 [booklist] INFO: VALID_ID: 1304319
2023-06-30 19:47:29 [booklist] INFO: VALID_ID: 1307745
2023-06-30 19:47:29 [booklist] INFO: VALID_ID: 2590530
2023-06-30 19:47:29 [booklist] INFO: VALID_ID: 1303971
2023-06-30 19:47:29 [booklist] INFO: VALID_ID: 1313018
2023-06-30 19:47:29 [booklist] INFO: VALID_ID: 1309096
2023-06-30 19:47:29 [booklist] INFO: VALID_ID: 2548797
2023-06-30 19:47:29 [booklist] INFO: VALID_ID: 1312994
2023-06-30 19:47:29 [booklist] INFO: VALID_ID: 1312198
2023-06-30 19:47:29 [booklist] INFO: VALID_ID: 2605767
2023-06-30 19:47:29 [booklist] INFO: VALID_ID: 1306130
2023-06-30 19:47:29 [booklist] INFO: VALID_ID: 2548796
2023-06-30 19:47:29 [booklist] INFO: VALID_ID: 2539950
2023-06-30 19:47:29 [booklist] INFO: VALID_ID: 1310123
2023-06-30 19:47:29 [booklist] INFO: VALID_ID: 1313098
2023-06-30 19:47:29 [booklist] INFO: VALID_ID: 1313006
2023-06-30 19:47:29 [booklist] INFO: VALID_ID: 1311760
2023-06-30 19:47:29 [booklist] INFO: VALID_ID: 1308996
2023-06-30 19:47:29 [booklist] INFO: VALID_ID: 1310907
2023-06-30 19:47:29 [booklist] INFO: VALID_ID: 1306513
2023-06-30 19:47:29 [booklist] INFO: VALID_ID: 1309235
2023-06-30 19:47:29 [booklist] INFO: VALID_ID: 1313005
2023-06-30 19:47:29 [booklist] INFO: VALID_ID: 1310966
2023-06-30 19:47:29 [booklist] INFO: VALID_ID: 1309652
2023-06-30 19:47:29 [booklist] INFO: VALID_ID: 1304308
2023-06-30 19:47:29 [booklist] INFO: VALID_ID: 1306431
2023-06-30 19:47:29 [booklist] INFO: VALID_ID: 1309255
2023-06-30 19:47:29 [booklist] INFO: VALID_ID: 1309228
2023-06-30 19:47:29 [booklist] INFO: VALID_ID: 1307935
2023-06-30 19:47:29 [booklist] INFO: VALID_ID: 2559158
2023-06-30 19:47:29 [booklist] INFO: VALID_ID: 1311041
2023-06-30 19:47:29 [booklist] INFO: VALID_ID: 1304309
2023-06-30 19:47:29 [booklist] INFO: VALID_ID: 1302720
2023-06-30 19:47:29 [booklist] INFO: VALID_ID: 1310761
2023-06-30 19:47:29 [booklist] INFO: VALID_ID: 1310845
2023-06-30 19:47:29 [booklist] INFO: VALID_ID: 1311115
2023-06-30 19:47:29 [booklist] INFO: VALID_ID: 1301860
2023-06-30 19:47:29 [booklist] INFO: VALID_ID: 1304674
2023-06-30 19:47:29 [booklist] INFO: VALID_ID: 1310197
2023-06-30 19:47:29 [booklist] INFO: VALID_ID: 1303864
2023-06-30 19:47:29 [booklist] INFO: VALID_ID: 1313513
2023-06-30 19:47:29 [booklist] INFO: VALID_ID: 1311235
2023-06-30 19:47:29 [booklist] INFO: VALID_ID: 1313505
2023-06-30 19:47:29 [booklist] INFO: VALID_ID: 2608247
2023-06-30 19:47:29 [booklist] INFO: VALID_ID: 2559114
2023-06-30 19:47:29 [booklist] INFO: VALID_ID: 1304859
2023-06-30 19:47:29 [booklist] INFO: VALID_ID: 1306342
2023-06-30 19:47:29 [booklist] INFO: VALID_ID: 1307801
2023-06-30 19:47:29 [booklist] INFO: VALID_ID: 2539759
2023-06-30 19:47:29 [booklist] INFO: VALID_ID: 2559177
2023-06-30 19:47:29 [booklist] INFO: VALID_ID: 1307687
2023-06-30 19:47:29 [booklist] INFO: VALID_ID: 2595768
2023-06-30 19:47:29 [booklist] INFO: VALID_ID: 1301382
2023-06-30 19:47:29 [booklist] INFO: VALID_ID: 1307267
2023-06-30 19:47:29 [booklist] INFO: VALID_ID: 2598657
2023-06-30 19:47:29 [booklist] INFO: VALID_ID: 1307795
2023-06-30 19:47:29 [booklist] INFO: VALID_ID: 1312143
2023-06-30 19:47:29 [booklist] INFO: VALID_ID: 11446483
2023-06-30 19:47:29 [booklist] INFO: VALID_ID: 2598656
2023-06-30 19:47:29 [booklist] INFO: VALID_ID: 2584262
2023-06-30 19:47:29 [booklist] INFO: VALID_ID: 2559155
2023-06-30 19:47:29 [booklist] INFO: VALID_ID: 2550394
2023-06-30 19:47:29 [booklist] INFO: VALID_ID: 2559147
2023-06-30 19:47:29 [booklist] INFO: VALID_ID: 2559159
2023-06-30 19:47:29 [booklist] INFO: VALID_ID: 2595767
2023-06-30 19:47:29 [booklist] INFO: VALID_ID: 2597305
2023-06-30 19:47:29 [booklist] INFO: VALID_ID: 2559151
2023-06-30 19:47:29 [booklist] INFO: VALID_ID: 2559156
2023-06-30 19:47:29 [booklist] INFO: VALID_ID: 2559149
2023-06-30 19:47:29 [booklist] INFO: VALID_ID: 2559152
2023-06-30 19:47:29 [booklist] INFO: VALID_ID: 2559161
2023-06-30 19:47:29 [booklist] INFO: VALID_ID: 1307325
2023-06-30 19:47:29 [booklist] INFO: VALID_ID: 2581400
2023-06-30 19:47:29 [booklist] INFO: VALID_ID: 2559148
2023-06-30 19:47:29 [booklist] INFO: VALID_ID: 2597306
2023-06-30 19:47:29 [booklist] INFO: VALID_ID: 2598655
2023-06-30 19:47:29 [booklist] INFO: VALID_ID: 2559150
2023-06-30 19:47:29 [booklist] INFO: VALID_ID: 2559154
2023-06-30 19:47:29 [booklist] INFO: VALID_ID: 2559153
2023-06-30 19:47:29 [booklist] INFO: VALID_ID: 11446526
2023-06-30 19:47:29 [booklist] INFO: VALID_ID: 2546235
2023-06-30 19:47:29 [booklist] INFO: VALID_ID: 2540116
2023-06-30 19:47:29 [booklist] INFO: VALID_ID: 2581403
2023-06-30 19:47:29 [booklist] INFO: VALID_ID: 2559146
2023-06-30 19:47:29 [booklist] INFO: VALID_ID: 2559162
2023-06-30 19:47:29 [booklist] INFO: VALID_ID: 2576243
2023-06-30 19:47:29 [booklist] INFO: VALID_ID: 2581401
2023-06-30 19:47:29 [booklist] INFO: VALID_ID: 2581402
2023-06-30 19:47:29 [booklist] INFO: VALID_ID: 2570849
2023-06-30 19:47:29 [booklist] INFO: VALID_ID: 2585406
2023-06-30 19:47:29 [booklist] INFO: VALID_ID: 10301052
2023-06-30 19:47:29 [booklist] INFO: VALID_ID: 2585682
2023-06-30 19:47:29 [booklist] INFO: VALID_ID: 2585687
2023-06-30 19:47:29 [booklist] INFO: VALID_ID: 2548526
2023-06-30 19:47:29 [booklist] INFO: VALID_ID: 2550235
2023-06-30 19:47:29 [booklist] INFO: VALID_ID: 2598881
2023-06-30 19:47:29 [scrapy.core.engine] DEBUG: Crawled (200) <POST https://dl.ndl.go.jp/api/item/search> (referer: https://dl.ndl.go.jp/api/item/search)
2023-06-30 19:47:30 [booklist] INFO: Fetched page 3
2023-06-30 19:47:30 [booklist] INFO: VALID_ID: 9892783
2023-06-30 19:47:30 [booklist] INFO: VALID_ID: 2585683
2023-06-30 19:47:30 [booklist] INFO: VALID_ID: 2585592
2023-06-30 19:47:30 [booklist] INFO: VALID_ID: 9369974
2023-06-30 19:47:30 [booklist] INFO: VALID_ID: 2585465
2023-06-30 19:47:30 [booklist] INFO: VALID_ID: 2585457
2023-06-30 19:47:30 [booklist] INFO: VALID_ID: 2585322
2023-06-30 19:47:30 [booklist] INFO: VALID_ID: 2585345
2023-06-30 19:47:30 [booklist] INFO: VALID_ID: 1312634
2023-06-30 19:47:30 [booklist] INFO: VALID_ID: 10301587
2023-06-30 19:47:30 [booklist] INFO: VALID_ID: 9892493
2023-06-30 19:47:30 [booklist] INFO: VALID_ID: 2585608
2023-06-30 19:47:30 [booklist] INFO: VALID_ID: 2608990
2023-06-30 19:47:30 [booklist] INFO: VALID_ID: 2610659
2023-06-30 19:47:30 [booklist] INFO: VALID_ID: 2585198
2023-06-30 19:47:30 [booklist] INFO: VALID_ID: 9892585
2023-06-30 19:47:30 [booklist] INFO: VALID_ID: 2585196
2023-06-30 19:47:30 [booklist] INFO: VALID_ID: 2605218
2023-06-30 19:47:30 [booklist] INFO: VALID_ID: 2607426
2023-06-30 19:47:30 [booklist] INFO: VALID_ID: 10301610
2023-06-30 19:47:30 [booklist] INFO: VALID_ID: 2608721
2023-06-30 19:47:30 [booklist] INFO: VALID_ID: 2585246
2023-06-30 19:47:30 [booklist] INFO: VALID_ID: 2592525
2023-06-30 19:47:30 [booklist] INFO: VALID_ID: 1288540
2023-06-30 19:47:30 [booklist] INFO: VALID_ID: 2550187
2023-06-30 19:47:30 [booklist] INFO: VALID_ID: 2585496
2023-06-30 19:47:30 [booklist] INFO: VALID_ID: 9892705
2023-06-30 19:47:30 [booklist] INFO: VALID_ID: 10301001
2023-06-30 19:47:30 [booklist] INFO: VALID_ID: 2550298
2023-06-30 19:47:30 [booklist] INFO: VALID_ID: 10301460
2023-06-30 19:47:30 [booklist] INFO: VALID_ID: 2532423
2023-06-30 19:47:30 [booklist] INFO: VALID_ID: 10301536
2023-06-30 19:47:30 [booklist] INFO: VALID_ID: 2610375
2023-06-30 19:47:30 [booklist] INFO: VALID_ID: 2586676
2023-06-30 19:47:30 [booklist] INFO: VALID_ID: 2559110
2023-06-30 19:47:30 [booklist] INFO: VALID_ID: 2559116
2023-06-30 19:47:30 [booklist] INFO: VALID_ID: 2559107
2023-06-30 19:47:30 [booklist] INFO: VALID_ID: 2559115
2023-06-30 19:47:30 [booklist] INFO: VALID_ID: 2559104
2023-06-30 19:47:30 [booklist] INFO: VALID_ID: 2559103
2023-06-30 19:47:30 [booklist] INFO: VALID_ID: 2559105
2023-06-30 19:47:30 [booklist] INFO: VALID_ID: 2559112
2023-06-30 19:47:30 [booklist] INFO: VALID_ID: 2532472
2023-06-30 19:47:30 [booklist] INFO: VALID_ID: 2559106
2023-06-30 19:47:30 [booklist] INFO: VALID_ID: 2559113
2023-06-30 19:47:30 [booklist] INFO: VALID_ID: 2559108
2023-06-30 19:47:30 [booklist] INFO: VALID_ID: 2559173
2023-06-30 19:47:30 [booklist] INFO: VALID_ID: 2559111
2023-06-30 19:47:30 [booklist] INFO: VALID_ID: 2559109
2023-06-30 19:47:30 [booklist] INFO: VALID_ID: 2609629
2023-06-30 19:47:30 [booklist] INFO: VALID_ID: 10301296
2023-06-30 19:47:30 [booklist] INFO: VALID_ID: 2559102
2023-06-30 19:47:30 [booklist] INFO: VALID_ID: 2559170
2023-06-30 19:47:30 [booklist] INFO: VALID_ID: 2559176
2023-06-30 19:47:30 [booklist] INFO: VALID_ID: 2559164
2023-06-30 19:47:30 [booklist] INFO: VALID_ID: 2559172
2023-06-30 19:47:30 [booklist] INFO: VALID_ID: 2559175
2023-06-30 19:47:30 [booklist] INFO: VALID_ID: 10301340
2023-06-30 19:47:30 [booklist] INFO: VALID_ID: 2559169
2023-06-30 19:47:30 [booklist] INFO: VALID_ID: 2559163
2023-06-30 19:47:30 [booklist] INFO: VALID_ID: 2559165
2023-06-30 19:47:30 [booklist] INFO: VALID_ID: 2559174
2023-06-30 19:47:30 [booklist] INFO: VALID_ID: 2559167
2023-06-30 19:47:30 [booklist] INFO: VALID_ID: 2559168
2023-06-30 19:47:30 [booklist] INFO: VALID_ID: 2559166
2023-06-30 19:47:30 [booklist] INFO: VALID_ID: 2534033
2023-06-30 19:47:30 [booklist] INFO: VALID_ID: 2559171
2023-06-30 19:47:30 [booklist] INFO: VALID_ID: 2607580
2023-06-30 19:47:30 [booklist] INFO: VALID_ID: 9369964
2023-06-30 19:47:30 [booklist] INFO: VALID_ID: 2609666
2023-06-30 19:47:30 [booklist] INFO: VALID_ID: 2549294
2023-06-30 19:47:30 [booklist] INFO: VALID_ID: 10301138
2023-06-30 19:47:30 [booklist] INFO: VALID_ID: 2576240
2023-06-30 19:47:30 [booklist] INFO: VALID_ID: 2576235
2023-06-30 19:47:30 [booklist] INFO: VALID_ID: 2576245
2023-06-30 19:47:30 [booklist] INFO: VALID_ID: 2576234
2023-06-30 19:47:30 [booklist] INFO: VALID_ID: 2576237
2023-06-30 19:47:30 [booklist] INFO: VALID_ID: 2576236
2023-06-30 19:47:30 [booklist] INFO: VALID_ID: 2576241
2023-06-30 19:47:30 [booklist] INFO: VALID_ID: 2576238
2023-06-30 19:47:30 [booklist] INFO: VALID_ID: 2576239
2023-06-30 19:47:30 [booklist] INFO: VALID_ID: 2576244
2023-06-30 19:47:30 [booklist] INFO: VALID_ID: 2576242
2023-06-30 19:47:30 [booklist] INFO: VALID_ID: 2609581
2023-06-30 19:47:30 [booklist] INFO: VALID_ID: 9369953
2023-06-30 19:47:30 [booklist] INFO: VALID_ID: 2550292
2023-06-30 19:47:30 [booklist] INFO: VALID_ID: 2610537
2023-06-30 19:47:30 [booklist] INFO: VALID_ID: 2542560
2023-06-30 19:47:30 [booklist] INFO: VALID_ID: 2550402
2023-06-30 19:47:30 [booklist] INFO: VALID_ID: 2611085
2023-06-30 19:47:30 [booklist] INFO: VALID_ID: 2609783
2023-06-30 19:47:30 [booklist] INFO: VALID_ID: 11446659
2023-06-30 19:47:30 [booklist] INFO: VALID_ID: 2605758
2023-06-30 19:47:30 [booklist] INFO: VALID_ID: 2611035
2023-06-30 19:47:30 [scrapy.core.engine] DEBUG: Crawled (200) <POST https://dl.ndl.go.jp/api/item/search> (referer: https://dl.ndl.go.jp/api/item/search)
2023-06-30 19:47:31 [booklist] INFO: Fetched page 4
2023-06-30 19:47:31 [booklist] INFO: No more books on 4
2023-06-30 19:47:31 [scrapy.core.engine] INFO: Closing spider (finished)
2023-06-30 19:47:31 [scrapy.statscollectors] INFO: Dumping Scrapy stats:
{'downloader/request_bytes': 5579,
 'downloader/request_count': 5,
 'downloader/request_method_count/GET': 1,
 'downloader/request_method_count/POST': 4,
 'downloader/response_bytes': 1314305,
 'downloader/response_count': 5,
 'downloader/response_status_count/200': 5,
 'elapsed_time_seconds': 5.059589,
 'finish_reason': 'finished',
 'finish_time': datetime.datetime(2023, 6, 30, 11, 47, 31, 31042),
 'httpcompression/response_bytes': 14709916,
 'httpcompression/response_count': 4,
 'log_count/DEBUG': 8,
 'log_count/INFO': 309,
 'memusage/max': 63983616,
 'memusage/startup': 63983616,
 'request_depth_max': 3,
 'response_received_count': 5,
 'robotstxt/request_count': 1,
 'robotstxt/response_count': 1,
 'robotstxt/response_status_count/200': 1,
 'scheduler/dequeued': 4,
 'scheduler/dequeued/memory': 4,
 'scheduler/enqueued': 4,
 'scheduler/enqueued/memory': 4,
 'start_time': datetime.datetime(2023, 6, 30, 11, 47, 25, 971453)}
2023-06-30 19:47:31 [scrapy.core.engine] INFO: Spider closed (finished)
