2023-06-30 17:11:08 [scrapy.utils.log] INFO: Scrapy 2.9.0 started (bot: ndlcrawler)
2023-06-30 17:11:08 [scrapy.utils.log] INFO: Versions: lxml 4.9.2.0, libxml2 2.9.14, cssselect 1.2.0, parsel 1.8.1, w3lib 2.1.1, Twisted 22.10.0, Python 3.10.10 (main, Mar  5 2023, 22:26:53) [GCC 12.2.1 20230201], pyOpenSSL 23.2.0 (OpenSSL 3.1.1 30 May 2023), cryptography 41.0.1, Platform Linux-6.2.12-arch1-1-x86_64-with-glibc2.37
2023-06-30 17:11:08 [scrapy.crawler] INFO: Overridden settings:
{'BOT_NAME': 'ndlcrawler',
 'FEED_EXPORT_ENCODING': 'utf-8',
 'LOG_FILE': 'logs/booklist.title.雑.DESC.log',
 'NEWSPIDER_MODULE': 'ndlcrawler.spiders',
 'REQUEST_FINGERPRINTER_IMPLEMENTATION': '2.7',
 'ROBOTSTXT_OBEY': True,
 'SPIDER_MODULES': ['ndlcrawler.spiders'],
 'TWISTED_REACTOR': 'twisted.internet.asyncioreactor.AsyncioSelectorReactor'}
2023-06-30 17:11:08 [asyncio] DEBUG: Using selector: EpollSelector
2023-06-30 17:11:08 [scrapy.utils.log] DEBUG: Using reactor: twisted.internet.asyncioreactor.AsyncioSelectorReactor
2023-06-30 17:11:08 [scrapy.utils.log] DEBUG: Using asyncio event loop: asyncio.unix_events._UnixSelectorEventLoop
2023-06-30 17:11:08 [scrapy.extensions.telnet] INFO: Telnet Password: e925a3fd6758d53f
2023-06-30 17:11:08 [scrapy.middleware] INFO: Enabled extensions:
['scrapy.extensions.corestats.CoreStats',
 'scrapy.extensions.telnet.TelnetConsole',
 'scrapy.extensions.memusage.MemoryUsage',
 'scrapy.extensions.logstats.LogStats']
2023-06-30 17:11:08 [scrapy.middleware] INFO: Enabled downloader middlewares:
['scrapy.downloadermiddlewares.robotstxt.RobotsTxtMiddleware',
 'scrapy.downloadermiddlewares.httpauth.HttpAuthMiddleware',
 'scrapy.downloadermiddlewares.downloadtimeout.DownloadTimeoutMiddleware',
 'scrapy.downloadermiddlewares.defaultheaders.DefaultHeadersMiddleware',
 'scrapy.downloadermiddlewares.useragent.UserAgentMiddleware',
 'scrapy.downloadermiddlewares.retry.RetryMiddleware',
 'scrapy.downloadermiddlewares.redirect.MetaRefreshMiddleware',
 'scrapy.downloadermiddlewares.httpcompression.HttpCompressionMiddleware',
 'scrapy.downloadermiddlewares.redirect.RedirectMiddleware',
 'scrapy.downloadermiddlewares.cookies.CookiesMiddleware',
 'scrapy.downloadermiddlewares.httpproxy.HttpProxyMiddleware',
 'scrapy.downloadermiddlewares.stats.DownloaderStats']
2023-06-30 17:11:08 [scrapy.middleware] INFO: Enabled spider middlewares:
['scrapy.spidermiddlewares.httperror.HttpErrorMiddleware',
 'scrapy.spidermiddlewares.offsite.OffsiteMiddleware',
 'scrapy.spidermiddlewares.referer.RefererMiddleware',
 'scrapy.spidermiddlewares.urllength.UrlLengthMiddleware',
 'scrapy.spidermiddlewares.depth.DepthMiddleware']
2023-06-30 17:11:08 [scrapy.middleware] INFO: Enabled item pipelines:
[]
2023-06-30 17:11:08 [scrapy.core.engine] INFO: Spider opened
2023-06-30 17:11:09 [scrapy.extensions.logstats] INFO: Crawled 0 pages (at 0 pages/min), scraped 0 items (at 0 items/min)
2023-06-30 17:11:09 [scrapy.extensions.telnet] INFO: Telnet console listening on 127.0.0.1:6024
2023-06-30 17:11:09 [scrapy.core.engine] DEBUG: Crawled (200) <GET https://dl.ndl.go.jp/robots.txt> (referer: None)
2023-06-30 17:11:10 [scrapy.core.engine] DEBUG: Crawled (200) <POST https://dl.ndl.go.jp/api/item/search> (referer: None)
2023-06-30 17:11:10 [booklist] INFO: Fetched page 1
2023-06-30 17:11:11 [booklist] INFO: VALID_ID: 2576279
2023-06-30 17:11:11 [booklist] INFO: VALID_ID: 10301564
2023-06-30 17:11:11 [booklist] INFO: VALID_ID: 10301405
2023-06-30 17:11:11 [booklist] INFO: VALID_ID: 2589704
2023-06-30 17:11:11 [booklist] INFO: VALID_ID: 2576271
2023-06-30 17:11:11 [booklist] INFO: VALID_ID: 10303439
2023-06-30 17:11:11 [booklist] INFO: VALID_ID: 2533821
2023-06-30 17:11:11 [booklist] INFO: VALID_ID: 10301323
2023-06-30 17:11:11 [booklist] INFO: VALID_ID: 10301285
2023-06-30 17:11:11 [booklist] INFO: VALID_ID: 2541536
2023-06-30 17:11:11 [booklist] INFO: VALID_ID: 2533173
2023-06-30 17:11:11 [booklist] INFO: VALID_ID: 2537173
2023-06-30 17:11:11 [booklist] INFO: VALID_ID: 10301333
2023-06-30 17:11:11 [booklist] INFO: VALID_ID: 10301114
2023-06-30 17:11:11 [booklist] INFO: VALID_ID: 10303956
2023-06-30 17:11:11 [booklist] INFO: VALID_ID: 10301315
2023-06-30 17:11:11 [booklist] INFO: VALID_ID: 2533186
2023-06-30 17:11:11 [booklist] INFO: VALID_ID: 10304001
2023-06-30 17:11:11 [booklist] INFO: VALID_ID: 10301252
2023-06-30 17:11:11 [booklist] INFO: VALID_ID: 9892379
2023-06-30 17:11:11 [booklist] INFO: VALID_ID: 10303991
2023-06-30 17:11:11 [booklist] INFO: VALID_ID: 10303562
2023-06-30 17:11:11 [booklist] INFO: VALID_ID: 2576270
2023-06-30 17:11:11 [booklist] INFO: VALID_ID: 10301610
2023-06-30 17:11:11 [booklist] INFO: VALID_ID: 2576269
2023-06-30 17:11:11 [booklist] INFO: VALID_ID: 10303727
2023-06-30 17:11:11 [booklist] INFO: VALID_ID: 10303916
2023-06-30 17:11:11 [booklist] INFO: VALID_ID: 2533166
2023-06-30 17:11:11 [booklist] INFO: VALID_ID: 10303977
2023-06-30 17:11:11 [booklist] INFO: VALID_ID: 9892469
2023-06-30 17:11:11 [booklist] INFO: VALID_ID: 10300956
2023-06-30 17:11:11 [booklist] INFO: VALID_ID: 2580895
2023-06-30 17:11:11 [booklist] INFO: VALID_ID: 11038703
2023-06-30 17:11:11 [booklist] INFO: VALID_ID: 2549298
2023-06-30 17:11:11 [booklist] INFO: VALID_ID: 2609989
2023-06-30 17:11:11 [booklist] INFO: VALID_ID: 10301500
2023-06-30 17:11:11 [booklist] INFO: VALID_ID: 2533177
2023-06-30 17:11:11 [booklist] INFO: VALID_ID: 10301138
2023-06-30 17:11:11 [booklist] INFO: VALID_ID: 11446178
2023-06-30 17:11:11 [booklist] INFO: VALID_ID: 10301567
2023-06-30 17:11:11 [booklist] INFO: VALID_ID: 2548950
2023-06-30 17:11:11 [booklist] INFO: VALID_ID: 11446187
2023-06-30 17:11:11 [booklist] INFO: VALID_ID: 2548956
2023-06-30 17:11:11 [booklist] INFO: VALID_ID: 2548949
2023-06-30 17:11:11 [booklist] INFO: VALID_ID: 2559061
2023-06-30 17:11:11 [booklist] INFO: VALID_ID: 1287150
2023-06-30 17:11:11 [booklist] INFO: VALID_ID: 2537968
2023-06-30 17:11:11 [booklist] INFO: VALID_ID: 2559062
2023-06-30 17:11:11 [booklist] INFO: VALID_ID: 11891788
2023-06-30 17:11:11 [booklist] INFO: VALID_ID: 2568473
2023-06-30 17:11:11 [booklist] INFO: VALID_ID: 2547674
2023-06-30 17:11:11 [booklist] INFO: VALID_ID: 11891786
2023-06-30 17:11:11 [booklist] INFO: VALID_ID: 11223267
2023-06-30 17:11:11 [booklist] INFO: VALID_ID: 11223268
2023-06-30 17:11:11 [booklist] INFO: VALID_ID: 2539601
2023-06-30 17:11:11 [booklist] INFO: VALID_ID: 11223269
2023-06-30 17:11:11 [booklist] INFO: VALID_ID: 2577248
2023-06-30 17:11:11 [booklist] INFO: VALID_ID: 2548955
2023-06-30 17:11:11 [booklist] INFO: VALID_ID: 2538069
2023-06-30 17:11:11 [booklist] INFO: VALID_ID: 2577250
2023-06-30 17:11:11 [booklist] INFO: VALID_ID: 2560774
2023-06-30 17:11:11 [booklist] INFO: VALID_ID: 2560775
2023-06-30 17:11:11 [booklist] INFO: VALID_ID: 2560780
2023-06-30 17:11:11 [booklist] INFO: VALID_ID: 2560783
2023-06-30 17:11:11 [booklist] INFO: VALID_ID: 2541337
2023-06-30 17:11:11 [booklist] INFO: VALID_ID: 2577262
2023-06-30 17:11:11 [booklist] INFO: VALID_ID: 2538257
2023-06-30 17:11:11 [booklist] INFO: VALID_ID: 2577249
2023-06-30 17:11:11 [booklist] INFO: VALID_ID: 2533486
2023-06-30 17:11:11 [booklist] INFO: VALID_ID: 2560773
2023-06-30 17:11:11 [booklist] INFO: VALID_ID: 2560771
2023-06-30 17:11:11 [booklist] INFO: VALID_ID: 2577259
2023-06-30 17:11:11 [booklist] INFO: VALID_ID: 2560778
2023-06-30 17:11:11 [booklist] INFO: VALID_ID: 2548951
2023-06-30 17:11:11 [booklist] INFO: VALID_ID: 2607924
2023-06-30 17:11:11 [booklist] INFO: VALID_ID: 2560770
2023-06-30 17:11:11 [booklist] INFO: VALID_ID: 2542000
2023-06-30 17:11:11 [booklist] INFO: VALID_ID: 2577265
2023-06-30 17:11:11 [booklist] INFO: VALID_ID: 2560769
2023-06-30 17:11:11 [booklist] INFO: VALID_ID: 2577253
2023-06-30 17:11:11 [booklist] INFO: VALID_ID: 2577263
2023-06-30 17:11:11 [booklist] INFO: VALID_ID: 2577272
2023-06-30 17:11:11 [booklist] INFO: VALID_ID: 11606639
2023-06-30 17:11:11 [booklist] INFO: VALID_ID: 2577261
2023-06-30 17:11:11 [booklist] INFO: VALID_ID: 2577264
2023-06-30 17:11:11 [booklist] INFO: VALID_ID: 2577252
2023-06-30 17:11:11 [booklist] INFO: VALID_ID: 2560781
2023-06-30 17:11:11 [booklist] INFO: VALID_ID: 2540078
2023-06-30 17:11:11 [booklist] INFO: VALID_ID: 2577251
2023-06-30 17:11:11 [booklist] INFO: VALID_ID: 2577270
2023-06-30 17:11:11 [booklist] INFO: VALID_ID: 11038504
2023-06-30 17:11:11 [booklist] INFO: VALID_ID: 2577260
2023-06-30 17:11:11 [booklist] INFO: VALID_ID: 2577266
2023-06-30 17:11:11 [booklist] INFO: VALID_ID: 2610031
2023-06-30 17:11:11 [booklist] INFO: VALID_ID: 2560782
2023-06-30 17:11:11 [booklist] INFO: VALID_ID: 2560777
2023-06-30 17:11:11 [booklist] INFO: VALID_ID: 2577257
2023-06-30 17:11:11 [booklist] INFO: VALID_ID: 2577268
2023-06-30 17:11:11 [booklist] INFO: VALID_ID: 11223557
2023-06-30 17:11:11 [booklist] INFO: VALID_ID: 2548953
2023-06-30 17:11:12 [scrapy.core.engine] DEBUG: Crawled (200) <POST https://dl.ndl.go.jp/api/item/search> (referer: https://dl.ndl.go.jp/api/item/search)
2023-06-30 17:11:12 [booklist] INFO: Fetched page 2
2023-06-30 17:11:12 [booklist] INFO: VALID_ID: 2560768
2023-06-30 17:11:12 [booklist] INFO: VALID_ID: 2577267
2023-06-30 17:11:12 [booklist] INFO: VALID_ID: 2577271
2023-06-30 17:11:12 [booklist] INFO: VALID_ID: 11223557
2023-06-30 17:11:12 [booklist] INFO: VALID_ID: 2577260
2023-06-30 17:11:12 [booklist] INFO: VALID_ID: 2577266
2023-06-30 17:11:12 [booklist] INFO: VALID_ID: 11038504
2023-06-30 17:11:12 [booklist] INFO: VALID_ID: 2542031
2023-06-30 17:11:12 [booklist] INFO: VALID_ID: 2577269
2023-06-30 17:11:12 [booklist] INFO: VALID_ID: 2547673
2023-06-30 17:11:12 [booklist] INFO: VALID_ID: 2608740
2023-06-30 17:11:12 [booklist] INFO: VALID_ID: 11223270
2023-06-30 17:11:12 [booklist] INFO: VALID_ID: 2537314
2023-06-30 17:11:12 [booklist] INFO: VALID_ID: 11891788
2023-06-30 17:11:12 [booklist] INFO: VALID_ID: 2568473
2023-06-30 17:11:12 [booklist] INFO: VALID_ID: 2580896
2023-06-30 17:11:12 [booklist] INFO: VALID_ID: 2548953
2023-06-30 17:11:12 [booklist] INFO: VALID_ID: 2533398
2023-06-30 17:11:12 [booklist] INFO: VALID_ID: 2577258
2023-06-30 17:11:12 [booklist] INFO: VALID_ID: 8929981
2023-06-30 17:11:12 [booklist] INFO: VALID_ID: 2538257
2023-06-30 17:11:12 [booklist] INFO: VALID_ID: 2568474
2023-06-30 17:11:12 [booklist] INFO: VALID_ID: 2533512
2023-06-30 17:11:12 [booklist] INFO: VALID_ID: 2536225
2023-06-30 17:11:12 [booklist] INFO: VALID_ID: 2540759
2023-06-30 17:11:12 [booklist] INFO: VALID_ID: 2609618
2023-06-30 17:11:12 [booklist] INFO: VALID_ID: 2537348
2023-06-30 17:11:12 [booklist] INFO: VALID_ID: 2587899
2023-06-30 17:11:12 [booklist] INFO: VALID_ID: 2537464
2023-06-30 17:11:12 [booklist] INFO: VALID_ID: 2540621
2023-06-30 17:11:12 [booklist] INFO: VALID_ID: 2536338
2023-06-30 17:11:12 [booklist] INFO: VALID_ID: 8943254
2023-06-30 17:11:12 [booklist] INFO: VALID_ID: 2542021
2023-06-30 17:11:12 [booklist] INFO: VALID_ID: 2548948
2023-06-30 17:11:12 [booklist] INFO: VALID_ID: 2541405
2023-06-30 17:11:12 [booklist] INFO: VALID_ID: 2540760
2023-06-30 17:11:12 [booklist] INFO: VALID_ID: 2533347
2023-06-30 17:11:12 [booklist] INFO: VALID_ID: 8942929
2023-06-30 17:11:12 [booklist] INFO: VALID_ID: 2532689
2023-06-30 17:11:12 [booklist] INFO: VALID_ID: 2553349
2023-06-30 17:11:12 [booklist] INFO: VALID_ID: 8942928
2023-06-30 17:11:12 [booklist] INFO: VALID_ID: 2587898
2023-06-30 17:11:12 [booklist] INFO: VALID_ID: 2592410
2023-06-30 17:11:12 [booklist] INFO: VALID_ID: 2536646
2023-06-30 17:11:12 [booklist] INFO: VALID_ID: 10954754
2023-06-30 17:11:12 [booklist] INFO: VALID_ID: 10300965
2023-06-30 17:11:12 [booklist] INFO: VALID_ID: 10301207
2023-06-30 17:11:12 [booklist] INFO: VALID_ID: 10301258
2023-06-30 17:11:12 [booklist] INFO: VALID_ID: 10301370
2023-06-30 17:11:12 [booklist] INFO: VALID_ID: 10301536
2023-06-30 17:11:12 [booklist] INFO: VALID_ID: 10303797
2023-06-30 17:11:12 [booklist] INFO: VALID_ID: 1246403
2023-06-30 17:11:12 [booklist] INFO: VALID_ID: 11038557
2023-06-30 17:11:12 [booklist] INFO: VALID_ID: 11038563
2023-06-30 17:11:12 [booklist] INFO: VALID_ID: 2536036
2023-06-30 17:11:12 [booklist] INFO: VALID_ID: 2588525
2023-06-30 17:11:12 [booklist] INFO: VALID_ID: 2608865
2023-06-30 17:11:12 [booklist] INFO: VALID_ID: 2588526
2023-06-30 17:11:12 [booklist] INFO: VALID_ID: 10303729
2023-06-30 17:11:12 [booklist] INFO: VALID_ID: 2605314
2023-06-30 17:11:12 [booklist] INFO: VALID_ID: 2538162
2023-06-30 17:11:12 [booklist] INFO: VALID_ID: 10300928
2023-06-30 17:11:12 [booklist] INFO: VALID_ID: 10301308
2023-06-30 17:11:12 [booklist] INFO: VALID_ID: 10301392
2023-06-30 17:11:12 [booklist] INFO: VALID_ID: 10301459
2023-06-30 17:11:12 [booklist] INFO: VALID_ID: 10301716
2023-06-30 17:11:12 [booklist] INFO: VALID_ID: 2558818
2023-06-30 17:11:12 [booklist] INFO: VALID_ID: 2554210
2023-06-30 17:11:12 [booklist] INFO: VALID_ID: 2548197
2023-06-30 17:11:12 [booklist] INFO: VALID_ID: 10303812
2023-06-30 17:11:12 [booklist] INFO: VALID_ID: 2591826
2023-06-30 17:11:12 [booklist] INFO: VALID_ID: 10303527
2023-06-30 17:11:12 [booklist] INFO: VALID_ID: 11038545
2023-06-30 17:11:12 [booklist] INFO: VALID_ID: 1246431
2023-06-30 17:11:12 [booklist] INFO: VALID_ID: 2541602
2023-06-30 17:11:12 [booklist] INFO: VALID_ID: 2533554
2023-06-30 17:11:12 [booklist] INFO: VALID_ID: 10303905
2023-06-30 17:11:12 [booklist] INFO: VALID_ID: 10303946
2023-06-30 17:11:12 [booklist] INFO: VALID_ID: 10304008
2023-06-30 17:11:12 [booklist] INFO: VALID_ID: 10301005
2023-06-30 17:11:12 [booklist] INFO: VALID_ID: 10301131
2023-06-30 17:11:12 [booklist] INFO: VALID_ID: 10301168
2023-06-30 17:11:12 [booklist] INFO: VALID_ID: 10301203
2023-06-30 17:11:12 [booklist] INFO: VALID_ID: 10301284
2023-06-30 17:11:12 [booklist] INFO: VALID_ID: 10301431
2023-06-30 17:11:12 [booklist] INFO: VALID_ID: 10301461
2023-06-30 17:11:12 [booklist] INFO: VALID_ID: 10301717
2023-06-30 17:11:12 [booklist] INFO: VALID_ID: 10303480
2023-06-30 17:11:12 [booklist] INFO: VALID_ID: 10301314
2023-06-30 17:11:12 [booklist] INFO: VALID_ID: 10303553
2023-06-30 17:11:12 [booklist] INFO: VALID_ID: 2559185
2023-06-30 17:11:12 [booklist] INFO: VALID_ID: 2581716
2023-06-30 17:11:12 [booklist] INFO: VALID_ID: 10303972
2023-06-30 17:11:12 [booklist] INFO: VALID_ID: 2538161
2023-06-30 17:11:12 [booklist] INFO: VALID_ID: 2540815
2023-06-30 17:11:12 [booklist] INFO: VALID_ID: 2533343
2023-06-30 17:11:12 [booklist] INFO: VALID_ID: 2538892
2023-06-30 17:11:12 [booklist] INFO: VALID_ID: 10301264
2023-06-30 17:11:12 [booklist] INFO: VALID_ID: 10301593
2023-06-30 17:11:12 [booklist] INFO: VALID_ID: 10301675
2023-06-30 17:11:13 [scrapy.core.engine] DEBUG: Crawled (200) <POST https://dl.ndl.go.jp/api/item/search> (referer: https://dl.ndl.go.jp/api/item/search)
2023-06-30 17:11:13 [booklist] INFO: Fetched page 3
2023-06-30 17:11:14 [booklist] INFO: VALID_ID: 2537993
2023-06-30 17:11:14 [booklist] INFO: VALID_ID: 2538033
2023-06-30 17:11:14 [booklist] INFO: VALID_ID: 10303519
2023-06-30 17:11:14 [booklist] INFO: VALID_ID: 10303521
2023-06-30 17:11:14 [booklist] INFO: VALID_ID: 2607489
2023-06-30 17:11:14 [booklist] INFO: VALID_ID: 2583443
2023-06-30 17:11:14 [booklist] INFO: VALID_ID: 2608110
2023-06-30 17:11:14 [booklist] INFO: VALID_ID: 11038547
2023-06-30 17:11:14 [booklist] INFO: VALID_ID: 2578231
2023-06-30 17:11:14 [booklist] INFO: VALID_ID: 11038554
2023-06-30 17:11:14 [booklist] INFO: VALID_ID: 1246424
2023-06-30 17:11:14 [booklist] INFO: VALID_ID: 11038556
2023-06-30 17:11:14 [booklist] INFO: VALID_ID: 10303998
2023-06-30 17:11:14 [booklist] INFO: VALID_ID: 10300949
2023-06-30 17:11:14 [booklist] INFO: VALID_ID: 10301263
2023-06-30 17:11:14 [booklist] INFO: VALID_ID: 10301354
2023-06-30 17:11:14 [booklist] INFO: VALID_ID: 10301460
2023-06-30 17:11:14 [booklist] INFO: VALID_ID: 10301592
2023-06-30 17:11:14 [booklist] INFO: VALID_ID: 10301670
2023-06-30 17:11:14 [booklist] INFO: VALID_ID: 2540220
2023-06-30 17:11:14 [booklist] INFO: VALID_ID: 10303564
2023-06-30 17:11:14 [booklist] INFO: VALID_ID: 10303846
2023-06-30 17:11:14 [booklist] INFO: VALID_ID: 11038533
2023-06-30 17:11:14 [booklist] INFO: VALID_ID: 2566787
2023-06-30 17:11:14 [booklist] INFO: VALID_ID: 10303483
2023-06-30 17:11:14 [booklist] INFO: VALID_ID: 2566788
2023-06-30 17:11:14 [booklist] INFO: VALID_ID: 2591821
2023-06-30 17:11:14 [booklist] INFO: VALID_ID: 11038542
2023-06-30 17:11:14 [booklist] INFO: VALID_ID: 11038546
2023-06-30 17:11:14 [booklist] INFO: VALID_ID: 10303957
2023-06-30 17:11:14 [booklist] INFO: VALID_ID: 10303987
2023-06-30 17:11:14 [booklist] INFO: VALID_ID: 2532395
2023-06-30 17:11:14 [booklist] INFO: VALID_ID: 10301099
2023-06-30 17:11:14 [booklist] INFO: VALID_ID: 10301224
2023-06-30 17:11:14 [booklist] INFO: VALID_ID: 10301371
2023-06-30 17:11:14 [booklist] INFO: VALID_ID: 10301535
2023-06-30 17:11:14 [booklist] INFO: VALID_ID: 10301584
2023-06-30 17:11:14 [booklist] INFO: VALID_ID: 10301640
2023-06-30 17:11:14 [booklist] INFO: VALID_ID: 2537380
2023-06-30 17:11:14 [booklist] INFO: VALID_ID: 10303730
2023-06-30 17:11:14 [booklist] INFO: VALID_ID: 1246387
2023-06-30 17:11:14 [booklist] INFO: VALID_ID: 1246443
2023-06-30 17:11:14 [booklist] INFO: VALID_ID: 10303943
2023-06-30 17:11:14 [booklist] INFO: VALID_ID: 2539711
2023-06-30 17:11:14 [booklist] INFO: VALID_ID: 2536350
2023-06-30 17:11:14 [booklist] INFO: VALID_ID: 2543158
2023-06-30 17:11:14 [booklist] INFO: VALID_ID: 10300911
2023-06-30 17:11:14 [booklist] INFO: VALID_ID: 10301166
2023-06-30 17:11:14 [booklist] INFO: VALID_ID: 10301444
2023-06-30 17:11:14 [booklist] INFO: VALID_ID: 10303569
2023-06-30 17:11:14 [booklist] INFO: VALID_ID: 10303648
2023-06-30 17:11:14 [booklist] INFO: VALID_ID: 10303659
2023-06-30 17:11:14 [booklist] INFO: VALID_ID: 2583437
2023-06-30 17:11:14 [booklist] INFO: VALID_ID: 2589750
2023-06-30 17:11:14 [booklist] INFO: VALID_ID: 11038541
2023-06-30 17:11:14 [booklist] INFO: VALID_ID: 11038543
2023-06-30 17:11:14 [booklist] INFO: VALID_ID: 2591829
2023-06-30 17:11:14 [booklist] INFO: VALID_ID: 11038559
2023-06-30 17:11:14 [booklist] INFO: VALID_ID: 10301234
2023-06-30 17:11:14 [booklist] INFO: VALID_ID: 10301255
2023-06-30 17:11:14 [booklist] INFO: VALID_ID: 10301307
2023-06-30 17:11:14 [booklist] INFO: VALID_ID: 10301319
2023-06-30 17:11:14 [booklist] INFO: VALID_ID: 10301396
2023-06-30 17:11:14 [booklist] INFO: VALID_ID: 10301578
2023-06-30 17:11:14 [booklist] INFO: VALID_ID: 10303633
2023-06-30 17:11:14 [booklist] INFO: VALID_ID: 10301527
2023-06-30 17:11:14 [booklist] INFO: VALID_ID: 10303668
2023-06-30 17:11:14 [booklist] INFO: VALID_ID: 10303807
2023-06-30 17:11:14 [booklist] INFO: VALID_ID: 10303809
2023-06-30 17:11:14 [booklist] INFO: VALID_ID: 11038534
2023-06-30 17:11:14 [booklist] INFO: VALID_ID: 1246377
2023-06-30 17:11:14 [booklist] INFO: VALID_ID: 1246408
2023-06-30 17:11:14 [booklist] INFO: VALID_ID: 2591841
2023-06-30 17:11:14 [booklist] INFO: VALID_ID: 10303986
2023-06-30 17:11:14 [booklist] INFO: VALID_ID: 10301445
2023-06-30 17:11:14 [booklist] INFO: VALID_ID: 10303511
2023-06-30 17:11:14 [booklist] INFO: VALID_ID: 10303557
2023-06-30 17:11:14 [booklist] INFO: VALID_ID: 10303559
2023-06-30 17:11:14 [booklist] INFO: VALID_ID: 11038539
2023-06-30 17:11:14 [booklist] INFO: VALID_ID: 1246391
2023-06-30 17:11:14 [booklist] INFO: VALID_ID: 1246426
2023-06-30 17:11:14 [booklist] INFO: VALID_ID: 1246444
2023-06-30 17:11:14 [booklist] INFO: VALID_ID: 2537675
2023-06-30 17:11:14 [booklist] INFO: VALID_ID: 10301191
2023-06-30 17:11:14 [booklist] INFO: VALID_ID: 10301414
2023-06-30 17:11:14 [booklist] INFO: VALID_ID: 10301573
2023-06-30 17:11:14 [booklist] INFO: VALID_ID: 10303658
2023-06-30 17:11:14 [booklist] INFO: VALID_ID: 10303680
2023-06-30 17:11:14 [booklist] INFO: VALID_ID: 2589753
2023-06-30 17:11:14 [booklist] INFO: VALID_ID: 2589761
2023-06-30 17:11:14 [booklist] INFO: VALID_ID: 2537348
2023-06-30 17:11:14 [booklist] INFO: VALID_ID: 2537466
2023-06-30 17:11:14 [booklist] INFO: VALID_ID: 2538484
2023-06-30 17:11:14 [booklist] INFO: VALID_ID: 10301332
2023-06-30 17:11:14 [booklist] INFO: VALID_ID: 10301340
2023-06-30 17:11:14 [booklist] INFO: VALID_ID: 10301374
2023-06-30 17:11:14 [booklist] INFO: VALID_ID: 10303845
2023-06-30 17:11:14 [booklist] INFO: VALID_ID: 2591817
2023-06-30 17:11:14 [booklist] INFO: VALID_ID: 10303550
2023-06-30 17:11:14 [booklist] INFO: VALID_ID: 1246362
2023-06-30 17:11:15 [scrapy.core.engine] DEBUG: Crawled (200) <POST https://dl.ndl.go.jp/api/item/search> (referer: https://dl.ndl.go.jp/api/item/search)
2023-06-30 17:11:15 [booklist] INFO: Fetched page 4
2023-06-30 17:11:16 [booklist] INFO: VALID_ID: 11607871
2023-06-30 17:11:16 [booklist] INFO: VALID_ID: 10303408
2023-06-30 17:11:16 [booklist] INFO: VALID_ID: 10303732
2023-06-30 17:11:16 [booklist] INFO: VALID_ID: 10303782
2023-06-30 17:11:16 [booklist] INFO: VALID_ID: 10303794
2023-06-30 17:11:16 [booklist] INFO: VALID_ID: 10303800
2023-06-30 17:11:16 [booklist] INFO: VALID_ID: 1246368
2023-06-30 17:11:16 [booklist] INFO: VALID_ID: 2583439
2023-06-30 17:11:16 [booklist] INFO: VALID_ID: 2589754
2023-06-30 17:11:16 [booklist] INFO: VALID_ID: 10303526
2023-06-30 17:11:16 [booklist] INFO: VALID_ID: 2589760
2023-06-30 17:11:16 [booklist] INFO: VALID_ID: 2537348
2023-06-30 17:11:16 [booklist] INFO: VALID_ID: 2537466
2023-06-30 17:11:16 [booklist] INFO: VALID_ID: 2538484
2023-06-30 17:11:16 [booklist] INFO: VALID_ID: 10301332
2023-06-30 17:11:16 [booklist] INFO: VALID_ID: 10301340
2023-06-30 17:11:16 [booklist] INFO: VALID_ID: 10301374
2023-06-30 17:11:16 [booklist] INFO: VALID_ID: 10303845
2023-06-30 17:11:16 [booklist] INFO: VALID_ID: 2591817
2023-06-30 17:11:16 [booklist] INFO: VALID_ID: 10303550
2023-06-30 17:11:16 [booklist] INFO: VALID_ID: 1246362
2023-06-30 17:11:16 [booklist] INFO: VALID_ID: 2583438
2023-06-30 17:11:16 [booklist] INFO: VALID_ID: 2589751
2023-06-30 17:11:16 [booklist] INFO: VALID_ID: 2589752
2023-06-30 17:11:16 [booklist] INFO: VALID_ID: 10303568
2023-06-30 17:11:16 [booklist] INFO: VALID_ID: 2591830
2023-06-30 17:11:16 [booklist] INFO: VALID_ID: 2578247
2023-06-30 17:11:16 [booklist] INFO: VALID_ID: 2558903
2023-06-30 17:11:16 [booklist] INFO: VALID_ID: 10303913
2023-06-30 17:11:16 [booklist] INFO: VALID_ID: 10303988
2023-06-30 17:11:16 [booklist] INFO: VALID_ID: 2607030
2023-06-30 17:11:16 [booklist] INFO: VALID_ID: 2533671
2023-06-30 17:11:16 [booklist] INFO: VALID_ID: 2537357
2023-06-30 17:11:16 [booklist] INFO: VALID_ID: 8929677
2023-06-30 17:11:16 [booklist] INFO: VALID_ID: 10300941
2023-06-30 17:11:16 [booklist] INFO: VALID_ID: 10301246
2023-06-30 17:11:16 [booklist] INFO: VALID_ID: 10301518
2023-06-30 17:11:16 [booklist] INFO: VALID_ID: 10301574
2023-06-30 17:11:16 [booklist] INFO: VALID_ID: 10301658
2023-06-30 17:11:16 [booklist] INFO: VALID_ID: 10301715
2023-06-30 17:11:16 [booklist] INFO: VALID_ID: 10303549
2023-06-30 17:11:16 [booklist] INFO: VALID_ID: 10303657
2023-06-30 17:11:16 [booklist] INFO: VALID_ID: 10303482
2023-06-30 17:11:16 [booklist] INFO: VALID_ID: 10303635
2023-06-30 17:11:16 [booklist] INFO: VALID_ID: 2548196
2023-06-30 17:11:16 [booklist] INFO: VALID_ID: 10303484
2023-06-30 17:11:16 [booklist] INFO: VALID_ID: 11038536
2023-06-30 17:11:16 [booklist] INFO: VALID_ID: 1246447
2023-06-30 17:11:16 [booklist] INFO: VALID_ID: 11038565
2023-06-30 17:11:16 [booklist] INFO: VALID_ID: 2588524
2023-06-30 17:11:16 [booklist] INFO: VALID_ID: 2538565
2023-06-30 17:11:16 [booklist] INFO: VALID_ID: 10303889
2023-06-30 17:11:16 [booklist] INFO: VALID_ID: 10304013
2023-06-30 17:11:16 [booklist] INFO: VALID_ID: 2608271
2023-06-30 17:11:16 [booklist] INFO: VALID_ID: 8664048
2023-06-30 17:11:16 [booklist] INFO: VALID_ID: 10301257
2023-06-30 17:11:16 [booklist] INFO: VALID_ID: 10301301
2023-06-30 17:11:16 [booklist] INFO: VALID_ID: 1286982
2023-06-30 17:11:16 [booklist] INFO: VALID_ID: 2583435
2023-06-30 17:11:16 [booklist] INFO: VALID_ID: 10303672
2023-06-30 17:11:16 [booklist] INFO: VALID_ID: 10303785
2023-06-30 17:11:16 [booklist] INFO: VALID_ID: 1246365
2023-06-30 17:11:16 [booklist] INFO: VALID_ID: 1246374
2023-06-30 17:11:16 [booklist] INFO: VALID_ID: 1246381
2023-06-30 17:11:16 [booklist] INFO: VALID_ID: 2583444
2023-06-30 17:11:16 [booklist] INFO: VALID_ID: 1246432
2023-06-30 17:11:16 [booklist] INFO: VALID_ID: 2536925
2023-06-30 17:11:16 [booklist] INFO: VALID_ID: 2558781
2023-06-30 17:11:16 [booklist] INFO: VALID_ID: 2532987
2023-06-30 17:11:16 [booklist] INFO: VALID_ID: 2583434
2023-06-30 17:11:16 [booklist] INFO: VALID_ID: 2538820
2023-06-30 17:11:16 [booklist] INFO: VALID_ID: 2539246
2023-06-30 17:11:16 [booklist] INFO: VALID_ID: 8664047
2023-06-30 17:11:16 [booklist] INFO: VALID_ID: 10300933
2023-06-30 17:11:16 [booklist] INFO: VALID_ID: 10301302
2023-06-30 17:11:16 [booklist] INFO: VALID_ID: 10301446
2023-06-30 17:11:16 [booklist] INFO: VALID_ID: 10301602
2023-06-30 17:11:16 [booklist] INFO: VALID_ID: 10301611
2023-06-30 17:11:16 [booklist] INFO: VALID_ID: 10303512
2023-06-30 17:11:16 [booklist] INFO: VALID_ID: 10303570
2023-06-30 17:11:16 [booklist] INFO: VALID_ID: 10303567
2023-06-30 17:11:16 [booklist] INFO: VALID_ID: 11038548
2023-06-30 17:11:16 [booklist] INFO: VALID_ID: 11223197
2023-06-30 17:11:16 [booklist] INFO: VALID_ID: 10303947
2023-06-30 17:11:16 [booklist] INFO: VALID_ID: 10303971
2023-06-30 17:11:16 [booklist] INFO: VALID_ID: 10304015
2023-06-30 17:11:16 [booklist] INFO: VALID_ID: 2540085
2023-06-30 17:11:16 [booklist] INFO: VALID_ID: 2532418
2023-06-30 17:11:16 [booklist] INFO: VALID_ID: 2535615
2023-06-30 17:11:16 [booklist] INFO: VALID_ID: 10301324
2023-06-30 17:11:16 [booklist] INFO: VALID_ID: 10301410
2023-06-30 17:11:16 [booklist] INFO: VALID_ID: 10301687
2023-06-30 17:11:16 [booklist] INFO: VALID_ID: 10303731
2023-06-30 17:11:16 [booklist] INFO: VALID_ID: 2548195
2023-06-30 17:11:16 [booklist] INFO: VALID_ID: 2591832
2023-06-30 17:11:16 [booklist] INFO: VALID_ID: 11038564
2023-06-30 17:11:16 [booklist] INFO: VALID_ID: 2588527
2023-06-30 17:11:16 [booklist] INFO: VALID_ID: 2539708
2023-06-30 17:11:16 [booklist] INFO: VALID_ID: 2533617
2023-06-30 17:11:16 [booklist] INFO: VALID_ID: 2538160
2023-06-30 17:11:17 [scrapy.core.engine] DEBUG: Crawled (200) <POST https://dl.ndl.go.jp/api/item/search> (referer: https://dl.ndl.go.jp/api/item/search)
2023-06-30 17:11:17 [booklist] INFO: Fetched page 5
2023-06-30 17:11:17 [booklist] INFO: VALID_ID: 10303988
2023-06-30 17:11:17 [booklist] INFO: VALID_ID: 2607030
2023-06-30 17:11:17 [booklist] INFO: VALID_ID: 8929677
2023-06-30 17:11:17 [booklist] INFO: VALID_ID: 10300941
2023-06-30 17:11:17 [booklist] INFO: VALID_ID: 10301246
2023-06-30 17:11:17 [booklist] INFO: VALID_ID: 10301518
2023-06-30 17:11:17 [booklist] INFO: VALID_ID: 10301574
2023-06-30 17:11:17 [booklist] INFO: VALID_ID: 10301658
2023-06-30 17:11:17 [booklist] INFO: VALID_ID: 10301715
2023-06-30 17:11:17 [booklist] INFO: VALID_ID: 10303549
2023-06-30 17:11:17 [booklist] INFO: VALID_ID: 10303657
2023-06-30 17:11:17 [booklist] INFO: VALID_ID: 10303482
2023-06-30 17:11:17 [booklist] INFO: VALID_ID: 10303635
2023-06-30 17:11:17 [booklist] INFO: VALID_ID: 2548196
2023-06-30 17:11:17 [booklist] INFO: VALID_ID: 10303484
2023-06-30 17:11:17 [booklist] INFO: VALID_ID: 11038536
2023-06-30 17:11:17 [booklist] INFO: VALID_ID: 1246447
2023-06-30 17:11:17 [booklist] INFO: VALID_ID: 11038565
2023-06-30 17:11:17 [booklist] INFO: VALID_ID: 2589747
2023-06-30 17:11:17 [booklist] INFO: VALID_ID: 2537395
2023-06-30 17:11:17 [booklist] INFO: VALID_ID: 10301003
2023-06-30 17:11:17 [booklist] INFO: VALID_ID: 10301136
2023-06-30 17:11:17 [booklist] INFO: VALID_ID: 10301149
2023-06-30 17:11:17 [booklist] INFO: VALID_ID: 10301218
2023-06-30 17:11:17 [booklist] INFO: VALID_ID: 10301310
2023-06-30 17:11:17 [booklist] INFO: VALID_ID: 10301648
2023-06-30 17:11:17 [booklist] INFO: VALID_ID: 10301673
2023-06-30 17:11:17 [booklist] INFO: VALID_ID: 10303517
2023-06-30 17:11:17 [booklist] INFO: VALID_ID: 10303646
2023-06-30 17:11:17 [booklist] INFO: VALID_ID: 10303667
2023-06-30 17:11:17 [booklist] INFO: VALID_ID: 10303441
2023-06-30 17:11:17 [booklist] INFO: VALID_ID: 2583442
2023-06-30 17:11:17 [booklist] INFO: VALID_ID: 1246385
2023-06-30 17:11:17 [booklist] INFO: VALID_ID: 1246421
2023-06-30 17:11:17 [booklist] INFO: VALID_ID: 2542964
2023-06-30 17:11:17 [booklist] INFO: VALID_ID: 10303891
2023-06-30 17:11:17 [booklist] INFO: VALID_ID: 10303915
2023-06-30 17:11:17 [booklist] INFO: VALID_ID: 10301238
2023-06-30 17:11:17 [booklist] INFO: VALID_ID: 10301244
2023-06-30 17:11:17 [booklist] INFO: VALID_ID: 10301295
2023-06-30 17:11:17 [booklist] INFO: VALID_ID: 10303407
2023-06-30 17:11:17 [booklist] INFO: VALID_ID: 2538159
2023-06-30 17:11:17 [booklist] INFO: VALID_ID: 2532401
2023-06-30 17:11:17 [booklist] INFO: VALID_ID: 10303403
2023-06-30 17:11:17 [booklist] INFO: VALID_ID: 10303440
2023-06-30 17:11:17 [booklist] INFO: VALID_ID: 10303681
2023-06-30 17:11:17 [booklist] INFO: VALID_ID: 10303783
2023-06-30 17:11:17 [booklist] INFO: VALID_ID: 10303795
2023-06-30 17:11:17 [booklist] INFO: VALID_ID: 11038538
2023-06-30 17:11:17 [booklist] INFO: VALID_ID: 2589759
2023-06-30 17:11:17 [booklist] INFO: VALID_ID: 1246399
2023-06-30 17:11:17 [booklist] INFO: VALID_ID: 1246414
2023-06-30 17:11:17 [booklist] INFO: VALID_ID: 1246429
2023-06-30 17:11:17 [booklist] INFO: VALID_ID: 2541999
2023-06-30 17:11:17 [booklist] INFO: VALID_ID: 2536750
2023-06-30 17:11:17 [booklist] INFO: VALID_ID: 2539362
2023-06-30 17:11:17 [booklist] INFO: VALID_ID: 2532421
2023-06-30 17:11:17 [booklist] INFO: VALID_ID: 10300963
2023-06-30 17:11:17 [booklist] INFO: VALID_ID: 10300974
2023-06-30 17:11:17 [booklist] INFO: VALID_ID: 10301215
2023-06-30 17:11:17 [booklist] INFO: VALID_ID: 10301256
2023-06-30 17:11:17 [booklist] INFO: VALID_ID: 10301270
2023-06-30 17:11:17 [booklist] INFO: VALID_ID: 10301296
2023-06-30 17:11:17 [booklist] INFO: VALID_ID: 10301383
2023-06-30 17:11:17 [booklist] INFO: VALID_ID: 10301684
2023-06-30 17:11:17 [booklist] INFO: VALID_ID: 10301694
2023-06-30 17:11:17 [booklist] INFO: VALID_ID: 10301714
2023-06-30 17:11:17 [booklist] INFO: VALID_ID: 10303647
2023-06-30 17:11:17 [booklist] INFO: VALID_ID: 11038544
2023-06-30 17:11:17 [booklist] INFO: VALID_ID: 1246410
2023-06-30 17:11:17 [booklist] INFO: VALID_ID: 2591842
2023-06-30 17:11:17 [booklist] INFO: VALID_ID: 11038562
2023-06-30 17:11:17 [booklist] INFO: VALID_ID: 2539701
2023-06-30 17:11:17 [booklist] INFO: VALID_ID: 10300912
2023-06-30 17:11:17 [booklist] INFO: VALID_ID: 10301078
2023-06-30 17:11:17 [booklist] INFO: VALID_ID: 10301350
2023-06-30 17:11:17 [booklist] INFO: VALID_ID: 10301699
2023-06-30 17:11:17 [booklist] INFO: VALID_ID: 10303437
2023-06-30 17:11:17 [booklist] INFO: VALID_ID: 10303656
2023-06-30 17:11:17 [booklist] INFO: VALID_ID: 10303816
2023-06-30 17:11:17 [booklist] INFO: VALID_ID: 2533473
2023-06-30 17:11:17 [booklist] INFO: VALID_ID: 2610943
2023-06-30 17:11:17 [booklist] INFO: VALID_ID: 10303676
2023-06-30 17:11:17 [booklist] INFO: VALID_ID: 2554151
2023-06-30 17:11:17 [booklist] INFO: VALID_ID: 11038537
2023-06-30 17:11:17 [booklist] INFO: VALID_ID: 1246437
2023-06-30 17:11:17 [booklist] INFO: VALID_ID: 2532987
2023-06-30 17:11:17 [booklist] INFO: VALID_ID: 2583434
2023-06-30 17:11:17 [booklist] INFO: VALID_ID: 2538820
2023-06-30 17:11:17 [booklist] INFO: VALID_ID: 2539246
2023-06-30 17:11:17 [booklist] INFO: VALID_ID: 10300933
2023-06-30 17:11:17 [booklist] INFO: VALID_ID: 10301302
2023-06-30 17:11:17 [booklist] INFO: VALID_ID: 10301446
2023-06-30 17:11:17 [booklist] INFO: VALID_ID: 10301602
2023-06-30 17:11:17 [booklist] INFO: VALID_ID: 10301611
2023-06-30 17:11:17 [booklist] INFO: VALID_ID: 8664047
2023-06-30 17:11:17 [booklist] INFO: VALID_ID: 10303512
2023-06-30 17:11:17 [booklist] INFO: VALID_ID: 10303570
2023-06-30 17:11:17 [booklist] INFO: VALID_ID: 10303567
2023-06-30 17:11:17 [booklist] INFO: VALID_ID: 11038548
2023-06-30 17:11:19 [scrapy.core.engine] DEBUG: Crawled (200) <POST https://dl.ndl.go.jp/api/item/search> (referer: https://dl.ndl.go.jp/api/item/search)
2023-06-30 17:11:19 [booklist] INFO: Fetched page 6
2023-06-30 17:11:19 [booklist] INFO: VALID_ID: 10303551
2023-06-30 17:11:19 [booklist] INFO: VALID_ID: 10303565
2023-06-30 17:11:19 [booklist] INFO: VALID_ID: 10303552
2023-06-30 17:11:19 [booklist] INFO: VALID_ID: 2566789
2023-06-30 17:11:19 [booklist] INFO: VALID_ID: 2591820
2023-06-30 17:11:19 [booklist] INFO: VALID_ID: 1246412
2023-06-30 17:11:19 [booklist] INFO: VALID_ID: 11038560
2023-06-30 17:11:19 [booklist] INFO: VALID_ID: 10300924
2023-06-30 17:11:19 [booklist] INFO: VALID_ID: 10301038
2023-06-30 17:11:19 [booklist] INFO: VALID_ID: 10301052
2023-06-30 17:11:19 [booklist] INFO: VALID_ID: 10301242
2023-06-30 17:11:19 [booklist] INFO: VALID_ID: 10301253
2023-06-30 17:11:19 [booklist] INFO: VALID_ID: 10301259
2023-06-30 17:11:19 [booklist] INFO: VALID_ID: 10301359
2023-06-30 17:11:19 [booklist] INFO: VALID_ID: 10301365
2023-06-30 17:11:19 [booklist] INFO: VALID_ID: 10301528
2023-06-30 17:11:19 [booklist] INFO: VALID_ID: 10303781
2023-06-30 17:11:19 [booklist] INFO: VALID_ID: 10303787
2023-06-30 17:11:19 [booklist] INFO: VALID_ID: 10303911
2023-06-30 17:11:19 [booklist] INFO: VALID_ID: 2607118
2023-06-30 17:11:19 [booklist] INFO: VALID_ID: 2538163
2023-06-30 17:11:19 [booklist] INFO: VALID_ID: 2533324
2023-06-30 17:11:19 [booklist] INFO: VALID_ID: 2536087
2023-06-30 17:11:19 [booklist] INFO: VALID_ID: 2538298
2023-06-30 17:11:19 [booklist] INFO: VALID_ID: 10303630
2023-06-30 17:11:19 [booklist] INFO: VALID_ID: 10303649
2023-06-30 17:11:19 [booklist] INFO: VALID_ID: 1246358
2023-06-30 17:11:19 [booklist] INFO: VALID_ID: 2554150
2023-06-30 17:11:19 [booklist] INFO: VALID_ID: 2589749
2023-06-30 17:11:19 [booklist] INFO: VALID_ID: 2548194
2023-06-30 17:11:19 [booklist] INFO: VALID_ID: 10303485
2023-06-30 17:11:19 [booklist] INFO: VALID_ID: 10303811
2023-06-30 17:11:19 [booklist] INFO: VALID_ID: 10303523
2023-06-30 17:11:19 [booklist] INFO: VALID_ID: 11038555
2023-06-30 17:11:19 [booklist] INFO: VALID_ID: 10301324
2023-06-30 17:11:19 [booklist] INFO: VALID_ID: 10303947
2023-06-30 17:11:19 [booklist] INFO: VALID_ID: 10303971
2023-06-30 17:11:19 [booklist] INFO: VALID_ID: 10304015
2023-06-30 17:11:19 [booklist] INFO: VALID_ID: 10301410
2023-06-30 17:11:19 [booklist] INFO: VALID_ID: 10301687
2023-06-30 17:11:19 [booklist] INFO: VALID_ID: 10303731
2023-06-30 17:11:19 [booklist] INFO: VALID_ID: 2540085
2023-06-30 17:11:19 [booklist] INFO: VALID_ID: 2532418
2023-06-30 17:11:19 [booklist] INFO: VALID_ID: 2535615
2023-06-30 17:11:19 [booklist] INFO: VALID_ID: 2548195
2023-06-30 17:11:19 [booklist] INFO: VALID_ID: 2591832
2023-06-30 17:11:19 [booklist] INFO: VALID_ID: 11038564
2023-06-30 17:11:19 [booklist] INFO: VALID_ID: 10303969
2023-06-30 17:11:19 [booklist] INFO: VALID_ID: 2538341
2023-06-30 17:11:19 [booklist] INFO: VALID_ID: 10301144
2023-06-30 17:11:19 [booklist] INFO: VALID_ID: 10301237
2023-06-30 17:11:19 [booklist] INFO: VALID_ID: 10301388
2023-06-30 17:11:19 [booklist] INFO: VALID_ID: 10301557
2023-06-30 17:11:19 [booklist] INFO: VALID_ID: 10301562
2023-06-30 17:11:19 [booklist] INFO: VALID_ID: 10301657
2023-06-30 17:11:19 [booklist] INFO: VALID_ID: 10301697
2023-06-30 17:11:19 [booklist] INFO: VALID_ID: 10303518
2023-06-30 17:11:19 [booklist] INFO: VALID_ID: 10303817
2023-06-30 17:11:19 [booklist] INFO: VALID_ID: 2552276
2023-06-30 17:11:19 [booklist] INFO: VALID_ID: 10303674
2023-06-30 17:11:19 [booklist] INFO: VALID_ID: 10303796
2023-06-30 17:11:19 [booklist] INFO: VALID_ID: 10303486
2023-06-30 17:11:19 [booklist] INFO: VALID_ID: 1246413
2023-06-30 17:11:19 [booklist] INFO: VALID_ID: 1246428
2023-06-30 17:11:19 [booklist] INFO: VALID_ID: 11607870
2023-06-30 17:11:19 [booklist] INFO: VALID_ID: 11607973
2023-06-30 17:11:19 [booklist] INFO: VALID_ID: 10301167
2023-06-30 17:11:19 [booklist] INFO: VALID_ID: 10301251
2023-06-30 17:11:19 [booklist] INFO: VALID_ID: 10301288
2023-06-30 17:11:19 [booklist] INFO: VALID_ID: 10301313
2023-06-30 17:11:19 [booklist] INFO: VALID_ID: 10301411
2023-06-30 17:11:19 [booklist] INFO: VALID_ID: 2566786
2023-06-30 17:11:19 [booklist] INFO: VALID_ID: 2552275
2023-06-30 17:11:19 [booklist] INFO: VALID_ID: 11038532
2023-06-30 17:11:19 [booklist] INFO: VALID_ID: 2591819
2023-06-30 17:11:19 [booklist] INFO: VALID_ID: 11038535
2023-06-30 17:11:19 [booklist] INFO: VALID_ID: 2583440
2023-06-30 17:11:19 [booklist] INFO: VALID_ID: 2589758
2023-06-30 17:11:19 [booklist] INFO: VALID_ID: 1246392
2023-06-30 17:11:19 [booklist] INFO: VALID_ID: 2591831
2023-06-30 17:11:19 [booklist] INFO: VALID_ID: 11038552
2023-06-30 17:11:19 [booklist] INFO: VALID_ID: 3508484
2023-06-30 17:11:19 [booklist] INFO: VALID_ID: 10300921
2023-06-30 17:11:19 [booklist] INFO: VALID_ID: 10301001
2023-06-30 17:11:19 [booklist] INFO: VALID_ID: 10301140
2023-06-30 17:11:19 [booklist] INFO: VALID_ID: 10303402
2023-06-30 17:11:19 [booklist] INFO: VALID_ID: 10303793
2023-06-30 17:11:19 [booklist] INFO: VALID_ID: 10303806
2023-06-30 17:11:19 [booklist] INFO: VALID_ID: 2532993
2023-06-30 17:11:19 [booklist] INFO: VALID_ID: 2532400
2023-06-30 17:11:19 [booklist] INFO: VALID_ID: 10303893
2023-06-30 17:11:19 [booklist] INFO: VALID_ID: 10303901
2023-06-30 17:11:19 [booklist] INFO: VALID_ID: 2548193
2023-06-30 17:11:19 [booklist] INFO: VALID_ID: 10303673
2023-06-30 17:11:19 [booklist] INFO: VALID_ID: 10303808
2023-06-30 17:11:19 [booklist] INFO: VALID_ID: 2591818
2023-06-30 17:11:19 [booklist] INFO: VALID_ID: 2589755
2023-06-30 17:11:19 [booklist] INFO: VALID_ID: 10303525
2023-06-30 17:11:19 [booklist] INFO: VALID_ID: 2609840
2023-06-30 17:11:19 [booklist] INFO: VALID_ID: 1246435
2023-06-30 17:11:20 [scrapy.core.engine] DEBUG: Crawled (200) <POST https://dl.ndl.go.jp/api/item/search> (referer: https://dl.ndl.go.jp/api/item/search)
2023-06-30 17:11:21 [booklist] INFO: Fetched page 7
2023-06-30 17:11:21 [booklist] INFO: VALID_ID: 10303402
2023-06-30 17:11:21 [booklist] INFO: VALID_ID: 10303793
2023-06-30 17:11:21 [booklist] INFO: VALID_ID: 10303806
2023-06-30 17:11:21 [booklist] INFO: VALID_ID: 2532993
2023-06-30 17:11:21 [booklist] INFO: VALID_ID: 2532400
2023-06-30 17:11:21 [booklist] INFO: VALID_ID: 10303893
2023-06-30 17:11:21 [booklist] INFO: VALID_ID: 10303901
2023-06-30 17:11:21 [booklist] INFO: VALID_ID: 2548193
2023-06-30 17:11:21 [booklist] INFO: VALID_ID: 10303673
2023-06-30 17:11:21 [booklist] INFO: VALID_ID: 10303808
2023-06-30 17:11:21 [booklist] INFO: VALID_ID: 2591818
2023-06-30 17:11:21 [booklist] INFO: VALID_ID: 2589755
2023-06-30 17:11:21 [booklist] INFO: VALID_ID: 10303525
2023-06-30 17:11:21 [booklist] INFO: VALID_ID: 2609840
2023-06-30 17:11:21 [booklist] INFO: VALID_ID: 1246435
2023-06-30 17:11:21 [booklist] INFO: VALID_ID: 2610250
2023-06-30 17:11:21 [booklist] INFO: VALID_ID: 2588526
2023-06-30 17:11:21 [booklist] INFO: VALID_ID: 10301238
2023-06-30 17:11:21 [booklist] INFO: VALID_ID: 10301244
2023-06-30 17:11:21 [booklist] INFO: VALID_ID: 10301295
2023-06-30 17:11:21 [booklist] INFO: VALID_ID: 10303407
2023-06-30 17:11:21 [booklist] INFO: VALID_ID: 10303891
2023-06-30 17:11:21 [booklist] INFO: VALID_ID: 10303915
2023-06-30 17:11:21 [booklist] INFO: VALID_ID: 2538159
2023-06-30 17:11:21 [booklist] INFO: VALID_ID: 2532401
2023-06-30 17:11:21 [booklist] INFO: VALID_ID: 2542964
2023-06-30 17:11:21 [booklist] INFO: VALID_ID: 10303403
2023-06-30 17:11:21 [booklist] INFO: VALID_ID: 10303440
2023-06-30 17:11:21 [booklist] INFO: VALID_ID: 10303681
2023-06-30 17:11:21 [booklist] INFO: VALID_ID: 10303783
2023-06-30 17:11:21 [booklist] INFO: VALID_ID: 10303795
2023-06-30 17:11:21 [booklist] INFO: VALID_ID: 11038538
2023-06-30 17:11:21 [booklist] INFO: VALID_ID: 2589759
2023-06-30 17:11:21 [booklist] INFO: VALID_ID: 1246399
2023-06-30 17:11:21 [booklist] INFO: VALID_ID: 1246414
2023-06-30 17:11:21 [booklist] INFO: VALID_ID: 1246429
2023-06-30 17:11:21 [booklist] INFO: VALID_ID: 11223476
2023-06-30 17:11:21 [booklist] INFO: VALID_ID: 2577155
2023-06-30 17:11:21 [booklist] INFO: VALID_ID: 2547672
2023-06-30 17:11:21 [booklist] INFO: VALID_ID: 2533752
2023-06-30 17:11:21 [booklist] INFO: VALID_ID: 2540894
2023-06-30 17:11:21 [booklist] INFO: VALID_ID: 2541874
2023-06-30 17:11:21 [booklist] INFO: VALID_ID: 2533679
2023-06-30 17:11:21 [booklist] INFO: VALID_ID: 10301293
2023-06-30 17:11:21 [booklist] INFO: VALID_ID: 10301389
2023-06-30 17:11:21 [booklist] INFO: VALID_ID: 10301429
2023-06-30 17:11:21 [booklist] INFO: VALID_ID: 10303671
2023-06-30 17:11:21 [booklist] INFO: VALID_ID: 10303887
2023-06-30 17:11:21 [booklist] INFO: VALID_ID: 2606244
2023-06-30 17:11:21 [booklist] INFO: VALID_ID: 2589748
2023-06-30 17:11:21 [booklist] INFO: VALID_ID: 10303626
2023-06-30 17:11:21 [booklist] INFO: VALID_ID: 10303634
2023-06-30 17:11:21 [booklist] INFO: VALID_ID: 2583441
2023-06-30 17:11:21 [booklist] INFO: VALID_ID: 2591828
2023-06-30 17:11:21 [booklist] INFO: VALID_ID: 10301236
2023-06-30 17:11:21 [booklist] INFO: VALID_ID: 10301407
2023-06-30 17:11:21 [booklist] INFO: VALID_ID: 2541326
2023-06-30 17:11:21 [booklist] INFO: VALID_ID: 10303488
2023-06-30 17:11:21 [booklist] INFO: VALID_ID: 10303560
2023-06-30 17:11:21 [booklist] INFO: VALID_ID: 2591822
2023-06-30 17:11:21 [booklist] INFO: VALID_ID: 10303524
2023-06-30 17:11:21 [booklist] INFO: VALID_ID: 2589756
2023-06-30 17:11:21 [booklist] INFO: VALID_ID: 2541351
2023-06-30 17:11:21 [booklist] INFO: VALID_ID: 2578155
2023-06-30 17:11:21 [booklist] INFO: VALID_ID: 2577154
2023-06-30 17:11:21 [booklist] INFO: VALID_ID: 2559205
2023-06-30 17:11:21 [booklist] INFO: VALID_ID: 10303892
2023-06-30 17:11:21 [booklist] INFO: VALID_ID: 10304019
2023-06-30 17:11:21 [booklist] INFO: VALID_ID: 10304022
2023-06-30 17:11:21 [booklist] INFO: VALID_ID: 10301113
2023-06-30 17:11:21 [booklist] INFO: VALID_ID: 10301235
2023-06-30 17:11:21 [booklist] INFO: VALID_ID: 10301280
2023-06-30 17:11:21 [booklist] INFO: VALID_ID: 10301300
2023-06-30 17:11:21 [booklist] INFO: VALID_ID: 10301372
2023-06-30 17:11:21 [booklist] INFO: VALID_ID: 10301587
2023-06-30 17:11:21 [booklist] INFO: VALID_ID: 10301625
2023-06-30 17:11:21 [booklist] INFO: VALID_ID: 10303442
2023-06-30 17:11:21 [booklist] INFO: VALID_ID: 2552274
2023-06-30 17:11:21 [booklist] INFO: VALID_ID: 2548192
2023-06-30 17:11:21 [booklist] INFO: VALID_ID: 2541997
2023-06-30 17:11:21 [booklist] INFO: VALID_ID: 10303558
2023-06-30 17:11:21 [booklist] INFO: VALID_ID: 2583436
2023-06-30 17:11:21 [booklist] INFO: VALID_ID: 10303520
2023-06-30 17:11:21 [booklist] INFO: VALID_ID: 2583445
2023-06-30 17:11:21 [booklist] INFO: VALID_ID: 2558084
2023-06-30 17:11:21 [booklist] INFO: VALID_ID: 11038561
2023-06-30 17:11:21 [booklist] INFO: VALID_ID: 11223477
2023-06-30 17:11:21 [booklist] INFO: VALID_ID: 11891773
2023-06-30 17:11:21 [booklist] INFO: VALID_ID: 2578153
2023-06-30 17:11:21 [booklist] INFO: VALID_ID: 2541418
2023-06-30 17:11:21 [booklist] INFO: VALID_ID: 2541214
2023-06-30 17:11:21 [booklist] INFO: VALID_ID: 2554288
2023-06-30 17:11:21 [booklist] INFO: VALID_ID: 2578158
2023-06-30 17:11:21 [booklist] INFO: VALID_ID: 11891733
2023-06-30 17:11:21 [booklist] INFO: VALID_ID: 2554287
2023-06-30 17:11:21 [booklist] INFO: VALID_ID: 11223475
2023-06-30 17:11:21 [booklist] INFO: VALID_ID: 2578157
2023-06-30 17:11:21 [booklist] INFO: VALID_ID: 2540597
2023-06-30 17:11:21 [booklist] INFO: VALID_ID: 2592418
2023-06-30 17:11:21 [booklist] INFO: VALID_ID: 2539476
2023-06-30 17:11:22 [scrapy.core.engine] DEBUG: Crawled (200) <POST https://dl.ndl.go.jp/api/item/search> (referer: https://dl.ndl.go.jp/api/item/search)
2023-06-30 17:11:22 [booklist] INFO: Fetched page 8
2023-06-30 17:11:23 [booklist] INFO: VALID_ID: 11223550
2023-06-30 17:11:23 [booklist] INFO: VALID_ID: 2577157
2023-06-30 17:11:23 [booklist] INFO: VALID_ID: 2577180
2023-06-30 17:11:23 [booklist] INFO: VALID_ID: 2583529
2023-06-30 17:11:23 [booklist] INFO: VALID_ID: 2538255
2023-06-30 17:11:23 [booklist] INFO: VALID_ID: 2577156
2023-06-30 17:11:23 [booklist] INFO: VALID_ID: 2539358
2023-06-30 17:11:23 [booklist] INFO: VALID_ID: 2536120
2023-06-30 17:11:23 [booklist] INFO: VALID_ID: 2583527
2023-06-30 17:11:23 [booklist] INFO: VALID_ID: 2536794
2023-06-30 17:11:23 [booklist] INFO: VALID_ID: 2537238
2023-06-30 17:11:23 [booklist] INFO: VALID_ID: 2540597
2023-06-30 17:11:23 [booklist] INFO: VALID_ID: 2592418
2023-06-30 17:11:23 [booklist] INFO: VALID_ID: 2554287
2023-06-30 17:11:23 [booklist] INFO: VALID_ID: 11223475
2023-06-30 17:11:23 [booklist] INFO: VALID_ID: 2578157
2023-06-30 17:11:23 [booklist] INFO: VALID_ID: 2593555
2023-06-30 17:11:23 [booklist] INFO: VALID_ID: 11445842
2023-06-30 17:11:23 [booklist] INFO: VALID_ID: 2577153
2023-06-30 17:11:23 [booklist] INFO: VALID_ID: 2610989
2023-06-30 17:11:23 [booklist] INFO: VALID_ID: 2578152
2023-06-30 17:11:23 [booklist] INFO: VALID_ID: 2578156
2023-06-30 17:11:23 [booklist] INFO: VALID_ID: 11223478
2023-06-30 17:11:23 [booklist] INFO: VALID_ID: 2610380
2023-06-30 17:11:23 [booklist] INFO: VALID_ID: 2538299
2023-06-30 17:11:23 [booklist] INFO: VALID_ID: 2605520
2023-06-30 17:11:23 [booklist] INFO: VALID_ID: 2577187
2023-06-30 17:11:23 [booklist] INFO: VALID_ID: 2608186
2023-06-30 17:11:23 [booklist] INFO: VALID_ID: 2583526
2023-06-30 17:11:23 [booklist] INFO: VALID_ID: 11891702
2023-06-30 17:11:23 [booklist] INFO: VALID_ID: 2605196
2023-06-30 17:11:23 [booklist] INFO: VALID_ID: 2592696
2023-06-30 17:11:23 [booklist] INFO: VALID_ID: 2545984
2023-06-30 17:11:23 [booklist] INFO: VALID_ID: 2577186
2023-06-30 17:11:23 [booklist] INFO: VALID_ID: 2610250
2023-06-30 17:11:23 [booklist] INFO: VALID_ID: 2608204
2023-06-30 17:11:23 [booklist] INFO: VALID_ID: 2610191
2023-06-30 17:11:23 [booklist] INFO: VALID_ID: 2610310
2023-06-30 17:11:23 [booklist] INFO: VALID_ID: 2611068
2023-06-30 17:11:23 [booklist] INFO: VALID_ID: 2537519
2023-06-30 17:11:23 [booklist] INFO: VALID_ID: 2562497
2023-06-30 17:11:23 [booklist] INFO: VALID_ID: 2560061
2023-06-30 17:11:23 [booklist] INFO: VALID_ID: 2571006
2023-06-30 17:11:23 [booklist] INFO: VALID_ID: 2571167
2023-06-30 17:11:23 [booklist] INFO: VALID_ID: 2538212
2023-06-30 17:11:23 [booklist] INFO: VALID_ID: 2611108
2023-06-30 17:11:23 [booklist] INFO: VALID_ID: 11445819
2023-06-30 17:11:23 [booklist] INFO: VALID_ID: 2536541
2023-06-30 17:11:23 [booklist] INFO: VALID_ID: 10303670
2023-06-30 17:11:23 [booklist] INFO: VALID_ID: 2592369
2023-06-30 17:11:23 [booklist] INFO: VALID_ID: 2571079
2023-06-30 17:11:23 [booklist] INFO: VALID_ID: 2571094
2023-06-30 17:11:23 [booklist] INFO: VALID_ID: 2571142
2023-06-30 17:11:23 [booklist] INFO: VALID_ID: 2571175
2023-06-30 17:11:23 [booklist] INFO: VALID_ID: 2571187
2023-06-30 17:11:23 [booklist] INFO: VALID_ID: 2583525
2023-06-30 17:11:23 [booklist] INFO: VALID_ID: 2592691
2023-06-30 17:11:23 [booklist] INFO: VALID_ID: 2577183
2023-06-30 17:11:23 [booklist] INFO: VALID_ID: 2538816
2023-06-30 17:11:23 [booklist] INFO: VALID_ID: 2544404
2023-06-30 17:11:23 [booklist] INFO: VALID_ID: 2537669
2023-06-30 17:11:23 [booklist] INFO: VALID_ID: 2538783
2023-06-30 17:11:23 [booklist] INFO: VALID_ID: 2536735
2023-06-30 17:11:23 [booklist] INFO: VALID_ID: 2565152
2023-06-30 17:11:23 [booklist] INFO: VALID_ID: 2580828
2023-06-30 17:11:23 [booklist] INFO: VALID_ID: 2560062
2023-06-30 17:11:23 [booklist] INFO: VALID_ID: 2592370
2023-06-30 17:11:23 [booklist] INFO: VALID_ID: 2571088
2023-06-30 17:11:23 [booklist] INFO: VALID_ID: 2547672
2023-06-30 17:11:23 [booklist] INFO: VALID_ID: 10303941
2023-06-30 17:11:23 [booklist] INFO: VALID_ID: 2607382
2023-06-30 17:11:23 [booklist] INFO: VALID_ID: 2592361
2023-06-30 17:11:23 [booklist] INFO: VALID_ID: 2592372
2023-06-30 17:11:23 [booklist] INFO: VALID_ID: 2571075
2023-06-30 17:11:23 [booklist] INFO: VALID_ID: 2571109
2023-06-30 17:11:23 [booklist] INFO: VALID_ID: 2560613
2023-06-30 17:11:23 [booklist] INFO: VALID_ID: 2593473
2023-06-30 17:11:23 [booklist] INFO: VALID_ID: 2610659
2023-06-30 17:11:23 [booklist] INFO: VALID_ID: 2556168
2023-06-30 17:11:23 [booklist] INFO: VALID_ID: 2566765
2023-06-30 17:11:23 [booklist] INFO: VALID_ID: 2560675
2023-06-30 17:11:23 [booklist] INFO: VALID_ID: 2562495
2023-06-30 17:11:23 [booklist] INFO: VALID_ID: 2592359
2023-06-30 17:11:23 [booklist] INFO: VALID_ID: 2571040
2023-06-30 17:11:23 [booklist] INFO: VALID_ID: 2571070
2023-06-30 17:11:23 [booklist] INFO: VALID_ID: 2571084
2023-06-30 17:11:23 [booklist] INFO: VALID_ID: 2592523
2023-06-30 17:11:23 [booklist] INFO: VALID_ID: 2560049
2023-06-30 17:11:23 [booklist] INFO: VALID_ID: 2568107
2023-06-30 17:11:23 [booklist] INFO: VALID_ID: 2565151
2023-06-30 17:11:23 [booklist] INFO: VALID_ID: 2592141
2023-06-30 17:11:23 [booklist] INFO: VALID_ID: 2560050
2023-06-30 17:11:23 [booklist] INFO: VALID_ID: 2580835
2023-06-30 17:11:23 [booklist] INFO: VALID_ID: 2592360
2023-06-30 17:11:23 [booklist] INFO: VALID_ID: 2592366
2023-06-30 17:11:23 [booklist] INFO: VALID_ID: 2571085
2023-06-30 17:11:23 [booklist] INFO: VALID_ID: 2571104
2023-06-30 17:11:23 [booklist] INFO: VALID_ID: 2583528
2023-06-30 17:11:23 [booklist] INFO: VALID_ID: 2536155
2023-06-30 17:11:23 [booklist] INFO: VALID_ID: 2579220
2023-06-30 17:11:24 [scrapy.core.engine] DEBUG: Crawled (200) <POST https://dl.ndl.go.jp/api/item/search> (referer: https://dl.ndl.go.jp/api/item/search)
2023-06-30 17:11:24 [booklist] INFO: Fetched page 9
2023-06-30 17:11:25 [booklist] INFO: VALID_ID: 2536155
2023-06-30 17:11:25 [booklist] INFO: VALID_ID: 2608999
2023-06-30 17:11:25 [booklist] INFO: VALID_ID: 2580838
2023-06-30 17:11:25 [booklist] INFO: VALID_ID: 2571036
2023-06-30 17:11:25 [booklist] INFO: VALID_ID: 2571193
2023-06-30 17:11:25 [booklist] INFO: VALID_ID: 2608083
2023-06-30 17:11:25 [booklist] INFO: VALID_ID: 2577851
2023-06-30 17:11:25 [booklist] INFO: VALID_ID: 2565153
2023-06-30 17:11:25 [booklist] INFO: VALID_ID: 2571173
2023-06-30 17:11:25 [booklist] INFO: VALID_ID: 2607384
2023-06-30 17:11:25 [booklist] INFO: VALID_ID: 11606614
2023-06-30 17:11:25 [booklist] INFO: VALID_ID: 2609113
2023-06-30 17:11:25 [booklist] INFO: VALID_ID: 2583524
2023-06-30 17:11:25 [booklist] INFO: VALID_ID: 2582743
2023-06-30 17:11:25 [booklist] INFO: VALID_ID: 2580830
2023-06-30 17:11:25 [booklist] INFO: VALID_ID: 2580831
2023-06-30 17:11:25 [booklist] INFO: VALID_ID: 2592367
2023-06-30 17:11:25 [booklist] INFO: VALID_ID: 2571007
2023-06-30 17:11:25 [booklist] INFO: VALID_ID: 2571141
2023-06-30 17:11:25 [booklist] INFO: VALID_ID: 2571178
2023-06-30 17:11:25 [booklist] INFO: VALID_ID: 2571184
2023-06-30 17:11:25 [booklist] INFO: VALID_ID: 2571188
2023-06-30 17:11:25 [booklist] INFO: VALID_ID: 2533535
2023-06-30 17:11:25 [booklist] INFO: VALID_ID: 2537564
2023-06-30 17:11:25 [booklist] INFO: VALID_ID: 2533739
2023-06-30 17:11:25 [booklist] INFO: VALID_ID: 2605338
2023-06-30 17:11:25 [booklist] INFO: VALID_ID: 2608782
2023-06-30 17:11:25 [booklist] INFO: VALID_ID: 2609263
2023-06-30 17:11:25 [booklist] INFO: VALID_ID: 2610333
2023-06-30 17:11:25 [booklist] INFO: VALID_ID: 2560054
2023-06-30 17:11:25 [booklist] INFO: VALID_ID: 2571111
2023-06-30 17:11:25 [booklist] INFO: VALID_ID: 2571185
2023-06-30 17:11:25 [booklist] INFO: VALID_ID: 2577184
2023-06-30 17:11:25 [booklist] INFO: VALID_ID: 2608096
2023-06-30 17:11:25 [booklist] INFO: VALID_ID: 2580833
2023-06-30 17:11:25 [booklist] INFO: VALID_ID: 2580824
2023-06-30 17:11:25 [booklist] INFO: VALID_ID: 2571127
2023-06-30 17:11:25 [booklist] INFO: VALID_ID: 2540060
2023-06-30 17:11:25 [booklist] INFO: VALID_ID: 2537304
2023-06-30 17:11:25 [booklist] INFO: VALID_ID: 1304843
2023-06-30 17:11:25 [booklist] INFO: VALID_ID: 2556169
2023-06-30 17:11:25 [booklist] INFO: VALID_ID: 2592363
2023-06-30 17:11:25 [booklist] INFO: VALID_ID: 2580829
2023-06-30 17:11:25 [booklist] INFO: VALID_ID: 2580839
2023-06-30 17:11:25 [booklist] INFO: VALID_ID: 2592365
2023-06-30 17:11:25 [booklist] INFO: VALID_ID: 2571086
2023-06-30 17:11:25 [booklist] INFO: VALID_ID: 2571087
2023-06-30 17:11:25 [booklist] INFO: VALID_ID: 2571158
2023-06-30 17:11:25 [booklist] INFO: VALID_ID: 2565790
2023-06-30 17:11:25 [booklist] INFO: VALID_ID: 2566790
2023-06-30 17:11:25 [booklist] INFO: VALID_ID: 2553375
2023-06-30 17:11:25 [booklist] INFO: VALID_ID: 2592524
2023-06-30 17:11:25 [booklist] INFO: VALID_ID: 2571099
2023-06-30 17:11:25 [booklist] INFO: VALID_ID: 2571133
2023-06-30 17:11:25 [booklist] INFO: VALID_ID: 2571183
2023-06-30 17:11:25 [booklist] INFO: VALID_ID: 2607798
2023-06-30 17:11:25 [booklist] INFO: VALID_ID: 2610166
2023-06-30 17:11:25 [booklist] INFO: VALID_ID: 2610232
2023-06-30 17:11:25 [booklist] INFO: VALID_ID: 2568108
2023-06-30 17:11:25 [booklist] INFO: VALID_ID: 2579222
2023-06-30 17:11:25 [booklist] INFO: VALID_ID: 2560052
2023-06-30 17:11:25 [booklist] INFO: VALID_ID: 2577855
2023-06-30 17:11:25 [booklist] INFO: VALID_ID: 2570963
2023-06-30 17:11:25 [booklist] INFO: VALID_ID: 2570984
2023-06-30 17:11:25 [booklist] INFO: VALID_ID: 2571001
2023-06-30 17:11:25 [booklist] INFO: VALID_ID: 2571107
2023-06-30 17:11:25 [booklist] INFO: VALID_ID: 2571124
2023-06-30 17:11:25 [booklist] INFO: VALID_ID: 11606627
2023-06-30 17:11:25 [booklist] INFO: VALID_ID: 2560051
2023-06-30 17:11:25 [booklist] INFO: VALID_ID: 2570954
2023-06-30 17:11:25 [booklist] INFO: VALID_ID: 2570983
2023-06-30 17:11:25 [booklist] INFO: VALID_ID: 2571009
2023-06-30 17:11:25 [booklist] INFO: VALID_ID: 2571097
2023-06-30 17:11:25 [booklist] INFO: VALID_ID: 2571110
2023-06-30 17:11:25 [booklist] INFO: VALID_ID: 2571123
2023-06-30 17:11:25 [booklist] INFO: VALID_ID: 2571134
2023-06-30 17:11:25 [booklist] INFO: VALID_ID: 2571148
2023-06-30 17:11:25 [booklist] INFO: VALID_ID: 2571159
2023-06-30 17:11:25 [booklist] INFO: VALID_ID: 2571166
2023-06-30 17:11:25 [booklist] INFO: VALID_ID: 2571182
2023-06-30 17:11:25 [booklist] INFO: VALID_ID: 2582742
2023-06-30 17:11:25 [booklist] INFO: VALID_ID: 2570994
2023-06-30 17:11:25 [booklist] INFO: VALID_ID: 2571000
2023-06-30 17:11:25 [booklist] INFO: VALID_ID: 2571080
2023-06-30 17:11:25 [booklist] INFO: VALID_ID: 2571154
2023-06-30 17:11:25 [booklist] INFO: VALID_ID: 10303669
2023-06-30 17:11:25 [booklist] INFO: VALID_ID: 2560674
2023-06-30 17:11:25 [booklist] INFO: VALID_ID: 2566764
2023-06-30 17:11:25 [booklist] INFO: VALID_ID: 2589418
2023-06-30 17:11:25 [booklist] INFO: VALID_ID: 2592358
2023-06-30 17:11:25 [booklist] INFO: VALID_ID: 2560063
2023-06-30 17:11:25 [booklist] INFO: VALID_ID: 2571022
2023-06-30 17:11:25 [booklist] INFO: VALID_ID: 2571118
2023-06-30 17:11:25 [booklist] INFO: VALID_ID: 2583525
2023-06-30 17:11:25 [booklist] INFO: VALID_ID: 2592405
2023-06-30 17:11:25 [booklist] INFO: VALID_ID: 2592357
2023-06-30 17:11:25 [booklist] INFO: VALID_ID: 2560053
2023-06-30 17:11:25 [booklist] INFO: VALID_ID: 2560064
2023-06-30 17:11:25 [booklist] INFO: VALID_ID: 2571014
2023-06-30 17:11:25 [booklist] INFO: VALID_ID: 12865552
2023-06-30 17:11:26 [scrapy.core.engine] DEBUG: Crawled (200) <POST https://dl.ndl.go.jp/api/item/search> (referer: https://dl.ndl.go.jp/api/item/search)
2023-06-30 17:11:26 [booklist] INFO: Fetched page 10
2023-06-30 17:11:26 [booklist] INFO: VALID_ID: 2577854
2023-06-30 17:11:26 [booklist] INFO: VALID_ID: 2577856
2023-06-30 17:11:26 [booklist] INFO: VALID_ID: 2592368
2023-06-30 17:11:26 [booklist] INFO: VALID_ID: 2571059
2023-06-30 17:11:26 [booklist] INFO: VALID_ID: 2571136
2023-06-30 17:11:26 [booklist] INFO: VALID_ID: 2571137
2023-06-30 17:11:26 [booklist] INFO: VALID_ID: 2577185
2023-06-30 17:11:26 [booklist] INFO: VALID_ID: 2577184
2023-06-30 17:11:26 [booklist] INFO: VALID_ID: 2593472
2023-06-30 17:11:26 [booklist] INFO: VALID_ID: 2607418
2023-06-30 17:11:26 [booklist] INFO: VALID_ID: 2562493
2023-06-30 17:11:26 [booklist] INFO: VALID_ID: 2577850
2023-06-30 17:11:26 [booklist] INFO: VALID_ID: 2553376
2023-06-30 17:11:26 [booklist] INFO: VALID_ID: 2580823
2023-06-30 17:11:26 [booklist] INFO: VALID_ID: 2571200
2023-06-30 17:11:26 [booklist] INFO: VALID_ID: 2571201
2023-06-30 17:11:26 [booklist] INFO: VALID_ID: 2547673
2023-06-30 17:11:26 [booklist] INFO: VALID_ID: 2554904
2023-06-30 17:11:26 [booklist] INFO: VALID_ID: 2581416
2023-06-30 17:11:26 [booklist] INFO: VALID_ID: 2565150
2023-06-30 17:11:26 [booklist] INFO: VALID_ID: 2582636
2023-06-30 17:11:26 [booklist] INFO: VALID_ID: 2579221
2023-06-30 17:11:26 [booklist] INFO: VALID_ID: 2580837
2023-06-30 17:11:26 [booklist] INFO: VALID_ID: 2560059
2023-06-30 17:11:26 [booklist] INFO: VALID_ID: 2571023
2023-06-30 17:11:26 [booklist] INFO: VALID_ID: 2571106
2023-06-30 17:11:26 [booklist] INFO: VALID_ID: 2571172
2023-06-30 17:11:26 [booklist] INFO: VALID_ID: 2608096
2023-06-30 17:11:26 [booklist] INFO: VALID_ID: 2580833
2023-06-30 17:11:26 [booklist] INFO: VALID_ID: 2580824
2023-06-30 17:11:26 [booklist] INFO: VALID_ID: 2571127
2023-06-30 17:11:26 [booklist] INFO: VALID_ID: 1304843
2023-06-30 17:11:26 [booklist] INFO: VALID_ID: 2540060
2023-06-30 17:11:26 [booklist] INFO: VALID_ID: 2537304
2023-06-30 17:11:26 [booklist] INFO: VALID_ID: 2556169
2023-06-30 17:11:26 [booklist] INFO: VALID_ID: 2592363
2023-06-30 17:11:26 [booklist] INFO: VALID_ID: 2580829
2023-06-30 17:11:26 [booklist] INFO: VALID_ID: 2580839
2023-06-30 17:11:26 [booklist] INFO: VALID_ID: 2592365
2023-06-30 17:11:26 [booklist] INFO: VALID_ID: 2571086
2023-06-30 17:11:26 [booklist] INFO: VALID_ID: 2571087
2023-06-30 17:11:26 [booklist] INFO: VALID_ID: 2571158
2023-06-30 17:11:26 [booklist] INFO: VALID_ID: 2609396
2023-06-30 17:11:26 [booklist] INFO: VALID_ID: 2566263
2023-06-30 17:11:26 [booklist] INFO: VALID_ID: 2592525
2023-06-30 17:11:26 [booklist] INFO: VALID_ID: 2580825
2023-06-30 17:11:26 [booklist] INFO: VALID_ID: 2570958
2023-06-30 17:11:26 [booklist] INFO: VALID_ID: 2571025
2023-06-30 17:11:26 [booklist] INFO: VALID_ID: 12865381
2023-06-30 17:11:26 [booklist] INFO: VALID_ID: 2582742
2023-06-30 17:11:26 [booklist] INFO: VALID_ID: 2570994
2023-06-30 17:11:26 [booklist] INFO: VALID_ID: 2571000
2023-06-30 17:11:26 [booklist] INFO: VALID_ID: 2571080
2023-06-30 17:11:26 [booklist] INFO: VALID_ID: 2571154
2023-06-30 17:11:26 [booklist] INFO: VALID_ID: 2605269
2023-06-30 17:11:26 [booklist] INFO: VALID_ID: 2580822
2023-06-30 17:11:26 [booklist] INFO: VALID_ID: 2583523
2023-06-30 17:11:26 [booklist] INFO: VALID_ID: 2577852
2023-06-30 17:11:26 [booklist] INFO: VALID_ID: 2582751
2023-06-30 17:11:26 [booklist] INFO: VALID_ID: 2592362
2023-06-30 17:11:26 [booklist] INFO: VALID_ID: 2560055
2023-06-30 17:11:26 [booklist] INFO: VALID_ID: 2571062
2023-06-30 17:11:26 [booklist] INFO: VALID_ID: 2571100
2023-06-30 17:11:26 [booklist] INFO: VALID_ID: 2571102
2023-06-30 17:11:26 [booklist] INFO: VALID_ID: 2571149
2023-06-30 17:11:26 [booklist] INFO: VALID_ID: 2571202
2023-06-30 17:11:26 [booklist] INFO: VALID_ID: 2563506
2023-06-30 17:11:26 [booklist] INFO: VALID_ID: 2592357
2023-06-30 17:11:26 [booklist] INFO: VALID_ID: 2560053
2023-06-30 17:11:26 [booklist] INFO: VALID_ID: 2560064
2023-06-30 17:11:26 [booklist] INFO: VALID_ID: 2571014
2023-06-30 17:11:26 [booklist] INFO: VALID_ID: 12865552
2023-06-30 17:11:26 [booklist] INFO: VALID_ID: 2609247
2023-06-30 17:11:26 [booklist] INFO: VALID_ID: 2592356
2023-06-30 17:11:26 [booklist] INFO: VALID_ID: 2580826
2023-06-30 17:11:26 [booklist] INFO: VALID_ID: 2570976
2023-06-30 17:11:26 [booklist] INFO: VALID_ID: 2571098
2023-06-30 17:11:26 [booklist] INFO: VALID_ID: 2571116
2023-06-30 17:11:26 [booklist] INFO: VALID_ID: 2571120
2023-06-30 17:11:26 [booklist] INFO: VALID_ID: 2571199
2023-06-30 17:11:26 [booklist] INFO: VALID_ID: 2580832
2023-06-30 17:11:26 [booklist] INFO: VALID_ID: 2563041
2023-06-30 17:11:26 [booklist] INFO: VALID_ID: 2609698
2023-06-30 17:11:26 [booklist] INFO: VALID_ID: 2560060
2023-06-30 17:11:26 [booklist] INFO: VALID_ID: 2571103
2023-06-30 17:11:26 [booklist] INFO: VALID_ID: 2571143
2023-06-30 17:11:26 [booklist] INFO: VALID_ID: 2571165
2023-06-30 17:11:26 [booklist] INFO: VALID_ID: 2558902
2023-06-30 17:11:26 [booklist] INFO: VALID_ID: 2562494
2023-06-30 17:11:26 [booklist] INFO: VALID_ID: 2544405
2023-06-30 17:11:26 [booklist] INFO: VALID_ID: 2580836
2023-06-30 17:11:26 [booklist] INFO: VALID_ID: 2560056
2023-06-30 17:11:26 [booklist] INFO: VALID_ID: 2571063
2023-06-30 17:11:26 [booklist] INFO: VALID_ID: 2571077
2023-06-30 17:11:26 [booklist] INFO: VALID_ID: 2571083
2023-06-30 17:11:26 [booklist] INFO: VALID_ID: 2571096
2023-06-30 17:11:26 [booklist] INFO: VALID_ID: 2571190
2023-06-30 17:11:26 [booklist] INFO: VALID_ID: 2537950
2023-06-30 17:11:26 [booklist] INFO: VALID_ID: 2553347
2023-06-30 17:11:26 [booklist] INFO: VALID_ID: 2553346
2023-06-30 17:11:27 [scrapy.core.engine] DEBUG: Crawled (200) <POST https://dl.ndl.go.jp/api/item/search> (referer: https://dl.ndl.go.jp/api/item/search)
2023-06-30 17:11:27 [booklist] INFO: Fetched page 11
2023-06-30 17:11:27 [booklist] INFO: VALID_ID: 2560674
2023-06-30 17:11:27 [booklist] INFO: VALID_ID: 2566764
2023-06-30 17:11:27 [booklist] INFO: VALID_ID: 2589418
2023-06-30 17:11:27 [booklist] INFO: VALID_ID: 2592358
2023-06-30 17:11:27 [booklist] INFO: VALID_ID: 2560063
2023-06-30 17:11:27 [booklist] INFO: VALID_ID: 2571022
2023-06-30 17:11:27 [booklist] INFO: VALID_ID: 2571118
2023-06-30 17:11:27 [booklist] INFO: VALID_ID: 2537950
2023-06-30 17:11:27 [booklist] INFO: VALID_ID: 2553347
2023-06-30 17:11:27 [booklist] INFO: VALID_ID: 2553346
2023-06-30 17:11:27 [booklist] INFO: VALID_ID: 2592693
2023-06-30 17:11:27 [booklist] INFO: VALID_ID: 2592695
2023-06-30 17:11:27 [booklist] INFO: VALID_ID: 2577188
2023-06-30 17:11:27 [booklist] INFO: VALID_ID: 2565150
2023-06-30 17:11:27 [booklist] INFO: VALID_ID: 2582636
2023-06-30 17:11:27 [booklist] INFO: VALID_ID: 2579221
2023-06-30 17:11:27 [booklist] INFO: VALID_ID: 2580837
2023-06-30 17:11:27 [booklist] INFO: VALID_ID: 2560059
2023-06-30 17:11:27 [booklist] INFO: VALID_ID: 2571023
2023-06-30 17:11:27 [booklist] INFO: VALID_ID: 2571106
2023-06-30 17:11:27 [booklist] INFO: VALID_ID: 2571172
2023-06-30 17:11:27 [booklist] INFO: VALID_ID: 2554909
2023-06-30 17:11:27 [booklist] INFO: VALID_ID: 2537961
2023-06-30 17:11:27 [booklist] INFO: VALID_ID: 2563507
2023-06-30 17:11:27 [booklist] INFO: VALID_ID: 2581395
2023-06-30 17:11:27 [booklist] INFO: VALID_ID: 2577189
2023-06-30 17:11:27 [booklist] INFO: VALID_ID: 10301821
2023-06-30 17:11:27 [booklist] INFO: VALID_ID: 2589453
2023-06-30 17:11:27 [booklist] INFO: VALID_ID: 2608285
2023-06-30 17:11:27 [booklist] INFO: VALID_ID: 2541624
2023-06-30 17:11:27 [booklist] INFO: VALID_ID: 2566262
2023-06-30 17:11:27 [booklist] INFO: VALID_ID: 2581327
2023-06-30 17:11:27 [booklist] INFO: VALID_ID: 2570997
2023-06-30 17:11:27 [booklist] INFO: VALID_ID: 2571135
2023-06-30 17:11:27 [booklist] INFO: VALID_ID: 2571151
2023-06-30 17:11:27 [booklist] INFO: VALID_ID: 2608523
2023-06-30 17:11:27 [booklist] INFO: VALID_ID: 2555282
2023-06-30 17:11:27 [booklist] INFO: VALID_ID: 11223449
2023-06-30 17:11:27 [booklist] INFO: VALID_ID: 11223460
2023-06-30 17:11:27 [booklist] INFO: VALID_ID: 11223464
2023-06-30 17:11:27 [booklist] INFO: VALID_ID: 11223465
2023-06-30 17:11:27 [booklist] INFO: VALID_ID: 2548858
2023-06-30 17:11:27 [booklist] INFO: VALID_ID: 11223448
2023-06-30 17:11:27 [booklist] INFO: VALID_ID: 2554912
2023-06-30 17:11:27 [booklist] INFO: VALID_ID: 2540508
2023-06-30 17:11:27 [booklist] INFO: VALID_ID: 2539694
2023-06-30 17:11:27 [booklist] INFO: VALID_ID: 11223447
2023-06-30 17:11:27 [booklist] INFO: VALID_ID: 11223454
2023-06-30 17:11:27 [booklist] INFO: VALID_ID: 2540530
2023-06-30 17:11:27 [booklist] INFO: VALID_ID: 2608262
2023-06-30 17:11:27 [booklist] INFO: VALID_ID: 2578773
2023-06-30 17:11:27 [booklist] INFO: VALID_ID: 2562884
2023-06-30 17:11:27 [booklist] INFO: VALID_ID: 8929382
2023-06-30 17:11:27 [booklist] INFO: VALID_ID: 11223463
2023-06-30 17:11:27 [booklist] INFO: VALID_ID: 2558902
2023-06-30 17:11:27 [booklist] INFO: VALID_ID: 2581723
2023-06-30 17:11:27 [booklist] INFO: VALID_ID: 11223446
2023-06-30 17:11:27 [booklist] INFO: VALID_ID: 2577191
2023-06-30 17:11:27 [booklist] INFO: VALID_ID: 2548856
2023-06-30 17:11:27 [booklist] INFO: VALID_ID: 11223466
2023-06-30 17:11:27 [booklist] INFO: VALID_ID: 2555280
2023-06-30 17:11:27 [booklist] INFO: VALID_ID: 2562885
2023-06-30 17:11:27 [booklist] INFO: VALID_ID: 2538343
2023-06-30 17:11:27 [booklist] INFO: VALID_ID: 2584156
2023-06-30 17:11:27 [booklist] INFO: VALID_ID: 2582280
2023-06-30 17:11:27 [booklist] INFO: VALID_ID: 2592955
2023-06-30 17:11:27 [booklist] INFO: VALID_ID: 2539337
2023-06-30 17:11:27 [booklist] INFO: VALID_ID: 2554907
2023-06-30 17:11:27 [booklist] INFO: VALID_ID: 2581415
2023-06-30 17:11:27 [booklist] INFO: VALID_ID: 2562888
2023-06-30 17:11:27 [booklist] INFO: VALID_ID: 11223467
2023-06-30 17:11:27 [booklist] INFO: VALID_ID: 2592405
2023-06-30 17:11:27 [booklist] INFO: VALID_ID: 2592698
2023-06-30 17:11:27 [booklist] INFO: VALID_ID: 2609559
2023-06-30 17:11:27 [booklist] INFO: VALID_ID: 2549554
2023-06-30 17:11:27 [booklist] INFO: VALID_ID: 2555283
2023-06-30 17:11:27 [booklist] INFO: VALID_ID: 11223453
2023-06-30 17:11:27 [booklist] INFO: VALID_ID: 11223470
2023-06-30 17:11:27 [booklist] INFO: VALID_ID: 2555284
2023-06-30 17:11:27 [booklist] INFO: VALID_ID: 11223458
2023-06-30 17:11:27 [booklist] INFO: VALID_ID: 11223452
2023-06-30 17:11:27 [booklist] INFO: VALID_ID: 2537559
2023-06-30 17:11:27 [booklist] INFO: VALID_ID: 2566906
2023-06-30 17:11:27 [booklist] INFO: VALID_ID: 11223474
2023-06-30 17:11:27 [booklist] INFO: VALID_ID: 2592674
2023-06-30 17:11:27 [booklist] INFO: VALID_ID: 2563505
2023-06-30 17:11:27 [booklist] INFO: VALID_ID: 2578774
2023-06-30 17:11:27 [booklist] INFO: VALID_ID: 2537502
2023-06-30 17:11:27 [booklist] INFO: VALID_ID: 11223461
2023-06-30 17:11:27 [booklist] INFO: VALID_ID: 11223471
2023-06-30 17:11:27 [booklist] INFO: VALID_ID: 11223462
2023-06-30 17:11:27 [booklist] INFO: VALID_ID: 2536014
2023-06-30 17:11:27 [booklist] INFO: VALID_ID: 2559121
2023-06-30 17:11:27 [booklist] INFO: VALID_ID: 2566905
2023-06-30 17:11:27 [booklist] INFO: VALID_ID: 2562887
2023-06-30 17:11:27 [booklist] INFO: VALID_ID: 11223543
2023-06-30 17:11:27 [booklist] INFO: VALID_ID: 11223455
2023-06-30 17:11:27 [booklist] INFO: VALID_ID: 11223469
2023-06-30 17:11:27 [booklist] INFO: VALID_ID: 2563510
2023-06-30 17:11:27 [booklist] INFO: VALID_ID: 2538247
2023-06-30 17:11:29 [scrapy.core.engine] DEBUG: Crawled (200) <POST https://dl.ndl.go.jp/api/item/search> (referer: https://dl.ndl.go.jp/api/item/search)
2023-06-30 17:11:29 [booklist] INFO: Fetched page 12
2023-06-30 17:11:29 [booklist] INFO: VALID_ID: 2538247
2023-06-30 17:11:29 [booklist] INFO: VALID_ID: 2536399
2023-06-30 17:11:29 [booklist] INFO: VALID_ID: 2582279
2023-06-30 17:11:29 [booklist] INFO: VALID_ID: 2607112
2023-06-30 17:11:29 [booklist] INFO: VALID_ID: 11223459
2023-06-30 17:11:29 [booklist] INFO: VALID_ID: 11223468
2023-06-30 17:11:29 [booklist] INFO: VALID_ID: 11223473
2023-06-30 17:11:29 [booklist] INFO: VALID_ID: 2537184
2023-06-30 17:11:29 [booklist] INFO: VALID_ID: 11223450
2023-06-30 17:11:29 [booklist] INFO: VALID_ID: 11223456
2023-06-30 17:11:29 [booklist] INFO: VALID_ID: 11223457
2023-06-30 17:11:29 [booklist] INFO: VALID_ID: 11223472
2023-06-30 17:11:29 [booklist] INFO: VALID_ID: 2563508
2023-06-30 17:11:29 [booklist] INFO: VALID_ID: 2537952
2023-06-30 17:11:29 [booklist] INFO: VALID_ID: 2563761
2023-06-30 17:11:29 [booklist] INFO: VALID_ID: 2537066
2023-06-30 17:11:29 [booklist] INFO: VALID_ID: 2537962
2023-06-30 17:11:29 [booklist] INFO: VALID_ID: 2554911
2023-06-30 17:11:29 [booklist] INFO: VALID_ID: 2550431
2023-06-30 17:11:29 [booklist] INFO: VALID_ID: 2608262
2023-06-30 17:11:29 [booklist] INFO: VALID_ID: 2578773
2023-06-30 17:11:29 [booklist] INFO: VALID_ID: 2550433
2023-06-30 17:11:29 [booklist] INFO: VALID_ID: 2607587
2023-06-30 17:11:29 [booklist] INFO: VALID_ID: 2563509
2023-06-30 17:11:29 [booklist] INFO: VALID_ID: 2571934
2023-06-30 17:11:29 [booklist] INFO: VALID_ID: 2562886
2023-06-30 17:11:29 [booklist] INFO: VALID_ID: 11223451
2023-06-30 17:11:29 [booklist] INFO: VALID_ID: 2592419
2023-06-30 17:11:29 [booklist] INFO: VALID_ID: 2596133
2023-06-30 17:11:29 [booklist] INFO: VALID_ID: 2578772
2023-06-30 17:11:29 [booklist] INFO: VALID_ID: 2610627
2023-06-30 17:11:29 [booklist] INFO: VALID_ID: 2571930
2023-06-30 17:11:29 [booklist] INFO: VALID_ID: 2571935
2023-06-30 17:11:29 [booklist] INFO: VALID_ID: 2571942
2023-06-30 17:11:29 [booklist] INFO: VALID_ID: 2553336
2023-06-30 17:11:29 [booklist] INFO: VALID_ID: 2571928
2023-06-30 17:11:29 [booklist] INFO: VALID_ID: 2543119
2023-06-30 17:11:29 [booklist] INFO: VALID_ID: 2537526
2023-06-30 17:11:29 [booklist] INFO: VALID_ID: 2554906
2023-06-30 17:11:29 [booklist] INFO: VALID_ID: 2571932
2023-06-30 17:11:29 [booklist] INFO: VALID_ID: 2553324
2023-06-30 17:11:29 [booklist] INFO: VALID_ID: 2571933
2023-06-30 17:11:29 [booklist] INFO: VALID_ID: 2596114
2023-06-30 17:11:29 [booklist] INFO: VALID_ID: 2596094
2023-06-30 17:11:29 [booklist] INFO: VALID_ID: 2596058
2023-06-30 17:11:29 [booklist] INFO: VALID_ID: 2537150
2023-06-30 17:11:29 [booklist] INFO: VALID_ID: 2608519
2023-06-30 17:11:29 [booklist] INFO: VALID_ID: 2536743
2023-06-30 17:11:29 [booklist] INFO: VALID_ID: 2560651
2023-06-30 17:11:29 [booklist] INFO: VALID_ID: 2596060
2023-06-30 17:11:29 [booklist] INFO: VALID_ID: 2559209
2023-06-30 17:11:29 [booklist] INFO: VALID_ID: 2562420
2023-06-30 17:11:29 [booklist] INFO: VALID_ID: 2571940
2023-06-30 17:11:29 [booklist] INFO: VALID_ID: 2560652
2023-06-30 17:11:29 [booklist] INFO: VALID_ID: 2532415
2023-06-30 17:11:29 [booklist] INFO: VALID_ID: 2571931
2023-06-30 17:11:29 [booklist] INFO: VALID_ID: 2571939
2023-06-30 17:11:29 [booklist] INFO: VALID_ID: 2571929
2023-06-30 17:11:29 [booklist] INFO: VALID_ID: 2596120
2023-06-30 17:11:29 [booklist] INFO: VALID_ID: 2582281
2023-06-30 17:11:29 [booklist] INFO: VALID_ID: 2533643
2023-06-30 17:11:29 [booklist] INFO: VALID_ID: 2581396
2023-06-30 17:11:29 [booklist] INFO: VALID_ID: 2592690
2023-06-30 17:11:29 [booklist] INFO: VALID_ID: 2554905
2023-06-30 17:11:29 [booklist] INFO: VALID_ID: 2607478
2023-06-30 17:11:29 [booklist] INFO: VALID_ID: 2596118
2023-06-30 17:11:29 [booklist] INFO: VALID_ID: 2571937
2023-06-30 17:11:29 [booklist] INFO: VALID_ID: 2592692
2023-06-30 17:11:29 [booklist] INFO: VALID_ID: 2592694
2023-06-30 17:11:29 [booklist] INFO: VALID_ID: 8929550
2023-06-30 17:11:29 [booklist] INFO: VALID_ID: 2605871
2023-06-30 17:11:29 [booklist] INFO: VALID_ID: 2554913
2023-06-30 17:11:29 [booklist] INFO: VALID_ID: 2571943
2023-06-30 17:11:29 [booklist] INFO: VALID_ID: 2596069
2023-06-30 17:11:29 [booklist] INFO: VALID_ID: 2596096
2023-06-30 17:11:29 [booklist] INFO: VALID_ID: 2596112
2023-06-30 17:11:29 [booklist] INFO: VALID_ID: 2541650
2023-06-30 17:11:29 [booklist] INFO: VALID_ID: 2610026
2023-06-30 17:11:29 [booklist] INFO: VALID_ID: 2596088
2023-06-30 17:11:29 [booklist] INFO: VALID_ID: 2596124
2023-06-30 17:11:29 [booklist] INFO: VALID_ID: 2540170
2023-06-30 17:11:29 [booklist] INFO: VALID_ID: 2580990
2023-06-30 17:11:29 [booklist] INFO: VALID_ID: 2596068
2023-06-30 17:11:29 [booklist] INFO: VALID_ID: 2596122
2023-06-30 17:11:29 [booklist] INFO: VALID_ID: 2596123
2023-06-30 17:11:29 [booklist] INFO: VALID_ID: 2582282
2023-06-30 17:11:29 [booklist] INFO: VALID_ID: 2550434
2023-06-30 17:11:29 [booklist] INFO: VALID_ID: 2571938
2023-06-30 17:11:29 [booklist] INFO: VALID_ID: 2571941
2023-06-30 17:11:29 [booklist] INFO: VALID_ID: 2562419
2023-06-30 17:11:29 [booklist] INFO: VALID_ID: 2571936
2023-06-30 17:11:29 [booklist] INFO: VALID_ID: 2596109
2023-06-30 17:11:29 [booklist] INFO: VALID_ID: 2592661
2023-06-30 17:11:29 [booklist] INFO: VALID_ID: 2596121
2023-06-30 17:11:29 [booklist] INFO: VALID_ID: 2596136
2023-06-30 17:11:29 [booklist] INFO: VALID_ID: 2581713
2023-06-30 17:11:29 [booklist] INFO: VALID_ID: 2596113
2023-06-30 17:11:29 [booklist] INFO: VALID_ID: 2596128
2023-06-30 17:11:29 [booklist] INFO: VALID_ID: 2533642
2023-06-30 17:11:29 [booklist] INFO: VALID_ID: 2554908
2023-06-30 17:11:30 [scrapy.core.engine] DEBUG: Crawled (200) <POST https://dl.ndl.go.jp/api/item/search> (referer: https://dl.ndl.go.jp/api/item/search)
2023-06-30 17:11:30 [booklist] INFO: Fetched page 13
2023-06-30 17:11:31 [booklist] INFO: VALID_ID: 9892948
2023-06-30 17:11:31 [booklist] INFO: VALID_ID: 2537150
2023-06-30 17:11:31 [booklist] INFO: VALID_ID: 2541650
2023-06-30 17:11:31 [booklist] INFO: VALID_ID: 2571937
2023-06-30 17:11:31 [booklist] INFO: VALID_ID: 8929865
2023-06-30 17:11:31 [booklist] INFO: VALID_ID: 2605871
2023-06-30 17:11:31 [booklist] INFO: VALID_ID: 2549371
2023-06-30 17:11:31 [booklist] INFO: VALID_ID: 2562419
2023-06-30 17:11:31 [booklist] INFO: VALID_ID: 2571936
2023-06-30 17:11:31 [booklist] INFO: VALID_ID: 2609776
2023-06-30 17:11:31 [booklist] INFO: VALID_ID: 2538065
2023-06-30 17:11:31 [booklist] INFO: VALID_ID: 9892501
2023-06-30 17:11:31 [booklist] INFO: VALID_ID: 2592692
2023-06-30 17:11:31 [booklist] INFO: VALID_ID: 2592694
2023-06-30 17:11:31 [booklist] INFO: VALID_ID: 2596115
2023-06-30 17:11:31 [booklist] INFO: VALID_ID: 2532084
2023-06-30 17:11:31 [booklist] INFO: VALID_ID: 2540580
2023-06-30 17:11:31 [booklist] INFO: VALID_ID: 2592661
2023-06-30 17:11:31 [booklist] INFO: VALID_ID: 2532650
2023-06-30 17:11:31 [booklist] INFO: VALID_ID: 11446666
2023-06-30 17:11:31 [booklist] INFO: VALID_ID: 2540534
2023-06-30 17:11:31 [booklist] INFO: VALID_ID: 2533643
2023-06-30 17:11:31 [booklist] INFO: VALID_ID: 8929605
2023-06-30 17:11:31 [booklist] INFO: VALID_ID: 2533397
2023-06-30 17:11:31 [booklist] INFO: VALID_ID: 2533642
2023-06-30 17:11:31 [booklist] INFO: VALID_ID: 2576275
2023-06-30 17:11:31 [booklist] INFO: VALID_ID: 2538539
2023-06-30 17:11:31 [booklist] INFO: VALID_ID: 1303332
2023-06-30 17:11:31 [booklist] INFO: VALID_ID: 1303433
2023-06-30 17:11:31 [booklist] INFO: VALID_ID: 2550435
2023-06-30 17:11:31 [booklist] INFO: VALID_ID: 2550432
2023-06-30 17:11:31 [booklist] INFO: VALID_ID: 2549369
2023-06-30 17:11:31 [booklist] INFO: VALID_ID: 2606209
2023-06-30 17:11:31 [booklist] INFO: VALID_ID: 2609436
2023-06-30 17:11:31 [booklist] INFO: VALID_ID: 11891781
2023-06-30 17:11:31 [booklist] INFO: VALID_ID: 2584275
2023-06-30 17:11:31 [booklist] INFO: VALID_ID: 2589498
2023-06-30 17:11:31 [booklist] INFO: VALID_ID: 11891764
2023-06-30 17:11:31 [booklist] INFO: VALID_ID: 2576273
2023-06-30 17:11:31 [booklist] INFO: VALID_ID: 2576274
2023-06-30 17:11:31 [booklist] INFO: VALID_ID: 2549370
2023-06-30 17:11:31 [booklist] INFO: VALID_ID: 2589500
2023-06-30 17:11:31 [booklist] INFO: VALID_ID: 2589496
2023-06-30 17:11:31 [booklist] INFO: VALID_ID: 2574329
2023-06-30 17:11:31 [booklist] INFO: VALID_ID: 2574330
2023-06-30 17:11:31 [booklist] INFO: VALID_ID: 9893667
2023-06-30 17:11:31 [booklist] INFO: VALID_ID: 2605352
2023-06-30 17:11:31 [booklist] INFO: VALID_ID: 2589497
2023-06-30 17:11:31 [booklist] INFO: VALID_ID: 2574333
2023-06-30 17:11:31 [booklist] INFO: VALID_ID: 2610808
2023-06-30 17:11:31 [booklist] INFO: VALID_ID: 2574342
2023-06-30 17:11:31 [booklist] INFO: VALID_ID: 2574334
2023-06-30 17:11:31 [booklist] INFO: VALID_ID: 2576266
2023-06-30 17:11:31 [booklist] INFO: VALID_ID: 2576267
2023-06-30 17:11:31 [booklist] INFO: VALID_ID: 2544934
2023-06-30 17:11:31 [booklist] INFO: VALID_ID: 2559128
2023-06-30 17:11:31 [booklist] INFO: VALID_ID: 2576272
2023-06-30 17:11:31 [booklist] INFO: VALID_ID: 2538765
2023-06-30 17:11:31 [booklist] INFO: VALID_ID: 2574331
2023-06-30 17:11:31 [booklist] INFO: VALID_ID: 2544878
2023-06-30 17:11:31 [booklist] INFO: VALID_ID: 2551913
2023-06-30 17:11:31 [booklist] INFO: VALID_ID: 2574328
2023-06-30 17:11:31 [booklist] INFO: VALID_ID: 2574335
2023-06-30 17:11:31 [booklist] INFO: VALID_ID: 2574337
2023-06-30 17:11:31 [booklist] INFO: VALID_ID: 2576268
2023-06-30 17:11:31 [booklist] INFO: VALID_ID: 2576277
2023-06-30 17:11:31 [booklist] INFO: VALID_ID: 2532659
2023-06-30 17:11:31 [booklist] INFO: VALID_ID: 2581507
2023-06-30 17:11:31 [booklist] INFO: VALID_ID: 2608138
2023-06-30 17:11:31 [booklist] INFO: VALID_ID: 2541663
2023-06-30 17:11:31 [booklist] INFO: VALID_ID: 2541517
2023-06-30 17:11:31 [booklist] INFO: VALID_ID: 2581714
2023-06-30 17:11:31 [booklist] INFO: VALID_ID: 2551930
2023-06-30 17:11:31 [booklist] INFO: VALID_ID: 2574332
2023-06-30 17:11:31 [booklist] INFO: VALID_ID: 2610046
2023-06-30 17:11:31 [booklist] INFO: VALID_ID: 2589499
2023-06-30 17:11:31 [booklist] INFO: VALID_ID: 2574336
2023-06-30 17:11:31 [booklist] INFO: VALID_ID: 2574339
2023-06-30 17:11:31 [booklist] INFO: VALID_ID: 2574327
2023-06-30 17:11:31 [booklist] INFO: VALID_ID: 2574341
2023-06-30 17:11:31 [booklist] INFO: VALID_ID: 2592699
2023-06-30 17:11:31 [booklist] INFO: VALID_ID: 2540591
2023-06-30 17:11:31 [booklist] INFO: VALID_ID: 2544936
2023-06-30 17:11:31 [booklist] INFO: VALID_ID: 2574338
2023-06-30 17:11:31 [booklist] INFO: VALID_ID: 2544935
2023-06-30 17:11:31 [booklist] INFO: VALID_ID: 2551957
2023-06-30 17:11:31 [booklist] INFO: VALID_ID: 2582390
2023-06-30 17:11:31 [booklist] INFO: VALID_ID: 2574340
2023-06-30 17:11:31 [booklist] INFO: VALID_ID: 2605429
2023-06-30 17:11:31 [booklist] INFO: VALID_ID: 2589495
2023-06-30 17:11:31 [booklist] INFO: VALID_ID: 2574343
2023-06-30 17:11:31 [booklist] INFO: VALID_ID: 2576278
2023-06-30 17:11:31 [booklist] INFO: VALID_ID: 2551914
2023-06-30 17:11:31 [booklist] INFO: VALID_ID: 11891870
2023-06-30 17:11:31 [booklist] INFO: VALID_ID: 2536626
2023-06-30 17:11:31 [booklist] INFO: VALID_ID: 2576265
2023-06-30 17:11:31 [booklist] INFO: VALID_ID: 2542990
2023-06-30 17:11:31 [booklist] INFO: VALID_ID: 2543118
2023-06-30 17:11:31 [booklist] INFO: VALID_ID: 2573633
2023-06-30 17:11:31 [booklist] INFO: VALID_ID: 2549368
2023-06-30 17:11:32 [scrapy.core.engine] DEBUG: Crawled (200) <POST https://dl.ndl.go.jp/api/item/search> (referer: https://dl.ndl.go.jp/api/item/search)
2023-06-30 17:11:32 [booklist] INFO: Fetched page 14
2023-06-30 17:11:32 [booklist] INFO: VALID_ID: 2609071
2023-06-30 17:11:32 [booklist] INFO: VALID_ID: 2559570
2023-06-30 17:11:32 [booklist] INFO: VALID_ID: 2537315
2023-06-30 17:11:32 [booklist] INFO: VALID_ID: 2549368
2023-06-30 17:11:32 [booklist] INFO: VALID_ID: 2559569
2023-06-30 17:11:32 [booklist] INFO: VALID_ID: 2539242
2023-06-30 17:11:32 [booklist] INFO: VALID_ID: 11891870
2023-06-30 17:11:32 [booklist] INFO: VALID_ID: 2551939
2023-06-30 17:11:32 [booklist] INFO: VALID_ID: 2580947
2023-06-30 17:11:32 [booklist] INFO: VALID_ID: 2540567
2023-06-30 17:11:32 [booklist] INFO: VALID_ID: 10300946
2023-06-30 17:11:32 [booklist] INFO: VALID_ID: 2583750
2023-06-30 17:11:32 [booklist] INFO: VALID_ID: 2581699
2023-06-30 17:11:32 [booklist] INFO: VALID_ID: 2590637
2023-06-30 17:11:32 [booklist] INFO: VALID_ID: 2583752
2023-06-30 17:11:32 [booklist] INFO: VALID_ID: 2571626
2023-06-30 17:11:32 [booklist] INFO: VALID_ID: 2573632
2023-06-30 17:11:32 [booklist] INFO: VALID_ID: 2583749
2023-06-30 17:11:32 [booklist] INFO: VALID_ID: 2609504
2023-06-30 17:11:32 [booklist] INFO: VALID_ID: 2540603
2023-06-30 17:11:32 [booklist] INFO: VALID_ID: 1287208
2023-06-30 17:11:32 [booklist] INFO: VALID_ID: 2553323
2023-06-30 17:11:32 [booklist] INFO: VALID_ID: 2572705
2023-06-30 17:11:32 [booklist] INFO: VALID_ID: 2607830
2023-06-30 17:11:32 [booklist] INFO: VALID_ID: 2583751
2023-06-30 17:11:32 [booklist] INFO: VALID_ID: 2560001
2023-06-30 17:11:32 [booklist] INFO: VALID_ID: 2537779
2023-06-30 17:11:32 [booklist] INFO: VALID_ID: 2560003
2023-06-30 17:11:32 [booklist] INFO: VALID_ID: 2580945
2023-06-30 17:11:32 [booklist] INFO: VALID_ID: 11891829
2023-06-30 17:11:32 [booklist] INFO: VALID_ID: 2607264
2023-06-30 17:11:32 [booklist] INFO: VALID_ID: 2539719
2023-06-30 17:11:32 [booklist] INFO: VALID_ID: 2560002
2023-06-30 17:11:32 [booklist] INFO: VALID_ID: 2548722
2023-06-30 17:11:32 [booklist] INFO: VALID_ID: 2551931
2023-06-30 17:11:32 [booklist] INFO: VALID_ID: 2533588
2023-06-30 17:11:32 [booklist] INFO: VALID_ID: 2560004
2023-06-30 17:11:32 [booklist] INFO: VALID_ID: 2560005
2023-06-30 17:11:32 [booklist] INFO: VALID_ID: 2583753
2023-06-30 17:11:32 [booklist] INFO: VALID_ID: 2610941
2023-06-30 17:11:32 [booklist] INFO: VALID_ID: 2598880
2023-06-30 17:11:32 [booklist] INFO: VALID_ID: 1308385
2023-06-30 17:11:32 [booklist] INFO: VALID_ID: 2540228
2023-06-30 17:11:32 [booklist] INFO: VALID_ID: 1303481
2023-06-30 17:11:32 [booklist] INFO: VALID_ID: 2581039
2023-06-30 17:11:32 [booklist] INFO: VALID_ID: 2586537
2023-06-30 17:11:32 [booklist] INFO: VALID_ID: 2609850
2023-06-30 17:11:32 [booklist] INFO: VALID_ID: 2607142
2023-06-30 17:11:32 [booklist] INFO: VALID_ID: 9893181
2023-06-30 17:11:32 [booklist] INFO: VALID_ID: 2585383
2023-06-30 17:11:32 [booklist] INFO: VALID_ID: 2586538
2023-06-30 17:11:32 [booklist] INFO: VALID_ID: 2581710
2023-06-30 17:11:32 [booklist] INFO: VALID_ID: 2534157
2023-06-30 17:11:32 [booklist] INFO: VALID_ID: 2540645
2023-06-30 17:11:32 [booklist] INFO: VALID_ID: 2596070
2023-06-30 17:11:32 [booklist] INFO: VALID_ID: 2596073
2023-06-30 17:11:32 [booklist] INFO: VALID_ID: 2596086
2023-06-30 17:11:32 [booklist] INFO: VALID_ID: 2581071
2023-06-30 17:11:32 [booklist] INFO: VALID_ID: 2596075
2023-06-30 17:11:32 [booklist] INFO: VALID_ID: 2596077
2023-06-30 17:11:32 [booklist] INFO: VALID_ID: 2596090
2023-06-30 17:11:32 [booklist] INFO: VALID_ID: 2596061
2023-06-30 17:11:32 [booklist] INFO: VALID_ID: 2596083
2023-06-30 17:11:32 [booklist] INFO: VALID_ID: 2596099
2023-06-30 17:11:32 [booklist] INFO: VALID_ID: 2596126
2023-06-30 17:11:32 [booklist] INFO: VALID_ID: 2593560
2023-06-30 17:11:32 [booklist] INFO: VALID_ID: 2596063
2023-06-30 17:11:32 [booklist] INFO: VALID_ID: 2596085
2023-06-30 17:11:32 [booklist] INFO: VALID_ID: 2596127
2023-06-30 17:11:32 [booklist] INFO: VALID_ID: 2537462
2023-06-30 17:11:32 [booklist] INFO: VALID_ID: 2596093
2023-06-30 17:11:32 [booklist] INFO: VALID_ID: 2596104
2023-06-30 17:11:32 [booklist] INFO: VALID_ID: 2596116
2023-06-30 17:11:32 [booklist] INFO: VALID_ID: 2596059
2023-06-30 17:11:32 [booklist] INFO: VALID_ID: 2596098
2023-06-30 17:11:32 [booklist] INFO: VALID_ID: 2596102
2023-06-30 17:11:32 [booklist] INFO: VALID_ID: 2532232
2023-06-30 17:11:32 [booklist] INFO: VALID_ID: 2610375
2023-06-30 17:11:32 [booklist] INFO: VALID_ID: 2596066
2023-06-30 17:11:32 [booklist] INFO: VALID_ID: 2596084
2023-06-30 17:11:32 [booklist] INFO: VALID_ID: 2596134
2023-06-30 17:11:32 [booklist] INFO: VALID_ID: 2596065
2023-06-30 17:11:32 [booklist] INFO: VALID_ID: 2596078
2023-06-30 17:11:32 [booklist] INFO: VALID_ID: 2596100
2023-06-30 17:11:32 [booklist] INFO: VALID_ID: 2607744
2023-06-30 17:11:32 [booklist] INFO: VALID_ID: 2596106
2023-06-30 17:11:32 [booklist] INFO: VALID_ID: 2596101
2023-06-30 17:11:32 [booklist] INFO: VALID_ID: 2596132
2023-06-30 17:11:32 [booklist] INFO: VALID_ID: 2596092
2023-06-30 17:11:32 [booklist] INFO: VALID_ID: 2596071
2023-06-30 17:11:32 [booklist] INFO: VALID_ID: 2596108
2023-06-30 17:11:32 [booklist] INFO: VALID_ID: 2596117
2023-06-30 17:11:32 [booklist] INFO: VALID_ID: 2596091
2023-06-30 17:11:32 [booklist] INFO: VALID_ID: 2596110
2023-06-30 17:11:32 [booklist] INFO: VALID_ID: 2596125
2023-06-30 17:11:32 [booklist] INFO: VALID_ID: 2596130
2023-06-30 17:11:32 [booklist] INFO: VALID_ID: 2596079
2023-06-30 17:11:32 [booklist] INFO: VALID_ID: 2596081
2023-06-30 17:11:32 [booklist] INFO: VALID_ID: 2596131
2023-06-30 17:11:32 [booklist] INFO: VALID_ID: 2607101
2023-06-30 17:11:33 [scrapy.core.engine] DEBUG: Crawled (200) <POST https://dl.ndl.go.jp/api/item/search> (referer: https://dl.ndl.go.jp/api/item/search)
2023-06-30 17:11:33 [booklist] INFO: Fetched page 15
2023-06-30 17:11:34 [booklist] INFO: VALID_ID: 2596071
2023-06-30 17:11:34 [booklist] INFO: VALID_ID: 2596108
2023-06-30 17:11:34 [booklist] INFO: VALID_ID: 2596117
2023-06-30 17:11:34 [booklist] INFO: VALID_ID: 2596064
2023-06-30 17:11:34 [booklist] INFO: VALID_ID: 2596106
2023-06-30 17:11:34 [booklist] INFO: VALID_ID: 2596074
2023-06-30 17:11:34 [booklist] INFO: VALID_ID: 2596119
2023-06-30 17:11:34 [booklist] INFO: VALID_ID: 2542339
2023-06-30 17:11:34 [booklist] INFO: VALID_ID: 2596072
2023-06-30 17:11:34 [booklist] INFO: VALID_ID: 2596107
2023-06-30 17:11:34 [booklist] INFO: VALID_ID: 2596135
2023-06-30 17:11:34 [booklist] INFO: VALID_ID: 2596062
2023-06-30 17:11:34 [booklist] INFO: VALID_ID: 2596082
2023-06-30 17:11:34 [booklist] INFO: VALID_ID: 2596103
2023-06-30 17:11:34 [booklist] INFO: VALID_ID: 2558561
2023-06-30 17:11:34 [booklist] INFO: VALID_ID: 2537967
2023-06-30 17:11:34 [booklist] INFO: VALID_ID: 2596080
2023-06-30 17:11:34 [booklist] INFO: VALID_ID: 11606622
2023-06-30 17:11:34 [booklist] INFO: VALID_ID: 2596097
2023-06-30 17:11:34 [booklist] INFO: VALID_ID: 2549555
2023-06-30 17:11:34 [booklist] INFO: VALID_ID: 2542299
2023-06-30 17:11:34 [booklist] INFO: VALID_ID: 2598951
2023-06-30 17:11:34 [booklist] INFO: VALID_ID: 2581066
2023-06-30 17:11:34 [booklist] INFO: VALID_ID: 2551956
2023-06-30 17:11:34 [booklist] INFO: VALID_ID: 2551915
2023-06-30 17:11:34 [booklist] INFO: VALID_ID: 2532120
2023-06-30 17:11:34 [booklist] INFO: VALID_ID: 2598950
2023-06-30 17:11:34 [booklist] INFO: VALID_ID: 2598952
2023-06-30 17:11:34 [booklist] INFO: VALID_ID: 2598947
2023-06-30 17:11:34 [booklist] INFO: VALID_ID: 2540532
2023-06-30 17:11:34 [booklist] INFO: VALID_ID: 2540531
2023-06-30 17:11:34 [booklist] INFO: VALID_ID: 2606130
2023-06-30 17:11:34 [booklist] INFO: VALID_ID: 2540569
2023-06-30 17:11:34 [booklist] INFO: VALID_ID: 2589399
2023-06-30 17:11:34 [booklist] INFO: VALID_ID: 1304401
2023-06-30 17:11:34 [booklist] INFO: VALID_ID: 11891905
2023-06-30 17:11:34 [booklist] INFO: VALID_ID: 2610226
2023-06-30 17:11:34 [booklist] INFO: VALID_ID: 2598949
2023-06-30 17:11:34 [booklist] INFO: VALID_ID: 2598948
2023-06-30 17:11:34 [booklist] INFO: VALID_ID: 2589398
2023-06-30 17:11:34 [booklist] INFO: VALID_ID: 2556266
2023-06-30 17:11:34 [booklist] INFO: VALID_ID: 2606544
2023-06-30 17:11:34 [booklist] INFO: VALID_ID: 2580976
2023-06-30 17:11:34 [booklist] INFO: VALID_ID: 2606584
2023-06-30 17:11:34 [booklist] INFO: VALID_ID: 2551958
2023-06-30 17:11:34 [booklist] INFO: VALID_ID: 2598953
2023-06-30 17:11:34 [booklist] INFO: VALID_ID: 2556267
2023-06-30 17:11:34 [booklist] INFO: VALID_ID: 2598956
2023-06-30 17:11:34 [booklist] INFO: VALID_ID: 2610766
2023-06-30 17:11:34 [booklist] INFO: VALID_ID: 2598955
2023-06-30 17:11:34 [booklist] INFO: VALID_ID: 2580975
2023-06-30 17:11:34 [booklist] INFO: VALID_ID: 2605579
2023-06-30 17:11:34 [booklist] INFO: VALID_ID: 2601654
2023-06-30 17:11:34 [booklist] INFO: VALID_ID: 2581711
2023-06-30 17:11:34 [booklist] INFO: VALID_ID: 11446183
2023-06-30 17:11:34 [booklist] INFO: VALID_ID: 2598954
2023-06-30 17:11:34 [booklist] INFO: VALID_ID: 1287648
2023-06-30 17:11:34 [booklist] INFO: VALID_ID: 2607884
2023-06-30 17:11:34 [booklist] INFO: VALID_ID: 2610030
2023-06-30 17:11:34 [booklist] INFO: VALID_ID: 11446646
2023-06-30 17:11:34 [booklist] INFO: VALID_ID: 2581052
2023-06-30 17:11:34 [booklist] INFO: VALID_ID: 2553306
2023-06-30 17:11:34 [booklist] INFO: VALID_ID: 2610325
2023-06-30 17:11:34 [booklist] INFO: VALID_ID: 2540601
2023-06-30 17:11:34 [booklist] INFO: VALID_ID: 2608772
2023-06-30 17:11:34 [booklist] INFO: VALID_ID: 2608047
2023-06-30 17:11:34 [booklist] INFO: VALID_ID: 2608004
2023-06-30 17:11:34 [booklist] INFO: VALID_ID: 2609175
2023-06-30 17:11:34 [booklist] INFO: VALID_ID: 2605933
2023-06-30 17:11:34 [booklist] INFO: VALID_ID: 11446326
2023-06-30 17:11:34 [booklist] INFO: VALID_ID: 2609604
2023-06-30 17:11:34 [booklist] INFO: VALID_ID: 2611085
2023-06-30 17:11:34 [booklist] INFO: VALID_ID: 2549345
2023-06-30 17:11:34 [booklist] INFO: VALID_ID: 2609888
2023-06-30 17:11:34 [booklist] INFO: VALID_ID: 2609371
2023-06-30 17:11:34 [booklist] INFO: VALID_ID: 2608900
2023-06-30 17:11:34 [booklist] INFO: VALID_ID: 2609222
2023-06-30 17:11:34 [booklist] INFO: VALID_ID: 2557507
2023-06-30 17:11:34 [booklist] INFO: VALID_ID: 2557498
2023-06-30 17:11:34 [booklist] INFO: VALID_ID: 2557505
2023-06-30 17:11:34 [booklist] INFO: VALID_ID: 2557486
2023-06-30 17:11:34 [booklist] INFO: VALID_ID: 2557491
2023-06-30 17:11:34 [booklist] INFO: VALID_ID: 2557499
2023-06-30 17:11:34 [booklist] INFO: VALID_ID: 2557502
2023-06-30 17:11:34 [booklist] INFO: VALID_ID: 2557493
2023-06-30 17:11:34 [booklist] INFO: VALID_ID: 2547993
2023-06-30 17:11:34 [booklist] INFO: VALID_ID: 2557494
2023-06-30 17:11:34 [booklist] INFO: VALID_ID: 2557509
2023-06-30 17:11:34 [booklist] INFO: VALID_ID: 2557510
2023-06-30 17:11:34 [booklist] INFO: VALID_ID: 2557504
2023-06-30 17:11:34 [booklist] INFO: VALID_ID: 2606000
2023-06-30 17:11:34 [booklist] INFO: VALID_ID: 2557492
2023-06-30 17:11:34 [booklist] INFO: VALID_ID: 2557501
2023-06-30 17:11:34 [booklist] INFO: VALID_ID: 2557487
2023-06-30 17:11:34 [booklist] INFO: VALID_ID: 2557500
2023-06-30 17:11:34 [booklist] INFO: VALID_ID: 2610623
2023-06-30 17:11:34 [booklist] INFO: VALID_ID: 2557489
2023-06-30 17:11:34 [booklist] INFO: VALID_ID: 2557495
2023-06-30 17:11:34 [booklist] INFO: VALID_ID: 2557503
2023-06-30 17:11:34 [booklist] INFO: VALID_ID: 2557508
2023-06-30 17:11:35 [scrapy.core.engine] DEBUG: Crawled (200) <POST https://dl.ndl.go.jp/api/item/search> (referer: https://dl.ndl.go.jp/api/item/search)
2023-06-30 17:11:35 [booklist] INFO: Fetched page 16
2023-06-30 17:11:35 [booklist] INFO: VALID_ID: 2558292
2023-06-30 17:11:35 [booklist] INFO: VALID_ID: 2558298
2023-06-30 17:11:35 [booklist] INFO: VALID_ID: 2590636
2023-06-30 17:11:35 [booklist] INFO: VALID_ID: 2606933
2023-06-30 17:11:35 [booklist] INFO: VALID_ID: 2557506
2023-06-30 17:11:35 [booklist] INFO: VALID_ID: 2557490
2023-06-30 17:11:35 [booklist] INFO: VALID_ID: 2557496
2023-06-30 17:11:35 [booklist] INFO: VALID_ID: 2558303
2023-06-30 17:11:35 [booklist] INFO: VALID_ID: 2557488
2023-06-30 17:11:35 [booklist] INFO: VALID_ID: 2557497
2023-06-30 17:11:35 [booklist] INFO: VALID_ID: 2558294
2023-06-30 17:11:35 [booklist] INFO: VALID_ID: 2558305
2023-06-30 17:11:35 [booklist] INFO: VALID_ID: 2558306
2023-06-30 17:11:35 [booklist] INFO: VALID_ID: 2558309
2023-06-30 17:11:35 [booklist] INFO: VALID_ID: 2610790
2023-06-30 17:11:35 [booklist] INFO: VALID_ID: 2558293
2023-06-30 17:11:35 [booklist] INFO: VALID_ID: 2558304
2023-06-30 17:11:35 [booklist] INFO: VALID_ID: 2558297
2023-06-30 17:11:35 [booklist] INFO: VALID_ID: 2558290
2023-06-30 17:11:35 [booklist] INFO: VALID_ID: 2558295
2023-06-30 17:11:35 [booklist] INFO: VALID_ID: 2558285
2023-06-30 17:11:35 [booklist] INFO: VALID_ID: 2558291
2023-06-30 17:11:35 [booklist] INFO: VALID_ID: 2607835
2023-06-30 17:11:35 [booklist] INFO: VALID_ID: 2558286
2023-06-30 17:11:35 [booklist] INFO: VALID_ID: 2558287
2023-06-30 17:11:35 [booklist] INFO: VALID_ID: 2558288
2023-06-30 17:11:35 [booklist] INFO: VALID_ID: 2558308
2023-06-30 17:11:35 [booklist] INFO: VALID_ID: 2558307
2023-06-30 17:11:35 [booklist] INFO: VALID_ID: 2558302
2023-06-30 17:11:35 [booklist] INFO: VALID_ID: 2558299
2023-06-30 17:11:35 [booklist] INFO: VALID_ID: 2558289
2023-06-30 17:11:35 [booklist] INFO: VALID_ID: 2558301
2023-06-30 17:11:35 [booklist] INFO: VALID_ID: 2607667
2023-06-30 17:11:35 [booklist] INFO: VALID_ID: 2558300
2023-06-30 17:11:35 [booklist] INFO: VALID_ID: 2586676
2023-06-30 17:11:35 [booklist] INFO: VALID_ID: 11892644
2023-06-30 17:11:35 [booklist] INFO: VALID_ID: 11892643
2023-06-30 17:11:35 [booklist] INFO: VALID_ID: 2605821
2023-06-30 17:11:35 [booklist] INFO: VALID_ID: 2608737
2023-06-30 17:11:35 [booklist] INFO: VALID_ID: 2549297
2023-06-30 17:11:35 [booklist] INFO: VALID_ID: 2549570
2023-06-30 17:11:35 [booklist] INFO: VALID_ID: 2607286
2023-06-30 17:11:35 [booklist] INFO: VALID_ID: 2608748
2023-06-30 17:11:35 [booklist] INFO: VALID_ID: 2610368
2023-06-30 17:11:35 [booklist] INFO: VALID_ID: 2609666
2023-06-30 17:11:35 [booklist] INFO: VALID_ID: 2605546
2023-06-30 17:11:35 [booklist] INFO: VALID_ID: 2542581
2023-06-30 17:11:35 [booklist] INFO: VALID_ID: 2611073
2023-06-30 17:11:35 [booklist] INFO: VALID_ID: 2606744
2023-06-30 17:11:35 [booklist] INFO: VALID_ID: 2559117
2023-06-30 17:11:35 [booklist] INFO: VALID_ID: 2559129
2023-06-30 17:11:35 [booklist] INFO: VALID_ID: 2609633
2023-06-30 17:11:35 [booklist] INFO: VALID_ID: 2559119
2023-06-30 17:11:35 [booklist] INFO: VALID_ID: 2611103
2023-06-30 17:11:35 [booklist] INFO: VALID_ID: 2572026
2023-06-30 17:11:35 [booklist] INFO: VALID_ID: 2609205
2023-06-30 17:11:35 [booklist] INFO: VALID_ID: 2559125
2023-06-30 17:11:35 [booklist] INFO: VALID_ID: 2610596
2023-06-30 17:11:35 [booklist] INFO: VALID_ID: 2559127
2023-06-30 17:11:35 [booklist] INFO: VALID_ID: 2559131
2023-06-30 17:11:35 [booklist] INFO: VALID_ID: 2559126
2023-06-30 17:11:35 [booklist] INFO: VALID_ID: 2559122
2023-06-30 17:11:35 [booklist] INFO: VALID_ID: 2559123
2023-06-30 17:11:35 [booklist] INFO: VALID_ID: 2559118
2023-06-30 17:11:35 [booklist] INFO: VALID_ID: 2559120
2023-06-30 17:11:35 [booklist] INFO: VALID_ID: 2559132
2023-06-30 17:11:35 [booklist] INFO: VALID_ID: 2559124
2023-06-30 17:11:35 [booklist] INFO: VALID_ID: 2559130
2023-06-30 17:11:35 [booklist] INFO: VALID_ID: 2547981
2023-06-30 17:11:35 [booklist] INFO: VALID_ID: 2547980
2023-06-30 17:11:35 [booklist] INFO: VALID_ID: 2559186
2023-06-30 17:11:35 [booklist] INFO: VALID_ID: 2605214
2023-06-30 17:11:35 [booklist] INFO: VALID_ID: 2559182
2023-06-30 17:11:35 [booklist] INFO: VALID_ID: 2559178
2023-06-30 17:11:35 [booklist] INFO: VALID_ID: 2559180
2023-06-30 17:11:35 [booklist] INFO: VALID_ID: 2559183
2023-06-30 17:11:35 [booklist] INFO: VALID_ID: 2559179
2023-06-30 17:11:35 [booklist] INFO: VALID_ID: 2559184
2023-06-30 17:11:35 [booklist] INFO: VALID_ID: 11892789
2023-06-30 17:11:35 [booklist] INFO: VALID_ID: 2605528
2023-06-30 17:11:35 [booklist] INFO: VALID_ID: 2559187
2023-06-30 17:11:35 [booklist] INFO: VALID_ID: 2559188
2023-06-30 17:11:35 [booklist] INFO: VALID_ID: 2559181
2023-06-30 17:11:35 [booklist] INFO: VALID_ID: 2559069
2023-06-30 17:11:35 [booklist] INFO: VALID_ID: 2608873
2023-06-30 17:11:35 [booklist] INFO: VALID_ID: 2609444
2023-06-30 17:11:35 [booklist] INFO: VALID_ID: 2559063
2023-06-30 17:11:35 [booklist] INFO: VALID_ID: 2559072
2023-06-30 17:11:35 [booklist] INFO: VALID_ID: 2547982
2023-06-30 17:11:35 [booklist] INFO: VALID_ID: 2559065
2023-06-30 17:11:35 [booklist] INFO: VALID_ID: 2559068
2023-06-30 17:11:35 [booklist] INFO: VALID_ID: 2559064
2023-06-30 17:11:35 [booklist] INFO: VALID_ID: 2559067
2023-06-30 17:11:35 [booklist] INFO: VALID_ID: 2559071
2023-06-30 17:11:35 [booklist] INFO: VALID_ID: 2549327
2023-06-30 17:11:35 [booklist] INFO: VALID_ID: 2559070
2023-06-30 17:11:35 [booklist] INFO: VALID_ID: 2559066
2023-06-30 17:11:35 [booklist] INFO: VALID_ID: 2547984
2023-06-30 17:11:35 [booklist] INFO: VALID_ID: 2559060
2023-06-30 17:11:35 [booklist] INFO: VALID_ID: 2559194
2023-06-30 17:11:36 [scrapy.core.engine] DEBUG: Crawled (200) <POST https://dl.ndl.go.jp/api/item/search> (referer: https://dl.ndl.go.jp/api/item/search)
2023-06-30 17:11:36 [booklist] INFO: Fetched page 17
2023-06-30 17:11:37 [booklist] INFO: VALID_ID: 2559197
2023-06-30 17:11:37 [booklist] INFO: VALID_ID: 2559199
2023-06-30 17:11:37 [booklist] INFO: VALID_ID: 2559204
2023-06-30 17:11:37 [booklist] INFO: VALID_ID: 2559193
2023-06-30 17:11:37 [booklist] INFO: VALID_ID: 2549325
2023-06-30 17:11:37 [booklist] INFO: VALID_ID: 2559190
2023-06-30 17:11:37 [booklist] INFO: VALID_ID: 2610138
2023-06-30 17:11:37 [booklist] INFO: VALID_ID: 2559189
2023-06-30 17:11:37 [booklist] INFO: VALID_ID: 2559203
2023-06-30 17:11:37 [booklist] INFO: VALID_ID: 2559202
2023-06-30 17:11:37 [booklist] INFO: VALID_ID: 2559198
2023-06-30 17:11:37 [booklist] INFO: VALID_ID: 2559201
2023-06-30 17:11:37 [booklist] INFO: VALID_ID: 2559196
2023-06-30 17:11:37 [booklist] INFO: VALID_ID: 2559192
2023-06-30 17:11:37 [booklist] INFO: VALID_ID: 2559191
2023-06-30 17:11:37 [booklist] INFO: VALID_ID: 2559206
2023-06-30 17:11:37 [booklist] INFO: VALID_ID: 2559195
2023-06-30 17:11:37 [booklist] INFO: VALID_ID: 2559200
2023-06-30 17:11:37 [booklist] INFO: VALID_ID: 2559207
2023-06-30 17:11:37 [booklist] INFO: VALID_ID: 2559217
2023-06-30 17:11:37 [booklist] INFO: VALID_ID: 2610537
2023-06-30 17:11:37 [booklist] INFO: VALID_ID: 2610012
2023-06-30 17:11:37 [booklist] INFO: VALID_ID: 2559213
2023-06-30 17:11:37 [booklist] INFO: VALID_ID: 2559208
2023-06-30 17:11:37 [booklist] INFO: VALID_ID: 2559210
2023-06-30 17:11:37 [booklist] INFO: VALID_ID: 2559216
2023-06-30 17:11:37 [booklist] INFO: VALID_ID: 2559212
2023-06-30 17:11:37 [booklist] INFO: VALID_ID: 2559211
2023-06-30 17:11:37 [booklist] INFO: VALID_ID: 2559218
2023-06-30 17:11:37 [booklist] INFO: VALID_ID: 2559215
2023-06-30 17:11:37 [booklist] INFO: VALID_ID: 2572602
2023-06-30 17:11:37 [booklist] INFO: VALID_ID: 2559265
2023-06-30 17:11:37 [booklist] INFO: VALID_ID: 2559259
2023-06-30 17:11:37 [booklist] INFO: VALID_ID: 2559257
2023-06-30 17:11:37 [booklist] INFO: VALID_ID: 2559256
2023-06-30 17:11:37 [booklist] INFO: VALID_ID: 2559262
2023-06-30 17:11:37 [booklist] INFO: VALID_ID: 2559258
2023-06-30 17:11:37 [booklist] INFO: VALID_ID: 2559261
2023-06-30 17:11:37 [booklist] INFO: VALID_ID: 2559263
2023-06-30 17:11:37 [booklist] INFO: VALID_ID: 2559264
2023-06-30 17:11:37 [booklist] INFO: VALID_ID: 2572577
2023-06-30 17:11:37 [booklist] INFO: VALID_ID: 2550147
2023-06-30 17:11:37 [booklist] INFO: VALID_ID: 11446659
2023-06-30 17:11:37 [scrapy.core.engine] DEBUG: Crawled (200) <POST https://dl.ndl.go.jp/api/item/search> (referer: https://dl.ndl.go.jp/api/item/search)
2023-06-30 17:11:37 [booklist] INFO: Fetched page 18
2023-06-30 17:11:37 [booklist] INFO: No more books on 18
2023-06-30 17:11:37 [scrapy.core.engine] INFO: Closing spider (finished)
2023-06-30 17:11:37 [scrapy.statscollectors] INFO: Dumping Scrapy stats:
{'downloader/request_bytes': 24502,
 'downloader/request_count': 19,
 'downloader/request_method_count/GET': 1,
 'downloader/request_method_count/POST': 18,
 'downloader/response_bytes': 9623217,
 'downloader/response_count': 19,
 'downloader/response_status_count/200': 19,
 'elapsed_time_seconds': 28.411429,
 'finish_reason': 'finished',
 'finish_time': datetime.datetime(2023, 6, 30, 9, 11, 37, 503487),
 'httpcompression/response_bytes': 115439790,
 'httpcompression/response_count': 18,
 'log_count/DEBUG': 22,
 'log_count/INFO': 1672,
 'memusage/max': 63795200,
 'memusage/startup': 63795200,
 'request_depth_max': 17,
 'response_received_count': 19,
 'robotstxt/request_count': 1,
 'robotstxt/response_count': 1,
 'robotstxt/response_status_count/200': 1,
 'scheduler/dequeued': 18,
 'scheduler/dequeued/memory': 18,
 'scheduler/enqueued': 18,
 'scheduler/enqueued/memory': 18,
 'start_time': datetime.datetime(2023, 6, 30, 9, 11, 9, 92058)}
2023-06-30 17:11:37 [scrapy.core.engine] INFO: Spider closed (finished)
