2023-06-30 17:45:40 [scrapy.utils.log] INFO: Scrapy 2.9.0 started (bot: ndlcrawler)
2023-06-30 17:45:40 [scrapy.utils.log] INFO: Versions: lxml 4.9.2.0, libxml2 2.9.14, cssselect 1.2.0, parsel 1.8.1, w3lib 2.1.1, Twisted 22.10.0, Python 3.10.10 (main, Mar  5 2023, 22:26:53) [GCC 12.2.1 20230201], pyOpenSSL 23.2.0 (OpenSSL 3.1.1 30 May 2023), cryptography 41.0.1, Platform Linux-6.2.12-arch1-1-x86_64-with-glibc2.37
2023-06-30 17:45:41 [scrapy.crawler] INFO: Overridden settings:
{'BOT_NAME': 'ndlcrawler',
 'FEED_EXPORT_ENCODING': 'utf-8',
 'LOG_FILE': 'logs/booklist.title.寶.DESC.log',
 'NEWSPIDER_MODULE': 'ndlcrawler.spiders',
 'REQUEST_FINGERPRINTER_IMPLEMENTATION': '2.7',
 'ROBOTSTXT_OBEY': True,
 'SPIDER_MODULES': ['ndlcrawler.spiders'],
 'TWISTED_REACTOR': 'twisted.internet.asyncioreactor.AsyncioSelectorReactor'}
2023-06-30 17:45:41 [asyncio] DEBUG: Using selector: EpollSelector
2023-06-30 17:45:41 [scrapy.utils.log] DEBUG: Using reactor: twisted.internet.asyncioreactor.AsyncioSelectorReactor
2023-06-30 17:45:41 [scrapy.utils.log] DEBUG: Using asyncio event loop: asyncio.unix_events._UnixSelectorEventLoop
2023-06-30 17:45:41 [scrapy.extensions.telnet] INFO: Telnet Password: 8b5e1df252b25531
2023-06-30 17:45:41 [scrapy.middleware] INFO: Enabled extensions:
['scrapy.extensions.corestats.CoreStats',
 'scrapy.extensions.telnet.TelnetConsole',
 'scrapy.extensions.memusage.MemoryUsage',
 'scrapy.extensions.logstats.LogStats']
2023-06-30 17:45:41 [scrapy.middleware] INFO: Enabled downloader middlewares:
['scrapy.downloadermiddlewares.robotstxt.RobotsTxtMiddleware',
 'scrapy.downloadermiddlewares.httpauth.HttpAuthMiddleware',
 'scrapy.downloadermiddlewares.downloadtimeout.DownloadTimeoutMiddleware',
 'scrapy.downloadermiddlewares.defaultheaders.DefaultHeadersMiddleware',
 'scrapy.downloadermiddlewares.useragent.UserAgentMiddleware',
 'scrapy.downloadermiddlewares.retry.RetryMiddleware',
 'scrapy.downloadermiddlewares.redirect.MetaRefreshMiddleware',
 'scrapy.downloadermiddlewares.httpcompression.HttpCompressionMiddleware',
 'scrapy.downloadermiddlewares.redirect.RedirectMiddleware',
 'scrapy.downloadermiddlewares.cookies.CookiesMiddleware',
 'scrapy.downloadermiddlewares.httpproxy.HttpProxyMiddleware',
 'scrapy.downloadermiddlewares.stats.DownloaderStats']
2023-06-30 17:45:41 [scrapy.middleware] INFO: Enabled spider middlewares:
['scrapy.spidermiddlewares.httperror.HttpErrorMiddleware',
 'scrapy.spidermiddlewares.offsite.OffsiteMiddleware',
 'scrapy.spidermiddlewares.referer.RefererMiddleware',
 'scrapy.spidermiddlewares.urllength.UrlLengthMiddleware',
 'scrapy.spidermiddlewares.depth.DepthMiddleware']
2023-06-30 17:45:41 [scrapy.middleware] INFO: Enabled item pipelines:
[]
2023-06-30 17:45:41 [scrapy.core.engine] INFO: Spider opened
2023-06-30 17:45:41 [scrapy.extensions.logstats] INFO: Crawled 0 pages (at 0 pages/min), scraped 0 items (at 0 items/min)
2023-06-30 17:45:41 [scrapy.extensions.telnet] INFO: Telnet console listening on 127.0.0.1:6024
2023-06-30 17:45:42 [scrapy.core.engine] DEBUG: Crawled (200) <GET https://dl.ndl.go.jp/robots.txt> (referer: None)
2023-06-30 17:45:43 [scrapy.core.engine] DEBUG: Crawled (200) <POST https://dl.ndl.go.jp/api/item/search> (referer: None)
2023-06-30 17:45:43 [booklist] INFO: Fetched page 1
2023-06-30 17:45:43 [booklist] INFO: VALID_ID: 10301831
2023-06-30 17:45:43 [booklist] INFO: VALID_ID: 9366480
2023-06-30 17:45:43 [booklist] INFO: VALID_ID: 2567387
2023-06-30 17:45:43 [booklist] INFO: VALID_ID: 2543959
2023-06-30 17:45:43 [booklist] INFO: VALID_ID: 9892979
2023-06-30 17:45:43 [booklist] INFO: VALID_ID: 2589389
2023-06-30 17:45:43 [booklist] INFO: VALID_ID: 9892826
2023-06-30 17:45:43 [booklist] INFO: VALID_ID: 2605588
2023-06-30 17:45:43 [booklist] INFO: VALID_ID: 2589392
2023-06-30 17:45:43 [booklist] INFO: VALID_ID: 2543960
2023-06-30 17:45:43 [booklist] INFO: VALID_ID: 2609784
2023-06-30 17:45:43 [booklist] INFO: VALID_ID: 9367529
2023-06-30 17:45:43 [booklist] INFO: VALID_ID: 2595908
2023-06-30 17:45:43 [booklist] INFO: VALID_ID: 2544190
2023-06-30 17:45:43 [booklist] INFO: VALID_ID: 2606249
2023-06-30 17:45:43 [booklist] INFO: VALID_ID: 9892939
2023-06-30 17:45:43 [booklist] INFO: VALID_ID: 2595906
2023-06-30 17:45:43 [booklist] INFO: VALID_ID: 2589396
2023-06-30 17:45:43 [booklist] INFO: VALID_ID: 2595907
2023-06-30 17:45:43 [booklist] INFO: VALID_ID: 2595909
2023-06-30 17:45:43 [booklist] INFO: VALID_ID: 2546839
2023-06-30 17:45:43 [booklist] INFO: VALID_ID: 2559886
2023-06-30 17:45:43 [booklist] INFO: VALID_ID: 2589393
2023-06-30 17:45:43 [booklist] INFO: VALID_ID: 2559883
2023-06-30 17:45:43 [booklist] INFO: VALID_ID: 2561093
2023-06-30 17:45:43 [booklist] INFO: VALID_ID: 2559884
2023-06-30 17:45:43 [booklist] INFO: VALID_ID: 2610259
2023-06-30 17:45:43 [booklist] INFO: VALID_ID: 2542099
2023-06-30 17:45:43 [booklist] INFO: VALID_ID: 2610349
2023-06-30 17:45:43 [booklist] INFO: VALID_ID: 2589397
2023-06-30 17:45:43 [booklist] INFO: VALID_ID: 2589399
2023-06-30 17:45:43 [booklist] INFO: VALID_ID: 2544189
2023-06-30 17:45:43 [booklist] INFO: VALID_ID: 2561094
2023-06-30 17:45:43 [booklist] INFO: VALID_ID: 2546835
2023-06-30 17:45:43 [booklist] INFO: VALID_ID: 2608600
2023-06-30 17:45:43 [booklist] INFO: VALID_ID: 2546829
2023-06-30 17:45:43 [booklist] INFO: VALID_ID: 2608142
2023-06-30 17:45:43 [booklist] INFO: VALID_ID: 2541896
2023-06-30 17:45:43 [booklist] INFO: VALID_ID: 2595905
2023-06-30 17:45:43 [booklist] INFO: VALID_ID: 2589398
2023-06-30 17:45:43 [booklist] INFO: VALID_ID: 2610766
2023-06-30 17:45:43 [booklist] INFO: VALID_ID: 2559885
2023-06-30 17:45:43 [booklist] INFO: VALID_ID: 2609846
2023-06-30 17:45:43 [booklist] INFO: VALID_ID: 2546828
2023-06-30 17:45:43 [booklist] INFO: VALID_ID: 2547351
2023-06-30 17:45:43 [booklist] INFO: VALID_ID: 2549874
2023-06-30 17:45:43 [booklist] INFO: VALID_ID: 2546830
2023-06-30 17:45:43 [booklist] INFO: VALID_ID: 12865474
2023-06-30 17:45:43 [booklist] INFO: VALID_ID: 2546840
2023-06-30 17:45:43 [booklist] INFO: VALID_ID: 2547508
2023-06-30 17:45:43 [booklist] INFO: VALID_ID: 10301821
2023-06-30 17:45:43 [booklist] INFO: VALID_ID: 2538923
2023-06-30 17:45:43 [booklist] INFO: VALID_ID: 2547511
2023-06-30 17:45:43 [booklist] INFO: VALID_ID: 2540032
2023-06-30 17:45:43 [booklist] INFO: VALID_ID: 2547408
2023-06-30 17:45:43 [booklist] INFO: VALID_ID: 2579592
2023-06-30 17:45:43 [booklist] INFO: VALID_ID: 2611031
2023-06-30 17:45:43 [booklist] INFO: VALID_ID: 2547509
2023-06-30 17:45:43 [booklist] INFO: VALID_ID: 2547349
2023-06-30 17:45:43 [booklist] INFO: VALID_ID: 2547409
2023-06-30 17:45:43 [booklist] INFO: VALID_ID: 2546836
2023-06-30 17:45:43 [booklist] INFO: VALID_ID: 2532157
2023-06-30 17:45:43 [booklist] INFO: VALID_ID: 2547596
2023-06-30 17:45:43 [booklist] INFO: VALID_ID: 2547507
2023-06-30 17:45:43 [booklist] INFO: VALID_ID: 2547515
2023-06-30 17:45:43 [booklist] INFO: VALID_ID: 2547510
2023-06-30 17:45:43 [booklist] INFO: VALID_ID: 2532607
2023-06-30 17:45:43 [booklist] INFO: VALID_ID: 2540669
2023-06-30 17:45:43 [booklist] INFO: VALID_ID: 2579593
2023-06-30 17:45:43 [booklist] INFO: VALID_ID: 2547350
2023-06-30 17:45:43 [booklist] INFO: VALID_ID: 2547410
2023-06-30 17:45:43 [booklist] INFO: VALID_ID: 2547512
2023-06-30 17:45:43 [booklist] INFO: VALID_ID: 2547506
2023-06-30 17:45:43 [booklist] INFO: VALID_ID: 2547513
2023-06-30 17:45:43 [booklist] INFO: VALID_ID: 2547514
2023-06-30 17:45:43 [booklist] INFO: VALID_ID: 9893274
2023-06-30 17:45:43 [booklist] INFO: VALID_ID: 2532667
2023-06-30 17:45:43 [booklist] INFO: VALID_ID: 2532666
2023-06-30 17:45:43 [booklist] INFO: VALID_ID: 2547516
2023-06-30 17:45:43 [booklist] INFO: VALID_ID: 8929947
2023-06-30 17:45:43 [booklist] INFO: VALID_ID: 2606873
2023-06-30 17:45:43 [booklist] INFO: VALID_ID: 2540754
2023-06-30 17:45:43 [booklist] INFO: VALID_ID: 2547505
2023-06-30 17:45:43 [booklist] INFO: VALID_ID: 2547557
2023-06-30 17:45:43 [booklist] INFO: VALID_ID: 2547597
2023-06-30 17:45:43 [booklist] INFO: VALID_ID: 2547560
2023-06-30 17:45:43 [booklist] INFO: VALID_ID: 2541622
2023-06-30 17:45:43 [booklist] INFO: VALID_ID: 2547562
2023-06-30 17:45:43 [booklist] INFO: VALID_ID: 2533178
2023-06-30 17:45:43 [booklist] INFO: VALID_ID: 2549875
2023-06-30 17:45:43 [booklist] INFO: VALID_ID: 2547563
2023-06-30 17:45:43 [booklist] INFO: VALID_ID: 2549877
2023-06-30 17:45:43 [booklist] INFO: VALID_ID: 2536902
2023-06-30 17:45:43 [booklist] INFO: VALID_ID: 2605227
2023-06-30 17:45:43 [booklist] INFO: VALID_ID: 2541134
2023-06-30 17:45:43 [booklist] INFO: VALID_ID: 2532219
2023-06-30 17:45:43 [booklist] INFO: VALID_ID: 9892957
2023-06-30 17:45:43 [booklist] INFO: VALID_ID: 2533191
2023-06-30 17:45:43 [booklist] INFO: VALID_ID: 2547411
2023-06-30 17:45:43 [booklist] INFO: VALID_ID: 10301832
2023-06-30 17:45:44 [scrapy.core.engine] DEBUG: Crawled (200) <POST https://dl.ndl.go.jp/api/item/search> (referer: https://dl.ndl.go.jp/api/item/search)
2023-06-30 17:45:44 [booklist] INFO: Fetched page 2
2023-06-30 17:45:44 [booklist] INFO: VALID_ID: 2533191
2023-06-30 17:45:44 [booklist] INFO: VALID_ID: 2606511
2023-06-30 17:45:44 [booklist] INFO: VALID_ID: 2606961
2023-06-30 17:45:44 [booklist] INFO: VALID_ID: 2547411
2023-06-30 17:45:44 [booklist] INFO: VALID_ID: 2606148
2023-06-30 17:45:44 [booklist] INFO: VALID_ID: 2607642
2023-06-30 17:45:44 [booklist] INFO: VALID_ID: 2606927
2023-06-30 17:45:44 [booklist] INFO: VALID_ID: 1287664
2023-06-30 17:45:44 [booklist] INFO: VALID_ID: 9892475
2023-06-30 17:45:44 [booklist] INFO: VALID_ID: 2610014
2023-06-30 17:45:44 [booklist] INFO: VALID_ID: 2605345
2023-06-30 17:45:44 [booklist] INFO: VALID_ID: 2606449
2023-06-30 17:45:44 [booklist] INFO: VALID_ID: 2605201
2023-06-30 17:45:44 [booklist] INFO: VALID_ID: 2606242
2023-06-30 17:45:44 [booklist] INFO: VALID_ID: 2547429
2023-06-30 17:45:44 [booklist] INFO: VALID_ID: 9892760
2023-06-30 17:45:44 [booklist] INFO: VALID_ID: 2606518
2023-06-30 17:45:44 [booklist] INFO: VALID_ID: 2547421
2023-06-30 17:45:44 [booklist] INFO: VALID_ID: 8929954
2023-06-30 17:45:44 [booklist] INFO: VALID_ID: 2606812
2023-06-30 17:45:44 [booklist] INFO: VALID_ID: 2559985
2023-06-30 17:45:44 [booklist] INFO: VALID_ID: 2605583
2023-06-30 17:45:44 [booklist] INFO: VALID_ID: 2547312
2023-06-30 17:45:44 [booklist] INFO: VALID_ID: 2605333
2023-06-30 17:45:44 [booklist] INFO: VALID_ID: 2571640
2023-06-30 17:45:44 [booklist] INFO: VALID_ID: 2537280
2023-06-30 17:45:44 [booklist] INFO: VALID_ID: 2608983
2023-06-30 17:45:44 [booklist] INFO: VALID_ID: 2607973
2023-06-30 17:45:44 [booklist] INFO: VALID_ID: 2607169
2023-06-30 17:45:44 [booklist] INFO: VALID_ID: 2547401
2023-06-30 17:45:44 [booklist] INFO: VALID_ID: 2559983
2023-06-30 17:45:44 [booklist] INFO: VALID_ID: 9892399
2023-06-30 17:45:44 [booklist] INFO: VALID_ID: 2533489
2023-06-30 17:45:44 [booklist] INFO: VALID_ID: 2536815
2023-06-30 17:45:44 [booklist] INFO: VALID_ID: 2556695
2023-06-30 17:45:44 [booklist] INFO: VALID_ID: 2556699
2023-06-30 17:45:44 [booklist] INFO: VALID_ID: 2607147
2023-06-30 17:45:44 [booklist] INFO: VALID_ID: 2556696
2023-06-30 17:45:44 [booklist] INFO: VALID_ID: 2556698
2023-06-30 17:45:44 [booklist] INFO: VALID_ID: 2556700
2023-06-30 17:45:44 [booklist] INFO: VALID_ID: 2606340
2023-06-30 17:45:44 [booklist] INFO: VALID_ID: 2559984
2023-06-30 17:45:44 [booklist] INFO: VALID_ID: 2543230
2023-06-30 17:45:44 [booklist] INFO: VALID_ID: 2605590
2023-06-30 17:45:44 [booklist] INFO: VALID_ID: 2535422
2023-06-30 17:45:44 [booklist] INFO: VALID_ID: 2574174
2023-06-30 17:45:44 [booklist] INFO: VALID_ID: 2534669
2023-06-30 17:45:44 [booklist] INFO: VALID_ID: 2535420
2023-06-30 17:45:44 [booklist] INFO: VALID_ID: 2574171
2023-06-30 17:45:44 [booklist] INFO: VALID_ID: 2574172
2023-06-30 17:45:44 [booklist] INFO: VALID_ID: 2556697
2023-06-30 17:45:44 [booklist] INFO: VALID_ID: 2574173
2023-06-30 17:45:44 [booklist] INFO: VALID_ID: 2606594
2023-06-30 17:45:44 [booklist] INFO: VALID_ID: 2549940
2023-06-30 17:45:44 [booklist] INFO: VALID_ID: 2537507
2023-06-30 17:45:44 [booklist] INFO: VALID_ID: 2536582
2023-06-30 17:45:44 [booklist] INFO: VALID_ID: 2549954
2023-06-30 17:45:44 [booklist] INFO: VALID_ID: 2549967
2023-06-30 17:45:44 [booklist] INFO: VALID_ID: 2549939
2023-06-30 17:45:44 [booklist] INFO: VALID_ID: 2610682
2023-06-30 17:45:44 [booklist] INFO: VALID_ID: 2574170
2023-06-30 17:45:44 [booklist] INFO: VALID_ID: 2546783
2023-06-30 17:45:44 [booklist] INFO: VALID_ID: 2605706
2023-06-30 17:45:44 [booklist] INFO: VALID_ID: 2549964
2023-06-30 17:45:44 [booklist] INFO: VALID_ID: 2549938
2023-06-30 17:45:44 [booklist] INFO: VALID_ID: 2549944
2023-06-30 17:45:44 [booklist] INFO: VALID_ID: 2606777
2023-06-30 17:45:44 [booklist] INFO: VALID_ID: 2549960
2023-06-30 17:45:44 [booklist] INFO: VALID_ID: 2549965
2023-06-30 17:45:44 [booklist] INFO: VALID_ID: 2549953
2023-06-30 17:45:44 [booklist] INFO: VALID_ID: 2549943
2023-06-30 17:45:44 [booklist] INFO: VALID_ID: 2549945
2023-06-30 17:45:44 [booklist] INFO: VALID_ID: 2549961
2023-06-30 17:45:44 [booklist] INFO: VALID_ID: 2536205
2023-06-30 17:45:44 [booklist] INFO: VALID_ID: 2549955
2023-06-30 17:45:44 [booklist] INFO: VALID_ID: 2549969
2023-06-30 17:45:44 [booklist] INFO: VALID_ID: 2551863
2023-06-30 17:45:44 [booklist] INFO: VALID_ID: 2549957
2023-06-30 17:45:44 [booklist] INFO: VALID_ID: 2549937
2023-06-30 17:45:44 [booklist] INFO: VALID_ID: 2549947
2023-06-30 17:45:44 [booklist] INFO: VALID_ID: 2549952
2023-06-30 17:45:44 [booklist] INFO: VALID_ID: 2536620
2023-06-30 17:45:44 [booklist] INFO: VALID_ID: 2549948
2023-06-30 17:45:44 [booklist] INFO: VALID_ID: 2549950
2023-06-30 17:45:44 [booklist] INFO: VALID_ID: 2549936
2023-06-30 17:45:44 [booklist] INFO: VALID_ID: 2549958
2023-06-30 17:45:44 [booklist] INFO: VALID_ID: 2536159
2023-06-30 17:45:44 [booklist] INFO: VALID_ID: 2537281
2023-06-30 17:45:44 [booklist] INFO: VALID_ID: 2551862
2023-06-30 17:45:44 [booklist] INFO: VALID_ID: 2533641
2023-06-30 17:45:44 [booklist] INFO: VALID_ID: 2549966
2023-06-30 17:45:44 [booklist] INFO: VALID_ID: 2547502
2023-06-30 17:45:44 [booklist] INFO: VALID_ID: 2535142
2023-06-30 17:45:44 [booklist] INFO: VALID_ID: 2549968
2023-06-30 17:45:44 [booklist] INFO: VALID_ID: 2535143
2023-06-30 17:45:44 [booklist] INFO: VALID_ID: 2608551
2023-06-30 17:45:44 [booklist] INFO: VALID_ID: 2549956
2023-06-30 17:45:44 [booklist] INFO: VALID_ID: 2551864
2023-06-30 17:45:44 [booklist] INFO: VALID_ID: 2549951
2023-06-30 17:45:44 [booklist] INFO: VALID_ID: 2549963
2023-06-30 17:45:45 [scrapy.core.engine] DEBUG: Crawled (200) <POST https://dl.ndl.go.jp/api/item/search> (referer: https://dl.ndl.go.jp/api/item/search)
2023-06-30 17:45:45 [booklist] INFO: Fetched page 3
2023-06-30 17:45:46 [booklist] INFO: VALID_ID: 2549956
2023-06-30 17:45:46 [booklist] INFO: VALID_ID: 2543074
2023-06-30 17:45:46 [booklist] INFO: VALID_ID: 2551864
2023-06-30 17:45:46 [booklist] INFO: VALID_ID: 2549949
2023-06-30 17:45:46 [booklist] INFO: VALID_ID: 2606178
2023-06-30 17:45:46 [booklist] INFO: VALID_ID: 2549941
2023-06-30 17:45:46 [booklist] INFO: VALID_ID: 2549942
2023-06-30 17:45:46 [booklist] INFO: VALID_ID: 2605309
2023-06-30 17:45:46 [booklist] INFO: VALID_ID: 2538834
2023-06-30 17:45:46 [booklist] INFO: VALID_ID: 2549963
2023-06-30 17:45:46 [booklist] INFO: VALID_ID: 2535562
2023-06-30 17:45:46 [booklist] INFO: VALID_ID: 2535569
2023-06-30 17:45:46 [booklist] INFO: VALID_ID: 2535558
2023-06-30 17:45:46 [booklist] INFO: VALID_ID: 2535571
2023-06-30 17:45:46 [booklist] INFO: VALID_ID: 2535561
2023-06-30 17:45:46 [booklist] INFO: VALID_ID: 2535565
2023-06-30 17:45:46 [booklist] INFO: VALID_ID: 2535553
2023-06-30 17:45:46 [booklist] INFO: VALID_ID: 2535557
2023-06-30 17:45:46 [booklist] INFO: VALID_ID: 2535560
2023-06-30 17:45:46 [booklist] INFO: VALID_ID: 2535556
2023-06-30 17:45:46 [booklist] INFO: VALID_ID: 2535564
2023-06-30 17:45:46 [booklist] INFO: VALID_ID: 2535572
2023-06-30 17:45:46 [booklist] INFO: VALID_ID: 2539824
2023-06-30 17:45:46 [booklist] INFO: VALID_ID: 2558820
2023-06-30 17:45:46 [booklist] INFO: VALID_ID: 2535552
2023-06-30 17:45:46 [booklist] INFO: VALID_ID: 2535563
2023-06-30 17:45:46 [booklist] INFO: VALID_ID: 2535570
2023-06-30 17:45:46 [booklist] INFO: VALID_ID: 2535555
2023-06-30 17:45:46 [booklist] INFO: VALID_ID: 2535567
2023-06-30 17:45:46 [booklist] INFO: VALID_ID: 2533767
2023-06-30 17:45:46 [booklist] INFO: VALID_ID: 2535568
2023-06-30 17:45:46 [booklist] INFO: VALID_ID: 2535146
2023-06-30 17:45:46 [booklist] INFO: VALID_ID: 2558819
2023-06-30 17:45:46 [booklist] INFO: VALID_ID: 2535559
2023-06-30 17:45:46 [booklist] INFO: VALID_ID: 2543880
2023-06-30 17:45:46 [booklist] INFO: VALID_ID: 2532469
2023-06-30 17:45:46 [booklist] INFO: VALID_ID: 2571234
2023-06-30 17:45:46 [booklist] INFO: VALID_ID: 11446304
2023-06-30 17:45:46 [booklist] INFO: VALID_ID: 2571348
2023-06-30 17:45:46 [booklist] INFO: VALID_ID: 2554280
2023-06-30 17:45:46 [booklist] INFO: VALID_ID: 2571323
2023-06-30 17:45:46 [booklist] INFO: VALID_ID: 2571333
2023-06-30 17:45:46 [booklist] INFO: VALID_ID: 2538793
2023-06-30 17:45:46 [booklist] INFO: VALID_ID: 2571235
2023-06-30 17:45:46 [booklist] INFO: VALID_ID: 11446305
2023-06-30 17:45:46 [booklist] INFO: VALID_ID: 2571328
2023-06-30 17:45:46 [booklist] INFO: VALID_ID: 2546818
2023-06-30 17:45:46 [booklist] INFO: VALID_ID: 2546819
2023-06-30 17:45:46 [booklist] INFO: VALID_ID: 2535554
2023-06-30 17:45:46 [booklist] INFO: VALID_ID: 11446323
2023-06-30 17:45:46 [booklist] INFO: VALID_ID: 2543879
2023-06-30 17:45:46 [booklist] INFO: VALID_ID: 2554282
2023-06-30 17:45:46 [booklist] INFO: VALID_ID: 11446300
2023-06-30 17:45:46 [booklist] INFO: VALID_ID: 11446306
2023-06-30 17:45:46 [booklist] INFO: VALID_ID: 2571318
2023-06-30 17:45:46 [booklist] INFO: VALID_ID: 11446318
2023-06-30 17:45:46 [booklist] INFO: VALID_ID: 11446320
2023-06-30 17:45:46 [booklist] INFO: VALID_ID: 11446303
2023-06-30 17:45:46 [booklist] INFO: VALID_ID: 11446310
2023-06-30 17:45:46 [booklist] INFO: VALID_ID: 2554286
2023-06-30 17:45:46 [booklist] INFO: VALID_ID: 2546950
2023-06-30 17:45:46 [booklist] INFO: VALID_ID: 2554284
2023-06-30 17:45:46 [booklist] INFO: VALID_ID: 11446317
2023-06-30 17:45:46 [booklist] INFO: VALID_ID: 2571351
2023-06-30 17:45:46 [booklist] INFO: VALID_ID: 2609047
2023-06-30 17:45:46 [booklist] INFO: VALID_ID: 2542619
2023-06-30 17:45:46 [booklist] INFO: VALID_ID: 2535538
2023-06-30 17:45:46 [booklist] INFO: VALID_ID: 2607771
2023-06-30 17:45:46 [booklist] INFO: VALID_ID: 11446315
2023-06-30 17:45:46 [booklist] INFO: VALID_ID: 2571335
2023-06-30 17:45:46 [booklist] INFO: VALID_ID: 2562557
2023-06-30 17:45:46 [booklist] INFO: VALID_ID: 2571356
2023-06-30 17:45:46 [booklist] INFO: VALID_ID: 2546951
2023-06-30 17:45:46 [booklist] INFO: VALID_ID: 11446314
2023-06-30 17:45:46 [booklist] INFO: VALID_ID: 11446324
2023-06-30 17:45:46 [booklist] INFO: VALID_ID: 2571343
2023-06-30 17:45:46 [booklist] INFO: VALID_ID: 2571352
2023-06-30 17:45:46 [booklist] INFO: VALID_ID: 2571314
2023-06-30 17:45:46 [booklist] INFO: VALID_ID: 2571315
2023-06-30 17:45:46 [booklist] INFO: VALID_ID: 11446311
2023-06-30 17:45:46 [booklist] INFO: VALID_ID: 2571324
2023-06-30 17:45:46 [booklist] INFO: VALID_ID: 2571327
2023-06-30 17:45:46 [booklist] INFO: VALID_ID: 2571332
2023-06-30 17:45:46 [booklist] INFO: VALID_ID: 2571334
2023-06-30 17:45:46 [booklist] INFO: VALID_ID: 2571342
2023-06-30 17:45:46 [booklist] INFO: VALID_ID: 2535587
2023-06-30 17:45:46 [booklist] INFO: VALID_ID: 2554283
2023-06-30 17:45:46 [booklist] INFO: VALID_ID: 2571233
2023-06-30 17:45:46 [booklist] INFO: VALID_ID: 2554285
2023-06-30 17:45:46 [booklist] INFO: VALID_ID: 2571312
2023-06-30 17:45:46 [booklist] INFO: VALID_ID: 11446302
2023-06-30 17:45:46 [booklist] INFO: VALID_ID: 11446319
2023-06-30 17:45:46 [booklist] INFO: VALID_ID: 2571353
2023-06-30 17:45:46 [booklist] INFO: VALID_ID: 2571354
2023-06-30 17:45:46 [booklist] INFO: VALID_ID: 2543883
2023-06-30 17:45:46 [booklist] INFO: VALID_ID: 2535537
2023-06-30 17:45:46 [booklist] INFO: VALID_ID: 2554185
2023-06-30 17:45:46 [booklist] INFO: VALID_ID: 2571331
2023-06-30 17:45:46 [booklist] INFO: VALID_ID: 2571350
2023-06-30 17:45:46 [booklist] INFO: VALID_ID: 2607857
2023-06-30 17:45:47 [scrapy.core.engine] DEBUG: Crawled (200) <POST https://dl.ndl.go.jp/api/item/search> (referer: https://dl.ndl.go.jp/api/item/search)
2023-06-30 17:45:47 [booklist] INFO: Fetched page 4
2023-06-30 17:45:47 [booklist] INFO: VALID_ID: 2571314
2023-06-30 17:45:47 [booklist] INFO: VALID_ID: 2571315
2023-06-30 17:45:47 [booklist] INFO: VALID_ID: 11446311
2023-06-30 17:45:47 [booklist] INFO: VALID_ID: 2571324
2023-06-30 17:45:47 [booklist] INFO: VALID_ID: 2571327
2023-06-30 17:45:47 [booklist] INFO: VALID_ID: 2571332
2023-06-30 17:45:47 [booklist] INFO: VALID_ID: 2571334
2023-06-30 17:45:47 [booklist] INFO: VALID_ID: 2571342
2023-06-30 17:45:47 [booklist] INFO: VALID_ID: 2571232
2023-06-30 17:45:47 [booklist] INFO: VALID_ID: 11446313
2023-06-30 17:45:47 [booklist] INFO: VALID_ID: 2562556
2023-06-30 17:45:47 [booklist] INFO: VALID_ID: 2562558
2023-06-30 17:45:47 [booklist] INFO: VALID_ID: 2605474
2023-06-30 17:45:47 [booklist] INFO: VALID_ID: 11446326
2023-06-30 17:45:47 [booklist] INFO: VALID_ID: 2532224
2023-06-30 17:45:47 [booklist] INFO: VALID_ID: 2543882
2023-06-30 17:45:47 [booklist] INFO: VALID_ID: 11446297
2023-06-30 17:45:47 [booklist] INFO: VALID_ID: 2571321
2023-06-30 17:45:47 [booklist] INFO: VALID_ID: 2571325
2023-06-30 17:45:47 [booklist] INFO: VALID_ID: 2571337
2023-06-30 17:45:47 [booklist] INFO: VALID_ID: 11446298
2023-06-30 17:45:47 [booklist] INFO: VALID_ID: 2571341
2023-06-30 17:45:47 [booklist] INFO: VALID_ID: 2571311
2023-06-30 17:45:47 [booklist] INFO: VALID_ID: 2571313
2023-06-30 17:45:47 [booklist] INFO: VALID_ID: 2571329
2023-06-30 17:45:47 [booklist] INFO: VALID_ID: 2558622
2023-06-30 17:45:47 [booklist] INFO: VALID_ID: 2571349
2023-06-30 17:45:47 [booklist] INFO: VALID_ID: 2571357
2023-06-30 17:45:47 [booklist] INFO: VALID_ID: 2554181
2023-06-30 17:45:47 [booklist] INFO: VALID_ID: 2606502
2023-06-30 17:45:47 [booklist] INFO: VALID_ID: 2607377
2023-06-30 17:45:47 [booklist] INFO: VALID_ID: 2571308
2023-06-30 17:45:47 [booklist] INFO: VALID_ID: 2535491
2023-06-30 17:45:47 [booklist] INFO: VALID_ID: 11446309
2023-06-30 17:45:47 [booklist] INFO: VALID_ID: 2571330
2023-06-30 17:45:47 [booklist] INFO: VALID_ID: 2606236
2023-06-30 17:45:47 [booklist] INFO: VALID_ID: 2535493
2023-06-30 17:45:47 [booklist] INFO: VALID_ID: 2554183
2023-06-30 17:45:47 [booklist] INFO: VALID_ID: 2571317
2023-06-30 17:45:47 [booklist] INFO: VALID_ID: 2571339
2023-06-30 17:45:47 [booklist] INFO: VALID_ID: 2571340
2023-06-30 17:45:47 [booklist] INFO: VALID_ID: 2535423
2023-06-30 17:45:47 [booklist] INFO: VALID_ID: 2538830
2023-06-30 17:45:47 [booklist] INFO: VALID_ID: 11446680
2023-06-30 17:45:47 [booklist] INFO: VALID_ID: 2605647
2023-06-30 17:45:47 [booklist] INFO: VALID_ID: 2554184
2023-06-30 17:45:47 [booklist] INFO: VALID_ID: 11446301
2023-06-30 17:45:47 [booklist] INFO: VALID_ID: 2571326
2023-06-30 17:45:47 [booklist] INFO: VALID_ID: 2571338
2023-06-30 17:45:47 [booklist] INFO: VALID_ID: 2543884
2023-06-30 17:45:47 [booklist] INFO: VALID_ID: 2546821
2023-06-30 17:45:47 [booklist] INFO: VALID_ID: 2546822
2023-06-30 17:45:47 [booklist] INFO: VALID_ID: 2563517
2023-06-30 17:45:47 [booklist] INFO: VALID_ID: 2563523
2023-06-30 17:45:47 [booklist] INFO: VALID_ID: 2546825
2023-06-30 17:45:47 [booklist] INFO: VALID_ID: 2543885
2023-06-30 17:45:47 [booklist] INFO: VALID_ID: 2534068
2023-06-30 17:45:47 [booklist] INFO: VALID_ID: 2540744
2023-06-30 17:45:47 [booklist] INFO: VALID_ID: 2605439
2023-06-30 17:45:47 [booklist] INFO: VALID_ID: 2571310
2023-06-30 17:45:47 [booklist] INFO: VALID_ID: 2571316
2023-06-30 17:45:47 [booklist] INFO: VALID_ID: 11446321
2023-06-30 17:45:47 [booklist] INFO: VALID_ID: 2571336
2023-06-30 17:45:47 [booklist] INFO: VALID_ID: 2540915
2023-06-30 17:45:47 [booklist] INFO: VALID_ID: 2537716
2023-06-30 17:45:47 [booklist] INFO: VALID_ID: 2571231
2023-06-30 17:45:47 [booklist] INFO: VALID_ID: 2571309
2023-06-30 17:45:47 [booklist] INFO: VALID_ID: 11446299
2023-06-30 17:45:47 [booklist] INFO: VALID_ID: 11446308
2023-06-30 17:45:47 [booklist] INFO: VALID_ID: 2571322
2023-06-30 17:45:47 [booklist] INFO: VALID_ID: 2571347
2023-06-30 17:45:47 [booklist] INFO: VALID_ID: 2537086
2023-06-30 17:45:47 [booklist] INFO: VALID_ID: 2599658
2023-06-30 17:45:47 [booklist] INFO: VALID_ID: 2542724
2023-06-30 17:45:47 [booklist] INFO: VALID_ID: 2546842
2023-06-30 17:45:47 [booklist] INFO: VALID_ID: 2609564
2023-06-30 17:45:47 [booklist] INFO: VALID_ID: 2554182
2023-06-30 17:45:47 [booklist] INFO: VALID_ID: 2608311
2023-06-30 17:45:47 [booklist] INFO: VALID_ID: 11446307
2023-06-30 17:45:47 [booklist] INFO: VALID_ID: 11446316
2023-06-30 17:45:47 [booklist] INFO: VALID_ID: 2558620
2023-06-30 17:45:47 [booklist] INFO: VALID_ID: 2571346
2023-06-30 17:45:47 [booklist] INFO: VALID_ID: 8929365
2023-06-30 17:45:47 [booklist] INFO: VALID_ID: 2599659
2023-06-30 17:45:47 [booklist] INFO: VALID_ID: 2546838
2023-06-30 17:45:47 [booklist] INFO: VALID_ID: 2563518
2023-06-30 17:45:47 [booklist] INFO: VALID_ID: 2599660
2023-06-30 17:45:47 [booklist] INFO: VALID_ID: 2605634
2023-06-30 17:45:47 [booklist] INFO: VALID_ID: 2541135
2023-06-30 17:45:47 [booklist] INFO: VALID_ID: 2556224
2023-06-30 17:45:47 [booklist] INFO: VALID_ID: 2537939
2023-06-30 17:45:47 [booklist] INFO: VALID_ID: 1303924
2023-06-30 17:45:47 [booklist] INFO: VALID_ID: 2546827
2023-06-30 17:45:47 [booklist] INFO: VALID_ID: 2546843
2023-06-30 17:45:47 [booklist] INFO: VALID_ID: 2607224
2023-06-30 17:45:47 [booklist] INFO: VALID_ID: 2571319
2023-06-30 17:45:47 [booklist] INFO: VALID_ID: 2571320
2023-06-30 17:45:47 [booklist] INFO: VALID_ID: 2558621
2023-06-30 17:45:47 [booklist] INFO: VALID_ID: 2571345
2023-06-30 17:45:47 [booklist] INFO: VALID_ID: 2609183
2023-06-30 17:45:48 [scrapy.core.engine] DEBUG: Crawled (200) <POST https://dl.ndl.go.jp/api/item/search> (referer: https://dl.ndl.go.jp/api/item/search)
2023-06-30 17:45:48 [booklist] INFO: Fetched page 5
2023-06-30 17:45:49 [booklist] INFO: VALID_ID: 2554281
2023-06-30 17:45:49 [booklist] INFO: VALID_ID: 11446312
2023-06-30 17:45:49 [booklist] INFO: VALID_ID: 11446325
2023-06-30 17:45:49 [booklist] INFO: VALID_ID: 2571344
2023-06-30 17:45:49 [booklist] INFO: VALID_ID: 1288336
2023-06-30 17:45:49 [booklist] INFO: VALID_ID: 2536570
2023-06-30 17:45:49 [booklist] INFO: VALID_ID: 2540915
2023-06-30 17:45:49 [booklist] INFO: VALID_ID: 2537716
2023-06-30 17:45:49 [booklist] INFO: VALID_ID: 2608409
2023-06-30 17:45:49 [booklist] INFO: VALID_ID: 2609564
2023-06-30 17:45:49 [booklist] INFO: VALID_ID: 2543720
2023-06-30 17:45:49 [booklist] INFO: VALID_ID: 2543719
2023-06-30 17:45:49 [booklist] INFO: VALID_ID: 2546820
2023-06-30 17:45:49 [booklist] INFO: VALID_ID: 2543877
2023-06-30 17:45:49 [booklist] INFO: VALID_ID: 2536638
2023-06-30 17:45:49 [booklist] INFO: VALID_ID: 2563525
2023-06-30 17:45:49 [booklist] INFO: VALID_ID: 2546824
2023-06-30 17:45:49 [booklist] INFO: VALID_ID: 2543724
2023-06-30 17:45:49 [booklist] INFO: VALID_ID: 2546838
2023-06-30 17:45:49 [booklist] INFO: VALID_ID: 2543721
2023-06-30 17:45:49 [booklist] INFO: VALID_ID: 2546834
2023-06-30 17:45:49 [booklist] INFO: VALID_ID: 2605736
2023-06-30 17:45:49 [booklist] INFO: VALID_ID: 2532562
2023-06-30 17:45:49 [booklist] INFO: VALID_ID: 2599656
2023-06-30 17:45:49 [booklist] INFO: VALID_ID: 2546844
2023-06-30 17:45:49 [booklist] INFO: VALID_ID: 2563522
2023-06-30 17:45:49 [booklist] INFO: VALID_ID: 2556224
2023-06-30 17:45:49 [booklist] INFO: VALID_ID: 2538768
2023-06-30 17:45:49 [booklist] INFO: VALID_ID: 2543878
2023-06-30 17:45:49 [booklist] INFO: VALID_ID: 2543710
2023-06-30 17:45:49 [booklist] INFO: VALID_ID: 2543881
2023-06-30 17:45:49 [booklist] INFO: VALID_ID: 2540785
2023-06-30 17:45:49 [booklist] INFO: VALID_ID: 2607128
2023-06-30 17:45:49 [booklist] INFO: VALID_ID: 2549450
2023-06-30 17:45:49 [booklist] INFO: VALID_ID: 2549462
2023-06-30 17:45:49 [booklist] INFO: VALID_ID: 2532109
2023-06-30 17:45:49 [booklist] INFO: VALID_ID: 2609733
2023-06-30 17:45:49 [booklist] INFO: VALID_ID: 2549445
2023-06-30 17:45:49 [booklist] INFO: VALID_ID: 2556225
2023-06-30 17:45:49 [booklist] INFO: VALID_ID: 2546848
2023-06-30 17:45:49 [booklist] INFO: VALID_ID: 2543722
2023-06-30 17:45:49 [booklist] INFO: VALID_ID: 2549485
2023-06-30 17:45:49 [booklist] INFO: VALID_ID: 10301358
2023-06-30 17:45:49 [booklist] INFO: VALID_ID: 2549446
2023-06-30 17:45:49 [booklist] INFO: VALID_ID: 2578897
2023-06-30 17:45:49 [booklist] INFO: VALID_ID: 2578888
2023-06-30 17:45:49 [booklist] INFO: VALID_ID: 2543876
2023-06-30 17:45:49 [booklist] INFO: VALID_ID: 9369537
2023-06-30 17:45:49 [booklist] INFO: VALID_ID: 2535588
2023-06-30 17:45:49 [booklist] INFO: VALID_ID: 2539474
2023-06-30 17:45:49 [booklist] INFO: VALID_ID: 2541108
2023-06-30 17:45:49 [booklist] INFO: VALID_ID: 2578885
2023-06-30 17:45:49 [booklist] INFO: VALID_ID: 2549451
2023-06-30 17:45:49 [booklist] INFO: VALID_ID: 2549457
2023-06-30 17:45:49 [booklist] INFO: VALID_ID: 2549470
2023-06-30 17:45:49 [booklist] INFO: VALID_ID: 2578889
2023-06-30 17:45:49 [booklist] INFO: VALID_ID: 2549453
2023-06-30 17:45:49 [booklist] INFO: VALID_ID: 2549464
2023-06-30 17:45:49 [booklist] INFO: VALID_ID: 2549471
2023-06-30 17:45:49 [booklist] INFO: VALID_ID: 2543723
2023-06-30 17:45:49 [booklist] INFO: VALID_ID: 2599657
2023-06-30 17:45:49 [booklist] INFO: VALID_ID: 2610809
2023-06-30 17:45:49 [booklist] INFO: VALID_ID: 2545777
2023-06-30 17:45:49 [booklist] INFO: VALID_ID: 2578892
2023-06-30 17:45:49 [booklist] INFO: VALID_ID: 2549479
2023-06-30 17:45:49 [booklist] INFO: VALID_ID: 2563526
2023-06-30 17:45:49 [booklist] INFO: VALID_ID: 2541336
2023-06-30 17:45:49 [booklist] INFO: VALID_ID: 2578883
2023-06-30 17:45:49 [booklist] INFO: VALID_ID: 2549463
2023-06-30 17:45:49 [booklist] INFO: VALID_ID: 2546850
2023-06-30 17:45:49 [booklist] INFO: VALID_ID: 2574229
2023-06-30 17:45:49 [booklist] INFO: VALID_ID: 2551564
2023-06-30 17:45:49 [booklist] INFO: VALID_ID: 2549465
2023-06-30 17:45:49 [booklist] INFO: VALID_ID: 2543713
2023-06-30 17:45:49 [booklist] INFO: VALID_ID: 2578882
2023-06-30 17:45:49 [booklist] INFO: VALID_ID: 2578891
2023-06-30 17:45:49 [booklist] INFO: VALID_ID: 2546823
2023-06-30 17:45:49 [booklist] INFO: VALID_ID: 2549449
2023-06-30 17:45:49 [booklist] INFO: VALID_ID: 2549452
2023-06-30 17:45:49 [booklist] INFO: VALID_ID: 2578890
2023-06-30 17:45:49 [booklist] INFO: VALID_ID: 2549466
2023-06-30 17:45:49 [booklist] INFO: VALID_ID: 2549469
2023-06-30 17:45:49 [booklist] INFO: VALID_ID: 2538154
2023-06-30 17:45:49 [booklist] INFO: VALID_ID: 2549447
2023-06-30 17:45:49 [booklist] INFO: VALID_ID: 2549461
2023-06-30 17:45:49 [booklist] INFO: VALID_ID: 2608131
2023-06-30 17:45:49 [booklist] INFO: VALID_ID: 2536360
2023-06-30 17:45:49 [booklist] INFO: VALID_ID: 2605673
2023-06-30 17:45:49 [booklist] INFO: VALID_ID: 2537755
2023-06-30 17:45:49 [booklist] INFO: VALID_ID: 2549483
2023-06-30 17:45:49 [booklist] INFO: VALID_ID: 2549475
2023-06-30 17:45:49 [booklist] INFO: VALID_ID: 2536519
2023-06-30 17:45:49 [booklist] INFO: VALID_ID: 2578900
2023-06-30 17:45:49 [booklist] INFO: VALID_ID: 2535430
2023-06-30 17:45:49 [booklist] INFO: VALID_ID: 2605746
2023-06-30 17:45:49 [booklist] INFO: VALID_ID: 2549454
2023-06-30 17:45:49 [booklist] INFO: VALID_ID: 2578887
2023-06-30 17:45:49 [booklist] INFO: VALID_ID: 2549455
2023-06-30 17:45:49 [booklist] INFO: VALID_ID: 2546831
2023-06-30 17:45:49 [booklist] INFO: VALID_ID: 2546851
2023-06-30 17:45:49 [scrapy.core.engine] DEBUG: Crawled (200) <POST https://dl.ndl.go.jp/api/item/search> (referer: https://dl.ndl.go.jp/api/item/search)
2023-06-30 17:45:49 [booklist] INFO: Fetched page 6
2023-06-30 17:45:50 [booklist] INFO: VALID_ID: 2606306
2023-06-30 17:45:50 [booklist] INFO: VALID_ID: 2549456
2023-06-30 17:45:50 [booklist] INFO: VALID_ID: 2578896
2023-06-30 17:45:50 [booklist] INFO: VALID_ID: 2578899
2023-06-30 17:45:50 [booklist] INFO: VALID_ID: 2549480
2023-06-30 17:45:50 [booklist] INFO: VALID_ID: 2563519
2023-06-30 17:45:50 [booklist] INFO: VALID_ID: 2546841
2023-06-30 17:45:50 [booklist] INFO: VALID_ID: 12865395
2023-06-30 17:45:50 [booklist] INFO: VALID_ID: 2578893
2023-06-30 17:45:50 [booklist] INFO: VALID_ID: 2549476
2023-06-30 17:45:50 [booklist] INFO: VALID_ID: 2546847
2023-06-30 17:45:50 [booklist] INFO: VALID_ID: 2546849
2023-06-30 17:45:50 [booklist] INFO: VALID_ID: 2606848
2023-06-30 17:45:50 [booklist] INFO: VALID_ID: 2606853
2023-06-30 17:45:50 [booklist] INFO: VALID_ID: 2543712
2023-06-30 17:45:50 [booklist] INFO: VALID_ID: 2549478
2023-06-30 17:45:50 [booklist] INFO: VALID_ID: 2541222
2023-06-30 17:45:50 [booklist] INFO: VALID_ID: 2556802
2023-06-30 17:45:50 [booklist] INFO: VALID_ID: 2559904
2023-06-30 17:45:50 [booklist] INFO: VALID_ID: 10301788
2023-06-30 17:45:50 [booklist] INFO: VALID_ID: 2546845
2023-06-30 17:45:50 [booklist] INFO: VALID_ID: 2546846
2023-06-30 17:45:50 [booklist] INFO: VALID_ID: 2551562
2023-06-30 17:45:50 [booklist] INFO: VALID_ID: 2540884
2023-06-30 17:45:50 [booklist] INFO: VALID_ID: 2549473
2023-06-30 17:45:50 [booklist] INFO: VALID_ID: 2549474
2023-06-30 17:45:50 [booklist] INFO: VALID_ID: 2551563
2023-06-30 17:45:50 [booklist] INFO: VALID_ID: 2578886
2023-06-30 17:45:50 [booklist] INFO: VALID_ID: 2578894
2023-06-30 17:45:50 [booklist] INFO: VALID_ID: 2549472
2023-06-30 17:45:50 [booklist] INFO: VALID_ID: 2546832
2023-06-30 17:45:50 [booklist] INFO: VALID_ID: 2543711
2023-06-30 17:45:50 [booklist] INFO: VALID_ID: 2543717
2023-06-30 17:45:50 [booklist] INFO: VALID_ID: 2549444
2023-06-30 17:45:50 [booklist] INFO: VALID_ID: 2549460
2023-06-30 17:45:50 [booklist] INFO: VALID_ID: 2549458
2023-06-30 17:45:50 [booklist] INFO: VALID_ID: 2549481
2023-06-30 17:45:50 [booklist] INFO: VALID_ID: 9892433
2023-06-30 17:45:50 [booklist] INFO: VALID_ID: 2578895
2023-06-30 17:45:50 [booklist] INFO: VALID_ID: 2578901
2023-06-30 17:45:50 [booklist] INFO: VALID_ID: 2549477
2023-06-30 17:45:50 [booklist] INFO: VALID_ID: 2543714
2023-06-30 17:45:50 [booklist] INFO: VALID_ID: 1312036
2023-06-30 17:45:50 [booklist] INFO: VALID_ID: 2542734
2023-06-30 17:45:50 [booklist] INFO: VALID_ID: 2575539
2023-06-30 17:45:50 [booklist] INFO: VALID_ID: 2607332
2023-06-30 17:45:50 [booklist] INFO: VALID_ID: 2574228
2023-06-30 17:45:50 [booklist] INFO: VALID_ID: 2549448
2023-06-30 17:45:50 [booklist] INFO: VALID_ID: 2549459
2023-06-30 17:45:50 [booklist] INFO: VALID_ID: 2549468
2023-06-30 17:45:50 [booklist] INFO: VALID_ID: 2537486
2023-06-30 17:45:50 [booklist] INFO: VALID_ID: 2537805
2023-06-30 17:45:50 [booklist] INFO: VALID_ID: 2606632
2023-06-30 17:45:50 [booklist] INFO: VALID_ID: 2605594
2023-06-30 17:45:50 [booklist] INFO: VALID_ID: 2605923
2023-06-30 17:45:50 [booklist] INFO: VALID_ID: 2546837
2023-06-30 17:45:50 [booklist] INFO: VALID_ID: 2543715
2023-06-30 17:45:50 [booklist] INFO: VALID_ID: 10303492
2023-06-30 17:45:50 [booklist] INFO: VALID_ID: 2566761
2023-06-30 17:45:50 [booklist] INFO: VALID_ID: 1312577
2023-06-30 17:45:50 [booklist] INFO: VALID_ID: 2535542
2023-06-30 17:45:50 [booklist] INFO: VALID_ID: 2549467
2023-06-30 17:45:50 [booklist] INFO: VALID_ID: 2575538
2023-06-30 17:45:50 [booklist] INFO: VALID_ID: 2542733
2023-06-30 17:45:50 [booklist] INFO: VALID_ID: 2543088
2023-06-30 17:45:50 [booklist] INFO: VALID_ID: 10303494
2023-06-30 17:45:50 [booklist] INFO: VALID_ID: 2563524
2023-06-30 17:45:50 [booklist] INFO: VALID_ID: 2566458
2023-06-30 17:45:50 [booklist] INFO: VALID_ID: 10303493
2023-06-30 17:45:50 [booklist] INFO: VALID_ID: 2566460
2023-06-30 17:45:50 [booklist] INFO: VALID_ID: 2533146
2023-06-30 17:45:50 [booklist] INFO: VALID_ID: 2545778
2023-06-30 17:45:50 [booklist] INFO: VALID_ID: 2578884
2023-06-30 17:45:50 [booklist] INFO: VALID_ID: 2551565
2023-06-30 17:45:50 [booklist] INFO: VALID_ID: 2578898
2023-06-30 17:45:50 [booklist] INFO: VALID_ID: 2549482
2023-06-30 17:45:50 [booklist] INFO: VALID_ID: 2549484
2023-06-30 17:45:50 [booklist] INFO: VALID_ID: 2566760
2023-06-30 17:45:50 [booklist] INFO: VALID_ID: 10303989
2023-06-30 17:45:50 [booklist] INFO: VALID_ID: 2608232
2023-06-30 17:45:50 [booklist] INFO: VALID_ID: 2536844
2023-06-30 17:45:50 [booklist] INFO: VALID_ID: 10301632
2023-06-30 17:45:50 [booklist] INFO: VALID_ID: 2559903
2023-06-30 17:45:50 [booklist] INFO: VALID_ID: 2609085
2023-06-30 17:45:50 [booklist] INFO: VALID_ID: 2610817
2023-06-30 17:45:50 [booklist] INFO: VALID_ID: 2559902
2023-06-30 17:45:50 [booklist] INFO: VALID_ID: 2546784
2023-06-30 17:45:50 [booklist] INFO: VALID_ID: 2543718
2023-06-30 17:45:50 [booklist] INFO: VALID_ID: 2550735
2023-06-30 17:45:50 [booklist] INFO: VALID_ID: 2546833
2023-06-30 17:45:50 [booklist] INFO: VALID_ID: 2532114
2023-06-30 17:45:50 [booklist] INFO: VALID_ID: 2556800
2023-06-30 17:45:50 [booklist] INFO: VALID_ID: 2536930
2023-06-30 17:45:50 [booklist] INFO: VALID_ID: 2532604
2023-06-30 17:45:50 [booklist] INFO: VALID_ID: 1301840
2023-06-30 17:45:50 [booklist] INFO: VALID_ID: 2550736
2023-06-30 17:45:50 [booklist] INFO: VALID_ID: 2566459
2023-06-30 17:45:50 [booklist] INFO: VALID_ID: 1306594
2023-06-30 17:45:50 [booklist] INFO: VALID_ID: 2552617
2023-06-30 17:45:50 [booklist] INFO: VALID_ID: 2543716
2023-06-30 17:45:51 [scrapy.core.engine] DEBUG: Crawled (200) <POST https://dl.ndl.go.jp/api/item/search> (referer: https://dl.ndl.go.jp/api/item/search)
2023-06-30 17:45:51 [booklist] INFO: Fetched page 7
2023-06-30 17:45:51 [booklist] INFO: VALID_ID: 1302733
2023-06-30 17:45:51 [booklist] INFO: VALID_ID: 2574870
2023-06-30 17:45:51 [booklist] INFO: VALID_ID: 2552619
2023-06-30 17:45:51 [booklist] INFO: VALID_ID: 2559239
2023-06-30 17:45:51 [booklist] INFO: VALID_ID: 8929742
2023-06-30 17:45:51 [booklist] INFO: VALID_ID: 2556801
2023-06-30 17:45:51 [booklist] INFO: VALID_ID: 1286181
2023-06-30 17:45:51 [booklist] INFO: VALID_ID: 8929837
2023-06-30 17:45:51 [booklist] INFO: VALID_ID: 1307453
2023-06-30 17:45:51 [booklist] INFO: VALID_ID: 2538788
2023-06-30 17:45:51 [booklist] INFO: VALID_ID: 8929585
2023-06-30 17:45:51 [booklist] INFO: VALID_ID: 2552618
2023-06-30 17:45:51 [booklist] INFO: VALID_ID: 2532730
2023-06-30 17:45:51 [booklist] INFO: VALID_ID: 2606957
2023-06-30 17:45:51 [booklist] INFO: VALID_ID: 2609450
2023-06-30 17:45:51 [booklist] INFO: VALID_ID: 2574868
2023-06-30 17:45:51 [booklist] INFO: VALID_ID: 2540104
2023-06-30 17:45:51 [booklist] INFO: VALID_ID: 2552616
2023-06-30 17:45:51 [booklist] INFO: VALID_ID: 1310072
2023-06-30 17:45:51 [booklist] INFO: VALID_ID: 2590797
2023-06-30 17:45:51 [booklist] INFO: VALID_ID: 2549878
2023-06-30 17:45:51 [booklist] INFO: VALID_ID: 9893382
2023-06-30 17:45:51 [booklist] INFO: VALID_ID: 2540722
2023-06-30 17:45:51 [booklist] INFO: VALID_ID: 2552615
2023-06-30 17:45:51 [booklist] INFO: VALID_ID: 2564645
2023-06-30 17:45:51 [booklist] INFO: VALID_ID: 9893080
2023-06-30 17:45:51 [booklist] INFO: VALID_ID: 1304206
2023-06-30 17:45:51 [booklist] INFO: VALID_ID: 2535540
2023-06-30 17:45:51 [booklist] INFO: VALID_ID: 2561744
2023-06-30 17:45:51 [booklist] INFO: VALID_ID: 10301533
2023-06-30 17:45:51 [booklist] INFO: VALID_ID: 9892542
2023-06-30 17:45:51 [booklist] INFO: VALID_ID: 12865376
2023-06-30 17:45:51 [booklist] INFO: VALID_ID: 1310060
2023-06-30 17:45:51 [booklist] INFO: VALID_ID: 2574869
2023-06-30 17:45:51 [booklist] INFO: VALID_ID: 1310675
2023-06-30 17:45:51 [booklist] INFO: VALID_ID: 9893207
2023-06-30 17:45:51 [booklist] INFO: VALID_ID: 9893157
2023-06-30 17:45:51 [booklist] INFO: VALID_ID: 2608406
2023-06-30 17:45:51 [booklist] INFO: VALID_ID: 2609648
2023-06-30 17:45:51 [booklist] INFO: VALID_ID: 1306125
2023-06-30 17:45:51 [booklist] INFO: VALID_ID: 9892781
2023-06-30 17:45:51 [booklist] INFO: VALID_ID: 2565608
2023-06-30 17:45:51 [booklist] INFO: VALID_ID: 2565610
2023-06-30 17:45:51 [booklist] INFO: VALID_ID: 1306590
2023-06-30 17:45:51 [booklist] INFO: VALID_ID: 2565609
2023-06-30 17:45:51 [booklist] INFO: VALID_ID: 2605319
2023-06-30 17:45:51 [booklist] INFO: VALID_ID: 2532530
2023-06-30 17:45:51 [booklist] INFO: VALID_ID: 2538840
2023-06-30 17:45:51 [booklist] INFO: VALID_ID: 2565616
2023-06-30 17:45:51 [booklist] INFO: VALID_ID: 9892944
2023-06-30 17:45:51 [booklist] INFO: VALID_ID: 2543061
2023-06-30 17:45:51 [booklist] INFO: VALID_ID: 2539259
2023-06-30 17:45:51 [booklist] INFO: VALID_ID: 2590796
2023-06-30 17:45:51 [booklist] INFO: VALID_ID: 2565612
2023-06-30 17:45:51 [booklist] INFO: VALID_ID: 2565615
2023-06-30 17:45:51 [booklist] INFO: VALID_ID: 2561750
2023-06-30 17:45:51 [booklist] INFO: VALID_ID: 1310069
2023-06-30 17:45:51 [booklist] INFO: VALID_ID: 2564646
2023-06-30 17:45:51 [booklist] INFO: VALID_ID: 2549876
2023-06-30 17:45:51 [booklist] INFO: VALID_ID: 2565607
2023-06-30 17:45:51 [booklist] INFO: VALID_ID: 2565614
2023-06-30 17:45:51 [booklist] INFO: VALID_ID: 2538839
2023-06-30 17:45:51 [booklist] INFO: VALID_ID: 8929796
2023-06-30 17:45:51 [booklist] INFO: VALID_ID: 2542244
2023-06-30 17:45:51 [booklist] INFO: VALID_ID: 2565613
2023-06-30 17:45:51 [booklist] INFO: VALID_ID: 2565618
2023-06-30 17:45:51 [booklist] INFO: VALID_ID: 10301248
2023-06-30 17:45:51 [booklist] INFO: VALID_ID: 1309925
2023-06-30 17:45:51 [booklist] INFO: VALID_ID: 1306418
2023-06-30 17:45:51 [booklist] INFO: VALID_ID: 2565611
2023-06-30 17:45:51 [booklist] INFO: VALID_ID: 1311536
2023-06-30 17:45:51 [booklist] INFO: VALID_ID: 2608704
2023-06-30 17:45:51 [booklist] INFO: VALID_ID: 2541016
2023-06-30 17:45:51 [booklist] INFO: VALID_ID: 2565617
2023-06-30 17:45:51 [booklist] INFO: VALID_ID: 2584239
2023-06-30 17:45:51 [booklist] INFO: VALID_ID: 2548797
2023-06-30 17:45:51 [booklist] INFO: VALID_ID: 2559755
2023-06-30 17:45:51 [booklist] INFO: VALID_ID: 2548016
2023-06-30 17:45:51 [booklist] INFO: VALID_ID: 2591841
2023-06-30 17:45:51 [booklist] INFO: VALID_ID: 2541014
2023-06-30 17:45:51 [booklist] INFO: VALID_ID: 2559753
2023-06-30 17:45:51 [booklist] INFO: VALID_ID: 1304497
2023-06-30 17:45:51 [booklist] INFO: VALID_ID: 8111657
2023-06-30 17:45:51 [booklist] INFO: VALID_ID: 2561952
2023-06-30 17:45:51 [booklist] INFO: VALID_ID: 2559756
2023-06-30 17:45:51 [booklist] INFO: VALID_ID: 2605527
2023-06-30 17:45:51 [booklist] INFO: VALID_ID: 2608335
2023-06-30 17:45:51 [booklist] INFO: VALID_ID: 1286732
2023-06-30 17:45:51 [booklist] INFO: VALID_ID: 1303192
2023-06-30 17:45:51 [booklist] INFO: VALID_ID: 2575210
2023-06-30 17:45:51 [booklist] INFO: VALID_ID: 2605767
2023-06-30 17:45:51 [booklist] INFO: VALID_ID: 2561829
2023-06-30 17:45:51 [booklist] INFO: VALID_ID: 2566539
2023-06-30 17:45:51 [booklist] INFO: VALID_ID: 2548796
2023-06-30 17:45:51 [booklist] INFO: VALID_ID: 2535428
2023-06-30 17:45:51 [booklist] INFO: VALID_ID: 2559754
2023-06-30 17:45:51 [booklist] INFO: VALID_ID: 2542052
2023-06-30 17:45:51 [booklist] INFO: VALID_ID: 9977379
2023-06-30 17:45:51 [booklist] INFO: VALID_ID: 2561832
2023-06-30 17:45:51 [booklist] INFO: VALID_ID: 2548015
2023-06-30 17:45:52 [scrapy.core.engine] DEBUG: Crawled (200) <POST https://dl.ndl.go.jp/api/item/search> (referer: https://dl.ndl.go.jp/api/item/search)
2023-06-30 17:45:52 [booklist] INFO: Fetched page 8
2023-06-30 17:45:52 [booklist] INFO: VALID_ID: 2575210
2023-06-30 17:45:52 [booklist] INFO: VALID_ID: 2559234
2023-06-30 17:45:52 [booklist] INFO: VALID_ID: 2566534
2023-06-30 17:45:52 [booklist] INFO: VALID_ID: 2561746
2023-06-30 17:45:52 [booklist] INFO: VALID_ID: 2540573
2023-06-30 17:45:52 [booklist] INFO: VALID_ID: 2592928
2023-06-30 17:45:52 [booklist] INFO: VALID_ID: 2592929
2023-06-30 17:45:52 [booklist] INFO: VALID_ID: 2592925
2023-06-30 17:45:52 [booklist] INFO: VALID_ID: 2536071
2023-06-30 17:45:52 [booklist] INFO: VALID_ID: 11606630
2023-06-30 17:45:52 [booklist] INFO: VALID_ID: 2561757
2023-06-30 17:45:52 [booklist] INFO: VALID_ID: 2561759
2023-06-30 17:45:52 [booklist] INFO: VALID_ID: 2561753
2023-06-30 17:45:52 [booklist] INFO: VALID_ID: 2538175
2023-06-30 17:45:52 [booklist] INFO: VALID_ID: 2561749
2023-06-30 17:45:52 [booklist] INFO: VALID_ID: 2561751
2023-06-30 17:45:52 [booklist] INFO: VALID_ID: 2561752
2023-06-30 17:45:52 [booklist] INFO: VALID_ID: 2537065
2023-06-30 17:45:52 [booklist] INFO: VALID_ID: 2561755
2023-06-30 17:45:52 [booklist] INFO: VALID_ID: 2546788
2023-06-30 17:45:52 [booklist] INFO: VALID_ID: 2566535
2023-06-30 17:45:52 [booklist] INFO: VALID_ID: 2561743
2023-06-30 17:45:52 [booklist] INFO: VALID_ID: 2569782
2023-06-30 17:45:52 [booklist] INFO: VALID_ID: 2584527
2023-06-30 17:45:52 [booklist] INFO: VALID_ID: 1308650
2023-06-30 17:45:52 [booklist] INFO: VALID_ID: 2592871
2023-06-30 17:45:52 [booklist] INFO: VALID_ID: 2566538
2023-06-30 17:45:52 [booklist] INFO: VALID_ID: 2583747
2023-06-30 17:45:52 [booklist] INFO: VALID_ID: 2576516
2023-06-30 17:45:52 [booklist] INFO: VALID_ID: 2592940
2023-06-30 17:45:52 [booklist] INFO: VALID_ID: 2605676
2023-06-30 17:45:52 [booklist] INFO: VALID_ID: 2585823
2023-06-30 17:45:52 [booklist] INFO: VALID_ID: 2585920
2023-06-30 17:45:52 [booklist] INFO: VALID_ID: 2583774
2023-06-30 17:45:52 [booklist] INFO: VALID_ID: 2538509
2023-06-30 17:45:52 [booklist] INFO: VALID_ID: 2561747
2023-06-30 17:45:52 [booklist] INFO: VALID_ID: 2592938
2023-06-30 17:45:52 [booklist] INFO: VALID_ID: 2585775
2023-06-30 17:45:52 [booklist] INFO: VALID_ID: 2585879
2023-06-30 17:45:52 [booklist] INFO: VALID_ID: 2585802
2023-06-30 17:45:52 [booklist] INFO: VALID_ID: 2585900
2023-06-30 17:45:52 [booklist] INFO: VALID_ID: 2585818
2023-06-30 17:45:52 [booklist] INFO: VALID_ID: 2585922
2023-06-30 17:45:52 [booklist] INFO: VALID_ID: 2585936
2023-06-30 17:45:52 [booklist] INFO: VALID_ID: 2584669
2023-06-30 17:45:52 [booklist] INFO: VALID_ID: 2583748
2023-06-30 17:45:52 [booklist] INFO: VALID_ID: 2559932
2023-06-30 17:45:52 [booklist] INFO: VALID_ID: 2585857
2023-06-30 17:45:52 [booklist] INFO: VALID_ID: 2585766
2023-06-30 17:45:52 [booklist] INFO: VALID_ID: 2585770
2023-06-30 17:45:52 [booklist] INFO: VALID_ID: 2585877
2023-06-30 17:45:52 [booklist] INFO: VALID_ID: 2585891
2023-06-30 17:45:52 [booklist] INFO: VALID_ID: 2585813
2023-06-30 17:45:52 [booklist] INFO: VALID_ID: 2585836
2023-06-30 17:45:52 [booklist] INFO: VALID_ID: 2585841
2023-06-30 17:45:52 [booklist] INFO: VALID_ID: 2559931
2023-06-30 17:45:52 [booklist] INFO: VALID_ID: 2540574
2023-06-30 17:45:52 [booklist] INFO: VALID_ID: 2585873
2023-06-30 17:45:52 [booklist] INFO: VALID_ID: 2585918
2023-06-30 17:45:52 [booklist] INFO: VALID_ID: 2585829
2023-06-30 17:45:52 [booklist] INFO: VALID_ID: 2585938
2023-06-30 17:45:52 [booklist] INFO: VALID_ID: 2585941
2023-06-30 17:45:52 [booklist] INFO: VALID_ID: 2559933
2023-06-30 17:45:52 [booklist] INFO: VALID_ID: 2585858
2023-06-30 17:45:52 [booklist] INFO: VALID_ID: 2585866
2023-06-30 17:45:52 [booklist] INFO: VALID_ID: 2585780
2023-06-30 17:45:52 [booklist] INFO: VALID_ID: 2585889
2023-06-30 17:45:52 [booklist] INFO: VALID_ID: 2585890
2023-06-30 17:45:52 [booklist] INFO: VALID_ID: 2585895
2023-06-30 17:45:52 [booklist] INFO: VALID_ID: 2585901
2023-06-30 17:45:52 [booklist] INFO: VALID_ID: 2585934
2023-06-30 17:45:52 [booklist] INFO: VALID_ID: 2575209
2023-06-30 17:45:52 [booklist] INFO: VALID_ID: 2584701
2023-06-30 17:45:52 [booklist] INFO: VALID_ID: 2585867
2023-06-30 17:45:52 [booklist] INFO: VALID_ID: 2585870
2023-06-30 17:45:52 [booklist] INFO: VALID_ID: 2585782
2023-06-30 17:45:52 [booklist] INFO: VALID_ID: 2585796
2023-06-30 17:45:52 [booklist] INFO: VALID_ID: 2585947
2023-06-30 17:45:52 [booklist] INFO: VALID_ID: 2572719
2023-06-30 17:45:52 [booklist] INFO: VALID_ID: 2585883
2023-06-30 17:45:52 [booklist] INFO: VALID_ID: 2585800
2023-06-30 17:45:52 [booklist] INFO: VALID_ID: 2585810
2023-06-30 17:45:52 [booklist] INFO: VALID_ID: 2585819
2023-06-30 17:45:52 [booklist] INFO: VALID_ID: 2585926
2023-06-30 17:45:52 [booklist] INFO: VALID_ID: 2585846
2023-06-30 17:45:52 [booklist] INFO: VALID_ID: 2585767
2023-06-30 17:45:52 [booklist] INFO: VALID_ID: 2585774
2023-06-30 17:45:52 [booklist] INFO: VALID_ID: 2585908
2023-06-30 17:45:52 [booklist] INFO: VALID_ID: 2585930
2023-06-30 17:45:52 [booklist] INFO: VALID_ID: 2585935
2023-06-30 17:45:52 [booklist] INFO: VALID_ID: 2585946
2023-06-30 17:45:52 [booklist] INFO: VALID_ID: 2541103
2023-06-30 17:45:52 [booklist] INFO: VALID_ID: 2592939
2023-06-30 17:45:52 [booklist] INFO: VALID_ID: 2585862
2023-06-30 17:45:52 [booklist] INFO: VALID_ID: 2585872
2023-06-30 17:45:52 [booklist] INFO: VALID_ID: 2585791
2023-06-30 17:45:52 [booklist] INFO: VALID_ID: 2585801
2023-06-30 17:45:52 [booklist] INFO: VALID_ID: 2585809
2023-06-30 17:45:52 [booklist] INFO: VALID_ID: 2585904
2023-06-30 17:45:52 [booklist] INFO: VALID_ID: 2585923
2023-06-30 17:45:53 [scrapy.core.engine] DEBUG: Crawled (200) <POST https://dl.ndl.go.jp/api/item/search> (referer: https://dl.ndl.go.jp/api/item/search)
2023-06-30 17:45:53 [booklist] INFO: Fetched page 9
2023-06-30 17:45:53 [booklist] INFO: VALID_ID: 2585931
2023-06-30 17:45:53 [booklist] INFO: VALID_ID: 2585850
2023-06-30 17:45:53 [booklist] INFO: VALID_ID: 2585948
2023-06-30 17:45:53 [booklist] INFO: VALID_ID: 2585764
2023-06-30 17:45:53 [booklist] INFO: VALID_ID: 2585910
2023-06-30 17:45:53 [booklist] INFO: VALID_ID: 2585913
2023-06-30 17:45:53 [booklist] INFO: VALID_ID: 2548959
2023-06-30 17:45:53 [booklist] INFO: VALID_ID: 2587292
2023-06-30 17:45:53 [booklist] INFO: VALID_ID: 2547894
2023-06-30 17:45:53 [booklist] INFO: VALID_ID: 2585856
2023-06-30 17:45:53 [booklist] INFO: VALID_ID: 2585861
2023-06-30 17:45:53 [booklist] INFO: VALID_ID: 2585786
2023-06-30 17:45:53 [booklist] INFO: VALID_ID: 2585790
2023-06-30 17:45:53 [booklist] INFO: VALID_ID: 2585808
2023-06-30 17:45:53 [booklist] INFO: VALID_ID: 2585906
2023-06-30 17:45:53 [booklist] INFO: VALID_ID: 2585912
2023-06-30 17:45:53 [booklist] INFO: VALID_ID: 2585817
2023-06-30 17:45:53 [booklist] INFO: VALID_ID: 2585915
2023-06-30 17:45:53 [booklist] INFO: VALID_ID: 2585825
2023-06-30 17:45:53 [booklist] INFO: VALID_ID: 2585924
2023-06-30 17:45:53 [booklist] INFO: VALID_ID: 2610797
2023-06-30 17:45:53 [booklist] INFO: VALID_ID: 2547819
2023-06-30 17:45:53 [booklist] INFO: VALID_ID: 2584054
2023-06-30 17:45:53 [booklist] INFO: VALID_ID: 2559933
2023-06-30 17:45:53 [booklist] INFO: VALID_ID: 2547558
2023-06-30 17:45:53 [booklist] INFO: VALID_ID: 2561824
2023-06-30 17:45:53 [booklist] INFO: VALID_ID: 2559930
2023-06-30 17:45:53 [booklist] INFO: VALID_ID: 2583770
2023-06-30 17:45:53 [booklist] INFO: VALID_ID: 2584697
2023-06-30 17:45:53 [booklist] INFO: VALID_ID: 2585765
2023-06-30 17:45:53 [booklist] INFO: VALID_ID: 2585859
2023-06-30 17:45:53 [booklist] INFO: VALID_ID: 2585880
2023-06-30 17:45:53 [booklist] INFO: VALID_ID: 2585899
2023-06-30 17:45:53 [booklist] INFO: VALID_ID: 2585811
2023-06-30 17:45:53 [booklist] INFO: VALID_ID: 2585827
2023-06-30 17:45:53 [booklist] INFO: VALID_ID: 2585937
2023-06-30 17:45:53 [booklist] INFO: VALID_ID: 2585843
2023-06-30 17:45:53 [booklist] INFO: VALID_ID: 2585849
2023-06-30 17:45:53 [booklist] INFO: VALID_ID: 2544422
2023-06-30 17:45:53 [booklist] INFO: VALID_ID: 2585798
2023-06-30 17:45:53 [booklist] INFO: VALID_ID: 2585902
2023-06-30 17:45:53 [booklist] INFO: VALID_ID: 2585840
2023-06-30 17:45:53 [booklist] INFO: VALID_ID: 2584045
2023-06-30 17:45:53 [booklist] INFO: VALID_ID: 2584177
2023-06-30 17:45:53 [booklist] INFO: VALID_ID: 2585759
2023-06-30 17:45:53 [booklist] INFO: VALID_ID: 2585762
2023-06-30 17:45:53 [booklist] INFO: VALID_ID: 2585794
2023-06-30 17:45:53 [booklist] INFO: VALID_ID: 2585905
2023-06-30 17:45:53 [booklist] INFO: VALID_ID: 2584225
2023-06-30 17:45:53 [booklist] INFO: VALID_ID: 2584668
2023-06-30 17:45:53 [booklist] INFO: VALID_ID: 2606534
2023-06-30 17:45:53 [booklist] INFO: VALID_ID: 2547783
2023-06-30 17:45:53 [booklist] INFO: VALID_ID: 2585771
2023-06-30 17:45:53 [booklist] INFO: VALID_ID: 2585864
2023-06-30 17:45:53 [booklist] INFO: VALID_ID: 2585795
2023-06-30 17:45:53 [booklist] INFO: VALID_ID: 2585797
2023-06-30 17:45:53 [booklist] INFO: VALID_ID: 2585820
2023-06-30 17:45:53 [booklist] INFO: VALID_ID: 2585921
2023-06-30 17:45:53 [booklist] INFO: VALID_ID: 2585842
2023-06-30 17:45:53 [booklist] INFO: VALID_ID: 2585874
2023-06-30 17:45:53 [booklist] INFO: VALID_ID: 2585769
2023-06-30 17:45:53 [booklist] INFO: VALID_ID: 2585871
2023-06-30 17:45:53 [booklist] INFO: VALID_ID: 2585892
2023-06-30 17:45:53 [booklist] INFO: VALID_ID: 2585933
2023-06-30 17:45:53 [booklist] INFO: VALID_ID: 2585853
2023-06-30 17:45:53 [booklist] INFO: VALID_ID: 2585893
2023-06-30 17:45:53 [booklist] INFO: VALID_ID: 2585911
2023-06-30 17:45:53 [booklist] INFO: VALID_ID: 2585917
2023-06-30 17:45:53 [booklist] INFO: VALID_ID: 2585838
2023-06-30 17:45:53 [booklist] INFO: VALID_ID: 2585863
2023-06-30 17:45:53 [booklist] INFO: VALID_ID: 2585772
2023-06-30 17:45:53 [booklist] INFO: VALID_ID: 2585784
2023-06-30 17:45:53 [booklist] INFO: VALID_ID: 2585812
2023-06-30 17:45:53 [booklist] INFO: VALID_ID: 2585916
2023-06-30 17:45:53 [booklist] INFO: VALID_ID: 2585831
2023-06-30 17:45:53 [booklist] INFO: VALID_ID: 2585942
2023-06-30 17:45:53 [booklist] INFO: VALID_ID: 2608444
2023-06-30 17:45:53 [booklist] INFO: VALID_ID: 2547824
2023-06-30 17:45:53 [booklist] INFO: VALID_ID: 2559934
2023-06-30 17:45:53 [booklist] INFO: VALID_ID: 2585855
2023-06-30 17:45:53 [booklist] INFO: VALID_ID: 2585777
2023-06-30 17:45:53 [booklist] INFO: VALID_ID: 2585783
2023-06-30 17:45:53 [booklist] INFO: VALID_ID: 2585894
2023-06-30 17:45:53 [booklist] INFO: VALID_ID: 2585830
2023-06-30 17:45:53 [booklist] INFO: VALID_ID: 2585945
2023-06-30 17:45:53 [booklist] INFO: VALID_ID: 2561953
2023-06-30 17:45:53 [booklist] INFO: VALID_ID: 2583744
2023-06-30 17:45:53 [booklist] INFO: VALID_ID: 2547828
2023-06-30 17:45:53 [booklist] INFO: VALID_ID: 2547896
2023-06-30 17:45:53 [booklist] INFO: VALID_ID: 2592670
2023-06-30 17:45:53 [booklist] INFO: VALID_ID: 2584178
2023-06-30 17:45:53 [booklist] INFO: VALID_ID: 2608991
2023-06-30 17:45:53 [booklist] INFO: VALID_ID: 2585767
2023-06-30 17:45:53 [booklist] INFO: VALID_ID: 2585774
2023-06-30 17:45:53 [booklist] INFO: VALID_ID: 2585908
2023-06-30 17:45:53 [booklist] INFO: VALID_ID: 2585930
2023-06-30 17:45:53 [booklist] INFO: VALID_ID: 2585935
2023-06-30 17:45:53 [booklist] INFO: VALID_ID: 2585946
2023-06-30 17:45:53 [booklist] INFO: VALID_ID: 2585776
2023-06-30 17:45:53 [booklist] INFO: VALID_ID: 2585778
2023-06-30 17:45:55 [scrapy.core.engine] DEBUG: Crawled (200) <POST https://dl.ndl.go.jp/api/item/search> (referer: https://dl.ndl.go.jp/api/item/search)
2023-06-30 17:45:55 [booklist] INFO: Fetched page 10
2023-06-30 17:45:55 [booklist] INFO: VALID_ID: 2585934
2023-06-30 17:45:55 [booklist] INFO: VALID_ID: 2585764
2023-06-30 17:45:55 [booklist] INFO: VALID_ID: 2585910
2023-06-30 17:45:55 [booklist] INFO: VALID_ID: 2585913
2023-06-30 17:45:55 [booklist] INFO: VALID_ID: 2583744
2023-06-30 17:45:55 [booklist] INFO: VALID_ID: 2547828
2023-06-30 17:45:55 [booklist] INFO: VALID_ID: 2547896
2023-06-30 17:45:55 [booklist] INFO: VALID_ID: 2592670
2023-06-30 17:45:55 [booklist] INFO: VALID_ID: 2608444
2023-06-30 17:45:55 [booklist] INFO: VALID_ID: 2559934
2023-06-30 17:45:55 [booklist] INFO: VALID_ID: 2608991
2023-06-30 17:45:55 [booklist] INFO: VALID_ID: 2584178
2023-06-30 17:45:55 [booklist] INFO: VALID_ID: 2561830
2023-06-30 17:45:55 [booklist] INFO: VALID_ID: 2548959
2023-06-30 17:45:55 [booklist] INFO: VALID_ID: 2587292
2023-06-30 17:45:55 [booklist] INFO: VALID_ID: 2563766
2023-06-30 17:45:55 [booklist] INFO: VALID_ID: 2584741
2023-06-30 17:45:55 [booklist] INFO: VALID_ID: 1310809
2023-06-30 17:45:55 [booklist] INFO: VALID_ID: 2547593
2023-06-30 17:45:55 [booklist] INFO: VALID_ID: 2585779
2023-06-30 17:45:55 [booklist] INFO: VALID_ID: 2585886
2023-06-30 17:45:55 [booklist] INFO: VALID_ID: 2585807
2023-06-30 17:45:55 [booklist] INFO: VALID_ID: 2583777
2023-06-30 17:45:55 [booklist] INFO: VALID_ID: 2563757
2023-06-30 17:45:55 [booklist] INFO: VALID_ID: 2571859
2023-06-30 17:45:55 [booklist] INFO: VALID_ID: 2561745
2023-06-30 17:45:55 [booklist] INFO: VALID_ID: 2561822
2023-06-30 17:45:55 [booklist] INFO: VALID_ID: 2561834
2023-06-30 17:45:55 [booklist] INFO: VALID_ID: 11891823
2023-06-30 17:45:55 [booklist] INFO: VALID_ID: 2547822
2023-06-30 17:45:55 [booklist] INFO: VALID_ID: 2584670
2023-06-30 17:45:55 [booklist] INFO: VALID_ID: 1312831
2023-06-30 17:45:55 [booklist] INFO: VALID_ID: 2584045
2023-06-30 17:45:55 [booklist] INFO: VALID_ID: 2609453
2023-06-30 17:45:55 [booklist] INFO: VALID_ID: 2583745
2023-06-30 17:45:55 [booklist] INFO: VALID_ID: 2567095
2023-06-30 17:45:55 [booklist] INFO: VALID_ID: 2532118
2023-06-30 17:45:55 [booklist] INFO: VALID_ID: 2583973
2023-06-30 17:45:55 [booklist] INFO: VALID_ID: 2584740
2023-06-30 17:45:55 [booklist] INFO: VALID_ID: 2585898
2023-06-30 17:45:55 [booklist] INFO: VALID_ID: 2585914
2023-06-30 17:45:55 [booklist] INFO: VALID_ID: 2585822
2023-06-30 17:45:55 [booklist] INFO: VALID_ID: 2585932
2023-06-30 17:45:55 [booklist] INFO: VALID_ID: 2561953
2023-06-30 17:45:55 [booklist] INFO: VALID_ID: 2547893
2023-06-30 17:45:55 [booklist] INFO: VALID_ID: 12866205
2023-06-30 17:45:55 [booklist] INFO: VALID_ID: 12865581
2023-06-30 17:45:55 [booklist] INFO: VALID_ID: 2584047
2023-06-30 17:45:55 [booklist] INFO: VALID_ID: 2547895
2023-06-30 17:45:55 [booklist] INFO: VALID_ID: 12865580
2023-06-30 17:45:55 [booklist] INFO: VALID_ID: 2584671
2023-06-30 17:45:55 [booklist] INFO: VALID_ID: 2588390
2023-06-30 17:45:55 [booklist] INFO: VALID_ID: 2547558
2023-06-30 17:45:55 [booklist] INFO: VALID_ID: 2584033
2023-06-30 17:45:55 [booklist] INFO: VALID_ID: 2584049
2023-06-30 17:45:55 [booklist] INFO: VALID_ID: 2584698
2023-06-30 17:45:55 [booklist] INFO: VALID_ID: 2583746
2023-06-30 17:45:55 [booklist] INFO: VALID_ID: 2585761
2023-06-30 17:45:55 [booklist] INFO: VALID_ID: 2585868
2023-06-30 17:45:55 [booklist] INFO: VALID_ID: 2585875
2023-06-30 17:45:55 [booklist] INFO: VALID_ID: 2585785
2023-06-30 17:45:55 [booklist] INFO: VALID_ID: 2585788
2023-06-30 17:45:55 [booklist] INFO: VALID_ID: 2585792
2023-06-30 17:45:55 [booklist] INFO: VALID_ID: 2583977
2023-06-30 17:45:55 [booklist] INFO: VALID_ID: 2592669
2023-06-30 17:45:55 [booklist] INFO: VALID_ID: 2547816
2023-06-30 17:45:55 [booklist] INFO: VALID_ID: 2585793
2023-06-30 17:45:55 [booklist] INFO: VALID_ID: 2585888
2023-06-30 17:45:55 [booklist] INFO: VALID_ID: 2585919
2023-06-30 17:45:55 [booklist] INFO: VALID_ID: 2585834
2023-06-30 17:45:55 [booklist] INFO: VALID_ID: 11607918
2023-06-30 17:45:55 [booklist] INFO: VALID_ID: 2559468
2023-06-30 17:45:55 [booklist] INFO: VALID_ID: 2583772
2023-06-30 17:45:55 [booklist] INFO: VALID_ID: 2592958
2023-06-30 17:45:55 [booklist] INFO: VALID_ID: 2585763
2023-06-30 17:45:55 [booklist] INFO: VALID_ID: 2585860
2023-06-30 17:45:55 [booklist] INFO: VALID_ID: 2585768
2023-06-30 17:45:55 [booklist] INFO: VALID_ID: 2585909
2023-06-30 17:45:55 [booklist] INFO: VALID_ID: 2585835
2023-06-30 17:45:55 [booklist] INFO: VALID_ID: 2585847
2023-06-30 17:45:55 [booklist] INFO: VALID_ID: 2559467
2023-06-30 17:45:55 [booklist] INFO: VALID_ID: 2584666
2023-06-30 17:45:55 [booklist] INFO: VALID_ID: 2547891
2023-06-30 17:45:55 [booklist] INFO: VALID_ID: 12865582
2023-06-30 17:45:55 [booklist] INFO: VALID_ID: 2583776
2023-06-30 17:45:55 [booklist] INFO: VALID_ID: 2561950
2023-06-30 17:45:55 [booklist] INFO: VALID_ID: 2561947
2023-06-30 17:45:55 [booklist] INFO: VALID_ID: 2576236
2023-06-30 17:45:55 [booklist] INFO: VALID_ID: 2584040
2023-06-30 17:45:55 [booklist] INFO: VALID_ID: 2585760
2023-06-30 17:45:55 [booklist] INFO: VALID_ID: 2585789
2023-06-30 17:45:55 [booklist] INFO: VALID_ID: 2585887
2023-06-30 17:45:55 [booklist] INFO: VALID_ID: 2585897
2023-06-30 17:45:55 [booklist] INFO: VALID_ID: 2585805
2023-06-30 17:45:55 [booklist] INFO: VALID_ID: 2585814
2023-06-30 17:45:55 [booklist] INFO: VALID_ID: 2585943
2023-06-30 17:45:55 [booklist] INFO: VALID_ID: 2544421
2023-06-30 17:45:55 [booklist] INFO: VALID_ID: 2609468
2023-06-30 17:45:55 [booklist] INFO: VALID_ID: 2585896
2023-06-30 17:45:55 [booklist] INFO: VALID_ID: 2585816
2023-06-30 17:45:56 [scrapy.core.engine] DEBUG: Crawled (200) <POST https://dl.ndl.go.jp/api/item/search> (referer: https://dl.ndl.go.jp/api/item/search)
2023-06-30 17:45:56 [booklist] INFO: Fetched page 11
2023-06-30 17:45:57 [booklist] INFO: VALID_ID: 2609468
2023-06-30 17:45:57 [booklist] INFO: VALID_ID: 2585896
2023-06-30 17:45:57 [booklist] INFO: VALID_ID: 2585816
2023-06-30 17:45:57 [booklist] INFO: VALID_ID: 2585832
2023-06-30 17:45:57 [booklist] INFO: VALID_ID: 2585837
2023-06-30 17:45:57 [booklist] INFO: VALID_ID: 2585939
2023-06-30 17:45:57 [booklist] INFO: VALID_ID: 2583777
2023-06-30 17:45:57 [booklist] INFO: VALID_ID: 2584334
2023-06-30 17:45:57 [booklist] INFO: VALID_ID: 2583775
2023-06-30 17:45:57 [booklist] INFO: VALID_ID: 2585852
2023-06-30 17:45:57 [booklist] INFO: VALID_ID: 2585876
2023-06-30 17:45:57 [booklist] INFO: VALID_ID: 2585884
2023-06-30 17:45:57 [booklist] INFO: VALID_ID: 2585828
2023-06-30 17:45:57 [booklist] INFO: VALID_ID: 2585928
2023-06-30 17:45:57 [booklist] INFO: VALID_ID: 2585839
2023-06-30 17:45:57 [booklist] INFO: VALID_ID: 2584737
2023-06-30 17:45:57 [booklist] INFO: VALID_ID: 2584669
2023-06-30 17:45:57 [booklist] INFO: VALID_ID: 2567095
2023-06-30 17:45:57 [booklist] INFO: VALID_ID: 2584736
2023-06-30 17:45:57 [booklist] INFO: VALID_ID: 2584667
2023-06-30 17:45:57 [booklist] INFO: VALID_ID: 2540575
2023-06-30 17:45:57 [booklist] INFO: VALID_ID: 2584536
2023-06-30 17:45:57 [booklist] INFO: VALID_ID: 2559468
2023-06-30 17:45:57 [booklist] INFO: VALID_ID: 2583734
2023-06-30 17:45:57 [booklist] INFO: VALID_ID: 2584695
2023-06-30 17:45:57 [booklist] INFO: VALID_ID: 2583727
2023-06-30 17:45:57 [booklist] INFO: VALID_ID: 2547818
2023-06-30 17:45:57 [booklist] INFO: VALID_ID: 2571856
2023-06-30 17:45:57 [booklist] INFO: VALID_ID: 2547825
2023-06-30 17:45:57 [booklist] INFO: VALID_ID: 2583974
2023-06-30 17:45:57 [booklist] INFO: VALID_ID: 2583975
2023-06-30 17:45:57 [booklist] INFO: VALID_ID: 2547816
2023-06-30 17:45:57 [booklist] INFO: VALID_ID: 2547810
2023-06-30 17:45:57 [booklist] INFO: VALID_ID: 2584053
2023-06-30 17:45:57 [booklist] INFO: VALID_ID: 2584033
2023-06-30 17:45:57 [booklist] INFO: VALID_ID: 2583735
2023-06-30 17:45:57 [booklist] INFO: VALID_ID: 2561755
2023-06-30 17:45:57 [booklist] INFO: VALID_ID: 2607077
2023-06-30 17:45:57 [booklist] INFO: VALID_ID: 2585773
2023-06-30 17:45:57 [booklist] INFO: VALID_ID: 2585869
2023-06-30 17:45:57 [booklist] INFO: VALID_ID: 2585881
2023-06-30 17:45:57 [booklist] INFO: VALID_ID: 2585787
2023-06-30 17:45:57 [booklist] INFO: VALID_ID: 2585806
2023-06-30 17:45:57 [booklist] INFO: VALID_ID: 2585907
2023-06-30 17:45:57 [booklist] INFO: VALID_ID: 2585845
2023-06-30 17:45:57 [booklist] INFO: VALID_ID: 2585944
2023-06-30 17:45:57 [booklist] INFO: VALID_ID: 2585848
2023-06-30 17:45:57 [booklist] INFO: VALID_ID: 9893101
2023-06-30 17:45:57 [booklist] INFO: VALID_ID: 2584037
2023-06-30 17:45:57 [booklist] INFO: VALID_ID: 2541512
2023-06-30 17:45:57 [booklist] INFO: VALID_ID: 2561947
2023-06-30 17:45:57 [booklist] INFO: VALID_ID: 2561945
2023-06-30 17:45:57 [booklist] INFO: VALID_ID: 2584055
2023-06-30 17:45:57 [booklist] INFO: VALID_ID: 2584051
2023-06-30 17:45:57 [booklist] INFO: VALID_ID: 2584056
2023-06-30 17:45:57 [booklist] INFO: VALID_ID: 2584666
2023-06-30 17:45:57 [booklist] INFO: VALID_ID: 2547978
2023-06-30 17:45:57 [booklist] INFO: VALID_ID: 1310946
2023-06-30 17:45:57 [booklist] INFO: VALID_ID: 2583744
2023-06-30 17:45:57 [booklist] INFO: VALID_ID: 2547887
2023-06-30 17:45:57 [booklist] INFO: VALID_ID: 2584510
2023-06-30 17:45:57 [booklist] INFO: VALID_ID: 2574389
2023-06-30 17:45:57 [booklist] INFO: VALID_ID: 11607918
2023-06-30 17:45:57 [booklist] INFO: VALID_ID: 2585885
2023-06-30 17:45:57 [booklist] INFO: VALID_ID: 2585803
2023-06-30 17:45:57 [booklist] INFO: VALID_ID: 2585824
2023-06-30 17:45:57 [booklist] INFO: VALID_ID: 2559072
2023-06-30 17:45:57 [booklist] INFO: VALID_ID: 2561754
2023-06-30 17:45:57 [booklist] INFO: VALID_ID: 2584522
2023-06-30 17:45:57 [booklist] INFO: VALID_ID: 2561948
2023-06-30 17:45:57 [booklist] INFO: VALID_ID: 2547594
2023-06-30 17:45:57 [booklist] INFO: VALID_ID: 2584042
2023-06-30 17:45:57 [booklist] INFO: VALID_ID: 2605122
2023-06-30 17:45:57 [booklist] INFO: VALID_ID: 2584050
2023-06-30 17:45:57 [booklist] INFO: VALID_ID: 2540576
2023-06-30 17:45:57 [booklist] INFO: VALID_ID: 2547595
2023-06-30 17:45:57 [booklist] INFO: VALID_ID: 2547886
2023-06-30 17:45:57 [booklist] INFO: VALID_ID: 2547889
2023-06-30 17:45:57 [booklist] INFO: VALID_ID: 2561826
2023-06-30 17:45:57 [booklist] INFO: VALID_ID: 2561831
2023-06-30 17:45:57 [booklist] INFO: VALID_ID: 2586507
2023-06-30 17:45:57 [booklist] INFO: VALID_ID: 2584325
2023-06-30 17:45:57 [booklist] INFO: VALID_ID: 2566531
2023-06-30 17:45:57 [booklist] INFO: VALID_ID: 2566532
2023-06-30 17:45:57 [booklist] INFO: VALID_ID: 2561760
2023-06-30 17:45:57 [booklist] INFO: VALID_ID: 2547561
2023-06-30 17:45:57 [booklist] INFO: VALID_ID: 2584044
2023-06-30 17:45:57 [booklist] INFO: VALID_ID: 2547892
2023-06-30 17:45:57 [booklist] INFO: VALID_ID: 2584735
2023-06-30 17:45:57 [booklist] INFO: VALID_ID: 2583972
2023-06-30 17:45:57 [booklist] INFO: VALID_ID: 1309609
2023-06-30 17:45:57 [booklist] INFO: VALID_ID: 2583976
2023-06-30 17:45:57 [booklist] INFO: VALID_ID: 2584322
2023-06-30 17:45:57 [booklist] INFO: VALID_ID: 2584057
2023-06-30 17:45:57 [booklist] INFO: VALID_ID: 2554287
2023-06-30 17:45:57 [booklist] INFO: VALID_ID: 2584336
2023-06-30 17:45:57 [booklist] INFO: VALID_ID: 2584518
2023-06-30 17:45:57 [booklist] INFO: VALID_ID: 2584532
2023-06-30 17:45:57 [booklist] INFO: VALID_ID: 2592972
2023-06-30 17:45:57 [booklist] INFO: VALID_ID: 2584337
2023-06-30 17:45:58 [scrapy.core.engine] DEBUG: Crawled (200) <POST https://dl.ndl.go.jp/api/item/search> (referer: https://dl.ndl.go.jp/api/item/search)
2023-06-30 17:45:58 [booklist] INFO: Fetched page 12
2023-06-30 17:45:59 [booklist] INFO: VALID_ID: 2551389
2023-06-30 17:45:59 [booklist] INFO: VALID_ID: 2584510
2023-06-30 17:45:59 [booklist] INFO: VALID_ID: 2547886
2023-06-30 17:45:59 [booklist] INFO: VALID_ID: 2547889
2023-06-30 17:45:59 [booklist] INFO: VALID_ID: 2584329
2023-06-30 17:45:59 [booklist] INFO: VALID_ID: 2583978
2023-06-30 17:45:59 [booklist] INFO: VALID_ID: 2561828
2023-06-30 17:45:59 [booklist] INFO: VALID_ID: 2540578
2023-06-30 17:45:59 [booklist] INFO: VALID_ID: 2584694
2023-06-30 17:45:59 [booklist] INFO: VALID_ID: 2584337
2023-06-30 17:45:59 [booklist] INFO: VALID_ID: 2605123
2023-06-30 17:45:59 [booklist] INFO: VALID_ID: 2584738
2023-06-30 17:45:59 [booklist] INFO: VALID_ID: 2584538
2023-06-30 17:45:59 [booklist] INFO: VALID_ID: 2584176
2023-06-30 17:45:59 [booklist] INFO: VALID_ID: 2610447
2023-06-30 17:45:59 [booklist] INFO: VALID_ID: 2584734
2023-06-30 17:45:59 [booklist] INFO: VALID_ID: 2592661
2023-06-30 17:45:59 [booklist] INFO: VALID_ID: 2561816
2023-06-30 17:45:59 [booklist] INFO: VALID_ID: 2547893
2023-06-30 17:45:59 [booklist] INFO: VALID_ID: 12866205
2023-06-30 17:45:59 [booklist] INFO: VALID_ID: 12865581
2023-06-30 17:45:59 [booklist] INFO: VALID_ID: 2584047
2023-06-30 17:45:59 [booklist] INFO: VALID_ID: 2584324
2023-06-30 17:45:59 [booklist] INFO: VALID_ID: 2584517
2023-06-30 17:45:59 [booklist] INFO: VALID_ID: 2586488
2023-06-30 17:45:59 [booklist] INFO: VALID_ID: 2605122
2023-06-30 17:45:59 [booklist] INFO: VALID_ID: 2584050
2023-06-30 17:45:59 [booklist] INFO: VALID_ID: 2584046
2023-06-30 17:45:59 [booklist] INFO: VALID_ID: 2592845
2023-06-30 17:45:59 [booklist] INFO: VALID_ID: 11607919
2023-06-30 17:45:59 [booklist] INFO: VALID_ID: 2583977
2023-06-30 17:45:59 [booklist] INFO: VALID_ID: 2592669
2023-06-30 17:45:59 [booklist] INFO: VALID_ID: 2584057
2023-06-30 17:45:59 [booklist] INFO: VALID_ID: 2587289
2023-06-30 17:45:59 [booklist] INFO: VALID_ID: 2561945
2023-06-30 17:45:59 [booklist] INFO: VALID_ID: 2584511
2023-06-30 17:45:59 [booklist] INFO: VALID_ID: 2584043
2023-06-30 17:45:59 [booklist] INFO: VALID_ID: 2566537
2023-06-30 17:45:59 [booklist] INFO: VALID_ID: 2561823
2023-06-30 17:45:59 [booklist] INFO: VALID_ID: 2584326
2023-06-30 17:45:59 [booklist] INFO: VALID_ID: 2561827
2023-06-30 17:45:59 [booklist] INFO: VALID_ID: 2587295
2023-06-30 17:45:59 [booklist] INFO: VALID_ID: 2584032
2023-06-30 17:45:59 [booklist] INFO: VALID_ID: 2584040
2023-06-30 17:45:59 [booklist] INFO: VALID_ID: 2584521
2023-06-30 17:45:59 [booklist] INFO: VALID_ID: 2583733
2023-06-30 17:45:59 [booklist] INFO: VALID_ID: 2561949
2023-06-30 17:45:59 [booklist] INFO: VALID_ID: 2592870
2023-06-30 17:45:59 [booklist] INFO: VALID_ID: 2592927
2023-06-30 17:45:59 [booklist] INFO: VALID_ID: 2587294
2023-06-30 17:45:59 [booklist] INFO: VALID_ID: 2584327
2023-06-30 17:45:59 [booklist] INFO: VALID_ID: 2584328
2023-06-30 17:45:59 [booklist] INFO: VALID_ID: 2587293
2023-06-30 17:45:59 [booklist] INFO: VALID_ID: 2584526
2023-06-30 17:45:59 [booklist] INFO: VALID_ID: 2584537
2023-06-30 17:45:59 [booklist] INFO: VALID_ID: 12866206
2023-06-30 17:45:59 [booklist] INFO: VALID_ID: 2585694
2023-06-30 17:45:59 [booklist] INFO: VALID_ID: 2584525
2023-06-30 17:45:59 [booklist] INFO: VALID_ID: 2584323
2023-06-30 17:45:59 [booklist] INFO: VALID_ID: 2551940
2023-06-30 17:45:59 [booklist] INFO: VALID_ID: 2561833
2023-06-30 17:45:59 [booklist] INFO: VALID_ID: 2592947
2023-06-30 17:45:59 [booklist] INFO: VALID_ID: 2605121
2023-06-30 17:45:59 [booklist] INFO: VALID_ID: 2584739
2023-06-30 17:45:59 [booklist] INFO: VALID_ID: 2584509
2023-06-30 17:45:59 [booklist] INFO: VALID_ID: 2584520
2023-06-30 17:45:59 [booklist] INFO: VALID_ID: 2584531
2023-06-30 17:45:59 [booklist] INFO: VALID_ID: 2561754
2023-06-30 17:45:59 [booklist] INFO: VALID_ID: 2592855
2023-06-30 17:45:59 [booklist] INFO: VALID_ID: 2584530
2023-06-30 17:45:59 [booklist] INFO: VALID_ID: 2584529
2023-06-30 17:45:59 [booklist] INFO: VALID_ID: 2610391
2023-06-30 17:45:59 [booklist] INFO: VALID_ID: 2584322
2023-06-30 17:45:59 [booklist] INFO: VALID_ID: 2608229
2023-06-30 17:45:59 [booklist] INFO: VALID_ID: 2607879
2023-06-30 17:45:59 [booklist] INFO: VALID_ID: 2561951
2023-06-30 17:45:59 [booklist] INFO: VALID_ID: 2584512
2023-06-30 17:45:59 [booklist] INFO: VALID_ID: 2584332
2023-06-30 17:45:59 [booklist] INFO: VALID_ID: 2584535
2023-06-30 17:45:59 [booklist] INFO: VALID_ID: 2540580
2023-06-30 17:45:59 [booklist] INFO: VALID_ID: 2584031
2023-06-30 17:45:59 [booklist] INFO: VALID_ID: 2584038
2023-06-30 17:45:59 [booklist] INFO: VALID_ID: 2584533
2023-06-30 17:45:59 [booklist] INFO: VALID_ID: 2584523
2023-06-30 17:45:59 [booklist] INFO: VALID_ID: 10301717
2023-06-30 17:45:59 [booklist] INFO: VALID_ID: 1313521
2023-06-30 17:45:59 [booklist] INFO: VALID_ID: 2584524
2023-06-30 17:45:59 [booklist] INFO: VALID_ID: 2569848
2023-06-30 17:45:59 [booklist] INFO: VALID_ID: 2584508
2023-06-30 17:45:59 [booklist] INFO: VALID_ID: 2536064
2023-06-30 17:45:59 [booklist] INFO: VALID_ID: 2584528
2023-06-30 17:45:59 [booklist] INFO: VALID_ID: 2592946
2023-06-30 17:45:59 [booklist] INFO: VALID_ID: 2566533
2023-06-30 17:45:59 [booklist] INFO: VALID_ID: 2566536
2023-06-30 17:45:59 [booklist] INFO: VALID_ID: 2561758
2023-06-30 17:45:59 [booklist] INFO: VALID_ID: 2610401
2023-06-30 17:45:59 [booklist] INFO: VALID_ID: 2547556
2023-06-30 17:45:59 [booklist] INFO: VALID_ID: 2584331
2023-06-30 17:45:59 [booklist] INFO: VALID_ID: 2584333
2023-06-30 17:45:59 [booklist] INFO: VALID_ID: 2592796
2023-06-30 17:46:00 [scrapy.core.engine] DEBUG: Crawled (200) <POST https://dl.ndl.go.jp/api/item/search> (referer: https://dl.ndl.go.jp/api/item/search)
2023-06-30 17:46:00 [booklist] INFO: Fetched page 13
2023-06-30 17:46:01 [booklist] INFO: VALID_ID: 2561758
2023-06-30 17:46:01 [booklist] INFO: VALID_ID: 2610401
2023-06-30 17:46:01 [booklist] INFO: VALID_ID: 2547556
2023-06-30 17:46:01 [booklist] INFO: VALID_ID: 2592926
2023-06-30 17:46:01 [booklist] INFO: VALID_ID: 2540591
2023-06-30 17:46:01 [booklist] INFO: VALID_ID: 2584321
2023-06-30 17:46:01 [booklist] INFO: VALID_ID: 2584519
2023-06-30 17:46:01 [booklist] INFO: VALID_ID: 2561833
2023-06-30 17:46:01 [booklist] INFO: VALID_ID: 2532605
2023-06-30 17:46:01 [booklist] INFO: VALID_ID: 2569849
2023-06-30 17:46:01 [booklist] INFO: VALID_ID: 2590639
2023-06-30 17:46:01 [booklist] INFO: VALID_ID: 2572718
2023-06-30 17:46:01 [booklist] INFO: VALID_ID: 2584507
2023-06-30 17:46:01 [booklist] INFO: VALID_ID: 2569850
2023-06-30 17:46:01 [booklist] INFO: VALID_ID: 2587295
2023-06-30 17:46:01 [booklist] INFO: VALID_ID: 2569848
2023-06-30 17:46:01 [booklist] INFO: VALID_ID: 2584513
2023-06-30 17:46:01 [booklist] INFO: VALID_ID: 2592797
2023-06-30 17:46:01 [booklist] INFO: VALID_ID: 11891843
2023-06-30 17:46:01 [booklist] INFO: VALID_ID: 2608722
2023-06-30 17:46:01 [booklist] INFO: VALID_ID: 1313493
2023-06-30 17:46:01 [booklist] INFO: VALID_ID: 2584508
2023-06-30 17:46:01 [booklist] INFO: VALID_ID: 2592729
2023-06-30 17:46:01 [booklist] INFO: VALID_ID: 2587290
2023-06-30 17:46:01 [booklist] INFO: VALID_ID: 2587291
2023-06-30 17:46:01 [booklist] INFO: VALID_ID: 2559935
2023-06-30 17:46:01 [booklist] INFO: VALID_ID: 2584534
2023-06-30 17:46:01 [booklist] INFO: VALID_ID: 2608772
2023-06-30 17:46:01 [booklist] INFO: VALID_ID: 2551941
2023-06-30 17:46:01 [booklist] INFO: VALID_ID: 2532945
2023-06-30 17:46:01 [booklist] INFO: VALID_ID: 2561817
2023-06-30 17:46:01 [booklist] INFO: VALID_ID: 2561825
2023-06-30 17:46:01 [booklist] INFO: VALID_ID: 2592945
2023-06-30 17:46:01 [booklist] INFO: VALID_ID: 2533873
2023-06-30 17:46:01 [booklist] INFO: VALID_ID: 2608155
2023-06-30 17:46:01 [booklist] INFO: VALID_ID: 2592930
2023-06-30 17:46:01 [booklist] INFO: VALID_ID: 2607659
2023-06-30 17:46:01 [booklist] INFO: VALID_ID: 2559938
2023-06-30 17:46:01 [booklist] INFO: VALID_ID: 2592960
2023-06-30 17:46:01 [booklist] INFO: VALID_ID: 1313490
2023-06-30 17:46:01 [booklist] INFO: VALID_ID: 2559936
2023-06-30 17:46:01 [booklist] INFO: VALID_ID: 10301168
2023-06-30 17:46:01 [booklist] INFO: VALID_ID: 2585222
2023-06-30 17:46:01 [booklist] INFO: VALID_ID: 2605520
2023-06-30 17:46:01 [booklist] INFO: VALID_ID: 2572717
2023-06-30 17:46:01 [booklist] INFO: VALID_ID: 2559937
2023-06-30 17:46:01 [booklist] INFO: VALID_ID: 2584330
2023-06-30 17:46:01 [booklist] INFO: VALID_ID: 2592859
2023-06-30 17:46:01 [booklist] INFO: VALID_ID: 2609788
2023-06-30 17:46:01 [booklist] INFO: VALID_ID: 2572727
2023-06-30 17:46:01 [booklist] INFO: VALID_ID: 2583754
2023-06-30 17:46:01 [booklist] INFO: VALID_ID: 2597319
2023-06-30 17:46:01 [booklist] INFO: VALID_ID: 2583755
2023-06-30 17:46:01 [booklist] INFO: VALID_ID: 2572725
2023-06-30 17:46:01 [booklist] INFO: VALID_ID: 2561946
2023-06-30 17:46:01 [booklist] INFO: VALID_ID: 2572716
2023-06-30 17:46:01 [booklist] INFO: VALID_ID: 2607011
2023-06-30 17:46:01 [booklist] INFO: VALID_ID: 2584335
2023-06-30 17:46:01 [booklist] INFO: VALID_ID: 2580235
2023-06-30 17:46:01 [booklist] INFO: VALID_ID: 2572726
2023-06-30 17:46:01 [booklist] INFO: VALID_ID: 2572728
2023-06-30 17:46:01 [booklist] INFO: VALID_ID: 2543428
2023-06-30 17:46:01 [booklist] INFO: VALID_ID: 2532606
2023-06-30 17:46:01 [booklist] INFO: VALID_ID: 2546962
2023-06-30 17:46:01 [booklist] INFO: VALID_ID: 2580234
2023-06-30 17:46:01 [booklist] INFO: VALID_ID: 2572729
2023-06-30 17:46:01 [booklist] INFO: VALID_ID: 2543243
2023-06-30 17:46:01 [booklist] INFO: VALID_ID: 2533896
2023-06-30 17:46:01 [booklist] INFO: VALID_ID: 2551921
2023-06-30 17:46:01 [booklist] INFO: VALID_ID: 2572721
2023-06-30 17:46:01 [booklist] INFO: VALID_ID: 2610288
2023-06-30 17:46:01 [booklist] INFO: VALID_ID: 2543431
2023-06-30 17:46:01 [booklist] INFO: VALID_ID: 9369957
2023-06-30 17:46:01 [booklist] INFO: VALID_ID: 2592893
2023-06-30 17:46:01 [booklist] INFO: VALID_ID: 2546960
2023-06-30 17:46:01 [booklist] INFO: VALID_ID: 2551920
2023-06-30 17:46:01 [booklist] INFO: VALID_ID: 2559221
2023-06-30 17:46:01 [booklist] INFO: VALID_ID: 2542243
2023-06-30 17:46:01 [booklist] INFO: VALID_ID: 12866211
2023-06-30 17:46:01 [booklist] INFO: VALID_ID: 2546961
2023-06-30 17:46:01 [booklist] INFO: VALID_ID: 2546963
2023-06-30 17:46:01 [booklist] INFO: VALID_ID: 2543429
2023-06-30 17:46:01 [booklist] INFO: VALID_ID: 2607434
2023-06-30 17:46:01 [booklist] INFO: VALID_ID: 2546791
2023-06-30 17:46:01 [booklist] INFO: VALID_ID: 2557493
2023-06-30 17:46:01 [booklist] INFO: VALID_ID: 2557494
2023-06-30 17:46:01 [booklist] INFO: VALID_ID: 2557509
2023-06-30 17:46:01 [booklist] INFO: VALID_ID: 2557510
2023-06-30 17:46:01 [booklist] INFO: VALID_ID: 2557498
2023-06-30 17:46:01 [booklist] INFO: VALID_ID: 2557505
2023-06-30 17:46:01 [booklist] INFO: VALID_ID: 2548284
2023-06-30 17:46:01 [booklist] INFO: VALID_ID: 2557487
2023-06-30 17:46:01 [booklist] INFO: VALID_ID: 2557500
2023-06-30 17:46:01 [booklist] INFO: VALID_ID: 2557489
2023-06-30 17:46:01 [booklist] INFO: VALID_ID: 2543430
2023-06-30 17:46:01 [booklist] INFO: VALID_ID: 2557486
2023-06-30 17:46:01 [booklist] INFO: VALID_ID: 2557491
2023-06-30 17:46:01 [booklist] INFO: VALID_ID: 2548462
2023-06-30 17:46:01 [booklist] INFO: VALID_ID: 2541081
2023-06-30 17:46:01 [booklist] INFO: VALID_ID: 2572724
2023-06-30 17:46:01 [scrapy.core.engine] DEBUG: Crawled (200) <POST https://dl.ndl.go.jp/api/item/search> (referer: https://dl.ndl.go.jp/api/item/search)
2023-06-30 17:46:02 [booklist] INFO: Fetched page 14
2023-06-30 17:46:02 [booklist] INFO: VALID_ID: 2557504
2023-06-30 17:46:02 [booklist] INFO: VALID_ID: 2541291
2023-06-30 17:46:02 [booklist] INFO: VALID_ID: 2557490
2023-06-30 17:46:02 [booklist] INFO: VALID_ID: 2557507
2023-06-30 17:46:02 [booklist] INFO: VALID_ID: 2557506
2023-06-30 17:46:02 [booklist] INFO: VALID_ID: 2557495
2023-06-30 17:46:02 [booklist] INFO: VALID_ID: 2557503
2023-06-30 17:46:02 [booklist] INFO: VALID_ID: 2557487
2023-06-30 17:46:02 [booklist] INFO: VALID_ID: 2557500
2023-06-30 17:46:02 [booklist] INFO: VALID_ID: 2558292
2023-06-30 17:46:02 [booklist] INFO: VALID_ID: 2558298
2023-06-30 17:46:02 [booklist] INFO: VALID_ID: 2558291
2023-06-30 17:46:02 [booklist] INFO: VALID_ID: 2557488
2023-06-30 17:46:02 [booklist] INFO: VALID_ID: 2557497
2023-06-30 17:46:02 [booklist] INFO: VALID_ID: 2606000
2023-06-30 17:46:02 [booklist] INFO: VALID_ID: 2557492
2023-06-30 17:46:02 [booklist] INFO: VALID_ID: 2557501
2023-06-30 17:46:02 [booklist] INFO: VALID_ID: 2558305
2023-06-30 17:46:02 [booklist] INFO: VALID_ID: 2557508
2023-06-30 17:46:02 [booklist] INFO: VALID_ID: 2572724
2023-06-30 17:46:02 [booklist] INFO: VALID_ID: 2558309
2023-06-30 17:46:02 [booklist] INFO: VALID_ID: 2551938
2023-06-30 17:46:02 [booklist] INFO: VALID_ID: 2557496
2023-06-30 17:46:02 [booklist] INFO: VALID_ID: 2609608
2023-06-30 17:46:02 [booklist] INFO: VALID_ID: 2558299
2023-06-30 17:46:02 [booklist] INFO: VALID_ID: 2547746
2023-06-30 17:46:02 [booklist] INFO: VALID_ID: 2558293
2023-06-30 17:46:02 [booklist] INFO: VALID_ID: 2558304
2023-06-30 17:46:02 [booklist] INFO: VALID_ID: 2607667
2023-06-30 17:46:02 [booklist] INFO: VALID_ID: 2592879
2023-06-30 17:46:02 [booklist] INFO: VALID_ID: 2558297
2023-06-30 17:46:02 [booklist] INFO: VALID_ID: 2558286
2023-06-30 17:46:02 [booklist] INFO: VALID_ID: 2558287
2023-06-30 17:46:02 [booklist] INFO: VALID_ID: 2558288
2023-06-30 17:46:02 [booklist] INFO: VALID_ID: 2558308
2023-06-30 17:46:02 [booklist] INFO: VALID_ID: 2558300
2023-06-30 17:46:02 [booklist] INFO: VALID_ID: 2558303
2023-06-30 17:46:02 [booklist] INFO: VALID_ID: 2558285
2023-06-30 17:46:02 [booklist] INFO: VALID_ID: 2558302
2023-06-30 17:46:02 [booklist] INFO: VALID_ID: 2558294
2023-06-30 17:46:02 [booklist] INFO: VALID_ID: 2558306
2023-06-30 17:46:02 [booklist] INFO: VALID_ID: 2558307
2023-06-30 17:46:02 [booklist] INFO: VALID_ID: 2610707
2023-06-30 17:46:02 [booklist] INFO: VALID_ID: 2558289
2023-06-30 17:46:02 [booklist] INFO: VALID_ID: 2558301
2023-06-30 17:46:02 [booklist] INFO: VALID_ID: 2609692
2023-06-30 17:46:02 [booklist] INFO: VALID_ID: 2536900
2023-06-30 17:46:02 [booklist] INFO: VALID_ID: 9892592
2023-06-30 17:46:02 [booklist] INFO: VALID_ID: 2558290
2023-06-30 17:46:02 [booklist] INFO: VALID_ID: 2558295
2023-06-30 17:46:02 [booklist] INFO: VALID_ID: 2592892
2023-06-30 17:46:02 [booklist] INFO: VALID_ID: 1287643
2023-06-30 17:46:02 [booklist] INFO: VALID_ID: 1287644
2023-06-30 17:46:02 [booklist] INFO: VALID_ID: 2536977
2023-06-30 17:46:02 [booklist] INFO: VALID_ID: 10301236
2023-06-30 17:46:02 [booklist] INFO: VALID_ID: 2548285
2023-06-30 17:46:02 [booklist] INFO: VALID_ID: 1287673
2023-06-30 17:46:02 [booklist] INFO: VALID_ID: 2605430
2023-06-30 17:46:02 [booklist] INFO: VALID_ID: 2548461
2023-06-30 17:46:02 [booklist] INFO: VALID_ID: 1287663
2023-06-30 17:46:02 [booklist] INFO: VALID_ID: 1287650
2023-06-30 17:46:02 [booklist] INFO: VALID_ID: 2553309
2023-06-30 17:46:02 [booklist] INFO: VALID_ID: 1287651
2023-06-30 17:46:02 [booklist] INFO: VALID_ID: 1287674
2023-06-30 17:46:02 [booklist] INFO: VALID_ID: 1287662
2023-06-30 17:46:02 [booklist] INFO: VALID_ID: 2592934
2023-06-30 17:46:02 [booklist] INFO: VALID_ID: 1287660
2023-06-30 17:46:02 [booklist] INFO: VALID_ID: 1287665
2023-06-30 17:46:02 [booklist] INFO: VALID_ID: 1287671
2023-06-30 17:46:02 [booklist] INFO: VALID_ID: 2551755
2023-06-30 17:46:02 [booklist] INFO: VALID_ID: 1288340
2023-06-30 17:46:02 [booklist] INFO: VALID_ID: 1287672
2023-06-30 17:46:02 [booklist] INFO: VALID_ID: 1287653
2023-06-30 17:46:02 [booklist] INFO: VALID_ID: 1287652
2023-06-30 17:46:02 [booklist] INFO: VALID_ID: 2542423
2023-06-30 17:46:02 [booklist] INFO: VALID_ID: 2540566
2023-06-30 17:46:02 [booklist] INFO: VALID_ID: 1287675
2023-06-30 17:46:02 [booklist] INFO: VALID_ID: 1287649
2023-06-30 17:46:02 [booklist] INFO: VALID_ID: 2610444
2023-06-30 17:46:02 [booklist] INFO: VALID_ID: 1288530
2023-06-30 17:46:02 [booklist] INFO: VALID_ID: 2592894
2023-06-30 17:46:02 [booklist] INFO: VALID_ID: 2549146
2023-06-30 17:46:02 [booklist] INFO: VALID_ID: 2546785
2023-06-30 17:46:02 [booklist] INFO: VALID_ID: 2549147
2023-06-30 17:46:02 [booklist] INFO: VALID_ID: 2610244
2023-06-30 17:46:02 [booklist] INFO: VALID_ID: 2574911
2023-06-30 17:46:02 [booklist] INFO: VALID_ID: 2574912
2023-06-30 17:46:02 [booklist] INFO: VALID_ID: 2608004
2023-06-30 17:46:02 [booklist] INFO: VALID_ID: 2610941
2023-06-30 17:46:02 [booklist] INFO: VALID_ID: 2587043
2023-06-30 17:46:02 [booklist] INFO: VALID_ID: 2540600
2023-06-30 17:46:02 [booklist] INFO: VALID_ID: 2610801
2023-06-30 17:46:02 [booklist] INFO: VALID_ID: 2546782
2023-06-30 17:46:02 [booklist] INFO: VALID_ID: 2610264
2023-06-30 17:46:02 [booklist] INFO: VALID_ID: 2549149
2023-06-30 17:46:02 [booklist] INFO: VALID_ID: 1288525
2023-06-30 17:46:02 [booklist] INFO: VALID_ID: 1312543
2023-06-30 17:46:02 [booklist] INFO: VALID_ID: 2586676
2023-06-30 17:46:02 [booklist] INFO: VALID_ID: 2549148
2023-06-30 17:46:02 [booklist] INFO: VALID_ID: 2546786
2023-06-30 17:46:03 [scrapy.core.engine] DEBUG: Crawled (200) <POST https://dl.ndl.go.jp/api/item/search> (referer: https://dl.ndl.go.jp/api/item/search)
2023-06-30 17:46:03 [booklist] INFO: Fetched page 15
2023-06-30 17:46:04 [booklist] INFO: VALID_ID: 2548464
2023-06-30 17:46:04 [booklist] INFO: VALID_ID: 2586676
2023-06-30 17:46:04 [booklist] INFO: VALID_ID: 2546787
2023-06-30 17:46:04 [booklist] INFO: VALID_ID: 2559238
2023-06-30 17:46:04 [booklist] INFO: VALID_ID: 2610138
2023-06-30 17:46:04 [booklist] INFO: VALID_ID: 2549042
2023-06-30 17:46:04 [booklist] INFO: VALID_ID: 2557155
2023-06-30 17:46:04 [booklist] INFO: VALID_ID: 1288536
2023-06-30 17:46:04 [booklist] INFO: VALID_ID: 1288543
2023-06-30 17:46:04 [booklist] INFO: VALID_ID: 1304916
2023-06-30 17:46:04 [booklist] INFO: VALID_ID: 2559237
2023-06-30 17:46:04 [booklist] INFO: VALID_ID: 2559233
2023-06-30 17:46:04 [booklist] INFO: VALID_ID: 2559236
2023-06-30 17:46:04 [booklist] INFO: VALID_ID: 2559240
2023-06-30 17:46:04 [booklist] INFO: VALID_ID: 9977377
2023-06-30 17:46:04 [booklist] INFO: VALID_ID: 2548463
2023-06-30 17:46:04 [booklist] INFO: VALID_ID: 2609656
2023-06-30 17:46:04 [booklist] INFO: VALID_ID: 10301296
2023-06-30 17:46:04 [booklist] INFO: VALID_ID: 2559235
2023-06-30 17:46:04 [booklist] INFO: VALID_ID: 2587898
2023-06-30 17:46:04 [booklist] INFO: VALID_ID: 2559232
2023-06-30 17:46:04 [booklist] INFO: VALID_ID: 10301232
2023-06-30 17:46:04 [booklist] INFO: VALID_ID: 2546789
2023-06-30 17:46:04 [booklist] INFO: VALID_ID: 10301340
2023-06-30 17:46:04 [booklist] INFO: VALID_ID: 2607142
2023-06-30 17:46:04 [booklist] INFO: VALID_ID: 2588016
2023-06-30 17:46:04 [booklist] INFO: VALID_ID: 2588021
2023-06-30 17:46:04 [booklist] INFO: VALID_ID: 2571812
2023-06-30 17:46:04 [booklist] INFO: VALID_ID: 2588020
2023-06-30 17:46:04 [booklist] INFO: VALID_ID: 2609989
2023-06-30 17:46:04 [booklist] INFO: VALID_ID: 2609774
2023-06-30 17:46:04 [booklist] INFO: VALID_ID: 2611085
2023-06-30 17:46:04 [booklist] INFO: VALID_ID: 2588017
2023-06-30 17:46:04 [booklist] INFO: VALID_ID: 2588018
2023-06-30 17:46:04 [booklist] INFO: VALID_ID: 2608598
2023-06-30 17:46:04 [booklist] INFO: VALID_ID: 2588022
2023-06-30 17:46:04 [booklist] INFO: VALID_ID: 2608900
2023-06-30 17:46:04 [booklist] INFO: VALID_ID: 2549043
2023-06-30 17:46:04 [booklist] INFO: VALID_ID: 2549038
2023-06-30 17:46:04 [booklist] INFO: VALID_ID: 2549039
2023-06-30 17:46:04 [booklist] INFO: VALID_ID: 2549040
2023-06-30 17:46:04 [booklist] INFO: VALID_ID: 2549041
2023-06-30 17:46:04 [booklist] INFO: VALID_ID: 2549150
2023-06-30 17:46:04 [booklist] INFO: VALID_ID: 10301500
2023-06-30 17:46:04 [booklist] INFO: VALID_ID: 2610093
2023-06-30 17:46:04 [booklist] INFO: VALID_ID: 2549036
2023-06-30 17:46:04 [booklist] INFO: VALID_ID: 2608824
2023-06-30 17:46:04 [booklist] INFO: VALID_ID: 2606685
2023-06-30 17:46:04 [booklist] INFO: VALID_ID: 2549034
2023-06-30 17:46:04 [booklist] INFO: VALID_ID: 2549035
2023-06-30 17:46:04 [booklist] INFO: VALID_ID: 2549037
2023-06-30 17:46:04 [booklist] INFO: VALID_ID: 2606744
2023-06-30 17:46:04 [booklist] INFO: VALID_ID: 2610785
2023-06-30 17:46:04 [booklist] INFO: VALID_ID: 10301535
2023-06-30 17:46:04 [booklist] INFO: VALID_ID: 2609563
2023-06-30 17:46:04 [booklist] INFO: VALID_ID: 2547745
2023-06-30 17:46:04 [booklist] INFO: VALID_ID: 2609546
2023-06-30 17:46:04 [booklist] INFO: VALID_ID: 10301567
2023-06-30 17:46:04 [booklist] INFO: VALID_ID: 2547267
2023-06-30 17:46:04 [booklist] INFO: VALID_ID: 2605214
2023-06-30 17:46:04 [booklist] INFO: VALID_ID: 2609629
2023-06-30 17:46:04 [booklist] INFO: VALID_ID: 2610395
2023-06-30 17:46:04 [booklist] INFO: VALID_ID: 2606743
2023-06-30 17:46:04 [booklist] INFO: VALID_ID: 2605995
2023-06-30 17:46:04 [booklist] INFO: VALID_ID: 2588023
2023-06-30 17:46:04 [booklist] INFO: VALID_ID: 2588019
2023-06-30 17:46:04 [booklist] INFO: VALID_ID: 2588015
2023-06-30 17:46:04 [booklist] INFO: VALID_ID: 10301207
2023-06-30 17:46:04 [booklist] INFO: VALID_ID: 2559224
2023-06-30 17:46:04 [booklist] INFO: VALID_ID: 2559219
2023-06-30 17:46:04 [booklist] INFO: VALID_ID: 2559225
2023-06-30 17:46:04 [booklist] INFO: VALID_ID: 2559222
2023-06-30 17:46:04 [booklist] INFO: VALID_ID: 2559226
2023-06-30 17:46:04 [booklist] INFO: VALID_ID: 2559223
2023-06-30 17:46:04 [booklist] INFO: VALID_ID: 2559227
2023-06-30 17:46:04 [booklist] INFO: VALID_ID: 2559231
2023-06-30 17:46:04 [booklist] INFO: VALID_ID: 2559228
2023-06-30 17:46:04 [booklist] INFO: VALID_ID: 2559230
2023-06-30 17:46:04 [booklist] INFO: VALID_ID: 2559067
2023-06-30 17:46:04 [booklist] INFO: VALID_ID: 2559071
2023-06-30 17:46:04 [booklist] INFO: VALID_ID: 2559061
2023-06-30 17:46:04 [booklist] INFO: VALID_ID: 2559229
2023-06-30 17:46:04 [booklist] INFO: VALID_ID: 2559220
2023-06-30 17:46:04 [booklist] INFO: VALID_ID: 2559063
2023-06-30 17:46:04 [booklist] INFO: VALID_ID: 2559070
2023-06-30 17:46:04 [booklist] INFO: VALID_ID: 2559069
2023-06-30 17:46:04 [booklist] INFO: VALID_ID: 2559060
2023-06-30 17:46:04 [booklist] INFO: VALID_ID: 2559065
2023-06-30 17:46:04 [booklist] INFO: VALID_ID: 2559062
2023-06-30 17:46:04 [booklist] INFO: VALID_ID: 2559066
2023-06-30 17:46:04 [booklist] INFO: VALID_ID: 2559064
2023-06-30 17:46:04 [booklist] INFO: VALID_ID: 2559068
2023-06-30 17:46:04 [booklist] INFO: VALID_ID: 2596058
2023-06-30 17:46:04 [booklist] INFO: VALID_ID: 2610456
2023-06-30 17:46:04 [booklist] INFO: VALID_ID: 2596068
2023-06-30 17:46:04 [booklist] INFO: VALID_ID: 2596122
2023-06-30 17:46:04 [booklist] INFO: VALID_ID: 2596123
2023-06-30 17:46:04 [booklist] INFO: VALID_ID: 2596060
2023-06-30 17:46:04 [booklist] INFO: VALID_ID: 2596094
2023-06-30 17:46:04 [booklist] INFO: VALID_ID: 2596133
2023-06-30 17:46:04 [scrapy.core.engine] DEBUG: Crawled (200) <POST https://dl.ndl.go.jp/api/item/search> (referer: https://dl.ndl.go.jp/api/item/search)
2023-06-30 17:46:04 [booklist] INFO: Fetched page 16
2023-06-30 17:46:04 [booklist] INFO: VALID_ID: 2596133
2023-06-30 17:46:04 [booklist] INFO: VALID_ID: 2596114
2023-06-30 17:46:04 [booklist] INFO: VALID_ID: 2596120
2023-06-30 17:46:04 [booklist] INFO: VALID_ID: 2605758
2023-06-30 17:46:04 [booklist] INFO: VALID_ID: 2596069
2023-06-30 17:46:04 [booklist] INFO: VALID_ID: 2596096
2023-06-30 17:46:04 [booklist] INFO: VALID_ID: 2596112
2023-06-30 17:46:04 [booklist] INFO: VALID_ID: 2596121
2023-06-30 17:46:04 [booklist] INFO: VALID_ID: 2596136
2023-06-30 17:46:04 [booklist] INFO: VALID_ID: 2596115
2023-06-30 17:46:04 [booklist] INFO: VALID_ID: 2610026
2023-06-30 17:46:04 [booklist] INFO: VALID_ID: 2596088
2023-06-30 17:46:04 [booklist] INFO: VALID_ID: 2596124
2023-06-30 17:46:04 [booklist] INFO: VALID_ID: 2596087
2023-06-30 17:46:04 [booklist] INFO: VALID_ID: 2596111
2023-06-30 17:46:04 [booklist] INFO: VALID_ID: 2596129
2023-06-30 17:46:04 [booklist] INFO: VALID_ID: 2596113
2023-06-30 17:46:04 [booklist] INFO: VALID_ID: 2596128
2023-06-30 17:46:04 [booklist] INFO: VALID_ID: 2596089
2023-06-30 17:46:04 [booklist] INFO: VALID_ID: 2596095
2023-06-30 17:46:04 [booklist] INFO: VALID_ID: 2596109
2023-06-30 17:46:04 [booklist] INFO: VALID_ID: 9369960
2023-06-30 17:46:04 [booklist] INFO: VALID_ID: 9369953
2023-06-30 17:46:04 [booklist] INFO: VALID_ID: 12865370
2023-06-30 17:46:04 [booklist] INFO: VALID_ID: 2611035
2023-06-30 17:46:04 [scrapy.core.engine] DEBUG: Crawled (200) <POST https://dl.ndl.go.jp/api/item/search> (referer: https://dl.ndl.go.jp/api/item/search)
2023-06-30 17:46:05 [booklist] INFO: Fetched page 17
2023-06-30 17:46:05 [booklist] INFO: No more books on 17
2023-06-30 17:46:05 [scrapy.core.engine] INFO: Closing spider (finished)
2023-06-30 17:46:05 [scrapy.statscollectors] INFO: Dumping Scrapy stats:
{'downloader/request_bytes': 23150,
 'downloader/request_count': 18,
 'downloader/request_method_count/GET': 1,
 'downloader/request_method_count/POST': 17,
 'downloader/response_bytes': 7640861,
 'downloader/response_count': 18,
 'downloader/response_status_count/200': 18,
 'elapsed_time_seconds': 23.430754,
 'finish_reason': 'finished',
 'finish_time': datetime.datetime(2023, 6, 30, 9, 46, 5, 94061),
 'httpcompression/response_bytes': 89057364,
 'httpcompression/response_count': 17,
 'log_count/DEBUG': 21,
 'log_count/INFO': 1553,
 'memusage/max': 63852544,
 'memusage/startup': 63852544,
 'request_depth_max': 16,
 'response_received_count': 18,
 'robotstxt/request_count': 1,
 'robotstxt/response_count': 1,
 'robotstxt/response_status_count/200': 1,
 'scheduler/dequeued': 17,
 'scheduler/dequeued/memory': 17,
 'scheduler/enqueued': 17,
 'scheduler/enqueued/memory': 17,
 'start_time': datetime.datetime(2023, 6, 30, 9, 45, 41, 663307)}
2023-06-30 17:46:05 [scrapy.core.engine] INFO: Spider closed (finished)
