2023-06-30 19:25:49 [scrapy.utils.log] INFO: Scrapy 2.9.0 started (bot: ndlcrawler)
2023-06-30 19:25:49 [scrapy.utils.log] INFO: Versions: lxml 4.9.2.0, libxml2 2.9.14, cssselect 1.2.0, parsel 1.8.1, w3lib 2.1.1, Twisted 22.10.0, Python 3.10.10 (main, Mar  5 2023, 22:26:53) [GCC 12.2.1 20230201], pyOpenSSL 23.2.0 (OpenSSL 3.1.1 30 May 2023), cryptography 41.0.1, Platform Linux-6.2.12-arch1-1-x86_64-with-glibc2.37
2023-06-30 19:25:49 [scrapy.crawler] INFO: Overridden settings:
{'BOT_NAME': 'ndlcrawler',
 'FEED_EXPORT_ENCODING': 'utf-8',
 'LOG_FILE': 'logs/booklist.title.洞.log',
 'NEWSPIDER_MODULE': 'ndlcrawler.spiders',
 'REQUEST_FINGERPRINTER_IMPLEMENTATION': '2.7',
 'ROBOTSTXT_OBEY': True,
 'SPIDER_MODULES': ['ndlcrawler.spiders'],
 'TWISTED_REACTOR': 'twisted.internet.asyncioreactor.AsyncioSelectorReactor'}
2023-06-30 19:25:49 [asyncio] DEBUG: Using selector: EpollSelector
2023-06-30 19:25:49 [scrapy.utils.log] DEBUG: Using reactor: twisted.internet.asyncioreactor.AsyncioSelectorReactor
2023-06-30 19:25:49 [scrapy.utils.log] DEBUG: Using asyncio event loop: asyncio.unix_events._UnixSelectorEventLoop
2023-06-30 19:25:49 [scrapy.extensions.telnet] INFO: Telnet Password: 3adeddcb6b048a16
2023-06-30 19:25:49 [scrapy.middleware] INFO: Enabled extensions:
['scrapy.extensions.corestats.CoreStats',
 'scrapy.extensions.telnet.TelnetConsole',
 'scrapy.extensions.memusage.MemoryUsage',
 'scrapy.extensions.logstats.LogStats']
2023-06-30 19:25:49 [scrapy.middleware] INFO: Enabled downloader middlewares:
['scrapy.downloadermiddlewares.robotstxt.RobotsTxtMiddleware',
 'scrapy.downloadermiddlewares.httpauth.HttpAuthMiddleware',
 'scrapy.downloadermiddlewares.downloadtimeout.DownloadTimeoutMiddleware',
 'scrapy.downloadermiddlewares.defaultheaders.DefaultHeadersMiddleware',
 'scrapy.downloadermiddlewares.useragent.UserAgentMiddleware',
 'scrapy.downloadermiddlewares.retry.RetryMiddleware',
 'scrapy.downloadermiddlewares.redirect.MetaRefreshMiddleware',
 'scrapy.downloadermiddlewares.httpcompression.HttpCompressionMiddleware',
 'scrapy.downloadermiddlewares.redirect.RedirectMiddleware',
 'scrapy.downloadermiddlewares.cookies.CookiesMiddleware',
 'scrapy.downloadermiddlewares.httpproxy.HttpProxyMiddleware',
 'scrapy.downloadermiddlewares.stats.DownloaderStats']
2023-06-30 19:25:49 [scrapy.middleware] INFO: Enabled spider middlewares:
['scrapy.spidermiddlewares.httperror.HttpErrorMiddleware',
 'scrapy.spidermiddlewares.offsite.OffsiteMiddleware',
 'scrapy.spidermiddlewares.referer.RefererMiddleware',
 'scrapy.spidermiddlewares.urllength.UrlLengthMiddleware',
 'scrapy.spidermiddlewares.depth.DepthMiddleware']
2023-06-30 19:25:49 [scrapy.middleware] INFO: Enabled item pipelines:
[]
2023-06-30 19:25:49 [scrapy.core.engine] INFO: Spider opened
2023-06-30 19:25:50 [scrapy.extensions.logstats] INFO: Crawled 0 pages (at 0 pages/min), scraped 0 items (at 0 items/min)
2023-06-30 19:25:50 [scrapy.extensions.telnet] INFO: Telnet console listening on 127.0.0.1:6023
2023-06-30 19:25:50 [scrapy.core.engine] DEBUG: Crawled (200) <GET https://dl.ndl.go.jp/robots.txt> (referer: None)
2023-06-30 19:25:51 [scrapy.core.engine] DEBUG: Crawled (200) <POST https://dl.ndl.go.jp/api/item/search> (referer: None)
2023-06-30 19:25:52 [booklist] INFO: Fetched page 1
2023-06-30 19:25:52 [booklist] INFO: VALID_ID: 2580949
2023-06-30 19:25:52 [booklist] INFO: VALID_ID: 2573029
2023-06-30 19:25:52 [booklist] INFO: VALID_ID: 11891869
2023-06-30 19:25:52 [booklist] INFO: VALID_ID: 10301113
2023-06-30 19:25:52 [booklist] INFO: VALID_ID: 2585516
2023-06-30 19:25:52 [booklist] INFO: VALID_ID: 10303441
2023-06-30 19:25:52 [booklist] INFO: VALID_ID: 2592666
2023-06-30 19:25:52 [booklist] INFO: VALID_ID: 2597320
2023-06-30 19:25:52 [booklist] INFO: VALID_ID: 2585681
2023-06-30 19:25:52 [booklist] INFO: VALID_ID: 2541392
2023-06-30 19:25:52 [booklist] INFO: VALID_ID: 2581759
2023-06-30 19:25:52 [booklist] INFO: VALID_ID: 2598878
2023-06-30 19:25:52 [booklist] INFO: VALID_ID: 1287879
2023-06-30 19:25:52 [booklist] INFO: VALID_ID: 2608195
2023-06-30 19:25:52 [booklist] INFO: VALID_ID: 1287886
2023-06-30 19:25:52 [booklist] INFO: VALID_ID: 1288331
2023-06-30 19:25:52 [booklist] INFO: VALID_ID: 1287874
2023-06-30 19:25:52 [booklist] INFO: VALID_ID: 1287866
2023-06-30 19:25:52 [booklist] INFO: VALID_ID: 1287880
2023-06-30 19:25:52 [booklist] INFO: VALID_ID: 1287710
2023-06-30 19:25:52 [booklist] INFO: VALID_ID: 2598877
2023-06-30 19:25:52 [booklist] INFO: VALID_ID: 1287881
2023-06-30 19:25:52 [booklist] INFO: VALID_ID: 1287885
2023-06-30 19:25:52 [booklist] INFO: VALID_ID: 1287841
2023-06-30 19:25:52 [booklist] INFO: VALID_ID: 1287685
2023-06-30 19:25:52 [booklist] INFO: VALID_ID: 1287873
2023-06-30 19:25:52 [booklist] INFO: VALID_ID: 1287791
2023-06-30 19:25:52 [booklist] INFO: VALID_ID: 11446549
2023-06-30 19:25:52 [booklist] INFO: VALID_ID: 1287872
2023-06-30 19:25:52 [booklist] INFO: VALID_ID: 10303727
2023-06-30 19:25:52 [booklist] INFO: VALID_ID: 10303977
2023-06-30 19:25:52 [booklist] INFO: VALID_ID: 10303916
2023-06-30 19:25:52 [booklist] INFO: VALID_ID: 2607974
2023-06-30 19:25:52 [booklist] INFO: VALID_ID: 2611107
2023-06-30 19:25:52 [booklist] INFO: VALID_ID: 10301461
2023-06-30 19:25:52 [booklist] INFO: VALID_ID: 2607580
2023-06-30 19:25:52 [booklist] INFO: VALID_ID: 2558767
2023-06-30 19:25:52 [booklist] INFO: VALID_ID: 2610325
2023-06-30 19:25:52 [booklist] INFO: VALID_ID: 2559142
2023-06-30 19:25:52 [booklist] INFO: VALID_ID: 2610121
2023-06-30 19:25:52 [booklist] INFO: VALID_ID: 2559136
2023-06-30 19:25:52 [booklist] INFO: VALID_ID: 2559135
2023-06-30 19:25:52 [booklist] INFO: VALID_ID: 2559139
2023-06-30 19:25:52 [booklist] INFO: VALID_ID: 2607884
2023-06-30 19:25:52 [booklist] INFO: VALID_ID: 2559141
2023-06-30 19:25:52 [booklist] INFO: VALID_ID: 2559134
2023-06-30 19:25:52 [booklist] INFO: VALID_ID: 2605424
2023-06-30 19:25:52 [booklist] INFO: VALID_ID: 2559143
2023-06-30 19:25:52 [booklist] INFO: VALID_ID: 2559144
2023-06-30 19:25:52 [booklist] INFO: VALID_ID: 2559137
2023-06-30 19:25:52 [booklist] INFO: VALID_ID: 2559133
2023-06-30 19:25:52 [booklist] INFO: VALID_ID: 2609629
2023-06-30 19:25:52 [booklist] INFO: VALID_ID: 2576263
2023-06-30 19:25:52 [booklist] INFO: VALID_ID: 2576249
2023-06-30 19:25:52 [booklist] INFO: VALID_ID: 2576257
2023-06-30 19:25:52 [booklist] INFO: VALID_ID: 2576253
2023-06-30 19:25:52 [booklist] INFO: VALID_ID: 2609581
2023-06-30 19:25:52 [booklist] INFO: VALID_ID: 2576256
2023-06-30 19:25:52 [booklist] INFO: VALID_ID: 2576248
2023-06-30 19:25:52 [booklist] INFO: VALID_ID: 2576258
2023-06-30 19:25:52 [booklist] INFO: VALID_ID: 2576260
2023-06-30 19:25:52 [booklist] INFO: VALID_ID: 2576262
2023-06-30 19:25:52 [booklist] INFO: VALID_ID: 2576255
2023-06-30 19:25:52 [booklist] INFO: VALID_ID: 2576246
2023-06-30 19:25:52 [booklist] INFO: VALID_ID: 2576252
2023-06-30 19:25:52 [booklist] INFO: VALID_ID: 2576247
2023-06-30 19:25:52 [booklist] INFO: VALID_ID: 2576259
2023-06-30 19:25:52 [booklist] INFO: VALID_ID: 2576261
2023-06-30 19:25:52 [booklist] INFO: VALID_ID: 2576250
2023-06-30 19:25:52 [booklist] INFO: VALID_ID: 2576251
2023-06-30 19:25:52 [booklist] INFO: VALID_ID: 2576254
2023-06-30 19:25:52 [booklist] INFO: VALID_ID: 2559251
2023-06-30 19:25:52 [booklist] INFO: VALID_ID: 2559254
2023-06-30 19:25:52 [booklist] INFO: VALID_ID: 2607856
2023-06-30 19:25:52 [booklist] INFO: VALID_ID: 2559247
2023-06-30 19:25:52 [booklist] INFO: VALID_ID: 2559242
2023-06-30 19:25:52 [booklist] INFO: VALID_ID: 2559243
2023-06-30 19:25:52 [booklist] INFO: VALID_ID: 2559241
2023-06-30 19:25:52 [booklist] INFO: VALID_ID: 2559255
2023-06-30 19:25:52 [booklist] INFO: VALID_ID: 2559245
2023-06-30 19:25:52 [booklist] INFO: VALID_ID: 2559253
2023-06-30 19:25:52 [booklist] INFO: VALID_ID: 2559244
2023-06-30 19:25:52 [booklist] INFO: VALID_ID: 2559248
2023-06-30 19:25:52 [booklist] INFO: VALID_ID: 2609516
2023-06-30 19:25:52 [booklist] INFO: VALID_ID: 2559246
2023-06-30 19:25:52 [booklist] INFO: VALID_ID: 2559252
2023-06-30 19:25:52 [booklist] INFO: VALID_ID: 2559249
2023-06-30 19:25:52 [booklist] INFO: VALID_ID: 2610537
2023-06-30 19:25:52 [booklist] INFO: VALID_ID: 2576235
2023-06-30 19:25:52 [booklist] INFO: VALID_ID: 2576245
2023-06-30 19:25:52 [booklist] INFO: VALID_ID: 2576238
2023-06-30 19:25:52 [booklist] INFO: VALID_ID: 2576242
2023-06-30 19:25:52 [booklist] INFO: VALID_ID: 2576243
2023-06-30 19:25:52 [booklist] INFO: VALID_ID: 2576234
2023-06-30 19:25:52 [booklist] INFO: VALID_ID: 2576237
2023-06-30 19:25:52 [booklist] INFO: VALID_ID: 2576240
2023-06-30 19:25:52 [booklist] INFO: VALID_ID: 2576241
2023-06-30 19:25:52 [booklist] INFO: VALID_ID: 2576239
2023-06-30 19:25:52 [booklist] INFO: VALID_ID: 2576244
2023-06-30 19:25:52 [booklist] INFO: VALID_ID: 2585159
2023-06-30 19:25:53 [scrapy.core.engine] DEBUG: Crawled (200) <POST https://dl.ndl.go.jp/api/item/search> (referer: https://dl.ndl.go.jp/api/item/search)
2023-06-30 19:25:53 [booklist] INFO: Fetched page 2
2023-06-30 19:25:53 [booklist] INFO: VALID_ID: 11446659
2023-06-30 19:25:53 [booklist] INFO: VALID_ID: 2610138
2023-06-30 19:25:53 [booklist] INFO: VALID_ID: 2609783
2023-06-30 19:25:53 [scrapy.core.engine] DEBUG: Crawled (200) <POST https://dl.ndl.go.jp/api/item/search> (referer: https://dl.ndl.go.jp/api/item/search)
2023-06-30 19:25:53 [booklist] INFO: Fetched page 3
2023-06-30 19:25:53 [booklist] INFO: No more books on 3
2023-06-30 19:25:53 [scrapy.core.engine] INFO: Closing spider (finished)
2023-06-30 19:25:53 [scrapy.statscollectors] INFO: Dumping Scrapy stats:
{'downloader/request_bytes': 4228,
 'downloader/request_count': 4,
 'downloader/request_method_count/GET': 1,
 'downloader/request_method_count/POST': 3,
 'downloader/response_bytes': 704196,
 'downloader/response_count': 4,
 'downloader/response_status_count/200': 4,
 'elapsed_time_seconds': 3.449391,
 'finish_reason': 'finished',
 'finish_time': datetime.datetime(2023, 6, 30, 11, 25, 53, 600450),
 'httpcompression/response_bytes': 7933121,
 'httpcompression/response_count': 3,
 'log_count/DEBUG': 7,
 'log_count/INFO': 117,
 'memusage/max': 63877120,
 'memusage/startup': 63877120,
 'request_depth_max': 2,
 'response_received_count': 4,
 'robotstxt/request_count': 1,
 'robotstxt/response_count': 1,
 'robotstxt/response_status_count/200': 1,
 'scheduler/dequeued': 3,
 'scheduler/dequeued/memory': 3,
 'scheduler/enqueued': 3,
 'scheduler/enqueued/memory': 3,
 'start_time': datetime.datetime(2023, 6, 30, 11, 25, 50, 151059)}
2023-06-30 19:25:53 [scrapy.core.engine] INFO: Spider closed (finished)
