2023-06-30 18:45:54 [scrapy.utils.log] INFO: Scrapy 2.9.0 started (bot: ndlcrawler)
2023-06-30 18:45:54 [scrapy.utils.log] INFO: Versions: lxml 4.9.2.0, libxml2 2.9.14, cssselect 1.2.0, parsel 1.8.1, w3lib 2.1.1, Twisted 22.10.0, Python 3.10.10 (main, Mar  5 2023, 22:26:53) [GCC 12.2.1 20230201], pyOpenSSL 23.2.0 (OpenSSL 3.1.1 30 May 2023), cryptography 41.0.1, Platform Linux-6.2.12-arch1-1-x86_64-with-glibc2.37
2023-06-30 18:45:54 [scrapy.crawler] INFO: Overridden settings:
{'BOT_NAME': 'ndlcrawler',
 'FEED_EXPORT_ENCODING': 'utf-8',
 'LOG_FILE': 'logs/booklist.title.間.DESC.log',
 'NEWSPIDER_MODULE': 'ndlcrawler.spiders',
 'REQUEST_FINGERPRINTER_IMPLEMENTATION': '2.7',
 'ROBOTSTXT_OBEY': True,
 'SPIDER_MODULES': ['ndlcrawler.spiders'],
 'TWISTED_REACTOR': 'twisted.internet.asyncioreactor.AsyncioSelectorReactor'}
2023-06-30 18:45:54 [asyncio] DEBUG: Using selector: EpollSelector
2023-06-30 18:45:54 [scrapy.utils.log] DEBUG: Using reactor: twisted.internet.asyncioreactor.AsyncioSelectorReactor
2023-06-30 18:45:54 [scrapy.utils.log] DEBUG: Using asyncio event loop: asyncio.unix_events._UnixSelectorEventLoop
2023-06-30 18:45:54 [scrapy.extensions.telnet] INFO: Telnet Password: 17e1a6e96c6de24f
2023-06-30 18:45:55 [scrapy.middleware] INFO: Enabled extensions:
['scrapy.extensions.corestats.CoreStats',
 'scrapy.extensions.telnet.TelnetConsole',
 'scrapy.extensions.memusage.MemoryUsage',
 'scrapy.extensions.logstats.LogStats']
2023-06-30 18:45:55 [scrapy.middleware] INFO: Enabled downloader middlewares:
['scrapy.downloadermiddlewares.robotstxt.RobotsTxtMiddleware',
 'scrapy.downloadermiddlewares.httpauth.HttpAuthMiddleware',
 'scrapy.downloadermiddlewares.downloadtimeout.DownloadTimeoutMiddleware',
 'scrapy.downloadermiddlewares.defaultheaders.DefaultHeadersMiddleware',
 'scrapy.downloadermiddlewares.useragent.UserAgentMiddleware',
 'scrapy.downloadermiddlewares.retry.RetryMiddleware',
 'scrapy.downloadermiddlewares.redirect.MetaRefreshMiddleware',
 'scrapy.downloadermiddlewares.httpcompression.HttpCompressionMiddleware',
 'scrapy.downloadermiddlewares.redirect.RedirectMiddleware',
 'scrapy.downloadermiddlewares.cookies.CookiesMiddleware',
 'scrapy.downloadermiddlewares.httpproxy.HttpProxyMiddleware',
 'scrapy.downloadermiddlewares.stats.DownloaderStats']
2023-06-30 18:45:55 [scrapy.middleware] INFO: Enabled spider middlewares:
['scrapy.spidermiddlewares.httperror.HttpErrorMiddleware',
 'scrapy.spidermiddlewares.offsite.OffsiteMiddleware',
 'scrapy.spidermiddlewares.referer.RefererMiddleware',
 'scrapy.spidermiddlewares.urllength.UrlLengthMiddleware',
 'scrapy.spidermiddlewares.depth.DepthMiddleware']
2023-06-30 18:45:55 [scrapy.middleware] INFO: Enabled item pipelines:
[]
2023-06-30 18:45:55 [scrapy.core.engine] INFO: Spider opened
2023-06-30 18:45:55 [scrapy.extensions.logstats] INFO: Crawled 0 pages (at 0 pages/min), scraped 0 items (at 0 items/min)
2023-06-30 18:45:55 [scrapy.extensions.telnet] INFO: Telnet console listening on 127.0.0.1:6023
2023-06-30 18:45:56 [scrapy.core.engine] DEBUG: Crawled (200) <GET https://dl.ndl.go.jp/robots.txt> (referer: None)
2023-06-30 18:45:56 [scrapy.core.engine] DEBUG: Crawled (200) <POST https://dl.ndl.go.jp/api/item/search> (referer: None)
2023-06-30 18:45:56 [booklist] INFO: Fetched page 1
2023-06-30 18:45:57 [booklist] INFO: VALID_ID: 2608552
2023-06-30 18:45:57 [booklist] INFO: VALID_ID: 2565301
2023-06-30 18:45:57 [booklist] INFO: VALID_ID: 2565302
2023-06-30 18:45:57 [booklist] INFO: VALID_ID: 2554737
2023-06-30 18:45:57 [booklist] INFO: VALID_ID: 2541887
2023-06-30 18:45:57 [booklist] INFO: VALID_ID: 10301039
2023-06-30 18:45:57 [booklist] INFO: VALID_ID: 2554736
2023-06-30 18:45:57 [booklist] INFO: VALID_ID: 2535723
2023-06-30 18:45:57 [booklist] INFO: VALID_ID: 2606605
2023-06-30 18:45:57 [booklist] INFO: VALID_ID: 2542669
2023-06-30 18:45:57 [booklist] INFO: VALID_ID: 2565276
2023-06-30 18:45:57 [booklist] INFO: VALID_ID: 2532773
2023-06-30 18:45:57 [booklist] INFO: VALID_ID: 2548090
2023-06-30 18:45:57 [booklist] INFO: VALID_ID: 2532746
2023-06-30 18:45:57 [booklist] INFO: VALID_ID: 2589608
2023-06-30 18:45:57 [booklist] INFO: VALID_ID: 2565300
2023-06-30 18:45:57 [booklist] INFO: VALID_ID: 2589607
2023-06-30 18:45:57 [booklist] INFO: VALID_ID: 2542411
2023-06-30 18:45:57 [booklist] INFO: VALID_ID: 2606323
2023-06-30 18:45:57 [booklist] INFO: VALID_ID: 2609316
2023-06-30 18:45:57 [booklist] INFO: VALID_ID: 2589609
2023-06-30 18:45:57 [booklist] INFO: VALID_ID: 2543502
2023-06-30 18:45:57 [booklist] INFO: VALID_ID: 2589611
2023-06-30 18:45:57 [booklist] INFO: VALID_ID: 9893346
2023-06-30 18:45:57 [booklist] INFO: VALID_ID: 2589606
2023-06-30 18:45:57 [booklist] INFO: VALID_ID: 2589610
2023-06-30 18:45:57 [booklist] INFO: VALID_ID: 2548089
2023-06-30 18:45:57 [booklist] INFO: VALID_ID: 2539763
2023-06-30 18:45:57 [booklist] INFO: VALID_ID: 2565275
2023-06-30 18:45:57 [booklist] INFO: VALID_ID: 2605482
2023-06-30 18:45:57 [booklist] INFO: VALID_ID: 2542724
2023-06-30 18:45:57 [booklist] INFO: VALID_ID: 10301794
2023-06-30 18:45:57 [booklist] INFO: VALID_ID: 2543503
2023-06-30 18:45:57 [booklist] INFO: VALID_ID: 1302787
2023-06-30 18:45:57 [booklist] INFO: VALID_ID: 2567072
2023-06-30 18:45:57 [booklist] INFO: VALID_ID: 2548088
2023-06-30 18:45:57 [booklist] INFO: VALID_ID: 2532209
2023-06-30 18:45:57 [booklist] INFO: VALID_ID: 8929791
2023-06-30 18:45:57 [booklist] INFO: VALID_ID: 2542499
2023-06-30 18:45:57 [booklist] INFO: VALID_ID: 2542492
2023-06-30 18:45:57 [booklist] INFO: VALID_ID: 2542737
2023-06-30 18:45:57 [booklist] INFO: VALID_ID: 2542495
2023-06-30 18:45:57 [booklist] INFO: VALID_ID: 2532728
2023-06-30 18:45:57 [booklist] INFO: VALID_ID: 2609099
2023-06-30 18:45:57 [booklist] INFO: VALID_ID: 2541697
2023-06-30 18:45:57 [booklist] INFO: VALID_ID: 2542725
2023-06-30 18:45:57 [booklist] INFO: VALID_ID: 2542720
2023-06-30 18:45:57 [booklist] INFO: VALID_ID: 8929416
2023-06-30 18:45:57 [booklist] INFO: VALID_ID: 2542437
2023-06-30 18:45:57 [booklist] INFO: VALID_ID: 2547716
2023-06-30 18:45:57 [booklist] INFO: VALID_ID: 2542494
2023-06-30 18:45:57 [booklist] INFO: VALID_ID: 2542452
2023-06-30 18:45:57 [booklist] INFO: VALID_ID: 2542496
2023-06-30 18:45:57 [booklist] INFO: VALID_ID: 2547715
2023-06-30 18:45:57 [booklist] INFO: VALID_ID: 2542498
2023-06-30 18:45:57 [booklist] INFO: VALID_ID: 2607168
2023-06-30 18:45:57 [booklist] INFO: VALID_ID: 8929415
2023-06-30 18:45:57 [booklist] INFO: VALID_ID: 8929916
2023-06-30 18:45:57 [booklist] INFO: VALID_ID: 2542993
2023-06-30 18:45:57 [booklist] INFO: VALID_ID: 2547712
2023-06-30 18:45:57 [booklist] INFO: VALID_ID: 2567070
2023-06-30 18:45:57 [booklist] INFO: VALID_ID: 2542727
2023-06-30 18:45:57 [booklist] INFO: VALID_ID: 2607073
2023-06-30 18:45:57 [booklist] INFO: VALID_ID: 2542497
2023-06-30 18:45:57 [booklist] INFO: VALID_ID: 2567069
2023-06-30 18:45:57 [booklist] INFO: VALID_ID: 2547713
2023-06-30 18:45:57 [booklist] INFO: VALID_ID: 2555435
2023-06-30 18:45:57 [booklist] INFO: VALID_ID: 2567071
2023-06-30 18:45:57 [booklist] INFO: VALID_ID: 2547714
2023-06-30 18:45:57 [booklist] INFO: VALID_ID: 2588297
2023-06-30 18:45:57 [booklist] INFO: VALID_ID: 2588301
2023-06-30 18:45:57 [booklist] INFO: VALID_ID: 2542730
2023-06-30 18:45:57 [booklist] INFO: VALID_ID: 2542444
2023-06-30 18:45:57 [booklist] INFO: VALID_ID: 2542728
2023-06-30 18:45:57 [booklist] INFO: VALID_ID: 2567068
2023-06-30 18:45:57 [booklist] INFO: VALID_ID: 9369581
2023-06-30 18:45:57 [booklist] INFO: VALID_ID: 2542438
2023-06-30 18:45:57 [booklist] INFO: VALID_ID: 1286186
2023-06-30 18:45:57 [booklist] INFO: VALID_ID: 2533242
2023-06-30 18:45:57 [booklist] INFO: VALID_ID: 1307856
2023-06-30 18:45:57 [booklist] INFO: VALID_ID: 2555434
2023-06-30 18:45:57 [booklist] INFO: VALID_ID: 2542362
2023-06-30 18:45:57 [booklist] INFO: VALID_ID: 2541882
2023-06-30 18:45:57 [booklist] INFO: VALID_ID: 2554478
2023-06-30 18:45:57 [booklist] INFO: VALID_ID: 1312532
2023-06-30 18:45:57 [booklist] INFO: VALID_ID: 2554632
2023-06-30 18:45:57 [booklist] INFO: VALID_ID: 2588299
2023-06-30 18:45:57 [booklist] INFO: VALID_ID: 2554859
2023-06-30 18:45:57 [booklist] INFO: VALID_ID: 2588295
2023-06-30 18:45:57 [booklist] INFO: VALID_ID: 2554477
2023-06-30 18:45:57 [booklist] INFO: VALID_ID: 2605252
2023-06-30 18:45:57 [booklist] INFO: VALID_ID: 2606720
2023-06-30 18:45:57 [booklist] INFO: VALID_ID: 2588293
2023-06-30 18:45:57 [booklist] INFO: VALID_ID: 9369170
2023-06-30 18:45:57 [booklist] INFO: VALID_ID: 2534223
2023-06-30 18:45:57 [booklist] INFO: VALID_ID: 2542722
2023-06-30 18:45:57 [booklist] INFO: VALID_ID: 2610377
2023-06-30 18:45:57 [booklist] INFO: VALID_ID: 2588302
2023-06-30 18:45:57 [booklist] INFO: VALID_ID: 2542721
2023-06-30 18:45:57 [booklist] INFO: VALID_ID: 2588306
2023-06-30 18:45:58 [scrapy.core.engine] DEBUG: Crawled (200) <POST https://dl.ndl.go.jp/api/item/search> (referer: https://dl.ndl.go.jp/api/item/search)
2023-06-30 18:45:58 [booklist] INFO: Fetched page 2
2023-06-30 18:45:58 [booklist] INFO: VALID_ID: 1301475
2023-06-30 18:45:58 [booklist] INFO: VALID_ID: 10301623
2023-06-30 18:45:58 [booklist] INFO: VALID_ID: 2535800
2023-06-30 18:45:58 [booklist] INFO: VALID_ID: 2542723
2023-06-30 18:45:58 [booklist] INFO: VALID_ID: 2605805
2023-06-30 18:45:58 [booklist] INFO: VALID_ID: 2588298
2023-06-30 18:45:58 [booklist] INFO: VALID_ID: 2588303
2023-06-30 18:45:58 [booklist] INFO: VALID_ID: 10301589
2023-06-30 18:45:58 [booklist] INFO: VALID_ID: 2543061
2023-06-30 18:45:58 [booklist] INFO: VALID_ID: 2542456
2023-06-30 18:45:58 [booklist] INFO: VALID_ID: 2542175
2023-06-30 18:45:58 [booklist] INFO: VALID_ID: 2588294
2023-06-30 18:45:58 [booklist] INFO: VALID_ID: 2554860
2023-06-30 18:45:58 [booklist] INFO: VALID_ID: 2588296
2023-06-30 18:45:58 [booklist] INFO: VALID_ID: 2588304
2023-06-30 18:45:58 [booklist] INFO: VALID_ID: 2554623
2023-06-30 18:45:58 [booklist] INFO: VALID_ID: 9892775
2023-06-30 18:45:58 [booklist] INFO: VALID_ID: 10301438
2023-06-30 18:45:58 [booklist] INFO: VALID_ID: 2588300
2023-06-30 18:45:58 [booklist] INFO: VALID_ID: 2588305
2023-06-30 18:45:58 [booklist] INFO: VALID_ID: 9369420
2023-06-30 18:45:58 [booklist] INFO: VALID_ID: 2554631
2023-06-30 18:45:58 [booklist] INFO: VALID_ID: 10301281
2023-06-30 18:45:58 [booklist] INFO: VALID_ID: 9892669
2023-06-30 18:45:58 [booklist] INFO: VALID_ID: 2554781
2023-06-30 18:45:58 [booklist] INFO: VALID_ID: 2606680
2023-06-30 18:45:58 [booklist] INFO: VALID_ID: 2606392
2023-06-30 18:45:58 [booklist] INFO: VALID_ID: 8929395
2023-06-30 18:45:58 [booklist] INFO: VALID_ID: 2554782
2023-06-30 18:45:58 [booklist] INFO: VALID_ID: 2554624
2023-06-30 18:45:58 [booklist] INFO: VALID_ID: 2545793
2023-06-30 18:45:58 [booklist] INFO: VALID_ID: 2545794
2023-06-30 18:45:58 [booklist] INFO: VALID_ID: 2545792
2023-06-30 18:45:58 [booklist] INFO: VALID_ID: 2545798
2023-06-30 18:45:58 [booklist] INFO: VALID_ID: 2609586
2023-06-30 18:45:58 [booklist] INFO: VALID_ID: 2591002
2023-06-30 18:45:58 [booklist] INFO: VALID_ID: 2605189
2023-06-30 18:45:58 [booklist] INFO: VALID_ID: 1313270
2023-06-30 18:45:58 [booklist] INFO: VALID_ID: 2591000
2023-06-30 18:45:58 [booklist] INFO: VALID_ID: 2589434
2023-06-30 18:45:58 [booklist] INFO: VALID_ID: 2559181
2023-06-30 18:45:58 [booklist] INFO: VALID_ID: 2589433
2023-06-30 18:45:58 [booklist] INFO: VALID_ID: 2609961
2023-06-30 18:45:58 [booklist] INFO: VALID_ID: 2541335
2023-06-30 18:45:58 [booklist] INFO: VALID_ID: 2545796
2023-06-30 18:45:58 [booklist] INFO: VALID_ID: 2545797
2023-06-30 18:45:58 [booklist] INFO: VALID_ID: 1310420
2023-06-30 18:45:58 [booklist] INFO: VALID_ID: 2591003
2023-06-30 18:45:58 [booklist] INFO: VALID_ID: 2545795
2023-06-30 18:45:58 [booklist] INFO: VALID_ID: 2542635
2023-06-30 18:45:58 [booklist] INFO: VALID_ID: 1286175
2023-06-30 18:45:58 [booklist] INFO: VALID_ID: 2532453
2023-06-30 18:45:58 [booklist] INFO: VALID_ID: 2591001
2023-06-30 18:45:58 [booklist] INFO: VALID_ID: 2574903
2023-06-30 18:45:58 [booklist] INFO: VALID_ID: 2610903
2023-06-30 18:45:58 [booklist] INFO: VALID_ID: 2574904
2023-06-30 18:45:58 [booklist] INFO: VALID_ID: 2546155
2023-06-30 18:45:58 [booklist] INFO: VALID_ID: 2546156
2023-06-30 18:45:58 [booklist] INFO: VALID_ID: 1303514
2023-06-30 18:45:58 [booklist] INFO: VALID_ID: 2590865
2023-06-30 18:45:58 [booklist] INFO: VALID_ID: 1309516
2023-06-30 18:45:58 [booklist] INFO: VALID_ID: 2609231
2023-06-30 18:45:58 [booklist] INFO: VALID_ID: 2574906
2023-06-30 18:45:58 [booklist] INFO: VALID_ID: 2606839
2023-06-30 18:45:58 [booklist] INFO: VALID_ID: 2546157
2023-06-30 18:45:58 [booklist] INFO: VALID_ID: 2574905
2023-06-30 18:45:58 [booklist] INFO: VALID_ID: 2546158
2023-06-30 18:45:58 [booklist] INFO: VALID_ID: 8942851
2023-06-30 18:45:58 [booklist] INFO: VALID_ID: 2609835
2023-06-30 18:45:58 [booklist] INFO: VALID_ID: 9892842
2023-06-30 18:45:58 [booklist] INFO: VALID_ID: 2590866
2023-06-30 18:45:58 [booklist] INFO: VALID_ID: 8942852
2023-06-30 18:45:58 [booklist] INFO: VALID_ID: 8942853
2023-06-30 18:45:58 [booklist] INFO: VALID_ID: 1307893
2023-06-30 18:45:58 [booklist] INFO: VALID_ID: 1286205
2023-06-30 18:45:58 [booklist] INFO: VALID_ID: 2593495
2023-06-30 18:45:58 [booklist] INFO: VALID_ID: 1306334
2023-06-30 18:45:58 [booklist] INFO: VALID_ID: 8943259
2023-06-30 18:45:58 [booklist] INFO: VALID_ID: 1303277
2023-06-30 18:45:58 [booklist] INFO: VALID_ID: 2536224
2023-06-30 18:45:58 [booklist] INFO: VALID_ID: 2589438
2023-06-30 18:45:58 [booklist] INFO: VALID_ID: 2589439
2023-06-30 18:45:58 [booklist] INFO: VALID_ID: 1309816
2023-06-30 18:45:58 [booklist] INFO: VALID_ID: 1309849
2023-06-30 18:45:58 [booklist] INFO: VALID_ID: 2609324
2023-06-30 18:45:58 [booklist] INFO: VALID_ID: 1305999
2023-06-30 18:45:58 [booklist] INFO: VALID_ID: 1312305
2023-06-30 18:45:58 [booklist] INFO: VALID_ID: 2589437
2023-06-30 18:45:58 [booklist] INFO: VALID_ID: 1306229
2023-06-30 18:45:58 [booklist] INFO: VALID_ID: 1305517
2023-06-30 18:45:58 [booklist] INFO: VALID_ID: 1310974
2023-06-30 18:45:58 [booklist] INFO: VALID_ID: 2589440
2023-06-30 18:45:58 [booklist] INFO: VALID_ID: 1306940
2023-06-30 18:45:58 [booklist] INFO: VALID_ID: 1309227
2023-06-30 18:45:58 [booklist] INFO: VALID_ID: 2585442
2023-06-30 18:45:58 [booklist] INFO: VALID_ID: 1304797
2023-06-30 18:45:58 [booklist] INFO: VALID_ID: 2559115
2023-06-30 18:45:58 [booklist] INFO: VALID_ID: 1309268
2023-06-30 18:45:58 [booklist] INFO: VALID_ID: 2538224
2023-06-30 18:45:58 [booklist] INFO: VALID_ID: 1308730
2023-06-30 18:45:59 [scrapy.core.engine] DEBUG: Crawled (200) <POST https://dl.ndl.go.jp/api/item/search> (referer: https://dl.ndl.go.jp/api/item/search)
2023-06-30 18:45:59 [booklist] INFO: Fetched page 3
2023-06-30 18:45:59 [booklist] INFO: VALID_ID: 2611006
2023-06-30 18:45:59 [booklist] INFO: VALID_ID: 1309228
2023-06-30 18:45:59 [booklist] INFO: VALID_ID: 1309266
2023-06-30 18:45:59 [booklist] INFO: VALID_ID: 1305971
2023-06-30 18:45:59 [booklist] INFO: VALID_ID: 2534240
2023-06-30 18:45:59 [booklist] INFO: VALID_ID: 1309256
2023-06-30 18:45:59 [booklist] INFO: VALID_ID: 1311041
2023-06-30 18:45:59 [booklist] INFO: VALID_ID: 1306251
2023-06-30 18:45:59 [booklist] INFO: VALID_ID: 2589430
2023-06-30 18:45:59 [booklist] INFO: VALID_ID: 2589429
2023-06-30 18:45:59 [booklist] INFO: VALID_ID: 1286376
2023-06-30 18:45:59 [booklist] INFO: VALID_ID: 1305204
2023-06-30 18:45:59 [booklist] INFO: VALID_ID: 1308271
2023-06-30 18:45:59 [booklist] INFO: VALID_ID: 1286375
2023-06-30 18:45:59 [booklist] INFO: VALID_ID: 2547254
2023-06-30 18:45:59 [booklist] INFO: VALID_ID: 2585369
2023-06-30 18:45:59 [booklist] INFO: VALID_ID: 2606882
2023-06-30 18:45:59 [booklist] INFO: VALID_ID: 2547257
2023-06-30 18:45:59 [booklist] INFO: VALID_ID: 1288339
2023-06-30 18:45:59 [booklist] INFO: VALID_ID: 2547255
2023-06-30 18:45:59 [booklist] INFO: VALID_ID: 1287794
2023-06-30 18:45:59 [booklist] INFO: VALID_ID: 1310962
2023-06-30 18:45:59 [booklist] INFO: VALID_ID: 11446642
2023-06-30 18:45:59 [booklist] INFO: VALID_ID: 1287811
2023-06-30 18:45:59 [booklist] INFO: VALID_ID: 2547252
2023-06-30 18:45:59 [booklist] INFO: VALID_ID: 2547256
2023-06-30 18:45:59 [booklist] INFO: VALID_ID: 2547251
2023-06-30 18:45:59 [booklist] INFO: VALID_ID: 1307760
2023-06-30 18:45:59 [booklist] INFO: VALID_ID: 1305710
2023-06-30 18:45:59 [booklist] INFO: VALID_ID: 1287778
2023-06-30 18:45:59 [booklist] INFO: VALID_ID: 1287792
2023-06-30 18:45:59 [booklist] INFO: VALID_ID: 1287785
2023-06-30 18:45:59 [booklist] INFO: VALID_ID: 1287823
2023-06-30 18:45:59 [booklist] INFO: VALID_ID: 1287793
2023-06-30 18:45:59 [booklist] INFO: VALID_ID: 1287777
2023-06-30 18:45:59 [booklist] INFO: VALID_ID: 2547258
2023-06-30 18:45:59 [booklist] INFO: VALID_ID: 1311117
2023-06-30 18:45:59 [booklist] INFO: VALID_ID: 1312785
2023-06-30 18:45:59 [booklist] INFO: VALID_ID: 1287807
2023-06-30 18:45:59 [booklist] INFO: VALID_ID: 2571864
2023-06-30 18:45:59 [booklist] INFO: VALID_ID: 2547253
2023-06-30 18:45:59 [booklist] INFO: VALID_ID: 1287783
2023-06-30 18:45:59 [booklist] INFO: VALID_ID: 1306479
2023-06-30 18:45:59 [booklist] INFO: VALID_ID: 1312130
2023-06-30 18:45:59 [booklist] INFO: VALID_ID: 1287784
2023-06-30 18:45:59 [booklist] INFO: VALID_ID: 1312765
2023-06-30 18:45:59 [booklist] INFO: VALID_ID: 2547817
2023-06-30 18:45:59 [booklist] INFO: VALID_ID: 1287820
2023-06-30 18:45:59 [booklist] INFO: VALID_ID: 1312767
2023-06-30 18:45:59 [booklist] INFO: VALID_ID: 1312788
2023-06-30 18:45:59 [booklist] INFO: VALID_ID: 1306199
2023-06-30 18:45:59 [booklist] INFO: VALID_ID: 2559241
2023-06-30 18:45:59 [booklist] INFO: VALID_ID: 1287781
2023-06-30 18:45:59 [booklist] INFO: VALID_ID: 1287821
2023-06-30 18:45:59 [booklist] INFO: VALID_ID: 1306466
2023-06-30 18:45:59 [booklist] INFO: VALID_ID: 11606630
2023-06-30 18:45:59 [booklist] INFO: VALID_ID: 1312330
2023-06-30 18:45:59 [booklist] INFO: VALID_ID: 1306496
2023-06-30 18:45:59 [booklist] INFO: VALID_ID: 1306474
2023-06-30 18:45:59 [booklist] INFO: VALID_ID: 2547808
2023-06-30 18:45:59 [booklist] INFO: VALID_ID: 1287788
2023-06-30 18:45:59 [booklist] INFO: VALID_ID: 1287801
2023-06-30 18:45:59 [booklist] INFO: VALID_ID: 2571848
2023-06-30 18:45:59 [booklist] INFO: VALID_ID: 1308245
2023-06-30 18:45:59 [booklist] INFO: VALID_ID: 1306487
2023-06-30 18:45:59 [booklist] INFO: VALID_ID: 1286578
2023-06-30 18:45:59 [booklist] INFO: VALID_ID: 2571821
2023-06-30 18:45:59 [booklist] INFO: VALID_ID: 2542942
2023-06-30 18:45:59 [booklist] INFO: VALID_ID: 2547806
2023-06-30 18:45:59 [booklist] INFO: VALID_ID: 1306475
2023-06-30 18:45:59 [booklist] INFO: VALID_ID: 1306483
2023-06-30 18:45:59 [booklist] INFO: VALID_ID: 1312776
2023-06-30 18:45:59 [booklist] INFO: VALID_ID: 2571828
2023-06-30 18:45:59 [booklist] INFO: VALID_ID: 2547789
2023-06-30 18:45:59 [booklist] INFO: VALID_ID: 1303300
2023-06-30 18:45:59 [booklist] INFO: VALID_ID: 1311064
2023-06-30 18:45:59 [booklist] INFO: VALID_ID: 1312129
2023-06-30 18:45:59 [booklist] INFO: VALID_ID: 1312762
2023-06-30 18:45:59 [booklist] INFO: VALID_ID: 2606289
2023-06-30 18:45:59 [booklist] INFO: VALID_ID: 2547797
2023-06-30 18:45:59 [booklist] INFO: VALID_ID: 2542088
2023-06-30 18:45:59 [booklist] INFO: VALID_ID: 10303480
2023-06-30 18:45:59 [booklist] INFO: VALID_ID: 2577758
2023-06-30 18:45:59 [booklist] INFO: VALID_ID: 1306490
2023-06-30 18:45:59 [booklist] INFO: VALID_ID: 1311234
2023-06-30 18:45:59 [booklist] INFO: VALID_ID: 1312778
2023-06-30 18:45:59 [booklist] INFO: VALID_ID: 1309172
2023-06-30 18:45:59 [booklist] INFO: VALID_ID: 1312760
2023-06-30 18:45:59 [booklist] INFO: VALID_ID: 2547852
2023-06-30 18:45:59 [booklist] INFO: VALID_ID: 11891771
2023-06-30 18:45:59 [booklist] INFO: VALID_ID: 1312769
2023-06-30 18:45:59 [booklist] INFO: VALID_ID: 10301211
2023-06-30 18:45:59 [booklist] INFO: VALID_ID: 2592958
2023-06-30 18:45:59 [booklist] INFO: VALID_ID: 1306470
2023-06-30 18:45:59 [booklist] INFO: VALID_ID: 1306484
2023-06-30 18:45:59 [booklist] INFO: VALID_ID: 1306478
2023-06-30 18:45:59 [booklist] INFO: VALID_ID: 1312772
2023-06-30 18:45:59 [booklist] INFO: VALID_ID: 10301359
2023-06-30 18:45:59 [booklist] INFO: VALID_ID: 1312786
2023-06-30 18:45:59 [booklist] INFO: VALID_ID: 1306486
2023-06-30 18:46:00 [scrapy.core.engine] DEBUG: Crawled (200) <POST https://dl.ndl.go.jp/api/item/search> (referer: https://dl.ndl.go.jp/api/item/search)
2023-06-30 18:46:00 [booklist] INFO: Fetched page 4
2023-06-30 18:46:00 [booklist] INFO: VALID_ID: 1306482
2023-06-30 18:46:00 [booklist] INFO: VALID_ID: 1312766
2023-06-30 18:46:00 [booklist] INFO: VALID_ID: 1312787
2023-06-30 18:46:00 [booklist] INFO: VALID_ID: 10301237
2023-06-30 18:46:00 [booklist] INFO: VALID_ID: 1312764
2023-06-30 18:46:00 [booklist] INFO: VALID_ID: 2585237
2023-06-30 18:46:00 [booklist] INFO: VALID_ID: 1312768
2023-06-30 18:46:00 [booklist] INFO: VALID_ID: 2585324
2023-06-30 18:46:00 [booklist] INFO: VALID_ID: 2592958
2023-06-30 18:46:00 [booklist] INFO: VALID_ID: 2593479
2023-06-30 18:46:00 [booklist] INFO: VALID_ID: 2585316
2023-06-30 18:46:00 [booklist] INFO: VALID_ID: 1306500
2023-06-30 18:46:00 [booklist] INFO: VALID_ID: 1312790
2023-06-30 18:46:00 [booklist] INFO: VALID_ID: 2585323
2023-06-30 18:46:00 [booklist] INFO: VALID_ID: 1306499
2023-06-30 18:46:00 [booklist] INFO: VALID_ID: 1306467
2023-06-30 18:46:00 [booklist] INFO: VALID_ID: 1312774
2023-06-30 18:46:00 [booklist] INFO: VALID_ID: 1306485
2023-06-30 18:46:00 [booklist] INFO: VALID_ID: 2542500
2023-06-30 18:46:00 [booklist] INFO: VALID_ID: 2610391
2023-06-30 18:46:00 [booklist] INFO: VALID_ID: 1306489
2023-06-30 18:46:00 [booklist] INFO: VALID_ID: 1312770
2023-06-30 18:46:00 [booklist] INFO: VALID_ID: 1313522
2023-06-30 18:46:00 [booklist] INFO: VALID_ID: 1312780
2023-06-30 18:46:00 [booklist] INFO: VALID_ID: 1312773
2023-06-30 18:46:00 [booklist] INFO: VALID_ID: 2585283
2023-06-30 18:46:00 [booklist] INFO: VALID_ID: 1306498
2023-06-30 18:46:00 [booklist] INFO: VALID_ID: 2585372
2023-06-30 18:46:00 [booklist] INFO: VALID_ID: 2549759
2023-06-30 18:46:00 [booklist] INFO: VALID_ID: 2585169
2023-06-30 18:46:00 [booklist] INFO: VALID_ID: 1313469
2023-06-30 18:46:00 [booklist] INFO: VALID_ID: 1306480
2023-06-30 18:46:00 [booklist] INFO: VALID_ID: 2551352
2023-06-30 18:46:00 [booklist] INFO: VALID_ID: 2585273
2023-06-30 18:46:00 [booklist] INFO: VALID_ID: 1306488
2023-06-30 18:46:00 [booklist] INFO: VALID_ID: 2585265
2023-06-30 18:46:00 [booklist] INFO: VALID_ID: 11606611
2023-06-30 18:46:00 [booklist] INFO: VALID_ID: 2585297
2023-06-30 18:46:00 [booklist] INFO: VALID_ID: 2585205
2023-06-30 18:46:00 [booklist] INFO: VALID_ID: 2585244
2023-06-30 18:46:00 [booklist] INFO: VALID_ID: 2592873
2023-06-30 18:46:00 [booklist] INFO: VALID_ID: 1306471
2023-06-30 18:46:00 [booklist] INFO: VALID_ID: 2585306
2023-06-30 18:46:00 [booklist] INFO: VALID_ID: 1306493
2023-06-30 18:46:00 [booklist] INFO: VALID_ID: 1312775
2023-06-30 18:46:00 [booklist] INFO: VALID_ID: 2585236
2023-06-30 18:46:00 [booklist] INFO: VALID_ID: 2593290
2023-06-30 18:46:00 [booklist] INFO: VALID_ID: 10301359
2023-06-30 18:46:00 [booklist] INFO: VALID_ID: 1306481
2023-06-30 18:46:00 [booklist] INFO: VALID_ID: 1312779
2023-06-30 18:46:00 [booklist] INFO: VALID_ID: 2585256
2023-06-30 18:46:00 [booklist] INFO: VALID_ID: 2585270
2023-06-30 18:46:00 [booklist] INFO: VALID_ID: 2585393
2023-06-30 18:46:00 [booklist] INFO: VALID_ID: 1312777
2023-06-30 18:46:00 [booklist] INFO: VALID_ID: 1312763
2023-06-30 18:46:00 [booklist] INFO: VALID_ID: 2585443
2023-06-30 18:46:00 [booklist] INFO: VALID_ID: 1312771
2023-06-30 18:46:00 [booklist] INFO: VALID_ID: 2585171
2023-06-30 18:46:00 [booklist] INFO: VALID_ID: 1306477
2023-06-30 18:46:00 [booklist] INFO: VALID_ID: 2585357
2023-06-30 18:46:00 [booklist] INFO: VALID_ID: 1306494
2023-06-30 18:46:00 [booklist] INFO: VALID_ID: 10303481
2023-06-30 18:46:00 [booklist] INFO: VALID_ID: 2585309
2023-06-30 18:46:00 [booklist] INFO: VALID_ID: 2585379
2023-06-30 18:46:00 [booklist] INFO: VALID_ID: 2585355
2023-06-30 18:46:00 [booklist] INFO: VALID_ID: 2585238
2023-06-30 18:46:00 [booklist] INFO: VALID_ID: 2539716
2023-06-30 18:46:00 [booklist] INFO: VALID_ID: 2585243
2023-06-30 18:46:00 [booklist] INFO: VALID_ID: 11891873
2023-06-30 18:46:00 [booklist] INFO: VALID_ID: 2593295
2023-06-30 18:46:00 [booklist] INFO: VALID_ID: 2593502
2023-06-30 18:46:00 [booklist] INFO: VALID_ID: 2592956
2023-06-30 18:46:00 [booklist] INFO: VALID_ID: 1306469
2023-06-30 18:46:00 [booklist] INFO: VALID_ID: 2585180
2023-06-30 18:46:00 [booklist] INFO: VALID_ID: 2585363
2023-06-30 18:46:00 [booklist] INFO: VALID_ID: 1306468
2023-06-30 18:46:00 [booklist] INFO: VALID_ID: 1312782
2023-06-30 18:46:00 [booklist] INFO: VALID_ID: 11891692
2023-06-30 18:46:00 [booklist] INFO: VALID_ID: 2585213
2023-06-30 18:46:00 [booklist] INFO: VALID_ID: 2592927
2023-06-30 18:46:00 [booklist] INFO: VALID_ID: 1306497
2023-06-30 18:46:00 [booklist] INFO: VALID_ID: 2585266
2023-06-30 18:46:00 [booklist] INFO: VALID_ID: 1312761
2023-06-30 18:46:00 [booklist] INFO: VALID_ID: 1312789
2023-06-30 18:46:00 [booklist] INFO: VALID_ID: 2585677
2023-06-30 18:46:00 [booklist] INFO: VALID_ID: 2585516
2023-06-30 18:46:00 [booklist] INFO: VALID_ID: 9369516
2023-06-30 18:46:00 [booklist] INFO: VALID_ID: 2585199
2023-06-30 18:46:00 [booklist] INFO: VALID_ID: 2585337
2023-06-30 18:46:00 [booklist] INFO: VALID_ID: 1309211
2023-06-30 18:46:00 [booklist] INFO: VALID_ID: 2573634
2023-06-30 18:46:00 [booklist] INFO: VALID_ID: 11892575
2023-06-30 18:46:00 [booklist] INFO: VALID_ID: 11892576
2023-06-30 18:46:00 [booklist] INFO: VALID_ID: 2585434
2023-06-30 18:46:00 [booklist] INFO: VALID_ID: 2585381
2023-06-30 18:46:00 [booklist] INFO: VALID_ID: 2542440
2023-06-30 18:46:00 [booklist] INFO: VALID_ID: 11892573
2023-06-30 18:46:00 [booklist] INFO: VALID_ID: 1312783
2023-06-30 18:46:00 [booklist] INFO: VALID_ID: 2598070
2023-06-30 18:46:00 [booklist] INFO: VALID_ID: 2592929
2023-06-30 18:46:01 [scrapy.core.engine] DEBUG: Crawled (200) <POST https://dl.ndl.go.jp/api/item/search> (referer: https://dl.ndl.go.jp/api/item/search)
2023-06-30 18:46:01 [booklist] INFO: Fetched page 5
2023-06-30 18:46:01 [booklist] INFO: VALID_ID: 1312783
2023-06-30 18:46:01 [booklist] INFO: VALID_ID: 2598070
2023-06-30 18:46:01 [booklist] INFO: VALID_ID: 2592929
2023-06-30 18:46:01 [booklist] INFO: VALID_ID: 2607780
2023-06-30 18:46:01 [booklist] INFO: VALID_ID: 2585184
2023-06-30 18:46:01 [booklist] INFO: VALID_ID: 2585313
2023-06-30 18:46:01 [booklist] INFO: VALID_ID: 1312781
2023-06-30 18:46:01 [booklist] INFO: VALID_ID: 2592928
2023-06-30 18:46:01 [booklist] INFO: VALID_ID: 2585365
2023-06-30 18:46:01 [booklist] INFO: VALID_ID: 2542500
2023-06-30 18:46:01 [booklist] INFO: VALID_ID: 2585259
2023-06-30 18:46:01 [booklist] INFO: VALID_ID: 2592855
2023-06-30 18:46:01 [booklist] INFO: VALID_ID: 2542213
2023-06-30 18:46:01 [booklist] INFO: VALID_ID: 2547641
2023-06-30 18:46:01 [booklist] INFO: VALID_ID: 2593546
2023-06-30 18:46:01 [booklist] INFO: VALID_ID: 2585444
2023-06-30 18:46:01 [booklist] INFO: VALID_ID: 2592933
2023-06-30 18:46:01 [booklist] INFO: VALID_ID: 1306476
2023-06-30 18:46:01 [booklist] INFO: VALID_ID: 2593470
2023-06-30 18:46:01 [booklist] INFO: VALID_ID: 2547642
2023-06-30 18:46:01 [booklist] INFO: VALID_ID: 2585206
2023-06-30 18:46:01 [booklist] INFO: VALID_ID: 1312702
2023-06-30 18:46:01 [booklist] INFO: VALID_ID: 1311289
2023-06-30 18:46:01 [booklist] INFO: VALID_ID: 11892577
2023-06-30 18:46:01 [booklist] INFO: VALID_ID: 2576274
2023-06-30 18:46:01 [booklist] INFO: VALID_ID: 2607276
2023-06-30 18:46:01 [booklist] INFO: VALID_ID: 2542211
2023-06-30 18:46:01 [booklist] INFO: VALID_ID: 2585260
2023-06-30 18:46:01 [booklist] INFO: VALID_ID: 2581050
2023-06-30 18:46:01 [booklist] INFO: VALID_ID: 2585268
2023-06-30 18:46:01 [booklist] INFO: VALID_ID: 1306209
2023-06-30 18:46:01 [booklist] INFO: VALID_ID: 2585181
2023-06-30 18:46:01 [booklist] INFO: VALID_ID: 1309207
2023-06-30 18:46:01 [booklist] INFO: VALID_ID: 2585170
2023-06-30 18:46:01 [booklist] INFO: VALID_ID: 2585377
2023-06-30 18:46:01 [booklist] INFO: VALID_ID: 2585380
2023-06-30 18:46:01 [booklist] INFO: VALID_ID: 2585334
2023-06-30 18:46:01 [booklist] INFO: VALID_ID: 2585234
2023-06-30 18:46:01 [booklist] INFO: VALID_ID: 2585669
2023-06-30 18:46:01 [booklist] INFO: VALID_ID: 2585261
2023-06-30 18:46:01 [booklist] INFO: VALID_ID: 2585419
2023-06-30 18:46:01 [booklist] INFO: VALID_ID: 1311284
2023-06-30 18:46:01 [booklist] INFO: VALID_ID: 2585342
2023-06-30 18:46:01 [booklist] INFO: VALID_ID: 2605718
2023-06-30 18:46:01 [booklist] INFO: VALID_ID: 2585207
2023-06-30 18:46:01 [booklist] INFO: VALID_ID: 2585376
2023-06-30 18:46:01 [booklist] INFO: VALID_ID: 2585347
2023-06-30 18:46:01 [booklist] INFO: VALID_ID: 11892574
2023-06-30 18:46:01 [booklist] INFO: VALID_ID: 2585216
2023-06-30 18:46:01 [booklist] INFO: VALID_ID: 2576278
2023-06-30 18:46:01 [booklist] INFO: VALID_ID: 2592930
2023-06-30 18:46:01 [booklist] INFO: VALID_ID: 10304013
2023-06-30 18:46:01 [booklist] INFO: VALID_ID: 2585220
2023-06-30 18:46:01 [booklist] INFO: VALID_ID: 2576266
2023-06-30 18:46:01 [booklist] INFO: VALID_ID: 2576267
2023-06-30 18:46:01 [booklist] INFO: VALID_ID: 2585354
2023-06-30 18:46:01 [booklist] INFO: VALID_ID: 2576275
2023-06-30 18:46:01 [booklist] INFO: VALID_ID: 2585441
2023-06-30 18:46:01 [booklist] INFO: VALID_ID: 2585166
2023-06-30 18:46:01 [booklist] INFO: VALID_ID: 2585371
2023-06-30 18:46:01 [booklist] INFO: VALID_ID: 2533588
2023-06-30 18:46:01 [booklist] INFO: VALID_ID: 1306213
2023-06-30 18:46:01 [booklist] INFO: VALID_ID: 2576265
2023-06-30 18:46:01 [booklist] INFO: VALID_ID: 2576269
2023-06-30 18:46:01 [booklist] INFO: VALID_ID: 2585378
2023-06-30 18:46:01 [booklist] INFO: VALID_ID: 2585271
2023-06-30 18:46:01 [booklist] INFO: VALID_ID: 2593491
2023-06-30 18:46:01 [booklist] INFO: VALID_ID: 2585439
2023-06-30 18:46:01 [booklist] INFO: VALID_ID: 2576279
2023-06-30 18:46:01 [booklist] INFO: VALID_ID: 2542274
2023-06-30 18:46:01 [booklist] INFO: VALID_ID: 2585209
2023-06-30 18:46:01 [booklist] INFO: VALID_ID: 2576268
2023-06-30 18:46:01 [booklist] INFO: VALID_ID: 2576277
2023-06-30 18:46:01 [booklist] INFO: VALID_ID: 1302790
2023-06-30 18:46:01 [booklist] INFO: VALID_ID: 2585339
2023-06-30 18:46:01 [booklist] INFO: VALID_ID: 2576270
2023-06-30 18:46:01 [booklist] INFO: VALID_ID: 10303647
2023-06-30 18:46:01 [booklist] INFO: VALID_ID: 2585667
2023-06-30 18:46:01 [booklist] INFO: VALID_ID: 2606646
2023-06-30 18:46:01 [booklist] INFO: VALID_ID: 2576276
2023-06-30 18:46:01 [booklist] INFO: VALID_ID: 2585353
2023-06-30 18:46:01 [booklist] INFO: VALID_ID: 2585390
2023-06-30 18:46:01 [booklist] INFO: VALID_ID: 2576272
2023-06-30 18:46:01 [booklist] INFO: VALID_ID: 2585681
2023-06-30 18:46:01 [booklist] INFO: VALID_ID: 2605330
2023-06-30 18:46:01 [booklist] INFO: VALID_ID: 1305537
2023-06-30 18:46:01 [booklist] INFO: VALID_ID: 2607967
2023-06-30 18:46:01 [booklist] INFO: VALID_ID: 2585160
2023-06-30 18:46:01 [booklist] INFO: VALID_ID: 2589126
2023-06-30 18:46:01 [booklist] INFO: VALID_ID: 2605692
2023-06-30 18:46:01 [booklist] INFO: VALID_ID: 2607843
2023-06-30 18:46:01 [booklist] INFO: VALID_ID: 2585285
2023-06-30 18:46:01 [booklist] INFO: VALID_ID: 2585349
2023-06-30 18:46:01 [booklist] INFO: VALID_ID: 2589125
2023-06-30 18:46:01 [booklist] INFO: VALID_ID: 2585571
2023-06-30 18:46:01 [booklist] INFO: VALID_ID: 2592880
2023-06-30 18:46:01 [booklist] INFO: VALID_ID: 2605260
2023-06-30 18:46:01 [booklist] INFO: VALID_ID: 2585200
2023-06-30 18:46:01 [booklist] INFO: VALID_ID: 2585388
2023-06-30 18:46:01 [booklist] INFO: VALID_ID: 10304008
2023-06-30 18:46:02 [scrapy.core.engine] DEBUG: Crawled (200) <POST https://dl.ndl.go.jp/api/item/search> (referer: https://dl.ndl.go.jp/api/item/search)
2023-06-30 18:46:02 [booklist] INFO: Fetched page 6
2023-06-30 18:46:02 [booklist] INFO: VALID_ID: 2585388
2023-06-30 18:46:02 [booklist] INFO: VALID_ID: 2541888
2023-06-30 18:46:02 [booklist] INFO: VALID_ID: 2608154
2023-06-30 18:46:02 [booklist] INFO: VALID_ID: 2585239
2023-06-30 18:46:02 [booklist] INFO: VALID_ID: 2585301
2023-06-30 18:46:02 [booklist] INFO: VALID_ID: 1312601
2023-06-30 18:46:02 [booklist] INFO: VALID_ID: 2543243
2023-06-30 18:46:02 [booklist] INFO: VALID_ID: 10301235
2023-06-30 18:46:02 [booklist] INFO: VALID_ID: 2585567
2023-06-30 18:46:02 [booklist] INFO: VALID_ID: 2585345
2023-06-30 18:46:02 [booklist] INFO: VALID_ID: 2585370
2023-06-30 18:46:02 [booklist] INFO: VALID_ID: 2585398
2023-06-30 18:46:02 [booklist] INFO: VALID_ID: 10304008
2023-06-30 18:46:02 [booklist] INFO: VALID_ID: 2585302
2023-06-30 18:46:02 [booklist] INFO: VALID_ID: 2585440
2023-06-30 18:46:02 [booklist] INFO: VALID_ID: 2611035
2023-06-30 18:46:02 [booklist] INFO: VALID_ID: 1301504
2023-06-30 18:46:02 [booklist] INFO: VALID_ID: 2585290
2023-06-30 18:46:02 [booklist] INFO: VALID_ID: 2585190
2023-06-30 18:46:02 [booklist] INFO: VALID_ID: 2592942
2023-06-30 18:46:02 [booklist] INFO: VALID_ID: 2585338
2023-06-30 18:46:02 [booklist] INFO: VALID_ID: 2585367
2023-06-30 18:46:02 [booklist] INFO: VALID_ID: 2589128
2023-06-30 18:46:02 [booklist] INFO: VALID_ID: 2585257
2023-06-30 18:46:02 [booklist] INFO: VALID_ID: 2585451
2023-06-30 18:46:02 [booklist] INFO: VALID_ID: 2585341
2023-06-30 18:46:02 [booklist] INFO: VALID_ID: 2533590
2023-06-30 18:46:02 [booklist] INFO: VALID_ID: 2548601
2023-06-30 18:46:02 [booklist] INFO: VALID_ID: 1305538
2023-06-30 18:46:02 [booklist] INFO: VALID_ID: 1311265
2023-06-30 18:46:02 [booklist] INFO: VALID_ID: 2553350
2023-06-30 18:46:02 [booklist] INFO: VALID_ID: 2585366
2023-06-30 18:46:02 [booklist] INFO: VALID_ID: 2585608
2023-06-30 18:46:02 [booklist] INFO: VALID_ID: 11038496
2023-06-30 18:46:02 [booklist] INFO: VALID_ID: 11892644
2023-06-30 18:46:02 [booklist] INFO: VALID_ID: 11892643
2023-06-30 18:46:02 [booklist] INFO: VALID_ID: 1301347
2023-06-30 18:46:02 [booklist] INFO: VALID_ID: 1301346
2023-06-30 18:46:02 [booklist] INFO: VALID_ID: 2548600
2023-06-30 18:46:02 [booklist] INFO: VALID_ID: 2585300
2023-06-30 18:46:02 [booklist] INFO: VALID_ID: 2581031
2023-06-30 18:46:02 [booklist] INFO: VALID_ID: 2548599
2023-06-30 18:46:02 [booklist] INFO: VALID_ID: 2572844
2023-06-30 18:46:02 [booklist] INFO: VALID_ID: 2572024
2023-06-30 18:46:02 [booklist] INFO: VALID_ID: 1307885
2023-06-30 18:46:02 [booklist] INFO: VALID_ID: 2547740
2023-06-30 18:46:02 [booklist] INFO: VALID_ID: 2585368
2023-06-30 18:46:02 [booklist] INFO: VALID_ID: 2585320
2023-06-30 18:46:02 [booklist] INFO: VALID_ID: 2593527
2023-06-30 18:46:02 [booklist] INFO: VALID_ID: 10300952
2023-06-30 18:46:02 [booklist] INFO: VALID_ID: 2585333
2023-06-30 18:46:02 [booklist] INFO: VALID_ID: 2607835
2023-06-30 18:46:02 [booklist] INFO: VALID_ID: 2592878
2023-06-30 18:46:02 [booklist] INFO: VALID_ID: 2560608
2023-06-30 18:46:02 [booklist] INFO: VALID_ID: 2549672
2023-06-30 18:46:02 [booklist] INFO: VALID_ID: 2585246
2023-06-30 18:46:02 [booklist] INFO: VALID_ID: 10301593
2023-06-30 18:46:02 [booklist] INFO: VALID_ID: 2585279
2023-06-30 18:46:02 [booklist] INFO: VALID_ID: 10301751
2023-06-30 18:46:02 [booklist] INFO: VALID_ID: 2585335
2023-06-30 18:46:02 [booklist] INFO: VALID_ID: 1288515
2023-06-30 18:46:02 [booklist] INFO: VALID_ID: 1306197
2023-06-30 18:46:02 [booklist] INFO: VALID_ID: 10301354
2023-06-30 18:46:02 [booklist] INFO: VALID_ID: 1302527
2023-06-30 18:46:02 [booklist] INFO: VALID_ID: 2542475
2023-06-30 18:46:02 [booklist] INFO: VALID_ID: 10301766
2023-06-30 18:46:02 [booklist] INFO: VALID_ID: 1286641
2023-06-30 18:46:02 [booklist] INFO: VALID_ID: 1306210
2023-06-30 18:46:02 [booklist] INFO: VALID_ID: 1305545
2023-06-30 18:46:02 [booklist] INFO: VALID_ID: 2585332
2023-06-30 18:46:02 [booklist] INFO: VALID_ID: 1306198
2023-06-30 18:46:02 [booklist] INFO: VALID_ID: 10301746
2023-06-30 18:46:02 [booklist] INFO: VALID_ID: 2609520
2023-06-30 18:46:02 [booklist] INFO: VALID_ID: 1286636
2023-06-30 18:46:02 [booklist] INFO: VALID_ID: 10301218
2023-06-30 18:46:02 [booklist] INFO: VALID_ID: 2546171
2023-06-30 18:46:02 [booklist] INFO: VALID_ID: 2596133
2023-06-30 18:46:02 [booklist] INFO: VALID_ID: 2548770
2023-06-30 18:46:02 [booklist] INFO: VALID_ID: 1301384
2023-06-30 18:46:02 [booklist] INFO: VALID_ID: 2548727
2023-06-30 18:46:02 [booklist] INFO: VALID_ID: 10301752
2023-06-30 18:46:02 [booklist] INFO: VALID_ID: 2596058
2023-06-30 18:46:02 [booklist] INFO: VALID_ID: 10301738
2023-06-30 18:46:02 [booklist] INFO: VALID_ID: 2596069
2023-06-30 18:46:02 [booklist] INFO: VALID_ID: 2596096
2023-06-30 18:46:02 [booklist] INFO: VALID_ID: 2596112
2023-06-30 18:46:02 [booklist] INFO: VALID_ID: 2596114
2023-06-30 18:46:02 [booklist] INFO: VALID_ID: 2607426
2023-06-30 18:46:02 [booklist] INFO: VALID_ID: 2596120
2023-06-30 18:46:02 [booklist] INFO: VALID_ID: 2596094
2023-06-30 18:46:02 [booklist] INFO: VALID_ID: 2548739
2023-06-30 18:46:02 [booklist] INFO: VALID_ID: 2596068
2023-06-30 18:46:02 [booklist] INFO: VALID_ID: 2596122
2023-06-30 18:46:02 [booklist] INFO: VALID_ID: 2596123
2023-06-30 18:46:02 [booklist] INFO: VALID_ID: 2605429
2023-06-30 18:46:02 [booklist] INFO: VALID_ID: 2596113
2023-06-30 18:46:02 [booklist] INFO: VALID_ID: 2596128
2023-06-30 18:46:02 [booklist] INFO: VALID_ID: 2596121
2023-06-30 18:46:02 [booklist] INFO: VALID_ID: 2596136
2023-06-30 18:46:02 [booklist] INFO: VALID_ID: 2550369
2023-06-30 18:46:04 [scrapy.core.engine] DEBUG: Crawled (200) <POST https://dl.ndl.go.jp/api/item/search> (referer: https://dl.ndl.go.jp/api/item/search)
2023-06-30 18:46:04 [booklist] INFO: Fetched page 7
2023-06-30 18:46:04 [booklist] INFO: VALID_ID: 2596111
2023-06-30 18:46:04 [booklist] INFO: VALID_ID: 2596129
2023-06-30 18:46:04 [booklist] INFO: VALID_ID: 2550369
2023-06-30 18:46:04 [booklist] INFO: VALID_ID: 2596109
2023-06-30 18:46:04 [booklist] INFO: VALID_ID: 2606425
2023-06-30 18:46:04 [booklist] INFO: VALID_ID: 2596121
2023-06-30 18:46:04 [booklist] INFO: VALID_ID: 2596136
2023-06-30 18:46:04 [booklist] INFO: VALID_ID: 2549673
2023-06-30 18:46:04 [booklist] INFO: VALID_ID: 2610026
2023-06-30 18:46:04 [booklist] INFO: VALID_ID: 2596088
2023-06-30 18:46:04 [booklist] INFO: VALID_ID: 2596124
2023-06-30 18:46:04 [booklist] INFO: VALID_ID: 9369963
2023-06-30 18:46:04 [booklist] INFO: VALID_ID: 2587599
2023-06-30 18:46:04 [booklist] INFO: VALID_ID: 2596118
2023-06-30 18:46:04 [booklist] INFO: VALID_ID: 2596089
2023-06-30 18:46:04 [booklist] INFO: VALID_ID: 2596095
2023-06-30 18:46:04 [booklist] INFO: VALID_ID: 2585305
2023-06-30 18:46:04 [booklist] INFO: VALID_ID: 2550370
2023-06-30 18:46:04 [booklist] INFO: VALID_ID: 2550371
2023-06-30 18:46:04 [booklist] INFO: VALID_ID: 11892789
2023-06-30 18:46:04 [booklist] INFO: VALID_ID: 10301264
2023-06-30 18:46:04 [booklist] INFO: VALID_ID: 2559182
2023-06-30 18:46:04 [booklist] INFO: VALID_ID: 2559185
2023-06-30 18:46:04 [booklist] INFO: VALID_ID: 2559186
2023-06-30 18:46:04 [booklist] INFO: VALID_ID: 2559178
2023-06-30 18:46:04 [booklist] INFO: VALID_ID: 2587825
2023-06-30 18:46:04 [booklist] INFO: VALID_ID: 2550268
2023-06-30 18:46:04 [booklist] INFO: VALID_ID: 2559179
2023-06-30 18:46:04 [booklist] INFO: VALID_ID: 2550281
2023-06-30 18:46:04 [booklist] INFO: VALID_ID: 2607884
2023-06-30 18:46:04 [booklist] INFO: VALID_ID: 2550282
2023-06-30 18:46:04 [booklist] INFO: VALID_ID: 2559184
2023-06-30 18:46:04 [booklist] INFO: VALID_ID: 2559180
2023-06-30 18:46:04 [booklist] INFO: VALID_ID: 2559183
2023-06-30 18:46:04 [booklist] INFO: VALID_ID: 2550227
2023-06-30 18:46:04 [booklist] INFO: VALID_ID: 2559187
2023-06-30 18:46:04 [booklist] INFO: VALID_ID: 2610012
2023-06-30 18:46:04 [booklist] INFO: VALID_ID: 2559188
2023-06-30 18:46:04 [booklist] INFO: VALID_ID: 2548691
2023-06-30 18:46:04 [booklist] INFO: VALID_ID: 2550173
2023-06-30 18:46:04 [booklist] INFO: VALID_ID: 2550385
2023-06-30 18:46:04 [booklist] INFO: VALID_ID: 2550290
2023-06-30 18:46:04 [booklist] INFO: VALID_ID: 2610368
2023-06-30 18:46:04 [booklist] INFO: VALID_ID: 1305547
2023-06-30 18:46:04 [booklist] INFO: VALID_ID: 2609633
2023-06-30 18:46:04 [booklist] INFO: VALID_ID: 10301165
2023-06-30 18:46:04 [booklist] INFO: VALID_ID: 9369953
2023-06-30 18:46:04 [booklist] INFO: VALID_ID: 10301535
2023-06-30 18:46:04 [booklist] INFO: VALID_ID: 2572026
2023-06-30 18:46:04 [booklist] INFO: VALID_ID: 2559106
2023-06-30 18:46:04 [booklist] INFO: VALID_ID: 2559113
2023-06-30 18:46:04 [booklist] INFO: VALID_ID: 2559105
2023-06-30 18:46:04 [booklist] INFO: VALID_ID: 2559112
2023-06-30 18:46:04 [booklist] INFO: VALID_ID: 2559109
2023-06-30 18:46:04 [booklist] INFO: VALID_ID: 2559107
2023-06-30 18:46:04 [booklist] INFO: VALID_ID: 2559110
2023-06-30 18:46:04 [booklist] INFO: VALID_ID: 2559116
2023-06-30 18:46:04 [booklist] INFO: VALID_ID: 2550182
2023-06-30 18:46:04 [booklist] INFO: VALID_ID: 2559102
2023-06-30 18:46:04 [booklist] INFO: VALID_ID: 2559111
2023-06-30 18:46:04 [booklist] INFO: VALID_ID: 2559103
2023-06-30 18:46:04 [booklist] INFO: VALID_ID: 2559114
2023-06-30 18:46:04 [booklist] INFO: VALID_ID: 2559108
2023-06-30 18:46:04 [booklist] INFO: VALID_ID: 2559104
2023-06-30 18:46:04 [booklist] INFO: VALID_ID: 2550163
2023-06-30 18:46:04 [booklist] INFO: VALID_ID: 2550220
2023-06-30 18:46:04 [booklist] INFO: VALID_ID: 2548714
2023-06-30 18:46:04 [booklist] INFO: VALID_ID: 2559247
2023-06-30 18:46:04 [booklist] INFO: VALID_ID: 2559244
2023-06-30 18:46:04 [booklist] INFO: VALID_ID: 2559248
2023-06-30 18:46:04 [booklist] INFO: VALID_ID: 2559242
2023-06-30 18:46:04 [booklist] INFO: VALID_ID: 2610535
2023-06-30 18:46:04 [booklist] INFO: VALID_ID: 2608873
2023-06-30 18:46:04 [booklist] INFO: VALID_ID: 2548035
2023-06-30 18:46:04 [booklist] INFO: VALID_ID: 2559251
2023-06-30 18:46:04 [booklist] INFO: VALID_ID: 2606806
2023-06-30 18:46:04 [booklist] INFO: VALID_ID: 2548036
2023-06-30 18:46:04 [booklist] INFO: VALID_ID: 2559250
2023-06-30 18:46:04 [booklist] INFO: VALID_ID: 2559254
2023-06-30 18:46:04 [booklist] INFO: VALID_ID: 2559246
2023-06-30 18:46:04 [booklist] INFO: VALID_ID: 2559252
2023-06-30 18:46:04 [booklist] INFO: VALID_ID: 2559245
2023-06-30 18:46:04 [booklist] INFO: VALID_ID: 2559253
2023-06-30 18:46:04 [booklist] INFO: VALID_ID: 2559255
2023-06-30 18:46:04 [booklist] INFO: VALID_ID: 2559249
2023-06-30 18:46:04 [booklist] INFO: VALID_ID: 2559243
2023-06-30 18:46:04 [booklist] INFO: VALID_ID: 2541094
2023-06-30 18:46:04 [booklist] INFO: VALID_ID: 2606349
2023-06-30 18:46:04 [booklist] INFO: VALID_ID: 9369960
2023-06-30 18:46:04 [booklist] INFO: VALID_ID: 2548789
2023-06-30 18:46:04 [booklist] INFO: VALID_ID: 2550232
2023-06-30 18:46:04 [booklist] INFO: VALID_ID: 2610138
2023-06-30 18:46:04 [booklist] INFO: VALID_ID: 2550297
2023-06-30 18:46:04 [booklist] INFO: VALID_ID: 2550393
2023-06-30 18:46:04 [booklist] INFO: VALID_ID: 9369966
2023-06-30 18:46:04 [booklist] INFO: VALID_ID: 2611085
2023-06-30 18:46:04 [booklist] INFO: VALID_ID: 2609783
2023-06-30 18:46:04 [booklist] INFO: VALID_ID: 11446659
2023-06-30 18:46:04 [scrapy.core.engine] DEBUG: Crawled (200) <POST https://dl.ndl.go.jp/api/item/search> (referer: https://dl.ndl.go.jp/api/item/search)
2023-06-30 18:46:05 [booklist] INFO: Fetched page 8
2023-06-30 18:46:05 [booklist] INFO: No more books on 8
2023-06-30 18:46:05 [scrapy.core.engine] INFO: Closing spider (finished)
2023-06-30 18:46:05 [scrapy.statscollectors] INFO: Dumping Scrapy stats:
{'downloader/request_bytes': 10983,
 'downloader/request_count': 9,
 'downloader/request_method_count/GET': 1,
 'downloader/request_method_count/POST': 8,
 'downloader/response_bytes': 2624392,
 'downloader/response_count': 9,
 'downloader/response_status_count/200': 9,
 'elapsed_time_seconds': 9.598425,
 'finish_reason': 'finished',
 'finish_time': datetime.datetime(2023, 6, 30, 10, 46, 5, 83758),
 'httpcompression/response_bytes': 30174762,
 'httpcompression/response_count': 8,
 'log_count/DEBUG': 12,
 'log_count/INFO': 717,
 'memusage/max': 63844352,
 'memusage/startup': 63844352,
 'request_depth_max': 7,
 'response_received_count': 9,
 'robotstxt/request_count': 1,
 'robotstxt/response_count': 1,
 'robotstxt/response_status_count/200': 1,
 'scheduler/dequeued': 8,
 'scheduler/dequeued/memory': 8,
 'scheduler/enqueued': 8,
 'scheduler/enqueued/memory': 8,
 'start_time': datetime.datetime(2023, 6, 30, 10, 45, 55, 485333)}
2023-06-30 18:46:05 [scrapy.core.engine] INFO: Spider closed (finished)
