2023-06-30 17:45:45 [scrapy.utils.log] INFO: Scrapy 2.9.0 started (bot: ndlcrawler)
2023-06-30 17:45:45 [scrapy.utils.log] INFO: Versions: lxml 4.9.2.0, libxml2 2.9.14, cssselect 1.2.0, parsel 1.8.1, w3lib 2.1.1, Twisted 22.10.0, Python 3.10.10 (main, Mar  5 2023, 22:26:53) [GCC 12.2.1 20230201], pyOpenSSL 23.2.0 (OpenSSL 3.1.1 30 May 2023), cryptography 41.0.1, Platform Linux-6.2.12-arch1-1-x86_64-with-glibc2.37
2023-06-30 17:45:45 [scrapy.crawler] INFO: Overridden settings:
{'BOT_NAME': 'ndlcrawler',
 'FEED_EXPORT_ENCODING': 'utf-8',
 'LOG_FILE': 'logs/booklist.title.鈔.DESC.log',
 'NEWSPIDER_MODULE': 'ndlcrawler.spiders',
 'REQUEST_FINGERPRINTER_IMPLEMENTATION': '2.7',
 'ROBOTSTXT_OBEY': True,
 'SPIDER_MODULES': ['ndlcrawler.spiders'],
 'TWISTED_REACTOR': 'twisted.internet.asyncioreactor.AsyncioSelectorReactor'}
2023-06-30 17:45:45 [asyncio] DEBUG: Using selector: EpollSelector
2023-06-30 17:45:45 [scrapy.utils.log] DEBUG: Using reactor: twisted.internet.asyncioreactor.AsyncioSelectorReactor
2023-06-30 17:45:45 [scrapy.utils.log] DEBUG: Using asyncio event loop: asyncio.unix_events._UnixSelectorEventLoop
2023-06-30 17:45:45 [scrapy.extensions.telnet] INFO: Telnet Password: ab15bf9bb9438ac1
2023-06-30 17:45:45 [scrapy.middleware] INFO: Enabled extensions:
['scrapy.extensions.corestats.CoreStats',
 'scrapy.extensions.telnet.TelnetConsole',
 'scrapy.extensions.memusage.MemoryUsage',
 'scrapy.extensions.logstats.LogStats']
2023-06-30 17:45:45 [scrapy.middleware] INFO: Enabled downloader middlewares:
['scrapy.downloadermiddlewares.robotstxt.RobotsTxtMiddleware',
 'scrapy.downloadermiddlewares.httpauth.HttpAuthMiddleware',
 'scrapy.downloadermiddlewares.downloadtimeout.DownloadTimeoutMiddleware',
 'scrapy.downloadermiddlewares.defaultheaders.DefaultHeadersMiddleware',
 'scrapy.downloadermiddlewares.useragent.UserAgentMiddleware',
 'scrapy.downloadermiddlewares.retry.RetryMiddleware',
 'scrapy.downloadermiddlewares.redirect.MetaRefreshMiddleware',
 'scrapy.downloadermiddlewares.httpcompression.HttpCompressionMiddleware',
 'scrapy.downloadermiddlewares.redirect.RedirectMiddleware',
 'scrapy.downloadermiddlewares.cookies.CookiesMiddleware',
 'scrapy.downloadermiddlewares.httpproxy.HttpProxyMiddleware',
 'scrapy.downloadermiddlewares.stats.DownloaderStats']
2023-06-30 17:45:45 [scrapy.middleware] INFO: Enabled spider middlewares:
['scrapy.spidermiddlewares.httperror.HttpErrorMiddleware',
 'scrapy.spidermiddlewares.offsite.OffsiteMiddleware',
 'scrapy.spidermiddlewares.referer.RefererMiddleware',
 'scrapy.spidermiddlewares.urllength.UrlLengthMiddleware',
 'scrapy.spidermiddlewares.depth.DepthMiddleware']
2023-06-30 17:45:45 [scrapy.middleware] INFO: Enabled item pipelines:
[]
2023-06-30 17:45:45 [scrapy.core.engine] INFO: Spider opened
2023-06-30 17:45:45 [scrapy.extensions.logstats] INFO: Crawled 0 pages (at 0 pages/min), scraped 0 items (at 0 items/min)
2023-06-30 17:45:45 [scrapy.extensions.telnet] INFO: Telnet console listening on 127.0.0.1:6023
2023-06-30 17:45:46 [scrapy.core.engine] DEBUG: Crawled (200) <GET https://dl.ndl.go.jp/robots.txt> (referer: None)
2023-06-30 17:45:47 [scrapy.core.engine] DEBUG: Crawled (200) <POST https://dl.ndl.go.jp/api/item/search> (referer: None)
2023-06-30 17:45:47 [booklist] INFO: Fetched page 1
2023-06-30 17:45:47 [booklist] INFO: VALID_ID: 2543856
2023-06-30 17:45:47 [booklist] INFO: VALID_ID: 2543864
2023-06-30 17:45:47 [booklist] INFO: VALID_ID: 2543854
2023-06-30 17:45:47 [booklist] INFO: VALID_ID: 2606014
2023-06-30 17:45:47 [booklist] INFO: VALID_ID: 2543872
2023-06-30 17:45:47 [booklist] INFO: VALID_ID: 2543859
2023-06-30 17:45:47 [booklist] INFO: VALID_ID: 2543860
2023-06-30 17:45:47 [booklist] INFO: VALID_ID: 2559984
2023-06-30 17:45:47 [booklist] INFO: VALID_ID: 2567647
2023-06-30 17:45:47 [booklist] INFO: VALID_ID: 2543862
2023-06-30 17:45:47 [booklist] INFO: VALID_ID: 2543869
2023-06-30 17:45:47 [booklist] INFO: VALID_ID: 2543870
2023-06-30 17:45:47 [booklist] INFO: VALID_ID: 2559983
2023-06-30 17:45:47 [booklist] INFO: VALID_ID: 2543857
2023-06-30 17:45:47 [booklist] INFO: VALID_ID: 2543866
2023-06-30 17:45:47 [booklist] INFO: VALID_ID: 2561228
2023-06-30 17:45:47 [booklist] INFO: VALID_ID: 2543865
2023-06-30 17:45:47 [booklist] INFO: VALID_ID: 2543858
2023-06-30 17:45:47 [booklist] INFO: VALID_ID: 2543863
2023-06-30 17:45:47 [booklist] INFO: VALID_ID: 2543871
2023-06-30 17:45:47 [booklist] INFO: VALID_ID: 2559985
2023-06-30 17:45:47 [booklist] INFO: VALID_ID: 2543855
2023-06-30 17:45:47 [booklist] INFO: VALID_ID: 2543861
2023-06-30 17:45:47 [booklist] INFO: VALID_ID: 2543867
2023-06-30 17:45:47 [booklist] INFO: VALID_ID: 2543868
2023-06-30 17:45:47 [booklist] INFO: VALID_ID: 2543873
2023-06-30 17:45:47 [booklist] INFO: VALID_ID: 2537068
2023-06-30 17:45:47 [booklist] INFO: VALID_ID: 2608983
2023-06-30 17:45:47 [booklist] INFO: VALID_ID: 2533174
2023-06-30 17:45:47 [booklist] INFO: VALID_ID: 2585032
2023-06-30 17:45:47 [booklist] INFO: VALID_ID: 2532304
2023-06-30 17:45:47 [booklist] INFO: VALID_ID: 2551865
2023-06-30 17:45:47 [booklist] INFO: VALID_ID: 2544501
2023-06-30 17:45:47 [booklist] INFO: VALID_ID: 2532267
2023-06-30 17:45:47 [booklist] INFO: VALID_ID: 2545079
2023-06-30 17:45:47 [booklist] INFO: VALID_ID: 2538101
2023-06-30 17:45:47 [booklist] INFO: VALID_ID: 2606629
2023-06-30 17:45:47 [booklist] INFO: VALID_ID: 2585031
2023-06-30 17:45:47 [booklist] INFO: VALID_ID: 2561173
2023-06-30 17:45:47 [booklist] INFO: VALID_ID: 2567652
2023-06-30 17:45:47 [booklist] INFO: VALID_ID: 2533103
2023-06-30 17:45:47 [booklist] INFO: VALID_ID: 2545054
2023-06-30 17:45:47 [booklist] INFO: VALID_ID: 2532139
2023-06-30 17:45:47 [booklist] INFO: VALID_ID: 2567651
2023-06-30 17:45:47 [booklist] INFO: VALID_ID: 2544569
2023-06-30 17:45:47 [booklist] INFO: VALID_ID: 2606645
2023-06-30 17:45:47 [booklist] INFO: VALID_ID: 2545055
2023-06-30 17:45:47 [booklist] INFO: VALID_ID: 2555717
2023-06-30 17:45:47 [booklist] INFO: VALID_ID: 2538645
2023-06-30 17:45:47 [booklist] INFO: VALID_ID: 2544500
2023-06-30 17:45:47 [booklist] INFO: VALID_ID: 2567645
2023-06-30 17:45:47 [booklist] INFO: VALID_ID: 2532979
2023-06-30 17:45:47 [booklist] INFO: VALID_ID: 2540192
2023-06-30 17:45:47 [booklist] INFO: VALID_ID: 2567299
2023-06-30 17:45:47 [booklist] INFO: VALID_ID: 2535909
2023-06-30 17:45:47 [booklist] INFO: VALID_ID: 2606719
2023-06-30 17:45:47 [booklist] INFO: VALID_ID: 2544570
2023-06-30 17:45:47 [booklist] INFO: VALID_ID: 2608272
2023-06-30 17:45:47 [booklist] INFO: VALID_ID: 2532238
2023-06-30 17:45:47 [booklist] INFO: VALID_ID: 2567646
2023-06-30 17:45:47 [booklist] INFO: VALID_ID: 2544502
2023-06-30 17:45:47 [booklist] INFO: VALID_ID: 2567653
2023-06-30 17:45:47 [booklist] INFO: VALID_ID: 2610304
2023-06-30 17:45:47 [booklist] INFO: VALID_ID: 2545076
2023-06-30 17:45:47 [booklist] INFO: VALID_ID: 2606127
2023-06-30 17:45:47 [booklist] INFO: VALID_ID: 2566596
2023-06-30 17:45:47 [booklist] INFO: VALID_ID: 2567649
2023-06-30 17:45:47 [booklist] INFO: VALID_ID: 2545075
2023-06-30 17:45:47 [booklist] INFO: VALID_ID: 2567298
2023-06-30 17:45:47 [booklist] INFO: VALID_ID: 2606613
2023-06-30 17:45:47 [booklist] INFO: VALID_ID: 2567650
2023-06-30 17:45:47 [booklist] INFO: VALID_ID: 2539916
2023-06-30 17:45:47 [booklist] INFO: VALID_ID: 2532260
2023-06-30 17:45:47 [booklist] INFO: VALID_ID: 2532970
2023-06-30 17:45:47 [booklist] INFO: VALID_ID: 2541580
2023-06-30 17:45:47 [booklist] INFO: VALID_ID: 2533064
2023-06-30 17:45:47 [booklist] INFO: VALID_ID: 2551866
2023-06-30 17:45:47 [booklist] INFO: VALID_ID: 2567648
2023-06-30 17:45:47 [booklist] INFO: VALID_ID: 2608959
2023-06-30 17:45:47 [booklist] INFO: VALID_ID: 2561229
2023-06-30 17:45:47 [booklist] INFO: VALID_ID: 2609091
2023-06-30 17:45:47 [booklist] INFO: VALID_ID: 2567644
2023-06-30 17:45:47 [booklist] INFO: VALID_ID: 2545077
2023-06-30 17:45:47 [booklist] INFO: VALID_ID: 2559809
2023-06-30 17:45:47 [booklist] INFO: VALID_ID: 2559810
2023-06-30 17:45:47 [booklist] INFO: VALID_ID: 2607413
2023-06-30 17:45:47 [booklist] INFO: VALID_ID: 2609471
2023-06-30 17:45:47 [booklist] INFO: VALID_ID: 2566594
2023-06-30 17:45:47 [booklist] INFO: VALID_ID: 2583403
2023-06-30 17:45:47 [booklist] INFO: VALID_ID: 2566593
2023-06-30 17:45:47 [booklist] INFO: VALID_ID: 2545078
2023-06-30 17:45:47 [booklist] INFO: VALID_ID: 2535891
2023-06-30 17:45:47 [booklist] INFO: VALID_ID: 2555721
2023-06-30 17:45:47 [booklist] INFO: VALID_ID: 2561170
2023-06-30 17:45:47 [booklist] INFO: VALID_ID: 2555718
2023-06-30 17:45:47 [booklist] INFO: VALID_ID: 2550693
2023-06-30 17:45:47 [booklist] INFO: VALID_ID: 2535639
2023-06-30 17:45:47 [booklist] INFO: VALID_ID: 2545074
2023-06-30 17:45:47 [booklist] INFO: VALID_ID: 2545187
2023-06-30 17:45:47 [booklist] INFO: VALID_ID: 2583402
2023-06-30 17:45:48 [scrapy.core.engine] DEBUG: Crawled (200) <POST https://dl.ndl.go.jp/api/item/search> (referer: https://dl.ndl.go.jp/api/item/search)
2023-06-30 17:45:48 [booklist] INFO: Fetched page 2
2023-06-30 17:45:49 [booklist] INFO: VALID_ID: 2546863
2023-06-30 17:45:49 [booklist] INFO: VALID_ID: 2556490
2023-06-30 17:45:49 [booklist] INFO: VALID_ID: 2556498
2023-06-30 17:45:49 [booklist] INFO: VALID_ID: 2562440
2023-06-30 17:45:49 [booklist] INFO: VALID_ID: 2562473
2023-06-30 17:45:49 [booklist] INFO: VALID_ID: 2532979
2023-06-30 17:45:49 [booklist] INFO: VALID_ID: 2546864
2023-06-30 17:45:49 [booklist] INFO: VALID_ID: 2605230
2023-06-30 17:45:49 [booklist] INFO: VALID_ID: 2561170
2023-06-30 17:45:49 [booklist] INFO: VALID_ID: 2555718
2023-06-30 17:45:49 [booklist] INFO: VALID_ID: 2550693
2023-06-30 17:45:49 [booklist] INFO: VALID_ID: 2545119
2023-06-30 17:45:49 [booklist] INFO: VALID_ID: 2562442
2023-06-30 17:45:49 [booklist] INFO: VALID_ID: 2537817
2023-06-30 17:45:49 [booklist] INFO: VALID_ID: 2562431
2023-06-30 17:45:49 [booklist] INFO: VALID_ID: 2562446
2023-06-30 17:45:49 [booklist] INFO: VALID_ID: 2562448
2023-06-30 17:45:49 [booklist] INFO: VALID_ID: 2562474
2023-06-30 17:45:49 [booklist] INFO: VALID_ID: 2562476
2023-06-30 17:45:49 [booklist] INFO: VALID_ID: 2561174
2023-06-30 17:45:49 [booklist] INFO: VALID_ID: 2562439
2023-06-30 17:45:49 [booklist] INFO: VALID_ID: 2606776
2023-06-30 17:45:49 [booklist] INFO: VALID_ID: 2605380
2023-06-30 17:45:49 [booklist] INFO: VALID_ID: 2555719
2023-06-30 17:45:49 [booklist] INFO: VALID_ID: 2556495
2023-06-30 17:45:49 [booklist] INFO: VALID_ID: 2562454
2023-06-30 17:45:49 [booklist] INFO: VALID_ID: 2562466
2023-06-30 17:45:49 [booklist] INFO: VALID_ID: 2562480
2023-06-30 17:45:49 [booklist] INFO: VALID_ID: 2583401
2023-06-30 17:45:49 [booklist] INFO: VALID_ID: 11445834
2023-06-30 17:45:49 [booklist] INFO: VALID_ID: 2538117
2023-06-30 17:45:49 [booklist] INFO: VALID_ID: 2556493
2023-06-30 17:45:49 [booklist] INFO: VALID_ID: 2562457
2023-06-30 17:45:49 [booklist] INFO: VALID_ID: 2607078
2023-06-30 17:45:49 [booklist] INFO: VALID_ID: 2556491
2023-06-30 17:45:49 [booklist] INFO: VALID_ID: 2562444
2023-06-30 17:45:49 [booklist] INFO: VALID_ID: 2535908
2023-06-30 17:45:49 [booklist] INFO: VALID_ID: 2607413
2023-06-30 17:45:49 [booklist] INFO: VALID_ID: 2609471
2023-06-30 17:45:49 [booklist] INFO: VALID_ID: 2545077
2023-06-30 17:45:49 [booklist] INFO: VALID_ID: 2562443
2023-06-30 17:45:49 [booklist] INFO: VALID_ID: 2556497
2023-06-30 17:45:49 [booklist] INFO: VALID_ID: 2562462
2023-06-30 17:45:49 [booklist] INFO: VALID_ID: 2606915
2023-06-30 17:45:49 [booklist] INFO: VALID_ID: 11445835
2023-06-30 17:45:49 [booklist] INFO: VALID_ID: 2532291
2023-06-30 17:45:49 [booklist] INFO: VALID_ID: 11891736
2023-06-30 17:45:49 [booklist] INFO: VALID_ID: 2545117
2023-06-30 17:45:49 [booklist] INFO: VALID_ID: 2562437
2023-06-30 17:45:49 [booklist] INFO: VALID_ID: 2562463
2023-06-30 17:45:49 [booklist] INFO: VALID_ID: 2562465
2023-06-30 17:45:49 [booklist] INFO: VALID_ID: 2562475
2023-06-30 17:45:49 [booklist] INFO: VALID_ID: 2607833
2023-06-30 17:45:49 [booklist] INFO: VALID_ID: 2566591
2023-06-30 17:45:49 [booklist] INFO: VALID_ID: 2532287
2023-06-30 17:45:49 [booklist] INFO: VALID_ID: 2536071
2023-06-30 17:45:49 [booklist] INFO: VALID_ID: 2605646
2023-06-30 17:45:49 [booklist] INFO: VALID_ID: 2562460
2023-06-30 17:45:49 [booklist] INFO: VALID_ID: 2562464
2023-06-30 17:45:49 [booklist] INFO: VALID_ID: 2559098
2023-06-30 17:45:49 [booklist] INFO: VALID_ID: 2566590
2023-06-30 17:45:49 [booklist] INFO: VALID_ID: 2566595
2023-06-30 17:45:49 [booklist] INFO: VALID_ID: 2545186
2023-06-30 17:45:49 [booklist] INFO: VALID_ID: 2550691
2023-06-30 17:45:49 [booklist] INFO: VALID_ID: 2561172
2023-06-30 17:45:49 [booklist] INFO: VALID_ID: 2583404
2023-06-30 17:45:49 [booklist] INFO: VALID_ID: 2562430
2023-06-30 17:45:49 [booklist] INFO: VALID_ID: 2562451
2023-06-30 17:45:49 [booklist] INFO: VALID_ID: 2562483
2023-06-30 17:45:49 [booklist] INFO: VALID_ID: 2532970
2023-06-30 17:45:49 [booklist] INFO: VALID_ID: 2556494
2023-06-30 17:45:49 [booklist] INFO: VALID_ID: 2562452
2023-06-30 17:45:49 [booklist] INFO: VALID_ID: 2562455
2023-06-30 17:45:49 [booklist] INFO: VALID_ID: 2562429
2023-06-30 17:45:49 [booklist] INFO: VALID_ID: 2545118
2023-06-30 17:45:49 [booklist] INFO: VALID_ID: 2562438
2023-06-30 17:45:49 [booklist] INFO: VALID_ID: 2545116
2023-06-30 17:45:49 [booklist] INFO: VALID_ID: 2562432
2023-06-30 17:45:49 [booklist] INFO: VALID_ID: 2562433
2023-06-30 17:45:49 [booklist] INFO: VALID_ID: 2556496
2023-06-30 17:45:49 [booklist] INFO: VALID_ID: 2562450
2023-06-30 17:45:49 [booklist] INFO: VALID_ID: 2562436
2023-06-30 17:45:49 [booklist] INFO: VALID_ID: 2562453
2023-06-30 17:45:49 [booklist] INFO: VALID_ID: 2562468
2023-06-30 17:45:49 [booklist] INFO: VALID_ID: 2562472
2023-06-30 17:45:49 [booklist] INFO: VALID_ID: 2609037
2023-06-30 17:45:49 [booklist] INFO: VALID_ID: 2556492
2023-06-30 17:45:49 [booklist] INFO: VALID_ID: 2545121
2023-06-30 17:45:49 [booklist] INFO: VALID_ID: 2555720
2023-06-30 17:45:49 [booklist] INFO: VALID_ID: 2562459
2023-06-30 17:45:49 [booklist] INFO: VALID_ID: 2562467
2023-06-30 17:45:49 [booklist] INFO: VALID_ID: 2562469
2023-06-30 17:45:49 [booklist] INFO: VALID_ID: 2562478
2023-06-30 17:45:49 [booklist] INFO: VALID_ID: 2562481
2023-06-30 17:45:49 [booklist] INFO: VALID_ID: 2562434
2023-06-30 17:45:49 [booklist] INFO: VALID_ID: 2562445
2023-06-30 17:45:49 [booklist] INFO: VALID_ID: 2608876
2023-06-30 17:45:49 [booklist] INFO: VALID_ID: 2538650
2023-06-30 17:45:49 [booklist] INFO: VALID_ID: 2562447
2023-06-30 17:45:49 [booklist] INFO: VALID_ID: 2562456
2023-06-30 17:45:50 [scrapy.core.engine] DEBUG: Crawled (200) <POST https://dl.ndl.go.jp/api/item/search> (referer: https://dl.ndl.go.jp/api/item/search)
2023-06-30 17:45:50 [booklist] INFO: Fetched page 3
2023-06-30 17:45:50 [booklist] INFO: VALID_ID: 2545188
2023-06-30 17:45:50 [booklist] INFO: VALID_ID: 2566592
2023-06-30 17:45:50 [booklist] INFO: VALID_ID: 894011
2023-06-30 17:45:50 [booklist] INFO: VALID_ID: 2558777
2023-06-30 17:45:50 [booklist] INFO: VALID_ID: 2538655
2023-06-30 17:45:50 [booklist] INFO: VALID_ID: 2550692
2023-06-30 17:45:50 [booklist] INFO: VALID_ID: 2545120
2023-06-30 17:45:50 [booklist] INFO: VALID_ID: 2562470
2023-06-30 17:45:50 [booklist] INFO: VALID_ID: 2562482
2023-06-30 17:45:50 [booklist] INFO: VALID_ID: 2562441
2023-06-30 17:45:50 [booklist] INFO: VALID_ID: 2562458
2023-06-30 17:45:50 [booklist] INFO: VALID_ID: 2562477
2023-06-30 17:45:50 [booklist] INFO: VALID_ID: 2556767
2023-06-30 17:45:50 [booklist] INFO: VALID_ID: 2537990
2023-06-30 17:45:50 [booklist] INFO: VALID_ID: 2562435
2023-06-30 17:45:50 [booklist] INFO: VALID_ID: 2555720
2023-06-30 17:45:50 [booklist] INFO: VALID_ID: 2609640
2023-06-30 17:45:50 [booklist] INFO: VALID_ID: 2558779
2023-06-30 17:45:50 [booklist] INFO: VALID_ID: 2609840
2023-06-30 17:45:50 [booklist] INFO: VALID_ID: 2538650
2023-06-30 17:45:50 [booklist] INFO: VALID_ID: 2559974
2023-06-30 17:45:50 [booklist] INFO: VALID_ID: 2558778
2023-06-30 17:45:50 [booklist] INFO: VALID_ID: 2578247
2023-06-30 17:45:50 [booklist] INFO: VALID_ID: 2562487
2023-06-30 17:45:50 [booklist] INFO: VALID_ID: 2565143
2023-06-30 17:45:50 [booklist] INFO: VALID_ID: 2537038
2023-06-30 17:45:50 [booklist] INFO: VALID_ID: 2536285
2023-06-30 17:45:50 [booklist] INFO: VALID_ID: 2555867
2023-06-30 17:45:50 [booklist] INFO: VALID_ID: 2544720
2023-06-30 17:45:50 [booklist] INFO: VALID_ID: 2562489
2023-06-30 17:45:50 [booklist] INFO: VALID_ID: 2574860
2023-06-30 17:45:50 [booklist] INFO: VALID_ID: 2536909
2023-06-30 17:45:50 [booklist] INFO: VALID_ID: 2537037
2023-06-30 17:45:50 [booklist] INFO: VALID_ID: 2544721
2023-06-30 17:45:50 [booklist] INFO: VALID_ID: 2574858
2023-06-30 17:45:50 [booklist] INFO: VALID_ID: 2544985
2023-06-30 17:45:50 [booklist] INFO: VALID_ID: 2558776
2023-06-30 17:45:50 [booklist] INFO: VALID_ID: 2566763
2023-06-30 17:45:50 [booklist] INFO: VALID_ID: 2562486
2023-06-30 17:45:50 [booklist] INFO: VALID_ID: 2574863
2023-06-30 17:45:50 [booklist] INFO: VALID_ID: 2574864
2023-06-30 17:45:50 [booklist] INFO: VALID_ID: 2605279
2023-06-30 17:45:50 [booklist] INFO: VALID_ID: 2544719
2023-06-30 17:45:50 [booklist] INFO: VALID_ID: 2559976
2023-06-30 17:45:50 [booklist] INFO: VALID_ID: 2544723
2023-06-30 17:45:50 [booklist] INFO: VALID_ID: 2574861
2023-06-30 17:45:50 [booklist] INFO: VALID_ID: 2543237
2023-06-30 17:45:50 [booklist] INFO: VALID_ID: 2559975
2023-06-30 17:45:50 [booklist] INFO: VALID_ID: 2536472
2023-06-30 17:45:50 [booklist] INFO: VALID_ID: 2544722
2023-06-30 17:45:50 [booklist] INFO: VALID_ID: 2574859
2023-06-30 17:45:50 [booklist] INFO: VALID_ID: 2544986
2023-06-30 17:45:50 [booklist] INFO: VALID_ID: 2539545
2023-06-30 17:45:50 [booklist] INFO: VALID_ID: 2538938
2023-06-30 17:45:50 [booklist] INFO: VALID_ID: 2555255
2023-06-30 17:45:50 [booklist] INFO: VALID_ID: 2578048
2023-06-30 17:45:50 [booklist] INFO: VALID_ID: 2578050
2023-06-30 17:45:50 [booklist] INFO: VALID_ID: 2539626
2023-06-30 17:45:50 [booklist] INFO: VALID_ID: 2532248
2023-06-30 17:45:50 [booklist] INFO: VALID_ID: 2574857
2023-06-30 17:45:50 [booklist] INFO: VALID_ID: 2544984
2023-06-30 17:45:50 [booklist] INFO: VALID_ID: 2544724
2023-06-30 17:45:50 [booklist] INFO: VALID_ID: 2562485
2023-06-30 17:45:50 [booklist] INFO: VALID_ID: 2544980
2023-06-30 17:45:50 [booklist] INFO: VALID_ID: 2556768
2023-06-30 17:45:50 [booklist] INFO: VALID_ID: 2574856
2023-06-30 17:45:50 [booklist] INFO: VALID_ID: 2574865
2023-06-30 17:45:50 [booklist] INFO: VALID_ID: 2536399
2023-06-30 17:45:50 [booklist] INFO: VALID_ID: 2544982
2023-06-30 17:45:50 [booklist] INFO: VALID_ID: 2606434
2023-06-30 17:45:50 [booklist] INFO: VALID_ID: 2605740
2023-06-30 17:45:50 [booklist] INFO: VALID_ID: 2607177
2023-06-30 17:45:50 [booklist] INFO: VALID_ID: 2544988
2023-06-30 17:45:50 [booklist] INFO: VALID_ID: 2532223
2023-06-30 17:45:50 [booklist] INFO: VALID_ID: 2568488
2023-06-30 17:45:50 [booklist] INFO: VALID_ID: 2555259
2023-06-30 17:45:50 [booklist] INFO: VALID_ID: 2566868
2023-06-30 17:45:50 [booklist] INFO: VALID_ID: 2555260
2023-06-30 17:45:50 [booklist] INFO: VALID_ID: 2538543
2023-06-30 17:45:50 [booklist] INFO: VALID_ID: 2544979
2023-06-30 17:45:50 [booklist] INFO: VALID_ID: 2559973
2023-06-30 17:45:50 [booklist] INFO: VALID_ID: 2574862
2023-06-30 17:45:50 [booklist] INFO: VALID_ID: 2574855
2023-06-30 17:45:50 [booklist] INFO: VALID_ID: 2608210
2023-06-30 17:45:50 [booklist] INFO: VALID_ID: 2544981
2023-06-30 17:45:50 [booklist] INFO: VALID_ID: 2597263
2023-06-30 17:45:50 [booklist] INFO: VALID_ID: 2580752
2023-06-30 17:45:50 [booklist] INFO: VALID_ID: 2580753
2023-06-30 17:45:50 [booklist] INFO: VALID_ID: 2607846
2023-06-30 17:45:50 [booklist] INFO: VALID_ID: 2568487
2023-06-30 17:45:50 [booklist] INFO: VALID_ID: 2578044
2023-06-30 17:45:50 [booklist] INFO: VALID_ID: 2597267
2023-06-30 17:45:50 [booklist] INFO: VALID_ID: 2539911
2023-06-30 17:45:50 [booklist] INFO: VALID_ID: 2566762
2023-06-30 17:45:50 [booklist] INFO: VALID_ID: 2562488
2023-06-30 17:45:50 [booklist] INFO: VALID_ID: 2566869
2023-06-30 17:45:50 [booklist] INFO: VALID_ID: 2555254
2023-06-30 17:45:50 [booklist] INFO: VALID_ID: 2607140
2023-06-30 17:45:50 [booklist] INFO: VALID_ID: 2607172
2023-06-30 17:45:50 [booklist] INFO: VALID_ID: 2608291
2023-06-30 17:45:51 [scrapy.core.engine] DEBUG: Crawled (200) <POST https://dl.ndl.go.jp/api/item/search> (referer: https://dl.ndl.go.jp/api/item/search)
2023-06-30 17:45:51 [booklist] INFO: Fetched page 4
2023-06-30 17:45:51 [booklist] INFO: VALID_ID: 2566762
2023-06-30 17:45:51 [booklist] INFO: VALID_ID: 2562488
2023-06-30 17:45:51 [booklist] INFO: VALID_ID: 2608892
2023-06-30 17:45:51 [booklist] INFO: VALID_ID: 2607140
2023-06-30 17:45:51 [booklist] INFO: VALID_ID: 2607172
2023-06-30 17:45:51 [booklist] INFO: VALID_ID: 2608291
2023-06-30 17:45:51 [booklist] INFO: VALID_ID: 2537980
2023-06-30 17:45:51 [booklist] INFO: VALID_ID: 2555256
2023-06-30 17:45:51 [booklist] INFO: VALID_ID: 2578047
2023-06-30 17:45:51 [booklist] INFO: VALID_ID: 2566869
2023-06-30 17:45:51 [booklist] INFO: VALID_ID: 2555254
2023-06-30 17:45:51 [booklist] INFO: VALID_ID: 2539626
2023-06-30 17:45:51 [booklist] INFO: VALID_ID: 2597263
2023-06-30 17:45:51 [booklist] INFO: VALID_ID: 2580752
2023-06-30 17:45:51 [booklist] INFO: VALID_ID: 2580753
2023-06-30 17:45:51 [booklist] INFO: VALID_ID: 2578041
2023-06-30 17:45:51 [booklist] INFO: VALID_ID: 2562496
2023-06-30 17:45:51 [booklist] INFO: VALID_ID: 2578045
2023-06-30 17:45:51 [booklist] INFO: VALID_ID: 2597269
2023-06-30 17:45:51 [booklist] INFO: VALID_ID: 2555253
2023-06-30 17:45:51 [booklist] INFO: VALID_ID: 2597264
2023-06-30 17:45:51 [booklist] INFO: VALID_ID: 2542968
2023-06-30 17:45:51 [booklist] INFO: VALID_ID: 2544979
2023-06-30 17:45:51 [booklist] INFO: VALID_ID: 2559973
2023-06-30 17:45:51 [booklist] INFO: VALID_ID: 2574862
2023-06-30 17:45:51 [booklist] INFO: VALID_ID: 2536751
2023-06-30 17:45:51 [booklist] INFO: VALID_ID: 2609100
2023-06-30 17:45:51 [booklist] INFO: VALID_ID: 2562777
2023-06-30 17:45:51 [booklist] INFO: VALID_ID: 2597266
2023-06-30 17:45:51 [booklist] INFO: VALID_ID: 2538720
2023-06-30 17:45:51 [booklist] INFO: VALID_ID: 2580751
2023-06-30 17:45:51 [booklist] INFO: VALID_ID: 2605473
2023-06-30 17:45:51 [booklist] INFO: VALID_ID: 2606183
2023-06-30 17:45:51 [booklist] INFO: VALID_ID: 2544725
2023-06-30 17:45:51 [booklist] INFO: VALID_ID: 2607836
2023-06-30 17:45:51 [booklist] INFO: VALID_ID: 2566562
2023-06-30 17:45:51 [booklist] INFO: VALID_ID: 2539421
2023-06-30 17:45:51 [booklist] INFO: VALID_ID: 2606329
2023-06-30 17:45:51 [booklist] INFO: VALID_ID: 2536903
2023-06-30 17:45:51 [booklist] INFO: VALID_ID: 9893243
2023-06-30 17:45:51 [booklist] INFO: VALID_ID: 2608950
2023-06-30 17:45:51 [booklist] INFO: VALID_ID: 2559977
2023-06-30 17:45:51 [booklist] INFO: VALID_ID: 2544983
2023-06-30 17:45:51 [booklist] INFO: VALID_ID: 2566563
2023-06-30 17:45:51 [booklist] INFO: VALID_ID: 2607405
2023-06-30 17:45:51 [booklist] INFO: VALID_ID: 2608631
2023-06-30 17:45:51 [booklist] INFO: VALID_ID: 2609663
2023-06-30 17:45:51 [booklist] INFO: VALID_ID: 2599375
2023-06-30 17:45:51 [booklist] INFO: VALID_ID: 2606471
2023-06-30 17:45:51 [booklist] INFO: VALID_ID: 2562778
2023-06-30 17:45:51 [booklist] INFO: VALID_ID: 11607888
2023-06-30 17:45:51 [booklist] INFO: VALID_ID: 11445847
2023-06-30 17:45:51 [booklist] INFO: VALID_ID: 2609490
2023-06-30 17:45:51 [booklist] INFO: VALID_ID: 2574210
2023-06-30 17:45:51 [booklist] INFO: VALID_ID: 2555252
2023-06-30 17:45:51 [booklist] INFO: VALID_ID: 2562495
2023-06-30 17:45:51 [booklist] INFO: VALID_ID: 2555257
2023-06-30 17:45:51 [booklist] INFO: VALID_ID: 2597268
2023-06-30 17:45:51 [booklist] INFO: VALID_ID: 2553967
2023-06-30 17:45:51 [booklist] INFO: VALID_ID: 11607960
2023-06-30 17:45:51 [booklist] INFO: VALID_ID: 2578040
2023-06-30 17:45:51 [booklist] INFO: VALID_ID: 2574208
2023-06-30 17:45:51 [booklist] INFO: VALID_ID: 2609862
2023-06-30 17:45:51 [booklist] INFO: VALID_ID: 11607887
2023-06-30 17:45:51 [booklist] INFO: VALID_ID: 2578042
2023-06-30 17:45:51 [booklist] INFO: VALID_ID: 11607889
2023-06-30 17:45:51 [booklist] INFO: VALID_ID: 2544853
2023-06-30 17:45:51 [booklist] INFO: VALID_ID: 2537978
2023-06-30 17:45:51 [booklist] INFO: VALID_ID: 2578043
2023-06-30 17:45:51 [booklist] INFO: VALID_ID: 2565144
2023-06-30 17:45:51 [booklist] INFO: VALID_ID: 2607418
2023-06-30 17:45:51 [booklist] INFO: VALID_ID: 2562493
2023-06-30 17:45:51 [booklist] INFO: VALID_ID: 2608295
2023-06-30 17:45:51 [booklist] INFO: VALID_ID: 2553971
2023-06-30 17:45:51 [booklist] INFO: VALID_ID: 2553973
2023-06-30 17:45:51 [booklist] INFO: VALID_ID: 2597262
2023-06-30 17:45:51 [booklist] INFO: VALID_ID: 2610128
2023-06-30 17:45:51 [booklist] INFO: VALID_ID: 2562494
2023-06-30 17:45:51 [booklist] INFO: VALID_ID: 2610617
2023-06-30 17:45:51 [booklist] INFO: VALID_ID: 2573139
2023-06-30 17:45:51 [booklist] INFO: VALID_ID: 2550619
2023-06-30 17:45:51 [booklist] INFO: VALID_ID: 2553966
2023-06-30 17:45:51 [booklist] INFO: VALID_ID: 2599378
2023-06-30 17:45:51 [booklist] INFO: VALID_ID: 2558026
2023-06-30 17:45:51 [booklist] INFO: VALID_ID: 2558027
2023-06-30 17:45:51 [booklist] INFO: VALID_ID: 2553969
2023-06-30 17:45:51 [booklist] INFO: VALID_ID: 2568486
2023-06-30 17:45:51 [booklist] INFO: VALID_ID: 2566867
2023-06-30 17:45:51 [booklist] INFO: VALID_ID: 2608690
2023-06-30 17:45:51 [booklist] INFO: VALID_ID: 2544852
2023-06-30 17:45:51 [booklist] INFO: VALID_ID: 2609317
2023-06-30 17:45:51 [booklist] INFO: VALID_ID: 2568489
2023-06-30 17:45:51 [booklist] INFO: VALID_ID: 2555258
2023-06-30 17:45:51 [booklist] INFO: VALID_ID: 8929722
2023-06-30 17:45:51 [booklist] INFO: VALID_ID: 2555261
2023-06-30 17:45:51 [booklist] INFO: VALID_ID: 2539325
2023-06-30 17:45:51 [booklist] INFO: VALID_ID: 2605649
2023-06-30 17:45:51 [booklist] INFO: VALID_ID: 2599376
2023-06-30 17:45:51 [booklist] INFO: VALID_ID: 2562776
2023-06-30 17:45:51 [booklist] INFO: VALID_ID: 2553970
2023-06-30 17:45:52 [scrapy.core.engine] DEBUG: Crawled (200) <POST https://dl.ndl.go.jp/api/item/search> (referer: https://dl.ndl.go.jp/api/item/search)
2023-06-30 17:45:52 [booklist] INFO: Fetched page 5
2023-06-30 17:45:53 [booklist] INFO: VALID_ID: 2559847
2023-06-30 17:45:53 [booklist] INFO: VALID_ID: 2553971
2023-06-30 17:45:53 [booklist] INFO: VALID_ID: 2553973
2023-06-30 17:45:53 [booklist] INFO: VALID_ID: 2553968
2023-06-30 17:45:53 [booklist] INFO: VALID_ID: 2553972
2023-06-30 17:45:53 [booklist] INFO: VALID_ID: 2540235
2023-06-30 17:45:53 [booklist] INFO: VALID_ID: 2607405
2023-06-30 17:45:53 [booklist] INFO: VALID_ID: 2544218
2023-06-30 17:45:53 [booklist] INFO: VALID_ID: 2543686
2023-06-30 17:45:53 [booklist] INFO: VALID_ID: 2544222
2023-06-30 17:45:53 [booklist] INFO: VALID_ID: 2583394
2023-06-30 17:45:53 [booklist] INFO: VALID_ID: 2553965
2023-06-30 17:45:53 [booklist] INFO: VALID_ID: 2555371
2023-06-30 17:45:53 [booklist] INFO: VALID_ID: 2570109
2023-06-30 17:45:53 [booklist] INFO: VALID_ID: 2538096
2023-06-30 17:45:53 [booklist] INFO: VALID_ID: 2583395
2023-06-30 17:45:53 [booklist] INFO: VALID_ID: 2559846
2023-06-30 17:45:53 [booklist] INFO: VALID_ID: 2599377
2023-06-30 17:45:53 [booklist] INFO: VALID_ID: 2570117
2023-06-30 17:45:53 [booklist] INFO: VALID_ID: 2569941
2023-06-30 17:45:53 [booklist] INFO: VALID_ID: 2605649
2023-06-30 17:45:53 [booklist] INFO: VALID_ID: 2599376
2023-06-30 17:45:53 [booklist] INFO: VALID_ID: 2540200
2023-06-30 17:45:53 [booklist] INFO: VALID_ID: 2533060
2023-06-30 17:45:53 [booklist] INFO: VALID_ID: 2559097
2023-06-30 17:45:53 [booklist] INFO: VALID_ID: 2544224
2023-06-30 17:45:53 [booklist] INFO: VALID_ID: 2544216
2023-06-30 17:45:53 [booklist] INFO: VALID_ID: 2544220
2023-06-30 17:45:53 [booklist] INFO: VALID_ID: 2574200
2023-06-30 17:45:53 [booklist] INFO: VALID_ID: 2574203
2023-06-30 17:45:53 [booklist] INFO: VALID_ID: 2560652
2023-06-30 17:45:53 [booklist] INFO: VALID_ID: 2544219
2023-06-30 17:45:53 [booklist] INFO: VALID_ID: 2574202
2023-06-30 17:45:53 [booklist] INFO: VALID_ID: 2573138
2023-06-30 17:45:53 [booklist] INFO: VALID_ID: 2574209
2023-06-30 17:45:53 [booklist] INFO: VALID_ID: 2569935
2023-06-30 17:45:53 [booklist] INFO: VALID_ID: 2608053
2023-06-30 17:45:53 [booklist] INFO: VALID_ID: 2569931
2023-06-30 17:45:53 [booklist] INFO: VALID_ID: 2538330
2023-06-30 17:45:53 [booklist] INFO: VALID_ID: 2544221
2023-06-30 17:45:53 [booklist] INFO: VALID_ID: 2570122
2023-06-30 17:45:53 [booklist] INFO: VALID_ID: 2607523
2023-06-30 17:45:53 [booklist] INFO: VALID_ID: 2532244
2023-06-30 17:45:53 [booklist] INFO: VALID_ID: 2570120
2023-06-30 17:45:53 [booklist] INFO: VALID_ID: 2570124
2023-06-30 17:45:53 [booklist] INFO: VALID_ID: 2569930
2023-06-30 17:45:53 [booklist] INFO: VALID_ID: 2532169
2023-06-30 17:45:53 [booklist] INFO: VALID_ID: 2569929
2023-06-30 17:45:53 [booklist] INFO: VALID_ID: 2607478
2023-06-30 17:45:53 [booklist] INFO: VALID_ID: 2543687
2023-06-30 17:45:53 [booklist] INFO: VALID_ID: 2533125
2023-06-30 17:45:53 [booklist] INFO: VALID_ID: 2544225
2023-06-30 17:45:53 [booklist] INFO: VALID_ID: 2533298
2023-06-30 17:45:53 [booklist] INFO: VALID_ID: 2606770
2023-06-30 17:45:53 [booklist] INFO: VALID_ID: 2610894
2023-06-30 17:45:53 [booklist] INFO: VALID_ID: 2574199
2023-06-30 17:45:53 [booklist] INFO: VALID_ID: 2605864
2023-06-30 17:45:53 [booklist] INFO: VALID_ID: 2544223
2023-06-30 17:45:53 [booklist] INFO: VALID_ID: 2569937
2023-06-30 17:45:53 [booklist] INFO: VALID_ID: 2569938
2023-06-30 17:45:53 [booklist] INFO: VALID_ID: 2560651
2023-06-30 17:45:53 [booklist] INFO: VALID_ID: 2574201
2023-06-30 17:45:53 [booklist] INFO: VALID_ID: 2570113
2023-06-30 17:45:53 [booklist] INFO: VALID_ID: 2569932
2023-06-30 17:45:53 [booklist] INFO: VALID_ID: 2569934
2023-06-30 17:45:53 [booklist] INFO: VALID_ID: 2570118
2023-06-30 17:45:53 [booklist] INFO: VALID_ID: 2540710
2023-06-30 17:45:53 [booklist] INFO: VALID_ID: 2570119
2023-06-30 17:45:53 [booklist] INFO: VALID_ID: 2569940
2023-06-30 17:45:53 [booklist] INFO: VALID_ID: 2570110
2023-06-30 17:45:53 [booklist] INFO: VALID_ID: 2569933
2023-06-30 17:45:53 [booklist] INFO: VALID_ID: 2570123
2023-06-30 17:45:53 [booklist] INFO: VALID_ID: 2569939
2023-06-30 17:45:53 [booklist] INFO: VALID_ID: 2570114
2023-06-30 17:45:53 [booklist] INFO: VALID_ID: 2570115
2023-06-30 17:45:53 [booklist] INFO: VALID_ID: 2610729
2023-06-30 17:45:53 [booklist] INFO: VALID_ID: 2607392
2023-06-30 17:45:53 [booklist] INFO: VALID_ID: 2559077
2023-06-30 17:45:53 [booklist] INFO: VALID_ID: 2533344
2023-06-30 17:45:53 [booklist] INFO: VALID_ID: 2570112
2023-06-30 17:45:53 [booklist] INFO: VALID_ID: 2569936
2023-06-30 17:45:53 [booklist] INFO: VALID_ID: 2570121
2023-06-30 17:45:53 [booklist] INFO: VALID_ID: 2570116
2023-06-30 17:45:53 [booklist] INFO: VALID_ID: 2559120
2023-06-30 17:45:53 [booklist] INFO: VALID_ID: 2570111
2023-06-30 17:45:53 [booklist] INFO: VALID_ID: 2566474
2023-06-30 17:45:53 [booklist] INFO: VALID_ID: 2608535
2023-06-30 17:45:53 [booklist] INFO: VALID_ID: 2599672
2023-06-30 17:45:53 [booklist] INFO: VALID_ID: 2543276
2023-06-30 17:45:53 [booklist] INFO: VALID_ID: 2566477
2023-06-30 17:45:53 [booklist] INFO: VALID_ID: 2566149
2023-06-30 17:45:53 [booklist] INFO: VALID_ID: 2599671
2023-06-30 17:45:53 [booklist] INFO: VALID_ID: 2543416
2023-06-30 17:45:53 [booklist] INFO: VALID_ID: 2543419
2023-06-30 17:45:53 [booklist] INFO: VALID_ID: 2566473
2023-06-30 17:45:53 [booklist] INFO: VALID_ID: 2543418
2023-06-30 17:45:53 [booklist] INFO: VALID_ID: 2566470
2023-06-30 17:45:53 [booklist] INFO: VALID_ID: 2566476
2023-06-30 17:45:53 [booklist] INFO: VALID_ID: 2566478
2023-06-30 17:45:53 [booklist] INFO: VALID_ID: 2543417
2023-06-30 17:45:54 [scrapy.core.engine] DEBUG: Crawled (200) <POST https://dl.ndl.go.jp/api/item/search> (referer: https://dl.ndl.go.jp/api/item/search)
2023-06-30 17:45:54 [booklist] INFO: Fetched page 6
2023-06-30 17:45:54 [booklist] INFO: VALID_ID: 2543417
2023-06-30 17:45:54 [booklist] INFO: VALID_ID: 2567633
2023-06-30 17:45:54 [booklist] INFO: VALID_ID: 2567634
2023-06-30 17:45:54 [booklist] INFO: VALID_ID: 2543415
2023-06-30 17:45:54 [booklist] INFO: VALID_ID: 2566471
2023-06-30 17:45:54 [booklist] INFO: VALID_ID: 2566475
2023-06-30 17:45:54 [booklist] INFO: VALID_ID: 2606328
2023-06-30 17:45:54 [booklist] INFO: VALID_ID: 2543277
2023-06-30 17:45:54 [booklist] INFO: VALID_ID: 2566150
2023-06-30 17:45:54 [booklist] INFO: VALID_ID: 2543420
2023-06-30 17:45:54 [booklist] INFO: VALID_ID: 2599175
2023-06-30 17:45:54 [booklist] INFO: VALID_ID: 2567635
2023-06-30 17:45:54 [booklist] INFO: VALID_ID: 2567630
2023-06-30 17:45:54 [booklist] INFO: VALID_ID: 2599176
2023-06-30 17:45:54 [booklist] INFO: VALID_ID: 2566479
2023-06-30 17:45:54 [booklist] INFO: VALID_ID: 2599174
2023-06-30 17:45:54 [booklist] INFO: VALID_ID: 2567625
2023-06-30 17:45:54 [booklist] INFO: VALID_ID: 2567629
2023-06-30 17:45:54 [booklist] INFO: VALID_ID: 2567636
2023-06-30 17:45:54 [booklist] INFO: VALID_ID: 2559121
2023-06-30 17:45:54 [booklist] INFO: VALID_ID: 2599178
2023-06-30 17:45:54 [booklist] INFO: VALID_ID: 2607303
2023-06-30 17:45:54 [booklist] INFO: VALID_ID: 2559858
2023-06-30 17:45:54 [booklist] INFO: VALID_ID: 2567627
2023-06-30 17:45:54 [booklist] INFO: VALID_ID: 2559855
2023-06-30 17:45:54 [booklist] INFO: VALID_ID: 2607501
2023-06-30 17:45:54 [booklist] INFO: VALID_ID: 2567626
2023-06-30 17:45:54 [booklist] INFO: VALID_ID: 2567631
2023-06-30 17:45:54 [booklist] INFO: VALID_ID: 2599177
2023-06-30 17:45:54 [booklist] INFO: VALID_ID: 2599179
2023-06-30 17:45:54 [booklist] INFO: VALID_ID: 2559856
2023-06-30 17:45:54 [booklist] INFO: VALID_ID: 2559857
2023-06-30 17:45:54 [booklist] INFO: VALID_ID: 2567632
2023-06-30 17:45:54 [booklist] INFO: VALID_ID: 2567637
2023-06-30 17:45:54 [booklist] INFO: VALID_ID: 2608976
2023-06-30 17:45:54 [booklist] INFO: VALID_ID: 2559853
2023-06-30 17:45:54 [booklist] INFO: VALID_ID: 2567628
2023-06-30 17:45:54 [booklist] INFO: VALID_ID: 2559854
2023-06-30 17:45:54 [booklist] INFO: VALID_ID: 2582042
2023-06-30 17:45:54 [booklist] INFO: VALID_ID: 2541579
2023-06-30 17:45:54 [booklist] INFO: VALID_ID: 2582041
2023-06-30 17:45:54 [booklist] INFO: VALID_ID: 2579459
2023-06-30 17:45:54 [booklist] INFO: VALID_ID: 2582040
2023-06-30 17:45:54 [booklist] INFO: VALID_ID: 2585034
2023-06-30 17:45:54 [booklist] INFO: VALID_ID: 2579458
2023-06-30 17:45:54 [booklist] INFO: VALID_ID: 2598946
2023-06-30 17:45:54 [booklist] INFO: VALID_ID: 11892801
2023-06-30 17:45:54 [booklist] INFO: VALID_ID: 2585028
2023-06-30 17:45:54 [booklist] INFO: VALID_ID: 11892563
2023-06-30 17:45:54 [booklist] INFO: VALID_ID: 2567252
2023-06-30 17:45:54 [booklist] INFO: VALID_ID: 2585033
2023-06-30 17:45:54 [booklist] INFO: VALID_ID: 2598944
2023-06-30 17:45:54 [booklist] INFO: VALID_ID: 11892564
2023-06-30 17:45:54 [booklist] INFO: VALID_ID: 2585029
2023-06-30 17:45:54 [booklist] INFO: VALID_ID: 2582043
2023-06-30 17:45:54 [booklist] INFO: VALID_ID: 2585027
2023-06-30 17:45:54 [booklist] INFO: VALID_ID: 2559064
2023-06-30 17:45:54 [booklist] INFO: VALID_ID: 2581073
2023-06-30 17:45:54 [booklist] INFO: VALID_ID: 2567253
2023-06-30 17:45:54 [booklist] INFO: VALID_ID: 2582044
2023-06-30 17:45:54 [booklist] INFO: VALID_ID: 2598949
2023-06-30 17:45:54 [booklist] INFO: VALID_ID: 2605579
2023-06-30 17:45:54 [booklist] INFO: VALID_ID: 2598953
2023-06-30 17:45:54 [booklist] INFO: VALID_ID: 2577905
2023-06-30 17:45:54 [booklist] INFO: VALID_ID: 2553336
2023-06-30 17:45:54 [booklist] INFO: VALID_ID: 2607993
2023-06-30 17:45:54 [booklist] INFO: VALID_ID: 2610793
2023-06-30 17:45:54 [booklist] INFO: VALID_ID: 2598945
2023-06-30 17:45:54 [booklist] INFO: VALID_ID: 2609371
2023-06-30 17:45:54 [booklist] INFO: VALID_ID: 2598952
2023-06-30 17:45:54 [booklist] INFO: VALID_ID: 2598951
2023-06-30 17:45:54 [booklist] INFO: VALID_ID: 2598955
2023-06-30 17:45:54 [booklist] INFO: VALID_ID: 2598956
2023-06-30 17:45:54 [booklist] INFO: VALID_ID: 2598948
2023-06-30 17:45:54 [booklist] INFO: VALID_ID: 2598612
2023-06-30 17:45:54 [booklist] INFO: VALID_ID: 2577909
2023-06-30 17:45:54 [booklist] INFO: VALID_ID: 2598954
2023-06-30 17:45:54 [booklist] INFO: VALID_ID: 2540568
2023-06-30 17:45:54 [booklist] INFO: VALID_ID: 10303728
2023-06-30 17:45:54 [booklist] INFO: VALID_ID: 2598947
2023-06-30 17:45:54 [booklist] INFO: VALID_ID: 2544441
2023-06-30 17:45:54 [booklist] INFO: VALID_ID: 2538888
2023-06-30 17:45:54 [booklist] INFO: VALID_ID: 2581040
2023-06-30 17:45:54 [booklist] INFO: VALID_ID: 2598950
2023-06-30 17:45:54 [booklist] INFO: VALID_ID: 2537355
2023-06-30 17:45:54 [booklist] INFO: VALID_ID: 2553337
2023-06-30 17:45:54 [booklist] INFO: VALID_ID: 2597765
2023-06-30 17:45:54 [booklist] INFO: VALID_ID: 2597766
2023-06-30 17:45:54 [booklist] INFO: VALID_ID: 2606177
2023-06-30 17:45:54 [booklist] INFO: VALID_ID: 2581269
2023-06-30 17:45:54 [booklist] INFO: VALID_ID: 2581702
2023-06-30 17:45:54 [booklist] INFO: VALID_ID: 11891820
2023-06-30 17:45:54 [booklist] INFO: VALID_ID: 2581029
2023-06-30 17:45:54 [booklist] INFO: VALID_ID: 2553334
2023-06-30 17:45:54 [booklist] INFO: VALID_ID: 2610558
2023-06-30 17:45:54 [booklist] INFO: VALID_ID: 2553335
2023-06-30 17:45:54 [booklist] INFO: VALID_ID: 2585619
2023-06-30 17:45:54 [booklist] INFO: VALID_ID: 2582271
2023-06-30 17:45:54 [booklist] INFO: VALID_ID: 2532172
2023-06-30 17:45:54 [booklist] INFO: VALID_ID: 2608047
2023-06-30 17:45:55 [scrapy.core.engine] DEBUG: Crawled (200) <POST https://dl.ndl.go.jp/api/item/search> (referer: https://dl.ndl.go.jp/api/item/search)
2023-06-30 17:45:55 [booklist] INFO: Fetched page 7
2023-06-30 17:45:56 [booklist] INFO: VALID_ID: 2608047
2023-06-30 17:45:56 [booklist] INFO: VALID_ID: 2582276
2023-06-30 17:45:56 [booklist] INFO: VALID_ID: 2582275
2023-06-30 17:45:56 [booklist] INFO: VALID_ID: 2610499
2023-06-30 17:45:56 [booklist] INFO: VALID_ID: 2582273
2023-06-30 17:45:56 [booklist] INFO: VALID_ID: 2582274
2023-06-30 17:45:56 [booklist] INFO: VALID_ID: 2544442
2023-06-30 17:45:56 [booklist] INFO: VALID_ID: 10303916
2023-06-30 17:45:56 [booklist] INFO: VALID_ID: 2581052
2023-06-30 17:45:56 [booklist] INFO: VALID_ID: 2607484
2023-06-30 17:45:56 [booklist] INFO: VALID_ID: 2609175
2023-06-30 17:45:56 [booklist] INFO: VALID_ID: 2553322
2023-06-30 17:45:56 [booklist] INFO: VALID_ID: 2540653
2023-06-30 17:45:56 [booklist] INFO: VALID_ID: 2559093
2023-06-30 17:45:56 [booklist] INFO: VALID_ID: 2609212
2023-06-30 17:45:56 [booklist] INFO: VALID_ID: 2610368
2023-06-30 17:45:56 [booklist] INFO: VALID_ID: 2559101
2023-06-30 17:45:56 [booklist] INFO: VALID_ID: 2559091
2023-06-30 17:45:56 [booklist] INFO: VALID_ID: 2559095
2023-06-30 17:45:56 [booklist] INFO: VALID_ID: 2559096
2023-06-30 17:45:56 [booklist] INFO: VALID_ID: 2559092
2023-06-30 17:45:56 [booklist] INFO: VALID_ID: 2559094
2023-06-30 17:45:56 [booklist] INFO: VALID_ID: 2559100
2023-06-30 17:45:56 [booklist] INFO: VALID_ID: 2559099
2023-06-30 17:45:56 [booklist] INFO: VALID_ID: 2609290
2023-06-30 17:45:56 [booklist] INFO: VALID_ID: 2610790
2023-06-30 17:45:56 [booklist] INFO: VALID_ID: 2559128
2023-06-30 17:45:56 [booklist] INFO: VALID_ID: 2605821
2023-06-30 17:45:56 [booklist] INFO: VALID_ID: 2559122
2023-06-30 17:45:56 [booklist] INFO: VALID_ID: 2559123
2023-06-30 17:45:56 [booklist] INFO: VALID_ID: 2559125
2023-06-30 17:45:56 [booklist] INFO: VALID_ID: 2559131
2023-06-30 17:45:56 [booklist] INFO: VALID_ID: 2559118
2023-06-30 17:45:56 [booklist] INFO: VALID_ID: 2559117
2023-06-30 17:45:56 [booklist] INFO: VALID_ID: 2559129
2023-06-30 17:45:56 [booklist] INFO: VALID_ID: 2559126
2023-06-30 17:45:56 [booklist] INFO: VALID_ID: 2559124
2023-06-30 17:45:56 [booklist] INFO: VALID_ID: 2559132
2023-06-30 17:45:56 [booklist] INFO: VALID_ID: 2559130
2023-06-30 17:45:56 [booklist] INFO: VALID_ID: 2559127
2023-06-30 17:45:56 [booklist] INFO: VALID_ID: 2559119
2023-06-30 17:45:56 [booklist] INFO: VALID_ID: 10301602
2023-06-30 17:45:56 [booklist] INFO: VALID_ID: 2610226
2023-06-30 17:45:56 [booklist] INFO: VALID_ID: 2608900
2023-06-30 17:45:56 [booklist] INFO: VALID_ID: 2559073
2023-06-30 17:45:56 [booklist] INFO: VALID_ID: 2609222
2023-06-30 17:45:56 [booklist] INFO: VALID_ID: 2559079
2023-06-30 17:45:56 [booklist] INFO: VALID_ID: 2609633
2023-06-30 17:45:56 [booklist] INFO: VALID_ID: 2559074
2023-06-30 17:45:56 [booklist] INFO: VALID_ID: 2559080
2023-06-30 17:45:56 [booklist] INFO: VALID_ID: 2559078
2023-06-30 17:45:56 [booklist] INFO: VALID_ID: 2559076
2023-06-30 17:45:56 [booklist] INFO: VALID_ID: 2559075
2023-06-30 17:45:56 [booklist] INFO: VALID_ID: 2609621
2023-06-30 17:45:56 [booklist] INFO: VALID_ID: 2559081
2023-06-30 17:45:56 [booklist] INFO: VALID_ID: 2609861
2023-06-30 17:45:56 [booklist] INFO: VALID_ID: 2559061
2023-06-30 17:45:56 [booklist] INFO: VALID_ID: 2609552
2023-06-30 17:45:56 [booklist] INFO: VALID_ID: 2559063
2023-06-30 17:45:56 [booklist] INFO: VALID_ID: 2559065
2023-06-30 17:45:56 [booklist] INFO: VALID_ID: 2559068
2023-06-30 17:45:56 [booklist] INFO: VALID_ID: 2559060
2023-06-30 17:45:56 [booklist] INFO: VALID_ID: 2559072
2023-06-30 17:45:56 [booklist] INFO: VALID_ID: 2559069
2023-06-30 17:45:56 [booklist] INFO: VALID_ID: 2559070
2023-06-30 17:45:56 [booklist] INFO: VALID_ID: 2559067
2023-06-30 17:45:56 [booklist] INFO: VALID_ID: 2559071
2023-06-30 17:45:56 [booklist] INFO: VALID_ID: 2559062
2023-06-30 17:45:56 [booklist] INFO: VALID_ID: 2559066
2023-06-30 17:45:56 [booklist] INFO: VALID_ID: 2609783
2023-06-30 17:45:56 [scrapy.core.engine] DEBUG: Crawled (200) <POST https://dl.ndl.go.jp/api/item/search> (referer: https://dl.ndl.go.jp/api/item/search)
2023-06-30 17:45:56 [booklist] INFO: Fetched page 8
2023-06-30 17:45:56 [booklist] INFO: No more books on 8
2023-06-30 17:45:56 [scrapy.core.engine] INFO: Closing spider (finished)
2023-06-30 17:45:56 [scrapy.statscollectors] INFO: Dumping Scrapy stats:
{'downloader/request_bytes': 10983,
 'downloader/request_count': 9,
 'downloader/request_method_count/GET': 1,
 'downloader/request_method_count/POST': 8,
 'downloader/response_bytes': 3345401,
 'downloader/response_count': 9,
 'downloader/response_status_count/200': 9,
 'elapsed_time_seconds': 10.745219,
 'finish_reason': 'finished',
 'finish_time': datetime.datetime(2023, 6, 30, 9, 45, 56, 532671),
 'httpcompression/response_bytes': 38329766,
 'httpcompression/response_count': 8,
 'log_count/DEBUG': 12,
 'log_count/INFO': 689,
 'memusage/max': 63795200,
 'memusage/startup': 63795200,
 'request_depth_max': 7,
 'response_received_count': 9,
 'robotstxt/request_count': 1,
 'robotstxt/response_count': 1,
 'robotstxt/response_status_count/200': 1,
 'scheduler/dequeued': 8,
 'scheduler/dequeued/memory': 8,
 'scheduler/enqueued': 8,
 'scheduler/enqueued/memory': 8,
 'start_time': datetime.datetime(2023, 6, 30, 9, 45, 45, 787452)}
2023-06-30 17:45:56 [scrapy.core.engine] INFO: Spider closed (finished)
