2023-06-30 17:44:42 [scrapy.utils.log] INFO: Scrapy 2.9.0 started (bot: ndlcrawler)
2023-06-30 17:44:42 [scrapy.utils.log] INFO: Versions: lxml 4.9.2.0, libxml2 2.9.14, cssselect 1.2.0, parsel 1.8.1, w3lib 2.1.1, Twisted 22.10.0, Python 3.10.10 (main, Mar  5 2023, 22:26:53) [GCC 12.2.1 20230201], pyOpenSSL 23.2.0 (OpenSSL 3.1.1 30 May 2023), cryptography 41.0.1, Platform Linux-6.2.12-arch1-1-x86_64-with-glibc2.37
2023-06-30 17:44:42 [scrapy.crawler] INFO: Overridden settings:
{'BOT_NAME': 'ndlcrawler',
 'FEED_EXPORT_ENCODING': 'utf-8',
 'LOG_FILE': 'logs/booklist.title.知.DESC.log',
 'NEWSPIDER_MODULE': 'ndlcrawler.spiders',
 'REQUEST_FINGERPRINTER_IMPLEMENTATION': '2.7',
 'ROBOTSTXT_OBEY': True,
 'SPIDER_MODULES': ['ndlcrawler.spiders'],
 'TWISTED_REACTOR': 'twisted.internet.asyncioreactor.AsyncioSelectorReactor'}
2023-06-30 17:44:42 [asyncio] DEBUG: Using selector: EpollSelector
2023-06-30 17:44:42 [scrapy.utils.log] DEBUG: Using reactor: twisted.internet.asyncioreactor.AsyncioSelectorReactor
2023-06-30 17:44:42 [scrapy.utils.log] DEBUG: Using asyncio event loop: asyncio.unix_events._UnixSelectorEventLoop
2023-06-30 17:44:42 [scrapy.extensions.telnet] INFO: Telnet Password: deeca8e7f24976ae
2023-06-30 17:44:42 [scrapy.middleware] INFO: Enabled extensions:
['scrapy.extensions.corestats.CoreStats',
 'scrapy.extensions.telnet.TelnetConsole',
 'scrapy.extensions.memusage.MemoryUsage',
 'scrapy.extensions.logstats.LogStats']
2023-06-30 17:44:43 [scrapy.middleware] INFO: Enabled downloader middlewares:
['scrapy.downloadermiddlewares.robotstxt.RobotsTxtMiddleware',
 'scrapy.downloadermiddlewares.httpauth.HttpAuthMiddleware',
 'scrapy.downloadermiddlewares.downloadtimeout.DownloadTimeoutMiddleware',
 'scrapy.downloadermiddlewares.defaultheaders.DefaultHeadersMiddleware',
 'scrapy.downloadermiddlewares.useragent.UserAgentMiddleware',
 'scrapy.downloadermiddlewares.retry.RetryMiddleware',
 'scrapy.downloadermiddlewares.redirect.MetaRefreshMiddleware',
 'scrapy.downloadermiddlewares.httpcompression.HttpCompressionMiddleware',
 'scrapy.downloadermiddlewares.redirect.RedirectMiddleware',
 'scrapy.downloadermiddlewares.cookies.CookiesMiddleware',
 'scrapy.downloadermiddlewares.httpproxy.HttpProxyMiddleware',
 'scrapy.downloadermiddlewares.stats.DownloaderStats']
2023-06-30 17:44:43 [scrapy.middleware] INFO: Enabled spider middlewares:
['scrapy.spidermiddlewares.httperror.HttpErrorMiddleware',
 'scrapy.spidermiddlewares.offsite.OffsiteMiddleware',
 'scrapy.spidermiddlewares.referer.RefererMiddleware',
 'scrapy.spidermiddlewares.urllength.UrlLengthMiddleware',
 'scrapy.spidermiddlewares.depth.DepthMiddleware']
2023-06-30 17:44:43 [scrapy.middleware] INFO: Enabled item pipelines:
[]
2023-06-30 17:44:43 [scrapy.core.engine] INFO: Spider opened
2023-06-30 17:44:43 [scrapy.extensions.logstats] INFO: Crawled 0 pages (at 0 pages/min), scraped 0 items (at 0 items/min)
2023-06-30 17:44:43 [scrapy.extensions.telnet] INFO: Telnet console listening on 127.0.0.1:6023
2023-06-30 17:44:43 [scrapy.core.engine] DEBUG: Crawled (200) <GET https://dl.ndl.go.jp/robots.txt> (referer: None)
2023-06-30 17:44:44 [scrapy.core.engine] DEBUG: Crawled (200) <POST https://dl.ndl.go.jp/api/item/search> (referer: None)
2023-06-30 17:44:44 [booklist] INFO: Fetched page 1
2023-06-30 17:44:44 [booklist] INFO: VALID_ID: 2561621
2023-06-30 17:44:44 [booklist] INFO: VALID_ID: 2607815
2023-06-30 17:44:44 [booklist] INFO: VALID_ID: 2561619
2023-06-30 17:44:44 [booklist] INFO: VALID_ID: 1303926
2023-06-30 17:44:44 [booklist] INFO: VALID_ID: 2561616
2023-06-30 17:44:44 [booklist] INFO: VALID_ID: 1313392
2023-06-30 17:44:44 [booklist] INFO: VALID_ID: 2561617
2023-06-30 17:44:44 [booklist] INFO: VALID_ID: 2541242
2023-06-30 17:44:44 [booklist] INFO: VALID_ID: 2540682
2023-06-30 17:44:44 [booklist] INFO: VALID_ID: 9892477
2023-06-30 17:44:44 [booklist] INFO: VALID_ID: 2535935
2023-06-30 17:44:44 [booklist] INFO: VALID_ID: 2532402
2023-06-30 17:44:44 [booklist] INFO: VALID_ID: 2536622
2023-06-30 17:44:44 [booklist] INFO: VALID_ID: 2536621
2023-06-30 17:44:44 [booklist] INFO: VALID_ID: 1303932
2023-06-30 17:44:44 [booklist] INFO: VALID_ID: 9892456
2023-06-30 17:44:44 [booklist] INFO: VALID_ID: 2580766
2023-06-30 17:44:44 [booklist] INFO: VALID_ID: 2580768
2023-06-30 17:44:44 [booklist] INFO: VALID_ID: 9892667
2023-06-30 17:44:44 [booklist] INFO: VALID_ID: 2580759
2023-06-30 17:44:44 [booklist] INFO: VALID_ID: 9892504
2023-06-30 17:44:44 [booklist] INFO: VALID_ID: 2557627
2023-06-30 17:44:44 [booklist] INFO: VALID_ID: 8929340
2023-06-30 17:44:44 [booklist] INFO: VALID_ID: 2580764
2023-06-30 17:44:44 [booklist] INFO: VALID_ID: 2580755
2023-06-30 17:44:44 [booklist] INFO: VALID_ID: 2557626
2023-06-30 17:44:44 [booklist] INFO: VALID_ID: 2580767
2023-06-30 17:44:44 [booklist] INFO: VALID_ID: 2580773
2023-06-30 17:44:44 [booklist] INFO: VALID_ID: 2557624
2023-06-30 17:44:44 [booklist] INFO: VALID_ID: 2580765
2023-06-30 17:44:44 [booklist] INFO: VALID_ID: 2557623
2023-06-30 17:44:44 [booklist] INFO: VALID_ID: 2557625
2023-06-30 17:44:44 [booklist] INFO: VALID_ID: 11606643
2023-06-30 17:44:44 [booklist] INFO: VALID_ID: 2580761
2023-06-30 17:44:44 [booklist] INFO: VALID_ID: 2580763
2023-06-30 17:44:44 [booklist] INFO: VALID_ID: 2606171
2023-06-30 17:44:44 [booklist] INFO: VALID_ID: 2557628
2023-06-30 17:44:44 [booklist] INFO: VALID_ID: 2580760
2023-06-30 17:44:44 [booklist] INFO: VALID_ID: 2580769
2023-06-30 17:44:44 [booklist] INFO: VALID_ID: 2580770
2023-06-30 17:44:44 [booklist] INFO: VALID_ID: 2580757
2023-06-30 17:44:44 [booklist] INFO: VALID_ID: 2580758
2023-06-30 17:44:44 [booklist] INFO: VALID_ID: 2580756
2023-06-30 17:44:44 [booklist] INFO: VALID_ID: 2580772
2023-06-30 17:44:44 [booklist] INFO: VALID_ID: 1312563
2023-06-30 17:44:44 [booklist] INFO: VALID_ID: 2580762
2023-06-30 17:44:44 [booklist] INFO: VALID_ID: 2580754
2023-06-30 17:44:44 [booklist] INFO: VALID_ID: 2580771
2023-06-30 17:44:44 [booklist] INFO: VALID_ID: 2610517
2023-06-30 17:44:44 [booklist] INFO: VALID_ID: 2557414
2023-06-30 17:44:44 [booklist] INFO: VALID_ID: 1310417
2023-06-30 17:44:44 [booklist] INFO: VALID_ID: 2557415
2023-06-30 17:44:44 [booklist] INFO: VALID_ID: 2536377
2023-06-30 17:44:44 [booklist] INFO: VALID_ID: 2605882
2023-06-30 17:44:44 [booklist] INFO: VALID_ID: 9892674
2023-06-30 17:44:44 [booklist] INFO: VALID_ID: 2599671
2023-06-30 17:44:44 [booklist] INFO: VALID_ID: 2543277
2023-06-30 17:44:44 [booklist] INFO: VALID_ID: 2543276
2023-06-30 17:44:44 [booklist] INFO: VALID_ID: 2599672
2023-06-30 17:44:44 [booklist] INFO: VALID_ID: 2578068
2023-06-30 17:44:44 [booklist] INFO: VALID_ID: 2610729
2023-06-30 17:44:44 [booklist] INFO: VALID_ID: 1286569
2023-06-30 17:44:44 [booklist] INFO: VALID_ID: 11446643
2023-06-30 17:44:44 [booklist] INFO: VALID_ID: 1286419
2023-06-30 17:44:44 [booklist] INFO: VALID_ID: 2540153
2023-06-30 17:44:44 [booklist] INFO: VALID_ID: 1313424
2023-06-30 17:44:44 [booklist] INFO: VALID_ID: 1303171
2023-06-30 17:44:44 [booklist] INFO: VALID_ID: 1305245
2023-06-30 17:44:44 [booklist] INFO: VALID_ID: 2571687
2023-06-30 17:44:44 [booklist] INFO: VALID_ID: 1302764
2023-06-30 17:44:44 [booklist] INFO: VALID_ID: 1307842
2023-06-30 17:44:44 [booklist] INFO: VALID_ID: 1309625
2023-06-30 17:44:44 [booklist] INFO: VALID_ID: 10301404
2023-06-30 17:44:44 [booklist] INFO: VALID_ID: 9369960
2023-06-30 17:44:44 [booklist] INFO: VALID_ID: 2559230
2023-06-30 17:44:44 [booklist] INFO: VALID_ID: 11891809
2023-06-30 17:44:44 [booklist] INFO: VALID_ID: 2585430
2023-06-30 17:44:44 [booklist] INFO: VALID_ID: 1304789
2023-06-30 17:44:44 [booklist] INFO: VALID_ID: 2582355
2023-06-30 17:44:44 [booklist] INFO: VALID_ID: 2536244
2023-06-30 17:44:44 [booklist] INFO: VALID_ID: 1305956
2023-06-30 17:44:44 [booklist] INFO: VALID_ID: 2576241
2023-06-30 17:44:44 [booklist] INFO: VALID_ID: 2592972
2023-06-30 17:44:44 [booklist] INFO: VALID_ID: 2592975
2023-06-30 17:44:44 [booklist] INFO: VALID_ID: 2585225
2023-06-30 17:44:44 [booklist] INFO: VALID_ID: 2592973
2023-06-30 17:44:44 [booklist] INFO: VALID_ID: 2585170
2023-06-30 17:44:44 [booklist] INFO: VALID_ID: 1310845
2023-06-30 17:44:44 [booklist] INFO: VALID_ID: 10303681
2023-06-30 17:44:44 [booklist] INFO: VALID_ID: 2585454
2023-06-30 17:44:44 [booklist] INFO: VALID_ID: 2592974
2023-06-30 17:44:44 [booklist] INFO: VALID_ID: 2592976
2023-06-30 17:44:44 [booklist] INFO: VALID_ID: 2592977
2023-06-30 17:44:44 [booklist] INFO: VALID_ID: 2592971
2023-06-30 17:44:44 [booklist] INFO: VALID_ID: 1305222
2023-06-30 17:44:44 [booklist] INFO: VALID_ID: 1313462
2023-06-30 17:44:44 [booklist] INFO: VALID_ID: 2585607
2023-06-30 17:44:44 [booklist] INFO: VALID_ID: 1303184
2023-06-30 17:44:44 [booklist] INFO: VALID_ID: 2585433
2023-06-30 17:44:44 [booklist] INFO: VALID_ID: 2533632
2023-06-30 17:44:45 [scrapy.core.engine] DEBUG: Crawled (200) <POST https://dl.ndl.go.jp/api/item/search> (referer: https://dl.ndl.go.jp/api/item/search)
2023-06-30 17:44:45 [booklist] INFO: Fetched page 2
2023-06-30 17:44:46 [booklist] INFO: VALID_ID: 2585494
2023-06-30 17:44:46 [booklist] INFO: VALID_ID: 2580779
2023-06-30 17:44:46 [booklist] INFO: VALID_ID: 2580780
2023-06-30 17:44:46 [booklist] INFO: VALID_ID: 2580792
2023-06-30 17:44:46 [booklist] INFO: VALID_ID: 2580791
2023-06-30 17:44:46 [booklist] INFO: VALID_ID: 2580790
2023-06-30 17:44:46 [booklist] INFO: VALID_ID: 2580793
2023-06-30 17:44:46 [booklist] INFO: VALID_ID: 2580777
2023-06-30 17:44:46 [booklist] INFO: VALID_ID: 2580781
2023-06-30 17:44:46 [booklist] INFO: VALID_ID: 2580785
2023-06-30 17:44:46 [booklist] INFO: VALID_ID: 2580788
2023-06-30 17:44:46 [booklist] INFO: VALID_ID: 2580775
2023-06-30 17:44:46 [booklist] INFO: VALID_ID: 2580782
2023-06-30 17:44:46 [booklist] INFO: VALID_ID: 2580789
2023-06-30 17:44:46 [booklist] INFO: VALID_ID: 2580783
2023-06-30 17:44:46 [booklist] INFO: VALID_ID: 2580784
2023-06-30 17:44:46 [booklist] INFO: VALID_ID: 2580794
2023-06-30 17:44:46 [booklist] INFO: VALID_ID: 2580787
2023-06-30 17:44:46 [booklist] INFO: VALID_ID: 2609911
2023-06-30 17:44:46 [booklist] INFO: VALID_ID: 2580778
2023-06-30 17:44:46 [booklist] INFO: VALID_ID: 2580786
2023-06-30 17:44:46 [booklist] INFO: VALID_ID: 2585390
2023-06-30 17:44:46 [booklist] INFO: VALID_ID: 2580774
2023-06-30 17:44:46 [booklist] INFO: VALID_ID: 1312903
2023-06-30 17:44:46 [booklist] INFO: VALID_ID: 1306451
2023-06-30 17:44:46 [booklist] INFO: VALID_ID: 1311308
2023-06-30 17:44:46 [booklist] INFO: VALID_ID: 2585523
2023-06-30 17:44:46 [booklist] INFO: VALID_ID: 1306521
2023-06-30 17:44:46 [booklist] INFO: VALID_ID: 2592939
2023-06-30 17:44:46 [booklist] INFO: VALID_ID: 2585264
2023-06-30 17:44:46 [booklist] INFO: VALID_ID: 2585553
2023-06-30 17:44:46 [booklist] INFO: VALID_ID: 2585680
2023-06-30 17:44:46 [booklist] INFO: VALID_ID: 2585681
2023-06-30 17:44:46 [booklist] INFO: VALID_ID: 2585500
2023-06-30 17:44:46 [booklist] INFO: VALID_ID: 1311289
2023-06-30 17:44:46 [booklist] INFO: VALID_ID: 2585465
2023-06-30 17:44:46 [booklist] INFO: VALID_ID: 1301440
2023-06-30 17:44:46 [booklist] INFO: VALID_ID: 2585475
2023-06-30 17:44:46 [booklist] INFO: VALID_ID: 2585533
2023-06-30 17:44:46 [booklist] INFO: VALID_ID: 2585322
2023-06-30 17:44:46 [booklist] INFO: VALID_ID: 1309207
2023-06-30 17:44:46 [booklist] INFO: VALID_ID: 2585660
2023-06-30 17:44:46 [booklist] INFO: VALID_ID: 9892705
2023-06-30 17:44:46 [booklist] INFO: VALID_ID: 2566231
2023-06-30 17:44:46 [booklist] INFO: VALID_ID: 2547221
2023-06-30 17:44:46 [booklist] INFO: VALID_ID: 2608480
2023-06-30 17:44:46 [booklist] INFO: VALID_ID: 1304884
2023-06-30 17:44:46 [booklist] INFO: VALID_ID: 2585344
2023-06-30 17:44:46 [booklist] INFO: VALID_ID: 2585182
2023-06-30 17:44:46 [booklist] INFO: VALID_ID: 2585367
2023-06-30 17:44:46 [booklist] INFO: VALID_ID: 2550171
2023-06-30 17:44:46 [booklist] INFO: VALID_ID: 2550279
2023-06-30 17:44:46 [booklist] INFO: VALID_ID: 2566230
2023-06-30 17:44:46 [booklist] INFO: VALID_ID: 2549553
2023-06-30 17:44:46 [booklist] INFO: VALID_ID: 2585333
2023-06-30 17:44:46 [booklist] INFO: VALID_ID: 2585489
2023-06-30 17:44:46 [booklist] INFO: VALID_ID: 10301131
2023-06-30 17:44:46 [booklist] INFO: VALID_ID: 2585229
2023-06-30 17:44:46 [booklist] INFO: VALID_ID: 1287781
2023-06-30 17:44:46 [booklist] INFO: VALID_ID: 11223275
2023-06-30 17:44:46 [booklist] INFO: VALID_ID: 1287792
2023-06-30 17:44:46 [booklist] INFO: VALID_ID: 2585415
2023-06-30 17:44:46 [booklist] INFO: VALID_ID: 1287794
2023-06-30 17:44:46 [booklist] INFO: VALID_ID: 1287778
2023-06-30 17:44:46 [booklist] INFO: VALID_ID: 1287785
2023-06-30 17:44:46 [booklist] INFO: VALID_ID: 11223279
2023-06-30 17:44:46 [booklist] INFO: VALID_ID: 1287823
2023-06-30 17:44:46 [booklist] INFO: VALID_ID: 2585246
2023-06-30 17:44:46 [booklist] INFO: VALID_ID: 2548571
2023-06-30 17:44:46 [booklist] INFO: VALID_ID: 11223276
2023-06-30 17:44:46 [booklist] INFO: VALID_ID: 1287793
2023-06-30 17:44:46 [booklist] INFO: VALID_ID: 1287810
2023-06-30 17:44:46 [booklist] INFO: VALID_ID: 1287820
2023-06-30 17:44:46 [booklist] INFO: VALID_ID: 1287783
2023-06-30 17:44:46 [booklist] INFO: VALID_ID: 1287807
2023-06-30 17:44:46 [booklist] INFO: VALID_ID: 1287788
2023-06-30 17:44:46 [booklist] INFO: VALID_ID: 11223277
2023-06-30 17:44:46 [booklist] INFO: VALID_ID: 1287801
2023-06-30 17:44:46 [booklist] INFO: VALID_ID: 1287777
2023-06-30 17:44:46 [booklist] INFO: VALID_ID: 11223272
2023-06-30 17:44:46 [booklist] INFO: VALID_ID: 1288339
2023-06-30 17:44:46 [booklist] INFO: VALID_ID: 11223278
2023-06-30 17:44:46 [booklist] INFO: VALID_ID: 11223271
2023-06-30 17:44:46 [booklist] INFO: VALID_ID: 1287815
2023-06-30 17:44:46 [booklist] INFO: VALID_ID: 1287821
2023-06-30 17:44:46 [booklist] INFO: VALID_ID: 2585605
2023-06-30 17:44:46 [booklist] INFO: VALID_ID: 1287784
2023-06-30 17:44:46 [booklist] INFO: VALID_ID: 2547220
2023-06-30 17:44:46 [booklist] INFO: VALID_ID: 2550225
2023-06-30 17:44:46 [booklist] INFO: VALID_ID: 2542755
2023-06-30 17:44:46 [booklist] INFO: VALID_ID: 2585335
2023-06-30 17:44:46 [booklist] INFO: VALID_ID: 2585387
2023-06-30 17:44:46 [booklist] INFO: VALID_ID: 1313422
2023-06-30 17:44:46 [booklist] INFO: VALID_ID: 2587804
2023-06-30 17:44:46 [booklist] INFO: VALID_ID: 1311294
2023-06-30 17:44:46 [booklist] INFO: VALID_ID: 1313421
2023-06-30 17:44:46 [booklist] INFO: VALID_ID: 1311303
2023-06-30 17:44:46 [booklist] INFO: VALID_ID: 2547222
2023-06-30 17:44:46 [booklist] INFO: VALID_ID: 2572618
2023-06-30 17:44:46 [booklist] INFO: VALID_ID: 2572617
2023-06-30 17:44:47 [scrapy.core.engine] DEBUG: Crawled (200) <POST https://dl.ndl.go.jp/api/item/search> (referer: https://dl.ndl.go.jp/api/item/search)
2023-06-30 17:44:47 [booklist] INFO: Fetched page 3
2023-06-30 17:44:47 [booklist] INFO: VALID_ID: 2547223
2023-06-30 17:44:47 [booklist] INFO: VALID_ID: 2550367
2023-06-30 17:44:47 [booklist] INFO: VALID_ID: 2572633
2023-06-30 17:44:47 [booklist] INFO: VALID_ID: 9369974
2023-06-30 17:44:47 [booklist] INFO: VALID_ID: 1288518
2023-06-30 17:44:47 [booklist] INFO: VALID_ID: 2607856
2023-06-30 17:44:47 [booklist] INFO: VALID_ID: 2585340
2023-06-30 17:44:47 [booklist] INFO: VALID_ID: 2549042
2023-06-30 17:44:47 [booklist] INFO: VALID_ID: 10301296
2023-06-30 17:44:47 [booklist] INFO: VALID_ID: 2550365
2023-06-30 17:44:47 [booklist] INFO: VALID_ID: 9892514
2023-06-30 17:44:47 [booklist] INFO: VALID_ID: 2572679
2023-06-30 17:44:47 [booklist] INFO: VALID_ID: 2550226
2023-06-30 17:44:47 [booklist] INFO: VALID_ID: 2550170
2023-06-30 17:44:47 [booklist] INFO: VALID_ID: 10301340
2023-06-30 17:44:47 [booklist] INFO: VALID_ID: 2572524
2023-06-30 17:44:47 [booklist] INFO: VALID_ID: 2608598
2023-06-30 17:44:47 [booklist] INFO: VALID_ID: 10301767
2023-06-30 17:44:47 [booklist] INFO: VALID_ID: 2572712
2023-06-30 17:44:47 [booklist] INFO: VALID_ID: 10301149
2023-06-30 17:44:47 [booklist] INFO: VALID_ID: 2572634
2023-06-30 17:44:47 [booklist] INFO: VALID_ID: 2609629
2023-06-30 17:44:47 [booklist] INFO: VALID_ID: 2550366
2023-06-30 17:44:47 [booklist] INFO: VALID_ID: 2572683
2023-06-30 17:44:47 [booklist] INFO: VALID_ID: 2550278
2023-06-30 17:44:47 [booklist] INFO: VALID_ID: 2572626
2023-06-30 17:44:47 [booklist] INFO: VALID_ID: 2550234
2023-06-30 17:44:47 [booklist] INFO: VALID_ID: 2550277
2023-06-30 17:44:47 [booklist] INFO: VALID_ID: 2572643
2023-06-30 17:44:47 [booklist] INFO: VALID_ID: 2572529
2023-06-30 17:44:47 [booklist] INFO: VALID_ID: 2611048
2023-06-30 17:44:47 [booklist] INFO: VALID_ID: 2572703
2023-06-30 17:44:47 [booklist] INFO: VALID_ID: 2609516
2023-06-30 17:44:47 [booklist] INFO: VALID_ID: 2550388
2023-06-30 17:44:47 [booklist] INFO: VALID_ID: 2559222
2023-06-30 17:44:47 [booklist] INFO: VALID_ID: 2559226
2023-06-30 17:44:47 [booklist] INFO: VALID_ID: 2572641
2023-06-30 17:44:47 [booklist] INFO: VALID_ID: 2572648
2023-06-30 17:44:47 [booklist] INFO: VALID_ID: 2559220
2023-06-30 17:44:47 [booklist] INFO: VALID_ID: 2559224
2023-06-30 17:44:47 [booklist] INFO: VALID_ID: 2559225
2023-06-30 17:44:47 [booklist] INFO: VALID_ID: 2559219
2023-06-30 17:44:47 [booklist] INFO: VALID_ID: 2559228
2023-06-30 17:44:47 [booklist] INFO: VALID_ID: 2559229
2023-06-30 17:44:47 [booklist] INFO: VALID_ID: 2559221
2023-06-30 17:44:47 [booklist] INFO: VALID_ID: 2559227
2023-06-30 17:44:47 [booklist] INFO: VALID_ID: 2550186
2023-06-30 17:44:47 [booklist] INFO: VALID_ID: 2559223
2023-06-30 17:44:47 [booklist] INFO: VALID_ID: 2559231
2023-06-30 17:44:47 [booklist] INFO: VALID_ID: 2572528
2023-06-30 17:44:47 [booklist] INFO: VALID_ID: 2550297
2023-06-30 17:44:47 [booklist] INFO: VALID_ID: 2609783
2023-06-30 17:44:47 [booklist] INFO: VALID_ID: 2609800
2023-06-30 17:44:47 [booklist] INFO: VALID_ID: 2550393
2023-06-30 17:44:47 [booklist] INFO: VALID_ID: 2576235
2023-06-30 17:44:47 [booklist] INFO: VALID_ID: 2576245
2023-06-30 17:44:47 [booklist] INFO: VALID_ID: 2576240
2023-06-30 17:44:47 [booklist] INFO: VALID_ID: 2576236
2023-06-30 17:44:47 [booklist] INFO: VALID_ID: 2576239
2023-06-30 17:44:47 [booklist] INFO: VALID_ID: 2576244
2023-06-30 17:44:47 [booklist] INFO: VALID_ID: 2576238
2023-06-30 17:44:47 [booklist] INFO: VALID_ID: 2576234
2023-06-30 17:44:47 [booklist] INFO: VALID_ID: 2576237
2023-06-30 17:44:47 [booklist] INFO: VALID_ID: 2576242
2023-06-30 17:44:47 [booklist] INFO: VALID_ID: 2576243
2023-06-30 17:44:47 [booklist] INFO: VALID_ID: 2611035
2023-06-30 17:44:47 [booklist] INFO: VALID_ID: 2611085
2023-06-30 17:44:47 [booklist] INFO: VALID_ID: 2550292
2023-06-30 17:44:47 [booklist] INFO: VALID_ID: 2610138
2023-06-30 17:44:47 [booklist] INFO: VALID_ID: 2585163
2023-06-30 17:44:47 [booklist] INFO: VALID_ID: 12865370
2023-06-30 17:44:47 [booklist] INFO: VALID_ID: 11446659
2023-06-30 17:44:47 [scrapy.core.engine] DEBUG: Crawled (200) <POST https://dl.ndl.go.jp/api/item/search> (referer: https://dl.ndl.go.jp/api/item/search)
2023-06-30 17:44:48 [booklist] INFO: Fetched page 4
2023-06-30 17:44:48 [booklist] INFO: No more books on 4
2023-06-30 17:44:48 [scrapy.core.engine] INFO: Closing spider (finished)
2023-06-30 17:44:48 [scrapy.statscollectors] INFO: Dumping Scrapy stats:
{'downloader/request_bytes': 5579,
 'downloader/request_count': 5,
 'downloader/request_method_count/GET': 1,
 'downloader/request_method_count/POST': 4,
 'downloader/response_bytes': 1322478,
 'downloader/response_count': 5,
 'downloader/response_status_count/200': 5,
 'elapsed_time_seconds': 4.688683,
 'finish_reason': 'finished',
 'finish_time': datetime.datetime(2023, 6, 30, 9, 44, 48, 99768),
 'httpcompression/response_bytes': 14885093,
 'httpcompression/response_count': 4,
 'log_count/DEBUG': 8,
 'log_count/INFO': 287,
 'memusage/max': 63897600,
 'memusage/startup': 63897600,
 'request_depth_max': 3,
 'response_received_count': 5,
 'robotstxt/request_count': 1,
 'robotstxt/response_count': 1,
 'robotstxt/response_status_count/200': 1,
 'scheduler/dequeued': 4,
 'scheduler/dequeued/memory': 4,
 'scheduler/enqueued': 4,
 'scheduler/enqueued/memory': 4,
 'start_time': datetime.datetime(2023, 6, 30, 9, 44, 43, 411085)}
2023-06-30 17:44:48 [scrapy.core.engine] INFO: Spider closed (finished)
