2023-06-30 19:10:06 [scrapy.utils.log] INFO: Scrapy 2.9.0 started (bot: ndlcrawler)
2023-06-30 19:10:06 [scrapy.utils.log] INFO: Versions: lxml 4.9.2.0, libxml2 2.9.14, cssselect 1.2.0, parsel 1.8.1, w3lib 2.1.1, Twisted 22.10.0, Python 3.10.10 (main, Mar  5 2023, 22:26:53) [GCC 12.2.1 20230201], pyOpenSSL 23.2.0 (OpenSSL 3.1.1 30 May 2023), cryptography 41.0.1, Platform Linux-6.2.12-arch1-1-x86_64-with-glibc2.37
2023-06-30 19:10:06 [scrapy.crawler] INFO: Overridden settings:
{'BOT_NAME': 'ndlcrawler',
 'FEED_EXPORT_ENCODING': 'utf-8',
 'LOG_FILE': 'logs/booklist.title.故.log',
 'NEWSPIDER_MODULE': 'ndlcrawler.spiders',
 'REQUEST_FINGERPRINTER_IMPLEMENTATION': '2.7',
 'ROBOTSTXT_OBEY': True,
 'SPIDER_MODULES': ['ndlcrawler.spiders'],
 'TWISTED_REACTOR': 'twisted.internet.asyncioreactor.AsyncioSelectorReactor'}
2023-06-30 19:10:06 [asyncio] DEBUG: Using selector: EpollSelector
2023-06-30 19:10:06 [scrapy.utils.log] DEBUG: Using reactor: twisted.internet.asyncioreactor.AsyncioSelectorReactor
2023-06-30 19:10:06 [scrapy.utils.log] DEBUG: Using asyncio event loop: asyncio.unix_events._UnixSelectorEventLoop
2023-06-30 19:10:06 [scrapy.extensions.telnet] INFO: Telnet Password: 196cc5544d1e97b2
2023-06-30 19:10:07 [scrapy.middleware] INFO: Enabled extensions:
['scrapy.extensions.corestats.CoreStats',
 'scrapy.extensions.telnet.TelnetConsole',
 'scrapy.extensions.memusage.MemoryUsage',
 'scrapy.extensions.logstats.LogStats']
2023-06-30 19:10:07 [scrapy.middleware] INFO: Enabled downloader middlewares:
['scrapy.downloadermiddlewares.robotstxt.RobotsTxtMiddleware',
 'scrapy.downloadermiddlewares.httpauth.HttpAuthMiddleware',
 'scrapy.downloadermiddlewares.downloadtimeout.DownloadTimeoutMiddleware',
 'scrapy.downloadermiddlewares.defaultheaders.DefaultHeadersMiddleware',
 'scrapy.downloadermiddlewares.useragent.UserAgentMiddleware',
 'scrapy.downloadermiddlewares.retry.RetryMiddleware',
 'scrapy.downloadermiddlewares.redirect.MetaRefreshMiddleware',
 'scrapy.downloadermiddlewares.httpcompression.HttpCompressionMiddleware',
 'scrapy.downloadermiddlewares.redirect.RedirectMiddleware',
 'scrapy.downloadermiddlewares.cookies.CookiesMiddleware',
 'scrapy.downloadermiddlewares.httpproxy.HttpProxyMiddleware',
 'scrapy.downloadermiddlewares.stats.DownloaderStats']
2023-06-30 19:10:07 [scrapy.middleware] INFO: Enabled spider middlewares:
['scrapy.spidermiddlewares.httperror.HttpErrorMiddleware',
 'scrapy.spidermiddlewares.offsite.OffsiteMiddleware',
 'scrapy.spidermiddlewares.referer.RefererMiddleware',
 'scrapy.spidermiddlewares.urllength.UrlLengthMiddleware',
 'scrapy.spidermiddlewares.depth.DepthMiddleware']
2023-06-30 19:10:07 [scrapy.middleware] INFO: Enabled item pipelines:
[]
2023-06-30 19:10:07 [scrapy.core.engine] INFO: Spider opened
2023-06-30 19:10:07 [scrapy.extensions.logstats] INFO: Crawled 0 pages (at 0 pages/min), scraped 0 items (at 0 items/min)
2023-06-30 19:10:07 [scrapy.extensions.telnet] INFO: Telnet console listening on 127.0.0.1:6023
2023-06-30 19:10:08 [scrapy.core.engine] DEBUG: Crawled (200) <GET https://dl.ndl.go.jp/robots.txt> (referer: None)
2023-06-30 19:10:09 [scrapy.core.engine] DEBUG: Crawled (200) <POST https://dl.ndl.go.jp/api/item/search> (referer: None)
2023-06-30 19:10:09 [booklist] INFO: Fetched page 1
2023-06-30 19:10:09 [booklist] INFO: VALID_ID: 9892504
2023-06-30 19:10:09 [booklist] INFO: VALID_ID: 2565164
2023-06-30 19:10:09 [booklist] INFO: VALID_ID: 2564654
2023-06-30 19:10:09 [booklist] INFO: VALID_ID: 1305412
2023-06-30 19:10:09 [booklist] INFO: VALID_ID: 2580217
2023-06-30 19:10:09 [booklist] INFO: VALID_ID: 2564652
2023-06-30 19:10:09 [booklist] INFO: VALID_ID: 2580218
2023-06-30 19:10:09 [booklist] INFO: VALID_ID: 2610067
2023-06-30 19:10:09 [booklist] INFO: VALID_ID: 2580216
2023-06-30 19:10:09 [booklist] INFO: VALID_ID: 2564653
2023-06-30 19:10:09 [booklist] INFO: VALID_ID: 2580219
2023-06-30 19:10:09 [booklist] INFO: VALID_ID: 2538248
2023-06-30 19:10:09 [booklist] INFO: VALID_ID: 1307658
2023-06-30 19:10:09 [booklist] INFO: VALID_ID: 2564651
2023-06-30 19:10:09 [booklist] INFO: VALID_ID: 11891775
2023-06-30 19:10:09 [booklist] INFO: VALID_ID: 2608768
2023-06-30 19:10:09 [booklist] INFO: VALID_ID: 2559217
2023-06-30 19:10:09 [booklist] INFO: VALID_ID: 2540807
2023-06-30 19:10:09 [booklist] INFO: VALID_ID: 10301697
2023-06-30 19:10:09 [booklist] INFO: VALID_ID: 10300930
2023-06-30 19:10:09 [booklist] INFO: VALID_ID: 11446273
2023-06-30 19:10:09 [booklist] INFO: VALID_ID: 11446281
2023-06-30 19:10:09 [booklist] INFO: VALID_ID: 11446288
2023-06-30 19:10:09 [booklist] INFO: VALID_ID: 2567680
2023-06-30 19:10:09 [booklist] INFO: VALID_ID: 11446657
2023-06-30 19:10:09 [booklist] INFO: VALID_ID: 11446261
2023-06-30 19:10:09 [booklist] INFO: VALID_ID: 11446286
2023-06-30 19:10:09 [booklist] INFO: VALID_ID: 11446271
2023-06-30 19:10:09 [booklist] INFO: VALID_ID: 11446280
2023-06-30 19:10:09 [booklist] INFO: VALID_ID: 11446284
2023-06-30 19:10:09 [booklist] INFO: VALID_ID: 11446254
2023-06-30 19:10:09 [booklist] INFO: VALID_ID: 11446276
2023-06-30 19:10:09 [booklist] INFO: VALID_ID: 11446256
2023-06-30 19:10:09 [booklist] INFO: VALID_ID: 11446262
2023-06-30 19:10:09 [booklist] INFO: VALID_ID: 11446263
2023-06-30 19:10:09 [booklist] INFO: VALID_ID: 11446260
2023-06-30 19:10:09 [booklist] INFO: VALID_ID: 11446278
2023-06-30 19:10:09 [booklist] INFO: VALID_ID: 11446285
2023-06-30 19:10:09 [booklist] INFO: VALID_ID: 2608211
2023-06-30 19:10:09 [booklist] INFO: VALID_ID: 2567682
2023-06-30 19:10:09 [booklist] INFO: VALID_ID: 2567681
2023-06-30 19:10:09 [booklist] INFO: VALID_ID: 10303488
2023-06-30 19:10:09 [booklist] INFO: VALID_ID: 11446253
2023-06-30 19:10:09 [booklist] INFO: VALID_ID: 11446264
2023-06-30 19:10:09 [booklist] INFO: VALID_ID: 11446266
2023-06-30 19:10:09 [booklist] INFO: VALID_ID: 11446279
2023-06-30 19:10:09 [booklist] INFO: VALID_ID: 11446258
2023-06-30 19:10:09 [booklist] INFO: VALID_ID: 11446292
2023-06-30 19:10:09 [booklist] INFO: VALID_ID: 11446296
2023-06-30 19:10:09 [booklist] INFO: VALID_ID: 11446272
2023-06-30 19:10:09 [booklist] INFO: VALID_ID: 11446252
2023-06-30 19:10:09 [booklist] INFO: VALID_ID: 11446269
2023-06-30 19:10:09 [booklist] INFO: VALID_ID: 11446257
2023-06-30 19:10:09 [booklist] INFO: VALID_ID: 11446251
2023-06-30 19:10:09 [booklist] INFO: VALID_ID: 11446283
2023-06-30 19:10:09 [booklist] INFO: VALID_ID: 11446289
2023-06-30 19:10:09 [booklist] INFO: VALID_ID: 11446295
2023-06-30 19:10:09 [booklist] INFO: VALID_ID: 2567683
2023-06-30 19:10:09 [booklist] INFO: VALID_ID: 10301280
2023-06-30 19:10:09 [booklist] INFO: VALID_ID: 11446287
2023-06-30 19:10:09 [booklist] INFO: VALID_ID: 11446259
2023-06-30 19:10:09 [booklist] INFO: VALID_ID: 11446265
2023-06-30 19:10:09 [booklist] INFO: VALID_ID: 11446267
2023-06-30 19:10:09 [booklist] INFO: VALID_ID: 1307836
2023-06-30 19:10:09 [booklist] INFO: VALID_ID: 11446270
2023-06-30 19:10:09 [booklist] INFO: VALID_ID: 11446274
2023-06-30 19:10:09 [booklist] INFO: VALID_ID: 11446291
2023-06-30 19:10:09 [booklist] INFO: VALID_ID: 11446277
2023-06-30 19:10:09 [booklist] INFO: VALID_ID: 11446275
2023-06-30 19:10:09 [booklist] INFO: VALID_ID: 11446294
2023-06-30 19:10:09 [booklist] INFO: VALID_ID: 11446268
2023-06-30 19:10:09 [booklist] INFO: VALID_ID: 11446282
2023-06-30 19:10:09 [booklist] INFO: VALID_ID: 11446290
2023-06-30 19:10:09 [booklist] INFO: VALID_ID: 11446293
2023-06-30 19:10:09 [booklist] INFO: VALID_ID: 1305643
2023-06-30 19:10:09 [booklist] INFO: VALID_ID: 2585539
2023-06-30 19:10:09 [booklist] INFO: VALID_ID: 11892678
2023-06-30 19:10:09 [booklist] INFO: VALID_ID: 2573620
2023-06-30 19:10:09 [booklist] INFO: VALID_ID: 10303487
2023-06-30 19:10:09 [booklist] INFO: VALID_ID: 11892812
2023-06-30 19:10:09 [booklist] INFO: VALID_ID: 11892677
2023-06-30 19:10:09 [booklist] INFO: VALID_ID: 10303893
2023-06-30 19:10:09 [booklist] INFO: VALID_ID: 2607426
2023-06-30 19:10:09 [booklist] INFO: VALID_ID: 2585538
2023-06-30 19:10:09 [booklist] INFO: VALID_ID: 2585395
2023-06-30 19:10:09 [booklist] INFO: VALID_ID: 2585349
2023-06-30 19:10:09 [booklist] INFO: VALID_ID: 1305050
2023-06-30 19:10:09 [booklist] INFO: VALID_ID: 2585276
2023-06-30 19:10:09 [booklist] INFO: VALID_ID: 2559224
2023-06-30 19:10:09 [booklist] INFO: VALID_ID: 2585267
2023-06-30 19:10:09 [booklist] INFO: VALID_ID: 2585466
2023-06-30 19:10:09 [booklist] INFO: VALID_ID: 2585274
2023-06-30 19:10:09 [booklist] INFO: VALID_ID: 2581061
2023-06-30 19:10:09 [booklist] INFO: VALID_ID: 2585391
2023-06-30 19:10:09 [booklist] INFO: VALID_ID: 2585672
2023-06-30 19:10:09 [booklist] INFO: VALID_ID: 10303905
2023-06-30 19:10:09 [booklist] INFO: VALID_ID: 10301459
2023-06-30 19:10:09 [booklist] INFO: VALID_ID: 10303656
2023-06-30 19:10:09 [booklist] INFO: VALID_ID: 2609961
2023-06-30 19:10:09 [booklist] INFO: VALID_ID: 2585196
2023-06-30 19:10:10 [scrapy.core.engine] DEBUG: Crawled (200) <POST https://dl.ndl.go.jp/api/item/search> (referer: https://dl.ndl.go.jp/api/item/search)
2023-06-30 19:10:10 [booklist] INFO: Fetched page 2
2023-06-30 19:10:11 [booklist] INFO: VALID_ID: 10303656
2023-06-30 19:10:11 [booklist] INFO: VALID_ID: 2585299
2023-06-30 19:10:11 [booklist] INFO: VALID_ID: 1287644
2023-06-30 19:10:11 [booklist] INFO: VALID_ID: 1287664
2023-06-30 19:10:11 [booklist] INFO: VALID_ID: 1287665
2023-06-30 19:10:11 [booklist] INFO: VALID_ID: 1287671
2023-06-30 19:10:11 [booklist] INFO: VALID_ID: 1288340
2023-06-30 19:10:11 [booklist] INFO: VALID_ID: 1287650
2023-06-30 19:10:11 [booklist] INFO: VALID_ID: 1287651
2023-06-30 19:10:11 [booklist] INFO: VALID_ID: 1287675
2023-06-30 19:10:11 [booklist] INFO: VALID_ID: 1287663
2023-06-30 19:10:11 [booklist] INFO: VALID_ID: 1287652
2023-06-30 19:10:11 [booklist] INFO: VALID_ID: 1287643
2023-06-30 19:10:11 [booklist] INFO: VALID_ID: 1287673
2023-06-30 19:10:11 [booklist] INFO: VALID_ID: 2593577
2023-06-30 19:10:11 [booklist] INFO: VALID_ID: 10301527
2023-06-30 19:10:11 [booklist] INFO: VALID_ID: 1287653
2023-06-30 19:10:11 [booklist] INFO: VALID_ID: 2609301
2023-06-30 19:10:11 [booklist] INFO: VALID_ID: 1287649
2023-06-30 19:10:11 [booklist] INFO: VALID_ID: 1287662
2023-06-30 19:10:11 [booklist] INFO: VALID_ID: 1287660
2023-06-30 19:10:11 [booklist] INFO: VALID_ID: 1287672
2023-06-30 19:10:11 [booklist] INFO: VALID_ID: 10954754
2023-06-30 19:10:11 [booklist] INFO: VALID_ID: 10300956
2023-06-30 19:10:11 [booklist] INFO: VALID_ID: 2559110
2023-06-30 19:10:11 [booklist] INFO: VALID_ID: 2559116
2023-06-30 19:10:11 [booklist] INFO: VALID_ID: 2559104
2023-06-30 19:10:11 [booklist] INFO: VALID_ID: 2607286
2023-06-30 19:10:11 [booklist] INFO: VALID_ID: 2559102
2023-06-30 19:10:11 [booklist] INFO: VALID_ID: 2559107
2023-06-30 19:10:11 [booklist] INFO: VALID_ID: 2559115
2023-06-30 19:10:11 [booklist] INFO: VALID_ID: 2559105
2023-06-30 19:10:11 [booklist] INFO: VALID_ID: 2559112
2023-06-30 19:10:11 [booklist] INFO: VALID_ID: 2559106
2023-06-30 19:10:11 [booklist] INFO: VALID_ID: 2559113
2023-06-30 19:10:11 [booklist] INFO: VALID_ID: 2559114
2023-06-30 19:10:11 [booklist] INFO: VALID_ID: 2559108
2023-06-30 19:10:11 [booklist] INFO: VALID_ID: 2576276
2023-06-30 19:10:11 [booklist] INFO: VALID_ID: 2576279
2023-06-30 19:10:11 [booklist] INFO: VALID_ID: 2559103
2023-06-30 19:10:11 [booklist] INFO: VALID_ID: 10301640
2023-06-30 19:10:11 [booklist] INFO: VALID_ID: 2576268
2023-06-30 19:10:11 [booklist] INFO: VALID_ID: 2576275
2023-06-30 19:10:11 [booklist] INFO: VALID_ID: 2559109
2023-06-30 19:10:11 [booklist] INFO: VALID_ID: 2576272
2023-06-30 19:10:11 [booklist] INFO: VALID_ID: 2576273
2023-06-30 19:10:11 [booklist] INFO: VALID_ID: 2576274
2023-06-30 19:10:11 [booklist] INFO: VALID_ID: 2576266
2023-06-30 19:10:11 [booklist] INFO: VALID_ID: 2576267
2023-06-30 19:10:11 [booklist] INFO: VALID_ID: 10301602
2023-06-30 19:10:11 [booklist] INFO: VALID_ID: 2576271
2023-06-30 19:10:11 [booklist] INFO: VALID_ID: 2576265
2023-06-30 19:10:11 [booklist] INFO: VALID_ID: 2576278
2023-06-30 19:10:11 [booklist] INFO: VALID_ID: 2576277
2023-06-30 19:10:11 [booklist] INFO: VALID_ID: 2608598
2023-06-30 19:10:11 [booklist] INFO: VALID_ID: 2610790
2023-06-30 19:10:11 [booklist] INFO: VALID_ID: 2610093
2023-06-30 19:10:11 [booklist] INFO: VALID_ID: 2608873
2023-06-30 19:10:11 [booklist] INFO: VALID_ID: 2611103
2023-06-30 19:10:11 [booklist] INFO: VALID_ID: 2559210
2023-06-30 19:10:11 [booklist] INFO: VALID_ID: 2559212
2023-06-30 19:10:11 [booklist] INFO: VALID_ID: 2559208
2023-06-30 19:10:11 [booklist] INFO: VALID_ID: 2559211
2023-06-30 19:10:11 [booklist] INFO: VALID_ID: 2559216
2023-06-30 19:10:11 [booklist] INFO: VALID_ID: 2559218
2023-06-30 19:10:11 [booklist] INFO: VALID_ID: 2559209
2023-06-30 19:10:11 [booklist] INFO: VALID_ID: 2559213
2023-06-30 19:10:11 [booklist] INFO: VALID_ID: 2559215
2023-06-30 19:10:11 [booklist] INFO: VALID_ID: 2559207
2023-06-30 19:10:11 [booklist] INFO: VALID_ID: 2559228
2023-06-30 19:10:11 [booklist] INFO: VALID_ID: 2559230
2023-06-30 19:10:11 [booklist] INFO: VALID_ID: 2559220
2023-06-30 19:10:11 [booklist] INFO: VALID_ID: 2559219
2023-06-30 19:10:11 [booklist] INFO: VALID_ID: 2559222
2023-06-30 19:10:11 [booklist] INFO: VALID_ID: 2559226
2023-06-30 19:10:11 [booklist] INFO: VALID_ID: 2559231
2023-06-30 19:10:11 [booklist] INFO: VALID_ID: 2559223
2023-06-30 19:10:11 [booklist] INFO: VALID_ID: 2559221
2023-06-30 19:10:11 [booklist] INFO: VALID_ID: 2559229
2023-06-30 19:10:11 [booklist] INFO: VALID_ID: 2559225
2023-06-30 19:10:11 [booklist] INFO: VALID_ID: 2559227
2023-06-30 19:10:11 [booklist] INFO: VALID_ID: 2550308
2023-06-30 19:10:11 [booklist] INFO: VALID_ID: 2611035
2023-06-30 19:10:11 [booklist] INFO: VALID_ID: 2609783
2023-06-30 19:10:11 [booklist] INFO: VALID_ID: 9369953
2023-06-30 19:10:11 [scrapy.core.engine] DEBUG: Crawled (200) <POST https://dl.ndl.go.jp/api/item/search> (referer: https://dl.ndl.go.jp/api/item/search)
2023-06-30 19:10:11 [booklist] INFO: Fetched page 3
2023-06-30 19:10:11 [booklist] INFO: No more books on 3
2023-06-30 19:10:11 [scrapy.core.engine] INFO: Closing spider (finished)
2023-06-30 19:10:11 [scrapy.statscollectors] INFO: Dumping Scrapy stats:
{'downloader/request_bytes': 4228,
 'downloader/request_count': 4,
 'downloader/request_method_count/GET': 1,
 'downloader/request_method_count/POST': 3,
 'downloader/response_bytes': 1176995,
 'downloader/response_count': 4,
 'downloader/response_status_count/200': 4,
 'elapsed_time_seconds': 4.308974,
 'finish_reason': 'finished',
 'finish_time': datetime.datetime(2023, 6, 30, 11, 10, 11, 914612),
 'httpcompression/response_bytes': 13105947,
 'httpcompression/response_count': 3,
 'log_count/DEBUG': 7,
 'log_count/INFO': 199,
 'memusage/max': 63983616,
 'memusage/startup': 63983616,
 'request_depth_max': 2,
 'response_received_count': 4,
 'robotstxt/request_count': 1,
 'robotstxt/response_count': 1,
 'robotstxt/response_status_count/200': 1,
 'scheduler/dequeued': 3,
 'scheduler/dequeued/memory': 3,
 'scheduler/enqueued': 3,
 'scheduler/enqueued/memory': 3,
 'start_time': datetime.datetime(2023, 6, 30, 11, 10, 7, 605638)}
2023-06-30 19:10:11 [scrapy.core.engine] INFO: Spider closed (finished)
