2023-06-30 19:12:53 [scrapy.utils.log] INFO: Scrapy 2.9.0 started (bot: ndlcrawler)
2023-06-30 19:12:53 [scrapy.utils.log] INFO: Versions: lxml 4.9.2.0, libxml2 2.9.14, cssselect 1.2.0, parsel 1.8.1, w3lib 2.1.1, Twisted 22.10.0, Python 3.10.10 (main, Mar  5 2023, 22:26:53) [GCC 12.2.1 20230201], pyOpenSSL 23.2.0 (OpenSSL 3.1.1 30 May 2023), cryptography 41.0.1, Platform Linux-6.2.12-arch1-1-x86_64-with-glibc2.37
2023-06-30 19:12:53 [scrapy.crawler] INFO: Overridden settings:
{'BOT_NAME': 'ndlcrawler',
 'FEED_EXPORT_ENCODING': 'utf-8',
 'LOG_FILE': 'logs/booklist.title.資.DESC.log',
 'NEWSPIDER_MODULE': 'ndlcrawler.spiders',
 'REQUEST_FINGERPRINTER_IMPLEMENTATION': '2.7',
 'ROBOTSTXT_OBEY': True,
 'SPIDER_MODULES': ['ndlcrawler.spiders'],
 'TWISTED_REACTOR': 'twisted.internet.asyncioreactor.AsyncioSelectorReactor'}
2023-06-30 19:12:53 [asyncio] DEBUG: Using selector: EpollSelector
2023-06-30 19:12:53 [scrapy.utils.log] DEBUG: Using reactor: twisted.internet.asyncioreactor.AsyncioSelectorReactor
2023-06-30 19:12:53 [scrapy.utils.log] DEBUG: Using asyncio event loop: asyncio.unix_events._UnixSelectorEventLoop
2023-06-30 19:12:53 [scrapy.extensions.telnet] INFO: Telnet Password: 1c5e4829b6eb85ad
2023-06-30 19:12:53 [scrapy.middleware] INFO: Enabled extensions:
['scrapy.extensions.corestats.CoreStats',
 'scrapy.extensions.telnet.TelnetConsole',
 'scrapy.extensions.memusage.MemoryUsage',
 'scrapy.extensions.logstats.LogStats']
2023-06-30 19:12:53 [scrapy.middleware] INFO: Enabled downloader middlewares:
['scrapy.downloadermiddlewares.robotstxt.RobotsTxtMiddleware',
 'scrapy.downloadermiddlewares.httpauth.HttpAuthMiddleware',
 'scrapy.downloadermiddlewares.downloadtimeout.DownloadTimeoutMiddleware',
 'scrapy.downloadermiddlewares.defaultheaders.DefaultHeadersMiddleware',
 'scrapy.downloadermiddlewares.useragent.UserAgentMiddleware',
 'scrapy.downloadermiddlewares.retry.RetryMiddleware',
 'scrapy.downloadermiddlewares.redirect.MetaRefreshMiddleware',
 'scrapy.downloadermiddlewares.httpcompression.HttpCompressionMiddleware',
 'scrapy.downloadermiddlewares.redirect.RedirectMiddleware',
 'scrapy.downloadermiddlewares.cookies.CookiesMiddleware',
 'scrapy.downloadermiddlewares.httpproxy.HttpProxyMiddleware',
 'scrapy.downloadermiddlewares.stats.DownloaderStats']
2023-06-30 19:12:53 [scrapy.middleware] INFO: Enabled spider middlewares:
['scrapy.spidermiddlewares.httperror.HttpErrorMiddleware',
 'scrapy.spidermiddlewares.offsite.OffsiteMiddleware',
 'scrapy.spidermiddlewares.referer.RefererMiddleware',
 'scrapy.spidermiddlewares.urllength.UrlLengthMiddleware',
 'scrapy.spidermiddlewares.depth.DepthMiddleware']
2023-06-30 19:12:53 [scrapy.middleware] INFO: Enabled item pipelines:
[]
2023-06-30 19:12:53 [scrapy.core.engine] INFO: Spider opened
2023-06-30 19:12:54 [scrapy.extensions.logstats] INFO: Crawled 0 pages (at 0 pages/min), scraped 0 items (at 0 items/min)
2023-06-30 19:12:54 [scrapy.extensions.telnet] INFO: Telnet console listening on 127.0.0.1:6023
2023-06-30 19:12:54 [scrapy.core.engine] DEBUG: Crawled (200) <GET https://dl.ndl.go.jp/robots.txt> (referer: None)
2023-06-30 19:12:55 [scrapy.core.engine] DEBUG: Crawled (200) <POST https://dl.ndl.go.jp/api/item/search> (referer: None)
2023-06-30 19:12:55 [booklist] INFO: Fetched page 1
2023-06-30 19:12:56 [booklist] INFO: VALID_ID: 11038914
2023-06-30 19:12:56 [booklist] INFO: VALID_ID: 11038889
2023-06-30 19:12:56 [booklist] INFO: VALID_ID: 11038905
2023-06-30 19:12:56 [booklist] INFO: VALID_ID: 2576040
2023-06-30 19:12:56 [booklist] INFO: VALID_ID: 11038909
2023-06-30 19:12:56 [booklist] INFO: VALID_ID: 11038888
2023-06-30 19:12:56 [booklist] INFO: VALID_ID: 11038907
2023-06-30 19:12:56 [booklist] INFO: VALID_ID: 11038912
2023-06-30 19:12:56 [booklist] INFO: VALID_ID: 11038894
2023-06-30 19:12:56 [booklist] INFO: VALID_ID: 11038911
2023-06-30 19:12:56 [booklist] INFO: VALID_ID: 11038908
2023-06-30 19:12:56 [booklist] INFO: VALID_ID: 11038885
2023-06-30 19:12:56 [booklist] INFO: VALID_ID: 11038899
2023-06-30 19:12:56 [booklist] INFO: VALID_ID: 11038890
2023-06-30 19:12:56 [booklist] INFO: VALID_ID: 11038910
2023-06-30 19:12:56 [booklist] INFO: VALID_ID: 11038915
2023-06-30 19:12:56 [booklist] INFO: VALID_ID: 2576039
2023-06-30 19:12:56 [booklist] INFO: VALID_ID: 11038887
2023-06-30 19:12:56 [booklist] INFO: VALID_ID: 11038902
2023-06-30 19:12:56 [booklist] INFO: VALID_ID: 11038901
2023-06-30 19:12:56 [booklist] INFO: VALID_ID: 11038874
2023-06-30 19:12:56 [booklist] INFO: VALID_ID: 11038880
2023-06-30 19:12:56 [booklist] INFO: VALID_ID: 11038919
2023-06-30 19:12:56 [booklist] INFO: VALID_ID: 2566903
2023-06-30 19:12:56 [booklist] INFO: VALID_ID: 2608085
2023-06-30 19:12:56 [booklist] INFO: VALID_ID: 2566904
2023-06-30 19:12:56 [booklist] INFO: VALID_ID: 2600152
2023-06-30 19:12:56 [booklist] INFO: VALID_ID: 2600167
2023-06-30 19:12:56 [booklist] INFO: VALID_ID: 2600174
2023-06-30 19:12:56 [booklist] INFO: VALID_ID: 2600177
2023-06-30 19:12:56 [booklist] INFO: VALID_ID: 2600178
2023-06-30 19:12:56 [booklist] INFO: VALID_ID: 2600155
2023-06-30 19:12:56 [booklist] INFO: VALID_ID: 2600065
2023-06-30 19:12:56 [booklist] INFO: VALID_ID: 2600210
2023-06-30 19:12:56 [booklist] INFO: VALID_ID: 2600181
2023-06-30 19:12:56 [booklist] INFO: VALID_ID: 2600182
2023-06-30 19:12:56 [booklist] INFO: VALID_ID: 2600150
2023-06-30 19:12:56 [booklist] INFO: VALID_ID: 2600173
2023-06-30 19:12:56 [booklist] INFO: VALID_ID: 2559236
2023-06-30 19:12:56 [booklist] INFO: VALID_ID: 2610521
2023-06-30 19:12:56 [booklist] INFO: VALID_ID: 2600124
2023-06-30 19:12:56 [booklist] INFO: VALID_ID: 2600132
2023-06-30 19:12:56 [booklist] INFO: VALID_ID: 2600164
2023-06-30 19:12:56 [booklist] INFO: VALID_ID: 2600203
2023-06-30 19:12:56 [booklist] INFO: VALID_ID: 2600129
2023-06-30 19:12:56 [booklist] INFO: VALID_ID: 2600206
2023-06-30 19:12:56 [booklist] INFO: VALID_ID: 2600211
2023-06-30 19:12:56 [booklist] INFO: VALID_ID: 2600176
2023-06-30 19:12:56 [booklist] INFO: VALID_ID: 2585364
2023-06-30 19:12:56 [booklist] INFO: VALID_ID: 2600202
2023-06-30 19:12:56 [booklist] INFO: VALID_ID: 2600142
2023-06-30 19:12:56 [booklist] INFO: VALID_ID: 2600145
2023-06-30 19:12:56 [booklist] INFO: VALID_ID: 2600180
2023-06-30 19:12:56 [booklist] INFO: VALID_ID: 2585238
2023-06-30 19:12:56 [booklist] INFO: VALID_ID: 2600184
2023-06-30 19:12:56 [booklist] INFO: VALID_ID: 2599880
2023-06-30 19:12:56 [booklist] INFO: VALID_ID: 2600208
2023-06-30 19:12:56 [booklist] INFO: VALID_ID: 2600209
2023-06-30 19:12:56 [booklist] INFO: VALID_ID: 2600143
2023-06-30 19:12:56 [booklist] INFO: VALID_ID: 2600148
2023-06-30 19:12:56 [booklist] INFO: VALID_ID: 2600130
2023-06-30 19:12:56 [booklist] INFO: VALID_ID: 2600139
2023-06-30 19:12:56 [booklist] INFO: VALID_ID: 2600127
2023-06-30 19:12:56 [booklist] INFO: VALID_ID: 2600170
2023-06-30 19:12:56 [booklist] INFO: VALID_ID: 2611092
2023-06-30 19:12:56 [booklist] INFO: VALID_ID: 2600159
2023-06-30 19:12:56 [booklist] INFO: VALID_ID: 2600162
2023-06-30 19:12:56 [booklist] INFO: VALID_ID: 2600154
2023-06-30 19:12:56 [booklist] INFO: VALID_ID: 2600171
2023-06-30 19:12:56 [booklist] INFO: VALID_ID: 2600131
2023-06-30 19:12:56 [booklist] INFO: VALID_ID: 2600163
2023-06-30 19:12:56 [booklist] INFO: VALID_ID: 2600205
2023-06-30 19:12:56 [booklist] INFO: VALID_ID: 2600156
2023-06-30 19:12:56 [booklist] INFO: VALID_ID: 2600168
2023-06-30 19:12:56 [booklist] INFO: VALID_ID: 2600186
2023-06-30 19:12:56 [booklist] INFO: VALID_ID: 2600137
2023-06-30 19:12:56 [booklist] INFO: VALID_ID: 2600140
2023-06-30 19:12:56 [booklist] INFO: VALID_ID: 2600153
2023-06-30 19:12:56 [booklist] INFO: VALID_ID: 2600165
2023-06-30 19:12:56 [booklist] INFO: VALID_ID: 2600187
2023-06-30 19:12:56 [booklist] INFO: VALID_ID: 2600188
2023-06-30 19:12:56 [booklist] INFO: VALID_ID: 2600128
2023-06-30 19:12:56 [booklist] INFO: VALID_ID: 2600138
2023-06-30 19:12:56 [booklist] INFO: VALID_ID: 2600141
2023-06-30 19:12:56 [booklist] INFO: VALID_ID: 2600149
2023-06-30 19:12:56 [booklist] INFO: VALID_ID: 11038838
2023-06-30 19:12:56 [booklist] INFO: VALID_ID: 11446483
2023-06-30 19:12:56 [booklist] INFO: VALID_ID: 11446519
2023-06-30 19:12:56 [booklist] INFO: VALID_ID: 11446543
2023-06-30 19:12:56 [booklist] INFO: VALID_ID: 11446631
2023-06-30 19:12:56 [booklist] INFO: VALID_ID: 12866236
2023-06-30 19:12:56 [booklist] INFO: VALID_ID: 2600125
2023-06-30 19:12:56 [booklist] INFO: VALID_ID: 2600144
2023-06-30 19:12:56 [booklist] INFO: VALID_ID: 2600189
2023-06-30 19:12:56 [booklist] INFO: VALID_ID: 2600151
2023-06-30 19:12:56 [booklist] INFO: VALID_ID: 2600133
2023-06-30 19:12:56 [booklist] INFO: VALID_ID: 2600204
2023-06-30 19:12:56 [booklist] INFO: VALID_ID: 2600136
2023-06-30 19:12:56 [booklist] INFO: VALID_ID: 2600157
2023-06-30 19:12:56 [booklist] INFO: VALID_ID: 2600179
2023-06-30 19:12:56 [scrapy.core.engine] DEBUG: Crawled (200) <POST https://dl.ndl.go.jp/api/item/search> (referer: https://dl.ndl.go.jp/api/item/search)
2023-06-30 19:12:57 [booklist] INFO: Fetched page 2
2023-06-30 19:12:57 [booklist] INFO: VALID_ID: 2600186
2023-06-30 19:12:57 [booklist] INFO: VALID_ID: 2539346
2023-06-30 19:12:57 [booklist] INFO: VALID_ID: 11446392
2023-06-30 19:12:57 [booklist] INFO: VALID_ID: 11038826
2023-06-30 19:12:57 [booklist] INFO: VALID_ID: 11446536
2023-06-30 19:12:57 [booklist] INFO: VALID_ID: 11446577
2023-06-30 19:12:57 [booklist] INFO: VALID_ID: 11038824
2023-06-30 19:12:57 [booklist] INFO: VALID_ID: 11038831
2023-06-30 19:12:57 [booklist] INFO: VALID_ID: 11446563
2023-06-30 19:12:57 [booklist] INFO: VALID_ID: 11446635
2023-06-30 19:12:57 [booklist] INFO: VALID_ID: 12866237
2023-06-30 19:12:57 [booklist] INFO: VALID_ID: 2585238
2023-06-30 19:12:57 [booklist] INFO: VALID_ID: 2600147
2023-06-30 19:12:57 [booklist] INFO: VALID_ID: 2600160
2023-06-30 19:12:57 [booklist] INFO: VALID_ID: 2600169
2023-06-30 19:12:57 [booklist] INFO: VALID_ID: 2600126
2023-06-30 19:12:57 [booklist] INFO: VALID_ID: 2600207
2023-06-30 19:12:57 [booklist] INFO: VALID_ID: 2600158
2023-06-30 19:12:57 [booklist] INFO: VALID_ID: 11446405
2023-06-30 19:12:57 [booklist] INFO: VALID_ID: 11446406
2023-06-30 19:12:57 [booklist] INFO: VALID_ID: 11038833
2023-06-30 19:12:57 [booklist] INFO: VALID_ID: 11446408
2023-06-30 19:12:57 [booklist] INFO: VALID_ID: 11446470
2023-06-30 19:12:57 [booklist] INFO: VALID_ID: 11446493
2023-06-30 19:12:57 [booklist] INFO: VALID_ID: 11446511
2023-06-30 19:12:57 [booklist] INFO: VALID_ID: 11446572
2023-06-30 19:12:57 [booklist] INFO: VALID_ID: 11446641
2023-06-30 19:12:57 [booklist] INFO: VALID_ID: 12866233
2023-06-30 19:12:57 [booklist] INFO: VALID_ID: 12865370
2023-06-30 19:12:57 [booklist] INFO: VALID_ID: 11446396
2023-06-30 19:12:57 [booklist] INFO: VALID_ID: 11038841
2023-06-30 19:12:57 [booklist] INFO: VALID_ID: 11446497
2023-06-30 19:12:57 [booklist] INFO: VALID_ID: 11446526
2023-06-30 19:12:57 [booklist] INFO: VALID_ID: 11446538
2023-06-30 19:12:57 [booklist] INFO: VALID_ID: 11446625
2023-06-30 19:12:57 [booklist] INFO: VALID_ID: 11446634
2023-06-30 19:12:57 [booklist] INFO: VALID_ID: 11446649
2023-06-30 19:12:57 [booklist] INFO: VALID_ID: 12866232
2023-06-30 19:12:57 [booklist] INFO: VALID_ID: 11446385
2023-06-30 19:12:57 [booklist] INFO: VALID_ID: 11446500
2023-06-30 19:12:57 [booklist] INFO: VALID_ID: 11446533
2023-06-30 19:12:57 [booklist] INFO: VALID_ID: 11038815
2023-06-30 19:12:57 [booklist] INFO: VALID_ID: 11038822
2023-06-30 19:12:57 [booklist] INFO: VALID_ID: 11446487
2023-06-30 19:12:57 [booklist] INFO: VALID_ID: 11446551
2023-06-30 19:12:57 [booklist] INFO: VALID_ID: 11446640
2023-06-30 19:12:57 [booklist] INFO: VALID_ID: 2600134
2023-06-30 19:12:57 [booklist] INFO: VALID_ID: 11446403
2023-06-30 19:12:57 [booklist] INFO: VALID_ID: 11038834
2023-06-30 19:12:57 [booklist] INFO: VALID_ID: 11446458
2023-06-30 19:12:57 [booklist] INFO: VALID_ID: 11446466
2023-06-30 19:12:57 [booklist] INFO: VALID_ID: 11446498
2023-06-30 19:12:57 [booklist] INFO: VALID_ID: 11446552
2023-06-30 19:12:57 [booklist] INFO: VALID_ID: 11446580
2023-06-30 19:12:57 [booklist] INFO: VALID_ID: 11446620
2023-06-30 19:12:57 [booklist] INFO: VALID_ID: 11446628
2023-06-30 19:12:57 [booklist] INFO: VALID_ID: 11446638
2023-06-30 19:12:57 [booklist] INFO: VALID_ID: 11446642
2023-06-30 19:12:57 [booklist] INFO: VALID_ID: 11038814
2023-06-30 19:12:57 [booklist] INFO: VALID_ID: 11446398
2023-06-30 19:12:57 [booklist] INFO: VALID_ID: 11038828
2023-06-30 19:12:57 [booklist] INFO: VALID_ID: 11038836
2023-06-30 19:12:57 [booklist] INFO: VALID_ID: 11446422
2023-06-30 19:12:57 [booklist] INFO: VALID_ID: 11446486
2023-06-30 19:12:57 [booklist] INFO: VALID_ID: 11446489
2023-06-30 19:12:57 [booklist] INFO: VALID_ID: 11446510
2023-06-30 19:12:57 [booklist] INFO: VALID_ID: 11446571
2023-06-30 19:12:57 [booklist] INFO: VALID_ID: 11446576
2023-06-30 19:12:57 [booklist] INFO: VALID_ID: 11446581
2023-06-30 19:12:57 [booklist] INFO: VALID_ID: 12866230
2023-06-30 19:12:57 [booklist] INFO: VALID_ID: 11446659
2023-06-30 19:12:57 [booklist] INFO: VALID_ID: 11038839
2023-06-30 19:12:57 [booklist] INFO: VALID_ID: 11446473
2023-06-30 19:12:57 [booklist] INFO: VALID_ID: 11446525
2023-06-30 19:12:57 [booklist] INFO: VALID_ID: 11446539
2023-06-30 19:12:57 [booklist] INFO: VALID_ID: 11446599
2023-06-30 19:12:57 [booklist] INFO: VALID_ID: 11446632
2023-06-30 19:12:57 [booklist] INFO: VALID_ID: 11038819
2023-06-30 19:12:57 [booklist] INFO: VALID_ID: 11446464
2023-06-30 19:12:57 [booklist] INFO: VALID_ID: 11446567
2023-06-30 19:12:57 [booklist] INFO: VALID_ID: 12866229
2023-06-30 19:12:57 [booklist] INFO: VALID_ID: 2537269
2023-06-30 19:12:57 [booklist] INFO: VALID_ID: 11446419
2023-06-30 19:12:57 [booklist] INFO: VALID_ID: 11446448
2023-06-30 19:12:57 [booklist] INFO: VALID_ID: 11446461
2023-06-30 19:12:57 [booklist] INFO: VALID_ID: 11446527
2023-06-30 19:12:57 [booklist] INFO: VALID_ID: 11446582
2023-06-30 19:12:57 [booklist] INFO: VALID_ID: 11446605
2023-06-30 19:12:57 [booklist] INFO: VALID_ID: 11446621
2023-06-30 19:12:57 [booklist] INFO: VALID_ID: 11446626
2023-06-30 19:12:57 [booklist] INFO: VALID_ID: 11038838
2023-06-30 19:12:57 [booklist] INFO: VALID_ID: 11446483
2023-06-30 19:12:57 [booklist] INFO: VALID_ID: 11446519
2023-06-30 19:12:57 [booklist] INFO: VALID_ID: 11446543
2023-06-30 19:12:57 [booklist] INFO: VALID_ID: 11446631
2023-06-30 19:12:57 [booklist] INFO: VALID_ID: 12866236
2023-06-30 19:12:57 [booklist] INFO: VALID_ID: 11446411
2023-06-30 19:12:57 [booklist] INFO: VALID_ID: 11446462
2023-06-30 19:12:57 [booklist] INFO: VALID_ID: 11446627
2023-06-30 19:12:57 [booklist] INFO: VALID_ID: 2553325
2023-06-30 19:12:57 [scrapy.core.engine] DEBUG: Crawled (200) <POST https://dl.ndl.go.jp/api/item/search> (referer: https://dl.ndl.go.jp/api/item/search)
2023-06-30 19:12:57 [booklist] INFO: Fetched page 3
2023-06-30 19:12:58 [booklist] INFO: VALID_ID: 11038827
2023-06-30 19:12:58 [booklist] INFO: VALID_ID: 11038832
2023-06-30 19:12:58 [booklist] INFO: VALID_ID: 11446494
2023-06-30 19:12:58 [booklist] INFO: VALID_ID: 11446598
2023-06-30 19:12:58 [booklist] INFO: VALID_ID: 11446394
2023-06-30 19:12:58 [booklist] INFO: VALID_ID: 11446484
2023-06-30 19:12:58 [booklist] INFO: VALID_ID: 11446514
2023-06-30 19:12:58 [booklist] INFO: VALID_ID: 11446549
2023-06-30 19:12:58 [booklist] INFO: VALID_ID: 11446592
2023-06-30 19:12:58 [booklist] INFO: VALID_ID: 11446617
2023-06-30 19:12:58 [booklist] INFO: VALID_ID: 11446618
2023-06-30 19:12:58 [booklist] INFO: VALID_ID: 11446393
2023-06-30 19:12:58 [booklist] INFO: VALID_ID: 11446416
2023-06-30 19:12:58 [booklist] INFO: VALID_ID: 11446436
2023-06-30 19:12:58 [booklist] INFO: VALID_ID: 11446440
2023-06-30 19:12:58 [booklist] INFO: VALID_ID: 11446565
2023-06-30 19:12:58 [booklist] INFO: VALID_ID: 11446607
2023-06-30 19:12:58 [booklist] INFO: VALID_ID: 11446624
2023-06-30 19:12:58 [booklist] INFO: VALID_ID: 11446639
2023-06-30 19:12:58 [booklist] INFO: VALID_ID: 11446411
2023-06-30 19:12:58 [booklist] INFO: VALID_ID: 11446462
2023-06-30 19:12:58 [booklist] INFO: VALID_ID: 11446627
2023-06-30 19:12:58 [booklist] INFO: VALID_ID: 2553325
2023-06-30 19:12:58 [booklist] INFO: VALID_ID: 11446403
2023-06-30 19:12:58 [booklist] INFO: VALID_ID: 11038834
2023-06-30 19:12:58 [booklist] INFO: VALID_ID: 11446458
2023-06-30 19:12:58 [booklist] INFO: VALID_ID: 11446466
2023-06-30 19:12:58 [booklist] INFO: VALID_ID: 11446498
2023-06-30 19:12:58 [booklist] INFO: VALID_ID: 11446552
2023-06-30 19:12:58 [booklist] INFO: VALID_ID: 11446580
2023-06-30 19:12:58 [booklist] INFO: VALID_ID: 11446620
2023-06-30 19:12:58 [booklist] INFO: VALID_ID: 11446628
2023-06-30 19:12:58 [booklist] INFO: VALID_ID: 11446638
2023-06-30 19:12:58 [booklist] INFO: VALID_ID: 11446642
2023-06-30 19:12:58 [booklist] INFO: VALID_ID: 11446388
2023-06-30 19:12:58 [booklist] INFO: VALID_ID: 11038825
2023-06-30 19:12:58 [booklist] INFO: VALID_ID: 11446459
2023-06-30 19:12:58 [booklist] INFO: VALID_ID: 11446482
2023-06-30 19:12:58 [booklist] INFO: VALID_ID: 11446637
2023-06-30 19:12:58 [booklist] INFO: VALID_ID: 12866231
2023-06-30 19:12:58 [booklist] INFO: VALID_ID: 2585237
2023-06-30 19:12:58 [booklist] INFO: VALID_ID: 11446505
2023-06-30 19:12:58 [booklist] INFO: VALID_ID: 11446506
2023-06-30 19:12:58 [booklist] INFO: VALID_ID: 11446570
2023-06-30 19:12:58 [booklist] INFO: VALID_ID: 11446648
2023-06-30 19:12:58 [booklist] INFO: VALID_ID: 11446420
2023-06-30 19:12:58 [booklist] INFO: VALID_ID: 11446566
2023-06-30 19:12:58 [booklist] INFO: VALID_ID: 11446606
2023-06-30 19:12:58 [booklist] INFO: VALID_ID: 11038835
2023-06-30 19:12:58 [booklist] INFO: VALID_ID: 11038840
2023-06-30 19:12:58 [booklist] INFO: VALID_ID: 11446450
2023-06-30 19:12:58 [booklist] INFO: VALID_ID: 11446501
2023-06-30 19:12:58 [booklist] INFO: VALID_ID: 11446615
2023-06-30 19:12:58 [booklist] INFO: VALID_ID: 12866239
2023-06-30 19:12:58 [booklist] INFO: VALID_ID: 11038812
2023-06-30 19:12:58 [booklist] INFO: VALID_ID: 11038820
2023-06-30 19:12:58 [booklist] INFO: VALID_ID: 11446465
2023-06-30 19:12:58 [booklist] INFO: VALID_ID: 11446472
2023-06-30 19:12:58 [booklist] INFO: VALID_ID: 11446579
2023-06-30 19:12:58 [booklist] INFO: VALID_ID: 11446612
2023-06-30 19:12:58 [booklist] INFO: VALID_ID: 11038817
2023-06-30 19:12:58 [booklist] INFO: VALID_ID: 11038818
2023-06-30 19:12:58 [booklist] INFO: VALID_ID: 11446446
2023-06-30 19:12:58 [booklist] INFO: VALID_ID: 11446456
2023-06-30 19:12:58 [booklist] INFO: VALID_ID: 11446477
2023-06-30 19:12:58 [booklist] INFO: VALID_ID: 11446479
2023-06-30 19:12:58 [booklist] INFO: VALID_ID: 11446550
2023-06-30 19:12:58 [booklist] INFO: VALID_ID: 11446564
2023-06-30 19:12:58 [booklist] INFO: VALID_ID: 11446575
2023-06-30 19:12:58 [booklist] INFO: VALID_ID: 11446597
2023-06-30 19:12:58 [booklist] INFO: VALID_ID: 11446616
2023-06-30 19:12:58 [booklist] INFO: VALID_ID: 12866228
2023-06-30 19:12:58 [booklist] INFO: VALID_ID: 12866238
2023-06-30 19:12:58 [booklist] INFO: VALID_ID: 11038935
2023-06-30 19:12:58 [booklist] INFO: VALID_ID: 11038829
2023-06-30 19:12:58 [booklist] INFO: VALID_ID: 11446414
2023-06-30 19:12:58 [booklist] INFO: VALID_ID: 11446560
2023-06-30 19:12:58 [booklist] INFO: VALID_ID: 11446578
2023-06-30 19:12:58 [booklist] INFO: VALID_ID: 11446644
2023-06-30 19:12:58 [booklist] INFO: VALID_ID: 11446386
2023-06-30 19:12:58 [booklist] INFO: VALID_ID: 11038837
2023-06-30 19:12:58 [booklist] INFO: VALID_ID: 11446491
2023-06-30 19:12:58 [booklist] INFO: VALID_ID: 11446512
2023-06-30 19:12:58 [booklist] INFO: VALID_ID: 11446520
2023-06-30 19:12:58 [booklist] INFO: VALID_ID: 11446584
2023-06-30 19:12:58 [booklist] INFO: VALID_ID: 11446611
2023-06-30 19:12:58 [booklist] INFO: VALID_ID: 11446643
2023-06-30 19:12:58 [booklist] INFO: VALID_ID: 11446555
2023-06-30 19:12:58 [booklist] INFO: VALID_ID: 11446568
2023-06-30 19:12:58 [booklist] INFO: VALID_ID: 11446573
2023-06-30 19:12:58 [booklist] INFO: VALID_ID: 11446623
2023-06-30 19:12:58 [booklist] INFO: VALID_ID: 12866234
2023-06-30 19:12:58 [booklist] INFO: VALID_ID: 11446404
2023-06-30 19:12:58 [booklist] INFO: VALID_ID: 11446443
2023-06-30 19:12:58 [booklist] INFO: VALID_ID: 11446467
2023-06-30 19:12:58 [booklist] INFO: VALID_ID: 11446475
2023-06-30 19:12:58 [booklist] INFO: VALID_ID: 11446480
2023-06-30 19:12:58 [booklist] INFO: VALID_ID: 11446492
2023-06-30 19:12:58 [booklist] INFO: VALID_ID: 11446507
2023-06-30 19:12:58 [booklist] INFO: VALID_ID: 11446608
2023-06-30 19:12:58 [scrapy.core.engine] DEBUG: Crawled (200) <POST https://dl.ndl.go.jp/api/item/search> (referer: https://dl.ndl.go.jp/api/item/search)
2023-06-30 19:12:58 [booklist] INFO: Fetched page 4
2023-06-30 19:12:59 [booklist] INFO: VALID_ID: 11446386
2023-06-30 19:12:59 [booklist] INFO: VALID_ID: 11038837
2023-06-30 19:12:59 [booklist] INFO: VALID_ID: 11446491
2023-06-30 19:12:59 [booklist] INFO: VALID_ID: 11446512
2023-06-30 19:12:59 [booklist] INFO: VALID_ID: 11446520
2023-06-30 19:12:59 [booklist] INFO: VALID_ID: 11446584
2023-06-30 19:12:59 [booklist] INFO: VALID_ID: 11446611
2023-06-30 19:12:59 [booklist] INFO: VALID_ID: 11446643
2023-06-30 19:12:59 [booklist] INFO: VALID_ID: 2559151
2023-06-30 19:12:59 [booklist] INFO: VALID_ID: 11038823
2023-06-30 19:12:59 [booklist] INFO: VALID_ID: 11446418
2023-06-30 19:12:59 [booklist] INFO: VALID_ID: 11446530
2023-06-30 19:12:59 [booklist] INFO: VALID_ID: 11446540
2023-06-30 19:12:59 [booklist] INFO: VALID_ID: 11446583
2023-06-30 19:12:59 [booklist] INFO: VALID_ID: 11446587
2023-06-30 19:12:59 [booklist] INFO: VALID_ID: 11446619
2023-06-30 19:12:59 [booklist] INFO: VALID_ID: 11038813
2023-06-30 19:12:59 [booklist] INFO: VALID_ID: 11038816
2023-06-30 19:12:59 [booklist] INFO: VALID_ID: 11446474
2023-06-30 19:12:59 [booklist] INFO: VALID_ID: 11446521
2023-06-30 19:12:59 [booklist] INFO: VALID_ID: 11446610
2023-06-30 19:12:59 [booklist] INFO: VALID_ID: 2585235
2023-06-30 19:12:59 [booklist] INFO: VALID_ID: 2585410
2023-06-30 19:12:59 [booklist] INFO: VALID_ID: 9287036
2023-06-30 19:12:59 [booklist] INFO: VALID_ID: 2608563
2023-06-30 19:12:59 [booklist] INFO: VALID_ID: 2559429
2023-06-30 19:12:59 [booklist] INFO: VALID_ID: 9287037
2023-06-30 19:12:59 [booklist] INFO: VALID_ID: 9287035
2023-06-30 19:12:59 [booklist] INFO: VALID_ID: 2585409
2023-06-30 19:12:59 [booklist] INFO: VALID_ID: 2559428
2023-06-30 19:12:59 [booklist] INFO: VALID_ID: 2559430
2023-06-30 19:12:59 [booklist] INFO: VALID_ID: 9287038
2023-06-30 19:12:59 [booklist] INFO: VALID_ID: 2559239
2023-06-30 19:12:59 [booklist] INFO: VALID_ID: 9367081
2023-06-30 19:12:59 [booklist] INFO: VALID_ID: 11038727
2023-06-30 19:12:59 [booklist] INFO: VALID_ID: 11038763
2023-06-30 19:12:59 [booklist] INFO: VALID_ID: 11038772
2023-06-30 19:12:59 [booklist] INFO: VALID_ID: 11038746
2023-06-30 19:12:59 [booklist] INFO: VALID_ID: 11038776
2023-06-30 19:12:59 [booklist] INFO: VALID_ID: 11038747
2023-06-30 19:12:59 [booklist] INFO: VALID_ID: 11038750
2023-06-30 19:12:59 [booklist] INFO: VALID_ID: 11038770
2023-06-30 19:12:59 [booklist] INFO: VALID_ID: 11038797
2023-06-30 19:12:59 [booklist] INFO: VALID_ID: 11038811
2023-06-30 19:12:59 [booklist] INFO: VALID_ID: 11038731
2023-06-30 19:12:59 [booklist] INFO: VALID_ID: 11038765
2023-06-30 19:12:59 [booklist] INFO: VALID_ID: 11038785
2023-06-30 19:12:59 [booklist] INFO: VALID_ID: 11038764
2023-06-30 19:12:59 [booklist] INFO: VALID_ID: 11038780
2023-06-30 19:12:59 [booklist] INFO: VALID_ID: 11038782
2023-06-30 19:12:59 [booklist] INFO: VALID_ID: 11038804
2023-06-30 19:12:59 [booklist] INFO: VALID_ID: 11038774
2023-06-30 19:12:59 [booklist] INFO: VALID_ID: 11038800
2023-06-30 19:12:59 [booklist] INFO: VALID_ID: 11038724
2023-06-30 19:12:59 [booklist] INFO: VALID_ID: 11038739
2023-06-30 19:12:59 [booklist] INFO: VALID_ID: 11038769
2023-06-30 19:12:59 [booklist] INFO: VALID_ID: 11038787
2023-06-30 19:12:59 [booklist] INFO: VALID_ID: 11038758
2023-06-30 19:12:59 [booklist] INFO: VALID_ID: 11038775
2023-06-30 19:12:59 [booklist] INFO: VALID_ID: 11038788
2023-06-30 19:12:59 [booklist] INFO: VALID_ID: 11038801
2023-06-30 19:12:59 [booklist] INFO: VALID_ID: 11038734
2023-06-30 19:12:59 [booklist] INFO: VALID_ID: 11038735
2023-06-30 19:12:59 [booklist] INFO: VALID_ID: 11038760
2023-06-30 19:12:59 [booklist] INFO: VALID_ID: 11038723
2023-06-30 19:12:59 [booklist] INFO: VALID_ID: 11038737
2023-06-30 19:12:59 [booklist] INFO: VALID_ID: 11038808
2023-06-30 19:12:59 [booklist] INFO: VALID_ID: 11038773
2023-06-30 19:12:59 [booklist] INFO: VALID_ID: 11038921
2023-06-30 19:12:59 [booklist] INFO: VALID_ID: 11038742
2023-06-30 19:12:59 [booklist] INFO: VALID_ID: 2596075
2023-06-30 19:12:59 [booklist] INFO: VALID_ID: 2596109
2023-06-30 19:12:59 [booklist] INFO: VALID_ID: 11038733
2023-06-30 19:12:59 [booklist] INFO: VALID_ID: 11038745
2023-06-30 19:12:59 [booklist] INFO: VALID_ID: 11038759
2023-06-30 19:12:59 [booklist] INFO: VALID_ID: 11038803
2023-06-30 19:12:59 [booklist] INFO: VALID_ID: 11038752
2023-06-30 19:12:59 [booklist] INFO: VALID_ID: 11038778
2023-06-30 19:12:59 [booklist] INFO: VALID_ID: 11038792
2023-06-30 19:12:59 [booklist] INFO: VALID_ID: 11038740
2023-06-30 19:12:59 [booklist] INFO: VALID_ID: 11038755
2023-06-30 19:12:59 [booklist] INFO: VALID_ID: 11038781
2023-06-30 19:12:59 [booklist] INFO: VALID_ID: 11038729
2023-06-30 19:12:59 [booklist] INFO: VALID_ID: 11038744
2023-06-30 19:12:59 [booklist] INFO: VALID_ID: 11038795
2023-06-30 19:12:59 [booklist] INFO: VALID_ID: 11038805
2023-06-30 19:12:59 [booklist] INFO: VALID_ID: 11038762
2023-06-30 19:12:59 [booklist] INFO: VALID_ID: 11038784
2023-06-30 19:12:59 [booklist] INFO: VALID_ID: 11038736
2023-06-30 19:12:59 [booklist] INFO: VALID_ID: 11038794
2023-06-30 19:12:59 [booklist] INFO: VALID_ID: 11038725
2023-06-30 19:12:59 [booklist] INFO: VALID_ID: 11038730
2023-06-30 19:12:59 [booklist] INFO: VALID_ID: 11038743
2023-06-30 19:12:59 [booklist] INFO: VALID_ID: 11038756
2023-06-30 19:12:59 [booklist] INFO: VALID_ID: 11038771
2023-06-30 19:12:59 [booklist] INFO: VALID_ID: 11038806
2023-06-30 19:12:59 [booklist] INFO: VALID_ID: 2596066
2023-06-30 19:12:59 [booklist] INFO: VALID_ID: 2596084
2023-06-30 19:12:59 [booklist] INFO: VALID_ID: 2596134
2023-06-30 19:12:59 [booklist] INFO: VALID_ID: 11038748
2023-06-30 19:13:00 [scrapy.core.engine] DEBUG: Crawled (200) <POST https://dl.ndl.go.jp/api/item/search> (referer: https://dl.ndl.go.jp/api/item/search)
2023-06-30 19:13:00 [booklist] INFO: Fetched page 5
2023-06-30 19:13:00 [booklist] INFO: VALID_ID: 11038789
2023-06-30 19:13:00 [booklist] INFO: VALID_ID: 11038796
2023-06-30 19:13:00 [booklist] INFO: VALID_ID: 11038798
2023-06-30 19:13:00 [booklist] INFO: VALID_ID: 11038726
2023-06-30 19:13:00 [booklist] INFO: VALID_ID: 11038768
2023-06-30 19:13:00 [booklist] INFO: VALID_ID: 11038728
2023-06-30 19:13:00 [booklist] INFO: VALID_ID: 11038749
2023-06-30 19:13:00 [booklist] INFO: VALID_ID: 11038783
2023-06-30 19:13:00 [booklist] INFO: VALID_ID: 11038793
2023-06-30 19:13:00 [booklist] INFO: VALID_ID: 2596069
2023-06-30 19:13:00 [booklist] INFO: VALID_ID: 2596096
2023-06-30 19:13:00 [booklist] INFO: VALID_ID: 2596097
2023-06-30 19:13:00 [booklist] INFO: VALID_ID: 2596112
2023-06-30 19:13:00 [booklist] INFO: VALID_ID: 11038738
2023-06-30 19:13:00 [booklist] INFO: VALID_ID: 11038753
2023-06-30 19:13:00 [booklist] INFO: VALID_ID: 11038754
2023-06-30 19:13:00 [booklist] INFO: VALID_ID: 11038802
2023-06-30 19:13:00 [booklist] INFO: VALID_ID: 11038741
2023-06-30 19:13:00 [booklist] INFO: VALID_ID: 11038786
2023-06-30 19:13:00 [booklist] INFO: VALID_ID: 2596062
2023-06-30 19:13:00 [booklist] INFO: VALID_ID: 2596082
2023-06-30 19:13:00 [booklist] INFO: VALID_ID: 2596103
2023-06-30 19:13:00 [booklist] INFO: VALID_ID: 11038757
2023-06-30 19:13:00 [booklist] INFO: VALID_ID: 11038761
2023-06-30 19:13:00 [booklist] INFO: VALID_ID: 11038799
2023-06-30 19:13:00 [booklist] INFO: VALID_ID: 11038751
2023-06-30 19:13:00 [booklist] INFO: VALID_ID: 11038791
2023-06-30 19:13:00 [booklist] INFO: VALID_ID: 2552117
2023-06-30 19:13:00 [booklist] INFO: VALID_ID: 2552129
2023-06-30 19:13:00 [booklist] INFO: VALID_ID: 2596081
2023-06-30 19:13:00 [booklist] INFO: VALID_ID: 2596114
2023-06-30 19:13:00 [booklist] INFO: VALID_ID: 2596131
2023-06-30 19:13:00 [booklist] INFO: VALID_ID: 2596115
2023-06-30 19:13:00 [booklist] INFO: VALID_ID: 2605975
2023-06-30 19:13:00 [booklist] INFO: VALID_ID: 2596118
2023-06-30 19:13:00 [booklist] INFO: VALID_ID: 11038722
2023-06-30 19:13:00 [booklist] INFO: VALID_ID: 11038732
2023-06-30 19:13:00 [booklist] INFO: VALID_ID: 11038766
2023-06-30 19:13:00 [booklist] INFO: VALID_ID: 11038790
2023-06-30 19:13:00 [booklist] INFO: VALID_ID: 11038810
2023-06-30 19:13:00 [booklist] INFO: VALID_ID: 2552123
2023-06-30 19:13:00 [booklist] INFO: VALID_ID: 2596073
2023-06-30 19:13:00 [booklist] INFO: VALID_ID: 2596086
2023-06-30 19:13:00 [booklist] INFO: VALID_ID: 2596061
2023-06-30 19:13:00 [booklist] INFO: VALID_ID: 2552120
2023-06-30 19:13:00 [booklist] INFO: VALID_ID: 2552124
2023-06-30 19:13:00 [booklist] INFO: VALID_ID: 2552132
2023-06-30 19:13:00 [booklist] INFO: VALID_ID: 2596083
2023-06-30 19:13:00 [booklist] INFO: VALID_ID: 2596099
2023-06-30 19:13:00 [booklist] INFO: VALID_ID: 2596126
2023-06-30 19:13:00 [booklist] INFO: VALID_ID: 2596070
2023-06-30 19:13:00 [booklist] INFO: VALID_ID: 2552122
2023-06-30 19:13:00 [booklist] INFO: VALID_ID: 2596093
2023-06-30 19:13:00 [booklist] INFO: VALID_ID: 2596104
2023-06-30 19:13:00 [booklist] INFO: VALID_ID: 2596116
2023-06-30 19:13:00 [booklist] INFO: VALID_ID: 2552126
2023-06-30 19:13:00 [booklist] INFO: VALID_ID: 2552134
2023-06-30 19:13:00 [booklist] INFO: VALID_ID: 2596080
2023-06-30 19:13:00 [booklist] INFO: VALID_ID: 11038767
2023-06-30 19:13:00 [booklist] INFO: VALID_ID: 11038777
2023-06-30 19:13:00 [booklist] INFO: VALID_ID: 11038779
2023-06-30 19:13:00 [booklist] INFO: VALID_ID: 11038807
2023-06-30 19:13:00 [booklist] INFO: VALID_ID: 11038809
2023-06-30 19:13:00 [booklist] INFO: VALID_ID: 2610026
2023-06-30 19:13:00 [booklist] INFO: VALID_ID: 2552114
2023-06-30 19:13:00 [booklist] INFO: VALID_ID: 2596077
2023-06-30 19:13:00 [booklist] INFO: VALID_ID: 2596088
2023-06-30 19:13:00 [booklist] INFO: VALID_ID: 2596090
2023-06-30 19:13:00 [booklist] INFO: VALID_ID: 2596124
2023-06-30 19:13:00 [booklist] INFO: VALID_ID: 2596067
2023-06-30 19:13:00 [booklist] INFO: VALID_ID: 2552113
2023-06-30 19:13:00 [booklist] INFO: VALID_ID: 2596068
2023-06-30 19:13:00 [booklist] INFO: VALID_ID: 2596119
2023-06-30 19:13:00 [booklist] INFO: VALID_ID: 2596122
2023-06-30 19:13:00 [booklist] INFO: VALID_ID: 2596123
2023-06-30 19:13:00 [booklist] INFO: VALID_ID: 2596072
2023-06-30 19:13:00 [booklist] INFO: VALID_ID: 2596107
2023-06-30 19:13:00 [booklist] INFO: VALID_ID: 2596120
2023-06-30 19:13:00 [booklist] INFO: VALID_ID: 2596135
2023-06-30 19:13:00 [booklist] INFO: VALID_ID: 2596106
2023-06-30 19:13:00 [booklist] INFO: VALID_ID: 2596121
2023-06-30 19:13:00 [booklist] INFO: VALID_ID: 2596136
2023-06-30 19:13:00 [booklist] INFO: VALID_ID: 2596071
2023-06-30 19:13:00 [booklist] INFO: VALID_ID: 2596108
2023-06-30 19:13:00 [booklist] INFO: VALID_ID: 2596117
2023-06-30 19:13:00 [booklist] INFO: VALID_ID: 2596074
2023-06-30 19:13:00 [booklist] INFO: VALID_ID: 2596087
2023-06-30 19:13:00 [booklist] INFO: VALID_ID: 2596111
2023-06-30 19:13:00 [booklist] INFO: VALID_ID: 2596129
2023-06-30 19:13:00 [booklist] INFO: VALID_ID: 2552116
2023-06-30 19:13:00 [booklist] INFO: VALID_ID: 2552127
2023-06-30 19:13:00 [booklist] INFO: VALID_ID: 2552130
2023-06-30 19:13:00 [booklist] INFO: VALID_ID: 2552135
2023-06-30 19:13:00 [booklist] INFO: VALID_ID: 1307838
2023-06-30 19:13:00 [booklist] INFO: VALID_ID: 2596065
2023-06-30 19:13:00 [booklist] INFO: VALID_ID: 2596078
2023-06-30 19:13:00 [booklist] INFO: VALID_ID: 2596100
2023-06-30 19:13:00 [booklist] INFO: VALID_ID: 2596113
2023-06-30 19:13:00 [booklist] INFO: VALID_ID: 2596128
2023-06-30 19:13:00 [booklist] INFO: VALID_ID: 2596060
2023-06-30 19:13:02 [scrapy.core.engine] DEBUG: Crawled (200) <POST https://dl.ndl.go.jp/api/item/search> (referer: https://dl.ndl.go.jp/api/item/search)
2023-06-30 19:13:02 [booklist] INFO: Fetched page 6
2023-06-30 19:13:02 [booklist] INFO: VALID_ID: 2552114
2023-06-30 19:13:02 [booklist] INFO: VALID_ID: 2596077
2023-06-30 19:13:02 [booklist] INFO: VALID_ID: 2596088
2023-06-30 19:13:02 [booklist] INFO: VALID_ID: 2596090
2023-06-30 19:13:02 [booklist] INFO: VALID_ID: 2596124
2023-06-30 19:13:02 [booklist] INFO: VALID_ID: 2596059
2023-06-30 19:13:02 [booklist] INFO: VALID_ID: 2552125
2023-06-30 19:13:02 [booklist] INFO: VALID_ID: 2552128
2023-06-30 19:13:02 [booklist] INFO: VALID_ID: 2596098
2023-06-30 19:13:02 [booklist] INFO: VALID_ID: 2596102
2023-06-30 19:13:02 [booklist] INFO: VALID_ID: 2596062
2023-06-30 19:13:02 [booklist] INFO: VALID_ID: 2596082
2023-06-30 19:13:02 [booklist] INFO: VALID_ID: 2596103
2023-06-30 19:13:02 [booklist] INFO: VALID_ID: 2552115
2023-06-30 19:13:02 [booklist] INFO: VALID_ID: 1307838
2023-06-30 19:13:02 [booklist] INFO: VALID_ID: 2596065
2023-06-30 19:13:02 [booklist] INFO: VALID_ID: 2596078
2023-06-30 19:13:02 [booklist] INFO: VALID_ID: 2596100
2023-06-30 19:13:02 [booklist] INFO: VALID_ID: 2596113
2023-06-30 19:13:02 [booklist] INFO: VALID_ID: 2596128
2023-06-30 19:13:02 [booklist] INFO: VALID_ID: 2596058
2023-06-30 19:13:02 [booklist] INFO: VALID_ID: 2596064
2023-06-30 19:13:02 [booklist] INFO: VALID_ID: 2596063
2023-06-30 19:13:02 [booklist] INFO: VALID_ID: 2596085
2023-06-30 19:13:02 [booklist] INFO: VALID_ID: 2596127
2023-06-30 19:13:02 [booklist] INFO: VALID_ID: 2552126
2023-06-30 19:13:02 [booklist] INFO: VALID_ID: 2552134
2023-06-30 19:13:02 [booklist] INFO: VALID_ID: 2596080
2023-06-30 19:13:02 [booklist] INFO: VALID_ID: 2585212
2023-06-30 19:13:02 [booklist] INFO: VALID_ID: 2552118
2023-06-30 19:13:02 [booklist] INFO: VALID_ID: 2596076
2023-06-30 19:13:02 [booklist] INFO: VALID_ID: 2596094
2023-06-30 19:13:02 [booklist] INFO: VALID_ID: 2585239
2023-06-30 19:13:02 [booklist] INFO: VALID_ID: 2559128
2023-06-30 19:13:02 [booklist] INFO: VALID_ID: 2585408
2023-06-30 19:13:02 [booklist] INFO: VALID_ID: 2553336
2023-06-30 19:13:02 [booklist] INFO: VALID_ID: 10300961
2023-06-30 19:13:02 [booklist] INFO: VALID_ID: 2608721
2023-06-30 19:13:02 [booklist] INFO: VALID_ID: 10303916
2023-06-30 19:13:02 [booklist] INFO: VALID_ID: 2575336
2023-06-30 19:13:02 [booklist] INFO: VALID_ID: 2575339
2023-06-30 19:13:02 [booklist] INFO: VALID_ID: 2575342
2023-06-30 19:13:02 [booklist] INFO: VALID_ID: 10303727
2023-06-30 19:13:02 [booklist] INFO: VALID_ID: 2609306
2023-06-30 19:13:02 [booklist] INFO: VALID_ID: 2575338
2023-06-30 19:13:02 [booklist] INFO: VALID_ID: 2575340
2023-06-30 19:13:02 [booklist] INFO: VALID_ID: 2575341
2023-06-30 19:13:02 [booklist] INFO: VALID_ID: 2575337
2023-06-30 19:13:02 [booklist] INFO: VALID_ID: 10301167
2023-06-30 19:13:02 [booklist] INFO: VALID_ID: 2607879
2023-06-30 19:13:02 [booklist] INFO: VALID_ID: 2591792
2023-06-30 19:13:02 [booklist] INFO: VALID_ID: 2606933
2023-06-30 19:13:02 [booklist] INFO: VALID_ID: 2591789
2023-06-30 19:13:02 [booklist] INFO: VALID_ID: 2591791
2023-06-30 19:13:02 [booklist] INFO: VALID_ID: 2605579
2023-06-30 19:13:02 [booklist] INFO: VALID_ID: 2559175
2023-06-30 19:13:02 [booklist] INFO: VALID_ID: 2559163
2023-06-30 19:13:02 [booklist] INFO: VALID_ID: 2559165
2023-06-30 19:13:02 [booklist] INFO: VALID_ID: 2559174
2023-06-30 19:13:02 [booklist] INFO: VALID_ID: 2559166
2023-06-30 19:13:02 [booklist] INFO: VALID_ID: 2559170
2023-06-30 19:13:02 [booklist] INFO: VALID_ID: 2559168
2023-06-30 19:13:02 [booklist] INFO: VALID_ID: 2559169
2023-06-30 19:13:02 [booklist] INFO: VALID_ID: 2559173
2023-06-30 19:13:02 [booklist] INFO: VALID_ID: 2559171
2023-06-30 19:13:02 [booklist] INFO: VALID_ID: 2559164
2023-06-30 19:13:02 [booklist] INFO: VALID_ID: 2559172
2023-06-30 19:13:02 [booklist] INFO: VALID_ID: 2559177
2023-06-30 19:13:02 [booklist] INFO: VALID_ID: 2608047
2023-06-30 19:13:02 [booklist] INFO: VALID_ID: 2609582
2023-06-30 19:13:02 [booklist] INFO: VALID_ID: 2608247
2023-06-30 19:13:02 [booklist] INFO: VALID_ID: 2559238
2023-06-30 19:13:02 [booklist] INFO: VALID_ID: 2559235
2023-06-30 19:13:02 [booklist] INFO: VALID_ID: 2559237
2023-06-30 19:13:02 [booklist] INFO: VALID_ID: 2559234
2023-06-30 19:13:02 [booklist] INFO: VALID_ID: 2559232
2023-06-30 19:13:02 [booklist] INFO: VALID_ID: 2559233
2023-06-30 19:13:02 [booklist] INFO: VALID_ID: 2559240
2023-06-30 19:13:02 [booklist] INFO: VALID_ID: 2559124
2023-06-30 19:13:02 [booklist] INFO: VALID_ID: 2559130
2023-06-30 19:13:02 [booklist] INFO: VALID_ID: 2559120
2023-06-30 19:13:02 [booklist] INFO: VALID_ID: 2559119
2023-06-30 19:13:02 [booklist] INFO: VALID_ID: 2559131
2023-06-30 19:13:02 [booklist] INFO: VALID_ID: 2559117
2023-06-30 19:13:02 [booklist] INFO: VALID_ID: 2559129
2023-06-30 19:13:02 [booklist] INFO: VALID_ID: 2559132
2023-06-30 19:13:02 [booklist] INFO: VALID_ID: 2559126
2023-06-30 19:13:02 [booklist] INFO: VALID_ID: 2559118
2023-06-30 19:13:02 [booklist] INFO: VALID_ID: 2559127
2023-06-30 19:13:02 [booklist] INFO: VALID_ID: 2559121
2023-06-30 19:13:02 [booklist] INFO: VALID_ID: 2559125
2023-06-30 19:13:02 [booklist] INFO: VALID_ID: 2559122
2023-06-30 19:13:02 [booklist] INFO: VALID_ID: 2559123
2023-06-30 19:13:02 [booklist] INFO: VALID_ID: 2559149
2023-06-30 19:13:02 [booklist] INFO: VALID_ID: 2559152
2023-06-30 19:13:02 [booklist] INFO: VALID_ID: 2559161
2023-06-30 19:13:02 [booklist] INFO: VALID_ID: 2559155
2023-06-30 19:13:02 [booklist] INFO: VALID_ID: 2559158
2023-06-30 19:13:02 [booklist] INFO: VALID_ID: 2559147
2023-06-30 19:13:02 [booklist] INFO: VALID_ID: 2559148
2023-06-30 19:13:03 [scrapy.core.engine] DEBUG: Crawled (200) <POST https://dl.ndl.go.jp/api/item/search> (referer: https://dl.ndl.go.jp/api/item/search)
2023-06-30 19:13:03 [booklist] INFO: Fetched page 7
2023-06-30 19:13:03 [booklist] INFO: VALID_ID: 2559147
2023-06-30 19:13:03 [booklist] INFO: VALID_ID: 2559155
2023-06-30 19:13:03 [booklist] INFO: VALID_ID: 2559150
2023-06-30 19:13:03 [booklist] INFO: VALID_ID: 2559157
2023-06-30 19:13:03 [booklist] INFO: VALID_ID: 2559148
2023-06-30 19:13:03 [booklist] INFO: VALID_ID: 2559146
2023-06-30 19:13:03 [booklist] INFO: VALID_ID: 2559162
2023-06-30 19:13:03 [booklist] INFO: VALID_ID: 2559153
2023-06-30 19:13:03 [booklist] INFO: VALID_ID: 2611035
2023-06-30 19:13:03 [scrapy.core.engine] DEBUG: Crawled (200) <POST https://dl.ndl.go.jp/api/item/search> (referer: https://dl.ndl.go.jp/api/item/search)
2023-06-30 19:13:04 [booklist] INFO: Fetched page 8
2023-06-30 19:13:04 [booklist] INFO: No more books on 8
2023-06-30 19:13:04 [scrapy.core.engine] INFO: Closing spider (finished)
2023-06-30 19:13:04 [scrapy.statscollectors] INFO: Dumping Scrapy stats:
{'downloader/request_bytes': 10983,
 'downloader/request_count': 9,
 'downloader/request_method_count/GET': 1,
 'downloader/request_method_count/POST': 8,
 'downloader/response_bytes': 2874405,
 'downloader/response_count': 9,
 'downloader/response_status_count/200': 9,
 'elapsed_time_seconds': 9.8791,
 'finish_reason': 'finished',
 'finish_time': datetime.datetime(2023, 6, 30, 11, 13, 4, 68493),
 'httpcompression/response_bytes': 34347155,
 'httpcompression/response_count': 8,
 'log_count/DEBUG': 12,
 'log_count/INFO': 628,
 'memusage/max': 63774720,
 'memusage/startup': 63774720,
 'request_depth_max': 7,
 'response_received_count': 9,
 'robotstxt/request_count': 1,
 'robotstxt/response_count': 1,
 'robotstxt/response_status_count/200': 1,
 'scheduler/dequeued': 8,
 'scheduler/dequeued/memory': 8,
 'scheduler/enqueued': 8,
 'scheduler/enqueued/memory': 8,
 'start_time': datetime.datetime(2023, 6, 30, 11, 12, 54, 189393)}
2023-06-30 19:13:04 [scrapy.core.engine] INFO: Spider closed (finished)
