2023-06-30 18:48:40 [scrapy.utils.log] INFO: Scrapy 2.9.0 started (bot: ndlcrawler)
2023-06-30 18:48:40 [scrapy.utils.log] INFO: Versions: lxml 4.9.2.0, libxml2 2.9.14, cssselect 1.2.0, parsel 1.8.1, w3lib 2.1.1, Twisted 22.10.0, Python 3.10.10 (main, Mar  5 2023, 22:26:53) [GCC 12.2.1 20230201], pyOpenSSL 23.2.0 (OpenSSL 3.1.1 30 May 2023), cryptography 41.0.1, Platform Linux-6.2.12-arch1-1-x86_64-with-glibc2.37
2023-06-30 18:48:40 [scrapy.crawler] INFO: Overridden settings:
{'BOT_NAME': 'ndlcrawler',
 'FEED_EXPORT_ENCODING': 'utf-8',
 'LOG_FILE': 'logs/booklist.title.廣.log',
 'NEWSPIDER_MODULE': 'ndlcrawler.spiders',
 'REQUEST_FINGERPRINTER_IMPLEMENTATION': '2.7',
 'ROBOTSTXT_OBEY': True,
 'SPIDER_MODULES': ['ndlcrawler.spiders'],
 'TWISTED_REACTOR': 'twisted.internet.asyncioreactor.AsyncioSelectorReactor'}
2023-06-30 18:48:40 [asyncio] DEBUG: Using selector: EpollSelector
2023-06-30 18:48:40 [scrapy.utils.log] DEBUG: Using reactor: twisted.internet.asyncioreactor.AsyncioSelectorReactor
2023-06-30 18:48:40 [scrapy.utils.log] DEBUG: Using asyncio event loop: asyncio.unix_events._UnixSelectorEventLoop
2023-06-30 18:48:40 [scrapy.extensions.telnet] INFO: Telnet Password: 6a154828a492da0c
2023-06-30 18:48:40 [scrapy.middleware] INFO: Enabled extensions:
['scrapy.extensions.corestats.CoreStats',
 'scrapy.extensions.telnet.TelnetConsole',
 'scrapy.extensions.memusage.MemoryUsage',
 'scrapy.extensions.logstats.LogStats']
2023-06-30 18:48:41 [scrapy.middleware] INFO: Enabled downloader middlewares:
['scrapy.downloadermiddlewares.robotstxt.RobotsTxtMiddleware',
 'scrapy.downloadermiddlewares.httpauth.HttpAuthMiddleware',
 'scrapy.downloadermiddlewares.downloadtimeout.DownloadTimeoutMiddleware',
 'scrapy.downloadermiddlewares.defaultheaders.DefaultHeadersMiddleware',
 'scrapy.downloadermiddlewares.useragent.UserAgentMiddleware',
 'scrapy.downloadermiddlewares.retry.RetryMiddleware',
 'scrapy.downloadermiddlewares.redirect.MetaRefreshMiddleware',
 'scrapy.downloadermiddlewares.httpcompression.HttpCompressionMiddleware',
 'scrapy.downloadermiddlewares.redirect.RedirectMiddleware',
 'scrapy.downloadermiddlewares.cookies.CookiesMiddleware',
 'scrapy.downloadermiddlewares.httpproxy.HttpProxyMiddleware',
 'scrapy.downloadermiddlewares.stats.DownloaderStats']
2023-06-30 18:48:41 [scrapy.middleware] INFO: Enabled spider middlewares:
['scrapy.spidermiddlewares.httperror.HttpErrorMiddleware',
 'scrapy.spidermiddlewares.offsite.OffsiteMiddleware',
 'scrapy.spidermiddlewares.referer.RefererMiddleware',
 'scrapy.spidermiddlewares.urllength.UrlLengthMiddleware',
 'scrapy.spidermiddlewares.depth.DepthMiddleware']
2023-06-30 18:48:41 [scrapy.middleware] INFO: Enabled item pipelines:
[]
2023-06-30 18:48:41 [scrapy.core.engine] INFO: Spider opened
2023-06-30 18:48:41 [scrapy.extensions.logstats] INFO: Crawled 0 pages (at 0 pages/min), scraped 0 items (at 0 items/min)
2023-06-30 18:48:41 [scrapy.extensions.telnet] INFO: Telnet console listening on 127.0.0.1:6024
2023-06-30 18:48:42 [scrapy.core.engine] DEBUG: Crawled (200) <GET https://dl.ndl.go.jp/robots.txt> (referer: None)
2023-06-30 18:48:42 [scrapy.core.engine] DEBUG: Crawled (200) <POST https://dl.ndl.go.jp/api/item/search> (referer: None)
2023-06-30 18:48:43 [booklist] INFO: Fetched page 1
2023-06-30 18:48:43 [booklist] INFO: VALID_ID: 2543120
2023-06-30 18:48:43 [booklist] INFO: VALID_ID: 1309683
2023-06-30 18:48:43 [booklist] INFO: VALID_ID: 11891834
2023-06-30 18:48:43 [booklist] INFO: VALID_ID: 2567112
2023-06-30 18:48:43 [booklist] INFO: VALID_ID: 1303217
2023-06-30 18:48:43 [booklist] INFO: VALID_ID: 2608934
2023-06-30 18:48:43 [booklist] INFO: VALID_ID: 2569463
2023-06-30 18:48:43 [booklist] INFO: VALID_ID: 2567111
2023-06-30 18:48:43 [booklist] INFO: VALID_ID: 2540269
2023-06-30 18:48:43 [booklist] INFO: VALID_ID: 1312258
2023-06-30 18:48:43 [booklist] INFO: VALID_ID: 2557119
2023-06-30 18:48:43 [booklist] INFO: VALID_ID: 1303226
2023-06-30 18:48:43 [booklist] INFO: VALID_ID: 2567113
2023-06-30 18:48:43 [booklist] INFO: VALID_ID: 2578915
2023-06-30 18:48:43 [booklist] INFO: VALID_ID: 2578914
2023-06-30 18:48:43 [booklist] INFO: VALID_ID: 1312249
2023-06-30 18:48:43 [booklist] INFO: VALID_ID: 2557113
2023-06-30 18:48:43 [booklist] INFO: VALID_ID: 2557121
2023-06-30 18:48:43 [booklist] INFO: VALID_ID: 2578920
2023-06-30 18:48:43 [booklist] INFO: VALID_ID: 2606062
2023-06-30 18:48:43 [booklist] INFO: VALID_ID: 2557115
2023-06-30 18:48:43 [booklist] INFO: VALID_ID: 2578919
2023-06-30 18:48:43 [booklist] INFO: VALID_ID: 2557117
2023-06-30 18:48:43 [booklist] INFO: VALID_ID: 2557118
2023-06-30 18:48:43 [booklist] INFO: VALID_ID: 1312236
2023-06-30 18:48:43 [booklist] INFO: VALID_ID: 2557114
2023-06-30 18:48:43 [booklist] INFO: VALID_ID: 2578917
2023-06-30 18:48:43 [booklist] INFO: VALID_ID: 2578916
2023-06-30 18:48:43 [booklist] INFO: VALID_ID: 2557112
2023-06-30 18:48:43 [booklist] INFO: VALID_ID: 2557116
2023-06-30 18:48:43 [booklist] INFO: VALID_ID: 2578921
2023-06-30 18:48:43 [booklist] INFO: VALID_ID: 2557120
2023-06-30 18:48:43 [booklist] INFO: VALID_ID: 1302328
2023-06-30 18:48:43 [booklist] INFO: VALID_ID: 2569466
2023-06-30 18:48:43 [booklist] INFO: VALID_ID: 2578918
2023-06-30 18:48:43 [booklist] INFO: VALID_ID: 2569465
2023-06-30 18:48:43 [booklist] INFO: VALID_ID: 2607623
2023-06-30 18:48:43 [booklist] INFO: VALID_ID: 2569464
2023-06-30 18:48:43 [booklist] INFO: VALID_ID: 2567088
2023-06-30 18:48:43 [booklist] INFO: VALID_ID: 2567086
2023-06-30 18:48:43 [booklist] INFO: VALID_ID: 2567089
2023-06-30 18:48:43 [booklist] INFO: VALID_ID: 2608255
2023-06-30 18:48:43 [booklist] INFO: VALID_ID: 2567087
2023-06-30 18:48:43 [booklist] INFO: VALID_ID: 2607777
2023-06-30 18:48:43 [booklist] INFO: VALID_ID: 2610868
2023-06-30 18:48:43 [booklist] INFO: VALID_ID: 2567085
2023-06-30 18:48:43 [booklist] INFO: VALID_ID: 2569473
2023-06-30 18:48:43 [booklist] INFO: VALID_ID: 1287617
2023-06-30 18:48:43 [booklist] INFO: VALID_ID: 2539620
2023-06-30 18:48:43 [booklist] INFO: VALID_ID: 1287711
2023-06-30 18:48:43 [booklist] INFO: VALID_ID: 2533185
2023-06-30 18:48:43 [booklist] INFO: VALID_ID: 1311606
2023-06-30 18:48:43 [booklist] INFO: VALID_ID: 1311624
2023-06-30 18:48:43 [booklist] INFO: VALID_ID: 2537367
2023-06-30 18:48:43 [booklist] INFO: VALID_ID: 1306169
2023-06-30 18:48:43 [booklist] INFO: VALID_ID: 1311598
2023-06-30 18:48:43 [booklist] INFO: VALID_ID: 1311595
2023-06-30 18:48:43 [booklist] INFO: VALID_ID: 1311596
2023-06-30 18:48:43 [booklist] INFO: VALID_ID: 1311592
2023-06-30 18:48:43 [booklist] INFO: VALID_ID: 1311577
2023-06-30 18:48:43 [booklist] INFO: VALID_ID: 1306173
2023-06-30 18:48:43 [booklist] INFO: VALID_ID: 1311599
2023-06-30 18:48:43 [booklist] INFO: VALID_ID: 1311601
2023-06-30 18:48:43 [booklist] INFO: VALID_ID: 1311622
2023-06-30 18:48:43 [booklist] INFO: VALID_ID: 1311621
2023-06-30 18:48:43 [booklist] INFO: VALID_ID: 1311615
2023-06-30 18:48:43 [booklist] INFO: VALID_ID: 1306171
2023-06-30 18:48:43 [booklist] INFO: VALID_ID: 1311605
2023-06-30 18:48:43 [booklist] INFO: VALID_ID: 1311602
2023-06-30 18:48:43 [booklist] INFO: VALID_ID: 1306172
2023-06-30 18:48:43 [booklist] INFO: VALID_ID: 1311572
2023-06-30 18:48:43 [booklist] INFO: VALID_ID: 1311591
2023-06-30 18:48:43 [booklist] INFO: VALID_ID: 1311570
2023-06-30 18:48:43 [booklist] INFO: VALID_ID: 2559704
2023-06-30 18:48:43 [booklist] INFO: VALID_ID: 2559705
2023-06-30 18:48:43 [booklist] INFO: VALID_ID: 2537268
2023-06-30 18:48:43 [booklist] INFO: VALID_ID: 2607513
2023-06-30 18:48:43 [booklist] INFO: VALID_ID: 1311588
2023-06-30 18:48:43 [booklist] INFO: VALID_ID: 1311597
2023-06-30 18:48:43 [booklist] INFO: VALID_ID: 1311612
2023-06-30 18:48:43 [booklist] INFO: VALID_ID: 2559703
2023-06-30 18:48:43 [booklist] INFO: VALID_ID: 1311620
2023-06-30 18:48:43 [booklist] INFO: VALID_ID: 1306170
2023-06-30 18:48:43 [booklist] INFO: VALID_ID: 2559706
2023-06-30 18:48:43 [booklist] INFO: VALID_ID: 1311611
2023-06-30 18:48:43 [booklist] INFO: VALID_ID: 1311609
2023-06-30 18:48:43 [booklist] INFO: VALID_ID: 1311586
2023-06-30 18:48:43 [booklist] INFO: VALID_ID: 1311571
2023-06-30 18:48:43 [booklist] INFO: VALID_ID: 1311587
2023-06-30 18:48:43 [booklist] INFO: VALID_ID: 1311580
2023-06-30 18:48:43 [booklist] INFO: VALID_ID: 1311616
2023-06-30 18:48:43 [booklist] INFO: VALID_ID: 1311608
2023-06-30 18:48:43 [booklist] INFO: VALID_ID: 1306168
2023-06-30 18:48:43 [booklist] INFO: VALID_ID: 1311613
2023-06-30 18:48:43 [booklist] INFO: VALID_ID: 1311607
2023-06-30 18:48:43 [booklist] INFO: VALID_ID: 1311593
2023-06-30 18:48:43 [booklist] INFO: VALID_ID: 1311578
2023-06-30 18:48:43 [booklist] INFO: VALID_ID: 1311617
2023-06-30 18:48:43 [booklist] INFO: VALID_ID: 1311610
2023-06-30 18:48:43 [booklist] INFO: VALID_ID: 1311604
2023-06-30 18:48:43 [scrapy.core.engine] DEBUG: Crawled (200) <POST https://dl.ndl.go.jp/api/item/search> (referer: https://dl.ndl.go.jp/api/item/search)
2023-06-30 18:48:43 [booklist] INFO: Fetched page 2
2023-06-30 18:48:43 [booklist] INFO: VALID_ID: 1311600
2023-06-30 18:48:43 [booklist] INFO: VALID_ID: 2535940
2023-06-30 18:48:43 [booklist] INFO: VALID_ID: 1311617
2023-06-30 18:48:43 [booklist] INFO: VALID_ID: 1311610
2023-06-30 18:48:43 [booklist] INFO: VALID_ID: 1311604
2023-06-30 18:48:43 [booklist] INFO: VALID_ID: 1311573
2023-06-30 18:48:43 [booklist] INFO: VALID_ID: 1311575
2023-06-30 18:48:43 [booklist] INFO: VALID_ID: 2536186
2023-06-30 18:48:43 [booklist] INFO: VALID_ID: 1306174
2023-06-30 18:48:43 [booklist] INFO: VALID_ID: 1311579
2023-06-30 18:48:43 [booklist] INFO: VALID_ID: 1311614
2023-06-30 18:48:43 [booklist] INFO: VALID_ID: 1311576
2023-06-30 18:48:43 [booklist] INFO: VALID_ID: 1311619
2023-06-30 18:48:43 [booklist] INFO: VALID_ID: 1311574
2023-06-30 18:48:43 [booklist] INFO: VALID_ID: 1311583
2023-06-30 18:48:43 [booklist] INFO: VALID_ID: 1311618
2023-06-30 18:48:43 [booklist] INFO: VALID_ID: 1311581
2023-06-30 18:48:43 [booklist] INFO: VALID_ID: 1311582
2023-06-30 18:48:43 [booklist] INFO: VALID_ID: 1311594
2023-06-30 18:48:43 [booklist] INFO: VALID_ID: 1311623
2023-06-30 18:48:43 [booklist] INFO: VALID_ID: 11445830
2023-06-30 18:48:43 [booklist] INFO: VALID_ID: 1311585
2023-06-30 18:48:43 [booklist] INFO: VALID_ID: 1311603
2023-06-30 18:48:43 [booklist] INFO: VALID_ID: 1286808
2023-06-30 18:48:43 [booklist] INFO: VALID_ID: 1287444
2023-06-30 18:48:43 [booklist] INFO: VALID_ID: 2539032
2023-06-30 18:48:43 [booklist] INFO: VALID_ID: 1304772
2023-06-30 18:48:43 [booklist] INFO: VALID_ID: 1306164
2023-06-30 18:48:43 [booklist] INFO: VALID_ID: 1306165
2023-06-30 18:48:43 [booklist] INFO: VALID_ID: 2566971
2023-06-30 18:48:43 [booklist] INFO: VALID_ID: 1287014
2023-06-30 18:48:43 [booklist] INFO: VALID_ID: 1302576
2023-06-30 18:48:43 [booklist] INFO: VALID_ID: 2566972
2023-06-30 18:48:43 [booklist] INFO: VALID_ID: 2536551
2023-06-30 18:48:43 [booklist] INFO: VALID_ID: 2609064
2023-06-30 18:48:43 [booklist] INFO: VALID_ID: 2540635
2023-06-30 18:48:43 [booklist] INFO: VALID_ID: 1302577
2023-06-30 18:48:43 [booklist] INFO: VALID_ID: 1302578
2023-06-30 18:48:43 [booklist] INFO: VALID_ID: 1304658
2023-06-30 18:48:43 [booklist] INFO: VALID_ID: 1303210
2023-06-30 18:48:43 [booklist] INFO: VALID_ID: 1303214
2023-06-30 18:48:43 [booklist] INFO: VALID_ID: 1303221
2023-06-30 18:48:43 [booklist] INFO: VALID_ID: 1303230
2023-06-30 18:48:43 [booklist] INFO: VALID_ID: 1303233
2023-06-30 18:48:43 [booklist] INFO: VALID_ID: 1312280
2023-06-30 18:48:43 [booklist] INFO: VALID_ID: 1303297
2023-06-30 18:48:43 [booklist] INFO: VALID_ID: 1303310
2023-06-30 18:48:43 [booklist] INFO: VALID_ID: 1304773
2023-06-30 18:48:43 [booklist] INFO: VALID_ID: 1312241
2023-06-30 18:48:43 [booklist] INFO: VALID_ID: 1312264
2023-06-30 18:48:43 [booklist] INFO: VALID_ID: 1303278
2023-06-30 18:48:43 [booklist] INFO: VALID_ID: 2578911
2023-06-30 18:48:43 [booklist] INFO: VALID_ID: 2539717
2023-06-30 18:48:43 [booklist] INFO: VALID_ID: 1303216
2023-06-30 18:48:43 [booklist] INFO: VALID_ID: 1303255
2023-06-30 18:48:43 [booklist] INFO: VALID_ID: 1312294
2023-06-30 18:48:43 [booklist] INFO: VALID_ID: 1303276
2023-06-30 18:48:43 [booklist] INFO: VALID_ID: 1312319
2023-06-30 18:48:43 [booklist] INFO: VALID_ID: 1312347
2023-06-30 18:48:43 [booklist] INFO: VALID_ID: 1303209
2023-06-30 18:48:43 [booklist] INFO: VALID_ID: 1303213
2023-06-30 18:48:43 [booklist] INFO: VALID_ID: 1312253
2023-06-30 18:48:43 [booklist] INFO: VALID_ID: 1303238
2023-06-30 18:48:43 [booklist] INFO: VALID_ID: 1312283
2023-06-30 18:48:43 [booklist] INFO: VALID_ID: 1303277
2023-06-30 18:48:43 [booklist] INFO: VALID_ID: 1312311
2023-06-30 18:48:43 [booklist] INFO: VALID_ID: 1303301
2023-06-30 18:48:43 [booklist] INFO: VALID_ID: 1303207
2023-06-30 18:48:43 [booklist] INFO: VALID_ID: 1303211
2023-06-30 18:48:43 [booklist] INFO: VALID_ID: 1303241
2023-06-30 18:48:43 [booklist] INFO: VALID_ID: 1303267
2023-06-30 18:48:43 [booklist] INFO: VALID_ID: 1303282
2023-06-30 18:48:43 [booklist] INFO: VALID_ID: 1303208
2023-06-30 18:48:43 [booklist] INFO: VALID_ID: 1303245
2023-06-30 18:48:43 [booklist] INFO: VALID_ID: 1312285
2023-06-30 18:48:43 [booklist] INFO: VALID_ID: 1303261
2023-06-30 18:48:43 [booklist] INFO: VALID_ID: 1312297
2023-06-30 18:48:43 [booklist] INFO: VALID_ID: 1312302
2023-06-30 18:48:43 [booklist] INFO: VALID_ID: 1312329
2023-06-30 18:48:43 [booklist] INFO: VALID_ID: 1303314
2023-06-30 18:48:43 [booklist] INFO: VALID_ID: 1303324
2023-06-30 18:48:43 [booklist] INFO: VALID_ID: 1312254
2023-06-30 18:48:43 [booklist] INFO: VALID_ID: 1312275
2023-06-30 18:48:43 [booklist] INFO: VALID_ID: 1303263
2023-06-30 18:48:43 [booklist] INFO: VALID_ID: 1303269
2023-06-30 18:48:43 [booklist] INFO: VALID_ID: 1303274
2023-06-30 18:48:43 [booklist] INFO: VALID_ID: 1303205
2023-06-30 18:48:43 [booklist] INFO: VALID_ID: 1312257
2023-06-30 18:48:43 [booklist] INFO: VALID_ID: 1312263
2023-06-30 18:48:43 [booklist] INFO: VALID_ID: 1303242
2023-06-30 18:48:43 [booklist] INFO: VALID_ID: 1312287
2023-06-30 18:48:43 [booklist] INFO: VALID_ID: 1312291
2023-06-30 18:48:43 [booklist] INFO: VALID_ID: 1312322
2023-06-30 18:48:43 [booklist] INFO: VALID_ID: 1312326
2023-06-30 18:48:43 [booklist] INFO: VALID_ID: 2578907
2023-06-30 18:48:43 [booklist] INFO: VALID_ID: 2569468
2023-06-30 18:48:43 [booklist] INFO: VALID_ID: 2569485
2023-06-30 18:48:43 [booklist] INFO: VALID_ID: 1312239
2023-06-30 18:48:43 [booklist] INFO: VALID_ID: 1312246
2023-06-30 18:48:43 [booklist] INFO: VALID_ID: 1303218
2023-06-30 18:48:44 [scrapy.core.engine] DEBUG: Crawled (200) <POST https://dl.ndl.go.jp/api/item/search> (referer: https://dl.ndl.go.jp/api/item/search)
2023-06-30 18:48:44 [booklist] INFO: Fetched page 3
2023-06-30 18:48:44 [booklist] INFO: VALID_ID: 1303218
2023-06-30 18:48:44 [booklist] INFO: VALID_ID: 1303223
2023-06-30 18:48:44 [booklist] INFO: VALID_ID: 1312272
2023-06-30 18:48:44 [booklist] INFO: VALID_ID: 1311479
2023-06-30 18:48:44 [booklist] INFO: VALID_ID: 1303264
2023-06-30 18:48:44 [booklist] INFO: VALID_ID: 1312306
2023-06-30 18:48:44 [booklist] INFO: VALID_ID: 1303294
2023-06-30 18:48:44 [booklist] INFO: VALID_ID: 1303319
2023-06-30 18:48:44 [booklist] INFO: VALID_ID: 1312349
2023-06-30 18:48:44 [booklist] INFO: VALID_ID: 1303321
2023-06-30 18:48:44 [booklist] INFO: VALID_ID: 2559221
2023-06-30 18:48:44 [booklist] INFO: VALID_ID: 1303206
2023-06-30 18:48:44 [booklist] INFO: VALID_ID: 1303273
2023-06-30 18:48:44 [booklist] INFO: VALID_ID: 1312265
2023-06-30 18:48:44 [booklist] INFO: VALID_ID: 1312268
2023-06-30 18:48:44 [booklist] INFO: VALID_ID: 1303262
2023-06-30 18:48:44 [booklist] INFO: VALID_ID: 1303270
2023-06-30 18:48:44 [booklist] INFO: VALID_ID: 1303283
2023-06-30 18:48:44 [booklist] INFO: VALID_ID: 1312345
2023-06-30 18:48:44 [booklist] INFO: VALID_ID: 1303317
2023-06-30 18:48:44 [booklist] INFO: VALID_ID: 1312251
2023-06-30 18:48:44 [booklist] INFO: VALID_ID: 1312286
2023-06-30 18:48:44 [booklist] INFO: VALID_ID: 1312290
2023-06-30 18:48:44 [booklist] INFO: VALID_ID: 1312303
2023-06-30 18:48:44 [booklist] INFO: VALID_ID: 1303280
2023-06-30 18:48:44 [booklist] INFO: VALID_ID: 1303209
2023-06-30 18:48:44 [booklist] INFO: VALID_ID: 1303213
2023-06-30 18:48:44 [booklist] INFO: VALID_ID: 1312253
2023-06-30 18:48:44 [booklist] INFO: VALID_ID: 1303238
2023-06-30 18:48:44 [booklist] INFO: VALID_ID: 1312283
2023-06-30 18:48:44 [booklist] INFO: VALID_ID: 1303277
2023-06-30 18:48:44 [booklist] INFO: VALID_ID: 1312311
2023-06-30 18:48:44 [booklist] INFO: VALID_ID: 1303301
2023-06-30 18:48:44 [booklist] INFO: VALID_ID: 1312266
2023-06-30 18:48:44 [booklist] INFO: VALID_ID: 1303237
2023-06-30 18:48:44 [booklist] INFO: VALID_ID: 1303243
2023-06-30 18:48:44 [booklist] INFO: VALID_ID: 1303272
2023-06-30 18:48:44 [booklist] INFO: VALID_ID: 1303284
2023-06-30 18:48:44 [booklist] INFO: VALID_ID: 1303298
2023-06-30 18:48:44 [booklist] INFO: VALID_ID: 1303312
2023-06-30 18:48:44 [booklist] INFO: VALID_ID: 1312252
2023-06-30 18:48:44 [booklist] INFO: VALID_ID: 1303224
2023-06-30 18:48:44 [booklist] INFO: VALID_ID: 1303229
2023-06-30 18:48:44 [booklist] INFO: VALID_ID: 1312277
2023-06-30 18:48:44 [booklist] INFO: VALID_ID: 1303247
2023-06-30 18:48:44 [booklist] INFO: VALID_ID: 1303258
2023-06-30 18:48:44 [booklist] INFO: VALID_ID: 1303266
2023-06-30 18:48:44 [booklist] INFO: VALID_ID: 1303268
2023-06-30 18:48:44 [booklist] INFO: VALID_ID: 1312321
2023-06-30 18:48:44 [booklist] INFO: VALID_ID: 1312332
2023-06-30 18:48:44 [booklist] INFO: VALID_ID: 1303318
2023-06-30 18:48:44 [booklist] INFO: VALID_ID: 2569483
2023-06-30 18:48:44 [booklist] INFO: VALID_ID: 2578913
2023-06-30 18:48:44 [booklist] INFO: VALID_ID: 2578908
2023-06-30 18:48:44 [booklist] INFO: VALID_ID: 2569479
2023-06-30 18:48:44 [booklist] INFO: VALID_ID: 1312240
2023-06-30 18:48:44 [booklist] INFO: VALID_ID: 1312259
2023-06-30 18:48:44 [booklist] INFO: VALID_ID: 1303227
2023-06-30 18:48:44 [booklist] INFO: VALID_ID: 1312260
2023-06-30 18:48:44 [booklist] INFO: VALID_ID: 1312293
2023-06-30 18:48:44 [booklist] INFO: VALID_ID: 1312317
2023-06-30 18:48:44 [booklist] INFO: VALID_ID: 1312334
2023-06-30 18:48:44 [booklist] INFO: VALID_ID: 1303304
2023-06-30 18:48:44 [booklist] INFO: VALID_ID: 1312346
2023-06-30 18:48:44 [booklist] INFO: VALID_ID: 1303320
2023-06-30 18:48:44 [booklist] INFO: VALID_ID: 1312276
2023-06-30 18:48:44 [booklist] INFO: VALID_ID: 1303253
2023-06-30 18:48:44 [booklist] INFO: VALID_ID: 1312284
2023-06-30 18:48:44 [booklist] INFO: VALID_ID: 1312312
2023-06-30 18:48:44 [booklist] INFO: VALID_ID: 1312336
2023-06-30 18:48:44 [booklist] INFO: VALID_ID: 1312350
2023-06-30 18:48:44 [booklist] INFO: VALID_ID: 1312244
2023-06-30 18:48:44 [booklist] INFO: VALID_ID: 1303234
2023-06-30 18:48:44 [booklist] INFO: VALID_ID: 1303239
2023-06-30 18:48:44 [booklist] INFO: VALID_ID: 1312288
2023-06-30 18:48:44 [booklist] INFO: VALID_ID: 1312289
2023-06-30 18:48:44 [booklist] INFO: VALID_ID: 1303260
2023-06-30 18:48:44 [booklist] INFO: VALID_ID: 1312292
2023-06-30 18:48:44 [booklist] INFO: VALID_ID: 1312300
2023-06-30 18:48:44 [booklist] INFO: VALID_ID: 1312308
2023-06-30 18:48:44 [booklist] INFO: VALID_ID: 1303279
2023-06-30 18:48:44 [booklist] INFO: VALID_ID: 1312328
2023-06-30 18:48:44 [booklist] INFO: VALID_ID: 1312335
2023-06-30 18:48:44 [booklist] INFO: VALID_ID: 1312339
2023-06-30 18:48:44 [booklist] INFO: VALID_ID: 1303311
2023-06-30 18:48:44 [booklist] INFO: VALID_ID: 2569490
2023-06-30 18:48:44 [booklist] INFO: VALID_ID: 2569476
2023-06-30 18:48:44 [booklist] INFO: VALID_ID: 2569460
2023-06-30 18:48:44 [booklist] INFO: VALID_ID: 2569482
2023-06-30 18:48:44 [booklist] INFO: VALID_ID: 1303212
2023-06-30 18:48:44 [booklist] INFO: VALID_ID: 1303248
2023-06-30 18:48:44 [booklist] INFO: VALID_ID: 1312281
2023-06-30 18:48:44 [booklist] INFO: VALID_ID: 1312296
2023-06-30 18:48:44 [booklist] INFO: VALID_ID: 1312316
2023-06-30 18:48:44 [booklist] INFO: VALID_ID: 1312318
2023-06-30 18:48:44 [booklist] INFO: VALID_ID: 1303292
2023-06-30 18:48:44 [booklist] INFO: VALID_ID: 1312325
2023-06-30 18:48:44 [booklist] INFO: VALID_ID: 1303300
2023-06-30 18:48:44 [booklist] INFO: VALID_ID: 1312352
2023-06-30 18:48:44 [booklist] INFO: VALID_ID: 2578905
2023-06-30 18:48:45 [scrapy.core.engine] DEBUG: Crawled (200) <POST https://dl.ndl.go.jp/api/item/search> (referer: https://dl.ndl.go.jp/api/item/search)
2023-06-30 18:48:45 [booklist] INFO: Fetched page 4
2023-06-30 18:48:45 [booklist] INFO: VALID_ID: 1303219
2023-06-30 18:48:45 [booklist] INFO: VALID_ID: 1303231
2023-06-30 18:48:45 [booklist] INFO: VALID_ID: 1303232
2023-06-30 18:48:45 [booklist] INFO: VALID_ID: 1303235
2023-06-30 18:48:45 [booklist] INFO: VALID_ID: 1303244
2023-06-30 18:48:45 [booklist] INFO: VALID_ID: 1303287
2023-06-30 18:48:45 [booklist] INFO: VALID_ID: 1312351
2023-06-30 18:48:45 [booklist] INFO: VALID_ID: 1312245
2023-06-30 18:48:45 [booklist] INFO: VALID_ID: 1312261
2023-06-30 18:48:45 [booklist] INFO: VALID_ID: 1312269
2023-06-30 18:48:45 [booklist] INFO: VALID_ID: 1312295
2023-06-30 18:48:45 [booklist] INFO: VALID_ID: 1303293
2023-06-30 18:48:45 [booklist] INFO: VALID_ID: 1312330
2023-06-30 18:48:45 [booklist] INFO: VALID_ID: 2578912
2023-06-30 18:48:45 [booklist] INFO: VALID_ID: 2569460
2023-06-30 18:48:45 [booklist] INFO: VALID_ID: 2569482
2023-06-30 18:48:45 [booklist] INFO: VALID_ID: 1303281
2023-06-30 18:48:45 [booklist] INFO: VALID_ID: 1312313
2023-06-30 18:48:45 [booklist] INFO: VALID_ID: 1303296
2023-06-30 18:48:45 [booklist] INFO: VALID_ID: 1312331
2023-06-30 18:48:45 [booklist] INFO: VALID_ID: 1303308
2023-06-30 18:48:45 [booklist] INFO: VALID_ID: 1303315
2023-06-30 18:48:45 [booklist] INFO: VALID_ID: 1312237
2023-06-30 18:48:45 [booklist] INFO: VALID_ID: 1303236
2023-06-30 18:48:45 [booklist] INFO: VALID_ID: 1312274
2023-06-30 18:48:45 [booklist] INFO: VALID_ID: 1303246
2023-06-30 18:48:45 [booklist] INFO: VALID_ID: 1312309
2023-06-30 18:48:45 [booklist] INFO: VALID_ID: 1303288
2023-06-30 18:48:45 [booklist] INFO: VALID_ID: 1312320
2023-06-30 18:48:45 [booklist] INFO: VALID_ID: 1303295
2023-06-30 18:48:45 [booklist] INFO: VALID_ID: 1312353
2023-06-30 18:48:45 [booklist] INFO: VALID_ID: 1303240
2023-06-30 18:48:45 [booklist] INFO: VALID_ID: 1303256
2023-06-30 18:48:45 [booklist] INFO: VALID_ID: 1312305
2023-06-30 18:48:45 [booklist] INFO: VALID_ID: 1312315
2023-06-30 18:48:45 [booklist] INFO: VALID_ID: 1303286
2023-06-30 18:48:45 [booklist] INFO: VALID_ID: 1303303
2023-06-30 18:48:45 [booklist] INFO: VALID_ID: 1312338
2023-06-30 18:48:45 [booklist] INFO: VALID_ID: 1312267
2023-06-30 18:48:45 [booklist] INFO: VALID_ID: 1312278
2023-06-30 18:48:45 [booklist] INFO: VALID_ID: 1303257
2023-06-30 18:48:45 [booklist] INFO: VALID_ID: 1303259
2023-06-30 18:48:45 [booklist] INFO: VALID_ID: 1312298
2023-06-30 18:48:45 [booklist] INFO: VALID_ID: 1312301
2023-06-30 18:48:45 [booklist] INFO: VALID_ID: 1303289
2023-06-30 18:48:45 [booklist] INFO: VALID_ID: 1303291
2023-06-30 18:48:45 [booklist] INFO: VALID_ID: 1312344
2023-06-30 18:48:45 [booklist] INFO: VALID_ID: 1312240
2023-06-30 18:48:45 [booklist] INFO: VALID_ID: 1312259
2023-06-30 18:48:45 [booklist] INFO: VALID_ID: 2569489
2023-06-30 18:48:45 [booklist] INFO: VALID_ID: 12865339
2023-06-30 18:48:45 [booklist] INFO: VALID_ID: 1312242
2023-06-30 18:48:45 [booklist] INFO: VALID_ID: 1312310
2023-06-30 18:48:45 [booklist] INFO: VALID_ID: 1303290
2023-06-30 18:48:45 [booklist] INFO: VALID_ID: 1303307
2023-06-30 18:48:45 [booklist] INFO: VALID_ID: 1312342
2023-06-30 18:48:45 [booklist] INFO: VALID_ID: 1312354
2023-06-30 18:48:45 [booklist] INFO: VALID_ID: 2569484
2023-06-30 18:48:45 [booklist] INFO: VALID_ID: 12865666
2023-06-30 18:48:45 [booklist] INFO: VALID_ID: 1303215
2023-06-30 18:48:45 [booklist] INFO: VALID_ID: 1312314
2023-06-30 18:48:45 [booklist] INFO: VALID_ID: 1303313
2023-06-30 18:48:45 [booklist] INFO: VALID_ID: 1311897
2023-06-30 18:48:45 [booklist] INFO: VALID_ID: 1312273
2023-06-30 18:48:45 [booklist] INFO: VALID_ID: 1303251
2023-06-30 18:48:45 [booklist] INFO: VALID_ID: 1303252
2023-06-30 18:48:45 [booklist] INFO: VALID_ID: 1303285
2023-06-30 18:48:45 [booklist] INFO: VALID_ID: 1312323
2023-06-30 18:48:45 [booklist] INFO: VALID_ID: 1303299
2023-06-30 18:48:45 [booklist] INFO: VALID_ID: 1303302
2023-06-30 18:48:45 [booklist] INFO: VALID_ID: 1303305
2023-06-30 18:48:45 [booklist] INFO: VALID_ID: 1303306
2023-06-30 18:48:45 [booklist] INFO: VALID_ID: 1312238
2023-06-30 18:48:45 [booklist] INFO: VALID_ID: 1312247
2023-06-30 18:48:45 [booklist] INFO: VALID_ID: 1312256
2023-06-30 18:48:45 [booklist] INFO: VALID_ID: 1312279
2023-06-30 18:48:45 [booklist] INFO: VALID_ID: 1312282
2023-06-30 18:48:45 [booklist] INFO: VALID_ID: 1312299
2023-06-30 18:48:45 [booklist] INFO: VALID_ID: 1312341
2023-06-30 18:48:45 [booklist] INFO: VALID_ID: 2578902
2023-06-30 18:48:45 [booklist] INFO: VALID_ID: 12865665
2023-06-30 18:48:45 [booklist] INFO: VALID_ID: 1303225
2023-06-30 18:48:45 [booklist] INFO: VALID_ID: 1312270
2023-06-30 18:48:45 [booklist] INFO: VALID_ID: 1303250
2023-06-30 18:48:45 [booklist] INFO: VALID_ID: 1303254
2023-06-30 18:48:45 [booklist] INFO: VALID_ID: 1303275
2023-06-30 18:48:45 [booklist] INFO: VALID_ID: 1312307
2023-06-30 18:48:45 [booklist] INFO: VALID_ID: 1312327
2023-06-30 18:48:45 [booklist] INFO: VALID_ID: 1312337
2023-06-30 18:48:45 [booklist] INFO: VALID_ID: 1303309
2023-06-30 18:48:45 [booklist] INFO: VALID_ID: 1312343
2023-06-30 18:48:45 [booklist] INFO: VALID_ID: 1303316
2023-06-30 18:48:45 [booklist] INFO: VALID_ID: 1303322
2023-06-30 18:48:45 [booklist] INFO: VALID_ID: 2569475
2023-06-30 18:48:45 [booklist] INFO: VALID_ID: 2569461
2023-06-30 18:48:45 [booklist] INFO: VALID_ID: 2569491
2023-06-30 18:48:45 [booklist] INFO: VALID_ID: 2569478
2023-06-30 18:48:45 [booklist] INFO: VALID_ID: 2569487
2023-06-30 18:48:45 [booklist] INFO: VALID_ID: 2569459
2023-06-30 18:48:45 [booklist] INFO: VALID_ID: 2569486
2023-06-30 18:48:46 [scrapy.core.engine] DEBUG: Crawled (200) <POST https://dl.ndl.go.jp/api/item/search> (referer: https://dl.ndl.go.jp/api/item/search)
2023-06-30 18:48:46 [booklist] INFO: Fetched page 5
2023-06-30 18:48:46 [booklist] INFO: VALID_ID: 2569486
2023-06-30 18:48:46 [booklist] INFO: VALID_ID: 2569477
2023-06-30 18:48:46 [booklist] INFO: VALID_ID: 2569480
2023-06-30 18:48:46 [booklist] INFO: VALID_ID: 2569481
2023-06-30 18:48:46 [booklist] INFO: VALID_ID: 1303220
2023-06-30 18:48:46 [booklist] INFO: VALID_ID: 1303222
2023-06-30 18:48:46 [booklist] INFO: VALID_ID: 1312255
2023-06-30 18:48:46 [booklist] INFO: VALID_ID: 1303228
2023-06-30 18:48:46 [booklist] INFO: VALID_ID: 1312333
2023-06-30 18:48:46 [booklist] INFO: VALID_ID: 1303323
2023-06-30 18:48:46 [booklist] INFO: VALID_ID: 2569474
2023-06-30 18:48:46 [booklist] INFO: VALID_ID: 2569462
2023-06-30 18:48:46 [booklist] INFO: VALID_ID: 2578903
2023-06-30 18:48:46 [booklist] INFO: VALID_ID: 2569488
2023-06-30 18:48:46 [booklist] INFO: VALID_ID: 2578909
2023-06-30 18:48:46 [booklist] INFO: VALID_ID: 2578904
2023-06-30 18:48:46 [booklist] INFO: VALID_ID: 2569492
2023-06-30 18:48:46 [booklist] INFO: VALID_ID: 2542775
2023-06-30 18:48:46 [booklist] INFO: VALID_ID: 2586377
2023-06-30 18:48:46 [booklist] INFO: VALID_ID: 2532659
2023-06-30 18:48:46 [booklist] INFO: VALID_ID: 1288372
2023-06-30 18:48:46 [booklist] INFO: VALID_ID: 2537696
2023-06-30 18:48:46 [booklist] INFO: VALID_ID: 1308183
2023-06-30 18:48:46 [booklist] INFO: VALID_ID: 2532227
2023-06-30 18:48:46 [booklist] INFO: VALID_ID: 1307470
2023-06-30 18:48:46 [booklist] INFO: VALID_ID: 2536131
2023-06-30 18:48:46 [booklist] INFO: VALID_ID: 1286539
2023-06-30 18:48:46 [booklist] INFO: VALID_ID: 2536376
2023-06-30 18:48:46 [booklist] INFO: VALID_ID: 2537300
2023-06-30 18:48:46 [booklist] INFO: VALID_ID: 2536782
2023-06-30 18:48:46 [booklist] INFO: VALID_ID: 2537315
2023-06-30 18:48:46 [booklist] INFO: VALID_ID: 1304774
2023-06-30 18:48:46 [booklist] INFO: VALID_ID: 1303579
2023-06-30 18:48:46 [booklist] INFO: VALID_ID: 1304777
2023-06-30 18:48:46 [booklist] INFO: VALID_ID: 2543964
2023-06-30 18:48:46 [booklist] INFO: VALID_ID: 2543967
2023-06-30 18:48:46 [booklist] INFO: VALID_ID: 1304668
2023-06-30 18:48:46 [booklist] INFO: VALID_ID: 2543965
2023-06-30 18:48:46 [booklist] INFO: VALID_ID: 2543968
2023-06-30 18:48:46 [booklist] INFO: VALID_ID: 2543966
2023-06-30 18:48:46 [booklist] INFO: VALID_ID: 1311470
2023-06-30 18:48:46 [booklist] INFO: VALID_ID: 11445829
2023-06-30 18:48:46 [booklist] INFO: VALID_ID: 1304662
2023-06-30 18:48:46 [booklist] INFO: VALID_ID: 1304775
2023-06-30 18:48:46 [booklist] INFO: VALID_ID: 2540206
2023-06-30 18:48:46 [booklist] INFO: VALID_ID: 2607064
2023-06-30 18:48:46 [booklist] INFO: VALID_ID: 2541084
2023-06-30 18:48:46 [booklist] INFO: VALID_ID: 2575577
2023-06-30 18:48:46 [booklist] INFO: VALID_ID: 1287780
2023-06-30 18:48:46 [booklist] INFO: VALID_ID: 2559136
2023-06-30 18:48:46 [booklist] INFO: VALID_ID: 2575560
2023-06-30 18:48:46 [booklist] INFO: VALID_ID: 2541658
2023-06-30 18:48:46 [booklist] INFO: VALID_ID: 2575586
2023-06-30 18:48:46 [booklist] INFO: VALID_ID: 2532083
2023-06-30 18:48:46 [booklist] INFO: VALID_ID: 2556806
2023-06-30 18:48:46 [booklist] INFO: VALID_ID: 1309033
2023-06-30 18:48:46 [booklist] INFO: VALID_ID: 2575583
2023-06-30 18:48:46 [booklist] INFO: VALID_ID: 2556062
2023-06-30 18:48:46 [booklist] INFO: VALID_ID: 2556814
2023-06-30 18:48:46 [booklist] INFO: VALID_ID: 1302465
2023-06-30 18:48:46 [booklist] INFO: VALID_ID: 2575564
2023-06-30 18:48:46 [booklist] INFO: VALID_ID: 2575581
2023-06-30 18:48:46 [booklist] INFO: VALID_ID: 2575555
2023-06-30 18:48:46 [booklist] INFO: VALID_ID: 2556835
2023-06-30 18:48:46 [booklist] INFO: VALID_ID: 2556839
2023-06-30 18:48:46 [booklist] INFO: VALID_ID: 2575566
2023-06-30 18:48:46 [booklist] INFO: VALID_ID: 2575580
2023-06-30 18:48:46 [booklist] INFO: VALID_ID: 2575556
2023-06-30 18:48:46 [booklist] INFO: VALID_ID: 2575578
2023-06-30 18:48:46 [booklist] INFO: VALID_ID: 2575562
2023-06-30 18:48:46 [booklist] INFO: VALID_ID: 2556061
2023-06-30 18:48:46 [booklist] INFO: VALID_ID: 2556810
2023-06-30 18:48:46 [booklist] INFO: VALID_ID: 2575575
2023-06-30 18:48:46 [booklist] INFO: VALID_ID: 2546703
2023-06-30 18:48:46 [booklist] INFO: VALID_ID: 2575568
2023-06-30 18:48:46 [booklist] INFO: VALID_ID: 2536158
2023-06-30 18:48:46 [booklist] INFO: VALID_ID: 2546704
2023-06-30 18:48:46 [booklist] INFO: VALID_ID: 2606581
2023-06-30 18:48:46 [booklist] INFO: VALID_ID: 2575576
2023-06-30 18:48:46 [booklist] INFO: VALID_ID: 2575584
2023-06-30 18:48:46 [booklist] INFO: VALID_ID: 2541655
2023-06-30 18:48:46 [booklist] INFO: VALID_ID: 2609384
2023-06-30 18:48:46 [booklist] INFO: VALID_ID: 2575587
2023-06-30 18:48:46 [booklist] INFO: VALID_ID: 2556805
2023-06-30 18:48:46 [booklist] INFO: VALID_ID: 2575557
2023-06-30 18:48:46 [booklist] INFO: VALID_ID: 2606623
2023-06-30 18:48:46 [booklist] INFO: VALID_ID: 2556840
2023-06-30 18:48:46 [booklist] INFO: VALID_ID: 1308748
2023-06-30 18:48:46 [booklist] INFO: VALID_ID: 2575559
2023-06-30 18:48:46 [booklist] INFO: VALID_ID: 2556812
2023-06-30 18:48:46 [booklist] INFO: VALID_ID: 2575570
2023-06-30 18:48:46 [booklist] INFO: VALID_ID: 2575582
2023-06-30 18:48:46 [booklist] INFO: VALID_ID: 2556836
2023-06-30 18:48:46 [booklist] INFO: VALID_ID: 2556837
2023-06-30 18:48:46 [booklist] INFO: VALID_ID: 2575565
2023-06-30 18:48:46 [booklist] INFO: VALID_ID: 2575569
2023-06-30 18:48:46 [booklist] INFO: VALID_ID: 2593313
2023-06-30 18:48:46 [booklist] INFO: VALID_ID: 2556834
2023-06-30 18:48:46 [booklist] INFO: VALID_ID: 2575561
2023-06-30 18:48:46 [booklist] INFO: VALID_ID: 2556813
2023-06-30 18:48:47 [scrapy.core.engine] DEBUG: Crawled (200) <POST https://dl.ndl.go.jp/api/item/search> (referer: https://dl.ndl.go.jp/api/item/search)
2023-06-30 18:48:47 [booklist] INFO: Fetched page 6
2023-06-30 18:48:47 [booklist] INFO: VALID_ID: 2556812
2023-06-30 18:48:47 [booklist] INFO: VALID_ID: 2575570
2023-06-30 18:48:47 [booklist] INFO: VALID_ID: 2606623
2023-06-30 18:48:47 [booklist] INFO: VALID_ID: 2556840
2023-06-30 18:48:47 [booklist] INFO: VALID_ID: 1308748
2023-06-30 18:48:47 [booklist] INFO: VALID_ID: 2556061
2023-06-30 18:48:47 [booklist] INFO: VALID_ID: 2556810
2023-06-30 18:48:47 [booklist] INFO: VALID_ID: 2575575
2023-06-30 18:48:47 [booklist] INFO: VALID_ID: 2575556
2023-06-30 18:48:47 [booklist] INFO: VALID_ID: 2575578
2023-06-30 18:48:47 [booklist] INFO: VALID_ID: 2556838
2023-06-30 18:48:47 [booklist] INFO: VALID_ID: 2556811
2023-06-30 18:48:47 [booklist] INFO: VALID_ID: 2575567
2023-06-30 18:48:47 [booklist] INFO: VALID_ID: 2605372
2023-06-30 18:48:47 [booklist] INFO: VALID_ID: 2575572
2023-06-30 18:48:47 [booklist] INFO: VALID_ID: 2575573
2023-06-30 18:48:47 [booklist] INFO: VALID_ID: 2575588
2023-06-30 18:48:47 [booklist] INFO: VALID_ID: 1308180
2023-06-30 18:48:47 [booklist] INFO: VALID_ID: 2575560
2023-06-30 18:48:47 [booklist] INFO: VALID_ID: 2555511
2023-06-30 18:48:47 [booklist] INFO: VALID_ID: 2545276
2023-06-30 18:48:47 [booklist] INFO: VALID_ID: 2575566
2023-06-30 18:48:47 [booklist] INFO: VALID_ID: 2575580
2023-06-30 18:48:47 [booklist] INFO: VALID_ID: 2544311
2023-06-30 18:48:47 [booklist] INFO: VALID_ID: 2609628
2023-06-30 18:48:47 [booklist] INFO: VALID_ID: 2544312
2023-06-30 18:48:47 [booklist] INFO: VALID_ID: 2555510
2023-06-30 18:48:47 [booklist] INFO: VALID_ID: 2544465
2023-06-30 18:48:47 [booklist] INFO: VALID_ID: 10303679
2023-06-30 18:48:47 [booklist] INFO: VALID_ID: 2544471
2023-06-30 18:48:47 [booklist] INFO: VALID_ID: 2555508
2023-06-30 18:48:47 [booklist] INFO: VALID_ID: 2575377
2023-06-30 18:48:47 [booklist] INFO: VALID_ID: 2544467
2023-06-30 18:48:47 [booklist] INFO: VALID_ID: 2552617
2023-06-30 18:48:47 [booklist] INFO: VALID_ID: 1309031
2023-06-30 18:48:47 [booklist] INFO: VALID_ID: 2545273
2023-06-30 18:48:47 [booklist] INFO: VALID_ID: 2552615
2023-06-30 18:48:47 [booklist] INFO: VALID_ID: 2606800
2023-06-30 18:48:47 [booklist] INFO: VALID_ID: 2544309
2023-06-30 18:48:47 [booklist] INFO: VALID_ID: 2575383
2023-06-30 18:48:47 [booklist] INFO: VALID_ID: 2544313
2023-06-30 18:48:47 [booklist] INFO: VALID_ID: 2575379
2023-06-30 18:48:47 [booklist] INFO: VALID_ID: 2544469
2023-06-30 18:48:47 [booklist] INFO: VALID_ID: 2544468
2023-06-30 18:48:47 [booklist] INFO: VALID_ID: 2555512
2023-06-30 18:48:47 [booklist] INFO: VALID_ID: 2606957
2023-06-30 18:48:47 [booklist] INFO: VALID_ID: 2544304
2023-06-30 18:48:47 [booklist] INFO: VALID_ID: 2575382
2023-06-30 18:48:47 [booklist] INFO: VALID_ID: 2544315
2023-06-30 18:48:47 [booklist] INFO: VALID_ID: 2575381
2023-06-30 18:48:47 [booklist] INFO: VALID_ID: 2575386
2023-06-30 18:48:47 [booklist] INFO: VALID_ID: 2575384
2023-06-30 18:48:47 [booklist] INFO: VALID_ID: 2575378
2023-06-30 18:48:47 [booklist] INFO: VALID_ID: 1287786
2023-06-30 18:48:47 [booklist] INFO: VALID_ID: 2605722
2023-06-30 18:48:47 [booklist] INFO: VALID_ID: 2552616
2023-06-30 18:48:47 [booklist] INFO: VALID_ID: 2605561
2023-06-30 18:48:47 [booklist] INFO: VALID_ID: 2544303
2023-06-30 18:48:47 [booklist] INFO: VALID_ID: 2552618
2023-06-30 18:48:47 [booklist] INFO: VALID_ID: 2605910
2023-06-30 18:48:47 [booklist] INFO: VALID_ID: 2575380
2023-06-30 18:48:47 [booklist] INFO: VALID_ID: 2575385
2023-06-30 18:48:47 [booklist] INFO: VALID_ID: 2606067
2023-06-30 18:48:47 [booklist] INFO: VALID_ID: 2544470
2023-06-30 18:48:47 [booklist] INFO: VALID_ID: 2544316
2023-06-30 18:48:47 [booklist] INFO: VALID_ID: 2544307
2023-06-30 18:48:47 [booklist] INFO: VALID_ID: 2544308
2023-06-30 18:48:47 [booklist] INFO: VALID_ID: 2544317
2023-06-30 18:48:47 [booklist] INFO: VALID_ID: 1305419
2023-06-30 18:48:47 [booklist] INFO: VALID_ID: 2545274
2023-06-30 18:48:47 [booklist] INFO: VALID_ID: 2544314
2023-06-30 18:48:47 [booklist] INFO: VALID_ID: 10303677
2023-06-30 18:48:47 [booklist] INFO: VALID_ID: 1304582
2023-06-30 18:48:47 [booklist] INFO: VALID_ID: 2552619
2023-06-30 18:48:47 [booklist] INFO: VALID_ID: 2544466
2023-06-30 18:48:47 [booklist] INFO: VALID_ID: 2544305
2023-06-30 18:48:47 [booklist] INFO: VALID_ID: 10303678
2023-06-30 18:48:47 [booklist] INFO: VALID_ID: 2544310
2023-06-30 18:48:47 [booklist] INFO: VALID_ID: 2544306
2023-06-30 18:48:47 [booklist] INFO: VALID_ID: 2557711
2023-06-30 18:48:47 [booklist] INFO: VALID_ID: 2545785
2023-06-30 18:48:47 [booklist] INFO: VALID_ID: 2557202
2023-06-30 18:48:47 [booklist] INFO: VALID_ID: 2567975
2023-06-30 18:48:47 [booklist] INFO: VALID_ID: 2567976
2023-06-30 18:48:47 [booklist] INFO: VALID_ID: 10303904
2023-06-30 18:48:47 [booklist] INFO: VALID_ID: 2555509
2023-06-30 18:48:47 [booklist] INFO: VALID_ID: 2559204
2023-06-30 18:48:47 [booklist] INFO: VALID_ID: 2557716
2023-06-30 18:48:47 [booklist] INFO: VALID_ID: 2567977
2023-06-30 18:48:47 [booklist] INFO: VALID_ID: 2545272
2023-06-30 18:48:47 [booklist] INFO: VALID_ID: 2545275
2023-06-30 18:48:47 [booklist] INFO: VALID_ID: 2544472
2023-06-30 18:48:47 [booklist] INFO: VALID_ID: 10300980
2023-06-30 18:48:47 [booklist] INFO: VALID_ID: 2606076
2023-06-30 18:48:47 [booklist] INFO: VALID_ID: 2567972
2023-06-30 18:48:47 [booklist] INFO: VALID_ID: 2557714
2023-06-30 18:48:47 [booklist] INFO: VALID_ID: 2557715
2023-06-30 18:48:47 [booklist] INFO: VALID_ID: 2608293
2023-06-30 18:48:47 [booklist] INFO: VALID_ID: 2557198
2023-06-30 18:48:47 [booklist] INFO: VALID_ID: 2567974
2023-06-30 18:48:48 [scrapy.core.engine] DEBUG: Crawled (200) <POST https://dl.ndl.go.jp/api/item/search> (referer: https://dl.ndl.go.jp/api/item/search)
2023-06-30 18:48:48 [booklist] INFO: Fetched page 7
2023-06-30 18:48:49 [booklist] INFO: VALID_ID: 2567979
2023-06-30 18:48:49 [booklist] INFO: VALID_ID: 2557712
2023-06-30 18:48:49 [booklist] INFO: VALID_ID: 2567978
2023-06-30 18:48:49 [booklist] INFO: VALID_ID: 2545783
2023-06-30 18:48:49 [booklist] INFO: VALID_ID: 2592022
2023-06-30 18:48:49 [booklist] INFO: VALID_ID: 2557200
2023-06-30 18:48:49 [booklist] INFO: VALID_ID: 2567971
2023-06-30 18:48:49 [booklist] INFO: VALID_ID: 2567980
2023-06-30 18:48:49 [booklist] INFO: VALID_ID: 2557196
2023-06-30 18:48:49 [booklist] INFO: VALID_ID: 2545784
2023-06-30 18:48:49 [booklist] INFO: VALID_ID: 2567982
2023-06-30 18:48:49 [booklist] INFO: VALID_ID: 2557710
2023-06-30 18:48:49 [booklist] INFO: VALID_ID: 10301402
2023-06-30 18:48:49 [booklist] INFO: VALID_ID: 2567970
2023-06-30 18:48:49 [booklist] INFO: VALID_ID: 2606941
2023-06-30 18:48:49 [booklist] INFO: VALID_ID: 2557201
2023-06-30 18:48:49 [booklist] INFO: VALID_ID: 2567981
2023-06-30 18:48:49 [booklist] INFO: VALID_ID: 2557199
2023-06-30 18:48:49 [booklist] INFO: VALID_ID: 1308521
2023-06-30 18:48:49 [booklist] INFO: VALID_ID: 2609577
2023-06-30 18:48:49 [booklist] INFO: VALID_ID: 2538430
2023-06-30 18:48:49 [booklist] INFO: VALID_ID: 2537801
2023-06-30 18:48:49 [booklist] INFO: VALID_ID: 2592019
2023-06-30 18:48:49 [booklist] INFO: VALID_ID: 2592020
2023-06-30 18:48:49 [booklist] INFO: VALID_ID: 2567969
2023-06-30 18:48:49 [booklist] INFO: VALID_ID: 2567983
2023-06-30 18:48:49 [booklist] INFO: VALID_ID: 2607333
2023-06-30 18:48:49 [booklist] INFO: VALID_ID: 2557709
2023-06-30 18:48:49 [booklist] INFO: VALID_ID: 2557195
2023-06-30 18:48:49 [booklist] INFO: VALID_ID: 2592021
2023-06-30 18:48:49 [booklist] INFO: VALID_ID: 2567973
2023-06-30 18:48:49 [booklist] INFO: VALID_ID: 2567968
2023-06-30 18:48:49 [booklist] INFO: VALID_ID: 2557197
2023-06-30 18:48:49 [booklist] INFO: VALID_ID: 2544323
2023-06-30 18:48:49 [booklist] INFO: VALID_ID: 2610762
2023-06-30 18:48:49 [booklist] INFO: VALID_ID: 2606900
2023-06-30 18:48:49 [booklist] INFO: VALID_ID: 2607085
2023-06-30 18:48:49 [booklist] INFO: VALID_ID: 2544961
2023-06-30 18:48:49 [booklist] INFO: VALID_ID: 8943186
2023-06-30 18:48:49 [booklist] INFO: VALID_ID: 2544962
2023-06-30 18:48:49 [booklist] INFO: VALID_ID: 2544321
2023-06-30 18:48:49 [booklist] INFO: VALID_ID: 2544322
2023-06-30 18:48:49 [booklist] INFO: VALID_ID: 9367537
2023-06-30 18:48:49 [booklist] INFO: VALID_ID: 2542526
2023-06-30 18:48:49 [booklist] INFO: VALID_ID: 1301339
2023-06-30 18:48:49 [booklist] INFO: VALID_ID: 1304769
2023-06-30 18:48:49 [booklist] INFO: VALID_ID: 2559134
2023-06-30 18:48:49 [booklist] INFO: VALID_ID: 2544960
2023-06-30 18:48:49 [booklist] INFO: VALID_ID: 2589456
2023-06-30 18:48:49 [booklist] INFO: VALID_ID: 2559864
2023-06-30 18:48:49 [booklist] INFO: VALID_ID: 2559865
2023-06-30 18:48:49 [booklist] INFO: VALID_ID: 2605460
2023-06-30 18:48:49 [booklist] INFO: VALID_ID: 2559876
2023-06-30 18:48:49 [booklist] INFO: VALID_ID: 2559204
2023-06-30 18:48:49 [booklist] INFO: VALID_ID: 2559874
2023-06-30 18:48:49 [booklist] INFO: VALID_ID: 1313259
2023-06-30 18:48:49 [booklist] INFO: VALID_ID: 2559869
2023-06-30 18:48:49 [booklist] INFO: VALID_ID: 2532692
2023-06-30 18:48:49 [booklist] INFO: VALID_ID: 2559868
2023-06-30 18:48:49 [booklist] INFO: VALID_ID: 2545849
2023-06-30 18:48:49 [booklist] INFO: VALID_ID: 2598832
2023-06-30 18:48:49 [booklist] INFO: VALID_ID: 2607578
2023-06-30 18:48:49 [booklist] INFO: VALID_ID: 2559871
2023-06-30 18:48:49 [booklist] INFO: VALID_ID: 2559866
2023-06-30 18:48:49 [booklist] INFO: VALID_ID: 1304782
2023-06-30 18:48:49 [booklist] INFO: VALID_ID: 1304816
2023-06-30 18:48:49 [booklist] INFO: VALID_ID: 2545853
2023-06-30 18:48:49 [booklist] INFO: VALID_ID: 2559873
2023-06-30 18:48:49 [booklist] INFO: VALID_ID: 2559867
2023-06-30 18:48:49 [booklist] INFO: VALID_ID: 2559875
2023-06-30 18:48:49 [booklist] INFO: VALID_ID: 2545855
2023-06-30 18:48:49 [booklist] INFO: VALID_ID: 2559872
2023-06-30 18:48:49 [booklist] INFO: VALID_ID: 2545852
2023-06-30 18:48:49 [booklist] INFO: VALID_ID: 2559870
2023-06-30 18:48:49 [booklist] INFO: VALID_ID: 2545854
2023-06-30 18:48:49 [booklist] INFO: VALID_ID: 2559877
2023-06-30 18:48:49 [booklist] INFO: VALID_ID: 2545850
2023-06-30 18:48:49 [booklist] INFO: VALID_ID: 2545856
2023-06-30 18:48:49 [booklist] INFO: VALID_ID: 2557824
2023-06-30 18:48:49 [booklist] INFO: VALID_ID: 2557844
2023-06-30 18:48:49 [booklist] INFO: VALID_ID: 1312896
2023-06-30 18:48:49 [booklist] INFO: VALID_ID: 2545851
2023-06-30 18:48:49 [booklist] INFO: VALID_ID: 2607797
2023-06-30 18:48:49 [booklist] INFO: VALID_ID: 2545857
2023-06-30 18:48:49 [booklist] INFO: VALID_ID: 1305978
2023-06-30 18:48:49 [booklist] INFO: VALID_ID: 2557829
2023-06-30 18:48:49 [booklist] INFO: VALID_ID: 2557855
2023-06-30 18:48:49 [booklist] INFO: VALID_ID: 2598794
2023-06-30 18:48:49 [booklist] INFO: VALID_ID: 2557828
2023-06-30 18:48:49 [booklist] INFO: VALID_ID: 2557864
2023-06-30 18:48:49 [booklist] INFO: VALID_ID: 2557854
2023-06-30 18:48:49 [booklist] INFO: VALID_ID: 2557867
2023-06-30 18:48:49 [booklist] INFO: VALID_ID: 2557835
2023-06-30 18:48:49 [booklist] INFO: VALID_ID: 2557838
2023-06-30 18:48:49 [booklist] INFO: VALID_ID: 2557851
2023-06-30 18:48:49 [booklist] INFO: VALID_ID: 2557865
2023-06-30 18:48:49 [booklist] INFO: VALID_ID: 2557839
2023-06-30 18:48:49 [booklist] INFO: VALID_ID: 2557850
2023-06-30 18:48:49 [booklist] INFO: VALID_ID: 2557833
2023-06-30 18:48:49 [booklist] INFO: VALID_ID: 2557868
2023-06-30 18:48:50 [scrapy.core.engine] DEBUG: Crawled (200) <POST https://dl.ndl.go.jp/api/item/search> (referer: https://dl.ndl.go.jp/api/item/search)
2023-06-30 18:48:50 [booklist] INFO: Fetched page 8
2023-06-30 18:48:51 [booklist] INFO: VALID_ID: 2557826
2023-06-30 18:48:51 [booklist] INFO: VALID_ID: 2557857
2023-06-30 18:48:51 [booklist] INFO: VALID_ID: 2557842
2023-06-30 18:48:51 [booklist] INFO: VALID_ID: 2557845
2023-06-30 18:48:51 [booklist] INFO: VALID_ID: 2557846
2023-06-30 18:48:51 [booklist] INFO: VALID_ID: 2557847
2023-06-30 18:48:51 [booklist] INFO: VALID_ID: 2557861
2023-06-30 18:48:51 [booklist] INFO: VALID_ID: 2557832
2023-06-30 18:48:51 [booklist] INFO: VALID_ID: 2557841
2023-06-30 18:48:51 [booklist] INFO: VALID_ID: 1309841
2023-06-30 18:48:51 [booklist] INFO: VALID_ID: 2557866
2023-06-30 18:48:51 [booklist] INFO: VALID_ID: 2598832
2023-06-30 18:48:51 [booklist] INFO: VALID_ID: 2557828
2023-06-30 18:48:51 [booklist] INFO: VALID_ID: 2557864
2023-06-30 18:48:51 [booklist] INFO: VALID_ID: 2557840
2023-06-30 18:48:51 [booklist] INFO: VALID_ID: 2557869
2023-06-30 18:48:51 [booklist] INFO: VALID_ID: 2598831
2023-06-30 18:48:51 [booklist] INFO: VALID_ID: 2557848
2023-06-30 18:48:51 [booklist] INFO: VALID_ID: 2557849
2023-06-30 18:48:51 [booklist] INFO: VALID_ID: 2557834
2023-06-30 18:48:51 [booklist] INFO: VALID_ID: 2557858
2023-06-30 18:48:51 [booklist] INFO: VALID_ID: 2542593
2023-06-30 18:48:51 [booklist] INFO: VALID_ID: 2557836
2023-06-30 18:48:51 [booklist] INFO: VALID_ID: 2557853
2023-06-30 18:48:51 [booklist] INFO: VALID_ID: 2557831
2023-06-30 18:48:51 [booklist] INFO: VALID_ID: 1308389
2023-06-30 18:48:51 [booklist] INFO: VALID_ID: 2557856
2023-06-30 18:48:51 [booklist] INFO: VALID_ID: 2557868
2023-06-30 18:48:51 [booklist] INFO: VALID_ID: 2532082
2023-06-30 18:48:51 [booklist] INFO: VALID_ID: 2557823
2023-06-30 18:48:51 [booklist] INFO: VALID_ID: 2557830
2023-06-30 18:48:51 [booklist] INFO: VALID_ID: 2557835
2023-06-30 18:48:51 [booklist] INFO: VALID_ID: 2598793
2023-06-30 18:48:51 [booklist] INFO: VALID_ID: 2538257
2023-06-30 18:48:51 [booklist] INFO: VALID_ID: 2547494
2023-06-30 18:48:51 [booklist] INFO: VALID_ID: 2557825
2023-06-30 18:48:51 [booklist] INFO: VALID_ID: 2557863
2023-06-30 18:48:51 [booklist] INFO: VALID_ID: 2547495
2023-06-30 18:48:51 [booklist] INFO: VALID_ID: 2555833
2023-06-30 18:48:51 [booklist] INFO: VALID_ID: 2609103
2023-06-30 18:48:51 [booklist] INFO: VALID_ID: 2557843
2023-06-30 18:48:51 [booklist] INFO: VALID_ID: 2557852
2023-06-30 18:48:51 [booklist] INFO: VALID_ID: 2557859
2023-06-30 18:48:51 [booklist] INFO: VALID_ID: 2581874
2023-06-30 18:48:51 [booklist] INFO: VALID_ID: 2555831
2023-06-30 18:48:51 [booklist] INFO: VALID_ID: 2606223
2023-06-30 18:48:51 [booklist] INFO: VALID_ID: 2555834
2023-06-30 18:48:51 [booklist] INFO: VALID_ID: 2553320
2023-06-30 18:48:51 [booklist] INFO: VALID_ID: 2581876
2023-06-30 18:48:51 [booklist] INFO: VALID_ID: 2598707
2023-06-30 18:48:51 [booklist] INFO: VALID_ID: 2581873
2023-06-30 18:48:51 [booklist] INFO: VALID_ID: 2607028
2023-06-30 18:48:51 [booklist] INFO: VALID_ID: 2598616
2023-06-30 18:48:51 [booklist] INFO: VALID_ID: 2555651
2023-06-30 18:48:51 [booklist] INFO: VALID_ID: 2598708
2023-06-30 18:48:51 [booklist] INFO: VALID_ID: 2555832
2023-06-30 18:48:51 [booklist] INFO: VALID_ID: 1303567
2023-06-30 18:48:51 [booklist] INFO: VALID_ID: 2605617
2023-06-30 18:48:51 [booklist] INFO: VALID_ID: 2555830
2023-06-30 18:48:51 [booklist] INFO: VALID_ID: 2547493
2023-06-30 18:48:51 [booklist] INFO: VALID_ID: 2559853
2023-06-30 18:48:51 [booklist] INFO: VALID_ID: 11223528
2023-06-30 18:48:51 [booklist] INFO: VALID_ID: 2532149
2023-06-30 18:48:51 [booklist] INFO: VALID_ID: 2581875
2023-06-30 18:48:51 [booklist] INFO: VALID_ID: 2580964
2023-06-30 18:48:51 [booklist] INFO: VALID_ID: 2580961
2023-06-30 18:48:51 [booklist] INFO: VALID_ID: 2559854
2023-06-30 18:48:51 [booklist] INFO: VALID_ID: 2555652
2023-06-30 18:48:51 [booklist] INFO: VALID_ID: 2547496
2023-06-30 18:48:51 [booklist] INFO: VALID_ID: 2532811
2023-06-30 18:48:51 [booklist] INFO: VALID_ID: 2608598
2023-06-30 18:48:51 [booklist] INFO: VALID_ID: 2598830
2023-06-30 18:48:51 [booklist] INFO: VALID_ID: 2559855
2023-06-30 18:48:51 [booklist] INFO: VALID_ID: 2585696
2023-06-30 18:48:51 [booklist] INFO: VALID_ID: 2590386
2023-06-30 18:48:51 [booklist] INFO: VALID_ID: 2598617
2023-06-30 18:48:51 [booklist] INFO: VALID_ID: 2559858
2023-06-30 18:48:51 [booklist] INFO: VALID_ID: 2559856
2023-06-30 18:48:51 [booklist] INFO: VALID_ID: 2559857
2023-06-30 18:48:51 [booklist] INFO: VALID_ID: 2543627
2023-06-30 18:48:51 [booklist] INFO: VALID_ID: 2580962
2023-06-30 18:48:51 [booklist] INFO: VALID_ID: 2608976
2023-06-30 18:48:51 [booklist] INFO: VALID_ID: 2581505
2023-06-30 18:48:51 [booklist] INFO: VALID_ID: 2581506
2023-06-30 18:48:51 [booklist] INFO: VALID_ID: 2543624
2023-06-30 18:48:51 [booklist] INFO: VALID_ID: 2606955
2023-06-30 18:48:51 [booklist] INFO: VALID_ID: 2559165
2023-06-30 18:48:51 [booklist] INFO: VALID_ID: 2598618
2023-06-30 18:48:51 [booklist] INFO: VALID_ID: 2598619
2023-06-30 18:48:51 [booklist] INFO: VALID_ID: 2544356
2023-06-30 18:48:51 [booklist] INFO: VALID_ID: 2544360
2023-06-30 18:48:51 [booklist] INFO: VALID_ID: 2580963
2023-06-30 18:48:51 [booklist] INFO: VALID_ID: 2544358
2023-06-30 18:48:51 [booklist] INFO: VALID_ID: 2593476
2023-06-30 18:48:51 [booklist] INFO: VALID_ID: 2551898
2023-06-30 18:48:51 [booklist] INFO: VALID_ID: 2543625
2023-06-30 18:48:51 [booklist] INFO: VALID_ID: 10303798
2023-06-30 18:48:51 [booklist] INFO: VALID_ID: 2544361
2023-06-30 18:48:51 [booklist] INFO: VALID_ID: 2598042
2023-06-30 18:48:51 [booklist] INFO: VALID_ID: 2543629
2023-06-30 18:48:52 [scrapy.core.engine] DEBUG: Crawled (200) <POST https://dl.ndl.go.jp/api/item/search> (referer: https://dl.ndl.go.jp/api/item/search)
2023-06-30 18:48:52 [booklist] INFO: Fetched page 9
2023-06-30 18:48:52 [booklist] INFO: VALID_ID: 2544357
2023-06-30 18:48:52 [booklist] INFO: VALID_ID: 2532819
2023-06-30 18:48:52 [booklist] INFO: VALID_ID: 2544359
2023-06-30 18:48:52 [booklist] INFO: VALID_ID: 2544363
2023-06-30 18:48:52 [booklist] INFO: VALID_ID: 2544355
2023-06-30 18:48:52 [booklist] INFO: VALID_ID: 2598792
2023-06-30 18:48:52 [booklist] INFO: VALID_ID: 2544362
2023-06-30 18:48:52 [booklist] INFO: VALID_ID: 2536612
2023-06-30 18:48:52 [booklist] INFO: VALID_ID: 2543626
2023-06-30 18:48:52 [booklist] INFO: VALID_ID: 2589397
2023-06-30 18:48:52 [booklist] INFO: VALID_ID: 2580965
2023-06-30 18:48:52 [booklist] INFO: VALID_ID: 2590385
2023-06-30 18:48:52 [booklist] INFO: VALID_ID: 2543628
2023-06-30 18:48:52 [booklist] INFO: VALID_ID: 2532822
2023-06-30 18:48:52 [booklist] INFO: VALID_ID: 2585369
2023-06-30 18:48:52 [booklist] INFO: VALID_ID: 11891862
2023-06-30 18:48:52 [booklist] INFO: VALID_ID: 2551898
2023-06-30 18:48:52 [booklist] INFO: VALID_ID: 2532801
2023-06-30 18:48:52 [booklist] INFO: VALID_ID: 2540152
2023-06-30 18:48:52 [booklist] INFO: VALID_ID: 2598043
2023-06-30 18:48:52 [booklist] INFO: VALID_ID: 2589396
2023-06-30 18:48:52 [booklist] INFO: VALID_ID: 2598041
2023-06-30 18:48:52 [booklist] INFO: VALID_ID: 10301459
2023-06-30 18:48:52 [booklist] INFO: VALID_ID: 2558597
2023-06-30 18:48:52 [booklist] INFO: VALID_ID: 2558601
2023-06-30 18:48:52 [booklist] INFO: VALID_ID: 2581776
2023-06-30 18:48:52 [booklist] INFO: VALID_ID: 2558592
2023-06-30 18:48:52 [booklist] INFO: VALID_ID: 2574867
2023-06-30 18:48:52 [booklist] INFO: VALID_ID: 2610259
2023-06-30 18:48:52 [booklist] INFO: VALID_ID: 2558579
2023-06-30 18:48:52 [booklist] INFO: VALID_ID: 2558594
2023-06-30 18:48:52 [booklist] INFO: VALID_ID: 2558605
2023-06-30 18:48:52 [booklist] INFO: VALID_ID: 2582331
2023-06-30 18:48:52 [booklist] INFO: VALID_ID: 2558599
2023-06-30 18:48:52 [booklist] INFO: VALID_ID: 2558606
2023-06-30 18:48:52 [booklist] INFO: VALID_ID: 2558607
2023-06-30 18:48:52 [booklist] INFO: VALID_ID: 2558612
2023-06-30 18:48:52 [booklist] INFO: VALID_ID: 2558595
2023-06-30 18:48:52 [booklist] INFO: VALID_ID: 2558598
2023-06-30 18:48:52 [booklist] INFO: VALID_ID: 2558608
2023-06-30 18:48:52 [booklist] INFO: VALID_ID: 2551756
2023-06-30 18:48:52 [booklist] INFO: VALID_ID: 2558603
2023-06-30 18:48:52 [booklist] INFO: VALID_ID: 2553309
2023-06-30 18:48:52 [booklist] INFO: VALID_ID: 2558581
2023-06-30 18:48:52 [booklist] INFO: VALID_ID: 2610924
2023-06-30 18:48:52 [booklist] INFO: VALID_ID: 2558600
2023-06-30 18:48:52 [booklist] INFO: VALID_ID: 2558609
2023-06-30 18:48:52 [booklist] INFO: VALID_ID: 3539697
2023-06-30 18:48:52 [booklist] INFO: VALID_ID: 2558582
2023-06-30 18:48:52 [booklist] INFO: VALID_ID: 2558585
2023-06-30 18:48:52 [booklist] INFO: VALID_ID: 2558588
2023-06-30 18:48:52 [booklist] INFO: VALID_ID: 2558591
2023-06-30 18:48:52 [booklist] INFO: VALID_ID: 2558610
2023-06-30 18:48:52 [booklist] INFO: VALID_ID: 2558587
2023-06-30 18:48:52 [booklist] INFO: VALID_ID: 2558589
2023-06-30 18:48:52 [booklist] INFO: VALID_ID: 2558604
2023-06-30 18:48:52 [booklist] INFO: VALID_ID: 2558583
2023-06-30 18:48:52 [booklist] INFO: VALID_ID: 2607539
2023-06-30 18:48:52 [booklist] INFO: VALID_ID: 2558613
2023-06-30 18:48:52 [booklist] INFO: VALID_ID: 2558596
2023-06-30 18:48:52 [booklist] INFO: VALID_ID: 2558580
2023-06-30 18:48:52 [booklist] INFO: VALID_ID: 2558584
2023-06-30 18:48:52 [booklist] INFO: VALID_ID: 2558611
2023-06-30 18:48:52 [booklist] INFO: VALID_ID: 2558593
2023-06-30 18:48:52 [booklist] INFO: VALID_ID: 2558590
2023-06-30 18:48:52 [booklist] INFO: VALID_ID: 2558602
2023-06-30 18:48:52 [booklist] INFO: VALID_ID: 10303560
2023-06-30 18:48:52 [booklist] INFO: VALID_ID: 2558586
2023-06-30 18:48:52 [booklist] INFO: VALID_ID: 2593546
2023-06-30 18:48:52 [booklist] INFO: VALID_ID: 1313212
2023-06-30 18:48:52 [booklist] INFO: VALID_ID: 2559068
2023-06-30 18:48:52 [booklist] INFO: VALID_ID: 1307181
2023-06-30 18:48:52 [booklist] INFO: VALID_ID: 2551897
2023-06-30 18:48:52 [booklist] INFO: VALID_ID: 2542942
2023-06-30 18:48:52 [booklist] INFO: VALID_ID: 2542239
2023-06-30 18:48:52 [booklist] INFO: VALID_ID: 1312377
2023-06-30 18:48:52 [booklist] INFO: VALID_ID: 1310941
2023-06-30 18:48:52 [booklist] INFO: VALID_ID: 2551364
2023-06-30 18:48:52 [booklist] INFO: VALID_ID: 1310889
2023-06-30 18:48:52 [booklist] INFO: VALID_ID: 1307722
2023-06-30 18:48:52 [booklist] INFO: VALID_ID: 1308159
2023-06-30 18:48:52 [booklist] INFO: VALID_ID: 2593491
2023-06-30 18:48:52 [booklist] INFO: VALID_ID: 9367559
2023-06-30 18:48:52 [booklist] INFO: VALID_ID: 10301251
2023-06-30 18:48:52 [booklist] INFO: VALID_ID: 2559234
2023-06-30 18:48:52 [booklist] INFO: VALID_ID: 2580945
2023-06-30 18:48:52 [booklist] INFO: VALID_ID: 2581038
2023-06-30 18:48:52 [booklist] INFO: VALID_ID: 1305033
2023-06-30 18:48:52 [booklist] INFO: VALID_ID: 2592042
2023-06-30 18:48:52 [booklist] INFO: VALID_ID: 2592044
2023-06-30 18:48:52 [booklist] INFO: VALID_ID: 2592045
2023-06-30 18:48:52 [booklist] INFO: VALID_ID: 2609890
2023-06-30 18:48:52 [booklist] INFO: VALID_ID: 2585298
2023-06-30 18:48:52 [booklist] INFO: VALID_ID: 2592043
2023-06-30 18:48:52 [booklist] INFO: VALID_ID: 1308184
2023-06-30 18:48:52 [booklist] INFO: VALID_ID: 2608990
2023-06-30 18:48:52 [booklist] INFO: VALID_ID: 2599629
2023-06-30 18:48:52 [booklist] INFO: VALID_ID: 10303991
2023-06-30 18:48:52 [booklist] INFO: VALID_ID: 2609674
2023-06-30 18:48:52 [booklist] INFO: VALID_ID: 2609893
2023-06-30 18:48:53 [scrapy.core.engine] DEBUG: Crawled (200) <POST https://dl.ndl.go.jp/api/item/search> (referer: https://dl.ndl.go.jp/api/item/search)
2023-06-30 18:48:53 [booklist] INFO: Fetched page 10
2023-06-30 18:48:54 [booklist] INFO: VALID_ID: 2609893
2023-06-30 18:48:54 [booklist] INFO: VALID_ID: 2599627
2023-06-30 18:48:54 [booklist] INFO: VALID_ID: 2599626
2023-06-30 18:48:54 [booklist] INFO: VALID_ID: 2599628
2023-06-30 18:48:54 [booklist] INFO: VALID_ID: 10303562
2023-06-30 18:48:54 [booklist] INFO: VALID_ID: 1302790
2023-06-30 18:48:54 [booklist] INFO: VALID_ID: 1301790
2023-06-30 18:48:54 [booklist] INFO: VALID_ID: 2610030
2023-06-30 18:48:54 [booklist] INFO: VALID_ID: 2593527
2023-06-30 18:48:54 [booklist] INFO: VALID_ID: 11446473
2023-06-30 18:48:54 [booklist] INFO: VALID_ID: 2537709
2023-06-30 18:48:54 [booklist] INFO: VALID_ID: 2559424
2023-06-30 18:48:54 [booklist] INFO: VALID_ID: 2559423
2023-06-30 18:48:54 [booklist] INFO: VALID_ID: 2559420
2023-06-30 18:48:54 [booklist] INFO: VALID_ID: 10301371
2023-06-30 18:48:54 [booklist] INFO: VALID_ID: 9369552
2023-06-30 18:48:54 [booklist] INFO: VALID_ID: 2559418
2023-06-30 18:48:54 [booklist] INFO: VALID_ID: 2541052
2023-06-30 18:48:54 [booklist] INFO: VALID_ID: 2608195
2023-06-30 18:48:54 [booklist] INFO: VALID_ID: 2608971
2023-06-30 18:48:54 [booklist] INFO: VALID_ID: 2559416
2023-06-30 18:48:54 [booklist] INFO: VALID_ID: 2559417
2023-06-30 18:48:54 [booklist] INFO: VALID_ID: 2559421
2023-06-30 18:48:54 [booklist] INFO: VALID_ID: 1911128
2023-06-30 18:48:54 [booklist] INFO: VALID_ID: 2559426
2023-06-30 18:48:54 [booklist] INFO: VALID_ID: 2559425
2023-06-30 18:48:54 [booklist] INFO: VALID_ID: 2559419
2023-06-30 18:48:54 [booklist] INFO: VALID_ID: 2559422
2023-06-30 18:48:54 [booklist] INFO: VALID_ID: 2559427
2023-06-30 18:48:54 [booklist] INFO: VALID_ID: 2585241
2023-06-30 18:48:54 [booklist] INFO: VALID_ID: 1287684
2023-06-30 18:48:54 [booklist] INFO: VALID_ID: 1287615
2023-06-30 18:48:54 [booklist] INFO: VALID_ID: 1287632
2023-06-30 18:48:54 [booklist] INFO: VALID_ID: 1287714
2023-06-30 18:48:54 [booklist] INFO: VALID_ID: 1287716
2023-06-30 18:48:54 [booklist] INFO: VALID_ID: 1287642
2023-06-30 18:48:54 [booklist] INFO: VALID_ID: 1287695
2023-06-30 18:48:54 [booklist] INFO: VALID_ID: 1287626
2023-06-30 18:48:54 [booklist] INFO: VALID_ID: 1287697
2023-06-30 18:48:54 [booklist] INFO: VALID_ID: 1287694
2023-06-30 18:48:54 [booklist] INFO: VALID_ID: 1287627
2023-06-30 18:48:54 [booklist] INFO: VALID_ID: 1287686
2023-06-30 18:48:54 [booklist] INFO: VALID_ID: 1287715
2023-06-30 18:48:54 [booklist] INFO: VALID_ID: 1287640
2023-06-30 18:48:54 [booklist] INFO: VALID_ID: 1287636
2023-06-30 18:48:54 [booklist] INFO: VALID_ID: 1287719
2023-06-30 18:48:54 [booklist] INFO: VALID_ID: 2546170
2023-06-30 18:48:54 [booklist] INFO: VALID_ID: 2555873
2023-06-30 18:48:54 [booklist] INFO: VALID_ID: 2532423
2023-06-30 18:48:54 [booklist] INFO: VALID_ID: 1287687
2023-06-30 18:48:54 [booklist] INFO: VALID_ID: 1287635
2023-06-30 18:48:54 [booklist] INFO: VALID_ID: 1287616
2023-06-30 18:48:54 [booklist] INFO: VALID_ID: 1287618
2023-06-30 18:48:54 [booklist] INFO: VALID_ID: 1287693
2023-06-30 18:48:54 [booklist] INFO: VALID_ID: 1287701
2023-06-30 18:48:54 [booklist] INFO: VALID_ID: 1287634
2023-06-30 18:48:54 [booklist] INFO: VALID_ID: 1288334
2023-06-30 18:48:54 [booklist] INFO: VALID_ID: 1287624
2023-06-30 18:48:54 [booklist] INFO: VALID_ID: 1287692
2023-06-30 18:48:54 [booklist] INFO: VALID_ID: 2555874
2023-06-30 18:48:54 [booklist] INFO: VALID_ID: 1287619
2023-06-30 18:48:54 [booklist] INFO: VALID_ID: 1287641
2023-06-30 18:48:54 [booklist] INFO: VALID_ID: 1287703
2023-06-30 18:48:54 [booklist] INFO: VALID_ID: 1287717
2023-06-30 18:48:54 [booklist] INFO: VALID_ID: 2555870
2023-06-30 18:48:54 [booklist] INFO: VALID_ID: 2555880
2023-06-30 18:48:54 [booklist] INFO: VALID_ID: 1287682
2023-06-30 18:48:54 [booklist] INFO: VALID_ID: 1288337
2023-06-30 18:48:54 [booklist] INFO: VALID_ID: 1287623
2023-06-30 18:48:54 [booklist] INFO: VALID_ID: 1287633
2023-06-30 18:48:54 [booklist] INFO: VALID_ID: 1287704
2023-06-30 18:48:54 [booklist] INFO: VALID_ID: 2555872
2023-06-30 18:48:54 [booklist] INFO: VALID_ID: 2555879
2023-06-30 18:48:54 [booklist] INFO: VALID_ID: 2555875
2023-06-30 18:48:54 [booklist] INFO: VALID_ID: 2555881
2023-06-30 18:48:54 [booklist] INFO: VALID_ID: 2555877
2023-06-30 18:48:54 [booklist] INFO: VALID_ID: 2555876
2023-06-30 18:48:54 [booklist] INFO: VALID_ID: 2606410
2023-06-30 18:48:54 [booklist] INFO: VALID_ID: 2555871
2023-06-30 18:48:54 [booklist] INFO: VALID_ID: 1313348
2023-06-30 18:48:54 [booklist] INFO: VALID_ID: 1287625
2023-06-30 18:48:54 [booklist] INFO: VALID_ID: 1287709
2023-06-30 18:48:54 [booklist] INFO: VALID_ID: 2555878
2023-06-30 18:48:54 [booklist] INFO: VALID_ID: 1911134
2023-06-30 18:48:54 [booklist] INFO: VALID_ID: 2605995
2023-06-30 18:48:54 [booklist] INFO: VALID_ID: 2606073
2023-06-30 18:48:54 [booklist] INFO: VALID_ID: 2559224
2023-06-30 18:48:54 [booklist] INFO: VALID_ID: 2559219
2023-06-30 18:48:54 [booklist] INFO: VALID_ID: 2559228
2023-06-30 18:48:54 [booklist] INFO: VALID_ID: 2559230
2023-06-30 18:48:54 [booklist] INFO: VALID_ID: 1288516
2023-06-30 18:48:54 [booklist] INFO: VALID_ID: 2559222
2023-06-30 18:48:54 [booklist] INFO: VALID_ID: 2559226
2023-06-30 18:48:54 [booklist] INFO: VALID_ID: 2586676
2023-06-30 18:48:54 [booklist] INFO: VALID_ID: 2559223
2023-06-30 18:48:54 [booklist] INFO: VALID_ID: 2559229
2023-06-30 18:48:54 [booklist] INFO: VALID_ID: 2559227
2023-06-30 18:48:54 [booklist] INFO: VALID_ID: 2559220
2023-06-30 18:48:54 [booklist] INFO: VALID_ID: 10301657
2023-06-30 18:48:54 [booklist] INFO: VALID_ID: 2559225
2023-06-30 18:48:55 [scrapy.core.engine] DEBUG: Crawled (200) <POST https://dl.ndl.go.jp/api/item/search> (referer: https://dl.ndl.go.jp/api/item/search)
2023-06-30 18:48:55 [booklist] INFO: Fetched page 11
2023-06-30 18:48:55 [booklist] INFO: VALID_ID: 2559231
2023-06-30 18:48:55 [booklist] INFO: VALID_ID: 10301648
2023-06-30 18:48:55 [booklist] INFO: VALID_ID: 10301750
2023-06-30 18:48:55 [booklist] INFO: VALID_ID: 1288524
2023-06-30 18:48:55 [booklist] INFO: VALID_ID: 2610395
2023-06-30 18:48:55 [booklist] INFO: VALID_ID: 2608748
2023-06-30 18:48:55 [booklist] INFO: VALID_ID: 2532472
2023-06-30 18:48:55 [booklist] INFO: VALID_ID: 2605214
2023-06-30 18:48:55 [booklist] INFO: VALID_ID: 2537334
2023-06-30 18:48:55 [booklist] INFO: VALID_ID: 2606743
2023-06-30 18:48:55 [booklist] INFO: VALID_ID: 2587825
2023-06-30 18:48:55 [booklist] INFO: VALID_ID: 8943312
2023-06-30 18:48:55 [booklist] INFO: VALID_ID: 2551760
2023-06-30 18:48:55 [booklist] INFO: VALID_ID: 2587044
2023-06-30 18:48:55 [booklist] INFO: VALID_ID: 2608721
2023-06-30 18:48:55 [booklist] INFO: VALID_ID: 2570848
2023-06-30 18:48:55 [booklist] INFO: VALID_ID: 2606303
2023-06-30 18:48:55 [booklist] INFO: VALID_ID: 2608900
2023-06-30 18:48:55 [booklist] INFO: VALID_ID: 2559135
2023-06-30 18:48:55 [booklist] INFO: VALID_ID: 2559139
2023-06-30 18:48:55 [booklist] INFO: VALID_ID: 2559142
2023-06-30 18:48:55 [booklist] INFO: VALID_ID: 2587456
2023-06-30 18:48:55 [booklist] INFO: VALID_ID: 2559145
2023-06-30 18:48:55 [booklist] INFO: VALID_ID: 2559137
2023-06-30 18:48:55 [booklist] INFO: VALID_ID: 2559138
2023-06-30 18:48:55 [booklist] INFO: VALID_ID: 2559141
2023-06-30 18:48:55 [booklist] INFO: VALID_ID: 2559143
2023-06-30 18:48:55 [booklist] INFO: VALID_ID: 2559144
2023-06-30 18:48:55 [booklist] INFO: VALID_ID: 2605546
2023-06-30 18:48:55 [booklist] INFO: VALID_ID: 2607879
2023-06-30 18:48:55 [booklist] INFO: VALID_ID: 2559140
2023-06-30 18:48:55 [booklist] INFO: VALID_ID: 2610121
2023-06-30 18:48:55 [booklist] INFO: VALID_ID: 2559133
2023-06-30 18:48:55 [booklist] INFO: VALID_ID: 2610537
2023-06-30 18:48:55 [booklist] INFO: VALID_ID: 2610368
2023-06-30 18:48:55 [booklist] INFO: VALID_ID: 2587045
2023-06-30 18:48:55 [booklist] INFO: VALID_ID: 2605424
2023-06-30 18:48:55 [booklist] INFO: VALID_ID: 2609227
2023-06-30 18:48:55 [booklist] INFO: VALID_ID: 2609563
2023-06-30 18:48:55 [booklist] INFO: VALID_ID: 2607339
2023-06-30 18:48:55 [booklist] INFO: VALID_ID: 2559195
2023-06-30 18:48:55 [booklist] INFO: VALID_ID: 10301567
2023-06-30 18:48:55 [booklist] INFO: VALID_ID: 2559194
2023-06-30 18:48:55 [booklist] INFO: VALID_ID: 2559197
2023-06-30 18:48:55 [booklist] INFO: VALID_ID: 2559199
2023-06-30 18:48:55 [booklist] INFO: VALID_ID: 2559193
2023-06-30 18:48:55 [booklist] INFO: VALID_ID: 2559198
2023-06-30 18:48:55 [booklist] INFO: VALID_ID: 2559201
2023-06-30 18:48:55 [booklist] INFO: VALID_ID: 2559196
2023-06-30 18:48:55 [booklist] INFO: VALID_ID: 2559200
2023-06-30 18:48:55 [booklist] INFO: VALID_ID: 11223558
2023-06-30 18:48:55 [booklist] INFO: VALID_ID: 2559192
2023-06-30 18:48:55 [booklist] INFO: VALID_ID: 2559191
2023-06-30 18:48:55 [booklist] INFO: VALID_ID: 2559206
2023-06-30 18:48:55 [booklist] INFO: VALID_ID: 2559190
2023-06-30 18:48:55 [booklist] INFO: VALID_ID: 2541121
2023-06-30 18:48:55 [booklist] INFO: VALID_ID: 2559189
2023-06-30 18:48:55 [booklist] INFO: VALID_ID: 2559203
2023-06-30 18:48:55 [booklist] INFO: VALID_ID: 2559202
2023-06-30 18:48:55 [booklist] INFO: VALID_ID: 2559205
2023-06-30 18:48:55 [booklist] INFO: VALID_ID: 2608651
2023-06-30 18:48:55 [booklist] INFO: VALID_ID: 2610012
2023-06-30 18:48:55 [booklist] INFO: VALID_ID: 2559169
2023-06-30 18:48:55 [booklist] INFO: VALID_ID: 2559163
2023-06-30 18:48:55 [booklist] INFO: VALID_ID: 2559174
2023-06-30 18:48:55 [booklist] INFO: VALID_ID: 2609444
2023-06-30 18:48:55 [booklist] INFO: VALID_ID: 2611048
2023-06-30 18:48:55 [booklist] INFO: VALID_ID: 11892789
2023-06-30 18:48:55 [booklist] INFO: VALID_ID: 2559173
2023-06-30 18:48:55 [booklist] INFO: VALID_ID: 2559175
2023-06-30 18:48:55 [booklist] INFO: VALID_ID: 2559170
2023-06-30 18:48:55 [booklist] INFO: VALID_ID: 2559171
2023-06-30 18:48:55 [booklist] INFO: VALID_ID: 2559166
2023-06-30 18:48:55 [booklist] INFO: VALID_ID: 2606806
2023-06-30 18:48:55 [booklist] INFO: VALID_ID: 2559176
2023-06-30 18:48:55 [booklist] INFO: VALID_ID: 2559177
2023-06-30 18:48:55 [booklist] INFO: VALID_ID: 2559164
2023-06-30 18:48:55 [booklist] INFO: VALID_ID: 2559172
2023-06-30 18:48:55 [booklist] INFO: VALID_ID: 2559167
2023-06-30 18:48:55 [booklist] INFO: VALID_ID: 2559168
2023-06-30 18:48:55 [booklist] INFO: VALID_ID: 2606349
2023-06-30 18:48:55 [booklist] INFO: VALID_ID: 2609516
2023-06-30 18:48:55 [booklist] INFO: VALID_ID: 2609552
2023-06-30 18:48:55 [booklist] INFO: VALID_ID: 2559069
2023-06-30 18:48:55 [booklist] INFO: VALID_ID: 2559061
2023-06-30 18:48:55 [booklist] INFO: VALID_ID: 2559067
2023-06-30 18:48:55 [booklist] INFO: VALID_ID: 2559071
2023-06-30 18:48:55 [booklist] INFO: VALID_ID: 2559070
2023-06-30 18:48:55 [booklist] INFO: VALID_ID: 2559063
2023-06-30 18:48:55 [booklist] INFO: VALID_ID: 2559062
2023-06-30 18:48:55 [booklist] INFO: VALID_ID: 2559066
2023-06-30 18:48:55 [booklist] INFO: VALID_ID: 2559064
2023-06-30 18:48:55 [booklist] INFO: VALID_ID: 2559065
2023-06-30 18:48:55 [booklist] INFO: VALID_ID: 2559060
2023-06-30 18:48:55 [booklist] INFO: VALID_ID: 2559235
2023-06-30 18:48:55 [booklist] INFO: VALID_ID: 2559072
2023-06-30 18:48:55 [booklist] INFO: VALID_ID: 2559238
2023-06-30 18:48:55 [booklist] INFO: VALID_ID: 2559237
2023-06-30 18:48:55 [booklist] INFO: VALID_ID: 2559233
2023-06-30 18:48:55 [booklist] INFO: VALID_ID: 2559236
2023-06-30 18:48:56 [scrapy.core.engine] DEBUG: Crawled (200) <POST https://dl.ndl.go.jp/api/item/search> (referer: https://dl.ndl.go.jp/api/item/search)
2023-06-30 18:48:56 [booklist] INFO: Fetched page 12
2023-06-30 18:48:56 [booklist] INFO: VALID_ID: 2559235
2023-06-30 18:48:56 [booklist] INFO: VALID_ID: 2559233
2023-06-30 18:48:56 [booklist] INFO: VALID_ID: 2559236
2023-06-30 18:48:56 [booklist] INFO: VALID_ID: 2559240
2023-06-30 18:48:56 [booklist] INFO: VALID_ID: 2559232
2023-06-30 18:48:56 [booklist] INFO: VALID_ID: 2559239
2023-06-30 18:48:56 [booklist] INFO: VALID_ID: 2596094
2023-06-30 18:48:56 [booklist] INFO: VALID_ID: 2596120
2023-06-30 18:48:56 [booklist] INFO: VALID_ID: 2610518
2023-06-30 18:48:56 [booklist] INFO: VALID_ID: 2596058
2023-06-30 18:48:56 [booklist] INFO: VALID_ID: 2596068
2023-06-30 18:48:56 [booklist] INFO: VALID_ID: 2596122
2023-06-30 18:48:56 [booklist] INFO: VALID_ID: 2596123
2023-06-30 18:48:56 [booklist] INFO: VALID_ID: 2596069
2023-06-30 18:48:56 [booklist] INFO: VALID_ID: 2596096
2023-06-30 18:48:56 [booklist] INFO: VALID_ID: 2596112
2023-06-30 18:48:56 [booklist] INFO: VALID_ID: 2596060
2023-06-30 18:48:56 [booklist] INFO: VALID_ID: 2596113
2023-06-30 18:48:56 [booklist] INFO: VALID_ID: 2596128
2023-06-30 18:48:56 [booklist] INFO: VALID_ID: 2596133
2023-06-30 18:48:56 [booklist] INFO: VALID_ID: 2596114
2023-06-30 18:48:56 [booklist] INFO: VALID_ID: 2596115
2023-06-30 18:48:56 [booklist] INFO: VALID_ID: 2596118
2023-06-30 18:48:56 [booklist] INFO: VALID_ID: 2596087
2023-06-30 18:48:56 [booklist] INFO: VALID_ID: 2596111
2023-06-30 18:48:56 [booklist] INFO: VALID_ID: 2596129
2023-06-30 18:48:56 [booklist] INFO: VALID_ID: 2596089
2023-06-30 18:48:56 [booklist] INFO: VALID_ID: 2596095
2023-06-30 18:48:56 [booklist] INFO: VALID_ID: 2596121
2023-06-30 18:48:56 [booklist] INFO: VALID_ID: 2596136
2023-06-30 18:48:56 [booklist] INFO: VALID_ID: 2596109
2023-06-30 18:48:56 [booklist] INFO: VALID_ID: 11446659
2023-06-30 18:48:56 [booklist] INFO: VALID_ID: 2585159
2023-06-30 18:48:56 [booklist] INFO: VALID_ID: 2611035
2023-06-30 18:48:57 [scrapy.core.engine] DEBUG: Crawled (200) <POST https://dl.ndl.go.jp/api/item/search> (referer: https://dl.ndl.go.jp/api/item/search)
2023-06-30 18:48:57 [booklist] INFO: Fetched page 13
2023-06-30 18:48:57 [booklist] INFO: No more books on 13
2023-06-30 18:48:57 [scrapy.core.engine] INFO: Closing spider (finished)
2023-06-30 18:48:57 [scrapy.statscollectors] INFO: Dumping Scrapy stats:
{'downloader/request_bytes': 17742,
 'downloader/request_count': 14,
 'downloader/request_method_count/GET': 1,
 'downloader/request_method_count/POST': 13,
 'downloader/response_bytes': 4192264,
 'downloader/response_count': 14,
 'downloader/response_status_count/200': 14,
 'elapsed_time_seconds': 15.832486,
 'finish_reason': 'finished',
 'finish_time': datetime.datetime(2023, 6, 30, 10, 48, 57, 308023),
 'httpcompression/response_bytes': 48420519,
 'httpcompression/response_count': 13,
 'log_count/DEBUG': 17,
 'log_count/INFO': 1158,
 'memusage/max': 63782912,
 'memusage/startup': 63782912,
 'request_depth_max': 12,
 'response_received_count': 14,
 'robotstxt/request_count': 1,
 'robotstxt/response_count': 1,
 'robotstxt/response_status_count/200': 1,
 'scheduler/dequeued': 13,
 'scheduler/dequeued/memory': 13,
 'scheduler/enqueued': 13,
 'scheduler/enqueued/memory': 13,
 'start_time': datetime.datetime(2023, 6, 30, 10, 48, 41, 475537)}
2023-06-30 18:48:57 [scrapy.core.engine] INFO: Spider closed (finished)
