2023-06-30 17:39:05 [scrapy.utils.log] INFO: Scrapy 2.9.0 started (bot: ndlcrawler)
2023-06-30 17:39:05 [scrapy.utils.log] INFO: Versions: lxml 4.9.2.0, libxml2 2.9.14, cssselect 1.2.0, parsel 1.8.1, w3lib 2.1.1, Twisted 22.10.0, Python 3.10.10 (main, Mar  5 2023, 22:26:53) [GCC 12.2.1 20230201], pyOpenSSL 23.2.0 (OpenSSL 3.1.1 30 May 2023), cryptography 41.0.1, Platform Linux-6.2.12-arch1-1-x86_64-with-glibc2.37
2023-06-30 17:39:05 [scrapy.crawler] INFO: Overridden settings:
{'BOT_NAME': 'ndlcrawler',
 'FEED_EXPORT_ENCODING': 'utf-8',
 'LOG_FILE': 'logs/booklist.title.藤.DESC.log',
 'NEWSPIDER_MODULE': 'ndlcrawler.spiders',
 'REQUEST_FINGERPRINTER_IMPLEMENTATION': '2.7',
 'ROBOTSTXT_OBEY': True,
 'SPIDER_MODULES': ['ndlcrawler.spiders'],
 'TWISTED_REACTOR': 'twisted.internet.asyncioreactor.AsyncioSelectorReactor'}
2023-06-30 17:39:05 [asyncio] DEBUG: Using selector: EpollSelector
2023-06-30 17:39:05 [scrapy.utils.log] DEBUG: Using reactor: twisted.internet.asyncioreactor.AsyncioSelectorReactor
2023-06-30 17:39:05 [scrapy.utils.log] DEBUG: Using asyncio event loop: asyncio.unix_events._UnixSelectorEventLoop
2023-06-30 17:39:05 [scrapy.extensions.telnet] INFO: Telnet Password: b02968c4cc633f7b
2023-06-30 17:39:05 [scrapy.middleware] INFO: Enabled extensions:
['scrapy.extensions.corestats.CoreStats',
 'scrapy.extensions.telnet.TelnetConsole',
 'scrapy.extensions.memusage.MemoryUsage',
 'scrapy.extensions.logstats.LogStats']
2023-06-30 17:39:05 [scrapy.middleware] INFO: Enabled downloader middlewares:
['scrapy.downloadermiddlewares.robotstxt.RobotsTxtMiddleware',
 'scrapy.downloadermiddlewares.httpauth.HttpAuthMiddleware',
 'scrapy.downloadermiddlewares.downloadtimeout.DownloadTimeoutMiddleware',
 'scrapy.downloadermiddlewares.defaultheaders.DefaultHeadersMiddleware',
 'scrapy.downloadermiddlewares.useragent.UserAgentMiddleware',
 'scrapy.downloadermiddlewares.retry.RetryMiddleware',
 'scrapy.downloadermiddlewares.redirect.MetaRefreshMiddleware',
 'scrapy.downloadermiddlewares.httpcompression.HttpCompressionMiddleware',
 'scrapy.downloadermiddlewares.redirect.RedirectMiddleware',
 'scrapy.downloadermiddlewares.cookies.CookiesMiddleware',
 'scrapy.downloadermiddlewares.httpproxy.HttpProxyMiddleware',
 'scrapy.downloadermiddlewares.stats.DownloaderStats']
2023-06-30 17:39:05 [scrapy.middleware] INFO: Enabled spider middlewares:
['scrapy.spidermiddlewares.httperror.HttpErrorMiddleware',
 'scrapy.spidermiddlewares.offsite.OffsiteMiddleware',
 'scrapy.spidermiddlewares.referer.RefererMiddleware',
 'scrapy.spidermiddlewares.urllength.UrlLengthMiddleware',
 'scrapy.spidermiddlewares.depth.DepthMiddleware']
2023-06-30 17:39:05 [scrapy.middleware] INFO: Enabled item pipelines:
[]
2023-06-30 17:39:05 [scrapy.core.engine] INFO: Spider opened
2023-06-30 17:39:06 [scrapy.extensions.logstats] INFO: Crawled 0 pages (at 0 pages/min), scraped 0 items (at 0 items/min)
2023-06-30 17:39:06 [scrapy.extensions.telnet] INFO: Telnet console listening on 127.0.0.1:6025
2023-06-30 17:39:06 [scrapy.core.engine] DEBUG: Crawled (200) <GET https://dl.ndl.go.jp/robots.txt> (referer: None)
2023-06-30 17:39:06 [scrapy.core.engine] DEBUG: Crawled (200) <POST https://dl.ndl.go.jp/api/item/search> (referer: None)
2023-06-30 17:39:06 [booklist] INFO: Fetched page 1
2023-06-30 17:39:07 [booklist] INFO: VALID_ID: 1309400
2023-06-30 17:39:07 [booklist] INFO: VALID_ID: 1311389
2023-06-30 17:39:07 [booklist] INFO: VALID_ID: 2541541
2023-06-30 17:39:07 [booklist] INFO: VALID_ID: 1307646
2023-06-30 17:39:07 [booklist] INFO: VALID_ID: 1307627
2023-06-30 17:39:07 [booklist] INFO: VALID_ID: 1309379
2023-06-30 17:39:07 [booklist] INFO: VALID_ID: 12865468
2023-06-30 17:39:07 [booklist] INFO: VALID_ID: 2611035
2023-06-30 17:39:07 [booklist] INFO: VALID_ID: 1309490
2023-06-30 17:39:07 [booklist] INFO: VALID_ID: 12865364
2023-06-30 17:39:07 [booklist] INFO: VALID_ID: 1309526
2023-06-30 17:39:07 [booklist] INFO: VALID_ID: 1309560
2023-06-30 17:39:07 [booklist] INFO: VALID_ID: 1308527
2023-06-30 17:39:07 [booklist] INFO: VALID_ID: 2536107
2023-06-30 17:39:07 [booklist] INFO: VALID_ID: 2535976
2023-06-30 17:39:07 [booklist] INFO: VALID_ID: 2585248
2023-06-30 17:39:07 [booklist] INFO: VALID_ID: 2585254
2023-06-30 17:39:07 [booklist] INFO: VALID_ID: 2585303
2023-06-30 17:39:07 [booklist] INFO: VALID_ID: 2585312
2023-06-30 17:39:07 [booklist] INFO: VALID_ID: 2585331
2023-06-30 17:39:07 [booklist] INFO: VALID_ID: 2585385
2023-06-30 17:39:07 [booklist] INFO: VALID_ID: 2585398
2023-06-30 17:39:07 [booklist] INFO: VALID_ID: 2585409
2023-06-30 17:39:07 [booklist] INFO: VALID_ID: 2585427
2023-06-30 17:39:07 [booklist] INFO: VALID_ID: 2585346
2023-06-30 17:39:07 [booklist] INFO: VALID_ID: 1305149
2023-06-30 17:39:07 [booklist] INFO: VALID_ID: 1287881
2023-06-30 17:39:07 [booklist] INFO: VALID_ID: 2585160
2023-06-30 17:39:07 [booklist] INFO: VALID_ID: 2585217
2023-06-30 17:39:07 [booklist] INFO: VALID_ID: 2585239
2023-06-30 17:39:07 [booklist] INFO: VALID_ID: 2585266
2023-06-30 17:39:07 [booklist] INFO: VALID_ID: 2585305
2023-06-30 17:39:07 [booklist] INFO: VALID_ID: 2585308
2023-06-30 17:39:07 [booklist] INFO: VALID_ID: 2585319
2023-06-30 17:39:07 [booklist] INFO: VALID_ID: 2585356
2023-06-30 17:39:07 [booklist] INFO: VALID_ID: 2585365
2023-06-30 17:39:07 [booklist] INFO: VALID_ID: 2585377
2023-06-30 17:39:07 [booklist] INFO: VALID_ID: 2585402
2023-06-30 17:39:07 [booklist] INFO: VALID_ID: 2570473
2023-06-30 17:39:07 [booklist] INFO: VALID_ID: 2560693
2023-06-30 17:39:07 [booklist] INFO: VALID_ID: 2585193
2023-06-30 17:39:07 [booklist] INFO: VALID_ID: 2585196
2023-06-30 17:39:07 [booklist] INFO: VALID_ID: 2585200
2023-06-30 17:39:07 [booklist] INFO: VALID_ID: 2585202
2023-06-30 17:39:07 [booklist] INFO: VALID_ID: 2585257
2023-06-30 17:39:07 [booklist] INFO: VALID_ID: 2585258
2023-06-30 17:39:07 [booklist] INFO: VALID_ID: 2585296
2023-06-30 17:39:07 [booklist] INFO: VALID_ID: 2585310
2023-06-30 17:39:07 [booklist] INFO: VALID_ID: 2585375
2023-06-30 17:39:07 [booklist] INFO: VALID_ID: 2585388
2023-06-30 17:39:07 [booklist] INFO: VALID_ID: 2585272
2023-06-30 17:39:07 [booklist] INFO: VALID_ID: 2585386
2023-06-30 17:39:07 [booklist] INFO: VALID_ID: 2585418
2023-06-30 17:39:07 [booklist] INFO: VALID_ID: 2585438
2023-06-30 17:39:07 [booklist] INFO: VALID_ID: 2585439
2023-06-30 17:39:07 [booklist] INFO: VALID_ID: 2558566
2023-06-30 17:39:07 [booklist] INFO: VALID_ID: 2585229
2023-06-30 17:39:07 [booklist] INFO: VALID_ID: 2585357
2023-06-30 17:39:07 [booklist] INFO: VALID_ID: 2585369
2023-06-30 17:39:07 [booklist] INFO: VALID_ID: 2585262
2023-06-30 17:39:07 [booklist] INFO: VALID_ID: 2585349
2023-06-30 17:39:07 [booklist] INFO: VALID_ID: 2585359
2023-06-30 17:39:07 [booklist] INFO: VALID_ID: 2585403
2023-06-30 17:39:07 [booklist] INFO: VALID_ID: 2585415
2023-06-30 17:39:07 [booklist] INFO: VALID_ID: 2585443
2023-06-30 17:39:07 [booklist] INFO: VALID_ID: 2532342
2023-06-30 17:39:07 [booklist] INFO: VALID_ID: 2540675
2023-06-30 17:39:07 [booklist] INFO: VALID_ID: 1307626
2023-06-30 17:39:07 [booklist] INFO: VALID_ID: 2585223
2023-06-30 17:39:07 [booklist] INFO: VALID_ID: 2585231
2023-06-30 17:39:07 [booklist] INFO: VALID_ID: 2585271
2023-06-30 17:39:07 [booklist] INFO: VALID_ID: 2585283
2023-06-30 17:39:07 [booklist] INFO: VALID_ID: 2585297
2023-06-30 17:39:07 [booklist] INFO: VALID_ID: 2585347
2023-06-30 17:39:07 [booklist] INFO: VALID_ID: 2585406
2023-06-30 17:39:07 [booklist] INFO: VALID_ID: 2585407
2023-06-30 17:39:07 [booklist] INFO: VALID_ID: 2585440
2023-06-30 17:39:07 [booklist] INFO: VALID_ID: 9893030
2023-06-30 17:39:07 [booklist] INFO: VALID_ID: 2570478
2023-06-30 17:39:07 [booklist] INFO: VALID_ID: 1309131
2023-06-30 17:39:07 [booklist] INFO: VALID_ID: 2585180
2023-06-30 17:39:07 [booklist] INFO: VALID_ID: 2585214
2023-06-30 17:39:07 [booklist] INFO: VALID_ID: 2585220
2023-06-30 17:39:07 [booklist] INFO: VALID_ID: 2585249
2023-06-30 17:39:07 [booklist] INFO: VALID_ID: 2585292
2023-06-30 17:39:07 [booklist] INFO: VALID_ID: 2585360
2023-06-30 17:39:07 [booklist] INFO: VALID_ID: 2585363
2023-06-30 17:39:07 [booklist] INFO: VALID_ID: 2585371
2023-06-30 17:39:07 [booklist] INFO: VALID_ID: 2585376
2023-06-30 17:39:07 [booklist] INFO: VALID_ID: 2585444
2023-06-30 17:39:07 [booklist] INFO: VALID_ID: 2585226
2023-06-30 17:39:07 [booklist] INFO: VALID_ID: 2585251
2023-06-30 17:39:07 [booklist] INFO: VALID_ID: 2585294
2023-06-30 17:39:07 [booklist] INFO: VALID_ID: 2585323
2023-06-30 17:39:07 [booklist] INFO: VALID_ID: 2585328
2023-06-30 17:39:07 [booklist] INFO: VALID_ID: 2585355
2023-06-30 17:39:07 [booklist] INFO: VALID_ID: 2585445
2023-06-30 17:39:07 [booklist] INFO: VALID_ID: 2560692
2023-06-30 17:39:07 [booklist] INFO: VALID_ID: 2585174
2023-06-30 17:39:07 [booklist] INFO: VALID_ID: 2585189
2023-06-30 17:39:07 [scrapy.core.engine] DEBUG: Crawled (200) <POST https://dl.ndl.go.jp/api/item/search> (referer: https://dl.ndl.go.jp/api/item/search)
2023-06-30 17:39:07 [booklist] INFO: Fetched page 2
2023-06-30 17:39:07 [booklist] INFO: VALID_ID: 2585253
2023-06-30 17:39:07 [booklist] INFO: VALID_ID: 2585285
2023-06-30 17:39:07 [booklist] INFO: VALID_ID: 2585318
2023-06-30 17:39:07 [booklist] INFO: VALID_ID: 2585353
2023-06-30 17:39:07 [booklist] INFO: VALID_ID: 2585361
2023-06-30 17:39:07 [booklist] INFO: VALID_ID: 2585390
2023-06-30 17:39:07 [booklist] INFO: VALID_ID: 2585419
2023-06-30 17:39:07 [booklist] INFO: VALID_ID: 2558567
2023-06-30 17:39:07 [booklist] INFO: VALID_ID: 2585204
2023-06-30 17:39:07 [booklist] INFO: VALID_ID: 2585210
2023-06-30 17:39:07 [booklist] INFO: VALID_ID: 2585215
2023-06-30 17:39:07 [booklist] INFO: VALID_ID: 2585247
2023-06-30 17:39:07 [booklist] INFO: VALID_ID: 2585381
2023-06-30 17:39:07 [booklist] INFO: VALID_ID: 2585437
2023-06-30 17:39:07 [booklist] INFO: VALID_ID: 1287874
2023-06-30 17:39:07 [booklist] INFO: VALID_ID: 2558565
2023-06-30 17:39:07 [booklist] INFO: VALID_ID: 2560690
2023-06-30 17:39:07 [booklist] INFO: VALID_ID: 2585182
2023-06-30 17:39:07 [booklist] INFO: VALID_ID: 2585184
2023-06-30 17:39:07 [booklist] INFO: VALID_ID: 1309024
2023-06-30 17:39:07 [booklist] INFO: VALID_ID: 2585205
2023-06-30 17:39:07 [booklist] INFO: VALID_ID: 2585264
2023-06-30 17:39:07 [booklist] INFO: VALID_ID: 2585244
2023-06-30 17:39:07 [booklist] INFO: VALID_ID: 2585291
2023-06-30 17:39:07 [booklist] INFO: VALID_ID: 2585325
2023-06-30 17:39:07 [booklist] INFO: VALID_ID: 2585345
2023-06-30 17:39:07 [booklist] INFO: VALID_ID: 2585367
2023-06-30 17:39:07 [booklist] INFO: VALID_ID: 2585392
2023-06-30 17:39:07 [booklist] INFO: VALID_ID: 2585401
2023-06-30 17:39:07 [booklist] INFO: VALID_ID: 2585410
2023-06-30 17:39:07 [booklist] INFO: VALID_ID: 2585411
2023-06-30 17:39:07 [booklist] INFO: VALID_ID: 2585167
2023-06-30 17:39:07 [booklist] INFO: VALID_ID: 2585170
2023-06-30 17:39:07 [booklist] INFO: VALID_ID: 2585179
2023-06-30 17:39:07 [booklist] INFO: VALID_ID: 2585203
2023-06-30 17:39:07 [booklist] INFO: VALID_ID: 2585228
2023-06-30 17:39:07 [booklist] INFO: VALID_ID: 2585270
2023-06-30 17:39:07 [booklist] INFO: VALID_ID: 2585306
2023-06-30 17:39:07 [booklist] INFO: VALID_ID: 2585343
2023-06-30 17:39:07 [booklist] INFO: VALID_ID: 2570471
2023-06-30 17:39:07 [booklist] INFO: VALID_ID: 2585188
2023-06-30 17:39:07 [booklist] INFO: VALID_ID: 2585238
2023-06-30 17:39:07 [booklist] INFO: VALID_ID: 2585261
2023-06-30 17:39:07 [booklist] INFO: VALID_ID: 2585288
2023-06-30 17:39:07 [booklist] INFO: VALID_ID: 2585333
2023-06-30 17:39:07 [booklist] INFO: VALID_ID: 2585429
2023-06-30 17:39:07 [booklist] INFO: VALID_ID: 2585442
2023-06-30 17:39:07 [booklist] INFO: VALID_ID: 2532342
2023-06-30 17:39:07 [booklist] INFO: VALID_ID: 2540675
2023-06-30 17:39:07 [booklist] INFO: VALID_ID: 1307626
2023-06-30 17:39:07 [booklist] INFO: VALID_ID: 2585223
2023-06-30 17:39:07 [booklist] INFO: VALID_ID: 2585231
2023-06-30 17:39:07 [booklist] INFO: VALID_ID: 2585271
2023-06-30 17:39:07 [booklist] INFO: VALID_ID: 2585283
2023-06-30 17:39:07 [booklist] INFO: VALID_ID: 2585297
2023-06-30 17:39:07 [booklist] INFO: VALID_ID: 2585347
2023-06-30 17:39:07 [booklist] INFO: VALID_ID: 2585406
2023-06-30 17:39:07 [booklist] INFO: VALID_ID: 2585407
2023-06-30 17:39:07 [booklist] INFO: VALID_ID: 2585440
2023-06-30 17:39:07 [booklist] INFO: VALID_ID: 2570479
2023-06-30 17:39:07 [booklist] INFO: VALID_ID: 2585181
2023-06-30 17:39:07 [booklist] INFO: VALID_ID: 2585232
2023-06-30 17:39:07 [booklist] INFO: VALID_ID: 2585256
2023-06-30 17:39:07 [booklist] INFO: VALID_ID: 2585289
2023-06-30 17:39:07 [booklist] INFO: VALID_ID: 2585338
2023-06-30 17:39:07 [booklist] INFO: VALID_ID: 2585414
2023-06-30 17:39:07 [booklist] INFO: VALID_ID: 2585171
2023-06-30 17:39:07 [booklist] INFO: VALID_ID: 2585183
2023-06-30 17:39:07 [booklist] INFO: VALID_ID: 2585197
2023-06-30 17:39:07 [booklist] INFO: VALID_ID: 2585213
2023-06-30 17:39:07 [booklist] INFO: VALID_ID: 2585252
2023-06-30 17:39:07 [booklist] INFO: VALID_ID: 2585275
2023-06-30 17:39:07 [booklist] INFO: VALID_ID: 2585280
2023-06-30 17:39:07 [booklist] INFO: VALID_ID: 2585298
2023-06-30 17:39:07 [booklist] INFO: VALID_ID: 2585334
2023-06-30 17:39:07 [booklist] INFO: VALID_ID: 2585339
2023-06-30 17:39:07 [booklist] INFO: VALID_ID: 2585351
2023-06-30 17:39:07 [booklist] INFO: VALID_ID: 2585384
2023-06-30 17:39:07 [booklist] INFO: VALID_ID: 2585405
2023-06-30 17:39:07 [booklist] INFO: VALID_ID: 2585173
2023-06-30 17:39:07 [booklist] INFO: VALID_ID: 2585186
2023-06-30 17:39:07 [booklist] INFO: VALID_ID: 2585199
2023-06-30 17:39:07 [booklist] INFO: VALID_ID: 2585233
2023-06-30 17:39:07 [booklist] INFO: VALID_ID: 2585337
2023-06-30 17:39:07 [booklist] INFO: VALID_ID: 2585344
2023-06-30 17:39:07 [booklist] INFO: VALID_ID: 2585372
2023-06-30 17:39:07 [booklist] INFO: VALID_ID: 2585400
2023-06-30 17:39:07 [booklist] INFO: VALID_ID: 2585424
2023-06-30 17:39:07 [booklist] INFO: VALID_ID: 2608411
2023-06-30 17:39:07 [booklist] INFO: VALID_ID: 2585168
2023-06-30 17:39:07 [booklist] INFO: VALID_ID: 2585201
2023-06-30 17:39:07 [booklist] INFO: VALID_ID: 2585243
2023-06-30 17:39:07 [booklist] INFO: VALID_ID: 1312686
2023-06-30 17:39:07 [booklist] INFO: VALID_ID: 2585412
2023-06-30 17:39:07 [booklist] INFO: VALID_ID: 2585421
2023-06-30 17:39:07 [booklist] INFO: VALID_ID: 2585425
2023-06-30 17:39:07 [booklist] INFO: VALID_ID: 2585176
2023-06-30 17:39:07 [booklist] INFO: VALID_ID: 2585190
2023-06-30 17:39:07 [booklist] INFO: VALID_ID: 2585245
2023-06-30 17:39:07 [booklist] INFO: VALID_ID: 2585304
2023-06-30 17:39:08 [scrapy.core.engine] DEBUG: Crawled (200) <POST https://dl.ndl.go.jp/api/item/search> (referer: https://dl.ndl.go.jp/api/item/search)
2023-06-30 17:39:08 [booklist] INFO: Fetched page 3
2023-06-30 17:39:08 [booklist] INFO: VALID_ID: 2585351
2023-06-30 17:39:08 [booklist] INFO: VALID_ID: 2585384
2023-06-30 17:39:08 [booklist] INFO: VALID_ID: 2585405
2023-06-30 17:39:08 [booklist] INFO: VALID_ID: 1287872
2023-06-30 17:39:08 [booklist] INFO: VALID_ID: 2608411
2023-06-30 17:39:08 [booklist] INFO: VALID_ID: 2585168
2023-06-30 17:39:08 [booklist] INFO: VALID_ID: 2585201
2023-06-30 17:39:08 [booklist] INFO: VALID_ID: 2585243
2023-06-30 17:39:08 [booklist] INFO: VALID_ID: 1312686
2023-06-30 17:39:08 [booklist] INFO: VALID_ID: 2585412
2023-06-30 17:39:08 [booklist] INFO: VALID_ID: 2585421
2023-06-30 17:39:08 [booklist] INFO: VALID_ID: 2585425
2023-06-30 17:39:08 [booklist] INFO: VALID_ID: 2585176
2023-06-30 17:39:08 [booklist] INFO: VALID_ID: 2585190
2023-06-30 17:39:08 [booklist] INFO: VALID_ID: 2585245
2023-06-30 17:39:08 [booklist] INFO: VALID_ID: 2585304
2023-06-30 17:39:08 [booklist] INFO: VALID_ID: 2585320
2023-06-30 17:39:08 [booklist] INFO: VALID_ID: 2585326
2023-06-30 17:39:08 [booklist] INFO: VALID_ID: 2585396
2023-06-30 17:39:08 [booklist] INFO: VALID_ID: 2585397
2023-06-30 17:39:08 [booklist] INFO: VALID_ID: 2570475
2023-06-30 17:39:08 [booklist] INFO: VALID_ID: 2585208
2023-06-30 17:39:08 [booklist] INFO: VALID_ID: 2585222
2023-06-30 17:39:08 [booklist] INFO: VALID_ID: 2585242
2023-06-30 17:39:08 [booklist] INFO: VALID_ID: 2585330
2023-06-30 17:39:08 [booklist] INFO: VALID_ID: 2585335
2023-06-30 17:39:08 [booklist] INFO: VALID_ID: 2585417
2023-06-30 17:39:08 [booklist] INFO: VALID_ID: 2585420
2023-06-30 17:39:08 [booklist] INFO: VALID_ID: 1287885
2023-06-30 17:39:08 [booklist] INFO: VALID_ID: 1302775
2023-06-30 17:39:08 [booklist] INFO: VALID_ID: 2570474
2023-06-30 17:39:08 [booklist] INFO: VALID_ID: 2585185
2023-06-30 17:39:08 [booklist] INFO: VALID_ID: 2585253
2023-06-30 17:39:08 [booklist] INFO: VALID_ID: 2585285
2023-06-30 17:39:08 [booklist] INFO: VALID_ID: 2585318
2023-06-30 17:39:08 [booklist] INFO: VALID_ID: 2585353
2023-06-30 17:39:08 [booklist] INFO: VALID_ID: 2585361
2023-06-30 17:39:08 [booklist] INFO: VALID_ID: 2585390
2023-06-30 17:39:08 [booklist] INFO: VALID_ID: 2585419
2023-06-30 17:39:08 [booklist] INFO: VALID_ID: 2585166
2023-06-30 17:39:08 [booklist] INFO: VALID_ID: 2585212
2023-06-30 17:39:08 [booklist] INFO: VALID_ID: 2585301
2023-06-30 17:39:08 [booklist] INFO: VALID_ID: 2585307
2023-06-30 17:39:08 [booklist] INFO: VALID_ID: 2585327
2023-06-30 17:39:08 [booklist] INFO: VALID_ID: 2585342
2023-06-30 17:39:08 [booklist] INFO: VALID_ID: 2585358
2023-06-30 17:39:08 [booklist] INFO: VALID_ID: 2585387
2023-06-30 17:39:08 [booklist] INFO: VALID_ID: 2585394
2023-06-30 17:39:08 [booklist] INFO: VALID_ID: 2585428
2023-06-30 17:39:08 [booklist] INFO: VALID_ID: 2585435
2023-06-30 17:39:08 [booklist] INFO: VALID_ID: 2585172
2023-06-30 17:39:08 [booklist] INFO: VALID_ID: 2585178
2023-06-30 17:39:08 [booklist] INFO: VALID_ID: 2585161
2023-06-30 17:39:08 [booklist] INFO: VALID_ID: 2585198
2023-06-30 17:39:08 [booklist] INFO: VALID_ID: 2585209
2023-06-30 17:39:08 [booklist] INFO: VALID_ID: 2585219
2023-06-30 17:39:08 [booklist] INFO: VALID_ID: 2585230
2023-06-30 17:39:08 [booklist] INFO: VALID_ID: 2585300
2023-06-30 17:39:08 [booklist] INFO: VALID_ID: 2585316
2023-06-30 17:39:08 [booklist] INFO: VALID_ID: 2585322
2023-06-30 17:39:08 [booklist] INFO: VALID_ID: 2585370
2023-06-30 17:39:08 [booklist] INFO: VALID_ID: 2585173
2023-06-30 17:39:08 [booklist] INFO: VALID_ID: 2585186
2023-06-30 17:39:08 [booklist] INFO: VALID_ID: 2585199
2023-06-30 17:39:08 [booklist] INFO: VALID_ID: 2585233
2023-06-30 17:39:08 [booklist] INFO: VALID_ID: 2585337
2023-06-30 17:39:08 [booklist] INFO: VALID_ID: 2585344
2023-06-30 17:39:08 [booklist] INFO: VALID_ID: 2585372
2023-06-30 17:39:08 [booklist] INFO: VALID_ID: 2585400
2023-06-30 17:39:08 [booklist] INFO: VALID_ID: 2585424
2023-06-30 17:39:08 [booklist] INFO: VALID_ID: 2570477
2023-06-30 17:39:08 [booklist] INFO: VALID_ID: 2585216
2023-06-30 17:39:08 [booklist] INFO: VALID_ID: 2585273
2023-06-30 17:39:08 [booklist] INFO: VALID_ID: 2585278
2023-06-30 17:39:08 [booklist] INFO: VALID_ID: 2585279
2023-06-30 17:39:08 [booklist] INFO: VALID_ID: 2585317
2023-06-30 17:39:08 [booklist] INFO: VALID_ID: 2585362
2023-06-30 17:39:08 [booklist] INFO: VALID_ID: 2585373
2023-06-30 17:39:08 [booklist] INFO: VALID_ID: 2585399
2023-06-30 17:39:08 [booklist] INFO: VALID_ID: 2585413
2023-06-30 17:39:08 [booklist] INFO: VALID_ID: 2585432
2023-06-30 17:39:08 [booklist] INFO: VALID_ID: 2585175
2023-06-30 17:39:08 [booklist] INFO: VALID_ID: 2585234
2023-06-30 17:39:08 [booklist] INFO: VALID_ID: 2585260
2023-06-30 17:39:08 [booklist] INFO: VALID_ID: 2585263
2023-06-30 17:39:08 [booklist] INFO: VALID_ID: 2585267
2023-06-30 17:39:08 [booklist] INFO: VALID_ID: 2585295
2023-06-30 17:39:08 [booklist] INFO: VALID_ID: 2585302
2023-06-30 17:39:08 [booklist] INFO: VALID_ID: 2585332
2023-06-30 17:39:08 [booklist] INFO: VALID_ID: 2585368
2023-06-30 17:39:08 [booklist] INFO: VALID_ID: 2585404
2023-06-30 17:39:08 [booklist] INFO: VALID_ID: 2585422
2023-06-30 17:39:08 [booklist] INFO: VALID_ID: 2585441
2023-06-30 17:39:08 [booklist] INFO: VALID_ID: 1308227
2023-06-30 17:39:08 [booklist] INFO: VALID_ID: 2540226
2023-06-30 17:39:08 [booklist] INFO: VALID_ID: 1287791
2023-06-30 17:39:08 [booklist] INFO: VALID_ID: 2607712
2023-06-30 17:39:08 [booklist] INFO: VALID_ID: 2585169
2023-06-30 17:39:08 [booklist] INFO: VALID_ID: 2585241
2023-06-30 17:39:08 [booklist] INFO: VALID_ID: 2585255
2023-06-30 17:39:09 [scrapy.core.engine] DEBUG: Crawled (200) <POST https://dl.ndl.go.jp/api/item/search> (referer: https://dl.ndl.go.jp/api/item/search)
2023-06-30 17:39:09 [booklist] INFO: Fetched page 4
2023-06-30 17:39:09 [booklist] INFO: VALID_ID: 2585340
2023-06-30 17:39:09 [booklist] INFO: VALID_ID: 2585352
2023-06-30 17:39:09 [booklist] INFO: VALID_ID: 2585383
2023-06-30 17:39:09 [booklist] INFO: VALID_ID: 2585395
2023-06-30 17:39:09 [booklist] INFO: VALID_ID: 2585431
2023-06-30 17:39:09 [booklist] INFO: VALID_ID: 1305349
2023-06-30 17:39:09 [booklist] INFO: VALID_ID: 2535889
2023-06-30 17:39:09 [booklist] INFO: VALID_ID: 2585321
2023-06-30 17:39:09 [booklist] INFO: VALID_ID: 2585380
2023-06-30 17:39:09 [booklist] INFO: VALID_ID: 1308227
2023-06-30 17:39:09 [booklist] INFO: VALID_ID: 2585166
2023-06-30 17:39:09 [booklist] INFO: VALID_ID: 2585212
2023-06-30 17:39:09 [booklist] INFO: VALID_ID: 2585301
2023-06-30 17:39:09 [booklist] INFO: VALID_ID: 2585307
2023-06-30 17:39:09 [booklist] INFO: VALID_ID: 2585327
2023-06-30 17:39:09 [booklist] INFO: VALID_ID: 2585342
2023-06-30 17:39:09 [booklist] INFO: VALID_ID: 2585358
2023-06-30 17:39:09 [booklist] INFO: VALID_ID: 2585387
2023-06-30 17:39:09 [booklist] INFO: VALID_ID: 2585394
2023-06-30 17:39:09 [booklist] INFO: VALID_ID: 2585428
2023-06-30 17:39:09 [booklist] INFO: VALID_ID: 2585435
2023-06-30 17:39:09 [booklist] INFO: VALID_ID: 1287872
2023-06-30 17:39:09 [booklist] INFO: VALID_ID: 2537553
2023-06-30 17:39:09 [booklist] INFO: VALID_ID: 1287866
2023-06-30 17:39:09 [booklist] INFO: VALID_ID: 1308520
2023-06-30 17:39:09 [booklist] INFO: VALID_ID: 2585195
2023-06-30 17:39:09 [booklist] INFO: VALID_ID: 2585293
2023-06-30 17:39:09 [booklist] INFO: VALID_ID: 2585313
2023-06-30 17:39:09 [booklist] INFO: VALID_ID: 1313515
2023-06-30 17:39:09 [booklist] INFO: VALID_ID: 1287791
2023-06-30 17:39:09 [booklist] INFO: VALID_ID: 2540226
2023-06-30 17:39:09 [booklist] INFO: VALID_ID: 1311065
2023-06-30 17:39:09 [booklist] INFO: VALID_ID: 2559154
2023-06-30 17:39:09 [booklist] INFO: VALID_ID: 12865451
2023-06-30 17:39:09 [booklist] INFO: VALID_ID: 1305470
2023-06-30 17:39:09 [booklist] INFO: VALID_ID: 1312364
2023-06-30 17:39:09 [booklist] INFO: VALID_ID: 1308471
2023-06-30 17:39:09 [booklist] INFO: VALID_ID: 1313139
2023-06-30 17:39:09 [booklist] INFO: VALID_ID: 1287885
2023-06-30 17:39:09 [booklist] INFO: VALID_ID: 2541001
2023-06-30 17:39:09 [booklist] INFO: VALID_ID: 1308455
2023-06-30 17:39:09 [booklist] INFO: VALID_ID: 2537274
2023-06-30 17:39:09 [booklist] INFO: VALID_ID: 1309125
2023-06-30 17:39:09 [booklist] INFO: VALID_ID: 1312566
2023-06-30 17:39:09 [booklist] INFO: VALID_ID: 2559146
2023-06-30 17:39:09 [booklist] INFO: VALID_ID: 2543126
2023-06-30 17:39:09 [booklist] INFO: VALID_ID: 1313125
2023-06-30 17:39:09 [booklist] INFO: VALID_ID: 1308486
2023-06-30 17:39:09 [booklist] INFO: VALID_ID: 1312710
2023-06-30 17:39:09 [booklist] INFO: VALID_ID: 10301017
2023-06-30 17:39:09 [booklist] INFO: VALID_ID: 11891914
2023-06-30 17:39:09 [booklist] INFO: VALID_ID: 1306873
2023-06-30 17:39:09 [booklist] INFO: VALID_ID: 1306068
2023-06-30 17:39:09 [booklist] INFO: VALID_ID: 1306073
2023-06-30 17:39:09 [booklist] INFO: VALID_ID: 1309062
2023-06-30 17:39:09 [booklist] INFO: VALID_ID: 2559153
2023-06-30 17:39:09 [booklist] INFO: VALID_ID: 1287752
2023-06-30 17:39:09 [booklist] INFO: VALID_ID: 1287755
2023-06-30 17:39:09 [booklist] INFO: VALID_ID: 1287769
2023-06-30 17:39:09 [booklist] INFO: VALID_ID: 10301439
2023-06-30 17:39:09 [booklist] INFO: VALID_ID: 11891904
2023-06-30 17:39:09 [booklist] INFO: VALID_ID: 1287035
2023-06-30 17:39:09 [booklist] INFO: VALID_ID: 1287751
2023-06-30 17:39:09 [booklist] INFO: VALID_ID: 1287768
2023-06-30 17:39:09 [booklist] INFO: VALID_ID: 1306075
2023-06-30 17:39:09 [booklist] INFO: VALID_ID: 1301408
2023-06-30 17:39:09 [booklist] INFO: VALID_ID: 8929748
2023-06-30 17:39:09 [booklist] INFO: VALID_ID: 11891887
2023-06-30 17:39:09 [booklist] INFO: VALID_ID: 1306886
2023-06-30 17:39:09 [booklist] INFO: VALID_ID: 1311223
2023-06-30 17:39:09 [booklist] INFO: VALID_ID: 2559147
2023-06-30 17:39:09 [booklist] INFO: VALID_ID: 1311785
2023-06-30 17:39:09 [booklist] INFO: VALID_ID: 9893309
2023-06-30 17:39:09 [booklist] INFO: VALID_ID: 1309114
2023-06-30 17:39:09 [booklist] INFO: VALID_ID: 1313244
2023-06-30 17:39:09 [booklist] INFO: VALID_ID: 2543122
2023-06-30 17:39:09 [booklist] INFO: VALID_ID: 1313248
2023-06-30 17:39:09 [booklist] INFO: VALID_ID: 2559150
2023-06-30 17:39:09 [booklist] INFO: VALID_ID: 2559157
2023-06-30 17:39:09 [booklist] INFO: VALID_ID: 2559155
2023-06-30 17:39:09 [booklist] INFO: VALID_ID: 1309084
2023-06-30 17:39:09 [booklist] INFO: VALID_ID: 10301489
2023-06-30 17:39:09 [booklist] INFO: VALID_ID: 1313234
2023-06-30 17:39:09 [booklist] INFO: VALID_ID: 1313257
2023-06-30 17:39:09 [booklist] INFO: VALID_ID: 1306854
2023-06-30 17:39:09 [booklist] INFO: VALID_ID: 1302176
2023-06-30 17:39:09 [booklist] INFO: VALID_ID: 2559149
2023-06-30 17:39:09 [booklist] INFO: VALID_ID: 2559152
2023-06-30 17:39:09 [booklist] INFO: VALID_ID: 8929642
2023-06-30 17:39:09 [booklist] INFO: VALID_ID: 1313140
2023-06-30 17:39:09 [booklist] INFO: VALID_ID: 1287760
2023-06-30 17:39:09 [booklist] INFO: VALID_ID: 1307570
2023-06-30 17:39:09 [booklist] INFO: VALID_ID: 1287767
2023-06-30 17:39:09 [booklist] INFO: VALID_ID: 2536296
2023-06-30 17:39:09 [booklist] INFO: VALID_ID: 1301931
2023-06-30 17:39:09 [booklist] INFO: VALID_ID: 1303955
2023-06-30 17:39:09 [booklist] INFO: VALID_ID: 2559169
2023-06-30 17:39:09 [booklist] INFO: VALID_ID: 8929883
2023-06-30 17:39:09 [booklist] INFO: VALID_ID: 1287746
2023-06-30 17:39:09 [booklist] INFO: VALID_ID: 2537295
2023-06-30 17:39:10 [scrapy.core.engine] DEBUG: Crawled (200) <POST https://dl.ndl.go.jp/api/item/search> (referer: https://dl.ndl.go.jp/api/item/search)
2023-06-30 17:39:10 [booklist] INFO: Fetched page 5
2023-06-30 17:39:10 [booklist] INFO: VALID_ID: 11891892
2023-06-30 17:39:10 [booklist] INFO: VALID_ID: 1305252
2023-06-30 17:39:10 [booklist] INFO: VALID_ID: 2559156
2023-06-30 17:39:10 [booklist] INFO: VALID_ID: 2542975
2023-06-30 17:39:10 [booklist] INFO: VALID_ID: 1309566
2023-06-30 17:39:10 [booklist] INFO: VALID_ID: 1309305
2023-06-30 17:39:10 [booklist] INFO: VALID_ID: 1307723
2023-06-30 17:39:10 [booklist] INFO: VALID_ID: 1287748
2023-06-30 17:39:10 [booklist] INFO: VALID_ID: 10301822
2023-06-30 17:39:10 [booklist] INFO: VALID_ID: 2559151
2023-06-30 17:39:10 [booklist] INFO: VALID_ID: 1303159
2023-06-30 17:39:10 [booklist] INFO: VALID_ID: 1288341
2023-06-30 17:39:10 [booklist] INFO: VALID_ID: 1310024
2023-06-30 17:39:10 [booklist] INFO: VALID_ID: 1287766
2023-06-30 17:39:10 [booklist] INFO: VALID_ID: 1305469
2023-06-30 17:39:10 [booklist] INFO: VALID_ID: 1313141
2023-06-30 17:39:10 [booklist] INFO: VALID_ID: 1313096
2023-06-30 17:39:10 [booklist] INFO: VALID_ID: 1309563
2023-06-30 17:39:10 [booklist] INFO: VALID_ID: 2559148
2023-06-30 17:39:10 [booklist] INFO: VALID_ID: 1287776
2023-06-30 17:39:10 [booklist] INFO: VALID_ID: 9893294
2023-06-30 17:39:10 [booklist] INFO: VALID_ID: 1302229
2023-06-30 17:39:10 [booklist] INFO: VALID_ID: 12865459
2023-06-30 17:39:10 [booklist] INFO: VALID_ID: 1287775
2023-06-30 17:39:10 [booklist] INFO: VALID_ID: 1302772
2023-06-30 17:39:10 [booklist] INFO: VALID_ID: 1287759
2023-06-30 17:39:10 [booklist] INFO: VALID_ID: 1287763
2023-06-30 17:39:10 [booklist] INFO: VALID_ID: 1312914
2023-06-30 17:39:10 [booklist] INFO: VALID_ID: 1308584
2023-06-30 17:39:10 [booklist] INFO: VALID_ID: 2559177
2023-06-30 17:39:10 [booklist] INFO: VALID_ID: 1305595
2023-06-30 17:39:10 [booklist] INFO: VALID_ID: 1313049
2023-06-30 17:39:10 [booklist] INFO: VALID_ID: 1302366
2023-06-30 17:39:10 [booklist] INFO: VALID_ID: 1305169
2023-06-30 17:39:10 [booklist] INFO: VALID_ID: 2568412
2023-06-30 17:39:10 [booklist] INFO: VALID_ID: 2559174
2023-06-30 17:39:10 [booklist] INFO: VALID_ID: 2559171
2023-06-30 17:39:10 [booklist] INFO: VALID_ID: 1308045
2023-06-30 17:39:10 [booklist] INFO: VALID_ID: 1304038
2023-06-30 17:39:10 [booklist] INFO: VALID_ID: 1312698
2023-06-30 17:39:10 [booklist] INFO: VALID_ID: 1287757
2023-06-30 17:39:10 [booklist] INFO: VALID_ID: 12865449
2023-06-30 17:39:10 [booklist] INFO: VALID_ID: 1305830
2023-06-30 17:39:10 [booklist] INFO: VALID_ID: 1312963
2023-06-30 17:39:10 [booklist] INFO: VALID_ID: 1308639
2023-06-30 17:39:10 [booklist] INFO: VALID_ID: 1312995
2023-06-30 17:39:10 [booklist] INFO: VALID_ID: 1304289
2023-06-30 17:39:10 [booklist] INFO: VALID_ID: 2559175
2023-06-30 17:39:10 [booklist] INFO: VALID_ID: 1311910
2023-06-30 17:39:10 [booklist] INFO: VALID_ID: 1310107
2023-06-30 17:39:10 [booklist] INFO: VALID_ID: 1313283
2023-06-30 17:39:10 [booklist] INFO: VALID_ID: 1308688
2023-06-30 17:39:10 [booklist] INFO: VALID_ID: 1303977
2023-06-30 17:39:10 [booklist] INFO: VALID_ID: 2559172
2023-06-30 17:39:10 [booklist] INFO: VALID_ID: 1308844
2023-06-30 17:39:10 [booklist] INFO: VALID_ID: 1302758
2023-06-30 17:39:10 [booklist] INFO: VALID_ID: 1311055
2023-06-30 17:39:10 [booklist] INFO: VALID_ID: 1309892
2023-06-30 17:39:10 [booklist] INFO: VALID_ID: 1308769
2023-06-30 17:39:10 [booklist] INFO: VALID_ID: 2559170
2023-06-30 17:39:10 [booklist] INFO: VALID_ID: 1312822
2023-06-30 17:39:10 [booklist] INFO: VALID_ID: 1301374
2023-06-30 17:39:10 [booklist] INFO: VALID_ID: 1306367
2023-06-30 17:39:10 [booklist] INFO: VALID_ID: 1306146
2023-06-30 17:39:10 [booklist] INFO: VALID_ID: 1306137
2023-06-30 17:39:10 [booklist] INFO: VALID_ID: 1308568
2023-06-30 17:39:10 [booklist] INFO: VALID_ID: 1306402
2023-06-30 17:39:10 [booklist] INFO: VALID_ID: 1303292
2023-06-30 17:39:10 [booklist] INFO: VALID_ID: 1305226
2023-06-30 17:39:10 [booklist] INFO: VALID_ID: 1309950
2023-06-30 17:39:10 [booklist] INFO: VALID_ID: 1302750
2023-06-30 17:39:10 [booklist] INFO: VALID_ID: 1309635
2023-06-30 17:39:10 [booklist] INFO: VALID_ID: 1305170
2023-06-30 17:39:10 [booklist] INFO: VALID_ID: 1304293
2023-06-30 17:39:10 [booklist] INFO: VALID_ID: 1312851
2023-06-30 17:39:10 [booklist] INFO: VALID_ID: 2609502
2023-06-30 17:39:10 [booklist] INFO: VALID_ID: 1305439
2023-06-30 17:39:10 [booklist] INFO: VALID_ID: 1307668
2023-06-30 17:39:10 [booklist] INFO: VALID_ID: 1309907
2023-06-30 17:39:10 [booklist] INFO: VALID_ID: 1308863
2023-06-30 17:39:10 [booklist] INFO: VALID_ID: 1309879
2023-06-30 17:39:10 [booklist] INFO: VALID_ID: 1305860
2023-06-30 17:39:10 [booklist] INFO: VALID_ID: 1311739
2023-06-30 17:39:10 [booklist] INFO: VALID_ID: 2559176
2023-06-30 17:39:10 [booklist] INFO: VALID_ID: 2559173
2023-06-30 17:39:10 [booklist] INFO: VALID_ID: 1305845
2023-06-30 17:39:10 [booklist] INFO: VALID_ID: 1312322
2023-06-30 17:39:10 [booklist] INFO: VALID_ID: 1313144
2023-06-30 17:39:10 [booklist] INFO: VALID_ID: 1308588
2023-06-30 17:39:10 [booklist] INFO: VALID_ID: 1305230
2023-06-30 17:39:10 [booklist] INFO: VALID_ID: 2589501
2023-06-30 17:39:10 [booklist] INFO: VALID_ID: 1311527
2023-06-30 17:39:10 [booklist] INFO: VALID_ID: 1312925
2023-06-30 17:39:10 [booklist] INFO: VALID_ID: 1312595
2023-06-30 17:39:10 [booklist] INFO: VALID_ID: 1311795
2023-06-30 17:39:10 [booklist] INFO: VALID_ID: 1309005
2023-06-30 17:39:10 [booklist] INFO: VALID_ID: 2589502
2023-06-30 17:39:10 [booklist] INFO: VALID_ID: 1309646
2023-06-30 17:39:10 [booklist] INFO: VALID_ID: 1311750
2023-06-30 17:39:10 [booklist] INFO: VALID_ID: 1308882
2023-06-30 17:39:10 [scrapy.core.engine] DEBUG: Crawled (200) <POST https://dl.ndl.go.jp/api/item/search> (referer: https://dl.ndl.go.jp/api/item/search)
2023-06-30 17:39:10 [booklist] INFO: Fetched page 6
2023-06-30 17:39:10 [booklist] INFO: VALID_ID: 1313025
2023-06-30 17:39:10 [booklist] INFO: VALID_ID: 1311734
2023-06-30 17:39:10 [booklist] INFO: VALID_ID: 1312964
2023-06-30 17:39:10 [booklist] INFO: VALID_ID: 1311022
2023-06-30 17:39:10 [booklist] INFO: VALID_ID: 1309658
2023-06-30 17:39:10 [booklist] INFO: VALID_ID: 1311758
2023-06-30 17:39:10 [booklist] INFO: VALID_ID: 1310100
2023-06-30 17:39:10 [booklist] INFO: VALID_ID: 1305330
2023-06-30 17:39:10 [booklist] INFO: VALID_ID: 1313015
2023-06-30 17:39:10 [booklist] INFO: VALID_ID: 1310415
2023-06-30 17:39:10 [booklist] INFO: VALID_ID: 1307098
2023-06-30 17:39:10 [booklist] INFO: VALID_ID: 1312983
2023-06-30 17:39:10 [booklist] INFO: VALID_ID: 1311060
2023-06-30 17:39:10 [booklist] INFO: VALID_ID: 1311742
2023-06-30 17:39:10 [booklist] INFO: VALID_ID: 1309303
2023-06-30 17:39:10 [booklist] INFO: VALID_ID: 2589503
2023-06-30 17:39:10 [booklist] INFO: VALID_ID: 1311545
2023-06-30 17:39:10 [booklist] INFO: VALID_ID: 1287868
2023-06-30 17:39:10 [booklist] INFO: VALID_ID: 1305648
2023-06-30 17:39:10 [booklist] INFO: VALID_ID: 1311213
2023-06-30 17:39:10 [booklist] INFO: VALID_ID: 1305236
2023-06-30 17:39:10 [booklist] INFO: VALID_ID: 1312921
2023-06-30 17:39:10 [booklist] INFO: VALID_ID: 1311074
2023-06-30 17:39:10 [booklist] INFO: VALID_ID: 1310112
2023-06-30 17:39:10 [booklist] INFO: VALID_ID: 1313086
2023-06-30 17:39:10 [booklist] INFO: VALID_ID: 2537445
2023-06-30 17:39:10 [booklist] INFO: VALID_ID: 1308244
2023-06-30 17:39:10 [booklist] INFO: VALID_ID: 1301316
2023-06-30 17:39:10 [booklist] INFO: VALID_ID: 1311089
2023-06-30 17:39:10 [booklist] INFO: VALID_ID: 1307126
2023-06-30 17:39:10 [booklist] INFO: VALID_ID: 1305711
2023-06-30 17:39:10 [booklist] INFO: VALID_ID: 1309309
2023-06-30 17:39:10 [booklist] INFO: VALID_ID: 1311178
2023-06-30 17:39:10 [booklist] INFO: VALID_ID: 1305200
2023-06-30 17:39:10 [booklist] INFO: VALID_ID: 1304309
2023-06-30 17:39:10 [booklist] INFO: VALID_ID: 1305692
2023-06-30 17:39:10 [booklist] INFO: VALID_ID: 1310972
2023-06-30 17:39:10 [booklist] INFO: VALID_ID: 1305316
2023-06-30 17:39:10 [booklist] INFO: VALID_ID: 1311285
2023-06-30 17:39:10 [booklist] INFO: VALID_ID: 1311730
2023-06-30 17:39:10 [booklist] INFO: VALID_ID: 1305306
2023-06-30 17:39:10 [booklist] INFO: VALID_ID: 1305092
2023-06-30 17:39:10 [booklist] INFO: VALID_ID: 1311010
2023-06-30 17:39:10 [booklist] INFO: VALID_ID: 1301296
2023-06-30 17:39:10 [booklist] INFO: VALID_ID: 1286443
2023-06-30 17:39:10 [booklist] INFO: VALID_ID: 1312009
2023-06-30 17:39:10 [booklist] INFO: VALID_ID: 1311974
2023-06-30 17:39:10 [booklist] INFO: VALID_ID: 1310875
2023-06-30 17:39:10 [booklist] INFO: VALID_ID: 1305759
2023-06-30 17:39:10 [booklist] INFO: VALID_ID: 1307802
2023-06-30 17:39:10 [booklist] INFO: VALID_ID: 1307777
2023-06-30 17:39:10 [booklist] INFO: VALID_ID: 1305362
2023-06-30 17:39:10 [booklist] INFO: VALID_ID: 1308994
2023-06-30 17:39:10 [booklist] INFO: VALID_ID: 1311786
2023-06-30 17:39:10 [booklist] INFO: VALID_ID: 1303863
2023-06-30 17:39:10 [booklist] INFO: VALID_ID: 1307653
2023-06-30 17:39:10 [booklist] INFO: VALID_ID: 2568410
2023-06-30 17:39:10 [booklist] INFO: VALID_ID: 1307131
2023-06-30 17:39:10 [booklist] INFO: VALID_ID: 1311004
2023-06-30 17:39:10 [booklist] INFO: VALID_ID: 1305346
2023-06-30 17:39:10 [booklist] INFO: VALID_ID: 1311288
2023-06-30 17:39:10 [booklist] INFO: VALID_ID: 1305361
2023-06-30 17:39:10 [booklist] INFO: VALID_ID: 2568411
2023-06-30 17:39:10 [booklist] INFO: VALID_ID: 9369493
2023-06-30 17:39:10 [booklist] INFO: VALID_ID: 2568413
2023-06-30 17:39:10 [booklist] INFO: VALID_ID: 1305210
2023-06-30 17:39:10 [booklist] INFO: VALID_ID: 1311902
2023-06-30 17:39:10 [booklist] INFO: VALID_ID: 1311922
2023-06-30 17:39:10 [booklist] INFO: VALID_ID: 1301495
2023-06-30 17:39:10 [booklist] INFO: VALID_ID: 1305100
2023-06-30 17:39:10 [booklist] INFO: VALID_ID: 1304648
2023-06-30 17:39:10 [booklist] INFO: VALID_ID: 1301497
2023-06-30 17:39:10 [booklist] INFO: VALID_ID: 1312757
2023-06-30 17:39:10 [booklist] INFO: VALID_ID: 1287858
2023-06-30 17:39:10 [booklist] INFO: VALID_ID: 1303900
2023-06-30 17:39:10 [booklist] INFO: VALID_ID: 11446576
2023-06-30 17:39:10 [booklist] INFO: VALID_ID: 1311950
2023-06-30 17:39:10 [booklist] INFO: VALID_ID: 1303946
2023-06-30 17:39:10 [booklist] INFO: VALID_ID: 2568415
2023-06-30 17:39:10 [booklist] INFO: VALID_ID: 1307108
2023-06-30 17:39:10 [booklist] INFO: VALID_ID: 2568417
2023-06-30 17:39:10 [booklist] INFO: VALID_ID: 1311248
2023-06-30 17:39:10 [booklist] INFO: VALID_ID: 1307809
2023-06-30 17:39:10 [booklist] INFO: VALID_ID: 11446574
2023-06-30 17:39:10 [booklist] INFO: VALID_ID: 1288338
2023-06-30 17:39:10 [booklist] INFO: VALID_ID: 1311996
2023-06-30 17:39:10 [booklist] INFO: VALID_ID: 1304676
2023-06-30 17:39:10 [booklist] INFO: VALID_ID: 1311241
2023-06-30 17:39:10 [booklist] INFO: VALID_ID: 1287834
2023-06-30 17:39:10 [booklist] INFO: VALID_ID: 1287737
2023-06-30 17:39:10 [booklist] INFO: VALID_ID: 1307808
2023-06-30 17:39:10 [booklist] INFO: VALID_ID: 1302546
2023-06-30 17:39:10 [booklist] INFO: VALID_ID: 1306508
2023-06-30 17:39:10 [booklist] INFO: VALID_ID: 1287723
2023-06-30 17:39:10 [booklist] INFO: VALID_ID: 1287862
2023-06-30 17:39:10 [booklist] INFO: VALID_ID: 1287865
2023-06-30 17:39:10 [booklist] INFO: VALID_ID: 1311177
2023-06-30 17:39:10 [booklist] INFO: VALID_ID: 1286669
2023-06-30 17:39:10 [booklist] INFO: VALID_ID: 1306463
2023-06-30 17:39:10 [booklist] INFO: VALID_ID: 1311230
2023-06-30 17:39:11 [scrapy.core.engine] DEBUG: Crawled (200) <POST https://dl.ndl.go.jp/api/item/search> (referer: https://dl.ndl.go.jp/api/item/search)
2023-06-30 17:39:11 [booklist] INFO: Fetched page 7
2023-06-30 17:39:11 [booklist] INFO: VALID_ID: 1287737
2023-06-30 17:39:11 [booklist] INFO: VALID_ID: 1305191
2023-06-30 17:39:11 [booklist] INFO: VALID_ID: 1287865
2023-06-30 17:39:11 [booklist] INFO: VALID_ID: 1288338
2023-06-30 17:39:11 [booklist] INFO: VALID_ID: 1287856
2023-06-30 17:39:11 [booklist] INFO: VALID_ID: 1287857
2023-06-30 17:39:11 [booklist] INFO: VALID_ID: 1310938
2023-06-30 17:39:11 [booklist] INFO: VALID_ID: 1307196
2023-06-30 17:39:11 [booklist] INFO: VALID_ID: 1311312
2023-06-30 17:39:11 [booklist] INFO: VALID_ID: 1287726
2023-06-30 17:39:11 [booklist] INFO: VALID_ID: 1287727
2023-06-30 17:39:11 [booklist] INFO: VALID_ID: 1287732
2023-06-30 17:39:11 [booklist] INFO: VALID_ID: 1306524
2023-06-30 17:39:11 [booklist] INFO: VALID_ID: 1309750
2023-06-30 17:39:11 [booklist] INFO: VALID_ID: 1287722
2023-06-30 17:39:11 [booklist] INFO: VALID_ID: 1287826
2023-06-30 17:39:11 [booklist] INFO: VALID_ID: 1287849
2023-06-30 17:39:11 [booklist] INFO: VALID_ID: 1287728
2023-06-30 17:39:11 [booklist] INFO: VALID_ID: 1287847
2023-06-30 17:39:11 [booklist] INFO: VALID_ID: 1287854
2023-06-30 17:39:11 [booklist] INFO: VALID_ID: 1287730
2023-06-30 17:39:11 [booklist] INFO: VALID_ID: 1310896
2023-06-30 17:39:11 [booklist] INFO: VALID_ID: 1310839
2023-06-30 17:39:11 [booklist] INFO: VALID_ID: 1287850
2023-06-30 17:39:11 [booklist] INFO: VALID_ID: 1287848
2023-06-30 17:39:11 [booklist] INFO: VALID_ID: 1287739
2023-06-30 17:39:11 [booklist] INFO: VALID_ID: 1287734
2023-06-30 17:39:11 [booklist] INFO: VALID_ID: 1287855
2023-06-30 17:39:11 [booklist] INFO: VALID_ID: 1287832
2023-06-30 17:39:11 [booklist] INFO: VALID_ID: 1287735
2023-06-30 17:39:11 [booklist] INFO: VALID_ID: 1287744
2023-06-30 17:39:11 [booklist] INFO: VALID_ID: 1287736
2023-06-30 17:39:11 [booklist] INFO: VALID_ID: 1287741
2023-06-30 17:39:11 [booklist] INFO: VALID_ID: 1287724
2023-06-30 17:39:11 [booklist] INFO: VALID_ID: 1287743
2023-06-30 17:39:11 [booklist] INFO: VALID_ID: 1301334
2023-06-30 17:39:11 [booklist] INFO: VALID_ID: 1287898
2023-06-30 17:39:11 [booklist] INFO: VALID_ID: 1312142
2023-06-30 17:39:11 [booklist] INFO: VALID_ID: 1309196
2023-06-30 17:39:11 [booklist] INFO: VALID_ID: 1313507
2023-06-30 17:39:11 [booklist] INFO: VALID_ID: 1308254
2023-06-30 17:39:11 [booklist] INFO: VALID_ID: 1311308
2023-06-30 17:39:11 [booklist] INFO: VALID_ID: 1287846
2023-06-30 17:39:11 [booklist] INFO: VALID_ID: 1287864
2023-06-30 17:39:11 [booklist] INFO: VALID_ID: 1310880
2023-06-30 17:39:11 [booklist] INFO: VALID_ID: 1312558
2023-06-30 17:39:11 [booklist] INFO: VALID_ID: 1311266
2023-06-30 17:39:11 [booklist] INFO: VALID_ID: 1312844
2023-06-30 17:39:11 [booklist] INFO: VALID_ID: 1309169
2023-06-30 17:39:11 [booklist] INFO: VALID_ID: 1288335
2023-06-30 17:39:11 [booklist] INFO: VALID_ID: 1309204
2023-06-30 17:39:11 [booklist] INFO: VALID_ID: 1309760
2023-06-30 17:39:11 [booklist] INFO: VALID_ID: 1311262
2023-06-30 17:39:11 [booklist] INFO: VALID_ID: 1309771
2023-06-30 17:39:11 [booklist] INFO: VALID_ID: 1312114
2023-06-30 17:39:11 [booklist] INFO: VALID_ID: 1310898
2023-06-30 17:39:11 [booklist] INFO: VALID_ID: 1309185
2023-06-30 17:39:11 [booklist] INFO: VALID_ID: 1307826
2023-06-30 17:39:11 [booklist] INFO: VALID_ID: 1304860
2023-06-30 17:39:11 [booklist] INFO: VALID_ID: 1311921
2023-06-30 17:39:11 [booklist] INFO: VALID_ID: 2542416
2023-06-30 17:39:11 [booklist] INFO: VALID_ID: 1309207
2023-06-30 17:39:11 [booklist] INFO: VALID_ID: 1304940
2023-06-30 17:39:11 [booklist] INFO: VALID_ID: 1310356
2023-06-30 17:39:11 [booklist] INFO: VALID_ID: 1303893
2023-06-30 17:39:11 [booklist] INFO: VALID_ID: 1301494
2023-06-30 17:39:11 [booklist] INFO: VALID_ID: 2576220
2023-06-30 17:39:11 [booklist] INFO: VALID_ID: 1311107
2023-06-30 17:39:11 [booklist] INFO: VALID_ID: 1307813
2023-06-30 17:39:11 [booklist] INFO: VALID_ID: 1309180
2023-06-30 17:39:11 [booklist] INFO: VALID_ID: 12865453
2023-06-30 17:39:11 [booklist] INFO: VALID_ID: 1287690
2023-06-30 17:39:11 [booklist] INFO: VALID_ID: 1301790
2023-06-30 17:39:11 [booklist] INFO: VALID_ID: 1307824
2023-06-30 17:39:11 [booklist] INFO: VALID_ID: 1287657
2023-06-30 17:39:11 [booklist] INFO: VALID_ID: 1312601
2023-06-30 17:39:11 [booklist] INFO: VALID_ID: 1311298
2023-06-30 17:39:11 [booklist] INFO: VALID_ID: 1301411
2023-06-30 17:39:11 [booklist] INFO: VALID_ID: 2593475
2023-06-30 17:39:11 [booklist] INFO: VALID_ID: 1287897
2023-06-30 17:39:11 [booklist] INFO: VALID_ID: 1287754
2023-06-30 17:39:11 [booklist] INFO: VALID_ID: 1311919
2023-06-30 17:39:11 [booklist] INFO: VALID_ID: 2593498
2023-06-30 17:39:11 [booklist] INFO: VALID_ID: 1301321
2023-06-30 17:39:11 [booklist] INFO: VALID_ID: 1288340
2023-06-30 17:39:11 [booklist] INFO: VALID_ID: 11446568
2023-06-30 17:39:11 [booklist] INFO: VALID_ID: 2548612
2023-06-30 17:39:11 [booklist] INFO: VALID_ID: 1288520
2023-06-30 17:39:11 [booklist] INFO: VALID_ID: 1287644
2023-06-30 17:39:11 [booklist] INFO: VALID_ID: 1311295
2023-06-30 17:39:11 [booklist] INFO: VALID_ID: 11223198
2023-06-30 17:39:11 [booklist] INFO: VALID_ID: 2548613
2023-06-30 17:39:11 [booklist] INFO: VALID_ID: 2590857
2023-06-30 17:39:11 [booklist] INFO: VALID_ID: 2590848
2023-06-30 17:39:11 [booklist] INFO: VALID_ID: 1287663
2023-06-30 17:39:11 [booklist] INFO: VALID_ID: 1287662
2023-06-30 17:39:11 [booklist] INFO: VALID_ID: 2590853
2023-06-30 17:39:11 [booklist] INFO: VALID_ID: 1287653
2023-06-30 17:39:11 [booklist] INFO: VALID_ID: 11446577
2023-06-30 17:39:11 [booklist] INFO: VALID_ID: 1287651
2023-06-30 17:39:12 [scrapy.core.engine] DEBUG: Crawled (200) <POST https://dl.ndl.go.jp/api/item/search> (referer: https://dl.ndl.go.jp/api/item/search)
2023-06-30 17:39:12 [booklist] INFO: Fetched page 8
2023-06-30 17:39:12 [booklist] INFO: VALID_ID: 2590848
2023-06-30 17:39:12 [booklist] INFO: VALID_ID: 1287643
2023-06-30 17:39:12 [booklist] INFO: VALID_ID: 1311295
2023-06-30 17:39:12 [booklist] INFO: VALID_ID: 1287660
2023-06-30 17:39:12 [booklist] INFO: VALID_ID: 1287652
2023-06-30 17:39:12 [booklist] INFO: VALID_ID: 1287672
2023-06-30 17:39:12 [booklist] INFO: VALID_ID: 1287650
2023-06-30 17:39:12 [booklist] INFO: VALID_ID: 1287649
2023-06-30 17:39:12 [booklist] INFO: VALID_ID: 1287673
2023-06-30 17:39:12 [booklist] INFO: VALID_ID: 11446577
2023-06-30 17:39:12 [booklist] INFO: VALID_ID: 2590851
2023-06-30 17:39:12 [booklist] INFO: VALID_ID: 2548613
2023-06-30 17:39:12 [booklist] INFO: VALID_ID: 1287572
2023-06-30 17:39:12 [booklist] INFO: VALID_ID: 1287627
2023-06-30 17:39:12 [booklist] INFO: VALID_ID: 1287599
2023-06-30 17:39:12 [booklist] INFO: VALID_ID: 1287573
2023-06-30 17:39:12 [booklist] INFO: VALID_ID: 1287602
2023-06-30 17:39:12 [booklist] INFO: VALID_ID: 1287584
2023-06-30 17:39:12 [booklist] INFO: VALID_ID: 1287552
2023-06-30 17:39:12 [booklist] INFO: VALID_ID: 1287686
2023-06-30 17:39:12 [booklist] INFO: VALID_ID: 2590853
2023-06-30 17:39:12 [booklist] INFO: VALID_ID: 2590854
2023-06-30 17:39:12 [booklist] INFO: VALID_ID: 2593510
2023-06-30 17:39:12 [booklist] INFO: VALID_ID: 1287610
2023-06-30 17:39:12 [booklist] INFO: VALID_ID: 1287556
2023-06-30 17:39:12 [booklist] INFO: VALID_ID: 2590857
2023-06-30 17:39:12 [booklist] INFO: VALID_ID: 10301768
2023-06-30 17:39:12 [booklist] INFO: VALID_ID: 1288332
2023-06-30 17:39:12 [booklist] INFO: VALID_ID: 1287636
2023-06-30 17:39:12 [booklist] INFO: VALID_ID: 2590852
2023-06-30 17:39:12 [booklist] INFO: VALID_ID: 2590856
2023-06-30 17:39:12 [booklist] INFO: VALID_ID: 10301767
2023-06-30 17:39:12 [booklist] INFO: VALID_ID: 1287675
2023-06-30 17:39:12 [booklist] INFO: VALID_ID: 1287615
2023-06-30 17:39:12 [booklist] INFO: VALID_ID: 1287591
2023-06-30 17:39:12 [booklist] INFO: VALID_ID: 1287611
2023-06-30 17:39:12 [booklist] INFO: VALID_ID: 11038496
2023-06-30 17:39:12 [booklist] INFO: VALID_ID: 1287664
2023-06-30 17:39:12 [booklist] INFO: VALID_ID: 1287665
2023-06-30 17:39:12 [booklist] INFO: VALID_ID: 2593499
2023-06-30 17:39:12 [booklist] INFO: VALID_ID: 2559230
2023-06-30 17:39:12 [booklist] INFO: VALID_ID: 1287697
2023-06-30 17:39:12 [booklist] INFO: VALID_ID: 1287695
2023-06-30 17:39:12 [booklist] INFO: VALID_ID: 1287603
2023-06-30 17:39:12 [booklist] INFO: VALID_ID: 2591653
2023-06-30 17:39:12 [booklist] INFO: VALID_ID: 1287719
2023-06-30 17:39:12 [booklist] INFO: VALID_ID: 1287593
2023-06-30 17:39:12 [booklist] INFO: VALID_ID: 1287626
2023-06-30 17:39:12 [booklist] INFO: VALID_ID: 1287579
2023-06-30 17:39:12 [booklist] INFO: VALID_ID: 1287568
2023-06-30 17:39:12 [booklist] INFO: VALID_ID: 1287716
2023-06-30 17:39:12 [booklist] INFO: VALID_ID: 1287632
2023-06-30 17:39:12 [booklist] INFO: VALID_ID: 1287714
2023-06-30 17:39:12 [booklist] INFO: VALID_ID: 1287651
2023-06-30 17:39:12 [booklist] INFO: VALID_ID: 1287674
2023-06-30 17:39:12 [booklist] INFO: VALID_ID: 1288334
2023-06-30 17:39:12 [booklist] INFO: VALID_ID: 1287624
2023-06-30 17:39:12 [booklist] INFO: VALID_ID: 1287578
2023-06-30 17:39:12 [booklist] INFO: VALID_ID: 1288333
2023-06-30 17:39:12 [booklist] INFO: VALID_ID: 1287711
2023-06-30 17:39:12 [booklist] INFO: VALID_ID: 1287619
2023-06-30 17:39:12 [booklist] INFO: VALID_ID: 1287600
2023-06-30 17:39:12 [booklist] INFO: VALID_ID: 1287583
2023-06-30 17:39:12 [booklist] INFO: VALID_ID: 1287641
2023-06-30 17:39:12 [booklist] INFO: VALID_ID: 1287640
2023-06-30 17:39:12 [booklist] INFO: VALID_ID: 1287567
2023-06-30 17:39:12 [booklist] INFO: VALID_ID: 1287687
2023-06-30 17:39:12 [booklist] INFO: VALID_ID: 1287635
2023-06-30 17:39:12 [booklist] INFO: VALID_ID: 2593385
2023-06-30 17:39:12 [booklist] INFO: VALID_ID: 2593427
2023-06-30 17:39:12 [booklist] INFO: VALID_ID: 2593442
2023-06-30 17:39:12 [booklist] INFO: VALID_ID: 1287547
2023-06-30 17:39:12 [booklist] INFO: VALID_ID: 1287571
2023-06-30 17:39:12 [booklist] INFO: VALID_ID: 1287703
2023-06-30 17:39:12 [booklist] INFO: VALID_ID: 1287609
2023-06-30 17:39:12 [booklist] INFO: VALID_ID: 1287717
2023-06-30 17:39:12 [booklist] INFO: VALID_ID: 2542843
2023-06-30 17:39:12 [booklist] INFO: VALID_ID: 8943207
2023-06-30 17:39:12 [booklist] INFO: VALID_ID: 2570262
2023-06-30 17:39:12 [booklist] INFO: VALID_ID: 2570306
2023-06-30 17:39:12 [booklist] INFO: VALID_ID: 1287546
2023-06-30 17:39:12 [booklist] INFO: VALID_ID: 1287715
2023-06-30 17:39:12 [booklist] INFO: VALID_ID: 1287559
2023-06-30 17:39:12 [booklist] INFO: VALID_ID: 1287625
2023-06-30 17:39:12 [booklist] INFO: VALID_ID: 1287709
2023-06-30 17:39:12 [booklist] INFO: VALID_ID: 1287587
2023-06-30 17:39:12 [booklist] INFO: VALID_ID: 1287642
2023-06-30 17:39:12 [booklist] INFO: VALID_ID: 2561185
2023-06-30 17:39:12 [booklist] INFO: VALID_ID: 2590850
2023-06-30 17:39:12 [booklist] INFO: VALID_ID: 2578914
2023-06-30 17:39:12 [booklist] INFO: VALID_ID: 1288337
2023-06-30 17:39:12 [booklist] INFO: VALID_ID: 1287617
2023-06-30 17:39:12 [booklist] INFO: VALID_ID: 1287623
2023-06-30 17:39:12 [booklist] INFO: VALID_ID: 1287633
2023-06-30 17:39:12 [booklist] INFO: VALID_ID: 1287704
2023-06-30 17:39:12 [booklist] INFO: VALID_ID: 1287585
2023-06-30 17:39:12 [booklist] INFO: VALID_ID: 1287682
2023-06-30 17:39:12 [booklist] INFO: VALID_ID: 1287575
2023-06-30 17:39:12 [booklist] INFO: VALID_ID: 8943204
2023-06-30 17:39:12 [booklist] INFO: VALID_ID: 2578909
2023-06-30 17:39:13 [scrapy.core.engine] DEBUG: Crawled (200) <POST https://dl.ndl.go.jp/api/item/search> (referer: https://dl.ndl.go.jp/api/item/search)
2023-06-30 17:39:13 [booklist] INFO: Fetched page 9
2023-06-30 17:39:13 [booklist] INFO: VALID_ID: 1287585
2023-06-30 17:39:13 [booklist] INFO: VALID_ID: 1287682
2023-06-30 17:39:13 [booklist] INFO: VALID_ID: 1287575
2023-06-30 17:39:13 [booklist] INFO: VALID_ID: 8943204
2023-06-30 17:39:13 [booklist] INFO: VALID_ID: 2593286
2023-06-30 17:39:13 [booklist] INFO: VALID_ID: 2570306
2023-06-30 17:39:13 [booklist] INFO: VALID_ID: 2578909
2023-06-30 17:39:13 [booklist] INFO: VALID_ID: 1287618
2023-06-30 17:39:13 [booklist] INFO: VALID_ID: 1287693
2023-06-30 17:39:13 [booklist] INFO: VALID_ID: 1287634
2023-06-30 17:39:13 [booklist] INFO: VALID_ID: 1287581
2023-06-30 17:39:13 [booklist] INFO: VALID_ID: 2593428
2023-06-30 17:39:13 [booklist] INFO: VALID_ID: 2561186
2023-06-30 17:39:13 [booklist] INFO: VALID_ID: 2593406
2023-06-30 17:39:13 [booklist] INFO: VALID_ID: 2593440
2023-06-30 17:39:13 [booklist] INFO: VALID_ID: 2578913
2023-06-30 17:39:13 [booklist] INFO: VALID_ID: 2578920
2023-06-30 17:39:13 [booklist] INFO: VALID_ID: 2593491
2023-06-30 17:39:13 [booklist] INFO: VALID_ID: 2559070
2023-06-30 17:39:13 [booklist] INFO: VALID_ID: 2586648
2023-06-30 17:39:13 [booklist] INFO: VALID_ID: 2591775
2023-06-30 17:39:13 [booklist] INFO: VALID_ID: 2578917
2023-06-30 17:39:13 [booklist] INFO: VALID_ID: 2571894
2023-06-30 17:39:13 [booklist] INFO: VALID_ID: 10301747
2023-06-30 17:39:13 [booklist] INFO: VALID_ID: 2608684
2023-06-30 17:39:13 [booklist] INFO: VALID_ID: 2578919
2023-06-30 17:39:13 [booklist] INFO: VALID_ID: 2578916
2023-06-30 17:39:13 [booklist] INFO: VALID_ID: 2578908
2023-06-30 17:39:13 [booklist] INFO: VALID_ID: 2578918
2023-06-30 17:39:13 [booklist] INFO: VALID_ID: 3010904
2023-06-30 17:39:13 [booklist] INFO: VALID_ID: 2593439
2023-06-30 17:39:13 [booklist] INFO: VALID_ID: 2593451
2023-06-30 17:39:13 [booklist] INFO: VALID_ID: 2593441
2023-06-30 17:39:13 [booklist] INFO: VALID_ID: 2593478
2023-06-30 17:39:13 [booklist] INFO: VALID_ID: 2541926
2023-06-30 17:39:13 [booklist] INFO: VALID_ID: 2593471
2023-06-30 17:39:13 [booklist] INFO: VALID_ID: 2578902
2023-06-30 17:39:13 [booklist] INFO: VALID_ID: 2578905
2023-06-30 17:39:13 [booklist] INFO: VALID_ID: 2570262
2023-06-30 17:39:13 [booklist] INFO: VALID_ID: 2578915
2023-06-30 17:39:13 [booklist] INFO: VALID_ID: 2578903
2023-06-30 17:39:13 [booklist] INFO: VALID_ID: 2578906
2023-06-30 17:39:13 [booklist] INFO: VALID_ID: 2571898
2023-06-30 17:39:13 [booklist] INFO: VALID_ID: 2593384
2023-06-30 17:39:13 [booklist] INFO: VALID_ID: 2578910
2023-06-30 17:39:13 [booklist] INFO: VALID_ID: 1307726
2023-06-30 17:39:13 [booklist] INFO: VALID_ID: 10301741
2023-06-30 17:39:13 [booklist] INFO: VALID_ID: 2593449
2023-06-30 17:39:13 [booklist] INFO: VALID_ID: 11446573
2023-06-30 17:39:13 [booklist] INFO: VALID_ID: 2593467
2023-06-30 17:39:13 [booklist] INFO: VALID_ID: 10301367
2023-06-30 17:39:13 [booklist] INFO: VALID_ID: 2571895
2023-06-30 17:39:13 [booklist] INFO: VALID_ID: 2578907
2023-06-30 17:39:13 [booklist] INFO: VALID_ID: 2578921
2023-06-30 17:39:13 [booklist] INFO: VALID_ID: 2593367
2023-06-30 17:39:13 [booklist] INFO: VALID_ID: 2541532
2023-06-30 17:39:13 [booklist] INFO: VALID_ID: 2593455
2023-06-30 17:39:13 [booklist] INFO: VALID_ID: 2558901
2023-06-30 17:39:13 [booklist] INFO: VALID_ID: 2596138
2023-06-30 17:39:13 [booklist] INFO: VALID_ID: 2593450
2023-06-30 17:39:13 [booklist] INFO: VALID_ID: 2593558
2023-06-30 17:39:13 [booklist] INFO: VALID_ID: 2578904
2023-06-30 17:39:13 [booklist] INFO: VALID_ID: 10301739
2023-06-30 17:39:13 [booklist] INFO: VALID_ID: 2593415
2023-06-30 17:39:13 [booklist] INFO: VALID_ID: 2578911
2023-06-30 17:39:13 [booklist] INFO: VALID_ID: 2578912
2023-06-30 17:39:13 [booklist] INFO: VALID_ID: 10303789
2023-06-30 17:39:13 [booklist] INFO: VALID_ID: 10301750
2023-06-30 17:39:13 [booklist] INFO: VALID_ID: 2592331
2023-06-30 17:39:13 [booklist] INFO: VALID_ID: 2546235
2023-06-30 17:39:13 [booklist] INFO: VALID_ID: 2593476
2023-06-30 17:39:13 [booklist] INFO: VALID_ID: 2593527
2023-06-30 17:39:13 [booklist] INFO: VALID_ID: 10301753
2023-06-30 17:39:13 [booklist] INFO: VALID_ID: 2558615
2023-06-30 17:39:13 [booklist] INFO: VALID_ID: 10301746
2023-06-30 17:39:13 [booklist] INFO: VALID_ID: 2593380
2023-06-30 17:39:13 [booklist] INFO: VALID_ID: 2606372
2023-06-30 17:39:13 [booklist] INFO: VALID_ID: 2610848
2023-06-30 17:39:13 [booklist] INFO: VALID_ID: 10301762
2023-06-30 17:39:13 [booklist] INFO: VALID_ID: 10301743
2023-06-30 17:39:13 [booklist] INFO: VALID_ID: 2542751
2023-06-30 17:39:13 [booklist] INFO: VALID_ID: 2593547
2023-06-30 17:39:13 [booklist] INFO: VALID_ID: 2592329
2023-06-30 17:39:13 [booklist] INFO: VALID_ID: 10303680
2023-06-30 17:39:13 [booklist] INFO: VALID_ID: 10303523
2023-06-30 17:39:13 [booklist] INFO: VALID_ID: 2605424
2023-06-30 17:39:13 [booklist] INFO: VALID_ID: 2558614
2023-06-30 17:39:13 [booklist] INFO: VALID_ID: 2544642
2023-06-30 17:39:13 [booklist] INFO: VALID_ID: 2593470
2023-06-30 17:39:13 [booklist] INFO: VALID_ID: 10303522
2023-06-30 17:39:13 [booklist] INFO: VALID_ID: 11892623
2023-06-30 17:39:13 [booklist] INFO: VALID_ID: 1288183
2023-06-30 17:39:13 [booklist] INFO: VALID_ID: 11892624
2023-06-30 17:39:13 [booklist] INFO: VALID_ID: 2593413
2023-06-30 17:39:13 [booklist] INFO: VALID_ID: 2585555
2023-06-30 17:39:13 [booklist] INFO: VALID_ID: 2593546
2023-06-30 17:39:13 [booklist] INFO: VALID_ID: 2540670
2023-06-30 17:39:13 [booklist] INFO: VALID_ID: 2593570
2023-06-30 17:39:13 [booklist] INFO: VALID_ID: 2546170
2023-06-30 17:39:13 [booklist] INFO: VALID_ID: 2610012
2023-06-30 17:39:15 [scrapy.core.engine] DEBUG: Crawled (200) <POST https://dl.ndl.go.jp/api/item/search> (referer: https://dl.ndl.go.jp/api/item/search)
2023-06-30 17:39:15 [booklist] INFO: Fetched page 10
2023-06-30 17:39:15 [booklist] INFO: VALID_ID: 11892572
2023-06-30 17:39:15 [booklist] INFO: VALID_ID: 11892630
2023-06-30 17:39:15 [booklist] INFO: VALID_ID: 10301751
2023-06-30 17:39:15 [booklist] INFO: VALID_ID: 2592729
2023-06-30 17:39:15 [booklist] INFO: VALID_ID: 10304022
2023-06-30 17:39:15 [booklist] INFO: VALID_ID: 2551752
2023-06-30 17:39:15 [booklist] INFO: VALID_ID: 2606806
2023-06-30 17:39:15 [booklist] INFO: VALID_ID: 2551759
2023-06-30 17:39:15 [booklist] INFO: VALID_ID: 9368666
2023-06-30 17:39:15 [booklist] INFO: VALID_ID: 2551760
2023-06-30 17:39:15 [booklist] INFO: VALID_ID: 10301752
2023-06-30 17:39:15 [booklist] INFO: VALID_ID: 2608154
2023-06-30 17:39:15 [booklist] INFO: VALID_ID: 2585457
2023-06-30 17:39:15 [booklist] INFO: VALID_ID: 2593526
2023-06-30 17:39:15 [booklist] INFO: VALID_ID: 2610186
2023-06-30 17:39:15 [booklist] INFO: VALID_ID: 2585674
2023-06-30 17:39:15 [booklist] INFO: VALID_ID: 2559842
2023-06-30 17:39:15 [booklist] INFO: VALID_ID: 2593560
2023-06-30 17:39:15 [booklist] INFO: VALID_ID: 2553339
2023-06-30 17:39:15 [booklist] INFO: VALID_ID: 2593567
2023-06-30 17:39:15 [booklist] INFO: VALID_ID: 2585461
2023-06-30 17:39:15 [booklist] INFO: VALID_ID: 2585689
2023-06-30 17:39:15 [booklist] INFO: VALID_ID: 2546173
2023-06-30 17:39:15 [booklist] INFO: VALID_ID: 10301740
2023-06-30 17:39:15 [booklist] INFO: VALID_ID: 10301235
2023-06-30 17:39:15 [booklist] INFO: VALID_ID: 2553312
2023-06-30 17:39:15 [booklist] INFO: VALID_ID: 10301390
2023-06-30 17:39:15 [booklist] INFO: VALID_ID: 2551753
2023-06-30 17:39:15 [booklist] INFO: VALID_ID: 2585451
2023-06-30 17:39:15 [booklist] INFO: VALID_ID: 2591892
2023-06-30 17:39:15 [booklist] INFO: VALID_ID: 2546172
2023-06-30 17:39:15 [booklist] INFO: VALID_ID: 2546171
2023-06-30 17:39:15 [booklist] INFO: VALID_ID: 10301770
2023-06-30 17:39:15 [booklist] INFO: VALID_ID: 2553310
2023-06-30 17:39:15 [booklist] INFO: VALID_ID: 10301744
2023-06-30 17:39:15 [booklist] INFO: VALID_ID: 10301640
2023-06-30 17:39:15 [booklist] INFO: VALID_ID: 10301749
2023-06-30 17:39:15 [booklist] INFO: VALID_ID: 2585521
2023-06-30 17:39:15 [booklist] INFO: VALID_ID: 2587599
2023-06-30 17:39:15 [booklist] INFO: VALID_ID: 10301263
2023-06-30 17:39:15 [booklist] INFO: VALID_ID: 2609279
2023-06-30 17:39:15 [booklist] INFO: VALID_ID: 10303727
2023-06-30 17:39:15 [booklist] INFO: VALID_ID: 10301742
2023-06-30 17:39:15 [booklist] INFO: VALID_ID: 2553317
2023-06-30 17:39:15 [booklist] INFO: VALID_ID: 10303916
2023-06-30 17:39:15 [booklist] INFO: VALID_ID: 2605218
2023-06-30 17:39:15 [booklist] INFO: VALID_ID: 2551755
2023-06-30 17:39:15 [booklist] INFO: VALID_ID: 8943312
2023-06-30 17:39:15 [booklist] INFO: VALID_ID: 2607856
2023-06-30 17:39:15 [booklist] INFO: VALID_ID: 10301340
2023-06-30 17:39:15 [booklist] INFO: VALID_ID: 2553306
2023-06-30 17:39:15 [booklist] INFO: VALID_ID: 10301610
2023-06-30 17:39:15 [booklist] INFO: VALID_ID: 2548697
2023-06-30 17:39:15 [booklist] INFO: VALID_ID: 2585462
2023-06-30 17:39:15 [booklist] INFO: VALID_ID: 10301407
2023-06-30 17:39:15 [booklist] INFO: VALID_ID: 9369964
2023-06-30 17:39:15 [booklist] INFO: VALID_ID: 2585496
2023-06-30 17:39:15 [booklist] INFO: VALID_ID: 10301536
2023-06-30 17:39:15 [booklist] INFO: VALID_ID: 2606743
2023-06-30 17:39:15 [booklist] INFO: VALID_ID: 2605214
2023-06-30 17:39:15 [booklist] INFO: VALID_ID: 2546174
2023-06-30 17:39:15 [booklist] INFO: VALID_ID: 10301460
2023-06-30 17:39:15 [booklist] INFO: VALID_ID: 10301766
2023-06-30 17:39:15 [booklist] INFO: VALID_ID: 9370016
2023-06-30 17:39:15 [booklist] INFO: VALID_ID: 10301535
2023-06-30 17:39:15 [booklist] INFO: VALID_ID: 2547718
2023-06-30 17:39:15 [booklist] INFO: VALID_ID: 2608598
2023-06-30 17:39:15 [booklist] INFO: VALID_ID: 9369974
2023-06-30 17:39:15 [booklist] INFO: VALID_ID: 2610770
2023-06-30 17:39:15 [booklist] INFO: VALID_ID: 2548018
2023-06-30 17:39:15 [booklist] INFO: VALID_ID: 11446659
2023-06-30 17:39:15 [booklist] INFO: VALID_ID: 2608900
2023-06-30 17:39:15 [booklist] INFO: VALID_ID: 2576219
2023-06-30 17:39:15 [booklist] INFO: VALID_ID: 2576224
2023-06-30 17:39:15 [booklist] INFO: VALID_ID: 2607339
2023-06-30 17:39:15 [booklist] INFO: VALID_ID: 2576230
2023-06-30 17:39:15 [booklist] INFO: VALID_ID: 2576223
2023-06-30 17:39:15 [booklist] INFO: VALID_ID: 10301738
2023-06-30 17:39:15 [booklist] INFO: VALID_ID: 2608884
2023-06-30 17:39:15 [booklist] INFO: VALID_ID: 2576226
2023-06-30 17:39:15 [booklist] INFO: VALID_ID: 2576213
2023-06-30 17:39:15 [booklist] INFO: VALID_ID: 2576228
2023-06-30 17:39:15 [booklist] INFO: VALID_ID: 2576225
2023-06-30 17:39:15 [booklist] INFO: VALID_ID: 2576229
2023-06-30 17:39:15 [booklist] INFO: VALID_ID: 2576231
2023-06-30 17:39:15 [booklist] INFO: VALID_ID: 2576212
2023-06-30 17:39:15 [booklist] INFO: VALID_ID: 2576227
2023-06-30 17:39:15 [booklist] INFO: VALID_ID: 2576216
2023-06-30 17:39:15 [booklist] INFO: VALID_ID: 2576214
2023-06-30 17:39:15 [booklist] INFO: VALID_ID: 2576221
2023-06-30 17:39:15 [booklist] INFO: VALID_ID: 2576232
2023-06-30 17:39:15 [booklist] INFO: VALID_ID: 2576215
2023-06-30 17:39:15 [booklist] INFO: VALID_ID: 2576233
2023-06-30 17:39:15 [booklist] INFO: VALID_ID: 2576222
2023-06-30 17:39:15 [booklist] INFO: VALID_ID: 2533459
2023-06-30 17:39:15 [booklist] INFO: VALID_ID: 2576218
2023-06-30 17:39:15 [booklist] INFO: VALID_ID: 2576217
2023-06-30 17:39:15 [booklist] INFO: VALID_ID: 10301296
2023-06-30 17:39:15 [booklist] INFO: VALID_ID: 2605579
2023-06-30 17:39:15 [booklist] INFO: VALID_ID: 2532472
2023-06-30 17:39:16 [scrapy.core.engine] DEBUG: Crawled (200) <POST https://dl.ndl.go.jp/api/item/search> (referer: https://dl.ndl.go.jp/api/item/search)
2023-06-30 17:39:16 [booklist] INFO: Fetched page 11
2023-06-30 17:39:16 [booklist] INFO: VALID_ID: 2576215
2023-06-30 17:39:16 [booklist] INFO: VALID_ID: 2576233
2023-06-30 17:39:16 [booklist] INFO: VALID_ID: 10301232
2023-06-30 17:39:16 [booklist] INFO: VALID_ID: 2548022
2023-06-30 17:39:16 [booklist] INFO: VALID_ID: 10301296
2023-06-30 17:39:16 [booklist] INFO: VALID_ID: 2585690
2023-06-30 17:39:16 [booklist] INFO: VALID_ID: 2608326
2023-06-30 17:39:16 [booklist] INFO: VALID_ID: 2608651
2023-06-30 17:39:16 [booklist] INFO: VALID_ID: 2606412
2023-06-30 17:39:16 [booklist] INFO: VALID_ID: 2607580
2023-06-30 17:39:16 [booklist] INFO: VALID_ID: 9369966
2023-06-30 17:39:16 [booklist] INFO: VALID_ID: 2606303
2023-06-30 17:39:16 [booklist] INFO: VALID_ID: 2610583
2023-06-30 17:39:16 [booklist] INFO: VALID_ID: 2608004
2023-06-30 17:39:16 [booklist] INFO: VALID_ID: 2559219
2023-06-30 17:39:16 [booklist] INFO: VALID_ID: 2559224
2023-06-30 17:39:16 [booklist] INFO: VALID_ID: 2559222
2023-06-30 17:39:16 [booklist] INFO: VALID_ID: 2559226
2023-06-30 17:39:16 [booklist] INFO: VALID_ID: 10300963
2023-06-30 17:39:16 [booklist] INFO: VALID_ID: 2559225
2023-06-30 17:39:16 [booklist] INFO: VALID_ID: 2559220
2023-06-30 17:39:16 [booklist] INFO: VALID_ID: 2559221
2023-06-30 17:39:16 [booklist] INFO: VALID_ID: 2559229
2023-06-30 17:39:16 [booklist] INFO: VALID_ID: 2559231
2023-06-30 17:39:16 [booklist] INFO: VALID_ID: 2559228
2023-06-30 17:39:16 [booklist] INFO: VALID_ID: 2559061
2023-06-30 17:39:16 [booklist] INFO: VALID_ID: 2559223
2023-06-30 17:39:16 [booklist] INFO: VALID_ID: 2559067
2023-06-30 17:39:16 [booklist] INFO: VALID_ID: 2559071
2023-06-30 17:39:16 [booklist] INFO: VALID_ID: 2559063
2023-06-30 17:39:16 [booklist] INFO: VALID_ID: 2549649
2023-06-30 17:39:16 [booklist] INFO: VALID_ID: 2559227
2023-06-30 17:39:16 [booklist] INFO: VALID_ID: 2559064
2023-06-30 17:39:16 [booklist] INFO: VALID_ID: 10301165
2023-06-30 17:39:16 [booklist] INFO: VALID_ID: 2559065
2023-06-30 17:39:16 [booklist] INFO: VALID_ID: 2559062
2023-06-30 17:39:16 [booklist] INFO: VALID_ID: 2559066
2023-06-30 17:39:16 [booklist] INFO: VALID_ID: 2559060
2023-06-30 17:39:16 [booklist] INFO: VALID_ID: 2559068
2023-06-30 17:39:16 [booklist] INFO: VALID_ID: 2609563
2023-06-30 17:39:16 [booklist] INFO: VALID_ID: 2610818
2023-06-30 17:39:16 [booklist] INFO: VALID_ID: 2559072
2023-06-30 17:39:16 [booklist] INFO: VALID_ID: 2559069
2023-06-30 17:39:16 [booklist] INFO: VALID_ID: 10301383
2023-06-30 17:39:16 [booklist] INFO: VALID_ID: 9369953
2023-06-30 17:39:16 [booklist] INFO: VALID_ID: 2541121
2023-06-30 17:39:16 [booklist] INFO: VALID_ID: 2609516
2023-06-30 17:39:16 [booklist] INFO: VALID_ID: 10301207
2023-06-30 17:39:16 [booklist] INFO: VALID_ID: 2611085
2023-06-30 17:39:16 [booklist] INFO: VALID_ID: 2609582
2023-06-30 17:39:16 [booklist] INFO: VALID_ID: 2610456
2023-06-30 17:39:16 [booklist] INFO: VALID_ID: 2609783
2023-06-30 17:39:16 [booklist] INFO: VALID_ID: 2548033
2023-06-30 17:39:16 [booklist] INFO: VALID_ID: 2548034
2023-06-30 17:39:16 [booklist] INFO: VALID_ID: 2585163
2023-06-30 17:39:16 [booklist] INFO: VALID_ID: 12865370
2023-06-30 17:39:16 [booklist] INFO: VALID_ID: 2610138
2023-06-30 17:39:17 [scrapy.core.engine] DEBUG: Crawled (200) <POST https://dl.ndl.go.jp/api/item/search> (referer: https://dl.ndl.go.jp/api/item/search)
2023-06-30 17:39:17 [booklist] INFO: Fetched page 12
2023-06-30 17:39:17 [booklist] INFO: No more books on 12
2023-06-30 17:39:17 [scrapy.core.engine] INFO: Closing spider (finished)
2023-06-30 17:39:17 [scrapy.statscollectors] INFO: Dumping Scrapy stats:
{'downloader/request_bytes': 16390,
 'downloader/request_count': 13,
 'downloader/request_method_count/GET': 1,
 'downloader/request_method_count/POST': 12,
 'downloader/response_bytes': 2539984,
 'downloader/response_count': 13,
 'downloader/response_status_count/200': 13,
 'elapsed_time_seconds': 11.32906,
 'finish_reason': 'finished',
 'finish_time': datetime.datetime(2023, 6, 30, 9, 39, 17, 367936),
 'httpcompression/response_bytes': 28838848,
 'httpcompression/response_count': 12,
 'log_count/DEBUG': 16,
 'log_count/INFO': 1080,
 'memusage/max': 63672320,
 'memusage/startup': 63672320,
 'request_depth_max': 11,
 'response_received_count': 13,
 'robotstxt/request_count': 1,
 'robotstxt/response_count': 1,
 'robotstxt/response_status_count/200': 1,
 'scheduler/dequeued': 12,
 'scheduler/dequeued/memory': 12,
 'scheduler/enqueued': 12,
 'scheduler/enqueued/memory': 12,
 'start_time': datetime.datetime(2023, 6, 30, 9, 39, 6, 38876)}
2023-06-30 17:39:17 [scrapy.core.engine] INFO: Spider closed (finished)
