2023-06-30 16:22:49 [scrapy.utils.log] INFO: Scrapy 2.9.0 started (bot: ndlcrawler)
2023-06-30 16:22:49 [scrapy.utils.log] INFO: Versions: lxml 4.9.2.0, libxml2 2.9.14, cssselect 1.2.0, parsel 1.8.1, w3lib 2.1.1, Twisted 22.10.0, Python 3.10.10 (main, Mar  5 2023, 22:26:53) [GCC 12.2.1 20230201], pyOpenSSL 23.2.0 (OpenSSL 3.1.1 30 May 2023), cryptography 41.0.1, Platform Linux-6.2.12-arch1-1-x86_64-with-glibc2.37
2023-06-30 16:22:49 [scrapy.crawler] INFO: Overridden settings:
{'BOT_NAME': 'ndlcrawler',
 'FEED_EXPORT_ENCODING': 'utf-8',
 'LOG_FILE': 'logs/booklist.A00006.DATE.DESC.log',
 'NEWSPIDER_MODULE': 'ndlcrawler.spiders',
 'REQUEST_FINGERPRINTER_IMPLEMENTATION': '2.7',
 'ROBOTSTXT_OBEY': True,
 'SPIDER_MODULES': ['ndlcrawler.spiders'],
 'TWISTED_REACTOR': 'twisted.internet.asyncioreactor.AsyncioSelectorReactor'}
2023-06-30 16:22:49 [asyncio] DEBUG: Using selector: EpollSelector
2023-06-30 16:22:49 [scrapy.utils.log] DEBUG: Using reactor: twisted.internet.asyncioreactor.AsyncioSelectorReactor
2023-06-30 16:22:49 [scrapy.utils.log] DEBUG: Using asyncio event loop: asyncio.unix_events._UnixSelectorEventLoop
2023-06-30 16:22:49 [scrapy.extensions.telnet] INFO: Telnet Password: fd16846ed2ea942f
2023-06-30 16:22:49 [scrapy.middleware] INFO: Enabled extensions:
['scrapy.extensions.corestats.CoreStats',
 'scrapy.extensions.telnet.TelnetConsole',
 'scrapy.extensions.memusage.MemoryUsage',
 'scrapy.extensions.logstats.LogStats']
2023-06-30 16:22:49 [scrapy.middleware] INFO: Enabled downloader middlewares:
['scrapy.downloadermiddlewares.robotstxt.RobotsTxtMiddleware',
 'scrapy.downloadermiddlewares.httpauth.HttpAuthMiddleware',
 'scrapy.downloadermiddlewares.downloadtimeout.DownloadTimeoutMiddleware',
 'scrapy.downloadermiddlewares.defaultheaders.DefaultHeadersMiddleware',
 'scrapy.downloadermiddlewares.useragent.UserAgentMiddleware',
 'scrapy.downloadermiddlewares.retry.RetryMiddleware',
 'scrapy.downloadermiddlewares.redirect.MetaRefreshMiddleware',
 'scrapy.downloadermiddlewares.httpcompression.HttpCompressionMiddleware',
 'scrapy.downloadermiddlewares.redirect.RedirectMiddleware',
 'scrapy.downloadermiddlewares.cookies.CookiesMiddleware',
 'scrapy.downloadermiddlewares.httpproxy.HttpProxyMiddleware',
 'scrapy.downloadermiddlewares.stats.DownloaderStats']
2023-06-30 16:22:49 [scrapy.middleware] INFO: Enabled spider middlewares:
['scrapy.spidermiddlewares.httperror.HttpErrorMiddleware',
 'scrapy.spidermiddlewares.offsite.OffsiteMiddleware',
 'scrapy.spidermiddlewares.referer.RefererMiddleware',
 'scrapy.spidermiddlewares.urllength.UrlLengthMiddleware',
 'scrapy.spidermiddlewares.depth.DepthMiddleware']
2023-06-30 16:22:49 [scrapy.middleware] INFO: Enabled item pipelines:
[]
2023-06-30 16:22:49 [scrapy.core.engine] INFO: Spider opened
2023-06-30 16:22:49 [scrapy.extensions.logstats] INFO: Crawled 0 pages (at 0 pages/min), scraped 0 items (at 0 items/min)
2023-06-30 16:22:49 [scrapy.extensions.telnet] INFO: Telnet console listening on 127.0.0.1:6023
2023-06-30 16:22:50 [scrapy.core.engine] DEBUG: Crawled (200) <GET https://dl.ndl.go.jp/robots.txt> (referer: None)
2023-06-30 16:22:51 [scrapy.core.engine] DEBUG: Crawled (200) <POST https://dl.ndl.go.jp/api/item/search> (referer: None)
2023-06-30 16:22:51 [booklist] INFO: Fetched page 1
2023-06-30 16:22:52 [booklist] INFO: VALID_ID: 2583732
2023-06-30 16:22:52 [booklist] INFO: VALID_ID: 9287036
2023-06-30 16:22:52 [booklist] INFO: VALID_ID: 2583742
2023-06-30 16:22:52 [booklist] INFO: VALID_ID: 2583750
2023-06-30 16:22:52 [booklist] INFO: VALID_ID: 2584653
2023-06-30 16:22:52 [booklist] INFO: VALID_ID: 2584226
2023-06-30 16:22:52 [booklist] INFO: VALID_ID: 2583757
2023-06-30 16:22:52 [booklist] INFO: VALID_ID: 9366480
2023-06-30 16:22:52 [booklist] INFO: VALID_ID: 2569827
2023-06-30 16:22:52 [booklist] INFO: VALID_ID: 2583755
2023-06-30 16:22:52 [booklist] INFO: VALID_ID: 2583727
2023-06-30 16:22:52 [booklist] INFO: VALID_ID: 2583745
2023-06-30 16:22:52 [booklist] INFO: VALID_ID: 2569847
2023-06-30 16:22:52 [booklist] INFO: VALID_ID: 2544927
2023-06-30 16:22:52 [booklist] INFO: VALID_ID: 2584171
2023-06-30 16:22:52 [booklist] INFO: VALID_ID: 8942735
2023-06-30 16:22:52 [booklist] INFO: VALID_ID: 1287109
2023-06-30 16:22:52 [booklist] INFO: VALID_ID: 1287530
2023-06-30 16:22:52 [booklist] INFO: VALID_ID: 2569779
2023-06-30 16:22:52 [booklist] INFO: VALID_ID: 2584157
2023-06-30 16:22:52 [booklist] INFO: VALID_ID: 2584261
2023-06-30 16:22:52 [booklist] INFO: VALID_ID: 1287718
2023-06-30 16:22:52 [booklist] INFO: VALID_ID: 2584176
2023-06-30 16:22:52 [booklist] INFO: VALID_ID: 2584233
2023-06-30 16:22:52 [booklist] INFO: VALID_ID: 11606631
2023-06-30 16:22:52 [booklist] INFO: VALID_ID: 2569797
2023-06-30 16:22:52 [booklist] INFO: VALID_ID: 2569842
2023-06-30 16:22:52 [booklist] INFO: VALID_ID: 2570134
2023-06-30 16:22:52 [booklist] INFO: VALID_ID: 2569792
2023-06-30 16:22:52 [booklist] INFO: VALID_ID: 9366478
2023-06-30 16:22:52 [booklist] INFO: VALID_ID: 2580148
2023-06-30 16:22:52 [booklist] INFO: VALID_ID: 2583973
2023-06-30 16:22:52 [booklist] INFO: VALID_ID: 2584166
2023-06-30 16:22:52 [booklist] INFO: VALID_ID: 2584278
2023-06-30 16:22:52 [booklist] INFO: VALID_ID: 2583970
2023-06-30 16:22:52 [booklist] INFO: VALID_ID: 2569848
2023-06-30 16:22:52 [booklist] INFO: VALID_ID: 2583728
2023-06-30 16:22:52 [booklist] INFO: VALID_ID: 2584172
2023-06-30 16:22:52 [booklist] INFO: VALID_ID: 2569784
2023-06-30 16:22:52 [booklist] INFO: VALID_ID: 2569793
2023-06-30 16:22:52 [booklist] INFO: VALID_ID: 2584279
2023-06-30 16:22:52 [booklist] INFO: VALID_ID: 2583743
2023-06-30 16:22:52 [booklist] INFO: VALID_ID: 2584234
2023-06-30 16:22:52 [booklist] INFO: VALID_ID: 1287110
2023-06-30 16:22:52 [booklist] INFO: VALID_ID: 2569798
2023-06-30 16:22:52 [booklist] INFO: VALID_ID: 1287511
2023-06-30 16:22:52 [booklist] INFO: VALID_ID: 12865769
2023-06-30 16:22:52 [booklist] INFO: VALID_ID: 2583974
2023-06-30 16:22:52 [booklist] INFO: VALID_ID: 2584158
2023-06-30 16:22:52 [booklist] INFO: VALID_ID: 2584167
2023-06-30 16:22:52 [booklist] INFO: VALID_ID: 9287037
2023-06-30 16:22:52 [booklist] INFO: VALID_ID: 2583746
2023-06-30 16:22:52 [booklist] INFO: VALID_ID: 8942736
2023-06-30 16:22:52 [booklist] INFO: VALID_ID: 2584227
2023-06-30 16:22:52 [booklist] INFO: VALID_ID: 2569843
2023-06-30 16:22:52 [booklist] INFO: VALID_ID: 1287902
2023-06-30 16:22:52 [booklist] INFO: VALID_ID: 2580149
2023-06-30 16:22:52 [booklist] INFO: VALID_ID: 1287531
2023-06-30 16:22:52 [booklist] INFO: VALID_ID: 2583758
2023-06-30 16:22:52 [booklist] INFO: VALID_ID: 2583751
2023-06-30 16:22:52 [booklist] INFO: VALID_ID: 11607918
2023-06-30 16:22:52 [booklist] INFO: VALID_ID: 2569780
2023-06-30 16:22:52 [booklist] INFO: VALID_ID: 2584262
2023-06-30 16:22:52 [booklist] INFO: VALID_ID: 2584177
2023-06-30 16:22:52 [booklist] INFO: VALID_ID: 2583733
2023-06-30 16:22:52 [booklist] INFO: VALID_ID: 2569781
2023-06-30 16:22:52 [booklist] INFO: VALID_ID: 12865586
2023-06-30 16:22:52 [booklist] INFO: VALID_ID: 2569828
2023-06-30 16:22:52 [booklist] INFO: VALID_ID: 8942737
2023-06-30 16:22:52 [booklist] INFO: VALID_ID: 1286817
2023-06-30 16:22:52 [booklist] INFO: VALID_ID: 11607925
2023-06-30 16:22:52 [booklist] INFO: VALID_ID: 2584178
2023-06-30 16:22:52 [booklist] INFO: VALID_ID: 2584280
2023-06-30 16:22:52 [booklist] INFO: VALID_ID: 2584173
2023-06-30 16:22:52 [booklist] INFO: VALID_ID: 2569785
2023-06-30 16:22:52 [booklist] INFO: VALID_ID: 1287111
2023-06-30 16:22:52 [booklist] INFO: VALID_ID: 2583759
2023-06-30 16:22:52 [booklist] INFO: VALID_ID: 2583747
2023-06-30 16:22:52 [booklist] INFO: VALID_ID: 12866205
2023-06-30 16:22:52 [booklist] INFO: VALID_ID: 2569849
2023-06-30 16:22:52 [booklist] INFO: VALID_ID: 2584228
2023-06-30 16:22:52 [booklist] INFO: VALID_ID: 2569799
2023-06-30 16:22:52 [booklist] INFO: VALID_ID: 2583752
2023-06-30 16:22:52 [booklist] INFO: VALID_ID: 2584159
2023-06-30 16:22:52 [booklist] INFO: VALID_ID: 1287903
2023-06-30 16:22:52 [booklist] INFO: VALID_ID: 2569794
2023-06-30 16:22:52 [booklist] INFO: VALID_ID: 11606632
2023-06-30 16:22:52 [booklist] INFO: VALID_ID: 9287038
2023-06-30 16:22:52 [booklist] INFO: VALID_ID: 2584168
2023-06-30 16:22:52 [booklist] INFO: VALID_ID: 2583729
2023-06-30 16:22:52 [booklist] INFO: VALID_ID: 2584654
2023-06-30 16:22:52 [booklist] INFO: VALID_ID: 2583734
2023-06-30 16:22:52 [booklist] INFO: VALID_ID: 2584281
2023-06-30 16:22:52 [booklist] INFO: VALID_ID: 2584160
2023-06-30 16:22:52 [booklist] INFO: VALID_ID: 12865587
2023-06-30 16:22:52 [booklist] INFO: VALID_ID: 1287904
2023-06-30 16:22:52 [booklist] INFO: VALID_ID: 2569800
2023-06-30 16:22:52 [booklist] INFO: VALID_ID: 2583748
2023-06-30 16:22:52 [booklist] INFO: VALID_ID: 2583760
2023-06-30 16:22:52 [booklist] INFO: VALID_ID: 1286818
2023-06-30 16:22:53 [scrapy.core.engine] DEBUG: Crawled (200) <POST https://dl.ndl.go.jp/api/item/search> (referer: https://dl.ndl.go.jp/api/item/search)
2023-06-30 16:22:53 [booklist] INFO: Fetched page 2
2023-06-30 16:22:54 [booklist] INFO: VALID_ID: 2584174
2023-06-30 16:22:54 [booklist] INFO: VALID_ID: 8833014
2023-06-30 16:22:54 [booklist] INFO: VALID_ID: 12866206
2023-06-30 16:22:54 [booklist] INFO: VALID_ID: 11607926
2023-06-30 16:22:54 [booklist] INFO: VALID_ID: 2569844
2023-06-30 16:22:54 [booklist] INFO: VALID_ID: 2569795
2023-06-30 16:22:54 [booklist] INFO: VALID_ID: 2569850
2023-06-30 16:22:54 [booklist] INFO: VALID_ID: 2583753
2023-06-30 16:22:54 [booklist] INFO: VALID_ID: 2584179
2023-06-30 16:22:54 [booklist] INFO: VALID_ID: 2583730
2023-06-30 16:22:54 [booklist] INFO: VALID_ID: 2584655
2023-06-30 16:22:54 [booklist] INFO: VALID_ID: 2584169
2023-06-30 16:22:54 [booklist] INFO: VALID_ID: 2569829
2023-06-30 16:22:54 [booklist] INFO: VALID_ID: 2569786
2023-06-30 16:22:54 [booklist] INFO: VALID_ID: 2584229
2023-06-30 16:22:54 [booklist] INFO: VALID_ID: 11607919
2023-06-30 16:22:54 [booklist] INFO: VALID_ID: 2584170
2023-06-30 16:22:54 [booklist] INFO: VALID_ID: 2569830
2023-06-30 16:22:54 [booklist] INFO: VALID_ID: 2584161
2023-06-30 16:22:54 [booklist] INFO: VALID_ID: 1287905
2023-06-30 16:22:54 [booklist] INFO: VALID_ID: 12865580
2023-06-30 16:22:54 [booklist] INFO: VALID_ID: 2569787
2023-06-30 16:22:54 [booklist] INFO: VALID_ID: 2584263
2023-06-30 16:22:54 [booklist] INFO: VALID_ID: 2569801
2023-06-30 16:22:54 [booklist] INFO: VALID_ID: 11607927
2023-06-30 16:22:54 [booklist] INFO: VALID_ID: 1286819
2023-06-30 16:22:54 [booklist] INFO: VALID_ID: 2584282
2023-06-30 16:22:54 [booklist] INFO: VALID_ID: 2583761
2023-06-30 16:22:54 [booklist] INFO: VALID_ID: 2569845
2023-06-30 16:22:54 [booklist] INFO: VALID_ID: 2584180
2023-06-30 16:22:54 [booklist] INFO: VALID_ID: 2584230
2023-06-30 16:22:54 [booklist] INFO: VALID_ID: 2583735
2023-06-30 16:22:54 [booklist] INFO: VALID_ID: 2584656
2023-06-30 16:22:54 [booklist] INFO: VALID_ID: 11607928
2023-06-30 16:22:54 [booklist] INFO: VALID_ID: 2569851
2023-06-30 16:22:54 [booklist] INFO: VALID_ID: 1287906
2023-06-30 16:22:54 [booklist] INFO: VALID_ID: 2583975
2023-06-30 16:22:54 [booklist] INFO: VALID_ID: 1287513
2023-06-30 16:22:54 [booklist] INFO: VALID_ID: 2584181
2023-06-30 16:22:54 [booklist] INFO: VALID_ID: 12866209
2023-06-30 16:22:54 [booklist] INFO: VALID_ID: 12865774
2023-06-30 16:22:54 [booklist] INFO: VALID_ID: 2569788
2023-06-30 16:22:54 [booklist] INFO: VALID_ID: 2584231
2023-06-30 16:22:54 [booklist] INFO: VALID_ID: 2569802
2023-06-30 16:22:54 [booklist] INFO: VALID_ID: 2583762
2023-06-30 16:22:54 [booklist] INFO: VALID_ID: 2584162
2023-06-30 16:22:54 [booklist] INFO: VALID_ID: 2584283
2023-06-30 16:22:54 [booklist] INFO: VALID_ID: 2569789
2023-06-30 16:22:54 [booklist] INFO: VALID_ID: 2584264
2023-06-30 16:22:54 [booklist] INFO: VALID_ID: 2584182
2023-06-30 16:22:54 [booklist] INFO: VALID_ID: 1287514
2023-06-30 16:22:54 [booklist] INFO: VALID_ID: 1287907
2023-06-30 16:22:54 [booklist] INFO: VALID_ID: 2569852
2023-06-30 16:22:54 [booklist] INFO: VALID_ID: 2583736
2023-06-30 16:22:54 [booklist] INFO: VALID_ID: 12865581
2023-06-30 16:22:54 [booklist] INFO: VALID_ID: 2584284
2023-06-30 16:22:54 [booklist] INFO: VALID_ID: 2584163
2023-06-30 16:22:54 [booklist] INFO: VALID_ID: 2569803
2023-06-30 16:22:54 [booklist] INFO: VALID_ID: 2583763
2023-06-30 16:22:54 [booklist] INFO: VALID_ID: 2584657
2023-06-30 16:22:54 [booklist] INFO: VALID_ID: 11607929
2023-06-30 16:22:54 [booklist] INFO: VALID_ID: 2569831
2023-06-30 16:22:54 [booklist] INFO: VALID_ID: 2583737
2023-06-30 16:22:54 [booklist] INFO: VALID_ID: 12865582
2023-06-30 16:22:54 [booklist] INFO: VALID_ID: 1287515
2023-06-30 16:22:54 [booklist] INFO: VALID_ID: 2569853
2023-06-30 16:22:54 [booklist] INFO: VALID_ID: 2584183
2023-06-30 16:22:54 [booklist] INFO: VALID_ID: 1287908
2023-06-30 16:22:54 [booklist] INFO: VALID_ID: 2569804
2023-06-30 16:22:54 [booklist] INFO: VALID_ID: 11607930
2023-06-30 16:22:54 [booklist] INFO: VALID_ID: 2584164
2023-06-30 16:22:54 [booklist] INFO: VALID_ID: 12866210
2023-06-30 16:22:54 [booklist] INFO: VALID_ID: 2583764
2023-06-30 16:22:54 [booklist] INFO: VALID_ID: 2569832
2023-06-30 16:22:54 [booklist] INFO: VALID_ID: 2584285
2023-06-30 16:22:54 [booklist] INFO: VALID_ID: 2584658
2023-06-30 16:22:54 [booklist] INFO: VALID_ID: 2583738
2023-06-30 16:22:54 [booklist] INFO: VALID_ID: 2584184
2023-06-30 16:22:54 [booklist] INFO: VALID_ID: 2584286
2023-06-30 16:22:54 [booklist] INFO: VALID_ID: 12866211
2023-06-30 16:22:54 [booklist] INFO: VALID_ID: 2569833
2023-06-30 16:22:54 [booklist] INFO: VALID_ID: 1287516
2023-06-30 16:22:54 [booklist] INFO: VALID_ID: 2584235
2023-06-30 16:22:54 [booklist] INFO: VALID_ID: 2584659
2023-06-30 16:22:54 [booklist] INFO: VALID_ID: 2584265
2023-06-30 16:22:54 [booklist] INFO: VALID_ID: 2569805
2023-06-30 16:22:54 [booklist] INFO: VALID_ID: 1287909
2023-06-30 16:22:54 [booklist] INFO: VALID_ID: 2583765
2023-06-30 16:22:54 [booklist] INFO: VALID_ID: 2583976
2023-06-30 16:22:54 [booklist] INFO: VALID_ID: 2584185
2023-06-30 16:22:54 [booklist] INFO: VALID_ID: 2583739
2023-06-30 16:22:54 [booklist] INFO: VALID_ID: 11607931
2023-06-30 16:22:54 [booklist] INFO: VALID_ID: 2584660
2023-06-30 16:22:54 [booklist] INFO: VALID_ID: 1287517
2023-06-30 16:22:54 [booklist] INFO: VALID_ID: 2583766
2023-06-30 16:22:54 [booklist] INFO: VALID_ID: 2583977
2023-06-30 16:22:54 [booklist] INFO: VALID_ID: 2584287
2023-06-30 16:22:54 [booklist] INFO: VALID_ID: 2569834
2023-06-30 16:22:54 [booklist] INFO: VALID_ID: 1287910
2023-06-30 16:22:54 [booklist] INFO: VALID_ID: 2584266
2023-06-30 16:22:55 [scrapy.core.engine] DEBUG: Crawled (200) <POST https://dl.ndl.go.jp/api/item/search> (referer: https://dl.ndl.go.jp/api/item/search)
2023-06-30 16:22:55 [booklist] INFO: Fetched page 3
2023-06-30 16:22:55 [booklist] INFO: VALID_ID: 2569806
2023-06-30 16:22:55 [booklist] INFO: VALID_ID: 2583740
2023-06-30 16:22:55 [booklist] INFO: VALID_ID: 12866212
2023-06-30 16:22:55 [booklist] INFO: VALID_ID: 2583767
2023-06-30 16:22:55 [booklist] INFO: VALID_ID: 2583978
2023-06-30 16:22:55 [booklist] INFO: VALID_ID: 2584267
2023-06-30 16:22:55 [booklist] INFO: VALID_ID: 1287911
2023-06-30 16:22:55 [booklist] INFO: VALID_ID: 11607932
2023-06-30 16:22:55 [booklist] INFO: VALID_ID: 2584661
2023-06-30 16:22:55 [booklist] INFO: VALID_ID: 2584288
2023-06-30 16:22:55 [booklist] INFO: VALID_ID: 2569807
2023-06-30 16:22:55 [booklist] INFO: VALID_ID: 1287518
2023-06-30 16:22:55 [booklist] INFO: VALID_ID: 2584186
2023-06-30 16:22:55 [booklist] INFO: VALID_ID: 2569835
2023-06-30 16:22:55 [booklist] INFO: VALID_ID: 2584268
2023-06-30 16:22:55 [booklist] INFO: VALID_ID: 2584662
2023-06-30 16:22:55 [booklist] INFO: VALID_ID: 2584187
2023-06-30 16:22:55 [booklist] INFO: VALID_ID: 2583768
2023-06-30 16:22:55 [booklist] INFO: VALID_ID: 2569836
2023-06-30 16:22:55 [booklist] INFO: VALID_ID: 2584289
2023-06-30 16:22:55 [booklist] INFO: VALID_ID: 2569808
2023-06-30 16:22:55 [booklist] INFO: VALID_ID: 1287519
2023-06-30 16:22:55 [booklist] INFO: VALID_ID: 1287913
2023-06-30 16:22:55 [booklist] INFO: VALID_ID: 2584236
2023-06-30 16:22:55 [booklist] INFO: VALID_ID: 2569854
2023-06-30 16:22:55 [booklist] INFO: VALID_ID: 2583979
2023-06-30 16:22:55 [booklist] INFO: VALID_ID: 1287914
2023-06-30 16:22:55 [booklist] INFO: VALID_ID: 2584663
2023-06-30 16:22:55 [booklist] INFO: VALID_ID: 12866207
2023-06-30 16:22:55 [booklist] INFO: VALID_ID: 2569855
2023-06-30 16:22:55 [booklist] INFO: VALID_ID: 11607920
2023-06-30 16:22:55 [booklist] INFO: VALID_ID: 2569837
2023-06-30 16:22:55 [booklist] INFO: VALID_ID: 2584290
2023-06-30 16:22:55 [booklist] INFO: VALID_ID: 2584269
2023-06-30 16:22:55 [booklist] INFO: VALID_ID: 2569809
2023-06-30 16:22:55 [booklist] INFO: VALID_ID: 2583769
2023-06-30 16:22:55 [booklist] INFO: VALID_ID: 1287520
2023-06-30 16:22:55 [booklist] INFO: VALID_ID: 2584237
2023-06-30 16:22:55 [booklist] INFO: VALID_ID: 2584270
2023-06-30 16:22:55 [booklist] INFO: VALID_ID: 2584664
2023-06-30 16:22:55 [booklist] INFO: VALID_ID: 1287915
2023-06-30 16:22:55 [booklist] INFO: VALID_ID: 2584188
2023-06-30 16:22:55 [booklist] INFO: VALID_ID: 12865775
2023-06-30 16:22:55 [booklist] INFO: VALID_ID: 2584291
2023-06-30 16:22:55 [booklist] INFO: VALID_ID: 2569856
2023-06-30 16:22:55 [booklist] INFO: VALID_ID: 11607933
2023-06-30 16:22:55 [booklist] INFO: VALID_ID: 1287521
2023-06-30 16:22:55 [booklist] INFO: VALID_ID: 2569810
2023-06-30 16:22:55 [booklist] INFO: VALID_ID: 2583770
2023-06-30 16:22:55 [booklist] INFO: VALID_ID: 2583771
2023-06-30 16:22:55 [booklist] INFO: VALID_ID: 2584271
2023-06-30 16:22:55 [booklist] INFO: VALID_ID: 2569857
2023-06-30 16:22:55 [booklist] INFO: VALID_ID: 2569811
2023-06-30 16:22:55 [booklist] INFO: VALID_ID: 1287916
2023-06-30 16:22:55 [booklist] INFO: VALID_ID: 2584189
2023-06-30 16:22:55 [booklist] INFO: VALID_ID: 2569838
2023-06-30 16:22:55 [booklist] INFO: VALID_ID: 2584292
2023-06-30 16:22:55 [booklist] INFO: VALID_ID: 2583980
2023-06-30 16:22:55 [booklist] INFO: VALID_ID: 2584665
2023-06-30 16:22:55 [booklist] INFO: VALID_ID: 2584238
2023-06-30 16:22:55 [booklist] INFO: VALID_ID: 1287522
2023-06-30 16:22:55 [booklist] INFO: VALID_ID: 2584239
2023-06-30 16:22:55 [booklist] INFO: VALID_ID: 2584190
2023-06-30 16:22:55 [booklist] INFO: VALID_ID: 2569858
2023-06-30 16:22:55 [booklist] INFO: VALID_ID: 1287523
2023-06-30 16:22:55 [booklist] INFO: VALID_ID: 2584272
2023-06-30 16:22:55 [booklist] INFO: VALID_ID: 2584293
2023-06-30 16:22:55 [booklist] INFO: VALID_ID: 2583772
2023-06-30 16:22:55 [booklist] INFO: VALID_ID: 2569812
2023-06-30 16:22:55 [booklist] INFO: VALID_ID: 1287917
2023-06-30 16:22:55 [booklist] INFO: VALID_ID: 2584666
2023-06-30 16:22:55 [booklist] INFO: VALID_ID: 2569814
2023-06-30 16:22:55 [booklist] INFO: VALID_ID: 2569840
2023-06-30 16:22:55 [booklist] INFO: VALID_ID: 2584667
2023-06-30 16:22:55 [booklist] INFO: VALID_ID: 2583981
2023-06-30 16:22:55 [booklist] INFO: VALID_ID: 2569859
2023-06-30 16:22:55 [booklist] INFO: VALID_ID: 11607934
2023-06-30 16:22:55 [booklist] INFO: VALID_ID: 1287918
2023-06-30 16:22:55 [booklist] INFO: VALID_ID: 2583773
2023-06-30 16:22:55 [booklist] INFO: VALID_ID: 2584294
2023-06-30 16:22:55 [booklist] INFO: VALID_ID: 2584191
2023-06-30 16:22:55 [booklist] INFO: VALID_ID: 1287524
2023-06-30 16:22:55 [booklist] INFO: VALID_ID: 2584273
2023-06-30 16:22:55 [booklist] INFO: VALID_ID: 1287525
2023-06-30 16:22:55 [booklist] INFO: VALID_ID: 1287919
2023-06-30 16:22:55 [booklist] INFO: VALID_ID: 2584668
2023-06-30 16:22:55 [booklist] INFO: VALID_ID: 2584192
2023-06-30 16:22:55 [booklist] INFO: VALID_ID: 12866208
2023-06-30 16:22:55 [booklist] INFO: VALID_ID: 2584274
2023-06-30 16:22:55 [booklist] INFO: VALID_ID: 2569815
2023-06-30 16:22:55 [booklist] INFO: VALID_ID: 2584295
2023-06-30 16:22:55 [booklist] INFO: VALID_ID: 2583774
2023-06-30 16:22:55 [booklist] INFO: VALID_ID: 11607935
2023-06-30 16:22:55 [booklist] INFO: VALID_ID: 2569860
2023-06-30 16:22:55 [booklist] INFO: VALID_ID: 2584275
2023-06-30 16:22:55 [booklist] INFO: VALID_ID: 2569861
2023-06-30 16:22:55 [booklist] INFO: VALID_ID: 1287526
2023-06-30 16:22:55 [booklist] INFO: VALID_ID: 11607936
2023-06-30 16:22:55 [booklist] INFO: VALID_ID: 2584296
2023-06-30 16:22:55 [booklist] INFO: VALID_ID: 2584669
2023-06-30 16:22:57 [scrapy.core.engine] DEBUG: Crawled (200) <POST https://dl.ndl.go.jp/api/item/search> (referer: https://dl.ndl.go.jp/api/item/search)
2023-06-30 16:22:57 [booklist] INFO: Fetched page 4
2023-06-30 16:22:57 [booklist] INFO: VALID_ID: 1287920
2023-06-30 16:22:57 [booklist] INFO: VALID_ID: 2569816
2023-06-30 16:22:57 [booklist] INFO: VALID_ID: 2583775
2023-06-30 16:22:57 [booklist] INFO: VALID_ID: 2584193
2023-06-30 16:22:57 [booklist] INFO: VALID_ID: 12865583
2023-06-30 16:22:57 [booklist] INFO: VALID_ID: 1287921
2023-06-30 16:22:57 [booklist] INFO: VALID_ID: 2583776
2023-06-30 16:22:57 [booklist] INFO: VALID_ID: 2569862
2023-06-30 16:22:57 [booklist] INFO: VALID_ID: 12865584
2023-06-30 16:22:57 [booklist] INFO: VALID_ID: 2584240
2023-06-30 16:22:57 [booklist] INFO: VALID_ID: 2584194
2023-06-30 16:22:57 [booklist] INFO: VALID_ID: 1287527
2023-06-30 16:22:57 [booklist] INFO: VALID_ID: 2584297
2023-06-30 16:22:57 [booklist] INFO: VALID_ID: 2569817
2023-06-30 16:22:57 [booklist] INFO: VALID_ID: 2584670
2023-06-30 16:22:57 [booklist] INFO: VALID_ID: 2584276
2023-06-30 16:22:57 [booklist] INFO: VALID_ID: 11607921
2023-06-30 16:22:57 [booklist] INFO: VALID_ID: 2584298
2023-06-30 16:22:57 [booklist] INFO: VALID_ID: 1287528
2023-06-30 16:22:57 [booklist] INFO: VALID_ID: 2569863
2023-06-30 16:22:57 [booklist] INFO: VALID_ID: 2584671
2023-06-30 16:22:57 [booklist] INFO: VALID_ID: 1287922
2023-06-30 16:22:57 [booklist] INFO: VALID_ID: 11607937
2023-06-30 16:22:57 [booklist] INFO: VALID_ID: 2583777
2023-06-30 16:22:57 [booklist] INFO: VALID_ID: 2569818
2023-06-30 16:22:57 [booklist] INFO: VALID_ID: 2584672
2023-06-30 16:22:57 [booklist] INFO: VALID_ID: 1287923
2023-06-30 16:22:57 [booklist] INFO: VALID_ID: 2584299
2023-06-30 16:22:57 [booklist] INFO: VALID_ID: 2584241
2023-06-30 16:22:57 [booklist] INFO: VALID_ID: 2569819
2023-06-30 16:22:57 [booklist] INFO: VALID_ID: 2583778
2023-06-30 16:22:57 [booklist] INFO: VALID_ID: 2584195
2023-06-30 16:22:57 [booklist] INFO: VALID_ID: 2584242
2023-06-30 16:22:57 [booklist] INFO: VALID_ID: 2584673
2023-06-30 16:22:57 [booklist] INFO: VALID_ID: 2569865
2023-06-30 16:22:57 [booklist] INFO: VALID_ID: 2583779
2023-06-30 16:22:57 [booklist] INFO: VALID_ID: 2584196
2023-06-30 16:22:57 [booklist] INFO: VALID_ID: 2584300
2023-06-30 16:22:57 [booklist] INFO: VALID_ID: 2569820
2023-06-30 16:22:57 [booklist] INFO: VALID_ID: 1287924
2023-06-30 16:22:57 [booklist] INFO: VALID_ID: 2584674
2023-06-30 16:22:57 [booklist] INFO: VALID_ID: 2569866
2023-06-30 16:22:57 [booklist] INFO: VALID_ID: 1287765
2023-06-30 16:22:57 [booklist] INFO: VALID_ID: 2583780
2023-06-30 16:22:57 [booklist] INFO: VALID_ID: 2569821
2023-06-30 16:22:57 [booklist] INFO: VALID_ID: 2584301
2023-06-30 16:22:57 [booklist] INFO: VALID_ID: 2583982
2023-06-30 16:22:57 [booklist] INFO: VALID_ID: 2584197
2023-06-30 16:22:57 [booklist] INFO: VALID_ID: 2584243
2023-06-30 16:22:57 [booklist] INFO: VALID_ID: 2584198
2023-06-30 16:22:57 [booklist] INFO: VALID_ID: 2584675
2023-06-30 16:22:57 [booklist] INFO: VALID_ID: 2584244
2023-06-30 16:22:57 [booklist] INFO: VALID_ID: 12866213
2023-06-30 16:22:57 [booklist] INFO: VALID_ID: 2584302
2023-06-30 16:22:57 [booklist] INFO: VALID_ID: 2569822
2023-06-30 16:22:57 [booklist] INFO: VALID_ID: 1287925
2023-06-30 16:22:57 [booklist] INFO: VALID_ID: 2583983
2023-06-30 16:22:57 [booklist] INFO: VALID_ID: 2583781
2023-06-30 16:22:57 [booklist] INFO: VALID_ID: 1287926
2023-06-30 16:22:57 [booklist] INFO: VALID_ID: 2569823
2023-06-30 16:22:57 [booklist] INFO: VALID_ID: 2569867
2023-06-30 16:22:57 [booklist] INFO: VALID_ID: 2584199
2023-06-30 16:22:57 [booklist] INFO: VALID_ID: 2583984
2023-06-30 16:22:57 [booklist] INFO: VALID_ID: 2584676
2023-06-30 16:22:57 [booklist] INFO: VALID_ID: 2583782
2023-06-30 16:22:57 [booklist] INFO: VALID_ID: 2584303
2023-06-30 16:22:57 [booklist] INFO: VALID_ID: 2584245
2023-06-30 16:22:57 [booklist] INFO: VALID_ID: 2584246
2023-06-30 16:22:57 [booklist] INFO: VALID_ID: 2583783
2023-06-30 16:22:57 [booklist] INFO: VALID_ID: 2584304
2023-06-30 16:22:57 [booklist] INFO: VALID_ID: 2569868
2023-06-30 16:22:57 [booklist] INFO: VALID_ID: 2583985
2023-06-30 16:22:57 [booklist] INFO: VALID_ID: 1287927
2023-06-30 16:22:57 [booklist] INFO: VALID_ID: 2569824
2023-06-30 16:22:57 [booklist] INFO: VALID_ID: 2584200
2023-06-30 16:22:57 [booklist] INFO: VALID_ID: 2584677
2023-06-30 16:22:57 [booklist] INFO: VALID_ID: 2584247
2023-06-30 16:22:57 [booklist] INFO: VALID_ID: 2584678
2023-06-30 16:22:57 [booklist] INFO: VALID_ID: 2569825
2023-06-30 16:22:57 [booklist] INFO: VALID_ID: 2583986
2023-06-30 16:22:57 [booklist] INFO: VALID_ID: 2584201
2023-06-30 16:22:57 [booklist] INFO: VALID_ID: 1287928
2023-06-30 16:22:57 [booklist] INFO: VALID_ID: 2583784
2023-06-30 16:22:57 [booklist] INFO: VALID_ID: 2584305
2023-06-30 16:22:57 [booklist] INFO: VALID_ID: 2584202
2023-06-30 16:22:57 [booklist] INFO: VALID_ID: 2583785
2023-06-30 16:22:57 [booklist] INFO: VALID_ID: 1287929
2023-06-30 16:22:57 [booklist] INFO: VALID_ID: 2584248
2023-06-30 16:22:57 [booklist] INFO: VALID_ID: 2584679
2023-06-30 16:22:57 [booklist] INFO: VALID_ID: 2584306
2023-06-30 16:22:57 [booklist] INFO: VALID_ID: 1287930
2023-06-30 16:22:57 [booklist] INFO: VALID_ID: 2583786
2023-06-30 16:22:57 [booklist] INFO: VALID_ID: 2584249
2023-06-30 16:22:57 [booklist] INFO: VALID_ID: 2583987
2023-06-30 16:22:57 [booklist] INFO: VALID_ID: 2584680
2023-06-30 16:22:57 [booklist] INFO: VALID_ID: 2584203
2023-06-30 16:22:57 [booklist] INFO: VALID_ID: 2584307
2023-06-30 16:22:57 [booklist] INFO: VALID_ID: 2584250
2023-06-30 16:22:57 [booklist] INFO: VALID_ID: 2584308
2023-06-30 16:22:57 [booklist] INFO: VALID_ID: 2583787
2023-06-30 16:22:59 [scrapy.core.engine] DEBUG: Crawled (200) <POST https://dl.ndl.go.jp/api/item/search> (referer: https://dl.ndl.go.jp/api/item/search)
2023-06-30 16:22:59 [booklist] INFO: Fetched page 5
2023-06-30 16:22:59 [booklist] INFO: VALID_ID: 2583988
2023-06-30 16:22:59 [booklist] INFO: VALID_ID: 1287931
2023-06-30 16:22:59 [booklist] INFO: VALID_ID: 2584204
2023-06-30 16:22:59 [booklist] INFO: VALID_ID: 2584681
2023-06-30 16:22:59 [booklist] INFO: VALID_ID: 2583788
2023-06-30 16:22:59 [booklist] INFO: VALID_ID: 2584205
2023-06-30 16:22:59 [booklist] INFO: VALID_ID: 2584309
2023-06-30 16:22:59 [booklist] INFO: VALID_ID: 2584251
2023-06-30 16:22:59 [booklist] INFO: VALID_ID: 2583989
2023-06-30 16:22:59 [booklist] INFO: VALID_ID: 2584682
2023-06-30 16:22:59 [booklist] INFO: VALID_ID: 1287932
2023-06-30 16:22:59 [booklist] INFO: VALID_ID: 2584310
2023-06-30 16:22:59 [booklist] INFO: VALID_ID: 2583789
2023-06-30 16:22:59 [booklist] INFO: VALID_ID: 1287933
2023-06-30 16:22:59 [booklist] INFO: VALID_ID: 2584206
2023-06-30 16:22:59 [booklist] INFO: VALID_ID: 2584252
2023-06-30 16:22:59 [booklist] INFO: VALID_ID: 2584683
2023-06-30 16:22:59 [booklist] INFO: VALID_ID: 2584253
2023-06-30 16:22:59 [booklist] INFO: VALID_ID: 2584684
2023-06-30 16:22:59 [booklist] INFO: VALID_ID: 2584207
2023-06-30 16:22:59 [booklist] INFO: VALID_ID: 1287934
2023-06-30 16:22:59 [booklist] INFO: VALID_ID: 2584311
2023-06-30 16:22:59 [booklist] INFO: VALID_ID: 2583790
2023-06-30 16:22:59 [booklist] INFO: VALID_ID: 1287935
2023-06-30 16:22:59 [booklist] INFO: VALID_ID: 2583791
2023-06-30 16:22:59 [booklist] INFO: VALID_ID: 2584312
2023-06-30 16:22:59 [booklist] INFO: VALID_ID: 2584208
2023-06-30 16:22:59 [booklist] INFO: VALID_ID: 2584685
2023-06-30 16:22:59 [booklist] INFO: VALID_ID: 2584254
2023-06-30 16:22:59 [booklist] INFO: VALID_ID: 2583990
2023-06-30 16:22:59 [booklist] INFO: VALID_ID: 2583991
2023-06-30 16:22:59 [booklist] INFO: VALID_ID: 2584255
2023-06-30 16:22:59 [booklist] INFO: VALID_ID: 2584209
2023-06-30 16:22:59 [booklist] INFO: VALID_ID: 2584686
2023-06-30 16:22:59 [booklist] INFO: VALID_ID: 2584313
2023-06-30 16:22:59 [booklist] INFO: VALID_ID: 2583792
2023-06-30 16:22:59 [booklist] INFO: VALID_ID: 1287936
2023-06-30 16:22:59 [booklist] INFO: VALID_ID: 2584687
2023-06-30 16:22:59 [booklist] INFO: VALID_ID: 2583793
2023-06-30 16:22:59 [booklist] INFO: VALID_ID: 2583992
2023-06-30 16:22:59 [booklist] INFO: VALID_ID: 2584314
2023-06-30 16:22:59 [booklist] INFO: VALID_ID: 2584210
2023-06-30 16:22:59 [booklist] INFO: VALID_ID: 11607938
2023-06-30 16:22:59 [booklist] INFO: VALID_ID: 1287938
2023-06-30 16:22:59 [booklist] INFO: VALID_ID: 2584256
2023-06-30 16:22:59 [booklist] INFO: VALID_ID: 1287939
2023-06-30 16:22:59 [booklist] INFO: VALID_ID: 2583794
2023-06-30 16:22:59 [booklist] INFO: VALID_ID: 2583993
2023-06-30 16:22:59 [booklist] INFO: VALID_ID: 2584315
2023-06-30 16:22:59 [booklist] INFO: VALID_ID: 2584212
2023-06-30 16:22:59 [booklist] INFO: VALID_ID: 2584688
2023-06-30 16:22:59 [booklist] INFO: VALID_ID: 11607939
2023-06-30 16:22:59 [booklist] INFO: VALID_ID: 2584213
2023-06-30 16:22:59 [booklist] INFO: VALID_ID: 2584689
2023-06-30 16:22:59 [booklist] INFO: VALID_ID: 2584316
2023-06-30 16:22:59 [booklist] INFO: VALID_ID: 2583795
2023-06-30 16:22:59 [booklist] INFO: VALID_ID: 1287940
2023-06-30 16:22:59 [booklist] INFO: VALID_ID: 2584257
2023-06-30 16:22:59 [booklist] INFO: VALID_ID: 2584690
2023-06-30 16:22:59 [booklist] INFO: VALID_ID: 2584317
2023-06-30 16:22:59 [booklist] INFO: VALID_ID: 2583994
2023-06-30 16:22:59 [booklist] INFO: VALID_ID: 1287941
2023-06-30 16:22:59 [booklist] INFO: VALID_ID: 2584214
2023-06-30 16:22:59 [booklist] INFO: VALID_ID: 2583796
2023-06-30 16:22:59 [booklist] INFO: VALID_ID: 2584215
2023-06-30 16:22:59 [booklist] INFO: VALID_ID: 2584318
2023-06-30 16:22:59 [booklist] INFO: VALID_ID: 2584258
2023-06-30 16:22:59 [booklist] INFO: VALID_ID: 1287942
2023-06-30 16:22:59 [booklist] INFO: VALID_ID: 2583797
2023-06-30 16:22:59 [booklist] INFO: VALID_ID: 2584691
2023-06-30 16:22:59 [booklist] INFO: VALID_ID: 2583995
2023-06-30 16:22:59 [booklist] INFO: VALID_ID: 2584216
2023-06-30 16:22:59 [booklist] INFO: VALID_ID: 2584319
2023-06-30 16:22:59 [booklist] INFO: VALID_ID: 2584259
2023-06-30 16:22:59 [booklist] INFO: VALID_ID: 1287943
2023-06-30 16:22:59 [booklist] INFO: VALID_ID: 2583798
2023-06-30 16:22:59 [booklist] INFO: VALID_ID: 2583996
2023-06-30 16:22:59 [booklist] INFO: VALID_ID: 2584692
2023-06-30 16:22:59 [booklist] INFO: VALID_ID: 2583997
2023-06-30 16:22:59 [booklist] INFO: VALID_ID: 11607922
2023-06-30 16:22:59 [booklist] INFO: VALID_ID: 2584693
2023-06-30 16:22:59 [booklist] INFO: VALID_ID: 1287946
2023-06-30 16:22:59 [booklist] INFO: VALID_ID: 2583799
2023-06-30 16:22:59 [booklist] INFO: VALID_ID: 2584320
2023-06-30 16:22:59 [booklist] INFO: VALID_ID: 2584694
2023-06-30 16:22:59 [booklist] INFO: VALID_ID: 1287947
2023-06-30 16:22:59 [booklist] INFO: VALID_ID: 11607923
2023-06-30 16:22:59 [booklist] INFO: VALID_ID: 2583998
2023-06-30 16:22:59 [booklist] INFO: VALID_ID: 2583800
2023-06-30 16:22:59 [booklist] INFO: VALID_ID: 2584321
2023-06-30 16:22:59 [booklist] INFO: VALID_ID: 2584695
2023-06-30 16:22:59 [booklist] INFO: VALID_ID: 1287948
2023-06-30 16:22:59 [booklist] INFO: VALID_ID: 2583999
2023-06-30 16:22:59 [booklist] INFO: VALID_ID: 2583801
2023-06-30 16:22:59 [booklist] INFO: VALID_ID: 2584322
2023-06-30 16:22:59 [booklist] INFO: VALID_ID: 2584217
2023-06-30 16:22:59 [booklist] INFO: VALID_ID: 2584000
2023-06-30 16:22:59 [booklist] INFO: VALID_ID: 2584696
2023-06-30 16:22:59 [booklist] INFO: VALID_ID: 2583802
2023-06-30 16:22:59 [booklist] INFO: VALID_ID: 1287949
2023-06-30 16:23:00 [scrapy.core.engine] DEBUG: Crawled (200) <POST https://dl.ndl.go.jp/api/item/search> (referer: https://dl.ndl.go.jp/api/item/search)
2023-06-30 16:23:00 [booklist] INFO: Fetched page 6
2023-06-30 16:23:01 [booklist] INFO: VALID_ID: 2584323
2023-06-30 16:23:01 [booklist] INFO: VALID_ID: 11607924
2023-06-30 16:23:01 [booklist] INFO: VALID_ID: 2584697
2023-06-30 16:23:01 [booklist] INFO: VALID_ID: 2584324
2023-06-30 16:23:01 [booklist] INFO: VALID_ID: 1287950
2023-06-30 16:23:01 [booklist] INFO: VALID_ID: 2584001
2023-06-30 16:23:01 [booklist] INFO: VALID_ID: 2584218
2023-06-30 16:23:01 [booklist] INFO: VALID_ID: 2583803
2023-06-30 16:23:01 [booklist] INFO: VALID_ID: 2584219
2023-06-30 16:23:01 [booklist] INFO: VALID_ID: 2584698
2023-06-30 16:23:01 [booklist] INFO: VALID_ID: 1287951
2023-06-30 16:23:01 [booklist] INFO: VALID_ID: 2584325
2023-06-30 16:23:01 [booklist] INFO: VALID_ID: 2584002
2023-06-30 16:23:01 [booklist] INFO: VALID_ID: 2583804
2023-06-30 16:23:01 [booklist] INFO: VALID_ID: 2584326
2023-06-30 16:23:01 [booklist] INFO: VALID_ID: 2584003
2023-06-30 16:23:01 [booklist] INFO: VALID_ID: 1287952
2023-06-30 16:23:01 [booklist] INFO: VALID_ID: 2583805
2023-06-30 16:23:01 [booklist] INFO: VALID_ID: 2584220
2023-06-30 16:23:01 [booklist] INFO: VALID_ID: 2584699
2023-06-30 16:23:01 [booklist] INFO: VALID_ID: 2584221
2023-06-30 16:23:01 [booklist] INFO: VALID_ID: 2584700
2023-06-30 16:23:01 [booklist] INFO: VALID_ID: 2583806
2023-06-30 16:23:01 [booklist] INFO: VALID_ID: 2584327
2023-06-30 16:23:01 [booklist] INFO: VALID_ID: 1287953
2023-06-30 16:23:01 [booklist] INFO: VALID_ID: 1286887
2023-06-30 16:23:01 [booklist] INFO: VALID_ID: 2584328
2023-06-30 16:23:01 [booklist] INFO: VALID_ID: 2584222
2023-06-30 16:23:01 [booklist] INFO: VALID_ID: 2583807
2023-06-30 16:23:01 [booklist] INFO: VALID_ID: 2584701
2023-06-30 16:23:01 [booklist] INFO: VALID_ID: 2584329
2023-06-30 16:23:01 [booklist] INFO: VALID_ID: 1286888
2023-06-30 16:23:01 [booklist] INFO: VALID_ID: 2584004
2023-06-30 16:23:01 [booklist] INFO: VALID_ID: 2584223
2023-06-30 16:23:01 [booklist] INFO: VALID_ID: 2584623
2023-06-30 16:23:01 [booklist] INFO: VALID_ID: 2583808
2023-06-30 16:23:01 [booklist] INFO: VALID_ID: 2584224
2023-06-30 16:23:01 [booklist] INFO: VALID_ID: 2584330
2023-06-30 16:23:01 [booklist] INFO: VALID_ID: 1287954
2023-06-30 16:23:01 [booklist] INFO: VALID_ID: 2583809
2023-06-30 16:23:01 [booklist] INFO: VALID_ID: 2584702
2023-06-30 16:23:01 [booklist] INFO: VALID_ID: 2584005
2023-06-30 16:23:01 [booklist] INFO: VALID_ID: 1287955
2023-06-30 16:23:01 [booklist] INFO: VALID_ID: 2583810
2023-06-30 16:23:01 [booklist] INFO: VALID_ID: 2584703
2023-06-30 16:23:01 [booklist] INFO: VALID_ID: 2584331
2023-06-30 16:23:01 [booklist] INFO: VALID_ID: 2584332
2023-06-30 16:23:01 [booklist] INFO: VALID_ID: 2584704
2023-06-30 16:23:01 [booklist] INFO: VALID_ID: 1287956
2023-06-30 16:23:01 [booklist] INFO: VALID_ID: 2583811
2023-06-30 16:23:01 [booklist] INFO: VALID_ID: 2583812
2023-06-30 16:23:01 [booklist] INFO: VALID_ID: 2584333
2023-06-30 16:23:01 [booklist] INFO: VALID_ID: 2584705
2023-06-30 16:23:01 [booklist] INFO: VALID_ID: 1287957
2023-06-30 16:23:01 [booklist] INFO: VALID_ID: 1287958
2023-06-30 16:23:01 [booklist] INFO: VALID_ID: 2584706
2023-06-30 16:23:01 [booklist] INFO: VALID_ID: 2583813
2023-06-30 16:23:01 [booklist] INFO: VALID_ID: 2584334
2023-06-30 16:23:01 [booklist] INFO: VALID_ID: 12865770
2023-06-30 16:23:01 [booklist] INFO: VALID_ID: 1287959
2023-06-30 16:23:01 [booklist] INFO: VALID_ID: 2583814
2023-06-30 16:23:01 [booklist] INFO: VALID_ID: 2584335
2023-06-30 16:23:01 [booklist] INFO: VALID_ID: 2584707
2023-06-30 16:23:01 [booklist] INFO: VALID_ID: 2584336
2023-06-30 16:23:01 [booklist] INFO: VALID_ID: 2583815
2023-06-30 16:23:01 [booklist] INFO: VALID_ID: 1287960
2023-06-30 16:23:01 [booklist] INFO: VALID_ID: 1287961
2023-06-30 16:23:01 [booklist] INFO: VALID_ID: 2584337
2023-06-30 16:23:01 [booklist] INFO: VALID_ID: 2584708
2023-06-30 16:23:01 [booklist] INFO: VALID_ID: 2584006
2023-06-30 16:23:01 [booklist] INFO: VALID_ID: 2583816
2023-06-30 16:23:01 [booklist] INFO: VALID_ID: 2583817
2023-06-30 16:23:01 [booklist] INFO: VALID_ID: 2584709
2023-06-30 16:23:01 [booklist] INFO: VALID_ID: 2584007
2023-06-30 16:23:01 [booklist] INFO: VALID_ID: 2584338
2023-06-30 16:23:01 [booklist] INFO: VALID_ID: 1287962
2023-06-30 16:23:01 [booklist] INFO: VALID_ID: 2584339
2023-06-30 16:23:01 [booklist] INFO: VALID_ID: 2584710
2023-06-30 16:23:01 [booklist] INFO: VALID_ID: 2583818
2023-06-30 16:23:01 [booklist] INFO: VALID_ID: 2584008
2023-06-30 16:23:01 [booklist] INFO: VALID_ID: 2583659
2023-06-30 16:23:01 [booklist] INFO: VALID_ID: 2584009
2023-06-30 16:23:01 [booklist] INFO: VALID_ID: 2583819
2023-06-30 16:23:01 [booklist] INFO: VALID_ID: 2584340
2023-06-30 16:23:01 [booklist] INFO: VALID_ID: 2583692
2023-06-30 16:23:01 [booklist] INFO: VALID_ID: 2584711
2023-06-30 16:23:01 [booklist] INFO: VALID_ID: 2583660
2023-06-30 16:23:01 [booklist] INFO: VALID_ID: 2584712
2023-06-30 16:23:01 [booklist] INFO: VALID_ID: 2584341
2023-06-30 16:23:01 [booklist] INFO: VALID_ID: 2584010
2023-06-30 16:23:01 [booklist] INFO: VALID_ID: 2583820
2023-06-30 16:23:01 [booklist] INFO: VALID_ID: 2584713
2023-06-30 16:23:01 [booklist] INFO: VALID_ID: 2583821
2023-06-30 16:23:01 [booklist] INFO: VALID_ID: 2583693
2023-06-30 16:23:01 [booklist] INFO: VALID_ID: 2584342
2023-06-30 16:23:01 [booklist] INFO: VALID_ID: 2584011
2023-06-30 16:23:01 [booklist] INFO: VALID_ID: 2584714
2023-06-30 16:23:01 [booklist] INFO: VALID_ID: 2583661
2023-06-30 16:23:01 [booklist] INFO: VALID_ID: 2583822
2023-06-30 16:23:01 [booklist] INFO: VALID_ID: 2584343
2023-06-30 16:23:02 [scrapy.core.engine] DEBUG: Crawled (200) <POST https://dl.ndl.go.jp/api/item/search> (referer: https://dl.ndl.go.jp/api/item/search)
2023-06-30 16:23:02 [booklist] INFO: Fetched page 7
2023-06-30 16:23:02 [booklist] INFO: VALID_ID: 2583823
2023-06-30 16:23:02 [booklist] INFO: VALID_ID: 2584715
2023-06-30 16:23:02 [booklist] INFO: VALID_ID: 2584344
2023-06-30 16:23:02 [booklist] INFO: VALID_ID: 2583694
2023-06-30 16:23:02 [booklist] INFO: VALID_ID: 2584716
2023-06-30 16:23:02 [booklist] INFO: VALID_ID: 2584345
2023-06-30 16:23:02 [booklist] INFO: VALID_ID: 2584012
2023-06-30 16:23:02 [booklist] INFO: VALID_ID: 2583662
2023-06-30 16:23:02 [booklist] INFO: VALID_ID: 2583824
2023-06-30 16:23:02 [booklist] INFO: VALID_ID: 2584346
2023-06-30 16:23:02 [booklist] INFO: VALID_ID: 2583695
2023-06-30 16:23:02 [booklist] INFO: VALID_ID: 2584717
2023-06-30 16:23:02 [booklist] INFO: VALID_ID: 2583825
2023-06-30 16:23:02 [booklist] INFO: VALID_ID: 2584013
2023-06-30 16:23:02 [booklist] INFO: VALID_ID: 2584718
2023-06-30 16:23:02 [booklist] INFO: VALID_ID: 2584347
2023-06-30 16:23:02 [booklist] INFO: VALID_ID: 2583826
2023-06-30 16:23:02 [booklist] INFO: VALID_ID: 2583663
2023-06-30 16:23:02 [booklist] INFO: VALID_ID: 2583827
2023-06-30 16:23:02 [booklist] INFO: VALID_ID: 2583696
2023-06-30 16:23:02 [booklist] INFO: VALID_ID: 2584719
2023-06-30 16:23:02 [booklist] INFO: VALID_ID: 2584014
2023-06-30 16:23:02 [booklist] INFO: VALID_ID: 2584348
2023-06-30 16:23:02 [booklist] INFO: VALID_ID: 2584349
2023-06-30 16:23:02 [booklist] INFO: VALID_ID: 2584015
2023-06-30 16:23:02 [booklist] INFO: VALID_ID: 2583828
2023-06-30 16:23:02 [booklist] INFO: VALID_ID: 2584720
2023-06-30 16:23:02 [booklist] INFO: VALID_ID: 2583664
2023-06-30 16:23:02 [booklist] INFO: VALID_ID: 2583829
2023-06-30 16:23:02 [booklist] INFO: VALID_ID: 2583697
2023-06-30 16:23:02 [booklist] INFO: VALID_ID: 2584350
2023-06-30 16:23:02 [booklist] INFO: VALID_ID: 2584721
2023-06-30 16:23:02 [booklist] INFO: VALID_ID: 2583665
2023-06-30 16:23:02 [booklist] INFO: VALID_ID: 2584722
2023-06-30 16:23:02 [booklist] INFO: VALID_ID: 2584351
2023-06-30 16:23:02 [booklist] INFO: VALID_ID: 2583830
2023-06-30 16:23:02 [booklist] INFO: VALID_ID: 2584723
2023-06-30 16:23:02 [booklist] INFO: VALID_ID: 2583831
2023-06-30 16:23:02 [booklist] INFO: VALID_ID: 2583698
2023-06-30 16:23:02 [booklist] INFO: VALID_ID: 2584352
2023-06-30 16:23:02 [booklist] INFO: VALID_ID: 2584016
2023-06-30 16:23:02 [booklist] INFO: VALID_ID: 12865771
2023-06-30 16:23:02 [booklist] INFO: VALID_ID: 2583666
2023-06-30 16:23:02 [booklist] INFO: VALID_ID: 2584017
2023-06-30 16:23:02 [booklist] INFO: VALID_ID: 2583832
2023-06-30 16:23:02 [booklist] INFO: VALID_ID: 2584353
2023-06-30 16:23:02 [booklist] INFO: VALID_ID: 2584018
2023-06-30 16:23:02 [booklist] INFO: VALID_ID: 2584724
2023-06-30 16:23:02 [booklist] INFO: VALID_ID: 2583833
2023-06-30 16:23:02 [booklist] INFO: VALID_ID: 2583699
2023-06-30 16:23:02 [booklist] INFO: VALID_ID: 2584354
2023-06-30 16:23:02 [booklist] INFO: VALID_ID: 2583667
2023-06-30 16:23:02 [booklist] INFO: VALID_ID: 2584725
2023-06-30 16:23:02 [booklist] INFO: VALID_ID: 2583834
2023-06-30 16:23:02 [booklist] INFO: VALID_ID: 2584355
2023-06-30 16:23:02 [booklist] INFO: VALID_ID: 2584019
2023-06-30 16:23:02 [booklist] INFO: VALID_ID: 2583835
2023-06-30 16:23:02 [booklist] INFO: VALID_ID: 2583700
2023-06-30 16:23:02 [booklist] INFO: VALID_ID: 2584020
2023-06-30 16:23:02 [booklist] INFO: VALID_ID: 2584726
2023-06-30 16:23:02 [booklist] INFO: VALID_ID: 2584356
2023-06-30 16:23:02 [booklist] INFO: VALID_ID: 2584357
2023-06-30 16:23:02 [booklist] INFO: VALID_ID: 2584021
2023-06-30 16:23:02 [booklist] INFO: VALID_ID: 2583836
2023-06-30 16:23:02 [booklist] INFO: VALID_ID: 2584727
2023-06-30 16:23:02 [booklist] INFO: VALID_ID: 2583668
2023-06-30 16:23:02 [booklist] INFO: VALID_ID: 2583837
2023-06-30 16:23:02 [booklist] INFO: VALID_ID: 2583701
2023-06-30 16:23:02 [booklist] INFO: VALID_ID: 2584022
2023-06-30 16:23:02 [booklist] INFO: VALID_ID: 2584728
2023-06-30 16:23:02 [booklist] INFO: VALID_ID: 2584358
2023-06-30 16:23:02 [booklist] INFO: VALID_ID: 2584023
2023-06-30 16:23:02 [booklist] INFO: VALID_ID: 2584359
2023-06-30 16:23:02 [booklist] INFO: VALID_ID: 2584729
2023-06-30 16:23:02 [booklist] INFO: VALID_ID: 2583669
2023-06-30 16:23:02 [booklist] INFO: VALID_ID: 2583838
2023-06-30 16:23:02 [booklist] INFO: VALID_ID: 2583702
2023-06-30 16:23:02 [booklist] INFO: VALID_ID: 2584024
2023-06-30 16:23:02 [booklist] INFO: VALID_ID: 2584730
2023-06-30 16:23:02 [booklist] INFO: VALID_ID: 2584360
2023-06-30 16:23:02 [booklist] INFO: VALID_ID: 2583839
2023-06-30 16:23:02 [booklist] INFO: VALID_ID: 2583840
2023-06-30 16:23:02 [booklist] INFO: VALID_ID: 2584731
2023-06-30 16:23:02 [booklist] INFO: VALID_ID: 2584025
2023-06-30 16:23:02 [booklist] INFO: VALID_ID: 2583670
2023-06-30 16:23:02 [booklist] INFO: VALID_ID: 2584361
2023-06-30 16:23:02 [booklist] INFO: VALID_ID: 2584362
2023-06-30 16:23:02 [booklist] INFO: VALID_ID: 2583703
2023-06-30 16:23:02 [booklist] INFO: VALID_ID: 2583841
2023-06-30 16:23:02 [booklist] INFO: VALID_ID: 2584732
2023-06-30 16:23:02 [booklist] INFO: VALID_ID: 2584026
2023-06-30 16:23:02 [booklist] INFO: VALID_ID: 2583671
2023-06-30 16:23:02 [booklist] INFO: VALID_ID: 2584363
2023-06-30 16:23:02 [booklist] INFO: VALID_ID: 2584733
2023-06-30 16:23:02 [booklist] INFO: VALID_ID: 2584027
2023-06-30 16:23:02 [booklist] INFO: VALID_ID: 2583842
2023-06-30 16:23:02 [booklist] INFO: VALID_ID: 2584364
2023-06-30 16:23:02 [booklist] INFO: VALID_ID: 2584734
2023-06-30 16:23:02 [booklist] INFO: VALID_ID: 2583704
2023-06-30 16:23:02 [booklist] INFO: VALID_ID: 2583843
2023-06-30 16:23:04 [scrapy.core.engine] DEBUG: Crawled (200) <POST https://dl.ndl.go.jp/api/item/search> (referer: https://dl.ndl.go.jp/api/item/search)
2023-06-30 16:23:04 [booklist] INFO: Fetched page 8
2023-06-30 16:23:04 [booklist] INFO: VALID_ID: 2584365
2023-06-30 16:23:04 [booklist] INFO: VALID_ID: 2583672
2023-06-30 16:23:04 [booklist] INFO: VALID_ID: 2584735
2023-06-30 16:23:04 [booklist] INFO: VALID_ID: 2583844
2023-06-30 16:23:04 [booklist] INFO: VALID_ID: 2584736
2023-06-30 16:23:04 [booklist] INFO: VALID_ID: 2583705
2023-06-30 16:23:04 [booklist] INFO: VALID_ID: 2583845
2023-06-30 16:23:04 [booklist] INFO: VALID_ID: 2584366
2023-06-30 16:23:04 [booklist] INFO: VALID_ID: 2583673
2023-06-30 16:23:04 [booklist] INFO: VALID_ID: 2584367
2023-06-30 16:23:04 [booklist] INFO: VALID_ID: 2584737
2023-06-30 16:23:04 [booklist] INFO: VALID_ID: 2584028
2023-06-30 16:23:04 [booklist] INFO: VALID_ID: 2583846
2023-06-30 16:23:04 [booklist] INFO: VALID_ID: 2584368
2023-06-30 16:23:04 [booklist] INFO: VALID_ID: 2583706
2023-06-30 16:23:04 [booklist] INFO: VALID_ID: 2584738
2023-06-30 16:23:04 [booklist] INFO: VALID_ID: 2583847
2023-06-30 16:23:04 [booklist] INFO: VALID_ID: 2584029
2023-06-30 16:23:04 [booklist] INFO: VALID_ID: 2584030
2023-06-30 16:23:04 [booklist] INFO: VALID_ID: 2583674
2023-06-30 16:23:04 [booklist] INFO: VALID_ID: 2583848
2023-06-30 16:23:04 [booklist] INFO: VALID_ID: 2584369
2023-06-30 16:23:04 [booklist] INFO: VALID_ID: 2584739
2023-06-30 16:23:04 [booklist] INFO: VALID_ID: 2583849
2023-06-30 16:23:04 [booklist] INFO: VALID_ID: 2583707
2023-06-30 16:23:04 [booklist] INFO: VALID_ID: 2584370
2023-06-30 16:23:04 [booklist] INFO: VALID_ID: 2584740
2023-06-30 16:23:04 [booklist] INFO: VALID_ID: 2583675
2023-06-30 16:23:04 [booklist] INFO: VALID_ID: 2584371
2023-06-30 16:23:04 [booklist] INFO: VALID_ID: 2584741
2023-06-30 16:23:04 [booklist] INFO: VALID_ID: 2583850
2023-06-30 16:23:04 [booklist] INFO: VALID_ID: 2584372
2023-06-30 16:23:04 [booklist] INFO: VALID_ID: 2583851
2023-06-30 16:23:04 [booklist] INFO: VALID_ID: 2584742
2023-06-30 16:23:04 [booklist] INFO: VALID_ID: 2583708
2023-06-30 16:23:04 [booklist] INFO: VALID_ID: 2584031
2023-06-30 16:23:04 [booklist] INFO: VALID_ID: 2583676
2023-06-30 16:23:04 [booklist] INFO: VALID_ID: 2584032
2023-06-30 16:23:04 [booklist] INFO: VALID_ID: 2584743
2023-06-30 16:23:04 [booklist] INFO: VALID_ID: 2583852
2023-06-30 16:23:04 [booklist] INFO: VALID_ID: 2584373
2023-06-30 16:23:04 [booklist] INFO: VALID_ID: 2584744
2023-06-30 16:23:04 [booklist] INFO: VALID_ID: 2583709
2023-06-30 16:23:04 [booklist] INFO: VALID_ID: 2583853
2023-06-30 16:23:04 [booklist] INFO: VALID_ID: 2584374
2023-06-30 16:23:04 [booklist] INFO: VALID_ID: 2584033
2023-06-30 16:23:04 [booklist] INFO: VALID_ID: 2584375
2023-06-30 16:23:04 [booklist] INFO: VALID_ID: 2584034
2023-06-30 16:23:04 [booklist] INFO: VALID_ID: 2583854
2023-06-30 16:23:04 [booklist] INFO: VALID_ID: 2583677
2023-06-30 16:23:04 [booklist] INFO: VALID_ID: 2584745
2023-06-30 16:23:04 [booklist] INFO: VALID_ID: 2583855
2023-06-30 16:23:04 [booklist] INFO: VALID_ID: 2583710
2023-06-30 16:23:04 [booklist] INFO: VALID_ID: 2584746
2023-06-30 16:23:04 [booklist] INFO: VALID_ID: 2584376
2023-06-30 16:23:04 [booklist] INFO: VALID_ID: 2584377
2023-06-30 16:23:04 [booklist] INFO: VALID_ID: 2583856
2023-06-30 16:23:04 [booklist] INFO: VALID_ID: 2584035
2023-06-30 16:23:04 [booklist] INFO: VALID_ID: 2584747
2023-06-30 16:23:04 [booklist] INFO: VALID_ID: 2583678
2023-06-30 16:23:04 [booklist] INFO: VALID_ID: 2584748
2023-06-30 16:23:04 [booklist] INFO: VALID_ID: 2584036
2023-06-30 16:23:04 [booklist] INFO: VALID_ID: 2583711
2023-06-30 16:23:04 [booklist] INFO: VALID_ID: 2583857
2023-06-30 16:23:04 [booklist] INFO: VALID_ID: 2584378
2023-06-30 16:23:04 [booklist] INFO: VALID_ID: 2584037
2023-06-30 16:23:04 [booklist] INFO: VALID_ID: 2583858
2023-06-30 16:23:04 [booklist] INFO: VALID_ID: 2583679
2023-06-30 16:23:04 [booklist] INFO: VALID_ID: 2584379
2023-06-30 16:23:04 [booklist] INFO: VALID_ID: 2584749
2023-06-30 16:23:04 [booklist] INFO: VALID_ID: 2584750
2023-06-30 16:23:04 [booklist] INFO: VALID_ID: 2584380
2023-06-30 16:23:04 [booklist] INFO: VALID_ID: 2583712
2023-06-30 16:23:04 [booklist] INFO: VALID_ID: 2583859
2023-06-30 16:23:04 [booklist] INFO: VALID_ID: 2583680
2023-06-30 16:23:04 [booklist] INFO: VALID_ID: 2583860
2023-06-30 16:23:04 [booklist] INFO: VALID_ID: 2584751
2023-06-30 16:23:04 [booklist] INFO: VALID_ID: 2584381
2023-06-30 16:23:04 [booklist] INFO: VALID_ID: 2584752
2023-06-30 16:23:04 [booklist] INFO: VALID_ID: 2583861
2023-06-30 16:23:04 [booklist] INFO: VALID_ID: 2584382
2023-06-30 16:23:04 [booklist] INFO: VALID_ID: 2584038
2023-06-30 16:23:04 [booklist] INFO: VALID_ID: 2583713
2023-06-30 16:23:04 [booklist] INFO: VALID_ID: 2584753
2023-06-30 16:23:04 [booklist] INFO: VALID_ID: 2583681
2023-06-30 16:23:04 [booklist] INFO: VALID_ID: 2583862
2023-06-30 16:23:04 [booklist] INFO: VALID_ID: 2584039
2023-06-30 16:23:04 [booklist] INFO: VALID_ID: 2584383
2023-06-30 16:23:04 [booklist] INFO: VALID_ID: 2583863
2023-06-30 16:23:04 [booklist] INFO: VALID_ID: 2584384
2023-06-30 16:23:04 [booklist] INFO: VALID_ID: 2584040
2023-06-30 16:23:04 [booklist] INFO: VALID_ID: 2583714
2023-06-30 16:23:04 [booklist] INFO: VALID_ID: 2584754
2023-06-30 16:23:04 [booklist] INFO: VALID_ID: 2583864
2023-06-30 16:23:04 [booklist] INFO: VALID_ID: 2584755
2023-06-30 16:23:04 [booklist] INFO: VALID_ID: 2583682
2023-06-30 16:23:04 [booklist] INFO: VALID_ID: 2584385
2023-06-30 16:23:04 [booklist] INFO: VALID_ID: 2584756
2023-06-30 16:23:04 [booklist] INFO: VALID_ID: 2583865
2023-06-30 16:23:04 [booklist] INFO: VALID_ID: 2583715
2023-06-30 16:23:06 [scrapy.core.engine] DEBUG: Crawled (200) <POST https://dl.ndl.go.jp/api/item/search> (referer: https://dl.ndl.go.jp/api/item/search)
2023-06-30 16:23:06 [booklist] INFO: Fetched page 9
2023-06-30 16:23:06 [booklist] INFO: VALID_ID: 2584041
2023-06-30 16:23:06 [booklist] INFO: VALID_ID: 2584386
2023-06-30 16:23:06 [booklist] INFO: VALID_ID: 2584042
2023-06-30 16:23:06 [booklist] INFO: VALID_ID: 12865772
2023-06-30 16:23:06 [booklist] INFO: VALID_ID: 2584387
2023-06-30 16:23:06 [booklist] INFO: VALID_ID: 2583683
2023-06-30 16:23:06 [booklist] INFO: VALID_ID: 2583866
2023-06-30 16:23:06 [booklist] INFO: VALID_ID: 2583716
2023-06-30 16:23:06 [booklist] INFO: VALID_ID: 2584388
2023-06-30 16:23:06 [booklist] INFO: VALID_ID: 2584757
2023-06-30 16:23:06 [booklist] INFO: VALID_ID: 2583867
2023-06-30 16:23:06 [booklist] INFO: VALID_ID: 2584043
2023-06-30 16:23:06 [booklist] INFO: VALID_ID: 2584758
2023-06-30 16:23:06 [booklist] INFO: VALID_ID: 2583868
2023-06-30 16:23:06 [booklist] INFO: VALID_ID: 2584044
2023-06-30 16:23:06 [booklist] INFO: VALID_ID: 2584389
2023-06-30 16:23:06 [booklist] INFO: VALID_ID: 2583684
2023-06-30 16:23:06 [booklist] INFO: VALID_ID: 2584045
2023-06-30 16:23:06 [booklist] INFO: VALID_ID: 2584759
2023-06-30 16:23:06 [booklist] INFO: VALID_ID: 2583717
2023-06-30 16:23:06 [booklist] INFO: VALID_ID: 2584390
2023-06-30 16:23:06 [booklist] INFO: VALID_ID: 2583869
2023-06-30 16:23:06 [booklist] INFO: VALID_ID: 2584391
2023-06-30 16:23:06 [booklist] INFO: VALID_ID: 2583870
2023-06-30 16:23:06 [booklist] INFO: VALID_ID: 2584760
2023-06-30 16:23:06 [booklist] INFO: VALID_ID: 2583685
2023-06-30 16:23:06 [booklist] INFO: VALID_ID: 2583718
2023-06-30 16:23:06 [booklist] INFO: VALID_ID: 2584761
2023-06-30 16:23:06 [booklist] INFO: VALID_ID: 2584392
2023-06-30 16:23:06 [booklist] INFO: VALID_ID: 2583871
2023-06-30 16:23:06 [booklist] INFO: VALID_ID: 2584762
2023-06-30 16:23:06 [booklist] INFO: VALID_ID: 2584393
2023-06-30 16:23:06 [booklist] INFO: VALID_ID: 2583686
2023-06-30 16:23:06 [booklist] INFO: VALID_ID: 2583872
2023-06-30 16:23:06 [booklist] INFO: VALID_ID: 2584046
2023-06-30 16:23:06 [booklist] INFO: VALID_ID: 2583719
2023-06-30 16:23:06 [booklist] INFO: VALID_ID: 2584394
2023-06-30 16:23:06 [booklist] INFO: VALID_ID: 2584763
2023-06-30 16:23:06 [booklist] INFO: VALID_ID: 2583873
2023-06-30 16:23:06 [booklist] INFO: VALID_ID: 2584395
2023-06-30 16:23:06 [booklist] INFO: VALID_ID: 2583874
2023-06-30 16:23:06 [booklist] INFO: VALID_ID: 2583687
2023-06-30 16:23:06 [booklist] INFO: VALID_ID: 2584047
2023-06-30 16:23:06 [booklist] INFO: VALID_ID: 2584764
2023-06-30 16:23:06 [booklist] INFO: VALID_ID: 2584396
2023-06-30 16:23:06 [booklist] INFO: VALID_ID: 2583720
2023-06-30 16:23:06 [booklist] INFO: VALID_ID: 2583875
2023-06-30 16:23:06 [booklist] INFO: VALID_ID: 2584048
2023-06-30 16:23:06 [booklist] INFO: VALID_ID: 2584765
2023-06-30 16:23:06 [booklist] INFO: VALID_ID: 2583876
2023-06-30 16:23:06 [booklist] INFO: VALID_ID: 2584766
2023-06-30 16:23:06 [booklist] INFO: VALID_ID: 2583688
2023-06-30 16:23:06 [booklist] INFO: VALID_ID: 2584397
2023-06-30 16:23:06 [booklist] INFO: VALID_ID: 2584049
2023-06-30 16:23:06 [booklist] INFO: VALID_ID: 2584050
2023-06-30 16:23:06 [booklist] INFO: VALID_ID: 2583721
2023-06-30 16:23:06 [booklist] INFO: VALID_ID: 2584767
2023-06-30 16:23:06 [booklist] INFO: VALID_ID: 2583877
2023-06-30 16:23:06 [booklist] INFO: VALID_ID: 2584398
2023-06-30 16:23:06 [booklist] INFO: VALID_ID: 2583689
2023-06-30 16:23:06 [booklist] INFO: VALID_ID: 2584399
2023-06-30 16:23:06 [booklist] INFO: VALID_ID: 2584051
2023-06-30 16:23:06 [booklist] INFO: VALID_ID: 2583878
2023-06-30 16:23:06 [booklist] INFO: VALID_ID: 2584768
2023-06-30 16:23:06 [booklist] INFO: VALID_ID: 2584769
2023-06-30 16:23:06 [booklist] INFO: VALID_ID: 2584400
2023-06-30 16:23:06 [booklist] INFO: VALID_ID: 2583879
2023-06-30 16:23:06 [booklist] INFO: VALID_ID: 2583722
2023-06-30 16:23:06 [booklist] INFO: VALID_ID: 2584053
2023-06-30 16:23:06 [booklist] INFO: VALID_ID: 2584401
2023-06-30 16:23:06 [booklist] INFO: VALID_ID: 2583690
2023-06-30 16:23:06 [booklist] INFO: VALID_ID: 2584770
2023-06-30 16:23:06 [booklist] INFO: VALID_ID: 2583880
2023-06-30 16:23:06 [booklist] INFO: VALID_ID: 2583723
2023-06-30 16:23:06 [booklist] INFO: VALID_ID: 2583881
2023-06-30 16:23:06 [booklist] INFO: VALID_ID: 2584771
2023-06-30 16:23:06 [booklist] INFO: VALID_ID: 2584402
2023-06-30 16:23:06 [booklist] INFO: VALID_ID: 2584054
2023-06-30 16:23:06 [booklist] INFO: VALID_ID: 2583882
2023-06-30 16:23:06 [booklist] INFO: VALID_ID: 2584055
2023-06-30 16:23:06 [booklist] INFO: VALID_ID: 2584772
2023-06-30 16:23:06 [booklist] INFO: VALID_ID: 2584403
2023-06-30 16:23:06 [booklist] INFO: VALID_ID: 2583691
2023-06-30 16:23:06 [booklist] INFO: VALID_ID: 2584773
2023-06-30 16:23:06 [booklist] INFO: VALID_ID: 2583883
2023-06-30 16:23:06 [booklist] INFO: VALID_ID: 2583724
2023-06-30 16:23:06 [booklist] INFO: VALID_ID: 2584056
2023-06-30 16:23:06 [booklist] INFO: VALID_ID: 2584404
2023-06-30 16:23:06 [booklist] INFO: VALID_ID: 2584774
2023-06-30 16:23:06 [booklist] INFO: VALID_ID: 2583725
2023-06-30 16:23:06 [booklist] INFO: VALID_ID: 2584057
2023-06-30 16:23:06 [booklist] INFO: VALID_ID: 2584405
2023-06-30 16:23:06 [booklist] INFO: VALID_ID: 2583884
2023-06-30 16:23:06 [booklist] INFO: VALID_ID: 2584058
2023-06-30 16:23:06 [booklist] INFO: VALID_ID: 2584775
2023-06-30 16:23:06 [booklist] INFO: VALID_ID: 2583885
2023-06-30 16:23:06 [booklist] INFO: VALID_ID: 2584406
2023-06-30 16:23:06 [booklist] INFO: VALID_ID: 2584059
2023-06-30 16:23:06 [booklist] INFO: VALID_ID: 2584776
2023-06-30 16:23:06 [booklist] INFO: VALID_ID: 2583886
2023-06-30 16:23:08 [scrapy.core.engine] DEBUG: Crawled (200) <POST https://dl.ndl.go.jp/api/item/search> (referer: https://dl.ndl.go.jp/api/item/search)
2023-06-30 16:23:08 [booklist] INFO: Fetched page 10
2023-06-30 16:23:08 [booklist] INFO: VALID_ID: 2584407
2023-06-30 16:23:08 [booklist] INFO: VALID_ID: 2584777
2023-06-30 16:23:08 [booklist] INFO: VALID_ID: 2584408
2023-06-30 16:23:08 [booklist] INFO: VALID_ID: 2584060
2023-06-30 16:23:08 [booklist] INFO: VALID_ID: 2583887
2023-06-30 16:23:08 [booklist] INFO: VALID_ID: 2584778
2023-06-30 16:23:08 [booklist] INFO: VALID_ID: 2584061
2023-06-30 16:23:08 [booklist] INFO: VALID_ID: 2584409
2023-06-30 16:23:08 [booklist] INFO: VALID_ID: 2583888
2023-06-30 16:23:08 [booklist] INFO: VALID_ID: 2584779
2023-06-30 16:23:08 [booklist] INFO: VALID_ID: 2584062
2023-06-30 16:23:08 [booklist] INFO: VALID_ID: 2584410
2023-06-30 16:23:08 [booklist] INFO: VALID_ID: 2583889
2023-06-30 16:23:08 [booklist] INFO: VALID_ID: 2584780
2023-06-30 16:23:08 [booklist] INFO: VALID_ID: 2584063
2023-06-30 16:23:08 [booklist] INFO: VALID_ID: 2584411
2023-06-30 16:23:08 [booklist] INFO: VALID_ID: 2583890
2023-06-30 16:23:08 [booklist] INFO: VALID_ID: 2584064
2023-06-30 16:23:08 [booklist] INFO: VALID_ID: 2583891
2023-06-30 16:23:08 [booklist] INFO: VALID_ID: 2584781
2023-06-30 16:23:08 [booklist] INFO: VALID_ID: 2584412
2023-06-30 16:23:08 [booklist] INFO: VALID_ID: 2583892
2023-06-30 16:23:08 [booklist] INFO: VALID_ID: 2584065
2023-06-30 16:23:08 [booklist] INFO: VALID_ID: 2584782
2023-06-30 16:23:08 [booklist] INFO: VALID_ID: 2584413
2023-06-30 16:23:08 [booklist] INFO: VALID_ID: 2584783
2023-06-30 16:23:08 [booklist] INFO: VALID_ID: 2584414
2023-06-30 16:23:08 [booklist] INFO: VALID_ID: 2583893
2023-06-30 16:23:08 [booklist] INFO: VALID_ID: 2584066
2023-06-30 16:23:08 [booklist] INFO: VALID_ID: 2583894
2023-06-30 16:23:08 [booklist] INFO: VALID_ID: 2584784
2023-06-30 16:23:08 [booklist] INFO: VALID_ID: 2584067
2023-06-30 16:23:08 [booklist] INFO: VALID_ID: 2584415
2023-06-30 16:23:08 [booklist] INFO: VALID_ID: 2584416
2023-06-30 16:23:08 [booklist] INFO: VALID_ID: 2584068
2023-06-30 16:23:08 [booklist] INFO: VALID_ID: 2584785
2023-06-30 16:23:08 [booklist] INFO: VALID_ID: 2583895
2023-06-30 16:23:08 [booklist] INFO: VALID_ID: 2584417
2023-06-30 16:23:08 [booklist] INFO: VALID_ID: 2584786
2023-06-30 16:23:08 [booklist] INFO: VALID_ID: 2583896
2023-06-30 16:23:08 [booklist] INFO: VALID_ID: 2584069
2023-06-30 16:23:08 [booklist] INFO: VALID_ID: 2584787
2023-06-30 16:23:08 [booklist] INFO: VALID_ID: 2584070
2023-06-30 16:23:08 [booklist] INFO: VALID_ID: 2583897
2023-06-30 16:23:08 [booklist] INFO: VALID_ID: 2584418
2023-06-30 16:23:08 [booklist] INFO: VALID_ID: 2584419
2023-06-30 16:23:08 [booklist] INFO: VALID_ID: 2584788
2023-06-30 16:23:08 [booklist] INFO: VALID_ID: 2584071
2023-06-30 16:23:08 [booklist] INFO: VALID_ID: 2583898
2023-06-30 16:23:08 [booklist] INFO: VALID_ID: 2584072
2023-06-30 16:23:08 [booklist] INFO: VALID_ID: 2584789
2023-06-30 16:23:08 [booklist] INFO: VALID_ID: 2583899
2023-06-30 16:23:08 [booklist] INFO: VALID_ID: 2584420
2023-06-30 16:23:08 [booklist] INFO: VALID_ID: 2584421
2023-06-30 16:23:08 [booklist] INFO: VALID_ID: 2584790
2023-06-30 16:23:08 [booklist] INFO: VALID_ID: 2583900
2023-06-30 16:23:08 [booklist] INFO: VALID_ID: 2584073
2023-06-30 16:23:08 [booklist] INFO: VALID_ID: 2584074
2023-06-30 16:23:08 [booklist] INFO: VALID_ID: 2583901
2023-06-30 16:23:08 [booklist] INFO: VALID_ID: 2584791
2023-06-30 16:23:08 [booklist] INFO: VALID_ID: 2584422
2023-06-30 16:23:08 [booklist] INFO: VALID_ID: 2584423
2023-06-30 16:23:08 [booklist] INFO: VALID_ID: 2584075
2023-06-30 16:23:08 [booklist] INFO: VALID_ID: 2583902
2023-06-30 16:23:08 [booklist] INFO: VALID_ID: 2584792
2023-06-30 16:23:08 [booklist] INFO: VALID_ID: 2584424
2023-06-30 16:23:08 [booklist] INFO: VALID_ID: 2584793
2023-06-30 16:23:08 [booklist] INFO: VALID_ID: 2584076
2023-06-30 16:23:08 [booklist] INFO: VALID_ID: 2583903
2023-06-30 16:23:08 [booklist] INFO: VALID_ID: 2584794
2023-06-30 16:23:08 [booklist] INFO: VALID_ID: 2584077
2023-06-30 16:23:08 [booklist] INFO: VALID_ID: 2584425
2023-06-30 16:23:08 [booklist] INFO: VALID_ID: 2583904
2023-06-30 16:23:08 [booklist] INFO: VALID_ID: 2583905
2023-06-30 16:23:08 [booklist] INFO: VALID_ID: 2584426
2023-06-30 16:23:08 [booklist] INFO: VALID_ID: 2584078
2023-06-30 16:23:08 [booklist] INFO: VALID_ID: 2584795
2023-06-30 16:23:08 [booklist] INFO: VALID_ID: 2584796
2023-06-30 16:23:08 [booklist] INFO: VALID_ID: 2584079
2023-06-30 16:23:08 [booklist] INFO: VALID_ID: 2584427
2023-06-30 16:23:08 [booklist] INFO: VALID_ID: 2583906
2023-06-30 16:23:08 [booklist] INFO: VALID_ID: 2584081
2023-06-30 16:23:08 [booklist] INFO: VALID_ID: 2584428
2023-06-30 16:23:08 [booklist] INFO: VALID_ID: 2583907
2023-06-30 16:23:08 [booklist] INFO: VALID_ID: 2584797
2023-06-30 16:23:08 [booklist] INFO: VALID_ID: 2584799
2023-06-30 16:23:08 [booklist] INFO: VALID_ID: 2584429
2023-06-30 16:23:08 [booklist] INFO: VALID_ID: 2583908
2023-06-30 16:23:08 [booklist] INFO: VALID_ID: 2584082
2023-06-30 16:23:08 [booklist] INFO: VALID_ID: 2584430
2023-06-30 16:23:08 [booklist] INFO: VALID_ID: 2583909
2023-06-30 16:23:08 [booklist] INFO: VALID_ID: 12865773
2023-06-30 16:23:08 [booklist] INFO: VALID_ID: 2583910
2023-06-30 16:23:08 [booklist] INFO: VALID_ID: 2584800
2023-06-30 16:23:08 [booklist] INFO: VALID_ID: 2584431
2023-06-30 16:23:08 [booklist] INFO: VALID_ID: 2584083
2023-06-30 16:23:08 [booklist] INFO: VALID_ID: 2584432
2023-06-30 16:23:08 [booklist] INFO: VALID_ID: 2583911
2023-06-30 16:23:08 [booklist] INFO: VALID_ID: 2584084
2023-06-30 16:23:08 [booklist] INFO: VALID_ID: 2584801
2023-06-30 16:23:10 [scrapy.core.engine] DEBUG: Crawled (200) <POST https://dl.ndl.go.jp/api/item/search> (referer: https://dl.ndl.go.jp/api/item/search)
2023-06-30 16:23:10 [booklist] INFO: Fetched page 11
2023-06-30 16:23:10 [booklist] INFO: VALID_ID: 2584802
2023-06-30 16:23:10 [booklist] INFO: VALID_ID: 2584433
2023-06-30 16:23:10 [booklist] INFO: VALID_ID: 2583912
2023-06-30 16:23:10 [booklist] INFO: VALID_ID: 2584803
2023-06-30 16:23:10 [booklist] INFO: VALID_ID: 2583913
2023-06-30 16:23:10 [booklist] INFO: VALID_ID: 2584434
2023-06-30 16:23:10 [booklist] INFO: VALID_ID: 2584085
2023-06-30 16:23:10 [booklist] INFO: VALID_ID: 2584435
2023-06-30 16:23:10 [booklist] INFO: VALID_ID: 2583914
2023-06-30 16:23:10 [booklist] INFO: VALID_ID: 2584804
2023-06-30 16:23:10 [booklist] INFO: VALID_ID: 2584086
2023-06-30 16:23:10 [booklist] INFO: VALID_ID: 2584805
2023-06-30 16:23:10 [booklist] INFO: VALID_ID: 2584087
2023-06-30 16:23:10 [booklist] INFO: VALID_ID: 2584436
2023-06-30 16:23:10 [booklist] INFO: VALID_ID: 2583916
2023-06-30 16:23:10 [booklist] INFO: VALID_ID: 2584437
2023-06-30 16:23:10 [booklist] INFO: VALID_ID: 2583917
2023-06-30 16:23:10 [booklist] INFO: VALID_ID: 2584806
2023-06-30 16:23:10 [booklist] INFO: VALID_ID: 2584438
2023-06-30 16:23:10 [booklist] INFO: VALID_ID: 2584807
2023-06-30 16:23:10 [booklist] INFO: VALID_ID: 2583918
2023-06-30 16:23:10 [booklist] INFO: VALID_ID: 2584088
2023-06-30 16:23:10 [booklist] INFO: VALID_ID: 2584808
2023-06-30 16:23:10 [booklist] INFO: VALID_ID: 2583919
2023-06-30 16:23:10 [booklist] INFO: VALID_ID: 2584439
2023-06-30 16:23:10 [booklist] INFO: VALID_ID: 2583920
2023-06-30 16:23:10 [booklist] INFO: VALID_ID: 2584440
2023-06-30 16:23:10 [booklist] INFO: VALID_ID: 2584809
2023-06-30 16:23:10 [booklist] INFO: VALID_ID: 2584441
2023-06-30 16:23:10 [booklist] INFO: VALID_ID: 2583921
2023-06-30 16:23:10 [booklist] INFO: VALID_ID: 2584810
2023-06-30 16:23:10 [booklist] INFO: VALID_ID: 2584089
2023-06-30 16:23:10 [booklist] INFO: VALID_ID: 2584090
2023-06-30 16:23:10 [booklist] INFO: VALID_ID: 2583922
2023-06-30 16:23:10 [booklist] INFO: VALID_ID: 2584442
2023-06-30 16:23:10 [booklist] INFO: VALID_ID: 2584811
2023-06-30 16:23:10 [booklist] INFO: VALID_ID: 2584443
2023-06-30 16:23:10 [booklist] INFO: VALID_ID: 2583923
2023-06-30 16:23:10 [booklist] INFO: VALID_ID: 2584091
2023-06-30 16:23:10 [booklist] INFO: VALID_ID: 2584812
2023-06-30 16:23:10 [booklist] INFO: VALID_ID: 2584444
2023-06-30 16:23:10 [booklist] INFO: VALID_ID: 2584092
2023-06-30 16:23:10 [booklist] INFO: VALID_ID: 2584813
2023-06-30 16:23:10 [booklist] INFO: VALID_ID: 2583924
2023-06-30 16:23:10 [booklist] INFO: VALID_ID: 2584093
2023-06-30 16:23:10 [booklist] INFO: VALID_ID: 2583925
2023-06-30 16:23:10 [booklist] INFO: VALID_ID: 2584445
2023-06-30 16:23:10 [booklist] INFO: VALID_ID: 2584814
2023-06-30 16:23:10 [booklist] INFO: VALID_ID: 2584094
2023-06-30 16:23:10 [booklist] INFO: VALID_ID: 2584446
2023-06-30 16:23:10 [booklist] INFO: VALID_ID: 2584815
2023-06-30 16:23:10 [booklist] INFO: VALID_ID: 2583926
2023-06-30 16:23:10 [booklist] INFO: VALID_ID: 2584095
2023-06-30 16:23:10 [booklist] INFO: VALID_ID: 2584816
2023-06-30 16:23:10 [booklist] INFO: VALID_ID: 2583927
2023-06-30 16:23:10 [booklist] INFO: VALID_ID: 2584447
2023-06-30 16:23:10 [booklist] INFO: VALID_ID: 2584096
2023-06-30 16:23:10 [booklist] INFO: VALID_ID: 2584817
2023-06-30 16:23:10 [booklist] INFO: VALID_ID: 2584448
2023-06-30 16:23:10 [booklist] INFO: VALID_ID: 2583928
2023-06-30 16:23:10 [booklist] INFO: VALID_ID: 2583929
2023-06-30 16:23:10 [booklist] INFO: VALID_ID: 2584097
2023-06-30 16:23:10 [booklist] INFO: VALID_ID: 2584449
2023-06-30 16:23:10 [booklist] INFO: VALID_ID: 2584818
2023-06-30 16:23:10 [booklist] INFO: VALID_ID: 2584450
2023-06-30 16:23:10 [booklist] INFO: VALID_ID: 2584098
2023-06-30 16:23:10 [booklist] INFO: VALID_ID: 2583930
2023-06-30 16:23:10 [booklist] INFO: VALID_ID: 2584819
2023-06-30 16:23:10 [booklist] INFO: VALID_ID: 2584820
2023-06-30 16:23:10 [booklist] INFO: VALID_ID: 2583931
2023-06-30 16:23:10 [booklist] INFO: VALID_ID: 2584099
2023-06-30 16:23:10 [booklist] INFO: VALID_ID: 2584451
2023-06-30 16:23:10 [booklist] INFO: VALID_ID: 2584100
2023-06-30 16:23:10 [booklist] INFO: VALID_ID: 2583932
2023-06-30 16:23:10 [booklist] INFO: VALID_ID: 2584821
2023-06-30 16:23:10 [booklist] INFO: VALID_ID: 2584452
2023-06-30 16:23:10 [booklist] INFO: VALID_ID: 2583933
2023-06-30 16:23:10 [booklist] INFO: VALID_ID: 2584101
2023-06-30 16:23:10 [booklist] INFO: VALID_ID: 2584822
2023-06-30 16:23:10 [booklist] INFO: VALID_ID: 2584453
2023-06-30 16:23:10 [booklist] INFO: VALID_ID: 2584823
2023-06-30 16:23:10 [booklist] INFO: VALID_ID: 2583934
2023-06-30 16:23:10 [booklist] INFO: VALID_ID: 2584454
2023-06-30 16:23:10 [booklist] INFO: VALID_ID: 2584102
2023-06-30 16:23:10 [booklist] INFO: VALID_ID: 2584103
2023-06-30 16:23:10 [booklist] INFO: VALID_ID: 2584824
2023-06-30 16:23:10 [booklist] INFO: VALID_ID: 2583935
2023-06-30 16:23:10 [booklist] INFO: VALID_ID: 2584455
2023-06-30 16:23:10 [booklist] INFO: VALID_ID: 2584104
2023-06-30 16:23:10 [booklist] INFO: VALID_ID: 2583936
2023-06-30 16:23:10 [booklist] INFO: VALID_ID: 2584456
2023-06-30 16:23:10 [booklist] INFO: VALID_ID: 2584825
2023-06-30 16:23:10 [booklist] INFO: VALID_ID: 2584457
2023-06-30 16:23:10 [booklist] INFO: VALID_ID: 2583937
2023-06-30 16:23:10 [booklist] INFO: VALID_ID: 2584105
2023-06-30 16:23:10 [booklist] INFO: VALID_ID: 2584826
2023-06-30 16:23:10 [booklist] INFO: VALID_ID: 2584458
2023-06-30 16:23:10 [booklist] INFO: VALID_ID: 2584827
2023-06-30 16:23:10 [booklist] INFO: VALID_ID: 2583938
2023-06-30 16:23:10 [booklist] INFO: VALID_ID: 2584106
2023-06-30 16:23:12 [scrapy.core.engine] DEBUG: Crawled (200) <POST https://dl.ndl.go.jp/api/item/search> (referer: https://dl.ndl.go.jp/api/item/search)
2023-06-30 16:23:12 [booklist] INFO: Fetched page 12
2023-06-30 16:23:13 [booklist] INFO: VALID_ID: 2583939
2023-06-30 16:23:13 [booklist] INFO: VALID_ID: 2584828
2023-06-30 16:23:13 [booklist] INFO: VALID_ID: 2584107
2023-06-30 16:23:13 [booklist] INFO: VALID_ID: 2584459
2023-06-30 16:23:13 [booklist] INFO: VALID_ID: 2583940
2023-06-30 16:23:13 [booklist] INFO: VALID_ID: 2584829
2023-06-30 16:23:13 [booklist] INFO: VALID_ID: 2584460
2023-06-30 16:23:13 [booklist] INFO: VALID_ID: 2584461
2023-06-30 16:23:13 [booklist] INFO: VALID_ID: 2583941
2023-06-30 16:23:13 [booklist] INFO: VALID_ID: 2584830
2023-06-30 16:23:13 [booklist] INFO: VALID_ID: 2583942
2023-06-30 16:23:13 [booklist] INFO: VALID_ID: 2584080
2023-06-30 16:23:13 [booklist] INFO: VALID_ID: 2584831
2023-06-30 16:23:13 [booklist] INFO: VALID_ID: 2584462
2023-06-30 16:23:13 [booklist] INFO: VALID_ID: 2584463
2023-06-30 16:23:13 [booklist] INFO: VALID_ID: 2584108
2023-06-30 16:23:13 [booklist] INFO: VALID_ID: 2583943
2023-06-30 16:23:13 [booklist] INFO: VALID_ID: 2584832
2023-06-30 16:23:13 [booklist] INFO: VALID_ID: 2583944
2023-06-30 16:23:13 [booklist] INFO: VALID_ID: 2584464
2023-06-30 16:23:13 [booklist] INFO: VALID_ID: 2584833
2023-06-30 16:23:13 [booklist] INFO: VALID_ID: 2584109
2023-06-30 16:23:13 [booklist] INFO: VALID_ID: 2583945
2023-06-30 16:23:13 [booklist] INFO: VALID_ID: 2584465
2023-06-30 16:23:13 [booklist] INFO: VALID_ID: 2584110
2023-06-30 16:23:13 [booklist] INFO: VALID_ID: 2584834
2023-06-30 16:23:13 [booklist] INFO: VALID_ID: 2584111
2023-06-30 16:23:13 [booklist] INFO: VALID_ID: 2583946
2023-06-30 16:23:13 [booklist] INFO: VALID_ID: 2584835
2023-06-30 16:23:13 [booklist] INFO: VALID_ID: 2584466
2023-06-30 16:23:13 [booklist] INFO: VALID_ID: 2584467
2023-06-30 16:23:13 [booklist] INFO: VALID_ID: 2583947
2023-06-30 16:23:13 [booklist] INFO: VALID_ID: 2584836
2023-06-30 16:23:13 [booklist] INFO: VALID_ID: 2584112
2023-06-30 16:23:13 [booklist] INFO: VALID_ID: 2584468
2023-06-30 16:23:13 [booklist] INFO: VALID_ID: 2584113
2023-06-30 16:23:13 [booklist] INFO: VALID_ID: 2583948
2023-06-30 16:23:13 [booklist] INFO: VALID_ID: 2584114
2023-06-30 16:23:13 [booklist] INFO: VALID_ID: 2583949
2023-06-30 16:23:13 [booklist] INFO: VALID_ID: 2584469
2023-06-30 16:23:13 [booklist] INFO: VALID_ID: 2584115
2023-06-30 16:23:13 [booklist] INFO: VALID_ID: 2584470
2023-06-30 16:23:13 [booklist] INFO: VALID_ID: 2583950
2023-06-30 16:23:13 [booklist] INFO: VALID_ID: 2584116
2023-06-30 16:23:13 [booklist] INFO: VALID_ID: 2584471
2023-06-30 16:23:13 [booklist] INFO: VALID_ID: 2583951
2023-06-30 16:23:13 [booklist] INFO: VALID_ID: 2584472
2023-06-30 16:23:13 [booklist] INFO: VALID_ID: 2583952
2023-06-30 16:23:13 [booklist] INFO: VALID_ID: 2584117
2023-06-30 16:23:13 [booklist] INFO: VALID_ID: 2583953
2023-06-30 16:23:13 [booklist] INFO: VALID_ID: 2584473
2023-06-30 16:23:13 [booklist] INFO: VALID_ID: 2583954
2023-06-30 16:23:13 [booklist] INFO: VALID_ID: 2584474
2023-06-30 16:23:13 [booklist] INFO: VALID_ID: 2584475
2023-06-30 16:23:13 [booklist] INFO: VALID_ID: 2584118
2023-06-30 16:23:13 [booklist] INFO: VALID_ID: 2583955
2023-06-30 16:23:13 [booklist] INFO: VALID_ID: 2583956
2023-06-30 16:23:13 [booklist] INFO: VALID_ID: 2584476
2023-06-30 16:23:13 [booklist] INFO: VALID_ID: 2584119
2023-06-30 16:23:13 [booklist] INFO: VALID_ID: 2583957
2023-06-30 16:23:13 [booklist] INFO: VALID_ID: 2584477
2023-06-30 16:23:13 [booklist] INFO: VALID_ID: 2584120
2023-06-30 16:23:13 [booklist] INFO: VALID_ID: 2583958
2023-06-30 16:23:13 [booklist] INFO: VALID_ID: 2584121
2023-06-30 16:23:13 [booklist] INFO: VALID_ID: 2584478
2023-06-30 16:23:13 [booklist] INFO: VALID_ID: 2584122
2023-06-30 16:23:13 [booklist] INFO: VALID_ID: 2584479
2023-06-30 16:23:13 [booklist] INFO: VALID_ID: 2583959
2023-06-30 16:23:13 [booklist] INFO: VALID_ID: 2584480
2023-06-30 16:23:13 [booklist] INFO: VALID_ID: 2583960
2023-06-30 16:23:13 [booklist] INFO: VALID_ID: 2584123
2023-06-30 16:23:13 [booklist] INFO: VALID_ID: 2584481
2023-06-30 16:23:13 [booklist] INFO: VALID_ID: 2583961
2023-06-30 16:23:13 [booklist] INFO: VALID_ID: 2584124
2023-06-30 16:23:13 [booklist] INFO: VALID_ID: 2583962
2023-06-30 16:23:13 [booklist] INFO: VALID_ID: 2584125
2023-06-30 16:23:13 [booklist] INFO: VALID_ID: 2584482
2023-06-30 16:23:13 [booklist] INFO: VALID_ID: 2584483
2023-06-30 16:23:13 [booklist] INFO: VALID_ID: 2583963
2023-06-30 16:23:13 [booklist] INFO: VALID_ID: 2584126
2023-06-30 16:23:13 [booklist] INFO: VALID_ID: 2584484
2023-06-30 16:23:13 [booklist] INFO: VALID_ID: 2583964
2023-06-30 16:23:13 [booklist] INFO: VALID_ID: 2584127
2023-06-30 16:23:13 [booklist] INFO: VALID_ID: 2583965
2023-06-30 16:23:13 [booklist] INFO: VALID_ID: 2584485
2023-06-30 16:23:13 [booklist] INFO: VALID_ID: 2584486
2023-06-30 16:23:13 [booklist] INFO: VALID_ID: 2584128
2023-06-30 16:23:13 [booklist] INFO: VALID_ID: 2583966
2023-06-30 16:23:13 [booklist] INFO: VALID_ID: 2584487
2023-06-30 16:23:13 [booklist] INFO: VALID_ID: 2583967
2023-06-30 16:23:13 [booklist] INFO: VALID_ID: 2584129
2023-06-30 16:23:13 [booklist] INFO: VALID_ID: 2584488
2023-06-30 16:23:13 [booklist] INFO: VALID_ID: 2583968
2023-06-30 16:23:13 [booklist] INFO: VALID_ID: 2584130
2023-06-30 16:23:13 [booklist] INFO: VALID_ID: 2584489
2023-06-30 16:23:13 [booklist] INFO: VALID_ID: 2584131
2023-06-30 16:23:13 [booklist] INFO: VALID_ID: 2584490
2023-06-30 16:23:13 [booklist] INFO: VALID_ID: 2584491
2023-06-30 16:23:13 [booklist] INFO: VALID_ID: 2584132
2023-06-30 16:23:13 [booklist] INFO: VALID_ID: 2584133
2023-06-30 16:23:14 [scrapy.core.engine] DEBUG: Crawled (200) <POST https://dl.ndl.go.jp/api/item/search> (referer: https://dl.ndl.go.jp/api/item/search)
2023-06-30 16:23:14 [booklist] INFO: Fetched page 13
2023-06-30 16:23:14 [booklist] INFO: VALID_ID: 2584492
2023-06-30 16:23:14 [booklist] INFO: VALID_ID: 2584134
2023-06-30 16:23:14 [booklist] INFO: VALID_ID: 2584493
2023-06-30 16:23:14 [booklist] INFO: VALID_ID: 2584494
2023-06-30 16:23:14 [booklist] INFO: VALID_ID: 2584135
2023-06-30 16:23:14 [booklist] INFO: VALID_ID: 2584495
2023-06-30 16:23:14 [booklist] INFO: VALID_ID: 2584136
2023-06-30 16:23:14 [booklist] INFO: VALID_ID: 2584496
2023-06-30 16:23:14 [booklist] INFO: VALID_ID: 2584137
2023-06-30 16:23:14 [booklist] INFO: VALID_ID: 2584138
2023-06-30 16:23:14 [booklist] INFO: VALID_ID: 2584497
2023-06-30 16:23:14 [booklist] INFO: VALID_ID: 2584498
2023-06-30 16:23:14 [booklist] INFO: VALID_ID: 2584139
2023-06-30 16:23:14 [booklist] INFO: VALID_ID: 2584499
2023-06-30 16:23:14 [booklist] INFO: VALID_ID: 2584140
2023-06-30 16:23:14 [booklist] INFO: VALID_ID: 2584141
2023-06-30 16:23:14 [booklist] INFO: VALID_ID: 2584500
2023-06-30 16:23:14 [booklist] INFO: VALID_ID: 2584501
2023-06-30 16:23:14 [booklist] INFO: VALID_ID: 2584142
2023-06-30 16:23:14 [booklist] INFO: VALID_ID: 2584143
2023-06-30 16:23:14 [booklist] INFO: VALID_ID: 2584502
2023-06-30 16:23:14 [booklist] INFO: VALID_ID: 2584503
2023-06-30 16:23:14 [booklist] INFO: VALID_ID: 2584144
2023-06-30 16:23:14 [booklist] INFO: VALID_ID: 2584504
2023-06-30 16:23:14 [booklist] INFO: VALID_ID: 2584145
2023-06-30 16:23:14 [booklist] INFO: VALID_ID: 2584505
2023-06-30 16:23:14 [booklist] INFO: VALID_ID: 2584146
2023-06-30 16:23:14 [booklist] INFO: VALID_ID: 2584506
2023-06-30 16:23:14 [booklist] INFO: VALID_ID: 2584147
2023-06-30 16:23:14 [booklist] INFO: VALID_ID: 2584507
2023-06-30 16:23:14 [booklist] INFO: VALID_ID: 2584508
2023-06-30 16:23:14 [booklist] INFO: VALID_ID: 2584148
2023-06-30 16:23:14 [booklist] INFO: VALID_ID: 2584149
2023-06-30 16:23:14 [booklist] INFO: VALID_ID: 2584509
2023-06-30 16:23:14 [booklist] INFO: VALID_ID: 2584510
2023-06-30 16:23:14 [booklist] INFO: VALID_ID: 2584150
2023-06-30 16:23:14 [booklist] INFO: VALID_ID: 2584151
2023-06-30 16:23:14 [booklist] INFO: VALID_ID: 2584511
2023-06-30 16:23:14 [booklist] INFO: VALID_ID: 2584512
2023-06-30 16:23:14 [booklist] INFO: VALID_ID: 2584513
2023-06-30 16:23:14 [booklist] INFO: VALID_ID: 2584152
2023-06-30 16:23:14 [booklist] INFO: VALID_ID: 2584514
2023-06-30 16:23:14 [booklist] INFO: VALID_ID: 2584515
2023-06-30 16:23:14 [booklist] INFO: VALID_ID: 2584153
2023-06-30 16:23:14 [booklist] INFO: VALID_ID: 2584516
2023-06-30 16:23:14 [booklist] INFO: VALID_ID: 2584517
2023-06-30 16:23:14 [booklist] INFO: VALID_ID: 2584518
2023-06-30 16:23:14 [booklist] INFO: VALID_ID: 2584519
2023-06-30 16:23:14 [booklist] INFO: VALID_ID: 2584520
2023-06-30 16:23:14 [booklist] INFO: VALID_ID: 2584521
2023-06-30 16:23:14 [booklist] INFO: VALID_ID: 2584522
2023-06-30 16:23:14 [booklist] INFO: VALID_ID: 2584523
2023-06-30 16:23:14 [booklist] INFO: VALID_ID: 2584524
2023-06-30 16:23:14 [booklist] INFO: VALID_ID: 2584525
2023-06-30 16:23:14 [booklist] INFO: VALID_ID: 2584526
2023-06-30 16:23:14 [booklist] INFO: VALID_ID: 2584527
2023-06-30 16:23:14 [booklist] INFO: VALID_ID: 2584528
2023-06-30 16:23:14 [booklist] INFO: VALID_ID: 2584529
2023-06-30 16:23:14 [booklist] INFO: VALID_ID: 2584530
2023-06-30 16:23:14 [booklist] INFO: VALID_ID: 2584531
2023-06-30 16:23:14 [booklist] INFO: VALID_ID: 2584532
2023-06-30 16:23:14 [booklist] INFO: VALID_ID: 2584533
2023-06-30 16:23:14 [booklist] INFO: VALID_ID: 2584534
2023-06-30 16:23:14 [booklist] INFO: VALID_ID: 2584535
2023-06-30 16:23:14 [booklist] INFO: VALID_ID: 2584536
2023-06-30 16:23:14 [booklist] INFO: VALID_ID: 2584537
2023-06-30 16:23:14 [booklist] INFO: VALID_ID: 2584538
2023-06-30 16:23:14 [booklist] INFO: VALID_ID: 2584539
2023-06-30 16:23:14 [booklist] INFO: VALID_ID: 2584540
2023-06-30 16:23:14 [booklist] INFO: VALID_ID: 2584541
2023-06-30 16:23:14 [booklist] INFO: VALID_ID: 2584542
2023-06-30 16:23:14 [booklist] INFO: VALID_ID: 2584543
2023-06-30 16:23:14 [booklist] INFO: VALID_ID: 2584544
2023-06-30 16:23:14 [booklist] INFO: VALID_ID: 2584545
2023-06-30 16:23:14 [booklist] INFO: VALID_ID: 2584546
2023-06-30 16:23:14 [booklist] INFO: VALID_ID: 2584547
2023-06-30 16:23:14 [booklist] INFO: VALID_ID: 2584548
2023-06-30 16:23:14 [booklist] INFO: VALID_ID: 2584549
2023-06-30 16:23:14 [booklist] INFO: VALID_ID: 2584550
2023-06-30 16:23:14 [booklist] INFO: VALID_ID: 2584551
2023-06-30 16:23:14 [booklist] INFO: VALID_ID: 2584552
2023-06-30 16:23:14 [booklist] INFO: VALID_ID: 2584553
2023-06-30 16:23:14 [booklist] INFO: VALID_ID: 2584554
2023-06-30 16:23:14 [booklist] INFO: VALID_ID: 2584555
2023-06-30 16:23:14 [booklist] INFO: VALID_ID: 2584556
2023-06-30 16:23:14 [booklist] INFO: VALID_ID: 2584557
2023-06-30 16:23:14 [booklist] INFO: VALID_ID: 2584558
2023-06-30 16:23:14 [booklist] INFO: VALID_ID: 2584559
2023-06-30 16:23:14 [booklist] INFO: VALID_ID: 2584560
2023-06-30 16:23:14 [booklist] INFO: VALID_ID: 2584561
2023-06-30 16:23:14 [booklist] INFO: VALID_ID: 2584562
2023-06-30 16:23:14 [booklist] INFO: VALID_ID: 2584563
2023-06-30 16:23:14 [booklist] INFO: VALID_ID: 2584564
2023-06-30 16:23:14 [booklist] INFO: VALID_ID: 2584565
2023-06-30 16:23:14 [booklist] INFO: VALID_ID: 2584566
2023-06-30 16:23:14 [booklist] INFO: VALID_ID: 2584567
2023-06-30 16:23:14 [booklist] INFO: VALID_ID: 2584568
2023-06-30 16:23:14 [booklist] INFO: VALID_ID: 2584569
2023-06-30 16:23:14 [booklist] INFO: VALID_ID: 2584570
2023-06-30 16:23:14 [booklist] INFO: VALID_ID: 2584571
2023-06-30 16:23:16 [scrapy.core.engine] DEBUG: Crawled (200) <POST https://dl.ndl.go.jp/api/item/search> (referer: https://dl.ndl.go.jp/api/item/search)
2023-06-30 16:23:16 [booklist] INFO: Fetched page 14
2023-06-30 16:23:16 [booklist] INFO: VALID_ID: 2584572
2023-06-30 16:23:16 [booklist] INFO: VALID_ID: 2584573
2023-06-30 16:23:16 [booklist] INFO: VALID_ID: 2584574
2023-06-30 16:23:16 [booklist] INFO: VALID_ID: 2584575
2023-06-30 16:23:16 [booklist] INFO: VALID_ID: 2584576
2023-06-30 16:23:16 [booklist] INFO: VALID_ID: 2584577
2023-06-30 16:23:16 [booklist] INFO: VALID_ID: 2584578
2023-06-30 16:23:16 [booklist] INFO: VALID_ID: 2584579
2023-06-30 16:23:16 [booklist] INFO: VALID_ID: 2584580
2023-06-30 16:23:16 [booklist] INFO: VALID_ID: 2584581
2023-06-30 16:23:16 [booklist] INFO: VALID_ID: 2584582
2023-06-30 16:23:16 [booklist] INFO: VALID_ID: 2584583
2023-06-30 16:23:16 [booklist] INFO: VALID_ID: 2584584
2023-06-30 16:23:16 [booklist] INFO: VALID_ID: 2584585
2023-06-30 16:23:16 [booklist] INFO: VALID_ID: 2584586
2023-06-30 16:23:16 [booklist] INFO: VALID_ID: 2584587
2023-06-30 16:23:16 [booklist] INFO: VALID_ID: 2584588
2023-06-30 16:23:16 [booklist] INFO: VALID_ID: 2584589
2023-06-30 16:23:16 [booklist] INFO: VALID_ID: 2584590
2023-06-30 16:23:16 [booklist] INFO: VALID_ID: 2584591
2023-06-30 16:23:16 [booklist] INFO: VALID_ID: 2584592
2023-06-30 16:23:16 [booklist] INFO: VALID_ID: 2584593
2023-06-30 16:23:16 [booklist] INFO: VALID_ID: 2584594
2023-06-30 16:23:16 [booklist] INFO: VALID_ID: 2584595
2023-06-30 16:23:16 [booklist] INFO: VALID_ID: 2584596
2023-06-30 16:23:16 [booklist] INFO: VALID_ID: 2584597
2023-06-30 16:23:16 [booklist] INFO: VALID_ID: 2584598
2023-06-30 16:23:16 [booklist] INFO: VALID_ID: 2584599
2023-06-30 16:23:16 [booklist] INFO: VALID_ID: 2584600
2023-06-30 16:23:16 [booklist] INFO: VALID_ID: 2584601
2023-06-30 16:23:16 [booklist] INFO: VALID_ID: 2584602
2023-06-30 16:23:16 [booklist] INFO: VALID_ID: 2584603
2023-06-30 16:23:16 [booklist] INFO: VALID_ID: 2584604
2023-06-30 16:23:16 [booklist] INFO: VALID_ID: 2584605
2023-06-30 16:23:16 [booklist] INFO: VALID_ID: 2584606
2023-06-30 16:23:16 [booklist] INFO: VALID_ID: 2584607
2023-06-30 16:23:16 [booklist] INFO: VALID_ID: 2584608
2023-06-30 16:23:16 [booklist] INFO: VALID_ID: 2584609
2023-06-30 16:23:16 [booklist] INFO: VALID_ID: 2584610
2023-06-30 16:23:16 [booklist] INFO: VALID_ID: 2584611
2023-06-30 16:23:16 [booklist] INFO: VALID_ID: 2584612
2023-06-30 16:23:16 [booklist] INFO: VALID_ID: 2584613
2023-06-30 16:23:16 [booklist] INFO: VALID_ID: 2584614
2023-06-30 16:23:16 [booklist] INFO: VALID_ID: 2584615
2023-06-30 16:23:16 [booklist] INFO: VALID_ID: 2584616
2023-06-30 16:23:16 [booklist] INFO: VALID_ID: 2584617
2023-06-30 16:23:16 [booklist] INFO: VALID_ID: 2584618
2023-06-30 16:23:16 [booklist] INFO: VALID_ID: 2584619
2023-06-30 16:23:16 [booklist] INFO: VALID_ID: 2584620
2023-06-30 16:23:16 [booklist] INFO: VALID_ID: 2584621
2023-06-30 16:23:16 [booklist] INFO: VALID_ID: 2584622
2023-06-30 16:23:16 [booklist] INFO: VALID_ID: 2584624
2023-06-30 16:23:16 [booklist] INFO: VALID_ID: 2584625
2023-06-30 16:23:16 [booklist] INFO: VALID_ID: 2584626
2023-06-30 16:23:16 [booklist] INFO: VALID_ID: 2584627
2023-06-30 16:23:16 [booklist] INFO: VALID_ID: 2584628
2023-06-30 16:23:16 [booklist] INFO: VALID_ID: 2584629
2023-06-30 16:23:16 [booklist] INFO: VALID_ID: 2584630
2023-06-30 16:23:16 [booklist] INFO: VALID_ID: 2584631
2023-06-30 16:23:16 [booklist] INFO: VALID_ID: 2584632
2023-06-30 16:23:16 [booklist] INFO: VALID_ID: 2584633
2023-06-30 16:23:16 [booklist] INFO: VALID_ID: 2584634
2023-06-30 16:23:16 [booklist] INFO: VALID_ID: 2584635
2023-06-30 16:23:16 [booklist] INFO: VALID_ID: 2584636
2023-06-30 16:23:16 [booklist] INFO: VALID_ID: 2584637
2023-06-30 16:23:16 [booklist] INFO: VALID_ID: 2584638
2023-06-30 16:23:16 [booklist] INFO: VALID_ID: 2584639
2023-06-30 16:23:16 [booklist] INFO: VALID_ID: 2584640
2023-06-30 16:23:16 [booklist] INFO: VALID_ID: 2584641
2023-06-30 16:23:16 [booklist] INFO: VALID_ID: 2584642
2023-06-30 16:23:16 [booklist] INFO: VALID_ID: 2584643
2023-06-30 16:23:16 [booklist] INFO: VALID_ID: 2584644
2023-06-30 16:23:16 [booklist] INFO: VALID_ID: 2584645
2023-06-30 16:23:16 [booklist] INFO: VALID_ID: 2584646
2023-06-30 16:23:16 [booklist] INFO: VALID_ID: 2584647
2023-06-30 16:23:16 [booklist] INFO: VALID_ID: 2584648
2023-06-30 16:23:16 [booklist] INFO: VALID_ID: 2584649
2023-06-30 16:23:16 [booklist] INFO: VALID_ID: 2584650
2023-06-30 16:23:16 [booklist] INFO: VALID_ID: 2584651
2023-06-30 16:23:16 [booklist] INFO: VALID_ID: 2584652
2023-06-30 16:23:16 [booklist] INFO: VALID_ID: 12865421
2023-06-30 16:23:16 [booklist] INFO: VALID_ID: 12865366
2023-06-30 16:23:16 [booklist] INFO: VALID_ID: 12865345
2023-06-30 16:23:17 [scrapy.core.engine] DEBUG: Crawled (200) <POST https://dl.ndl.go.jp/api/item/search> (referer: https://dl.ndl.go.jp/api/item/search)
2023-06-30 16:23:17 [booklist] INFO: Fetched page 15
2023-06-30 16:23:17 [booklist] INFO: No more books on 15
2023-06-30 16:23:17 [scrapy.core.engine] INFO: Closing spider (finished)
2023-06-30 16:23:17 [scrapy.statscollectors] INFO: Dumping Scrapy stats:
{'downloader/request_bytes': 21136,
 'downloader/request_count': 16,
 'downloader/request_method_count/GET': 1,
 'downloader/request_method_count/POST': 15,
 'downloader/response_bytes': 9660690,
 'downloader/response_count': 16,
 'downloader/response_status_count/200': 16,
 'elapsed_time_seconds': 27.592551,
 'finish_reason': 'finished',
 'finish_time': datetime.datetime(2023, 6, 30, 8, 23, 17, 286576),
 'httpcompression/response_bytes': 113168841,
 'httpcompression/response_count': 15,
 'log_count/DEBUG': 19,
 'log_count/INFO': 1409,
 'memusage/max': 63987712,
 'memusage/startup': 63987712,
 'request_depth_max': 14,
 'response_received_count': 16,
 'robotstxt/request_count': 1,
 'robotstxt/response_count': 1,
 'robotstxt/response_status_count/200': 1,
 'scheduler/dequeued': 15,
 'scheduler/dequeued/memory': 15,
 'scheduler/enqueued': 15,
 'scheduler/enqueued/memory': 15,
 'start_time': datetime.datetime(2023, 6, 30, 8, 22, 49, 694025)}
2023-06-30 16:23:17 [scrapy.core.engine] INFO: Spider closed (finished)
