2023-06-30 16:49:46 [scrapy.utils.log] INFO: Scrapy 2.9.0 started (bot: ndlcrawler)
2023-06-30 16:49:46 [scrapy.utils.log] INFO: Versions: lxml 4.9.2.0, libxml2 2.9.14, cssselect 1.2.0, parsel 1.8.1, w3lib 2.1.1, Twisted 22.10.0, Python 3.10.10 (main, Mar  5 2023, 22:26:53) [GCC 12.2.1 20230201], pyOpenSSL 23.2.0 (OpenSSL 3.1.1 30 May 2023), cryptography 41.0.1, Platform Linux-6.2.12-arch1-1-x86_64-with-glibc2.37
2023-06-30 16:49:46 [scrapy.crawler] INFO: Overridden settings:
{'BOT_NAME': 'ndlcrawler',
 'FEED_EXPORT_ENCODING': 'utf-8',
 'LOG_FILE': 'logs/booklist.title.171.DESC.log',
 'NEWSPIDER_MODULE': 'ndlcrawler.spiders',
 'REQUEST_FINGERPRINTER_IMPLEMENTATION': '2.7',
 'ROBOTSTXT_OBEY': True,
 'SPIDER_MODULES': ['ndlcrawler.spiders'],
 'TWISTED_REACTOR': 'twisted.internet.asyncioreactor.AsyncioSelectorReactor'}
2023-06-30 16:49:46 [asyncio] DEBUG: Using selector: EpollSelector
2023-06-30 16:49:46 [scrapy.utils.log] DEBUG: Using reactor: twisted.internet.asyncioreactor.AsyncioSelectorReactor
2023-06-30 16:49:46 [scrapy.utils.log] DEBUG: Using asyncio event loop: asyncio.unix_events._UnixSelectorEventLoop
2023-06-30 16:49:46 [scrapy.extensions.telnet] INFO: Telnet Password: 236923bc9bf68ece
2023-06-30 16:49:46 [scrapy.middleware] INFO: Enabled extensions:
['scrapy.extensions.corestats.CoreStats',
 'scrapy.extensions.telnet.TelnetConsole',
 'scrapy.extensions.memusage.MemoryUsage',
 'scrapy.extensions.logstats.LogStats']
2023-06-30 16:49:46 [scrapy.middleware] INFO: Enabled downloader middlewares:
['scrapy.downloadermiddlewares.robotstxt.RobotsTxtMiddleware',
 'scrapy.downloadermiddlewares.httpauth.HttpAuthMiddleware',
 'scrapy.downloadermiddlewares.downloadtimeout.DownloadTimeoutMiddleware',
 'scrapy.downloadermiddlewares.defaultheaders.DefaultHeadersMiddleware',
 'scrapy.downloadermiddlewares.useragent.UserAgentMiddleware',
 'scrapy.downloadermiddlewares.retry.RetryMiddleware',
 'scrapy.downloadermiddlewares.redirect.MetaRefreshMiddleware',
 'scrapy.downloadermiddlewares.httpcompression.HttpCompressionMiddleware',
 'scrapy.downloadermiddlewares.redirect.RedirectMiddleware',
 'scrapy.downloadermiddlewares.cookies.CookiesMiddleware',
 'scrapy.downloadermiddlewares.httpproxy.HttpProxyMiddleware',
 'scrapy.downloadermiddlewares.stats.DownloaderStats']
2023-06-30 16:49:46 [scrapy.middleware] INFO: Enabled spider middlewares:
['scrapy.spidermiddlewares.httperror.HttpErrorMiddleware',
 'scrapy.spidermiddlewares.offsite.OffsiteMiddleware',
 'scrapy.spidermiddlewares.referer.RefererMiddleware',
 'scrapy.spidermiddlewares.urllength.UrlLengthMiddleware',
 'scrapy.spidermiddlewares.depth.DepthMiddleware']
2023-06-30 16:49:46 [scrapy.middleware] INFO: Enabled item pipelines:
[]
2023-06-30 16:49:46 [scrapy.core.engine] INFO: Spider opened
2023-06-30 16:49:47 [scrapy.extensions.logstats] INFO: Crawled 0 pages (at 0 pages/min), scraped 0 items (at 0 items/min)
2023-06-30 16:49:47 [scrapy.extensions.telnet] INFO: Telnet console listening on 127.0.0.1:6023
2023-06-30 16:49:47 [scrapy.core.engine] DEBUG: Crawled (200) <GET https://dl.ndl.go.jp/robots.txt> (referer: None)
2023-06-30 16:49:48 [scrapy.core.engine] DEBUG: Crawled (200) <POST https://dl.ndl.go.jp/api/item/search> (referer: None)
2023-06-30 16:49:48 [booklist] INFO: Fetched page 1
2023-06-30 16:49:49 [booklist] INFO: VALID_ID: 2561872
2023-06-30 16:49:49 [booklist] INFO: VALID_ID: 2561879
2023-06-30 16:49:49 [booklist] INFO: VALID_ID: 2578842
2023-06-30 16:49:49 [booklist] INFO: VALID_ID: 2578808
2023-06-30 16:49:49 [booklist] INFO: VALID_ID: 2578809
2023-06-30 16:49:49 [booklist] INFO: VALID_ID: 2578811
2023-06-30 16:49:49 [booklist] INFO: VALID_ID: 2578834
2023-06-30 16:49:49 [booklist] INFO: VALID_ID: 2578819
2023-06-30 16:49:49 [booklist] INFO: VALID_ID: 2578823
2023-06-30 16:49:49 [booklist] INFO: VALID_ID: 2578820
2023-06-30 16:49:49 [booklist] INFO: VALID_ID: 2578815
2023-06-30 16:49:49 [booklist] INFO: VALID_ID: 2578831
2023-06-30 16:49:49 [booklist] INFO: VALID_ID: 2578838
2023-06-30 16:49:49 [booklist] INFO: VALID_ID: 2578802
2023-06-30 16:49:49 [booklist] INFO: VALID_ID: 2578837
2023-06-30 16:49:49 [booklist] INFO: VALID_ID: 2578797
2023-06-30 16:49:49 [booklist] INFO: VALID_ID: 2578801
2023-06-30 16:49:49 [booklist] INFO: VALID_ID: 2578796
2023-06-30 16:49:49 [booklist] INFO: VALID_ID: 2578829
2023-06-30 16:49:49 [booklist] INFO: VALID_ID: 2578798
2023-06-30 16:49:49 [booklist] INFO: VALID_ID: 2578805
2023-06-30 16:49:49 [booklist] INFO: VALID_ID: 2578835
2023-06-30 16:49:49 [booklist] INFO: VALID_ID: 2578812
2023-06-30 16:49:49 [booklist] INFO: VALID_ID: 2578800
2023-06-30 16:49:49 [booklist] INFO: VALID_ID: 2578821
2023-06-30 16:49:49 [booklist] INFO: VALID_ID: 2578795
2023-06-30 16:49:49 [booklist] INFO: VALID_ID: 2610906
2023-06-30 16:49:49 [booklist] INFO: VALID_ID: 2578804
2023-06-30 16:49:49 [booklist] INFO: VALID_ID: 2578816
2023-06-30 16:49:49 [booklist] INFO: VALID_ID: 2578832
2023-06-30 16:49:49 [booklist] INFO: VALID_ID: 2578839
2023-06-30 16:49:49 [booklist] INFO: VALID_ID: 2578822
2023-06-30 16:49:49 [booklist] INFO: VALID_ID: 2578826
2023-06-30 16:49:49 [booklist] INFO: VALID_ID: 2578806
2023-06-30 16:49:49 [booklist] INFO: VALID_ID: 2578825
2023-06-30 16:49:49 [booklist] INFO: VALID_ID: 2578836
2023-06-30 16:49:49 [booklist] INFO: VALID_ID: 2578799
2023-06-30 16:49:49 [booklist] INFO: VALID_ID: 2578810
2023-06-30 16:49:49 [booklist] INFO: VALID_ID: 2578818
2023-06-30 16:49:49 [booklist] INFO: VALID_ID: 2606840
2023-06-30 16:49:49 [booklist] INFO: VALID_ID: 2578817
2023-06-30 16:49:49 [booklist] INFO: VALID_ID: 2546790
2023-06-30 16:49:49 [booklist] INFO: VALID_ID: 2578794
2023-06-30 16:49:49 [booklist] INFO: VALID_ID: 2578803
2023-06-30 16:49:49 [booklist] INFO: VALID_ID: 2578814
2023-06-30 16:49:49 [booklist] INFO: VALID_ID: 2578840
2023-06-30 16:49:49 [booklist] INFO: VALID_ID: 2578807
2023-06-30 16:49:49 [booklist] INFO: VALID_ID: 2578841
2023-06-30 16:49:49 [booklist] INFO: VALID_ID: 2578828
2023-06-30 16:49:49 [booklist] INFO: VALID_ID: 2578830
2023-06-30 16:49:49 [booklist] INFO: VALID_ID: 2561876
2023-06-30 16:49:49 [booklist] INFO: VALID_ID: 2561890
2023-06-30 16:49:49 [booklist] INFO: VALID_ID: 2561901
2023-06-30 16:49:49 [booklist] INFO: VALID_ID: 2572197
2023-06-30 16:49:49 [booklist] INFO: VALID_ID: 2578793
2023-06-30 16:49:49 [booklist] INFO: VALID_ID: 2578833
2023-06-30 16:49:49 [booklist] INFO: VALID_ID: 2561863
2023-06-30 16:49:49 [booklist] INFO: VALID_ID: 2561886
2023-06-30 16:49:49 [booklist] INFO: VALID_ID: 2561864
2023-06-30 16:49:49 [booklist] INFO: VALID_ID: 2561881
2023-06-30 16:49:49 [booklist] INFO: VALID_ID: 2561852
2023-06-30 16:49:49 [booklist] INFO: VALID_ID: 2561891
2023-06-30 16:49:49 [booklist] INFO: VALID_ID: 2561906
2023-06-30 16:49:49 [booklist] INFO: VALID_ID: 12865405
2023-06-30 16:49:49 [booklist] INFO: VALID_ID: 2568150
2023-06-30 16:49:49 [booklist] INFO: VALID_ID: 11446555
2023-06-30 16:49:49 [booklist] INFO: VALID_ID: 2588698
2023-06-30 16:49:49 [booklist] INFO: VALID_ID: 2537845
2023-06-30 16:49:49 [booklist] INFO: VALID_ID: 2588999
2023-06-30 16:49:49 [booklist] INFO: VALID_ID: 2568149
2023-06-30 16:49:49 [booklist] INFO: VALID_ID: 2609092
2023-06-30 16:49:49 [booklist] INFO: VALID_ID: 2556589
2023-06-30 16:49:49 [booklist] INFO: VALID_ID: 2556591
2023-06-30 16:49:49 [booklist] INFO: VALID_ID: 2556597
2023-06-30 16:49:49 [booklist] INFO: VALID_ID: 2556600
2023-06-30 16:49:49 [booklist] INFO: VALID_ID: 2556587
2023-06-30 16:49:49 [booklist] INFO: VALID_ID: 2556578
2023-06-30 16:49:49 [booklist] INFO: VALID_ID: 2538419
2023-06-30 16:49:49 [booklist] INFO: VALID_ID: 2556574
2023-06-30 16:49:49 [booklist] INFO: VALID_ID: 2556595
2023-06-30 16:49:49 [booklist] INFO: VALID_ID: 2556577
2023-06-30 16:49:49 [booklist] INFO: VALID_ID: 2606386
2023-06-30 16:49:49 [booklist] INFO: VALID_ID: 2556583
2023-06-30 16:49:49 [booklist] INFO: VALID_ID: 2556567
2023-06-30 16:49:49 [booklist] INFO: VALID_ID: 2556571
2023-06-30 16:49:49 [booklist] INFO: VALID_ID: 2556576
2023-06-30 16:49:49 [booklist] INFO: VALID_ID: 2556581
2023-06-30 16:49:49 [booklist] INFO: VALID_ID: 2556585
2023-06-30 16:49:49 [booklist] INFO: VALID_ID: 2556580
2023-06-30 16:49:49 [booklist] INFO: VALID_ID: 2556570
2023-06-30 16:49:49 [booklist] INFO: VALID_ID: 2556593
2023-06-30 16:49:49 [booklist] INFO: VALID_ID: 2556573
2023-06-30 16:49:49 [booklist] INFO: VALID_ID: 2556586
2023-06-30 16:49:49 [booklist] INFO: VALID_ID: 2556592
2023-06-30 16:49:49 [booklist] INFO: VALID_ID: 2556598
2023-06-30 16:49:49 [booklist] INFO: VALID_ID: 2556584
2023-06-30 16:49:49 [booklist] INFO: VALID_ID: 2556572
2023-06-30 16:49:49 [booklist] INFO: VALID_ID: 2556588
2023-06-30 16:49:49 [booklist] INFO: VALID_ID: 2556594
2023-06-30 16:49:49 [booklist] INFO: VALID_ID: 2556596
2023-06-30 16:49:50 [scrapy.core.engine] DEBUG: Crawled (200) <POST https://dl.ndl.go.jp/api/item/search> (referer: https://dl.ndl.go.jp/api/item/search)
2023-06-30 16:49:50 [booklist] INFO: Fetched page 2
2023-06-30 16:49:50 [booklist] INFO: VALID_ID: 2556582
2023-06-30 16:49:50 [booklist] INFO: VALID_ID: 2538419
2023-06-30 16:49:50 [booklist] INFO: VALID_ID: 2556584
2023-06-30 16:49:50 [booklist] INFO: VALID_ID: 2556577
2023-06-30 16:49:50 [booklist] INFO: VALID_ID: 2556590
2023-06-30 16:49:50 [booklist] INFO: VALID_ID: 2556569
2023-06-30 16:49:50 [booklist] INFO: VALID_ID: 2556599
2023-06-30 16:49:50 [booklist] INFO: VALID_ID: 2556601
2023-06-30 16:49:50 [booklist] INFO: VALID_ID: 2593443
2023-06-30 16:49:50 [booklist] INFO: VALID_ID: 2572645
2023-06-30 16:49:50 [booklist] INFO: VALID_ID: 2551948
2023-06-30 16:49:50 [booklist] INFO: VALID_ID: 2608551
2023-06-30 16:49:50 [booklist] INFO: VALID_ID: 2590716
2023-06-30 16:49:50 [booklist] INFO: VALID_ID: 2573650
2023-06-30 16:49:50 [booklist] INFO: VALID_ID: 2536002
2023-06-30 16:49:50 [booklist] INFO: VALID_ID: 2605054
2023-06-30 16:49:50 [booklist] INFO: VALID_ID: 2585965
2023-06-30 16:49:50 [booklist] INFO: VALID_ID: 11038746
2023-06-30 16:49:50 [booklist] INFO: VALID_ID: 11892781
2023-06-30 16:49:50 [booklist] INFO: VALID_ID: 2549048
2023-06-30 16:49:50 [booklist] INFO: VALID_ID: 9224457
2023-06-30 16:49:50 [booklist] INFO: VALID_ID: 9748298
2023-06-30 16:49:50 [booklist] INFO: VALID_ID: 2605528
2023-06-30 16:49:50 [booklist] INFO: VALID_ID: 2610124
2023-06-30 16:49:50 [booklist] INFO: VALID_ID: 2608873
2023-06-30 16:49:50 [booklist] INFO: VALID_ID: 2587040
2023-06-30 16:49:50 [booklist] INFO: VALID_ID: 2606848
2023-06-30 16:49:50 [booklist] INFO: VALID_ID: 2608047
2023-06-30 16:49:50 [booklist] INFO: VALID_ID: 2608821
2023-06-30 16:49:50 [booklist] INFO: VALID_ID: 2607434
2023-06-30 16:49:50 [booklist] INFO: VALID_ID: 2609279
2023-06-30 16:49:50 [booklist] INFO: VALID_ID: 2609818
2023-06-30 16:49:50 [booklist] INFO: VALID_ID: 2609222
2023-06-30 16:49:50 [booklist] INFO: VALID_ID: 11892601
2023-06-30 16:49:50 [booklist] INFO: VALID_ID: 2606744
2023-06-30 16:49:50 [booklist] INFO: VALID_ID: 11446659
2023-06-30 16:49:50 [booklist] INFO: VALID_ID: 2610288
2023-06-30 16:49:50 [booklist] INFO: VALID_ID: 2610707
2023-06-30 16:49:50 [booklist] INFO: VALID_ID: 12865370
2023-06-30 16:49:50 [booklist] INFO: VALID_ID: 2610785
2023-06-30 16:49:50 [booklist] INFO: VALID_ID: 2585867
2023-06-30 16:49:50 [booklist] INFO: VALID_ID: 2585870
2023-06-30 16:49:50 [booklist] INFO: VALID_ID: 2585782
2023-06-30 16:49:50 [booklist] INFO: VALID_ID: 2585796
2023-06-30 16:49:50 [booklist] INFO: VALID_ID: 2585947
2023-06-30 16:49:50 [booklist] INFO: VALID_ID: 2610537
2023-06-30 16:49:50 [booklist] INFO: VALID_ID: 12865356
2023-06-30 16:49:50 [booklist] INFO: VALID_ID: 2585873
2023-06-30 16:49:50 [booklist] INFO: VALID_ID: 2585918
2023-06-30 16:49:50 [booklist] INFO: VALID_ID: 2585829
2023-06-30 16:49:50 [booklist] INFO: VALID_ID: 2585938
2023-06-30 16:49:50 [booklist] INFO: VALID_ID: 2585941
2023-06-30 16:49:50 [booklist] INFO: VALID_ID: 2585863
2023-06-30 16:49:50 [booklist] INFO: VALID_ID: 2585772
2023-06-30 16:49:50 [booklist] INFO: VALID_ID: 2585784
2023-06-30 16:49:50 [booklist] INFO: VALID_ID: 2585812
2023-06-30 16:49:50 [booklist] INFO: VALID_ID: 2585916
2023-06-30 16:49:50 [booklist] INFO: VALID_ID: 2585831
2023-06-30 16:49:50 [booklist] INFO: VALID_ID: 2585942
2023-06-30 16:49:50 [booklist] INFO: VALID_ID: 2585883
2023-06-30 16:49:50 [booklist] INFO: VALID_ID: 2585800
2023-06-30 16:49:50 [booklist] INFO: VALID_ID: 2585810
2023-06-30 16:49:50 [booklist] INFO: VALID_ID: 2585819
2023-06-30 16:49:50 [booklist] INFO: VALID_ID: 2585926
2023-06-30 16:49:50 [booklist] INFO: VALID_ID: 2585846
2023-06-30 16:49:50 [booklist] INFO: VALID_ID: 2585793
2023-06-30 16:49:50 [booklist] INFO: VALID_ID: 2585888
2023-06-30 16:49:50 [booklist] INFO: VALID_ID: 2585919
2023-06-30 16:49:50 [booklist] INFO: VALID_ID: 2585834
2023-06-30 16:49:50 [booklist] INFO: VALID_ID: 2585760
2023-06-30 16:49:50 [booklist] INFO: VALID_ID: 2585789
2023-06-30 16:49:50 [booklist] INFO: VALID_ID: 2585887
2023-06-30 16:49:50 [booklist] INFO: VALID_ID: 2585897
2023-06-30 16:49:50 [booklist] INFO: VALID_ID: 2585805
2023-06-30 16:49:50 [booklist] INFO: VALID_ID: 2585814
2023-06-30 16:49:50 [booklist] INFO: VALID_ID: 2585943
2023-06-30 16:49:50 [booklist] INFO: VALID_ID: 2585885
2023-06-30 16:49:50 [booklist] INFO: VALID_ID: 2585803
2023-06-30 16:49:50 [booklist] INFO: VALID_ID: 2585824
2023-06-30 16:49:50 [booklist] INFO: VALID_ID: 2610012
2023-06-30 16:49:50 [booklist] INFO: VALID_ID: 2585773
2023-06-30 16:49:50 [booklist] INFO: VALID_ID: 2585869
2023-06-30 16:49:50 [booklist] INFO: VALID_ID: 2585881
2023-06-30 16:49:50 [booklist] INFO: VALID_ID: 2585787
2023-06-30 16:49:50 [booklist] INFO: VALID_ID: 2585806
2023-06-30 16:49:50 [booklist] INFO: VALID_ID: 2585907
2023-06-30 16:49:50 [booklist] INFO: VALID_ID: 2585845
2023-06-30 16:49:50 [booklist] INFO: VALID_ID: 2585944
2023-06-30 16:49:50 [booklist] INFO: VALID_ID: 2585848
2023-06-30 16:49:50 [booklist] INFO: VALID_ID: 2585874
2023-06-30 16:49:50 [booklist] INFO: VALID_ID: 2585769
2023-06-30 16:49:50 [booklist] INFO: VALID_ID: 2585871
2023-06-30 16:49:50 [booklist] INFO: VALID_ID: 2585892
2023-06-30 16:49:50 [booklist] INFO: VALID_ID: 2585933
2023-06-30 16:49:50 [booklist] INFO: VALID_ID: 2585858
2023-06-30 16:49:50 [booklist] INFO: VALID_ID: 2585866
2023-06-30 16:49:50 [booklist] INFO: VALID_ID: 2585780
2023-06-30 16:49:50 [booklist] INFO: VALID_ID: 2585889
2023-06-30 16:49:50 [booklist] INFO: VALID_ID: 2585890
2023-06-30 16:49:50 [booklist] INFO: VALID_ID: 2585895
2023-06-30 16:49:51 [scrapy.core.engine] DEBUG: Crawled (200) <POST https://dl.ndl.go.jp/api/item/search> (referer: https://dl.ndl.go.jp/api/item/search)
2023-06-30 16:49:51 [booklist] INFO: Fetched page 3
2023-06-30 16:49:51 [booklist] INFO: VALID_ID: 2585897
2023-06-30 16:49:51 [booklist] INFO: VALID_ID: 2585805
2023-06-30 16:49:51 [booklist] INFO: VALID_ID: 2585814
2023-06-30 16:49:51 [booklist] INFO: VALID_ID: 2585943
2023-06-30 16:49:51 [booklist] INFO: VALID_ID: 2585798
2023-06-30 16:49:51 [booklist] INFO: VALID_ID: 2585902
2023-06-30 16:49:51 [booklist] INFO: VALID_ID: 2585840
2023-06-30 16:49:51 [booklist] INFO: VALID_ID: 2585773
2023-06-30 16:49:51 [booklist] INFO: VALID_ID: 2585869
2023-06-30 16:49:51 [booklist] INFO: VALID_ID: 2585881
2023-06-30 16:49:51 [booklist] INFO: VALID_ID: 2585787
2023-06-30 16:49:51 [booklist] INFO: VALID_ID: 2585806
2023-06-30 16:49:51 [booklist] INFO: VALID_ID: 2585907
2023-06-30 16:49:51 [booklist] INFO: VALID_ID: 2585845
2023-06-30 16:49:51 [booklist] INFO: VALID_ID: 2585944
2023-06-30 16:49:51 [booklist] INFO: VALID_ID: 2585848
2023-06-30 16:49:51 [booklist] INFO: VALID_ID: 2585874
2023-06-30 16:49:51 [booklist] INFO: VALID_ID: 2585769
2023-06-30 16:49:51 [booklist] INFO: VALID_ID: 2585871
2023-06-30 16:49:51 [booklist] INFO: VALID_ID: 2585892
2023-06-30 16:49:51 [booklist] INFO: VALID_ID: 2585933
2023-06-30 16:49:51 [booklist] INFO: VALID_ID: 2585858
2023-06-30 16:49:51 [booklist] INFO: VALID_ID: 2585866
2023-06-30 16:49:51 [booklist] INFO: VALID_ID: 2585780
2023-06-30 16:49:51 [booklist] INFO: VALID_ID: 2585889
2023-06-30 16:49:51 [booklist] INFO: VALID_ID: 2585890
2023-06-30 16:49:51 [booklist] INFO: VALID_ID: 2585895
2023-06-30 16:49:51 [booklist] INFO: VALID_ID: 2585901
2023-06-30 16:49:51 [booklist] INFO: VALID_ID: 2585934
2023-06-30 16:49:51 [booklist] INFO: VALID_ID: 9369959
2023-06-30 16:49:51 [booklist] INFO: VALID_ID: 2585852
2023-06-30 16:49:51 [booklist] INFO: VALID_ID: 2585876
2023-06-30 16:49:51 [booklist] INFO: VALID_ID: 2585884
2023-06-30 16:49:51 [booklist] INFO: VALID_ID: 2585828
2023-06-30 16:49:51 [booklist] INFO: VALID_ID: 2585928
2023-06-30 16:49:51 [booklist] INFO: VALID_ID: 2585839
2023-06-30 16:49:51 [booklist] INFO: VALID_ID: 2585764
2023-06-30 16:49:51 [booklist] INFO: VALID_ID: 2585910
2023-06-30 16:49:51 [booklist] INFO: VALID_ID: 2585913
2023-06-30 16:49:51 [booklist] INFO: VALID_ID: 2585763
2023-06-30 16:49:51 [booklist] INFO: VALID_ID: 2585860
2023-06-30 16:49:51 [booklist] INFO: VALID_ID: 2585768
2023-06-30 16:49:51 [booklist] INFO: VALID_ID: 2585909
2023-06-30 16:49:51 [booklist] INFO: VALID_ID: 2585835
2023-06-30 16:49:51 [booklist] INFO: VALID_ID: 2585847
2023-06-30 16:49:51 [booklist] INFO: VALID_ID: 2585865
2023-06-30 16:49:51 [booklist] INFO: VALID_ID: 2585781
2023-06-30 16:49:51 [booklist] INFO: VALID_ID: 2585878
2023-06-30 16:49:51 [booklist] INFO: VALID_ID: 2585815
2023-06-30 16:49:51 [booklist] INFO: VALID_ID: 2585821
2023-06-30 16:49:51 [booklist] INFO: VALID_ID: 2585925
2023-06-30 16:49:51 [booklist] INFO: VALID_ID: 2585927
2023-06-30 16:49:51 [booklist] INFO: VALID_ID: 2585929
2023-06-30 16:49:51 [booklist] INFO: VALID_ID: 2585898
2023-06-30 16:49:51 [booklist] INFO: VALID_ID: 2585914
2023-06-30 16:49:51 [booklist] INFO: VALID_ID: 2585822
2023-06-30 16:49:51 [booklist] INFO: VALID_ID: 2585932
2023-06-30 16:49:51 [booklist] INFO: VALID_ID: 2609468
2023-06-30 16:49:51 [booklist] INFO: VALID_ID: 2585896
2023-06-30 16:49:51 [booklist] INFO: VALID_ID: 2585816
2023-06-30 16:49:51 [booklist] INFO: VALID_ID: 2585832
2023-06-30 16:49:51 [booklist] INFO: VALID_ID: 2585837
2023-06-30 16:49:51 [booklist] INFO: VALID_ID: 2585939
2023-06-30 16:49:51 [booklist] INFO: VALID_ID: 2585776
2023-06-30 16:49:51 [booklist] INFO: VALID_ID: 2585778
2023-06-30 16:49:51 [booklist] INFO: VALID_ID: 2585882
2023-06-30 16:49:51 [booklist] INFO: VALID_ID: 2585799
2023-06-30 16:49:51 [booklist] INFO: VALID_ID: 2585833
2023-06-30 16:49:51 [booklist] INFO: VALID_ID: 2585940
2023-06-30 16:49:51 [booklist] INFO: VALID_ID: 2585761
2023-06-30 16:49:51 [booklist] INFO: VALID_ID: 2585868
2023-06-30 16:49:51 [booklist] INFO: VALID_ID: 2585875
2023-06-30 16:49:51 [booklist] INFO: VALID_ID: 2585785
2023-06-30 16:49:51 [booklist] INFO: VALID_ID: 2585788
2023-06-30 16:49:51 [booklist] INFO: VALID_ID: 2585792
2023-06-30 16:49:51 [booklist] INFO: VALID_ID: 2585854
2023-06-30 16:49:51 [booklist] INFO: VALID_ID: 2585804
2023-06-30 16:49:51 [booklist] INFO: VALID_ID: 2585903
2023-06-30 16:49:51 [booklist] INFO: VALID_ID: 2585826
2023-06-30 16:49:51 [booklist] INFO: VALID_ID: 2585931
2023-06-30 16:49:51 [booklist] INFO: VALID_ID: 2585850
2023-06-30 16:49:51 [booklist] INFO: VALID_ID: 2585948
2023-06-30 16:49:51 [booklist] INFO: VALID_ID: 2585823
2023-06-30 16:49:51 [booklist] INFO: VALID_ID: 2585920
2023-06-30 16:49:51 [booklist] INFO: VALID_ID: 2585771
2023-06-30 16:49:51 [booklist] INFO: VALID_ID: 2585864
2023-06-30 16:49:51 [booklist] INFO: VALID_ID: 2585795
2023-06-30 16:49:51 [booklist] INFO: VALID_ID: 2585797
2023-06-30 16:49:51 [booklist] INFO: VALID_ID: 2585820
2023-06-30 16:49:51 [booklist] INFO: VALID_ID: 2585921
2023-06-30 16:49:51 [booklist] INFO: VALID_ID: 2585842
2023-06-30 16:49:51 [booklist] INFO: VALID_ID: 1286435
2023-06-30 16:49:51 [booklist] INFO: VALID_ID: 2585779
2023-06-30 16:49:51 [booklist] INFO: VALID_ID: 2585886
2023-06-30 16:49:51 [booklist] INFO: VALID_ID: 2585807
2023-06-30 16:49:51 [booklist] INFO: VALID_ID: 2585853
2023-06-30 16:49:51 [booklist] INFO: VALID_ID: 2585893
2023-06-30 16:49:51 [booklist] INFO: VALID_ID: 2585911
2023-06-30 16:49:51 [booklist] INFO: VALID_ID: 2585917
2023-06-30 16:49:51 [booklist] INFO: VALID_ID: 2585838
2023-06-30 16:49:52 [scrapy.core.engine] DEBUG: Crawled (200) <POST https://dl.ndl.go.jp/api/item/search> (referer: https://dl.ndl.go.jp/api/item/search)
2023-06-30 16:49:52 [booklist] INFO: Fetched page 4
2023-06-30 16:49:52 [booklist] INFO: VALID_ID: 2585902
2023-06-30 16:49:52 [booklist] INFO: VALID_ID: 2585840
2023-06-30 16:49:52 [booklist] INFO: VALID_ID: 2610833
2023-06-30 16:49:52 [booklist] INFO: VALID_ID: 1286435
2023-06-30 16:49:52 [booklist] INFO: VALID_ID: 2585855
2023-06-30 16:49:52 [booklist] INFO: VALID_ID: 2585777
2023-06-30 16:49:52 [booklist] INFO: VALID_ID: 2585783
2023-06-30 16:49:52 [booklist] INFO: VALID_ID: 2585894
2023-06-30 16:49:52 [booklist] INFO: VALID_ID: 2585830
2023-06-30 16:49:52 [booklist] INFO: VALID_ID: 2585945
2023-06-30 16:49:52 [booklist] INFO: VALID_ID: 2585873
2023-06-30 16:49:52 [booklist] INFO: VALID_ID: 2585918
2023-06-30 16:49:52 [booklist] INFO: VALID_ID: 2585829
2023-06-30 16:49:52 [booklist] INFO: VALID_ID: 2585938
2023-06-30 16:49:52 [booklist] INFO: VALID_ID: 2585941
2023-06-30 16:49:52 [booklist] INFO: VALID_ID: 2609552
2023-06-30 16:49:52 [booklist] INFO: VALID_ID: 2585759
2023-06-30 16:49:52 [booklist] INFO: VALID_ID: 2585762
2023-06-30 16:49:52 [booklist] INFO: VALID_ID: 2585794
2023-06-30 16:49:52 [booklist] INFO: VALID_ID: 2585905
2023-06-30 16:49:52 [booklist] INFO: VALID_ID: 2585863
2023-06-30 16:49:52 [booklist] INFO: VALID_ID: 2585772
2023-06-30 16:49:52 [booklist] INFO: VALID_ID: 2585784
2023-06-30 16:49:52 [booklist] INFO: VALID_ID: 2585812
2023-06-30 16:49:52 [booklist] INFO: VALID_ID: 2585916
2023-06-30 16:49:52 [booklist] INFO: VALID_ID: 2585831
2023-06-30 16:49:52 [booklist] INFO: VALID_ID: 2585942
2023-06-30 16:49:52 [booklist] INFO: VALID_ID: 2609444
2023-06-30 16:49:52 [booklist] INFO: VALID_ID: 2585765
2023-06-30 16:49:52 [booklist] INFO: VALID_ID: 2585859
2023-06-30 16:49:52 [booklist] INFO: VALID_ID: 2585880
2023-06-30 16:49:52 [booklist] INFO: VALID_ID: 2585899
2023-06-30 16:49:52 [booklist] INFO: VALID_ID: 2585811
2023-06-30 16:49:52 [booklist] INFO: VALID_ID: 2585827
2023-06-30 16:49:52 [booklist] INFO: VALID_ID: 2585937
2023-06-30 16:49:52 [booklist] INFO: VALID_ID: 2585843
2023-06-30 16:49:52 [booklist] INFO: VALID_ID: 2585849
2023-06-30 16:49:52 [booklist] INFO: VALID_ID: 2608716
2023-06-30 16:49:52 [booklist] INFO: VALID_ID: 11446361
2023-06-30 16:49:52 [booklist] INFO: VALID_ID: 2607884
2023-06-30 16:49:52 [booklist] INFO: VALID_ID: 2611035
2023-06-30 16:49:52 [booklist] INFO: VALID_ID: 2610518
2023-06-30 16:49:52 [booklist] INFO: VALID_ID: 2609629
2023-06-30 16:49:52 [booklist] INFO: VALID_ID: 2609649
2023-06-30 16:49:52 [booklist] INFO: VALID_ID: 2605758
2023-06-30 16:49:52 [booklist] INFO: VALID_ID: 2609783
2023-06-30 16:49:52 [booklist] INFO: VALID_ID: 2610138
2023-06-30 16:49:52 [booklist] INFO: VALID_ID: 2610801
2023-06-30 16:49:52 [booklist] INFO: VALID_ID: 2608167
2023-06-30 16:49:52 [booklist] INFO: VALID_ID: 2609383
2023-06-30 16:49:52 [booklist] INFO: VALID_ID: 2605465
2023-06-30 16:49:52 [scrapy.core.engine] DEBUG: Crawled (200) <POST https://dl.ndl.go.jp/api/item/search> (referer: https://dl.ndl.go.jp/api/item/search)
2023-06-30 16:49:52 [booklist] INFO: Fetched page 5
2023-06-30 16:49:52 [booklist] INFO: No more books on 5
2023-06-30 16:49:52 [scrapy.core.engine] INFO: Closing spider (finished)
2023-06-30 16:49:52 [scrapy.statscollectors] INFO: Dumping Scrapy stats:
{'downloader/request_bytes': 6915,
 'downloader/request_count': 6,
 'downloader/request_method_count/GET': 1,
 'downloader/request_method_count/POST': 5,
 'downloader/response_bytes': 1359930,
 'downloader/response_count': 6,
 'downloader/response_status_count/200': 6,
 'elapsed_time_seconds': 5.684526,
 'finish_reason': 'finished',
 'finish_time': datetime.datetime(2023, 6, 30, 8, 49, 52, 799631),
 'httpcompression/response_bytes': 14979861,
 'httpcompression/response_count': 5,
 'log_count/DEBUG': 9,
 'log_count/INFO': 367,
 'memusage/max': 63762432,
 'memusage/startup': 63762432,
 'request_depth_max': 4,
 'response_received_count': 6,
 'robotstxt/request_count': 1,
 'robotstxt/response_count': 1,
 'robotstxt/response_status_count/200': 1,
 'scheduler/dequeued': 5,
 'scheduler/dequeued/memory': 5,
 'scheduler/enqueued': 5,
 'scheduler/enqueued/memory': 5,
 'start_time': datetime.datetime(2023, 6, 30, 8, 49, 47, 115105)}
2023-06-30 16:49:52 [scrapy.core.engine] INFO: Spider closed (finished)
