2023-06-30 16:47:25 [scrapy.utils.log] INFO: Scrapy 2.9.0 started (bot: ndlcrawler)
2023-06-30 16:47:25 [scrapy.utils.log] INFO: Versions: lxml 4.9.2.0, libxml2 2.9.14, cssselect 1.2.0, parsel 1.8.1, w3lib 2.1.1, Twisted 22.10.0, Python 3.10.10 (main, Mar  5 2023, 22:26:53) [GCC 12.2.1 20230201], pyOpenSSL 23.2.0 (OpenSSL 3.1.1 30 May 2023), cryptography 41.0.1, Platform Linux-6.2.12-arch1-1-x86_64-with-glibc2.37
2023-06-30 16:47:25 [scrapy.crawler] INFO: Overridden settings:
{'BOT_NAME': 'ndlcrawler',
 'FEED_EXPORT_ENCODING': 'utf-8',
 'LOG_FILE': 'logs/booklist.title.151.DESC.log',
 'NEWSPIDER_MODULE': 'ndlcrawler.spiders',
 'REQUEST_FINGERPRINTER_IMPLEMENTATION': '2.7',
 'ROBOTSTXT_OBEY': True,
 'SPIDER_MODULES': ['ndlcrawler.spiders'],
 'TWISTED_REACTOR': 'twisted.internet.asyncioreactor.AsyncioSelectorReactor'}
2023-06-30 16:47:25 [asyncio] DEBUG: Using selector: EpollSelector
2023-06-30 16:47:25 [scrapy.utils.log] DEBUG: Using reactor: twisted.internet.asyncioreactor.AsyncioSelectorReactor
2023-06-30 16:47:25 [scrapy.utils.log] DEBUG: Using asyncio event loop: asyncio.unix_events._UnixSelectorEventLoop
2023-06-30 16:47:25 [scrapy.extensions.telnet] INFO: Telnet Password: 99111522e38c93c1
2023-06-30 16:47:25 [scrapy.middleware] INFO: Enabled extensions:
['scrapy.extensions.corestats.CoreStats',
 'scrapy.extensions.telnet.TelnetConsole',
 'scrapy.extensions.memusage.MemoryUsage',
 'scrapy.extensions.logstats.LogStats']
2023-06-30 16:47:25 [scrapy.middleware] INFO: Enabled downloader middlewares:
['scrapy.downloadermiddlewares.robotstxt.RobotsTxtMiddleware',
 'scrapy.downloadermiddlewares.httpauth.HttpAuthMiddleware',
 'scrapy.downloadermiddlewares.downloadtimeout.DownloadTimeoutMiddleware',
 'scrapy.downloadermiddlewares.defaultheaders.DefaultHeadersMiddleware',
 'scrapy.downloadermiddlewares.useragent.UserAgentMiddleware',
 'scrapy.downloadermiddlewares.retry.RetryMiddleware',
 'scrapy.downloadermiddlewares.redirect.MetaRefreshMiddleware',
 'scrapy.downloadermiddlewares.httpcompression.HttpCompressionMiddleware',
 'scrapy.downloadermiddlewares.redirect.RedirectMiddleware',
 'scrapy.downloadermiddlewares.cookies.CookiesMiddleware',
 'scrapy.downloadermiddlewares.httpproxy.HttpProxyMiddleware',
 'scrapy.downloadermiddlewares.stats.DownloaderStats']
2023-06-30 16:47:25 [scrapy.middleware] INFO: Enabled spider middlewares:
['scrapy.spidermiddlewares.httperror.HttpErrorMiddleware',
 'scrapy.spidermiddlewares.offsite.OffsiteMiddleware',
 'scrapy.spidermiddlewares.referer.RefererMiddleware',
 'scrapy.spidermiddlewares.urllength.UrlLengthMiddleware',
 'scrapy.spidermiddlewares.depth.DepthMiddleware']
2023-06-30 16:47:25 [scrapy.middleware] INFO: Enabled item pipelines:
[]
2023-06-30 16:47:25 [scrapy.core.engine] INFO: Spider opened
2023-06-30 16:47:25 [scrapy.extensions.logstats] INFO: Crawled 0 pages (at 0 pages/min), scraped 0 items (at 0 items/min)
2023-06-30 16:47:25 [scrapy.extensions.telnet] INFO: Telnet console listening on 127.0.0.1:6023
2023-06-30 16:47:26 [scrapy.core.engine] DEBUG: Crawled (200) <GET https://dl.ndl.go.jp/robots.txt> (referer: None)
2023-06-30 16:47:27 [scrapy.core.engine] DEBUG: Crawled (200) <POST https://dl.ndl.go.jp/api/item/search> (referer: None)
2023-06-30 16:47:27 [booklist] INFO: Fetched page 1
2023-06-30 16:47:28 [booklist] INFO: VALID_ID: 2580654
2023-06-30 16:47:28 [booklist] INFO: VALID_ID: 2580632
2023-06-30 16:47:28 [booklist] INFO: VALID_ID: 2580653
2023-06-30 16:47:28 [booklist] INFO: VALID_ID: 2575631
2023-06-30 16:47:28 [booklist] INFO: VALID_ID: 2575633
2023-06-30 16:47:28 [booklist] INFO: VALID_ID: 2575609
2023-06-30 16:47:28 [booklist] INFO: VALID_ID: 2575632
2023-06-30 16:47:28 [booklist] INFO: VALID_ID: 2575637
2023-06-30 16:47:28 [booklist] INFO: VALID_ID: 2580649
2023-06-30 16:47:28 [booklist] INFO: VALID_ID: 2580652
2023-06-30 16:47:28 [booklist] INFO: VALID_ID: 2580597
2023-06-30 16:47:28 [booklist] INFO: VALID_ID: 2580643
2023-06-30 16:47:28 [booklist] INFO: VALID_ID: 2580605
2023-06-30 16:47:28 [booklist] INFO: VALID_ID: 2580603
2023-06-30 16:47:28 [booklist] INFO: VALID_ID: 2580642
2023-06-30 16:47:28 [booklist] INFO: VALID_ID: 2580618
2023-06-30 16:47:28 [booklist] INFO: VALID_ID: 2580629
2023-06-30 16:47:28 [booklist] INFO: VALID_ID: 2580636
2023-06-30 16:47:28 [booklist] INFO: VALID_ID: 2580657
2023-06-30 16:47:28 [booklist] INFO: VALID_ID: 2580601
2023-06-30 16:47:28 [booklist] INFO: VALID_ID: 2580612
2023-06-30 16:47:28 [booklist] INFO: VALID_ID: 2580620
2023-06-30 16:47:28 [booklist] INFO: VALID_ID: 2580645
2023-06-30 16:47:28 [booklist] INFO: VALID_ID: 2558127
2023-06-30 16:47:28 [booklist] INFO: VALID_ID: 2575628
2023-06-30 16:47:28 [booklist] INFO: VALID_ID: 2580604
2023-06-30 16:47:28 [booklist] INFO: VALID_ID: 2580641
2023-06-30 16:47:28 [booklist] INFO: VALID_ID: 2558121
2023-06-30 16:47:28 [booklist] INFO: VALID_ID: 2558122
2023-06-30 16:47:28 [booklist] INFO: VALID_ID: 2558125
2023-06-30 16:47:28 [booklist] INFO: VALID_ID: 2558130
2023-06-30 16:47:28 [booklist] INFO: VALID_ID: 2558129
2023-06-30 16:47:28 [booklist] INFO: VALID_ID: 2558123
2023-06-30 16:47:28 [booklist] INFO: VALID_ID: 2607204
2023-06-30 16:47:28 [booklist] INFO: VALID_ID: 2558131
2023-06-30 16:47:28 [booklist] INFO: VALID_ID: 2558124
2023-06-30 16:47:28 [booklist] INFO: VALID_ID: 2558128
2023-06-30 16:47:28 [booklist] INFO: VALID_ID: 2558126
2023-06-30 16:47:28 [booklist] INFO: VALID_ID: 2572386
2023-06-30 16:47:28 [booklist] INFO: VALID_ID: 2596225
2023-06-30 16:47:28 [booklist] INFO: VALID_ID: 1287062
2023-06-30 16:47:28 [booklist] INFO: VALID_ID: 2576216
2023-06-30 16:47:28 [booklist] INFO: VALID_ID: 2606322
2023-06-30 16:47:28 [booklist] INFO: VALID_ID: 2588678
2023-06-30 16:47:28 [booklist] INFO: VALID_ID: 2571632
2023-06-30 16:47:28 [booklist] INFO: VALID_ID: 2585772
2023-06-30 16:47:28 [booklist] INFO: VALID_ID: 2572177
2023-06-30 16:47:28 [booklist] INFO: VALID_ID: 2559260
2023-06-30 16:47:28 [booklist] INFO: VALID_ID: 2588979
2023-06-30 16:47:28 [booklist] INFO: VALID_ID: 2587215
2023-06-30 16:47:28 [booklist] INFO: VALID_ID: 2550560
2023-06-30 16:47:28 [booklist] INFO: VALID_ID: 2575650
2023-06-30 16:47:28 [booklist] INFO: VALID_ID: 2575677
2023-06-30 16:47:28 [booklist] INFO: VALID_ID: 2575675
2023-06-30 16:47:28 [booklist] INFO: VALID_ID: 2575659
2023-06-30 16:47:28 [booklist] INFO: VALID_ID: 2575660
2023-06-30 16:47:28 [booklist] INFO: VALID_ID: 2575663
2023-06-30 16:47:28 [booklist] INFO: VALID_ID: 2575651
2023-06-30 16:47:28 [booklist] INFO: VALID_ID: 2575661
2023-06-30 16:47:28 [booklist] INFO: VALID_ID: 2610529
2023-06-30 16:47:28 [booklist] INFO: VALID_ID: 2575670
2023-06-30 16:47:28 [booklist] INFO: VALID_ID: 2575679
2023-06-30 16:47:28 [booklist] INFO: VALID_ID: 2575657
2023-06-30 16:47:28 [booklist] INFO: VALID_ID: 2575654
2023-06-30 16:47:28 [booklist] INFO: VALID_ID: 2575653
2023-06-30 16:47:28 [booklist] INFO: VALID_ID: 2575676
2023-06-30 16:47:28 [booklist] INFO: VALID_ID: 2575671
2023-06-30 16:47:28 [booklist] INFO: VALID_ID: 2575678
2023-06-30 16:47:28 [booklist] INFO: VALID_ID: 2575674
2023-06-30 16:47:28 [booklist] INFO: VALID_ID: 2575655
2023-06-30 16:47:28 [booklist] INFO: VALID_ID: 2575668
2023-06-30 16:47:28 [booklist] INFO: VALID_ID: 2575673
2023-06-30 16:47:28 [booklist] INFO: VALID_ID: 2575667
2023-06-30 16:47:28 [booklist] INFO: VALID_ID: 2575666
2023-06-30 16:47:28 [booklist] INFO: VALID_ID: 2575658
2023-06-30 16:47:28 [booklist] INFO: VALID_ID: 2575662
2023-06-30 16:47:28 [booklist] INFO: VALID_ID: 2575680
2023-06-30 16:47:28 [booklist] INFO: VALID_ID: 2575652
2023-06-30 16:47:28 [booklist] INFO: VALID_ID: 2575656
2023-06-30 16:47:28 [booklist] INFO: VALID_ID: 2575664
2023-06-30 16:47:28 [booklist] INFO: VALID_ID: 2575665
2023-06-30 16:47:28 [booklist] INFO: VALID_ID: 2575669
2023-06-30 16:47:28 [booklist] INFO: VALID_ID: 2575672
2023-06-30 16:47:28 [booklist] INFO: VALID_ID: 2608186
2023-06-30 16:47:28 [booklist] INFO: VALID_ID: 10303809
2023-06-30 16:47:28 [booklist] INFO: VALID_ID: 2538409
2023-06-30 16:47:28 [booklist] INFO: VALID_ID: 2572625
2023-06-30 16:47:28 [booklist] INFO: VALID_ID: 2598855
2023-06-30 16:47:28 [booklist] INFO: VALID_ID: 2598854
2023-06-30 16:47:28 [booklist] INFO: VALID_ID: 2598853
2023-06-30 16:47:28 [booklist] INFO: VALID_ID: 2601436
2023-06-30 16:47:28 [booklist] INFO: VALID_ID: 2551354
2023-06-30 16:47:28 [booklist] INFO: VALID_ID: 2559227
2023-06-30 16:47:28 [booklist] INFO: VALID_ID: 11223430
2023-06-30 16:47:28 [booklist] INFO: VALID_ID: 2548854
2023-06-30 16:47:28 [booklist] INFO: VALID_ID: 2605050
2023-06-30 16:47:28 [booklist] INFO: VALID_ID: 2585963
2023-06-30 16:47:28 [booklist] INFO: VALID_ID: 2549044
2023-06-30 16:47:28 [booklist] INFO: VALID_ID: 2551919
2023-06-30 16:47:28 [booklist] INFO: VALID_ID: 2607434
2023-06-30 16:47:29 [scrapy.core.engine] DEBUG: Crawled (200) <POST https://dl.ndl.go.jp/api/item/search> (referer: https://dl.ndl.go.jp/api/item/search)
2023-06-30 16:47:29 [booklist] INFO: Fetched page 2
2023-06-30 16:47:29 [booklist] INFO: VALID_ID: 2607768
2023-06-30 16:47:29 [booklist] INFO: VALID_ID: 2608598
2023-06-30 16:47:29 [booklist] INFO: VALID_ID: 2609550
2023-06-30 16:47:29 [booklist] INFO: VALID_ID: 2609818
2023-06-30 16:47:29 [booklist] INFO: VALID_ID: 2608597
2023-06-30 16:47:29 [booklist] INFO: VALID_ID: 2606848
2023-06-30 16:47:29 [booklist] INFO: VALID_ID: 2605995
2023-06-30 16:47:29 [booklist] INFO: VALID_ID: 2608138
2023-06-30 16:47:29 [booklist] INFO: VALID_ID: 2609735
2023-06-30 16:47:29 [booklist] INFO: VALID_ID: 2608047
2023-06-30 16:47:29 [booklist] INFO: VALID_ID: 2609279
2023-06-30 16:47:29 [booklist] INFO: VALID_ID: 8943312
2023-06-30 16:47:29 [booklist] INFO: VALID_ID: 2611038
2023-06-30 16:47:29 [booklist] INFO: VALID_ID: 2533629
2023-06-30 16:47:29 [booklist] INFO: VALID_ID: 2538608
2023-06-30 16:47:29 [booklist] INFO: VALID_ID: 2610558
2023-06-30 16:47:29 [booklist] INFO: VALID_ID: 2611073
2023-06-30 16:47:29 [booklist] INFO: VALID_ID: 2605528
2023-06-30 16:47:29 [booklist] INFO: VALID_ID: 2610325
2023-06-30 16:47:29 [booklist] INFO: VALID_ID: 2609205
2023-06-30 16:47:29 [booklist] INFO: VALID_ID: 12865370
2023-06-30 16:47:29 [booklist] INFO: VALID_ID: 2610537
2023-06-30 16:47:29 [booklist] INFO: VALID_ID: 11892739
2023-06-30 16:47:29 [booklist] INFO: VALID_ID: 2610583
2023-06-30 16:47:29 [booklist] INFO: VALID_ID: 2538945
2023-06-30 16:47:29 [booklist] INFO: VALID_ID: 2605546
2023-06-30 16:47:29 [booklist] INFO: VALID_ID: 11446659
2023-06-30 16:47:29 [booklist] INFO: VALID_ID: 2608884
2023-06-30 16:47:29 [booklist] INFO: VALID_ID: 2609621
2023-06-30 16:47:29 [booklist] INFO: VALID_ID: 2610879
2023-06-30 16:47:29 [booklist] INFO: VALID_ID: 2610785
2023-06-30 16:47:29 [booklist] INFO: VALID_ID: 9369959
2023-06-30 16:47:29 [booklist] INFO: VALID_ID: 2609861
2023-06-30 16:47:29 [booklist] INFO: VALID_ID: 2608873
2023-06-30 16:47:29 [booklist] INFO: VALID_ID: 2610707
2023-06-30 16:47:29 [booklist] INFO: VALID_ID: 2610288
2023-06-30 16:47:29 [booklist] INFO: VALID_ID: 2609552
2023-06-30 16:47:29 [booklist] INFO: VALID_ID: 9369960
2023-06-30 16:47:29 [booklist] INFO: VALID_ID: 2585883
2023-06-30 16:47:29 [booklist] INFO: VALID_ID: 2585800
2023-06-30 16:47:29 [booklist] INFO: VALID_ID: 2585810
2023-06-30 16:47:29 [booklist] INFO: VALID_ID: 2585819
2023-06-30 16:47:29 [booklist] INFO: VALID_ID: 2585926
2023-06-30 16:47:29 [booklist] INFO: VALID_ID: 2585846
2023-06-30 16:47:29 [booklist] INFO: VALID_ID: 2585867
2023-06-30 16:47:29 [booklist] INFO: VALID_ID: 2585870
2023-06-30 16:47:29 [booklist] INFO: VALID_ID: 2585782
2023-06-30 16:47:29 [booklist] INFO: VALID_ID: 2585796
2023-06-30 16:47:29 [booklist] INFO: VALID_ID: 2585947
2023-06-30 16:47:29 [booklist] INFO: VALID_ID: 2585793
2023-06-30 16:47:29 [booklist] INFO: VALID_ID: 2585888
2023-06-30 16:47:29 [booklist] INFO: VALID_ID: 2585919
2023-06-30 16:47:29 [booklist] INFO: VALID_ID: 2585834
2023-06-30 16:47:29 [booklist] INFO: VALID_ID: 2585863
2023-06-30 16:47:29 [booklist] INFO: VALID_ID: 2585784
2023-06-30 16:47:29 [booklist] INFO: VALID_ID: 2585812
2023-06-30 16:47:29 [booklist] INFO: VALID_ID: 2585916
2023-06-30 16:47:29 [booklist] INFO: VALID_ID: 2585831
2023-06-30 16:47:29 [booklist] INFO: VALID_ID: 2585942
2023-06-30 16:47:29 [booklist] INFO: VALID_ID: 2585873
2023-06-30 16:47:29 [booklist] INFO: VALID_ID: 2585918
2023-06-30 16:47:29 [booklist] INFO: VALID_ID: 2585829
2023-06-30 16:47:29 [booklist] INFO: VALID_ID: 2585938
2023-06-30 16:47:29 [booklist] INFO: VALID_ID: 2585941
2023-06-30 16:47:29 [booklist] INFO: VALID_ID: 2585856
2023-06-30 16:47:29 [booklist] INFO: VALID_ID: 2585861
2023-06-30 16:47:29 [booklist] INFO: VALID_ID: 2585786
2023-06-30 16:47:29 [booklist] INFO: VALID_ID: 2585790
2023-06-30 16:47:29 [booklist] INFO: VALID_ID: 2585808
2023-06-30 16:47:29 [booklist] INFO: VALID_ID: 2585906
2023-06-30 16:47:29 [booklist] INFO: VALID_ID: 2585912
2023-06-30 16:47:29 [booklist] INFO: VALID_ID: 2585817
2023-06-30 16:47:29 [booklist] INFO: VALID_ID: 2585915
2023-06-30 16:47:29 [booklist] INFO: VALID_ID: 2585825
2023-06-30 16:47:29 [booklist] INFO: VALID_ID: 2585924
2023-06-30 16:47:29 [booklist] INFO: VALID_ID: 2585767
2023-06-30 16:47:29 [booklist] INFO: VALID_ID: 2585774
2023-06-30 16:47:29 [booklist] INFO: VALID_ID: 2585908
2023-06-30 16:47:29 [booklist] INFO: VALID_ID: 2585930
2023-06-30 16:47:29 [booklist] INFO: VALID_ID: 2585935
2023-06-30 16:47:29 [booklist] INFO: VALID_ID: 2585946
2023-06-30 16:47:29 [booklist] INFO: VALID_ID: 12865356
2023-06-30 16:47:29 [booklist] INFO: VALID_ID: 2606349
2023-06-30 16:47:29 [booklist] INFO: VALID_ID: 2585857
2023-06-30 16:47:29 [booklist] INFO: VALID_ID: 2585766
2023-06-30 16:47:29 [booklist] INFO: VALID_ID: 2585770
2023-06-30 16:47:29 [booklist] INFO: VALID_ID: 2585877
2023-06-30 16:47:29 [booklist] INFO: VALID_ID: 2585891
2023-06-30 16:47:29 [booklist] INFO: VALID_ID: 2585813
2023-06-30 16:47:29 [booklist] INFO: VALID_ID: 2585836
2023-06-30 16:47:29 [booklist] INFO: VALID_ID: 2585841
2023-06-30 16:47:29 [booklist] INFO: VALID_ID: 2585852
2023-06-30 16:47:29 [booklist] INFO: VALID_ID: 2585876
2023-06-30 16:47:29 [booklist] INFO: VALID_ID: 2585884
2023-06-30 16:47:29 [booklist] INFO: VALID_ID: 2585828
2023-06-30 16:47:29 [booklist] INFO: VALID_ID: 2585928
2023-06-30 16:47:29 [booklist] INFO: VALID_ID: 2585839
2023-06-30 16:47:29 [booklist] INFO: VALID_ID: 2585885
2023-06-30 16:47:29 [booklist] INFO: VALID_ID: 2585803
2023-06-30 16:47:29 [booklist] INFO: VALID_ID: 2585824
2023-06-30 16:47:30 [scrapy.core.engine] DEBUG: Crawled (200) <POST https://dl.ndl.go.jp/api/item/search> (referer: https://dl.ndl.go.jp/api/item/search)
2023-06-30 16:47:30 [booklist] INFO: Fetched page 3
2023-06-30 16:47:30 [booklist] INFO: VALID_ID: 2585787
2023-06-30 16:47:30 [booklist] INFO: VALID_ID: 2585806
2023-06-30 16:47:30 [booklist] INFO: VALID_ID: 2585907
2023-06-30 16:47:30 [booklist] INFO: VALID_ID: 2585845
2023-06-30 16:47:30 [booklist] INFO: VALID_ID: 2585944
2023-06-30 16:47:30 [booklist] INFO: VALID_ID: 2585848
2023-06-30 16:47:30 [booklist] INFO: VALID_ID: 2585775
2023-06-30 16:47:30 [booklist] INFO: VALID_ID: 2585879
2023-06-30 16:47:30 [booklist] INFO: VALID_ID: 2585802
2023-06-30 16:47:30 [booklist] INFO: VALID_ID: 2585900
2023-06-30 16:47:30 [booklist] INFO: VALID_ID: 2585818
2023-06-30 16:47:30 [booklist] INFO: VALID_ID: 2585922
2023-06-30 16:47:30 [booklist] INFO: VALID_ID: 2585936
2023-06-30 16:47:30 [booklist] INFO: VALID_ID: 2585858
2023-06-30 16:47:30 [booklist] INFO: VALID_ID: 2585866
2023-06-30 16:47:30 [booklist] INFO: VALID_ID: 2585780
2023-06-30 16:47:30 [booklist] INFO: VALID_ID: 2585889
2023-06-30 16:47:30 [booklist] INFO: VALID_ID: 2585890
2023-06-30 16:47:30 [booklist] INFO: VALID_ID: 2585895
2023-06-30 16:47:30 [booklist] INFO: VALID_ID: 2585901
2023-06-30 16:47:30 [booklist] INFO: VALID_ID: 2585934
2023-06-30 16:47:30 [booklist] INFO: VALID_ID: 2609656
2023-06-30 16:47:30 [booklist] INFO: VALID_ID: 2585760
2023-06-30 16:47:30 [booklist] INFO: VALID_ID: 2585789
2023-06-30 16:47:30 [booklist] INFO: VALID_ID: 2585887
2023-06-30 16:47:30 [booklist] INFO: VALID_ID: 2585897
2023-06-30 16:47:30 [booklist] INFO: VALID_ID: 2585805
2023-06-30 16:47:30 [booklist] INFO: VALID_ID: 2585814
2023-06-30 16:47:30 [booklist] INFO: VALID_ID: 2585943
2023-06-30 16:47:30 [booklist] INFO: VALID_ID: 2585874
2023-06-30 16:47:30 [booklist] INFO: VALID_ID: 2585769
2023-06-30 16:47:30 [booklist] INFO: VALID_ID: 2585871
2023-06-30 16:47:30 [booklist] INFO: VALID_ID: 2585892
2023-06-30 16:47:30 [booklist] INFO: VALID_ID: 2585933
2023-06-30 16:47:30 [booklist] INFO: VALID_ID: 2609468
2023-06-30 16:47:30 [booklist] INFO: VALID_ID: 2585896
2023-06-30 16:47:30 [booklist] INFO: VALID_ID: 2585816
2023-06-30 16:47:30 [booklist] INFO: VALID_ID: 2585832
2023-06-30 16:47:30 [booklist] INFO: VALID_ID: 2585837
2023-06-30 16:47:30 [booklist] INFO: VALID_ID: 2585939
2023-06-30 16:47:30 [booklist] INFO: VALID_ID: 2585865
2023-06-30 16:47:30 [booklist] INFO: VALID_ID: 2585781
2023-06-30 16:47:30 [booklist] INFO: VALID_ID: 2585878
2023-06-30 16:47:30 [booklist] INFO: VALID_ID: 2585815
2023-06-30 16:47:30 [booklist] INFO: VALID_ID: 2585821
2023-06-30 16:47:30 [booklist] INFO: VALID_ID: 2585925
2023-06-30 16:47:30 [booklist] INFO: VALID_ID: 2585927
2023-06-30 16:47:30 [booklist] INFO: VALID_ID: 2585929
2023-06-30 16:47:30 [booklist] INFO: VALID_ID: 2585898
2023-06-30 16:47:30 [booklist] INFO: VALID_ID: 2585914
2023-06-30 16:47:30 [booklist] INFO: VALID_ID: 2585822
2023-06-30 16:47:30 [booklist] INFO: VALID_ID: 2585932
2023-06-30 16:47:30 [booklist] INFO: VALID_ID: 2585764
2023-06-30 16:47:30 [booklist] INFO: VALID_ID: 2585910
2023-06-30 16:47:30 [booklist] INFO: VALID_ID: 2585913
2023-06-30 16:47:30 [booklist] INFO: VALID_ID: 2609320
2023-06-30 16:47:30 [booklist] INFO: VALID_ID: 2585779
2023-06-30 16:47:30 [booklist] INFO: VALID_ID: 2585886
2023-06-30 16:47:30 [booklist] INFO: VALID_ID: 2585807
2023-06-30 16:47:30 [booklist] INFO: VALID_ID: 2585823
2023-06-30 16:47:30 [booklist] INFO: VALID_ID: 2585920
2023-06-30 16:47:30 [booklist] INFO: VALID_ID: 2585761
2023-06-30 16:47:30 [booklist] INFO: VALID_ID: 2585868
2023-06-30 16:47:30 [booklist] INFO: VALID_ID: 2585875
2023-06-30 16:47:30 [booklist] INFO: VALID_ID: 2585785
2023-06-30 16:47:30 [booklist] INFO: VALID_ID: 2585788
2023-06-30 16:47:30 [booklist] INFO: VALID_ID: 2585792
2023-06-30 16:47:30 [booklist] INFO: VALID_ID: 2585763
2023-06-30 16:47:30 [booklist] INFO: VALID_ID: 2585860
2023-06-30 16:47:30 [booklist] INFO: VALID_ID: 2585768
2023-06-30 16:47:30 [booklist] INFO: VALID_ID: 2585909
2023-06-30 16:47:30 [booklist] INFO: VALID_ID: 2585835
2023-06-30 16:47:30 [booklist] INFO: VALID_ID: 2585847
2023-06-30 16:47:30 [booklist] INFO: VALID_ID: 2585853
2023-06-30 16:47:30 [booklist] INFO: VALID_ID: 2585893
2023-06-30 16:47:30 [booklist] INFO: VALID_ID: 2585911
2023-06-30 16:47:30 [booklist] INFO: VALID_ID: 2585917
2023-06-30 16:47:30 [booklist] INFO: VALID_ID: 2585838
2023-06-30 16:47:30 [booklist] INFO: VALID_ID: 2585776
2023-06-30 16:47:30 [booklist] INFO: VALID_ID: 2585778
2023-06-30 16:47:30 [booklist] INFO: VALID_ID: 2585882
2023-06-30 16:47:30 [booklist] INFO: VALID_ID: 2585799
2023-06-30 16:47:30 [booklist] INFO: VALID_ID: 2585833
2023-06-30 16:47:30 [booklist] INFO: VALID_ID: 2585940
2023-06-30 16:47:30 [booklist] INFO: VALID_ID: 2585854
2023-06-30 16:47:30 [booklist] INFO: VALID_ID: 2585804
2023-06-30 16:47:30 [booklist] INFO: VALID_ID: 2585903
2023-06-30 16:47:30 [booklist] INFO: VALID_ID: 2585826
2023-06-30 16:47:30 [booklist] INFO: VALID_ID: 2585931
2023-06-30 16:47:30 [booklist] INFO: VALID_ID: 2585850
2023-06-30 16:47:30 [booklist] INFO: VALID_ID: 2585948
2023-06-30 16:47:30 [booklist] INFO: VALID_ID: 2583669
2023-06-30 16:47:30 [booklist] INFO: VALID_ID: 2583670
2023-06-30 16:47:30 [booklist] INFO: VALID_ID: 2585759
2023-06-30 16:47:30 [booklist] INFO: VALID_ID: 2585762
2023-06-30 16:47:30 [booklist] INFO: VALID_ID: 2585794
2023-06-30 16:47:30 [booklist] INFO: VALID_ID: 2585905
2023-06-30 16:47:30 [booklist] INFO: VALID_ID: 2585771
2023-06-30 16:47:30 [booklist] INFO: VALID_ID: 2585864
2023-06-30 16:47:30 [booklist] INFO: VALID_ID: 2585795
2023-06-30 16:47:31 [scrapy.core.engine] DEBUG: Crawled (200) <POST https://dl.ndl.go.jp/api/item/search> (referer: https://dl.ndl.go.jp/api/item/search)
2023-06-30 16:47:31 [booklist] INFO: Fetched page 4
2023-06-30 16:47:31 [booklist] INFO: VALID_ID: 2585777
2023-06-30 16:47:31 [booklist] INFO: VALID_ID: 2585783
2023-06-30 16:47:31 [booklist] INFO: VALID_ID: 2585894
2023-06-30 16:47:31 [booklist] INFO: VALID_ID: 2585830
2023-06-30 16:47:31 [booklist] INFO: VALID_ID: 2585945
2023-06-30 16:47:31 [booklist] INFO: VALID_ID: 2610833
2023-06-30 16:47:31 [booklist] INFO: VALID_ID: 2585759
2023-06-30 16:47:31 [booklist] INFO: VALID_ID: 2585762
2023-06-30 16:47:31 [booklist] INFO: VALID_ID: 2585794
2023-06-30 16:47:31 [booklist] INFO: VALID_ID: 2585905
2023-06-30 16:47:31 [booklist] INFO: VALID_ID: 2585771
2023-06-30 16:47:31 [booklist] INFO: VALID_ID: 2585864
2023-06-30 16:47:31 [booklist] INFO: VALID_ID: 2585795
2023-06-30 16:47:31 [booklist] INFO: VALID_ID: 2585797
2023-06-30 16:47:31 [booklist] INFO: VALID_ID: 2585820
2023-06-30 16:47:31 [booklist] INFO: VALID_ID: 2585921
2023-06-30 16:47:31 [booklist] INFO: VALID_ID: 2585842
2023-06-30 16:47:31 [booklist] INFO: VALID_ID: 2585863
2023-06-30 16:47:31 [booklist] INFO: VALID_ID: 2585784
2023-06-30 16:47:31 [booklist] INFO: VALID_ID: 2585812
2023-06-30 16:47:31 [booklist] INFO: VALID_ID: 2585916
2023-06-30 16:47:31 [booklist] INFO: VALID_ID: 2585831
2023-06-30 16:47:31 [booklist] INFO: VALID_ID: 2585942
2023-06-30 16:47:31 [booklist] INFO: VALID_ID: 2583705
2023-06-30 16:47:31 [booklist] INFO: VALID_ID: 2583718
2023-06-30 16:47:31 [booklist] INFO: VALID_ID: 2585765
2023-06-30 16:47:31 [booklist] INFO: VALID_ID: 2585859
2023-06-30 16:47:31 [booklist] INFO: VALID_ID: 2585880
2023-06-30 16:47:31 [booklist] INFO: VALID_ID: 2585899
2023-06-30 16:47:31 [booklist] INFO: VALID_ID: 2585811
2023-06-30 16:47:31 [booklist] INFO: VALID_ID: 2585827
2023-06-30 16:47:31 [booklist] INFO: VALID_ID: 2585937
2023-06-30 16:47:31 [booklist] INFO: VALID_ID: 2585843
2023-06-30 16:47:31 [booklist] INFO: VALID_ID: 2585849
2023-06-30 16:47:31 [booklist] INFO: VALID_ID: 2583715
2023-06-30 16:47:31 [booklist] INFO: VALID_ID: 2583684
2023-06-30 16:47:31 [booklist] INFO: VALID_ID: 2583701
2023-06-30 16:47:31 [booklist] INFO: VALID_ID: 2583709
2023-06-30 16:47:31 [booklist] INFO: VALID_ID: 2583725
2023-06-30 16:47:31 [booklist] INFO: VALID_ID: 2610012
2023-06-30 16:47:31 [booklist] INFO: VALID_ID: 2583660
2023-06-30 16:47:31 [booklist] INFO: VALID_ID: 2583667
2023-06-30 16:47:31 [booklist] INFO: VALID_ID: 2583668
2023-06-30 16:47:31 [booklist] INFO: VALID_ID: 2583661
2023-06-30 16:47:31 [booklist] INFO: VALID_ID: 2583664
2023-06-30 16:47:31 [booklist] INFO: VALID_ID: 2583717
2023-06-30 16:47:31 [booklist] INFO: VALID_ID: 2583681
2023-06-30 16:47:31 [booklist] INFO: VALID_ID: 2583702
2023-06-30 16:47:31 [booklist] INFO: VALID_ID: 2583679
2023-06-30 16:47:31 [booklist] INFO: VALID_ID: 2583721
2023-06-30 16:47:31 [booklist] INFO: VALID_ID: 2583690
2023-06-30 16:47:31 [booklist] INFO: VALID_ID: 2583659
2023-06-30 16:47:31 [booklist] INFO: VALID_ID: 2583694
2023-06-30 16:47:31 [booklist] INFO: VALID_ID: 2583678
2023-06-30 16:47:31 [booklist] INFO: VALID_ID: 2583685
2023-06-30 16:47:31 [booklist] INFO: VALID_ID: 2583722
2023-06-30 16:47:31 [booklist] INFO: VALID_ID: 2583691
2023-06-30 16:47:31 [booklist] INFO: VALID_ID: 2583665
2023-06-30 16:47:31 [booklist] INFO: VALID_ID: 2583699
2023-06-30 16:47:31 [booklist] INFO: VALID_ID: 12865426
2023-06-30 16:47:31 [booklist] INFO: VALID_ID: 2609546
2023-06-30 16:47:31 [booklist] INFO: VALID_ID: 2583682
2023-06-30 16:47:31 [booklist] INFO: VALID_ID: 2583704
2023-06-30 16:47:31 [booklist] INFO: VALID_ID: 2583708
2023-06-30 16:47:31 [booklist] INFO: VALID_ID: 2583711
2023-06-30 16:47:31 [booklist] INFO: VALID_ID: 2583692
2023-06-30 16:47:31 [booklist] INFO: VALID_ID: 2583662
2023-06-30 16:47:31 [booklist] INFO: VALID_ID: 2583666
2023-06-30 16:47:31 [booklist] INFO: VALID_ID: 2583700
2023-06-30 16:47:31 [booklist] INFO: VALID_ID: 2583686
2023-06-30 16:47:31 [booklist] INFO: VALID_ID: 2583724
2023-06-30 16:47:31 [booklist] INFO: VALID_ID: 2583693
2023-06-30 16:47:31 [booklist] INFO: VALID_ID: 2583696
2023-06-30 16:47:31 [booklist] INFO: VALID_ID: 2583716
2023-06-30 16:47:31 [booklist] INFO: VALID_ID: 2583719
2023-06-30 16:47:31 [booklist] INFO: VALID_ID: 2583697
2023-06-30 16:47:31 [booklist] INFO: VALID_ID: 2583675
2023-06-30 16:47:31 [booklist] INFO: VALID_ID: 2583680
2023-06-30 16:47:31 [booklist] INFO: VALID_ID: 2583687
2023-06-30 16:47:31 [booklist] INFO: VALID_ID: 1286414
2023-06-30 16:47:31 [booklist] INFO: VALID_ID: 2610561
2023-06-30 16:47:31 [booklist] INFO: VALID_ID: 2583672
2023-06-30 16:47:31 [booklist] INFO: VALID_ID: 2583707
2023-06-30 16:47:31 [booklist] INFO: VALID_ID: 2583710
2023-06-30 16:47:31 [booklist] INFO: VALID_ID: 2583706
2023-06-30 16:47:31 [booklist] INFO: VALID_ID: 2583698
2023-06-30 16:47:31 [booklist] INFO: VALID_ID: 2583703
2023-06-30 16:47:31 [booklist] INFO: VALID_ID: 2583676
2023-06-30 16:47:31 [booklist] INFO: VALID_ID: 2583712
2023-06-30 16:47:31 [booklist] INFO: VALID_ID: 2583723
2023-06-30 16:47:31 [booklist] INFO: VALID_ID: 2607074
2023-06-30 16:47:31 [booklist] INFO: VALID_ID: 2583714
2023-06-30 16:47:31 [booklist] INFO: VALID_ID: 2583683
2023-06-30 16:47:31 [booklist] INFO: VALID_ID: 2583673
2023-06-30 16:47:31 [booklist] INFO: VALID_ID: 2583695
2023-06-30 16:47:31 [booklist] INFO: VALID_ID: 2583671
2023-06-30 16:47:31 [booklist] INFO: VALID_ID: 2583674
2023-06-30 16:47:31 [booklist] INFO: VALID_ID: 2583689
2023-06-30 16:47:31 [booklist] INFO: VALID_ID: 12865348
2023-06-30 16:47:31 [booklist] INFO: VALID_ID: 2583663
2023-06-30 16:47:32 [scrapy.core.engine] DEBUG: Crawled (200) <POST https://dl.ndl.go.jp/api/item/search> (referer: https://dl.ndl.go.jp/api/item/search)
2023-06-30 16:47:32 [booklist] INFO: Fetched page 5
2023-06-30 16:47:32 [booklist] INFO: VALID_ID: 2583679
2023-06-30 16:47:32 [booklist] INFO: VALID_ID: 2583721
2023-06-30 16:47:32 [booklist] INFO: VALID_ID: 2583690
2023-06-30 16:47:32 [booklist] INFO: VALID_ID: 2583669
2023-06-30 16:47:32 [booklist] INFO: VALID_ID: 2583670
2023-06-30 16:47:32 [booklist] INFO: VALID_ID: 2610518
2023-06-30 16:47:32 [booklist] INFO: VALID_ID: 2608183
2023-06-30 16:47:32 [booklist] INFO: VALID_ID: 2608247
2023-06-30 16:47:32 [booklist] INFO: VALID_ID: 2611035
2023-06-30 16:47:32 [booklist] INFO: VALID_ID: 2605758
2023-06-30 16:47:32 [booklist] INFO: VALID_ID: 2610138
2023-06-30 16:47:32 [booklist] INFO: VALID_ID: 2609783
2023-06-30 16:47:32 [booklist] INFO: VALID_ID: 2610801
2023-06-30 16:47:32 [booklist] INFO: VALID_ID: 2609383
2023-06-30 16:47:32 [booklist] INFO: VALID_ID: 2609000
2023-06-30 16:47:32 [booklist] INFO: VALID_ID: 2605465
2023-06-30 16:47:32 [scrapy.core.engine] DEBUG: Crawled (200) <POST https://dl.ndl.go.jp/api/item/search> (referer: https://dl.ndl.go.jp/api/item/search)
2023-06-30 16:47:32 [booklist] INFO: Fetched page 6
2023-06-30 16:47:32 [booklist] INFO: No more books on 6
2023-06-30 16:47:33 [scrapy.core.engine] INFO: Closing spider (finished)
2023-06-30 16:47:33 [scrapy.statscollectors] INFO: Dumping Scrapy stats:
{'downloader/request_bytes': 8263,
 'downloader/request_count': 7,
 'downloader/request_method_count/GET': 1,
 'downloader/request_method_count/POST': 6,
 'downloader/response_bytes': 1514149,
 'downloader/response_count': 7,
 'downloader/response_status_count/200': 7,
 'elapsed_time_seconds': 7.041468,
 'finish_reason': 'finished',
 'finish_time': datetime.datetime(2023, 6, 30, 8, 47, 33, 2051),
 'httpcompression/response_bytes': 17003665,
 'httpcompression/response_count': 6,
 'log_count/DEBUG': 10,
 'log_count/INFO': 433,
 'memusage/max': 63852544,
 'memusage/startup': 63852544,
 'request_depth_max': 5,
 'response_received_count': 7,
 'robotstxt/request_count': 1,
 'robotstxt/response_count': 1,
 'robotstxt/response_status_count/200': 1,
 'scheduler/dequeued': 6,
 'scheduler/dequeued/memory': 6,
 'scheduler/enqueued': 6,
 'scheduler/enqueued/memory': 6,
 'start_time': datetime.datetime(2023, 6, 30, 8, 47, 25, 960583)}
2023-06-30 16:47:33 [scrapy.core.engine] INFO: Spider closed (finished)
