2023-06-30 16:57:16 [scrapy.utils.log] INFO: Scrapy 2.9.0 started (bot: ndlcrawler)
2023-06-30 16:57:16 [scrapy.utils.log] INFO: Versions: lxml 4.9.2.0, libxml2 2.9.14, cssselect 1.2.0, parsel 1.8.1, w3lib 2.1.1, Twisted 22.10.0, Python 3.10.10 (main, Mar  5 2023, 22:26:53) [GCC 12.2.1 20230201], pyOpenSSL 23.2.0 (OpenSSL 3.1.1 30 May 2023), cryptography 41.0.1, Platform Linux-6.2.12-arch1-1-x86_64-with-glibc2.37
2023-06-30 16:57:16 [scrapy.crawler] INFO: Overridden settings:
{'BOT_NAME': 'ndlcrawler',
 'FEED_EXPORT_ENCODING': 'utf-8',
 'LOG_FILE': 'logs/booklist.title.前.DESC.log',
 'NEWSPIDER_MODULE': 'ndlcrawler.spiders',
 'REQUEST_FINGERPRINTER_IMPLEMENTATION': '2.7',
 'ROBOTSTXT_OBEY': True,
 'SPIDER_MODULES': ['ndlcrawler.spiders'],
 'TWISTED_REACTOR': 'twisted.internet.asyncioreactor.AsyncioSelectorReactor'}
2023-06-30 16:57:16 [asyncio] DEBUG: Using selector: EpollSelector
2023-06-30 16:57:16 [scrapy.utils.log] DEBUG: Using reactor: twisted.internet.asyncioreactor.AsyncioSelectorReactor
2023-06-30 16:57:16 [scrapy.utils.log] DEBUG: Using asyncio event loop: asyncio.unix_events._UnixSelectorEventLoop
2023-06-30 16:57:16 [scrapy.extensions.telnet] INFO: Telnet Password: 8f09b2100cb51780
2023-06-30 16:57:16 [scrapy.middleware] INFO: Enabled extensions:
['scrapy.extensions.corestats.CoreStats',
 'scrapy.extensions.telnet.TelnetConsole',
 'scrapy.extensions.memusage.MemoryUsage',
 'scrapy.extensions.logstats.LogStats']
2023-06-30 16:57:16 [scrapy.middleware] INFO: Enabled downloader middlewares:
['scrapy.downloadermiddlewares.robotstxt.RobotsTxtMiddleware',
 'scrapy.downloadermiddlewares.httpauth.HttpAuthMiddleware',
 'scrapy.downloadermiddlewares.downloadtimeout.DownloadTimeoutMiddleware',
 'scrapy.downloadermiddlewares.defaultheaders.DefaultHeadersMiddleware',
 'scrapy.downloadermiddlewares.useragent.UserAgentMiddleware',
 'scrapy.downloadermiddlewares.retry.RetryMiddleware',
 'scrapy.downloadermiddlewares.redirect.MetaRefreshMiddleware',
 'scrapy.downloadermiddlewares.httpcompression.HttpCompressionMiddleware',
 'scrapy.downloadermiddlewares.redirect.RedirectMiddleware',
 'scrapy.downloadermiddlewares.cookies.CookiesMiddleware',
 'scrapy.downloadermiddlewares.httpproxy.HttpProxyMiddleware',
 'scrapy.downloadermiddlewares.stats.DownloaderStats']
2023-06-30 16:57:16 [scrapy.middleware] INFO: Enabled spider middlewares:
['scrapy.spidermiddlewares.httperror.HttpErrorMiddleware',
 'scrapy.spidermiddlewares.offsite.OffsiteMiddleware',
 'scrapy.spidermiddlewares.referer.RefererMiddleware',
 'scrapy.spidermiddlewares.urllength.UrlLengthMiddleware',
 'scrapy.spidermiddlewares.depth.DepthMiddleware']
2023-06-30 16:57:16 [scrapy.middleware] INFO: Enabled item pipelines:
[]
2023-06-30 16:57:16 [scrapy.core.engine] INFO: Spider opened
2023-06-30 16:57:16 [scrapy.extensions.logstats] INFO: Crawled 0 pages (at 0 pages/min), scraped 0 items (at 0 items/min)
2023-06-30 16:57:16 [scrapy.extensions.telnet] INFO: Telnet console listening on 127.0.0.1:6024
2023-06-30 16:57:17 [scrapy.core.engine] DEBUG: Crawled (200) <GET https://dl.ndl.go.jp/robots.txt> (referer: None)
2023-06-30 16:57:18 [scrapy.core.engine] DEBUG: Crawled (200) <POST https://dl.ndl.go.jp/api/item/search> (referer: None)
2023-06-30 16:57:18 [booklist] INFO: Fetched page 1
2023-06-30 16:57:18 [booklist] INFO: VALID_ID: 2539257
2023-06-30 16:57:18 [booklist] INFO: VALID_ID: 1288430
2023-06-30 16:57:18 [booklist] INFO: VALID_ID: 8942770
2023-06-30 16:57:18 [booklist] INFO: VALID_ID: 2556327
2023-06-30 16:57:18 [booklist] INFO: VALID_ID: 8942771
2023-06-30 16:57:18 [booklist] INFO: VALID_ID: 2539322
2023-06-30 16:57:18 [booklist] INFO: VALID_ID: 2576310
2023-06-30 16:57:18 [booklist] INFO: VALID_ID: 2556328
2023-06-30 16:57:18 [booklist] INFO: VALID_ID: 2532694
2023-06-30 16:57:18 [booklist] INFO: VALID_ID: 2542546
2023-06-30 16:57:18 [booklist] INFO: VALID_ID: 2576308
2023-06-30 16:57:18 [booklist] INFO: VALID_ID: 1309308
2023-06-30 16:57:18 [booklist] INFO: VALID_ID: 2559155
2023-06-30 16:57:18 [booklist] INFO: VALID_ID: 2538318
2023-06-30 16:57:18 [booklist] INFO: VALID_ID: 2610831
2023-06-30 16:57:18 [booklist] INFO: VALID_ID: 2576309
2023-06-30 16:57:18 [booklist] INFO: VALID_ID: 9369163
2023-06-30 16:57:18 [booklist] INFO: VALID_ID: 2541306
2023-06-30 16:57:18 [booklist] INFO: VALID_ID: 2532928
2023-06-30 16:57:18 [booklist] INFO: VALID_ID: 2540514
2023-06-30 16:57:18 [booklist] INFO: VALID_ID: 2550941
2023-06-30 16:57:18 [booklist] INFO: VALID_ID: 2607049
2023-06-30 16:57:18 [booklist] INFO: VALID_ID: 2555730
2023-06-30 16:57:18 [booklist] INFO: VALID_ID: 2605944
2023-06-30 16:57:18 [booklist] INFO: VALID_ID: 2550944
2023-06-30 16:57:18 [booklist] INFO: VALID_ID: 2550946
2023-06-30 16:57:18 [booklist] INFO: VALID_ID: 2606765
2023-06-30 16:57:18 [booklist] INFO: VALID_ID: 1309077
2023-06-30 16:57:18 [booklist] INFO: VALID_ID: 2550943
2023-06-30 16:57:18 [booklist] INFO: VALID_ID: 2606846
2023-06-30 16:57:18 [booklist] INFO: VALID_ID: 2550947
2023-06-30 16:57:18 [booklist] INFO: VALID_ID: 2532894
2023-06-30 16:57:18 [booklist] INFO: VALID_ID: 2543095
2023-06-30 16:57:18 [booklist] INFO: VALID_ID: 2550942
2023-06-30 16:57:18 [booklist] INFO: VALID_ID: 2550939
2023-06-30 16:57:18 [booklist] INFO: VALID_ID: 2556069
2023-06-30 16:57:18 [booklist] INFO: VALID_ID: 2556071
2023-06-30 16:57:18 [booklist] INFO: VALID_ID: 2542609
2023-06-30 16:57:18 [booklist] INFO: VALID_ID: 2556070
2023-06-30 16:57:18 [booklist] INFO: VALID_ID: 2550938
2023-06-30 16:57:18 [booklist] INFO: VALID_ID: 2550945
2023-06-30 16:57:18 [booklist] INFO: VALID_ID: 2550940
2023-06-30 16:57:18 [booklist] INFO: VALID_ID: 2556072
2023-06-30 16:57:18 [booklist] INFO: VALID_ID: 2539975
2023-06-30 16:57:18 [booklist] INFO: VALID_ID: 2608688
2023-06-30 16:57:18 [booklist] INFO: VALID_ID: 2540390
2023-06-30 16:57:18 [booklist] INFO: VALID_ID: 8929648
2023-06-30 16:57:18 [booklist] INFO: VALID_ID: 1288168
2023-06-30 16:57:18 [booklist] INFO: VALID_ID: 9893123
2023-06-30 16:57:18 [booklist] INFO: VALID_ID: 2559156
2023-06-30 16:57:18 [booklist] INFO: VALID_ID: 9893171
2023-06-30 16:57:18 [booklist] INFO: VALID_ID: 10301576
2023-06-30 16:57:18 [booklist] INFO: VALID_ID: 2555525
2023-06-30 16:57:18 [booklist] INFO: VALID_ID: 9893034
2023-06-30 16:57:18 [booklist] INFO: VALID_ID: 2563530
2023-06-30 16:57:18 [booklist] INFO: VALID_ID: 2557769
2023-06-30 16:57:18 [booklist] INFO: VALID_ID: 1311965
2023-06-30 16:57:18 [booklist] INFO: VALID_ID: 2556680
2023-06-30 16:57:18 [booklist] INFO: VALID_ID: 2557767
2023-06-30 16:57:18 [booklist] INFO: VALID_ID: 2555524
2023-06-30 16:57:18 [booklist] INFO: VALID_ID: 2536275
2023-06-30 16:57:18 [booklist] INFO: VALID_ID: 2557768
2023-06-30 16:57:18 [booklist] INFO: VALID_ID: 2539837
2023-06-30 16:57:18 [booklist] INFO: VALID_ID: 2556683
2023-06-30 16:57:18 [booklist] INFO: VALID_ID: 2556679
2023-06-30 16:57:18 [booklist] INFO: VALID_ID: 2556681
2023-06-30 16:57:18 [booklist] INFO: VALID_ID: 1301756
2023-06-30 16:57:18 [booklist] INFO: VALID_ID: 2532893
2023-06-30 16:57:18 [booklist] INFO: VALID_ID: 1304514
2023-06-30 16:57:18 [booklist] INFO: VALID_ID: 12865500
2023-06-30 16:57:18 [booklist] INFO: VALID_ID: 2563529
2023-06-30 16:57:18 [booklist] INFO: VALID_ID: 1288167
2023-06-30 16:57:18 [booklist] INFO: VALID_ID: 2563528
2023-06-30 16:57:18 [booklist] INFO: VALID_ID: 1306603
2023-06-30 16:57:18 [booklist] INFO: VALID_ID: 2557771
2023-06-30 16:57:18 [booklist] INFO: VALID_ID: 10300937
2023-06-30 16:57:18 [booklist] INFO: VALID_ID: 2608160
2023-06-30 16:57:18 [booklist] INFO: VALID_ID: 10301467
2023-06-30 16:57:18 [booklist] INFO: VALID_ID: 2557766
2023-06-30 16:57:18 [booklist] INFO: VALID_ID: 1310581
2023-06-30 16:57:18 [booklist] INFO: VALID_ID: 2557770
2023-06-30 16:57:18 [booklist] INFO: VALID_ID: 2556684
2023-06-30 16:57:18 [booklist] INFO: VALID_ID: 2532652
2023-06-30 16:57:18 [booklist] INFO: VALID_ID: 2563527
2023-06-30 16:57:18 [booklist] INFO: VALID_ID: 1307835
2023-06-30 16:57:18 [booklist] INFO: VALID_ID: 2555731
2023-06-30 16:57:18 [booklist] INFO: VALID_ID: 9893354
2023-06-30 16:57:18 [booklist] INFO: VALID_ID: 2555729
2023-06-30 16:57:18 [booklist] INFO: VALID_ID: 1288166
2023-06-30 16:57:18 [booklist] INFO: VALID_ID: 2556682
2023-06-30 16:57:18 [booklist] INFO: VALID_ID: 8929390
2023-06-30 16:57:18 [booklist] INFO: VALID_ID: 8929401
2023-06-30 16:57:18 [booklist] INFO: VALID_ID: 8942749
2023-06-30 16:57:18 [booklist] INFO: VALID_ID: 2538638
2023-06-30 16:57:18 [booklist] INFO: VALID_ID: 9893055
2023-06-30 16:57:18 [booklist] INFO: VALID_ID: 2606607
2023-06-30 16:57:18 [booklist] INFO: VALID_ID: 2534115
2023-06-30 16:57:18 [booklist] INFO: VALID_ID: 8929301
2023-06-30 16:57:18 [booklist] INFO: VALID_ID: 2533913
2023-06-30 16:57:18 [booklist] INFO: VALID_ID: 2555523
2023-06-30 16:57:19 [scrapy.core.engine] DEBUG: Crawled (200) <POST https://dl.ndl.go.jp/api/item/search> (referer: https://dl.ndl.go.jp/api/item/search)
2023-06-30 16:57:19 [booklist] INFO: Fetched page 2
2023-06-30 16:57:20 [booklist] INFO: VALID_ID: 2533913
2023-06-30 16:57:20 [booklist] INFO: VALID_ID: 2605179
2023-06-30 16:57:20 [booklist] INFO: VALID_ID: 1286973
2023-06-30 16:57:20 [booklist] INFO: VALID_ID: 8929566
2023-06-30 16:57:20 [booklist] INFO: VALID_ID: 9892793
2023-06-30 16:57:20 [booklist] INFO: VALID_ID: 8942750
2023-06-30 16:57:20 [booklist] INFO: VALID_ID: 2609076
2023-06-30 16:57:20 [booklist] INFO: VALID_ID: 2563494
2023-06-30 16:57:20 [booklist] INFO: VALID_ID: 9892603
2023-06-30 16:57:20 [booklist] INFO: VALID_ID: 2563670
2023-06-30 16:57:20 [booklist] INFO: VALID_ID: 1288165
2023-06-30 16:57:20 [booklist] INFO: VALID_ID: 2539623
2023-06-30 16:57:20 [booklist] INFO: VALID_ID: 2608933
2023-06-30 16:57:20 [booklist] INFO: VALID_ID: 2533672
2023-06-30 16:57:20 [booklist] INFO: VALID_ID: 1304222
2023-06-30 16:57:20 [booklist] INFO: VALID_ID: 1309094
2023-06-30 16:57:20 [booklist] INFO: VALID_ID: 1307782
2023-06-30 16:57:20 [booklist] INFO: VALID_ID: 2572021
2023-06-30 16:57:20 [booklist] INFO: VALID_ID: 12865490
2023-06-30 16:57:20 [booklist] INFO: VALID_ID: 10301291
2023-06-30 16:57:20 [booklist] INFO: VALID_ID: 1308513
2023-06-30 16:57:20 [booklist] INFO: VALID_ID: 2541318
2023-06-30 16:57:20 [booklist] INFO: VALID_ID: 1305992
2023-06-30 16:57:20 [booklist] INFO: VALID_ID: 2563672
2023-06-30 16:57:20 [booklist] INFO: VALID_ID: 1304219
2023-06-30 16:57:20 [booklist] INFO: VALID_ID: 2572020
2023-06-30 16:57:20 [booklist] INFO: VALID_ID: 1305987
2023-06-30 16:57:20 [booklist] INFO: VALID_ID: 2563671
2023-06-30 16:57:20 [booklist] INFO: VALID_ID: 9893357
2023-06-30 16:57:20 [booklist] INFO: VALID_ID: 2540982
2023-06-30 16:57:20 [booklist] INFO: VALID_ID: 2579623
2023-06-30 16:57:20 [booklist] INFO: VALID_ID: 2579629
2023-06-30 16:57:20 [booklist] INFO: VALID_ID: 2568123
2023-06-30 16:57:20 [booklist] INFO: VALID_ID: 2548763
2023-06-30 16:57:20 [booklist] INFO: VALID_ID: 2588384
2023-06-30 16:57:20 [booklist] INFO: VALID_ID: 2548772
2023-06-30 16:57:20 [booklist] INFO: VALID_ID: 2558237
2023-06-30 16:57:20 [booklist] INFO: VALID_ID: 2568126
2023-06-30 16:57:20 [booklist] INFO: VALID_ID: 2588370
2023-06-30 16:57:20 [booklist] INFO: VALID_ID: 2588386
2023-06-30 16:57:20 [booklist] INFO: VALID_ID: 1304196
2023-06-30 16:57:20 [booklist] INFO: VALID_ID: 2548739
2023-06-30 16:57:20 [booklist] INFO: VALID_ID: 2588361
2023-06-30 16:57:20 [booklist] INFO: VALID_ID: 2548743
2023-06-30 16:57:20 [booklist] INFO: VALID_ID: 2568135
2023-06-30 16:57:20 [booklist] INFO: VALID_ID: 2548727
2023-06-30 16:57:20 [booklist] INFO: VALID_ID: 2579628
2023-06-30 16:57:20 [booklist] INFO: VALID_ID: 2579634
2023-06-30 16:57:20 [booklist] INFO: VALID_ID: 2548764
2023-06-30 16:57:20 [booklist] INFO: VALID_ID: 2548723
2023-06-30 16:57:20 [booklist] INFO: VALID_ID: 2548738
2023-06-30 16:57:20 [booklist] INFO: VALID_ID: 2558252
2023-06-30 16:57:20 [booklist] INFO: VALID_ID: 2548740
2023-06-30 16:57:20 [booklist] INFO: VALID_ID: 2558254
2023-06-30 16:57:20 [booklist] INFO: VALID_ID: 2548747
2023-06-30 16:57:20 [booklist] INFO: VALID_ID: 2548732
2023-06-30 16:57:20 [booklist] INFO: VALID_ID: 2588355
2023-06-30 16:57:20 [booklist] INFO: VALID_ID: 2568124
2023-06-30 16:57:20 [booklist] INFO: VALID_ID: 2568127
2023-06-30 16:57:20 [booklist] INFO: VALID_ID: 2608960
2023-06-30 16:57:20 [booklist] INFO: VALID_ID: 2558235
2023-06-30 16:57:20 [booklist] INFO: VALID_ID: 9893287
2023-06-30 16:57:20 [booklist] INFO: VALID_ID: 2579635
2023-06-30 16:57:20 [booklist] INFO: VALID_ID: 2588359
2023-06-30 16:57:20 [booklist] INFO: VALID_ID: 2568129
2023-06-30 16:57:20 [booklist] INFO: VALID_ID: 2588363
2023-06-30 16:57:20 [booklist] INFO: VALID_ID: 2588378
2023-06-30 16:57:20 [booklist] INFO: VALID_ID: 2588385
2023-06-30 16:57:20 [booklist] INFO: VALID_ID: 10301680
2023-06-30 16:57:20 [booklist] INFO: VALID_ID: 2558239
2023-06-30 16:57:20 [booklist] INFO: VALID_ID: 2579630
2023-06-30 16:57:20 [booklist] INFO: VALID_ID: 1304911
2023-06-30 16:57:20 [booklist] INFO: VALID_ID: 2588354
2023-06-30 16:57:20 [booklist] INFO: VALID_ID: 2548742
2023-06-30 16:57:20 [booklist] INFO: VALID_ID: 2568133
2023-06-30 16:57:20 [booklist] INFO: VALID_ID: 2548766
2023-06-30 16:57:20 [booklist] INFO: VALID_ID: 2548769
2023-06-30 16:57:20 [booklist] INFO: VALID_ID: 2548775
2023-06-30 16:57:20 [booklist] INFO: VALID_ID: 2609886
2023-06-30 16:57:20 [booklist] INFO: VALID_ID: 2588348
2023-06-30 16:57:20 [booklist] INFO: VALID_ID: 2588372
2023-06-30 16:57:20 [booklist] INFO: VALID_ID: 2548757
2023-06-30 16:57:20 [booklist] INFO: VALID_ID: 2588381
2023-06-30 16:57:20 [booklist] INFO: VALID_ID: 9893210
2023-06-30 16:57:20 [booklist] INFO: VALID_ID: 8929639
2023-06-30 16:57:20 [booklist] INFO: VALID_ID: 2568116
2023-06-30 16:57:20 [booklist] INFO: VALID_ID: 2588350
2023-06-30 16:57:20 [booklist] INFO: VALID_ID: 2579631
2023-06-30 16:57:20 [booklist] INFO: VALID_ID: 2548734
2023-06-30 16:57:20 [booklist] INFO: VALID_ID: 2588362
2023-06-30 16:57:20 [booklist] INFO: VALID_ID: 2588368
2023-06-30 16:57:20 [booklist] INFO: VALID_ID: 2588369
2023-06-30 16:57:20 [booklist] INFO: VALID_ID: 2588371
2023-06-30 16:57:20 [booklist] INFO: VALID_ID: 2588373
2023-06-30 16:57:20 [booklist] INFO: VALID_ID: 2548756
2023-06-30 16:57:20 [booklist] INFO: VALID_ID: 2588379
2023-06-30 16:57:20 [booklist] INFO: VALID_ID: 2559151
2023-06-30 16:57:20 [booklist] INFO: VALID_ID: 1313438
2023-06-30 16:57:20 [booklist] INFO: VALID_ID: 2568111
2023-06-30 16:57:20 [booklist] INFO: VALID_ID: 2568112
2023-06-30 16:57:21 [scrapy.core.engine] DEBUG: Crawled (200) <POST https://dl.ndl.go.jp/api/item/search> (referer: https://dl.ndl.go.jp/api/item/search)
2023-06-30 16:57:21 [booklist] INFO: Fetched page 3
2023-06-30 16:57:22 [booklist] INFO: VALID_ID: 2548756
2023-06-30 16:57:22 [booklist] INFO: VALID_ID: 2588379
2023-06-30 16:57:22 [booklist] INFO: VALID_ID: 2548723
2023-06-30 16:57:22 [booklist] INFO: VALID_ID: 2548738
2023-06-30 16:57:22 [booklist] INFO: VALID_ID: 2558252
2023-06-30 16:57:22 [booklist] INFO: VALID_ID: 2548740
2023-06-30 16:57:22 [booklist] INFO: VALID_ID: 2558254
2023-06-30 16:57:22 [booklist] INFO: VALID_ID: 2548747
2023-06-30 16:57:22 [booklist] INFO: VALID_ID: 10301680
2023-06-30 16:57:22 [booklist] INFO: VALID_ID: 2558239
2023-06-30 16:57:22 [booklist] INFO: VALID_ID: 2579630
2023-06-30 16:57:22 [booklist] INFO: VALID_ID: 1304911
2023-06-30 16:57:22 [booklist] INFO: VALID_ID: 2588354
2023-06-30 16:57:22 [booklist] INFO: VALID_ID: 2548742
2023-06-30 16:57:22 [booklist] INFO: VALID_ID: 2568133
2023-06-30 16:57:22 [booklist] INFO: VALID_ID: 2548766
2023-06-30 16:57:22 [booklist] INFO: VALID_ID: 2548769
2023-06-30 16:57:22 [booklist] INFO: VALID_ID: 2548775
2023-06-30 16:57:22 [booklist] INFO: VALID_ID: 2559151
2023-06-30 16:57:22 [booklist] INFO: VALID_ID: 1313438
2023-06-30 16:57:22 [booklist] INFO: VALID_ID: 2568111
2023-06-30 16:57:22 [booklist] INFO: VALID_ID: 2568112
2023-06-30 16:57:22 [booklist] INFO: VALID_ID: 2579625
2023-06-30 16:57:22 [booklist] INFO: VALID_ID: 2579632
2023-06-30 16:57:22 [booklist] INFO: VALID_ID: 2558246
2023-06-30 16:57:22 [booklist] INFO: VALID_ID: 2548744
2023-06-30 16:57:22 [booklist] INFO: VALID_ID: 2588344
2023-06-30 16:57:22 [booklist] INFO: VALID_ID: 2568122
2023-06-30 16:57:22 [booklist] INFO: VALID_ID: 2558253
2023-06-30 16:57:22 [booklist] INFO: VALID_ID: 2568128
2023-06-30 16:57:22 [booklist] INFO: VALID_ID: 2548778
2023-06-30 16:57:22 [booklist] INFO: VALID_ID: 2568115
2023-06-30 16:57:22 [booklist] INFO: VALID_ID: 2548728
2023-06-30 16:57:22 [booklist] INFO: VALID_ID: 2548761
2023-06-30 16:57:22 [booklist] INFO: VALID_ID: 2588383
2023-06-30 16:57:22 [booklist] INFO: VALID_ID: 2579622
2023-06-30 16:57:22 [booklist] INFO: VALID_ID: 2558238
2023-06-30 16:57:22 [booklist] INFO: VALID_ID: 2558240
2023-06-30 16:57:22 [booklist] INFO: VALID_ID: 2568119
2023-06-30 16:57:22 [booklist] INFO: VALID_ID: 2548745
2023-06-30 16:57:22 [booklist] INFO: VALID_ID: 2548753
2023-06-30 16:57:22 [booklist] INFO: VALID_ID: 2548765
2023-06-30 16:57:22 [booklist] INFO: VALID_ID: 2558244
2023-06-30 16:57:22 [booklist] INFO: VALID_ID: 2588356
2023-06-30 16:57:22 [booklist] INFO: VALID_ID: 2568125
2023-06-30 16:57:22 [booklist] INFO: VALID_ID: 2588360
2023-06-30 16:57:22 [booklist] INFO: VALID_ID: 2548754
2023-06-30 16:57:22 [booklist] INFO: VALID_ID: 2608619
2023-06-30 16:57:22 [booklist] INFO: VALID_ID: 1305993
2023-06-30 16:57:22 [booklist] INFO: VALID_ID: 2588351
2023-06-30 16:57:22 [booklist] INFO: VALID_ID: 2588366
2023-06-30 16:57:22 [booklist] INFO: VALID_ID: 2588382
2023-06-30 16:57:22 [booklist] INFO: VALID_ID: 2558241
2023-06-30 16:57:22 [booklist] INFO: VALID_ID: 2558249
2023-06-30 16:57:22 [booklist] INFO: VALID_ID: 2588367
2023-06-30 16:57:22 [booklist] INFO: VALID_ID: 2588377
2023-06-30 16:57:22 [booklist] INFO: VALID_ID: 2606996
2023-06-30 16:57:22 [booklist] INFO: VALID_ID: 2588342
2023-06-30 16:57:22 [booklist] INFO: VALID_ID: 2558242
2023-06-30 16:57:22 [booklist] INFO: VALID_ID: 2568118
2023-06-30 16:57:22 [booklist] INFO: VALID_ID: 2558247
2023-06-30 16:57:22 [booklist] INFO: VALID_ID: 2579637
2023-06-30 16:57:22 [booklist] INFO: VALID_ID: 2588357
2023-06-30 16:57:22 [booklist] INFO: VALID_ID: 2588380
2023-06-30 16:57:22 [booklist] INFO: VALID_ID: 1304193
2023-06-30 16:57:22 [booklist] INFO: VALID_ID: 2540018
2023-06-30 16:57:22 [booklist] INFO: VALID_ID: 2548731
2023-06-30 16:57:22 [booklist] INFO: VALID_ID: 2548722
2023-06-30 16:57:22 [booklist] INFO: VALID_ID: 2579636
2023-06-30 16:57:22 [booklist] INFO: VALID_ID: 2588358
2023-06-30 16:57:22 [booklist] INFO: VALID_ID: 2568132
2023-06-30 16:57:22 [booklist] INFO: VALID_ID: 2548746
2023-06-30 16:57:22 [booklist] INFO: VALID_ID: 2548750
2023-06-30 16:57:22 [booklist] INFO: VALID_ID: 1304804
2023-06-30 16:57:22 [booklist] INFO: VALID_ID: 2568114
2023-06-30 16:57:22 [booklist] INFO: VALID_ID: 2548726
2023-06-30 16:57:22 [booklist] INFO: VALID_ID: 2548730
2023-06-30 16:57:22 [booklist] INFO: VALID_ID: 2568120
2023-06-30 16:57:22 [booklist] INFO: VALID_ID: 2558248
2023-06-30 16:57:22 [booklist] INFO: VALID_ID: 2579627
2023-06-30 16:57:22 [booklist] INFO: VALID_ID: 1308518
2023-06-30 16:57:22 [booklist] INFO: VALID_ID: 2548751
2023-06-30 16:57:22 [booklist] INFO: VALID_ID: 8929771
2023-06-30 16:57:22 [booklist] INFO: VALID_ID: 2558236
2023-06-30 16:57:22 [booklist] INFO: VALID_ID: 2568131
2023-06-30 16:57:22 [booklist] INFO: VALID_ID: 2588364
2023-06-30 16:57:22 [booklist] INFO: VALID_ID: 2588376
2023-06-30 16:57:22 [booklist] INFO: VALID_ID: 2548771
2023-06-30 16:57:22 [booklist] INFO: VALID_ID: 2588341
2023-06-30 16:57:22 [booklist] INFO: VALID_ID: 2588347
2023-06-30 16:57:22 [booklist] INFO: VALID_ID: 2568136
2023-06-30 16:57:22 [booklist] INFO: VALID_ID: 2548767
2023-06-30 16:57:22 [booklist] INFO: VALID_ID: 2548779
2023-06-30 16:57:22 [booklist] INFO: VALID_ID: 2548770
2023-06-30 16:57:22 [booklist] INFO: VALID_ID: 2548773
2023-06-30 16:57:22 [booklist] INFO: VALID_ID: 1302525
2023-06-30 16:57:22 [booklist] INFO: VALID_ID: 2579624
2023-06-30 16:57:22 [booklist] INFO: VALID_ID: 2558245
2023-06-30 16:57:22 [booklist] INFO: VALID_ID: 2579633
2023-06-30 16:57:22 [booklist] INFO: VALID_ID: 2548741
2023-06-30 16:57:23 [scrapy.core.engine] DEBUG: Crawled (200) <POST https://dl.ndl.go.jp/api/item/search> (referer: https://dl.ndl.go.jp/api/item/search)
2023-06-30 16:57:23 [booklist] INFO: Fetched page 4
2023-06-30 16:57:24 [booklist] INFO: VALID_ID: 2568130
2023-06-30 16:57:24 [booklist] INFO: VALID_ID: 2548752
2023-06-30 16:57:24 [booklist] INFO: VALID_ID: 2548777
2023-06-30 16:57:24 [booklist] INFO: VALID_ID: 2568110
2023-06-30 16:57:24 [booklist] INFO: VALID_ID: 2588343
2023-06-30 16:57:24 [booklist] INFO: VALID_ID: 2548724
2023-06-30 16:57:24 [booklist] INFO: VALID_ID: 2568117
2023-06-30 16:57:24 [booklist] INFO: VALID_ID: 2588353
2023-06-30 16:57:24 [booklist] INFO: VALID_ID: 2548748
2023-06-30 16:57:24 [booklist] INFO: VALID_ID: 2588374
2023-06-30 16:57:24 [booklist] INFO: VALID_ID: 2548755
2023-06-30 16:57:24 [booklist] INFO: VALID_ID: 2548776
2023-06-30 16:57:24 [booklist] INFO: VALID_ID: 11223132
2023-06-30 16:57:24 [booklist] INFO: VALID_ID: 2588345
2023-06-30 16:57:24 [booklist] INFO: VALID_ID: 1306121
2023-06-30 16:57:24 [booklist] INFO: VALID_ID: 2548758
2023-06-30 16:57:24 [booklist] INFO: VALID_ID: 2548759
2023-06-30 16:57:24 [booklist] INFO: VALID_ID: 2548760
2023-06-30 16:57:24 [booklist] INFO: VALID_ID: 2547758
2023-06-30 16:57:24 [booklist] INFO: VALID_ID: 2600631
2023-06-30 16:57:24 [booklist] INFO: VALID_ID: 2600634
2023-06-30 16:57:24 [booklist] INFO: VALID_ID: 1306318
2023-06-30 16:57:24 [booklist] INFO: VALID_ID: 1310428
2023-06-30 16:57:24 [booklist] INFO: VALID_ID: 2610968
2023-06-30 16:57:24 [booklist] INFO: VALID_ID: 2588349
2023-06-30 16:57:24 [booklist] INFO: VALID_ID: 2572024
2023-06-30 16:57:24 [booklist] INFO: VALID_ID: 2600633
2023-06-30 16:57:24 [booklist] INFO: VALID_ID: 2600638
2023-06-30 16:57:24 [booklist] INFO: VALID_ID: 2600641
2023-06-30 16:57:24 [booklist] INFO: VALID_ID: 1305061
2023-06-30 16:57:24 [booklist] INFO: VALID_ID: 2559150
2023-06-30 16:57:24 [booklist] INFO: VALID_ID: 2532331
2023-06-30 16:57:24 [booklist] INFO: VALID_ID: 1310102
2023-06-30 16:57:24 [booklist] INFO: VALID_ID: 2600637
2023-06-30 16:57:24 [booklist] INFO: VALID_ID: 2600639
2023-06-30 16:57:24 [booklist] INFO: VALID_ID: 2600652
2023-06-30 16:57:24 [booklist] INFO: VALID_ID: 1312856
2023-06-30 16:57:24 [booklist] INFO: VALID_ID: 2557129
2023-06-30 16:57:24 [booklist] INFO: VALID_ID: 1306303
2023-06-30 16:57:24 [booklist] INFO: VALID_ID: 2600627
2023-06-30 16:57:24 [booklist] INFO: VALID_ID: 2600640
2023-06-30 16:57:24 [booklist] INFO: VALID_ID: 2540242
2023-06-30 16:57:24 [booklist] INFO: VALID_ID: 1312917
2023-06-30 16:57:24 [booklist] INFO: VALID_ID: 2608665
2023-06-30 16:57:24 [booklist] INFO: VALID_ID: 1309104
2023-06-30 16:57:24 [booklist] INFO: VALID_ID: 2600636
2023-06-30 16:57:24 [booklist] INFO: VALID_ID: 2600651
2023-06-30 16:57:24 [booklist] INFO: VALID_ID: 10301090
2023-06-30 16:57:24 [booklist] INFO: VALID_ID: 2600635
2023-06-30 16:57:24 [booklist] INFO: VALID_ID: 2557132
2023-06-30 16:57:24 [booklist] INFO: VALID_ID: 2572026
2023-06-30 16:57:24 [booklist] INFO: VALID_ID: 2600629
2023-06-30 16:57:24 [booklist] INFO: VALID_ID: 1306321
2023-06-30 16:57:24 [booklist] INFO: VALID_ID: 1303371
2023-06-30 16:57:24 [booklist] INFO: VALID_ID: 2534217
2023-06-30 16:57:24 [booklist] INFO: VALID_ID: 1307352
2023-06-30 16:57:24 [booklist] INFO: VALID_ID: 1304972
2023-06-30 16:57:24 [booklist] INFO: VALID_ID: 1306313
2023-06-30 16:57:24 [booklist] INFO: VALID_ID: 1306317
2023-06-30 16:57:24 [booklist] INFO: VALID_ID: 2600648
2023-06-30 16:57:24 [booklist] INFO: VALID_ID: 2600650
2023-06-30 16:57:24 [booklist] INFO: VALID_ID: 2572025
2023-06-30 16:57:24 [booklist] INFO: VALID_ID: 1306316
2023-06-30 16:57:24 [booklist] INFO: VALID_ID: 2600632
2023-06-30 16:57:24 [booklist] INFO: VALID_ID: 2606207
2023-06-30 16:57:24 [booklist] INFO: VALID_ID: 2600630
2023-06-30 16:57:24 [booklist] INFO: VALID_ID: 1313115
2023-06-30 16:57:24 [booklist] INFO: VALID_ID: 2563669
2023-06-30 16:57:24 [booklist] INFO: VALID_ID: 2587286
2023-06-30 16:57:24 [booklist] INFO: VALID_ID: 2610959
2023-06-30 16:57:24 [booklist] INFO: VALID_ID: 1306301
2023-06-30 16:57:24 [booklist] INFO: VALID_ID: 1313070
2023-06-30 16:57:24 [booklist] INFO: VALID_ID: 2557130
2023-06-30 16:57:24 [booklist] INFO: VALID_ID: 1312855
2023-06-30 16:57:24 [booklist] INFO: VALID_ID: 1306307
2023-06-30 16:57:24 [booklist] INFO: VALID_ID: 2600654
2023-06-30 16:57:24 [booklist] INFO: VALID_ID: 2600646
2023-06-30 16:57:24 [booklist] INFO: VALID_ID: 1312830
2023-06-30 16:57:24 [booklist] INFO: VALID_ID: 1310094
2023-06-30 16:57:24 [booklist] INFO: VALID_ID: 1306315
2023-06-30 16:57:24 [booklist] INFO: VALID_ID: 1313093
2023-06-30 16:57:24 [booklist] INFO: VALID_ID: 1306324
2023-06-30 16:57:24 [booklist] INFO: VALID_ID: 2600645
2023-06-30 16:57:24 [booklist] INFO: VALID_ID: 2600626
2023-06-30 16:57:24 [booklist] INFO: VALID_ID: 2600653
2023-06-30 16:57:24 [booklist] INFO: VALID_ID: 9893141
2023-06-30 16:57:24 [booklist] INFO: VALID_ID: 2600624
2023-06-30 16:57:24 [booklist] INFO: VALID_ID: 1304291
2023-06-30 16:57:24 [booklist] INFO: VALID_ID: 2606142
2023-06-30 16:57:24 [booklist] INFO: VALID_ID: 2600628
2023-06-30 16:57:24 [booklist] INFO: VALID_ID: 2557133
2023-06-30 16:57:24 [booklist] INFO: VALID_ID: 2600642
2023-06-30 16:57:24 [booklist] INFO: VALID_ID: 2600649
2023-06-30 16:57:24 [booklist] INFO: VALID_ID: 2538026
2023-06-30 16:57:24 [booklist] INFO: VALID_ID: 2600625
2023-06-30 16:57:24 [booklist] INFO: VALID_ID: 2600644
2023-06-30 16:57:24 [booklist] INFO: VALID_ID: 2600647
2023-06-30 16:57:24 [booklist] INFO: VALID_ID: 1312858
2023-06-30 16:57:24 [booklist] INFO: VALID_ID: 2539904
2023-06-30 16:57:24 [booklist] INFO: VALID_ID: 1305504
2023-06-30 16:57:24 [scrapy.core.engine] DEBUG: Crawled (200) <POST https://dl.ndl.go.jp/api/item/search> (referer: https://dl.ndl.go.jp/api/item/search)
2023-06-30 16:57:25 [booklist] INFO: Fetched page 5
2023-06-30 16:57:25 [booklist] INFO: VALID_ID: 2600654
2023-06-30 16:57:25 [booklist] INFO: VALID_ID: 1305504
2023-06-30 16:57:25 [booklist] INFO: VALID_ID: 2572022
2023-06-30 16:57:25 [booklist] INFO: VALID_ID: 1306324
2023-06-30 16:57:25 [booklist] INFO: VALID_ID: 2600645
2023-06-30 16:57:25 [booklist] INFO: VALID_ID: 2557131
2023-06-30 16:57:25 [booklist] INFO: VALID_ID: 2600655
2023-06-30 16:57:25 [booklist] INFO: VALID_ID: 1312857
2023-06-30 16:57:25 [booklist] INFO: VALID_ID: 8929400
2023-06-30 16:57:25 [booklist] INFO: VALID_ID: 2567248
2023-06-30 16:57:25 [booklist] INFO: VALID_ID: 2557782
2023-06-30 16:57:25 [booklist] INFO: VALID_ID: 2606559
2023-06-30 16:57:25 [booklist] INFO: VALID_ID: 2608106
2023-06-30 16:57:25 [booklist] INFO: VALID_ID: 1304202
2023-06-30 16:57:25 [booklist] INFO: VALID_ID: 2557781
2023-06-30 16:57:25 [booklist] INFO: VALID_ID: 1305974
2023-06-30 16:57:25 [booklist] INFO: VALID_ID: 1313114
2023-06-30 16:57:25 [booklist] INFO: VALID_ID: 2547298
2023-06-30 16:57:25 [booklist] INFO: VALID_ID: 1307349
2023-06-30 16:57:25 [booklist] INFO: VALID_ID: 2538371
2023-06-30 16:57:25 [booklist] INFO: VALID_ID: 1303817
2023-06-30 16:57:25 [booklist] INFO: VALID_ID: 1306308
2023-06-30 16:57:25 [booklist] INFO: VALID_ID: 1309792
2023-06-30 16:57:25 [booklist] INFO: VALID_ID: 1305503
2023-06-30 16:57:25 [booklist] INFO: VALID_ID: 10301335
2023-06-30 16:57:25 [booklist] INFO: VALID_ID: 1309102
2023-06-30 16:57:25 [booklist] INFO: VALID_ID: 1309103
2023-06-30 16:57:25 [booklist] INFO: VALID_ID: 1309124
2023-06-30 16:57:25 [booklist] INFO: VALID_ID: 1304821
2023-06-30 16:57:25 [booklist] INFO: VALID_ID: 10301730
2023-06-30 16:57:25 [booklist] INFO: VALID_ID: 1308391
2023-06-30 16:57:25 [booklist] INFO: VALID_ID: 1309128
2023-06-30 16:57:25 [booklist] INFO: VALID_ID: 9367526
2023-06-30 16:57:25 [booklist] INFO: VALID_ID: 1309643
2023-06-30 16:57:25 [booklist] INFO: VALID_ID: 2547299
2023-06-30 16:57:25 [booklist] INFO: VALID_ID: 1306319
2023-06-30 16:57:25 [booklist] INFO: VALID_ID: 2608728
2023-06-30 16:57:25 [booklist] INFO: VALID_ID: 2577652
2023-06-30 16:57:25 [booklist] INFO: VALID_ID: 2577689
2023-06-30 16:57:25 [booklist] INFO: VALID_ID: 2538386
2023-06-30 16:57:25 [booklist] INFO: VALID_ID: 1307928
2023-06-30 16:57:25 [booklist] INFO: VALID_ID: 2577647
2023-06-30 16:57:25 [booklist] INFO: VALID_ID: 2577696
2023-06-30 16:57:25 [booklist] INFO: VALID_ID: 10301351
2023-06-30 16:57:25 [booklist] INFO: VALID_ID: 9367518
2023-06-30 16:57:25 [booklist] INFO: VALID_ID: 9367525
2023-06-30 16:57:25 [booklist] INFO: VALID_ID: 1306614
2023-06-30 16:57:25 [booklist] INFO: VALID_ID: 2567246
2023-06-30 16:57:25 [booklist] INFO: VALID_ID: 2567247
2023-06-30 16:57:25 [booklist] INFO: VALID_ID: 2554211
2023-06-30 16:57:25 [booklist] INFO: VALID_ID: 9367522
2023-06-30 16:57:25 [booklist] INFO: VALID_ID: 2605255
2023-06-30 16:57:25 [booklist] INFO: VALID_ID: 2543008
2023-06-30 16:57:25 [booklist] INFO: VALID_ID: 9367523
2023-06-30 16:57:25 [booklist] INFO: VALID_ID: 1308404
2023-06-30 16:57:25 [booklist] INFO: VALID_ID: 9367520
2023-06-30 16:57:25 [booklist] INFO: VALID_ID: 9367519
2023-06-30 16:57:25 [booklist] INFO: VALID_ID: 2540747
2023-06-30 16:57:25 [booklist] INFO: VALID_ID: 2554212
2023-06-30 16:57:25 [booklist] INFO: VALID_ID: 1309632
2023-06-30 16:57:25 [booklist] INFO: VALID_ID: 1306613
2023-06-30 16:57:25 [booklist] INFO: VALID_ID: 2577636
2023-06-30 16:57:25 [booklist] INFO: VALID_ID: 2577687
2023-06-30 16:57:25 [booklist] INFO: VALID_ID: 9893041
2023-06-30 16:57:25 [booklist] INFO: VALID_ID: 9367521
2023-06-30 16:57:25 [booklist] INFO: VALID_ID: 2577670
2023-06-30 16:57:25 [booklist] INFO: VALID_ID: 2577679
2023-06-30 16:57:25 [booklist] INFO: VALID_ID: 2577650
2023-06-30 16:57:25 [booklist] INFO: VALID_ID: 2577667
2023-06-30 16:57:25 [booklist] INFO: VALID_ID: 2537602
2023-06-30 16:57:25 [booklist] INFO: VALID_ID: 1308637
2023-06-30 16:57:25 [booklist] INFO: VALID_ID: 2563729
2023-06-30 16:57:25 [booklist] INFO: VALID_ID: 2577640
2023-06-30 16:57:25 [booklist] INFO: VALID_ID: 2577659
2023-06-30 16:57:25 [booklist] INFO: VALID_ID: 2577694
2023-06-30 16:57:25 [booklist] INFO: VALID_ID: 2577637
2023-06-30 16:57:25 [booklist] INFO: VALID_ID: 2577639
2023-06-30 16:57:25 [booklist] INFO: VALID_ID: 2577671
2023-06-30 16:57:25 [booklist] INFO: VALID_ID: 2577641
2023-06-30 16:57:25 [booklist] INFO: VALID_ID: 2577656
2023-06-30 16:57:25 [booklist] INFO: VALID_ID: 2577676
2023-06-30 16:57:25 [booklist] INFO: VALID_ID: 2577699
2023-06-30 16:57:25 [booklist] INFO: VALID_ID: 2577645
2023-06-30 16:57:25 [booklist] INFO: VALID_ID: 2577691
2023-06-30 16:57:25 [booklist] INFO: VALID_ID: 2577634
2023-06-30 16:57:25 [booklist] INFO: VALID_ID: 2577635
2023-06-30 16:57:25 [booklist] INFO: VALID_ID: 2577646
2023-06-30 16:57:25 [booklist] INFO: VALID_ID: 2577674
2023-06-30 16:57:25 [booklist] INFO: VALID_ID: 2577686
2023-06-30 16:57:25 [booklist] INFO: VALID_ID: 2577680
2023-06-30 16:57:25 [booklist] INFO: VALID_ID: 2577655
2023-06-30 16:57:25 [booklist] INFO: VALID_ID: 2577684
2023-06-30 16:57:25 [booklist] INFO: VALID_ID: 2577700
2023-06-30 16:57:25 [booklist] INFO: VALID_ID: 2577653
2023-06-30 16:57:25 [booklist] INFO: VALID_ID: 2577668
2023-06-30 16:57:25 [booklist] INFO: VALID_ID: 2577678
2023-06-30 16:57:25 [booklist] INFO: VALID_ID: 2577685
2023-06-30 16:57:25 [booklist] INFO: VALID_ID: 2577698
2023-06-30 16:57:25 [booklist] INFO: VALID_ID: 2577677
2023-06-30 16:57:25 [booklist] INFO: VALID_ID: 1310106
2023-06-30 16:57:26 [scrapy.core.engine] DEBUG: Crawled (200) <POST https://dl.ndl.go.jp/api/item/search> (referer: https://dl.ndl.go.jp/api/item/search)
2023-06-30 16:57:26 [booklist] INFO: Fetched page 6
2023-06-30 16:57:27 [booklist] INFO: VALID_ID: 1310106
2023-06-30 16:57:27 [booklist] INFO: VALID_ID: 2577663
2023-06-30 16:57:27 [booklist] INFO: VALID_ID: 2577690
2023-06-30 16:57:27 [booklist] INFO: VALID_ID: 2577693
2023-06-30 16:57:27 [booklist] INFO: VALID_ID: 2577645
2023-06-30 16:57:27 [booklist] INFO: VALID_ID: 2577691
2023-06-30 16:57:27 [booklist] INFO: VALID_ID: 2577655
2023-06-30 16:57:27 [booklist] INFO: VALID_ID: 2577684
2023-06-30 16:57:27 [booklist] INFO: VALID_ID: 2577700
2023-06-30 16:57:27 [booklist] INFO: VALID_ID: 2554212
2023-06-30 16:57:27 [booklist] INFO: VALID_ID: 1309632
2023-06-30 16:57:27 [booklist] INFO: VALID_ID: 1312980
2023-06-30 16:57:27 [booklist] INFO: VALID_ID: 2577649
2023-06-30 16:57:27 [booklist] INFO: VALID_ID: 2577661
2023-06-30 16:57:27 [booklist] INFO: VALID_ID: 2577662
2023-06-30 16:57:27 [booklist] INFO: VALID_ID: 2577682
2023-06-30 16:57:27 [booklist] INFO: VALID_ID: 2577657
2023-06-30 16:57:27 [booklist] INFO: VALID_ID: 2577669
2023-06-30 16:57:27 [booklist] INFO: VALID_ID: 2577673
2023-06-30 16:57:27 [booklist] INFO: VALID_ID: 2577653
2023-06-30 16:57:27 [booklist] INFO: VALID_ID: 2577668
2023-06-30 16:57:27 [booklist] INFO: VALID_ID: 2577678
2023-06-30 16:57:27 [booklist] INFO: VALID_ID: 2577685
2023-06-30 16:57:27 [booklist] INFO: VALID_ID: 2577698
2023-06-30 16:57:27 [booklist] INFO: VALID_ID: 2577683
2023-06-30 16:57:27 [booklist] INFO: VALID_ID: 11891891
2023-06-30 16:57:27 [booklist] INFO: VALID_ID: 9893036
2023-06-30 16:57:27 [booklist] INFO: VALID_ID: 2577701
2023-06-30 16:57:27 [booklist] INFO: VALID_ID: 9893021
2023-06-30 16:57:27 [booklist] INFO: VALID_ID: 9893028
2023-06-30 16:57:27 [booklist] INFO: VALID_ID: 9893044
2023-06-30 16:57:27 [booklist] INFO: VALID_ID: 9893181
2023-06-30 16:57:27 [booklist] INFO: VALID_ID: 10301487
2023-06-30 16:57:27 [booklist] INFO: VALID_ID: 2577654
2023-06-30 16:57:27 [booklist] INFO: VALID_ID: 2577658
2023-06-30 16:57:27 [booklist] INFO: VALID_ID: 2577660
2023-06-30 16:57:27 [booklist] INFO: VALID_ID: 2577675
2023-06-30 16:57:27 [booklist] INFO: VALID_ID: 9893167
2023-06-30 16:57:27 [booklist] INFO: VALID_ID: 1312966
2023-06-30 16:57:27 [booklist] INFO: VALID_ID: 2577695
2023-06-30 16:57:27 [booklist] INFO: VALID_ID: 2577704
2023-06-30 16:57:27 [booklist] INFO: VALID_ID: 9892999
2023-06-30 16:57:27 [booklist] INFO: VALID_ID: 2537602
2023-06-30 16:57:27 [booklist] INFO: VALID_ID: 9893185
2023-06-30 16:57:27 [booklist] INFO: VALID_ID: 1309821
2023-06-30 16:57:27 [booklist] INFO: VALID_ID: 2577632
2023-06-30 16:57:27 [booklist] INFO: VALID_ID: 2577642
2023-06-30 16:57:27 [booklist] INFO: VALID_ID: 2577665
2023-06-30 16:57:27 [booklist] INFO: VALID_ID: 2577672
2023-06-30 16:57:27 [booklist] INFO: VALID_ID: 2577702
2023-06-30 16:57:27 [booklist] INFO: VALID_ID: 1307852
2023-06-30 16:57:27 [booklist] INFO: VALID_ID: 11038794
2023-06-30 16:57:27 [booklist] INFO: VALID_ID: 11038731
2023-06-30 16:57:27 [booklist] INFO: VALID_ID: 1307779
2023-06-30 16:57:27 [booklist] INFO: VALID_ID: 11038765
2023-06-30 16:57:27 [booklist] INFO: VALID_ID: 11038785
2023-06-30 16:57:27 [booklist] INFO: VALID_ID: 2559412
2023-06-30 16:57:27 [booklist] INFO: VALID_ID: 11038726
2023-06-30 16:57:27 [booklist] INFO: VALID_ID: 11038768
2023-06-30 16:57:27 [booklist] INFO: VALID_ID: 8929621
2023-06-30 16:57:27 [booklist] INFO: VALID_ID: 11038727
2023-06-30 16:57:27 [booklist] INFO: VALID_ID: 11038763
2023-06-30 16:57:27 [booklist] INFO: VALID_ID: 11038772
2023-06-30 16:57:27 [booklist] INFO: VALID_ID: 2548005
2023-06-30 16:57:27 [booklist] INFO: VALID_ID: 11038752
2023-06-30 16:57:27 [booklist] INFO: VALID_ID: 11038778
2023-06-30 16:57:27 [booklist] INFO: VALID_ID: 11038792
2023-06-30 16:57:27 [booklist] INFO: VALID_ID: 11038774
2023-06-30 16:57:27 [booklist] INFO: VALID_ID: 11038800
2023-06-30 16:57:27 [booklist] INFO: VALID_ID: 11038722
2023-06-30 16:57:27 [booklist] INFO: VALID_ID: 11038732
2023-06-30 16:57:27 [booklist] INFO: VALID_ID: 1308282
2023-06-30 16:57:27 [booklist] INFO: VALID_ID: 11038766
2023-06-30 16:57:27 [booklist] INFO: VALID_ID: 11038790
2023-06-30 16:57:27 [booklist] INFO: VALID_ID: 11038757
2023-06-30 16:57:27 [booklist] INFO: VALID_ID: 11038761
2023-06-30 16:57:27 [booklist] INFO: VALID_ID: 1309786
2023-06-30 16:57:27 [booklist] INFO: VALID_ID: 11038799
2023-06-30 16:57:27 [booklist] INFO: VALID_ID: 11038723
2023-06-30 16:57:27 [booklist] INFO: VALID_ID: 1304310
2023-06-30 16:57:27 [booklist] INFO: VALID_ID: 11038737
2023-06-30 16:57:27 [booklist] INFO: VALID_ID: 2559411
2023-06-30 16:57:27 [booklist] INFO: VALID_ID: 1304165
2023-06-30 16:57:27 [booklist] INFO: VALID_ID: 1312969
2023-06-30 16:57:27 [booklist] INFO: VALID_ID: 1306628
2023-06-30 16:57:27 [booklist] INFO: VALID_ID: 1309806
2023-06-30 16:57:27 [booklist] INFO: VALID_ID: 11038764
2023-06-30 16:57:27 [booklist] INFO: VALID_ID: 11038780
2023-06-30 16:57:27 [booklist] INFO: VALID_ID: 11038782
2023-06-30 16:57:27 [booklist] INFO: VALID_ID: 2577644
2023-06-30 16:57:27 [booklist] INFO: VALID_ID: 2577664
2023-06-30 16:57:27 [booklist] INFO: VALID_ID: 2577688
2023-06-30 16:57:27 [booklist] INFO: VALID_ID: 2577697
2023-06-30 16:57:27 [booklist] INFO: VALID_ID: 2607622
2023-06-30 16:57:27 [booklist] INFO: VALID_ID: 2559414
2023-06-30 16:57:27 [booklist] INFO: VALID_ID: 11038728
2023-06-30 16:57:27 [booklist] INFO: VALID_ID: 11038749
2023-06-30 16:57:27 [booklist] INFO: VALID_ID: 11038783
2023-06-30 16:57:27 [booklist] INFO: VALID_ID: 11038793
2023-06-30 16:57:27 [booklist] INFO: VALID_ID: 9893018
2023-06-30 16:57:28 [scrapy.core.engine] DEBUG: Crawled (200) <POST https://dl.ndl.go.jp/api/item/search> (referer: https://dl.ndl.go.jp/api/item/search)
2023-06-30 16:57:28 [booklist] INFO: Fetched page 7
2023-06-30 16:57:29 [booklist] INFO: VALID_ID: 11038783
2023-06-30 16:57:29 [booklist] INFO: VALID_ID: 11038793
2023-06-30 16:57:29 [booklist] INFO: VALID_ID: 9893699
2023-06-30 16:57:29 [booklist] INFO: VALID_ID: 2548006
2023-06-30 16:57:29 [booklist] INFO: VALID_ID: 11038747
2023-06-30 16:57:29 [booklist] INFO: VALID_ID: 11038750
2023-06-30 16:57:29 [booklist] INFO: VALID_ID: 11038770
2023-06-30 16:57:29 [booklist] INFO: VALID_ID: 11038797
2023-06-30 16:57:29 [booklist] INFO: VALID_ID: 9893700
2023-06-30 16:57:29 [booklist] INFO: VALID_ID: 11038762
2023-06-30 16:57:29 [booklist] INFO: VALID_ID: 11038784
2023-06-30 16:57:29 [booklist] INFO: VALID_ID: 11038773
2023-06-30 16:57:29 [booklist] INFO: VALID_ID: 2555864
2023-06-30 16:57:29 [booklist] INFO: VALID_ID: 11038724
2023-06-30 16:57:29 [booklist] INFO: VALID_ID: 11038739
2023-06-30 16:57:29 [booklist] INFO: VALID_ID: 11038769
2023-06-30 16:57:29 [booklist] INFO: VALID_ID: 11038787
2023-06-30 16:57:29 [booklist] INFO: VALID_ID: 9893189
2023-06-30 16:57:29 [booklist] INFO: VALID_ID: 11038734
2023-06-30 16:57:29 [booklist] INFO: VALID_ID: 11038735
2023-06-30 16:57:29 [booklist] INFO: VALID_ID: 11038760
2023-06-30 16:57:29 [booklist] INFO: VALID_ID: 9893166
2023-06-30 16:57:29 [booklist] INFO: VALID_ID: 11038725
2023-06-30 16:57:29 [booklist] INFO: VALID_ID: 11038730
2023-06-30 16:57:29 [booklist] INFO: VALID_ID: 11038743
2023-06-30 16:57:29 [booklist] INFO: VALID_ID: 11038756
2023-06-30 16:57:29 [booklist] INFO: VALID_ID: 11038771
2023-06-30 16:57:29 [booklist] INFO: VALID_ID: 11038757
2023-06-30 16:57:29 [booklist] INFO: VALID_ID: 11038761
2023-06-30 16:57:29 [booklist] INFO: VALID_ID: 1309786
2023-06-30 16:57:29 [booklist] INFO: VALID_ID: 11038799
2023-06-30 16:57:29 [booklist] INFO: VALID_ID: 2559415
2023-06-30 16:57:29 [booklist] INFO: VALID_ID: 8929621
2023-06-30 16:57:29 [booklist] INFO: VALID_ID: 11038727
2023-06-30 16:57:29 [booklist] INFO: VALID_ID: 11038763
2023-06-30 16:57:29 [booklist] INFO: VALID_ID: 11038772
2023-06-30 16:57:29 [booklist] INFO: VALID_ID: 11038746
2023-06-30 16:57:29 [booklist] INFO: VALID_ID: 11038776
2023-06-30 16:57:29 [booklist] INFO: VALID_ID: 1313111
2023-06-30 16:57:29 [booklist] INFO: VALID_ID: 11038731
2023-06-30 16:57:29 [booklist] INFO: VALID_ID: 1307779
2023-06-30 16:57:29 [booklist] INFO: VALID_ID: 11038765
2023-06-30 16:57:29 [booklist] INFO: VALID_ID: 11038785
2023-06-30 16:57:29 [booklist] INFO: VALID_ID: 9893003
2023-06-30 16:57:29 [booklist] INFO: VALID_ID: 2559413
2023-06-30 16:57:29 [booklist] INFO: VALID_ID: 11038740
2023-06-30 16:57:29 [booklist] INFO: VALID_ID: 11038755
2023-06-30 16:57:29 [booklist] INFO: VALID_ID: 11038781
2023-06-30 16:57:29 [booklist] INFO: VALID_ID: 9893329
2023-06-30 16:57:29 [booklist] INFO: VALID_ID: 11038738
2023-06-30 16:57:29 [booklist] INFO: VALID_ID: 11038753
2023-06-30 16:57:29 [booklist] INFO: VALID_ID: 11038754
2023-06-30 16:57:29 [booklist] INFO: VALID_ID: 11038751
2023-06-30 16:57:29 [booklist] INFO: VALID_ID: 11038791
2023-06-30 16:57:29 [booklist] INFO: VALID_ID: 1286948
2023-06-30 16:57:29 [booklist] INFO: VALID_ID: 11038733
2023-06-30 16:57:29 [booklist] INFO: VALID_ID: 11038745
2023-06-30 16:57:29 [booklist] INFO: VALID_ID: 11038759
2023-06-30 16:57:29 [booklist] INFO: VALID_ID: 8929644
2023-06-30 16:57:29 [booklist] INFO: VALID_ID: 9893859
2023-06-30 16:57:29 [booklist] INFO: VALID_ID: 2555865
2023-06-30 16:57:29 [booklist] INFO: VALID_ID: 11038741
2023-06-30 16:57:29 [booklist] INFO: VALID_ID: 11038786
2023-06-30 16:57:29 [booklist] INFO: VALID_ID: 11038921
2023-06-30 16:57:29 [booklist] INFO: VALID_ID: 11038742
2023-06-30 16:57:29 [booklist] INFO: VALID_ID: 2535843
2023-06-30 16:57:29 [booklist] INFO: VALID_ID: 11038748
2023-06-30 16:57:29 [booklist] INFO: VALID_ID: 11038789
2023-06-30 16:57:29 [booklist] INFO: VALID_ID: 11038796
2023-06-30 16:57:29 [booklist] INFO: VALID_ID: 11038798
2023-06-30 16:57:29 [booklist] INFO: VALID_ID: 2552117
2023-06-30 16:57:29 [booklist] INFO: VALID_ID: 2552115
2023-06-30 16:57:29 [booklist] INFO: VALID_ID: 2534100
2023-06-30 16:57:29 [booklist] INFO: VALID_ID: 1302583
2023-06-30 16:57:29 [booklist] INFO: VALID_ID: 2552126
2023-06-30 16:57:29 [booklist] INFO: VALID_ID: 2552134
2023-06-30 16:57:29 [booklist] INFO: VALID_ID: 2552120
2023-06-30 16:57:29 [booklist] INFO: VALID_ID: 2552124
2023-06-30 16:57:29 [booklist] INFO: VALID_ID: 2552132
2023-06-30 16:57:29 [booklist] INFO: VALID_ID: 1303298
2023-06-30 16:57:29 [booklist] INFO: VALID_ID: 2605975
2023-06-30 16:57:29 [booklist] INFO: VALID_ID: 1311213
2023-06-30 16:57:29 [booklist] INFO: VALID_ID: 2552114
2023-06-30 16:57:29 [booklist] INFO: VALID_ID: 2577648
2023-06-30 16:57:29 [booklist] INFO: VALID_ID: 2577692
2023-06-30 16:57:29 [booklist] INFO: VALID_ID: 2577703
2023-06-30 16:57:29 [booklist] INFO: VALID_ID: 2552125
2023-06-30 16:57:29 [booklist] INFO: VALID_ID: 2552128
2023-06-30 16:57:29 [booklist] INFO: VALID_ID: 9892643
2023-06-30 16:57:29 [booklist] INFO: VALID_ID: 9893002
2023-06-30 16:57:29 [booklist] INFO: VALID_ID: 2552129
2023-06-30 16:57:29 [booklist] INFO: VALID_ID: 2552131
2023-06-30 16:57:29 [booklist] INFO: VALID_ID: 2552133
2023-06-30 16:57:29 [booklist] INFO: VALID_ID: 2552123
2023-06-30 16:57:29 [booklist] INFO: VALID_ID: 2552116
2023-06-30 16:57:29 [booklist] INFO: VALID_ID: 2552127
2023-06-30 16:57:29 [booklist] INFO: VALID_ID: 2552130
2023-06-30 16:57:29 [booklist] INFO: VALID_ID: 2552135
2023-06-30 16:57:29 [booklist] INFO: VALID_ID: 2552119
2023-06-30 16:57:29 [booklist] INFO: VALID_ID: 2552121
2023-06-30 16:57:30 [scrapy.core.engine] DEBUG: Crawled (200) <POST https://dl.ndl.go.jp/api/item/search> (referer: https://dl.ndl.go.jp/api/item/search)
2023-06-30 16:57:30 [booklist] INFO: Fetched page 8
2023-06-30 16:57:30 [booklist] INFO: VALID_ID: 2605975
2023-06-30 16:57:30 [booklist] INFO: VALID_ID: 1311213
2023-06-30 16:57:30 [booklist] INFO: VALID_ID: 9893870
2023-06-30 16:57:30 [booklist] INFO: VALID_ID: 1309626
2023-06-30 16:57:30 [booklist] INFO: VALID_ID: 2552122
2023-06-30 16:57:30 [booklist] INFO: VALID_ID: 1308363
2023-06-30 16:57:30 [booklist] INFO: VALID_ID: 1308365
2023-06-30 16:57:30 [booklist] INFO: VALID_ID: 9893022
2023-06-30 16:57:30 [booklist] INFO: VALID_ID: 2552118
2023-06-30 16:57:30 [booklist] INFO: VALID_ID: 1312328
2023-06-30 16:57:30 [booklist] INFO: VALID_ID: 2542206
2023-06-30 16:57:30 [booklist] INFO: VALID_ID: 2551230
2023-06-30 16:57:30 [booklist] INFO: VALID_ID: 9893233
2023-06-30 16:57:30 [booklist] INFO: VALID_ID: 1311015
2023-06-30 16:57:30 [booklist] INFO: VALID_ID: 1308361
2023-06-30 16:57:30 [booklist] INFO: VALID_ID: 2551229
2023-06-30 16:57:30 [booklist] INFO: VALID_ID: 1307133
2023-06-30 16:57:30 [booklist] INFO: VALID_ID: 2606051
2023-06-30 16:57:30 [booklist] INFO: VALID_ID: 2552119
2023-06-30 16:57:30 [booklist] INFO: VALID_ID: 1307154
2023-06-30 16:57:30 [booklist] INFO: VALID_ID: 2551228
2023-06-30 16:57:30 [booklist] INFO: VALID_ID: 2551231
2023-06-30 16:57:30 [booklist] INFO: VALID_ID: 1304671
2023-06-30 16:57:30 [booklist] INFO: VALID_ID: 1313102
2023-06-30 16:57:30 [booklist] INFO: VALID_ID: 1301322
2023-06-30 16:57:30 [booklist] INFO: VALID_ID: 1304180
2023-06-30 16:57:30 [booklist] INFO: VALID_ID: 2569496
2023-06-30 16:57:30 [booklist] INFO: VALID_ID: 2569493
2023-06-30 16:57:30 [booklist] INFO: VALID_ID: 1313008
2023-06-30 16:57:30 [booklist] INFO: VALID_ID: 1303888
2023-06-30 16:57:30 [booklist] INFO: VALID_ID: 2569494
2023-06-30 16:57:30 [booklist] INFO: VALID_ID: 1311259
2023-06-30 16:57:30 [booklist] INFO: VALID_ID: 2569497
2023-06-30 16:57:30 [booklist] INFO: VALID_ID: 2533198
2023-06-30 16:57:30 [booklist] INFO: VALID_ID: 1308981
2023-06-30 16:57:30 [booklist] INFO: VALID_ID: 1310976
2023-06-30 16:57:30 [booklist] INFO: VALID_ID: 1308333
2023-06-30 16:57:30 [booklist] INFO: VALID_ID: 2608521
2023-06-30 16:57:30 [booklist] INFO: VALID_ID: 1304675
2023-06-30 16:57:30 [booklist] INFO: VALID_ID: 2547671
2023-06-30 16:57:30 [booklist] INFO: VALID_ID: 9893208
2023-06-30 16:57:30 [booklist] INFO: VALID_ID: 1307923
2023-06-30 16:57:30 [booklist] INFO: VALID_ID: 1310932
2023-06-30 16:57:30 [booklist] INFO: VALID_ID: 2575047
2023-06-30 16:57:30 [booklist] INFO: VALID_ID: 1286530
2023-06-30 16:57:30 [booklist] INFO: VALID_ID: 2575046
2023-06-30 16:57:30 [booklist] INFO: VALID_ID: 2576240
2023-06-30 16:57:30 [booklist] INFO: VALID_ID: 1286582
2023-06-30 16:57:30 [booklist] INFO: VALID_ID: 1313212
2023-06-30 16:57:30 [booklist] INFO: VALID_ID: 2542988
2023-06-30 16:57:30 [booklist] INFO: VALID_ID: 9892911
2023-06-30 16:57:30 [booklist] INFO: VALID_ID: 1303884
2023-06-30 16:57:30 [booklist] INFO: VALID_ID: 1286599
2023-06-30 16:57:30 [booklist] INFO: VALID_ID: 1307110
2023-06-30 16:57:30 [booklist] INFO: VALID_ID: 1304677
2023-06-30 16:57:30 [booklist] INFO: VALID_ID: 1303860
2023-06-30 16:57:30 [booklist] INFO: VALID_ID: 1312968
2023-06-30 16:57:30 [booklist] INFO: VALID_ID: 8929391
2023-06-30 16:57:30 [booklist] INFO: VALID_ID: 2605331
2023-06-30 16:57:30 [booklist] INFO: VALID_ID: 2532432
2023-06-30 16:57:30 [booklist] INFO: VALID_ID: 1286598
2023-06-30 16:57:30 [booklist] INFO: VALID_ID: 1286580
2023-06-30 16:57:30 [booklist] INFO: VALID_ID: 2593306
2023-06-30 16:57:30 [booklist] INFO: VALID_ID: 1309649
2023-06-30 16:57:30 [booklist] INFO: VALID_ID: 1305240
2023-06-30 16:57:30 [booklist] INFO: VALID_ID: 1308245
2023-06-30 16:57:30 [booklist] INFO: VALID_ID: 1286583
2023-06-30 16:57:30 [booklist] INFO: VALID_ID: 2532547
2023-06-30 16:57:30 [booklist] INFO: VALID_ID: 2542079
2023-06-30 16:57:30 [booklist] INFO: VALID_ID: 2576257
2023-06-30 16:57:30 [booklist] INFO: VALID_ID: 1308349
2023-06-30 16:57:30 [booklist] INFO: VALID_ID: 1303859
2023-06-30 16:57:30 [booklist] INFO: VALID_ID: 2585395
2023-06-30 16:57:30 [booklist] INFO: VALID_ID: 1303882
2023-06-30 16:57:30 [booklist] INFO: VALID_ID: 2592080
2023-06-30 16:57:30 [booklist] INFO: VALID_ID: 1286421
2023-06-30 16:57:30 [booklist] INFO: VALID_ID: 1286596
2023-06-30 16:57:30 [booklist] INFO: VALID_ID: 1302612
2023-06-30 16:57:30 [booklist] INFO: VALID_ID: 2608247
2023-06-30 16:57:30 [booklist] INFO: VALID_ID: 2588403
2023-06-30 16:57:30 [booklist] INFO: VALID_ID: 2563765
2023-06-30 16:57:30 [booklist] INFO: VALID_ID: 2558918
2023-06-30 16:57:30 [booklist] INFO: VALID_ID: 2548828
2023-06-30 16:57:30 [booklist] INFO: VALID_ID: 10301348
2023-06-30 16:57:30 [booklist] INFO: VALID_ID: 1286488
2023-06-30 16:57:30 [booklist] INFO: VALID_ID: 1286584
2023-06-30 16:57:30 [booklist] INFO: VALID_ID: 2554178
2023-06-30 16:57:30 [booklist] INFO: VALID_ID: 2563764
2023-06-30 16:57:30 [booklist] INFO: VALID_ID: 2554180
2023-06-30 16:57:30 [booklist] INFO: VALID_ID: 2563763
2023-06-30 16:57:30 [booklist] INFO: VALID_ID: 2554177
2023-06-30 16:57:30 [booklist] INFO: VALID_ID: 2606890
2023-06-30 16:57:30 [booklist] INFO: VALID_ID: 2554179
2023-06-30 16:57:30 [booklist] INFO: VALID_ID: 11299478
2023-06-30 16:57:30 [booklist] INFO: VALID_ID: 2571526
2023-06-30 16:57:30 [booklist] INFO: VALID_ID: 11038888
2023-06-30 16:57:30 [booklist] INFO: VALID_ID: 2588404
2023-06-30 16:57:30 [booklist] INFO: VALID_ID: 1286570
2023-06-30 16:57:30 [booklist] INFO: VALID_ID: 1286483
2023-06-30 16:57:30 [booklist] INFO: VALID_ID: 1286595
2023-06-30 16:57:31 [scrapy.core.engine] DEBUG: Crawled (200) <POST https://dl.ndl.go.jp/api/item/search> (referer: https://dl.ndl.go.jp/api/item/search)
2023-06-30 16:57:31 [booklist] INFO: Fetched page 9
2023-06-30 16:57:32 [booklist] INFO: VALID_ID: 1286595
2023-06-30 16:57:32 [booklist] INFO: VALID_ID: 1301334
2023-06-30 16:57:32 [booklist] INFO: VALID_ID: 2533295
2023-06-30 16:57:32 [booklist] INFO: VALID_ID: 2576244
2023-06-30 16:57:32 [booklist] INFO: VALID_ID: 1286482
2023-06-30 16:57:32 [booklist] INFO: VALID_ID: 1286529
2023-06-30 16:57:32 [booklist] INFO: VALID_ID: 1311266
2023-06-30 16:57:32 [booklist] INFO: VALID_ID: 2597318
2023-06-30 16:57:32 [booklist] INFO: VALID_ID: 2558916
2023-06-30 16:57:32 [booklist] INFO: VALID_ID: 2558917
2023-06-30 16:57:32 [booklist] INFO: VALID_ID: 2585480
2023-06-30 16:57:32 [booklist] INFO: VALID_ID: 11038887
2023-06-30 16:57:32 [booklist] INFO: VALID_ID: 11038902
2023-06-30 16:57:32 [booklist] INFO: VALID_ID: 1286531
2023-06-30 16:57:32 [booklist] INFO: VALID_ID: 2605148
2023-06-30 16:57:32 [booklist] INFO: VALID_ID: 11038874
2023-06-30 16:57:32 [booklist] INFO: VALID_ID: 11038880
2023-06-30 16:57:32 [booklist] INFO: VALID_ID: 11038894
2023-06-30 16:57:32 [booklist] INFO: VALID_ID: 1286577
2023-06-30 16:57:32 [booklist] INFO: VALID_ID: 1307792
2023-06-30 16:57:32 [booklist] INFO: VALID_ID: 11038901
2023-06-30 16:57:32 [booklist] INFO: VALID_ID: 1286465
2023-06-30 16:57:32 [booklist] INFO: VALID_ID: 11038891
2023-06-30 16:57:32 [booklist] INFO: VALID_ID: 11038913
2023-06-30 16:57:32 [booklist] INFO: VALID_ID: 11038878
2023-06-30 16:57:32 [booklist] INFO: VALID_ID: 11038896
2023-06-30 16:57:32 [booklist] INFO: VALID_ID: 11038904
2023-06-30 16:57:32 [booklist] INFO: VALID_ID: 2547671
2023-06-30 16:57:32 [booklist] INFO: VALID_ID: 2580176
2023-06-30 16:57:32 [booklist] INFO: VALID_ID: 11038877
2023-06-30 16:57:32 [booklist] INFO: VALID_ID: 10303562
2023-06-30 16:57:32 [booklist] INFO: VALID_ID: 11038892
2023-06-30 16:57:32 [booklist] INFO: VALID_ID: 11038910
2023-06-30 16:57:32 [booklist] INFO: VALID_ID: 11038915
2023-06-30 16:57:32 [booklist] INFO: VALID_ID: 2592953
2023-06-30 16:57:32 [booklist] INFO: VALID_ID: 11038912
2023-06-30 16:57:32 [booklist] INFO: VALID_ID: 11038875
2023-06-30 16:57:32 [booklist] INFO: VALID_ID: 11038876
2023-06-30 16:57:32 [booklist] INFO: VALID_ID: 11038884
2023-06-30 16:57:32 [booklist] INFO: VALID_ID: 11038914
2023-06-30 16:57:32 [booklist] INFO: VALID_ID: 1286464
2023-06-30 16:57:32 [booklist] INFO: VALID_ID: 10301396
2023-06-30 16:57:32 [booklist] INFO: VALID_ID: 11038911
2023-06-30 16:57:32 [booklist] INFO: VALID_ID: 11038909
2023-06-30 16:57:32 [booklist] INFO: VALID_ID: 2585679
2023-06-30 16:57:32 [booklist] INFO: VALID_ID: 2551964
2023-06-30 16:57:32 [booklist] INFO: VALID_ID: 1286487
2023-06-30 16:57:32 [booklist] INFO: VALID_ID: 2576498
2023-06-30 16:57:32 [booklist] INFO: VALID_ID: 2576504
2023-06-30 16:57:32 [booklist] INFO: VALID_ID: 2576508
2023-06-30 16:57:32 [booklist] INFO: VALID_ID: 2586486
2023-06-30 16:57:32 [booklist] INFO: VALID_ID: 2576507
2023-06-30 16:57:32 [booklist] INFO: VALID_ID: 1286484
2023-06-30 16:57:32 [booklist] INFO: VALID_ID: 1286594
2023-06-30 16:57:32 [booklist] INFO: VALID_ID: 11038908
2023-06-30 16:57:32 [booklist] INFO: VALID_ID: 2592087
2023-06-30 16:57:32 [booklist] INFO: VALID_ID: 1286571
2023-06-30 16:57:32 [booklist] INFO: VALID_ID: 2576506
2023-06-30 16:57:32 [booklist] INFO: VALID_ID: 2576492
2023-06-30 16:57:32 [booklist] INFO: VALID_ID: 2576503
2023-06-30 16:57:32 [booklist] INFO: VALID_ID: 2576509
2023-06-30 16:57:32 [booklist] INFO: VALID_ID: 2576490
2023-06-30 16:57:32 [booklist] INFO: VALID_ID: 2576514
2023-06-30 16:57:32 [booklist] INFO: VALID_ID: 10303561
2023-06-30 16:57:32 [booklist] INFO: VALID_ID: 2576495
2023-06-30 16:57:32 [booklist] INFO: VALID_ID: 2576502
2023-06-30 16:57:32 [booklist] INFO: VALID_ID: 11038890
2023-06-30 16:57:32 [booklist] INFO: VALID_ID: 1286486
2023-06-30 16:57:32 [booklist] INFO: VALID_ID: 2576491
2023-06-30 16:57:32 [booklist] INFO: VALID_ID: 11038889
2023-06-30 16:57:32 [booklist] INFO: VALID_ID: 11038905
2023-06-30 16:57:32 [booklist] INFO: VALID_ID: 11038882
2023-06-30 16:57:32 [booklist] INFO: VALID_ID: 11038919
2023-06-30 16:57:32 [booklist] INFO: VALID_ID: 2576494
2023-06-30 16:57:32 [booklist] INFO: VALID_ID: 8929498
2023-06-30 16:57:32 [booklist] INFO: VALID_ID: 11038886
2023-06-30 16:57:32 [booklist] INFO: VALID_ID: 11038893
2023-06-30 16:57:32 [booklist] INFO: VALID_ID: 11038895
2023-06-30 16:57:32 [booklist] INFO: VALID_ID: 2576496
2023-06-30 16:57:32 [booklist] INFO: VALID_ID: 2576497
2023-06-30 16:57:32 [booklist] INFO: VALID_ID: 2576501
2023-06-30 16:57:32 [booklist] INFO: VALID_ID: 11038885
2023-06-30 16:57:32 [booklist] INFO: VALID_ID: 11038899
2023-06-30 16:57:32 [booklist] INFO: VALID_ID: 2610512
2023-06-30 16:57:32 [booklist] INFO: VALID_ID: 11038906
2023-06-30 16:57:32 [booklist] INFO: VALID_ID: 2551957
2023-06-30 16:57:32 [booklist] INFO: VALID_ID: 2592549
2023-06-30 16:57:32 [booklist] INFO: VALID_ID: 2576500
2023-06-30 16:57:32 [booklist] INFO: VALID_ID: 2576505
2023-06-30 16:57:32 [booklist] INFO: VALID_ID: 2576513
2023-06-30 16:57:32 [booklist] INFO: VALID_ID: 2576510
2023-06-30 16:57:32 [booklist] INFO: VALID_ID: 2576499
2023-06-30 16:57:32 [booklist] INFO: VALID_ID: 2576493
2023-06-30 16:57:32 [booklist] INFO: VALID_ID: 11038907
2023-06-30 16:57:32 [booklist] INFO: VALID_ID: 2576512
2023-06-30 16:57:32 [booklist] INFO: VALID_ID: 1286578
2023-06-30 16:57:32 [booklist] INFO: VALID_ID: 1286585
2023-06-30 16:57:32 [booklist] INFO: VALID_ID: 10301763
2023-06-30 16:57:32 [booklist] INFO: VALID_ID: 2610511
2023-06-30 16:57:32 [booklist] INFO: VALID_ID: 11038898
2023-06-30 16:57:33 [scrapy.core.engine] DEBUG: Crawled (200) <POST https://dl.ndl.go.jp/api/item/search> (referer: https://dl.ndl.go.jp/api/item/search)
2023-06-30 16:57:33 [booklist] INFO: Fetched page 10
2023-06-30 16:57:33 [booklist] INFO: VALID_ID: 1286585
2023-06-30 16:57:33 [booklist] INFO: VALID_ID: 1286587
2023-06-30 16:57:33 [booklist] INFO: VALID_ID: 9369183
2023-06-30 16:57:33 [booklist] INFO: VALID_ID: 2547263
2023-06-30 16:57:33 [booklist] INFO: VALID_ID: 2540551
2023-06-30 16:57:33 [booklist] INFO: VALID_ID: 11038888
2023-06-30 16:57:33 [booklist] INFO: VALID_ID: 2576244
2023-06-30 16:57:33 [booklist] INFO: VALID_ID: 2592918
2023-06-30 16:57:33 [booklist] INFO: VALID_ID: 2551959
2023-06-30 16:57:33 [booklist] INFO: VALID_ID: 2585679
2023-06-30 16:57:33 [booklist] INFO: VALID_ID: 1286597
2023-06-30 16:57:33 [booklist] INFO: VALID_ID: 2548821
2023-06-30 16:57:33 [booklist] INFO: VALID_ID: 1305060
2023-06-30 16:57:33 [booklist] INFO: VALID_ID: 2593570
2023-06-30 16:57:33 [booklist] INFO: VALID_ID: 1311934
2023-06-30 16:57:33 [booklist] INFO: VALID_ID: 9892786
2023-06-30 16:57:33 [booklist] INFO: VALID_ID: 2551960
2023-06-30 16:57:33 [booklist] INFO: VALID_ID: 2609697
2023-06-30 16:57:33 [booklist] INFO: VALID_ID: 2551943
2023-06-30 16:57:33 [booklist] INFO: VALID_ID: 2585490
2023-06-30 16:57:33 [booklist] INFO: VALID_ID: 2597317
2023-06-30 16:57:33 [booklist] INFO: VALID_ID: 10303560
2023-06-30 16:57:33 [booklist] INFO: VALID_ID: 2568877
2023-06-30 16:57:33 [booklist] INFO: VALID_ID: 2585467
2023-06-30 16:57:33 [booklist] INFO: VALID_ID: 2551408
2023-06-30 16:57:33 [booklist] INFO: VALID_ID: 2551410
2023-06-30 16:57:33 [booklist] INFO: VALID_ID: 2551422
2023-06-30 16:57:33 [booklist] INFO: VALID_ID: 2551428
2023-06-30 16:57:33 [booklist] INFO: VALID_ID: 2559224
2023-06-30 16:57:33 [booklist] INFO: VALID_ID: 2571523
2023-06-30 16:57:33 [booklist] INFO: VALID_ID: 2551400
2023-06-30 16:57:33 [booklist] INFO: VALID_ID: 2551961
2023-06-30 16:57:33 [booklist] INFO: VALID_ID: 2605775
2023-06-30 16:57:33 [booklist] INFO: VALID_ID: 2551411
2023-06-30 16:57:33 [booklist] INFO: VALID_ID: 2551413
2023-06-30 16:57:33 [booklist] INFO: VALID_ID: 2551963
2023-06-30 16:57:33 [booklist] INFO: VALID_ID: 2551403
2023-06-30 16:57:33 [booklist] INFO: VALID_ID: 2551416
2023-06-30 16:57:33 [booklist] INFO: VALID_ID: 2585160
2023-06-30 16:57:33 [booklist] INFO: VALID_ID: 2585174
2023-06-30 16:57:33 [booklist] INFO: VALID_ID: 2551401
2023-06-30 16:57:33 [booklist] INFO: VALID_ID: 2542249
2023-06-30 16:57:33 [booklist] INFO: VALID_ID: 2551405
2023-06-30 16:57:33 [booklist] INFO: VALID_ID: 2551398
2023-06-30 16:57:33 [booklist] INFO: VALID_ID: 2610857
2023-06-30 16:57:33 [booklist] INFO: VALID_ID: 2609616
2023-06-30 16:57:33 [booklist] INFO: VALID_ID: 2551417
2023-06-30 16:57:33 [booklist] INFO: VALID_ID: 2551430
2023-06-30 16:57:33 [booklist] INFO: VALID_ID: 2551942
2023-06-30 16:57:33 [booklist] INFO: VALID_ID: 2551429
2023-06-30 16:57:33 [booklist] INFO: VALID_ID: 2551407
2023-06-30 16:57:33 [booklist] INFO: VALID_ID: 2551435
2023-06-30 16:57:33 [booklist] INFO: VALID_ID: 2551421
2023-06-30 16:57:33 [booklist] INFO: VALID_ID: 2551436
2023-06-30 16:57:33 [booklist] INFO: VALID_ID: 2551399
2023-06-30 16:57:33 [booklist] INFO: VALID_ID: 2551409
2023-06-30 16:57:33 [booklist] INFO: VALID_ID: 2551402
2023-06-30 16:57:33 [booklist] INFO: VALID_ID: 2551419
2023-06-30 16:57:33 [booklist] INFO: VALID_ID: 2551423
2023-06-30 16:57:33 [booklist] INFO: VALID_ID: 2551414
2023-06-30 16:57:33 [booklist] INFO: VALID_ID: 2551420
2023-06-30 16:57:33 [booklist] INFO: VALID_ID: 2551426
2023-06-30 16:57:33 [booklist] INFO: VALID_ID: 2551432
2023-06-30 16:57:33 [booklist] INFO: VALID_ID: 2551406
2023-06-30 16:57:33 [booklist] INFO: VALID_ID: 2571524
2023-06-30 16:57:33 [booklist] INFO: VALID_ID: 2551412
2023-06-30 16:57:33 [booklist] INFO: VALID_ID: 2551434
2023-06-30 16:57:33 [booklist] INFO: VALID_ID: 2551425
2023-06-30 16:57:33 [booklist] INFO: VALID_ID: 2551404
2023-06-30 16:57:33 [booklist] INFO: VALID_ID: 2551431
2023-06-30 16:57:33 [booklist] INFO: VALID_ID: 2609124
2023-06-30 16:57:33 [booklist] INFO: VALID_ID: 2551424
2023-06-30 16:57:33 [booklist] INFO: VALID_ID: 2551415
2023-06-30 16:57:33 [booklist] INFO: VALID_ID: 10301181
2023-06-30 16:57:33 [booklist] INFO: VALID_ID: 2551418
2023-06-30 16:57:33 [booklist] INFO: VALID_ID: 2551427
2023-06-30 16:57:33 [booklist] INFO: VALID_ID: 2551397
2023-06-30 16:57:33 [booklist] INFO: VALID_ID: 2585498
2023-06-30 16:57:33 [booklist] INFO: VALID_ID: 2551433
2023-06-30 16:57:33 [booklist] INFO: VALID_ID: 2585167
2023-06-30 16:57:33 [booklist] INFO: VALID_ID: 2593560
2023-06-30 16:57:33 [booklist] INFO: VALID_ID: 2585642
2023-06-30 16:57:33 [booklist] INFO: VALID_ID: 2593567
2023-06-30 16:57:33 [booklist] INFO: VALID_ID: 2547670
2023-06-30 16:57:33 [booklist] INFO: VALID_ID: 2540598
2023-06-30 16:57:33 [booklist] INFO: VALID_ID: 2607908
2023-06-30 16:57:33 [booklist] INFO: VALID_ID: 2585398
2023-06-30 16:57:33 [booklist] INFO: VALID_ID: 1286618
2023-06-30 16:57:33 [booklist] INFO: VALID_ID: 2585257
2023-06-30 16:57:33 [booklist] INFO: VALID_ID: 2571525
2023-06-30 16:57:33 [booklist] INFO: VALID_ID: 2547669
2023-06-30 16:57:33 [booklist] INFO: VALID_ID: 2585660
2023-06-30 16:57:33 [booklist] INFO: VALID_ID: 2609618
2023-06-30 16:57:33 [booklist] INFO: VALID_ID: 1286617
2023-06-30 16:57:33 [booklist] INFO: VALID_ID: 2553310
2023-06-30 16:57:33 [booklist] INFO: VALID_ID: 10301749
2023-06-30 16:57:33 [booklist] INFO: VALID_ID: 2551956
2023-06-30 16:57:33 [booklist] INFO: VALID_ID: 2606544
2023-06-30 16:57:33 [booklist] INFO: VALID_ID: 2585653
2023-06-30 16:57:33 [booklist] INFO: VALID_ID: 2585608
2023-06-30 16:57:34 [scrapy.core.engine] DEBUG: Crawled (200) <POST https://dl.ndl.go.jp/api/item/search> (referer: https://dl.ndl.go.jp/api/item/search)
2023-06-30 16:57:34 [booklist] INFO: Fetched page 11
2023-06-30 16:57:35 [booklist] INFO: VALID_ID: 2585535
2023-06-30 16:57:35 [booklist] INFO: VALID_ID: 2542080
2023-06-30 16:57:35 [booklist] INFO: VALID_ID: 1286617
2023-06-30 16:57:35 [booklist] INFO: VALID_ID: 2551757
2023-06-30 16:57:35 [booklist] INFO: VALID_ID: 2606182
2023-06-30 16:57:35 [booklist] INFO: VALID_ID: 10301687
2023-06-30 16:57:35 [booklist] INFO: VALID_ID: 1286620
2023-06-30 16:57:35 [booklist] INFO: VALID_ID: 1306206
2023-06-30 16:57:35 [booklist] INFO: VALID_ID: 10301739
2023-06-30 16:57:35 [booklist] INFO: VALID_ID: 2553327
2023-06-30 16:57:35 [booklist] INFO: VALID_ID: 10301459
2023-06-30 16:57:35 [booklist] INFO: VALID_ID: 2585198
2023-06-30 16:57:35 [booklist] INFO: VALID_ID: 2539792
2023-06-30 16:57:35 [booklist] INFO: VALID_ID: 1305542
2023-06-30 16:57:35 [booklist] INFO: VALID_ID: 1287714
2023-06-30 16:57:35 [booklist] INFO: VALID_ID: 2585333
2023-06-30 16:57:35 [booklist] INFO: VALID_ID: 1287697
2023-06-30 16:57:35 [booklist] INFO: VALID_ID: 1287686
2023-06-30 16:57:35 [booklist] INFO: VALID_ID: 1287716
2023-06-30 16:57:35 [booklist] INFO: VALID_ID: 1287695
2023-06-30 16:57:35 [booklist] INFO: VALID_ID: 1287682
2023-06-30 16:57:35 [booklist] INFO: VALID_ID: 1307325
2023-06-30 16:57:35 [booklist] INFO: VALID_ID: 2581525
2023-06-30 16:57:35 [booklist] INFO: VALID_ID: 1287684
2023-06-30 16:57:35 [booklist] INFO: VALID_ID: 1287703
2023-06-30 16:57:35 [booklist] INFO: VALID_ID: 1287717
2023-06-30 16:57:35 [booklist] INFO: VALID_ID: 2592878
2023-06-30 16:57:35 [booklist] INFO: VALID_ID: 1288334
2023-06-30 16:57:35 [booklist] INFO: VALID_ID: 1287711
2023-06-30 16:57:35 [booklist] INFO: VALID_ID: 1287693
2023-06-30 16:57:35 [booklist] INFO: VALID_ID: 1287701
2023-06-30 16:57:35 [booklist] INFO: VALID_ID: 1287687
2023-06-30 16:57:35 [booklist] INFO: VALID_ID: 1287709
2023-06-30 16:57:35 [booklist] INFO: VALID_ID: 1287694
2023-06-30 16:57:35 [booklist] INFO: VALID_ID: 1287704
2023-06-30 16:57:35 [booklist] INFO: VALID_ID: 2607299
2023-06-30 16:57:35 [booklist] INFO: VALID_ID: 1287692
2023-06-30 16:57:35 [booklist] INFO: VALID_ID: 1287719
2023-06-30 16:57:35 [booklist] INFO: VALID_ID: 1286622
2023-06-30 16:57:35 [booklist] INFO: VALID_ID: 2548719
2023-06-30 16:57:35 [booklist] INFO: VALID_ID: 2585638
2023-06-30 16:57:35 [booklist] INFO: VALID_ID: 1305543
2023-06-30 16:57:35 [booklist] INFO: VALID_ID: 1287648
2023-06-30 16:57:35 [booklist] INFO: VALID_ID: 10300957
2023-06-30 16:57:35 [booklist] INFO: VALID_ID: 2547995
2023-06-30 16:57:35 [booklist] INFO: VALID_ID: 2609629
2023-06-30 16:57:35 [booklist] INFO: VALID_ID: 2585385
2023-06-30 16:57:35 [booklist] INFO: VALID_ID: 2541717
2023-06-30 16:57:35 [booklist] INFO: VALID_ID: 2596599
2023-06-30 16:57:35 [booklist] INFO: VALID_ID: 2559159
2023-06-30 16:57:35 [booklist] INFO: VALID_ID: 2608772
2023-06-30 16:57:35 [booklist] INFO: VALID_ID: 2596508
2023-06-30 16:57:35 [booklist] INFO: VALID_ID: 2596517
2023-06-30 16:57:35 [booklist] INFO: VALID_ID: 2596536
2023-06-30 16:57:35 [booklist] INFO: VALID_ID: 2596545
2023-06-30 16:57:35 [booklist] INFO: VALID_ID: 2596554
2023-06-30 16:57:35 [booklist] INFO: VALID_ID: 2559148
2023-06-30 16:57:35 [booklist] INFO: VALID_ID: 2596500
2023-06-30 16:57:35 [booklist] INFO: VALID_ID: 2596535
2023-06-30 16:57:35 [booklist] INFO: VALID_ID: 2596540
2023-06-30 16:57:35 [booklist] INFO: VALID_ID: 2596544
2023-06-30 16:57:35 [booklist] INFO: VALID_ID: 2596556
2023-06-30 16:57:35 [booklist] INFO: VALID_ID: 2596582
2023-06-30 16:57:35 [booklist] INFO: VALID_ID: 2596502
2023-06-30 16:57:35 [booklist] INFO: VALID_ID: 2596510
2023-06-30 16:57:35 [booklist] INFO: VALID_ID: 2596520
2023-06-30 16:57:35 [booklist] INFO: VALID_ID: 2559158
2023-06-30 16:57:35 [booklist] INFO: VALID_ID: 2559154
2023-06-30 16:57:35 [booklist] INFO: VALID_ID: 2559146
2023-06-30 16:57:35 [booklist] INFO: VALID_ID: 2559162
2023-06-30 16:57:35 [booklist] INFO: VALID_ID: 2559153
2023-06-30 16:57:35 [booklist] INFO: VALID_ID: 2596504
2023-06-30 16:57:35 [booklist] INFO: VALID_ID: 2596571
2023-06-30 16:57:35 [booklist] INFO: VALID_ID: 2596584
2023-06-30 16:57:35 [booklist] INFO: VALID_ID: 2596591
2023-06-30 16:57:35 [booklist] INFO: VALID_ID: 2596570
2023-06-30 16:57:35 [booklist] INFO: VALID_ID: 2596583
2023-06-30 16:57:35 [booklist] INFO: VALID_ID: 2596586
2023-06-30 16:57:35 [booklist] INFO: VALID_ID: 2559147
2023-06-30 16:57:35 [booklist] INFO: VALID_ID: 2596553
2023-06-30 16:57:35 [booklist] INFO: VALID_ID: 2596578
2023-06-30 16:57:35 [booklist] INFO: VALID_ID: 2608022
2023-06-30 16:57:35 [booklist] INFO: VALID_ID: 2596503
2023-06-30 16:57:35 [booklist] INFO: VALID_ID: 2596506
2023-06-30 16:57:35 [booklist] INFO: VALID_ID: 2596509
2023-06-30 16:57:35 [booklist] INFO: VALID_ID: 2596515
2023-06-30 16:57:35 [booklist] INFO: VALID_ID: 2596522
2023-06-30 16:57:35 [booklist] INFO: VALID_ID: 2596555
2023-06-30 16:57:35 [booklist] INFO: VALID_ID: 2596558
2023-06-30 16:57:35 [booklist] INFO: VALID_ID: 2596569
2023-06-30 16:57:35 [booklist] INFO: VALID_ID: 2596526
2023-06-30 16:57:35 [booklist] INFO: VALID_ID: 2596530
2023-06-30 16:57:35 [booklist] INFO: VALID_ID: 2596565
2023-06-30 16:57:35 [booklist] INFO: VALID_ID: 2596598
2023-06-30 16:57:35 [booklist] INFO: VALID_ID: 2596541
2023-06-30 16:57:35 [booklist] INFO: VALID_ID: 2596596
2023-06-30 16:57:35 [booklist] INFO: VALID_ID: 2596512
2023-06-30 16:57:35 [booklist] INFO: VALID_ID: 2596587
2023-06-30 16:57:35 [booklist] INFO: VALID_ID: 2596588
2023-06-30 16:57:35 [booklist] INFO: VALID_ID: 2596590
2023-06-30 16:57:36 [scrapy.core.engine] DEBUG: Crawled (200) <POST https://dl.ndl.go.jp/api/item/search> (referer: https://dl.ndl.go.jp/api/item/search)
2023-06-30 16:57:36 [booklist] INFO: Fetched page 12
2023-06-30 16:57:36 [booklist] INFO: VALID_ID: 2596594
2023-06-30 16:57:36 [booklist] INFO: VALID_ID: 2596526
2023-06-30 16:57:36 [booklist] INFO: VALID_ID: 2596530
2023-06-30 16:57:36 [booklist] INFO: VALID_ID: 2596565
2023-06-30 16:57:36 [booklist] INFO: VALID_ID: 2596598
2023-06-30 16:57:36 [booklist] INFO: VALID_ID: 2559154
2023-06-30 16:57:36 [booklist] INFO: VALID_ID: 2596524
2023-06-30 16:57:36 [booklist] INFO: VALID_ID: 2596562
2023-06-30 16:57:36 [booklist] INFO: VALID_ID: 2596572
2023-06-30 16:57:36 [booklist] INFO: VALID_ID: 2596579
2023-06-30 16:57:36 [booklist] INFO: VALID_ID: 2596575
2023-06-30 16:57:36 [booklist] INFO: VALID_ID: 2596513
2023-06-30 16:57:36 [booklist] INFO: VALID_ID: 2596527
2023-06-30 16:57:36 [booklist] INFO: VALID_ID: 2596538
2023-06-30 16:57:36 [booklist] INFO: VALID_ID: 2596516
2023-06-30 16:57:36 [booklist] INFO: VALID_ID: 2596537
2023-06-30 16:57:36 [booklist] INFO: VALID_ID: 2596542
2023-06-30 16:57:36 [booklist] INFO: VALID_ID: 2596568
2023-06-30 16:57:36 [booklist] INFO: VALID_ID: 2596573
2023-06-30 16:57:36 [booklist] INFO: VALID_ID: 1286654
2023-06-30 16:57:36 [booklist] INFO: VALID_ID: 2596566
2023-06-30 16:57:36 [booklist] INFO: VALID_ID: 2596503
2023-06-30 16:57:36 [booklist] INFO: VALID_ID: 2596506
2023-06-30 16:57:36 [booklist] INFO: VALID_ID: 2596509
2023-06-30 16:57:36 [booklist] INFO: VALID_ID: 2596515
2023-06-30 16:57:36 [booklist] INFO: VALID_ID: 2596522
2023-06-30 16:57:36 [booklist] INFO: VALID_ID: 2596555
2023-06-30 16:57:36 [booklist] INFO: VALID_ID: 2596558
2023-06-30 16:57:36 [booklist] INFO: VALID_ID: 2596569
2023-06-30 16:57:36 [booklist] INFO: VALID_ID: 2596504
2023-06-30 16:57:36 [booklist] INFO: VALID_ID: 2596571
2023-06-30 16:57:36 [booklist] INFO: VALID_ID: 2596502
2023-06-30 16:57:36 [booklist] INFO: VALID_ID: 2596510
2023-06-30 16:57:36 [booklist] INFO: VALID_ID: 2596520
2023-06-30 16:57:36 [booklist] INFO: VALID_ID: 2596505
2023-06-30 16:57:36 [booklist] INFO: VALID_ID: 2596529
2023-06-30 16:57:36 [booklist] INFO: VALID_ID: 2596560
2023-06-30 16:57:36 [booklist] INFO: VALID_ID: 2596543
2023-06-30 16:57:36 [booklist] INFO: VALID_ID: 2596551
2023-06-30 16:57:36 [booklist] INFO: VALID_ID: 2596561
2023-06-30 16:57:36 [booklist] INFO: VALID_ID: 2596528
2023-06-30 16:57:36 [booklist] INFO: VALID_ID: 2596552
2023-06-30 16:57:36 [booklist] INFO: VALID_ID: 2596519
2023-06-30 16:57:36 [booklist] INFO: VALID_ID: 2596531
2023-06-30 16:57:36 [booklist] INFO: VALID_ID: 2596546
2023-06-30 16:57:36 [booklist] INFO: VALID_ID: 2596550
2023-06-30 16:57:36 [booklist] INFO: VALID_ID: 2596592
2023-06-30 16:57:36 [booklist] INFO: VALID_ID: 2596595
2023-06-30 16:57:36 [booklist] INFO: VALID_ID: 2596511
2023-06-30 16:57:36 [booklist] INFO: VALID_ID: 2596534
2023-06-30 16:57:36 [booklist] INFO: VALID_ID: 2596539
2023-06-30 16:57:36 [booklist] INFO: VALID_ID: 2596518
2023-06-30 16:57:36 [booklist] INFO: VALID_ID: 2596597
2023-06-30 16:57:36 [booklist] INFO: VALID_ID: 2609931
2023-06-30 16:57:36 [booklist] INFO: VALID_ID: 2596533
2023-06-30 16:57:36 [booklist] INFO: VALID_ID: 2596557
2023-06-30 16:57:36 [booklist] INFO: VALID_ID: 2596585
2023-06-30 16:57:36 [booklist] INFO: VALID_ID: 2596541
2023-06-30 16:57:36 [booklist] INFO: VALID_ID: 2596596
2023-06-30 16:57:36 [booklist] INFO: VALID_ID: 2596525
2023-06-30 16:57:36 [booklist] INFO: VALID_ID: 2596559
2023-06-30 16:57:36 [booklist] INFO: VALID_ID: 2596577
2023-06-30 16:57:36 [booklist] INFO: VALID_ID: 2559149
2023-06-30 16:57:36 [booklist] INFO: VALID_ID: 2559152
2023-06-30 16:57:36 [booklist] INFO: VALID_ID: 2559161
2023-06-30 16:57:36 [booklist] INFO: VALID_ID: 2541716
2023-06-30 16:57:36 [booklist] INFO: VALID_ID: 11892781
2023-06-30 16:57:36 [booklist] INFO: VALID_ID: 10301542
2023-06-30 16:57:36 [booklist] INFO: VALID_ID: 1286623
2023-06-30 16:57:36 [booklist] INFO: VALID_ID: 2605528
2023-06-30 16:57:36 [booklist] INFO: VALID_ID: 2549229
2023-06-30 16:57:36 [booklist] INFO: VALID_ID: 1310339
2023-06-30 16:57:36 [booklist] INFO: VALID_ID: 1288529
2023-06-30 16:57:36 [booklist] INFO: VALID_ID: 2548817
2023-06-30 16:57:36 [booklist] INFO: VALID_ID: 2550132
2023-06-30 16:57:36 [booklist] INFO: VALID_ID: 2611107
2023-06-30 16:57:36 [booklist] INFO: VALID_ID: 9892408
2023-06-30 16:57:36 [booklist] INFO: VALID_ID: 10301657
2023-06-30 16:57:36 [booklist] INFO: VALID_ID: 1305540
2023-06-30 16:57:36 [booklist] INFO: VALID_ID: 10301207
2023-06-30 16:57:36 [booklist] INFO: VALID_ID: 2549141
2023-06-30 16:57:36 [booklist] INFO: VALID_ID: 2572473
2023-06-30 16:57:36 [booklist] INFO: VALID_ID: 10301750
2023-06-30 16:57:36 [booklist] INFO: VALID_ID: 2572528
2023-06-30 16:57:36 [booklist] INFO: VALID_ID: 2548356
2023-06-30 16:57:36 [booklist] INFO: VALID_ID: 2572478
2023-06-30 16:57:36 [booklist] INFO: VALID_ID: 10301296
2023-06-30 16:57:36 [booklist] INFO: VALID_ID: 2572479
2023-06-30 16:57:36 [booklist] INFO: VALID_ID: 10301232
2023-06-30 16:57:36 [booklist] INFO: VALID_ID: 2610692
2023-06-30 16:57:36 [booklist] INFO: VALID_ID: 10301340
2023-06-30 16:57:36 [booklist] INFO: VALID_ID: 2549033
2023-06-30 16:57:36 [booklist] INFO: VALID_ID: 11446390
2023-06-30 16:57:36 [booklist] INFO: VALID_ID: 2585305
2023-06-30 16:57:36 [booklist] INFO: VALID_ID: 10301602
2023-06-30 16:57:36 [booklist] INFO: VALID_ID: 2551759
2023-06-30 16:57:36 [booklist] INFO: VALID_ID: 2572475
2023-06-30 16:57:36 [booklist] INFO: VALID_ID: 11446480
2023-06-30 16:57:36 [booklist] INFO: VALID_ID: 2549077
2023-06-30 16:57:36 [booklist] INFO: VALID_ID: 2549153
2023-06-30 16:57:37 [scrapy.core.engine] DEBUG: Crawled (200) <POST https://dl.ndl.go.jp/api/item/search> (referer: https://dl.ndl.go.jp/api/item/search)
2023-06-30 16:57:38 [booklist] INFO: Fetched page 13
2023-06-30 16:57:38 [booklist] INFO: VALID_ID: 2549140
2023-06-30 16:57:38 [booklist] INFO: VALID_ID: 2572475
2023-06-30 16:57:38 [booklist] INFO: VALID_ID: 2549075
2023-06-30 16:57:38 [booklist] INFO: VALID_ID: 2549076
2023-06-30 16:57:38 [booklist] INFO: VALID_ID: 2608598
2023-06-30 16:57:38 [booklist] INFO: VALID_ID: 2572499
2023-06-30 16:57:38 [booklist] INFO: VALID_ID: 2572502
2023-06-30 16:57:38 [booklist] INFO: VALID_ID: 2572477
2023-06-30 16:57:38 [booklist] INFO: VALID_ID: 2572500
2023-06-30 16:57:38 [booklist] INFO: VALID_ID: 2549157
2023-06-30 16:57:38 [booklist] INFO: VALID_ID: 2572501
2023-06-30 16:57:38 [booklist] INFO: VALID_ID: 10301767
2023-06-30 16:57:38 [booklist] INFO: VALID_ID: 2549051
2023-06-30 16:57:38 [booklist] INFO: VALID_ID: 2549048
2023-06-30 16:57:38 [booklist] INFO: VALID_ID: 2549052
2023-06-30 16:57:38 [booklist] INFO: VALID_ID: 2549079
2023-06-30 16:57:38 [booklist] INFO: VALID_ID: 2549050
2023-06-30 16:57:38 [booklist] INFO: VALID_ID: 2572606
2023-06-30 16:57:38 [booklist] INFO: VALID_ID: 2549049
2023-06-30 16:57:38 [booklist] INFO: VALID_ID: 2549053
2023-06-30 16:57:38 [booklist] INFO: VALID_ID: 2549064
2023-06-30 16:57:38 [booklist] INFO: VALID_ID: 2549078
2023-06-30 16:57:38 [booklist] INFO: VALID_ID: 2549152
2023-06-30 16:57:38 [booklist] INFO: VALID_ID: 2572476
2023-06-30 16:57:38 [booklist] INFO: VALID_ID: 2572482
2023-06-30 16:57:38 [booklist] INFO: VALID_ID: 2549074
2023-06-30 16:57:38 [booklist] INFO: VALID_ID: 2549101
2023-06-30 16:57:38 [booklist] INFO: VALID_ID: 2549102
2023-06-30 16:57:38 [booklist] INFO: VALID_ID: 2572493
2023-06-30 16:57:38 [booklist] INFO: VALID_ID: 2549156
2023-06-30 16:57:38 [booklist] INFO: VALID_ID: 2549045
2023-06-30 16:57:38 [booklist] INFO: VALID_ID: 2549095
2023-06-30 16:57:38 [booklist] INFO: VALID_ID: 2549154
2023-06-30 16:57:38 [booklist] INFO: VALID_ID: 2572492
2023-06-30 16:57:38 [booklist] INFO: VALID_ID: 2549155
2023-06-30 16:57:38 [booklist] INFO: VALID_ID: 2549128
2023-06-30 16:57:38 [booklist] INFO: VALID_ID: 2549046
2023-06-30 16:57:38 [booklist] INFO: VALID_ID: 2549047
2023-06-30 16:57:38 [booklist] INFO: VALID_ID: 2549103
2023-06-30 16:57:38 [booklist] INFO: VALID_ID: 2549094
2023-06-30 16:57:38 [booklist] INFO: VALID_ID: 2549104
2023-06-30 16:57:38 [booklist] INFO: VALID_ID: 2572480
2023-06-30 16:57:38 [booklist] INFO: VALID_ID: 2572481
2023-06-30 16:57:38 [booklist] INFO: VALID_ID: 2572483
2023-06-30 16:57:38 [booklist] INFO: VALID_ID: 2549158
2023-06-30 16:57:38 [booklist] INFO: VALID_ID: 2549138
2023-06-30 16:57:38 [booklist] INFO: VALID_ID: 2572485
2023-06-30 16:57:38 [booklist] INFO: VALID_ID: 2549093
2023-06-30 16:57:38 [booklist] INFO: VALID_ID: 2572649
2023-06-30 16:57:38 [booklist] INFO: VALID_ID: 2572487
2023-06-30 16:57:38 [booklist] INFO: VALID_ID: 2572698
2023-06-30 16:57:38 [booklist] INFO: VALID_ID: 2549082
2023-06-30 16:57:38 [booklist] INFO: VALID_ID: 2608004
2023-06-30 16:57:38 [booklist] INFO: VALID_ID: 2572461
2023-06-30 16:57:38 [booklist] INFO: VALID_ID: 2549068
2023-06-30 16:57:38 [booklist] INFO: VALID_ID: 2549096
2023-06-30 16:57:38 [booklist] INFO: VALID_ID: 10954754
2023-06-30 16:57:38 [booklist] INFO: VALID_ID: 2549043
2023-06-30 16:57:38 [booklist] INFO: VALID_ID: 2572506
2023-06-30 16:57:38 [booklist] INFO: VALID_ID: 2549088
2023-06-30 16:57:38 [booklist] INFO: VALID_ID: 2572462
2023-06-30 16:57:38 [booklist] INFO: VALID_ID: 2572505
2023-06-30 16:57:38 [booklist] INFO: VALID_ID: 2549083
2023-06-30 16:57:38 [booklist] INFO: VALID_ID: 2549084
2023-06-30 16:57:38 [booklist] INFO: VALID_ID: 2572700
2023-06-30 16:57:38 [booklist] INFO: VALID_ID: 2572488
2023-06-30 16:57:38 [booklist] INFO: VALID_ID: 2549086
2023-06-30 16:57:38 [booklist] INFO: VALID_ID: 2572699
2023-06-30 16:57:38 [booklist] INFO: VALID_ID: 10301149
2023-06-30 16:57:38 [booklist] INFO: VALID_ID: 2549118
2023-06-30 16:57:38 [booklist] INFO: VALID_ID: 2549044
2023-06-30 16:57:38 [booklist] INFO: VALID_ID: 2572507
2023-06-30 16:57:38 [booklist] INFO: VALID_ID: 2549127
2023-06-30 16:57:38 [booklist] INFO: VALID_ID: 2572489
2023-06-30 16:57:38 [booklist] INFO: VALID_ID: 2572490
2023-06-30 16:57:38 [booklist] INFO: VALID_ID: 2549139
2023-06-30 16:57:38 [booklist] INFO: VALID_ID: 2549089
2023-06-30 16:57:38 [booklist] INFO: VALID_ID: 2572491
2023-06-30 16:57:38 [booklist] INFO: VALID_ID: 2572660
2023-06-30 16:57:38 [booklist] INFO: VALID_ID: 2549121
2023-06-30 16:57:38 [booklist] INFO: VALID_ID: 2549040
2023-06-30 16:57:38 [booklist] INFO: VALID_ID: 2572548
2023-06-30 16:57:38 [booklist] INFO: VALID_ID: 2572486
2023-06-30 16:57:38 [booklist] INFO: VALID_ID: 2576238
2023-06-30 16:57:38 [booklist] INFO: VALID_ID: 2576236
2023-06-30 16:57:38 [booklist] INFO: VALID_ID: 2572612
2023-06-30 16:57:38 [booklist] INFO: VALID_ID: 2572694
2023-06-30 16:57:38 [booklist] INFO: VALID_ID: 2549085
2023-06-30 16:57:38 [booklist] INFO: VALID_ID: 2549099
2023-06-30 16:57:38 [booklist] INFO: VALID_ID: 2572555
2023-06-30 16:57:38 [booklist] INFO: VALID_ID: 2572693
2023-06-30 16:57:38 [booklist] INFO: VALID_ID: 2572484
2023-06-30 16:57:38 [booklist] INFO: VALID_ID: 2572546
2023-06-30 16:57:38 [booklist] INFO: VALID_ID: 2572651
2023-06-30 16:57:38 [booklist] INFO: VALID_ID: 2572496
2023-06-30 16:57:38 [booklist] INFO: VALID_ID: 2549092
2023-06-30 16:57:38 [booklist] INFO: VALID_ID: 2549117
2023-06-30 16:57:38 [booklist] INFO: VALID_ID: 2549067
2023-06-30 16:57:38 [booklist] INFO: VALID_ID: 2576234
2023-06-30 16:57:38 [booklist] INFO: VALID_ID: 2576237
2023-06-30 16:57:40 [scrapy.core.engine] DEBUG: Crawled (200) <POST https://dl.ndl.go.jp/api/item/search> (referer: https://dl.ndl.go.jp/api/item/search)
2023-06-30 16:57:40 [booklist] INFO: Fetched page 14
2023-06-30 16:57:40 [booklist] INFO: VALID_ID: 2576237
2023-06-30 16:57:40 [booklist] INFO: VALID_ID: 2549069
2023-06-30 16:57:40 [booklist] INFO: VALID_ID: 2549132
2023-06-30 16:57:40 [booklist] INFO: VALID_ID: 2549058
2023-06-30 16:57:40 [booklist] INFO: VALID_ID: 2549062
2023-06-30 16:57:40 [booklist] INFO: VALID_ID: 2549126
2023-06-30 16:57:40 [booklist] INFO: VALID_ID: 2549134
2023-06-30 16:57:40 [booklist] INFO: VALID_ID: 2549142
2023-06-30 16:57:40 [booklist] INFO: VALID_ID: 2572656
2023-06-30 16:57:40 [booklist] INFO: VALID_ID: 2549038
2023-06-30 16:57:40 [booklist] INFO: VALID_ID: 2549039
2023-06-30 16:57:40 [booklist] INFO: VALID_ID: 2572695
2023-06-30 16:57:40 [booklist] INFO: VALID_ID: 2572494
2023-06-30 16:57:40 [booklist] INFO: VALID_ID: 2572666
2023-06-30 16:57:40 [booklist] INFO: VALID_ID: 2549091
2023-06-30 16:57:40 [booklist] INFO: VALID_ID: 2576239
2023-06-30 16:57:40 [booklist] INFO: VALID_ID: 2549116
2023-06-30 16:57:40 [booklist] INFO: VALID_ID: 2549133
2023-06-30 16:57:40 [booklist] INFO: VALID_ID: 2576242
2023-06-30 16:57:40 [booklist] INFO: VALID_ID: 2576243
2023-06-30 16:57:40 [booklist] INFO: VALID_ID: 2572556
2023-06-30 16:57:40 [booklist] INFO: VALID_ID: 2572557
2023-06-30 16:57:40 [booklist] INFO: VALID_ID: 2572611
2023-06-30 16:57:40 [booklist] INFO: VALID_ID: 2549063
2023-06-30 16:57:40 [booklist] INFO: VALID_ID: 2576235
2023-06-30 16:57:40 [booklist] INFO: VALID_ID: 2576245
2023-06-30 16:57:40 [booklist] INFO: VALID_ID: 2587417
2023-06-30 16:57:40 [booklist] INFO: VALID_ID: 2549122
2023-06-30 16:57:40 [booklist] INFO: VALID_ID: 2549131
2023-06-30 16:57:40 [booklist] INFO: VALID_ID: 2549072
2023-06-30 16:57:40 [booklist] INFO: VALID_ID: 2572549
2023-06-30 16:57:40 [booklist] INFO: VALID_ID: 2549090
2023-06-30 16:57:40 [booklist] INFO: VALID_ID: 2549130
2023-06-30 16:57:40 [booklist] INFO: VALID_ID: 2549159
2023-06-30 16:57:40 [booklist] INFO: VALID_ID: 2572609
2023-06-30 16:57:40 [booklist] INFO: VALID_ID: 2572613
2023-06-30 16:57:40 [booklist] INFO: VALID_ID: 2549027
2023-06-30 16:57:40 [booklist] INFO: VALID_ID: 2572559
2023-06-30 16:57:40 [booklist] INFO: VALID_ID: 2572661
2023-06-30 16:57:40 [booklist] INFO: VALID_ID: 2576264
2023-06-30 16:57:40 [booklist] INFO: VALID_ID: 2576255
2023-06-30 16:57:40 [booklist] INFO: VALID_ID: 2572653
2023-06-30 16:57:40 [booklist] INFO: VALID_ID: 2549123
2023-06-30 16:57:40 [booklist] INFO: VALID_ID: 2549070
2023-06-30 16:57:40 [booklist] INFO: VALID_ID: 2572547
2023-06-30 16:57:40 [booklist] INFO: VALID_ID: 2572568
2023-06-30 16:57:40 [booklist] INFO: VALID_ID: 2572532
2023-06-30 16:57:40 [booklist] INFO: VALID_ID: 2549119
2023-06-30 16:57:40 [booklist] INFO: VALID_ID: 2572671
2023-06-30 16:57:40 [booklist] INFO: VALID_ID: 2576248
2023-06-30 16:57:40 [booklist] INFO: VALID_ID: 2576258
2023-06-30 16:57:40 [booklist] INFO: VALID_ID: 2572654
2023-06-30 16:57:40 [booklist] INFO: VALID_ID: 2572495
2023-06-30 16:57:40 [booklist] INFO: VALID_ID: 2572537
2023-06-30 16:57:40 [booklist] INFO: VALID_ID: 2572554
2023-06-30 16:57:40 [booklist] INFO: VALID_ID: 2576262
2023-06-30 16:57:40 [booklist] INFO: VALID_ID: 2576260
2023-06-30 16:57:40 [booklist] INFO: VALID_ID: 2572610
2023-06-30 16:57:40 [booklist] INFO: VALID_ID: 2549100
2023-06-30 16:57:40 [booklist] INFO: VALID_ID: 2572558
2023-06-30 16:57:40 [booklist] INFO: VALID_ID: 2576263
2023-06-30 16:57:40 [booklist] INFO: VALID_ID: 2576241
2023-06-30 16:57:40 [booklist] INFO: VALID_ID: 2576253
2023-06-30 16:57:40 [booklist] INFO: VALID_ID: 2576254
2023-06-30 16:57:40 [booklist] INFO: VALID_ID: 2549080
2023-06-30 16:57:40 [booklist] INFO: VALID_ID: 2572540
2023-06-30 16:57:40 [booklist] INFO: VALID_ID: 2549150
2023-06-30 16:57:40 [booklist] INFO: VALID_ID: 2572655
2023-06-30 16:57:40 [booklist] INFO: VALID_ID: 2549071
2023-06-30 16:57:40 [booklist] INFO: VALID_ID: 2549065
2023-06-30 16:57:40 [booklist] INFO: VALID_ID: 2572552
2023-06-30 16:57:40 [booklist] INFO: VALID_ID: 2572553
2023-06-30 16:57:40 [booklist] INFO: VALID_ID: 2549115
2023-06-30 16:57:40 [booklist] INFO: VALID_ID: 2572542
2023-06-30 16:57:40 [booklist] INFO: VALID_ID: 2572543
2023-06-30 16:57:40 [booklist] INFO: VALID_ID: 2572544
2023-06-30 16:57:40 [booklist] INFO: VALID_ID: 2572607
2023-06-30 16:57:40 [booklist] INFO: VALID_ID: 2576249
2023-06-30 16:57:40 [booklist] INFO: VALID_ID: 2549129
2023-06-30 16:57:40 [booklist] INFO: VALID_ID: 2587366
2023-06-30 16:57:40 [booklist] INFO: VALID_ID: 2605424
2023-06-30 16:57:40 [booklist] INFO: VALID_ID: 2576256
2023-06-30 16:57:40 [booklist] INFO: VALID_ID: 2572667
2023-06-30 16:57:40 [booklist] INFO: VALID_ID: 2572533
2023-06-30 16:57:40 [booklist] INFO: VALID_ID: 2572551
2023-06-30 16:57:40 [booklist] INFO: VALID_ID: 2572650
2023-06-30 16:57:40 [booklist] INFO: VALID_ID: 2572669
2023-06-30 16:57:40 [booklist] INFO: VALID_ID: 2572570
2023-06-30 16:57:40 [booklist] INFO: VALID_ID: 2549066
2023-06-30 16:57:40 [booklist] INFO: VALID_ID: 2572530
2023-06-30 16:57:40 [booklist] INFO: VALID_ID: 2572569
2023-06-30 16:57:40 [booklist] INFO: VALID_ID: 2576250
2023-06-30 16:57:40 [booklist] INFO: VALID_ID: 2576251
2023-06-30 16:57:40 [booklist] INFO: VALID_ID: 2572531
2023-06-30 16:57:40 [booklist] INFO: VALID_ID: 2549124
2023-06-30 16:57:40 [booklist] INFO: VALID_ID: 2549041
2023-06-30 16:57:40 [booklist] INFO: VALID_ID: 2572605
2023-06-30 16:57:40 [booklist] INFO: VALID_ID: 2572545
2023-06-30 16:57:40 [booklist] INFO: VALID_ID: 2549137
2023-06-30 16:57:40 [booklist] INFO: VALID_ID: 2572550
2023-06-30 16:57:42 [scrapy.core.engine] DEBUG: Crawled (200) <POST https://dl.ndl.go.jp/api/item/search> (referer: https://dl.ndl.go.jp/api/item/search)
2023-06-30 16:57:42 [booklist] INFO: Fetched page 15
2023-06-30 16:57:42 [booklist] INFO: VALID_ID: 2549136
2023-06-30 16:57:42 [booklist] INFO: VALID_ID: 2549135
2023-06-30 16:57:42 [booklist] INFO: VALID_ID: 2572658
2023-06-30 16:57:42 [booklist] INFO: VALID_ID: 2572673
2023-06-30 16:57:42 [booklist] INFO: VALID_ID: 2572533
2023-06-30 16:57:42 [booklist] INFO: VALID_ID: 2572654
2023-06-30 16:57:42 [booklist] INFO: VALID_ID: 2572535
2023-06-30 16:57:42 [booklist] INFO: VALID_ID: 2606933
2023-06-30 16:57:42 [booklist] INFO: VALID_ID: 2576247
2023-06-30 16:57:42 [booklist] INFO: VALID_ID: 2576259
2023-06-30 16:57:42 [booklist] INFO: VALID_ID: 2576261
2023-06-30 16:57:42 [booklist] INFO: VALID_ID: 2549057
2023-06-30 16:57:42 [booklist] INFO: VALID_ID: 2549036
2023-06-30 16:57:42 [booklist] INFO: VALID_ID: 2587827
2023-06-30 16:57:42 [booklist] INFO: VALID_ID: 2605424
2023-06-30 16:57:42 [booklist] INFO: VALID_ID: 2572657
2023-06-30 16:57:42 [booklist] INFO: VALID_ID: 2587365
2023-06-30 16:57:42 [booklist] INFO: VALID_ID: 2549034
2023-06-30 16:57:42 [booklist] INFO: VALID_ID: 2572664
2023-06-30 16:57:42 [booklist] INFO: VALID_ID: 2572670
2023-06-30 16:57:42 [booklist] INFO: VALID_ID: 2549055
2023-06-30 16:57:42 [booklist] INFO: VALID_ID: 10301567
2023-06-30 16:57:42 [booklist] INFO: VALID_ID: 2549060
2023-06-30 16:57:42 [booklist] INFO: VALID_ID: 2549081
2023-06-30 16:57:42 [booklist] INFO: VALID_ID: 2549125
2023-06-30 16:57:42 [booklist] INFO: VALID_ID: 2549059
2023-06-30 16:57:42 [booklist] INFO: VALID_ID: 2572534
2023-06-30 16:57:42 [booklist] INFO: VALID_ID: 2572536
2023-06-30 16:57:42 [booklist] INFO: VALID_ID: 2572541
2023-06-30 16:57:42 [booklist] INFO: VALID_ID: 2549100
2023-06-30 16:57:42 [booklist] INFO: VALID_ID: 2572558
2023-06-30 16:57:42 [booklist] INFO: VALID_ID: 2572650
2023-06-30 16:57:42 [booklist] INFO: VALID_ID: 2572669
2023-06-30 16:57:42 [booklist] INFO: VALID_ID: 2572587
2023-06-30 16:57:42 [booklist] INFO: VALID_ID: 2549054
2023-06-30 16:57:42 [booklist] INFO: VALID_ID: 2572577
2023-06-30 16:57:42 [booklist] INFO: VALID_ID: 2572687
2023-06-30 16:57:42 [booklist] INFO: VALID_ID: 2549061
2023-06-30 16:57:42 [booklist] INFO: VALID_ID: 2549035
2023-06-30 16:57:42 [booklist] INFO: VALID_ID: 2572538
2023-06-30 16:57:42 [booklist] INFO: VALID_ID: 2549037
2023-06-30 16:57:42 [booklist] INFO: VALID_ID: 2549143
2023-06-30 16:57:42 [booklist] INFO: VALID_ID: 2572672
2023-06-30 16:57:42 [booklist] INFO: VALID_ID: 2572663
2023-06-30 16:57:42 [booklist] INFO: VALID_ID: 2572539
2023-06-30 16:57:42 [booklist] INFO: VALID_ID: 9369963
2023-06-30 16:57:42 [booklist] INFO: VALID_ID: 2572583
2023-06-30 16:57:42 [booklist] INFO: VALID_ID: 2572615
2023-06-30 16:57:42 [booklist] INFO: VALID_ID: 2549112
2023-06-30 16:57:42 [booklist] INFO: VALID_ID: 2572674
2023-06-30 16:57:42 [booklist] INFO: VALID_ID: 2547983
2023-06-30 16:57:42 [booklist] INFO: VALID_ID: 2572598
2023-06-30 16:57:42 [booklist] INFO: VALID_ID: 2587460
2023-06-30 16:57:42 [booklist] INFO: VALID_ID: 2572575
2023-06-30 16:57:42 [booklist] INFO: VALID_ID: 2587446
2023-06-30 16:57:42 [booklist] INFO: VALID_ID: 2587459
2023-06-30 16:57:42 [booklist] INFO: VALID_ID: 2549110
2023-06-30 16:57:42 [booklist] INFO: VALID_ID: 2610518
2023-06-30 16:57:42 [booklist] INFO: VALID_ID: 2572591
2023-06-30 16:57:42 [booklist] INFO: VALID_ID: 2587461
2023-06-30 16:57:42 [booklist] INFO: VALID_ID: 2549145
2023-06-30 16:57:42 [booklist] INFO: VALID_ID: 2547771
2023-06-30 16:57:42 [booklist] INFO: VALID_ID: 2549111
2023-06-30 16:57:42 [booklist] INFO: VALID_ID: 2587445
2023-06-30 16:57:42 [booklist] INFO: VALID_ID: 2549109
2023-06-30 16:57:42 [booklist] INFO: VALID_ID: 2547985
2023-06-30 16:57:42 [booklist] INFO: VALID_ID: 2572585
2023-06-30 16:57:42 [booklist] INFO: VALID_ID: 10301383
2023-06-30 16:57:42 [booklist] INFO: VALID_ID: 2549107
2023-06-30 16:57:42 [booklist] INFO: VALID_ID: 2605214
2023-06-30 16:57:42 [booklist] INFO: VALID_ID: 2572675
2023-06-30 16:57:42 [booklist] INFO: VALID_ID: 2572592
2023-06-30 16:57:42 [booklist] INFO: VALID_ID: 2572586
2023-06-30 16:57:42 [booklist] INFO: VALID_ID: 2572589
2023-06-30 16:57:42 [booklist] INFO: VALID_ID: 2533459
2023-06-30 16:57:42 [booklist] INFO: VALID_ID: 2549108
2023-06-30 16:57:42 [booklist] INFO: VALID_ID: 2572594
2023-06-30 16:57:42 [booklist] INFO: VALID_ID: 2572595
2023-06-30 16:57:42 [booklist] INFO: VALID_ID: 2606743
2023-06-30 16:57:42 [booklist] INFO: VALID_ID: 2572590
2023-06-30 16:57:42 [booklist] INFO: VALID_ID: 2572596
2023-06-30 16:57:42 [booklist] INFO: VALID_ID: 2572582
2023-06-30 16:57:42 [booklist] INFO: VALID_ID: 2609444
2023-06-30 16:57:42 [booklist] INFO: VALID_ID: 2572614
2023-06-30 16:57:42 [booklist] INFO: VALID_ID: 2572597
2023-06-30 16:57:42 [booklist] INFO: VALID_ID: 2572584
2023-06-30 16:57:42 [booklist] INFO: VALID_ID: 2572593
2023-06-30 16:57:42 [booklist] INFO: VALID_ID: 2572616
2023-06-30 16:57:42 [booklist] INFO: VALID_ID: 2571899
2023-06-30 16:57:42 [booklist] INFO: VALID_ID: 2549114
2023-06-30 16:57:42 [booklist] INFO: VALID_ID: 2549105
2023-06-30 16:57:42 [booklist] INFO: VALID_ID: 2549113
2023-06-30 16:57:42 [booklist] INFO: VALID_ID: 2548033
2023-06-30 16:57:42 [booklist] INFO: VALID_ID: 2548034
2023-06-30 16:57:42 [booklist] INFO: VALID_ID: 2549241
2023-06-30 16:57:42 [booklist] INFO: VALID_ID: 2549106
2023-06-30 16:57:42 [booklist] INFO: VALID_ID: 2572710
2023-06-30 16:57:42 [booklist] INFO: VALID_ID: 2548035
2023-06-30 16:57:42 [booklist] INFO: VALID_ID: 2572706
2023-06-30 16:57:42 [booklist] INFO: VALID_ID: 2559222
2023-06-30 16:57:43 [scrapy.core.engine] DEBUG: Crawled (200) <POST https://dl.ndl.go.jp/api/item/search> (referer: https://dl.ndl.go.jp/api/item/search)
2023-06-30 16:57:43 [booklist] INFO: Fetched page 16
2023-06-30 16:57:43 [booklist] INFO: VALID_ID: 2559222
2023-06-30 16:57:43 [booklist] INFO: VALID_ID: 2559226
2023-06-30 16:57:43 [booklist] INFO: VALID_ID: 2572691
2023-06-30 16:57:43 [booklist] INFO: VALID_ID: 2559225
2023-06-30 16:57:43 [booklist] INFO: VALID_ID: 2559219
2023-06-30 16:57:43 [booklist] INFO: VALID_ID: 2559221
2023-06-30 16:57:43 [booklist] INFO: VALID_ID: 2559227
2023-06-30 16:57:43 [booklist] INFO: VALID_ID: 2559229
2023-06-30 16:57:43 [booklist] INFO: VALID_ID: 2559223
2023-06-30 16:57:43 [booklist] INFO: VALID_ID: 2559228
2023-06-30 16:57:43 [booklist] INFO: VALID_ID: 2559230
2023-06-30 16:57:43 [booklist] INFO: VALID_ID: 2559231
2023-06-30 16:57:43 [booklist] INFO: VALID_ID: 2559220
2023-06-30 16:57:43 [booklist] INFO: VALID_ID: 2549042
2023-06-30 16:57:43 [booklist] INFO: VALID_ID: 2609800
2023-06-30 16:57:43 [booklist] INFO: VALID_ID: 2610012
2023-06-30 16:57:43 [booklist] INFO: VALID_ID: 2572697
2023-06-30 16:57:43 [booklist] INFO: VALID_ID: 2542560
2023-06-30 16:57:43 [booklist] INFO: VALID_ID: 2609546
2023-06-30 16:57:43 [booklist] INFO: VALID_ID: 2596133
2023-06-30 16:57:43 [booklist] INFO: VALID_ID: 2611085
2023-06-30 16:57:43 [booklist] INFO: VALID_ID: 2549291
2023-06-30 16:57:43 [booklist] INFO: VALID_ID: 2596058
2023-06-30 16:57:43 [booklist] INFO: VALID_ID: 2596069
2023-06-30 16:57:43 [booklist] INFO: VALID_ID: 2596096
2023-06-30 16:57:43 [booklist] INFO: VALID_ID: 2596112
2023-06-30 16:57:43 [booklist] INFO: VALID_ID: 2596094
2023-06-30 16:57:43 [booklist] INFO: VALID_ID: 2596120
2023-06-30 16:57:43 [booklist] INFO: VALID_ID: 1302581
2023-06-30 16:57:43 [booklist] INFO: VALID_ID: 2596114
2023-06-30 16:57:43 [booklist] INFO: VALID_ID: 2596060
2023-06-30 16:57:43 [booklist] INFO: VALID_ID: 2610456
2023-06-30 16:57:43 [booklist] INFO: VALID_ID: 2596068
2023-06-30 16:57:43 [booklist] INFO: VALID_ID: 2596122
2023-06-30 16:57:43 [booklist] INFO: VALID_ID: 2596123
2023-06-30 16:57:43 [booklist] INFO: VALID_ID: 2587899
2023-06-30 16:57:43 [booklist] INFO: VALID_ID: 2596121
2023-06-30 16:57:43 [booklist] INFO: VALID_ID: 2596136
2023-06-30 16:57:43 [booklist] INFO: VALID_ID: 2596089
2023-06-30 16:57:43 [booklist] INFO: VALID_ID: 2596095
2023-06-30 16:57:43 [booklist] INFO: VALID_ID: 2596113
2023-06-30 16:57:43 [booklist] INFO: VALID_ID: 2596128
2023-06-30 16:57:43 [booklist] INFO: VALID_ID: 2596087
2023-06-30 16:57:43 [booklist] INFO: VALID_ID: 2596111
2023-06-30 16:57:43 [booklist] INFO: VALID_ID: 2596129
2023-06-30 16:57:43 [booklist] INFO: VALID_ID: 2609783
2023-06-30 16:57:43 [booklist] INFO: VALID_ID: 2596118
2023-06-30 16:57:43 [booklist] INFO: VALID_ID: 2596115
2023-06-30 16:57:43 [booklist] INFO: VALID_ID: 2596109
2023-06-30 16:57:43 [booklist] INFO: VALID_ID: 2610026
2023-06-30 16:57:43 [booklist] INFO: VALID_ID: 2596088
2023-06-30 16:57:43 [booklist] INFO: VALID_ID: 2596124
2023-06-30 16:57:43 [booklist] INFO: VALID_ID: 9369953
2023-06-30 16:57:43 [booklist] INFO: VALID_ID: 2550264
2023-06-30 16:57:43 [booklist] INFO: VALID_ID: 11446659
2023-06-30 16:57:43 [booklist] INFO: VALID_ID: 2611035
2023-06-30 16:57:43 [booklist] INFO: VALID_ID: 2610138
2023-06-30 16:57:44 [scrapy.core.engine] DEBUG: Crawled (200) <POST https://dl.ndl.go.jp/api/item/search> (referer: https://dl.ndl.go.jp/api/item/search)
2023-06-30 16:57:44 [booklist] INFO: Fetched page 17
2023-06-30 16:57:44 [booklist] INFO: No more books on 17
2023-06-30 16:57:44 [scrapy.core.engine] INFO: Closing spider (finished)
2023-06-30 16:57:44 [scrapy.statscollectors] INFO: Dumping Scrapy stats:
{'downloader/request_bytes': 23150,
 'downloader/request_count': 18,
 'downloader/request_method_count/GET': 1,
 'downloader/request_method_count/POST': 17,
 'downloader/response_bytes': 8952600,
 'downloader/response_count': 18,
 'downloader/response_status_count/200': 18,
 'elapsed_time_seconds': 27.252799,
 'finish_reason': 'finished',
 'finish_time': datetime.datetime(2023, 6, 30, 8, 57, 44, 197788),
 'httpcompression/response_bytes': 107561508,
 'httpcompression/response_count': 17,
 'log_count/DEBUG': 21,
 'log_count/INFO': 1585,
 'memusage/max': 63926272,
 'memusage/startup': 63926272,
 'request_depth_max': 16,
 'response_received_count': 18,
 'robotstxt/request_count': 1,
 'robotstxt/response_count': 1,
 'robotstxt/response_status_count/200': 1,
 'scheduler/dequeued': 17,
 'scheduler/dequeued/memory': 17,
 'scheduler/enqueued': 17,
 'scheduler/enqueued/memory': 17,
 'start_time': datetime.datetime(2023, 6, 30, 8, 57, 16, 944989)}
2023-06-30 16:57:44 [scrapy.core.engine] INFO: Spider closed (finished)
