2023-06-30 17:41:00 [scrapy.utils.log] INFO: Scrapy 2.9.0 started (bot: ndlcrawler)
2023-06-30 17:41:00 [scrapy.utils.log] INFO: Versions: lxml 4.9.2.0, libxml2 2.9.14, cssselect 1.2.0, parsel 1.8.1, w3lib 2.1.1, Twisted 22.10.0, Python 3.10.10 (main, Mar  5 2023, 22:26:53) [GCC 12.2.1 20230201], pyOpenSSL 23.2.0 (OpenSSL 3.1.1 30 May 2023), cryptography 41.0.1, Platform Linux-6.2.12-arch1-1-x86_64-with-glibc2.37
2023-06-30 17:41:00 [scrapy.crawler] INFO: Overridden settings:
{'BOT_NAME': 'ndlcrawler',
 'FEED_EXPORT_ENCODING': 'utf-8',
 'LOG_FILE': 'logs/booklist.title.市.DESC.log',
 'NEWSPIDER_MODULE': 'ndlcrawler.spiders',
 'REQUEST_FINGERPRINTER_IMPLEMENTATION': '2.7',
 'ROBOTSTXT_OBEY': True,
 'SPIDER_MODULES': ['ndlcrawler.spiders'],
 'TWISTED_REACTOR': 'twisted.internet.asyncioreactor.AsyncioSelectorReactor'}
2023-06-30 17:41:00 [asyncio] DEBUG: Using selector: EpollSelector
2023-06-30 17:41:00 [scrapy.utils.log] DEBUG: Using reactor: twisted.internet.asyncioreactor.AsyncioSelectorReactor
2023-06-30 17:41:00 [scrapy.utils.log] DEBUG: Using asyncio event loop: asyncio.unix_events._UnixSelectorEventLoop
2023-06-30 17:41:00 [scrapy.extensions.telnet] INFO: Telnet Password: 43a9587efe24f1c6
2023-06-30 17:41:00 [scrapy.middleware] INFO: Enabled extensions:
['scrapy.extensions.corestats.CoreStats',
 'scrapy.extensions.telnet.TelnetConsole',
 'scrapy.extensions.memusage.MemoryUsage',
 'scrapy.extensions.logstats.LogStats']
2023-06-30 17:41:00 [scrapy.middleware] INFO: Enabled downloader middlewares:
['scrapy.downloadermiddlewares.robotstxt.RobotsTxtMiddleware',
 'scrapy.downloadermiddlewares.httpauth.HttpAuthMiddleware',
 'scrapy.downloadermiddlewares.downloadtimeout.DownloadTimeoutMiddleware',
 'scrapy.downloadermiddlewares.defaultheaders.DefaultHeadersMiddleware',
 'scrapy.downloadermiddlewares.useragent.UserAgentMiddleware',
 'scrapy.downloadermiddlewares.retry.RetryMiddleware',
 'scrapy.downloadermiddlewares.redirect.MetaRefreshMiddleware',
 'scrapy.downloadermiddlewares.httpcompression.HttpCompressionMiddleware',
 'scrapy.downloadermiddlewares.redirect.RedirectMiddleware',
 'scrapy.downloadermiddlewares.cookies.CookiesMiddleware',
 'scrapy.downloadermiddlewares.httpproxy.HttpProxyMiddleware',
 'scrapy.downloadermiddlewares.stats.DownloaderStats']
2023-06-30 17:41:00 [scrapy.middleware] INFO: Enabled spider middlewares:
['scrapy.spidermiddlewares.httperror.HttpErrorMiddleware',
 'scrapy.spidermiddlewares.offsite.OffsiteMiddleware',
 'scrapy.spidermiddlewares.referer.RefererMiddleware',
 'scrapy.spidermiddlewares.urllength.UrlLengthMiddleware',
 'scrapy.spidermiddlewares.depth.DepthMiddleware']
2023-06-30 17:41:00 [scrapy.middleware] INFO: Enabled item pipelines:
[]
2023-06-30 17:41:00 [scrapy.core.engine] INFO: Spider opened
2023-06-30 17:41:01 [scrapy.extensions.logstats] INFO: Crawled 0 pages (at 0 pages/min), scraped 0 items (at 0 items/min)
2023-06-30 17:41:01 [scrapy.extensions.telnet] INFO: Telnet console listening on 127.0.0.1:6024
2023-06-30 17:41:02 [scrapy.core.engine] DEBUG: Crawled (200) <GET https://dl.ndl.go.jp/robots.txt> (referer: None)
2023-06-30 17:41:04 [scrapy.core.engine] DEBUG: Crawled (200) <POST https://dl.ndl.go.jp/api/item/search> (referer: None)
2023-06-30 17:41:04 [booklist] INFO: Fetched page 1
2023-06-30 17:41:05 [booklist] INFO: VALID_ID: 2588743
2023-06-30 17:41:05 [booklist] INFO: VALID_ID: 9369193
2023-06-30 17:41:05 [booklist] INFO: VALID_ID: 2588550
2023-06-30 17:41:05 [booklist] INFO: VALID_ID: 2588591
2023-06-30 17:41:05 [booklist] INFO: VALID_ID: 2588609
2023-06-30 17:41:05 [booklist] INFO: VALID_ID: 2588644
2023-06-30 17:41:05 [booklist] INFO: VALID_ID: 2588652
2023-06-30 17:41:05 [booklist] INFO: VALID_ID: 2588719
2023-06-30 17:41:05 [booklist] INFO: VALID_ID: 2588723
2023-06-30 17:41:05 [booklist] INFO: VALID_ID: 2588596
2023-06-30 17:41:05 [booklist] INFO: VALID_ID: 2588651
2023-06-30 17:41:05 [booklist] INFO: VALID_ID: 2588654
2023-06-30 17:41:05 [booklist] INFO: VALID_ID: 2588672
2023-06-30 17:41:05 [booklist] INFO: VALID_ID: 2588674
2023-06-30 17:41:05 [booklist] INFO: VALID_ID: 2588532
2023-06-30 17:41:05 [booklist] INFO: VALID_ID: 2588559
2023-06-30 17:41:05 [booklist] INFO: VALID_ID: 2588604
2023-06-30 17:41:05 [booklist] INFO: VALID_ID: 2588632
2023-06-30 17:41:05 [booklist] INFO: VALID_ID: 2588705
2023-06-30 17:41:05 [booklist] INFO: VALID_ID: 2588708
2023-06-30 17:41:05 [booklist] INFO: VALID_ID: 2588739
2023-06-30 17:41:05 [booklist] INFO: VALID_ID: 10303454
2023-06-30 17:41:05 [booklist] INFO: VALID_ID: 2588530
2023-06-30 17:41:05 [booklist] INFO: VALID_ID: 2588548
2023-06-30 17:41:05 [booklist] INFO: VALID_ID: 2588564
2023-06-30 17:41:05 [booklist] INFO: VALID_ID: 2588570
2023-06-30 17:41:05 [booklist] INFO: VALID_ID: 2588636
2023-06-30 17:41:05 [booklist] INFO: VALID_ID: 2588680
2023-06-30 17:41:05 [booklist] INFO: VALID_ID: 2588683
2023-06-30 17:41:05 [booklist] INFO: VALID_ID: 2588695
2023-06-30 17:41:05 [booklist] INFO: VALID_ID: 2588702
2023-06-30 17:41:05 [booklist] INFO: VALID_ID: 2588529
2023-06-30 17:41:05 [booklist] INFO: VALID_ID: 2588595
2023-06-30 17:41:05 [booklist] INFO: VALID_ID: 2588678
2023-06-30 17:41:05 [booklist] INFO: VALID_ID: 2588689
2023-06-30 17:41:05 [booklist] INFO: VALID_ID: 2588691
2023-06-30 17:41:05 [booklist] INFO: VALID_ID: 2588692
2023-06-30 17:41:05 [booklist] INFO: VALID_ID: 2588725
2023-06-30 17:41:05 [booklist] INFO: VALID_ID: 2588590
2023-06-30 17:41:05 [booklist] INFO: VALID_ID: 2588616
2023-06-30 17:41:05 [booklist] INFO: VALID_ID: 2588647
2023-06-30 17:41:05 [booklist] INFO: VALID_ID: 2588663
2023-06-30 17:41:05 [booklist] INFO: VALID_ID: 2588701
2023-06-30 17:41:05 [booklist] INFO: VALID_ID: 2588711
2023-06-30 17:41:05 [booklist] INFO: VALID_ID: 2588539
2023-06-30 17:41:05 [booklist] INFO: VALID_ID: 2588540
2023-06-30 17:41:05 [booklist] INFO: VALID_ID: 2588580
2023-06-30 17:41:05 [booklist] INFO: VALID_ID: 2588598
2023-06-30 17:41:05 [booklist] INFO: VALID_ID: 2588630
2023-06-30 17:41:05 [booklist] INFO: VALID_ID: 2588659
2023-06-30 17:41:05 [booklist] INFO: VALID_ID: 2588667
2023-06-30 17:41:05 [booklist] INFO: VALID_ID: 2588713
2023-06-30 17:41:05 [booklist] INFO: VALID_ID: 2588724
2023-06-30 17:41:05 [booklist] INFO: VALID_ID: 9893122
2023-06-30 17:41:05 [booklist] INFO: VALID_ID: 2588528
2023-06-30 17:41:05 [booklist] INFO: VALID_ID: 2588534
2023-06-30 17:41:05 [booklist] INFO: VALID_ID: 2588558
2023-06-30 17:41:05 [booklist] INFO: VALID_ID: 2588578
2023-06-30 17:41:05 [booklist] INFO: VALID_ID: 2588686
2023-06-30 17:41:05 [booklist] INFO: VALID_ID: 2588720
2023-06-30 17:41:05 [booklist] INFO: VALID_ID: 2588726
2023-06-30 17:41:05 [booklist] INFO: VALID_ID: 2588554
2023-06-30 17:41:05 [booklist] INFO: VALID_ID: 2588555
2023-06-30 17:41:05 [booklist] INFO: VALID_ID: 2588583
2023-06-30 17:41:05 [booklist] INFO: VALID_ID: 2588588
2023-06-30 17:41:05 [booklist] INFO: VALID_ID: 2588607
2023-06-30 17:41:05 [booklist] INFO: VALID_ID: 2588638
2023-06-30 17:41:05 [booklist] INFO: VALID_ID: 2588700
2023-06-30 17:41:05 [booklist] INFO: VALID_ID: 2588736
2023-06-30 17:41:05 [booklist] INFO: VALID_ID: 2588568
2023-06-30 17:41:05 [booklist] INFO: VALID_ID: 2588582
2023-06-30 17:41:05 [booklist] INFO: VALID_ID: 2588597
2023-06-30 17:41:05 [booklist] INFO: VALID_ID: 2588610
2023-06-30 17:41:05 [booklist] INFO: VALID_ID: 2588641
2023-06-30 17:41:05 [booklist] INFO: VALID_ID: 2588642
2023-06-30 17:41:05 [booklist] INFO: VALID_ID: 2588666
2023-06-30 17:41:05 [booklist] INFO: VALID_ID: 2588707
2023-06-30 17:41:05 [booklist] INFO: VALID_ID: 2588538
2023-06-30 17:41:05 [booklist] INFO: VALID_ID: 2588545
2023-06-30 17:41:05 [booklist] INFO: VALID_ID: 2588611
2023-06-30 17:41:05 [booklist] INFO: VALID_ID: 2588628
2023-06-30 17:41:05 [booklist] INFO: VALID_ID: 2588648
2023-06-30 17:41:05 [booklist] INFO: VALID_ID: 2588684
2023-06-30 17:41:05 [booklist] INFO: VALID_ID: 2588710
2023-06-30 17:41:05 [booklist] INFO: VALID_ID: 2588531
2023-06-30 17:41:05 [booklist] INFO: VALID_ID: 2588556
2023-06-30 17:41:05 [booklist] INFO: VALID_ID: 2588566
2023-06-30 17:41:05 [booklist] INFO: VALID_ID: 2588573
2023-06-30 17:41:05 [booklist] INFO: VALID_ID: 2588655
2023-06-30 17:41:05 [booklist] INFO: VALID_ID: 2588682
2023-06-30 17:41:05 [booklist] INFO: VALID_ID: 2588690
2023-06-30 17:41:05 [booklist] INFO: VALID_ID: 2588542
2023-06-30 17:41:05 [booklist] INFO: VALID_ID: 2588576
2023-06-30 17:41:05 [booklist] INFO: VALID_ID: 2588579
2023-06-30 17:41:05 [booklist] INFO: VALID_ID: 2588626
2023-06-30 17:41:05 [booklist] INFO: VALID_ID: 2588645
2023-06-30 17:41:05 [booklist] INFO: VALID_ID: 2588671
2023-06-30 17:41:05 [booklist] INFO: VALID_ID: 2588675
2023-06-30 17:41:05 [booklist] INFO: VALID_ID: 2588698
2023-06-30 17:41:05 [booklist] INFO: VALID_ID: 2588714
2023-06-30 17:41:07 [scrapy.core.engine] DEBUG: Crawled (200) <POST https://dl.ndl.go.jp/api/item/search> (referer: https://dl.ndl.go.jp/api/item/search)
2023-06-30 17:41:07 [booklist] INFO: Fetched page 2
2023-06-30 17:41:07 [booklist] INFO: VALID_ID: 1287668
2023-06-30 17:41:07 [booklist] INFO: VALID_ID: 2588568
2023-06-30 17:41:07 [booklist] INFO: VALID_ID: 2588582
2023-06-30 17:41:07 [booklist] INFO: VALID_ID: 2588597
2023-06-30 17:41:07 [booklist] INFO: VALID_ID: 2588610
2023-06-30 17:41:07 [booklist] INFO: VALID_ID: 2588641
2023-06-30 17:41:07 [booklist] INFO: VALID_ID: 2588642
2023-06-30 17:41:07 [booklist] INFO: VALID_ID: 2588666
2023-06-30 17:41:07 [booklist] INFO: VALID_ID: 2588707
2023-06-30 17:41:07 [booklist] INFO: VALID_ID: 2588533
2023-06-30 17:41:07 [booklist] INFO: VALID_ID: 2588552
2023-06-30 17:41:07 [booklist] INFO: VALID_ID: 2588563
2023-06-30 17:41:07 [booklist] INFO: VALID_ID: 2588585
2023-06-30 17:41:07 [booklist] INFO: VALID_ID: 2588605
2023-06-30 17:41:07 [booklist] INFO: VALID_ID: 2588660
2023-06-30 17:41:07 [booklist] INFO: VALID_ID: 2588677
2023-06-30 17:41:07 [booklist] INFO: VALID_ID: 2588722
2023-06-30 17:41:07 [booklist] INFO: VALID_ID: 2588728
2023-06-30 17:41:07 [booklist] INFO: VALID_ID: 2588577
2023-06-30 17:41:07 [booklist] INFO: VALID_ID: 2588629
2023-06-30 17:41:07 [booklist] INFO: VALID_ID: 2588639
2023-06-30 17:41:07 [booklist] INFO: VALID_ID: 2588685
2023-06-30 17:41:07 [booklist] INFO: VALID_ID: 2588687
2023-06-30 17:41:07 [booklist] INFO: VALID_ID: 2588721
2023-06-30 17:41:07 [booklist] INFO: VALID_ID: 2588734
2023-06-30 17:41:07 [booklist] INFO: VALID_ID: 2588738
2023-06-30 17:41:07 [booklist] INFO: VALID_ID: 2533468
2023-06-30 17:41:07 [booklist] INFO: VALID_ID: 2610811
2023-06-30 17:41:07 [booklist] INFO: VALID_ID: 2588589
2023-06-30 17:41:07 [booklist] INFO: VALID_ID: 2588592
2023-06-30 17:41:07 [booklist] INFO: VALID_ID: 2588600
2023-06-30 17:41:07 [booklist] INFO: VALID_ID: 2588612
2023-06-30 17:41:07 [booklist] INFO: VALID_ID: 2588627
2023-06-30 17:41:07 [booklist] INFO: VALID_ID: 2588664
2023-06-30 17:41:07 [booklist] INFO: VALID_ID: 2588670
2023-06-30 17:41:07 [booklist] INFO: VALID_ID: 2588696
2023-06-30 17:41:07 [booklist] INFO: VALID_ID: 2588703
2023-06-30 17:41:07 [booklist] INFO: VALID_ID: 2588717
2023-06-30 17:41:07 [booklist] INFO: VALID_ID: 2588541
2023-06-30 17:41:07 [booklist] INFO: VALID_ID: 2588547
2023-06-30 17:41:07 [booklist] INFO: VALID_ID: 2588584
2023-06-30 17:41:07 [booklist] INFO: VALID_ID: 2588593
2023-06-30 17:41:07 [booklist] INFO: VALID_ID: 2588599
2023-06-30 17:41:07 [booklist] INFO: VALID_ID: 2588602
2023-06-30 17:41:07 [booklist] INFO: VALID_ID: 2588614
2023-06-30 17:41:07 [booklist] INFO: VALID_ID: 2588633
2023-06-30 17:41:07 [booklist] INFO: VALID_ID: 2588635
2023-06-30 17:41:07 [booklist] INFO: VALID_ID: 2588653
2023-06-30 17:41:07 [booklist] INFO: VALID_ID: 2588662
2023-06-30 17:41:07 [booklist] INFO: VALID_ID: 2588673
2023-06-30 17:41:07 [booklist] INFO: VALID_ID: 2588676
2023-06-30 17:41:07 [booklist] INFO: VALID_ID: 2588699
2023-06-30 17:41:07 [booklist] INFO: VALID_ID: 2588704
2023-06-30 17:41:07 [booklist] INFO: VALID_ID: 2588718
2023-06-30 17:41:07 [booklist] INFO: VALID_ID: 2534045
2023-06-30 17:41:07 [booklist] INFO: VALID_ID: 2588536
2023-06-30 17:41:07 [booklist] INFO: VALID_ID: 2588560
2023-06-30 17:41:07 [booklist] INFO: VALID_ID: 2588562
2023-06-30 17:41:07 [booklist] INFO: VALID_ID: 2588594
2023-06-30 17:41:07 [booklist] INFO: VALID_ID: 2588606
2023-06-30 17:41:07 [booklist] INFO: VALID_ID: 2588622
2023-06-30 17:41:07 [booklist] INFO: VALID_ID: 2588649
2023-06-30 17:41:07 [booklist] INFO: VALID_ID: 10303574
2023-06-30 17:41:07 [booklist] INFO: VALID_ID: 2534289
2023-06-30 17:41:07 [booklist] INFO: VALID_ID: 2587567
2023-06-30 17:41:07 [booklist] INFO: VALID_ID: 2587569
2023-06-30 17:41:07 [booklist] INFO: VALID_ID: 2587570
2023-06-30 17:41:07 [booklist] INFO: VALID_ID: 2587568
2023-06-30 17:41:07 [booklist] INFO: VALID_ID: 2609308
2023-06-30 17:41:07 [booklist] INFO: VALID_ID: 2587566
2023-06-30 17:41:07 [booklist] INFO: VALID_ID: 1286670
2023-06-30 17:41:07 [booklist] INFO: VALID_ID: 1308159
2023-06-30 17:41:07 [booklist] INFO: VALID_ID: 1312377
2023-06-30 17:41:07 [booklist] INFO: VALID_ID: 2571483
2023-06-30 17:41:07 [booklist] INFO: VALID_ID: 2571484
2023-06-30 17:41:07 [booklist] INFO: VALID_ID: 2593288
2023-06-30 17:41:07 [booklist] INFO: VALID_ID: 1313325
2023-06-30 17:41:07 [booklist] INFO: VALID_ID: 2571393
2023-06-30 17:41:07 [booklist] INFO: VALID_ID: 1308577
2023-06-30 17:41:07 [booklist] INFO: VALID_ID: 1308580
2023-06-30 17:41:07 [booklist] INFO: VALID_ID: 1309440
2023-06-30 17:41:07 [booklist] INFO: VALID_ID: 1308168
2023-06-30 17:41:07 [booklist] INFO: VALID_ID: 1312381
2023-06-30 17:41:07 [booklist] INFO: VALID_ID: 1311588
2023-06-30 17:41:07 [booklist] INFO: VALID_ID: 1308163
2023-06-30 17:41:07 [booklist] INFO: VALID_ID: 1312383
2023-06-30 17:41:07 [booklist] INFO: VALID_ID: 1308158
2023-06-30 17:41:07 [booklist] INFO: VALID_ID: 1312376
2023-06-30 17:41:07 [booklist] INFO: VALID_ID: 1312142
2023-06-30 17:41:07 [booklist] INFO: VALID_ID: 2571395
2023-06-30 17:41:07 [booklist] INFO: VALID_ID: 2571394
2023-06-30 17:41:07 [booklist] INFO: VALID_ID: 1301780
2023-06-30 17:41:07 [booklist] INFO: VALID_ID: 1305122
2023-06-30 17:41:07 [booklist] INFO: VALID_ID: 1312384
2023-06-30 17:41:07 [booklist] INFO: VALID_ID: 1306942
2023-06-30 17:41:07 [booklist] INFO: VALID_ID: 1308165
2023-06-30 17:41:07 [booklist] INFO: VALID_ID: 8929773
2023-06-30 17:41:07 [booklist] INFO: VALID_ID: 1305621
2023-06-30 17:41:07 [booklist] INFO: VALID_ID: 1308008
2023-06-30 17:41:07 [booklist] INFO: VALID_ID: 2584275
2023-06-30 17:41:09 [scrapy.core.engine] DEBUG: Crawled (200) <POST https://dl.ndl.go.jp/api/item/search> (referer: https://dl.ndl.go.jp/api/item/search)
2023-06-30 17:41:10 [booklist] INFO: Fetched page 3
2023-06-30 17:41:10 [booklist] INFO: VALID_ID: 1308162
2023-06-30 17:41:10 [booklist] INFO: VALID_ID: 1305622
2023-06-30 17:41:10 [booklist] INFO: VALID_ID: 1305621
2023-06-30 17:41:10 [booklist] INFO: VALID_ID: 1308008
2023-06-30 17:41:10 [booklist] INFO: VALID_ID: 1303642
2023-06-30 17:41:10 [booklist] INFO: VALID_ID: 1311921
2023-06-30 17:41:10 [booklist] INFO: VALID_ID: 1312382
2023-06-30 17:41:10 [booklist] INFO: VALID_ID: 2538224
2023-06-30 17:41:10 [booklist] INFO: VALID_ID: 1308022
2023-06-30 17:41:10 [booklist] INFO: VALID_ID: 2572240
2023-06-30 17:41:10 [booklist] INFO: VALID_ID: 2572277
2023-06-30 17:41:10 [booklist] INFO: VALID_ID: 2572098
2023-06-30 17:41:10 [booklist] INFO: VALID_ID: 2572307
2023-06-30 17:41:10 [booklist] INFO: VALID_ID: 2572126
2023-06-30 17:41:10 [booklist] INFO: VALID_ID: 2572134
2023-06-30 17:41:10 [booklist] INFO: VALID_ID: 2572369
2023-06-30 17:41:10 [booklist] INFO: VALID_ID: 2572178
2023-06-30 17:41:10 [booklist] INFO: VALID_ID: 2572206
2023-06-30 17:41:10 [booklist] INFO: VALID_ID: 2572423
2023-06-30 17:41:10 [booklist] INFO: VALID_ID: 2572429
2023-06-30 17:41:10 [booklist] INFO: VALID_ID: 2588436
2023-06-30 17:41:10 [booklist] INFO: VALID_ID: 1311927
2023-06-30 17:41:10 [booklist] INFO: VALID_ID: 2572261
2023-06-30 17:41:10 [booklist] INFO: VALID_ID: 2572265
2023-06-30 17:41:10 [booklist] INFO: VALID_ID: 2572274
2023-06-30 17:41:10 [booklist] INFO: VALID_ID: 2572070
2023-06-30 17:41:10 [booklist] INFO: VALID_ID: 2572281
2023-06-30 17:41:10 [booklist] INFO: VALID_ID: 2572286
2023-06-30 17:41:10 [booklist] INFO: VALID_ID: 2572100
2023-06-30 17:41:10 [booklist] INFO: VALID_ID: 2572314
2023-06-30 17:41:10 [booklist] INFO: VALID_ID: 2572320
2023-06-30 17:41:10 [booklist] INFO: VALID_ID: 2572322
2023-06-30 17:41:10 [booklist] INFO: VALID_ID: 2572353
2023-06-30 17:41:10 [booklist] INFO: VALID_ID: 2572373
2023-06-30 17:41:10 [booklist] INFO: VALID_ID: 2572383
2023-06-30 17:41:10 [booklist] INFO: VALID_ID: 2572174
2023-06-30 17:41:10 [booklist] INFO: VALID_ID: 2572209
2023-06-30 17:41:10 [booklist] INFO: VALID_ID: 2572231
2023-06-30 17:41:10 [booklist] INFO: VALID_ID: 2588402
2023-06-30 17:41:10 [booklist] INFO: VALID_ID: 2588410
2023-06-30 17:41:10 [booklist] INFO: VALID_ID: 2572459
2023-06-30 17:41:10 [booklist] INFO: VALID_ID: 2588425
2023-06-30 17:41:10 [booklist] INFO: VALID_ID: 2588440
2023-06-30 17:41:10 [booklist] INFO: VALID_ID: 2588513
2023-06-30 17:41:10 [booklist] INFO: VALID_ID: 1301846
2023-06-30 17:41:10 [booklist] INFO: VALID_ID: 2572253
2023-06-30 17:41:10 [booklist] INFO: VALID_ID: 2572271
2023-06-30 17:41:10 [booklist] INFO: VALID_ID: 2572280
2023-06-30 17:41:10 [booklist] INFO: VALID_ID: 2572284
2023-06-30 17:41:10 [booklist] INFO: VALID_ID: 2572075
2023-06-30 17:41:10 [booklist] INFO: VALID_ID: 2572291
2023-06-30 17:41:10 [booklist] INFO: VALID_ID: 2572296
2023-06-30 17:41:10 [booklist] INFO: VALID_ID: 2572119
2023-06-30 17:41:10 [booklist] INFO: VALID_ID: 2572337
2023-06-30 17:41:10 [booklist] INFO: VALID_ID: 2572140
2023-06-30 17:41:10 [booklist] INFO: VALID_ID: 2572350
2023-06-30 17:41:10 [booklist] INFO: VALID_ID: 2572357
2023-06-30 17:41:10 [booklist] INFO: VALID_ID: 2572151
2023-06-30 17:41:10 [booklist] INFO: VALID_ID: 2572365
2023-06-30 17:41:10 [booklist] INFO: VALID_ID: 2572162
2023-06-30 17:41:10 [booklist] INFO: VALID_ID: 2572168
2023-06-30 17:41:10 [booklist] INFO: VALID_ID: 2572391
2023-06-30 17:41:10 [booklist] INFO: VALID_ID: 2572414
2023-06-30 17:41:10 [booklist] INFO: VALID_ID: 2572210
2023-06-30 17:41:10 [booklist] INFO: VALID_ID: 2572212
2023-06-30 17:41:10 [booklist] INFO: VALID_ID: 2572427
2023-06-30 17:41:10 [booklist] INFO: VALID_ID: 2588411
2023-06-30 17:41:10 [booklist] INFO: VALID_ID: 2588452
2023-06-30 17:41:10 [booklist] INFO: VALID_ID: 2588486
2023-06-30 17:41:10 [booklist] INFO: VALID_ID: 2588522
2023-06-30 17:41:10 [booklist] INFO: VALID_ID: 2588525
2023-06-30 17:41:10 [booklist] INFO: VALID_ID: 2572262
2023-06-30 17:41:10 [booklist] INFO: VALID_ID: 2572060
2023-06-30 17:41:10 [booklist] INFO: VALID_ID: 2572068
2023-06-30 17:41:10 [booklist] INFO: VALID_ID: 2572087
2023-06-30 17:41:10 [booklist] INFO: VALID_ID: 1313534
2023-06-30 17:41:10 [booklist] INFO: VALID_ID: 2572105
2023-06-30 17:41:10 [booklist] INFO: VALID_ID: 2572349
2023-06-30 17:41:10 [booklist] INFO: VALID_ID: 2572379
2023-06-30 17:41:10 [booklist] INFO: VALID_ID: 2572380
2023-06-30 17:41:10 [booklist] INFO: VALID_ID: 2572184
2023-06-30 17:41:10 [booklist] INFO: VALID_ID: 2572222
2023-06-30 17:41:10 [booklist] INFO: VALID_ID: 2572441
2023-06-30 17:41:10 [booklist] INFO: VALID_ID: 2588453
2023-06-30 17:41:10 [booklist] INFO: VALID_ID: 2588523
2023-06-30 17:41:10 [booklist] INFO: VALID_ID: 2572270
2023-06-30 17:41:10 [booklist] INFO: VALID_ID: 2572095
2023-06-30 17:41:10 [booklist] INFO: VALID_ID: 2572128
2023-06-30 17:41:10 [booklist] INFO: VALID_ID: 2572149
2023-06-30 17:41:10 [booklist] INFO: VALID_ID: 2572405
2023-06-30 17:41:10 [booklist] INFO: VALID_ID: 2572451
2023-06-30 17:41:10 [booklist] INFO: VALID_ID: 2588421
2023-06-30 17:41:10 [booklist] INFO: VALID_ID: 2588468
2023-06-30 17:41:10 [booklist] INFO: VALID_ID: 2565645
2023-06-30 17:41:10 [booklist] INFO: VALID_ID: 2572257
2023-06-30 17:41:10 [booklist] INFO: VALID_ID: 2572263
2023-06-30 17:41:10 [booklist] INFO: VALID_ID: 2572334
2023-06-30 17:41:10 [booklist] INFO: VALID_ID: 2572339
2023-06-30 17:41:10 [booklist] INFO: VALID_ID: 2572343
2023-06-30 17:41:10 [booklist] INFO: VALID_ID: 2572141
2023-06-30 17:41:12 [scrapy.core.engine] DEBUG: Crawled (200) <POST https://dl.ndl.go.jp/api/item/search> (referer: https://dl.ndl.go.jp/api/item/search)
2023-06-30 17:41:12 [booklist] INFO: Fetched page 4
2023-06-30 17:41:13 [booklist] INFO: VALID_ID: 2572405
2023-06-30 17:41:13 [booklist] INFO: VALID_ID: 2572451
2023-06-30 17:41:13 [booklist] INFO: VALID_ID: 2588421
2023-06-30 17:41:13 [booklist] INFO: VALID_ID: 2588468
2023-06-30 17:41:13 [booklist] INFO: VALID_ID: 2565645
2023-06-30 17:41:13 [booklist] INFO: VALID_ID: 2572257
2023-06-30 17:41:13 [booklist] INFO: VALID_ID: 2572263
2023-06-30 17:41:13 [booklist] INFO: VALID_ID: 2572334
2023-06-30 17:41:13 [booklist] INFO: VALID_ID: 2572339
2023-06-30 17:41:13 [booklist] INFO: VALID_ID: 2572343
2023-06-30 17:41:13 [booklist] INFO: VALID_ID: 2572141
2023-06-30 17:41:13 [booklist] INFO: VALID_ID: 2572153
2023-06-30 17:41:13 [booklist] INFO: VALID_ID: 2572362
2023-06-30 17:41:13 [booklist] INFO: VALID_ID: 2572366
2023-06-30 17:41:13 [booklist] INFO: VALID_ID: 2572408
2023-06-30 17:41:13 [booklist] INFO: VALID_ID: 2588413
2023-06-30 17:41:13 [booklist] INFO: VALID_ID: 2588493
2023-06-30 17:41:13 [booklist] INFO: VALID_ID: 2588500
2023-06-30 17:41:13 [booklist] INFO: VALID_ID: 2588507
2023-06-30 17:41:13 [booklist] INFO: VALID_ID: 2572242
2023-06-30 17:41:13 [booklist] INFO: VALID_ID: 2572258
2023-06-30 17:41:13 [booklist] INFO: VALID_ID: 2572061
2023-06-30 17:41:13 [booklist] INFO: VALID_ID: 2572071
2023-06-30 17:41:13 [booklist] INFO: VALID_ID: 2572079
2023-06-30 17:41:13 [booklist] INFO: VALID_ID: 2572289
2023-06-30 17:41:13 [booklist] INFO: VALID_ID: 2572080
2023-06-30 17:41:13 [booklist] INFO: VALID_ID: 2572083
2023-06-30 17:41:13 [booklist] INFO: VALID_ID: 2572092
2023-06-30 17:41:13 [booklist] INFO: VALID_ID: 2572123
2023-06-30 17:41:13 [booklist] INFO: VALID_ID: 2572345
2023-06-30 17:41:13 [booklist] INFO: VALID_ID: 2572368
2023-06-30 17:41:13 [booklist] INFO: VALID_ID: 2572395
2023-06-30 17:41:13 [booklist] INFO: VALID_ID: 2572400
2023-06-30 17:41:13 [booklist] INFO: VALID_ID: 2572196
2023-06-30 17:41:13 [booklist] INFO: VALID_ID: 2572214
2023-06-30 17:41:13 [booklist] INFO: VALID_ID: 2572228
2023-06-30 17:41:13 [booklist] INFO: VALID_ID: 2572454
2023-06-30 17:41:13 [booklist] INFO: VALID_ID: 2588447
2023-06-30 17:41:13 [booklist] INFO: VALID_ID: 2588466
2023-06-30 17:41:13 [booklist] INFO: VALID_ID: 2588476
2023-06-30 17:41:13 [booklist] INFO: VALID_ID: 2588478
2023-06-30 17:41:13 [booklist] INFO: VALID_ID: 2588511
2023-06-30 17:41:13 [booklist] INFO: VALID_ID: 2608303
2023-06-30 17:41:13 [booklist] INFO: VALID_ID: 2572251
2023-06-30 17:41:13 [booklist] INFO: VALID_ID: 1309146
2023-06-30 17:41:13 [booklist] INFO: VALID_ID: 2572310
2023-06-30 17:41:13 [booklist] INFO: VALID_ID: 2572364
2023-06-30 17:41:13 [booklist] INFO: VALID_ID: 2572413
2023-06-30 17:41:13 [booklist] INFO: VALID_ID: 2572424
2023-06-30 17:41:13 [booklist] INFO: VALID_ID: 2588414
2023-06-30 17:41:13 [booklist] INFO: VALID_ID: 2588437
2023-06-30 17:41:13 [booklist] INFO: VALID_ID: 2588501
2023-06-30 17:41:13 [booklist] INFO: VALID_ID: 2572259
2023-06-30 17:41:13 [booklist] INFO: VALID_ID: 2572266
2023-06-30 17:41:13 [booklist] INFO: VALID_ID: 2572267
2023-06-30 17:41:13 [booklist] INFO: VALID_ID: 2572074
2023-06-30 17:41:13 [booklist] INFO: VALID_ID: 2572298
2023-06-30 17:41:13 [booklist] INFO: VALID_ID: 2572103
2023-06-30 17:41:13 [booklist] INFO: VALID_ID: 2572131
2023-06-30 17:41:13 [booklist] INFO: VALID_ID: 2572354
2023-06-30 17:41:13 [booklist] INFO: VALID_ID: 2572163
2023-06-30 17:41:13 [booklist] INFO: VALID_ID: 2572208
2023-06-30 17:41:13 [booklist] INFO: VALID_ID: 2572430
2023-06-30 17:41:13 [booklist] INFO: VALID_ID: 2572449
2023-06-30 17:41:13 [booklist] INFO: VALID_ID: 2572456
2023-06-30 17:41:13 [booklist] INFO: VALID_ID: 2588458
2023-06-30 17:41:13 [booklist] INFO: VALID_ID: 2588484
2023-06-30 17:41:13 [booklist] INFO: VALID_ID: 2588510
2023-06-30 17:41:13 [booklist] INFO: VALID_ID: 2588517
2023-06-30 17:41:13 [booklist] INFO: VALID_ID: 1306192
2023-06-30 17:41:13 [booklist] INFO: VALID_ID: 2572241
2023-06-30 17:41:13 [booklist] INFO: VALID_ID: 2572285
2023-06-30 17:41:13 [booklist] INFO: VALID_ID: 2572290
2023-06-30 17:41:13 [booklist] INFO: VALID_ID: 2572294
2023-06-30 17:41:13 [booklist] INFO: VALID_ID: 2572086
2023-06-30 17:41:13 [booklist] INFO: VALID_ID: 2572107
2023-06-30 17:41:13 [booklist] INFO: VALID_ID: 2572204
2023-06-30 17:41:13 [booklist] INFO: VALID_ID: 2588427
2023-06-30 17:41:13 [booklist] INFO: VALID_ID: 2588498
2023-06-30 17:41:13 [booklist] INFO: VALID_ID: 2572249
2023-06-30 17:41:13 [booklist] INFO: VALID_ID: 2572101
2023-06-30 17:41:13 [booklist] INFO: VALID_ID: 2572335
2023-06-30 17:41:13 [booklist] INFO: VALID_ID: 2572158
2023-06-30 17:41:13 [booklist] INFO: VALID_ID: 2572377
2023-06-30 17:41:13 [booklist] INFO: VALID_ID: 2572186
2023-06-30 17:41:13 [booklist] INFO: VALID_ID: 2572188
2023-06-30 17:41:13 [booklist] INFO: VALID_ID: 2572190
2023-06-30 17:41:13 [booklist] INFO: VALID_ID: 2572202
2023-06-30 17:41:13 [booklist] INFO: VALID_ID: 2572428
2023-06-30 17:41:13 [booklist] INFO: VALID_ID: 2572436
2023-06-30 17:41:13 [booklist] INFO: VALID_ID: 2572442
2023-06-30 17:41:13 [booklist] INFO: VALID_ID: 2572458
2023-06-30 17:41:13 [booklist] INFO: VALID_ID: 2588446
2023-06-30 17:41:13 [booklist] INFO: VALID_ID: 2588459
2023-06-30 17:41:13 [booklist] INFO: VALID_ID: 2588492
2023-06-30 17:41:13 [booklist] INFO: VALID_ID: 2588499
2023-06-30 17:41:13 [booklist] INFO: VALID_ID: 2588515
2023-06-30 17:41:13 [booklist] INFO: VALID_ID: 2588521
2023-06-30 17:41:13 [booklist] INFO: VALID_ID: 2572237
2023-06-30 17:41:13 [booklist] INFO: VALID_ID: 2572248
2023-06-30 17:41:15 [scrapy.core.engine] DEBUG: Crawled (200) <POST https://dl.ndl.go.jp/api/item/search> (referer: https://dl.ndl.go.jp/api/item/search)
2023-06-30 17:41:15 [booklist] INFO: Fetched page 5
2023-06-30 17:41:16 [booklist] INFO: VALID_ID: 2572295
2023-06-30 17:41:16 [booklist] INFO: VALID_ID: 2572327
2023-06-30 17:41:16 [booklist] INFO: VALID_ID: 2572139
2023-06-30 17:41:16 [booklist] INFO: VALID_ID: 2572361
2023-06-30 17:41:16 [booklist] INFO: VALID_ID: 2572152
2023-06-30 17:41:16 [booklist] INFO: VALID_ID: 2572384
2023-06-30 17:41:16 [booklist] INFO: VALID_ID: 2572175
2023-06-30 17:41:16 [booklist] INFO: VALID_ID: 2572401
2023-06-30 17:41:16 [booklist] INFO: VALID_ID: 2572406
2023-06-30 17:41:16 [booklist] INFO: VALID_ID: 2572197
2023-06-30 17:41:16 [booklist] INFO: VALID_ID: 2572421
2023-06-30 17:41:16 [booklist] INFO: VALID_ID: 2572425
2023-06-30 17:41:16 [booklist] INFO: VALID_ID: 2588407
2023-06-30 17:41:16 [booklist] INFO: VALID_ID: 2572452
2023-06-30 17:41:16 [booklist] INFO: VALID_ID: 2588409
2023-06-30 17:41:16 [booklist] INFO: VALID_ID: 2588431
2023-06-30 17:41:16 [booklist] INFO: VALID_ID: 2588455
2023-06-30 17:41:16 [booklist] INFO: VALID_ID: 2588495
2023-06-30 17:41:16 [booklist] INFO: VALID_ID: 2588496
2023-06-30 17:41:16 [booklist] INFO: VALID_ID: 1305179
2023-06-30 17:41:16 [booklist] INFO: VALID_ID: 2572250
2023-06-30 17:41:16 [booklist] INFO: VALID_ID: 1305182
2023-06-30 17:41:16 [booklist] INFO: VALID_ID: 2572085
2023-06-30 17:41:16 [booklist] INFO: VALID_ID: 2572301
2023-06-30 17:41:16 [booklist] INFO: VALID_ID: 2572316
2023-06-30 17:41:16 [booklist] INFO: VALID_ID: 2572317
2023-06-30 17:41:16 [booklist] INFO: VALID_ID: 2572326
2023-06-30 17:41:16 [booklist] INFO: VALID_ID: 2572328
2023-06-30 17:41:16 [booklist] INFO: VALID_ID: 2572340
2023-06-30 17:41:16 [booklist] INFO: VALID_ID: 2572145
2023-06-30 17:41:16 [booklist] INFO: VALID_ID: 2572355
2023-06-30 17:41:16 [booklist] INFO: VALID_ID: 2572165
2023-06-30 17:41:16 [booklist] INFO: VALID_ID: 2572173
2023-06-30 17:41:16 [booklist] INFO: VALID_ID: 2572176
2023-06-30 17:41:16 [booklist] INFO: VALID_ID: 2572394
2023-06-30 17:41:16 [booklist] INFO: VALID_ID: 2572404
2023-06-30 17:41:16 [booklist] INFO: VALID_ID: 2572215
2023-06-30 17:41:16 [booklist] INFO: VALID_ID: 2572455
2023-06-30 17:41:16 [booklist] INFO: VALID_ID: 2588426
2023-06-30 17:41:16 [booklist] INFO: VALID_ID: 2572308
2023-06-30 17:41:16 [booklist] INFO: VALID_ID: 2572311
2023-06-30 17:41:16 [booklist] INFO: VALID_ID: 2572109
2023-06-30 17:41:16 [booklist] INFO: VALID_ID: 1309574
2023-06-30 17:41:16 [booklist] INFO: VALID_ID: 2572338
2023-06-30 17:41:16 [booklist] INFO: VALID_ID: 2572346
2023-06-30 17:41:16 [booklist] INFO: VALID_ID: 2572356
2023-06-30 17:41:16 [booklist] INFO: VALID_ID: 2572169
2023-06-30 17:41:16 [booklist] INFO: VALID_ID: 2572399
2023-06-30 17:41:16 [booklist] INFO: VALID_ID: 2572205
2023-06-30 17:41:16 [booklist] INFO: VALID_ID: 2588405
2023-06-30 17:41:16 [booklist] INFO: VALID_ID: 2588422
2023-06-30 17:41:16 [booklist] INFO: VALID_ID: 2572288
2023-06-30 17:41:16 [booklist] INFO: VALID_ID: 2572099
2023-06-30 17:41:16 [booklist] INFO: VALID_ID: 2572133
2023-06-30 17:41:16 [booklist] INFO: VALID_ID: 2572172
2023-06-30 17:41:16 [booklist] INFO: VALID_ID: 2572382
2023-06-30 17:41:16 [booklist] INFO: VALID_ID: 2572180
2023-06-30 17:41:16 [booklist] INFO: VALID_ID: 2572392
2023-06-30 17:41:16 [booklist] INFO: VALID_ID: 2572207
2023-06-30 17:41:16 [booklist] INFO: VALID_ID: 2588462
2023-06-30 17:41:16 [booklist] INFO: VALID_ID: 2588467
2023-06-30 17:41:16 [booklist] INFO: VALID_ID: 2588480
2023-06-30 17:41:16 [booklist] INFO: VALID_ID: 2588489
2023-06-30 17:41:16 [booklist] INFO: VALID_ID: 2588518
2023-06-30 17:41:16 [booklist] INFO: VALID_ID: 2572236
2023-06-30 17:41:16 [booklist] INFO: VALID_ID: 2572255
2023-06-30 17:41:16 [booklist] INFO: VALID_ID: 2572273
2023-06-30 17:41:16 [booklist] INFO: VALID_ID: 2572082
2023-06-30 17:41:16 [booklist] INFO: VALID_ID: 2572089
2023-06-30 17:41:16 [booklist] INFO: VALID_ID: 2572305
2023-06-30 17:41:16 [booklist] INFO: VALID_ID: 2572358
2023-06-30 17:41:16 [booklist] INFO: VALID_ID: 2572403
2023-06-30 17:41:16 [booklist] INFO: VALID_ID: 2572411
2023-06-30 17:41:16 [booklist] INFO: VALID_ID: 2572435
2023-06-30 17:41:16 [booklist] INFO: VALID_ID: 2572230
2023-06-30 17:41:16 [booklist] INFO: VALID_ID: 2572447
2023-06-30 17:41:16 [booklist] INFO: VALID_ID: 2572450
2023-06-30 17:41:16 [booklist] INFO: VALID_ID: 2588418
2023-06-30 17:41:16 [booklist] INFO: VALID_ID: 2588432
2023-06-30 17:41:16 [booklist] INFO: VALID_ID: 2588435
2023-06-30 17:41:16 [booklist] INFO: VALID_ID: 2588527
2023-06-30 17:41:16 [booklist] INFO: VALID_ID: 2532680
2023-06-30 17:41:16 [booklist] INFO: VALID_ID: 2572073
2023-06-30 17:41:16 [booklist] INFO: VALID_ID: 2572094
2023-06-30 17:41:16 [booklist] INFO: VALID_ID: 2572303
2023-06-30 17:41:16 [booklist] INFO: VALID_ID: 2572111
2023-06-30 17:41:16 [booklist] INFO: VALID_ID: 2572376
2023-06-30 17:41:16 [booklist] INFO: VALID_ID: 2572388
2023-06-30 17:41:16 [booklist] INFO: VALID_ID: 2572217
2023-06-30 17:41:16 [booklist] INFO: VALID_ID: 2572220
2023-06-30 17:41:16 [booklist] INFO: VALID_ID: 2572223
2023-06-30 17:41:16 [booklist] INFO: VALID_ID: 2572227
2023-06-30 17:41:16 [booklist] INFO: VALID_ID: 2588443
2023-06-30 17:41:16 [booklist] INFO: VALID_ID: 2588448
2023-06-30 17:41:16 [booklist] INFO: VALID_ID: 2588450
2023-06-30 17:41:16 [booklist] INFO: VALID_ID: 2588457
2023-06-30 17:41:16 [booklist] INFO: VALID_ID: 2588475
2023-06-30 17:41:16 [booklist] INFO: VALID_ID: 2588491
2023-06-30 17:41:16 [booklist] INFO: VALID_ID: 2588494
2023-06-30 17:41:16 [booklist] INFO: VALID_ID: 2572066
2023-06-30 17:41:17 [scrapy.core.engine] DEBUG: Crawled (200) <POST https://dl.ndl.go.jp/api/item/search> (referer: https://dl.ndl.go.jp/api/item/search)
2023-06-30 17:41:17 [booklist] INFO: Fetched page 6
2023-06-30 17:41:18 [booklist] INFO: VALID_ID: 2572388
2023-06-30 17:41:18 [booklist] INFO: VALID_ID: 2572217
2023-06-30 17:41:18 [booklist] INFO: VALID_ID: 2572220
2023-06-30 17:41:18 [booklist] INFO: VALID_ID: 2572223
2023-06-30 17:41:18 [booklist] INFO: VALID_ID: 2572227
2023-06-30 17:41:18 [booklist] INFO: VALID_ID: 2588443
2023-06-30 17:41:18 [booklist] INFO: VALID_ID: 2588448
2023-06-30 17:41:18 [booklist] INFO: VALID_ID: 2588450
2023-06-30 17:41:18 [booklist] INFO: VALID_ID: 2588457
2023-06-30 17:41:18 [booklist] INFO: VALID_ID: 2588475
2023-06-30 17:41:18 [booklist] INFO: VALID_ID: 2588491
2023-06-30 17:41:18 [booklist] INFO: VALID_ID: 2588494
2023-06-30 17:41:18 [booklist] INFO: VALID_ID: 2572236
2023-06-30 17:41:18 [booklist] INFO: VALID_ID: 2572255
2023-06-30 17:41:18 [booklist] INFO: VALID_ID: 2572273
2023-06-30 17:41:18 [booklist] INFO: VALID_ID: 2572082
2023-06-30 17:41:18 [booklist] INFO: VALID_ID: 2572089
2023-06-30 17:41:18 [booklist] INFO: VALID_ID: 2572305
2023-06-30 17:41:18 [booklist] INFO: VALID_ID: 2572358
2023-06-30 17:41:18 [booklist] INFO: VALID_ID: 2572403
2023-06-30 17:41:18 [booklist] INFO: VALID_ID: 2572411
2023-06-30 17:41:18 [booklist] INFO: VALID_ID: 2572435
2023-06-30 17:41:18 [booklist] INFO: VALID_ID: 2572230
2023-06-30 17:41:18 [booklist] INFO: VALID_ID: 2572447
2023-06-30 17:41:18 [booklist] INFO: VALID_ID: 2572450
2023-06-30 17:41:18 [booklist] INFO: VALID_ID: 2588418
2023-06-30 17:41:18 [booklist] INFO: VALID_ID: 2588432
2023-06-30 17:41:18 [booklist] INFO: VALID_ID: 2588435
2023-06-30 17:41:18 [booklist] INFO: VALID_ID: 2588527
2023-06-30 17:41:18 [booklist] INFO: VALID_ID: 2607717
2023-06-30 17:41:18 [booklist] INFO: VALID_ID: 2572238
2023-06-30 17:41:18 [booklist] INFO: VALID_ID: 2572246
2023-06-30 17:41:18 [booklist] INFO: VALID_ID: 2572302
2023-06-30 17:41:18 [booklist] INFO: VALID_ID: 2572102
2023-06-30 17:41:18 [booklist] INFO: VALID_ID: 2572106
2023-06-30 17:41:18 [booklist] INFO: VALID_ID: 2572115
2023-06-30 17:41:18 [booklist] INFO: VALID_ID: 2572120
2023-06-30 17:41:18 [booklist] INFO: VALID_ID: 1310865
2023-06-30 17:41:18 [booklist] INFO: VALID_ID: 2572341
2023-06-30 17:41:18 [booklist] INFO: VALID_ID: 2572347
2023-06-30 17:41:18 [booklist] INFO: VALID_ID: 2572351
2023-06-30 17:41:18 [booklist] INFO: VALID_ID: 2572352
2023-06-30 17:41:18 [booklist] INFO: VALID_ID: 2572363
2023-06-30 17:41:18 [booklist] INFO: VALID_ID: 2572370
2023-06-30 17:41:18 [booklist] INFO: VALID_ID: 2572409
2023-06-30 17:41:18 [booklist] INFO: VALID_ID: 2572434
2023-06-30 17:41:18 [booklist] INFO: VALID_ID: 2572438
2023-06-30 17:41:18 [booklist] INFO: VALID_ID: 2572457
2023-06-30 17:41:18 [booklist] INFO: VALID_ID: 2588423
2023-06-30 17:41:18 [booklist] INFO: VALID_ID: 2588430
2023-06-30 17:41:18 [booklist] INFO: VALID_ID: 2588445
2023-06-30 17:41:18 [booklist] INFO: VALID_ID: 2588449
2023-06-30 17:41:18 [booklist] INFO: VALID_ID: 2588505
2023-06-30 17:41:18 [booklist] INFO: VALID_ID: 2588506
2023-06-30 17:41:18 [booklist] INFO: VALID_ID: 2572066
2023-06-30 17:41:18 [booklist] INFO: VALID_ID: 2572104
2023-06-30 17:41:18 [booklist] INFO: VALID_ID: 2572313
2023-06-30 17:41:18 [booklist] INFO: VALID_ID: 2572318
2023-06-30 17:41:18 [booklist] INFO: VALID_ID: 2572148
2023-06-30 17:41:18 [booklist] INFO: VALID_ID: 2572367
2023-06-30 17:41:18 [booklist] INFO: VALID_ID: 2572159
2023-06-30 17:41:18 [booklist] INFO: VALID_ID: 2572372
2023-06-30 17:41:18 [booklist] INFO: VALID_ID: 2572170
2023-06-30 17:41:18 [booklist] INFO: VALID_ID: 2572398
2023-06-30 17:41:18 [booklist] INFO: VALID_ID: 2572201
2023-06-30 17:41:18 [booklist] INFO: VALID_ID: 2572422
2023-06-30 17:41:18 [booklist] INFO: VALID_ID: 2572216
2023-06-30 17:41:18 [booklist] INFO: VALID_ID: 2572226
2023-06-30 17:41:18 [booklist] INFO: VALID_ID: 2572229
2023-06-30 17:41:18 [booklist] INFO: VALID_ID: 2572232
2023-06-30 17:41:18 [booklist] INFO: VALID_ID: 2588404
2023-06-30 17:41:18 [booklist] INFO: VALID_ID: 2588424
2023-06-30 17:41:18 [booklist] INFO: VALID_ID: 2588487
2023-06-30 17:41:18 [booklist] INFO: VALID_ID: 2572268
2023-06-30 17:41:18 [booklist] INFO: VALID_ID: 2572272
2023-06-30 17:41:18 [booklist] INFO: VALID_ID: 2572282
2023-06-30 17:41:18 [booklist] INFO: VALID_ID: 2572078
2023-06-30 17:41:18 [booklist] INFO: VALID_ID: 2572081
2023-06-30 17:41:18 [booklist] INFO: VALID_ID: 2572088
2023-06-30 17:41:18 [booklist] INFO: VALID_ID: 2572344
2023-06-30 17:41:18 [booklist] INFO: VALID_ID: 2572137
2023-06-30 17:41:18 [booklist] INFO: VALID_ID: 2572160
2023-06-30 17:41:18 [booklist] INFO: VALID_ID: 2572381
2023-06-30 17:41:18 [booklist] INFO: VALID_ID: 2572177
2023-06-30 17:41:18 [booklist] INFO: VALID_ID: 2572179
2023-06-30 17:41:18 [booklist] INFO: VALID_ID: 2572389
2023-06-30 17:41:18 [booklist] INFO: VALID_ID: 2572393
2023-06-30 17:41:18 [booklist] INFO: VALID_ID: 2572444
2023-06-30 17:41:18 [booklist] INFO: VALID_ID: 2588415
2023-06-30 17:41:18 [booklist] INFO: VALID_ID: 2588417
2023-06-30 17:41:18 [booklist] INFO: VALID_ID: 2588465
2023-06-30 17:41:18 [booklist] INFO: VALID_ID: 2588485
2023-06-30 17:41:18 [booklist] INFO: VALID_ID: 2588504
2023-06-30 17:41:18 [booklist] INFO: VALID_ID: 2572091
2023-06-30 17:41:18 [booklist] INFO: VALID_ID: 2572407
2023-06-30 17:41:18 [booklist] INFO: VALID_ID: 2572431
2023-06-30 17:41:18 [booklist] INFO: VALID_ID: 2572233
2023-06-30 17:41:18 [booklist] INFO: VALID_ID: 2588433
2023-06-30 17:41:18 [booklist] INFO: VALID_ID: 2588469
2023-06-30 17:41:18 [booklist] INFO: VALID_ID: 2572256
2023-06-30 17:41:20 [scrapy.core.engine] DEBUG: Crawled (200) <POST https://dl.ndl.go.jp/api/item/search> (referer: https://dl.ndl.go.jp/api/item/search)
2023-06-30 17:41:20 [booklist] INFO: Fetched page 7
2023-06-30 17:41:21 [booklist] INFO: VALID_ID: 2572199
2023-06-30 17:41:21 [booklist] INFO: VALID_ID: 2588460
2023-06-30 17:41:21 [booklist] INFO: VALID_ID: 2588471
2023-06-30 17:41:21 [booklist] INFO: VALID_ID: 2588477
2023-06-30 17:41:21 [booklist] INFO: VALID_ID: 2588509
2023-06-30 17:41:21 [booklist] INFO: VALID_ID: 2588512
2023-06-30 17:41:21 [booklist] INFO: VALID_ID: 2572268
2023-06-30 17:41:21 [booklist] INFO: VALID_ID: 2572272
2023-06-30 17:41:21 [booklist] INFO: VALID_ID: 2572282
2023-06-30 17:41:21 [booklist] INFO: VALID_ID: 2572078
2023-06-30 17:41:21 [booklist] INFO: VALID_ID: 2572081
2023-06-30 17:41:21 [booklist] INFO: VALID_ID: 2572088
2023-06-30 17:41:21 [booklist] INFO: VALID_ID: 2572344
2023-06-30 17:41:21 [booklist] INFO: VALID_ID: 2572137
2023-06-30 17:41:21 [booklist] INFO: VALID_ID: 2572160
2023-06-30 17:41:21 [booklist] INFO: VALID_ID: 2572381
2023-06-30 17:41:21 [booklist] INFO: VALID_ID: 2572177
2023-06-30 17:41:21 [booklist] INFO: VALID_ID: 2572179
2023-06-30 17:41:21 [booklist] INFO: VALID_ID: 2572389
2023-06-30 17:41:21 [booklist] INFO: VALID_ID: 2572393
2023-06-30 17:41:21 [booklist] INFO: VALID_ID: 2572444
2023-06-30 17:41:21 [booklist] INFO: VALID_ID: 2588415
2023-06-30 17:41:21 [booklist] INFO: VALID_ID: 2588417
2023-06-30 17:41:21 [booklist] INFO: VALID_ID: 2588465
2023-06-30 17:41:21 [booklist] INFO: VALID_ID: 2588485
2023-06-30 17:41:21 [booklist] INFO: VALID_ID: 2588504
2023-06-30 17:41:21 [booklist] INFO: VALID_ID: 2565646
2023-06-30 17:41:21 [booklist] INFO: VALID_ID: 2565647
2023-06-30 17:41:21 [booklist] INFO: VALID_ID: 2572243
2023-06-30 17:41:21 [booklist] INFO: VALID_ID: 2572278
2023-06-30 17:41:21 [booklist] INFO: VALID_ID: 2572300
2023-06-30 17:41:21 [booklist] INFO: VALID_ID: 2572108
2023-06-30 17:41:21 [booklist] INFO: VALID_ID: 2572112
2023-06-30 17:41:21 [booklist] INFO: VALID_ID: 2572135
2023-06-30 17:41:21 [booklist] INFO: VALID_ID: 2572348
2023-06-30 17:41:21 [booklist] INFO: VALID_ID: 2572154
2023-06-30 17:41:21 [booklist] INFO: VALID_ID: 2572156
2023-06-30 17:41:21 [booklist] INFO: VALID_ID: 2572371
2023-06-30 17:41:21 [booklist] INFO: VALID_ID: 2572185
2023-06-30 17:41:21 [booklist] INFO: VALID_ID: 2572396
2023-06-30 17:41:21 [booklist] INFO: VALID_ID: 2572192
2023-06-30 17:41:21 [booklist] INFO: VALID_ID: 2572402
2023-06-30 17:41:21 [booklist] INFO: VALID_ID: 2572203
2023-06-30 17:41:21 [booklist] INFO: VALID_ID: 2572433
2023-06-30 17:41:21 [booklist] INFO: VALID_ID: 2572448
2023-06-30 17:41:21 [booklist] INFO: VALID_ID: 2588412
2023-06-30 17:41:21 [booklist] INFO: VALID_ID: 2588442
2023-06-30 17:41:21 [booklist] INFO: VALID_ID: 2588479
2023-06-30 17:41:21 [booklist] INFO: VALID_ID: 2588502
2023-06-30 17:41:21 [booklist] INFO: VALID_ID: 2572077
2023-06-30 17:41:21 [booklist] INFO: VALID_ID: 2572299
2023-06-30 17:41:21 [booklist] INFO: VALID_ID: 2572110
2023-06-30 17:41:21 [booklist] INFO: VALID_ID: 2572118
2023-06-30 17:41:21 [booklist] INFO: VALID_ID: 2572333
2023-06-30 17:41:21 [booklist] INFO: VALID_ID: 2572129
2023-06-30 17:41:21 [booklist] INFO: VALID_ID: 2572157
2023-06-30 17:41:21 [booklist] INFO: VALID_ID: 2572375
2023-06-30 17:41:21 [booklist] INFO: VALID_ID: 2572387
2023-06-30 17:41:21 [booklist] INFO: VALID_ID: 2572198
2023-06-30 17:41:21 [booklist] INFO: VALID_ID: 2572432
2023-06-30 17:41:21 [booklist] INFO: VALID_ID: 2588406
2023-06-30 17:41:21 [booklist] INFO: VALID_ID: 2588472
2023-06-30 17:41:21 [booklist] INFO: VALID_ID: 2588473
2023-06-30 17:41:21 [booklist] INFO: VALID_ID: 2588526
2023-06-30 17:41:21 [booklist] INFO: VALID_ID: 2572254
2023-06-30 17:41:21 [booklist] INFO: VALID_ID: 2572276
2023-06-30 17:41:21 [booklist] INFO: VALID_ID: 2572279
2023-06-30 17:41:21 [booklist] INFO: VALID_ID: 2572114
2023-06-30 17:41:21 [booklist] INFO: VALID_ID: 2572332
2023-06-30 17:41:21 [booklist] INFO: VALID_ID: 2572125
2023-06-30 17:41:21 [booklist] INFO: VALID_ID: 2572132
2023-06-30 17:41:21 [booklist] INFO: VALID_ID: 2572155
2023-06-30 17:41:21 [booklist] INFO: VALID_ID: 2572416
2023-06-30 17:41:21 [booklist] INFO: VALID_ID: 2572419
2023-06-30 17:41:21 [booklist] INFO: VALID_ID: 2572218
2023-06-30 17:41:21 [booklist] INFO: VALID_ID: 2572219
2023-06-30 17:41:21 [booklist] INFO: VALID_ID: 2572437
2023-06-30 17:41:21 [booklist] INFO: VALID_ID: 2572439
2023-06-30 17:41:21 [booklist] INFO: VALID_ID: 2572440
2023-06-30 17:41:21 [booklist] INFO: VALID_ID: 2572235
2023-06-30 17:41:21 [booklist] INFO: VALID_ID: 2588403
2023-06-30 17:41:21 [booklist] INFO: VALID_ID: 2588490
2023-06-30 17:41:21 [booklist] INFO: VALID_ID: 2588516
2023-06-30 17:41:21 [booklist] INFO: VALID_ID: 2588524
2023-06-30 17:41:21 [booklist] INFO: VALID_ID: 2572091
2023-06-30 17:41:21 [booklist] INFO: VALID_ID: 2572407
2023-06-30 17:41:21 [booklist] INFO: VALID_ID: 2572431
2023-06-30 17:41:21 [booklist] INFO: VALID_ID: 2572233
2023-06-30 17:41:21 [booklist] INFO: VALID_ID: 2588433
2023-06-30 17:41:21 [booklist] INFO: VALID_ID: 2588469
2023-06-30 17:41:21 [booklist] INFO: VALID_ID: 2532967
2023-06-30 17:41:21 [booklist] INFO: VALID_ID: 2572245
2023-06-30 17:41:21 [booklist] INFO: VALID_ID: 2572269
2023-06-30 17:41:21 [booklist] INFO: VALID_ID: 2572297
2023-06-30 17:41:21 [booklist] INFO: VALID_ID: 2572093
2023-06-30 17:41:21 [booklist] INFO: VALID_ID: 2572097
2023-06-30 17:41:21 [booklist] INFO: VALID_ID: 2572113
2023-06-30 17:41:21 [booklist] INFO: VALID_ID: 2572331
2023-06-30 17:41:21 [booklist] INFO: VALID_ID: 2572130
2023-06-30 17:41:21 [booklist] INFO: VALID_ID: 2572144
2023-06-30 17:41:23 [scrapy.core.engine] DEBUG: Crawled (200) <POST https://dl.ndl.go.jp/api/item/search> (referer: https://dl.ndl.go.jp/api/item/search)
2023-06-30 17:41:23 [booklist] INFO: Fetched page 8
2023-06-30 17:41:23 [booklist] INFO: VALID_ID: 2588497
2023-06-30 17:41:23 [booklist] INFO: VALID_ID: 2588503
2023-06-30 17:41:23 [booklist] INFO: VALID_ID: 2572244
2023-06-30 17:41:23 [booklist] INFO: VALID_ID: 2572306
2023-06-30 17:41:23 [booklist] INFO: VALID_ID: 2572319
2023-06-30 17:41:23 [booklist] INFO: VALID_ID: 2572324
2023-06-30 17:41:23 [booklist] INFO: VALID_ID: 2572336
2023-06-30 17:41:23 [booklist] INFO: VALID_ID: 2572127
2023-06-30 17:41:23 [booklist] INFO: VALID_ID: 2572415
2023-06-30 17:41:23 [booklist] INFO: VALID_ID: 2572446
2023-06-30 17:41:23 [booklist] INFO: VALID_ID: 2588429
2023-06-30 17:41:23 [booklist] INFO: VALID_ID: 2588474
2023-06-30 17:41:23 [booklist] INFO: VALID_ID: 2572077
2023-06-30 17:41:23 [booklist] INFO: VALID_ID: 2572299
2023-06-30 17:41:23 [booklist] INFO: VALID_ID: 2572110
2023-06-30 17:41:23 [booklist] INFO: VALID_ID: 2572118
2023-06-30 17:41:23 [booklist] INFO: VALID_ID: 2572333
2023-06-30 17:41:23 [booklist] INFO: VALID_ID: 2572129
2023-06-30 17:41:23 [booklist] INFO: VALID_ID: 2572157
2023-06-30 17:41:23 [booklist] INFO: VALID_ID: 2572375
2023-06-30 17:41:23 [booklist] INFO: VALID_ID: 2572387
2023-06-30 17:41:23 [booklist] INFO: VALID_ID: 2572198
2023-06-30 17:41:23 [booklist] INFO: VALID_ID: 2572432
2023-06-30 17:41:23 [booklist] INFO: VALID_ID: 2588406
2023-06-30 17:41:23 [booklist] INFO: VALID_ID: 2588472
2023-06-30 17:41:23 [booklist] INFO: VALID_ID: 2588473
2023-06-30 17:41:23 [booklist] INFO: VALID_ID: 2588526
2023-06-30 17:41:23 [booklist] INFO: VALID_ID: 9370003
2023-06-30 17:41:23 [booklist] INFO: VALID_ID: 1307825
2023-06-30 17:41:23 [booklist] INFO: VALID_ID: 1308152
2023-06-30 17:41:23 [booklist] INFO: VALID_ID: 2572288
2023-06-30 17:41:23 [booklist] INFO: VALID_ID: 2572099
2023-06-30 17:41:23 [booklist] INFO: VALID_ID: 2572133
2023-06-30 17:41:23 [booklist] INFO: VALID_ID: 2572172
2023-06-30 17:41:23 [booklist] INFO: VALID_ID: 2572382
2023-06-30 17:41:23 [booklist] INFO: VALID_ID: 2572180
2023-06-30 17:41:23 [booklist] INFO: VALID_ID: 2572392
2023-06-30 17:41:23 [booklist] INFO: VALID_ID: 2572207
2023-06-30 17:41:23 [booklist] INFO: VALID_ID: 2588462
2023-06-30 17:41:23 [booklist] INFO: VALID_ID: 2588467
2023-06-30 17:41:23 [booklist] INFO: VALID_ID: 2588480
2023-06-30 17:41:23 [booklist] INFO: VALID_ID: 2588489
2023-06-30 17:41:23 [booklist] INFO: VALID_ID: 2588518
2023-06-30 17:41:23 [booklist] INFO: VALID_ID: 1309017
2023-06-30 17:41:23 [booklist] INFO: VALID_ID: 2572264
2023-06-30 17:41:23 [booklist] INFO: VALID_ID: 2572304
2023-06-30 17:41:23 [booklist] INFO: VALID_ID: 2572312
2023-06-30 17:41:23 [booklist] INFO: VALID_ID: 2572116
2023-06-30 17:41:23 [booklist] INFO: VALID_ID: 2572342
2023-06-30 17:41:23 [booklist] INFO: VALID_ID: 2572161
2023-06-30 17:41:23 [booklist] INFO: VALID_ID: 2572385
2023-06-30 17:41:23 [booklist] INFO: VALID_ID: 2572211
2023-06-30 17:41:23 [booklist] INFO: VALID_ID: 2572225
2023-06-30 17:41:23 [booklist] INFO: VALID_ID: 2588428
2023-06-30 17:41:23 [booklist] INFO: VALID_ID: 2588441
2023-06-30 17:41:23 [booklist] INFO: VALID_ID: 2588481
2023-06-30 17:41:23 [booklist] INFO: VALID_ID: 2588520
2023-06-30 17:41:23 [booklist] INFO: VALID_ID: 1311965
2023-06-30 17:41:23 [booklist] INFO: VALID_ID: 2610692
2023-06-30 17:41:23 [booklist] INFO: VALID_ID: 1308153
2023-06-30 17:41:23 [booklist] INFO: VALID_ID: 1311480
2023-06-30 17:41:23 [booklist] INFO: VALID_ID: 1301849
2023-06-30 17:41:23 [booklist] INFO: VALID_ID: 9892575
2023-06-30 17:41:23 [booklist] INFO: VALID_ID: 1313362
2023-06-30 17:41:23 [booklist] INFO: VALID_ID: 1309010
2023-06-30 17:41:23 [booklist] INFO: VALID_ID: 1309021
2023-06-30 17:41:23 [booklist] INFO: VALID_ID: 1308166
2023-06-30 17:41:23 [booklist] INFO: VALID_ID: 1309027
2023-06-30 17:41:23 [booklist] INFO: VALID_ID: 1309033
2023-06-30 17:41:23 [booklist] INFO: VALID_ID: 9369974
2023-06-30 17:41:23 [booklist] INFO: VALID_ID: 1309007
2023-06-30 17:41:23 [booklist] INFO: VALID_ID: 2540147
2023-06-30 17:41:23 [booklist] INFO: VALID_ID: 1312385
2023-06-30 17:41:23 [booklist] INFO: VALID_ID: 1309008
2023-06-30 17:41:23 [booklist] INFO: VALID_ID: 1309015
2023-06-30 17:41:23 [booklist] INFO: VALID_ID: 1309013
2023-06-30 17:41:23 [booklist] INFO: VALID_ID: 1309023
2023-06-30 17:41:23 [booklist] INFO: VALID_ID: 9893238
2023-06-30 17:41:23 [booklist] INFO: VALID_ID: 9369987
2023-06-30 17:41:23 [booklist] INFO: VALID_ID: 1301348
2023-06-30 17:41:23 [booklist] INFO: VALID_ID: 1307196
2023-06-30 17:41:23 [booklist] INFO: VALID_ID: 1306598
2023-06-30 17:41:23 [booklist] INFO: VALID_ID: 1301296
2023-06-30 17:41:23 [booklist] INFO: VALID_ID: 1305580
2023-06-30 17:41:23 [booklist] INFO: VALID_ID: 9369483
2023-06-30 17:41:23 [booklist] INFO: VALID_ID: 1301754
2023-06-30 17:41:23 [booklist] INFO: VALID_ID: 1287677
2023-06-30 17:41:23 [booklist] INFO: VALID_ID: 1307819
2023-06-30 17:41:23 [booklist] INFO: VALID_ID: 1305470
2023-06-30 17:41:23 [booklist] INFO: VALID_ID: 1307198
2023-06-30 17:41:23 [booklist] INFO: VALID_ID: 2565276
2023-06-30 17:41:23 [booklist] INFO: VALID_ID: 1312373
2023-06-30 17:41:23 [booklist] INFO: VALID_ID: 2591842
2023-06-30 17:41:23 [booklist] INFO: VALID_ID: 1309016
2023-06-30 17:41:23 [booklist] INFO: VALID_ID: 1307795
2023-06-30 17:41:23 [booklist] INFO: VALID_ID: 1305030
2023-06-30 17:41:23 [booklist] INFO: VALID_ID: 1301341
2023-06-30 17:41:23 [booklist] INFO: VALID_ID: 9892465
2023-06-30 17:41:23 [booklist] INFO: VALID_ID: 8929266
2023-06-30 17:41:23 [booklist] INFO: VALID_ID: 1304070
2023-06-30 17:41:24 [scrapy.core.engine] DEBUG: Crawled (200) <POST https://dl.ndl.go.jp/api/item/search> (referer: https://dl.ndl.go.jp/api/item/search)
2023-06-30 17:41:24 [booklist] INFO: Fetched page 9
2023-06-30 17:41:24 [booklist] INFO: VALID_ID: 1307415
2023-06-30 17:41:24 [booklist] INFO: VALID_ID: 1308492
2023-06-30 17:41:24 [booklist] INFO: VALID_ID: 1313539
2023-06-30 17:41:24 [booklist] INFO: VALID_ID: 2585389
2023-06-30 17:41:24 [booklist] INFO: VALID_ID: 10303982
2023-06-30 17:41:24 [booklist] INFO: VALID_ID: 1306085
2023-06-30 17:41:24 [booklist] INFO: VALID_ID: 1304070
2023-06-30 17:41:24 [booklist] INFO: VALID_ID: 2542888
2023-06-30 17:41:24 [booklist] INFO: VALID_ID: 1310867
2023-06-30 17:41:24 [booklist] INFO: VALID_ID: 1308164
2023-06-30 17:41:24 [booklist] INFO: VALID_ID: 1301333
2023-06-30 17:41:24 [booklist] INFO: VALID_ID: 1308874
2023-06-30 17:41:24 [booklist] INFO: VALID_ID: 1288531
2023-06-30 17:41:24 [booklist] INFO: VALID_ID: 9892765
2023-06-30 17:41:24 [booklist] INFO: VALID_ID: 2542100
2023-06-30 17:41:24 [booklist] INFO: VALID_ID: 1304034
2023-06-30 17:41:24 [booklist] INFO: VALID_ID: 1308000
2023-06-30 17:41:24 [booklist] INFO: VALID_ID: 1307995
2023-06-30 17:41:24 [booklist] INFO: VALID_ID: 1312386
2023-06-30 17:41:24 [booklist] INFO: VALID_ID: 1308154
2023-06-30 17:41:24 [booklist] INFO: VALID_ID: 1306863
2023-06-30 17:41:24 [booklist] INFO: VALID_ID: 2542290
2023-06-30 17:41:24 [booklist] INFO: VALID_ID: 1307307
2023-06-30 17:41:24 [booklist] INFO: VALID_ID: 1307998
2023-06-30 17:41:24 [booklist] INFO: VALID_ID: 1312380
2023-06-30 17:41:24 [booklist] INFO: VALID_ID: 2533991
2023-06-30 17:41:24 [booklist] INFO: VALID_ID: 1307992
2023-06-30 17:41:24 [booklist] INFO: VALID_ID: 1307996
2023-06-30 17:41:24 [booklist] INFO: VALID_ID: 1307997
2023-06-30 17:41:24 [booklist] INFO: VALID_ID: 2589449
2023-06-30 17:41:24 [booklist] INFO: VALID_ID: 1313537
2023-06-30 17:41:24 [booklist] INFO: VALID_ID: 1308001
2023-06-30 17:41:24 [booklist] INFO: VALID_ID: 2533156
2023-06-30 17:41:24 [booklist] INFO: VALID_ID: 1304046
2023-06-30 17:41:24 [booklist] INFO: VALID_ID: 1313262
2023-06-30 17:41:24 [booklist] INFO: VALID_ID: 2533987
2023-06-30 17:41:24 [booklist] INFO: VALID_ID: 1307993
2023-06-30 17:41:24 [booklist] INFO: VALID_ID: 1301338
2023-06-30 17:41:24 [booklist] INFO: VALID_ID: 1307994
2023-06-30 17:41:24 [booklist] INFO: VALID_ID: 1307999
2023-06-30 17:41:24 [booklist] INFO: VALID_ID: 2565277
2023-06-30 17:41:24 [booklist] INFO: VALID_ID: 11891697
2023-06-30 17:41:24 [booklist] INFO: VALID_ID: 1304036
2023-06-30 17:41:24 [booklist] INFO: VALID_ID: 1301775
2023-06-30 17:41:24 [booklist] INFO: VALID_ID: 1305120
2023-06-30 17:41:24 [booklist] INFO: VALID_ID: 1308572
2023-06-30 17:41:24 [booklist] INFO: VALID_ID: 1312276
2023-06-30 17:41:24 [booklist] INFO: VALID_ID: 1301972
2023-06-30 17:41:24 [booklist] INFO: VALID_ID: 1304037
2023-06-30 17:41:24 [booklist] INFO: VALID_ID: 1312681
2023-06-30 17:41:24 [booklist] INFO: VALID_ID: 1312695
2023-06-30 17:41:24 [booklist] INFO: VALID_ID: 1312698
2023-06-30 17:41:24 [booklist] INFO: VALID_ID: 1312675
2023-06-30 17:41:24 [booklist] INFO: VALID_ID: 1312624
2023-06-30 17:41:24 [booklist] INFO: VALID_ID: 1303245
2023-06-30 17:41:24 [booklist] INFO: VALID_ID: 2540773
2023-06-30 17:41:24 [booklist] INFO: VALID_ID: 1302366
2023-06-30 17:41:24 [booklist] INFO: VALID_ID: 1305047
2023-06-30 17:41:24 [booklist] INFO: VALID_ID: 1302571
2023-06-30 17:41:24 [booklist] INFO: VALID_ID: 1308167
2023-06-30 17:41:24 [booklist] INFO: VALID_ID: 1308567
2023-06-30 17:41:24 [booklist] INFO: VALID_ID: 9369453
2023-06-30 17:41:24 [booklist] INFO: VALID_ID: 1301790
2023-06-30 17:41:24 [booklist] INFO: VALID_ID: 1312402
2023-06-30 17:41:24 [booklist] INFO: VALID_ID: 2537882
2023-06-30 17:41:24 [booklist] INFO: VALID_ID: 1307791
2023-06-30 17:41:24 [booklist] INFO: VALID_ID: 1312139
2023-06-30 17:41:24 [booklist] INFO: VALID_ID: 1303476
2023-06-30 17:41:24 [booklist] INFO: VALID_ID: 2542670
2023-06-30 17:41:24 [booklist] INFO: VALID_ID: 1312379
2023-06-30 17:41:24 [booklist] INFO: VALID_ID: 1303990
2023-06-30 17:41:24 [booklist] INFO: VALID_ID: 1308581
2023-06-30 17:41:24 [booklist] INFO: VALID_ID: 1304052
2023-06-30 17:41:24 [booklist] INFO: VALID_ID: 1312438
2023-06-30 17:41:24 [booklist] INFO: VALID_ID: 1307793
2023-06-30 17:41:24 [booklist] INFO: VALID_ID: 1308573
2023-06-30 17:41:24 [booklist] INFO: VALID_ID: 1309537
2023-06-30 17:41:24 [booklist] INFO: VALID_ID: 2584166
2023-06-30 17:41:24 [booklist] INFO: VALID_ID: 1310758
2023-06-30 17:41:24 [booklist] INFO: VALID_ID: 1302365
2023-06-30 17:41:24 [booklist] INFO: VALID_ID: 1303481
2023-06-30 17:41:24 [booklist] INFO: VALID_ID: 1308562
2023-06-30 17:41:24 [booklist] INFO: VALID_ID: 1303986
2023-06-30 17:41:24 [booklist] INFO: VALID_ID: 1311903
2023-06-30 17:41:24 [booklist] INFO: VALID_ID: 2584621
2023-06-30 17:41:24 [booklist] INFO: VALID_ID: 1307195
2023-06-30 17:41:24 [booklist] INFO: VALID_ID: 1303807
2023-06-30 17:41:24 [booklist] INFO: VALID_ID: 1301925
2023-06-30 17:41:24 [booklist] INFO: VALID_ID: 1312309
2023-06-30 17:41:24 [booklist] INFO: VALID_ID: 1303342
2023-06-30 17:41:24 [booklist] INFO: VALID_ID: 1308024
2023-06-30 17:41:24 [booklist] INFO: VALID_ID: 1303343
2023-06-30 17:41:24 [booklist] INFO: VALID_ID: 1313321
2023-06-30 17:41:24 [booklist] INFO: VALID_ID: 1308785
2023-06-30 17:41:24 [booklist] INFO: VALID_ID: 1305734
2023-06-30 17:41:24 [booklist] INFO: VALID_ID: 1308319
2023-06-30 17:41:24 [booklist] INFO: VALID_ID: 1309885
2023-06-30 17:41:24 [booklist] INFO: VALID_ID: 2584622
2023-06-30 17:41:24 [booklist] INFO: VALID_ID: 2540759
2023-06-30 17:41:24 [booklist] INFO: VALID_ID: 1303340
2023-06-30 17:41:26 [scrapy.core.engine] DEBUG: Crawled (200) <POST https://dl.ndl.go.jp/api/item/search> (referer: https://dl.ndl.go.jp/api/item/search)
2023-06-30 17:41:26 [booklist] INFO: Fetched page 10
2023-06-30 17:41:26 [booklist] INFO: VALID_ID: 1307842
2023-06-30 17:41:26 [booklist] INFO: VALID_ID: 1303279
2023-06-30 17:41:26 [booklist] INFO: VALID_ID: 1307166
2023-06-30 17:41:26 [booklist] INFO: VALID_ID: 1308262
2023-06-30 17:41:26 [booklist] INFO: VALID_ID: 1307225
2023-06-30 17:41:26 [booklist] INFO: VALID_ID: 1304039
2023-06-30 17:41:26 [booklist] INFO: VALID_ID: 1305467
2023-06-30 17:41:26 [booklist] INFO: VALID_ID: 1305826
2023-06-30 17:41:26 [booklist] INFO: VALID_ID: 1308382
2023-06-30 17:41:26 [booklist] INFO: VALID_ID: 1302730
2023-06-30 17:41:26 [booklist] INFO: VALID_ID: 1309877
2023-06-30 17:41:26 [booklist] INFO: VALID_ID: 1306940
2023-06-30 17:41:26 [booklist] INFO: VALID_ID: 2540608
2023-06-30 17:41:26 [booklist] INFO: VALID_ID: 1308881
2023-06-30 17:41:26 [booklist] INFO: VALID_ID: 11891829
2023-06-30 17:41:26 [booklist] INFO: VALID_ID: 1307093
2023-06-30 17:41:26 [booklist] INFO: VALID_ID: 1301340
2023-06-30 17:41:26 [booklist] INFO: VALID_ID: 1311174
2023-06-30 17:41:26 [booklist] INFO: VALID_ID: 2548610
2023-06-30 17:41:26 [booklist] INFO: VALID_ID: 2576243
2023-06-30 17:41:26 [booklist] INFO: VALID_ID: 1302684
2023-06-30 17:41:26 [booklist] INFO: VALID_ID: 1307980
2023-06-30 17:41:26 [booklist] INFO: VALID_ID: 1307097
2023-06-30 17:41:26 [booklist] INFO: VALID_ID: 1307211
2023-06-30 17:41:26 [booklist] INFO: VALID_ID: 1304051
2023-06-30 17:41:26 [booklist] INFO: VALID_ID: 1312845
2023-06-30 17:41:26 [booklist] INFO: VALID_ID: 1305343
2023-06-30 17:41:26 [booklist] INFO: VALID_ID: 1302537
2023-06-30 17:41:26 [booklist] INFO: VALID_ID: 1308532
2023-06-30 17:41:26 [booklist] INFO: VALID_ID: 1286637
2023-06-30 17:41:26 [booklist] INFO: VALID_ID: 1307267
2023-06-30 17:41:26 [booklist] INFO: VALID_ID: 1311919
2023-06-30 17:41:26 [booklist] INFO: VALID_ID: 1307119
2023-06-30 17:41:26 [booklist] INFO: VALID_ID: 1307823
2023-06-30 17:41:26 [booklist] INFO: VALID_ID: 1302721
2023-06-30 17:41:26 [booklist] INFO: VALID_ID: 1311805
2023-06-30 17:41:26 [booklist] INFO: VALID_ID: 1310925
2023-06-30 17:41:26 [booklist] INFO: VALID_ID: 1302727
2023-06-30 17:41:26 [booklist] INFO: VALID_ID: 1309852
2023-06-30 17:41:26 [booklist] INFO: VALID_ID: 1308583
2023-06-30 17:41:26 [booklist] INFO: VALID_ID: 1307096
2023-06-30 17:41:26 [booklist] INFO: VALID_ID: 2542281
2023-06-30 17:41:26 [booklist] INFO: VALID_ID: 1311989
2023-06-30 17:41:26 [booklist] INFO: VALID_ID: 1307574
2023-06-30 17:41:26 [booklist] INFO: VALID_ID: 2542099
2023-06-30 17:41:26 [booklist] INFO: VALID_ID: 1307143
2023-06-30 17:41:26 [booklist] INFO: VALID_ID: 2593550
2023-06-30 17:41:26 [booklist] INFO: VALID_ID: 2593526
2023-06-30 17:41:26 [booklist] INFO: VALID_ID: 1307120
2023-06-30 17:41:26 [booklist] INFO: VALID_ID: 1307132
2023-06-30 17:41:26 [booklist] INFO: VALID_ID: 1301789
2023-06-30 17:41:26 [booklist] INFO: VALID_ID: 1307109
2023-06-30 17:41:26 [booklist] INFO: VALID_ID: 1310837
2023-06-30 17:41:26 [booklist] INFO: VALID_ID: 1307204
2023-06-30 17:41:26 [booklist] INFO: VALID_ID: 1307127
2023-06-30 17:41:26 [booklist] INFO: VALID_ID: 1305358
2023-06-30 17:41:26 [booklist] INFO: VALID_ID: 1312714
2023-06-30 17:41:26 [booklist] INFO: VALID_ID: 1307131
2023-06-30 17:41:26 [booklist] INFO: VALID_ID: 2585414
2023-06-30 17:41:26 [booklist] INFO: VALID_ID: 1309338
2023-06-30 17:41:26 [booklist] INFO: VALID_ID: 1302718
2023-06-30 17:41:26 [booklist] INFO: VALID_ID: 1287554
2023-06-30 17:41:26 [booklist] INFO: VALID_ID: 1307189
2023-06-30 17:41:26 [booklist] INFO: VALID_ID: 1307136
2023-06-30 17:41:26 [booklist] INFO: VALID_ID: 2585579
2023-06-30 17:41:26 [booklist] INFO: VALID_ID: 1307156
2023-06-30 17:41:26 [booklist] INFO: VALID_ID: 1308587
2023-06-30 17:41:26 [booklist] INFO: VALID_ID: 1302704
2023-06-30 17:41:26 [booklist] INFO: VALID_ID: 1305707
2023-06-30 17:41:26 [booklist] INFO: VALID_ID: 2603747
2023-06-30 17:41:26 [booklist] INFO: VALID_ID: 9369467
2023-06-30 17:41:26 [booklist] INFO: VALID_ID: 9369497
2023-06-30 17:41:26 [booklist] INFO: VALID_ID: 1301383
2023-06-30 17:41:26 [booklist] INFO: VALID_ID: 1305357
2023-06-30 17:41:26 [booklist] INFO: VALID_ID: 1305049
2023-06-30 17:41:26 [booklist] INFO: VALID_ID: 2542337
2023-06-30 17:41:26 [booklist] INFO: VALID_ID: 2603748
2023-06-30 17:41:26 [booklist] INFO: VALID_ID: 1307803
2023-06-30 17:41:26 [booklist] INFO: VALID_ID: 1307130
2023-06-30 17:41:26 [booklist] INFO: VALID_ID: 1307108
2023-06-30 17:41:26 [booklist] INFO: VALID_ID: 1307141
2023-06-30 17:41:26 [booklist] INFO: VALID_ID: 2603749
2023-06-30 17:41:26 [booklist] INFO: VALID_ID: 1311924
2023-06-30 17:41:26 [booklist] INFO: VALID_ID: 2603750
2023-06-30 17:41:26 [booklist] INFO: VALID_ID: 2610637
2023-06-30 17:41:26 [booklist] INFO: VALID_ID: 1308574
2023-06-30 17:41:26 [booklist] INFO: VALID_ID: 1305616
2023-06-30 17:41:26 [booklist] INFO: VALID_ID: 1307121
2023-06-30 17:41:26 [booklist] INFO: VALID_ID: 1308191
2023-06-30 17:41:26 [booklist] INFO: VALID_ID: 1308028
2023-06-30 17:41:26 [booklist] INFO: VALID_ID: 1307186
2023-06-30 17:41:26 [booklist] INFO: VALID_ID: 1302552
2023-06-30 17:41:26 [booklist] INFO: VALID_ID: 1307218
2023-06-30 17:41:26 [booklist] INFO: VALID_ID: 1301298
2023-06-30 17:41:26 [booklist] INFO: VALID_ID: 1307546
2023-06-30 17:41:26 [booklist] INFO: VALID_ID: 1302604
2023-06-30 17:41:26 [booklist] INFO: VALID_ID: 1312374
2023-06-30 17:41:26 [booklist] INFO: VALID_ID: 1312625
2023-06-30 17:41:26 [booklist] INFO: VALID_ID: 2589476
2023-06-30 17:41:26 [booklist] INFO: VALID_ID: 1287794
2023-06-30 17:41:27 [scrapy.core.engine] DEBUG: Crawled (200) <POST https://dl.ndl.go.jp/api/item/search> (referer: https://dl.ndl.go.jp/api/item/search)
2023-06-30 17:41:27 [booklist] INFO: Fetched page 11
2023-06-30 17:41:27 [booklist] INFO: VALID_ID: 1308155
2023-06-30 17:41:27 [booklist] INFO: VALID_ID: 2589477
2023-06-30 17:41:27 [booklist] INFO: VALID_ID: 1308179
2023-06-30 17:41:27 [booklist] INFO: VALID_ID: 1311929
2023-06-30 17:41:27 [booklist] INFO: VALID_ID: 2585471
2023-06-30 17:41:27 [booklist] INFO: VALID_ID: 1308193
2023-06-30 17:41:27 [booklist] INFO: VALID_ID: 2609540
2023-06-30 17:41:27 [booklist] INFO: VALID_ID: 1287682
2023-06-30 17:41:27 [booklist] INFO: VALID_ID: 9369468
2023-06-30 17:41:27 [booklist] INFO: VALID_ID: 1287784
2023-06-30 17:41:27 [booklist] INFO: VALID_ID: 1287697
2023-06-30 17:41:27 [booklist] INFO: VALID_ID: 2542488
2023-06-30 17:41:27 [booklist] INFO: VALID_ID: 1308157
2023-06-30 17:41:27 [booklist] INFO: VALID_ID: 1312375
2023-06-30 17:41:27 [booklist] INFO: VALID_ID: 1287811
2023-06-30 17:41:27 [booklist] INFO: VALID_ID: 1303982
2023-06-30 17:41:27 [booklist] INFO: VALID_ID: 1287692
2023-06-30 17:41:27 [booklist] INFO: VALID_ID: 1287793
2023-06-30 17:41:27 [booklist] INFO: VALID_ID: 1287693
2023-06-30 17:41:27 [booklist] INFO: VALID_ID: 1287701
2023-06-30 17:41:27 [booklist] INFO: VALID_ID: 1287684
2023-06-30 17:41:27 [booklist] INFO: VALID_ID: 1287792
2023-06-30 17:41:27 [booklist] INFO: VALID_ID: 1312622
2023-06-30 17:41:27 [booklist] INFO: VALID_ID: 1288339
2023-06-30 17:41:27 [booklist] INFO: VALID_ID: 1287716
2023-06-30 17:41:27 [booklist] INFO: VALID_ID: 2609618
2023-06-30 17:41:27 [booklist] INFO: VALID_ID: 1287785
2023-06-30 17:41:27 [booklist] INFO: VALID_ID: 1287823
2023-06-30 17:41:27 [booklist] INFO: VALID_ID: 1287703
2023-06-30 17:41:27 [booklist] INFO: VALID_ID: 1287717
2023-06-30 17:41:27 [booklist] INFO: VALID_ID: 1287695
2023-06-30 17:41:27 [booklist] INFO: VALID_ID: 1287807
2023-06-30 17:41:27 [booklist] INFO: VALID_ID: 1287709
2023-06-30 17:41:27 [booklist] INFO: VALID_ID: 1287778
2023-06-30 17:41:27 [booklist] INFO: VALID_ID: 1287714
2023-06-30 17:41:27 [booklist] INFO: VALID_ID: 1312372
2023-06-30 17:41:27 [booklist] INFO: VALID_ID: 1302602
2023-06-30 17:41:27 [booklist] INFO: VALID_ID: 1311931
2023-06-30 17:41:27 [booklist] INFO: VALID_ID: 1287686
2023-06-30 17:41:27 [booklist] INFO: VALID_ID: 1287781
2023-06-30 17:41:27 [booklist] INFO: VALID_ID: 1312634
2023-06-30 17:41:27 [booklist] INFO: VALID_ID: 1287777
2023-06-30 17:41:27 [booklist] INFO: VALID_ID: 1287715
2023-06-30 17:41:27 [booklist] INFO: VALID_ID: 1308151
2023-06-30 17:41:27 [booklist] INFO: VALID_ID: 1287711
2023-06-30 17:41:27 [booklist] INFO: VALID_ID: 1287815
2023-06-30 17:41:27 [booklist] INFO: VALID_ID: 1287821
2023-06-30 17:41:27 [booklist] INFO: VALID_ID: 1287719
2023-06-30 17:41:27 [booklist] INFO: VALID_ID: 1287687
2023-06-30 17:41:27 [booklist] INFO: VALID_ID: 1287783
2023-06-30 17:41:27 [booklist] INFO: VALID_ID: 1288334
2023-06-30 17:41:27 [booklist] INFO: VALID_ID: 2542306
2023-06-30 17:41:27 [booklist] INFO: VALID_ID: 1287704
2023-06-30 17:41:27 [booklist] INFO: VALID_ID: 1287810
2023-06-30 17:41:27 [booklist] INFO: VALID_ID: 1287820
2023-06-30 17:41:27 [booklist] INFO: VALID_ID: 1307125
2023-06-30 17:41:27 [booklist] INFO: VALID_ID: 1287801
2023-06-30 17:41:27 [booklist] INFO: VALID_ID: 1302601
2023-06-30 17:41:27 [booklist] INFO: VALID_ID: 1305051
2023-06-30 17:41:27 [booklist] INFO: VALID_ID: 1311914
2023-06-30 17:41:27 [booklist] INFO: VALID_ID: 1307792
2023-06-30 17:41:27 [booklist] INFO: VALID_ID: 1302562
2023-06-30 17:41:27 [booklist] INFO: VALID_ID: 1305035
2023-06-30 17:41:27 [booklist] INFO: VALID_ID: 1303989
2023-06-30 17:41:27 [booklist] INFO: VALID_ID: 1305031
2023-06-30 17:41:27 [booklist] INFO: VALID_ID: 1305057
2023-06-30 17:41:27 [booklist] INFO: VALID_ID: 1308161
2023-06-30 17:41:27 [booklist] INFO: VALID_ID: 1311951
2023-06-30 17:41:27 [booklist] INFO: VALID_ID: 1305015
2023-06-30 17:41:27 [booklist] INFO: VALID_ID: 1312363
2023-06-30 17:41:27 [booklist] INFO: VALID_ID: 1305054
2023-06-30 17:41:27 [booklist] INFO: VALID_ID: 1305059
2023-06-30 17:41:27 [booklist] INFO: VALID_ID: 1308211
2023-06-30 17:41:27 [booklist] INFO: VALID_ID: 1312369
2023-06-30 17:41:27 [booklist] INFO: VALID_ID: 1312378
2023-06-30 17:41:27 [booklist] INFO: VALID_ID: 2571894
2023-06-30 17:41:27 [booklist] INFO: VALID_ID: 1305052
2023-06-30 17:41:27 [booklist] INFO: VALID_ID: 1305032
2023-06-30 17:41:27 [booklist] INFO: VALID_ID: 1308173
2023-06-30 17:41:27 [booklist] INFO: VALID_ID: 1313200
2023-06-30 17:41:27 [booklist] INFO: VALID_ID: 1307715
2023-06-30 17:41:27 [booklist] INFO: VALID_ID: 2571895
2023-06-30 17:41:27 [booklist] INFO: VALID_ID: 1301766
2023-06-30 17:41:27 [booklist] INFO: VALID_ID: 1305010
2023-06-30 17:41:27 [booklist] INFO: VALID_ID: 1309774
2023-06-30 17:41:27 [booklist] INFO: VALID_ID: 2571898
2023-06-30 17:41:27 [booklist] INFO: VALID_ID: 1301417
2023-06-30 17:41:27 [booklist] INFO: VALID_ID: 1311925
2023-06-30 17:41:27 [booklist] INFO: VALID_ID: 1301842
2023-06-30 17:41:27 [booklist] INFO: VALID_ID: 1301783
2023-06-30 17:41:27 [booklist] INFO: VALID_ID: 1305018
2023-06-30 17:41:27 [booklist] INFO: VALID_ID: 1307101
2023-06-30 17:41:27 [booklist] INFO: VALID_ID: 2610030
2023-06-30 17:41:27 [booklist] INFO: VALID_ID: 1311926
2023-06-30 17:41:27 [booklist] INFO: VALID_ID: 2541052
2023-06-30 17:41:27 [booklist] INFO: VALID_ID: 1308143
2023-06-30 17:41:27 [booklist] INFO: VALID_ID: 1304876
2023-06-30 17:41:27 [booklist] INFO: VALID_ID: 1307824
2023-06-30 17:41:27 [booklist] INFO: VALID_ID: 1307817
2023-06-30 17:41:27 [booklist] INFO: VALID_ID: 1312406
2023-06-30 17:41:28 [scrapy.core.engine] DEBUG: Crawled (200) <POST https://dl.ndl.go.jp/api/item/search> (referer: https://dl.ndl.go.jp/api/item/search)
2023-06-30 17:41:28 [booklist] INFO: Fetched page 12
2023-06-30 17:41:28 [booklist] INFO: VALID_ID: 1311932
2023-06-30 17:41:28 [booklist] INFO: VALID_ID: 1301351
2023-06-30 17:41:28 [booklist] INFO: VALID_ID: 1307824
2023-06-30 17:41:28 [booklist] INFO: VALID_ID: 1301380
2023-06-30 17:41:28 [booklist] INFO: VALID_ID: 1312406
2023-06-30 17:41:28 [booklist] INFO: VALID_ID: 1308142
2023-06-30 17:41:28 [booklist] INFO: VALID_ID: 1301345
2023-06-30 17:41:28 [booklist] INFO: VALID_ID: 1301379
2023-06-30 17:41:28 [booklist] INFO: VALID_ID: 1301791
2023-06-30 17:41:28 [booklist] INFO: VALID_ID: 2547993
2023-06-30 17:41:28 [booklist] INFO: VALID_ID: 1301411
2023-06-30 17:41:28 [booklist] INFO: VALID_ID: 1307542
2023-06-30 17:41:28 [booklist] INFO: VALID_ID: 10301593
2023-06-30 17:41:28 [booklist] INFO: VALID_ID: 1286646
2023-06-30 17:41:28 [booklist] INFO: VALID_ID: 2547262
2023-06-30 17:41:28 [booklist] INFO: VALID_ID: 9370016
2023-06-30 17:41:28 [booklist] INFO: VALID_ID: 1301504
2023-06-30 17:41:28 [booklist] INFO: VALID_ID: 1307558
2023-06-30 17:41:28 [booklist] INFO: VALID_ID: 1302551
2023-06-30 17:41:28 [booklist] INFO: VALID_ID: 1301382
2023-06-30 17:41:28 [booklist] INFO: VALID_ID: 2609666
2023-06-30 17:41:28 [booklist] INFO: VALID_ID: 1307790
2023-06-30 17:41:28 [booklist] INFO: VALID_ID: 1311915
2023-06-30 17:41:28 [booklist] INFO: VALID_ID: 1307821
2023-06-30 17:41:28 [booklist] INFO: VALID_ID: 1307569
2023-06-30 17:41:28 [booklist] INFO: VALID_ID: 1301381
2023-06-30 17:41:28 [booklist] INFO: VALID_ID: 1288536
2023-06-30 17:41:28 [booklist] INFO: VALID_ID: 1307827
2023-06-30 17:41:28 [booklist] INFO: VALID_ID: 1306214
2023-06-30 17:41:28 [booklist] INFO: VALID_ID: 1301342
2023-06-30 17:41:28 [booklist] INFO: VALID_ID: 1301321
2023-06-30 17:41:28 [booklist] INFO: VALID_ID: 1312143
2023-06-30 17:41:28 [booklist] INFO: VALID_ID: 1301764
2023-06-30 17:41:28 [booklist] INFO: VALID_ID: 1301358
2023-06-30 17:41:28 [booklist] INFO: VALID_ID: 2610096
2023-06-30 17:41:28 [booklist] INFO: VALID_ID: 2542235
2023-06-30 17:41:28 [booklist] INFO: VALID_ID: 1301788
2023-06-30 17:41:28 [booklist] INFO: VALID_ID: 1302550
2023-06-30 17:41:28 [booklist] INFO: VALID_ID: 2541121
2023-06-30 17:41:28 [booklist] INFO: VALID_ID: 10301738
2023-06-30 17:41:28 [booklist] INFO: VALID_ID: 9892392
2023-06-30 17:41:28 [booklist] INFO: VALID_ID: 10301752
2023-06-30 17:41:28 [booklist] INFO: VALID_ID: 10301750
2023-06-30 17:41:28 [booklist] INFO: VALID_ID: 1311930
2023-06-30 17:41:28 [booklist] INFO: VALID_ID: 1302553
2023-06-30 17:41:28 [booklist] INFO: VALID_ID: 10301749
2023-06-30 17:41:28 [booklist] INFO: VALID_ID: 10301232
2023-06-30 17:41:28 [booklist] INFO: VALID_ID: 1312554
2023-06-30 17:41:28 [booklist] INFO: VALID_ID: 1302527
2023-06-30 17:41:28 [booklist] INFO: VALID_ID: 1307726
2023-06-30 17:41:28 [booklist] INFO: VALID_ID: 1307831
2023-06-30 17:41:28 [booklist] INFO: VALID_ID: 1310205
2023-06-30 17:41:28 [booklist] INFO: VALID_ID: 10301264
2023-06-30 17:41:28 [booklist] INFO: VALID_ID: 1301384
2023-06-30 17:41:28 [booklist] INFO: VALID_ID: 2609989
2023-06-30 17:41:28 [booklist] INFO: VALID_ID: 2541094
2023-06-30 17:41:28 [booklist] INFO: VALID_ID: 1307804
2023-06-30 17:41:28 [booklist] INFO: VALID_ID: 9369514
2023-06-30 17:41:28 [booklist] INFO: VALID_ID: 2609629
2023-06-30 17:41:28 [booklist] INFO: VALID_ID: 2547263
2023-06-30 17:41:28 [booklist] INFO: VALID_ID: 1302572
2023-06-30 17:41:28 [booklist] INFO: VALID_ID: 2549877
2023-06-30 17:41:28 [booklist] INFO: VALID_ID: 2548018
2023-06-30 17:41:28 [booklist] INFO: VALID_ID: 9369960
2023-06-30 17:41:28 [booklist] INFO: VALID_ID: 10301535
2023-06-30 17:41:28 [booklist] INFO: VALID_ID: 2548695
2023-06-30 17:41:28 [booklist] INFO: VALID_ID: 2542937
2023-06-30 17:41:28 [booklist] INFO: VALID_ID: 2548021
2023-06-30 17:41:28 [booklist] INFO: VALID_ID: 2610012
2023-06-30 17:41:28 [booklist] INFO: VALID_ID: 2547982
2023-06-30 17:41:28 [booklist] INFO: VALID_ID: 2548020
2023-06-30 17:41:28 [booklist] INFO: VALID_ID: 1305547
2023-06-30 17:41:28 [booklist] INFO: VALID_ID: 2547984
2023-06-30 17:41:28 [booklist] INFO: VALID_ID: 2548017
2023-06-30 17:41:28 [booklist] INFO: VALID_ID: 2609516
2023-06-30 17:41:28 [booklist] INFO: VALID_ID: 2576238
2023-06-30 17:41:28 [booklist] INFO: VALID_ID: 2576235
2023-06-30 17:41:28 [booklist] INFO: VALID_ID: 2576245
2023-06-30 17:41:28 [booklist] INFO: VALID_ID: 2576234
2023-06-30 17:41:28 [booklist] INFO: VALID_ID: 2576237
2023-06-30 17:41:28 [booklist] INFO: VALID_ID: 2576239
2023-06-30 17:41:28 [booklist] INFO: VALID_ID: 2576244
2023-06-30 17:41:28 [booklist] INFO: VALID_ID: 2576236
2023-06-30 17:41:28 [booklist] INFO: VALID_ID: 2576240
2023-06-30 17:41:28 [booklist] INFO: VALID_ID: 2576241
2023-06-30 17:41:28 [booklist] INFO: VALID_ID: 2576242
2023-06-30 17:41:28 [booklist] INFO: VALID_ID: 2607856
2023-06-30 17:41:28 [booklist] INFO: VALID_ID: 2587899
2023-06-30 17:41:28 [booklist] INFO: VALID_ID: 2596133
2023-06-30 17:41:28 [booklist] INFO: VALID_ID: 2596069
2023-06-30 17:41:28 [booklist] INFO: VALID_ID: 2596096
2023-06-30 17:41:28 [booklist] INFO: VALID_ID: 2596112
2023-06-30 17:41:28 [booklist] INFO: VALID_ID: 2596058
2023-06-30 17:41:28 [booklist] INFO: VALID_ID: 2596120
2023-06-30 17:41:28 [booklist] INFO: VALID_ID: 2596094
2023-06-30 17:41:28 [booklist] INFO: VALID_ID: 2596114
2023-06-30 17:41:28 [booklist] INFO: VALID_ID: 2610456
2023-06-30 17:41:28 [booklist] INFO: VALID_ID: 2596068
2023-06-30 17:41:28 [booklist] INFO: VALID_ID: 2596122
2023-06-30 17:41:28 [booklist] INFO: VALID_ID: 2596123
2023-06-30 17:41:29 [scrapy.core.engine] DEBUG: Crawled (200) <POST https://dl.ndl.go.jp/api/item/search> (referer: https://dl.ndl.go.jp/api/item/search)
2023-06-30 17:41:29 [booklist] INFO: Fetched page 13
2023-06-30 17:41:29 [booklist] INFO: VALID_ID: 2596123
2023-06-30 17:41:29 [booklist] INFO: VALID_ID: 2596087
2023-06-30 17:41:29 [booklist] INFO: VALID_ID: 2596111
2023-06-30 17:41:29 [booklist] INFO: VALID_ID: 2596129
2023-06-30 17:41:29 [booklist] INFO: VALID_ID: 2596060
2023-06-30 17:41:29 [booklist] INFO: VALID_ID: 9369966
2023-06-30 17:41:29 [booklist] INFO: VALID_ID: 2596089
2023-06-30 17:41:29 [booklist] INFO: VALID_ID: 2596095
2023-06-30 17:41:29 [booklist] INFO: VALID_ID: 2596121
2023-06-30 17:41:29 [booklist] INFO: VALID_ID: 2596136
2023-06-30 17:41:29 [booklist] INFO: VALID_ID: 2596109
2023-06-30 17:41:29 [booklist] INFO: VALID_ID: 2610026
2023-06-30 17:41:29 [booklist] INFO: VALID_ID: 2596088
2023-06-30 17:41:29 [booklist] INFO: VALID_ID: 2596124
2023-06-30 17:41:29 [booklist] INFO: VALID_ID: 2596115
2023-06-30 17:41:29 [booklist] INFO: VALID_ID: 2596113
2023-06-30 17:41:29 [booklist] INFO: VALID_ID: 2596128
2023-06-30 17:41:29 [booklist] INFO: VALID_ID: 2585162
2023-06-30 17:41:29 [booklist] INFO: VALID_ID: 2548033
2023-06-30 17:41:29 [booklist] INFO: VALID_ID: 2548034
2023-06-30 17:41:29 [booklist] INFO: VALID_ID: 2609783
2023-06-30 17:41:29 [booklist] INFO: VALID_ID: 2610801
2023-06-30 17:41:29 [booklist] INFO: VALID_ID: 2611035
2023-06-30 17:41:30 [scrapy.core.engine] DEBUG: Crawled (200) <POST https://dl.ndl.go.jp/api/item/search> (referer: https://dl.ndl.go.jp/api/item/search)
2023-06-30 17:41:30 [booklist] INFO: Fetched page 14
2023-06-30 17:41:30 [booklist] INFO: No more books on 14
2023-06-30 17:41:30 [scrapy.core.engine] INFO: Closing spider (finished)
2023-06-30 17:41:30 [scrapy.statscollectors] INFO: Dumping Scrapy stats:
{'downloader/request_bytes': 19094,
 'downloader/request_count': 15,
 'downloader/request_method_count/GET': 1,
 'downloader/request_method_count/POST': 14,
 'downloader/response_bytes': 6045530,
 'downloader/response_count': 15,
 'downloader/response_status_count/200': 15,
 'elapsed_time_seconds': 29.74867,
 'finish_reason': 'finished',
 'finish_time': datetime.datetime(2023, 6, 30, 9, 41, 30, 818475),
 'httpcompression/response_bytes': 73263837,
 'httpcompression/response_count': 14,
 'log_count/DEBUG': 18,
 'log_count/INFO': 1248,
 'memusage/max': 63848448,
 'memusage/startup': 63848448,
 'request_depth_max': 13,
 'response_received_count': 15,
 'robotstxt/request_count': 1,
 'robotstxt/response_count': 1,
 'robotstxt/response_status_count/200': 1,
 'scheduler/dequeued': 14,
 'scheduler/dequeued/memory': 14,
 'scheduler/enqueued': 14,
 'scheduler/enqueued/memory': 14,
 'start_time': datetime.datetime(2023, 6, 30, 9, 41, 1, 69805)}
2023-06-30 17:41:30 [scrapy.core.engine] INFO: Spider closed (finished)
