2023-06-30 18:46:29 [scrapy.utils.log] INFO: Scrapy 2.9.0 started (bot: ndlcrawler)
2023-06-30 18:46:29 [scrapy.utils.log] INFO: Versions: lxml 4.9.2.0, libxml2 2.9.14, cssselect 1.2.0, parsel 1.8.1, w3lib 2.1.1, Twisted 22.10.0, Python 3.10.10 (main, Mar  5 2023, 22:26:53) [GCC 12.2.1 20230201], pyOpenSSL 23.2.0 (OpenSSL 3.1.1 30 May 2023), cryptography 41.0.1, Platform Linux-6.2.12-arch1-1-x86_64-with-glibc2.37
2023-06-30 18:46:29 [scrapy.crawler] INFO: Overridden settings:
{'BOT_NAME': 'ndlcrawler',
 'FEED_EXPORT_ENCODING': 'utf-8',
 'LOG_FILE': 'logs/booklist.title.申.log',
 'NEWSPIDER_MODULE': 'ndlcrawler.spiders',
 'REQUEST_FINGERPRINTER_IMPLEMENTATION': '2.7',
 'ROBOTSTXT_OBEY': True,
 'SPIDER_MODULES': ['ndlcrawler.spiders'],
 'TWISTED_REACTOR': 'twisted.internet.asyncioreactor.AsyncioSelectorReactor'}
2023-06-30 18:46:29 [asyncio] DEBUG: Using selector: EpollSelector
2023-06-30 18:46:29 [scrapy.utils.log] DEBUG: Using reactor: twisted.internet.asyncioreactor.AsyncioSelectorReactor
2023-06-30 18:46:29 [scrapy.utils.log] DEBUG: Using asyncio event loop: asyncio.unix_events._UnixSelectorEventLoop
2023-06-30 18:46:29 [scrapy.extensions.telnet] INFO: Telnet Password: 2a6dfd050a273e18
2023-06-30 18:46:29 [scrapy.middleware] INFO: Enabled extensions:
['scrapy.extensions.corestats.CoreStats',
 'scrapy.extensions.telnet.TelnetConsole',
 'scrapy.extensions.memusage.MemoryUsage',
 'scrapy.extensions.logstats.LogStats']
2023-06-30 18:46:29 [scrapy.middleware] INFO: Enabled downloader middlewares:
['scrapy.downloadermiddlewares.robotstxt.RobotsTxtMiddleware',
 'scrapy.downloadermiddlewares.httpauth.HttpAuthMiddleware',
 'scrapy.downloadermiddlewares.downloadtimeout.DownloadTimeoutMiddleware',
 'scrapy.downloadermiddlewares.defaultheaders.DefaultHeadersMiddleware',
 'scrapy.downloadermiddlewares.useragent.UserAgentMiddleware',
 'scrapy.downloadermiddlewares.retry.RetryMiddleware',
 'scrapy.downloadermiddlewares.redirect.MetaRefreshMiddleware',
 'scrapy.downloadermiddlewares.httpcompression.HttpCompressionMiddleware',
 'scrapy.downloadermiddlewares.redirect.RedirectMiddleware',
 'scrapy.downloadermiddlewares.cookies.CookiesMiddleware',
 'scrapy.downloadermiddlewares.httpproxy.HttpProxyMiddleware',
 'scrapy.downloadermiddlewares.stats.DownloaderStats']
2023-06-30 18:46:29 [scrapy.middleware] INFO: Enabled spider middlewares:
['scrapy.spidermiddlewares.httperror.HttpErrorMiddleware',
 'scrapy.spidermiddlewares.offsite.OffsiteMiddleware',
 'scrapy.spidermiddlewares.referer.RefererMiddleware',
 'scrapy.spidermiddlewares.urllength.UrlLengthMiddleware',
 'scrapy.spidermiddlewares.depth.DepthMiddleware']
2023-06-30 18:46:29 [scrapy.middleware] INFO: Enabled item pipelines:
[]
2023-06-30 18:46:29 [scrapy.core.engine] INFO: Spider opened
2023-06-30 18:46:29 [scrapy.extensions.logstats] INFO: Crawled 0 pages (at 0 pages/min), scraped 0 items (at 0 items/min)
2023-06-30 18:46:29 [scrapy.extensions.telnet] INFO: Telnet console listening on 127.0.0.1:6023
2023-06-30 18:46:30 [scrapy.core.engine] DEBUG: Crawled (200) <GET https://dl.ndl.go.jp/robots.txt> (referer: None)
2023-06-30 18:46:31 [scrapy.core.engine] DEBUG: Crawled (200) <POST https://dl.ndl.go.jp/api/item/search> (referer: None)
2023-06-30 18:46:31 [booklist] INFO: Fetched page 1
2023-06-30 18:46:32 [booklist] INFO: VALID_ID: 2587758
2023-06-30 18:46:32 [booklist] INFO: VALID_ID: 2610546
2023-06-30 18:46:32 [booklist] INFO: VALID_ID: 1305132
2023-06-30 18:46:32 [booklist] INFO: VALID_ID: 2588163
2023-06-30 18:46:32 [booklist] INFO: VALID_ID: 2587757
2023-06-30 18:46:32 [booklist] INFO: VALID_ID: 2571948
2023-06-30 18:46:32 [booklist] INFO: VALID_ID: 2588164
2023-06-30 18:46:32 [booklist] INFO: VALID_ID: 2535420
2023-06-30 18:46:32 [booklist] INFO: VALID_ID: 2571947
2023-06-30 18:46:32 [booklist] INFO: VALID_ID: 2588168
2023-06-30 18:46:32 [booklist] INFO: VALID_ID: 2559223
2023-06-30 18:46:32 [booklist] INFO: VALID_ID: 2536011
2023-06-30 18:46:32 [booklist] INFO: VALID_ID: 2571946
2023-06-30 18:46:32 [booklist] INFO: VALID_ID: 2539581
2023-06-30 18:46:32 [booklist] INFO: VALID_ID: 2588162
2023-06-30 18:46:32 [booklist] INFO: VALID_ID: 2540901
2023-06-30 18:46:32 [booklist] INFO: VALID_ID: 2542023
2023-06-30 18:46:32 [booklist] INFO: VALID_ID: 2537849
2023-06-30 18:46:32 [booklist] INFO: VALID_ID: 2536332
2023-06-30 18:46:32 [booklist] INFO: VALID_ID: 2571952
2023-06-30 18:46:32 [booklist] INFO: VALID_ID: 2571956
2023-06-30 18:46:32 [booklist] INFO: VALID_ID: 2541034
2023-06-30 18:46:32 [booklist] INFO: VALID_ID: 2532997
2023-06-30 18:46:32 [booklist] INFO: VALID_ID: 1303372
2023-06-30 18:46:32 [booklist] INFO: VALID_ID: 2532657
2023-06-30 18:46:32 [booklist] INFO: VALID_ID: 1308410
2023-06-30 18:46:32 [booklist] INFO: VALID_ID: 2559114
2023-06-30 18:46:32 [booklist] INFO: VALID_ID: 1302071
2023-06-30 18:46:32 [booklist] INFO: VALID_ID: 1302126
2023-06-30 18:46:32 [booklist] INFO: VALID_ID: 2532566
2023-06-30 18:46:32 [booklist] INFO: VALID_ID: 2606339
2023-06-30 18:46:32 [booklist] INFO: VALID_ID: 10301313
2023-06-30 18:46:32 [booklist] INFO: VALID_ID: 2605223
2023-06-30 18:46:32 [booklist] INFO: VALID_ID: 2547342
2023-06-30 18:46:32 [booklist] INFO: VALID_ID: 9892415
2023-06-30 18:46:32 [booklist] INFO: VALID_ID: 2532890
2023-06-30 18:46:32 [booklist] INFO: VALID_ID: 2559224
2023-06-30 18:46:32 [booklist] INFO: VALID_ID: 1303145
2023-06-30 18:46:32 [booklist] INFO: VALID_ID: 2559183
2023-06-30 18:46:32 [booklist] INFO: VALID_ID: 1302111
2023-06-30 18:46:32 [booklist] INFO: VALID_ID: 1312049
2023-06-30 18:46:32 [booklist] INFO: VALID_ID: 2585493
2023-06-30 18:46:32 [booklist] INFO: VALID_ID: 2579097
2023-06-30 18:46:32 [booklist] INFO: VALID_ID: 2584284
2023-06-30 18:46:32 [booklist] INFO: VALID_ID: 2579110
2023-06-30 18:46:32 [booklist] INFO: VALID_ID: 2547335
2023-06-30 18:46:32 [booklist] INFO: VALID_ID: 2585378
2023-06-30 18:46:32 [booklist] INFO: VALID_ID: 1304167
2023-06-30 18:46:32 [booklist] INFO: VALID_ID: 2585435
2023-06-30 18:46:32 [booklist] INFO: VALID_ID: 2547532
2023-06-30 18:46:32 [booklist] INFO: VALID_ID: 2547593
2023-06-30 18:46:32 [booklist] INFO: VALID_ID: 2592983
2023-06-30 18:46:32 [booklist] INFO: VALID_ID: 2579098
2023-06-30 18:46:32 [booklist] INFO: VALID_ID: 2605120
2023-06-30 18:46:32 [booklist] INFO: VALID_ID: 2579099
2023-06-30 18:46:32 [booklist] INFO: VALID_ID: 2579105
2023-06-30 18:46:32 [booklist] INFO: VALID_ID: 2547552
2023-06-30 18:46:32 [booklist] INFO: VALID_ID: 2585425
2023-06-30 18:46:32 [booklist] INFO: VALID_ID: 2585352
2023-06-30 18:46:32 [booklist] INFO: VALID_ID: 2585571
2023-06-30 18:46:32 [booklist] INFO: VALID_ID: 2532908
2023-06-30 18:46:32 [booklist] INFO: VALID_ID: 2587308
2023-06-30 18:46:32 [booklist] INFO: VALID_ID: 2579120
2023-06-30 18:46:32 [booklist] INFO: VALID_ID: 2547545
2023-06-30 18:46:32 [booklist] INFO: VALID_ID: 2547571
2023-06-30 18:46:32 [booklist] INFO: VALID_ID: 2579116
2023-06-30 18:46:32 [booklist] INFO: VALID_ID: 2579117
2023-06-30 18:46:32 [booklist] INFO: VALID_ID: 2547322
2023-06-30 18:46:32 [booklist] INFO: VALID_ID: 2532653
2023-06-30 18:46:32 [booklist] INFO: VALID_ID: 2605112
2023-06-30 18:46:32 [booklist] INFO: VALID_ID: 2579101
2023-06-30 18:46:32 [booklist] INFO: VALID_ID: 2532826
2023-06-30 18:46:32 [booklist] INFO: VALID_ID: 2537964
2023-06-30 18:46:32 [booklist] INFO: VALID_ID: 2547585
2023-06-30 18:46:32 [booklist] INFO: VALID_ID: 2547439
2023-06-30 18:46:32 [booklist] INFO: VALID_ID: 10301699
2023-06-30 18:46:32 [booklist] INFO: VALID_ID: 2540619
2023-06-30 18:46:32 [booklist] INFO: VALID_ID: 2547531
2023-06-30 18:46:32 [booklist] INFO: VALID_ID: 2547336
2023-06-30 18:46:32 [booklist] INFO: VALID_ID: 2585362
2023-06-30 18:46:32 [booklist] INFO: VALID_ID: 2547345
2023-06-30 18:46:32 [booklist] INFO: VALID_ID: 2579121
2023-06-30 18:46:32 [booklist] INFO: VALID_ID: 2606594
2023-06-30 18:46:32 [booklist] INFO: VALID_ID: 2610805
2023-06-30 18:46:32 [booklist] INFO: VALID_ID: 2579129
2023-06-30 18:46:32 [booklist] INFO: VALID_ID: 2579131
2023-06-30 18:46:32 [booklist] INFO: VALID_ID: 2579133
2023-06-30 18:46:32 [booklist] INFO: VALID_ID: 2552277
2023-06-30 18:46:32 [booklist] INFO: VALID_ID: 2547575
2023-06-30 18:46:32 [booklist] INFO: VALID_ID: 2610776
2023-06-30 18:46:32 [booklist] INFO: VALID_ID: 2547379
2023-06-30 18:46:32 [booklist] INFO: VALID_ID: 1306539
2023-06-30 18:46:32 [booklist] INFO: VALID_ID: 2543116
2023-06-30 18:46:32 [booklist] INFO: VALID_ID: 2585219
2023-06-30 18:46:32 [booklist] INFO: VALID_ID: 2547365
2023-06-30 18:46:32 [booklist] INFO: VALID_ID: 2579104
2023-06-30 18:46:32 [booklist] INFO: VALID_ID: 2579134
2023-06-30 18:46:32 [booklist] INFO: VALID_ID: 2579107
2023-06-30 18:46:32 [booklist] INFO: VALID_ID: 2540553
2023-06-30 18:46:32 [booklist] INFO: VALID_ID: 2579108
2023-06-30 18:46:33 [scrapy.core.engine] DEBUG: Crawled (200) <POST https://dl.ndl.go.jp/api/item/search> (referer: https://dl.ndl.go.jp/api/item/search)
2023-06-30 18:46:33 [booklist] INFO: Fetched page 2
2023-06-30 18:46:33 [booklist] INFO: VALID_ID: 2543116
2023-06-30 18:46:33 [booklist] INFO: VALID_ID: 2532806
2023-06-30 18:46:33 [booklist] INFO: VALID_ID: 1306539
2023-06-30 18:46:33 [booklist] INFO: VALID_ID: 2605804
2023-06-30 18:46:33 [booklist] INFO: VALID_ID: 2579136
2023-06-30 18:46:33 [booklist] INFO: VALID_ID: 2547369
2023-06-30 18:46:33 [booklist] INFO: VALID_ID: 2585270
2023-06-30 18:46:33 [booklist] INFO: VALID_ID: 2535437
2023-06-30 18:46:33 [booklist] INFO: VALID_ID: 2605126
2023-06-30 18:46:33 [booklist] INFO: VALID_ID: 2532826
2023-06-30 18:46:33 [booklist] INFO: VALID_ID: 10301699
2023-06-30 18:46:33 [booklist] INFO: VALID_ID: 2608598
2023-06-30 18:46:33 [booklist] INFO: VALID_ID: 2579103
2023-06-30 18:46:33 [booklist] INFO: VALID_ID: 2579106
2023-06-30 18:46:33 [booklist] INFO: VALID_ID: 2547600
2023-06-30 18:46:33 [booklist] INFO: VALID_ID: 2579129
2023-06-30 18:46:33 [booklist] INFO: VALID_ID: 2547605
2023-06-30 18:46:33 [booklist] INFO: VALID_ID: 2584322
2023-06-30 18:46:33 [booklist] INFO: VALID_ID: 2584470
2023-06-30 18:46:33 [booklist] INFO: VALID_ID: 2550406
2023-06-30 18:46:33 [booklist] INFO: VALID_ID: 2585656
2023-06-30 18:46:33 [booklist] INFO: VALID_ID: 2605119
2023-06-30 18:46:33 [booklist] INFO: VALID_ID: 2547412
2023-06-30 18:46:33 [booklist] INFO: VALID_ID: 2585506
2023-06-30 18:46:33 [booklist] INFO: VALID_ID: 10303884
2023-06-30 18:46:33 [booklist] INFO: VALID_ID: 2547589
2023-06-30 18:46:33 [booklist] INFO: VALID_ID: 2585362
2023-06-30 18:46:33 [booklist] INFO: VALID_ID: 2605120
2023-06-30 18:46:33 [booklist] INFO: VALID_ID: 2548003
2023-06-30 18:46:33 [booklist] INFO: VALID_ID: 2547563
2023-06-30 18:46:33 [booklist] INFO: VALID_ID: 2584469
2023-06-30 18:46:33 [booklist] INFO: VALID_ID: 2584471
2023-06-30 18:46:33 [booklist] INFO: VALID_ID: 2579135
2023-06-30 18:46:33 [booklist] INFO: VALID_ID: 2585609
2023-06-30 18:46:33 [booklist] INFO: VALID_ID: 2585391
2023-06-30 18:46:33 [booklist] INFO: VALID_ID: 2585549
2023-06-30 18:46:33 [booklist] INFO: VALID_ID: 2540101
2023-06-30 18:46:33 [booklist] INFO: VALID_ID: 2535542
2023-06-30 18:46:33 [booklist] INFO: VALID_ID: 2579102
2023-06-30 18:46:33 [booklist] INFO: VALID_ID: 2579111
2023-06-30 18:46:33 [booklist] INFO: VALID_ID: 2579118
2023-06-30 18:46:33 [booklist] INFO: VALID_ID: 2584358
2023-06-30 18:46:33 [booklist] INFO: VALID_ID: 2585442
2023-06-30 18:46:33 [booklist] INFO: VALID_ID: 2584357
2023-06-30 18:46:33 [booklist] INFO: VALID_ID: 2571637
2023-06-30 18:46:33 [booklist] INFO: VALID_ID: 2579112
2023-06-30 18:46:33 [booklist] INFO: VALID_ID: 2532856
2023-06-30 18:46:33 [booklist] INFO: VALID_ID: 2579122
2023-06-30 18:46:33 [booklist] INFO: VALID_ID: 2585244
2023-06-30 18:46:33 [booklist] INFO: VALID_ID: 2579100
2023-06-30 18:46:33 [booklist] INFO: VALID_ID: 2537896
2023-06-30 18:46:33 [booklist] INFO: VALID_ID: 2584537
2023-06-30 18:46:33 [booklist] INFO: VALID_ID: 2592984
2023-06-30 18:46:33 [booklist] INFO: VALID_ID: 2547557
2023-06-30 18:46:33 [booklist] INFO: VALID_ID: 2579114
2023-06-30 18:46:33 [booklist] INFO: VALID_ID: 2579119
2023-06-30 18:46:33 [booklist] INFO: VALID_ID: 2579132
2023-06-30 18:46:33 [booklist] INFO: VALID_ID: 2532953
2023-06-30 18:46:33 [booklist] INFO: VALID_ID: 2584402
2023-06-30 18:46:33 [booklist] INFO: VALID_ID: 2585392
2023-06-30 18:46:33 [booklist] INFO: VALID_ID: 2585443
2023-06-30 18:46:33 [booklist] INFO: VALID_ID: 2585554
2023-06-30 18:46:33 [booklist] INFO: VALID_ID: 1305387
2023-06-30 18:46:33 [booklist] INFO: VALID_ID: 2585300
2023-06-30 18:46:33 [booklist] INFO: VALID_ID: 2579125
2023-06-30 18:46:33 [booklist] INFO: VALID_ID: 2585488
2023-06-30 18:46:33 [booklist] INFO: VALID_ID: 2585399
2023-06-30 18:46:33 [booklist] INFO: VALID_ID: 2579123
2023-06-30 18:46:33 [booklist] INFO: VALID_ID: 2548004
2023-06-30 18:46:33 [booklist] INFO: VALID_ID: 2547575
2023-06-30 18:46:33 [booklist] INFO: VALID_ID: 2587270
2023-06-30 18:46:33 [booklist] INFO: VALID_ID: 2584360
2023-06-30 18:46:33 [booklist] INFO: VALID_ID: 2605682
2023-06-30 18:46:33 [booklist] INFO: VALID_ID: 2579104
2023-06-30 18:46:33 [booklist] INFO: VALID_ID: 2597324
2023-06-30 18:46:33 [booklist] INFO: VALID_ID: 2584355
2023-06-30 18:46:33 [booklist] INFO: VALID_ID: 2592985
2023-06-30 18:46:33 [booklist] INFO: VALID_ID: 2550409
2023-06-30 18:46:33 [booklist] INFO: VALID_ID: 2547597
2023-06-30 18:46:33 [booklist] INFO: VALID_ID: 2539585
2023-06-30 18:46:33 [booklist] INFO: VALID_ID: 2585368
2023-06-30 18:46:33 [booklist] INFO: VALID_ID: 2584468
2023-06-30 18:46:33 [booklist] INFO: VALID_ID: 2579126
2023-06-30 18:46:33 [booklist] INFO: VALID_ID: 2579130
2023-06-30 18:46:33 [booklist] INFO: VALID_ID: 2532870
2023-06-30 18:46:33 [booklist] INFO: VALID_ID: 2585654
2023-06-30 18:46:33 [booklist] INFO: VALID_ID: 2579109
2023-06-30 18:46:33 [booklist] INFO: VALID_ID: 2548508
2023-06-30 18:46:33 [booklist] INFO: VALID_ID: 2532947
2023-06-30 18:46:33 [booklist] INFO: VALID_ID: 2585657
2023-06-30 18:46:33 [booklist] INFO: VALID_ID: 2585369
2023-06-30 18:46:33 [booklist] INFO: VALID_ID: 2532845
2023-06-30 18:46:33 [booklist] INFO: VALID_ID: 2585242
2023-06-30 18:46:33 [booklist] INFO: VALID_ID: 2584359
2023-06-30 18:46:33 [booklist] INFO: VALID_ID: 2605237
2023-06-30 18:46:33 [booklist] INFO: VALID_ID: 2584583
2023-06-30 18:46:33 [booklist] INFO: VALID_ID: 2605184
2023-06-30 18:46:33 [booklist] INFO: VALID_ID: 2585261
2023-06-30 18:46:33 [booklist] INFO: VALID_ID: 2532957
2023-06-30 18:46:33 [booklist] INFO: VALID_ID: 2585289
2023-06-30 18:46:34 [scrapy.core.engine] DEBUG: Crawled (200) <POST https://dl.ndl.go.jp/api/item/search> (referer: https://dl.ndl.go.jp/api/item/search)
2023-06-30 18:46:34 [booklist] INFO: Fetched page 3
2023-06-30 18:46:35 [booklist] INFO: VALID_ID: 2597298
2023-06-30 18:46:35 [booklist] INFO: VALID_ID: 2532863
2023-06-30 18:46:35 [booklist] INFO: VALID_ID: 2584538
2023-06-30 18:46:35 [booklist] INFO: VALID_ID: 2605358
2023-06-30 18:46:35 [booklist] INFO: VALID_ID: 2584508
2023-06-30 18:46:35 [booklist] INFO: VALID_ID: 2547641
2023-06-30 18:46:35 [booklist] INFO: VALID_ID: 2610014
2023-06-30 18:46:35 [booklist] INFO: VALID_ID: 2585657
2023-06-30 18:46:35 [booklist] INFO: VALID_ID: 2605678
2023-06-30 18:46:35 [booklist] INFO: VALID_ID: 2533233
2023-06-30 18:46:35 [booklist] INFO: VALID_ID: 2532957
2023-06-30 18:46:35 [booklist] INFO: VALID_ID: 2585289
2023-06-30 18:46:35 [booklist] INFO: VALID_ID: 2584467
2023-06-30 18:46:35 [booklist] INFO: VALID_ID: 2550407
2023-06-30 18:46:35 [booklist] INFO: VALID_ID: 2585641
2023-06-30 18:46:35 [booklist] INFO: VALID_ID: 9369924
2023-06-30 18:46:35 [booklist] INFO: VALID_ID: 2585499
2023-06-30 18:46:35 [booklist] INFO: VALID_ID: 2532825
2023-06-30 18:46:35 [booklist] INFO: VALID_ID: 2585380
2023-06-30 18:46:35 [booklist] INFO: VALID_ID: 2584582
2023-06-30 18:46:35 [booklist] INFO: VALID_ID: 2581245
2023-06-30 18:46:35 [booklist] INFO: VALID_ID: 2585596
2023-06-30 18:46:35 [booklist] INFO: VALID_ID: 2585241
2023-06-30 18:46:35 [booklist] INFO: VALID_ID: 2585261
2023-06-30 18:46:35 [booklist] INFO: VALID_ID: 2585459
2023-06-30 18:46:35 [booklist] INFO: VALID_ID: 2605953
2023-06-30 18:46:35 [booklist] INFO: VALID_ID: 2532956
2023-06-30 18:46:35 [booklist] INFO: VALID_ID: 2532824
2023-06-30 18:46:35 [booklist] INFO: VALID_ID: 2585268
2023-06-30 18:46:35 [booklist] INFO: VALID_ID: 2555044
2023-06-30 18:46:35 [booklist] INFO: VALID_ID: 2587316
2023-06-30 18:46:35 [booklist] INFO: VALID_ID: 2585242
2023-06-30 18:46:35 [booklist] INFO: VALID_ID: 2548509
2023-06-30 18:46:35 [booklist] INFO: VALID_ID: 2585551
2023-06-30 18:46:35 [booklist] INFO: VALID_ID: 2543375
2023-06-30 18:46:35 [booklist] INFO: VALID_ID: 2584534
2023-06-30 18:46:35 [booklist] INFO: VALID_ID: 2605131
2023-06-30 18:46:35 [booklist] INFO: VALID_ID: 2585249
2023-06-30 18:46:35 [booklist] INFO: VALID_ID: 2548508
2023-06-30 18:46:35 [booklist] INFO: VALID_ID: 2535439
2023-06-30 18:46:35 [booklist] INFO: VALID_ID: 2572136
2023-06-30 18:46:35 [booklist] INFO: VALID_ID: 2587854
2023-06-30 18:46:35 [booklist] INFO: VALID_ID: 2572138
2023-06-30 18:46:35 [booklist] INFO: VALID_ID: 2611107
2023-06-30 18:46:35 [booklist] INFO: VALID_ID: 2585305
2023-06-30 18:46:35 [booklist] INFO: VALID_ID: 2585491
2023-06-30 18:46:35 [booklist] INFO: VALID_ID: 10303893
2023-06-30 18:46:35 [booklist] INFO: VALID_ID: 2606374
2023-06-30 18:46:35 [booklist] INFO: VALID_ID: 2585356
2023-06-30 18:46:35 [booklist] INFO: VALID_ID: 2546811
2023-06-30 18:46:35 [booklist] INFO: VALID_ID: 2587654
2023-06-30 18:46:35 [booklist] INFO: VALID_ID: 2572137
2023-06-30 18:46:35 [booklist] INFO: VALID_ID: 2605132
2023-06-30 18:46:35 [booklist] INFO: VALID_ID: 11891819
2023-06-30 18:46:35 [booklist] INFO: VALID_ID: 10303486
2023-06-30 18:46:35 [booklist] INFO: VALID_ID: 2610960
2023-06-30 18:46:35 [booklist] INFO: VALID_ID: 2549256
2023-06-30 18:46:35 [booklist] INFO: VALID_ID: 2585589
2023-06-30 18:46:35 [booklist] INFO: VALID_ID: 2585468
2023-06-30 18:46:35 [booklist] INFO: VALID_ID: 2585437
2023-06-30 18:46:35 [booklist] INFO: VALID_ID: 2585570
2023-06-30 18:46:35 [booklist] INFO: VALID_ID: 2585419
2023-06-30 18:46:35 [booklist] INFO: VALID_ID: 2550405
2023-06-30 18:46:35 [booklist] INFO: VALID_ID: 2550408
2023-06-30 18:46:35 [booklist] INFO: VALID_ID: 2548569
2023-06-30 18:46:35 [booklist] INFO: VALID_ID: 2585262
2023-06-30 18:46:35 [booklist] INFO: VALID_ID: 10303487
2023-06-30 18:46:35 [booklist] INFO: VALID_ID: 2605859
2023-06-30 18:46:35 [booklist] INFO: VALID_ID: 2585348
2023-06-30 18:46:35 [booklist] INFO: VALID_ID: 2572140
2023-06-30 18:46:35 [booklist] INFO: VALID_ID: 2585674
2023-06-30 18:46:35 [booklist] INFO: VALID_ID: 2585663
2023-06-30 18:46:35 [booklist] INFO: VALID_ID: 2540588
2023-06-30 18:46:35 [booklist] INFO: VALID_ID: 10303649
2023-06-30 18:46:35 [booklist] INFO: VALID_ID: 2584472
2023-06-30 18:46:35 [booklist] INFO: VALID_ID: 2572139
2023-06-30 18:46:35 [booklist] INFO: VALID_ID: 2585327
2023-06-30 18:46:35 [booklist] INFO: VALID_ID: 2585531
2023-06-30 18:46:35 [booklist] INFO: VALID_ID: 2585579
2023-06-30 18:46:35 [booklist] INFO: VALID_ID: 2585651
2023-06-30 18:46:35 [booklist] INFO: VALID_ID: 2585547
2023-06-30 18:46:35 [booklist] INFO: VALID_ID: 2551899
2023-06-30 18:46:35 [booklist] INFO: VALID_ID: 2584321
2023-06-30 18:46:35 [booklist] INFO: VALID_ID: 2585388
2023-06-30 18:46:35 [booklist] INFO: VALID_ID: 2585616
2023-06-30 18:46:35 [booklist] INFO: VALID_ID: 2572135
2023-06-30 18:46:35 [booklist] INFO: VALID_ID: 2540587
2023-06-30 18:46:35 [booklist] INFO: VALID_ID: 2605693
2023-06-30 18:46:35 [booklist] INFO: VALID_ID: 2572141
2023-06-30 18:46:35 [booklist] INFO: VALID_ID: 10304013
2023-06-30 18:46:35 [booklist] INFO: VALID_ID: 2585386
2023-06-30 18:46:35 [booklist] INFO: VALID_ID: 2610269
2023-06-30 18:46:35 [booklist] INFO: VALID_ID: 2585528
2023-06-30 18:46:35 [booklist] INFO: VALID_ID: 2585635
2023-06-30 18:46:35 [booklist] INFO: VALID_ID: 2585652
2023-06-30 18:46:35 [booklist] INFO: VALID_ID: 2569859
2023-06-30 18:46:35 [booklist] INFO: VALID_ID: 2535438
2023-06-30 18:46:35 [booklist] INFO: VALID_ID: 2585383
2023-06-30 18:46:35 [booklist] INFO: VALID_ID: 2587625
2023-06-30 18:46:35 [booklist] INFO: VALID_ID: 2585166
2023-06-30 18:46:35 [scrapy.core.engine] DEBUG: Crawled (200) <POST https://dl.ndl.go.jp/api/item/search> (referer: https://dl.ndl.go.jp/api/item/search)
2023-06-30 18:46:35 [booklist] INFO: Fetched page 4
2023-06-30 18:46:36 [booklist] INFO: VALID_ID: 11445845
2023-06-30 18:46:36 [booklist] INFO: VALID_ID: 10301333
2023-06-30 18:46:36 [booklist] INFO: VALID_ID: 2585636
2023-06-30 18:46:36 [booklist] INFO: VALID_ID: 2547384
2023-06-30 18:46:36 [booklist] INFO: VALID_ID: 2605693
2023-06-30 18:46:36 [booklist] INFO: VALID_ID: 2607482
2023-06-30 18:46:36 [booklist] INFO: VALID_ID: 2585663
2023-06-30 18:46:36 [booklist] INFO: VALID_ID: 2585226
2023-06-30 18:46:36 [booklist] INFO: VALID_ID: 2535423
2023-06-30 18:46:36 [booklist] INFO: VALID_ID: 2585318
2023-06-30 18:46:36 [booklist] INFO: VALID_ID: 2585186
2023-06-30 18:46:36 [booklist] INFO: VALID_ID: 2548507
2023-06-30 18:46:36 [booklist] INFO: VALID_ID: 2585351
2023-06-30 18:46:36 [booklist] INFO: VALID_ID: 2585247
2023-06-30 18:46:36 [booklist] INFO: VALID_ID: 2585689
2023-06-30 18:46:36 [booklist] INFO: VALID_ID: 2585208
2023-06-30 18:46:36 [booklist] INFO: VALID_ID: 2585167
2023-06-30 18:46:36 [booklist] INFO: VALID_ID: 2585407
2023-06-30 18:46:36 [booklist] INFO: VALID_ID: 2585398
2023-06-30 18:46:36 [booklist] INFO: VALID_ID: 2606250
2023-06-30 18:46:36 [booklist] INFO: VALID_ID: 2606340
2023-06-30 18:46:36 [booklist] INFO: VALID_ID: 2585389
2023-06-30 18:46:36 [booklist] INFO: VALID_ID: 2587083
2023-06-30 18:46:36 [booklist] INFO: VALID_ID: 10303647
2023-06-30 18:46:36 [booklist] INFO: VALID_ID: 2585457
2023-06-30 18:46:36 [booklist] INFO: VALID_ID: 2585285
2023-06-30 18:46:36 [booklist] INFO: VALID_ID: 10304008
2023-06-30 18:46:36 [booklist] INFO: VALID_ID: 2585302
2023-06-30 18:46:36 [booklist] INFO: VALID_ID: 2585521
2023-06-30 18:46:36 [booklist] INFO: VALID_ID: 2585370
2023-06-30 18:46:36 [booklist] INFO: VALID_ID: 2609977
2023-06-30 18:46:36 [booklist] INFO: VALID_ID: 2587332
2023-06-30 18:46:36 [booklist] INFO: VALID_ID: 2609112
2023-06-30 18:46:36 [booklist] INFO: VALID_ID: 2610732
2023-06-30 18:46:36 [booklist] INFO: VALID_ID: 2606532
2023-06-30 18:46:36 [booklist] INFO: VALID_ID: 2571989
2023-06-30 18:46:36 [booklist] INFO: VALID_ID: 2585160
2023-06-30 18:46:36 [booklist] INFO: VALID_ID: 2585492
2023-06-30 18:46:36 [booklist] INFO: VALID_ID: 2585567
2023-06-30 18:46:36 [booklist] INFO: VALID_ID: 2585274
2023-06-30 18:46:36 [booklist] INFO: VALID_ID: 2587084
2023-06-30 18:46:36 [booklist] INFO: VALID_ID: 2587121
2023-06-30 18:46:36 [booklist] INFO: VALID_ID: 2606746
2023-06-30 18:46:36 [booklist] INFO: VALID_ID: 2607683
2023-06-30 18:46:36 [booklist] INFO: VALID_ID: 2607150
2023-06-30 18:46:36 [booklist] INFO: VALID_ID: 2585501
2023-06-30 18:46:36 [booklist] INFO: VALID_ID: 2585287
2023-06-30 18:46:36 [booklist] INFO: VALID_ID: 2587645
2023-06-30 18:46:36 [booklist] INFO: VALID_ID: 2587289
2023-06-30 18:46:36 [booklist] INFO: VALID_ID: 2606289
2023-06-30 18:46:36 [booklist] INFO: VALID_ID: 2585292
2023-06-30 18:46:36 [booklist] INFO: VALID_ID: 2585183
2023-06-30 18:46:36 [booklist] INFO: VALID_ID: 2607169
2023-06-30 18:46:36 [booklist] INFO: VALID_ID: 2605815
2023-06-30 18:46:36 [booklist] INFO: VALID_ID: 2585450
2023-06-30 18:46:36 [booklist] INFO: VALID_ID: 2587333
2023-06-30 18:46:36 [booklist] INFO: VALID_ID: 2606058
2023-06-30 18:46:36 [booklist] INFO: VALID_ID: 2547294
2023-06-30 18:46:36 [booklist] INFO: VALID_ID: 2607147
2023-06-30 18:46:36 [booklist] INFO: VALID_ID: 2605621
2023-06-30 18:46:36 [booklist] INFO: VALID_ID: 2585329
2023-06-30 18:46:36 [booklist] INFO: VALID_ID: 2606211
2023-06-30 18:46:36 [booklist] INFO: VALID_ID: 2592871
2023-06-30 18:46:36 [booklist] INFO: VALID_ID: 2585211
2023-06-30 18:46:36 [booklist] INFO: VALID_ID: 2605895
2023-06-30 18:46:36 [booklist] INFO: VALID_ID: 2585217
2023-06-30 18:46:36 [booklist] INFO: VALID_ID: 2576239
2023-06-30 18:46:36 [booklist] INFO: VALID_ID: 2606891
2023-06-30 18:46:36 [booklist] INFO: VALID_ID: 2549287
2023-06-30 18:46:36 [booklist] INFO: VALID_ID: 2585320
2023-06-30 18:46:36 [booklist] INFO: VALID_ID: 2585608
2023-06-30 18:46:36 [booklist] INFO: VALID_ID: 2585672
2023-06-30 18:46:36 [booklist] INFO: VALID_ID: 2571733
2023-06-30 18:46:36 [booklist] INFO: VALID_ID: 2535429
2023-06-30 18:46:36 [booklist] INFO: VALID_ID: 2585214
2023-06-30 18:46:36 [booklist] INFO: VALID_ID: 2535432
2023-06-30 18:46:36 [booklist] INFO: VALID_ID: 2585279
2023-06-30 18:46:36 [booklist] INFO: VALID_ID: 2585373
2023-06-30 18:46:36 [booklist] INFO: VALID_ID: 8929798
2023-06-30 18:46:36 [booklist] INFO: VALID_ID: 2585333
2023-06-30 18:46:36 [booklist] INFO: VALID_ID: 2585580
2023-06-30 18:46:36 [booklist] INFO: VALID_ID: 2587288
2023-06-30 18:46:36 [booklist] INFO: VALID_ID: 2571697
2023-06-30 18:46:36 [booklist] INFO: VALID_ID: 2587297
2023-06-30 18:46:36 [booklist] INFO: VALID_ID: 2535430
2023-06-30 18:46:36 [booklist] INFO: VALID_ID: 2587309
2023-06-30 18:46:36 [booklist] INFO: VALID_ID: 2591787
2023-06-30 18:46:36 [booklist] INFO: VALID_ID: 2549691
2023-06-30 18:46:36 [booklist] INFO: VALID_ID: 2606373
2023-06-30 18:46:36 [booklist] INFO: VALID_ID: 2549267
2023-06-30 18:46:36 [booklist] INFO: VALID_ID: 2585668
2023-06-30 18:46:36 [booklist] INFO: VALID_ID: 2585605
2023-06-30 18:46:36 [booklist] INFO: VALID_ID: 2587927
2023-06-30 18:46:36 [booklist] INFO: VALID_ID: 2587287
2023-06-30 18:46:36 [booklist] INFO: VALID_ID: 2606812
2023-06-30 18:46:36 [booklist] INFO: VALID_ID: 2587176
2023-06-30 18:46:36 [booklist] INFO: VALID_ID: 2605827
2023-06-30 18:46:36 [booklist] INFO: VALID_ID: 9369987
2023-06-30 18:46:36 [booklist] INFO: VALID_ID: 2609924
2023-06-30 18:46:36 [booklist] INFO: VALID_ID: 2591759
2023-06-30 18:46:37 [scrapy.core.engine] DEBUG: Crawled (200) <POST https://dl.ndl.go.jp/api/item/search> (referer: https://dl.ndl.go.jp/api/item/search)
2023-06-30 18:46:37 [booklist] INFO: Fetched page 5
2023-06-30 18:46:38 [booklist] INFO: VALID_ID: 2605827
2023-06-30 18:46:38 [booklist] INFO: VALID_ID: 2548570
2023-06-30 18:46:38 [booklist] INFO: VALID_ID: 2548351
2023-06-30 18:46:38 [booklist] INFO: VALID_ID: 2585524
2023-06-30 18:46:38 [booklist] INFO: VALID_ID: 2547710
2023-06-30 18:46:38 [booklist] INFO: VALID_ID: 2587215
2023-06-30 18:46:38 [booklist] INFO: VALID_ID: 2585462
2023-06-30 18:46:38 [booklist] INFO: VALID_ID: 2607835
2023-06-30 18:46:38 [booklist] INFO: VALID_ID: 2585699
2023-06-30 18:46:38 [booklist] INFO: VALID_ID: 2585195
2023-06-30 18:46:38 [booklist] INFO: VALID_ID: 2587120
2023-06-30 18:46:38 [booklist] INFO: VALID_ID: 2549677
2023-06-30 18:46:38 [booklist] INFO: VALID_ID: 2587296
2023-06-30 18:46:38 [booklist] INFO: VALID_ID: 2572715
2023-06-30 18:46:38 [booklist] INFO: VALID_ID: 2585218
2023-06-30 18:46:38 [booklist] INFO: VALID_ID: 2587690
2023-06-30 18:46:38 [booklist] INFO: VALID_ID: 2605430
2023-06-30 18:46:38 [booklist] INFO: VALID_ID: 2548561
2023-06-30 18:46:38 [booklist] INFO: VALID_ID: 2587214
2023-06-30 18:46:38 [booklist] INFO: VALID_ID: 2587175
2023-06-30 18:46:38 [booklist] INFO: VALID_ID: 2585385
2023-06-30 18:46:38 [booklist] INFO: VALID_ID: 2587148
2023-06-30 18:46:38 [booklist] INFO: VALID_ID: 2587174
2023-06-30 18:46:38 [booklist] INFO: VALID_ID: 9369987
2023-06-30 18:46:38 [booklist] INFO: VALID_ID: 2548667
2023-06-30 18:46:38 [booklist] INFO: VALID_ID: 2548891
2023-06-30 18:46:38 [booklist] INFO: VALID_ID: 2591798
2023-06-30 18:46:38 [booklist] INFO: VALID_ID: 2585246
2023-06-30 18:46:38 [booklist] INFO: VALID_ID: 2585307
2023-06-30 18:46:38 [booklist] INFO: VALID_ID: 2548468
2023-06-30 18:46:38 [booklist] INFO: VALID_ID: 2588129
2023-06-30 18:46:38 [booklist] INFO: VALID_ID: 2548352
2023-06-30 18:46:38 [booklist] INFO: VALID_ID: 2589294
2023-06-30 18:46:38 [booklist] INFO: VALID_ID: 2591759
2023-06-30 18:46:38 [booklist] INFO: VALID_ID: 2549275
2023-06-30 18:46:38 [booklist] INFO: VALID_ID: 2587173
2023-06-30 18:46:38 [booklist] INFO: VALID_ID: 2548298
2023-06-30 18:46:38 [booklist] INFO: VALID_ID: 2593577
2023-06-30 18:46:38 [booklist] INFO: VALID_ID: 2587694
2023-06-30 18:46:38 [booklist] INFO: VALID_ID: 2587674
2023-06-30 18:46:38 [booklist] INFO: VALID_ID: 2606174
2023-06-30 18:46:38 [booklist] INFO: VALID_ID: 2576254
2023-06-30 18:46:38 [booklist] INFO: VALID_ID: 2587855
2023-06-30 18:46:38 [booklist] INFO: VALID_ID: 2587673
2023-06-30 18:46:38 [booklist] INFO: VALID_ID: 2587691
2023-06-30 18:46:38 [booklist] INFO: VALID_ID: 2588127
2023-06-30 18:46:38 [booklist] INFO: VALID_ID: 2587675
2023-06-30 18:46:38 [booklist] INFO: VALID_ID: 2587692
2023-06-30 18:46:38 [booklist] INFO: VALID_ID: 2587693
2023-06-30 18:46:38 [booklist] INFO: VALID_ID: 2550336
2023-06-30 18:46:38 [booklist] INFO: VALID_ID: 2547235
2023-06-30 18:46:38 [booklist] INFO: VALID_ID: 2587696
2023-06-30 18:46:38 [booklist] INFO: VALID_ID: 2587695
2023-06-30 18:46:38 [booklist] INFO: VALID_ID: 2587647
2023-06-30 18:46:38 [booklist] INFO: VALID_ID: 2589352
2023-06-30 18:46:38 [booklist] INFO: VALID_ID: 2550329
2023-06-30 18:46:38 [booklist] INFO: VALID_ID: 2609783
2023-06-30 18:46:38 [booklist] INFO: VALID_ID: 2609301
2023-06-30 18:46:38 [booklist] INFO: VALID_ID: 2540600
2023-06-30 18:46:38 [booklist] INFO: VALID_ID: 2548523
2023-06-30 18:46:38 [booklist] INFO: VALID_ID: 2576255
2023-06-30 18:46:38 [booklist] INFO: VALID_ID: 2550255
2023-06-30 18:46:38 [booklist] INFO: VALID_ID: 2576247
2023-06-30 18:46:38 [booklist] INFO: VALID_ID: 2576259
2023-06-30 18:46:38 [booklist] INFO: VALID_ID: 2576261
2023-06-30 18:46:38 [booklist] INFO: VALID_ID: 2576257
2023-06-30 18:46:38 [booklist] INFO: VALID_ID: 2559228
2023-06-30 18:46:38 [booklist] INFO: VALID_ID: 2559230
2023-06-30 18:46:38 [booklist] INFO: VALID_ID: 2587150
2023-06-30 18:46:38 [booklist] INFO: VALID_ID: 2576253
2023-06-30 18:46:38 [booklist] INFO: VALID_ID: 2548296
2023-06-30 18:46:38 [booklist] INFO: VALID_ID: 2559219
2023-06-30 18:46:38 [booklist] INFO: VALID_ID: 2589328
2023-06-30 18:46:38 [booklist] INFO: VALID_ID: 2559221
2023-06-30 18:46:38 [booklist] INFO: VALID_ID: 2559231
2023-06-30 18:46:38 [booklist] INFO: VALID_ID: 2587149
2023-06-30 18:46:38 [booklist] INFO: VALID_ID: 2549350
2023-06-30 18:46:38 [booklist] INFO: VALID_ID: 2576249
2023-06-30 18:46:38 [booklist] INFO: VALID_ID: 2576248
2023-06-30 18:46:38 [booklist] INFO: VALID_ID: 2576258
2023-06-30 18:46:38 [booklist] INFO: VALID_ID: 2611035
2023-06-30 18:46:38 [booklist] INFO: VALID_ID: 2576256
2023-06-30 18:46:38 [booklist] INFO: VALID_ID: 2559229
2023-06-30 18:46:38 [booklist] INFO: VALID_ID: 2550144
2023-06-30 18:46:38 [booklist] INFO: VALID_ID: 2576262
2023-06-30 18:46:38 [booklist] INFO: VALID_ID: 2587671
2023-06-30 18:46:38 [booklist] INFO: VALID_ID: 2587710
2023-06-30 18:46:38 [booklist] INFO: VALID_ID: 2548297
2023-06-30 18:46:38 [booklist] INFO: VALID_ID: 2587672
2023-06-30 18:46:38 [booklist] INFO: VALID_ID: 2548469
2023-06-30 18:46:38 [booklist] INFO: VALID_ID: 2549351
2023-06-30 18:46:38 [booklist] INFO: VALID_ID: 2576263
2023-06-30 18:46:38 [booklist] INFO: VALID_ID: 2576260
2023-06-30 18:46:38 [booklist] INFO: VALID_ID: 2587842
2023-06-30 18:46:38 [booklist] INFO: VALID_ID: 2559227
2023-06-30 18:46:38 [booklist] INFO: VALID_ID: 2559226
2023-06-30 18:46:38 [booklist] INFO: VALID_ID: 2610813
2023-06-30 18:46:38 [booklist] INFO: VALID_ID: 2548504
2023-06-30 18:46:38 [booklist] INFO: VALID_ID: 2609582
2023-06-30 18:46:38 [booklist] INFO: VALID_ID: 2547645
2023-06-30 18:46:39 [scrapy.core.engine] DEBUG: Crawled (200) <POST https://dl.ndl.go.jp/api/item/search> (referer: https://dl.ndl.go.jp/api/item/search)
2023-06-30 18:46:39 [booklist] INFO: Fetched page 6
2023-06-30 18:46:40 [booklist] INFO: VALID_ID: 2548504
2023-06-30 18:46:40 [booklist] INFO: VALID_ID: 2549026
2023-06-30 18:46:40 [booklist] INFO: VALID_ID: 11892644
2023-06-30 18:46:40 [booklist] INFO: VALID_ID: 2559225
2023-06-30 18:46:40 [booklist] INFO: VALID_ID: 2589371
2023-06-30 18:46:40 [booklist] INFO: VALID_ID: 2605758
2023-06-30 18:46:40 [booklist] INFO: VALID_ID: 11892643
2023-06-30 18:46:40 [booklist] INFO: VALID_ID: 2549159
2023-06-30 18:46:40 [booklist] INFO: VALID_ID: 2572714
2023-06-30 18:46:40 [booklist] INFO: VALID_ID: 2576246
2023-06-30 18:46:40 [booklist] INFO: VALID_ID: 2576252
2023-06-30 18:46:40 [booklist] INFO: VALID_ID: 2548505
2023-06-30 18:46:40 [booklist] INFO: VALID_ID: 2576250
2023-06-30 18:46:40 [booklist] INFO: VALID_ID: 2576251
2023-06-30 18:46:40 [booklist] INFO: VALID_ID: 2571972
2023-06-30 18:46:40 [booklist] INFO: VALID_ID: 2576260
2023-06-30 18:46:40 [booklist] INFO: VALID_ID: 2548178
2023-06-30 18:46:40 [booklist] INFO: VALID_ID: 2607426
2023-06-30 18:46:40 [booklist] INFO: VALID_ID: 2589295
2023-06-30 18:46:40 [booklist] INFO: VALID_ID: 2587709
2023-06-30 18:46:40 [booklist] INFO: VALID_ID: 2548506
2023-06-30 18:46:40 [booklist] INFO: VALID_ID: 2550152
2023-06-30 18:46:40 [booklist] INFO: VALID_ID: 2547645
2023-06-30 18:46:40 [booklist] INFO: VALID_ID: 2548524
2023-06-30 18:46:40 [booklist] INFO: VALID_ID: 2559220
2023-06-30 18:46:40 [booklist] INFO: VALID_ID: 2571969
2023-06-30 18:46:40 [booklist] INFO: VALID_ID: 2587843
2023-06-30 18:46:40 [booklist] INFO: VALID_ID: 2609492
2023-06-30 18:46:40 [booklist] INFO: VALID_ID: 2588141
2023-06-30 18:46:40 [booklist] INFO: VALID_ID: 2571735
2023-06-30 18:46:40 [booklist] INFO: VALID_ID: 2587844
2023-06-30 18:46:40 [booklist] INFO: VALID_ID: 2548522
2023-06-30 18:46:40 [booklist] INFO: VALID_ID: 2549690
2023-06-30 18:46:40 [booklist] INFO: VALID_ID: 2571736
2023-06-30 18:46:40 [booklist] INFO: VALID_ID: 2587889
2023-06-30 18:46:40 [booklist] INFO: VALID_ID: 2571734
2023-06-30 18:46:40 [booklist] INFO: VALID_ID: 2571739
2023-06-30 18:46:40 [booklist] INFO: VALID_ID: 2587890
2023-06-30 18:46:40 [booklist] INFO: VALID_ID: 2588137
2023-06-30 18:46:40 [booklist] INFO: VALID_ID: 2548463
2023-06-30 18:46:40 [booklist] INFO: VALID_ID: 2571737
2023-06-30 18:46:40 [booklist] INFO: VALID_ID: 2533240
2023-06-30 18:46:40 [booklist] INFO: VALID_ID: 2547698
2023-06-30 18:46:40 [booklist] INFO: VALID_ID: 2606425
2023-06-30 18:46:40 [booklist] INFO: VALID_ID: 2572623
2023-06-30 18:46:40 [booklist] INFO: VALID_ID: 2571738
2023-06-30 18:46:40 [booklist] INFO: VALID_ID: 2572710
2023-06-30 18:46:40 [booklist] INFO: VALID_ID: 2572622
2023-06-30 18:46:40 [booklist] INFO: VALID_ID: 2572701
2023-06-30 18:46:40 [booklist] INFO: VALID_ID: 2588139
2023-06-30 18:46:40 [booklist] INFO: VALID_ID: 2548464
2023-06-30 18:46:40 [booklist] INFO: VALID_ID: 2588134
2023-06-30 18:46:40 [booklist] INFO: VALID_ID: 2549190
2023-06-30 18:46:40 [booklist] INFO: VALID_ID: 2547717
2023-06-30 18:46:40 [booklist] INFO: VALID_ID: 2587871
2023-06-30 18:46:40 [booklist] INFO: VALID_ID: 2587847
2023-06-30 18:46:40 [booklist] INFO: VALID_ID: 2606214
2023-06-30 18:46:40 [booklist] INFO: VALID_ID: 2550332
2023-06-30 18:46:40 [booklist] INFO: VALID_ID: 2559180
2023-06-30 18:46:40 [booklist] INFO: VALID_ID: 2572702
2023-06-30 18:46:40 [booklist] INFO: VALID_ID: 2548177
2023-06-30 18:46:40 [booklist] INFO: VALID_ID: 2571777
2023-06-30 18:46:40 [booklist] INFO: VALID_ID: 2587845
2023-06-30 18:46:40 [booklist] INFO: VALID_ID: 2587872
2023-06-30 18:46:40 [booklist] INFO: VALID_ID: 2550327
2023-06-30 18:46:40 [booklist] INFO: VALID_ID: 2549191
2023-06-30 18:46:40 [booklist] INFO: VALID_ID: 2571771
2023-06-30 18:46:40 [booklist] INFO: VALID_ID: 2571778
2023-06-30 18:46:40 [booklist] INFO: VALID_ID: 2550328
2023-06-30 18:46:40 [booklist] INFO: VALID_ID: 2559188
2023-06-30 18:46:40 [booklist] INFO: VALID_ID: 2559178
2023-06-30 18:46:40 [booklist] INFO: VALID_ID: 2571813
2023-06-30 18:46:40 [booklist] INFO: VALID_ID: 2559182
2023-06-30 18:46:40 [booklist] INFO: VALID_ID: 2559185
2023-06-30 18:46:40 [booklist] INFO: VALID_ID: 2549280
2023-06-30 18:46:40 [booklist] INFO: VALID_ID: 2587848
2023-06-30 18:46:40 [booklist] INFO: VALID_ID: 2587232
2023-06-30 18:46:40 [booklist] INFO: VALID_ID: 2559187
2023-06-30 18:46:40 [booklist] INFO: VALID_ID: 2549318
2023-06-30 18:46:40 [booklist] INFO: VALID_ID: 2571773
2023-06-30 18:46:40 [booklist] INFO: VALID_ID: 2559181
2023-06-30 18:46:40 [booklist] INFO: VALID_ID: 2550331
2023-06-30 18:46:40 [booklist] INFO: VALID_ID: 2571814
2023-06-30 18:46:40 [booklist] INFO: VALID_ID: 2559179
2023-06-30 18:46:40 [booklist] INFO: VALID_ID: 2550211
2023-06-30 18:46:40 [booklist] INFO: VALID_ID: 2571772
2023-06-30 18:46:40 [booklist] INFO: VALID_ID: 2559186
2023-06-30 18:46:40 [booklist] INFO: VALID_ID: 2587858
2023-06-30 18:46:40 [booklist] INFO: VALID_ID: 2572688
2023-06-30 18:46:40 [booklist] INFO: VALID_ID: 2572707
2023-06-30 18:46:40 [booklist] INFO: VALID_ID: 2547230
2023-06-30 18:46:40 [booklist] INFO: VALID_ID: 2550282
2023-06-30 18:46:40 [booklist] INFO: VALID_ID: 2548530
2023-06-30 18:46:40 [booklist] INFO: VALID_ID: 2559184
2023-06-30 18:46:40 [booklist] INFO: VALID_ID: 12865370
2023-06-30 18:46:40 [booklist] INFO: VALID_ID: 2548529
2023-06-30 18:46:40 [booklist] INFO: VALID_ID: 2548531
2023-06-30 18:46:40 [booklist] INFO: VALID_ID: 2549344
2023-06-30 18:46:40 [booklist] INFO: VALID_ID: 2547744
2023-06-30 18:46:40 [booklist] INFO: VALID_ID: 2550143
2023-06-30 18:46:41 [scrapy.core.engine] DEBUG: Crawled (200) <POST https://dl.ndl.go.jp/api/item/search> (referer: https://dl.ndl.go.jp/api/item/search)
2023-06-30 18:46:41 [booklist] INFO: Fetched page 7
2023-06-30 18:46:42 [booklist] INFO: VALID_ID: 2550143
2023-06-30 18:46:42 [booklist] INFO: VALID_ID: 2550313
2023-06-30 18:46:42 [booklist] INFO: VALID_ID: 2549344
2023-06-30 18:46:42 [booklist] INFO: VALID_ID: 2550281
2023-06-30 18:46:42 [booklist] INFO: VALID_ID: 2550246
2023-06-30 18:46:42 [booklist] INFO: VALID_ID: 2587343
2023-06-30 18:46:42 [booklist] INFO: VALID_ID: 2550314
2023-06-30 18:46:42 [booklist] INFO: VALID_ID: 2550208
2023-06-30 18:46:42 [booklist] INFO: VALID_ID: 2550312
2023-06-30 18:46:42 [booklist] INFO: VALID_ID: 2610801
2023-06-30 18:46:42 [booklist] INFO: VALID_ID: 2572706
2023-06-30 18:46:42 [booklist] INFO: VALID_ID: 2550227
2023-06-30 18:46:42 [booklist] INFO: VALID_ID: 2572679
2023-06-30 18:46:42 [booklist] INFO: VALID_ID: 2587814
2023-06-30 18:46:42 [booklist] INFO: VALID_ID: 2549325
2023-06-30 18:46:42 [booklist] INFO: VALID_ID: 2550388
2023-06-30 18:46:42 [booklist] INFO: VALID_ID: 10301567
2023-06-30 18:46:42 [booklist] INFO: VALID_ID: 2550173
2023-06-30 18:46:42 [booklist] INFO: VALID_ID: 2559104
2023-06-30 18:46:42 [booklist] INFO: VALID_ID: 2550311
2023-06-30 18:46:42 [booklist] INFO: VALID_ID: 2559108
2023-06-30 18:46:42 [booklist] INFO: VALID_ID: 2550245
2023-06-30 18:46:42 [booklist] INFO: VALID_ID: 2587824
2023-06-30 18:46:42 [booklist] INFO: VALID_ID: 2559106
2023-06-30 18:46:42 [booklist] INFO: VALID_ID: 2559113
2023-06-30 18:46:42 [booklist] INFO: VALID_ID: 2559110
2023-06-30 18:46:42 [booklist] INFO: VALID_ID: 2559116
2023-06-30 18:46:42 [booklist] INFO: VALID_ID: 2559102
2023-06-30 18:46:42 [booklist] INFO: VALID_ID: 2550386
2023-06-30 18:46:42 [booklist] INFO: VALID_ID: 2559109
2023-06-30 18:46:42 [booklist] INFO: VALID_ID: 2559111
2023-06-30 18:46:42 [booklist] INFO: VALID_ID: 2609581
2023-06-30 18:46:42 [booklist] INFO: VALID_ID: 2549282
2023-06-30 18:46:42 [booklist] INFO: VALID_ID: 2559105
2023-06-30 18:46:42 [booklist] INFO: VALID_ID: 2559112
2023-06-30 18:46:42 [booklist] INFO: VALID_ID: 2550160
2023-06-30 18:46:42 [booklist] INFO: VALID_ID: 2572712
2023-06-30 18:46:42 [booklist] INFO: VALID_ID: 2559107
2023-06-30 18:46:42 [booklist] INFO: VALID_ID: 2559115
2023-06-30 18:46:42 [booklist] INFO: VALID_ID: 2587334
2023-06-30 18:46:42 [booklist] INFO: VALID_ID: 2550338
2023-06-30 18:46:42 [booklist] INFO: VALID_ID: 2548189
2023-06-30 18:46:42 [booklist] INFO: VALID_ID: 2572628
2023-06-30 18:46:42 [booklist] INFO: VALID_ID: 2559103
2023-06-30 18:46:42 [booklist] INFO: VALID_ID: 2550145
2023-06-30 18:46:42 [booklist] INFO: VALID_ID: 2550291
2023-06-30 18:46:42 [booklist] INFO: VALID_ID: 2547755
2023-06-30 18:46:42 [booklist] INFO: VALID_ID: 2572620
2023-06-30 18:46:42 [booklist] INFO: VALID_ID: 2548187
2023-06-30 18:46:42 [booklist] INFO: VALID_ID: 2550252
2023-06-30 18:46:42 [booklist] INFO: VALID_ID: 2587339
2023-06-30 18:46:42 [booklist] INFO: VALID_ID: 2587368
2023-06-30 18:46:42 [booklist] INFO: VALID_ID: 2587340
2023-06-30 18:46:42 [booklist] INFO: VALID_ID: 2549328
2023-06-30 18:46:42 [booklist] INFO: VALID_ID: 2550339
2023-06-30 18:46:42 [booklist] INFO: VALID_ID: 2550307
2023-06-30 18:46:42 [booklist] INFO: VALID_ID: 2572684
2023-06-30 18:46:42 [booklist] INFO: VALID_ID: 2587370
2023-06-30 18:46:42 [booklist] INFO: VALID_ID: 2587224
2023-06-30 18:46:42 [booklist] INFO: VALID_ID: 2587367
2023-06-30 18:46:42 [booklist] INFO: VALID_ID: 2587342
2023-06-30 18:46:42 [booklist] INFO: VALID_ID: 2572708
2023-06-30 18:46:42 [booklist] INFO: VALID_ID: 2587341
2023-06-30 18:46:42 [booklist] INFO: VALID_ID: 2550182
2023-06-30 18:46:42 [booklist] INFO: VALID_ID: 2549668
2023-06-30 18:46:42 [booklist] INFO: VALID_ID: 2587369
2023-06-30 18:46:42 [booklist] INFO: VALID_ID: 2587422
2023-06-30 18:46:42 [booklist] INFO: VALID_ID: 2587420
2023-06-30 18:46:42 [booklist] INFO: VALID_ID: 2549114
2023-06-30 18:46:42 [booklist] INFO: VALID_ID: 2550174
2023-06-30 18:46:42 [booklist] INFO: VALID_ID: 2549113
2023-06-30 18:46:42 [booklist] INFO: VALID_ID: 2572626
2023-06-30 18:46:42 [booklist] INFO: VALID_ID: 2587421
2023-06-30 18:46:42 [booklist] INFO: VALID_ID: 2572692
2023-06-30 18:46:42 [booklist] INFO: VALID_ID: 2550197
2023-06-30 18:46:42 [booklist] INFO: VALID_ID: 2572644
2023-06-30 18:46:42 [booklist] INFO: VALID_ID: 2572683
2023-06-30 18:46:42 [booklist] INFO: VALID_ID: 2608824
2023-06-30 18:46:42 [booklist] INFO: VALID_ID: 2550146
2023-06-30 18:46:42 [booklist] INFO: VALID_ID: 2572529
2023-06-30 18:46:42 [booklist] INFO: VALID_ID: 2572643
2023-06-30 18:46:42 [booklist] INFO: VALID_ID: 2572621
2023-06-30 18:46:42 [booklist] INFO: VALID_ID: 2550154
2023-06-30 18:46:42 [booklist] INFO: VALID_ID: 2550264
2023-06-30 18:46:42 [booklist] INFO: VALID_ID: 2572689
2023-06-30 18:46:42 [booklist] INFO: VALID_ID: 2550142
2023-06-30 18:46:42 [booklist] INFO: VALID_ID: 2572577
2023-06-30 18:46:42 [booklist] INFO: VALID_ID: 2572641
2023-06-30 18:46:42 [booklist] INFO: VALID_ID: 2548711
2023-06-30 18:46:42 [booklist] INFO: VALID_ID: 2576238
2023-06-30 18:46:42 [booklist] INFO: VALID_ID: 2576235
2023-06-30 18:46:42 [booklist] INFO: VALID_ID: 2576245
2023-06-30 18:46:42 [booklist] INFO: VALID_ID: 2576240
2023-06-30 18:46:42 [booklist] INFO: VALID_ID: 2596120
2023-06-30 18:46:42 [booklist] INFO: VALID_ID: 2576244
2023-06-30 18:46:42 [booklist] INFO: VALID_ID: 2576242
2023-06-30 18:46:42 [booklist] INFO: VALID_ID: 2576243
2023-06-30 18:46:42 [booklist] INFO: VALID_ID: 2596094
2023-06-30 18:46:42 [booklist] INFO: VALID_ID: 2576236
2023-06-30 18:46:42 [booklist] INFO: VALID_ID: 2596068
2023-06-30 18:46:43 [scrapy.core.engine] DEBUG: Crawled (200) <POST https://dl.ndl.go.jp/api/item/search> (referer: https://dl.ndl.go.jp/api/item/search)
2023-06-30 18:46:43 [booklist] INFO: Fetched page 8
2023-06-30 18:46:43 [booklist] INFO: VALID_ID: 2596094
2023-06-30 18:46:43 [booklist] INFO: VALID_ID: 2596114
2023-06-30 18:46:43 [booklist] INFO: VALID_ID: 2596068
2023-06-30 18:46:43 [booklist] INFO: VALID_ID: 2596122
2023-06-30 18:46:43 [booklist] INFO: VALID_ID: 2596123
2023-06-30 18:46:43 [booklist] INFO: VALID_ID: 2576238
2023-06-30 18:46:43 [booklist] INFO: VALID_ID: 2550242
2023-06-30 18:46:43 [booklist] INFO: VALID_ID: 2596069
2023-06-30 18:46:43 [booklist] INFO: VALID_ID: 2596096
2023-06-30 18:46:43 [booklist] INFO: VALID_ID: 2596112
2023-06-30 18:46:43 [booklist] INFO: VALID_ID: 2576234
2023-06-30 18:46:43 [booklist] INFO: VALID_ID: 2576237
2023-06-30 18:46:43 [booklist] INFO: VALID_ID: 2596060
2023-06-30 18:46:43 [booklist] INFO: VALID_ID: 2550232
2023-06-30 18:46:43 [booklist] INFO: VALID_ID: 2610026
2023-06-30 18:46:43 [booklist] INFO: VALID_ID: 2596088
2023-06-30 18:46:43 [booklist] INFO: VALID_ID: 2596124
2023-06-30 18:46:43 [booklist] INFO: VALID_ID: 2596089
2023-06-30 18:46:43 [booklist] INFO: VALID_ID: 2596095
2023-06-30 18:46:43 [booklist] INFO: VALID_ID: 2596133
2023-06-30 18:46:43 [booklist] INFO: VALID_ID: 2596113
2023-06-30 18:46:43 [booklist] INFO: VALID_ID: 2596128
2023-06-30 18:46:43 [booklist] INFO: VALID_ID: 2596121
2023-06-30 18:46:43 [booklist] INFO: VALID_ID: 2596136
2023-06-30 18:46:43 [booklist] INFO: VALID_ID: 2596118
2023-06-30 18:46:43 [booklist] INFO: VALID_ID: 2549294
2023-06-30 18:46:43 [booklist] INFO: VALID_ID: 2596109
2023-06-30 18:46:43 [booklist] INFO: VALID_ID: 2550351
2023-06-30 18:46:43 [booklist] INFO: VALID_ID: 2596115
2023-06-30 18:46:43 [booklist] INFO: VALID_ID: 2549322
2023-06-30 18:46:43 [booklist] INFO: VALID_ID: 2596087
2023-06-30 18:46:43 [booklist] INFO: VALID_ID: 2596111
2023-06-30 18:46:43 [booklist] INFO: VALID_ID: 2596129
2023-06-30 18:46:43 [booklist] INFO: VALID_ID: 2550297
2023-06-30 18:46:43 [booklist] INFO: VALID_ID: 2550330
2023-06-30 18:46:43 [booklist] INFO: VALID_ID: 2550209
2023-06-30 18:46:43 [booklist] INFO: VALID_ID: 2550393
2023-06-30 18:46:43 [booklist] INFO: VALID_ID: 2549326
2023-06-30 18:46:43 [booklist] INFO: VALID_ID: 2549281
2023-06-30 18:46:43 [booklist] INFO: VALID_ID: 2550292
2023-06-30 18:46:43 [booklist] INFO: VALID_ID: 2550214
2023-06-30 18:46:43 [booklist] INFO: VALID_ID: 2550404
2023-06-30 18:46:43 [booklist] INFO: VALID_ID: 2550147
2023-06-30 18:46:43 [booklist] INFO: VALID_ID: 2550196
2023-06-30 18:46:43 [booklist] INFO: VALID_ID: 2550306
2023-06-30 18:46:43 [booklist] INFO: VALID_ID: 2610138
2023-06-30 18:46:43 [scrapy.core.engine] DEBUG: Crawled (200) <POST https://dl.ndl.go.jp/api/item/search> (referer: https://dl.ndl.go.jp/api/item/search)
2023-06-30 18:46:43 [booklist] INFO: Fetched page 9
2023-06-30 18:46:43 [booklist] INFO: No more books on 9
2023-06-30 18:46:43 [scrapy.core.engine] INFO: Closing spider (finished)
2023-06-30 18:46:43 [scrapy.statscollectors] INFO: Dumping Scrapy stats:
{'downloader/request_bytes': 12334,
 'downloader/request_count': 10,
 'downloader/request_method_count/GET': 1,
 'downloader/request_method_count/POST': 9,
 'downloader/response_bytes': 4401297,
 'downloader/response_count': 10,
 'downloader/response_status_count/200': 10,
 'elapsed_time_seconds': 13.899041,
 'finish_reason': 'finished',
 'finish_time': datetime.datetime(2023, 6, 30, 10, 46, 43, 883747),
 'httpcompression/response_bytes': 52274349,
 'httpcompression/response_count': 9,
 'log_count/DEBUG': 13,
 'log_count/INFO': 766,
 'memusage/max': 63655936,
 'memusage/startup': 63655936,
 'request_depth_max': 8,
 'response_received_count': 10,
 'robotstxt/request_count': 1,
 'robotstxt/response_count': 1,
 'robotstxt/response_status_count/200': 1,
 'scheduler/dequeued': 9,
 'scheduler/dequeued/memory': 9,
 'scheduler/enqueued': 9,
 'scheduler/enqueued/memory': 9,
 'start_time': datetime.datetime(2023, 6, 30, 10, 46, 29, 984706)}
2023-06-30 18:46:43 [scrapy.core.engine] INFO: Spider closed (finished)
