2023-06-30 16:29:23 [scrapy.utils.log] INFO: Scrapy 2.9.0 started (bot: ndlcrawler)
2023-06-30 16:29:23 [scrapy.utils.log] INFO: Versions: lxml 4.9.2.0, libxml2 2.9.14, cssselect 1.2.0, parsel 1.8.1, w3lib 2.1.1, Twisted 22.10.0, Python 3.10.10 (main, Mar  5 2023, 22:26:53) [GCC 12.2.1 20230201], pyOpenSSL 23.2.0 (OpenSSL 3.1.1 30 May 2023), cryptography 41.0.1, Platform Linux-6.2.12-arch1-1-x86_64-with-glibc2.37
2023-06-30 16:29:23 [scrapy.crawler] INFO: Overridden settings:
{'BOT_NAME': 'ndlcrawler',
 'FEED_EXPORT_ENCODING': 'utf-8',
 'LOG_FILE': 'logs/booklist.title.47.DESC.log',
 'NEWSPIDER_MODULE': 'ndlcrawler.spiders',
 'REQUEST_FINGERPRINTER_IMPLEMENTATION': '2.7',
 'ROBOTSTXT_OBEY': True,
 'SPIDER_MODULES': ['ndlcrawler.spiders'],
 'TWISTED_REACTOR': 'twisted.internet.asyncioreactor.AsyncioSelectorReactor'}
2023-06-30 16:29:23 [asyncio] DEBUG: Using selector: EpollSelector
2023-06-30 16:29:23 [scrapy.utils.log] DEBUG: Using reactor: twisted.internet.asyncioreactor.AsyncioSelectorReactor
2023-06-30 16:29:23 [scrapy.utils.log] DEBUG: Using asyncio event loop: asyncio.unix_events._UnixSelectorEventLoop
2023-06-30 16:29:23 [scrapy.extensions.telnet] INFO: Telnet Password: c579521bd61c184f
2023-06-30 16:29:23 [scrapy.middleware] INFO: Enabled extensions:
['scrapy.extensions.corestats.CoreStats',
 'scrapy.extensions.telnet.TelnetConsole',
 'scrapy.extensions.memusage.MemoryUsage',
 'scrapy.extensions.logstats.LogStats']
2023-06-30 16:29:24 [scrapy.middleware] INFO: Enabled downloader middlewares:
['scrapy.downloadermiddlewares.robotstxt.RobotsTxtMiddleware',
 'scrapy.downloadermiddlewares.httpauth.HttpAuthMiddleware',
 'scrapy.downloadermiddlewares.downloadtimeout.DownloadTimeoutMiddleware',
 'scrapy.downloadermiddlewares.defaultheaders.DefaultHeadersMiddleware',
 'scrapy.downloadermiddlewares.useragent.UserAgentMiddleware',
 'scrapy.downloadermiddlewares.retry.RetryMiddleware',
 'scrapy.downloadermiddlewares.redirect.MetaRefreshMiddleware',
 'scrapy.downloadermiddlewares.httpcompression.HttpCompressionMiddleware',
 'scrapy.downloadermiddlewares.redirect.RedirectMiddleware',
 'scrapy.downloadermiddlewares.cookies.CookiesMiddleware',
 'scrapy.downloadermiddlewares.httpproxy.HttpProxyMiddleware',
 'scrapy.downloadermiddlewares.stats.DownloaderStats']
2023-06-30 16:29:24 [scrapy.middleware] INFO: Enabled spider middlewares:
['scrapy.spidermiddlewares.httperror.HttpErrorMiddleware',
 'scrapy.spidermiddlewares.offsite.OffsiteMiddleware',
 'scrapy.spidermiddlewares.referer.RefererMiddleware',
 'scrapy.spidermiddlewares.urllength.UrlLengthMiddleware',
 'scrapy.spidermiddlewares.depth.DepthMiddleware']
2023-06-30 16:29:24 [scrapy.middleware] INFO: Enabled item pipelines:
[]
2023-06-30 16:29:24 [scrapy.core.engine] INFO: Spider opened
2023-06-30 16:29:24 [scrapy.extensions.logstats] INFO: Crawled 0 pages (at 0 pages/min), scraped 0 items (at 0 items/min)
2023-06-30 16:29:24 [scrapy.extensions.telnet] INFO: Telnet console listening on 127.0.0.1:6025
2023-06-30 16:29:24 [scrapy.core.engine] DEBUG: Crawled (200) <GET https://dl.ndl.go.jp/robots.txt> (referer: None)
2023-06-30 16:29:26 [scrapy.core.engine] DEBUG: Crawled (200) <POST https://dl.ndl.go.jp/api/item/search> (referer: None)
2023-06-30 16:29:26 [booklist] INFO: Fetched page 1
2023-06-30 16:29:26 [booklist] INFO: VALID_ID: 2547946
2023-06-30 16:29:26 [booklist] INFO: VALID_ID: 2584400
2023-06-30 16:29:26 [booklist] INFO: VALID_ID: 2545480
2023-06-30 16:29:26 [booklist] INFO: VALID_ID: 2584487
2023-06-30 16:29:26 [booklist] INFO: VALID_ID: 2581053
2023-06-30 16:29:26 [booklist] INFO: VALID_ID: 2592874
2023-06-30 16:29:26 [booklist] INFO: VALID_ID: 2587272
2023-06-30 16:29:26 [booklist] INFO: VALID_ID: 10304013
2023-06-30 16:29:26 [booklist] INFO: VALID_ID: 2585804
2023-06-30 16:29:26 [booklist] INFO: VALID_ID: 2580967
2023-06-30 16:29:26 [booklist] INFO: VALID_ID: 10303915
2023-06-30 16:29:26 [booklist] INFO: VALID_ID: 2573618
2023-06-30 16:29:26 [booklist] INFO: VALID_ID: 2551918
2023-06-30 16:29:26 [booklist] INFO: VALID_ID: 2547367
2023-06-30 16:29:26 [booklist] INFO: VALID_ID: 2581836
2023-06-30 16:29:26 [booklist] INFO: VALID_ID: 2551370
2023-06-30 16:29:26 [booklist] INFO: VALID_ID: 2553325
2023-06-30 16:29:26 [booklist] INFO: VALID_ID: 2585899
2023-06-30 16:29:26 [booklist] INFO: VALID_ID: 2559080
2023-06-30 16:29:26 [booklist] INFO: VALID_ID: 2559116
2023-06-30 16:29:26 [booklist] INFO: VALID_ID: 2559175
2023-06-30 16:29:26 [booklist] INFO: VALID_ID: 2576256
2023-06-30 16:29:26 [booklist] INFO: VALID_ID: 2559216
2023-06-30 16:29:26 [booklist] INFO: VALID_ID: 2559137
2023-06-30 16:29:26 [booklist] INFO: VALID_ID: 2562475
2023-06-30 16:29:26 [booklist] INFO: VALID_ID: 2558938
2023-06-30 16:29:26 [booklist] INFO: VALID_ID: 2550016
2023-06-30 16:29:26 [booklist] INFO: VALID_ID: 2603225
2023-06-30 16:29:26 [booklist] INFO: VALID_ID: 2577339
2023-06-30 16:29:26 [booklist] INFO: VALID_ID: 11223179
2023-06-30 16:29:26 [booklist] INFO: VALID_ID: 2552337
2023-06-30 16:29:26 [booklist] INFO: VALID_ID: 2600910
2023-06-30 16:29:26 [booklist] INFO: VALID_ID: 2550067
2023-06-30 16:29:26 [booklist] INFO: VALID_ID: 2580719
2023-06-30 16:29:26 [booklist] INFO: VALID_ID: 2589832
2023-06-30 16:29:26 [booklist] INFO: VALID_ID: 2590687
2023-06-30 16:29:26 [booklist] INFO: VALID_ID: 2573442
2023-06-30 16:29:26 [booklist] INFO: VALID_ID: 2574817
2023-06-30 16:29:26 [booklist] INFO: VALID_ID: 2569743
2023-06-30 16:29:26 [booklist] INFO: VALID_ID: 2591169
2023-06-30 16:29:26 [booklist] INFO: VALID_ID: 2560846
2023-06-30 16:29:26 [booklist] INFO: VALID_ID: 2585082
2023-06-30 16:29:26 [booklist] INFO: VALID_ID: 2574463
2023-06-30 16:29:26 [booklist] INFO: VALID_ID: 2544280
2023-06-30 16:29:26 [booklist] INFO: VALID_ID: 2591052
2023-06-30 16:29:26 [booklist] INFO: VALID_ID: 2574078
2023-06-30 16:29:26 [booklist] INFO: VALID_ID: 2578030
2023-06-30 16:29:26 [booklist] INFO: VALID_ID: 2561727
2023-06-30 16:29:26 [booklist] INFO: VALID_ID: 2562261
2023-06-30 16:29:26 [booklist] INFO: VALID_ID: 2596860
2023-06-30 16:29:26 [booklist] INFO: VALID_ID: 2573829
2023-06-30 16:29:26 [booklist] INFO: VALID_ID: 2597000
2023-06-30 16:29:26 [booklist] INFO: VALID_ID: 2545551
2023-06-30 16:29:26 [booklist] INFO: VALID_ID: 2571354
2023-06-30 16:29:26 [booklist] INFO: VALID_ID: 2551325
2023-06-30 16:29:26 [booklist] INFO: VALID_ID: 2596394
2023-06-30 16:29:26 [booklist] INFO: VALID_ID: 2549532
2023-06-30 16:29:26 [booklist] INFO: VALID_ID: 2552024
2023-06-30 16:29:26 [booklist] INFO: VALID_ID: 2555113
2023-06-30 16:29:26 [booklist] INFO: VALID_ID: 2593068
2023-06-30 16:29:26 [booklist] INFO: VALID_ID: 2545331
2023-06-30 16:29:26 [booklist] INFO: VALID_ID: 2591403
2023-06-30 16:29:26 [booklist] INFO: VALID_ID: 2578675
2023-06-30 16:29:26 [booklist] INFO: VALID_ID: 2588089
2023-06-30 16:29:26 [booklist] INFO: VALID_ID: 2549418
2023-06-30 16:29:26 [booklist] INFO: VALID_ID: 2578839
2023-06-30 16:29:26 [booklist] INFO: VALID_ID: 2590433
2023-06-30 16:29:26 [booklist] INFO: VALID_ID: 2573735
2023-06-30 16:29:26 [booklist] INFO: VALID_ID: 2577678
2023-06-30 16:29:26 [booklist] INFO: VALID_ID: 2558520
2023-06-30 16:29:26 [booklist] INFO: VALID_ID: 2600168
2023-06-30 16:29:26 [booklist] INFO: VALID_ID: 2592015
2023-06-30 16:29:26 [booklist] INFO: VALID_ID: 2593224
2023-06-30 16:29:26 [booklist] INFO: VALID_ID: 2576741
2023-06-30 16:29:26 [booklist] INFO: VALID_ID: 2564800
2023-06-30 16:29:26 [booklist] INFO: VALID_ID: 2596486
2023-06-30 16:29:26 [booklist] INFO: VALID_ID: 2557868
2023-06-30 16:29:26 [booklist] INFO: VALID_ID: 2553778
2023-06-30 16:29:26 [booklist] INFO: VALID_ID: 2601164
2023-06-30 16:29:26 [booklist] INFO: VALID_ID: 2565724
2023-06-30 16:29:26 [booklist] INFO: VALID_ID: 2552608
2023-06-30 16:29:26 [booklist] INFO: VALID_ID: 2573909
2023-06-30 16:29:26 [booklist] INFO: VALID_ID: 2597841
2023-06-30 16:29:26 [booklist] INFO: VALID_ID: 2551046
2023-06-30 16:29:26 [booklist] INFO: VALID_ID: 2592492
2023-06-30 16:29:26 [booklist] INFO: VALID_ID: 2601324
2023-06-30 16:29:26 [booklist] INFO: VALID_ID: 2600702
2023-06-30 16:29:26 [booklist] INFO: VALID_ID: 2581165
2023-06-30 16:29:26 [booklist] INFO: VALID_ID: 2591316
2023-06-30 16:29:26 [booklist] INFO: VALID_ID: 2559310
2023-06-30 16:29:26 [booklist] INFO: VALID_ID: 2565778
2023-06-30 16:29:26 [booklist] INFO: VALID_ID: 2591633
2023-06-30 16:29:26 [booklist] INFO: VALID_ID: 2580332
2023-06-30 16:29:26 [booklist] INFO: VALID_ID: 2579778
2023-06-30 16:29:26 [booklist] INFO: VALID_ID: 2570706
2023-06-30 16:29:26 [booklist] INFO: VALID_ID: 2573272
2023-06-30 16:29:26 [booklist] INFO: VALID_ID: 2584962
2023-06-30 16:29:26 [booklist] INFO: VALID_ID: 2580642
2023-06-30 16:29:26 [booklist] INFO: VALID_ID: 2570526
2023-06-30 16:29:26 [booklist] INFO: VALID_ID: 2546324
2023-06-30 16:29:28 [scrapy.core.engine] DEBUG: Crawled (200) <POST https://dl.ndl.go.jp/api/item/search> (referer: https://dl.ndl.go.jp/api/item/search)
2023-06-30 16:29:28 [booklist] INFO: Fetched page 2
2023-06-30 16:29:28 [booklist] INFO: VALID_ID: 2573392
2023-06-30 16:29:28 [booklist] INFO: VALID_ID: 2567605
2023-06-30 16:29:28 [booklist] INFO: VALID_ID: 2567511
2023-06-30 16:29:28 [booklist] INFO: VALID_ID: 2596546
2023-06-30 16:29:28 [booklist] INFO: VALID_ID: 2596104
2023-06-30 16:29:28 [booklist] INFO: VALID_ID: 2590433
2023-06-30 16:29:28 [booklist] INFO: VALID_ID: 2573735
2023-06-30 16:29:28 [booklist] INFO: VALID_ID: 2577678
2023-06-30 16:29:28 [booklist] INFO: VALID_ID: 2607233
2023-06-30 16:29:28 [booklist] INFO: VALID_ID: 2592492
2023-06-30 16:29:28 [booklist] INFO: VALID_ID: 2601324
2023-06-30 16:29:28 [booklist] INFO: VALID_ID: 2600702
2023-06-30 16:29:28 [booklist] INFO: VALID_ID: 2581165
2023-06-30 16:29:28 [booklist] INFO: VALID_ID: 2591316
2023-06-30 16:29:28 [booklist] INFO: VALID_ID: 2570526
2023-06-30 16:29:28 [booklist] INFO: VALID_ID: 2580642
2023-06-30 16:29:28 [booklist] INFO: VALID_ID: 2546324
2023-06-30 16:29:28 [booklist] INFO: VALID_ID: 2560256
2023-06-30 16:29:28 [booklist] INFO: VALID_ID: 2601388
2023-06-30 16:29:28 [booklist] INFO: VALID_ID: 2595958
2023-06-30 16:29:28 [booklist] INFO: VALID_ID: 2600318
2023-06-30 16:29:28 [booklist] INFO: VALID_ID: 2560257
2023-06-30 16:29:28 [booklist] INFO: VALID_ID: 2559239
2023-06-30 16:29:28 [booklist] INFO: VALID_ID: 2553508
2023-06-30 16:29:28 [booklist] INFO: VALID_ID: 2558372
2023-06-30 16:29:28 [booklist] INFO: VALID_ID: 2560255
2023-06-30 16:29:28 [booklist] INFO: VALID_ID: 2590262
2023-06-30 16:29:28 [booklist] INFO: VALID_ID: 2562157
2023-06-30 16:29:28 [booklist] INFO: VALID_ID: 2561452
2023-06-30 16:29:28 [booklist] INFO: VALID_ID: 2562154
2023-06-30 16:29:28 [booklist] INFO: VALID_ID: 2590259
2023-06-30 16:29:28 [booklist] INFO: VALID_ID: 2562127
2023-06-30 16:29:28 [booklist] INFO: VALID_ID: 2590232
2023-06-30 16:29:28 [booklist] INFO: VALID_ID: 12865530
2023-06-30 16:29:28 [booklist] INFO: VALID_ID: 2572282
2023-06-30 16:29:28 [booklist] INFO: VALID_ID: 2576832
2023-06-30 16:29:28 [booklist] INFO: VALID_ID: 2551146
2023-06-30 16:29:28 [booklist] INFO: VALID_ID: 2561927
2023-06-30 16:29:28 [booklist] INFO: VALID_ID: 2562159
2023-06-30 16:29:28 [booklist] INFO: VALID_ID: 11607924
2023-06-30 16:29:28 [booklist] INFO: VALID_ID: 2590256
2023-06-30 16:29:28 [booklist] INFO: VALID_ID: 2570626
2023-06-30 16:29:28 [booklist] INFO: VALID_ID: 2562153
2023-06-30 16:29:28 [booklist] INFO: VALID_ID: 2562150
2023-06-30 16:29:28 [booklist] INFO: VALID_ID: 2562155
2023-06-30 16:29:28 [booklist] INFO: VALID_ID: 2590257
2023-06-30 16:29:28 [booklist] INFO: VALID_ID: 2590261
2023-06-30 16:29:28 [booklist] INFO: VALID_ID: 2597100
2023-06-30 16:29:28 [booklist] INFO: VALID_ID: 2590255
2023-06-30 16:29:28 [booklist] INFO: VALID_ID: 2590264
2023-06-30 16:29:28 [booklist] INFO: VALID_ID: 2597941
2023-06-30 16:29:28 [booklist] INFO: VALID_ID: 2562156
2023-06-30 16:29:28 [booklist] INFO: VALID_ID: 2590132
2023-06-30 16:29:28 [booklist] INFO: VALID_ID: 2590258
2023-06-30 16:29:28 [booklist] INFO: VALID_ID: 2590332
2023-06-30 16:29:28 [booklist] INFO: VALID_ID: 2600418
2023-06-30 16:29:28 [booklist] INFO: VALID_ID: 2562027
2023-06-30 16:29:28 [booklist] INFO: VALID_ID: 2590260
2023-06-30 16:29:28 [booklist] INFO: VALID_ID: 2562158
2023-06-30 16:29:28 [booklist] INFO: VALID_ID: 2590032
2023-06-30 16:29:28 [booklist] INFO: VALID_ID: 2562152
2023-06-30 16:29:28 [booklist] INFO: VALID_ID: 2571096
2023-06-30 16:29:28 [booklist] INFO: VALID_ID: 2577539
2023-06-30 16:29:28 [booklist] INFO: VALID_ID: 2597200
2023-06-30 16:29:28 [booklist] INFO: VALID_ID: 2577439
2023-06-30 16:29:28 [booklist] INFO: VALID_ID: 2590263
2023-06-30 16:29:28 [booklist] INFO: VALID_ID: 2574009
2023-06-30 16:29:28 [booklist] INFO: VALID_ID: 2562151
2023-06-30 16:29:28 [booklist] INFO: VALID_ID: 2561827
2023-06-30 16:29:28 [booklist] INFO: VALID_ID: 2589932
2023-06-30 16:29:28 [booklist] INFO: VALID_ID: 11891786
2023-06-30 16:29:28 [booklist] INFO: VALID_ID: 2588574
2023-06-30 16:29:28 [booklist] INFO: VALID_ID: 2559241
2023-06-30 16:29:28 [booklist] INFO: VALID_ID: 2559243
2023-06-30 16:29:28 [booklist] INFO: VALID_ID: 2572382
2023-06-30 16:29:28 [booklist] INFO: VALID_ID: 2571528
2023-06-30 16:29:28 [booklist] INFO: VALID_ID: 11892577
2023-06-30 16:29:28 [booklist] INFO: VALID_ID: 2572073
2023-06-30 16:29:28 [booklist] INFO: VALID_ID: 2559242
2023-06-30 16:29:28 [booklist] INFO: VALID_ID: 2573025
2023-06-30 16:29:28 [booklist] INFO: VALID_ID: 2588674
2023-06-30 16:29:28 [booklist] INFO: VALID_ID: 2587331
2023-06-30 16:29:28 [booklist] INFO: VALID_ID: 2548768
2023-06-30 16:29:28 [booklist] INFO: VALID_ID: 2572896
2023-06-30 16:29:28 [booklist] INFO: VALID_ID: 2544851
2023-06-30 16:29:28 [booklist] INFO: VALID_ID: 2563210
2023-06-30 16:29:28 [booklist] INFO: VALID_ID: 2544213
2023-06-30 16:29:28 [booklist] INFO: VALID_ID: 2544867
2023-06-30 16:29:28 [booklist] INFO: VALID_ID: 2553616
2023-06-30 16:29:28 [booklist] INFO: VALID_ID: 2599739
2023-06-30 16:29:28 [booklist] INFO: VALID_ID: 2574766
2023-06-30 16:29:28 [booklist] INFO: VALID_ID: 2572802
2023-06-30 16:29:28 [booklist] INFO: VALID_ID: 2588875
2023-06-30 16:29:28 [booklist] INFO: VALID_ID: 2549849
2023-06-30 16:29:28 [booklist] INFO: VALID_ID: 2596222
2023-06-30 16:29:28 [booklist] INFO: VALID_ID: 2549783
2023-06-30 16:29:28 [booklist] INFO: VALID_ID: 2588439
2023-06-30 16:29:28 [booklist] INFO: VALID_ID: 2550456
2023-06-30 16:29:28 [booklist] INFO: VALID_ID: 2554045
2023-06-30 16:29:28 [booklist] INFO: VALID_ID: 2571694
2023-06-30 16:29:30 [scrapy.core.engine] DEBUG: Crawled (200) <POST https://dl.ndl.go.jp/api/item/search> (referer: https://dl.ndl.go.jp/api/item/search)
2023-06-30 16:29:30 [booklist] INFO: Fetched page 3
2023-06-30 16:29:31 [booklist] INFO: VALID_ID: 2554044
2023-06-30 16:29:31 [booklist] INFO: VALID_ID: 2572968
2023-06-30 16:29:31 [booklist] INFO: VALID_ID: 10303911
2023-06-30 16:29:31 [booklist] INFO: VALID_ID: 2572173
2023-06-30 16:29:31 [booklist] INFO: VALID_ID: 2549005
2023-06-30 16:29:31 [booklist] INFO: VALID_ID: 10303971
2023-06-30 16:29:31 [booklist] INFO: VALID_ID: 2554047
2023-06-30 16:29:31 [booklist] INFO: VALID_ID: 2554048
2023-06-30 16:29:31 [booklist] INFO: VALID_ID: 2554049
2023-06-30 16:29:31 [booklist] INFO: VALID_ID: 2554057
2023-06-30 16:29:31 [booklist] INFO: VALID_ID: 2554046
2023-06-30 16:29:31 [booklist] INFO: VALID_ID: 2554055
2023-06-30 16:29:31 [booklist] INFO: VALID_ID: 2554056
2023-06-30 16:29:31 [booklist] INFO: VALID_ID: 2554052
2023-06-30 16:29:31 [booklist] INFO: VALID_ID: 2554053
2023-06-30 16:29:31 [booklist] INFO: VALID_ID: 2554050
2023-06-30 16:29:31 [booklist] INFO: VALID_ID: 2605938
2023-06-30 16:29:31 [booklist] INFO: VALID_ID: 2554051
2023-06-30 16:29:31 [booklist] INFO: VALID_ID: 2554058
2023-06-30 16:29:31 [booklist] INFO: VALID_ID: 10301114
2023-06-30 16:29:31 [booklist] INFO: VALID_ID: 2589229
2023-06-30 16:29:31 [booklist] INFO: VALID_ID: 2553676
2023-06-30 16:29:31 [booklist] INFO: VALID_ID: 2571404
2023-06-30 16:29:31 [booklist] INFO: VALID_ID: 2596222
2023-06-30 16:29:31 [booklist] INFO: VALID_ID: 2532699
2023-06-30 16:29:31 [booklist] INFO: VALID_ID: 10301052
2023-06-30 16:29:31 [booklist] INFO: VALID_ID: 2589175
2023-06-30 16:29:31 [booklist] INFO: VALID_ID: 2576995
2023-06-30 16:29:31 [booklist] INFO: VALID_ID: 2587111
2023-06-30 16:29:31 [booklist] INFO: VALID_ID: 2574998
2023-06-30 16:29:31 [booklist] INFO: VALID_ID: 2548607
2023-06-30 16:29:31 [booklist] INFO: VALID_ID: 2589311
2023-06-30 16:29:31 [booklist] INFO: VALID_ID: 2548719
2023-06-30 16:29:31 [booklist] INFO: VALID_ID: 2596171
2023-06-30 16:29:31 [booklist] INFO: VALID_ID: 2587502
2023-06-30 16:29:31 [booklist] INFO: VALID_ID: 2548925
2023-06-30 16:29:31 [booklist] INFO: VALID_ID: 2589075
2023-06-30 16:29:31 [booklist] INFO: VALID_ID: 2571763
2023-06-30 16:29:31 [booklist] INFO: VALID_ID: 2588975
2023-06-30 16:29:31 [booklist] INFO: VALID_ID: 2559084
2023-06-30 16:29:31 [booklist] INFO: VALID_ID: 2608632
2023-06-30 16:29:31 [booklist] INFO: VALID_ID: 2575616
2023-06-30 16:29:31 [booklist] INFO: VALID_ID: 2610531
2023-06-30 16:29:31 [booklist] INFO: VALID_ID: 2575606
2023-06-30 16:29:31 [booklist] INFO: VALID_ID: 2575610
2023-06-30 16:29:31 [booklist] INFO: VALID_ID: 2575626
2023-06-30 16:29:31 [booklist] INFO: VALID_ID: 2549214
2023-06-30 16:29:31 [booklist] INFO: VALID_ID: 2571628
2023-06-30 16:29:31 [booklist] INFO: VALID_ID: 2575615
2023-06-30 16:29:31 [booklist] INFO: VALID_ID: 2575624
2023-06-30 16:29:31 [booklist] INFO: VALID_ID: 2575619
2023-06-30 16:29:31 [booklist] INFO: VALID_ID: 2575627
2023-06-30 16:29:31 [booklist] INFO: VALID_ID: 2575638
2023-06-30 16:29:31 [booklist] INFO: VALID_ID: 2575618
2023-06-30 16:29:31 [booklist] INFO: VALID_ID: 2575639
2023-06-30 16:29:31 [booklist] INFO: VALID_ID: 2575625
2023-06-30 16:29:31 [booklist] INFO: VALID_ID: 2575636
2023-06-30 16:29:31 [booklist] INFO: VALID_ID: 2576266
2023-06-30 16:29:31 [booklist] INFO: VALID_ID: 2550289
2023-06-30 16:29:31 [booklist] INFO: VALID_ID: 2575603
2023-06-30 16:29:31 [booklist] INFO: VALID_ID: 2575623
2023-06-30 16:29:31 [booklist] INFO: VALID_ID: 2575611
2023-06-30 16:29:31 [booklist] INFO: VALID_ID: 2575622
2023-06-30 16:29:31 [booklist] INFO: VALID_ID: 2575635
2023-06-30 16:29:31 [booklist] INFO: VALID_ID: 2575631
2023-06-30 16:29:31 [booklist] INFO: VALID_ID: 2575633
2023-06-30 16:29:31 [booklist] INFO: VALID_ID: 2550556
2023-06-30 16:29:31 [booklist] INFO: VALID_ID: 2575605
2023-06-30 16:29:31 [booklist] INFO: VALID_ID: 2575604
2023-06-30 16:29:31 [booklist] INFO: VALID_ID: 2575607
2023-06-30 16:29:31 [booklist] INFO: VALID_ID: 2575617
2023-06-30 16:29:31 [booklist] INFO: VALID_ID: 2575612
2023-06-30 16:29:31 [booklist] INFO: VALID_ID: 2575629
2023-06-30 16:29:31 [booklist] INFO: VALID_ID: 2575634
2023-06-30 16:29:31 [booklist] INFO: VALID_ID: 2575608
2023-06-30 16:29:31 [booklist] INFO: VALID_ID: 2575630
2023-06-30 16:29:31 [booklist] INFO: VALID_ID: 2575613
2023-06-30 16:29:31 [booklist] INFO: VALID_ID: 2575614
2023-06-30 16:29:31 [booklist] INFO: VALID_ID: 2575609
2023-06-30 16:29:31 [booklist] INFO: VALID_ID: 2575632
2023-06-30 16:29:31 [booklist] INFO: VALID_ID: 2575637
2023-06-30 16:29:31 [booklist] INFO: VALID_ID: 2575628
2023-06-30 16:29:31 [booklist] INFO: VALID_ID: 2576212
2023-06-30 16:29:31 [booklist] INFO: VALID_ID: 2575620
2023-06-30 16:29:31 [booklist] INFO: VALID_ID: 2575621
2023-06-30 16:29:31 [booklist] INFO: VALID_ID: 2587211
2023-06-30 16:29:31 [booklist] INFO: VALID_ID: 2576213
2023-06-30 16:29:31 [booklist] INFO: VALID_ID: 2559244
2023-06-30 16:29:31 [booklist] INFO: VALID_ID: 2576279
2023-06-30 16:29:31 [booklist] INFO: VALID_ID: 2549089
2023-06-30 16:29:31 [booklist] INFO: VALID_ID: 2550355
2023-06-30 16:29:31 [booklist] INFO: VALID_ID: 2587382
2023-06-30 16:29:31 [booklist] INFO: VALID_ID: 2607884
2023-06-30 16:29:31 [booklist] INFO: VALID_ID: 2606300
2023-06-30 16:29:31 [booklist] INFO: VALID_ID: 2572519
2023-06-30 16:29:31 [booklist] INFO: VALID_ID: 2550178
2023-06-30 16:29:31 [booklist] INFO: VALID_ID: 11446531
2023-06-30 16:29:31 [booklist] INFO: VALID_ID: 11446631
2023-06-30 16:29:31 [booklist] INFO: VALID_ID: 2559158
2023-06-30 16:29:31 [booklist] INFO: VALID_ID: 10303480
2023-06-30 16:29:32 [scrapy.core.engine] DEBUG: Crawled (200) <POST https://dl.ndl.go.jp/api/item/search> (referer: https://dl.ndl.go.jp/api/item/search)
2023-06-30 16:29:32 [booklist] INFO: Fetched page 4
2023-06-30 16:29:32 [booklist] INFO: VALID_ID: 2583707
2023-06-30 16:29:32 [booklist] INFO: VALID_ID: 2572621
2023-06-30 16:29:32 [booklist] INFO: VALID_ID: 2543771
2023-06-30 16:29:32 [booklist] INFO: VALID_ID: 11038666
2023-06-30 16:29:32 [booklist] INFO: VALID_ID: 11223326
2023-06-30 16:29:32 [booklist] INFO: VALID_ID: 10303646
2023-06-30 16:29:32 [booklist] INFO: VALID_ID: 2609961
2023-06-30 16:29:32 [booklist] INFO: VALID_ID: 2584218
2023-06-30 16:29:32 [booklist] INFO: VALID_ID: 10303647
2023-06-30 16:29:32 [booklist] INFO: VALID_ID: 2574383
2023-06-30 16:29:32 [booklist] INFO: VALID_ID: 10303807
2023-06-30 16:29:32 [booklist] INFO: VALID_ID: 2598030
2023-06-30 16:29:32 [booklist] INFO: VALID_ID: 11223426
2023-06-30 16:29:32 [booklist] INFO: VALID_ID: 11892807
2023-06-30 16:29:32 [booklist] INFO: VALID_ID: 2562665
2023-06-30 16:29:32 [booklist] INFO: VALID_ID: 2598029
2023-06-30 16:29:32 [booklist] INFO: VALID_ID: 11891791
2023-06-30 16:29:32 [booklist] INFO: VALID_ID: 11038786
2023-06-30 16:29:32 [booklist] INFO: VALID_ID: 10303731
2023-06-30 16:29:32 [booklist] INFO: VALID_ID: 11038787
2023-06-30 16:29:32 [booklist] INFO: VALID_ID: 2598028
2023-06-30 16:29:32 [booklist] INFO: VALID_ID: 2562664
2023-06-30 16:29:32 [booklist] INFO: VALID_ID: 2535833
2023-06-30 16:29:32 [booklist] INFO: VALID_ID: 2611107
2023-06-30 16:29:32 [booklist] INFO: VALID_ID: 2562666
2023-06-30 16:29:32 [booklist] INFO: VALID_ID: 2537063
2023-06-30 16:29:32 [booklist] INFO: VALID_ID: 2606781
2023-06-30 16:29:32 [booklist] INFO: VALID_ID: 2581729
2023-06-30 16:29:32 [booklist] INFO: VALID_ID: 11891845
2023-06-30 16:29:32 [booklist] INFO: VALID_ID: 11892727
2023-06-30 16:29:32 [booklist] INFO: VALID_ID: 2537353
2023-06-30 16:29:32 [booklist] INFO: VALID_ID: 12866100
2023-06-30 16:29:32 [booklist] INFO: VALID_ID: 2546384
2023-06-30 16:29:32 [booklist] INFO: VALID_ID: 11607748
2023-06-30 16:29:32 [booklist] INFO: VALID_ID: 1287949
2023-06-30 16:29:32 [booklist] INFO: VALID_ID: 2605147
2023-06-30 16:29:32 [booklist] INFO: VALID_ID: 1288111
2023-06-30 16:29:32 [booklist] INFO: VALID_ID: 1286846
2023-06-30 16:29:32 [booklist] INFO: VALID_ID: 11892574
2023-06-30 16:29:32 [booklist] INFO: VALID_ID: 11892573
2023-06-30 16:29:32 [booklist] INFO: VALID_ID: 2551634
2023-06-30 16:29:32 [booklist] INFO: VALID_ID: 10303557
2023-06-30 16:29:32 [booklist] INFO: VALID_ID: 1288321
2023-06-30 16:29:32 [booklist] INFO: VALID_ID: 2570119
2023-06-30 16:29:32 [booklist] INFO: VALID_ID: 1288049
2023-06-30 16:29:32 [booklist] INFO: VALID_ID: 10303438
2023-06-30 16:29:32 [booklist] INFO: VALID_ID: 1287162
2023-06-30 16:29:32 [booklist] INFO: VALID_ID: 11892575
2023-06-30 16:29:32 [booklist] INFO: VALID_ID: 11892576
2023-06-30 16:29:32 [booklist] INFO: VALID_ID: 11607848
2023-06-30 16:29:32 [booklist] INFO: VALID_ID: 2561508
2023-06-30 16:29:32 [booklist] INFO: VALID_ID: 2561509
2023-06-30 16:29:32 [booklist] INFO: VALID_ID: 2540176
2023-06-30 16:29:32 [booklist] INFO: VALID_ID: 2551939
2023-06-30 16:29:32 [booklist] INFO: VALID_ID: 2559209
2023-06-30 16:29:32 [booklist] INFO: VALID_ID: 2608093
2023-06-30 16:29:32 [booklist] INFO: VALID_ID: 2607426
2023-06-30 16:29:32 [booklist] INFO: VALID_ID: 2608719
2023-06-30 16:29:32 [booklist] INFO: VALID_ID: 2583674
2023-06-30 16:29:32 [booklist] INFO: VALID_ID: 2561568
2023-06-30 16:29:32 [booklist] INFO: VALID_ID: 2537843
2023-06-30 16:29:32 [booklist] INFO: VALID_ID: 2537908
2023-06-30 16:29:32 [booklist] INFO: VALID_ID: 2610264
2023-06-30 16:29:32 [booklist] INFO: VALID_ID: 2561569
2023-06-30 16:29:32 [booklist] INFO: VALID_ID: 2538405
2023-06-30 16:29:32 [booklist] INFO: VALID_ID: 2591896
2023-06-30 16:29:32 [booklist] INFO: VALID_ID: 2533478
2023-06-30 16:29:32 [booklist] INFO: VALID_ID: 2590705
2023-06-30 16:29:32 [booklist] INFO: VALID_ID: 2543768
2023-06-30 16:29:32 [booklist] INFO: VALID_ID: 2609818
2023-06-30 16:29:32 [booklist] INFO: VALID_ID: 2611028
2023-06-30 16:29:32 [booklist] INFO: VALID_ID: 2610395
2023-06-30 16:29:32 [booklist] INFO: VALID_ID: 8943312
2023-06-30 16:29:32 [booklist] INFO: VALID_ID: 2540568
2023-06-30 16:29:32 [booklist] INFO: VALID_ID: 2532824
2023-06-30 16:29:32 [booklist] INFO: VALID_ID: 2533643
2023-06-30 16:29:32 [booklist] INFO: VALID_ID: 2605995
2023-06-30 16:29:32 [booklist] INFO: VALID_ID: 2610103
2023-06-30 16:29:32 [booklist] INFO: VALID_ID: 2605693
2023-06-30 16:29:32 [booklist] INFO: VALID_ID: 2607558
2023-06-30 16:29:32 [booklist] INFO: VALID_ID: 2610940
2023-06-30 16:29:32 [booklist] INFO: VALID_ID: 2608467
2023-06-30 16:29:32 [booklist] INFO: VALID_ID: 2609735
2023-06-30 16:29:32 [booklist] INFO: VALID_ID: 2611103
2023-06-30 16:29:32 [booklist] INFO: VALID_ID: 2607142
2023-06-30 16:29:32 [booklist] INFO: VALID_ID: 2610583
2023-06-30 16:29:32 [booklist] INFO: VALID_ID: 2609776
2023-06-30 16:29:32 [booklist] INFO: VALID_ID: 11892713
2023-06-30 16:29:32 [booklist] INFO: VALID_ID: 2587040
2023-06-30 16:29:32 [booklist] INFO: VALID_ID: 2585761
2023-06-30 16:29:32 [booklist] INFO: VALID_ID: 2585868
2023-06-30 16:29:32 [booklist] INFO: VALID_ID: 2585875
2023-06-30 16:29:32 [booklist] INFO: VALID_ID: 2585785
2023-06-30 16:29:32 [booklist] INFO: VALID_ID: 2585788
2023-06-30 16:29:32 [booklist] INFO: VALID_ID: 2585792
2023-06-30 16:29:32 [booklist] INFO: VALID_ID: 2585867
2023-06-30 16:29:32 [booklist] INFO: VALID_ID: 2585870
2023-06-30 16:29:32 [booklist] INFO: VALID_ID: 2585782
2023-06-30 16:29:32 [booklist] INFO: VALID_ID: 2585796
2023-06-30 16:29:32 [booklist] INFO: VALID_ID: 2585947
2023-06-30 16:29:33 [scrapy.core.engine] DEBUG: Crawled (200) <POST https://dl.ndl.go.jp/api/item/search> (referer: https://dl.ndl.go.jp/api/item/search)
2023-06-30 16:29:33 [booklist] INFO: Fetched page 5
2023-06-30 16:29:33 [booklist] INFO: VALID_ID: 2585766
2023-06-30 16:29:33 [booklist] INFO: VALID_ID: 2585770
2023-06-30 16:29:33 [booklist] INFO: VALID_ID: 2585877
2023-06-30 16:29:33 [booklist] INFO: VALID_ID: 2585891
2023-06-30 16:29:33 [booklist] INFO: VALID_ID: 2585813
2023-06-30 16:29:33 [booklist] INFO: VALID_ID: 2585836
2023-06-30 16:29:33 [booklist] INFO: VALID_ID: 2585841
2023-06-30 16:29:33 [booklist] INFO: VALID_ID: 2585852
2023-06-30 16:29:33 [booklist] INFO: VALID_ID: 2585876
2023-06-30 16:29:33 [booklist] INFO: VALID_ID: 2585884
2023-06-30 16:29:33 [booklist] INFO: VALID_ID: 2585828
2023-06-30 16:29:33 [booklist] INFO: VALID_ID: 2585928
2023-06-30 16:29:33 [booklist] INFO: VALID_ID: 2585839
2023-06-30 16:29:33 [booklist] INFO: VALID_ID: 2607286
2023-06-30 16:29:33 [booklist] INFO: VALID_ID: 2585867
2023-06-30 16:29:33 [booklist] INFO: VALID_ID: 2585870
2023-06-30 16:29:33 [booklist] INFO: VALID_ID: 2585782
2023-06-30 16:29:33 [booklist] INFO: VALID_ID: 2585796
2023-06-30 16:29:33 [booklist] INFO: VALID_ID: 2585947
2023-06-30 16:29:33 [booklist] INFO: VALID_ID: 2585898
2023-06-30 16:29:33 [booklist] INFO: VALID_ID: 2585914
2023-06-30 16:29:33 [booklist] INFO: VALID_ID: 2585822
2023-06-30 16:29:33 [booklist] INFO: VALID_ID: 2585932
2023-06-30 16:29:33 [booklist] INFO: VALID_ID: 2585885
2023-06-30 16:29:33 [booklist] INFO: VALID_ID: 2585803
2023-06-30 16:29:33 [booklist] INFO: VALID_ID: 2585824
2023-06-30 16:29:33 [booklist] INFO: VALID_ID: 2585771
2023-06-30 16:29:33 [booklist] INFO: VALID_ID: 2585864
2023-06-30 16:29:33 [booklist] INFO: VALID_ID: 2585795
2023-06-30 16:29:33 [booklist] INFO: VALID_ID: 2585797
2023-06-30 16:29:33 [booklist] INFO: VALID_ID: 2585820
2023-06-30 16:29:33 [booklist] INFO: VALID_ID: 2585921
2023-06-30 16:29:33 [booklist] INFO: VALID_ID: 2585842
2023-06-30 16:29:33 [booklist] INFO: VALID_ID: 2585865
2023-06-30 16:29:33 [booklist] INFO: VALID_ID: 2585781
2023-06-30 16:29:33 [booklist] INFO: VALID_ID: 2585878
2023-06-30 16:29:33 [booklist] INFO: VALID_ID: 2585815
2023-06-30 16:29:33 [booklist] INFO: VALID_ID: 2585821
2023-06-30 16:29:33 [booklist] INFO: VALID_ID: 2585925
2023-06-30 16:29:33 [booklist] INFO: VALID_ID: 2585927
2023-06-30 16:29:33 [booklist] INFO: VALID_ID: 2585929
2023-06-30 16:29:33 [booklist] INFO: VALID_ID: 2608884
2023-06-30 16:29:33 [booklist] INFO: VALID_ID: 2585862
2023-06-30 16:29:33 [booklist] INFO: VALID_ID: 2585872
2023-06-30 16:29:33 [booklist] INFO: VALID_ID: 2585791
2023-06-30 16:29:33 [booklist] INFO: VALID_ID: 2585801
2023-06-30 16:29:33 [booklist] INFO: VALID_ID: 2585809
2023-06-30 16:29:33 [booklist] INFO: VALID_ID: 2585904
2023-06-30 16:29:33 [booklist] INFO: VALID_ID: 2585923
2023-06-30 16:29:33 [booklist] INFO: VALID_ID: 2585844
2023-06-30 16:29:33 [booklist] INFO: VALID_ID: 2585883
2023-06-30 16:29:33 [booklist] INFO: VALID_ID: 2585800
2023-06-30 16:29:33 [booklist] INFO: VALID_ID: 2585810
2023-06-30 16:29:33 [booklist] INFO: VALID_ID: 2585819
2023-06-30 16:29:33 [booklist] INFO: VALID_ID: 2585926
2023-06-30 16:29:33 [booklist] INFO: VALID_ID: 2585846
2023-06-30 16:29:33 [booklist] INFO: VALID_ID: 2585775
2023-06-30 16:29:33 [booklist] INFO: VALID_ID: 2585879
2023-06-30 16:29:33 [booklist] INFO: VALID_ID: 2585802
2023-06-30 16:29:33 [booklist] INFO: VALID_ID: 2585900
2023-06-30 16:29:33 [booklist] INFO: VALID_ID: 2585818
2023-06-30 16:29:33 [booklist] INFO: VALID_ID: 2585922
2023-06-30 16:29:33 [booklist] INFO: VALID_ID: 2585936
2023-06-30 16:29:33 [booklist] INFO: VALID_ID: 2585856
2023-06-30 16:29:33 [booklist] INFO: VALID_ID: 2585861
2023-06-30 16:29:33 [booklist] INFO: VALID_ID: 2585786
2023-06-30 16:29:33 [booklist] INFO: VALID_ID: 2585790
2023-06-30 16:29:33 [booklist] INFO: VALID_ID: 2585808
2023-06-30 16:29:33 [booklist] INFO: VALID_ID: 2585906
2023-06-30 16:29:33 [booklist] INFO: VALID_ID: 2585912
2023-06-30 16:29:33 [booklist] INFO: VALID_ID: 2585817
2023-06-30 16:29:33 [booklist] INFO: VALID_ID: 2585915
2023-06-30 16:29:33 [booklist] INFO: VALID_ID: 2585825
2023-06-30 16:29:33 [booklist] INFO: VALID_ID: 2585924
2023-06-30 16:29:33 [booklist] INFO: VALID_ID: 2585767
2023-06-30 16:29:33 [booklist] INFO: VALID_ID: 2585774
2023-06-30 16:29:33 [booklist] INFO: VALID_ID: 2585908
2023-06-30 16:29:33 [booklist] INFO: VALID_ID: 2585930
2023-06-30 16:29:33 [booklist] INFO: VALID_ID: 2585935
2023-06-30 16:29:33 [booklist] INFO: VALID_ID: 2585946
2023-06-30 16:29:33 [booklist] INFO: VALID_ID: 2585854
2023-06-30 16:29:33 [booklist] INFO: VALID_ID: 2585903
2023-06-30 16:29:33 [booklist] INFO: VALID_ID: 2585826
2023-06-30 16:29:33 [booklist] INFO: VALID_ID: 2585931
2023-06-30 16:29:33 [booklist] INFO: VALID_ID: 2585850
2023-06-30 16:29:33 [booklist] INFO: VALID_ID: 2585948
2023-06-30 16:29:33 [booklist] INFO: VALID_ID: 2585760
2023-06-30 16:29:33 [booklist] INFO: VALID_ID: 2585789
2023-06-30 16:29:33 [booklist] INFO: VALID_ID: 2585887
2023-06-30 16:29:33 [booklist] INFO: VALID_ID: 2585897
2023-06-30 16:29:33 [booklist] INFO: VALID_ID: 2585805
2023-06-30 16:29:33 [booklist] INFO: VALID_ID: 2585814
2023-06-30 16:29:33 [booklist] INFO: VALID_ID: 2585943
2023-06-30 16:29:33 [booklist] INFO: VALID_ID: 2609581
2023-06-30 16:29:33 [booklist] INFO: VALID_ID: 2585798
2023-06-30 16:29:33 [booklist] INFO: VALID_ID: 2585902
2023-06-30 16:29:33 [booklist] INFO: VALID_ID: 2585840
2023-06-30 16:29:33 [booklist] INFO: VALID_ID: 2585874
2023-06-30 16:29:33 [booklist] INFO: VALID_ID: 2585769
2023-06-30 16:29:33 [booklist] INFO: VALID_ID: 2585871
2023-06-30 16:29:34 [scrapy.core.engine] DEBUG: Crawled (200) <POST https://dl.ndl.go.jp/api/item/search> (referer: https://dl.ndl.go.jp/api/item/search)
2023-06-30 16:29:34 [booklist] INFO: Fetched page 6
2023-06-30 16:29:34 [booklist] INFO: VALID_ID: 2585769
2023-06-30 16:29:34 [booklist] INFO: VALID_ID: 2585871
2023-06-30 16:29:34 [booklist] INFO: VALID_ID: 2585892
2023-06-30 16:29:34 [booklist] INFO: VALID_ID: 2585933
2023-06-30 16:29:34 [booklist] INFO: VALID_ID: 2608884
2023-06-30 16:29:34 [booklist] INFO: VALID_ID: 2585856
2023-06-30 16:29:34 [booklist] INFO: VALID_ID: 2585861
2023-06-30 16:29:34 [booklist] INFO: VALID_ID: 2585786
2023-06-30 16:29:34 [booklist] INFO: VALID_ID: 2585790
2023-06-30 16:29:34 [booklist] INFO: VALID_ID: 2585808
2023-06-30 16:29:34 [booklist] INFO: VALID_ID: 2585906
2023-06-30 16:29:34 [booklist] INFO: VALID_ID: 2585912
2023-06-30 16:29:34 [booklist] INFO: VALID_ID: 2585817
2023-06-30 16:29:34 [booklist] INFO: VALID_ID: 2585915
2023-06-30 16:29:34 [booklist] INFO: VALID_ID: 2585825
2023-06-30 16:29:34 [booklist] INFO: VALID_ID: 2585924
2023-06-30 16:29:34 [booklist] INFO: VALID_ID: 2585773
2023-06-30 16:29:34 [booklist] INFO: VALID_ID: 2585869
2023-06-30 16:29:34 [booklist] INFO: VALID_ID: 2585881
2023-06-30 16:29:34 [booklist] INFO: VALID_ID: 2585787
2023-06-30 16:29:34 [booklist] INFO: VALID_ID: 2585806
2023-06-30 16:29:34 [booklist] INFO: VALID_ID: 2585907
2023-06-30 16:29:34 [booklist] INFO: VALID_ID: 2585845
2023-06-30 16:29:34 [booklist] INFO: VALID_ID: 2585944
2023-06-30 16:29:34 [booklist] INFO: VALID_ID: 2585848
2023-06-30 16:29:34 [booklist] INFO: VALID_ID: 2585858
2023-06-30 16:29:34 [booklist] INFO: VALID_ID: 2585866
2023-06-30 16:29:34 [booklist] INFO: VALID_ID: 2585780
2023-06-30 16:29:34 [booklist] INFO: VALID_ID: 2585889
2023-06-30 16:29:34 [booklist] INFO: VALID_ID: 2585890
2023-06-30 16:29:34 [booklist] INFO: VALID_ID: 2585895
2023-06-30 16:29:34 [booklist] INFO: VALID_ID: 2585901
2023-06-30 16:29:34 [booklist] INFO: VALID_ID: 2585934
2023-06-30 16:29:34 [booklist] INFO: VALID_ID: 2585775
2023-06-30 16:29:34 [booklist] INFO: VALID_ID: 2585879
2023-06-30 16:29:34 [booklist] INFO: VALID_ID: 2585802
2023-06-30 16:29:34 [booklist] INFO: VALID_ID: 2585900
2023-06-30 16:29:34 [booklist] INFO: VALID_ID: 2585818
2023-06-30 16:29:34 [booklist] INFO: VALID_ID: 2585922
2023-06-30 16:29:34 [booklist] INFO: VALID_ID: 2585936
2023-06-30 16:29:34 [booklist] INFO: VALID_ID: 2585779
2023-06-30 16:29:34 [booklist] INFO: VALID_ID: 2585886
2023-06-30 16:29:34 [booklist] INFO: VALID_ID: 2585807
2023-06-30 16:29:34 [booklist] INFO: VALID_ID: 2585853
2023-06-30 16:29:34 [booklist] INFO: VALID_ID: 2585893
2023-06-30 16:29:34 [booklist] INFO: VALID_ID: 2585911
2023-06-30 16:29:34 [booklist] INFO: VALID_ID: 2585917
2023-06-30 16:29:34 [booklist] INFO: VALID_ID: 2585838
2023-06-30 16:29:34 [booklist] INFO: VALID_ID: 2585798
2023-06-30 16:29:34 [booklist] INFO: VALID_ID: 2585902
2023-06-30 16:29:34 [booklist] INFO: VALID_ID: 2585840
2023-06-30 16:29:34 [booklist] INFO: VALID_ID: 2585863
2023-06-30 16:29:34 [booklist] INFO: VALID_ID: 2585772
2023-06-30 16:29:34 [booklist] INFO: VALID_ID: 2585784
2023-06-30 16:29:34 [booklist] INFO: VALID_ID: 2585812
2023-06-30 16:29:34 [booklist] INFO: VALID_ID: 2585916
2023-06-30 16:29:34 [booklist] INFO: VALID_ID: 2585831
2023-06-30 16:29:34 [booklist] INFO: VALID_ID: 2585942
2023-06-30 16:29:34 [booklist] INFO: VALID_ID: 9369960
2023-06-30 16:29:34 [booklist] INFO: VALID_ID: 2585855
2023-06-30 16:29:34 [booklist] INFO: VALID_ID: 2585777
2023-06-30 16:29:34 [booklist] INFO: VALID_ID: 2585783
2023-06-30 16:29:34 [booklist] INFO: VALID_ID: 2585894
2023-06-30 16:29:34 [booklist] INFO: VALID_ID: 2585830
2023-06-30 16:29:34 [booklist] INFO: VALID_ID: 2585945
2023-06-30 16:29:34 [booklist] INFO: VALID_ID: 2585759
2023-06-30 16:29:34 [booklist] INFO: VALID_ID: 2585762
2023-06-30 16:29:34 [booklist] INFO: VALID_ID: 2585794
2023-06-30 16:29:34 [booklist] INFO: VALID_ID: 2585905
2023-06-30 16:29:34 [booklist] INFO: VALID_ID: 2609205
2023-06-30 16:29:34 [booklist] INFO: VALID_ID: 2609656
2023-06-30 16:29:34 [booklist] INFO: VALID_ID: 12865356
2023-06-30 16:29:34 [booklist] INFO: VALID_ID: 2585873
2023-06-30 16:29:34 [booklist] INFO: VALID_ID: 2585918
2023-06-30 16:29:34 [booklist] INFO: VALID_ID: 2585829
2023-06-30 16:29:34 [booklist] INFO: VALID_ID: 2585938
2023-06-30 16:29:34 [booklist] INFO: VALID_ID: 2585941
2023-06-30 16:29:34 [booklist] INFO: VALID_ID: 2610785
2023-06-30 16:29:34 [booklist] INFO: VALID_ID: 2587040
2023-06-30 16:29:34 [booklist] INFO: VALID_ID: 2585765
2023-06-30 16:29:34 [booklist] INFO: VALID_ID: 2585859
2023-06-30 16:29:34 [booklist] INFO: VALID_ID: 2585880
2023-06-30 16:29:34 [booklist] INFO: VALID_ID: 2585811
2023-06-30 16:29:34 [booklist] INFO: VALID_ID: 2585827
2023-06-30 16:29:34 [booklist] INFO: VALID_ID: 2585937
2023-06-30 16:29:34 [booklist] INFO: VALID_ID: 2585843
2023-06-30 16:29:34 [booklist] INFO: VALID_ID: 2585849
2023-06-30 16:29:34 [booklist] INFO: VALID_ID: 2609621
2023-06-30 16:29:34 [booklist] INFO: VALID_ID: 2606319
2023-06-30 16:29:34 [booklist] INFO: VALID_ID: 2609552
2023-06-30 16:29:34 [booklist] INFO: VALID_ID: 12865446
2023-06-30 16:29:34 [booklist] INFO: VALID_ID: 2609242
2023-06-30 16:29:34 [booklist] INFO: VALID_ID: 12865424
2023-06-30 16:29:34 [booklist] INFO: VALID_ID: 2609633
2023-06-30 16:29:34 [booklist] INFO: VALID_ID: 11446659
2023-06-30 16:29:34 [booklist] INFO: VALID_ID: 2609924
2023-06-30 16:29:34 [booklist] INFO: VALID_ID: 2609861
2023-06-30 16:29:34 [booklist] INFO: VALID_ID: 2607484
2023-06-30 16:29:34 [booklist] INFO: VALID_ID: 2610288
2023-06-30 16:29:34 [booklist] INFO: VALID_ID: 2610707
2023-06-30 16:29:35 [scrapy.core.engine] DEBUG: Crawled (200) <POST https://dl.ndl.go.jp/api/item/search> (referer: https://dl.ndl.go.jp/api/item/search)
2023-06-30 16:29:35 [booklist] INFO: Fetched page 7
2023-06-30 16:29:35 [booklist] INFO: VALID_ID: 2610288
2023-06-30 16:29:35 [booklist] INFO: VALID_ID: 2610537
2023-06-30 16:29:35 [booklist] INFO: VALID_ID: 2583669
2023-06-30 16:29:35 [booklist] INFO: VALID_ID: 2583670
2023-06-30 16:29:35 [booklist] INFO: VALID_ID: 2606820
2023-06-30 16:29:35 [booklist] INFO: VALID_ID: 2606349
2023-06-30 16:29:35 [booklist] INFO: VALID_ID: 2609279
2023-06-30 16:29:35 [booklist] INFO: VALID_ID: 2610707
2023-06-30 16:29:35 [booklist] INFO: VALID_ID: 1286511
2023-06-30 16:29:35 [booklist] INFO: VALID_ID: 12865370
2023-06-30 16:29:35 [booklist] INFO: VALID_ID: 9369959
2023-06-30 16:29:35 [booklist] INFO: VALID_ID: 2548486
2023-06-30 16:29:35 [booklist] INFO: VALID_ID: 2583705
2023-06-30 16:29:35 [booklist] INFO: VALID_ID: 2583718
2023-06-30 16:29:35 [booklist] INFO: VALID_ID: 2610518
2023-06-30 16:29:35 [booklist] INFO: VALID_ID: 2583673
2023-06-30 16:29:35 [booklist] INFO: VALID_ID: 2583715
2023-06-30 16:29:35 [booklist] INFO: VALID_ID: 2610012
2023-06-30 16:29:35 [booklist] INFO: VALID_ID: 2583660
2023-06-30 16:29:35 [booklist] INFO: VALID_ID: 2583667
2023-06-30 16:29:35 [booklist] INFO: VALID_ID: 2583659
2023-06-30 16:29:35 [booklist] INFO: VALID_ID: 2583694
2023-06-30 16:29:35 [booklist] INFO: VALID_ID: 2583678
2023-06-30 16:29:35 [booklist] INFO: VALID_ID: 2583685
2023-06-30 16:29:35 [booklist] INFO: VALID_ID: 2583722
2023-06-30 16:29:35 [booklist] INFO: VALID_ID: 2583691
2023-06-30 16:29:35 [booklist] INFO: VALID_ID: 2583693
2023-06-30 16:29:35 [booklist] INFO: VALID_ID: 2583696
2023-06-30 16:29:35 [booklist] INFO: VALID_ID: 2583716
2023-06-30 16:29:35 [booklist] INFO: VALID_ID: 2583719
2023-06-30 16:29:35 [booklist] INFO: VALID_ID: 2583668
2023-06-30 16:29:35 [booklist] INFO: VALID_ID: 2583684
2023-06-30 16:29:35 [booklist] INFO: VALID_ID: 2583681
2023-06-30 16:29:35 [booklist] INFO: VALID_ID: 2583706
2023-06-30 16:29:35 [booklist] INFO: VALID_ID: 2583661
2023-06-30 16:29:35 [booklist] INFO: VALID_ID: 2583664
2023-06-30 16:29:35 [booklist] INFO: VALID_ID: 2583717
2023-06-30 16:29:35 [booklist] INFO: VALID_ID: 2583680
2023-06-30 16:29:35 [booklist] INFO: VALID_ID: 2583687
2023-06-30 16:29:35 [booklist] INFO: VALID_ID: 2583675
2023-06-30 16:29:35 [booklist] INFO: VALID_ID: 2583714
2023-06-30 16:29:35 [booklist] INFO: VALID_ID: 2583683
2023-06-30 16:29:35 [booklist] INFO: VALID_ID: 1286162
2023-06-30 16:29:35 [booklist] INFO: VALID_ID: 2583704
2023-06-30 16:29:35 [booklist] INFO: VALID_ID: 2583708
2023-06-30 16:29:35 [booklist] INFO: VALID_ID: 2583711
2023-06-30 16:29:35 [booklist] INFO: VALID_ID: 2583665
2023-06-30 16:29:35 [booklist] INFO: VALID_ID: 2583699
2023-06-30 16:29:35 [booklist] INFO: VALID_ID: 2583701
2023-06-30 16:29:35 [booklist] INFO: VALID_ID: 2583709
2023-06-30 16:29:35 [booklist] INFO: VALID_ID: 2583725
2023-06-30 16:29:35 [booklist] INFO: VALID_ID: 2605893
2023-06-30 16:29:35 [booklist] INFO: VALID_ID: 2583682
2023-06-30 16:29:35 [booklist] INFO: VALID_ID: 2583697
2023-06-30 16:29:35 [booklist] INFO: VALID_ID: 2583663
2023-06-30 16:29:35 [booklist] INFO: VALID_ID: 2583677
2023-06-30 16:29:35 [booklist] INFO: VALID_ID: 2583713
2023-06-30 16:29:35 [booklist] INFO: VALID_ID: 2583688
2023-06-30 16:29:35 [booklist] INFO: VALID_ID: 2583698
2023-06-30 16:29:35 [booklist] INFO: VALID_ID: 2583703
2023-06-30 16:29:35 [booklist] INFO: VALID_ID: 2583676
2023-06-30 16:29:35 [booklist] INFO: VALID_ID: 2583712
2023-06-30 16:29:35 [booklist] INFO: VALID_ID: 2583723
2023-06-30 16:29:35 [booklist] INFO: VALID_ID: 2610561
2023-06-30 16:29:35 [booklist] INFO: VALID_ID: 2583672
2023-06-30 16:29:35 [booklist] INFO: VALID_ID: 2583710
2023-06-30 16:29:35 [booklist] INFO: VALID_ID: 2583702
2023-06-30 16:29:35 [booklist] INFO: VALID_ID: 2583679
2023-06-30 16:29:35 [booklist] INFO: VALID_ID: 2583721
2023-06-30 16:29:35 [booklist] INFO: VALID_ID: 2583690
2023-06-30 16:29:35 [booklist] INFO: VALID_ID: 2583692
2023-06-30 16:29:35 [booklist] INFO: VALID_ID: 2583662
2023-06-30 16:29:35 [booklist] INFO: VALID_ID: 2583666
2023-06-30 16:29:35 [booklist] INFO: VALID_ID: 2583700
2023-06-30 16:29:35 [booklist] INFO: VALID_ID: 2583686
2023-06-30 16:29:35 [booklist] INFO: VALID_ID: 2583724
2023-06-30 16:29:35 [booklist] INFO: VALID_ID: 1287106
2023-06-30 16:29:35 [booklist] INFO: VALID_ID: 2583695
2023-06-30 16:29:35 [booklist] INFO: VALID_ID: 2583671
2023-06-30 16:29:35 [booklist] INFO: VALID_ID: 2583689
2023-06-30 16:29:35 [booklist] INFO: VALID_ID: 2607879
2023-06-30 16:29:35 [booklist] INFO: VALID_ID: 2611035
2023-06-30 16:29:35 [booklist] INFO: VALID_ID: 2606933
2023-06-30 16:29:35 [booklist] INFO: VALID_ID: 1287158
2023-06-30 16:29:35 [booklist] INFO: VALID_ID: 2608597
2023-06-30 16:29:35 [booklist] INFO: VALID_ID: 1286312
2023-06-30 16:29:35 [booklist] INFO: VALID_ID: 2609546
2023-06-30 16:29:35 [booklist] INFO: VALID_ID: 2608247
2023-06-30 16:29:35 [booklist] INFO: VALID_ID: 2605758
2023-06-30 16:29:35 [booklist] INFO: VALID_ID: 2609582
2023-06-30 16:29:35 [booklist] INFO: VALID_ID: 2610801
2023-06-30 16:29:35 [booklist] INFO: VALID_ID: 2608195
2023-06-30 16:29:35 [booklist] INFO: VALID_ID: 1286410
2023-06-30 16:29:35 [booklist] INFO: VALID_ID: 2609783
2023-06-30 16:29:35 [booklist] INFO: VALID_ID: 2610138
2023-06-30 16:29:35 [booklist] INFO: VALID_ID: 2610832
2023-06-30 16:29:35 [booklist] INFO: VALID_ID: 11446318
2023-06-30 16:29:35 [scrapy.core.engine] DEBUG: Crawled (200) <POST https://dl.ndl.go.jp/api/item/search> (referer: https://dl.ndl.go.jp/api/item/search)
2023-06-30 16:29:36 [booklist] INFO: Fetched page 8
2023-06-30 16:29:36 [booklist] INFO: No more books on 8
2023-06-30 16:29:36 [scrapy.core.engine] INFO: Closing spider (finished)
2023-06-30 16:29:36 [scrapy.statscollectors] INFO: Dumping Scrapy stats:
{'downloader/request_bytes': 10951,
 'downloader/request_count': 9,
 'downloader/request_method_count/GET': 1,
 'downloader/request_method_count/POST': 8,
 'downloader/response_bytes': 3190874,
 'downloader/response_count': 9,
 'downloader/response_status_count/200': 9,
 'elapsed_time_seconds': 11.71129,
 'finish_reason': 'finished',
 'finish_time': datetime.datetime(2023, 6, 30, 8, 29, 36, 35648),
 'httpcompression/response_bytes': 37093692,
 'httpcompression/response_count': 8,
 'log_count/DEBUG': 12,
 'log_count/INFO': 716,
 'memusage/max': 63733760,
 'memusage/startup': 63733760,
 'request_depth_max': 7,
 'response_received_count': 9,
 'robotstxt/request_count': 1,
 'robotstxt/response_count': 1,
 'robotstxt/response_status_count/200': 1,
 'scheduler/dequeued': 8,
 'scheduler/dequeued/memory': 8,
 'scheduler/enqueued': 8,
 'scheduler/enqueued/memory': 8,
 'start_time': datetime.datetime(2023, 6, 30, 8, 29, 24, 324358)}
2023-06-30 16:29:36 [scrapy.core.engine] INFO: Spider closed (finished)
