2023-06-30 14:48:52 [scrapy.utils.log] INFO: Scrapy 2.9.0 started (bot: ndlcrawler)
2023-06-30 14:48:52 [scrapy.utils.log] INFO: Versions: lxml 4.9.2.0, libxml2 2.9.14, cssselect 1.2.0, parsel 1.8.1, w3lib 2.1.1, Twisted 22.10.0, Python 3.10.10 (main, Mar  5 2023, 22:26:53) [GCC 12.2.1 20230201], pyOpenSSL 23.2.0 (OpenSSL 3.1.1 30 May 2023), cryptography 41.0.1, Platform Linux-6.2.12-arch1-1-x86_64-with-glibc2.37
2023-06-30 14:48:52 [scrapy.crawler] INFO: Overridden settings:
{'BOT_NAME': 'ndlcrawler',
 'FEED_EXPORT_ENCODING': 'utf-8',
 'LOG_FILE': 'logs/booklist.A00004.year.1890-2023.log',
 'NEWSPIDER_MODULE': 'ndlcrawler.spiders',
 'REQUEST_FINGERPRINTER_IMPLEMENTATION': '2.7',
 'ROBOTSTXT_OBEY': True,
 'SPIDER_MODULES': ['ndlcrawler.spiders'],
 'TWISTED_REACTOR': 'twisted.internet.asyncioreactor.AsyncioSelectorReactor'}
2023-06-30 14:48:52 [asyncio] DEBUG: Using selector: EpollSelector
2023-06-30 14:48:52 [scrapy.utils.log] DEBUG: Using reactor: twisted.internet.asyncioreactor.AsyncioSelectorReactor
2023-06-30 14:48:52 [scrapy.utils.log] DEBUG: Using asyncio event loop: asyncio.unix_events._UnixSelectorEventLoop
2023-06-30 14:48:52 [scrapy.extensions.telnet] INFO: Telnet Password: 1f0f1567ca3f3e7b
2023-06-30 14:48:52 [scrapy.middleware] INFO: Enabled extensions:
['scrapy.extensions.corestats.CoreStats',
 'scrapy.extensions.telnet.TelnetConsole',
 'scrapy.extensions.memusage.MemoryUsage',
 'scrapy.extensions.logstats.LogStats']
2023-06-30 14:48:52 [scrapy.middleware] INFO: Enabled downloader middlewares:
['scrapy.downloadermiddlewares.robotstxt.RobotsTxtMiddleware',
 'scrapy.downloadermiddlewares.httpauth.HttpAuthMiddleware',
 'scrapy.downloadermiddlewares.downloadtimeout.DownloadTimeoutMiddleware',
 'scrapy.downloadermiddlewares.defaultheaders.DefaultHeadersMiddleware',
 'scrapy.downloadermiddlewares.useragent.UserAgentMiddleware',
 'scrapy.downloadermiddlewares.retry.RetryMiddleware',
 'scrapy.downloadermiddlewares.redirect.MetaRefreshMiddleware',
 'scrapy.downloadermiddlewares.httpcompression.HttpCompressionMiddleware',
 'scrapy.downloadermiddlewares.redirect.RedirectMiddleware',
 'scrapy.downloadermiddlewares.cookies.CookiesMiddleware',
 'scrapy.downloadermiddlewares.httpproxy.HttpProxyMiddleware',
 'scrapy.downloadermiddlewares.stats.DownloaderStats']
2023-06-30 14:48:52 [scrapy.middleware] INFO: Enabled spider middlewares:
['scrapy.spidermiddlewares.httperror.HttpErrorMiddleware',
 'scrapy.spidermiddlewares.offsite.OffsiteMiddleware',
 'scrapy.spidermiddlewares.referer.RefererMiddleware',
 'scrapy.spidermiddlewares.urllength.UrlLengthMiddleware',
 'scrapy.spidermiddlewares.depth.DepthMiddleware']
2023-06-30 14:48:52 [scrapy.middleware] INFO: Enabled item pipelines:
[]
2023-06-30 14:48:52 [scrapy.core.engine] INFO: Spider opened
2023-06-30 14:48:53 [scrapy.extensions.logstats] INFO: Crawled 0 pages (at 0 pages/min), scraped 0 items (at 0 items/min)
2023-06-30 14:48:53 [scrapy.extensions.telnet] INFO: Telnet console listening on 127.0.0.1:6023
2023-06-30 14:48:53 [scrapy.core.engine] DEBUG: Crawled (200) <GET https://dl.ndl.go.jp/robots.txt> (referer: None)
2023-06-30 14:48:54 [scrapy.core.engine] DEBUG: Crawled (200) <POST https://dl.ndl.go.jp/api/item/search> (referer: None)
2023-06-30 14:48:54 [booklist] INFO: Fetched page 1
2023-06-30 14:48:54 [booklist] INFO: VALID_ID: 1309606
2023-06-30 14:48:54 [booklist] INFO: VALID_ID: 1302978
2023-06-30 14:48:54 [booklist] INFO: VALID_ID: 1306511
2023-06-30 14:48:54 [booklist] INFO: VALID_ID: 1302608
2023-06-30 14:48:54 [booklist] INFO: VALID_ID: 1302186
2023-06-30 14:48:54 [booklist] INFO: VALID_ID: 1311504
2023-06-30 14:48:54 [booklist] INFO: VALID_ID: 1302642
2023-06-30 14:48:54 [booklist] INFO: VALID_ID: 1302491
2023-06-30 14:48:54 [booklist] INFO: VALID_ID: 1306965
2023-06-30 14:48:54 [booklist] INFO: VALID_ID: 1311501
2023-06-30 14:48:54 [booklist] INFO: VALID_ID: 1305577
2023-06-30 14:48:54 [booklist] INFO: VALID_ID: 1309614
2023-06-30 14:48:54 [booklist] INFO: VALID_ID: 1310097
2023-06-30 14:48:54 [booklist] INFO: VALID_ID: 1302187
2023-06-30 14:48:54 [booklist] INFO: VALID_ID: 1309045
2023-06-30 14:48:54 [booklist] INFO: VALID_ID: 1302609
2023-06-30 14:48:54 [booklist] INFO: VALID_ID: 1306512
2023-06-30 14:48:54 [booklist] INFO: VALID_ID: 1310043
2023-06-30 14:48:54 [booklist] INFO: VALID_ID: 1310336
2023-06-30 14:48:54 [booklist] INFO: VALID_ID: 1312215
2023-06-30 14:48:54 [booklist] INFO: VALID_ID: 1310133
2023-06-30 14:48:54 [booklist] INFO: VALID_ID: 1304961
2023-06-30 14:48:54 [booklist] INFO: VALID_ID: 1310029
2023-06-30 14:48:54 [booklist] INFO: VALID_ID: 1302643
2023-06-30 14:48:54 [booklist] INFO: VALID_ID: 1312210
2023-06-30 14:48:54 [booklist] INFO: VALID_ID: 1310041
2023-06-30 14:48:54 [booklist] INFO: VALID_ID: 1302980
2023-06-30 14:48:54 [booklist] INFO: VALID_ID: 1310130
2023-06-30 14:48:54 [booklist] INFO: VALID_ID: 1305576
2023-06-30 14:48:54 [booklist] INFO: VALID_ID: 1311506
2023-06-30 14:48:54 [booklist] INFO: VALID_ID: 1306461
2023-06-30 14:48:54 [booklist] INFO: VALID_ID: 1309609
2023-06-30 14:48:54 [booklist] INFO: VALID_ID: 1302610
2023-06-30 14:48:54 [booklist] INFO: VALID_ID: 1306964
2023-06-30 14:48:54 [booklist] INFO: VALID_ID: 1310092
2023-06-30 14:48:54 [booklist] INFO: VALID_ID: 1302188
2023-06-30 14:48:54 [booklist] INFO: VALID_ID: 1302492
2023-06-30 14:48:54 [booklist] INFO: VALID_ID: 1306515
2023-06-30 14:48:54 [booklist] INFO: VALID_ID: 1310338
2023-06-30 14:48:54 [booklist] INFO: VALID_ID: 1310140
2023-06-30 14:48:54 [booklist] INFO: VALID_ID: 1306514
2023-06-30 14:48:54 [booklist] INFO: VALID_ID: 1311508
2023-06-30 14:48:54 [booklist] INFO: VALID_ID: 1301912
2023-06-30 14:48:54 [booklist] INFO: VALID_ID: 1310045
2023-06-30 14:48:54 [booklist] INFO: VALID_ID: 1312211
2023-06-30 14:48:54 [booklist] INFO: VALID_ID: 1306966
2023-06-30 14:48:54 [booklist] INFO: VALID_ID: 1310032
2023-06-30 14:48:54 [booklist] INFO: VALID_ID: 1310111
2023-06-30 14:48:54 [booklist] INFO: VALID_ID: 1302493
2023-06-30 14:48:54 [booklist] INFO: VALID_ID: 1302644
2023-06-30 14:48:54 [booklist] INFO: VALID_ID: 1309615
2023-06-30 14:48:54 [booklist] INFO: VALID_ID: 1305556
2023-06-30 14:48:54 [booklist] INFO: VALID_ID: 1302611
2023-06-30 14:48:54 [booklist] INFO: VALID_ID: 1310131
2023-06-30 14:48:54 [booklist] INFO: VALID_ID: 1302189
2023-06-30 14:48:54 [booklist] INFO: VALID_ID: 1310055
2023-06-30 14:48:54 [booklist] INFO: VALID_ID: 1310339
2023-06-30 14:48:54 [booklist] INFO: VALID_ID: 1309612
2023-06-30 14:48:54 [booklist] INFO: VALID_ID: 1310090
2023-06-30 14:48:54 [booklist] INFO: VALID_ID: 1310028
2023-06-30 14:48:54 [booklist] INFO: VALID_ID: 1301520
2023-06-30 14:48:54 [booklist] INFO: VALID_ID: 1302494
2023-06-30 14:48:54 [booklist] INFO: VALID_ID: 1302190
2023-06-30 14:48:54 [booklist] INFO: VALID_ID: 1302612
2023-06-30 14:48:54 [booklist] INFO: VALID_ID: 1312212
2023-06-30 14:48:54 [booklist] INFO: VALID_ID: 1310127
2023-06-30 14:48:54 [booklist] INFO: VALID_ID: 1309046
2023-06-30 14:48:54 [booklist] INFO: VALID_ID: 1311507
2023-06-30 14:48:54 [booklist] INFO: VALID_ID: 1306513
2023-06-30 14:48:54 [booklist] INFO: VALID_ID: 1302645
2023-06-30 14:48:54 [booklist] INFO: VALID_ID: 1305575
2023-06-30 14:48:54 [booklist] INFO: VALID_ID: 1302688
2023-06-30 14:48:54 [booklist] INFO: VALID_ID: 1301913
2023-06-30 14:48:54 [booklist] INFO: VALID_ID: 1302998
2023-06-30 14:48:54 [booklist] INFO: VALID_ID: 1310340
2023-06-30 14:48:54 [booklist] INFO: VALID_ID: 1305610
2023-06-30 14:48:54 [booklist] INFO: VALID_ID: 1310036
2023-06-30 14:48:54 [booklist] INFO: VALID_ID: 1302646
2023-06-30 14:48:54 [booklist] INFO: VALID_ID: 1302613
2023-06-30 14:48:54 [booklist] INFO: VALID_ID: 1309611
2023-06-30 14:48:54 [booklist] INFO: VALID_ID: 1306516
2023-06-30 14:48:54 [booklist] INFO: VALID_ID: 1306351
2023-06-30 14:48:54 [booklist] INFO: VALID_ID: 1310094
2023-06-30 14:48:54 [booklist] INFO: VALID_ID: 1302191
2023-06-30 14:48:54 [booklist] INFO: VALID_ID: 1310134
2023-06-30 14:48:54 [booklist] INFO: VALID_ID: 1312213
2023-06-30 14:48:54 [booklist] INFO: VALID_ID: 1302495
2023-06-30 14:48:54 [booklist] INFO: VALID_ID: 1310071
2023-06-30 14:48:54 [booklist] INFO: VALID_ID: 1302647
2023-06-30 14:48:54 [booklist] INFO: VALID_ID: 1309616
2023-06-30 14:48:54 [booklist] INFO: VALID_ID: 1306522
2023-06-30 14:48:54 [booklist] INFO: VALID_ID: 1311503
2023-06-30 14:48:54 [booklist] INFO: VALID_ID: 1309662
2023-06-30 14:48:54 [booklist] INFO: VALID_ID: 1310136
2023-06-30 14:48:54 [booklist] INFO: VALID_ID: 1310049
2023-06-30 14:48:54 [booklist] INFO: VALID_ID: 1302198
2023-06-30 14:48:54 [booklist] INFO: VALID_ID: 1302614
2023-06-30 14:48:54 [booklist] INFO: VALID_ID: 1310031
2023-06-30 14:48:54 [booklist] INFO: VALID_ID: 1302496
2023-06-30 14:48:54 [booklist] INFO: VALID_ID: 1312214
2023-06-30 14:48:54 [scrapy.core.engine] DEBUG: Crawled (200) <POST https://dl.ndl.go.jp/api/item/search> (referer: https://dl.ndl.go.jp/api/item/search)
2023-06-30 14:48:54 [booklist] INFO: Fetched page 2
2023-06-30 14:48:54 [booklist] INFO: VALID_ID: 1302615
2023-06-30 14:48:54 [booklist] INFO: VALID_ID: 1310099
2023-06-30 14:48:54 [booklist] INFO: VALID_ID: 1302200
2023-06-30 14:48:54 [booklist] INFO: VALID_ID: 1302648
2023-06-30 14:48:54 [booklist] INFO: VALID_ID: 1309608
2023-06-30 14:48:54 [booklist] INFO: VALID_ID: 1310030
2023-06-30 14:48:54 [booklist] INFO: VALID_ID: 1310155
2023-06-30 14:48:54 [booklist] INFO: VALID_ID: 1302489
2023-06-30 14:48:54 [booklist] INFO: VALID_ID: 1306325
2023-06-30 14:48:54 [booklist] INFO: VALID_ID: 1310076
2023-06-30 14:48:54 [booklist] INFO: VALID_ID: 1305584
2023-06-30 14:48:54 [booklist] INFO: VALID_ID: 1311512
2023-06-30 14:48:54 [booklist] INFO: VALID_ID: 1302999
2023-06-30 14:48:54 [booklist] INFO: VALID_ID: 1306508
2023-06-30 14:48:54 [booklist] INFO: VALID_ID: 1310137
2023-06-30 14:48:54 [booklist] INFO: VALID_ID: 1307549
2023-06-30 14:48:54 [booklist] INFO: VALID_ID: 1310112
2023-06-30 14:48:54 [booklist] INFO: VALID_ID: 2610562
2023-06-30 14:48:54 [booklist] INFO: VALID_ID: 1310037
2023-06-30 14:48:54 [booklist] INFO: VALID_ID: 1309624
2023-06-30 14:48:54 [booklist] INFO: VALID_ID: 1312052
2023-06-30 14:48:54 [booklist] INFO: VALID_ID: 1302616
2023-06-30 14:48:54 [booklist] INFO: VALID_ID: 1306518
2023-06-30 14:48:54 [booklist] INFO: VALID_ID: 2610692
2023-06-30 14:48:54 [booklist] INFO: VALID_ID: 1303000
2023-06-30 14:48:54 [booklist] INFO: VALID_ID: 1302497
2023-06-30 14:48:54 [booklist] INFO: VALID_ID: 1310046
2023-06-30 14:48:54 [booklist] INFO: VALID_ID: 1310128
2023-06-30 14:48:54 [booklist] INFO: VALID_ID: 1305614
2023-06-30 14:48:54 [booklist] INFO: VALID_ID: 1302202
2023-06-30 14:48:54 [booklist] INFO: VALID_ID: 1302649
2023-06-30 14:48:54 [booklist] INFO: VALID_ID: 2610848
2023-06-30 14:48:54 [booklist] INFO: VALID_ID: 1309663
2023-06-30 14:48:54 [booklist] INFO: VALID_ID: 1310139
2023-06-30 14:48:54 [booklist] INFO: VALID_ID: 2609242
2023-06-30 14:48:54 [booklist] INFO: VALID_ID: 1311511
2023-06-30 14:48:54 [booklist] INFO: VALID_ID: 1310033
2023-06-30 14:48:54 [booklist] INFO: VALID_ID: 1311509
2023-06-30 14:48:54 [booklist] INFO: VALID_ID: 1303001
2023-06-30 14:48:54 [booklist] INFO: VALID_ID: 1302617
2023-06-30 14:48:54 [booklist] INFO: VALID_ID: 1310135
2023-06-30 14:48:54 [booklist] INFO: VALID_ID: 1302203
2023-06-30 14:48:54 [booklist] INFO: VALID_ID: 1309604
2023-06-30 14:48:54 [booklist] INFO: VALID_ID: 1310042
2023-06-30 14:48:54 [booklist] INFO: VALID_ID: 1307550
2023-06-30 14:48:54 [booklist] INFO: VALID_ID: 1306517
2023-06-30 14:48:54 [booklist] INFO: VALID_ID: 1305583
2023-06-30 14:48:54 [booklist] INFO: VALID_ID: 1306439
2023-06-30 14:48:54 [booklist] INFO: VALID_ID: 1302650
2023-06-30 14:48:54 [booklist] INFO: VALID_ID: 1302498
2023-06-30 14:48:54 [booklist] INFO: VALID_ID: 1310104
2023-06-30 14:48:54 [booklist] INFO: VALID_ID: 1306427
2023-06-30 14:48:54 [booklist] INFO: VALID_ID: 1307551
2023-06-30 14:48:54 [booklist] INFO: VALID_ID: 1303002
2023-06-30 14:48:54 [booklist] INFO: VALID_ID: 1302499
2023-06-30 14:48:54 [booklist] INFO: VALID_ID: 1306504
2023-06-30 14:48:54 [booklist] INFO: VALID_ID: 1302204
2023-06-30 14:48:54 [booklist] INFO: VALID_ID: 1311514
2023-06-30 14:48:54 [booklist] INFO: VALID_ID: 1302618
2023-06-30 14:48:54 [booklist] INFO: VALID_ID: 1309599
2023-06-30 14:48:54 [booklist] INFO: VALID_ID: 1305609
2023-06-30 14:48:54 [booklist] INFO: VALID_ID: 1310047
2023-06-30 14:48:54 [booklist] INFO: VALID_ID: 1310126
2023-06-30 14:48:54 [booklist] INFO: VALID_ID: 1312053
2023-06-30 14:48:54 [booklist] INFO: VALID_ID: 1310035
2023-06-30 14:48:54 [booklist] INFO: VALID_ID: 1301732
2023-06-30 14:48:54 [booklist] INFO: VALID_ID: 1310095
2023-06-30 14:48:54 [booklist] INFO: VALID_ID: 1310059
2023-06-30 14:48:54 [booklist] INFO: VALID_ID: 1302651
2023-06-30 14:48:54 [booklist] INFO: VALID_ID: 1305579
2023-06-30 14:48:54 [booklist] INFO: VALID_ID: 1310144
2023-06-30 14:48:54 [booklist] INFO: VALID_ID: 1306438
2023-06-30 14:48:54 [booklist] INFO: VALID_ID: 1309610
2023-06-30 14:48:54 [booklist] INFO: VALID_ID: 1302500
2023-06-30 14:48:54 [booklist] INFO: VALID_ID: 1312054
2023-06-30 14:48:54 [booklist] INFO: VALID_ID: 1306521
2023-06-30 14:48:54 [booklist] INFO: VALID_ID: 1311516
2023-06-30 14:48:54 [booklist] INFO: VALID_ID: 1302205
2023-06-30 14:48:54 [booklist] INFO: VALID_ID: 1310034
2023-06-30 14:48:54 [booklist] INFO: VALID_ID: 1302619
2023-06-30 14:48:54 [booklist] INFO: VALID_ID: 1310077
2023-06-30 14:48:54 [booklist] INFO: VALID_ID: 1303003
2023-06-30 14:48:54 [booklist] INFO: VALID_ID: 1306360
2023-06-30 14:48:54 [booklist] INFO: VALID_ID: 1306520
2023-06-30 14:48:54 [booklist] INFO: VALID_ID: 1305557
2023-06-30 14:48:54 [booklist] INFO: VALID_ID: 1302206
2023-06-30 14:48:54 [booklist] INFO: VALID_ID: 1311515
2023-06-30 14:48:54 [booklist] INFO: VALID_ID: 1309603
2023-06-30 14:48:54 [booklist] INFO: VALID_ID: 1302652
2023-06-30 14:48:54 [booklist] INFO: VALID_ID: 1302620
2023-06-30 14:48:54 [booklist] INFO: VALID_ID: 1306435
2023-06-30 14:48:54 [booklist] INFO: VALID_ID: 1310089
2023-06-30 14:48:54 [booklist] INFO: VALID_ID: 1302653
2023-06-30 14:48:54 [booklist] INFO: VALID_ID: 1302987
2023-06-30 14:48:54 [booklist] INFO: VALID_ID: 1305585
2023-06-30 14:48:54 [booklist] INFO: VALID_ID: 1306437
2023-06-30 14:48:54 [booklist] INFO: VALID_ID: 1306503
2023-06-30 14:48:54 [booklist] INFO: VALID_ID: 1311513
2023-06-30 14:48:54 [booklist] INFO: VALID_ID: 1303004
2023-06-30 14:48:54 [booklist] INFO: VALID_ID: 1309605
2023-06-30 14:48:55 [scrapy.core.engine] DEBUG: Crawled (200) <POST https://dl.ndl.go.jp/api/item/search> (referer: https://dl.ndl.go.jp/api/item/search)
2023-06-30 14:48:55 [booklist] INFO: Fetched page 3
2023-06-30 14:48:55 [booklist] INFO: VALID_ID: 1310069
2023-06-30 14:48:55 [booklist] INFO: VALID_ID: 1302207
2023-06-30 14:48:55 [booklist] INFO: VALID_ID: 1306353
2023-06-30 14:48:55 [booklist] INFO: VALID_ID: 1302621
2023-06-30 14:48:55 [booklist] INFO: VALID_ID: 1302689
2023-06-30 14:48:55 [booklist] INFO: VALID_ID: 1305608
2023-06-30 14:48:55 [booklist] INFO: VALID_ID: 1306523
2023-06-30 14:48:55 [booklist] INFO: VALID_ID: 1302690
2023-06-30 14:48:55 [booklist] INFO: VALID_ID: 1306431
2023-06-30 14:48:55 [booklist] INFO: VALID_ID: 1309602
2023-06-30 14:48:55 [booklist] INFO: VALID_ID: 1310054
2023-06-30 14:48:55 [booklist] INFO: VALID_ID: 1302988
2023-06-30 14:48:55 [booklist] INFO: VALID_ID: 1310106
2023-06-30 14:48:55 [booklist] INFO: VALID_ID: 1310153
2023-06-30 14:48:55 [booklist] INFO: VALID_ID: 1302654
2023-06-30 14:48:55 [booklist] INFO: VALID_ID: 1302197
2023-06-30 14:48:55 [booklist] INFO: VALID_ID: 1302622
2023-06-30 14:48:55 [booklist] INFO: VALID_ID: 1302182
2023-06-30 14:48:55 [booklist] INFO: VALID_ID: 1310073
2023-06-30 14:48:55 [booklist] INFO: VALID_ID: 1310100
2023-06-30 14:48:55 [booklist] INFO: VALID_ID: 1306406
2023-06-30 14:48:55 [booklist] INFO: VALID_ID: 1302692
2023-06-30 14:48:55 [booklist] INFO: VALID_ID: 1309617
2023-06-30 14:48:55 [booklist] INFO: VALID_ID: 1302655
2023-06-30 14:48:55 [booklist] INFO: VALID_ID: 1310146
2023-06-30 14:48:55 [booklist] INFO: VALID_ID: 1305588
2023-06-30 14:48:55 [booklist] INFO: VALID_ID: 1306429
2023-06-30 14:48:55 [booklist] INFO: VALID_ID: 1302623
2023-06-30 14:48:55 [booklist] INFO: VALID_ID: 1306502
2023-06-30 14:48:55 [booklist] INFO: VALID_ID: 1303005
2023-06-30 14:48:55 [booklist] INFO: VALID_ID: 1302693
2023-06-30 14:48:55 [booklist] INFO: VALID_ID: 1312056
2023-06-30 14:48:55 [booklist] INFO: VALID_ID: 1310066
2023-06-30 14:48:55 [booklist] INFO: VALID_ID: 1305558
2023-06-30 14:48:55 [booklist] INFO: VALID_ID: 1302624
2023-06-30 14:48:55 [booklist] INFO: VALID_ID: 1309620
2023-06-30 14:48:55 [booklist] INFO: VALID_ID: 1306524
2023-06-30 14:48:55 [booklist] INFO: VALID_ID: 1302656
2023-06-30 14:48:55 [booklist] INFO: VALID_ID: 1306428
2023-06-30 14:48:55 [booklist] INFO: VALID_ID: 1309619
2023-06-30 14:48:55 [booklist] INFO: VALID_ID: 1302691
2023-06-30 14:48:55 [booklist] INFO: VALID_ID: 1306443
2023-06-30 14:48:55 [booklist] INFO: VALID_ID: 1312057
2023-06-30 14:48:55 [booklist] INFO: VALID_ID: 1307864
2023-06-30 14:48:55 [booklist] INFO: VALID_ID: 1302181
2023-06-30 14:48:55 [booklist] INFO: VALID_ID: 1306501
2023-06-30 14:48:55 [booklist] INFO: VALID_ID: 1302625
2023-06-30 14:48:55 [booklist] INFO: VALID_ID: 1302657
2023-06-30 14:48:55 [booklist] INFO: VALID_ID: 1310084
2023-06-30 14:48:55 [booklist] INFO: VALID_ID: 1310096
2023-06-30 14:48:55 [booklist] INFO: VALID_ID: 1305587
2023-06-30 14:48:55 [booklist] INFO: VALID_ID: 2591651
2023-06-30 14:48:55 [booklist] INFO: VALID_ID: 1309618
2023-06-30 14:48:55 [booklist] INFO: VALID_ID: 1310101
2023-06-30 14:48:55 [booklist] INFO: VALID_ID: 1302626
2023-06-30 14:48:55 [booklist] INFO: VALID_ID: 1302694
2023-06-30 14:48:55 [booklist] INFO: VALID_ID: 2591660
2023-06-30 14:48:55 [booklist] INFO: VALID_ID: 1306463
2023-06-30 14:48:55 [booklist] INFO: VALID_ID: 1302179
2023-06-30 14:48:55 [booklist] INFO: VALID_ID: 2591655
2023-06-30 14:48:55 [booklist] INFO: VALID_ID: 1305559
2023-06-30 14:48:55 [booklist] INFO: VALID_ID: 1306526
2023-06-30 14:48:55 [booklist] INFO: VALID_ID: 2592124
2023-06-30 14:48:55 [booklist] INFO: VALID_ID: 1302658
2023-06-30 14:48:55 [booklist] INFO: VALID_ID: 1310039
2023-06-30 14:48:55 [booklist] INFO: VALID_ID: 1302695
2023-06-30 14:48:55 [booklist] INFO: VALID_ID: 1306506
2023-06-30 14:48:55 [booklist] INFO: VALID_ID: 1307865
2023-06-30 14:48:55 [booklist] INFO: VALID_ID: 1302180
2023-06-30 14:48:55 [booklist] INFO: VALID_ID: 1305586
2023-06-30 14:48:55 [booklist] INFO: VALID_ID: 1302627
2023-06-30 14:48:55 [booklist] INFO: VALID_ID: 1312058
2023-06-30 14:48:55 [booklist] INFO: VALID_ID: 1310105
2023-06-30 14:48:55 [booklist] INFO: VALID_ID: 1302659
2023-06-30 14:48:55 [booklist] INFO: VALID_ID: 1309621
2023-06-30 14:48:55 [booklist] INFO: VALID_ID: 1310060
2023-06-30 14:48:55 [booklist] INFO: VALID_ID: 1302696
2023-06-30 14:48:55 [booklist] INFO: VALID_ID: 1305578
2023-06-30 14:48:55 [booklist] INFO: VALID_ID: 1302660
2023-06-30 14:48:55 [booklist] INFO: VALID_ID: 1310051
2023-06-30 14:48:55 [booklist] INFO: VALID_ID: 1306447
2023-06-30 14:48:55 [booklist] INFO: VALID_ID: 1301328
2023-06-30 14:48:55 [booklist] INFO: VALID_ID: 1307866
2023-06-30 14:48:55 [booklist] INFO: VALID_ID: 1306528
2023-06-30 14:48:55 [booklist] INFO: VALID_ID: 1302178
2023-06-30 14:48:55 [booklist] INFO: VALID_ID: 1312059
2023-06-30 14:48:55 [booklist] INFO: VALID_ID: 1310113
2023-06-30 14:48:55 [booklist] INFO: VALID_ID: 1310160
2023-06-30 14:48:55 [booklist] INFO: VALID_ID: 1302628
2023-06-30 14:48:55 [booklist] INFO: VALID_ID: 1309622
2023-06-30 14:48:55 [booklist] INFO: VALID_ID: 1306354
2023-06-30 14:48:55 [booklist] INFO: VALID_ID: 1306445
2023-06-30 14:48:55 [booklist] INFO: VALID_ID: 1302629
2023-06-30 14:48:55 [booklist] INFO: VALID_ID: 1306525
2023-06-30 14:48:55 [booklist] INFO: VALID_ID: 1310082
2023-06-30 14:48:55 [booklist] INFO: VALID_ID: 1302183
2023-06-30 14:48:55 [booklist] INFO: VALID_ID: 1310098
2023-06-30 14:48:55 [booklist] INFO: VALID_ID: 1301329
2023-06-30 14:48:55 [booklist] INFO: VALID_ID: 1305560
2023-06-30 14:48:55 [booklist] INFO: VALID_ID: 1307867
2023-06-30 14:48:55 [scrapy.core.engine] DEBUG: Crawled (200) <POST https://dl.ndl.go.jp/api/item/search> (referer: https://dl.ndl.go.jp/api/item/search)
2023-06-30 14:48:55 [booklist] INFO: Fetched page 4
2023-06-30 14:48:55 [booklist] INFO: VALID_ID: 1309623
2023-06-30 14:48:55 [booklist] INFO: VALID_ID: 1312060
2023-06-30 14:48:55 [booklist] INFO: VALID_ID: 1310091
2023-06-30 14:48:55 [booklist] INFO: VALID_ID: 1302662
2023-06-30 14:48:55 [booklist] INFO: VALID_ID: 1310067
2023-06-30 14:48:55 [booklist] INFO: VALID_ID: 1302192
2023-06-30 14:48:55 [booklist] INFO: VALID_ID: 1301330
2023-06-30 14:48:55 [booklist] INFO: VALID_ID: 1306442
2023-06-30 14:48:55 [booklist] INFO: VALID_ID: 1305572
2023-06-30 14:48:55 [booklist] INFO: VALID_ID: 1309613
2023-06-30 14:48:55 [booklist] INFO: VALID_ID: 1302630
2023-06-30 14:48:55 [booklist] INFO: VALID_ID: 1306527
2023-06-30 14:48:55 [booklist] INFO: VALID_ID: 1312061
2023-06-30 14:48:55 [booklist] INFO: VALID_ID: 1305597
2023-06-30 14:48:55 [booklist] INFO: VALID_ID: 1302631
2023-06-30 14:48:55 [booklist] INFO: VALID_ID: 1306530
2023-06-30 14:48:55 [booklist] INFO: VALID_ID: 1310109
2023-06-30 14:48:55 [booklist] INFO: VALID_ID: 1302697
2023-06-30 14:48:55 [booklist] INFO: VALID_ID: 1307868
2023-06-30 14:48:55 [booklist] INFO: VALID_ID: 1302193
2023-06-30 14:48:55 [booklist] INFO: VALID_ID: 1306441
2023-06-30 14:48:55 [booklist] INFO: VALID_ID: 1310072
2023-06-30 14:48:55 [booklist] INFO: VALID_ID: 1309600
2023-06-30 14:48:55 [booklist] INFO: VALID_ID: 1302663
2023-06-30 14:48:55 [booklist] INFO: VALID_ID: 1305591
2023-06-30 14:48:55 [booklist] INFO: VALID_ID: 1309601
2023-06-30 14:48:55 [booklist] INFO: VALID_ID: 1307022
2023-06-30 14:48:55 [booklist] INFO: VALID_ID: 1302700
2023-06-30 14:48:55 [booklist] INFO: VALID_ID: 1302664
2023-06-30 14:48:55 [booklist] INFO: VALID_ID: 1302194
2023-06-30 14:48:55 [booklist] INFO: VALID_ID: 1306449
2023-06-30 14:48:55 [booklist] INFO: VALID_ID: 1306529
2023-06-30 14:48:55 [booklist] INFO: VALID_ID: 1307869
2023-06-30 14:48:55 [booklist] INFO: VALID_ID: 1302632
2023-06-30 14:48:55 [booklist] INFO: VALID_ID: 1310050
2023-06-30 14:48:55 [booklist] INFO: VALID_ID: 1307870
2023-06-30 14:48:55 [booklist] INFO: VALID_ID: 1306448
2023-06-30 14:48:55 [booklist] INFO: VALID_ID: 1302665
2023-06-30 14:48:55 [booklist] INFO: VALID_ID: 1302195
2023-06-30 14:48:55 [booklist] INFO: VALID_ID: 1307023
2023-06-30 14:48:55 [booklist] INFO: VALID_ID: 1302633
2023-06-30 14:48:55 [booklist] INFO: VALID_ID: 1310070
2023-06-30 14:48:55 [booklist] INFO: VALID_ID: 1312063
2023-06-30 14:48:55 [booklist] INFO: VALID_ID: 1305561
2023-06-30 14:48:55 [booklist] INFO: VALID_ID: 1306507
2023-06-30 14:48:55 [booklist] INFO: VALID_ID: 1310081
2023-06-30 14:48:55 [booklist] INFO: VALID_ID: 1307024
2023-06-30 14:48:55 [booklist] INFO: VALID_ID: 1306519
2023-06-30 14:48:55 [booklist] INFO: VALID_ID: 1306452
2023-06-30 14:48:55 [booklist] INFO: VALID_ID: 1302666
2023-06-30 14:48:55 [booklist] INFO: VALID_ID: 1302634
2023-06-30 14:48:55 [booklist] INFO: VALID_ID: 1305589
2023-06-30 14:48:55 [booklist] INFO: VALID_ID: 1302196
2023-06-30 14:48:55 [booklist] INFO: VALID_ID: 1307871
2023-06-30 14:48:55 [booklist] INFO: VALID_ID: 1306454
2023-06-30 14:48:55 [booklist] INFO: VALID_ID: 1305562
2023-06-30 14:48:55 [booklist] INFO: VALID_ID: 1307872
2023-06-30 14:48:55 [booklist] INFO: VALID_ID: 1302635
2023-06-30 14:48:55 [booklist] INFO: VALID_ID: 1307025
2023-06-30 14:48:55 [booklist] INFO: VALID_ID: 1310061
2023-06-30 14:48:55 [booklist] INFO: VALID_ID: 1306509
2023-06-30 14:48:55 [booklist] INFO: VALID_ID: 1302667
2023-06-30 14:48:55 [booklist] INFO: VALID_ID: 1306453
2023-06-30 14:48:55 [booklist] INFO: VALID_ID: 1310053
2023-06-30 14:48:55 [booklist] INFO: VALID_ID: 2592125
2023-06-30 14:48:55 [booklist] INFO: VALID_ID: 2591661
2023-06-30 14:48:55 [booklist] INFO: VALID_ID: 2591656
2023-06-30 14:48:55 [booklist] INFO: VALID_ID: 1302636
2023-06-30 14:48:55 [booklist] INFO: VALID_ID: 1307873
2023-06-30 14:48:55 [booklist] INFO: VALID_ID: 1306505
2023-06-30 14:48:55 [booklist] INFO: VALID_ID: 1302668
2023-06-30 14:48:55 [booklist] INFO: VALID_ID: 1312065
2023-06-30 14:48:55 [booklist] INFO: VALID_ID: 1305593
2023-06-30 14:48:55 [booklist] INFO: VALID_ID: 2591652
2023-06-30 14:48:55 [booklist] INFO: VALID_ID: 1307026
2023-06-30 14:48:55 [booklist] INFO: VALID_ID: 1302637
2023-06-30 14:48:55 [booklist] INFO: VALID_ID: 1310052
2023-06-30 14:48:55 [booklist] INFO: VALID_ID: 1306536
2023-06-30 14:48:55 [booklist] INFO: VALID_ID: 1305925
2023-06-30 14:48:55 [booklist] INFO: VALID_ID: 1306451
2023-06-30 14:48:55 [booklist] INFO: VALID_ID: 1302669
2023-06-30 14:48:55 [booklist] INFO: VALID_ID: 1312066
2023-06-30 14:48:55 [booklist] INFO: VALID_ID: 1305596
2023-06-30 14:48:55 [booklist] INFO: VALID_ID: 1306537
2023-06-30 14:48:55 [booklist] INFO: VALID_ID: 1306450
2023-06-30 14:48:55 [booklist] INFO: VALID_ID: 1302670
2023-06-30 14:48:55 [booklist] INFO: VALID_ID: 1307874
2023-06-30 14:48:55 [booklist] INFO: VALID_ID: 1310085
2023-06-30 14:48:55 [booklist] INFO: VALID_ID: 1305563
2023-06-30 14:48:55 [booklist] INFO: VALID_ID: 1302638
2023-06-30 14:48:55 [booklist] INFO: VALID_ID: 1302671
2023-06-30 14:48:55 [booklist] INFO: VALID_ID: 1302639
2023-06-30 14:48:55 [booklist] INFO: VALID_ID: 1312067
2023-06-30 14:48:55 [booklist] INFO: VALID_ID: 1305595
2023-06-30 14:48:55 [booklist] INFO: VALID_ID: 1306456
2023-06-30 14:48:55 [booklist] INFO: VALID_ID: 1310086
2023-06-30 14:48:55 [booklist] INFO: VALID_ID: 1306531
2023-06-30 14:48:55 [booklist] INFO: VALID_ID: 1302672
2023-06-30 14:48:55 [booklist] INFO: VALID_ID: 1310075
2023-06-30 14:48:55 [booklist] INFO: VALID_ID: 1306458
2023-06-30 14:48:56 [scrapy.core.engine] DEBUG: Crawled (200) <POST https://dl.ndl.go.jp/api/item/search> (referer: https://dl.ndl.go.jp/api/item/search)
2023-06-30 14:48:56 [booklist] INFO: Fetched page 5
2023-06-30 14:48:56 [booklist] INFO: VALID_ID: 1302640
2023-06-30 14:48:56 [booklist] INFO: VALID_ID: 1306533
2023-06-30 14:48:56 [booklist] INFO: VALID_ID: 1305570
2023-06-30 14:48:56 [booklist] INFO: VALID_ID: 1312069
2023-06-30 14:48:56 [booklist] INFO: VALID_ID: 1306532
2023-06-30 14:48:56 [booklist] INFO: VALID_ID: 1310038
2023-06-30 14:48:56 [booklist] INFO: VALID_ID: 1305594
2023-06-30 14:48:56 [booklist] INFO: VALID_ID: 1306457
2023-06-30 14:48:56 [booklist] INFO: VALID_ID: 1301542
2023-06-30 14:48:56 [booklist] INFO: VALID_ID: 1302673
2023-06-30 14:48:56 [booklist] INFO: VALID_ID: 1305564
2023-06-30 14:48:56 [booklist] INFO: VALID_ID: 1306534
2023-06-30 14:48:56 [booklist] INFO: VALID_ID: 1312070
2023-06-30 14:48:56 [booklist] INFO: VALID_ID: 1306455
2023-06-30 14:48:56 [booklist] INFO: VALID_ID: 1302674
2023-06-30 14:48:56 [booklist] INFO: VALID_ID: 1310057
2023-06-30 14:48:56 [booklist] INFO: VALID_ID: 1301517
2023-06-30 14:48:56 [booklist] INFO: VALID_ID: 1306535
2023-06-30 14:48:56 [booklist] INFO: VALID_ID: 1310078
2023-06-30 14:48:56 [booklist] INFO: VALID_ID: 1302675
2023-06-30 14:48:56 [booklist] INFO: VALID_ID: 1306464
2023-06-30 14:48:56 [booklist] INFO: VALID_ID: 1311537
2023-06-30 14:48:56 [booklist] INFO: VALID_ID: 1305592
2023-06-30 14:48:56 [booklist] INFO: VALID_ID: 1304285
2023-06-30 14:48:56 [booklist] INFO: VALID_ID: 1304995
2023-06-30 14:48:56 [booklist] INFO: VALID_ID: 1312071
2023-06-30 14:48:56 [booklist] INFO: VALID_ID: 1311536
2023-06-30 14:48:56 [booklist] INFO: VALID_ID: 1302676
2023-06-30 14:48:56 [booklist] INFO: VALID_ID: 1305565
2023-06-30 14:48:56 [booklist] INFO: VALID_ID: 1306465
2023-06-30 14:48:56 [booklist] INFO: VALID_ID: 1310083
2023-06-30 14:48:56 [booklist] INFO: VALID_ID: 1304286
2023-06-30 14:48:56 [booklist] INFO: VALID_ID: 1304287
2023-06-30 14:48:56 [booklist] INFO: VALID_ID: 1305601
2023-06-30 14:48:56 [booklist] INFO: VALID_ID: 1310063
2023-06-30 14:48:56 [booklist] INFO: VALID_ID: 1312072
2023-06-30 14:48:56 [booklist] INFO: VALID_ID: 1302677
2023-06-30 14:48:56 [booklist] INFO: VALID_ID: 1311534
2023-06-30 14:48:56 [booklist] INFO: VALID_ID: 1310044
2023-06-30 14:48:56 [booklist] INFO: VALID_ID: 2591662
2023-06-30 14:48:56 [booklist] INFO: VALID_ID: 1311532
2023-06-30 14:48:56 [booklist] INFO: VALID_ID: 1305566
2023-06-30 14:48:56 [booklist] INFO: VALID_ID: 2591657
2023-06-30 14:48:56 [booklist] INFO: VALID_ID: 1302678
2023-06-30 14:48:56 [booklist] INFO: VALID_ID: 2591653
2023-06-30 14:48:56 [booklist] INFO: VALID_ID: 1304280
2023-06-30 14:48:56 [booklist] INFO: VALID_ID: 1310040
2023-06-30 14:48:56 [booklist] INFO: VALID_ID: 1306335
2023-06-30 14:48:56 [booklist] INFO: VALID_ID: 1305600
2023-06-30 14:48:56 [booklist] INFO: VALID_ID: 1304281
2023-06-30 14:48:56 [booklist] INFO: VALID_ID: 1311540
2023-06-30 14:48:56 [booklist] INFO: VALID_ID: 1309707
2023-06-30 14:48:56 [booklist] INFO: VALID_ID: 1302679
2023-06-30 14:48:56 [booklist] INFO: VALID_ID: 1301336
2023-06-30 14:48:56 [booklist] INFO: VALID_ID: 1302680
2023-06-30 14:48:56 [booklist] INFO: VALID_ID: 1311539
2023-06-30 14:48:56 [booklist] INFO: VALID_ID: 1304282
2023-06-30 14:48:56 [booklist] INFO: VALID_ID: 1305569
2023-06-30 14:48:56 [booklist] INFO: VALID_ID: 1312074
2023-06-30 14:48:56 [booklist] INFO: VALID_ID: 1310048
2023-06-30 14:48:56 [booklist] INFO: VALID_ID: 1302832
2023-06-30 14:48:56 [booklist] INFO: VALID_ID: 1301338
2023-06-30 14:48:56 [booklist] INFO: VALID_ID: 1309688
2023-06-30 14:48:56 [booklist] INFO: VALID_ID: 1304283
2023-06-30 14:48:56 [booklist] INFO: VALID_ID: 1310058
2023-06-30 14:48:56 [booklist] INFO: VALID_ID: 1312075
2023-06-30 14:48:56 [booklist] INFO: VALID_ID: 1305599
2023-06-30 14:48:56 [booklist] INFO: VALID_ID: 1311538
2023-06-30 14:48:56 [booklist] INFO: VALID_ID: 1302681
2023-06-30 14:48:56 [booklist] INFO: VALID_ID: 1301339
2023-06-30 14:48:56 [booklist] INFO: VALID_ID: 1304122
2023-06-30 14:48:56 [booklist] INFO: VALID_ID: 1310087
2023-06-30 14:48:56 [booklist] INFO: VALID_ID: 1305602
2023-06-30 14:48:56 [booklist] INFO: VALID_ID: 1312076
2023-06-30 14:48:56 [booklist] INFO: VALID_ID: 1302833
2023-06-30 14:48:56 [booklist] INFO: VALID_ID: 1311541
2023-06-30 14:48:56 [booklist] INFO: VALID_ID: 1305001
2023-06-30 14:48:56 [booklist] INFO: VALID_ID: 1304284
2023-06-30 14:48:56 [booklist] INFO: VALID_ID: 1305605
2023-06-30 14:48:56 [booklist] INFO: VALID_ID: 1310065
2023-06-30 14:48:56 [booklist] INFO: VALID_ID: 1311542
2023-06-30 14:48:56 [booklist] INFO: VALID_ID: 1311547
2023-06-30 14:48:56 [booklist] INFO: VALID_ID: 1302835
2023-06-30 14:48:56 [booklist] INFO: VALID_ID: 1310088
2023-06-30 14:48:56 [booklist] INFO: VALID_ID: 1310342
2023-06-30 14:48:56 [booklist] INFO: VALID_ID: 1304123
2023-06-30 14:48:56 [booklist] INFO: VALID_ID: 1305604
2023-06-30 14:48:56 [booklist] INFO: VALID_ID: 1302836
2023-06-30 14:48:56 [booklist] INFO: VALID_ID: 1301838
2023-06-30 14:48:56 [booklist] INFO: VALID_ID: 1310068
2023-06-30 14:48:56 [booklist] INFO: VALID_ID: 1311546
2023-06-30 14:48:56 [booklist] INFO: VALID_ID: 1310343
2023-06-30 14:48:56 [booklist] INFO: VALID_ID: 1305568
2023-06-30 14:48:56 [booklist] INFO: VALID_ID: 1310570
2023-06-30 14:48:56 [booklist] INFO: VALID_ID: 1311545
2023-06-30 14:48:56 [booklist] INFO: VALID_ID: 1301839
2023-06-30 14:48:56 [booklist] INFO: VALID_ID: 1310080
2023-06-30 14:48:56 [booklist] INFO: VALID_ID: 1302837
2023-06-30 14:48:56 [booklist] INFO: VALID_ID: 1301840
2023-06-30 14:48:56 [booklist] INFO: VALID_ID: 1305603
2023-06-30 14:48:56 [scrapy.core.engine] DEBUG: Crawled (200) <POST https://dl.ndl.go.jp/api/item/search> (referer: https://dl.ndl.go.jp/api/item/search)
2023-06-30 14:48:56 [booklist] INFO: Fetched page 6
2023-06-30 14:48:56 [booklist] INFO: VALID_ID: 1309699
2023-06-30 14:48:56 [booklist] INFO: VALID_ID: 1310062
2023-06-30 14:48:56 [booklist] INFO: VALID_ID: 1311544
2023-06-30 14:48:56 [booklist] INFO: VALID_ID: 2591654
2023-06-30 14:48:56 [booklist] INFO: VALID_ID: 2591658
2023-06-30 14:48:56 [booklist] INFO: VALID_ID: 2591663
2023-06-30 14:48:56 [booklist] INFO: VALID_ID: 1311543
2023-06-30 14:48:56 [booklist] INFO: VALID_ID: 1310344
2023-06-30 14:48:56 [booklist] INFO: VALID_ID: 1305606
2023-06-30 14:48:56 [booklist] INFO: VALID_ID: 1310056
2023-06-30 14:48:56 [booklist] INFO: VALID_ID: 1301841
2023-06-30 14:48:56 [booklist] INFO: VALID_ID: 1309690
2023-06-30 14:48:56 [booklist] INFO: VALID_ID: 1310345
2023-06-30 14:48:56 [booklist] INFO: VALID_ID: 1311548
2023-06-30 14:48:56 [booklist] INFO: VALID_ID: 1310074
2023-06-30 14:48:56 [booklist] INFO: VALID_ID: 1301812
2023-06-30 14:48:56 [booklist] INFO: VALID_ID: 1305598
2023-06-30 14:48:56 [booklist] INFO: VALID_ID: 1309687
2023-06-30 14:48:56 [booklist] INFO: VALID_ID: 1310064
2023-06-30 14:48:56 [booklist] INFO: VALID_ID: 1311552
2023-06-30 14:48:56 [booklist] INFO: VALID_ID: 1310346
2023-06-30 14:48:56 [booklist] INFO: VALID_ID: 1311554
2023-06-30 14:48:56 [booklist] INFO: VALID_ID: 1305607
2023-06-30 14:48:56 [booklist] INFO: VALID_ID: 1309697
2023-06-30 14:48:56 [booklist] INFO: VALID_ID: 1310347
2023-06-30 14:48:56 [booklist] INFO: VALID_ID: 1311553
2023-06-30 14:48:56 [booklist] INFO: VALID_ID: 1309651
2023-06-30 14:48:56 [booklist] INFO: VALID_ID: 1306333
2023-06-30 14:48:56 [booklist] INFO: VALID_ID: 1311551
2023-06-30 14:48:56 [booklist] INFO: VALID_ID: 1311550
2023-06-30 14:48:56 [booklist] INFO: VALID_ID: 1309708
2023-06-30 14:48:56 [booklist] INFO: VALID_ID: 1311558
2023-06-30 14:48:56 [booklist] INFO: VALID_ID: 1309696
2023-06-30 14:48:56 [booklist] INFO: VALID_ID: 1311557
2023-06-30 14:48:56 [booklist] INFO: VALID_ID: 1309695
2023-06-30 14:48:56 [booklist] INFO: VALID_ID: 1311555
2023-06-30 14:48:56 [booklist] INFO: VALID_ID: 2591659
2023-06-30 14:48:56 [booklist] INFO: VALID_ID: 1311560
2023-06-30 14:48:56 [booklist] INFO: VALID_ID: 1310350
2023-06-30 14:48:56 [booklist] INFO: VALID_ID: 2591664
2023-06-30 14:48:56 [booklist] INFO: VALID_ID: 1310351
2023-06-30 14:48:56 [booklist] INFO: VALID_ID: 1311562
2023-06-30 14:48:56 [booklist] INFO: VALID_ID: 1311561
2023-06-30 14:48:56 [booklist] INFO: VALID_ID: 1310352
2023-06-30 14:48:56 [booklist] INFO: VALID_ID: 1306381
2023-06-30 14:48:56 [booklist] INFO: VALID_ID: 1306342
2023-06-30 14:48:56 [booklist] INFO: VALID_ID: 1311559
2023-06-30 14:48:56 [booklist] INFO: VALID_ID: 1310353
2023-06-30 14:48:56 [booklist] INFO: VALID_ID: 1311556
2023-06-30 14:48:56 [booklist] INFO: VALID_ID: 1311549
2023-06-30 14:48:56 [booklist] INFO: VALID_ID: 1311564
2023-06-30 14:48:56 [booklist] INFO: VALID_ID: 1311563
2023-06-30 14:48:56 [booklist] INFO: VALID_ID: 1311565
2023-06-30 14:48:56 [booklist] INFO: VALID_ID: 1311566
2023-06-30 14:48:56 [booklist] INFO: VALID_ID: 1312081
2023-06-30 14:48:56 [booklist] INFO: VALID_ID: 2591665
2023-06-30 14:48:56 [booklist] INFO: VALID_ID: 1312082
2023-06-30 14:48:56 [booklist] INFO: VALID_ID: 1312084
2023-06-30 14:48:56 [booklist] INFO: VALID_ID: 1312085
2023-06-30 14:48:56 [booklist] INFO: VALID_ID: 1312086
2023-06-30 14:48:56 [booklist] INFO: VALID_ID: 1312087
2023-06-30 14:48:56 [booklist] INFO: VALID_ID: 2591666
2023-06-30 14:48:56 [booklist] INFO: VALID_ID: 1310552
2023-06-30 14:48:56 [booklist] INFO: VALID_ID: 1310354
2023-06-30 14:48:56 [booklist] INFO: VALID_ID: 1306418
2023-06-30 14:48:56 [booklist] INFO: VALID_ID: 1312089
2023-06-30 14:48:56 [booklist] INFO: VALID_ID: 1306393
2023-06-30 14:48:56 [booklist] INFO: VALID_ID: 1306417
2023-06-30 14:48:56 [booklist] INFO: VALID_ID: 1306395
2023-06-30 14:48:56 [booklist] INFO: VALID_ID: 1312091
2023-06-30 14:48:56 [booklist] INFO: VALID_ID: 1312092
2023-06-30 14:48:56 [booklist] INFO: VALID_ID: 2591667
2023-06-30 14:48:56 [booklist] INFO: VALID_ID: 1312093
2023-06-30 14:48:56 [booklist] INFO: VALID_ID: 1306392
2023-06-30 14:48:56 [booklist] INFO: VALID_ID: 1312096
2023-06-30 14:48:56 [booklist] INFO: VALID_ID: 1312097
2023-06-30 14:48:56 [booklist] INFO: VALID_ID: 1306387
2023-06-30 14:48:56 [booklist] INFO: VALID_ID: 1306399
2023-06-30 14:48:56 [booklist] INFO: VALID_ID: 1310358
2023-06-30 14:48:56 [booklist] INFO: VALID_ID: 1306407
2023-06-30 14:48:56 [booklist] INFO: VALID_ID: 1306398
2023-06-30 14:48:56 [booklist] INFO: VALID_ID: 1306410
2023-06-30 14:48:56 [booklist] INFO: VALID_ID: 2591668
2023-06-30 14:48:56 [booklist] INFO: VALID_ID: 1310360
2023-06-30 14:48:56 [booklist] INFO: VALID_ID: 1310363
2023-06-30 14:48:56 [booklist] INFO: VALID_ID: 1310364
2023-06-30 14:48:56 [booklist] INFO: VALID_ID: 1310365
2023-06-30 14:48:56 [booklist] INFO: VALID_ID: 2591669
2023-06-30 14:48:56 [booklist] INFO: VALID_ID: 1312106
2023-06-30 14:48:56 [booklist] INFO: VALID_ID: 1312107
2023-06-30 14:48:56 [booklist] INFO: VALID_ID: 1312108
2023-06-30 14:48:56 [booklist] INFO: VALID_ID: 1312109
2023-06-30 14:48:56 [booklist] INFO: VALID_ID: 2591670
2023-06-30 14:48:56 [booklist] INFO: VALID_ID: 1312112
2023-06-30 14:48:56 [booklist] INFO: VALID_ID: 1312114
2023-06-30 14:48:56 [booklist] INFO: VALID_ID: 1312115
2023-06-30 14:48:56 [booklist] INFO: VALID_ID: 1312116
2023-06-30 14:48:56 [booklist] INFO: VALID_ID: 1310643
2023-06-30 14:48:56 [booklist] INFO: VALID_ID: 1312117
2023-06-30 14:48:56 [booklist] INFO: VALID_ID: 1312118
2023-06-30 14:48:57 [scrapy.core.engine] DEBUG: Crawled (200) <POST https://dl.ndl.go.jp/api/item/search> (referer: https://dl.ndl.go.jp/api/item/search)
2023-06-30 14:48:57 [booklist] INFO: Fetched page 7
2023-06-30 14:48:57 [booklist] INFO: VALID_ID: 1312119
2023-06-30 14:48:57 [booklist] INFO: VALID_ID: 1312120
2023-06-30 14:48:57 [booklist] INFO: VALID_ID: 2591671
2023-06-30 14:48:57 [booklist] INFO: VALID_ID: 1310367
2023-06-30 14:48:57 [booklist] INFO: VALID_ID: 1310368
2023-06-30 14:48:57 [booklist] INFO: VALID_ID: 1310369
2023-06-30 14:48:57 [booklist] INFO: VALID_ID: 1310370
2023-06-30 14:48:57 [booklist] INFO: VALID_ID: 1310371
2023-06-30 14:48:57 [booklist] INFO: VALID_ID: 2591672
2023-06-30 14:48:57 [booklist] INFO: VALID_ID: 1310372
2023-06-30 14:48:57 [booklist] INFO: VALID_ID: 1310373
2023-06-30 14:48:57 [booklist] INFO: VALID_ID: 1312123
2023-06-30 14:48:57 [booklist] INFO: VALID_ID: 1312124
2023-06-30 14:48:57 [booklist] INFO: VALID_ID: 1312125
2023-06-30 14:48:57 [booklist] INFO: VALID_ID: 2591673
2023-06-30 14:48:57 [booklist] INFO: VALID_ID: 1312129
2023-06-30 14:48:57 [booklist] INFO: VALID_ID: 1312131
2023-06-30 14:48:57 [booklist] INFO: VALID_ID: 1312132
2023-06-30 14:48:57 [booklist] INFO: VALID_ID: 1312136
2023-06-30 14:48:57 [booklist] INFO: VALID_ID: 2591674
2023-06-30 14:48:57 [booklist] INFO: VALID_ID: 1312140
2023-06-30 14:48:57 [booklist] INFO: VALID_ID: 2591675
2023-06-30 14:48:57 [booklist] INFO: VALID_ID: 2591676
2023-06-30 14:48:57 [booklist] INFO: VALID_ID: 2591677
2023-06-30 14:48:57 [booklist] INFO: VALID_ID: 2591678
2023-06-30 14:48:57 [booklist] INFO: VALID_ID: 2591679
2023-06-30 14:48:57 [booklist] INFO: VALID_ID: 2591680
2023-06-30 14:48:57 [booklist] INFO: VALID_ID: 2591681
2023-06-30 14:48:57 [booklist] INFO: VALID_ID: 2591682
2023-06-30 14:48:57 [booklist] INFO: VALID_ID: 2591683
2023-06-30 14:48:57 [booklist] INFO: VALID_ID: 2591684
2023-06-30 14:48:57 [booklist] INFO: VALID_ID: 2591685
2023-06-30 14:48:57 [booklist] INFO: VALID_ID: 2591686
2023-06-30 14:48:57 [booklist] INFO: VALID_ID: 2591687
2023-06-30 14:48:57 [booklist] INFO: VALID_ID: 2591688
2023-06-30 14:48:57 [booklist] INFO: VALID_ID: 2591689
2023-06-30 14:48:57 [booklist] INFO: VALID_ID: 2591690
2023-06-30 14:48:57 [booklist] INFO: VALID_ID: 2591691
2023-06-30 14:48:57 [booklist] INFO: VALID_ID: 2591692
2023-06-30 14:48:57 [booklist] INFO: VALID_ID: 2591693
2023-06-30 14:48:57 [booklist] INFO: VALID_ID: 2591694
2023-06-30 14:48:57 [booklist] INFO: VALID_ID: 2591695
2023-06-30 14:48:57 [booklist] INFO: VALID_ID: 2591696
2023-06-30 14:48:57 [booklist] INFO: VALID_ID: 2591697
2023-06-30 14:48:57 [booklist] INFO: VALID_ID: 2591698
2023-06-30 14:48:57 [booklist] INFO: VALID_ID: 2591699
2023-06-30 14:48:57 [booklist] INFO: VALID_ID: 2591700
2023-06-30 14:48:57 [booklist] INFO: VALID_ID: 2591701
2023-06-30 14:48:57 [booklist] INFO: VALID_ID: 2591702
2023-06-30 14:48:57 [booklist] INFO: VALID_ID: 2591703
2023-06-30 14:48:57 [booklist] INFO: VALID_ID: 2591704
2023-06-30 14:48:57 [booklist] INFO: VALID_ID: 2591705
2023-06-30 14:48:57 [booklist] INFO: VALID_ID: 2591706
2023-06-30 14:48:57 [booklist] INFO: VALID_ID: 2591707
2023-06-30 14:48:57 [scrapy.core.engine] DEBUG: Crawled (200) <POST https://dl.ndl.go.jp/api/item/search> (referer: https://dl.ndl.go.jp/api/item/search)
2023-06-30 14:48:57 [booklist] INFO: Fetched page 8
2023-06-30 14:48:57 [booklist] INFO: No more books on 8
2023-06-30 14:48:57 [scrapy.core.engine] INFO: Closing spider (finished)
2023-06-30 14:48:57 [scrapy.statscollectors] INFO: Dumping Scrapy stats:
{'downloader/request_bytes': 11591,
 'downloader/request_count': 9,
 'downloader/request_method_count/GET': 1,
 'downloader/request_method_count/POST': 8,
 'downloader/response_bytes': 267530,
 'downloader/response_count': 9,
 'downloader/response_status_count/200': 9,
 'elapsed_time_seconds': 4.512628,
 'finish_reason': 'finished',
 'finish_time': datetime.datetime(2023, 6, 30, 6, 48, 57, 711477),
 'httpcompression/response_bytes': 3120086,
 'httpcompression/response_count': 8,
 'log_count/DEBUG': 12,
 'log_count/INFO': 673,
 'memusage/max': 63881216,
 'memusage/startup': 63881216,
 'request_depth_max': 7,
 'response_received_count': 9,
 'robotstxt/request_count': 1,
 'robotstxt/response_count': 1,
 'robotstxt/response_status_count/200': 1,
 'scheduler/dequeued': 8,
 'scheduler/dequeued/memory': 8,
 'scheduler/enqueued': 8,
 'scheduler/enqueued/memory': 8,
 'start_time': datetime.datetime(2023, 6, 30, 6, 48, 53, 198849)}
2023-06-30 14:48:57 [scrapy.core.engine] INFO: Spider closed (finished)
