2023-06-30 17:59:55 [scrapy.utils.log] INFO: Scrapy 2.9.0 started (bot: ndlcrawler)
2023-06-30 17:59:55 [scrapy.utils.log] INFO: Versions: lxml 4.9.2.0, libxml2 2.9.14, cssselect 1.2.0, parsel 1.8.1, w3lib 2.1.1, Twisted 22.10.0, Python 3.10.10 (main, Mar  5 2023, 22:26:53) [GCC 12.2.1 20230201], pyOpenSSL 23.2.0 (OpenSSL 3.1.1 30 May 2023), cryptography 41.0.1, Platform Linux-6.2.12-arch1-1-x86_64-with-glibc2.37
2023-06-30 17:59:55 [scrapy.crawler] INFO: Overridden settings:
{'BOT_NAME': 'ndlcrawler',
 'FEED_EXPORT_ENCODING': 'utf-8',
 'LOG_FILE': 'logs/booklist.title.1621.DESC.log',
 'NEWSPIDER_MODULE': 'ndlcrawler.spiders',
 'REQUEST_FINGERPRINTER_IMPLEMENTATION': '2.7',
 'ROBOTSTXT_OBEY': True,
 'SPIDER_MODULES': ['ndlcrawler.spiders'],
 'TWISTED_REACTOR': 'twisted.internet.asyncioreactor.AsyncioSelectorReactor'}
2023-06-30 17:59:55 [asyncio] DEBUG: Using selector: EpollSelector
2023-06-30 17:59:55 [scrapy.utils.log] DEBUG: Using reactor: twisted.internet.asyncioreactor.AsyncioSelectorReactor
2023-06-30 17:59:55 [scrapy.utils.log] DEBUG: Using asyncio event loop: asyncio.unix_events._UnixSelectorEventLoop
2023-06-30 17:59:56 [scrapy.extensions.telnet] INFO: Telnet Password: c5e0be077a17bf6d
2023-06-30 17:59:56 [scrapy.middleware] INFO: Enabled extensions:
['scrapy.extensions.corestats.CoreStats',
 'scrapy.extensions.telnet.TelnetConsole',
 'scrapy.extensions.memusage.MemoryUsage',
 'scrapy.extensions.logstats.LogStats']
2023-06-30 17:59:56 [scrapy.middleware] INFO: Enabled downloader middlewares:
['scrapy.downloadermiddlewares.robotstxt.RobotsTxtMiddleware',
 'scrapy.downloadermiddlewares.httpauth.HttpAuthMiddleware',
 'scrapy.downloadermiddlewares.downloadtimeout.DownloadTimeoutMiddleware',
 'scrapy.downloadermiddlewares.defaultheaders.DefaultHeadersMiddleware',
 'scrapy.downloadermiddlewares.useragent.UserAgentMiddleware',
 'scrapy.downloadermiddlewares.retry.RetryMiddleware',
 'scrapy.downloadermiddlewares.redirect.MetaRefreshMiddleware',
 'scrapy.downloadermiddlewares.httpcompression.HttpCompressionMiddleware',
 'scrapy.downloadermiddlewares.redirect.RedirectMiddleware',
 'scrapy.downloadermiddlewares.cookies.CookiesMiddleware',
 'scrapy.downloadermiddlewares.httpproxy.HttpProxyMiddleware',
 'scrapy.downloadermiddlewares.stats.DownloaderStats']
2023-06-30 17:59:56 [scrapy.middleware] INFO: Enabled spider middlewares:
['scrapy.spidermiddlewares.httperror.HttpErrorMiddleware',
 'scrapy.spidermiddlewares.offsite.OffsiteMiddleware',
 'scrapy.spidermiddlewares.referer.RefererMiddleware',
 'scrapy.spidermiddlewares.urllength.UrlLengthMiddleware',
 'scrapy.spidermiddlewares.depth.DepthMiddleware']
2023-06-30 17:59:56 [scrapy.middleware] INFO: Enabled item pipelines:
[]
2023-06-30 17:59:56 [scrapy.core.engine] INFO: Spider opened
2023-06-30 17:59:56 [scrapy.extensions.logstats] INFO: Crawled 0 pages (at 0 pages/min), scraped 0 items (at 0 items/min)
2023-06-30 17:59:56 [scrapy.extensions.telnet] INFO: Telnet console listening on 127.0.0.1:6023
2023-06-30 17:59:57 [scrapy.core.engine] DEBUG: Crawled (200) <GET https://dl.ndl.go.jp/robots.txt> (referer: None)
2023-06-30 17:59:57 [scrapy.core.engine] DEBUG: Crawled (200) <POST https://dl.ndl.go.jp/api/item/search> (referer: None)
2023-06-30 17:59:57 [booklist] INFO: Fetched page 1
2023-06-30 17:59:58 [booklist] INFO: VALID_ID: 2585921
2023-06-30 17:59:58 [booklist] INFO: VALID_ID: 2585842
2023-06-30 17:59:58 [booklist] INFO: VALID_ID: 2585865
2023-06-30 17:59:58 [booklist] INFO: VALID_ID: 2585781
2023-06-30 17:59:58 [booklist] INFO: VALID_ID: 2585878
2023-06-30 17:59:58 [booklist] INFO: VALID_ID: 2585815
2023-06-30 17:59:58 [booklist] INFO: VALID_ID: 2585821
2023-06-30 17:59:58 [booklist] INFO: VALID_ID: 2585925
2023-06-30 17:59:58 [booklist] INFO: VALID_ID: 2585927
2023-06-30 17:59:58 [booklist] INFO: VALID_ID: 2585929
2023-06-30 17:59:58 [booklist] INFO: VALID_ID: 2585798
2023-06-30 17:59:58 [booklist] INFO: VALID_ID: 2585902
2023-06-30 17:59:58 [booklist] INFO: VALID_ID: 2585840
2023-06-30 17:59:58 [booklist] INFO: VALID_ID: 2585885
2023-06-30 17:59:58 [booklist] INFO: VALID_ID: 2585803
2023-06-30 17:59:58 [booklist] INFO: VALID_ID: 2585824
2023-06-30 17:59:58 [booklist] INFO: VALID_ID: 2585856
2023-06-30 17:59:58 [booklist] INFO: VALID_ID: 2585861
2023-06-30 17:59:58 [booklist] INFO: VALID_ID: 2585786
2023-06-30 17:59:58 [booklist] INFO: VALID_ID: 2585790
2023-06-30 17:59:58 [booklist] INFO: VALID_ID: 2585808
2023-06-30 17:59:58 [booklist] INFO: VALID_ID: 2585906
2023-06-30 17:59:58 [booklist] INFO: VALID_ID: 2585912
2023-06-30 17:59:58 [booklist] INFO: VALID_ID: 2585817
2023-06-30 17:59:58 [booklist] INFO: VALID_ID: 2585915
2023-06-30 17:59:58 [booklist] INFO: VALID_ID: 2585825
2023-06-30 17:59:58 [booklist] INFO: VALID_ID: 2585924
2023-06-30 17:59:58 [booklist] INFO: VALID_ID: 2585858
2023-06-30 17:59:58 [booklist] INFO: VALID_ID: 2585866
2023-06-30 17:59:58 [booklist] INFO: VALID_ID: 2585780
2023-06-30 17:59:58 [booklist] INFO: VALID_ID: 2585889
2023-06-30 17:59:58 [booklist] INFO: VALID_ID: 2585890
2023-06-30 17:59:58 [booklist] INFO: VALID_ID: 2585895
2023-06-30 17:59:58 [booklist] INFO: VALID_ID: 2585901
2023-06-30 17:59:58 [booklist] INFO: VALID_ID: 2585934
2023-06-30 17:59:58 [booklist] INFO: VALID_ID: 2585764
2023-06-30 17:59:58 [booklist] INFO: VALID_ID: 2585910
2023-06-30 17:59:58 [booklist] INFO: VALID_ID: 2585913
2023-06-30 17:59:58 [booklist] INFO: VALID_ID: 2585823
2023-06-30 17:59:58 [booklist] INFO: VALID_ID: 2585920
2023-06-30 17:59:58 [booklist] INFO: VALID_ID: 2585853
2023-06-30 17:59:58 [booklist] INFO: VALID_ID: 2585893
2023-06-30 17:59:58 [booklist] INFO: VALID_ID: 2585911
2023-06-30 17:59:58 [booklist] INFO: VALID_ID: 2585917
2023-06-30 17:59:58 [booklist] INFO: VALID_ID: 2585838
2023-06-30 17:59:58 [booklist] INFO: VALID_ID: 2585779
2023-06-30 17:59:58 [booklist] INFO: VALID_ID: 2585886
2023-06-30 17:59:58 [booklist] INFO: VALID_ID: 2585807
2023-06-30 17:59:58 [booklist] INFO: VALID_ID: 2585775
2023-06-30 17:59:58 [booklist] INFO: VALID_ID: 2585879
2023-06-30 17:59:58 [booklist] INFO: VALID_ID: 2585802
2023-06-30 17:59:58 [booklist] INFO: VALID_ID: 2585900
2023-06-30 17:59:58 [booklist] INFO: VALID_ID: 2585818
2023-06-30 17:59:58 [booklist] INFO: VALID_ID: 2585922
2023-06-30 17:59:58 [booklist] INFO: VALID_ID: 2585936
2023-06-30 17:59:58 [booklist] INFO: VALID_ID: 2585874
2023-06-30 17:59:58 [booklist] INFO: VALID_ID: 2585769
2023-06-30 17:59:58 [booklist] INFO: VALID_ID: 2585871
2023-06-30 17:59:58 [booklist] INFO: VALID_ID: 2585892
2023-06-30 17:59:58 [booklist] INFO: VALID_ID: 2585933
2023-06-30 17:59:58 [booklist] INFO: VALID_ID: 2585763
2023-06-30 17:59:58 [booklist] INFO: VALID_ID: 2585860
2023-06-30 17:59:58 [booklist] INFO: VALID_ID: 2585768
2023-06-30 17:59:58 [booklist] INFO: VALID_ID: 2585909
2023-06-30 17:59:58 [booklist] INFO: VALID_ID: 2585835
2023-06-30 17:59:58 [booklist] INFO: VALID_ID: 2585847
2023-06-30 17:59:58 [booklist] INFO: VALID_ID: 2585776
2023-06-30 17:59:58 [booklist] INFO: VALID_ID: 2585778
2023-06-30 17:59:58 [booklist] INFO: VALID_ID: 2585882
2023-06-30 17:59:58 [booklist] INFO: VALID_ID: 2585799
2023-06-30 17:59:58 [booklist] INFO: VALID_ID: 2585833
2023-06-30 17:59:58 [booklist] INFO: VALID_ID: 2585940
2023-06-30 17:59:58 [booklist] INFO: VALID_ID: 2585773
2023-06-30 17:59:58 [booklist] INFO: VALID_ID: 2585869
2023-06-30 17:59:58 [booklist] INFO: VALID_ID: 2585881
2023-06-30 17:59:58 [booklist] INFO: VALID_ID: 2585787
2023-06-30 17:59:58 [booklist] INFO: VALID_ID: 2585806
2023-06-30 17:59:58 [booklist] INFO: VALID_ID: 2585907
2023-06-30 17:59:58 [booklist] INFO: VALID_ID: 2585845
2023-06-30 17:59:58 [booklist] INFO: VALID_ID: 2585944
2023-06-30 17:59:58 [booklist] INFO: VALID_ID: 2585848
2023-06-30 17:59:58 [booklist] INFO: VALID_ID: 2585855
2023-06-30 17:59:58 [booklist] INFO: VALID_ID: 2585777
2023-06-30 17:59:58 [booklist] INFO: VALID_ID: 2585783
2023-06-30 17:59:58 [booklist] INFO: VALID_ID: 2585894
2023-06-30 17:59:58 [booklist] INFO: VALID_ID: 2585830
2023-06-30 17:59:58 [booklist] INFO: VALID_ID: 2585945
2023-06-30 17:59:58 [booklist] INFO: VALID_ID: 2585759
2023-06-30 17:59:58 [booklist] INFO: VALID_ID: 2585762
2023-06-30 17:59:58 [booklist] INFO: VALID_ID: 2585794
2023-06-30 17:59:58 [booklist] INFO: VALID_ID: 2585905
2023-06-30 17:59:58 [booklist] INFO: VALID_ID: 2585873
2023-06-30 17:59:58 [booklist] INFO: VALID_ID: 2585918
2023-06-30 17:59:58 [booklist] INFO: VALID_ID: 2585829
2023-06-30 17:59:58 [booklist] INFO: VALID_ID: 2585938
2023-06-30 17:59:58 [booklist] INFO: VALID_ID: 2585941
2023-06-30 17:59:58 [booklist] INFO: VALID_ID: 2585863
2023-06-30 17:59:58 [booklist] INFO: VALID_ID: 2585772
2023-06-30 17:59:58 [booklist] INFO: VALID_ID: 2585784
2023-06-30 17:59:58 [booklist] INFO: VALID_ID: 2585812
2023-06-30 17:59:58 [scrapy.core.engine] DEBUG: Crawled (200) <POST https://dl.ndl.go.jp/api/item/search> (referer: https://dl.ndl.go.jp/api/item/search)
2023-06-30 17:59:58 [booklist] INFO: Fetched page 2
2023-06-30 17:59:58 [booklist] INFO: VALID_ID: 2585930
2023-06-30 17:59:58 [booklist] INFO: VALID_ID: 2585935
2023-06-30 17:59:58 [booklist] INFO: VALID_ID: 2585946
2023-06-30 17:59:58 [booklist] INFO: VALID_ID: 2585862
2023-06-30 17:59:58 [booklist] INFO: VALID_ID: 2585872
2023-06-30 17:59:58 [booklist] INFO: VALID_ID: 2585791
2023-06-30 17:59:58 [booklist] INFO: VALID_ID: 2585801
2023-06-30 17:59:58 [booklist] INFO: VALID_ID: 2585809
2023-06-30 17:59:58 [booklist] INFO: VALID_ID: 2585904
2023-06-30 17:59:58 [booklist] INFO: VALID_ID: 2585923
2023-06-30 17:59:58 [booklist] INFO: VALID_ID: 2585844
2023-06-30 17:59:58 [booklist] INFO: VALID_ID: 2585759
2023-06-30 17:59:58 [booklist] INFO: VALID_ID: 2585762
2023-06-30 17:59:58 [booklist] INFO: VALID_ID: 2585794
2023-06-30 17:59:58 [booklist] INFO: VALID_ID: 2585905
2023-06-30 17:59:58 [booklist] INFO: VALID_ID: 2583684
2023-06-30 17:59:58 [booklist] INFO: VALID_ID: 2608597
2023-06-30 17:59:58 [booklist] INFO: VALID_ID: 2583668
2023-06-30 17:59:58 [booklist] INFO: VALID_ID: 2583702
2023-06-30 17:59:58 [booklist] INFO: VALID_ID: 2583679
2023-06-30 17:59:58 [booklist] INFO: VALID_ID: 2583721
2023-06-30 17:59:58 [booklist] INFO: VALID_ID: 2583690
2023-06-30 17:59:58 [booklist] INFO: VALID_ID: 2583681
2023-06-30 17:59:58 [booklist] INFO: VALID_ID: 2583704
2023-06-30 17:59:58 [booklist] INFO: VALID_ID: 2583708
2023-06-30 17:59:58 [booklist] INFO: VALID_ID: 2583711
2023-06-30 17:59:58 [booklist] INFO: VALID_ID: 2583660
2023-06-30 17:59:58 [booklist] INFO: VALID_ID: 2583667
2023-06-30 17:59:58 [booklist] INFO: VALID_ID: 2583715
2023-06-30 17:59:58 [booklist] INFO: VALID_ID: 2583693
2023-06-30 17:59:58 [booklist] INFO: VALID_ID: 2583696
2023-06-30 17:59:58 [booklist] INFO: VALID_ID: 2583716
2023-06-30 17:59:58 [booklist] INFO: VALID_ID: 2583719
2023-06-30 17:59:58 [booklist] INFO: VALID_ID: 2583697
2023-06-30 17:59:59 [booklist] INFO: VALID_ID: 2583680
2023-06-30 17:59:59 [booklist] INFO: VALID_ID: 2583687
2023-06-30 17:59:59 [booklist] INFO: VALID_ID: 2583692
2023-06-30 17:59:59 [booklist] INFO: VALID_ID: 2583662
2023-06-30 17:59:59 [booklist] INFO: VALID_ID: 2583666
2023-06-30 17:59:59 [booklist] INFO: VALID_ID: 2583700
2023-06-30 17:59:59 [booklist] INFO: VALID_ID: 2583686
2023-06-30 17:59:59 [booklist] INFO: VALID_ID: 2583724
2023-06-30 17:59:59 [booklist] INFO: VALID_ID: 2583675
2023-06-30 17:59:59 [booklist] INFO: VALID_ID: 2583714
2023-06-30 17:59:59 [booklist] INFO: VALID_ID: 2583683
2023-06-30 17:59:59 [booklist] INFO: VALID_ID: 2583661
2023-06-30 17:59:59 [booklist] INFO: VALID_ID: 2583664
2023-06-30 17:59:59 [booklist] INFO: VALID_ID: 2583717
2023-06-30 17:59:59 [booklist] INFO: VALID_ID: 2609783
2023-06-30 17:59:59 [booklist] INFO: VALID_ID: 2583673
2023-06-30 17:59:59 [booklist] INFO: VALID_ID: 2610561
2023-06-30 17:59:59 [booklist] INFO: VALID_ID: 2583672
2023-06-30 17:59:59 [booklist] INFO: VALID_ID: 2583707
2023-06-30 17:59:59 [booklist] INFO: VALID_ID: 2583710
2023-06-30 17:59:59 [booklist] INFO: VALID_ID: 2583701
2023-06-30 17:59:59 [booklist] INFO: VALID_ID: 2583709
2023-06-30 17:59:59 [booklist] INFO: VALID_ID: 2583725
2023-06-30 17:59:59 [booklist] INFO: VALID_ID: 2583705
2023-06-30 17:59:59 [booklist] INFO: VALID_ID: 2583718
2023-06-30 17:59:59 [booklist] INFO: VALID_ID: 2583706
2023-06-30 17:59:59 [booklist] INFO: VALID_ID: 2583659
2023-06-30 17:59:59 [booklist] INFO: VALID_ID: 2583694
2023-06-30 17:59:59 [booklist] INFO: VALID_ID: 2583678
2023-06-30 17:59:59 [booklist] INFO: VALID_ID: 2583685
2023-06-30 17:59:59 [booklist] INFO: VALID_ID: 2583722
2023-06-30 17:59:59 [booklist] INFO: VALID_ID: 2583691
2023-06-30 17:59:59 [booklist] INFO: VALID_ID: 2583695
2023-06-30 17:59:59 [booklist] INFO: VALID_ID: 2583671
2023-06-30 17:59:59 [booklist] INFO: VALID_ID: 2583674
2023-06-30 17:59:59 [booklist] INFO: VALID_ID: 2583689
2023-06-30 17:59:59 [booklist] INFO: VALID_ID: 2583682
2023-06-30 17:59:59 [booklist] INFO: VALID_ID: 2583665
2023-06-30 17:59:59 [booklist] INFO: VALID_ID: 2583699
2023-06-30 17:59:59 [booklist] INFO: VALID_ID: 2583698
2023-06-30 17:59:59 [booklist] INFO: VALID_ID: 2583703
2023-06-30 17:59:59 [booklist] INFO: VALID_ID: 2583676
2023-06-30 17:59:59 [booklist] INFO: VALID_ID: 2583712
2023-06-30 17:59:59 [booklist] INFO: VALID_ID: 2583723
2023-06-30 17:59:59 [booklist] INFO: VALID_ID: 2583663
2023-06-30 17:59:59 [booklist] INFO: VALID_ID: 2583677
2023-06-30 17:59:59 [booklist] INFO: VALID_ID: 2583713
2023-06-30 17:59:59 [booklist] INFO: VALID_ID: 2583688
2023-06-30 17:59:59 [booklist] INFO: VALID_ID: 2611035
2023-06-30 17:59:59 [booklist] INFO: VALID_ID: 2610518
2023-06-30 17:59:59 [booklist] INFO: VALID_ID: 2610138
2023-06-30 17:59:59 [booklist] INFO: VALID_ID: 2610801
2023-06-30 17:59:59 [booklist] INFO: VALID_ID: 2605758
2023-06-30 17:59:59 [booklist] INFO: VALID_ID: 2605465
2023-06-30 17:59:59 [scrapy.core.engine] DEBUG: Crawled (200) <POST https://dl.ndl.go.jp/api/item/search> (referer: https://dl.ndl.go.jp/api/item/search)
2023-06-30 17:59:59 [booklist] INFO: Fetched page 3
2023-06-30 17:59:59 [booklist] INFO: No more books on 3
2023-06-30 17:59:59 [scrapy.core.engine] INFO: Closing spider (finished)
2023-06-30 17:59:59 [scrapy.statscollectors] INFO: Dumping Scrapy stats:
{'downloader/request_bytes': 4222,
 'downloader/request_count': 4,
 'downloader/request_method_count/GET': 1,
 'downloader/request_method_count/POST': 3,
 'downloader/response_bytes': 508183,
 'downloader/response_count': 4,
 'downloader/response_status_count/200': 4,
 'elapsed_time_seconds': 2.756814,
 'finish_reason': 'finished',
 'finish_time': datetime.datetime(2023, 6, 30, 9, 59, 59, 393692),
 'httpcompression/response_bytes': 5486778,
 'httpcompression/response_count': 3,
 'log_count/DEBUG': 7,
 'log_count/INFO': 202,
 'memusage/max': 63979520,
 'memusage/startup': 63979520,
 'request_depth_max': 2,
 'response_received_count': 4,
 'robotstxt/request_count': 1,
 'robotstxt/response_count': 1,
 'robotstxt/response_status_count/200': 1,
 'scheduler/dequeued': 3,
 'scheduler/dequeued/memory': 3,
 'scheduler/enqueued': 3,
 'scheduler/enqueued/memory': 3,
 'start_time': datetime.datetime(2023, 6, 30, 9, 59, 56, 636878)}
2023-06-30 17:59:59 [scrapy.core.engine] INFO: Spider closed (finished)
