2023-06-30 18:46:06 [scrapy.utils.log] INFO: Scrapy 2.9.0 started (bot: ndlcrawler)
2023-06-30 18:46:06 [scrapy.utils.log] INFO: Versions: lxml 4.9.2.0, libxml2 2.9.14, cssselect 1.2.0, parsel 1.8.1, w3lib 2.1.1, Twisted 22.10.0, Python 3.10.10 (main, Mar  5 2023, 22:26:53) [GCC 12.2.1 20230201], pyOpenSSL 23.2.0 (OpenSSL 3.1.1 30 May 2023), cryptography 41.0.1, Platform Linux-6.2.12-arch1-1-x86_64-with-glibc2.37
2023-06-30 18:46:06 [scrapy.crawler] INFO: Overridden settings:
{'BOT_NAME': 'ndlcrawler',
 'FEED_EXPORT_ENCODING': 'utf-8',
 'LOG_FILE': 'logs/booklist.title.摘.log',
 'NEWSPIDER_MODULE': 'ndlcrawler.spiders',
 'REQUEST_FINGERPRINTER_IMPLEMENTATION': '2.7',
 'ROBOTSTXT_OBEY': True,
 'SPIDER_MODULES': ['ndlcrawler.spiders'],
 'TWISTED_REACTOR': 'twisted.internet.asyncioreactor.AsyncioSelectorReactor'}
2023-06-30 18:46:06 [asyncio] DEBUG: Using selector: EpollSelector
2023-06-30 18:46:06 [scrapy.utils.log] DEBUG: Using reactor: twisted.internet.asyncioreactor.AsyncioSelectorReactor
2023-06-30 18:46:06 [scrapy.utils.log] DEBUG: Using asyncio event loop: asyncio.unix_events._UnixSelectorEventLoop
2023-06-30 18:46:06 [scrapy.extensions.telnet] INFO: Telnet Password: f1cdcba4e100713f
2023-06-30 18:46:06 [scrapy.middleware] INFO: Enabled extensions:
['scrapy.extensions.corestats.CoreStats',
 'scrapy.extensions.telnet.TelnetConsole',
 'scrapy.extensions.memusage.MemoryUsage',
 'scrapy.extensions.logstats.LogStats']
2023-06-30 18:46:06 [scrapy.middleware] INFO: Enabled downloader middlewares:
['scrapy.downloadermiddlewares.robotstxt.RobotsTxtMiddleware',
 'scrapy.downloadermiddlewares.httpauth.HttpAuthMiddleware',
 'scrapy.downloadermiddlewares.downloadtimeout.DownloadTimeoutMiddleware',
 'scrapy.downloadermiddlewares.defaultheaders.DefaultHeadersMiddleware',
 'scrapy.downloadermiddlewares.useragent.UserAgentMiddleware',
 'scrapy.downloadermiddlewares.retry.RetryMiddleware',
 'scrapy.downloadermiddlewares.redirect.MetaRefreshMiddleware',
 'scrapy.downloadermiddlewares.httpcompression.HttpCompressionMiddleware',
 'scrapy.downloadermiddlewares.redirect.RedirectMiddleware',
 'scrapy.downloadermiddlewares.cookies.CookiesMiddleware',
 'scrapy.downloadermiddlewares.httpproxy.HttpProxyMiddleware',
 'scrapy.downloadermiddlewares.stats.DownloaderStats']
2023-06-30 18:46:06 [scrapy.middleware] INFO: Enabled spider middlewares:
['scrapy.spidermiddlewares.httperror.HttpErrorMiddleware',
 'scrapy.spidermiddlewares.offsite.OffsiteMiddleware',
 'scrapy.spidermiddlewares.referer.RefererMiddleware',
 'scrapy.spidermiddlewares.urllength.UrlLengthMiddleware',
 'scrapy.spidermiddlewares.depth.DepthMiddleware']
2023-06-30 18:46:06 [scrapy.middleware] INFO: Enabled item pipelines:
[]
2023-06-30 18:46:06 [scrapy.core.engine] INFO: Spider opened
2023-06-30 18:46:07 [scrapy.extensions.logstats] INFO: Crawled 0 pages (at 0 pages/min), scraped 0 items (at 0 items/min)
2023-06-30 18:46:07 [scrapy.extensions.telnet] INFO: Telnet console listening on 127.0.0.1:6023
2023-06-30 18:46:07 [scrapy.core.engine] DEBUG: Crawled (200) <GET https://dl.ndl.go.jp/robots.txt> (referer: None)
2023-06-30 18:46:08 [scrapy.core.engine] DEBUG: Crawled (200) <POST https://dl.ndl.go.jp/api/item/search> (referer: None)
2023-06-30 18:46:08 [booklist] INFO: Fetched page 1
2023-06-30 18:46:08 [booklist] INFO: VALID_ID: 2547258
2023-06-30 18:46:08 [booklist] INFO: VALID_ID: 2547253
2023-06-30 18:46:08 [booklist] INFO: VALID_ID: 2581066
2023-06-30 18:46:08 [booklist] INFO: VALID_ID: 2547254
2023-06-30 18:46:08 [booklist] INFO: VALID_ID: 2547255
2023-06-30 18:46:08 [booklist] INFO: VALID_ID: 2606882
2023-06-30 18:46:08 [booklist] INFO: VALID_ID: 2585566
2023-06-30 18:46:08 [booklist] INFO: VALID_ID: 2547252
2023-06-30 18:46:08 [booklist] INFO: VALID_ID: 2547256
2023-06-30 18:46:08 [booklist] INFO: VALID_ID: 11892630
2023-06-30 18:46:08 [booklist] INFO: VALID_ID: 1305211
2023-06-30 18:46:08 [booklist] INFO: VALID_ID: 2554207
2023-06-30 18:46:08 [booklist] INFO: VALID_ID: 2539964
2023-06-30 18:46:08 [booklist] INFO: VALID_ID: 10301288
2023-06-30 18:46:08 [booklist] INFO: VALID_ID: 2540984
2023-06-30 18:46:08 [booklist] INFO: VALID_ID: 2532423
2023-06-30 18:46:08 [booklist] INFO: VALID_ID: 2605396
2023-06-30 18:46:08 [booklist] INFO: VALID_ID: 2610790
2023-06-30 18:46:08 [booklist] INFO: VALID_ID: 2609783
2023-06-30 18:46:09 [scrapy.core.engine] DEBUG: Crawled (200) <POST https://dl.ndl.go.jp/api/item/search> (referer: https://dl.ndl.go.jp/api/item/search)
2023-06-30 18:46:09 [booklist] INFO: Fetched page 2
2023-06-30 18:46:09 [booklist] INFO: No more books on 2
2023-06-30 18:46:09 [scrapy.core.engine] INFO: Closing spider (finished)
2023-06-30 18:46:09 [scrapy.statscollectors] INFO: Dumping Scrapy stats:
{'downloader/request_bytes': 2877,
 'downloader/request_count': 3,
 'downloader/request_method_count/GET': 1,
 'downloader/request_method_count/POST': 2,
 'downloader/response_bytes': 131164,
 'downloader/response_count': 3,
 'downloader/response_status_count/200': 3,
 'elapsed_time_seconds': 2.128866,
 'finish_reason': 'finished',
 'finish_time': datetime.datetime(2023, 6, 30, 10, 46, 9, 258375),
 'httpcompression/response_bytes': 1389063,
 'httpcompression/response_count': 2,
 'log_count/DEBUG': 6,
 'log_count/INFO': 32,
 'memusage/max': 63774720,
 'memusage/startup': 63774720,
 'request_depth_max': 1,
 'response_received_count': 3,
 'robotstxt/request_count': 1,
 'robotstxt/response_count': 1,
 'robotstxt/response_status_count/200': 1,
 'scheduler/dequeued': 2,
 'scheduler/dequeued/memory': 2,
 'scheduler/enqueued': 2,
 'scheduler/enqueued/memory': 2,
 'start_time': datetime.datetime(2023, 6, 30, 10, 46, 7, 129509)}
2023-06-30 18:46:09 [scrapy.core.engine] INFO: Spider closed (finished)
