2023-06-30 18:54:53 [scrapy.utils.log] INFO: Scrapy 2.9.0 started (bot: ndlcrawler)
2023-06-30 18:54:53 [scrapy.utils.log] INFO: Versions: lxml 4.9.2.0, libxml2 2.9.14, cssselect 1.2.0, parsel 1.8.1, w3lib 2.1.1, Twisted 22.10.0, Python 3.10.10 (main, Mar  5 2023, 22:26:53) [GCC 12.2.1 20230201], pyOpenSSL 23.2.0 (OpenSSL 3.1.1 30 May 2023), cryptography 41.0.1, Platform Linux-6.2.12-arch1-1-x86_64-with-glibc2.37
2023-06-30 18:54:53 [scrapy.crawler] INFO: Overridden settings:
{'BOT_NAME': 'ndlcrawler',
 'FEED_EXPORT_ENCODING': 'utf-8',
 'LOG_FILE': 'logs/booklist.title.伯.DESC.log',
 'NEWSPIDER_MODULE': 'ndlcrawler.spiders',
 'REQUEST_FINGERPRINTER_IMPLEMENTATION': '2.7',
 'ROBOTSTXT_OBEY': True,
 'SPIDER_MODULES': ['ndlcrawler.spiders'],
 'TWISTED_REACTOR': 'twisted.internet.asyncioreactor.AsyncioSelectorReactor'}
2023-06-30 18:54:53 [asyncio] DEBUG: Using selector: EpollSelector
2023-06-30 18:54:53 [scrapy.utils.log] DEBUG: Using reactor: twisted.internet.asyncioreactor.AsyncioSelectorReactor
2023-06-30 18:54:53 [scrapy.utils.log] DEBUG: Using asyncio event loop: asyncio.unix_events._UnixSelectorEventLoop
2023-06-30 18:54:53 [scrapy.extensions.telnet] INFO: Telnet Password: 73a90e9ca799deda
2023-06-30 18:54:54 [scrapy.middleware] INFO: Enabled extensions:
['scrapy.extensions.corestats.CoreStats',
 'scrapy.extensions.telnet.TelnetConsole',
 'scrapy.extensions.memusage.MemoryUsage',
 'scrapy.extensions.logstats.LogStats']
2023-06-30 18:54:54 [scrapy.middleware] INFO: Enabled downloader middlewares:
['scrapy.downloadermiddlewares.robotstxt.RobotsTxtMiddleware',
 'scrapy.downloadermiddlewares.httpauth.HttpAuthMiddleware',
 'scrapy.downloadermiddlewares.downloadtimeout.DownloadTimeoutMiddleware',
 'scrapy.downloadermiddlewares.defaultheaders.DefaultHeadersMiddleware',
 'scrapy.downloadermiddlewares.useragent.UserAgentMiddleware',
 'scrapy.downloadermiddlewares.retry.RetryMiddleware',
 'scrapy.downloadermiddlewares.redirect.MetaRefreshMiddleware',
 'scrapy.downloadermiddlewares.httpcompression.HttpCompressionMiddleware',
 'scrapy.downloadermiddlewares.redirect.RedirectMiddleware',
 'scrapy.downloadermiddlewares.cookies.CookiesMiddleware',
 'scrapy.downloadermiddlewares.httpproxy.HttpProxyMiddleware',
 'scrapy.downloadermiddlewares.stats.DownloaderStats']
2023-06-30 18:54:54 [scrapy.middleware] INFO: Enabled spider middlewares:
['scrapy.spidermiddlewares.httperror.HttpErrorMiddleware',
 'scrapy.spidermiddlewares.offsite.OffsiteMiddleware',
 'scrapy.spidermiddlewares.referer.RefererMiddleware',
 'scrapy.spidermiddlewares.urllength.UrlLengthMiddleware',
 'scrapy.spidermiddlewares.depth.DepthMiddleware']
2023-06-30 18:54:54 [scrapy.middleware] INFO: Enabled item pipelines:
[]
2023-06-30 18:54:54 [scrapy.core.engine] INFO: Spider opened
2023-06-30 18:54:54 [scrapy.extensions.logstats] INFO: Crawled 0 pages (at 0 pages/min), scraped 0 items (at 0 items/min)
2023-06-30 18:54:54 [scrapy.extensions.telnet] INFO: Telnet console listening on 127.0.0.1:6023
2023-06-30 18:54:55 [scrapy.core.engine] DEBUG: Crawled (200) <GET https://dl.ndl.go.jp/robots.txt> (referer: None)
2023-06-30 18:54:56 [scrapy.core.engine] DEBUG: Crawled (200) <POST https://dl.ndl.go.jp/api/item/search> (referer: None)
2023-06-30 18:54:56 [booklist] INFO: Fetched page 1
2023-06-30 18:54:56 [booklist] INFO: VALID_ID: 1287556
2023-06-30 18:54:56 [booklist] INFO: VALID_ID: 1287552
2023-06-30 18:54:56 [booklist] INFO: VALID_ID: 1287547
2023-06-30 18:54:56 [booklist] INFO: VALID_ID: 1287571
2023-06-30 18:54:56 [booklist] INFO: VALID_ID: 1287578
2023-06-30 18:54:56 [booklist] INFO: VALID_ID: 2585484
2023-06-30 18:54:56 [booklist] INFO: VALID_ID: 1287580
2023-06-30 18:54:56 [booklist] INFO: VALID_ID: 2553322
2023-06-30 18:54:56 [booklist] INFO: VALID_ID: 2585292
2023-06-30 18:54:56 [booklist] INFO: VALID_ID: 2605821
2023-06-30 18:54:56 [booklist] INFO: VALID_ID: 2611107
2023-06-30 18:54:56 [booklist] INFO: VALID_ID: 2605396
2023-06-30 18:54:56 [booklist] INFO: VALID_ID: 10301648
2023-06-30 18:54:56 [booklist] INFO: VALID_ID: 2606349
2023-06-30 18:54:56 [booklist] INFO: VALID_ID: 11038888
2023-06-30 18:54:56 [booklist] INFO: VALID_ID: 11038892
2023-06-30 18:54:56 [booklist] INFO: VALID_ID: 11038901
2023-06-30 18:54:56 [booklist] INFO: VALID_ID: 2576253
2023-06-30 18:54:56 [booklist] INFO: VALID_ID: 11038910
2023-06-30 18:54:56 [booklist] INFO: VALID_ID: 11038915
2023-06-30 18:54:56 [booklist] INFO: VALID_ID: 11038912
2023-06-30 18:54:56 [booklist] INFO: VALID_ID: 11038909
2023-06-30 18:54:56 [booklist] INFO: VALID_ID: 11038877
2023-06-30 18:54:56 [booklist] INFO: VALID_ID: 11038891
2023-06-30 18:54:56 [booklist] INFO: VALID_ID: 11038913
2023-06-30 18:54:56 [booklist] INFO: VALID_ID: 11038908
2023-06-30 18:54:56 [booklist] INFO: VALID_ID: 11038878
2023-06-30 18:54:56 [booklist] INFO: VALID_ID: 11038896
2023-06-30 18:54:56 [booklist] INFO: VALID_ID: 11038904
2023-06-30 18:54:56 [booklist] INFO: VALID_ID: 11038874
2023-06-30 18:54:56 [booklist] INFO: VALID_ID: 11038880
2023-06-30 18:54:56 [booklist] INFO: VALID_ID: 11038898
2023-06-30 18:54:56 [booklist] INFO: VALID_ID: 11038890
2023-06-30 18:54:56 [booklist] INFO: VALID_ID: 11038886
2023-06-30 18:54:56 [booklist] INFO: VALID_ID: 11038893
2023-06-30 18:54:56 [booklist] INFO: VALID_ID: 11038895
2023-06-30 18:54:56 [booklist] INFO: VALID_ID: 2576260
2023-06-30 18:54:56 [booklist] INFO: VALID_ID: 11038887
2023-06-30 18:54:56 [booklist] INFO: VALID_ID: 11038902
2023-06-30 18:54:56 [booklist] INFO: VALID_ID: 11038889
2023-06-30 18:54:56 [booklist] INFO: VALID_ID: 11038905
2023-06-30 18:54:56 [booklist] INFO: VALID_ID: 11038875
2023-06-30 18:54:56 [booklist] INFO: VALID_ID: 11038876
2023-06-30 18:54:56 [booklist] INFO: VALID_ID: 11038884
2023-06-30 18:54:56 [booklist] INFO: VALID_ID: 11038914
2023-06-30 18:54:56 [booklist] INFO: VALID_ID: 2576256
2023-06-30 18:54:56 [booklist] INFO: VALID_ID: 11038911
2023-06-30 18:54:56 [booklist] INFO: VALID_ID: 11038907
2023-06-30 18:54:56 [booklist] INFO: VALID_ID: 2576257
2023-06-30 18:54:56 [booklist] INFO: VALID_ID: 10301165
2023-06-30 18:54:56 [booklist] INFO: VALID_ID: 2576247
2023-06-30 18:54:56 [booklist] INFO: VALID_ID: 2576259
2023-06-30 18:54:56 [booklist] INFO: VALID_ID: 2576261
2023-06-30 18:54:56 [booklist] INFO: VALID_ID: 11038919
2023-06-30 18:54:56 [booklist] INFO: VALID_ID: 2576255
2023-06-30 18:54:56 [booklist] INFO: VALID_ID: 11038882
2023-06-30 18:54:56 [booklist] INFO: VALID_ID: 2576264
2023-06-30 18:54:56 [booklist] INFO: VALID_ID: 2576254
2023-06-30 18:54:56 [booklist] INFO: VALID_ID: 11038894
2023-06-30 18:54:56 [booklist] INFO: VALID_ID: 2576262
2023-06-30 18:54:56 [booklist] INFO: VALID_ID: 2576246
2023-06-30 18:54:56 [booklist] INFO: VALID_ID: 2576252
2023-06-30 18:54:56 [booklist] INFO: VALID_ID: 11038885
2023-06-30 18:54:56 [booklist] INFO: VALID_ID: 11038899
2023-06-30 18:54:56 [booklist] INFO: VALID_ID: 2576263
2023-06-30 18:54:56 [booklist] INFO: VALID_ID: 11038906
2023-06-30 18:54:56 [booklist] INFO: VALID_ID: 2576248
2023-06-30 18:54:56 [booklist] INFO: VALID_ID: 2576258
2023-06-30 18:54:56 [booklist] INFO: VALID_ID: 2576250
2023-06-30 18:54:56 [booklist] INFO: VALID_ID: 2576251
2023-06-30 18:54:56 [booklist] INFO: VALID_ID: 2608884
2023-06-30 18:54:56 [booklist] INFO: VALID_ID: 10301383
2023-06-30 18:54:56 [booklist] INFO: VALID_ID: 2550194
2023-06-30 18:54:56 [booklist] INFO: VALID_ID: 2609516
2023-06-30 18:54:56 [booklist] INFO: VALID_ID: 2550240
2023-06-30 18:54:56 [booklist] INFO: VALID_ID: 2550305
2023-06-30 18:54:56 [booklist] INFO: VALID_ID: 2585159
2023-06-30 18:54:56 [booklist] INFO: VALID_ID: 11446659
2023-06-30 18:54:56 [booklist] INFO: VALID_ID: 2609783
2023-06-30 18:54:57 [scrapy.core.engine] DEBUG: Crawled (200) <POST https://dl.ndl.go.jp/api/item/search> (referer: https://dl.ndl.go.jp/api/item/search)
2023-06-30 18:54:57 [booklist] INFO: Fetched page 2
2023-06-30 18:54:57 [booklist] INFO: No more books on 2
2023-06-30 18:54:57 [scrapy.core.engine] INFO: Closing spider (finished)
2023-06-30 18:54:57 [scrapy.statscollectors] INFO: Dumping Scrapy stats:
{'downloader/request_bytes': 2877,
 'downloader/request_count': 3,
 'downloader/request_method_count/GET': 1,
 'downloader/request_method_count/POST': 2,
 'downloader/response_bytes': 622673,
 'downloader/response_count': 3,
 'downloader/response_status_count/200': 3,
 'elapsed_time_seconds': 2.699052,
 'finish_reason': 'finished',
 'finish_time': datetime.datetime(2023, 6, 30, 10, 54, 57, 294080),
 'httpcompression/response_bytes': 6707569,
 'httpcompression/response_count': 2,
 'log_count/DEBUG': 6,
 'log_count/INFO': 92,
 'memusage/max': 63852544,
 'memusage/startup': 63852544,
 'request_depth_max': 1,
 'response_received_count': 3,
 'robotstxt/request_count': 1,
 'robotstxt/response_count': 1,
 'robotstxt/response_status_count/200': 1,
 'scheduler/dequeued': 2,
 'scheduler/dequeued/memory': 2,
 'scheduler/enqueued': 2,
 'scheduler/enqueued/memory': 2,
 'start_time': datetime.datetime(2023, 6, 30, 10, 54, 54, 595028)}
2023-06-30 18:54:57 [scrapy.core.engine] INFO: Spider closed (finished)
