2023-06-30 16:37:49 [scrapy.utils.log] INFO: Scrapy 2.9.0 started (bot: ndlcrawler)
2023-06-30 16:37:49 [scrapy.utils.log] INFO: Versions: lxml 4.9.2.0, libxml2 2.9.14, cssselect 1.2.0, parsel 1.8.1, w3lib 2.1.1, Twisted 22.10.0, Python 3.10.10 (main, Mar  5 2023, 22:26:53) [GCC 12.2.1 20230201], pyOpenSSL 23.2.0 (OpenSSL 3.1.1 30 May 2023), cryptography 41.0.1, Platform Linux-6.2.12-arch1-1-x86_64-with-glibc2.37
2023-06-30 16:37:49 [scrapy.crawler] INFO: Overridden settings:
{'BOT_NAME': 'ndlcrawler',
 'FEED_EXPORT_ENCODING': 'utf-8',
 'LOG_FILE': 'logs/booklist.title.86.DESC.log',
 'NEWSPIDER_MODULE': 'ndlcrawler.spiders',
 'REQUEST_FINGERPRINTER_IMPLEMENTATION': '2.7',
 'ROBOTSTXT_OBEY': True,
 'SPIDER_MODULES': ['ndlcrawler.spiders'],
 'TWISTED_REACTOR': 'twisted.internet.asyncioreactor.AsyncioSelectorReactor'}
2023-06-30 16:37:49 [asyncio] DEBUG: Using selector: EpollSelector
2023-06-30 16:37:49 [scrapy.utils.log] DEBUG: Using reactor: twisted.internet.asyncioreactor.AsyncioSelectorReactor
2023-06-30 16:37:49 [scrapy.utils.log] DEBUG: Using asyncio event loop: asyncio.unix_events._UnixSelectorEventLoop
2023-06-30 16:37:49 [scrapy.extensions.telnet] INFO: Telnet Password: 4e46dd9851ca2ca3
2023-06-30 16:37:49 [scrapy.middleware] INFO: Enabled extensions:
['scrapy.extensions.corestats.CoreStats',
 'scrapy.extensions.telnet.TelnetConsole',
 'scrapy.extensions.memusage.MemoryUsage',
 'scrapy.extensions.logstats.LogStats']
2023-06-30 16:37:49 [scrapy.middleware] INFO: Enabled downloader middlewares:
['scrapy.downloadermiddlewares.robotstxt.RobotsTxtMiddleware',
 'scrapy.downloadermiddlewares.httpauth.HttpAuthMiddleware',
 'scrapy.downloadermiddlewares.downloadtimeout.DownloadTimeoutMiddleware',
 'scrapy.downloadermiddlewares.defaultheaders.DefaultHeadersMiddleware',
 'scrapy.downloadermiddlewares.useragent.UserAgentMiddleware',
 'scrapy.downloadermiddlewares.retry.RetryMiddleware',
 'scrapy.downloadermiddlewares.redirect.MetaRefreshMiddleware',
 'scrapy.downloadermiddlewares.httpcompression.HttpCompressionMiddleware',
 'scrapy.downloadermiddlewares.redirect.RedirectMiddleware',
 'scrapy.downloadermiddlewares.cookies.CookiesMiddleware',
 'scrapy.downloadermiddlewares.httpproxy.HttpProxyMiddleware',
 'scrapy.downloadermiddlewares.stats.DownloaderStats']
2023-06-30 16:37:49 [scrapy.middleware] INFO: Enabled spider middlewares:
['scrapy.spidermiddlewares.httperror.HttpErrorMiddleware',
 'scrapy.spidermiddlewares.offsite.OffsiteMiddleware',
 'scrapy.spidermiddlewares.referer.RefererMiddleware',
 'scrapy.spidermiddlewares.urllength.UrlLengthMiddleware',
 'scrapy.spidermiddlewares.depth.DepthMiddleware']
2023-06-30 16:37:49 [scrapy.middleware] INFO: Enabled item pipelines:
[]
2023-06-30 16:37:49 [scrapy.core.engine] INFO: Spider opened
2023-06-30 16:37:49 [scrapy.extensions.logstats] INFO: Crawled 0 pages (at 0 pages/min), scraped 0 items (at 0 items/min)
2023-06-30 16:37:49 [scrapy.extensions.telnet] INFO: Telnet console listening on 127.0.0.1:6025
2023-06-30 16:37:50 [scrapy.core.engine] DEBUG: Crawled (200) <GET https://dl.ndl.go.jp/robots.txt> (referer: None)
2023-06-30 16:37:51 [scrapy.core.engine] DEBUG: Crawled (200) <POST https://dl.ndl.go.jp/api/item/search> (referer: None)
2023-06-30 16:37:51 [booklist] INFO: Fetched page 1
2023-06-30 16:37:52 [booklist] INFO: VALID_ID: 2598769
2023-06-30 16:37:52 [booklist] INFO: VALID_ID: 2572421
2023-06-30 16:37:52 [booklist] INFO: VALID_ID: 2598317
2023-06-30 16:37:52 [booklist] INFO: VALID_ID: 2598752
2023-06-30 16:37:52 [booklist] INFO: VALID_ID: 2610725
2023-06-30 16:37:52 [booklist] INFO: VALID_ID: 2598760
2023-06-30 16:37:52 [booklist] INFO: VALID_ID: 2598764
2023-06-30 16:37:52 [booklist] INFO: VALID_ID: 2598765
2023-06-30 16:37:52 [booklist] INFO: VALID_ID: 2598762
2023-06-30 16:37:52 [booklist] INFO: VALID_ID: 2598746
2023-06-30 16:37:52 [booklist] INFO: VALID_ID: 2598766
2023-06-30 16:37:52 [booklist] INFO: VALID_ID: 2598768
2023-06-30 16:37:52 [booklist] INFO: VALID_ID: 2598748
2023-06-30 16:37:52 [booklist] INFO: VALID_ID: 2598754
2023-06-30 16:37:52 [booklist] INFO: VALID_ID: 2598757
2023-06-30 16:37:52 [booklist] INFO: VALID_ID: 2598744
2023-06-30 16:37:52 [booklist] INFO: VALID_ID: 2598756
2023-06-30 16:37:52 [booklist] INFO: VALID_ID: 2598767
2023-06-30 16:37:52 [booklist] INFO: VALID_ID: 2598750
2023-06-30 16:37:52 [booklist] INFO: VALID_ID: 2598763
2023-06-30 16:37:52 [booklist] INFO: VALID_ID: 2598743
2023-06-30 16:37:52 [booklist] INFO: VALID_ID: 2598758
2023-06-30 16:37:52 [booklist] INFO: VALID_ID: 2598745
2023-06-30 16:37:52 [booklist] INFO: VALID_ID: 2596189
2023-06-30 16:37:52 [booklist] INFO: VALID_ID: 2553637
2023-06-30 16:37:52 [booklist] INFO: VALID_ID: 2559105
2023-06-30 16:37:52 [booklist] INFO: VALID_ID: 2571443
2023-06-30 16:37:52 [booklist] INFO: VALID_ID: 2560152
2023-06-30 16:37:52 [booklist] INFO: VALID_ID: 2538383
2023-06-30 16:37:52 [booklist] INFO: VALID_ID: 2588613
2023-06-30 16:37:52 [booklist] INFO: VALID_ID: 2559106
2023-06-30 16:37:52 [booklist] INFO: VALID_ID: 2574519
2023-06-30 16:37:52 [booklist] INFO: VALID_ID: 2560150
2023-06-30 16:37:52 [booklist] INFO: VALID_ID: 2572112
2023-06-30 16:37:52 [booklist] INFO: VALID_ID: 2560151
2023-06-30 16:37:52 [booklist] INFO: VALID_ID: 2588713
2023-06-30 16:37:52 [booklist] INFO: VALID_ID: 2573064
2023-06-30 16:37:52 [booklist] INFO: VALID_ID: 2538432
2023-06-30 16:37:52 [booklist] INFO: VALID_ID: 2568145
2023-06-30 16:37:52 [booklist] INFO: VALID_ID: 2607423
2023-06-30 16:37:52 [booklist] INFO: VALID_ID: 2568144
2023-06-30 16:37:52 [booklist] INFO: VALID_ID: 2560283
2023-06-30 16:37:52 [booklist] INFO: VALID_ID: 2606449
2023-06-30 16:37:52 [booklist] INFO: VALID_ID: 2571567
2023-06-30 16:37:52 [booklist] INFO: VALID_ID: 2559136
2023-06-30 16:37:52 [booklist] INFO: VALID_ID: 2533484
2023-06-30 16:37:52 [booklist] INFO: VALID_ID: 2607254
2023-06-30 16:37:52 [booklist] INFO: VALID_ID: 2572841
2023-06-30 16:37:52 [booklist] INFO: VALID_ID: 2537846
2023-06-30 16:37:52 [booklist] INFO: VALID_ID: 2576257
2023-06-30 16:37:52 [booklist] INFO: VALID_ID: 2572212
2023-06-30 16:37:52 [booklist] INFO: VALID_ID: 2560282
2023-06-30 16:37:52 [booklist] INFO: VALID_ID: 2608378
2023-06-30 16:37:52 [booklist] INFO: VALID_ID: 2588914
2023-06-30 16:37:52 [booklist] INFO: VALID_ID: 2541646
2023-06-30 16:37:52 [booklist] INFO: VALID_ID: 2589350
2023-06-30 16:37:52 [booklist] INFO: VALID_ID: 2589114
2023-06-30 16:37:52 [booklist] INFO: VALID_ID: 2587150
2023-06-30 16:37:52 [booklist] INFO: VALID_ID: 2589014
2023-06-30 16:37:52 [booklist] INFO: VALID_ID: 2550495
2023-06-30 16:37:52 [booklist] INFO: VALID_ID: 2574573
2023-06-30 16:37:52 [booklist] INFO: VALID_ID: 3508073
2023-06-30 16:37:52 [booklist] INFO: VALID_ID: 2574569
2023-06-30 16:37:52 [booklist] INFO: VALID_ID: 2574576
2023-06-30 16:37:52 [booklist] INFO: VALID_ID: 2574577
2023-06-30 16:37:52 [booklist] INFO: VALID_ID: 2574578
2023-06-30 16:37:52 [booklist] INFO: VALID_ID: 2574575
2023-06-30 16:37:52 [booklist] INFO: VALID_ID: 11446470
2023-06-30 16:37:52 [booklist] INFO: VALID_ID: 2593460
2023-06-30 16:37:52 [booklist] INFO: VALID_ID: 2593461
2023-06-30 16:37:52 [booklist] INFO: VALID_ID: 2574579
2023-06-30 16:37:52 [booklist] INFO: VALID_ID: 2574574
2023-06-30 16:37:52 [booklist] INFO: VALID_ID: 2588478
2023-06-30 16:37:52 [booklist] INFO: VALID_ID: 2574571
2023-06-30 16:37:52 [booklist] INFO: VALID_ID: 11446570
2023-06-30 16:37:52 [booklist] INFO: VALID_ID: 2549137
2023-06-30 16:37:52 [booklist] INFO: VALID_ID: 2574572
2023-06-30 16:37:52 [booklist] INFO: VALID_ID: 2574570
2023-06-30 16:37:52 [booklist] INFO: VALID_ID: 2572559
2023-06-30 16:37:52 [booklist] INFO: VALID_ID: 2550394
2023-06-30 16:37:52 [booklist] INFO: VALID_ID: 10303484
2023-06-30 16:37:52 [booklist] INFO: VALID_ID: 2590715
2023-06-30 16:37:52 [booklist] INFO: VALID_ID: 2551920
2023-06-30 16:37:52 [booklist] INFO: VALID_ID: 10303524
2023-06-30 16:37:52 [booklist] INFO: VALID_ID: 2606961
2023-06-30 16:37:52 [booklist] INFO: VALID_ID: 2587422
2023-06-30 16:37:52 [booklist] INFO: VALID_ID: 2576277
2023-06-30 16:37:52 [booklist] INFO: VALID_ID: 2572660
2023-06-30 16:37:52 [booklist] INFO: VALID_ID: 2607020
2023-06-30 16:37:52 [booklist] INFO: VALID_ID: 2609908
2023-06-30 16:37:52 [booklist] INFO: VALID_ID: 11223365
2023-06-30 16:37:52 [booklist] INFO: VALID_ID: 9369959
2023-06-30 16:37:52 [booklist] INFO: VALID_ID: 2581073
2023-06-30 16:37:52 [booklist] INFO: VALID_ID: 2581075
2023-06-30 16:37:52 [booklist] INFO: VALID_ID: 2610129
2023-06-30 16:37:52 [booklist] INFO: VALID_ID: 2581068
2023-06-30 16:37:52 [booklist] INFO: VALID_ID: 2581074
2023-06-30 16:37:52 [booklist] INFO: VALID_ID: 2580980
2023-06-30 16:37:52 [booklist] INFO: VALID_ID: 2581072
2023-06-30 16:37:52 [booklist] INFO: VALID_ID: 2611028
2023-06-30 16:37:52 [scrapy.core.engine] DEBUG: Crawled (200) <POST https://dl.ndl.go.jp/api/item/search> (referer: https://dl.ndl.go.jp/api/item/search)
2023-06-30 16:37:53 [booklist] INFO: Fetched page 2
2023-06-30 16:37:53 [booklist] INFO: VALID_ID: 2581070
2023-06-30 16:37:53 [booklist] INFO: VALID_ID: 2580983
2023-06-30 16:37:53 [booklist] INFO: VALID_ID: 2581074
2023-06-30 16:37:53 [booklist] INFO: VALID_ID: 2580982
2023-06-30 16:37:53 [booklist] INFO: VALID_ID: 2580984
2023-06-30 16:37:53 [booklist] INFO: VALID_ID: 2581071
2023-06-30 16:37:53 [booklist] INFO: VALID_ID: 2580981
2023-06-30 16:37:53 [booklist] INFO: VALID_ID: 2606144
2023-06-30 16:37:53 [booklist] INFO: VALID_ID: 2551673
2023-06-30 16:37:53 [booklist] INFO: VALID_ID: 2540602
2023-06-30 16:37:53 [booklist] INFO: VALID_ID: 2606514
2023-06-30 16:37:53 [booklist] INFO: VALID_ID: 11607787
2023-06-30 16:37:53 [booklist] INFO: VALID_ID: 2532851
2023-06-30 16:37:53 [booklist] INFO: VALID_ID: 2583703
2023-06-30 16:37:53 [booklist] INFO: VALID_ID: 1288149
2023-06-30 16:37:53 [booklist] INFO: VALID_ID: 2606510
2023-06-30 16:37:53 [booklist] INFO: VALID_ID: 2546423
2023-06-30 16:37:53 [booklist] INFO: VALID_ID: 1287204
2023-06-30 16:37:53 [booklist] INFO: VALID_ID: 11892633
2023-06-30 16:37:53 [booklist] INFO: VALID_ID: 2611107
2023-06-30 16:37:53 [booklist] INFO: VALID_ID: 2611103
2023-06-30 16:37:53 [booklist] INFO: VALID_ID: 2533496
2023-06-30 16:37:53 [booklist] INFO: VALID_ID: 2585867
2023-06-30 16:37:53 [booklist] INFO: VALID_ID: 2585870
2023-06-30 16:37:53 [booklist] INFO: VALID_ID: 2585782
2023-06-30 16:37:53 [booklist] INFO: VALID_ID: 2585796
2023-06-30 16:37:53 [booklist] INFO: VALID_ID: 2585947
2023-06-30 16:37:53 [booklist] INFO: VALID_ID: 2607835
2023-06-30 16:37:53 [booklist] INFO: VALID_ID: 2585793
2023-06-30 16:37:53 [booklist] INFO: VALID_ID: 2585888
2023-06-30 16:37:53 [booklist] INFO: VALID_ID: 2585919
2023-06-30 16:37:53 [booklist] INFO: VALID_ID: 2585834
2023-06-30 16:37:53 [booklist] INFO: VALID_ID: 2585761
2023-06-30 16:37:53 [booklist] INFO: VALID_ID: 2585868
2023-06-30 16:37:53 [booklist] INFO: VALID_ID: 2585875
2023-06-30 16:37:53 [booklist] INFO: VALID_ID: 2585785
2023-06-30 16:37:53 [booklist] INFO: VALID_ID: 2585788
2023-06-30 16:37:53 [booklist] INFO: VALID_ID: 2585792
2023-06-30 16:37:53 [booklist] INFO: VALID_ID: 2585898
2023-06-30 16:37:53 [booklist] INFO: VALID_ID: 2585914
2023-06-30 16:37:53 [booklist] INFO: VALID_ID: 2585822
2023-06-30 16:37:53 [booklist] INFO: VALID_ID: 2585932
2023-06-30 16:37:53 [booklist] INFO: VALID_ID: 2606744
2023-06-30 16:37:53 [booklist] INFO: VALID_ID: 2585885
2023-06-30 16:37:53 [booklist] INFO: VALID_ID: 2585803
2023-06-30 16:37:53 [booklist] INFO: VALID_ID: 2585824
2023-06-30 16:37:53 [booklist] INFO: VALID_ID: 2609961
2023-06-30 16:37:53 [booklist] INFO: VALID_ID: 2609468
2023-06-30 16:37:53 [booklist] INFO: VALID_ID: 2585896
2023-06-30 16:37:53 [booklist] INFO: VALID_ID: 2585816
2023-06-30 16:37:53 [booklist] INFO: VALID_ID: 2585832
2023-06-30 16:37:53 [booklist] INFO: VALID_ID: 2585837
2023-06-30 16:37:53 [booklist] INFO: VALID_ID: 2585852
2023-06-30 16:37:53 [booklist] INFO: VALID_ID: 2585876
2023-06-30 16:37:53 [booklist] INFO: VALID_ID: 2585884
2023-06-30 16:37:53 [booklist] INFO: VALID_ID: 2585828
2023-06-30 16:37:53 [booklist] INFO: VALID_ID: 2585928
2023-06-30 16:37:53 [booklist] INFO: VALID_ID: 2585839
2023-06-30 16:37:53 [booklist] INFO: VALID_ID: 2585862
2023-06-30 16:37:53 [booklist] INFO: VALID_ID: 2585872
2023-06-30 16:37:53 [booklist] INFO: VALID_ID: 2585791
2023-06-30 16:37:53 [booklist] INFO: VALID_ID: 2585801
2023-06-30 16:37:53 [booklist] INFO: VALID_ID: 2585809
2023-06-30 16:37:53 [booklist] INFO: VALID_ID: 2585904
2023-06-30 16:37:53 [booklist] INFO: VALID_ID: 2585923
2023-06-30 16:37:53 [booklist] INFO: VALID_ID: 2585844
2023-06-30 16:37:53 [booklist] INFO: VALID_ID: 2585883
2023-06-30 16:37:53 [booklist] INFO: VALID_ID: 2585800
2023-06-30 16:37:53 [booklist] INFO: VALID_ID: 2585810
2023-06-30 16:37:53 [booklist] INFO: VALID_ID: 2585819
2023-06-30 16:37:53 [booklist] INFO: VALID_ID: 2585926
2023-06-30 16:37:53 [booklist] INFO: VALID_ID: 2585846
2023-06-30 16:37:53 [booklist] INFO: VALID_ID: 2585857
2023-06-30 16:37:53 [booklist] INFO: VALID_ID: 2585766
2023-06-30 16:37:53 [booklist] INFO: VALID_ID: 2585770
2023-06-30 16:37:53 [booklist] INFO: VALID_ID: 2585877
2023-06-30 16:37:53 [booklist] INFO: VALID_ID: 2585891
2023-06-30 16:37:53 [booklist] INFO: VALID_ID: 2585813
2023-06-30 16:37:53 [booklist] INFO: VALID_ID: 2585836
2023-06-30 16:37:53 [booklist] INFO: VALID_ID: 2585841
2023-06-30 16:37:53 [booklist] INFO: VALID_ID: 2585854
2023-06-30 16:37:53 [booklist] INFO: VALID_ID: 2585804
2023-06-30 16:37:53 [booklist] INFO: VALID_ID: 2585903
2023-06-30 16:37:53 [booklist] INFO: VALID_ID: 2585826
2023-06-30 16:37:53 [booklist] INFO: VALID_ID: 2585931
2023-06-30 16:37:53 [booklist] INFO: VALID_ID: 2585850
2023-06-30 16:37:53 [booklist] INFO: VALID_ID: 2585948
2023-06-30 16:37:53 [booklist] INFO: VALID_ID: 2585771
2023-06-30 16:37:53 [booklist] INFO: VALID_ID: 2585864
2023-06-30 16:37:53 [booklist] INFO: VALID_ID: 2585795
2023-06-30 16:37:53 [booklist] INFO: VALID_ID: 2585797
2023-06-30 16:37:53 [booklist] INFO: VALID_ID: 2585820
2023-06-30 16:37:53 [booklist] INFO: VALID_ID: 2585921
2023-06-30 16:37:53 [booklist] INFO: VALID_ID: 2585767
2023-06-30 16:37:53 [booklist] INFO: VALID_ID: 2585774
2023-06-30 16:37:53 [booklist] INFO: VALID_ID: 2585908
2023-06-30 16:37:53 [booklist] INFO: VALID_ID: 2585930
2023-06-30 16:37:53 [booklist] INFO: VALID_ID: 2585935
2023-06-30 16:37:53 [booklist] INFO: VALID_ID: 2585946
2023-06-30 16:37:53 [booklist] INFO: VALID_ID: 2609818
2023-06-30 16:37:53 [scrapy.core.engine] DEBUG: Crawled (200) <POST https://dl.ndl.go.jp/api/item/search> (referer: https://dl.ndl.go.jp/api/item/search)
2023-06-30 16:37:53 [booklist] INFO: Fetched page 3
2023-06-30 16:37:54 [booklist] INFO: VALID_ID: 2585921
2023-06-30 16:37:54 [booklist] INFO: VALID_ID: 2585883
2023-06-30 16:37:54 [booklist] INFO: VALID_ID: 2585800
2023-06-30 16:37:54 [booklist] INFO: VALID_ID: 2585810
2023-06-30 16:37:54 [booklist] INFO: VALID_ID: 2585819
2023-06-30 16:37:54 [booklist] INFO: VALID_ID: 2585926
2023-06-30 16:37:54 [booklist] INFO: VALID_ID: 2585846
2023-06-30 16:37:54 [booklist] INFO: VALID_ID: 2585767
2023-06-30 16:37:54 [booklist] INFO: VALID_ID: 2585774
2023-06-30 16:37:54 [booklist] INFO: VALID_ID: 2585908
2023-06-30 16:37:54 [booklist] INFO: VALID_ID: 2585930
2023-06-30 16:37:54 [booklist] INFO: VALID_ID: 2585935
2023-06-30 16:37:54 [booklist] INFO: VALID_ID: 2585946
2023-06-30 16:37:54 [booklist] INFO: VALID_ID: 2609468
2023-06-30 16:37:54 [booklist] INFO: VALID_ID: 2585896
2023-06-30 16:37:54 [booklist] INFO: VALID_ID: 2585816
2023-06-30 16:37:54 [booklist] INFO: VALID_ID: 2585832
2023-06-30 16:37:54 [booklist] INFO: VALID_ID: 2585837
2023-06-30 16:37:54 [booklist] INFO: VALID_ID: 2609818
2023-06-30 16:37:54 [booklist] INFO: VALID_ID: 2585760
2023-06-30 16:37:54 [booklist] INFO: VALID_ID: 2585789
2023-06-30 16:37:54 [booklist] INFO: VALID_ID: 2585887
2023-06-30 16:37:54 [booklist] INFO: VALID_ID: 2585897
2023-06-30 16:37:54 [booklist] INFO: VALID_ID: 2585805
2023-06-30 16:37:54 [booklist] INFO: VALID_ID: 2585814
2023-06-30 16:37:54 [booklist] INFO: VALID_ID: 2585943
2023-06-30 16:37:54 [booklist] INFO: VALID_ID: 12865592
2023-06-30 16:37:54 [booklist] INFO: VALID_ID: 2585798
2023-06-30 16:37:54 [booklist] INFO: VALID_ID: 2585902
2023-06-30 16:37:54 [booklist] INFO: VALID_ID: 2585840
2023-06-30 16:37:54 [booklist] INFO: VALID_ID: 2585865
2023-06-30 16:37:54 [booklist] INFO: VALID_ID: 2585781
2023-06-30 16:37:54 [booklist] INFO: VALID_ID: 2585878
2023-06-30 16:37:54 [booklist] INFO: VALID_ID: 2585815
2023-06-30 16:37:54 [booklist] INFO: VALID_ID: 2585821
2023-06-30 16:37:54 [booklist] INFO: VALID_ID: 2585925
2023-06-30 16:37:54 [booklist] INFO: VALID_ID: 2585927
2023-06-30 16:37:54 [booklist] INFO: VALID_ID: 2585929
2023-06-30 16:37:54 [booklist] INFO: VALID_ID: 2585874
2023-06-30 16:37:54 [booklist] INFO: VALID_ID: 2585769
2023-06-30 16:37:54 [booklist] INFO: VALID_ID: 2585871
2023-06-30 16:37:54 [booklist] INFO: VALID_ID: 2585892
2023-06-30 16:37:54 [booklist] INFO: VALID_ID: 2585933
2023-06-30 16:37:54 [booklist] INFO: VALID_ID: 2585773
2023-06-30 16:37:54 [booklist] INFO: VALID_ID: 2585869
2023-06-30 16:37:54 [booklist] INFO: VALID_ID: 2585881
2023-06-30 16:37:54 [booklist] INFO: VALID_ID: 2585787
2023-06-30 16:37:54 [booklist] INFO: VALID_ID: 2585806
2023-06-30 16:37:54 [booklist] INFO: VALID_ID: 2585907
2023-06-30 16:37:54 [booklist] INFO: VALID_ID: 2585845
2023-06-30 16:37:54 [booklist] INFO: VALID_ID: 2585944
2023-06-30 16:37:54 [booklist] INFO: VALID_ID: 2585848
2023-06-30 16:37:54 [booklist] INFO: VALID_ID: 2607303
2023-06-30 16:37:54 [booklist] INFO: VALID_ID: 2585858
2023-06-30 16:37:54 [booklist] INFO: VALID_ID: 2585866
2023-06-30 16:37:54 [booklist] INFO: VALID_ID: 2585780
2023-06-30 16:37:54 [booklist] INFO: VALID_ID: 2585889
2023-06-30 16:37:54 [booklist] INFO: VALID_ID: 2585890
2023-06-30 16:37:54 [booklist] INFO: VALID_ID: 2585895
2023-06-30 16:37:54 [booklist] INFO: VALID_ID: 2585901
2023-06-30 16:37:54 [booklist] INFO: VALID_ID: 2585934
2023-06-30 16:37:54 [booklist] INFO: VALID_ID: 2605528
2023-06-30 16:37:54 [booklist] INFO: VALID_ID: 2607135
2023-06-30 16:37:54 [booklist] INFO: VALID_ID: 2585776
2023-06-30 16:37:54 [booklist] INFO: VALID_ID: 2585778
2023-06-30 16:37:54 [booklist] INFO: VALID_ID: 2585882
2023-06-30 16:37:54 [booklist] INFO: VALID_ID: 2585799
2023-06-30 16:37:54 [booklist] INFO: VALID_ID: 2585833
2023-06-30 16:37:54 [booklist] INFO: VALID_ID: 2585940
2023-06-30 16:37:54 [booklist] INFO: VALID_ID: 2585823
2023-06-30 16:37:54 [booklist] INFO: VALID_ID: 2585920
2023-06-30 16:37:54 [booklist] INFO: VALID_ID: 2585775
2023-06-30 16:37:54 [booklist] INFO: VALID_ID: 2585879
2023-06-30 16:37:54 [booklist] INFO: VALID_ID: 2585802
2023-06-30 16:37:54 [booklist] INFO: VALID_ID: 2585900
2023-06-30 16:37:54 [booklist] INFO: VALID_ID: 2585818
2023-06-30 16:37:54 [booklist] INFO: VALID_ID: 2585922
2023-06-30 16:37:54 [booklist] INFO: VALID_ID: 2585936
2023-06-30 16:37:54 [booklist] INFO: VALID_ID: 2585779
2023-06-30 16:37:54 [booklist] INFO: VALID_ID: 2585886
2023-06-30 16:37:54 [booklist] INFO: VALID_ID: 2585807
2023-06-30 16:37:54 [booklist] INFO: VALID_ID: 2585853
2023-06-30 16:37:54 [booklist] INFO: VALID_ID: 2585893
2023-06-30 16:37:54 [booklist] INFO: VALID_ID: 2585911
2023-06-30 16:37:54 [booklist] INFO: VALID_ID: 2585917
2023-06-30 16:37:54 [booklist] INFO: VALID_ID: 2585838
2023-06-30 16:37:54 [booklist] INFO: VALID_ID: 2610833
2023-06-30 16:37:54 [booklist] INFO: VALID_ID: 2585764
2023-06-30 16:37:54 [booklist] INFO: VALID_ID: 2585910
2023-06-30 16:37:54 [booklist] INFO: VALID_ID: 2585913
2023-06-30 16:37:54 [booklist] INFO: VALID_ID: 2585763
2023-06-30 16:37:54 [booklist] INFO: VALID_ID: 2585860
2023-06-30 16:37:54 [booklist] INFO: VALID_ID: 2585768
2023-06-30 16:37:54 [booklist] INFO: VALID_ID: 2585909
2023-06-30 16:37:54 [booklist] INFO: VALID_ID: 2585835
2023-06-30 16:37:54 [booklist] INFO: VALID_ID: 2585847
2023-06-30 16:37:54 [booklist] INFO: VALID_ID: 2585873
2023-06-30 16:37:54 [booklist] INFO: VALID_ID: 2585918
2023-06-30 16:37:54 [booklist] INFO: VALID_ID: 2585829
2023-06-30 16:37:54 [booklist] INFO: VALID_ID: 2585938
2023-06-30 16:37:54 [scrapy.core.engine] DEBUG: Crawled (200) <POST https://dl.ndl.go.jp/api/item/search> (referer: https://dl.ndl.go.jp/api/item/search)
2023-06-30 16:37:54 [booklist] INFO: Fetched page 4
2023-06-30 16:37:54 [booklist] INFO: VALID_ID: 2585844
2023-06-30 16:37:54 [booklist] INFO: VALID_ID: 2608873
2023-06-30 16:37:54 [booklist] INFO: VALID_ID: 2585767
2023-06-30 16:37:54 [booklist] INFO: VALID_ID: 2585774
2023-06-30 16:37:54 [booklist] INFO: VALID_ID: 2585908
2023-06-30 16:37:54 [booklist] INFO: VALID_ID: 2585930
2023-06-30 16:37:54 [booklist] INFO: VALID_ID: 2585935
2023-06-30 16:37:54 [booklist] INFO: VALID_ID: 2585946
2023-06-30 16:37:54 [booklist] INFO: VALID_ID: 2607884
2023-06-30 16:37:54 [booklist] INFO: VALID_ID: 2585863
2023-06-30 16:37:54 [booklist] INFO: VALID_ID: 2585772
2023-06-30 16:37:54 [booklist] INFO: VALID_ID: 2585784
2023-06-30 16:37:54 [booklist] INFO: VALID_ID: 2585812
2023-06-30 16:37:54 [booklist] INFO: VALID_ID: 2585916
2023-06-30 16:37:54 [booklist] INFO: VALID_ID: 2585831
2023-06-30 16:37:54 [booklist] INFO: VALID_ID: 2585942
2023-06-30 16:37:54 [booklist] INFO: VALID_ID: 2585759
2023-06-30 16:37:54 [booklist] INFO: VALID_ID: 2585762
2023-06-30 16:37:54 [booklist] INFO: VALID_ID: 2585794
2023-06-30 16:37:54 [booklist] INFO: VALID_ID: 2585905
2023-06-30 16:37:54 [booklist] INFO: VALID_ID: 2610833
2023-06-30 16:37:54 [booklist] INFO: VALID_ID: 1286449
2023-06-30 16:37:54 [booklist] INFO: VALID_ID: 2608047
2023-06-30 16:37:54 [booklist] INFO: VALID_ID: 2610785
2023-06-30 16:37:54 [booklist] INFO: VALID_ID: 2610537
2023-06-30 16:37:54 [booklist] INFO: VALID_ID: 2610288
2023-06-30 16:37:54 [booklist] INFO: VALID_ID: 2610707
2023-06-30 16:37:54 [booklist] INFO: VALID_ID: 11446377
2023-06-30 16:37:54 [booklist] INFO: VALID_ID: 11892789
2023-06-30 16:37:54 [booklist] INFO: VALID_ID: 11446659
2023-06-30 16:37:54 [booklist] INFO: VALID_ID: 2610012
2023-06-30 16:37:54 [booklist] INFO: VALID_ID: 12865782
2023-06-30 16:37:54 [booklist] INFO: VALID_ID: 1286350
2023-06-30 16:37:54 [booklist] INFO: VALID_ID: 2609910
2023-06-30 16:37:54 [booklist] INFO: VALID_ID: 2607426
2023-06-30 16:37:54 [booklist] INFO: VALID_ID: 2608748
2023-06-30 16:37:54 [booklist] INFO: VALID_ID: 2609629
2023-06-30 16:37:54 [booklist] INFO: VALID_ID: 2606130
2023-06-30 16:37:54 [booklist] INFO: VALID_ID: 1286550
2023-06-30 16:37:54 [booklist] INFO: VALID_ID: 9369960
2023-06-30 16:37:54 [booklist] INFO: VALID_ID: 2608195
2023-06-30 16:37:54 [booklist] INFO: VALID_ID: 1287200
2023-06-30 16:37:54 [booklist] INFO: VALID_ID: 12865370
2023-06-30 16:37:54 [booklist] INFO: VALID_ID: 2611035
2023-06-30 16:37:54 [booklist] INFO: VALID_ID: 2605758
2023-06-30 16:37:54 [booklist] INFO: VALID_ID: 2610801
2023-06-30 16:37:54 [booklist] INFO: VALID_ID: 2610138
2023-06-30 16:37:54 [booklist] INFO: VALID_ID: 2609783
2023-06-30 16:37:54 [scrapy.core.engine] DEBUG: Crawled (200) <POST https://dl.ndl.go.jp/api/item/search> (referer: https://dl.ndl.go.jp/api/item/search)
2023-06-30 16:37:55 [booklist] INFO: Fetched page 5
2023-06-30 16:37:55 [booklist] INFO: No more books on 5
2023-06-30 16:37:55 [scrapy.core.engine] INFO: Closing spider (finished)
2023-06-30 16:37:55 [scrapy.statscollectors] INFO: Dumping Scrapy stats:
{'downloader/request_bytes': 6910,
 'downloader/request_count': 6,
 'downloader/request_method_count/GET': 1,
 'downloader/request_method_count/POST': 5,
 'downloader/response_bytes': 1345227,
 'downloader/response_count': 6,
 'downloader/response_status_count/200': 6,
 'elapsed_time_seconds': 5.311462,
 'finish_reason': 'finished',
 'finish_time': datetime.datetime(2023, 6, 30, 8, 37, 55, 98973),
 'httpcompression/response_bytes': 14592227,
 'httpcompression/response_count': 5,
 'log_count/DEBUG': 9,
 'log_count/INFO': 364,
 'memusage/max': 63778816,
 'memusage/startup': 63778816,
 'request_depth_max': 4,
 'response_received_count': 6,
 'robotstxt/request_count': 1,
 'robotstxt/response_count': 1,
 'robotstxt/response_status_count/200': 1,
 'scheduler/dequeued': 5,
 'scheduler/dequeued/memory': 5,
 'scheduler/enqueued': 5,
 'scheduler/enqueued/memory': 5,
 'start_time': datetime.datetime(2023, 6, 30, 8, 37, 49, 787511)}
2023-06-30 16:37:55 [scrapy.core.engine] INFO: Spider closed (finished)
