2023-06-30 17:47:44 [scrapy.utils.log] INFO: Scrapy 2.9.0 started (bot: ndlcrawler)
2023-06-30 17:47:44 [scrapy.utils.log] INFO: Versions: lxml 4.9.2.0, libxml2 2.9.14, cssselect 1.2.0, parsel 1.8.1, w3lib 2.1.1, Twisted 22.10.0, Python 3.10.10 (main, Mar  5 2023, 22:26:53) [GCC 12.2.1 20230201], pyOpenSSL 23.2.0 (OpenSSL 3.1.1 30 May 2023), cryptography 41.0.1, Platform Linux-6.2.12-arch1-1-x86_64-with-glibc2.37
2023-06-30 17:47:44 [scrapy.crawler] INFO: Overridden settings:
{'BOT_NAME': 'ndlcrawler',
 'FEED_EXPORT_ENCODING': 'utf-8',
 'LOG_FILE': 'logs/booklist.title.成.DESC.log',
 'NEWSPIDER_MODULE': 'ndlcrawler.spiders',
 'REQUEST_FINGERPRINTER_IMPLEMENTATION': '2.7',
 'ROBOTSTXT_OBEY': True,
 'SPIDER_MODULES': ['ndlcrawler.spiders'],
 'TWISTED_REACTOR': 'twisted.internet.asyncioreactor.AsyncioSelectorReactor'}
2023-06-30 17:47:44 [asyncio] DEBUG: Using selector: EpollSelector
2023-06-30 17:47:44 [scrapy.utils.log] DEBUG: Using reactor: twisted.internet.asyncioreactor.AsyncioSelectorReactor
2023-06-30 17:47:44 [scrapy.utils.log] DEBUG: Using asyncio event loop: asyncio.unix_events._UnixSelectorEventLoop
2023-06-30 17:47:44 [scrapy.extensions.telnet] INFO: Telnet Password: 242c3faae8a8e8b1
2023-06-30 17:47:44 [scrapy.middleware] INFO: Enabled extensions:
['scrapy.extensions.corestats.CoreStats',
 'scrapy.extensions.telnet.TelnetConsole',
 'scrapy.extensions.memusage.MemoryUsage',
 'scrapy.extensions.logstats.LogStats']
2023-06-30 17:47:44 [scrapy.middleware] INFO: Enabled downloader middlewares:
['scrapy.downloadermiddlewares.robotstxt.RobotsTxtMiddleware',
 'scrapy.downloadermiddlewares.httpauth.HttpAuthMiddleware',
 'scrapy.downloadermiddlewares.downloadtimeout.DownloadTimeoutMiddleware',
 'scrapy.downloadermiddlewares.defaultheaders.DefaultHeadersMiddleware',
 'scrapy.downloadermiddlewares.useragent.UserAgentMiddleware',
 'scrapy.downloadermiddlewares.retry.RetryMiddleware',
 'scrapy.downloadermiddlewares.redirect.MetaRefreshMiddleware',
 'scrapy.downloadermiddlewares.httpcompression.HttpCompressionMiddleware',
 'scrapy.downloadermiddlewares.redirect.RedirectMiddleware',
 'scrapy.downloadermiddlewares.cookies.CookiesMiddleware',
 'scrapy.downloadermiddlewares.httpproxy.HttpProxyMiddleware',
 'scrapy.downloadermiddlewares.stats.DownloaderStats']
2023-06-30 17:47:44 [scrapy.middleware] INFO: Enabled spider middlewares:
['scrapy.spidermiddlewares.httperror.HttpErrorMiddleware',
 'scrapy.spidermiddlewares.offsite.OffsiteMiddleware',
 'scrapy.spidermiddlewares.referer.RefererMiddleware',
 'scrapy.spidermiddlewares.urllength.UrlLengthMiddleware',
 'scrapy.spidermiddlewares.depth.DepthMiddleware']
2023-06-30 17:47:44 [scrapy.middleware] INFO: Enabled item pipelines:
[]
2023-06-30 17:47:44 [scrapy.core.engine] INFO: Spider opened
2023-06-30 17:47:45 [scrapy.extensions.logstats] INFO: Crawled 0 pages (at 0 pages/min), scraped 0 items (at 0 items/min)
2023-06-30 17:47:45 [scrapy.extensions.telnet] INFO: Telnet console listening on 127.0.0.1:6024
2023-06-30 17:47:45 [scrapy.core.engine] DEBUG: Crawled (200) <GET https://dl.ndl.go.jp/robots.txt> (referer: None)
2023-06-30 17:47:46 [scrapy.core.engine] DEBUG: Crawled (200) <POST https://dl.ndl.go.jp/api/item/search> (referer: None)
2023-06-30 17:47:46 [booklist] INFO: Fetched page 1
2023-06-30 17:47:47 [booklist] INFO: VALID_ID: 2550086
2023-06-30 17:47:47 [booklist] INFO: VALID_ID: 2550106
2023-06-30 17:47:47 [booklist] INFO: VALID_ID: 2550026
2023-06-30 17:47:47 [booklist] INFO: VALID_ID: 2549967
2023-06-30 17:47:47 [booklist] INFO: VALID_ID: 2550056
2023-06-30 17:47:47 [booklist] INFO: VALID_ID: 2550010
2023-06-30 17:47:47 [booklist] INFO: VALID_ID: 2543327
2023-06-30 17:47:47 [booklist] INFO: VALID_ID: 2549936
2023-06-30 17:47:47 [booklist] INFO: VALID_ID: 2549983
2023-06-30 17:47:47 [booklist] INFO: VALID_ID: 2549958
2023-06-30 17:47:47 [booklist] INFO: VALID_ID: 2550052
2023-06-30 17:47:47 [booklist] INFO: VALID_ID: 2550053
2023-06-30 17:47:47 [booklist] INFO: VALID_ID: 2605475
2023-06-30 17:47:47 [booklist] INFO: VALID_ID: 2605706
2023-06-30 17:47:47 [booklist] INFO: VALID_ID: 2549974
2023-06-30 17:47:47 [booklist] INFO: VALID_ID: 2550029
2023-06-30 17:47:47 [booklist] INFO: VALID_ID: 2550030
2023-06-30 17:47:47 [booklist] INFO: VALID_ID: 2549982
2023-06-30 17:47:47 [booklist] INFO: VALID_ID: 2550060
2023-06-30 17:47:47 [booklist] INFO: VALID_ID: 2550076
2023-06-30 17:47:47 [booklist] INFO: VALID_ID: 2550120
2023-06-30 17:47:47 [booklist] INFO: VALID_ID: 2550023
2023-06-30 17:47:47 [booklist] INFO: VALID_ID: 2550034
2023-06-30 17:47:47 [booklist] INFO: VALID_ID: 2549984
2023-06-30 17:47:47 [booklist] INFO: VALID_ID: 2550073
2023-06-30 17:47:47 [booklist] INFO: VALID_ID: 2550083
2023-06-30 17:47:47 [booklist] INFO: VALID_ID: 2550103
2023-06-30 17:47:47 [booklist] INFO: VALID_ID: 2550104
2023-06-30 17:47:47 [booklist] INFO: VALID_ID: 2549973
2023-06-30 17:47:47 [booklist] INFO: VALID_ID: 2549968
2023-06-30 17:47:47 [booklist] INFO: VALID_ID: 2550006
2023-06-30 17:47:47 [booklist] INFO: VALID_ID: 2550019
2023-06-30 17:47:47 [booklist] INFO: VALID_ID: 2550078
2023-06-30 17:47:47 [booklist] INFO: VALID_ID: 2550092
2023-06-30 17:47:47 [booklist] INFO: VALID_ID: 2549941
2023-06-30 17:47:47 [booklist] INFO: VALID_ID: 2549942
2023-06-30 17:47:47 [booklist] INFO: VALID_ID: 2549985
2023-06-30 17:47:47 [booklist] INFO: VALID_ID: 2550047
2023-06-30 17:47:47 [booklist] INFO: VALID_ID: 2549998
2023-06-30 17:47:47 [booklist] INFO: VALID_ID: 2549937
2023-06-30 17:47:47 [booklist] INFO: VALID_ID: 2550024
2023-06-30 17:47:47 [booklist] INFO: VALID_ID: 2550025
2023-06-30 17:47:47 [booklist] INFO: VALID_ID: 2550038
2023-06-30 17:47:47 [booklist] INFO: VALID_ID: 2549991
2023-06-30 17:47:47 [booklist] INFO: VALID_ID: 2550002
2023-06-30 17:47:47 [booklist] INFO: VALID_ID: 2550055
2023-06-30 17:47:47 [booklist] INFO: VALID_ID: 2550008
2023-06-30 17:47:47 [booklist] INFO: VALID_ID: 2550075
2023-06-30 17:47:47 [booklist] INFO: VALID_ID: 2550115
2023-06-30 17:47:47 [booklist] INFO: VALID_ID: 2549939
2023-06-30 17:47:47 [booklist] INFO: VALID_ID: 2550050
2023-06-30 17:47:47 [booklist] INFO: VALID_ID: 2550054
2023-06-30 17:47:47 [booklist] INFO: VALID_ID: 2550090
2023-06-30 17:47:47 [booklist] INFO: VALID_ID: 2550118
2023-06-30 17:47:47 [booklist] INFO: VALID_ID: 2549979
2023-06-30 17:47:47 [booklist] INFO: VALID_ID: 2549988
2023-06-30 17:47:47 [booklist] INFO: VALID_ID: 2549964
2023-06-30 17:47:47 [booklist] INFO: VALID_ID: 2550063
2023-06-30 17:47:47 [booklist] INFO: VALID_ID: 2550016
2023-06-30 17:47:47 [booklist] INFO: VALID_ID: 2550071
2023-06-30 17:47:47 [booklist] INFO: VALID_ID: 2550105
2023-06-30 17:47:47 [booklist] INFO: VALID_ID: 2549970
2023-06-30 17:47:47 [booklist] INFO: VALID_ID: 2549980
2023-06-30 17:47:47 [booklist] INFO: VALID_ID: 2550044
2023-06-30 17:47:47 [booklist] INFO: VALID_ID: 2550018
2023-06-30 17:47:47 [booklist] INFO: VALID_ID: 2550094
2023-06-30 17:47:47 [booklist] INFO: VALID_ID: 2550102
2023-06-30 17:47:47 [booklist] INFO: VALID_ID: 2550107
2023-06-30 17:47:47 [booklist] INFO: VALID_ID: 2550113
2023-06-30 17:47:47 [booklist] INFO: VALID_ID: 2550128
2023-06-30 17:47:47 [booklist] INFO: VALID_ID: 2549951
2023-06-30 17:47:47 [booklist] INFO: VALID_ID: 2550051
2023-06-30 17:47:47 [booklist] INFO: VALID_ID: 2550021
2023-06-30 17:47:47 [booklist] INFO: VALID_ID: 2549972
2023-06-30 17:47:47 [booklist] INFO: VALID_ID: 2549952
2023-06-30 17:47:47 [booklist] INFO: VALID_ID: 2550039
2023-06-30 17:47:47 [booklist] INFO: VALID_ID: 2549993
2023-06-30 17:47:47 [booklist] INFO: VALID_ID: 2550046
2023-06-30 17:47:47 [booklist] INFO: VALID_ID: 2550082
2023-06-30 17:47:47 [booklist] INFO: VALID_ID: 2550093
2023-06-30 17:47:47 [booklist] INFO: VALID_ID: 2550099
2023-06-30 17:47:47 [booklist] INFO: VALID_ID: 2550100
2023-06-30 17:47:47 [booklist] INFO: VALID_ID: 2550109
2023-06-30 17:47:47 [booklist] INFO: VALID_ID: 2549947
2023-06-30 17:47:47 [booklist] INFO: VALID_ID: 2550096
2023-06-30 17:47:47 [booklist] INFO: VALID_ID: 2550123
2023-06-30 17:47:47 [booklist] INFO: VALID_ID: 2538669
2023-06-30 17:47:47 [booklist] INFO: VALID_ID: 2532306
2023-06-30 17:47:47 [booklist] INFO: VALID_ID: 2549948
2023-06-30 17:47:47 [booklist] INFO: VALID_ID: 2549950
2023-06-30 17:47:47 [booklist] INFO: VALID_ID: 2550059
2023-06-30 17:47:47 [booklist] INFO: VALID_ID: 2550064
2023-06-30 17:47:47 [booklist] INFO: VALID_ID: 2550089
2023-06-30 17:47:47 [booklist] INFO: VALID_ID: 2550121
2023-06-30 17:47:47 [booklist] INFO: VALID_ID: 2549943
2023-06-30 17:47:47 [booklist] INFO: VALID_ID: 2549945
2023-06-30 17:47:47 [booklist] INFO: VALID_ID: 2550009
2023-06-30 17:47:47 [booklist] INFO: VALID_ID: 2550066
2023-06-30 17:47:47 [booklist] INFO: VALID_ID: 2550088
2023-06-30 17:47:47 [booklist] INFO: VALID_ID: 2550114
2023-06-30 17:47:48 [scrapy.core.engine] DEBUG: Crawled (200) <POST https://dl.ndl.go.jp/api/item/search> (referer: https://dl.ndl.go.jp/api/item/search)
2023-06-30 17:47:48 [booklist] INFO: Fetched page 2
2023-06-30 17:47:49 [booklist] INFO: VALID_ID: 2550066
2023-06-30 17:47:49 [booklist] INFO: VALID_ID: 2550088
2023-06-30 17:47:49 [booklist] INFO: VALID_ID: 2550114
2023-06-30 17:47:49 [booklist] INFO: VALID_ID: 2550129
2023-06-30 17:47:49 [booklist] INFO: VALID_ID: 2559897
2023-06-30 17:47:49 [booklist] INFO: VALID_ID: 2605475
2023-06-30 17:47:49 [booklist] INFO: VALID_ID: 2605706
2023-06-30 17:47:49 [booklist] INFO: VALID_ID: 2549974
2023-06-30 17:47:49 [booklist] INFO: VALID_ID: 2550029
2023-06-30 17:47:49 [booklist] INFO: VALID_ID: 2550030
2023-06-30 17:47:49 [booklist] INFO: VALID_ID: 2549982
2023-06-30 17:47:49 [booklist] INFO: VALID_ID: 2550060
2023-06-30 17:47:49 [booklist] INFO: VALID_ID: 2550076
2023-06-30 17:47:49 [booklist] INFO: VALID_ID: 2550120
2023-06-30 17:47:49 [booklist] INFO: VALID_ID: 2549937
2023-06-30 17:47:49 [booklist] INFO: VALID_ID: 2550024
2023-06-30 17:47:49 [booklist] INFO: VALID_ID: 2550025
2023-06-30 17:47:49 [booklist] INFO: VALID_ID: 2550038
2023-06-30 17:47:49 [booklist] INFO: VALID_ID: 2549991
2023-06-30 17:47:49 [booklist] INFO: VALID_ID: 2550002
2023-06-30 17:47:49 [booklist] INFO: VALID_ID: 2550055
2023-06-30 17:47:49 [booklist] INFO: VALID_ID: 2550008
2023-06-30 17:47:49 [booklist] INFO: VALID_ID: 2550075
2023-06-30 17:47:49 [booklist] INFO: VALID_ID: 2550115
2023-06-30 17:47:49 [booklist] INFO: VALID_ID: 2549939
2023-06-30 17:47:49 [booklist] INFO: VALID_ID: 2550050
2023-06-30 17:47:49 [booklist] INFO: VALID_ID: 2550054
2023-06-30 17:47:49 [booklist] INFO: VALID_ID: 2550090
2023-06-30 17:47:49 [booklist] INFO: VALID_ID: 2550118
2023-06-30 17:47:49 [booklist] INFO: VALID_ID: 2549941
2023-06-30 17:47:49 [booklist] INFO: VALID_ID: 2549942
2023-06-30 17:47:49 [booklist] INFO: VALID_ID: 2549985
2023-06-30 17:47:49 [booklist] INFO: VALID_ID: 2550047
2023-06-30 17:47:49 [booklist] INFO: VALID_ID: 2549998
2023-06-30 17:47:49 [booklist] INFO: VALID_ID: 2559899
2023-06-30 17:47:49 [booklist] INFO: VALID_ID: 2549973
2023-06-30 17:47:49 [booklist] INFO: VALID_ID: 2549968
2023-06-30 17:47:49 [booklist] INFO: VALID_ID: 2550006
2023-06-30 17:47:49 [booklist] INFO: VALID_ID: 2550019
2023-06-30 17:47:49 [booklist] INFO: VALID_ID: 2550078
2023-06-30 17:47:49 [booklist] INFO: VALID_ID: 2550092
2023-06-30 17:47:49 [booklist] INFO: VALID_ID: 9892931
2023-06-30 17:47:49 [booklist] INFO: VALID_ID: 2549979
2023-06-30 17:47:49 [booklist] INFO: VALID_ID: 2549988
2023-06-30 17:47:49 [booklist] INFO: VALID_ID: 2549964
2023-06-30 17:47:49 [booklist] INFO: VALID_ID: 2550063
2023-06-30 17:47:49 [booklist] INFO: VALID_ID: 2550016
2023-06-30 17:47:49 [booklist] INFO: VALID_ID: 2550071
2023-06-30 17:47:49 [booklist] INFO: VALID_ID: 2550105
2023-06-30 17:47:49 [booklist] INFO: VALID_ID: 2609121
2023-06-30 17:47:49 [booklist] INFO: VALID_ID: 2610268
2023-06-30 17:47:49 [booklist] INFO: VALID_ID: 2538669
2023-06-30 17:47:49 [booklist] INFO: VALID_ID: 2550022
2023-06-30 17:47:49 [booklist] INFO: VALID_ID: 2550031
2023-06-30 17:47:49 [booklist] INFO: VALID_ID: 2550067
2023-06-30 17:47:49 [booklist] INFO: VALID_ID: 2550095
2023-06-30 17:47:49 [booklist] INFO: VALID_ID: 2550098
2023-06-30 17:47:49 [booklist] INFO: VALID_ID: 2550014
2023-06-30 17:47:49 [booklist] INFO: VALID_ID: 2550081
2023-06-30 17:47:49 [booklist] INFO: VALID_ID: 2550112
2023-06-30 17:47:49 [booklist] INFO: VALID_ID: 2549986
2023-06-30 17:47:49 [booklist] INFO: VALID_ID: 2549955
2023-06-30 17:47:49 [booklist] INFO: VALID_ID: 2549969
2023-06-30 17:47:49 [booklist] INFO: VALID_ID: 2550005
2023-06-30 17:47:49 [booklist] INFO: VALID_ID: 2550061
2023-06-30 17:47:49 [booklist] INFO: VALID_ID: 2550012
2023-06-30 17:47:49 [booklist] INFO: VALID_ID: 2550069
2023-06-30 17:47:49 [booklist] INFO: VALID_ID: 2550072
2023-06-30 17:47:49 [booklist] INFO: VALID_ID: 2550110
2023-06-30 17:47:49 [booklist] INFO: VALID_ID: 2550117
2023-06-30 17:47:49 [booklist] INFO: VALID_ID: 2550027
2023-06-30 17:47:49 [booklist] INFO: VALID_ID: 2549949
2023-06-30 17:47:49 [booklist] INFO: VALID_ID: 2550042
2023-06-30 17:47:49 [booklist] INFO: VALID_ID: 2550058
2023-06-30 17:47:49 [booklist] INFO: VALID_ID: 2550111
2023-06-30 17:47:49 [booklist] INFO: VALID_ID: 2535843
2023-06-30 17:47:49 [booklist] INFO: VALID_ID: 9893096
2023-06-30 17:47:49 [booklist] INFO: VALID_ID: 2602908
2023-06-30 17:47:49 [booklist] INFO: VALID_ID: 2537625
2023-06-30 17:47:49 [booklist] INFO: VALID_ID: 2534313
2023-06-30 17:47:49 [booklist] INFO: VALID_ID: 2546029
2023-06-30 17:47:49 [booklist] INFO: VALID_ID: 2602905
2023-06-30 17:47:49 [booklist] INFO: VALID_ID: 2602906
2023-06-30 17:47:49 [booklist] INFO: VALID_ID: 2602907
2023-06-30 17:47:49 [booklist] INFO: VALID_ID: 2546032
2023-06-30 17:47:49 [booklist] INFO: VALID_ID: 2557087
2023-06-30 17:47:49 [booklist] INFO: VALID_ID: 2546036
2023-06-30 17:47:49 [booklist] INFO: VALID_ID: 2557084
2023-06-30 17:47:49 [booklist] INFO: VALID_ID: 2557085
2023-06-30 17:47:49 [booklist] INFO: VALID_ID: 2557083
2023-06-30 17:47:49 [booklist] INFO: VALID_ID: 2532175
2023-06-30 17:47:49 [booklist] INFO: VALID_ID: 2557080
2023-06-30 17:47:49 [booklist] INFO: VALID_ID: 2533404
2023-06-30 17:47:49 [booklist] INFO: VALID_ID: 2605809
2023-06-30 17:47:49 [booklist] INFO: VALID_ID: 2546033
2023-06-30 17:47:49 [booklist] INFO: VALID_ID: 2557081
2023-06-30 17:47:49 [booklist] INFO: VALID_ID: 2557082
2023-06-30 17:47:49 [booklist] INFO: VALID_ID: 2557086
2023-06-30 17:47:49 [booklist] INFO: VALID_ID: 2546022
2023-06-30 17:47:49 [booklist] INFO: VALID_ID: 2537879
2023-06-30 17:47:49 [scrapy.core.engine] DEBUG: Crawled (200) <POST https://dl.ndl.go.jp/api/item/search> (referer: https://dl.ndl.go.jp/api/item/search)
2023-06-30 17:47:50 [booklist] INFO: Fetched page 3
2023-06-30 17:47:50 [booklist] INFO: VALID_ID: 2609128
2023-06-30 17:47:50 [booklist] INFO: VALID_ID: 2546022
2023-06-30 17:47:50 [booklist] INFO: VALID_ID: 2546036
2023-06-30 17:47:50 [booklist] INFO: VALID_ID: 2564981
2023-06-30 17:47:50 [booklist] INFO: VALID_ID: 2546028
2023-06-30 17:47:50 [booklist] INFO: VALID_ID: 2546030
2023-06-30 17:47:50 [booklist] INFO: VALID_ID: 2564921
2023-06-30 17:47:50 [booklist] INFO: VALID_ID: 2546013
2023-06-30 17:47:50 [booklist] INFO: VALID_ID: 9892596
2023-06-30 17:47:50 [booklist] INFO: VALID_ID: 2607861
2023-06-30 17:47:50 [booklist] INFO: VALID_ID: 9892961
2023-06-30 17:47:50 [booklist] INFO: VALID_ID: 2564922
2023-06-30 17:47:50 [booklist] INFO: VALID_ID: 2546031
2023-06-30 17:47:50 [booklist] INFO: VALID_ID: 2564982
2023-06-30 17:47:50 [booklist] INFO: VALID_ID: 2564983
2023-06-30 17:47:50 [booklist] INFO: VALID_ID: 2567737
2023-06-30 17:47:50 [booklist] INFO: VALID_ID: 2607414
2023-06-30 17:47:50 [booklist] INFO: VALID_ID: 2546021
2023-06-30 17:47:50 [booklist] INFO: VALID_ID: 2546015
2023-06-30 17:47:50 [booklist] INFO: VALID_ID: 2546019
2023-06-30 17:47:50 [booklist] INFO: VALID_ID: 2567736
2023-06-30 17:47:50 [booklist] INFO: VALID_ID: 2546037
2023-06-30 17:47:50 [booklist] INFO: VALID_ID: 2567741
2023-06-30 17:47:50 [booklist] INFO: VALID_ID: 2567735
2023-06-30 17:47:50 [booklist] INFO: VALID_ID: 2567742
2023-06-30 17:47:50 [booklist] INFO: VALID_ID: 2567740
2023-06-30 17:47:50 [booklist] INFO: VALID_ID: 2546014
2023-06-30 17:47:50 [booklist] INFO: VALID_ID: 2546016
2023-06-30 17:47:50 [booklist] INFO: VALID_ID: 2546034
2023-06-30 17:47:50 [booklist] INFO: VALID_ID: 2564920
2023-06-30 17:47:50 [booklist] INFO: VALID_ID: 2605738
2023-06-30 17:47:50 [booklist] INFO: VALID_ID: 2546017
2023-06-30 17:47:50 [booklist] INFO: VALID_ID: 2546024
2023-06-30 17:47:50 [booklist] INFO: VALID_ID: 2567744
2023-06-30 17:47:50 [booklist] INFO: VALID_ID: 2567745
2023-06-30 17:47:50 [booklist] INFO: VALID_ID: 2567746
2023-06-30 17:47:50 [booklist] INFO: VALID_ID: 2546026
2023-06-30 17:47:50 [booklist] INFO: VALID_ID: 2546038
2023-06-30 17:47:50 [booklist] INFO: VALID_ID: 2567739
2023-06-30 17:47:50 [booklist] INFO: VALID_ID: 2567738
2023-06-30 17:47:50 [booklist] INFO: VALID_ID: 2567743
2023-06-30 17:47:50 [booklist] INFO: VALID_ID: 2546010
2023-06-30 17:47:50 [booklist] INFO: VALID_ID: 2546025
2023-06-30 17:47:50 [booklist] INFO: VALID_ID: 2540619
2023-06-30 17:47:50 [booklist] INFO: VALID_ID: 2557114
2023-06-30 17:47:50 [booklist] INFO: VALID_ID: 2557115
2023-06-30 17:47:50 [booklist] INFO: VALID_ID: 2606062
2023-06-30 17:47:50 [booklist] INFO: VALID_ID: 2557113
2023-06-30 17:47:50 [booklist] INFO: VALID_ID: 2557121
2023-06-30 17:47:50 [booklist] INFO: VALID_ID: 2557120
2023-06-30 17:47:50 [booklist] INFO: VALID_ID: 2557112
2023-06-30 17:47:50 [booklist] INFO: VALID_ID: 2557116
2023-06-30 17:47:50 [booklist] INFO: VALID_ID: 2557117
2023-06-30 17:47:50 [booklist] INFO: VALID_ID: 2557119
2023-06-30 17:47:50 [booklist] INFO: VALID_ID: 2583428
2023-06-30 17:47:50 [booklist] INFO: VALID_ID: 2610405
2023-06-30 17:47:50 [booklist] INFO: VALID_ID: 2557118
2023-06-30 17:47:50 [booklist] INFO: VALID_ID: 2583426
2023-06-30 17:47:50 [booklist] INFO: VALID_ID: 2546009
2023-06-30 17:47:50 [booklist] INFO: VALID_ID: 2546012
2023-06-30 17:47:50 [booklist] INFO: VALID_ID: 2546020
2023-06-30 17:47:50 [booklist] INFO: VALID_ID: 2546023
2023-06-30 17:47:50 [booklist] INFO: VALID_ID: 2559224
2023-06-30 17:47:50 [booklist] INFO: VALID_ID: 2583425
2023-06-30 17:47:50 [booklist] INFO: VALID_ID: 2583427
2023-06-30 17:47:50 [booklist] INFO: VALID_ID: 2583429
2023-06-30 17:47:50 [booklist] INFO: VALID_ID: 2546011
2023-06-30 17:47:50 [booklist] INFO: VALID_ID: 2546035
2023-06-30 17:47:50 [booklist] INFO: VALID_ID: 2605890
2023-06-30 17:47:50 [booklist] INFO: VALID_ID: 2556823
2023-06-30 17:47:50 [booklist] INFO: VALID_ID: 8369265
2023-06-30 17:47:50 [booklist] INFO: VALID_ID: 2556825
2023-06-30 17:47:50 [booklist] INFO: VALID_ID: 2556824
2023-06-30 17:47:50 [booklist] INFO: VALID_ID: 2559219
2023-06-30 17:47:50 [booklist] INFO: VALID_ID: 1303191
2023-06-30 17:47:50 [booklist] INFO: VALID_ID: 1303195
2023-06-30 17:47:50 [booklist] INFO: VALID_ID: 1303192
2023-06-30 17:47:50 [booklist] INFO: VALID_ID: 1303190
2023-06-30 17:47:50 [booklist] INFO: VALID_ID: 1303196
2023-06-30 17:47:50 [booklist] INFO: VALID_ID: 1303194
2023-06-30 17:47:50 [booklist] INFO: VALID_ID: 1303193
2023-06-30 17:47:50 [booklist] INFO: VALID_ID: 2532356
2023-06-30 17:47:50 [booklist] INFO: VALID_ID: 2608598
2023-06-30 17:47:50 [booklist] INFO: VALID_ID: 9893137
2023-06-30 17:47:50 [booklist] INFO: VALID_ID: 9892797
2023-06-30 17:47:50 [booklist] INFO: VALID_ID: 9977380
2023-06-30 17:47:50 [booklist] INFO: VALID_ID: 2542465
2023-06-30 17:47:50 [booklist] INFO: VALID_ID: 2533159
2023-06-30 17:47:50 [booklist] INFO: VALID_ID: 2599445
2023-06-30 17:47:50 [booklist] INFO: VALID_ID: 2609930
2023-06-30 17:47:50 [booklist] INFO: VALID_ID: 2599442
2023-06-30 17:47:50 [booklist] INFO: VALID_ID: 2599444
2023-06-30 17:47:50 [booklist] INFO: VALID_ID: 2599446
2023-06-30 17:47:50 [booklist] INFO: VALID_ID: 2543232
2023-06-30 17:47:50 [booklist] INFO: VALID_ID: 2556695
2023-06-30 17:47:50 [booklist] INFO: VALID_ID: 2556699
2023-06-30 17:47:50 [booklist] INFO: VALID_ID: 2599443
2023-06-30 17:47:50 [booklist] INFO: VALID_ID: 2556700
2023-06-30 17:47:50 [booklist] INFO: VALID_ID: 2556696
2023-06-30 17:47:50 [booklist] INFO: VALID_ID: 2556697
2023-06-30 17:47:51 [scrapy.core.engine] DEBUG: Crawled (200) <POST https://dl.ndl.go.jp/api/item/search> (referer: https://dl.ndl.go.jp/api/item/search)
2023-06-30 17:47:51 [booklist] INFO: Fetched page 4
2023-06-30 17:47:51 [booklist] INFO: VALID_ID: 2605590
2023-06-30 17:47:51 [booklist] INFO: VALID_ID: 2556696
2023-06-30 17:47:51 [booklist] INFO: VALID_ID: 2556698
2023-06-30 17:47:51 [booklist] INFO: VALID_ID: 2567755
2023-06-30 17:47:51 [booklist] INFO: VALID_ID: 2567751
2023-06-30 17:47:51 [booklist] INFO: VALID_ID: 2567753
2023-06-30 17:47:51 [booklist] INFO: VALID_ID: 2607407
2023-06-30 17:47:51 [booklist] INFO: VALID_ID: 2567754
2023-06-30 17:47:51 [booklist] INFO: VALID_ID: 2567750
2023-06-30 17:47:51 [booklist] INFO: VALID_ID: 2567757
2023-06-30 17:47:51 [booklist] INFO: VALID_ID: 2541764
2023-06-30 17:47:51 [booklist] INFO: VALID_ID: 2541600
2023-06-30 17:47:51 [booklist] INFO: VALID_ID: 1287636
2023-06-30 17:47:51 [booklist] INFO: VALID_ID: 2567752
2023-06-30 17:47:51 [booklist] INFO: VALID_ID: 2567749
2023-06-30 17:47:51 [booklist] INFO: VALID_ID: 2567756
2023-06-30 17:47:51 [booklist] INFO: VALID_ID: 11446228
2023-06-30 17:47:51 [booklist] INFO: VALID_ID: 11446230
2023-06-30 17:47:51 [booklist] INFO: VALID_ID: 11446685
2023-06-30 17:47:51 [booklist] INFO: VALID_ID: 11446229
2023-06-30 17:47:51 [booklist] INFO: VALID_ID: 1287619
2023-06-30 17:47:51 [booklist] INFO: VALID_ID: 2543233
2023-06-30 17:47:51 [booklist] INFO: VALID_ID: 2543235
2023-06-30 17:47:51 [booklist] INFO: VALID_ID: 2548311
2023-06-30 17:47:51 [booklist] INFO: VALID_ID: 2548307
2023-06-30 17:47:51 [booklist] INFO: VALID_ID: 2548310
2023-06-30 17:47:51 [booklist] INFO: VALID_ID: 2548306
2023-06-30 17:47:51 [booklist] INFO: VALID_ID: 2610047
2023-06-30 17:47:51 [booklist] INFO: VALID_ID: 2548303
2023-06-30 17:47:51 [booklist] INFO: VALID_ID: 2548309
2023-06-30 17:47:51 [booklist] INFO: VALID_ID: 2548320
2023-06-30 17:47:51 [booklist] INFO: VALID_ID: 2548312
2023-06-30 17:47:51 [booklist] INFO: VALID_ID: 2548316
2023-06-30 17:47:51 [booklist] INFO: VALID_ID: 2548318
2023-06-30 17:47:51 [booklist] INFO: VALID_ID: 2548308
2023-06-30 17:47:51 [booklist] INFO: VALID_ID: 2548315
2023-06-30 17:47:51 [booklist] INFO: VALID_ID: 2548317
2023-06-30 17:47:51 [booklist] INFO: VALID_ID: 2605958
2023-06-30 17:47:51 [booklist] INFO: VALID_ID: 2548304
2023-06-30 17:47:51 [booklist] INFO: VALID_ID: 2548314
2023-06-30 17:47:51 [booklist] INFO: VALID_ID: 2539467
2023-06-30 17:47:51 [booklist] INFO: VALID_ID: 2548313
2023-06-30 17:47:51 [booklist] INFO: VALID_ID: 2548319
2023-06-30 17:47:51 [booklist] INFO: VALID_ID: 2548305
2023-06-30 17:47:51 [booklist] INFO: VALID_ID: 1287710
2023-06-30 17:47:51 [booklist] INFO: VALID_ID: 2569346
2023-06-30 17:47:51 [booklist] INFO: VALID_ID: 2569349
2023-06-30 17:47:51 [booklist] INFO: VALID_ID: 2569340
2023-06-30 17:47:51 [booklist] INFO: VALID_ID: 2574271
2023-06-30 17:47:51 [booklist] INFO: VALID_ID: 2609084
2023-06-30 17:47:51 [booklist] INFO: VALID_ID: 2569343
2023-06-30 17:47:51 [booklist] INFO: VALID_ID: 2569341
2023-06-30 17:47:51 [booklist] INFO: VALID_ID: 9369170
2023-06-30 17:47:51 [booklist] INFO: VALID_ID: 11446235
2023-06-30 17:47:51 [booklist] INFO: VALID_ID: 11446237
2023-06-30 17:47:51 [booklist] INFO: VALID_ID: 2557329
2023-06-30 17:47:51 [booklist] INFO: VALID_ID: 2574272
2023-06-30 17:47:51 [booklist] INFO: VALID_ID: 11446234
2023-06-30 17:47:51 [booklist] INFO: VALID_ID: 2569344
2023-06-30 17:47:51 [booklist] INFO: VALID_ID: 11446661
2023-06-30 17:47:51 [booklist] INFO: VALID_ID: 11446238
2023-06-30 17:47:51 [booklist] INFO: VALID_ID: 2569342
2023-06-30 17:47:51 [booklist] INFO: VALID_ID: 2569347
2023-06-30 17:47:51 [booklist] INFO: VALID_ID: 2569350
2023-06-30 17:47:51 [booklist] INFO: VALID_ID: 11446236
2023-06-30 17:47:51 [booklist] INFO: VALID_ID: 2557328
2023-06-30 17:47:51 [booklist] INFO: VALID_ID: 2557330
2023-06-30 17:47:51 [booklist] INFO: VALID_ID: 2569345
2023-06-30 17:47:51 [booklist] INFO: VALID_ID: 2569348
2023-06-30 17:47:51 [booklist] INFO: VALID_ID: 2606707
2023-06-30 17:47:51 [booklist] INFO: VALID_ID: 11446231
2023-06-30 17:47:51 [booklist] INFO: VALID_ID: 2569353
2023-06-30 17:47:51 [booklist] INFO: VALID_ID: 2535792
2023-06-30 17:47:51 [booklist] INFO: VALID_ID: 2606939
2023-06-30 17:47:51 [booklist] INFO: VALID_ID: 2557327
2023-06-30 17:47:51 [booklist] INFO: VALID_ID: 2547159
2023-06-30 17:47:51 [booklist] INFO: VALID_ID: 2532087
2023-06-30 17:47:51 [booklist] INFO: VALID_ID: 1286898
2023-06-30 17:47:51 [booklist] INFO: VALID_ID: 2547110
2023-06-30 17:47:51 [booklist] INFO: VALID_ID: 11446233
2023-06-30 17:47:51 [booklist] INFO: VALID_ID: 2569352
2023-06-30 17:47:51 [booklist] INFO: VALID_ID: 2605337
2023-06-30 17:47:51 [booklist] INFO: VALID_ID: 2547192
2023-06-30 17:47:51 [booklist] INFO: VALID_ID: 2547102
2023-06-30 17:47:51 [booklist] INFO: VALID_ID: 1303129
2023-06-30 17:47:51 [booklist] INFO: VALID_ID: 2546932
2023-06-30 17:47:51 [booklist] INFO: VALID_ID: 2547103
2023-06-30 17:47:51 [booklist] INFO: VALID_ID: 2533517
2023-06-30 17:47:51 [booklist] INFO: VALID_ID: 2547108
2023-06-30 17:47:51 [booklist] INFO: VALID_ID: 2547198
2023-06-30 17:47:51 [booklist] INFO: VALID_ID: 1286897
2023-06-30 17:47:51 [booklist] INFO: VALID_ID: 2557326
2023-06-30 17:47:51 [booklist] INFO: VALID_ID: 2587878
2023-06-30 17:47:51 [booklist] INFO: VALID_ID: 2565320
2023-06-30 17:47:51 [booklist] INFO: VALID_ID: 2608037
2023-06-30 17:47:51 [booklist] INFO: VALID_ID: 2565321
2023-06-30 17:47:51 [booklist] INFO: VALID_ID: 2547105
2023-06-30 17:47:51 [booklist] INFO: VALID_ID: 2557331
2023-06-30 17:47:51 [booklist] INFO: VALID_ID: 2587879
2023-06-30 17:47:51 [booklist] INFO: VALID_ID: 2547164
2023-06-30 17:47:52 [scrapy.core.engine] DEBUG: Crawled (200) <POST https://dl.ndl.go.jp/api/item/search> (referer: https://dl.ndl.go.jp/api/item/search)
2023-06-30 17:47:52 [booklist] INFO: Fetched page 5
2023-06-30 17:47:53 [booklist] INFO: VALID_ID: 2547163
2023-06-30 17:47:53 [booklist] INFO: VALID_ID: 2565320
2023-06-30 17:47:53 [booklist] INFO: VALID_ID: 2587878
2023-06-30 17:47:53 [booklist] INFO: VALID_ID: 2606788
2023-06-30 17:47:53 [booklist] INFO: VALID_ID: 2609547
2023-06-30 17:47:53 [booklist] INFO: VALID_ID: 2532906
2023-06-30 17:47:53 [booklist] INFO: VALID_ID: 2547161
2023-06-30 17:47:53 [booklist] INFO: VALID_ID: 2565323
2023-06-30 17:47:53 [booklist] INFO: VALID_ID: 2547106
2023-06-30 17:47:53 [booklist] INFO: VALID_ID: 2557331
2023-06-30 17:47:53 [booklist] INFO: VALID_ID: 2587879
2023-06-30 17:47:53 [booklist] INFO: VALID_ID: 2547164
2023-06-30 17:47:53 [booklist] INFO: VALID_ID: 2606461
2023-06-30 17:47:53 [booklist] INFO: VALID_ID: 2547160
2023-06-30 17:47:53 [booklist] INFO: VALID_ID: 2546931
2023-06-30 17:47:53 [booklist] INFO: VALID_ID: 1288250
2023-06-30 17:47:53 [booklist] INFO: VALID_ID: 2547102
2023-06-30 17:47:53 [booklist] INFO: VALID_ID: 1303129
2023-06-30 17:47:53 [booklist] INFO: VALID_ID: 2546932
2023-06-30 17:47:53 [booklist] INFO: VALID_ID: 2547103
2023-06-30 17:47:53 [booklist] INFO: VALID_ID: 2547107
2023-06-30 17:47:53 [booklist] INFO: VALID_ID: 2547173
2023-06-30 17:47:53 [booklist] INFO: VALID_ID: 2547104
2023-06-30 17:47:53 [booklist] INFO: VALID_ID: 1288245
2023-06-30 17:47:53 [booklist] INFO: VALID_ID: 2547196
2023-06-30 17:47:53 [booklist] INFO: VALID_ID: 2547194
2023-06-30 17:47:53 [booklist] INFO: VALID_ID: 1286897
2023-06-30 17:47:53 [booklist] INFO: VALID_ID: 2547105
2023-06-30 17:47:53 [booklist] INFO: VALID_ID: 11446232
2023-06-30 17:47:53 [booklist] INFO: VALID_ID: 2569351
2023-06-30 17:47:53 [booklist] INFO: VALID_ID: 2547193
2023-06-30 17:47:53 [booklist] INFO: VALID_ID: 11446233
2023-06-30 17:47:53 [booklist] INFO: VALID_ID: 2569352
2023-06-30 17:47:53 [booklist] INFO: VALID_ID: 2606088
2023-06-30 17:47:53 [booklist] INFO: VALID_ID: 2547111
2023-06-30 17:47:53 [booklist] INFO: VALID_ID: 2547199
2023-06-30 17:47:53 [booklist] INFO: VALID_ID: 1288247
2023-06-30 17:47:53 [booklist] INFO: VALID_ID: 1288251
2023-06-30 17:47:53 [booklist] INFO: VALID_ID: 2547195
2023-06-30 17:47:53 [booklist] INFO: VALID_ID: 2547101
2023-06-30 17:47:53 [booklist] INFO: VALID_ID: 1286896
2023-06-30 17:47:53 [booklist] INFO: VALID_ID: 2606795
2023-06-30 17:47:53 [booklist] INFO: VALID_ID: 2547165
2023-06-30 17:47:53 [booklist] INFO: VALID_ID: 1288249
2023-06-30 17:47:53 [booklist] INFO: VALID_ID: 1288248
2023-06-30 17:47:53 [booklist] INFO: VALID_ID: 2607046
2023-06-30 17:47:53 [booklist] INFO: VALID_ID: 2547162
2023-06-30 17:47:53 [booklist] INFO: VALID_ID: 2537205
2023-06-30 17:47:53 [booklist] INFO: VALID_ID: 2546933
2023-06-30 17:47:53 [booklist] INFO: VALID_ID: 2542581
2023-06-30 17:47:53 [booklist] INFO: VALID_ID: 9892850
2023-06-30 17:47:53 [booklist] INFO: VALID_ID: 2552240
2023-06-30 17:47:53 [booklist] INFO: VALID_ID: 2541239
2023-06-30 17:47:53 [booklist] INFO: VALID_ID: 2552237
2023-06-30 17:47:53 [booklist] INFO: VALID_ID: 1311357
2023-06-30 17:47:53 [booklist] INFO: VALID_ID: 2552239
2023-06-30 17:47:53 [booklist] INFO: VALID_ID: 11891723
2023-06-30 17:47:53 [booklist] INFO: VALID_ID: 2552238
2023-06-30 17:47:53 [booklist] INFO: VALID_ID: 1309308
2023-06-30 17:47:53 [booklist] INFO: VALID_ID: 12865556
2023-06-30 17:47:53 [booklist] INFO: VALID_ID: 2605469
2023-06-30 17:47:53 [booklist] INFO: VALID_ID: 1287767
2023-06-30 17:47:53 [booklist] INFO: VALID_ID: 2599449
2023-06-30 17:47:53 [booklist] INFO: VALID_ID: 2547181
2023-06-30 17:47:53 [booklist] INFO: VALID_ID: 2571267
2023-06-30 17:47:53 [booklist] INFO: VALID_ID: 2606315
2023-06-30 17:47:53 [booklist] INFO: VALID_ID: 2606443
2023-06-30 17:47:53 [booklist] INFO: VALID_ID: 2547124
2023-06-30 17:47:53 [booklist] INFO: VALID_ID: 2547126
2023-06-30 17:47:53 [booklist] INFO: VALID_ID: 2563750
2023-06-30 17:47:53 [booklist] INFO: VALID_ID: 2547202
2023-06-30 17:47:53 [booklist] INFO: VALID_ID: 2547127
2023-06-30 17:47:53 [booklist] INFO: VALID_ID: 2547190
2023-06-30 17:47:53 [booklist] INFO: VALID_ID: 2605964
2023-06-30 17:47:53 [booklist] INFO: VALID_ID: 2540987
2023-06-30 17:47:53 [booklist] INFO: VALID_ID: 2547204
2023-06-30 17:47:53 [booklist] INFO: VALID_ID: 2542171
2023-06-30 17:47:53 [booklist] INFO: VALID_ID: 2547153
2023-06-30 17:47:53 [booklist] INFO: VALID_ID: 2547094
2023-06-30 17:47:53 [booklist] INFO: VALID_ID: 2606956
2023-06-30 17:47:53 [booklist] INFO: VALID_ID: 2609836
2023-06-30 17:47:53 [booklist] INFO: VALID_ID: 2547152
2023-06-30 17:47:53 [booklist] INFO: VALID_ID: 2547096
2023-06-30 17:47:53 [booklist] INFO: VALID_ID: 2547123
2023-06-30 17:47:53 [booklist] INFO: VALID_ID: 2547095
2023-06-30 17:47:53 [booklist] INFO: VALID_ID: 2607678
2023-06-30 17:47:53 [booklist] INFO: VALID_ID: 2608912
2023-06-30 17:47:53 [booklist] INFO: VALID_ID: 1303130
2023-06-30 17:47:53 [booklist] INFO: VALID_ID: 2599454
2023-06-30 17:47:53 [booklist] INFO: VALID_ID: 2571304
2023-06-30 17:47:53 [booklist] INFO: VALID_ID: 2547185
2023-06-30 17:47:53 [booklist] INFO: VALID_ID: 2547156
2023-06-30 17:47:53 [booklist] INFO: VALID_ID: 2547188
2023-06-30 17:47:53 [booklist] INFO: VALID_ID: 2563752
2023-06-30 17:47:53 [booklist] INFO: VALID_ID: 2547186
2023-06-30 17:47:53 [booklist] INFO: VALID_ID: 2547097
2023-06-30 17:47:53 [booklist] INFO: VALID_ID: 2571268
2023-06-30 17:47:53 [booklist] INFO: VALID_ID: 2546983
2023-06-30 17:47:53 [booklist] INFO: VALID_ID: 2547189
2023-06-30 17:47:53 [booklist] INFO: VALID_ID: 2563748
2023-06-30 17:47:54 [scrapy.core.engine] DEBUG: Crawled (200) <POST https://dl.ndl.go.jp/api/item/search> (referer: https://dl.ndl.go.jp/api/item/search)
2023-06-30 17:47:54 [booklist] INFO: Fetched page 6
2023-06-30 17:47:54 [booklist] INFO: VALID_ID: 2563751
2023-06-30 17:47:54 [booklist] INFO: VALID_ID: 2571305
2023-06-30 17:47:54 [booklist] INFO: VALID_ID: 2571301
2023-06-30 17:47:54 [booklist] INFO: VALID_ID: 2547205
2023-06-30 17:47:54 [booklist] INFO: VALID_ID: 2547158
2023-06-30 17:47:54 [booklist] INFO: VALID_ID: 2547125
2023-06-30 17:47:54 [booklist] INFO: VALID_ID: 2547155
2023-06-30 17:47:54 [booklist] INFO: VALID_ID: 2563753
2023-06-30 17:47:54 [booklist] INFO: VALID_ID: 2571300
2023-06-30 17:47:54 [booklist] INFO: VALID_ID: 2571266
2023-06-30 17:47:54 [booklist] INFO: VALID_ID: 1307761
2023-06-30 17:47:54 [booklist] INFO: VALID_ID: 2559222
2023-06-30 17:47:54 [booklist] INFO: VALID_ID: 2559226
2023-06-30 17:47:54 [booklist] INFO: VALID_ID: 2599453
2023-06-30 17:47:54 [booklist] INFO: VALID_ID: 2571302
2023-06-30 17:47:54 [booklist] INFO: VALID_ID: 2546986
2023-06-30 17:47:54 [booklist] INFO: VALID_ID: 1310854
2023-06-30 17:47:54 [booklist] INFO: VALID_ID: 2547182
2023-06-30 17:47:54 [booklist] INFO: VALID_ID: 1309293
2023-06-30 17:47:54 [booklist] INFO: VALID_ID: 2599450
2023-06-30 17:47:54 [booklist] INFO: VALID_ID: 2605774
2023-06-30 17:47:54 [booklist] INFO: VALID_ID: 2571264
2023-06-30 17:47:54 [booklist] INFO: VALID_ID: 2563749
2023-06-30 17:47:54 [booklist] INFO: VALID_ID: 2599451
2023-06-30 17:47:54 [booklist] INFO: VALID_ID: 2571303
2023-06-30 17:47:54 [booklist] INFO: VALID_ID: 2547200
2023-06-30 17:47:54 [booklist] INFO: VALID_ID: 2547122
2023-06-30 17:47:54 [booklist] INFO: VALID_ID: 2546981
2023-06-30 17:47:54 [booklist] INFO: VALID_ID: 2547179
2023-06-30 17:47:54 [booklist] INFO: VALID_ID: 2547154
2023-06-30 17:47:54 [booklist] INFO: VALID_ID: 2547100
2023-06-30 17:47:54 [booklist] INFO: VALID_ID: 2608696
2023-06-30 17:47:54 [booklist] INFO: VALID_ID: 2547201
2023-06-30 17:47:54 [booklist] INFO: VALID_ID: 2547180
2023-06-30 17:47:54 [booklist] INFO: VALID_ID: 2547187
2023-06-30 17:47:54 [booklist] INFO: VALID_ID: 2547183
2023-06-30 17:47:54 [booklist] INFO: VALID_ID: 2546982
2023-06-30 17:47:54 [booklist] INFO: VALID_ID: 2571265
2023-06-30 17:47:54 [booklist] INFO: VALID_ID: 2547203
2023-06-30 17:47:54 [booklist] INFO: VALID_ID: 2546985
2023-06-30 17:47:54 [booklist] INFO: VALID_ID: 2563747
2023-06-30 17:47:54 [booklist] INFO: VALID_ID: 2599452
2023-06-30 17:47:54 [booklist] INFO: VALID_ID: 2605779
2023-06-30 17:47:54 [booklist] INFO: VALID_ID: 2546984
2023-06-30 17:47:54 [booklist] INFO: VALID_ID: 2559220
2023-06-30 17:47:54 [booklist] INFO: VALID_ID: 2605452
2023-06-30 17:47:54 [booklist] INFO: VALID_ID: 2610563
2023-06-30 17:47:54 [booklist] INFO: VALID_ID: 2547099
2023-06-30 17:47:54 [booklist] INFO: VALID_ID: 2571263
2023-06-30 17:47:54 [booklist] INFO: VALID_ID: 2547098
2023-06-30 17:47:54 [booklist] INFO: VALID_ID: 2547157
2023-06-30 17:47:54 [booklist] INFO: VALID_ID: 2559221
2023-06-30 17:47:54 [booklist] INFO: VALID_ID: 2538982
2023-06-30 17:47:54 [booklist] INFO: VALID_ID: 2547184
2023-06-30 17:47:54 [booklist] INFO: VALID_ID: 2547128
2023-06-30 17:47:54 [booklist] INFO: VALID_ID: 2559223
2023-06-30 17:47:54 [booklist] INFO: VALID_ID: 2536095
2023-06-30 17:47:54 [booklist] INFO: VALID_ID: 2569426
2023-06-30 17:47:54 [booklist] INFO: VALID_ID: 2554427
2023-06-30 17:47:54 [booklist] INFO: VALID_ID: 2554429
2023-06-30 17:47:54 [booklist] INFO: VALID_ID: 2554428
2023-06-30 17:47:54 [booklist] INFO: VALID_ID: 2554430
2023-06-30 17:47:54 [booklist] INFO: VALID_ID: 2569448
2023-06-30 17:47:54 [booklist] INFO: VALID_ID: 2569435
2023-06-30 17:47:54 [booklist] INFO: VALID_ID: 2569433
2023-06-30 17:47:54 [booklist] INFO: VALID_ID: 2605457
2023-06-30 17:47:54 [booklist] INFO: VALID_ID: 2569429
2023-06-30 17:47:54 [booklist] INFO: VALID_ID: 2569445
2023-06-30 17:47:54 [booklist] INFO: VALID_ID: 2559229
2023-06-30 17:47:54 [booklist] INFO: VALID_ID: 2559228
2023-06-30 17:47:54 [booklist] INFO: VALID_ID: 2559230
2023-06-30 17:47:54 [booklist] INFO: VALID_ID: 2569437
2023-06-30 17:47:54 [booklist] INFO: VALID_ID: 9892518
2023-06-30 17:47:54 [booklist] INFO: VALID_ID: 2559227
2023-06-30 17:47:54 [booklist] INFO: VALID_ID: 2569443
2023-06-30 17:47:54 [booklist] INFO: VALID_ID: 2559225
2023-06-30 17:47:54 [booklist] INFO: VALID_ID: 2569449
2023-06-30 17:47:54 [booklist] INFO: VALID_ID: 2569450
2023-06-30 17:47:54 [booklist] INFO: VALID_ID: 1287833
2023-06-30 17:47:54 [booklist] INFO: VALID_ID: 2545862
2023-06-30 17:47:54 [booklist] INFO: VALID_ID: 2569431
2023-06-30 17:47:54 [booklist] INFO: VALID_ID: 2569434
2023-06-30 17:47:54 [booklist] INFO: VALID_ID: 2569436
2023-06-30 17:47:54 [booklist] INFO: VALID_ID: 2569439
2023-06-30 17:47:54 [booklist] INFO: VALID_ID: 2532515
2023-06-30 17:47:54 [booklist] INFO: VALID_ID: 2569441
2023-06-30 17:47:54 [booklist] INFO: VALID_ID: 2569447
2023-06-30 17:47:54 [booklist] INFO: VALID_ID: 2569454
2023-06-30 17:47:54 [booklist] INFO: VALID_ID: 2559231
2023-06-30 17:47:54 [booklist] INFO: VALID_ID: 2545863
2023-06-30 17:47:54 [booklist] INFO: VALID_ID: 2569432
2023-06-30 17:47:54 [booklist] INFO: VALID_ID: 2533938
2023-06-30 17:47:54 [booklist] INFO: VALID_ID: 2569427
2023-06-30 17:47:54 [booklist] INFO: VALID_ID: 1287057
2023-06-30 17:47:54 [booklist] INFO: VALID_ID: 2569425
2023-06-30 17:47:54 [booklist] INFO: VALID_ID: 2569444
2023-06-30 17:47:54 [booklist] INFO: VALID_ID: 2569452
2023-06-30 17:47:54 [booklist] INFO: VALID_ID: 2569442
2023-06-30 17:47:54 [booklist] INFO: VALID_ID: 2569430
2023-06-30 17:47:54 [booklist] INFO: VALID_ID: 1312069
2023-06-30 17:47:55 [scrapy.core.engine] DEBUG: Crawled (200) <POST https://dl.ndl.go.jp/api/item/search> (referer: https://dl.ndl.go.jp/api/item/search)
2023-06-30 17:47:55 [booklist] INFO: Fetched page 7
2023-06-30 17:47:56 [booklist] INFO: VALID_ID: 2569441
2023-06-30 17:47:56 [booklist] INFO: VALID_ID: 2559231
2023-06-30 17:47:56 [booklist] INFO: VALID_ID: 2536816
2023-06-30 17:47:56 [booklist] INFO: VALID_ID: 2554426
2023-06-30 17:47:56 [booklist] INFO: VALID_ID: 2569428
2023-06-30 17:47:56 [booklist] INFO: VALID_ID: 2569446
2023-06-30 17:47:56 [booklist] INFO: VALID_ID: 1312069
2023-06-30 17:47:56 [booklist] INFO: VALID_ID: 2545863
2023-06-30 17:47:56 [booklist] INFO: VALID_ID: 2569432
2023-06-30 17:47:56 [booklist] INFO: VALID_ID: 2536095
2023-06-30 17:47:56 [booklist] INFO: VALID_ID: 2569426
2023-06-30 17:47:56 [booklist] INFO: VALID_ID: 2541814
2023-06-30 17:47:56 [booklist] INFO: VALID_ID: 2563367
2023-06-30 17:47:56 [booklist] INFO: VALID_ID: 8929928
2023-06-30 17:47:56 [booklist] INFO: VALID_ID: 9892745
2023-06-30 17:47:56 [booklist] INFO: VALID_ID: 2557297
2023-06-30 17:47:56 [booklist] INFO: VALID_ID: 1309288
2023-06-30 17:47:56 [booklist] INFO: VALID_ID: 2563366
2023-06-30 17:47:56 [booklist] INFO: VALID_ID: 1302007
2023-06-30 17:47:56 [booklist] INFO: VALID_ID: 2557296
2023-06-30 17:47:56 [booklist] INFO: VALID_ID: 1309289
2023-06-30 17:47:56 [booklist] INFO: VALID_ID: 2550130
2023-06-30 17:47:56 [booklist] INFO: VALID_ID: 1310686
2023-06-30 17:47:56 [booklist] INFO: VALID_ID: 2608607
2023-06-30 17:47:56 [booklist] INFO: VALID_ID: 1312076
2023-06-30 17:47:56 [booklist] INFO: VALID_ID: 1312072
2023-06-30 17:47:56 [booklist] INFO: VALID_ID: 1287833
2023-06-30 17:47:56 [booklist] INFO: VALID_ID: 2606472
2023-06-30 17:47:56 [booklist] INFO: VALID_ID: 2557298
2023-06-30 17:47:56 [booklist] INFO: VALID_ID: 2563365
2023-06-30 17:47:56 [booklist] INFO: VALID_ID: 1307972
2023-06-30 17:47:56 [booklist] INFO: VALID_ID: 2563368
2023-06-30 17:47:56 [booklist] INFO: VALID_ID: 2563364
2023-06-30 17:47:56 [booklist] INFO: VALID_ID: 2557295
2023-06-30 17:47:56 [booklist] INFO: VALID_ID: 2565913
2023-06-30 17:47:56 [booklist] INFO: VALID_ID: 2561534
2023-06-30 17:47:56 [booklist] INFO: VALID_ID: 2561535
2023-06-30 17:47:56 [booklist] INFO: VALID_ID: 2608689
2023-06-30 17:47:56 [booklist] INFO: VALID_ID: 2561533
2023-06-30 17:47:56 [booklist] INFO: VALID_ID: 2607691
2023-06-30 17:47:56 [booklist] INFO: VALID_ID: 1304418
2023-06-30 17:47:56 [booklist] INFO: VALID_ID: 1309296
2023-06-30 17:47:56 [booklist] INFO: VALID_ID: 2565914
2023-06-30 17:47:56 [booklist] INFO: VALID_ID: 2550131
2023-06-30 17:47:56 [booklist] INFO: VALID_ID: 2559101
2023-06-30 17:47:56 [booklist] INFO: VALID_ID: 2532218
2023-06-30 17:47:56 [booklist] INFO: VALID_ID: 2607022
2023-06-30 17:47:56 [booklist] INFO: VALID_ID: 2571270
2023-06-30 17:47:56 [booklist] INFO: VALID_ID: 2547080
2023-06-30 17:47:56 [booklist] INFO: VALID_ID: 2584875
2023-06-30 17:47:56 [booklist] INFO: VALID_ID: 2584876
2023-06-30 17:47:56 [booklist] INFO: VALID_ID: 1306592
2023-06-30 17:47:56 [booklist] INFO: VALID_ID: 2547093
2023-06-30 17:47:56 [booklist] INFO: VALID_ID: 2606376
2023-06-30 17:47:56 [booklist] INFO: VALID_ID: 2547141
2023-06-30 17:47:56 [booklist] INFO: VALID_ID: 2605799
2023-06-30 17:47:56 [booklist] INFO: VALID_ID: 2557184
2023-06-30 17:47:56 [booklist] INFO: VALID_ID: 2547087
2023-06-30 17:47:56 [booklist] INFO: VALID_ID: 2584860
2023-06-30 17:47:56 [booklist] INFO: VALID_ID: 2584871
2023-06-30 17:47:56 [booklist] INFO: VALID_ID: 2547145
2023-06-30 17:47:56 [booklist] INFO: VALID_ID: 2547081
2023-06-30 17:47:56 [booklist] INFO: VALID_ID: 2547083
2023-06-30 17:47:56 [booklist] INFO: VALID_ID: 2605762
2023-06-30 17:47:56 [booklist] INFO: VALID_ID: 2547121
2023-06-30 17:47:56 [booklist] INFO: VALID_ID: 1302735
2023-06-30 17:47:56 [booklist] INFO: VALID_ID: 1307759
2023-06-30 17:47:56 [booklist] INFO: VALID_ID: 2584877
2023-06-30 17:47:56 [booklist] INFO: VALID_ID: 2547079
2023-06-30 17:47:56 [booklist] INFO: VALID_ID: 2547140
2023-06-30 17:47:56 [booklist] INFO: VALID_ID: 2547091
2023-06-30 17:47:56 [booklist] INFO: VALID_ID: 2584864
2023-06-30 17:47:56 [booklist] INFO: VALID_ID: 2584867
2023-06-30 17:47:56 [booklist] INFO: VALID_ID: 1310879
2023-06-30 17:47:56 [booklist] INFO: VALID_ID: 1313326
2023-06-30 17:47:56 [booklist] INFO: VALID_ID: 2547133
2023-06-30 17:47:56 [booklist] INFO: VALID_ID: 2547135
2023-06-30 17:47:56 [booklist] INFO: VALID_ID: 2547151
2023-06-30 17:47:56 [booklist] INFO: VALID_ID: 2584858
2023-06-30 17:47:56 [booklist] INFO: VALID_ID: 2605533
2023-06-30 17:47:56 [booklist] INFO: VALID_ID: 2547138
2023-06-30 17:47:56 [booklist] INFO: VALID_ID: 2608974
2023-06-30 17:47:56 [booklist] INFO: VALID_ID: 2547116
2023-06-30 17:47:56 [booklist] INFO: VALID_ID: 2547085
2023-06-30 17:47:56 [booklist] INFO: VALID_ID: 2584869
2023-06-30 17:47:56 [booklist] INFO: VALID_ID: 2609571
2023-06-30 17:47:56 [booklist] INFO: VALID_ID: 2584861
2023-06-30 17:47:56 [booklist] INFO: VALID_ID: 2539885
2023-06-30 17:47:56 [booklist] INFO: VALID_ID: 1306593
2023-06-30 17:47:56 [booklist] INFO: VALID_ID: 2547149
2023-06-30 17:47:56 [booklist] INFO: VALID_ID: 2584874
2023-06-30 17:47:56 [booklist] INFO: VALID_ID: 2547114
2023-06-30 17:47:56 [booklist] INFO: VALID_ID: 2547142
2023-06-30 17:47:56 [booklist] INFO: VALID_ID: 1312219
2023-06-30 17:47:56 [booklist] INFO: VALID_ID: 2547144
2023-06-30 17:47:56 [booklist] INFO: VALID_ID: 2547136
2023-06-30 17:47:56 [booklist] INFO: VALID_ID: 2571274
2023-06-30 17:47:56 [booklist] INFO: VALID_ID: 1302616
2023-06-30 17:47:56 [booklist] INFO: VALID_ID: 2607817
2023-06-30 17:47:56 [booklist] INFO: VALID_ID: 2561664
2023-06-30 17:47:56 [scrapy.core.engine] DEBUG: Crawled (200) <POST https://dl.ndl.go.jp/api/item/search> (referer: https://dl.ndl.go.jp/api/item/search)
2023-06-30 17:47:56 [booklist] INFO: Fetched page 8
2023-06-30 17:47:57 [booklist] INFO: VALID_ID: 1302616
2023-06-30 17:47:57 [booklist] INFO: VALID_ID: 2561663
2023-06-30 17:47:57 [booklist] INFO: VALID_ID: 2571275
2023-06-30 17:47:57 [booklist] INFO: VALID_ID: 2607817
2023-06-30 17:47:57 [booklist] INFO: VALID_ID: 2561664
2023-06-30 17:47:57 [booklist] INFO: VALID_ID: 2547150
2023-06-30 17:47:57 [booklist] INFO: VALID_ID: 1309298
2023-06-30 17:47:57 [booklist] INFO: VALID_ID: 1302632
2023-06-30 17:47:57 [booklist] INFO: VALID_ID: 2557185
2023-06-30 17:47:57 [booklist] INFO: VALID_ID: 2547148
2023-06-30 17:47:57 [booklist] INFO: VALID_ID: 2584865
2023-06-30 17:47:57 [booklist] INFO: VALID_ID: 2532685
2023-06-30 17:47:57 [booklist] INFO: VALID_ID: 10301108
2023-06-30 17:47:57 [booklist] INFO: VALID_ID: 2547146
2023-06-30 17:47:57 [booklist] INFO: VALID_ID: 2547147
2023-06-30 17:47:57 [booklist] INFO: VALID_ID: 2547117
2023-06-30 17:47:57 [booklist] INFO: VALID_ID: 2584870
2023-06-30 17:47:57 [booklist] INFO: VALID_ID: 2547114
2023-06-30 17:47:57 [booklist] INFO: VALID_ID: 2547142
2023-06-30 17:47:57 [booklist] INFO: VALID_ID: 1312219
2023-06-30 17:47:57 [booklist] INFO: VALID_ID: 2576262
2023-06-30 17:47:57 [booklist] INFO: VALID_ID: 2608974
2023-06-30 17:47:57 [booklist] INFO: VALID_ID: 2547116
2023-06-30 17:47:57 [booklist] INFO: VALID_ID: 2547085
2023-06-30 17:47:57 [booklist] INFO: VALID_ID: 2584869
2023-06-30 17:47:57 [booklist] INFO: VALID_ID: 2606582
2023-06-30 17:47:57 [booklist] INFO: VALID_ID: 2571272
2023-06-30 17:47:57 [booklist] INFO: VALID_ID: 2584872
2023-06-30 17:47:57 [booklist] INFO: VALID_ID: 2547086
2023-06-30 17:47:57 [booklist] INFO: VALID_ID: 2547137
2023-06-30 17:47:57 [booklist] INFO: VALID_ID: 1312032
2023-06-30 17:47:57 [booklist] INFO: VALID_ID: 2584862
2023-06-30 17:47:57 [booklist] INFO: VALID_ID: 2547120
2023-06-30 17:47:57 [booklist] INFO: VALID_ID: 2584873
2023-06-30 17:47:57 [booklist] INFO: VALID_ID: 1307759
2023-06-30 17:47:57 [booklist] INFO: VALID_ID: 2584877
2023-06-30 17:47:57 [booklist] INFO: VALID_ID: 10301402
2023-06-30 17:47:57 [booklist] INFO: VALID_ID: 2584859
2023-06-30 17:47:57 [booklist] INFO: VALID_ID: 2571271
2023-06-30 17:47:57 [booklist] INFO: VALID_ID: 2547088
2023-06-30 17:47:57 [booklist] INFO: VALID_ID: 2547084
2023-06-30 17:47:57 [booklist] INFO: VALID_ID: 2607029
2023-06-30 17:47:57 [booklist] INFO: VALID_ID: 10301071
2023-06-30 17:47:57 [booklist] INFO: VALID_ID: 2571273
2023-06-30 17:47:57 [booklist] INFO: VALID_ID: 2547143
2023-06-30 17:47:57 [booklist] INFO: VALID_ID: 2607141
2023-06-30 17:47:57 [booklist] INFO: VALID_ID: 2547130
2023-06-30 17:47:57 [booklist] INFO: VALID_ID: 2547082
2023-06-30 17:47:57 [booklist] INFO: VALID_ID: 2547119
2023-06-30 17:47:57 [booklist] INFO: VALID_ID: 2584863
2023-06-30 17:47:57 [booklist] INFO: VALID_ID: 2547129
2023-06-30 17:47:57 [booklist] INFO: VALID_ID: 2533402
2023-06-30 17:47:57 [booklist] INFO: VALID_ID: 2547132
2023-06-30 17:47:57 [booklist] INFO: VALID_ID: 2547090
2023-06-30 17:47:57 [booklist] INFO: VALID_ID: 2584868
2023-06-30 17:47:57 [booklist] INFO: VALID_ID: 2557100
2023-06-30 17:47:57 [booklist] INFO: VALID_ID: 2608924
2023-06-30 17:47:57 [booklist] INFO: VALID_ID: 2590966
2023-06-30 17:47:57 [booklist] INFO: VALID_ID: 1309294
2023-06-30 17:47:57 [booklist] INFO: VALID_ID: 1309655
2023-06-30 17:47:57 [booklist] INFO: VALID_ID: 2540708
2023-06-30 17:47:57 [booklist] INFO: VALID_ID: 2610322
2023-06-30 17:47:57 [booklist] INFO: VALID_ID: 2538984
2023-06-30 17:47:57 [booklist] INFO: VALID_ID: 2557105
2023-06-30 17:47:57 [booklist] INFO: VALID_ID: 1302609
2023-06-30 17:47:57 [booklist] INFO: VALID_ID: 2605629
2023-06-30 17:47:57 [booklist] INFO: VALID_ID: 2536597
2023-06-30 17:47:57 [booklist] INFO: VALID_ID: 2540390
2023-06-30 17:47:57 [booklist] INFO: VALID_ID: 2557104
2023-06-30 17:47:57 [booklist] INFO: VALID_ID: 2557098
2023-06-30 17:47:57 [booklist] INFO: VALID_ID: 2557101
2023-06-30 17:47:57 [booklist] INFO: VALID_ID: 2539211
2023-06-30 17:47:57 [booklist] INFO: VALID_ID: 2557099
2023-06-30 17:47:57 [booklist] INFO: VALID_ID: 2557102
2023-06-30 17:47:57 [booklist] INFO: VALID_ID: 2590967
2023-06-30 17:47:57 [booklist] INFO: VALID_ID: 2569951
2023-06-30 17:47:57 [booklist] INFO: VALID_ID: 2557103
2023-06-30 17:47:57 [booklist] INFO: VALID_ID: 9892829
2023-06-30 17:47:57 [booklist] INFO: VALID_ID: 1312985
2023-06-30 17:47:57 [booklist] INFO: VALID_ID: 1303128
2023-06-30 17:47:57 [booklist] INFO: VALID_ID: 1304254
2023-06-30 17:47:57 [booklist] INFO: VALID_ID: 2533837
2023-06-30 17:47:57 [booklist] INFO: VALID_ID: 2608391
2023-06-30 17:47:57 [booklist] INFO: VALID_ID: 1302620
2023-06-30 17:47:57 [booklist] INFO: VALID_ID: 10301401
2023-06-30 17:47:57 [booklist] INFO: VALID_ID: 2559693
2023-06-30 17:47:57 [booklist] INFO: VALID_ID: 2559694
2023-06-30 17:47:57 [booklist] INFO: VALID_ID: 1310784
2023-06-30 17:47:57 [booklist] INFO: VALID_ID: 1313068
2023-06-30 17:47:57 [booklist] INFO: VALID_ID: 2542199
2023-06-30 17:47:57 [booklist] INFO: VALID_ID: 2559135
2023-06-30 17:47:57 [booklist] INFO: VALID_ID: 2569881
2023-06-30 17:47:57 [booklist] INFO: VALID_ID: 2569883
2023-06-30 17:47:57 [booklist] INFO: VALID_ID: 2584249
2023-06-30 17:47:57 [booklist] INFO: VALID_ID: 2569886
2023-06-30 17:47:57 [booklist] INFO: VALID_ID: 1313533
2023-06-30 17:47:57 [booklist] INFO: VALID_ID: 1309301
2023-06-30 17:47:57 [booklist] INFO: VALID_ID: 2559172
2023-06-30 17:47:57 [booklist] INFO: VALID_ID: 2569869
2023-06-30 17:47:57 [booklist] INFO: VALID_ID: 2569884
2023-06-30 17:47:57 [scrapy.core.engine] DEBUG: Crawled (200) <POST https://dl.ndl.go.jp/api/item/search> (referer: https://dl.ndl.go.jp/api/item/search)
2023-06-30 17:47:57 [booklist] INFO: Fetched page 9
2023-06-30 17:47:58 [booklist] INFO: VALID_ID: 2569871
2023-06-30 17:47:58 [booklist] INFO: VALID_ID: 1310640
2023-06-30 17:47:58 [booklist] INFO: VALID_ID: 2569887
2023-06-30 17:47:58 [booklist] INFO: VALID_ID: 2608809
2023-06-30 17:47:58 [booklist] INFO: VALID_ID: 2569888
2023-06-30 17:47:58 [booklist] INFO: VALID_ID: 1310426
2023-06-30 17:47:58 [booklist] INFO: VALID_ID: 1312071
2023-06-30 17:47:58 [booklist] INFO: VALID_ID: 2569880
2023-06-30 17:47:58 [booklist] INFO: VALID_ID: 1303149
2023-06-30 17:47:58 [booklist] INFO: VALID_ID: 2569875
2023-06-30 17:47:58 [booklist] INFO: VALID_ID: 2569885
2023-06-30 17:47:58 [booklist] INFO: VALID_ID: 2569879
2023-06-30 17:47:58 [booklist] INFO: VALID_ID: 2569874
2023-06-30 17:47:58 [booklist] INFO: VALID_ID: 1312081
2023-06-30 17:47:58 [booklist] INFO: VALID_ID: 2569870
2023-06-30 17:47:58 [booklist] INFO: VALID_ID: 2542892
2023-06-30 17:47:58 [booklist] INFO: VALID_ID: 2569876
2023-06-30 17:47:58 [booklist] INFO: VALID_ID: 1308568
2023-06-30 17:47:58 [booklist] INFO: VALID_ID: 1313098
2023-06-30 17:47:58 [booklist] INFO: VALID_ID: 1307657
2023-06-30 17:47:58 [booklist] INFO: VALID_ID: 2559135
2023-06-30 17:47:58 [booklist] INFO: VALID_ID: 2569878
2023-06-30 17:47:58 [booklist] INFO: VALID_ID: 1309300
2023-06-30 17:47:58 [booklist] INFO: VALID_ID: 1303204
2023-06-30 17:47:58 [booklist] INFO: VALID_ID: 2569872
2023-06-30 17:47:58 [booklist] INFO: VALID_ID: 2569877
2023-06-30 17:47:58 [booklist] INFO: VALID_ID: 2569882
2023-06-30 17:47:58 [booklist] INFO: VALID_ID: 2541717
2023-06-30 17:47:58 [booklist] INFO: VALID_ID: 2576232
2023-06-30 17:47:58 [booklist] INFO: VALID_ID: 1309313
2023-06-30 17:47:58 [booklist] INFO: VALID_ID: 1309781
2023-06-30 17:47:58 [booklist] INFO: VALID_ID: 1312884
2023-06-30 17:47:58 [booklist] INFO: VALID_ID: 1308561
2023-06-30 17:47:58 [booklist] INFO: VALID_ID: 2575250
2023-06-30 17:47:58 [booklist] INFO: VALID_ID: 2610606
2023-06-30 17:47:58 [booklist] INFO: VALID_ID: 1312385
2023-06-30 17:47:58 [booklist] INFO: VALID_ID: 1311795
2023-06-30 17:47:58 [booklist] INFO: VALID_ID: 2575253
2023-06-30 17:47:58 [booklist] INFO: VALID_ID: 2569853
2023-06-30 17:47:58 [booklist] INFO: VALID_ID: 1308166
2023-06-30 17:47:58 [booklist] INFO: VALID_ID: 2575251
2023-06-30 17:47:58 [booklist] INFO: VALID_ID: 2575249
2023-06-30 17:47:58 [booklist] INFO: VALID_ID: 1309312
2023-06-30 17:47:58 [booklist] INFO: VALID_ID: 1287642
2023-06-30 17:47:58 [booklist] INFO: VALID_ID: 2575252
2023-06-30 17:47:58 [booklist] INFO: VALID_ID: 2584881
2023-06-30 17:47:58 [booklist] INFO: VALID_ID: 2584882
2023-06-30 17:47:58 [booklist] INFO: VALID_ID: 1287625
2023-06-30 17:47:58 [booklist] INFO: VALID_ID: 2584887
2023-06-30 17:47:58 [booklist] INFO: VALID_ID: 3510696
2023-06-30 17:47:58 [booklist] INFO: VALID_ID: 3510698
2023-06-30 17:47:58 [booklist] INFO: VALID_ID: 2584883
2023-06-30 17:47:58 [booklist] INFO: VALID_ID: 1309258
2023-06-30 17:47:58 [booklist] INFO: VALID_ID: 8929838
2023-06-30 17:47:58 [booklist] INFO: VALID_ID: 1310346
2023-06-30 17:47:58 [booklist] INFO: VALID_ID: 1308990
2023-06-30 17:47:58 [booklist] INFO: VALID_ID: 1287626
2023-06-30 17:47:58 [booklist] INFO: VALID_ID: 1312073
2023-06-30 17:47:58 [booklist] INFO: VALID_ID: 1287627
2023-06-30 17:47:58 [booklist] INFO: VALID_ID: 1287615
2023-06-30 17:47:58 [booklist] INFO: VALID_ID: 2570275
2023-06-30 17:47:58 [booklist] INFO: VALID_ID: 1287624
2023-06-30 17:47:58 [booklist] INFO: VALID_ID: 12865511
2023-06-30 17:47:58 [booklist] INFO: VALID_ID: 2584886
2023-06-30 17:47:58 [booklist] INFO: VALID_ID: 1287616
2023-06-30 17:47:58 [booklist] INFO: VALID_ID: 1287618
2023-06-30 17:47:58 [booklist] INFO: VALID_ID: 1287634
2023-06-30 17:47:58 [booklist] INFO: VALID_ID: 2609248
2023-06-30 17:47:58 [booklist] INFO: VALID_ID: 2584885
2023-06-30 17:47:58 [booklist] INFO: VALID_ID: 2584884
2023-06-30 17:47:58 [booklist] INFO: VALID_ID: 1311942
2023-06-30 17:47:58 [booklist] INFO: VALID_ID: 1309235
2023-06-30 17:47:58 [booklist] INFO: VALID_ID: 2546173
2023-06-30 17:47:58 [booklist] INFO: VALID_ID: 1287635
2023-06-30 17:47:58 [booklist] INFO: VALID_ID: 1313005
2023-06-30 17:47:58 [booklist] INFO: VALID_ID: 2559211
2023-06-30 17:47:58 [booklist] INFO: VALID_ID: 1287632
2023-06-30 17:47:58 [booklist] INFO: VALID_ID: 1309309
2023-06-30 17:47:58 [booklist] INFO: VALID_ID: 1288337
2023-06-30 17:47:58 [booklist] INFO: VALID_ID: 1287617
2023-06-30 17:47:58 [booklist] INFO: VALID_ID: 1287623
2023-06-30 17:47:58 [booklist] INFO: VALID_ID: 1287633
2023-06-30 17:47:58 [booklist] INFO: VALID_ID: 12865529
2023-06-30 17:47:58 [booklist] INFO: VALID_ID: 3510700
2023-06-30 17:47:58 [booklist] INFO: VALID_ID: 1287640
2023-06-30 17:47:58 [booklist] INFO: VALID_ID: 1302614
2023-06-30 17:47:58 [booklist] INFO: VALID_ID: 10301211
2023-06-30 17:47:58 [booklist] INFO: VALID_ID: 1305307
2023-06-30 17:47:58 [booklist] INFO: VALID_ID: 1287641
2023-06-30 17:47:58 [booklist] INFO: VALID_ID: 2582384
2023-06-30 17:47:58 [booklist] INFO: VALID_ID: 2586104
2023-06-30 17:47:58 [booklist] INFO: VALID_ID: 2569950
2023-06-30 17:47:58 [booklist] INFO: VALID_ID: 2586105
2023-06-30 17:47:58 [booklist] INFO: VALID_ID: 11891876
2023-06-30 17:47:58 [booklist] INFO: VALID_ID: 3510699
2023-06-30 17:47:58 [booklist] INFO: VALID_ID: 2559265
2023-06-30 17:47:58 [booklist] INFO: VALID_ID: 2559133
2023-06-30 17:47:58 [booklist] INFO: VALID_ID: 2540677
2023-06-30 17:47:58 [booklist] INFO: VALID_ID: 9977377
2023-06-30 17:47:58 [booklist] INFO: VALID_ID: 2586107
2023-06-30 17:47:58 [scrapy.core.engine] DEBUG: Crawled (200) <POST https://dl.ndl.go.jp/api/item/search> (referer: https://dl.ndl.go.jp/api/item/search)
2023-06-30 17:47:58 [booklist] INFO: Fetched page 10
2023-06-30 17:47:59 [booklist] INFO: VALID_ID: 2559265
2023-06-30 17:47:59 [booklist] INFO: VALID_ID: 2586107
2023-06-30 17:47:59 [booklist] INFO: VALID_ID: 2586103
2023-06-30 17:47:59 [booklist] INFO: VALID_ID: 2586106
2023-06-30 17:47:59 [booklist] INFO: VALID_ID: 1307210
2023-06-30 17:47:59 [booklist] INFO: VALID_ID: 2586102
2023-06-30 17:47:59 [booklist] INFO: VALID_ID: 1305255
2023-06-30 17:47:59 [booklist] INFO: VALID_ID: 2585653
2023-06-30 17:47:59 [booklist] INFO: VALID_ID: 2559133
2023-06-30 17:47:59 [booklist] INFO: VALID_ID: 1305874
2023-06-30 17:47:59 [booklist] INFO: VALID_ID: 3510699
2023-06-30 17:47:59 [booklist] INFO: VALID_ID: 2580936
2023-06-30 17:47:59 [booklist] INFO: VALID_ID: 2610590
2023-06-30 17:47:59 [booklist] INFO: VALID_ID: 1307777
2023-06-30 17:47:59 [booklist] INFO: VALID_ID: 2559151
2023-06-30 17:47:59 [booklist] INFO: VALID_ID: 2610323
2023-06-30 17:47:59 [booklist] INFO: VALID_ID: 3510701
2023-06-30 17:47:59 [booklist] INFO: VALID_ID: 2584839
2023-06-30 17:47:59 [booklist] INFO: VALID_ID: 2585345
2023-06-30 17:47:59 [booklist] INFO: VALID_ID: 2551368
2023-06-30 17:47:59 [booklist] INFO: VALID_ID: 2584841
2023-06-30 17:47:59 [booklist] INFO: VALID_ID: 2584843
2023-06-30 17:47:59 [booklist] INFO: VALID_ID: 1310343
2023-06-30 17:47:59 [booklist] INFO: VALID_ID: 2584840
2023-06-30 17:47:59 [booklist] INFO: VALID_ID: 1302117
2023-06-30 17:47:59 [booklist] INFO: VALID_ID: 2532174
2023-06-30 17:47:59 [booklist] INFO: VALID_ID: 2585208
2023-06-30 17:47:59 [booklist] INFO: VALID_ID: 2584842
2023-06-30 17:47:59 [booklist] INFO: VALID_ID: 2584844
2023-06-30 17:47:59 [booklist] INFO: VALID_ID: 2595813
2023-06-30 17:47:59 [booklist] INFO: VALID_ID: 1308225
2023-06-30 17:47:59 [booklist] INFO: VALID_ID: 2532271
2023-06-30 17:47:59 [booklist] INFO: VALID_ID: 2559235
2023-06-30 17:47:59 [booklist] INFO: VALID_ID: 10303673
2023-06-30 17:47:59 [booklist] INFO: VALID_ID: 2585324
2023-06-30 17:47:59 [booklist] INFO: VALID_ID: 2554531
2023-06-30 17:47:59 [booklist] INFO: VALID_ID: 10303552
2023-06-30 17:47:59 [booklist] INFO: VALID_ID: 2585251
2023-06-30 17:47:59 [booklist] INFO: VALID_ID: 1310946
2023-06-30 17:47:59 [booklist] INFO: VALID_ID: 1305198
2023-06-30 17:47:59 [booklist] INFO: VALID_ID: 9369467
2023-06-30 17:47:59 [booklist] INFO: VALID_ID: 1311941
2023-06-30 17:47:59 [booklist] INFO: VALID_ID: 1312850
2023-06-30 17:47:59 [booklist] INFO: VALID_ID: 2585633
2023-06-30 17:47:59 [booklist] INFO: VALID_ID: 1309662
2023-06-30 17:47:59 [booklist] INFO: VALID_ID: 2580935
2023-06-30 17:47:59 [booklist] INFO: VALID_ID: 1312083
2023-06-30 17:47:59 [booklist] INFO: VALID_ID: 2593578
2023-06-30 17:47:59 [booklist] INFO: VALID_ID: 1311101
2023-06-30 17:47:59 [booklist] INFO: VALID_ID: 11891835
2023-06-30 17:47:59 [booklist] INFO: VALID_ID: 2539717
2023-06-30 17:47:59 [booklist] INFO: VALID_ID: 1306537
2023-06-30 17:47:59 [booklist] INFO: VALID_ID: 1307808
2023-06-30 17:47:59 [booklist] INFO: VALID_ID: 2585499
2023-06-30 17:47:59 [booklist] INFO: VALID_ID: 11891692
2023-06-30 17:47:59 [booklist] INFO: VALID_ID: 2543375
2023-06-30 17:47:59 [booklist] INFO: VALID_ID: 1309214
2023-06-30 17:47:59 [booklist] INFO: VALID_ID: 2583254
2023-06-30 17:47:59 [booklist] INFO: VALID_ID: 1307809
2023-06-30 17:47:59 [booklist] INFO: VALID_ID: 1305247
2023-06-30 17:47:59 [booklist] INFO: VALID_ID: 1306438
2023-06-30 17:47:59 [booklist] INFO: VALID_ID: 2544877
2023-06-30 17:47:59 [booklist] INFO: VALID_ID: 2585377
2023-06-30 17:47:59 [booklist] INFO: VALID_ID: 2593295
2023-06-30 17:47:59 [booklist] INFO: VALID_ID: 2585534
2023-06-30 17:47:59 [booklist] INFO: VALID_ID: 1288128
2023-06-30 17:47:59 [booklist] INFO: VALID_ID: 3510697
2023-06-30 17:47:59 [booklist] INFO: VALID_ID: 10303672
2023-06-30 17:47:59 [booklist] INFO: VALID_ID: 2532800
2023-06-30 17:47:59 [booklist] INFO: VALID_ID: 2585488
2023-06-30 17:47:59 [booklist] INFO: VALID_ID: 2585447
2023-06-30 17:47:59 [booklist] INFO: VALID_ID: 2598701
2023-06-30 17:47:59 [booklist] INFO: VALID_ID: 2583255
2023-06-30 17:47:59 [booklist] INFO: VALID_ID: 2585376
2023-06-30 17:47:59 [booklist] INFO: VALID_ID: 1312566
2023-06-30 17:47:59 [booklist] INFO: VALID_ID: 2586093
2023-06-30 17:47:59 [booklist] INFO: VALID_ID: 2551930
2023-06-30 17:47:59 [booklist] INFO: VALID_ID: 10301517
2023-06-30 17:47:59 [booklist] INFO: VALID_ID: 2581022
2023-06-30 17:47:59 [booklist] INFO: VALID_ID: 10303553
2023-06-30 17:47:59 [booklist] INFO: VALID_ID: 2585624
2023-06-30 17:47:59 [booklist] INFO: VALID_ID: 2544649
2023-06-30 17:47:59 [booklist] INFO: VALID_ID: 2585652
2023-06-30 17:47:59 [booklist] INFO: VALID_ID: 2585304
2023-06-30 17:47:59 [booklist] INFO: VALID_ID: 1311308
2023-06-30 17:47:59 [booklist] INFO: VALID_ID: 2532914
2023-06-30 17:47:59 [booklist] INFO: VALID_ID: 2551931
2023-06-30 17:47:59 [booklist] INFO: VALID_ID: 2585326
2023-06-30 17:47:59 [booklist] INFO: VALID_ID: 2585371
2023-06-30 17:47:59 [booklist] INFO: VALID_ID: 10301765
2023-06-30 17:47:59 [booklist] INFO: VALID_ID: 2580655
2023-06-30 17:47:59 [booklist] INFO: VALID_ID: 2542843
2023-06-30 17:47:59 [booklist] INFO: VALID_ID: 2585184
2023-06-30 17:47:59 [booklist] INFO: VALID_ID: 2585382
2023-06-30 17:47:59 [booklist] INFO: VALID_ID: 2590637
2023-06-30 17:47:59 [booklist] INFO: VALID_ID: 3510702
2023-06-30 17:47:59 [booklist] INFO: VALID_ID: 2585342
2023-06-30 17:47:59 [booklist] INFO: VALID_ID: 2585209
2023-06-30 17:47:59 [booklist] INFO: VALID_ID: 2585523
2023-06-30 17:47:59 [booklist] INFO: VALID_ID: 2543282
2023-06-30 17:47:59 [scrapy.core.engine] DEBUG: Crawled (200) <POST https://dl.ndl.go.jp/api/item/search> (referer: https://dl.ndl.go.jp/api/item/search)
2023-06-30 17:47:59 [booklist] INFO: Fetched page 11
2023-06-30 17:47:59 [booklist] INFO: VALID_ID: 2585319
2023-06-30 17:47:59 [booklist] INFO: VALID_ID: 1307577
2023-06-30 17:47:59 [booklist] INFO: VALID_ID: 2585209
2023-06-30 17:47:59 [booklist] INFO: VALID_ID: 2585390
2023-06-30 17:47:59 [booklist] INFO: VALID_ID: 10301765
2023-06-30 17:47:59 [booklist] INFO: VALID_ID: 2607011
2023-06-30 17:47:59 [booklist] INFO: VALID_ID: 2593356
2023-06-30 17:47:59 [booklist] INFO: VALID_ID: 2585223
2023-06-30 17:47:59 [booklist] INFO: VALID_ID: 3510697
2023-06-30 17:47:59 [booklist] INFO: VALID_ID: 1308164
2023-06-30 17:47:59 [booklist] INFO: VALID_ID: 2592940
2023-06-30 17:47:59 [booklist] INFO: VALID_ID: 1312844
2023-06-30 17:47:59 [booklist] INFO: VALID_ID: 2585284
2023-06-30 17:47:59 [booklist] INFO: VALID_ID: 1309184
2023-06-30 17:47:59 [booklist] INFO: VALID_ID: 2542064
2023-06-30 17:47:59 [booklist] INFO: VALID_ID: 1287885
2023-06-30 17:47:59 [booklist] INFO: VALID_ID: 2585460
2023-06-30 17:47:59 [booklist] INFO: VALID_ID: 1313496
2023-06-30 17:47:59 [booklist] INFO: VALID_ID: 2585388
2023-06-30 17:47:59 [booklist] INFO: VALID_ID: 2576238
2023-06-30 17:47:59 [booklist] INFO: VALID_ID: 1287866
2023-06-30 17:47:59 [booklist] INFO: VALID_ID: 2585271
2023-06-30 17:47:59 [booklist] INFO: VALID_ID: 1313504
2023-06-30 17:47:59 [booklist] INFO: VALID_ID: 1312386
2023-06-30 17:47:59 [booklist] INFO: VALID_ID: 1287881
2023-06-30 17:47:59 [booklist] INFO: VALID_ID: 1287886
2023-06-30 17:47:59 [booklist] INFO: VALID_ID: 1287884
2023-06-30 17:47:59 [booklist] INFO: VALID_ID: 2585579
2023-06-30 17:47:59 [booklist] INFO: VALID_ID: 2585592
2023-06-30 17:47:59 [booklist] INFO: VALID_ID: 1287791
2023-06-30 17:47:59 [booklist] INFO: VALID_ID: 1288331
2023-06-30 17:47:59 [booklist] INFO: VALID_ID: 2585408
2023-06-30 17:47:59 [booklist] INFO: VALID_ID: 1287874
2023-06-30 17:47:59 [booklist] INFO: VALID_ID: 2607101
2023-06-30 17:47:59 [booklist] INFO: VALID_ID: 1287879
2023-06-30 17:47:59 [booklist] INFO: VALID_ID: 2585292
2023-06-30 17:47:59 [booklist] INFO: VALID_ID: 2585466
2023-06-30 17:47:59 [booklist] INFO: VALID_ID: 1287872
2023-06-30 17:47:59 [booklist] INFO: VALID_ID: 1287685
2023-06-30 17:47:59 [booklist] INFO: VALID_ID: 1287873
2023-06-30 17:47:59 [booklist] INFO: VALID_ID: 2585374
2023-06-30 17:47:59 [booklist] INFO: VALID_ID: 2585301
2023-06-30 17:47:59 [booklist] INFO: VALID_ID: 2585477
2023-06-30 17:47:59 [booklist] INFO: VALID_ID: 1287880
2023-06-30 17:47:59 [booklist] INFO: VALID_ID: 2585500
2023-06-30 17:47:59 [booklist] INFO: VALID_ID: 2581026
2023-06-30 17:47:59 [booklist] INFO: VALID_ID: 2585597
2023-06-30 17:47:59 [booklist] INFO: VALID_ID: 1287841
2023-06-30 17:47:59 [booklist] INFO: VALID_ID: 2585219
2023-06-30 17:47:59 [booklist] INFO: VALID_ID: 1307101
2023-06-30 17:47:59 [booklist] INFO: VALID_ID: 2585254
2023-06-30 17:47:59 [booklist] INFO: VALID_ID: 1311923
2023-06-30 17:47:59 [booklist] INFO: VALID_ID: 1308152
2023-06-30 17:47:59 [booklist] INFO: VALID_ID: 2553343
2023-06-30 17:47:59 [booklist] INFO: VALID_ID: 2551904
2023-06-30 17:47:59 [booklist] INFO: VALID_ID: 2585352
2023-06-30 17:47:59 [booklist] INFO: VALID_ID: 2585672
2023-06-30 17:47:59 [booklist] INFO: VALID_ID: 1309177
2023-06-30 17:47:59 [booklist] INFO: VALID_ID: 1312608
2023-06-30 17:47:59 [booklist] INFO: VALID_ID: 2585295
2023-06-30 17:47:59 [booklist] INFO: VALID_ID: 2585568
2023-06-30 17:47:59 [booklist] INFO: VALID_ID: 2585183
2023-06-30 17:47:59 [booklist] INFO: VALID_ID: 2585287
2023-06-30 17:47:59 [booklist] INFO: VALID_ID: 10301573
2023-06-30 17:47:59 [booklist] INFO: VALID_ID: 2585300
2023-06-30 17:47:59 [booklist] INFO: VALID_ID: 2585649
2023-06-30 17:47:59 [booklist] INFO: VALID_ID: 2585521
2023-06-30 17:47:59 [booklist] INFO: VALID_ID: 2585196
2023-06-30 17:47:59 [booklist] INFO: VALID_ID: 12865332
2023-06-30 17:47:59 [booklist] INFO: VALID_ID: 2585211
2023-06-30 17:47:59 [booklist] INFO: VALID_ID: 2585305
2023-06-30 17:47:59 [booklist] INFO: VALID_ID: 2585350
2023-06-30 17:47:59 [booklist] INFO: VALID_ID: 2551759
2023-06-30 17:47:59 [booklist] INFO: VALID_ID: 2539715
2023-06-30 17:47:59 [booklist] INFO: VALID_ID: 2605424
2023-06-30 17:47:59 [booklist] INFO: VALID_ID: 2608195
2023-06-30 17:47:59 [booklist] INFO: VALID_ID: 1287759
2023-06-30 17:47:59 [booklist] INFO: VALID_ID: 1287763
2023-06-30 17:47:59 [booklist] INFO: VALID_ID: 1287757
2023-06-30 17:47:59 [booklist] INFO: VALID_ID: 1287758
2023-06-30 17:47:59 [booklist] INFO: VALID_ID: 1288341
2023-06-30 17:47:59 [booklist] INFO: VALID_ID: 1287772
2023-06-30 17:47:59 [booklist] INFO: VALID_ID: 1287760
2023-06-30 17:47:59 [booklist] INFO: VALID_ID: 1287746
2023-06-30 17:47:59 [booklist] INFO: VALID_ID: 9369559
2023-06-30 17:47:59 [booklist] INFO: VALID_ID: 1287751
2023-06-30 17:47:59 [booklist] INFO: VALID_ID: 1287768
2023-06-30 17:47:59 [booklist] INFO: VALID_ID: 1287748
2023-06-30 17:47:59 [booklist] INFO: VALID_ID: 1287750
2023-06-30 17:47:59 [booklist] INFO: VALID_ID: 1287752
2023-06-30 17:47:59 [booklist] INFO: VALID_ID: 1287755
2023-06-30 17:47:59 [booklist] INFO: VALID_ID: 1287769
2023-06-30 17:47:59 [booklist] INFO: VALID_ID: 2541052
2023-06-30 17:47:59 [booklist] INFO: VALID_ID: 1287776
2023-06-30 17:47:59 [booklist] INFO: VALID_ID: 2585195
2023-06-30 17:47:59 [booklist] INFO: VALID_ID: 10301593
2023-06-30 17:47:59 [booklist] INFO: VALID_ID: 2585279
2023-06-30 17:47:59 [booklist] INFO: VALID_ID: 2585373
2023-06-30 17:47:59 [booklist] INFO: VALID_ID: 1287834
2023-06-30 17:47:59 [booklist] INFO: VALID_ID: 1287766
2023-06-30 17:48:00 [scrapy.core.engine] DEBUG: Crawled (200) <POST https://dl.ndl.go.jp/api/item/search> (referer: https://dl.ndl.go.jp/api/item/search)
2023-06-30 17:48:01 [booklist] INFO: Fetched page 12
2023-06-30 17:48:01 [booklist] INFO: VALID_ID: 2585387
2023-06-30 17:48:01 [booklist] INFO: VALID_ID: 1287865
2023-06-30 17:48:01 [booklist] INFO: VALID_ID: 1287834
2023-06-30 17:48:01 [booklist] INFO: VALID_ID: 1287846
2023-06-30 17:48:01 [booklist] INFO: VALID_ID: 1287864
2023-06-30 17:48:01 [booklist] INFO: VALID_ID: 1287862
2023-06-30 17:48:01 [booklist] INFO: VALID_ID: 1287858
2023-06-30 17:48:01 [booklist] INFO: VALID_ID: 1287826
2023-06-30 17:48:01 [booklist] INFO: VALID_ID: 1287849
2023-06-30 17:48:01 [booklist] INFO: VALID_ID: 1287847
2023-06-30 17:48:01 [booklist] INFO: VALID_ID: 1287854
2023-06-30 17:48:01 [booklist] INFO: VALID_ID: 1287863
2023-06-30 17:48:01 [booklist] INFO: VALID_ID: 1287848
2023-06-30 17:48:01 [booklist] INFO: VALID_ID: 1287850
2023-06-30 17:48:01 [booklist] INFO: VALID_ID: 1287856
2023-06-30 17:48:01 [booklist] INFO: VALID_ID: 1287857
2023-06-30 17:48:01 [booklist] INFO: VALID_ID: 1288338
2023-06-30 17:48:01 [booklist] INFO: VALID_ID: 1287832
2023-06-30 17:48:01 [booklist] INFO: VALID_ID: 10301149
2023-06-30 17:48:01 [booklist] INFO: VALID_ID: 2607303
2023-06-30 17:48:01 [booklist] INFO: VALID_ID: 2585332
2023-06-30 17:48:01 [booklist] INFO: VALID_ID: 11038512
2023-06-30 17:48:01 [booklist] INFO: VALID_ID: 10301460
2023-06-30 17:48:01 [booklist] INFO: VALID_ID: 1287855
2023-06-30 17:48:01 [booklist] INFO: VALID_ID: 10301350
2023-06-30 17:48:01 [booklist] INFO: VALID_ID: 2540884
2023-06-30 17:48:01 [booklist] INFO: VALID_ID: 2609112
2023-06-30 17:48:01 [booklist] INFO: VALID_ID: 2610941
2023-06-30 17:48:01 [booklist] INFO: VALID_ID: 2609432
2023-06-30 17:48:01 [booklist] INFO: VALID_ID: 2610124
2023-06-30 17:48:01 [booklist] INFO: VALID_ID: 2607286
2023-06-30 17:48:01 [booklist] INFO: VALID_ID: 9977381
2023-06-30 17:48:01 [booklist] INFO: VALID_ID: 2611107
2023-06-30 17:48:01 [booklist] INFO: VALID_ID: 2585217
2023-06-30 17:48:01 [booklist] INFO: VALID_ID: 2571970
2023-06-30 17:48:01 [booklist] INFO: VALID_ID: 1307726
2023-06-30 17:48:01 [booklist] INFO: VALID_ID: 10301657
2023-06-30 17:48:01 [booklist] INFO: VALID_ID: 2610431
2023-06-30 17:48:01 [booklist] INFO: VALID_ID: 2609279
2023-06-30 17:48:01 [booklist] INFO: VALID_ID: 2589007
2023-06-30 17:48:01 [booklist] INFO: VALID_ID: 2589006
2023-06-30 17:48:01 [booklist] INFO: VALID_ID: 2589008
2023-06-30 17:48:01 [booklist] INFO: VALID_ID: 2532472
2023-06-30 17:48:01 [booklist] INFO: VALID_ID: 2589004
2023-06-30 17:48:01 [booklist] INFO: VALID_ID: 2608597
2023-06-30 17:48:01 [booklist] INFO: VALID_ID: 2585331
2023-06-30 17:48:01 [booklist] INFO: VALID_ID: 10301461
2023-06-30 17:48:01 [booklist] INFO: VALID_ID: 2610444
2023-06-30 17:48:01 [booklist] INFO: VALID_ID: 1287689
2023-06-30 17:48:01 [booklist] INFO: VALID_ID: 2606806
2023-06-30 17:48:01 [booklist] INFO: VALID_ID: 2589005
2023-06-30 17:48:01 [booklist] INFO: VALID_ID: 2608721
2023-06-30 17:48:01 [booklist] INFO: VALID_ID: 2606412
2023-06-30 17:48:01 [booklist] INFO: VALID_ID: 2559134
2023-06-30 17:48:01 [booklist] INFO: VALID_ID: 2559137
2023-06-30 17:48:01 [booklist] INFO: VALID_ID: 2550480
2023-06-30 17:48:01 [booklist] INFO: VALID_ID: 9369964
2023-06-30 17:48:01 [booklist] INFO: VALID_ID: 2559142
2023-06-30 17:48:01 [booklist] INFO: VALID_ID: 2607580
2023-06-30 17:48:01 [booklist] INFO: VALID_ID: 2559140
2023-06-30 17:48:01 [booklist] INFO: VALID_ID: 2608247
2023-06-30 17:48:01 [booklist] INFO: VALID_ID: 10301407
2023-06-30 17:48:01 [booklist] INFO: VALID_ID: 2559136
2023-06-30 17:48:01 [booklist] INFO: VALID_ID: 2559145
2023-06-30 17:48:01 [booklist] INFO: VALID_ID: 2559139
2023-06-30 17:48:01 [booklist] INFO: VALID_ID: 2559138
2023-06-30 17:48:01 [booklist] INFO: VALID_ID: 1286615
2023-06-30 17:48:01 [booklist] INFO: VALID_ID: 2549814
2023-06-30 17:48:01 [booklist] INFO: VALID_ID: 2559141
2023-06-30 17:48:01 [booklist] INFO: VALID_ID: 1287648
2023-06-30 17:48:01 [booklist] INFO: VALID_ID: 2611073
2023-06-30 17:48:01 [booklist] INFO: VALID_ID: 2559143
2023-06-30 17:48:01 [booklist] INFO: VALID_ID: 2559144
2023-06-30 17:48:01 [booklist] INFO: VALID_ID: 10300963
2023-06-30 17:48:01 [booklist] INFO: VALID_ID: 2548582
2023-06-30 17:48:01 [booklist] INFO: VALID_ID: 2607879
2023-06-30 17:48:01 [booklist] INFO: VALID_ID: 2549764
2023-06-30 17:48:01 [booklist] INFO: VALID_ID: 2548583
2023-06-30 17:48:01 [booklist] INFO: VALID_ID: 2609301
2023-06-30 17:48:01 [booklist] INFO: VALID_ID: 2572863
2023-06-30 17:48:01 [booklist] INFO: VALID_ID: 2610368
2023-06-30 17:48:01 [booklist] INFO: VALID_ID: 2559098
2023-06-30 17:48:01 [booklist] INFO: VALID_ID: 2571651
2023-06-30 17:48:01 [booklist] INFO: VALID_ID: 2559091
2023-06-30 17:48:01 [booklist] INFO: VALID_ID: 2559095
2023-06-30 17:48:01 [booklist] INFO: VALID_ID: 2559093
2023-06-30 17:48:01 [booklist] INFO: VALID_ID: 2559092
2023-06-30 17:48:01 [booklist] INFO: VALID_ID: 2559094
2023-06-30 17:48:01 [booklist] INFO: VALID_ID: 2559100
2023-06-30 17:48:01 [booklist] INFO: VALID_ID: 2559097
2023-06-30 17:48:01 [booklist] INFO: VALID_ID: 2587812
2023-06-30 17:48:01 [booklist] INFO: VALID_ID: 2608824
2023-06-30 17:48:01 [booklist] INFO: VALID_ID: 2609629
2023-06-30 17:48:01 [booklist] INFO: VALID_ID: 2559096
2023-06-30 17:48:01 [booklist] INFO: VALID_ID: 2559099
2023-06-30 17:48:01 [booklist] INFO: VALID_ID: 2576264
2023-06-30 17:48:01 [booklist] INFO: VALID_ID: 2576255
2023-06-30 17:48:01 [booklist] INFO: VALID_ID: 2550399
2023-06-30 17:48:01 [booklist] INFO: VALID_ID: 2576257
2023-06-30 17:48:01 [booklist] INFO: VALID_ID: 2576247
2023-06-30 17:48:02 [scrapy.core.engine] DEBUG: Crawled (200) <POST https://dl.ndl.go.jp/api/item/search> (referer: https://dl.ndl.go.jp/api/item/search)
2023-06-30 17:48:02 [booklist] INFO: Fetched page 13
2023-06-30 17:48:03 [booklist] INFO: VALID_ID: 2576264
2023-06-30 17:48:03 [booklist] INFO: VALID_ID: 2576254
2023-06-30 17:48:03 [booklist] INFO: VALID_ID: 2576248
2023-06-30 17:48:03 [booklist] INFO: VALID_ID: 2576258
2023-06-30 17:48:03 [booklist] INFO: VALID_ID: 2576247
2023-06-30 17:48:03 [booklist] INFO: VALID_ID: 2576259
2023-06-30 17:48:03 [booklist] INFO: VALID_ID: 2576261
2023-06-30 17:48:03 [booklist] INFO: VALID_ID: 2611035
2023-06-30 17:48:03 [booklist] INFO: VALID_ID: 2559099
2023-06-30 17:48:03 [booklist] INFO: VALID_ID: 2576253
2023-06-30 17:48:03 [booklist] INFO: VALID_ID: 2576249
2023-06-30 17:48:03 [booklist] INFO: VALID_ID: 2576257
2023-06-30 17:48:03 [booklist] INFO: VALID_ID: 2576246
2023-06-30 17:48:03 [booklist] INFO: VALID_ID: 2576252
2023-06-30 17:48:03 [booklist] INFO: VALID_ID: 2576256
2023-06-30 17:48:03 [booklist] INFO: VALID_ID: 2608884
2023-06-30 17:48:03 [booklist] INFO: VALID_ID: 2576263
2023-06-30 17:48:03 [booklist] INFO: VALID_ID: 2576250
2023-06-30 17:48:03 [booklist] INFO: VALID_ID: 2576251
2023-06-30 17:48:03 [booklist] INFO: VALID_ID: 2548736
2023-06-30 17:48:03 [booklist] INFO: VALID_ID: 2576260
2023-06-30 17:48:03 [booklist] INFO: VALID_ID: 2550140
2023-06-30 17:48:03 [booklist] INFO: VALID_ID: 2559210
2023-06-30 17:48:03 [booklist] INFO: VALID_ID: 2576230
2023-06-30 17:48:03 [booklist] INFO: VALID_ID: 2572498
2023-06-30 17:48:03 [booklist] INFO: VALID_ID: 2559208
2023-06-30 17:48:03 [booklist] INFO: VALID_ID: 2576219
2023-06-30 17:48:03 [booklist] INFO: VALID_ID: 2576224
2023-06-30 17:48:03 [booklist] INFO: VALID_ID: 2576223
2023-06-30 17:48:03 [booklist] INFO: VALID_ID: 2576221
2023-06-30 17:48:03 [booklist] INFO: VALID_ID: 2559217
2023-06-30 17:48:03 [booklist] INFO: VALID_ID: 2576222
2023-06-30 17:48:03 [booklist] INFO: VALID_ID: 9369963
2023-06-30 17:48:03 [booklist] INFO: VALID_ID: 2576214
2023-06-30 17:48:03 [booklist] INFO: VALID_ID: 2559218
2023-06-30 17:48:03 [booklist] INFO: VALID_ID: 2576225
2023-06-30 17:48:03 [booklist] INFO: VALID_ID: 2576229
2023-06-30 17:48:03 [booklist] INFO: VALID_ID: 2533459
2023-06-30 17:48:03 [booklist] INFO: VALID_ID: 2576226
2023-06-30 17:48:03 [booklist] INFO: VALID_ID: 1288533
2023-06-30 17:48:03 [booklist] INFO: VALID_ID: 2576212
2023-06-30 17:48:03 [booklist] INFO: VALID_ID: 2559215
2023-06-30 17:48:03 [booklist] INFO: VALID_ID: 2576217
2023-06-30 17:48:03 [booklist] INFO: VALID_ID: 2576215
2023-06-30 17:48:03 [booklist] INFO: VALID_ID: 2559216
2023-06-30 17:48:03 [booklist] INFO: VALID_ID: 2576233
2023-06-30 17:48:03 [booklist] INFO: VALID_ID: 2576218
2023-06-30 17:48:03 [booklist] INFO: VALID_ID: 2559207
2023-06-30 17:48:03 [booklist] INFO: VALID_ID: 2549250
2023-06-30 17:48:03 [booklist] INFO: VALID_ID: 2576213
2023-06-30 17:48:03 [booklist] INFO: VALID_ID: 2559212
2023-06-30 17:48:03 [booklist] INFO: VALID_ID: 2576228
2023-06-30 17:48:03 [booklist] INFO: VALID_ID: 2572497
2023-06-30 17:48:03 [booklist] INFO: VALID_ID: 2576220
2023-06-30 17:48:03 [booklist] INFO: VALID_ID: 2550326
2023-06-30 17:48:03 [booklist] INFO: VALID_ID: 2549141
2023-06-30 17:48:03 [booklist] INFO: VALID_ID: 10301383
2023-06-30 17:48:03 [booklist] INFO: VALID_ID: 2549227
2023-06-30 17:48:03 [booklist] INFO: VALID_ID: 2576231
2023-06-30 17:48:03 [booklist] INFO: VALID_ID: 2559209
2023-06-30 17:48:03 [booklist] INFO: VALID_ID: 2576216
2023-06-30 17:48:03 [booklist] INFO: VALID_ID: 2559213
2023-06-30 17:48:03 [booklist] INFO: VALID_ID: 2549310
2023-06-30 17:48:03 [booklist] INFO: VALID_ID: 2576227
2023-06-30 17:48:03 [booklist] INFO: VALID_ID: 2572644
2023-06-30 17:48:03 [booklist] INFO: VALID_ID: 2549228
2023-06-30 17:48:03 [booklist] INFO: VALID_ID: 2572473
2023-06-30 17:48:03 [booklist] INFO: VALID_ID: 2550302
2023-06-30 17:48:03 [booklist] INFO: VALID_ID: 2549252
2023-06-30 17:48:03 [booklist] INFO: VALID_ID: 1288525
2023-06-30 17:48:03 [booklist] INFO: VALID_ID: 1288532
2023-06-30 17:48:03 [booklist] INFO: VALID_ID: 2559167
2023-06-30 17:48:03 [booklist] INFO: VALID_ID: 2559168
2023-06-30 17:48:03 [booklist] INFO: VALID_ID: 2549251
2023-06-30 17:48:03 [booklist] INFO: VALID_ID: 2549249
2023-06-30 17:48:03 [booklist] INFO: VALID_ID: 1288536
2023-06-30 17:48:03 [booklist] INFO: VALID_ID: 2559177
2023-06-30 17:48:03 [booklist] INFO: VALID_ID: 2559169
2023-06-30 17:48:03 [booklist] INFO: VALID_ID: 2559163
2023-06-30 17:48:03 [booklist] INFO: VALID_ID: 2559165
2023-06-30 17:48:03 [booklist] INFO: VALID_ID: 2559174
2023-06-30 17:48:03 [booklist] INFO: VALID_ID: 2606130
2023-06-30 17:48:03 [booklist] INFO: VALID_ID: 2559175
2023-06-30 17:48:03 [booklist] INFO: VALID_ID: 2559170
2023-06-30 17:48:03 [booklist] INFO: VALID_ID: 2559173
2023-06-30 17:48:03 [booklist] INFO: VALID_ID: 2559171
2023-06-30 17:48:03 [booklist] INFO: VALID_ID: 2559176
2023-06-30 17:48:03 [booklist] INFO: VALID_ID: 2559166
2023-06-30 17:48:03 [booklist] INFO: VALID_ID: 2549293
2023-06-30 17:48:03 [booklist] INFO: VALID_ID: 2559164
2023-06-30 17:48:03 [booklist] INFO: VALID_ID: 2572479
2023-06-30 17:48:03 [booklist] INFO: VALID_ID: 2572478
2023-06-30 17:48:03 [booklist] INFO: VALID_ID: 1288189
2023-06-30 17:48:03 [booklist] INFO: VALID_ID: 2549033
2023-06-30 17:48:03 [booklist] INFO: VALID_ID: 2559258
2023-06-30 17:48:03 [booklist] INFO: VALID_ID: 2549248
2023-06-30 17:48:03 [booklist] INFO: VALID_ID: 2550301
2023-06-30 17:48:03 [booklist] INFO: VALID_ID: 2606349
2023-06-30 17:48:03 [booklist] INFO: VALID_ID: 2559257
2023-06-30 17:48:03 [booklist] INFO: VALID_ID: 2549050
2023-06-30 17:48:05 [scrapy.core.engine] DEBUG: Crawled (200) <POST https://dl.ndl.go.jp/api/item/search> (referer: https://dl.ndl.go.jp/api/item/search)
2023-06-30 17:48:05 [booklist] INFO: Fetched page 14
2023-06-30 17:48:05 [booklist] INFO: VALID_ID: 2606130
2023-06-30 17:48:05 [booklist] INFO: VALID_ID: 2559262
2023-06-30 17:48:05 [booklist] INFO: VALID_ID: 2559259
2023-06-30 17:48:05 [booklist] INFO: VALID_ID: 2559260
2023-06-30 17:48:05 [booklist] INFO: VALID_ID: 2559261
2023-06-30 17:48:05 [booklist] INFO: VALID_ID: 2549140
2023-06-30 17:48:05 [booklist] INFO: VALID_ID: 2572500
2023-06-30 17:48:05 [booklist] INFO: VALID_ID: 2549077
2023-06-30 17:48:05 [booklist] INFO: VALID_ID: 2549153
2023-06-30 17:48:05 [booklist] INFO: VALID_ID: 2549051
2023-06-30 17:48:05 [booklist] INFO: VALID_ID: 2559256
2023-06-30 17:48:05 [booklist] INFO: VALID_ID: 2549052
2023-06-30 17:48:05 [booklist] INFO: VALID_ID: 2549079
2023-06-30 17:48:05 [booklist] INFO: VALID_ID: 2549049
2023-06-30 17:48:05 [booklist] INFO: VALID_ID: 2559263
2023-06-30 17:48:05 [booklist] INFO: VALID_ID: 2559264
2023-06-30 17:48:05 [booklist] INFO: VALID_ID: 2549053
2023-06-30 17:48:05 [booklist] INFO: VALID_ID: 2572477
2023-06-30 17:48:05 [booklist] INFO: VALID_ID: 2572501
2023-06-30 17:48:05 [booklist] INFO: VALID_ID: 2549078
2023-06-30 17:48:05 [booklist] INFO: VALID_ID: 2559156
2023-06-30 17:48:05 [booklist] INFO: VALID_ID: 2572493
2023-06-30 17:48:05 [booklist] INFO: VALID_ID: 2549156
2023-06-30 17:48:05 [booklist] INFO: VALID_ID: 2606349
2023-06-30 17:48:05 [booklist] INFO: VALID_ID: 2549048
2023-06-30 17:48:05 [booklist] INFO: VALID_ID: 2549157
2023-06-30 17:48:05 [booklist] INFO: VALID_ID: 2549155
2023-06-30 17:48:05 [booklist] INFO: VALID_ID: 2549154
2023-06-30 17:48:05 [booklist] INFO: VALID_ID: 2572499
2023-06-30 17:48:05 [booklist] INFO: VALID_ID: 2559148
2023-06-30 17:48:05 [booklist] INFO: VALID_ID: 2550207
2023-06-30 17:48:05 [booklist] INFO: VALID_ID: 2559153
2023-06-30 17:48:05 [booklist] INFO: VALID_ID: 2572502
2023-06-30 17:48:05 [booklist] INFO: VALID_ID: 2559158
2023-06-30 17:48:05 [booklist] INFO: VALID_ID: 2559159
2023-06-30 17:48:05 [booklist] INFO: VALID_ID: 2549128
2023-06-30 17:48:05 [booklist] INFO: VALID_ID: 2549104
2023-06-30 17:48:05 [booklist] INFO: VALID_ID: 2559154
2023-06-30 17:48:05 [booklist] INFO: VALID_ID: 2559155
2023-06-30 17:48:05 [booklist] INFO: VALID_ID: 2549158
2023-06-30 17:48:05 [booklist] INFO: VALID_ID: 2550154
2023-06-30 17:48:05 [booklist] INFO: VALID_ID: 2549075
2023-06-30 17:48:05 [booklist] INFO: VALID_ID: 2549076
2023-06-30 17:48:05 [booklist] INFO: VALID_ID: 2572679
2023-06-30 17:48:05 [booklist] INFO: VALID_ID: 2559147
2023-06-30 17:48:05 [booklist] INFO: VALID_ID: 2549102
2023-06-30 17:48:05 [booklist] INFO: VALID_ID: 2549095
2023-06-30 17:48:05 [booklist] INFO: VALID_ID: 2572489
2023-06-30 17:48:05 [booklist] INFO: VALID_ID: 2572490
2023-06-30 17:48:05 [booklist] INFO: VALID_ID: 2549139
2023-06-30 17:48:05 [booklist] INFO: VALID_ID: 2559150
2023-06-30 17:48:05 [booklist] INFO: VALID_ID: 2559157
2023-06-30 17:48:05 [booklist] INFO: VALID_ID: 2572699
2023-06-30 17:48:05 [booklist] INFO: VALID_ID: 2559149
2023-06-30 17:48:05 [booklist] INFO: VALID_ID: 2559152
2023-06-30 17:48:05 [booklist] INFO: VALID_ID: 2559161
2023-06-30 17:48:05 [booklist] INFO: VALID_ID: 2572492
2023-06-30 17:48:05 [booklist] INFO: VALID_ID: 2549068
2023-06-30 17:48:05 [booklist] INFO: VALID_ID: 2549096
2023-06-30 17:48:05 [booklist] INFO: VALID_ID: 2572606
2023-06-30 17:48:05 [booklist] INFO: VALID_ID: 2559146
2023-06-30 17:48:05 [booklist] INFO: VALID_ID: 2559162
2023-06-30 17:48:05 [booklist] INFO: VALID_ID: 2572461
2023-06-30 17:48:05 [booklist] INFO: VALID_ID: 2587829
2023-06-30 17:48:05 [booklist] INFO: VALID_ID: 2549050
2023-06-30 17:48:05 [booklist] INFO: VALID_ID: 2549046
2023-06-30 17:48:05 [booklist] INFO: VALID_ID: 2549047
2023-06-30 17:48:05 [booklist] INFO: VALID_ID: 2549103
2023-06-30 17:48:05 [booklist] INFO: VALID_ID: 2572462
2023-06-30 17:48:05 [booklist] INFO: VALID_ID: 2572505
2023-06-30 17:48:05 [booklist] INFO: VALID_ID: 2549083
2023-06-30 17:48:05 [booklist] INFO: VALID_ID: 2549084
2023-06-30 17:48:05 [booklist] INFO: VALID_ID: 2572506
2023-06-30 17:48:05 [booklist] INFO: VALID_ID: 2549152
2023-06-30 17:48:05 [booklist] INFO: VALID_ID: 2549101
2023-06-30 17:48:05 [booklist] INFO: VALID_ID: 2572488
2023-06-30 17:48:05 [booklist] INFO: VALID_ID: 2549086
2023-06-30 17:48:05 [booklist] INFO: VALID_ID: 2572483
2023-06-30 17:48:05 [booklist] INFO: VALID_ID: 2549247
2023-06-30 17:48:05 [booklist] INFO: VALID_ID: 2572612
2023-06-30 17:48:05 [booklist] INFO: VALID_ID: 2572694
2023-06-30 17:48:05 [booklist] INFO: VALID_ID: 2572491
2023-06-30 17:48:05 [booklist] INFO: VALID_ID: 2549044
2023-06-30 17:48:05 [booklist] INFO: VALID_ID: 2572507
2023-06-30 17:48:05 [booklist] INFO: VALID_ID: 2549064
2023-06-30 17:48:05 [booklist] INFO: VALID_ID: 2549122
2023-06-30 17:48:05 [booklist] INFO: VALID_ID: 2549131
2023-06-30 17:48:05 [booklist] INFO: VALID_ID: 2549082
2023-06-30 17:48:05 [booklist] INFO: VALID_ID: 2549231
2023-06-30 17:48:05 [booklist] INFO: VALID_ID: 2572649
2023-06-30 17:48:05 [booklist] INFO: VALID_ID: 2572484
2023-06-30 17:48:05 [booklist] INFO: VALID_ID: 2572482
2023-06-30 17:48:05 [booklist] INFO: VALID_ID: 2549074
2023-06-30 17:48:05 [booklist] INFO: VALID_ID: 2549069
2023-06-30 17:48:05 [booklist] INFO: VALID_ID: 2549132
2023-06-30 17:48:05 [booklist] INFO: VALID_ID: 2572496
2023-06-30 17:48:05 [booklist] INFO: VALID_ID: 2549092
2023-06-30 17:48:05 [booklist] INFO: VALID_ID: 2549117
2023-06-30 17:48:05 [booklist] INFO: VALID_ID: 2572480
2023-06-30 17:48:05 [booklist] INFO: VALID_ID: 2572481
2023-06-30 17:48:07 [scrapy.core.engine] DEBUG: Crawled (200) <POST https://dl.ndl.go.jp/api/item/search> (referer: https://dl.ndl.go.jp/api/item/search)
2023-06-30 17:48:07 [booklist] INFO: Fetched page 15
2023-06-30 17:48:07 [booklist] INFO: VALID_ID: 2549044
2023-06-30 17:48:07 [booklist] INFO: VALID_ID: 2572507
2023-06-30 17:48:07 [booklist] INFO: VALID_ID: 2572488
2023-06-30 17:48:07 [booklist] INFO: VALID_ID: 2549086
2023-06-30 17:48:07 [booklist] INFO: VALID_ID: 2549069
2023-06-30 17:48:07 [booklist] INFO: VALID_ID: 2549132
2023-06-30 17:48:07 [booklist] INFO: VALID_ID: 2572496
2023-06-30 17:48:07 [booklist] INFO: VALID_ID: 2549092
2023-06-30 17:48:07 [booklist] INFO: VALID_ID: 2549117
2023-06-30 17:48:07 [booklist] INFO: VALID_ID: 2572655
2023-06-30 17:48:07 [booklist] INFO: VALID_ID: 2572480
2023-06-30 17:48:07 [booklist] INFO: VALID_ID: 2572481
2023-06-30 17:48:07 [booklist] INFO: VALID_ID: 2572660
2023-06-30 17:48:07 [booklist] INFO: VALID_ID: 2572495
2023-06-30 17:48:07 [booklist] INFO: VALID_ID: 2572485
2023-06-30 17:48:07 [booklist] INFO: VALID_ID: 2549123
2023-06-30 17:48:07 [booklist] INFO: VALID_ID: 2572486
2023-06-30 17:48:07 [booklist] INFO: VALID_ID: 1288534
2023-06-30 17:48:07 [booklist] INFO: VALID_ID: 2572487
2023-06-30 17:48:07 [booklist] INFO: VALID_ID: 2572698
2023-06-30 17:48:07 [booklist] INFO: VALID_ID: 2549090
2023-06-30 17:48:07 [booklist] INFO: VALID_ID: 2572550
2023-06-30 17:48:07 [booklist] INFO: VALID_ID: 2572608
2023-06-30 17:48:07 [booklist] INFO: VALID_ID: 2572551
2023-06-30 17:48:07 [booklist] INFO: VALID_ID: 2549091
2023-06-30 17:48:07 [booklist] INFO: VALID_ID: 2549038
2023-06-30 17:48:07 [booklist] INFO: VALID_ID: 2549039
2023-06-30 17:48:07 [booklist] INFO: VALID_ID: 2572695
2023-06-30 17:48:07 [booklist] INFO: VALID_ID: 2572557
2023-06-30 17:48:07 [booklist] INFO: VALID_ID: 2572611
2023-06-30 17:48:07 [booklist] INFO: VALID_ID: 2572556
2023-06-30 17:48:07 [booklist] INFO: VALID_ID: 2549070
2023-06-30 17:48:07 [booklist] INFO: VALID_ID: 2572547
2023-06-30 17:48:07 [booklist] INFO: VALID_ID: 2572568
2023-06-30 17:48:07 [booklist] INFO: VALID_ID: 2549063
2023-06-30 17:48:07 [booklist] INFO: VALID_ID: 2549040
2023-06-30 17:48:07 [booklist] INFO: VALID_ID: 2572548
2023-06-30 17:48:07 [booklist] INFO: VALID_ID: 2549067
2023-06-30 17:48:07 [booklist] INFO: VALID_ID: 2572494
2023-06-30 17:48:07 [booklist] INFO: VALID_ID: 2572666
2023-06-30 17:48:07 [booklist] INFO: VALID_ID: 2572610
2023-06-30 17:48:07 [booklist] INFO: VALID_ID: 2549116
2023-06-30 17:48:07 [booklist] INFO: VALID_ID: 2549133
2023-06-30 17:48:07 [booklist] INFO: VALID_ID: 2572569
2023-06-30 17:48:07 [booklist] INFO: VALID_ID: 2572609
2023-06-30 17:48:07 [booklist] INFO: VALID_ID: 2572613
2023-06-30 17:48:07 [booklist] INFO: VALID_ID: 2549073
2023-06-30 17:48:07 [booklist] INFO: VALID_ID: 2572545
2023-06-30 17:48:07 [booklist] INFO: VALID_ID: 2549137
2023-06-30 17:48:07 [booklist] INFO: VALID_ID: 2572554
2023-06-30 17:48:07 [booklist] INFO: VALID_ID: 2587832
2023-06-30 17:48:07 [booklist] INFO: VALID_ID: 2549089
2023-06-30 17:48:07 [booklist] INFO: VALID_ID: 2572653
2023-06-30 17:48:07 [booklist] INFO: VALID_ID: 2549121
2023-06-30 17:48:07 [booklist] INFO: VALID_ID: 2549099
2023-06-30 17:48:07 [booklist] INFO: VALID_ID: 2572555
2023-06-30 17:48:07 [booklist] INFO: VALID_ID: 2572693
2023-06-30 17:48:07 [booklist] INFO: VALID_ID: 2572570
2023-06-30 17:48:07 [booklist] INFO: VALID_ID: 2549088
2023-06-30 17:48:07 [booklist] INFO: VALID_ID: 2572700
2023-06-30 17:48:07 [booklist] INFO: VALID_ID: 2572612
2023-06-30 17:48:07 [booklist] INFO: VALID_ID: 2572694
2023-06-30 17:48:07 [booklist] INFO: VALID_ID: 2549080
2023-06-30 17:48:07 [booklist] INFO: VALID_ID: 2572540
2023-06-30 17:48:07 [booklist] INFO: VALID_ID: 2572542
2023-06-30 17:48:07 [booklist] INFO: VALID_ID: 2572543
2023-06-30 17:48:07 [booklist] INFO: VALID_ID: 2572544
2023-06-30 17:48:07 [booklist] INFO: VALID_ID: 2572607
2023-06-30 17:48:07 [booklist] INFO: VALID_ID: 2572559
2023-06-30 17:48:07 [booklist] INFO: VALID_ID: 2572661
2023-06-30 17:48:07 [booklist] INFO: VALID_ID: 2572531
2023-06-30 17:48:07 [booklist] INFO: VALID_ID: 2549124
2023-06-30 17:48:07 [booklist] INFO: VALID_ID: 2572667
2023-06-30 17:48:07 [booklist] INFO: VALID_ID: 2549100
2023-06-30 17:48:07 [booklist] INFO: VALID_ID: 2572558
2023-06-30 17:48:07 [booklist] INFO: VALID_ID: 2572657
2023-06-30 17:48:07 [booklist] INFO: VALID_ID: 2549135
2023-06-30 17:48:07 [booklist] INFO: VALID_ID: 2572658
2023-06-30 17:48:07 [booklist] INFO: VALID_ID: 2572673
2023-06-30 17:48:07 [booklist] INFO: VALID_ID: 2572553
2023-06-30 17:48:07 [booklist] INFO: VALID_ID: 2549115
2023-06-30 17:48:07 [booklist] INFO: VALID_ID: 2559238
2023-06-30 17:48:07 [booklist] INFO: VALID_ID: 2549120
2023-06-30 17:48:07 [booklist] INFO: VALID_ID: 2549129
2023-06-30 17:48:07 [booklist] INFO: VALID_ID: 2549066
2023-06-30 17:48:07 [booklist] INFO: VALID_ID: 2572530
2023-06-30 17:48:07 [booklist] INFO: VALID_ID: 2549071
2023-06-30 17:48:07 [booklist] INFO: VALID_ID: 2549136
2023-06-30 17:48:07 [booklist] INFO: VALID_ID: 2549072
2023-06-30 17:48:07 [booklist] INFO: VALID_ID: 2572549
2023-06-30 17:48:07 [booklist] INFO: VALID_ID: 2609800
2023-06-30 17:48:07 [booklist] INFO: VALID_ID: 2572532
2023-06-30 17:48:07 [booklist] INFO: VALID_ID: 2549119
2023-06-30 17:48:07 [booklist] INFO: VALID_ID: 2572671
2023-06-30 17:48:07 [booklist] INFO: VALID_ID: 2549041
2023-06-30 17:48:07 [booklist] INFO: VALID_ID: 2572605
2023-06-30 17:48:07 [booklist] INFO: VALID_ID: 2559234
2023-06-30 17:48:07 [booklist] INFO: VALID_ID: 2572711
2023-06-30 17:48:07 [booklist] INFO: VALID_ID: 2572546
2023-06-30 17:48:07 [booklist] INFO: VALID_ID: 2572651
2023-06-30 17:48:09 [scrapy.core.engine] DEBUG: Crawled (200) <POST https://dl.ndl.go.jp/api/item/search> (referer: https://dl.ndl.go.jp/api/item/search)
2023-06-30 17:48:09 [booklist] INFO: Fetched page 16
2023-06-30 17:48:10 [booklist] INFO: VALID_ID: 2559234
2023-06-30 17:48:10 [booklist] INFO: VALID_ID: 2549037
2023-06-30 17:48:10 [booklist] INFO: VALID_ID: 2572535
2023-06-30 17:48:10 [booklist] INFO: VALID_ID: 2549055
2023-06-30 17:48:10 [booklist] INFO: VALID_ID: 2572684
2023-06-30 17:48:10 [booklist] INFO: VALID_ID: 2559239
2023-06-30 17:48:10 [booklist] INFO: VALID_ID: 2549130
2023-06-30 17:48:10 [booklist] INFO: VALID_ID: 2549059
2023-06-30 17:48:10 [booklist] INFO: VALID_ID: 2572534
2023-06-30 17:48:10 [booklist] INFO: VALID_ID: 2572536
2023-06-30 17:48:10 [booklist] INFO: VALID_ID: 2572541
2023-06-30 17:48:10 [booklist] INFO: VALID_ID: 2572602
2023-06-30 17:48:10 [booklist] INFO: VALID_ID: 2549143
2023-06-30 17:48:10 [booklist] INFO: VALID_ID: 2572672
2023-06-30 17:48:10 [booklist] INFO: VALID_ID: 2559240
2023-06-30 17:48:10 [booklist] INFO: VALID_ID: 2549080
2023-06-30 17:48:10 [booklist] INFO: VALID_ID: 2572540
2023-06-30 17:48:10 [booklist] INFO: VALID_ID: 2550398
2023-06-30 17:48:10 [booklist] INFO: VALID_ID: 2549054
2023-06-30 17:48:10 [booklist] INFO: VALID_ID: 2572531
2023-06-30 17:48:10 [booklist] INFO: VALID_ID: 2549124
2023-06-30 17:48:10 [booklist] INFO: VALID_ID: 9369953
2023-06-30 17:48:10 [booklist] INFO: VALID_ID: 2549034
2023-06-30 17:48:10 [booklist] INFO: VALID_ID: 2572664
2023-06-30 17:48:10 [booklist] INFO: VALID_ID: 2572670
2023-06-30 17:48:10 [booklist] INFO: VALID_ID: 2572551
2023-06-30 17:48:10 [booklist] INFO: VALID_ID: 2549056
2023-06-30 17:48:10 [booklist] INFO: VALID_ID: 2549144
2023-06-30 17:48:10 [booklist] INFO: VALID_ID: 2572570
2023-06-30 17:48:10 [booklist] INFO: VALID_ID: 2576240
2023-06-30 17:48:10 [booklist] INFO: VALID_ID: 2572583
2023-06-30 17:48:10 [booklist] INFO: VALID_ID: 2572615
2023-06-30 17:48:10 [booklist] INFO: VALID_ID: 2559232
2023-06-30 17:48:10 [booklist] INFO: VALID_ID: 2576236
2023-06-30 17:48:10 [booklist] INFO: VALID_ID: 2572550
2023-06-30 17:48:10 [booklist] INFO: VALID_ID: 2572608
2023-06-30 17:48:10 [booklist] INFO: VALID_ID: 2572591
2023-06-30 17:48:10 [booklist] INFO: VALID_ID: 2549061
2023-06-30 17:48:10 [booklist] INFO: VALID_ID: 2559233
2023-06-30 17:48:10 [booklist] INFO: VALID_ID: 2559236
2023-06-30 17:48:10 [booklist] INFO: VALID_ID: 2572575
2023-06-30 17:48:10 [booklist] INFO: VALID_ID: 2572537
2023-06-30 17:48:10 [booklist] INFO: VALID_ID: 2576235
2023-06-30 17:48:10 [booklist] INFO: VALID_ID: 2576245
2023-06-30 17:48:10 [booklist] INFO: VALID_ID: 2549035
2023-06-30 17:48:10 [booklist] INFO: VALID_ID: 2572538
2023-06-30 17:48:10 [booklist] INFO: VALID_ID: 2572539
2023-06-30 17:48:10 [booklist] INFO: VALID_ID: 2572650
2023-06-30 17:48:10 [booklist] INFO: VALID_ID: 2572669
2023-06-30 17:48:10 [booklist] INFO: VALID_ID: 2549036
2023-06-30 17:48:10 [booklist] INFO: VALID_ID: 2576241
2023-06-30 17:48:10 [booklist] INFO: VALID_ID: 2549112
2023-06-30 17:48:10 [booklist] INFO: VALID_ID: 2576242
2023-06-30 17:48:10 [booklist] INFO: VALID_ID: 2576243
2023-06-30 17:48:10 [booklist] INFO: VALID_ID: 2550191
2023-06-30 17:48:10 [booklist] INFO: VALID_ID: 2572603
2023-06-30 17:48:10 [booklist] INFO: VALID_ID: 2572687
2023-06-30 17:48:10 [booklist] INFO: VALID_ID: 2576239
2023-06-30 17:48:10 [booklist] INFO: VALID_ID: 2576244
2023-06-30 17:48:10 [booklist] INFO: VALID_ID: 2549288
2023-06-30 17:48:10 [booklist] INFO: VALID_ID: 2549109
2023-06-30 17:48:10 [booklist] INFO: VALID_ID: 2547770
2023-06-30 17:48:10 [booklist] INFO: VALID_ID: 2572598
2023-06-30 17:48:10 [booklist] INFO: VALID_ID: 2572675
2023-06-30 17:48:10 [booklist] INFO: VALID_ID: 2550303
2023-06-30 17:48:10 [booklist] INFO: VALID_ID: 2549145
2023-06-30 17:48:10 [booklist] INFO: VALID_ID: 2572711
2023-06-30 17:48:10 [booklist] INFO: VALID_ID: 2576234
2023-06-30 17:48:10 [booklist] INFO: VALID_ID: 2576237
2023-06-30 17:48:10 [booklist] INFO: VALID_ID: 2547771
2023-06-30 17:48:10 [booklist] INFO: VALID_ID: 2549111
2023-06-30 17:48:10 [booklist] INFO: VALID_ID: 2549110
2023-06-30 17:48:10 [booklist] INFO: VALID_ID: 2549229
2023-06-30 17:48:10 [booklist] INFO: VALID_ID: 2550237
2023-06-30 17:48:10 [booklist] INFO: VALID_ID: 2572584
2023-06-30 17:48:10 [booklist] INFO: VALID_ID: 2572587
2023-06-30 17:48:10 [booklist] INFO: VALID_ID: 2572592
2023-06-30 17:48:10 [booklist] INFO: VALID_ID: 2572614
2023-06-30 17:48:10 [booklist] INFO: VALID_ID: 2572596
2023-06-30 17:48:10 [booklist] INFO: VALID_ID: 2549108
2023-06-30 17:48:10 [booklist] INFO: VALID_ID: 2572594
2023-06-30 17:48:10 [booklist] INFO: VALID_ID: 2572597
2023-06-30 17:48:10 [booklist] INFO: VALID_ID: 2572585
2023-06-30 17:48:10 [booklist] INFO: VALID_ID: 2572590
2023-06-30 17:48:10 [booklist] INFO: VALID_ID: 2610456
2023-06-30 17:48:10 [booklist] INFO: VALID_ID: 2572604
2023-06-30 17:48:10 [booklist] INFO: VALID_ID: 2572674
2023-06-30 17:48:10 [booklist] INFO: VALID_ID: 2572582
2023-06-30 17:48:10 [booklist] INFO: VALID_ID: 2572595
2023-06-30 17:48:10 [booklist] INFO: VALID_ID: 2550308
2023-06-30 17:48:10 [booklist] INFO: VALID_ID: 2572586
2023-06-30 17:48:10 [booklist] INFO: VALID_ID: 2572589
2023-06-30 17:48:10 [booklist] INFO: VALID_ID: 2549114
2023-06-30 17:48:10 [booklist] INFO: VALID_ID: 2549106
2023-06-30 17:48:10 [booklist] INFO: VALID_ID: 2549107
2023-06-30 17:48:10 [booklist] INFO: VALID_ID: 2572593
2023-06-30 17:48:10 [booklist] INFO: VALID_ID: 2572616
2023-06-30 17:48:10 [booklist] INFO: VALID_ID: 2572600
2023-06-30 17:48:10 [booklist] INFO: VALID_ID: 2549105
2023-06-30 17:48:10 [booklist] INFO: VALID_ID: 2549113
2023-06-30 17:48:10 [scrapy.core.engine] DEBUG: Crawled (200) <POST https://dl.ndl.go.jp/api/item/search> (referer: https://dl.ndl.go.jp/api/item/search)
2023-06-30 17:48:10 [booklist] INFO: Fetched page 17
2023-06-30 17:48:11 [booklist] INFO: VALID_ID: 2572600
2023-06-30 17:48:11 [booklist] INFO: VALID_ID: 2572521
2023-06-30 17:48:11 [booklist] INFO: VALID_ID: 2550251
2023-06-30 17:48:11 [booklist] INFO: VALID_ID: 2547984
2023-06-30 17:48:11 [booklist] INFO: VALID_ID: 2572691
2023-06-30 17:48:11 [booklist] INFO: VALID_ID: 2547982
2023-06-30 17:48:11 [booklist] INFO: VALID_ID: 2572599
2023-06-30 17:48:11 [booklist] INFO: VALID_ID: 2572577
2023-06-30 17:48:11 [booklist] INFO: VALID_ID: 2572690
2023-06-30 17:48:11 [booklist] INFO: VALID_ID: 2550214
2023-06-30 17:48:11 [booklist] INFO: VALID_ID: 2549042
2023-06-30 17:48:11 [booklist] INFO: VALID_ID: 2550147
2023-06-30 17:48:11 [booklist] INFO: VALID_ID: 2572601
2023-06-30 17:48:11 [booklist] INFO: VALID_ID: 2550238
2023-06-30 17:48:11 [booklist] INFO: VALID_ID: 2572703
2023-06-30 17:48:11 [booklist] INFO: VALID_ID: 2550198
2023-06-30 17:48:11 [booklist] INFO: VALID_ID: 2572641
2023-06-30 17:48:11 [booklist] INFO: VALID_ID: 2550242
2023-06-30 17:48:11 [booklist] INFO: VALID_ID: 2572528
2023-06-30 17:48:11 [booklist] INFO: VALID_ID: 2610012
2023-06-30 17:48:11 [booklist] INFO: VALID_ID: 2572708
2023-06-30 17:48:11 [booklist] INFO: VALID_ID: 2550190
2023-06-30 17:48:11 [booklist] INFO: VALID_ID: 2550304
2023-06-30 17:48:11 [booklist] INFO: VALID_ID: 2550221
2023-06-30 17:48:11 [booklist] INFO: VALID_ID: 2550400
2023-06-30 17:48:11 [booklist] INFO: VALID_ID: 2550209
2023-06-30 17:48:11 [booklist] INFO: VALID_ID: 2550283
2023-06-30 17:48:11 [booklist] INFO: VALID_ID: 2550164
2023-06-30 17:48:11 [booklist] INFO: VALID_ID: 12865370
2023-06-30 17:48:11 [booklist] INFO: VALID_ID: 2550160
2023-06-30 17:48:11 [booklist] INFO: VALID_ID: 2550404
2023-06-30 17:48:11 [booklist] INFO: VALID_ID: 2550264
2023-06-30 17:48:11 [booklist] INFO: VALID_ID: 2550196
2023-06-30 17:48:11 [booklist] INFO: VALID_ID: 2572631
2023-06-30 17:48:11 [booklist] INFO: VALID_ID: 2610138
2023-06-30 17:48:11 [scrapy.core.engine] DEBUG: Crawled (200) <POST https://dl.ndl.go.jp/api/item/search> (referer: https://dl.ndl.go.jp/api/item/search)
2023-06-30 17:48:11 [booklist] INFO: Fetched page 18
2023-06-30 17:48:11 [booklist] INFO: No more books on 18
2023-06-30 17:48:11 [scrapy.core.engine] INFO: Closing spider (finished)
2023-06-30 17:48:11 [scrapy.statscollectors] INFO: Dumping Scrapy stats:
{'downloader/request_bytes': 24502,
 'downloader/request_count': 19,
 'downloader/request_method_count/GET': 1,
 'downloader/request_method_count/POST': 18,
 'downloader/response_bytes': 8765188,
 'downloader/response_count': 19,
 'downloader/response_status_count/200': 19,
 'elapsed_time_seconds': 26.472972,
 'finish_reason': 'finished',
 'finish_time': datetime.datetime(2023, 6, 30, 9, 48, 11, 565614),
 'httpcompression/response_bytes': 104700369,
 'httpcompression/response_count': 18,
 'log_count/DEBUG': 22,
 'log_count/INFO': 1664,
 'memusage/max': 63774720,
 'memusage/startup': 63774720,
 'request_depth_max': 17,
 'response_received_count': 19,
 'robotstxt/request_count': 1,
 'robotstxt/response_count': 1,
 'robotstxt/response_status_count/200': 1,
 'scheduler/dequeued': 18,
 'scheduler/dequeued/memory': 18,
 'scheduler/enqueued': 18,
 'scheduler/enqueued/memory': 18,
 'start_time': datetime.datetime(2023, 6, 30, 9, 47, 45, 92642)}
2023-06-30 17:48:11 [scrapy.core.engine] INFO: Spider closed (finished)
