2023-06-30 19:22:52 [scrapy.utils.log] INFO: Scrapy 2.9.0 started (bot: ndlcrawler)
2023-06-30 19:22:52 [scrapy.utils.log] INFO: Versions: lxml 4.9.2.0, libxml2 2.9.14, cssselect 1.2.0, parsel 1.8.1, w3lib 2.1.1, Twisted 22.10.0, Python 3.10.10 (main, Mar  5 2023, 22:26:53) [GCC 12.2.1 20230201], pyOpenSSL 23.2.0 (OpenSSL 3.1.1 30 May 2023), cryptography 41.0.1, Platform Linux-6.2.12-arch1-1-x86_64-with-glibc2.37
2023-06-30 19:22:52 [scrapy.crawler] INFO: Overridden settings:
{'BOT_NAME': 'ndlcrawler',
 'FEED_EXPORT_ENCODING': 'utf-8',
 'LOG_FILE': 'logs/booklist.title.重.DESC.log',
 'NEWSPIDER_MODULE': 'ndlcrawler.spiders',
 'REQUEST_FINGERPRINTER_IMPLEMENTATION': '2.7',
 'ROBOTSTXT_OBEY': True,
 'SPIDER_MODULES': ['ndlcrawler.spiders'],
 'TWISTED_REACTOR': 'twisted.internet.asyncioreactor.AsyncioSelectorReactor'}
2023-06-30 19:22:52 [asyncio] DEBUG: Using selector: EpollSelector
2023-06-30 19:22:52 [scrapy.utils.log] DEBUG: Using reactor: twisted.internet.asyncioreactor.AsyncioSelectorReactor
2023-06-30 19:22:52 [scrapy.utils.log] DEBUG: Using asyncio event loop: asyncio.unix_events._UnixSelectorEventLoop
2023-06-30 19:22:52 [scrapy.extensions.telnet] INFO: Telnet Password: 2b4c8ecb064b066b
2023-06-30 19:22:52 [scrapy.middleware] INFO: Enabled extensions:
['scrapy.extensions.corestats.CoreStats',
 'scrapy.extensions.telnet.TelnetConsole',
 'scrapy.extensions.memusage.MemoryUsage',
 'scrapy.extensions.logstats.LogStats']
2023-06-30 19:22:52 [scrapy.middleware] INFO: Enabled downloader middlewares:
['scrapy.downloadermiddlewares.robotstxt.RobotsTxtMiddleware',
 'scrapy.downloadermiddlewares.httpauth.HttpAuthMiddleware',
 'scrapy.downloadermiddlewares.downloadtimeout.DownloadTimeoutMiddleware',
 'scrapy.downloadermiddlewares.defaultheaders.DefaultHeadersMiddleware',
 'scrapy.downloadermiddlewares.useragent.UserAgentMiddleware',
 'scrapy.downloadermiddlewares.retry.RetryMiddleware',
 'scrapy.downloadermiddlewares.redirect.MetaRefreshMiddleware',
 'scrapy.downloadermiddlewares.httpcompression.HttpCompressionMiddleware',
 'scrapy.downloadermiddlewares.redirect.RedirectMiddleware',
 'scrapy.downloadermiddlewares.cookies.CookiesMiddleware',
 'scrapy.downloadermiddlewares.httpproxy.HttpProxyMiddleware',
 'scrapy.downloadermiddlewares.stats.DownloaderStats']
2023-06-30 19:22:52 [scrapy.middleware] INFO: Enabled spider middlewares:
['scrapy.spidermiddlewares.httperror.HttpErrorMiddleware',
 'scrapy.spidermiddlewares.offsite.OffsiteMiddleware',
 'scrapy.spidermiddlewares.referer.RefererMiddleware',
 'scrapy.spidermiddlewares.urllength.UrlLengthMiddleware',
 'scrapy.spidermiddlewares.depth.DepthMiddleware']
2023-06-30 19:22:52 [scrapy.middleware] INFO: Enabled item pipelines:
[]
2023-06-30 19:22:52 [scrapy.core.engine] INFO: Spider opened
2023-06-30 19:22:52 [scrapy.extensions.logstats] INFO: Crawled 0 pages (at 0 pages/min), scraped 0 items (at 0 items/min)
2023-06-30 19:22:52 [scrapy.extensions.telnet] INFO: Telnet console listening on 127.0.0.1:6023
2023-06-30 19:22:53 [scrapy.core.engine] DEBUG: Crawled (200) <GET https://dl.ndl.go.jp/robots.txt> (referer: None)
2023-06-30 19:22:54 [scrapy.core.engine] DEBUG: Crawled (200) <POST https://dl.ndl.go.jp/api/item/search> (referer: None)
2023-06-30 19:22:54 [booklist] INFO: Fetched page 1
2023-06-30 19:22:55 [booklist] INFO: VALID_ID: 2569382
2023-06-30 19:22:55 [booklist] INFO: VALID_ID: 2569389
2023-06-30 19:22:55 [booklist] INFO: VALID_ID: 8943295
2023-06-30 19:22:55 [booklist] INFO: VALID_ID: 2569367
2023-06-30 19:22:55 [booklist] INFO: VALID_ID: 8942757
2023-06-30 19:22:55 [booklist] INFO: VALID_ID: 2536354
2023-06-30 19:22:55 [booklist] INFO: VALID_ID: 8943042
2023-06-30 19:22:55 [booklist] INFO: VALID_ID: 10301073
2023-06-30 19:22:55 [booklist] INFO: VALID_ID: 1302328
2023-06-30 19:22:55 [booklist] INFO: VALID_ID: 8943041
2023-06-30 19:22:55 [booklist] INFO: VALID_ID: 2541182
2023-06-30 19:22:55 [booklist] INFO: VALID_ID: 1312236
2023-06-30 19:22:55 [booklist] INFO: VALID_ID: 2553726
2023-06-30 19:22:55 [booklist] INFO: VALID_ID: 2553708
2023-06-30 19:22:55 [booklist] INFO: VALID_ID: 2553722
2023-06-30 19:22:55 [booklist] INFO: VALID_ID: 2553713
2023-06-30 19:22:55 [booklist] INFO: VALID_ID: 2533195
2023-06-30 19:22:55 [booklist] INFO: VALID_ID: 2553705
2023-06-30 19:22:55 [booklist] INFO: VALID_ID: 2553706
2023-06-30 19:22:55 [booklist] INFO: VALID_ID: 2553721
2023-06-30 19:22:55 [booklist] INFO: VALID_ID: 2553711
2023-06-30 19:22:55 [booklist] INFO: VALID_ID: 2553717
2023-06-30 19:22:55 [booklist] INFO: VALID_ID: 2553715
2023-06-30 19:22:55 [booklist] INFO: VALID_ID: 2553718
2023-06-30 19:22:55 [booklist] INFO: VALID_ID: 2606813
2023-06-30 19:22:55 [booklist] INFO: VALID_ID: 2553719
2023-06-30 19:22:55 [booklist] INFO: VALID_ID: 2553723
2023-06-30 19:22:55 [booklist] INFO: VALID_ID: 2553720
2023-06-30 19:22:55 [booklist] INFO: VALID_ID: 2553727
2023-06-30 19:22:55 [booklist] INFO: VALID_ID: 1306168
2023-06-30 19:22:55 [booklist] INFO: VALID_ID: 1287651
2023-06-30 19:22:55 [booklist] INFO: VALID_ID: 2553725
2023-06-30 19:22:55 [booklist] INFO: VALID_ID: 2553707
2023-06-30 19:22:55 [booklist] INFO: VALID_ID: 2553710
2023-06-30 19:22:55 [booklist] INFO: VALID_ID: 2553714
2023-06-30 19:22:55 [booklist] INFO: VALID_ID: 2553724
2023-06-30 19:22:55 [booklist] INFO: VALID_ID: 1287741
2023-06-30 19:22:55 [booklist] INFO: VALID_ID: 2532328
2023-06-30 19:22:55 [booklist] INFO: VALID_ID: 2553709
2023-06-30 19:22:55 [booklist] INFO: VALID_ID: 2553712
2023-06-30 19:22:55 [booklist] INFO: VALID_ID: 2553716
2023-06-30 19:22:55 [booklist] INFO: VALID_ID: 2533171
2023-06-30 19:22:55 [booklist] INFO: VALID_ID: 1306172
2023-06-30 19:22:55 [booklist] INFO: VALID_ID: 10301360
2023-06-30 19:22:55 [booklist] INFO: VALID_ID: 2541958
2023-06-30 19:22:55 [booklist] INFO: VALID_ID: 1306174
2023-06-30 19:22:55 [booklist] INFO: VALID_ID: 1306169
2023-06-30 19:22:55 [booklist] INFO: VALID_ID: 10301540
2023-06-30 19:22:55 [booklist] INFO: VALID_ID: 1288114
2023-06-30 19:22:55 [booklist] INFO: VALID_ID: 1287815
2023-06-30 19:22:55 [booklist] INFO: VALID_ID: 1306170
2023-06-30 19:22:55 [booklist] INFO: VALID_ID: 2541391
2023-06-30 19:22:55 [booklist] INFO: VALID_ID: 1306171
2023-06-30 19:22:55 [booklist] INFO: VALID_ID: 1306173
2023-06-30 19:22:55 [booklist] INFO: VALID_ID: 2533162
2023-06-30 19:22:55 [booklist] INFO: VALID_ID: 1287619
2023-06-30 19:22:55 [booklist] INFO: VALID_ID: 2536815
2023-06-30 19:22:55 [booklist] INFO: VALID_ID: 2586587
2023-06-30 19:22:55 [booklist] INFO: VALID_ID: 2586589
2023-06-30 19:22:55 [booklist] INFO: VALID_ID: 2599266
2023-06-30 19:22:55 [booklist] INFO: VALID_ID: 2609916
2023-06-30 19:22:55 [booklist] INFO: VALID_ID: 2599264
2023-06-30 19:22:55 [booklist] INFO: VALID_ID: 2535769
2023-06-30 19:22:55 [booklist] INFO: VALID_ID: 2599268
2023-06-30 19:22:55 [booklist] INFO: VALID_ID: 2583218
2023-06-30 19:22:55 [booklist] INFO: VALID_ID: 2599270
2023-06-30 19:22:55 [booklist] INFO: VALID_ID: 2609503
2023-06-30 19:22:55 [booklist] INFO: VALID_ID: 2599267
2023-06-30 19:22:55 [booklist] INFO: VALID_ID: 2599269
2023-06-30 19:22:55 [booklist] INFO: VALID_ID: 2537534
2023-06-30 19:22:55 [booklist] INFO: VALID_ID: 2608781
2023-06-30 19:22:55 [booklist] INFO: VALID_ID: 2610767
2023-06-30 19:22:55 [booklist] INFO: VALID_ID: 2583221
2023-06-30 19:22:55 [booklist] INFO: VALID_ID: 2599263
2023-06-30 19:22:55 [booklist] INFO: VALID_ID: 2599271
2023-06-30 19:22:55 [booklist] INFO: VALID_ID: 2559969
2023-06-30 19:22:55 [booklist] INFO: VALID_ID: 2583219
2023-06-30 19:22:55 [booklist] INFO: VALID_ID: 2599265
2023-06-30 19:22:55 [booklist] INFO: VALID_ID: 2583220
2023-06-30 19:22:55 [booklist] INFO: VALID_ID: 2599261
2023-06-30 19:22:55 [booklist] INFO: VALID_ID: 8929498
2023-06-30 19:22:55 [booklist] INFO: VALID_ID: 1286808
2023-06-30 19:22:55 [booklist] INFO: VALID_ID: 2599262
2023-06-30 19:22:55 [booklist] INFO: VALID_ID: 2559966
2023-06-30 19:22:55 [booklist] INFO: VALID_ID: 1302577
2023-06-30 19:22:55 [booklist] INFO: VALID_ID: 1287444
2023-06-30 19:22:55 [booklist] INFO: VALID_ID: 2559965
2023-06-30 19:22:55 [booklist] INFO: VALID_ID: 2559968
2023-06-30 19:22:55 [booklist] INFO: VALID_ID: 10303864
2023-06-30 19:22:55 [booklist] INFO: VALID_ID: 1306165
2023-06-30 19:22:55 [booklist] INFO: VALID_ID: 1304772
2023-06-30 19:22:55 [booklist] INFO: VALID_ID: 1306164
2023-06-30 19:22:55 [booklist] INFO: VALID_ID: 1287014
2023-06-30 19:22:55 [booklist] INFO: VALID_ID: 2559967
2023-06-30 19:22:55 [booklist] INFO: VALID_ID: 1302576
2023-06-30 19:22:55 [booklist] INFO: VALID_ID: 1302578
2023-06-30 19:22:55 [booklist] INFO: VALID_ID: 2563539
2023-06-30 19:22:55 [booklist] INFO: VALID_ID: 2609004
2023-06-30 19:22:55 [booklist] INFO: VALID_ID: 1312250
2023-06-30 19:22:55 [booklist] INFO: VALID_ID: 1312262
2023-06-30 19:22:55 [scrapy.core.engine] DEBUG: Crawled (200) <POST https://dl.ndl.go.jp/api/item/search> (referer: https://dl.ndl.go.jp/api/item/search)
2023-06-30 19:22:55 [booklist] INFO: Fetched page 2
2023-06-30 19:22:55 [booklist] INFO: VALID_ID: 1312271
2023-06-30 19:22:55 [booklist] INFO: VALID_ID: 1303249
2023-06-30 19:22:55 [booklist] INFO: VALID_ID: 1303271
2023-06-30 19:22:55 [booklist] INFO: VALID_ID: 1312304
2023-06-30 19:22:55 [booklist] INFO: VALID_ID: 1312324
2023-06-30 19:22:55 [booklist] INFO: VALID_ID: 1312340
2023-06-30 19:22:55 [booklist] INFO: VALID_ID: 1312348
2023-06-30 19:22:55 [booklist] INFO: VALID_ID: 2563537
2023-06-30 19:22:55 [booklist] INFO: VALID_ID: 10303863
2023-06-30 19:22:55 [booklist] INFO: VALID_ID: 2563535
2023-06-30 19:22:55 [booklist] INFO: VALID_ID: 10303897
2023-06-30 19:22:55 [booklist] INFO: VALID_ID: 1312243
2023-06-30 19:22:55 [booklist] INFO: VALID_ID: 1312248
2023-06-30 19:22:55 [booklist] INFO: VALID_ID: 1303219
2023-06-30 19:22:55 [booklist] INFO: VALID_ID: 1303231
2023-06-30 19:22:55 [booklist] INFO: VALID_ID: 1303232
2023-06-30 19:22:55 [booklist] INFO: VALID_ID: 1303235
2023-06-30 19:22:55 [booklist] INFO: VALID_ID: 1303244
2023-06-30 19:22:55 [booklist] INFO: VALID_ID: 1303287
2023-06-30 19:22:55 [booklist] INFO: VALID_ID: 1312351
2023-06-30 19:22:55 [booklist] INFO: VALID_ID: 2563533
2023-06-30 19:22:55 [booklist] INFO: VALID_ID: 1312237
2023-06-30 19:22:55 [booklist] INFO: VALID_ID: 1303236
2023-06-30 19:22:55 [booklist] INFO: VALID_ID: 1312274
2023-06-30 19:22:55 [booklist] INFO: VALID_ID: 1303246
2023-06-30 19:22:55 [booklist] INFO: VALID_ID: 1312309
2023-06-30 19:22:55 [booklist] INFO: VALID_ID: 1303288
2023-06-30 19:22:55 [booklist] INFO: VALID_ID: 1312320
2023-06-30 19:22:55 [booklist] INFO: VALID_ID: 1303295
2023-06-30 19:22:55 [booklist] INFO: VALID_ID: 1312353
2023-06-30 19:22:55 [booklist] INFO: VALID_ID: 1304773
2023-06-30 19:22:55 [booklist] INFO: VALID_ID: 1312254
2023-06-30 19:22:55 [booklist] INFO: VALID_ID: 1312275
2023-06-30 19:22:55 [booklist] INFO: VALID_ID: 1303263
2023-06-30 19:22:55 [booklist] INFO: VALID_ID: 1303269
2023-06-30 19:22:55 [booklist] INFO: VALID_ID: 1303274
2023-06-30 19:22:55 [booklist] INFO: VALID_ID: 2607163
2023-06-30 19:22:55 [booklist] INFO: VALID_ID: 1303205
2023-06-30 19:22:55 [booklist] INFO: VALID_ID: 1303217
2023-06-30 19:22:55 [booklist] INFO: VALID_ID: 1312257
2023-06-30 19:22:55 [booklist] INFO: VALID_ID: 1312263
2023-06-30 19:22:55 [booklist] INFO: VALID_ID: 1303242
2023-06-30 19:22:55 [booklist] INFO: VALID_ID: 1312287
2023-06-30 19:22:55 [booklist] INFO: VALID_ID: 1312291
2023-06-30 19:22:55 [booklist] INFO: VALID_ID: 1312322
2023-06-30 19:22:55 [booklist] INFO: VALID_ID: 1312326
2023-06-30 19:22:55 [booklist] INFO: VALID_ID: 1303207
2023-06-30 19:22:55 [booklist] INFO: VALID_ID: 1303211
2023-06-30 19:22:55 [booklist] INFO: VALID_ID: 1303241
2023-06-30 19:22:55 [booklist] INFO: VALID_ID: 1303267
2023-06-30 19:22:55 [booklist] INFO: VALID_ID: 1303282
2023-06-30 19:22:55 [booklist] INFO: VALID_ID: 1312267
2023-06-30 19:22:55 [booklist] INFO: VALID_ID: 1312278
2023-06-30 19:22:55 [booklist] INFO: VALID_ID: 1303257
2023-06-30 19:22:55 [booklist] INFO: VALID_ID: 1303259
2023-06-30 19:22:55 [booklist] INFO: VALID_ID: 1312298
2023-06-30 19:22:55 [booklist] INFO: VALID_ID: 1312301
2023-06-30 19:22:55 [booklist] INFO: VALID_ID: 1303289
2023-06-30 19:22:55 [booklist] INFO: VALID_ID: 1303291
2023-06-30 19:22:55 [booklist] INFO: VALID_ID: 1312344
2023-06-30 19:22:55 [booklist] INFO: VALID_ID: 2563538
2023-06-30 19:22:55 [booklist] INFO: VALID_ID: 2544632
2023-06-30 19:22:55 [booklist] INFO: VALID_ID: 1311897
2023-06-30 19:22:55 [booklist] INFO: VALID_ID: 1312273
2023-06-30 19:22:55 [booklist] INFO: VALID_ID: 1303251
2023-06-30 19:22:55 [booklist] INFO: VALID_ID: 1303252
2023-06-30 19:22:55 [booklist] INFO: VALID_ID: 1303285
2023-06-30 19:22:55 [booklist] INFO: VALID_ID: 1312323
2023-06-30 19:22:55 [booklist] INFO: VALID_ID: 1303299
2023-06-30 19:22:55 [booklist] INFO: VALID_ID: 1303302
2023-06-30 19:22:55 [booklist] INFO: VALID_ID: 1303305
2023-06-30 19:22:55 [booklist] INFO: VALID_ID: 1303306
2023-06-30 19:22:55 [booklist] INFO: VALID_ID: 1312238
2023-06-30 19:22:55 [booklist] INFO: VALID_ID: 1312247
2023-06-30 19:22:55 [booklist] INFO: VALID_ID: 1312256
2023-06-30 19:22:55 [booklist] INFO: VALID_ID: 1312279
2023-06-30 19:22:55 [booklist] INFO: VALID_ID: 1312282
2023-06-30 19:22:55 [booklist] INFO: VALID_ID: 1312299
2023-06-30 19:22:55 [booklist] INFO: VALID_ID: 1312341
2023-06-30 19:22:55 [booklist] INFO: VALID_ID: 2563534
2023-06-30 19:22:55 [booklist] INFO: VALID_ID: 2563536
2023-06-30 19:22:55 [booklist] INFO: VALID_ID: 1312245
2023-06-30 19:22:55 [booklist] INFO: VALID_ID: 1312261
2023-06-30 19:22:55 [booklist] INFO: VALID_ID: 1312269
2023-06-30 19:22:55 [booklist] INFO: VALID_ID: 1312295
2023-06-30 19:22:55 [booklist] INFO: VALID_ID: 1303293
2023-06-30 19:22:55 [booklist] INFO: VALID_ID: 1312330
2023-06-30 19:22:55 [booklist] INFO: VALID_ID: 1303208
2023-06-30 19:22:55 [booklist] INFO: VALID_ID: 1303245
2023-06-30 19:22:55 [booklist] INFO: VALID_ID: 1312285
2023-06-30 19:22:55 [booklist] INFO: VALID_ID: 1303261
2023-06-30 19:22:55 [booklist] INFO: VALID_ID: 1312297
2023-06-30 19:22:55 [booklist] INFO: VALID_ID: 1312302
2023-06-30 19:22:55 [booklist] INFO: VALID_ID: 1312329
2023-06-30 19:22:55 [booklist] INFO: VALID_ID: 1303314
2023-06-30 19:22:55 [booklist] INFO: VALID_ID: 1303324
2023-06-30 19:22:55 [booklist] INFO: VALID_ID: 1303216
2023-06-30 19:22:55 [booklist] INFO: VALID_ID: 1303255
2023-06-30 19:22:55 [booklist] INFO: VALID_ID: 1312294
2023-06-30 19:22:55 [booklist] INFO: VALID_ID: 1303276
2023-06-30 19:22:56 [scrapy.core.engine] DEBUG: Crawled (200) <POST https://dl.ndl.go.jp/api/item/search> (referer: https://dl.ndl.go.jp/api/item/search)
2023-06-30 19:22:56 [booklist] INFO: Fetched page 3
2023-06-30 19:22:56 [booklist] INFO: VALID_ID: 1311479
2023-06-30 19:22:56 [booklist] INFO: VALID_ID: 1303264
2023-06-30 19:22:56 [booklist] INFO: VALID_ID: 1312306
2023-06-30 19:22:56 [booklist] INFO: VALID_ID: 1303294
2023-06-30 19:22:56 [booklist] INFO: VALID_ID: 1303319
2023-06-30 19:22:56 [booklist] INFO: VALID_ID: 1312349
2023-06-30 19:22:56 [booklist] INFO: VALID_ID: 1303321
2023-06-30 19:22:56 [booklist] INFO: VALID_ID: 1303206
2023-06-30 19:22:56 [booklist] INFO: VALID_ID: 1303273
2023-06-30 19:22:56 [booklist] INFO: VALID_ID: 1303220
2023-06-30 19:22:56 [booklist] INFO: VALID_ID: 1303222
2023-06-30 19:22:56 [booklist] INFO: VALID_ID: 1312255
2023-06-30 19:22:56 [booklist] INFO: VALID_ID: 1303228
2023-06-30 19:22:56 [booklist] INFO: VALID_ID: 1312333
2023-06-30 19:22:56 [booklist] INFO: VALID_ID: 1303323
2023-06-30 19:22:56 [booklist] INFO: VALID_ID: 1304658
2023-06-30 19:22:56 [booklist] INFO: VALID_ID: 1303210
2023-06-30 19:22:56 [booklist] INFO: VALID_ID: 1303214
2023-06-30 19:22:56 [booklist] INFO: VALID_ID: 1303221
2023-06-30 19:22:56 [booklist] INFO: VALID_ID: 1303230
2023-06-30 19:22:56 [booklist] INFO: VALID_ID: 1303233
2023-06-30 19:22:56 [booklist] INFO: VALID_ID: 1312280
2023-06-30 19:22:56 [booklist] INFO: VALID_ID: 1303297
2023-06-30 19:22:56 [booklist] INFO: VALID_ID: 1303310
2023-06-30 19:22:56 [booklist] INFO: VALID_ID: 1303215
2023-06-30 19:22:56 [booklist] INFO: VALID_ID: 1312314
2023-06-30 19:22:56 [booklist] INFO: VALID_ID: 1303313
2023-06-30 19:22:56 [booklist] INFO: VALID_ID: 1312276
2023-06-30 19:22:56 [booklist] INFO: VALID_ID: 1303253
2023-06-30 19:22:56 [booklist] INFO: VALID_ID: 1312284
2023-06-30 19:22:56 [booklist] INFO: VALID_ID: 1312312
2023-06-30 19:22:56 [booklist] INFO: VALID_ID: 1312336
2023-06-30 19:22:56 [booklist] INFO: VALID_ID: 1312350
2023-06-30 19:22:56 [booklist] INFO: VALID_ID: 1303227
2023-06-30 19:22:56 [booklist] INFO: VALID_ID: 1312260
2023-06-30 19:22:56 [booklist] INFO: VALID_ID: 1312293
2023-06-30 19:22:56 [booklist] INFO: VALID_ID: 1312317
2023-06-30 19:22:56 [booklist] INFO: VALID_ID: 1312334
2023-06-30 19:22:56 [booklist] INFO: VALID_ID: 1303304
2023-06-30 19:22:56 [booklist] INFO: VALID_ID: 1312346
2023-06-30 19:22:56 [booklist] INFO: VALID_ID: 1303320
2023-06-30 19:22:56 [booklist] INFO: VALID_ID: 1303212
2023-06-30 19:22:56 [booklist] INFO: VALID_ID: 1303248
2023-06-30 19:22:56 [booklist] INFO: VALID_ID: 1312281
2023-06-30 19:22:56 [booklist] INFO: VALID_ID: 1312296
2023-06-30 19:22:56 [booklist] INFO: VALID_ID: 1312316
2023-06-30 19:22:56 [booklist] INFO: VALID_ID: 1312318
2023-06-30 19:22:56 [booklist] INFO: VALID_ID: 1303292
2023-06-30 19:22:56 [booklist] INFO: VALID_ID: 1312325
2023-06-30 19:22:56 [booklist] INFO: VALID_ID: 1303300
2023-06-30 19:22:56 [booklist] INFO: VALID_ID: 1312352
2023-06-30 19:22:56 [booklist] INFO: VALID_ID: 1312258
2023-06-30 19:22:56 [booklist] INFO: VALID_ID: 1312265
2023-06-30 19:22:56 [booklist] INFO: VALID_ID: 1312268
2023-06-30 19:22:56 [booklist] INFO: VALID_ID: 1303262
2023-06-30 19:22:56 [booklist] INFO: VALID_ID: 1303270
2023-06-30 19:22:56 [booklist] INFO: VALID_ID: 1303283
2023-06-30 19:22:56 [booklist] INFO: VALID_ID: 1312345
2023-06-30 19:22:56 [booklist] INFO: VALID_ID: 1303317
2023-06-30 19:22:56 [booklist] INFO: VALID_ID: 2535684
2023-06-30 19:22:56 [booklist] INFO: VALID_ID: 1312244
2023-06-30 19:22:56 [booklist] INFO: VALID_ID: 1303234
2023-06-30 19:22:56 [booklist] INFO: VALID_ID: 1303239
2023-06-30 19:22:56 [booklist] INFO: VALID_ID: 1312288
2023-06-30 19:22:56 [booklist] INFO: VALID_ID: 1312289
2023-06-30 19:22:56 [booklist] INFO: VALID_ID: 1303260
2023-06-30 19:22:56 [booklist] INFO: VALID_ID: 1312292
2023-06-30 19:22:56 [booklist] INFO: VALID_ID: 1312300
2023-06-30 19:22:56 [booklist] INFO: VALID_ID: 1312308
2023-06-30 19:22:56 [booklist] INFO: VALID_ID: 1303279
2023-06-30 19:22:56 [booklist] INFO: VALID_ID: 1312328
2023-06-30 19:22:56 [booklist] INFO: VALID_ID: 1312335
2023-06-30 19:22:56 [booklist] INFO: VALID_ID: 1312339
2023-06-30 19:22:56 [booklist] INFO: VALID_ID: 1303311
2023-06-30 19:22:56 [booklist] INFO: VALID_ID: 1312266
2023-06-30 19:22:56 [booklist] INFO: VALID_ID: 1303237
2023-06-30 19:22:56 [booklist] INFO: VALID_ID: 1303243
2023-06-30 19:22:56 [booklist] INFO: VALID_ID: 1303272
2023-06-30 19:22:56 [booklist] INFO: VALID_ID: 1303284
2023-06-30 19:22:56 [booklist] INFO: VALID_ID: 1303298
2023-06-30 19:22:56 [booklist] INFO: VALID_ID: 1303312
2023-06-30 19:22:56 [booklist] INFO: VALID_ID: 1303281
2023-06-30 19:22:56 [booklist] INFO: VALID_ID: 1312313
2023-06-30 19:22:56 [booklist] INFO: VALID_ID: 1303296
2023-06-30 19:22:56 [booklist] INFO: VALID_ID: 1312331
2023-06-30 19:22:56 [booklist] INFO: VALID_ID: 1303308
2023-06-30 19:22:56 [booklist] INFO: VALID_ID: 1303315
2023-06-30 19:22:56 [booklist] INFO: VALID_ID: 1303208
2023-06-30 19:22:56 [booklist] INFO: VALID_ID: 1303245
2023-06-30 19:22:56 [booklist] INFO: VALID_ID: 1312285
2023-06-30 19:22:56 [booklist] INFO: VALID_ID: 1303261
2023-06-30 19:22:56 [booklist] INFO: VALID_ID: 1312297
2023-06-30 19:22:56 [booklist] INFO: VALID_ID: 1312302
2023-06-30 19:22:56 [booklist] INFO: VALID_ID: 1312329
2023-06-30 19:22:56 [booklist] INFO: VALID_ID: 1303314
2023-06-30 19:22:56 [booklist] INFO: VALID_ID: 1303324
2023-06-30 19:22:56 [booklist] INFO: VALID_ID: 1303240
2023-06-30 19:22:56 [booklist] INFO: VALID_ID: 1303256
2023-06-30 19:22:56 [booklist] INFO: VALID_ID: 1312305
2023-06-30 19:22:56 [booklist] INFO: VALID_ID: 1312315
2023-06-30 19:22:57 [scrapy.core.engine] DEBUG: Crawled (200) <POST https://dl.ndl.go.jp/api/item/search> (referer: https://dl.ndl.go.jp/api/item/search)
2023-06-30 19:22:57 [booklist] INFO: Fetched page 4
2023-06-30 19:22:57 [booklist] INFO: VALID_ID: 1303315
2023-06-30 19:22:57 [booklist] INFO: VALID_ID: 1303240
2023-06-30 19:22:57 [booklist] INFO: VALID_ID: 1303256
2023-06-30 19:22:57 [booklist] INFO: VALID_ID: 1312305
2023-06-30 19:22:57 [booklist] INFO: VALID_ID: 1312315
2023-06-30 19:22:57 [booklist] INFO: VALID_ID: 1303286
2023-06-30 19:22:57 [booklist] INFO: VALID_ID: 1303303
2023-06-30 19:22:57 [booklist] INFO: VALID_ID: 1312338
2023-06-30 19:22:57 [booklist] INFO: VALID_ID: 1312244
2023-06-30 19:22:57 [booklist] INFO: VALID_ID: 1303234
2023-06-30 19:22:57 [booklist] INFO: VALID_ID: 1303239
2023-06-30 19:22:57 [booklist] INFO: VALID_ID: 1312288
2023-06-30 19:22:57 [booklist] INFO: VALID_ID: 1312289
2023-06-30 19:22:57 [booklist] INFO: VALID_ID: 1303260
2023-06-30 19:22:57 [booklist] INFO: VALID_ID: 1312292
2023-06-30 19:22:57 [booklist] INFO: VALID_ID: 1312300
2023-06-30 19:22:57 [booklist] INFO: VALID_ID: 1312308
2023-06-30 19:22:57 [booklist] INFO: VALID_ID: 1303279
2023-06-30 19:22:57 [booklist] INFO: VALID_ID: 1312328
2023-06-30 19:22:57 [booklist] INFO: VALID_ID: 1312335
2023-06-30 19:22:57 [booklist] INFO: VALID_ID: 1312339
2023-06-30 19:22:57 [booklist] INFO: VALID_ID: 1303311
2023-06-30 19:22:57 [booklist] INFO: VALID_ID: 1312252
2023-06-30 19:22:57 [booklist] INFO: VALID_ID: 1303224
2023-06-30 19:22:57 [booklist] INFO: VALID_ID: 1303229
2023-06-30 19:22:57 [booklist] INFO: VALID_ID: 1312277
2023-06-30 19:22:57 [booklist] INFO: VALID_ID: 1303247
2023-06-30 19:22:57 [booklist] INFO: VALID_ID: 1303258
2023-06-30 19:22:57 [booklist] INFO: VALID_ID: 1303266
2023-06-30 19:22:57 [booklist] INFO: VALID_ID: 1303268
2023-06-30 19:22:57 [booklist] INFO: VALID_ID: 1312321
2023-06-30 19:22:57 [booklist] INFO: VALID_ID: 1312332
2023-06-30 19:22:57 [booklist] INFO: VALID_ID: 1303318
2023-06-30 19:22:57 [booklist] INFO: VALID_ID: 1312241
2023-06-30 19:22:57 [booklist] INFO: VALID_ID: 1312264
2023-06-30 19:22:57 [booklist] INFO: VALID_ID: 1303278
2023-06-30 19:22:57 [booklist] INFO: VALID_ID: 1312251
2023-06-30 19:22:57 [booklist] INFO: VALID_ID: 1312286
2023-06-30 19:22:57 [booklist] INFO: VALID_ID: 1312290
2023-06-30 19:22:57 [booklist] INFO: VALID_ID: 1312303
2023-06-30 19:22:57 [booklist] INFO: VALID_ID: 1303280
2023-06-30 19:22:57 [booklist] INFO: VALID_ID: 2535684
2023-06-30 19:22:57 [booklist] INFO: VALID_ID: 2545264
2023-06-30 19:22:57 [booklist] INFO: VALID_ID: 1312242
2023-06-30 19:22:57 [booklist] INFO: VALID_ID: 1312249
2023-06-30 19:22:57 [booklist] INFO: VALID_ID: 1312310
2023-06-30 19:22:57 [booklist] INFO: VALID_ID: 1303290
2023-06-30 19:22:57 [booklist] INFO: VALID_ID: 1303307
2023-06-30 19:22:57 [booklist] INFO: VALID_ID: 1312342
2023-06-30 19:22:57 [booklist] INFO: VALID_ID: 1312354
2023-06-30 19:22:57 [booklist] INFO: VALID_ID: 1312240
2023-06-30 19:22:57 [booklist] INFO: VALID_ID: 1312259
2023-06-30 19:22:57 [booklist] INFO: VALID_ID: 2545266
2023-06-30 19:22:57 [booklist] INFO: VALID_ID: 2539467
2023-06-30 19:22:57 [booklist] INFO: VALID_ID: 2605265
2023-06-30 19:22:57 [booklist] INFO: VALID_ID: 2545261
2023-06-30 19:22:57 [booklist] INFO: VALID_ID: 2556224
2023-06-30 19:22:57 [booklist] INFO: VALID_ID: 2535555
2023-06-30 19:22:57 [booklist] INFO: VALID_ID: 2545263
2023-06-30 19:22:57 [booklist] INFO: VALID_ID: 10301788
2023-06-30 19:22:57 [booklist] INFO: VALID_ID: 2545265
2023-06-30 19:22:57 [booklist] INFO: VALID_ID: 2545262
2023-06-30 19:22:57 [booklist] INFO: VALID_ID: 2535558
2023-06-30 19:22:57 [booklist] INFO: VALID_ID: 2605594
2023-06-30 19:22:57 [booklist] INFO: VALID_ID: 2556225
2023-06-30 19:22:57 [booklist] INFO: VALID_ID: 2539025
2023-06-30 19:22:57 [booklist] INFO: VALID_ID: 2535559
2023-06-30 19:22:57 [booklist] INFO: VALID_ID: 2541585
2023-06-30 19:22:57 [booklist] INFO: VALID_ID: 2535554
2023-06-30 19:22:57 [booklist] INFO: VALID_ID: 2535553
2023-06-30 19:22:57 [booklist] INFO: VALID_ID: 2535557
2023-06-30 19:22:57 [booklist] INFO: VALID_ID: 2535560
2023-06-30 19:22:57 [booklist] INFO: VALID_ID: 2535552
2023-06-30 19:22:57 [booklist] INFO: VALID_ID: 2535556
2023-06-30 19:22:57 [booklist] INFO: VALID_ID: 2588680
2023-06-30 19:22:57 [booklist] INFO: VALID_ID: 1313395
2023-06-30 19:22:57 [booklist] INFO: VALID_ID: 2533519
2023-06-30 19:22:57 [booklist] INFO: VALID_ID: 1307470
2023-06-30 19:22:57 [booklist] INFO: VALID_ID: 1304501
2023-06-30 19:22:57 [booklist] INFO: VALID_ID: 1288372
2023-06-30 19:22:57 [booklist] INFO: VALID_ID: 1308918
2023-06-30 19:22:57 [booklist] INFO: VALID_ID: 2536974
2023-06-30 19:22:57 [booklist] INFO: VALID_ID: 12865395
2023-06-30 19:22:57 [booklist] INFO: VALID_ID: 1305287
2023-06-30 19:22:57 [booklist] INFO: VALID_ID: 2542544
2023-06-30 19:22:57 [booklist] INFO: VALID_ID: 2588679
2023-06-30 19:22:57 [booklist] INFO: VALID_ID: 2538768
2023-06-30 19:22:57 [booklist] INFO: VALID_ID: 1310850
2023-06-30 19:22:57 [booklist] INFO: VALID_ID: 1303905
2023-06-30 19:22:57 [booklist] INFO: VALID_ID: 2536249
2023-06-30 19:22:57 [booklist] INFO: VALID_ID: 1304777
2023-06-30 19:22:57 [booklist] INFO: VALID_ID: 2542639
2023-06-30 19:22:57 [booklist] INFO: VALID_ID: 1304774
2023-06-30 19:22:57 [booklist] INFO: VALID_ID: 2537847
2023-06-30 19:22:57 [booklist] INFO: VALID_ID: 2534068
2023-06-30 19:22:57 [booklist] INFO: VALID_ID: 2537086
2023-06-30 19:22:57 [booklist] INFO: VALID_ID: 2532342
2023-06-30 19:22:57 [booklist] INFO: VALID_ID: 2539365
2023-06-30 19:22:57 [booklist] INFO: VALID_ID: 10301014
2023-06-30 19:22:57 [booklist] INFO: VALID_ID: 2575259
2023-06-30 19:22:58 [scrapy.core.engine] DEBUG: Crawled (200) <POST https://dl.ndl.go.jp/api/item/search> (referer: https://dl.ndl.go.jp/api/item/search)
2023-06-30 19:22:58 [booklist] INFO: Fetched page 5
2023-06-30 19:22:58 [booklist] INFO: VALID_ID: 1304668
2023-06-30 19:22:58 [booklist] INFO: VALID_ID: 1286200
2023-06-30 19:22:58 [booklist] INFO: VALID_ID: 2536974
2023-06-30 19:22:58 [booklist] INFO: VALID_ID: 12865395
2023-06-30 19:22:58 [booklist] INFO: VALID_ID: 2559152
2023-06-30 19:22:58 [booklist] INFO: VALID_ID: 1304662
2023-06-30 19:22:58 [booklist] INFO: VALID_ID: 1304775
2023-06-30 19:22:58 [booklist] INFO: VALID_ID: 2541279
2023-06-30 19:22:58 [booklist] INFO: VALID_ID: 2564980
2023-06-30 19:22:58 [booklist] INFO: VALID_ID: 2550736
2023-06-30 19:22:58 [booklist] INFO: VALID_ID: 2559837
2023-06-30 19:22:58 [booklist] INFO: VALID_ID: 2559161
2023-06-30 19:22:58 [booklist] INFO: VALID_ID: 2545273
2023-06-30 19:22:58 [booklist] INFO: VALID_ID: 2605572
2023-06-30 19:22:58 [booklist] INFO: VALID_ID: 2537486
2023-06-30 19:22:58 [booklist] INFO: VALID_ID: 2610142
2023-06-30 19:22:58 [booklist] INFO: VALID_ID: 2532990
2023-06-30 19:22:58 [booklist] INFO: VALID_ID: 2532093
2023-06-30 19:22:58 [booklist] INFO: VALID_ID: 9892993
2023-06-30 19:22:58 [booklist] INFO: VALID_ID: 2545722
2023-06-30 19:22:58 [booklist] INFO: VALID_ID: 2557715
2023-06-30 19:22:58 [booklist] INFO: VALID_ID: 2545939
2023-06-30 19:22:58 [booklist] INFO: VALID_ID: 2550735
2023-06-30 19:22:58 [booklist] INFO: VALID_ID: 10301015
2023-06-30 19:22:58 [booklist] INFO: VALID_ID: 10301311
2023-06-30 19:22:58 [booklist] INFO: VALID_ID: 2536844
2023-06-30 19:22:58 [booklist] INFO: VALID_ID: 2554861
2023-06-30 19:22:58 [booklist] INFO: VALID_ID: 2554862
2023-06-30 19:22:58 [booklist] INFO: VALID_ID: 1313145
2023-06-30 19:22:58 [booklist] INFO: VALID_ID: 10301014
2023-06-30 19:22:58 [booklist] INFO: VALID_ID: 2536431
2023-06-30 19:22:58 [booklist] INFO: VALID_ID: 2533243
2023-06-30 19:22:58 [booklist] INFO: VALID_ID: 2559821
2023-06-30 19:22:58 [booklist] INFO: VALID_ID: 2559822
2023-06-30 19:22:58 [booklist] INFO: VALID_ID: 2604666
2023-06-30 19:22:58 [booklist] INFO: VALID_ID: 2575255
2023-06-30 19:22:58 [booklist] INFO: VALID_ID: 2545274
2023-06-30 19:22:58 [booklist] INFO: VALID_ID: 2545940
2023-06-30 19:22:58 [booklist] INFO: VALID_ID: 2606632
2023-06-30 19:22:58 [booklist] INFO: VALID_ID: 2574955
2023-06-30 19:22:58 [booklist] INFO: VALID_ID: 10301074
2023-06-30 19:22:58 [booklist] INFO: VALID_ID: 10301416
2023-06-30 19:22:58 [booklist] INFO: VALID_ID: 2557710
2023-06-30 19:22:58 [booklist] INFO: VALID_ID: 2545942
2023-06-30 19:22:58 [booklist] INFO: VALID_ID: 2575262
2023-06-30 19:22:58 [booklist] INFO: VALID_ID: 2545677
2023-06-30 19:22:58 [booklist] INFO: VALID_ID: 2545678
2023-06-30 19:22:58 [booklist] INFO: VALID_ID: 2584154
2023-06-30 19:22:58 [booklist] INFO: VALID_ID: 1308750
2023-06-30 19:22:58 [booklist] INFO: VALID_ID: 2584155
2023-06-30 19:22:58 [booklist] INFO: VALID_ID: 2606067
2023-06-30 19:22:58 [booklist] INFO: VALID_ID: 2575258
2023-06-30 19:22:58 [booklist] INFO: VALID_ID: 2575260
2023-06-30 19:22:58 [booklist] INFO: VALID_ID: 2545272
2023-06-30 19:22:58 [booklist] INFO: VALID_ID: 10301076
2023-06-30 19:22:58 [booklist] INFO: VALID_ID: 2545275
2023-06-30 19:22:58 [booklist] INFO: VALID_ID: 2556154
2023-06-30 19:22:58 [booklist] INFO: VALID_ID: 2608293
2023-06-30 19:22:58 [booklist] INFO: VALID_ID: 2576595
2023-06-30 19:22:58 [booklist] INFO: VALID_ID: 2605761
2023-06-30 19:22:58 [booklist] INFO: VALID_ID: 2557714
2023-06-30 19:22:58 [booklist] INFO: VALID_ID: 2606837
2023-06-30 19:22:58 [booklist] INFO: VALID_ID: 2557709
2023-06-30 19:22:58 [booklist] INFO: VALID_ID: 2554997
2023-06-30 19:22:58 [booklist] INFO: VALID_ID: 2555000
2023-06-30 19:22:58 [booklist] INFO: VALID_ID: 2545941
2023-06-30 19:22:58 [booklist] INFO: VALID_ID: 2545276
2023-06-30 19:22:58 [booklist] INFO: VALID_ID: 2545676
2023-06-30 19:22:58 [booklist] INFO: VALID_ID: 2575256
2023-06-30 19:22:58 [booklist] INFO: VALID_ID: 2575261
2023-06-30 19:22:58 [booklist] INFO: VALID_ID: 2575254
2023-06-30 19:22:58 [booklist] INFO: VALID_ID: 2575263
2023-06-30 19:22:58 [booklist] INFO: VALID_ID: 2554996
2023-06-30 19:22:58 [booklist] INFO: VALID_ID: 2605906
2023-06-30 19:22:58 [booklist] INFO: VALID_ID: 2545938
2023-06-30 19:22:58 [booklist] INFO: VALID_ID: 2575257
2023-06-30 19:22:58 [booklist] INFO: VALID_ID: 2576598
2023-06-30 19:22:58 [booklist] INFO: VALID_ID: 2595781
2023-06-30 19:22:58 [booklist] INFO: VALID_ID: 2537265
2023-06-30 19:22:58 [booklist] INFO: VALID_ID: 2564978
2023-06-30 19:22:58 [booklist] INFO: VALID_ID: 2576597
2023-06-30 19:22:58 [booklist] INFO: VALID_ID: 2574954
2023-06-30 19:22:58 [booklist] INFO: VALID_ID: 2574960
2023-06-30 19:22:58 [booklist] INFO: VALID_ID: 2564977
2023-06-30 19:22:58 [booklist] INFO: VALID_ID: 2605560
2023-06-30 19:22:58 [booklist] INFO: VALID_ID: 2559836
2023-06-30 19:22:58 [booklist] INFO: VALID_ID: 2536900
2023-06-30 19:22:58 [booklist] INFO: VALID_ID: 2608170
2023-06-30 19:22:58 [booklist] INFO: VALID_ID: 2545737
2023-06-30 19:22:58 [booklist] INFO: VALID_ID: 2557713
2023-06-30 19:22:58 [booklist] INFO: VALID_ID: 2556103
2023-06-30 19:22:58 [booklist] INFO: VALID_ID: 2607099
2023-06-30 19:22:58 [booklist] INFO: VALID_ID: 9893019
2023-06-30 19:22:58 [booklist] INFO: VALID_ID: 1307724
2023-06-30 19:22:58 [booklist] INFO: VALID_ID: 1307745
2023-06-30 19:22:58 [booklist] INFO: VALID_ID: 2605778
2023-06-30 19:22:58 [booklist] INFO: VALID_ID: 2604733
2023-06-30 19:22:58 [booklist] INFO: VALID_ID: 2554998
2023-06-30 19:22:58 [booklist] INFO: VALID_ID: 2554999
2023-06-30 19:22:58 [booklist] INFO: VALID_ID: 2545740
2023-06-30 19:23:00 [scrapy.core.engine] DEBUG: Crawled (200) <POST https://dl.ndl.go.jp/api/item/search> (referer: https://dl.ndl.go.jp/api/item/search)
2023-06-30 19:23:00 [booklist] INFO: Fetched page 6
2023-06-30 19:23:01 [booklist] INFO: VALID_ID: 2545740
2023-06-30 19:23:01 [booklist] INFO: VALID_ID: 10303914
2023-06-30 19:23:01 [booklist] INFO: VALID_ID: 10303756
2023-06-30 19:23:01 [booklist] INFO: VALID_ID: 2608170
2023-06-30 19:23:01 [booklist] INFO: VALID_ID: 2545737
2023-06-30 19:23:01 [booklist] INFO: VALID_ID: 2557713
2023-06-30 19:23:01 [booklist] INFO: VALID_ID: 9893019
2023-06-30 19:23:01 [booklist] INFO: VALID_ID: 2564975
2023-06-30 19:23:01 [booklist] INFO: VALID_ID: 2576600
2023-06-30 19:23:01 [booklist] INFO: VALID_ID: 2576601
2023-06-30 19:23:01 [booklist] INFO: VALID_ID: 2557716
2023-06-30 19:23:01 [booklist] INFO: VALID_ID: 2607267
2023-06-30 19:23:01 [booklist] INFO: VALID_ID: 2557711
2023-06-30 19:23:01 [booklist] INFO: VALID_ID: 2545738
2023-06-30 19:23:01 [booklist] INFO: VALID_ID: 2564979
2023-06-30 19:23:01 [booklist] INFO: VALID_ID: 2545742
2023-06-30 19:23:01 [booklist] INFO: VALID_ID: 2559207
2023-06-30 19:23:01 [booklist] INFO: VALID_ID: 2559826
2023-06-30 19:23:01 [booklist] INFO: VALID_ID: 2559827
2023-06-30 19:23:01 [booklist] INFO: VALID_ID: 1307734
2023-06-30 19:23:01 [booklist] INFO: VALID_ID: 2577366
2023-06-30 19:23:01 [booklist] INFO: VALID_ID: 2577382
2023-06-30 19:23:01 [booklist] INFO: VALID_ID: 2577392
2023-06-30 19:23:01 [booklist] INFO: VALID_ID: 2577419
2023-06-30 19:23:01 [booklist] INFO: VALID_ID: 2577427
2023-06-30 19:23:01 [booklist] INFO: VALID_ID: 2577437
2023-06-30 19:23:01 [booklist] INFO: VALID_ID: 2577497
2023-06-30 19:23:01 [booklist] INFO: VALID_ID: 2577549
2023-06-30 19:23:01 [booklist] INFO: VALID_ID: 2577553
2023-06-30 19:23:01 [booklist] INFO: VALID_ID: 2577556
2023-06-30 19:23:01 [booklist] INFO: VALID_ID: 2577583
2023-06-30 19:23:01 [booklist] INFO: VALID_ID: 2577631
2023-06-30 19:23:01 [booklist] INFO: VALID_ID: 2574953
2023-06-30 19:23:01 [booklist] INFO: VALID_ID: 2556153
2023-06-30 19:23:01 [booklist] INFO: VALID_ID: 2576602
2023-06-30 19:23:01 [booklist] INFO: VALID_ID: 2545741
2023-06-30 19:23:01 [booklist] INFO: VALID_ID: 2556102
2023-06-30 19:23:01 [booklist] INFO: VALID_ID: 2564976
2023-06-30 19:23:01 [booklist] INFO: VALID_ID: 2559838
2023-06-30 19:23:01 [booklist] INFO: VALID_ID: 1309109
2023-06-30 19:23:01 [booklist] INFO: VALID_ID: 2609505
2023-06-30 19:23:01 [booklist] INFO: VALID_ID: 2545739
2023-06-30 19:23:01 [booklist] INFO: VALID_ID: 1313258
2023-06-30 19:23:01 [booklist] INFO: VALID_ID: 2577306
2023-06-30 19:23:01 [booklist] INFO: VALID_ID: 2577329
2023-06-30 19:23:01 [booklist] INFO: VALID_ID: 2577350
2023-06-30 19:23:01 [booklist] INFO: VALID_ID: 2577357
2023-06-30 19:23:01 [booklist] INFO: VALID_ID: 2577399
2023-06-30 19:23:01 [booklist] INFO: VALID_ID: 2577402
2023-06-30 19:23:01 [booklist] INFO: VALID_ID: 2577424
2023-06-30 19:23:01 [booklist] INFO: VALID_ID: 2577500
2023-06-30 19:23:01 [booklist] INFO: VALID_ID: 2577502
2023-06-30 19:23:01 [booklist] INFO: VALID_ID: 2577510
2023-06-30 19:23:01 [booklist] INFO: VALID_ID: 2577528
2023-06-30 19:23:01 [booklist] INFO: VALID_ID: 2577530
2023-06-30 19:23:01 [booklist] INFO: VALID_ID: 2577577
2023-06-30 19:23:01 [booklist] INFO: VALID_ID: 2577612
2023-06-30 19:23:01 [booklist] INFO: VALID_ID: 2556150
2023-06-30 19:23:01 [booklist] INFO: VALID_ID: 2609745
2023-06-30 19:23:01 [booklist] INFO: VALID_ID: 2556151
2023-06-30 19:23:01 [booklist] INFO: VALID_ID: 1310201
2023-06-30 19:23:01 [booklist] INFO: VALID_ID: 2559820
2023-06-30 19:23:01 [booklist] INFO: VALID_ID: 2545721
2023-06-30 19:23:01 [booklist] INFO: VALID_ID: 2535835
2023-06-30 19:23:01 [booklist] INFO: VALID_ID: 9893373
2023-06-30 19:23:01 [booklist] INFO: VALID_ID: 2577390
2023-06-30 19:23:01 [booklist] INFO: VALID_ID: 2577396
2023-06-30 19:23:01 [booklist] INFO: VALID_ID: 2577416
2023-06-30 19:23:01 [booklist] INFO: VALID_ID: 2577429
2023-06-30 19:23:01 [booklist] INFO: VALID_ID: 2577457
2023-06-30 19:23:01 [booklist] INFO: VALID_ID: 2577464
2023-06-30 19:23:01 [booklist] INFO: VALID_ID: 2577480
2023-06-30 19:23:01 [booklist] INFO: VALID_ID: 2577486
2023-06-30 19:23:01 [booklist] INFO: VALID_ID: 2577522
2023-06-30 19:23:01 [booklist] INFO: VALID_ID: 2577525
2023-06-30 19:23:01 [booklist] INFO: VALID_ID: 2577532
2023-06-30 19:23:01 [booklist] INFO: VALID_ID: 2577542
2023-06-30 19:23:01 [booklist] INFO: VALID_ID: 2577574
2023-06-30 19:23:01 [booklist] INFO: VALID_ID: 2577584
2023-06-30 19:23:01 [booklist] INFO: VALID_ID: 2577585
2023-06-30 19:23:01 [booklist] INFO: VALID_ID: 2577588
2023-06-30 19:23:01 [booklist] INFO: VALID_ID: 2574961
2023-06-30 19:23:01 [booklist] INFO: VALID_ID: 2559833
2023-06-30 19:23:01 [booklist] INFO: VALID_ID: 2605221
2023-06-30 19:23:01 [booklist] INFO: VALID_ID: 2577324
2023-06-30 19:23:01 [booklist] INFO: VALID_ID: 2577348
2023-06-30 19:23:01 [booklist] INFO: VALID_ID: 2577369
2023-06-30 19:23:01 [booklist] INFO: VALID_ID: 2577418
2023-06-30 19:23:01 [booklist] INFO: VALID_ID: 2577442
2023-06-30 19:23:01 [booklist] INFO: VALID_ID: 2577448
2023-06-30 19:23:01 [booklist] INFO: VALID_ID: 2577460
2023-06-30 19:23:01 [booklist] INFO: VALID_ID: 2577468
2023-06-30 19:23:01 [booklist] INFO: VALID_ID: 2577519
2023-06-30 19:23:01 [booklist] INFO: VALID_ID: 2577539
2023-06-30 19:23:01 [booklist] INFO: VALID_ID: 2577572
2023-06-30 19:23:01 [booklist] INFO: VALID_ID: 2577582
2023-06-30 19:23:01 [booklist] INFO: VALID_ID: 2577590
2023-06-30 19:23:01 [booklist] INFO: VALID_ID: 2604665
2023-06-30 19:23:01 [booklist] INFO: VALID_ID: 2574956
2023-06-30 19:23:01 [booklist] INFO: VALID_ID: 2577355
2023-06-30 19:23:02 [scrapy.core.engine] DEBUG: Crawled (200) <POST https://dl.ndl.go.jp/api/item/search> (referer: https://dl.ndl.go.jp/api/item/search)
2023-06-30 19:23:02 [booklist] INFO: Fetched page 7
2023-06-30 19:23:03 [booklist] INFO: VALID_ID: 2609745
2023-06-30 19:23:03 [booklist] INFO: VALID_ID: 2556151
2023-06-30 19:23:03 [booklist] INFO: VALID_ID: 1310201
2023-06-30 19:23:03 [booklist] INFO: VALID_ID: 2559826
2023-06-30 19:23:03 [booklist] INFO: VALID_ID: 2559827
2023-06-30 19:23:03 [booklist] INFO: VALID_ID: 1307734
2023-06-30 19:23:03 [booklist] INFO: VALID_ID: 2538291
2023-06-30 19:23:03 [booklist] INFO: VALID_ID: 2577298
2023-06-30 19:23:03 [booklist] INFO: VALID_ID: 2577339
2023-06-30 19:23:03 [booklist] INFO: VALID_ID: 2577347
2023-06-30 19:23:03 [booklist] INFO: VALID_ID: 2577349
2023-06-30 19:23:03 [booklist] INFO: VALID_ID: 2577462
2023-06-30 19:23:03 [booklist] INFO: VALID_ID: 2577481
2023-06-30 19:23:03 [booklist] INFO: VALID_ID: 2577482
2023-06-30 19:23:03 [booklist] INFO: VALID_ID: 2577545
2023-06-30 19:23:03 [booklist] INFO: VALID_ID: 2577550
2023-06-30 19:23:03 [booklist] INFO: VALID_ID: 2577554
2023-06-30 19:23:03 [booklist] INFO: VALID_ID: 2577561
2023-06-30 19:23:03 [booklist] INFO: VALID_ID: 2577593
2023-06-30 19:23:03 [booklist] INFO: VALID_ID: 2577596
2023-06-30 19:23:03 [booklist] INFO: VALID_ID: 2577597
2023-06-30 19:23:03 [booklist] INFO: VALID_ID: 2577611
2023-06-30 19:23:03 [booklist] INFO: VALID_ID: 2556152
2023-06-30 19:23:03 [booklist] INFO: VALID_ID: 2577294
2023-06-30 19:23:03 [booklist] INFO: VALID_ID: 2577308
2023-06-30 19:23:03 [booklist] INFO: VALID_ID: 2577333
2023-06-30 19:23:03 [booklist] INFO: VALID_ID: 2577401
2023-06-30 19:23:03 [booklist] INFO: VALID_ID: 2577433
2023-06-30 19:23:03 [booklist] INFO: VALID_ID: 2577453
2023-06-30 19:23:03 [booklist] INFO: VALID_ID: 2577456
2023-06-30 19:23:03 [booklist] INFO: VALID_ID: 2577470
2023-06-30 19:23:03 [booklist] INFO: VALID_ID: 2577493
2023-06-30 19:23:03 [booklist] INFO: VALID_ID: 2577555
2023-06-30 19:23:03 [booklist] INFO: VALID_ID: 2607779
2023-06-30 19:23:03 [booklist] INFO: VALID_ID: 2604663
2023-06-30 19:23:03 [booklist] INFO: VALID_ID: 2559828
2023-06-30 19:23:03 [booklist] INFO: VALID_ID: 1302731
2023-06-30 19:23:03 [booklist] INFO: VALID_ID: 2577303
2023-06-30 19:23:03 [booklist] INFO: VALID_ID: 2577317
2023-06-30 19:23:03 [booklist] INFO: VALID_ID: 2577346
2023-06-30 19:23:03 [booklist] INFO: VALID_ID: 2577367
2023-06-30 19:23:03 [booklist] INFO: VALID_ID: 2577387
2023-06-30 19:23:03 [booklist] INFO: VALID_ID: 2577425
2023-06-30 19:23:03 [booklist] INFO: VALID_ID: 2577440
2023-06-30 19:23:03 [booklist] INFO: VALID_ID: 2577471
2023-06-30 19:23:03 [booklist] INFO: VALID_ID: 2577598
2023-06-30 19:23:03 [booklist] INFO: VALID_ID: 2575848
2023-06-30 19:23:03 [booklist] INFO: VALID_ID: 2551454
2023-06-30 19:23:03 [booklist] INFO: VALID_ID: 2543702
2023-06-30 19:23:03 [booklist] INFO: VALID_ID: 9369472
2023-06-30 19:23:03 [booklist] INFO: VALID_ID: 2577307
2023-06-30 19:23:03 [booklist] INFO: VALID_ID: 2577376
2023-06-30 19:23:03 [booklist] INFO: VALID_ID: 2577379
2023-06-30 19:23:03 [booklist] INFO: VALID_ID: 2577403
2023-06-30 19:23:03 [booklist] INFO: VALID_ID: 2577404
2023-06-30 19:23:03 [booklist] INFO: VALID_ID: 2577415
2023-06-30 19:23:03 [booklist] INFO: VALID_ID: 2577438
2023-06-30 19:23:03 [booklist] INFO: VALID_ID: 2577484
2023-06-30 19:23:03 [booklist] INFO: VALID_ID: 2577490
2023-06-30 19:23:03 [booklist] INFO: VALID_ID: 2577501
2023-06-30 19:23:03 [booklist] INFO: VALID_ID: 2577508
2023-06-30 19:23:03 [booklist] INFO: VALID_ID: 2577527
2023-06-30 19:23:03 [booklist] INFO: VALID_ID: 2577535
2023-06-30 19:23:03 [booklist] INFO: VALID_ID: 2577538
2023-06-30 19:23:03 [booklist] INFO: VALID_ID: 2577541
2023-06-30 19:23:03 [booklist] INFO: VALID_ID: 2577614
2023-06-30 19:23:03 [booklist] INFO: VALID_ID: 2577630
2023-06-30 19:23:03 [booklist] INFO: VALID_ID: 1308584
2023-06-30 19:23:03 [booklist] INFO: VALID_ID: 2577309
2023-06-30 19:23:03 [booklist] INFO: VALID_ID: 2577373
2023-06-30 19:23:03 [booklist] INFO: VALID_ID: 2577386
2023-06-30 19:23:03 [booklist] INFO: VALID_ID: 2577395
2023-06-30 19:23:03 [booklist] INFO: VALID_ID: 2577512
2023-06-30 19:23:03 [booklist] INFO: VALID_ID: 2577548
2023-06-30 19:23:03 [booklist] INFO: VALID_ID: 2577591
2023-06-30 19:23:03 [booklist] INFO: VALID_ID: 2609334
2023-06-30 19:23:03 [booklist] INFO: VALID_ID: 2577299
2023-06-30 19:23:03 [booklist] INFO: VALID_ID: 2577336
2023-06-30 19:23:03 [booklist] INFO: VALID_ID: 2577363
2023-06-30 19:23:03 [booklist] INFO: VALID_ID: 2577384
2023-06-30 19:23:03 [booklist] INFO: VALID_ID: 2577409
2023-06-30 19:23:03 [booklist] INFO: VALID_ID: 2577443
2023-06-30 19:23:03 [booklist] INFO: VALID_ID: 2577445
2023-06-30 19:23:03 [booklist] INFO: VALID_ID: 2577447
2023-06-30 19:23:03 [booklist] INFO: VALID_ID: 2577450
2023-06-30 19:23:03 [booklist] INFO: VALID_ID: 2577529
2023-06-30 19:23:03 [booklist] INFO: VALID_ID: 2577565
2023-06-30 19:23:03 [booklist] INFO: VALID_ID: 2577613
2023-06-30 19:23:03 [booklist] INFO: VALID_ID: 8929843
2023-06-30 19:23:03 [booklist] INFO: VALID_ID: 2551455
2023-06-30 19:23:03 [booklist] INFO: VALID_ID: 2598671
2023-06-30 19:23:03 [booklist] INFO: VALID_ID: 2551456
2023-06-30 19:23:03 [booklist] INFO: VALID_ID: 1307020
2023-06-30 19:23:03 [booklist] INFO: VALID_ID: 1309080
2023-06-30 19:23:03 [booklist] INFO: VALID_ID: 1307010
2023-06-30 19:23:03 [booklist] INFO: VALID_ID: 2558715
2023-06-30 19:23:03 [booklist] INFO: VALID_ID: 1308770
2023-06-30 19:23:03 [booklist] INFO: VALID_ID: 1309264
2023-06-30 19:23:03 [booklist] INFO: VALID_ID: 2577304
2023-06-30 19:23:03 [booklist] INFO: VALID_ID: 2577371
2023-06-30 19:23:04 [scrapy.core.engine] DEBUG: Crawled (200) <POST https://dl.ndl.go.jp/api/item/search> (referer: https://dl.ndl.go.jp/api/item/search)
2023-06-30 19:23:04 [booklist] INFO: Fetched page 8
2023-06-30 19:23:05 [booklist] INFO: VALID_ID: 2577614
2023-06-30 19:23:05 [booklist] INFO: VALID_ID: 2577630
2023-06-30 19:23:05 [booklist] INFO: VALID_ID: 2577352
2023-06-30 19:23:05 [booklist] INFO: VALID_ID: 2577380
2023-06-30 19:23:05 [booklist] INFO: VALID_ID: 2577406
2023-06-30 19:23:05 [booklist] INFO: VALID_ID: 2577417
2023-06-30 19:23:05 [booklist] INFO: VALID_ID: 2577455
2023-06-30 19:23:05 [booklist] INFO: VALID_ID: 2577474
2023-06-30 19:23:05 [booklist] INFO: VALID_ID: 2577498
2023-06-30 19:23:05 [booklist] INFO: VALID_ID: 2577537
2023-06-30 19:23:05 [booklist] INFO: VALID_ID: 2577586
2023-06-30 19:23:05 [booklist] INFO: VALID_ID: 2577600
2023-06-30 19:23:05 [booklist] INFO: VALID_ID: 2598671
2023-06-30 19:23:05 [booklist] INFO: VALID_ID: 1308584
2023-06-30 19:23:05 [booklist] INFO: VALID_ID: 1307724
2023-06-30 19:23:05 [booklist] INFO: VALID_ID: 1307745
2023-06-30 19:23:05 [booklist] INFO: VALID_ID: 2551455
2023-06-30 19:23:05 [booklist] INFO: VALID_ID: 2558715
2023-06-30 19:23:05 [booklist] INFO: VALID_ID: 1308770
2023-06-30 19:23:05 [booklist] INFO: VALID_ID: 1309264
2023-06-30 19:23:05 [booklist] INFO: VALID_ID: 2577325
2023-06-30 19:23:05 [booklist] INFO: VALID_ID: 2577351
2023-06-30 19:23:05 [booklist] INFO: VALID_ID: 2577383
2023-06-30 19:23:05 [booklist] INFO: VALID_ID: 2577441
2023-06-30 19:23:05 [booklist] INFO: VALID_ID: 2577517
2023-06-30 19:23:05 [booklist] INFO: VALID_ID: 2577562
2023-06-30 19:23:05 [booklist] INFO: VALID_ID: 2577610
2023-06-30 19:23:05 [booklist] INFO: VALID_ID: 2577622
2023-06-30 19:23:05 [booklist] INFO: VALID_ID: 2577295
2023-06-30 19:23:05 [booklist] INFO: VALID_ID: 2577305
2023-06-30 19:23:05 [booklist] INFO: VALID_ID: 2577315
2023-06-30 19:23:05 [booklist] INFO: VALID_ID: 2577361
2023-06-30 19:23:05 [booklist] INFO: VALID_ID: 2577411
2023-06-30 19:23:05 [booklist] INFO: VALID_ID: 1312207
2023-06-30 19:23:05 [booklist] INFO: VALID_ID: 2577547
2023-06-30 19:23:05 [booklist] INFO: VALID_ID: 2577594
2023-06-30 19:23:05 [booklist] INFO: VALID_ID: 2577599
2023-06-30 19:23:05 [booklist] INFO: VALID_ID: 2577624
2023-06-30 19:23:05 [booklist] INFO: VALID_ID: 2555833
2023-06-30 19:23:05 [booklist] INFO: VALID_ID: 2537462
2023-06-30 19:23:05 [booklist] INFO: VALID_ID: 2543497
2023-06-30 19:23:05 [booklist] INFO: VALID_ID: 2573554
2023-06-30 19:23:05 [booklist] INFO: VALID_ID: 2595782
2023-06-30 19:23:05 [booklist] INFO: VALID_ID: 2577311
2023-06-30 19:23:05 [booklist] INFO: VALID_ID: 2577332
2023-06-30 19:23:05 [booklist] INFO: VALID_ID: 2577340
2023-06-30 19:23:05 [booklist] INFO: VALID_ID: 2577368
2023-06-30 19:23:05 [booklist] INFO: VALID_ID: 2577410
2023-06-30 19:23:05 [booklist] INFO: VALID_ID: 2577451
2023-06-30 19:23:05 [booklist] INFO: VALID_ID: 2577476
2023-06-30 19:23:05 [booklist] INFO: VALID_ID: 2577521
2023-06-30 19:23:05 [booklist] INFO: VALID_ID: 2577557
2023-06-30 19:23:05 [booklist] INFO: VALID_ID: 2577626
2023-06-30 19:23:05 [booklist] INFO: VALID_ID: 2577322
2023-06-30 19:23:05 [booklist] INFO: VALID_ID: 2577330
2023-06-30 19:23:05 [booklist] INFO: VALID_ID: 2577345
2023-06-30 19:23:05 [booklist] INFO: VALID_ID: 2577423
2023-06-30 19:23:05 [booklist] INFO: VALID_ID: 2577461
2023-06-30 19:23:05 [booklist] INFO: VALID_ID: 2577467
2023-06-30 19:23:05 [booklist] INFO: VALID_ID: 2577496
2023-06-30 19:23:05 [booklist] INFO: VALID_ID: 2577509
2023-06-30 19:23:05 [booklist] INFO: VALID_ID: 2577514
2023-06-30 19:23:05 [booklist] INFO: VALID_ID: 2577536
2023-06-30 19:23:05 [booklist] INFO: VALID_ID: 2577544
2023-06-30 19:23:05 [booklist] INFO: VALID_ID: 2577587
2023-06-30 19:23:05 [booklist] INFO: VALID_ID: 2577601
2023-06-30 19:23:05 [booklist] INFO: VALID_ID: 2577606
2023-06-30 19:23:05 [booklist] INFO: VALID_ID: 2577620
2023-06-30 19:23:05 [booklist] INFO: VALID_ID: 2577621
2023-06-30 19:23:05 [booklist] INFO: VALID_ID: 2577625
2023-06-30 19:23:05 [booklist] INFO: VALID_ID: 2577629
2023-06-30 19:23:05 [booklist] INFO: VALID_ID: 2541853
2023-06-30 19:23:05 [booklist] INFO: VALID_ID: 2573540
2023-06-30 19:23:05 [booklist] INFO: VALID_ID: 2573553
2023-06-30 19:23:05 [booklist] INFO: VALID_ID: 2573559
2023-06-30 19:23:05 [booklist] INFO: VALID_ID: 2577304
2023-06-30 19:23:05 [booklist] INFO: VALID_ID: 2577371
2023-06-30 19:23:05 [booklist] INFO: VALID_ID: 2577414
2023-06-30 19:23:05 [booklist] INFO: VALID_ID: 2577475
2023-06-30 19:23:05 [booklist] INFO: VALID_ID: 2577479
2023-06-30 19:23:05 [booklist] INFO: VALID_ID: 2577506
2023-06-30 19:23:05 [booklist] INFO: VALID_ID: 2577534
2023-06-30 19:23:05 [booklist] INFO: VALID_ID: 2577543
2023-06-30 19:23:05 [booklist] INFO: VALID_ID: 1309265
2023-06-30 19:23:05 [booklist] INFO: VALID_ID: 1305215
2023-06-30 19:23:05 [booklist] INFO: VALID_ID: 2609334
2023-06-30 19:23:05 [booklist] INFO: VALID_ID: 2577299
2023-06-30 19:23:05 [booklist] INFO: VALID_ID: 2577336
2023-06-30 19:23:05 [booklist] INFO: VALID_ID: 2577363
2023-06-30 19:23:05 [booklist] INFO: VALID_ID: 2577384
2023-06-30 19:23:05 [booklist] INFO: VALID_ID: 2577409
2023-06-30 19:23:05 [booklist] INFO: VALID_ID: 2577443
2023-06-30 19:23:05 [booklist] INFO: VALID_ID: 2577445
2023-06-30 19:23:05 [booklist] INFO: VALID_ID: 2577447
2023-06-30 19:23:05 [booklist] INFO: VALID_ID: 2577450
2023-06-30 19:23:05 [booklist] INFO: VALID_ID: 2577529
2023-06-30 19:23:05 [booklist] INFO: VALID_ID: 2577565
2023-06-30 19:23:05 [booklist] INFO: VALID_ID: 2577613
2023-06-30 19:23:05 [booklist] INFO: VALID_ID: 2577312
2023-06-30 19:23:05 [booklist] INFO: VALID_ID: 2577318
2023-06-30 19:23:07 [scrapy.core.engine] DEBUG: Crawled (200) <POST https://dl.ndl.go.jp/api/item/search> (referer: https://dl.ndl.go.jp/api/item/search)
2023-06-30 19:23:07 [booklist] INFO: Fetched page 9
2023-06-30 19:23:08 [booklist] INFO: VALID_ID: 2577563
2023-06-30 19:23:08 [booklist] INFO: VALID_ID: 2577567
2023-06-30 19:23:08 [booklist] INFO: VALID_ID: 2577609
2023-06-30 19:23:08 [booklist] INFO: VALID_ID: 2540153
2023-06-30 19:23:08 [booklist] INFO: VALID_ID: 2577326
2023-06-30 19:23:08 [booklist] INFO: VALID_ID: 2577494
2023-06-30 19:23:08 [booklist] INFO: VALID_ID: 2577504
2023-06-30 19:23:08 [booklist] INFO: VALID_ID: 2577507
2023-06-30 19:23:08 [booklist] INFO: VALID_ID: 2577551
2023-06-30 19:23:08 [booklist] INFO: VALID_ID: 2577576
2023-06-30 19:23:08 [booklist] INFO: VALID_ID: 2577595
2023-06-30 19:23:08 [booklist] INFO: VALID_ID: 2577605
2023-06-30 19:23:08 [booklist] INFO: VALID_ID: 2577301
2023-06-30 19:23:08 [booklist] INFO: VALID_ID: 2577397
2023-06-30 19:23:08 [booklist] INFO: VALID_ID: 2577473
2023-06-30 19:23:08 [booklist] INFO: VALID_ID: 2577487
2023-06-30 19:23:08 [booklist] INFO: VALID_ID: 2577488
2023-06-30 19:23:08 [booklist] INFO: VALID_ID: 2577491
2023-06-30 19:23:08 [booklist] INFO: VALID_ID: 2577578
2023-06-30 19:23:08 [booklist] INFO: VALID_ID: 1303818
2023-06-30 19:23:08 [booklist] INFO: VALID_ID: 2577342
2023-06-30 19:23:08 [booklist] INFO: VALID_ID: 2577477
2023-06-30 19:23:08 [booklist] INFO: VALID_ID: 2577546
2023-06-30 19:23:08 [booklist] INFO: VALID_ID: 2577573
2023-06-30 19:23:08 [booklist] INFO: VALID_ID: 2577580
2023-06-30 19:23:08 [booklist] INFO: VALID_ID: 2577608
2023-06-30 19:23:08 [booklist] INFO: VALID_ID: 2532117
2023-06-30 19:23:08 [booklist] INFO: VALID_ID: 2577334
2023-06-30 19:23:08 [booklist] INFO: VALID_ID: 2577343
2023-06-30 19:23:08 [booklist] INFO: VALID_ID: 2577344
2023-06-30 19:23:08 [booklist] INFO: VALID_ID: 2577370
2023-06-30 19:23:08 [booklist] INFO: VALID_ID: 2577405
2023-06-30 19:23:08 [booklist] INFO: VALID_ID: 2577431
2023-06-30 19:23:08 [booklist] INFO: VALID_ID: 2577465
2023-06-30 19:23:08 [booklist] INFO: VALID_ID: 2577495
2023-06-30 19:23:08 [booklist] INFO: VALID_ID: 2577511
2023-06-30 19:23:08 [booklist] INFO: VALID_ID: 2577558
2023-06-30 19:23:08 [booklist] INFO: VALID_ID: 2577617
2023-06-30 19:23:08 [booklist] INFO: VALID_ID: 1303196
2023-06-30 19:23:08 [booklist] INFO: VALID_ID: 1309630
2023-06-30 19:23:08 [booklist] INFO: VALID_ID: 2577297
2023-06-30 19:23:08 [booklist] INFO: VALID_ID: 2577319
2023-06-30 19:23:08 [booklist] INFO: VALID_ID: 2577321
2023-06-30 19:23:08 [booklist] INFO: VALID_ID: 1311755
2023-06-30 19:23:08 [booklist] INFO: VALID_ID: 2577335
2023-06-30 19:23:08 [booklist] INFO: VALID_ID: 2577428
2023-06-30 19:23:08 [booklist] INFO: VALID_ID: 2577432
2023-06-30 19:23:08 [booklist] INFO: VALID_ID: 2577458
2023-06-30 19:23:08 [booklist] INFO: VALID_ID: 2577564
2023-06-30 19:23:08 [booklist] INFO: VALID_ID: 2577569
2023-06-30 19:23:08 [booklist] INFO: VALID_ID: 2577571
2023-06-30 19:23:08 [booklist] INFO: VALID_ID: 2577581
2023-06-30 19:23:08 [booklist] INFO: VALID_ID: 2577623
2023-06-30 19:23:08 [booklist] INFO: VALID_ID: 2556631
2023-06-30 19:23:08 [booklist] INFO: VALID_ID: 2555746
2023-06-30 19:23:08 [booklist] INFO: VALID_ID: 2555752
2023-06-30 19:23:08 [booklist] INFO: VALID_ID: 2592187
2023-06-30 19:23:08 [booklist] INFO: VALID_ID: 2577360
2023-06-30 19:23:08 [booklist] INFO: VALID_ID: 2577372
2023-06-30 19:23:08 [booklist] INFO: VALID_ID: 2577388
2023-06-30 19:23:08 [booklist] INFO: VALID_ID: 2577398
2023-06-30 19:23:08 [booklist] INFO: VALID_ID: 2577413
2023-06-30 19:23:08 [booklist] INFO: VALID_ID: 2577446
2023-06-30 19:23:08 [booklist] INFO: VALID_ID: 2577472
2023-06-30 19:23:08 [booklist] INFO: VALID_ID: 2577520
2023-06-30 19:23:08 [booklist] INFO: VALID_ID: 2577314
2023-06-30 19:23:08 [booklist] INFO: VALID_ID: 2577356
2023-06-30 19:23:08 [booklist] INFO: VALID_ID: 2577407
2023-06-30 19:23:08 [booklist] INFO: VALID_ID: 2577469
2023-06-30 19:23:08 [booklist] INFO: VALID_ID: 2577515
2023-06-30 19:23:08 [booklist] INFO: VALID_ID: 2577615
2023-06-30 19:23:08 [booklist] INFO: VALID_ID: 2577338
2023-06-30 19:23:08 [booklist] INFO: VALID_ID: 2577374
2023-06-30 19:23:08 [booklist] INFO: VALID_ID: 2577381
2023-06-30 19:23:08 [booklist] INFO: VALID_ID: 2577408
2023-06-30 19:23:08 [booklist] INFO: VALID_ID: 2577430
2023-06-30 19:23:08 [booklist] INFO: VALID_ID: 2577439
2023-06-30 19:23:08 [booklist] INFO: VALID_ID: 2577483
2023-06-30 19:23:08 [booklist] INFO: VALID_ID: 2577552
2023-06-30 19:23:08 [booklist] INFO: VALID_ID: 2577592
2023-06-30 19:23:08 [booklist] INFO: VALID_ID: 2577627
2023-06-30 19:23:08 [booklist] INFO: VALID_ID: 2577294
2023-06-30 19:23:08 [booklist] INFO: VALID_ID: 2577308
2023-06-30 19:23:08 [booklist] INFO: VALID_ID: 2577333
2023-06-30 19:23:08 [booklist] INFO: VALID_ID: 2577401
2023-06-30 19:23:08 [booklist] INFO: VALID_ID: 2577433
2023-06-30 19:23:08 [booklist] INFO: VALID_ID: 2577453
2023-06-30 19:23:08 [booklist] INFO: VALID_ID: 2577456
2023-06-30 19:23:08 [booklist] INFO: VALID_ID: 2577470
2023-06-30 19:23:08 [booklist] INFO: VALID_ID: 2577493
2023-06-30 19:23:08 [booklist] INFO: VALID_ID: 2577555
2023-06-30 19:23:08 [booklist] INFO: VALID_ID: 2555831
2023-06-30 19:23:08 [booklist] INFO: VALID_ID: 2577293
2023-06-30 19:23:08 [booklist] INFO: VALID_ID: 2577316
2023-06-30 19:23:08 [booklist] INFO: VALID_ID: 2577320
2023-06-30 19:23:08 [booklist] INFO: VALID_ID: 2577331
2023-06-30 19:23:08 [booklist] INFO: VALID_ID: 2577337
2023-06-30 19:23:08 [booklist] INFO: VALID_ID: 2577434
2023-06-30 19:23:08 [booklist] INFO: VALID_ID: 2577435
2023-06-30 19:23:08 [booklist] INFO: VALID_ID: 2577444
2023-06-30 19:23:09 [scrapy.core.engine] DEBUG: Crawled (200) <POST https://dl.ndl.go.jp/api/item/search> (referer: https://dl.ndl.go.jp/api/item/search)
2023-06-30 19:23:09 [booklist] INFO: Fetched page 10
2023-06-30 19:23:10 [booklist] INFO: VALID_ID: 2555831
2023-06-30 19:23:10 [booklist] INFO: VALID_ID: 2577293
2023-06-30 19:23:10 [booklist] INFO: VALID_ID: 2577316
2023-06-30 19:23:10 [booklist] INFO: VALID_ID: 2577320
2023-06-30 19:23:10 [booklist] INFO: VALID_ID: 2577331
2023-06-30 19:23:10 [booklist] INFO: VALID_ID: 2577337
2023-06-30 19:23:10 [booklist] INFO: VALID_ID: 2577434
2023-06-30 19:23:10 [booklist] INFO: VALID_ID: 2577435
2023-06-30 19:23:10 [booklist] INFO: VALID_ID: 2577444
2023-06-30 19:23:10 [booklist] INFO: VALID_ID: 2577478
2023-06-30 19:23:10 [booklist] INFO: VALID_ID: 2577513
2023-06-30 19:23:10 [booklist] INFO: VALID_ID: 2577602
2023-06-30 19:23:10 [booklist] INFO: VALID_ID: 2577607
2023-06-30 19:23:10 [booklist] INFO: VALID_ID: 2558711
2023-06-30 19:23:10 [booklist] INFO: VALID_ID: 1301320
2023-06-30 19:23:10 [booklist] INFO: VALID_ID: 2573550
2023-06-30 19:23:10 [booklist] INFO: VALID_ID: 1305200
2023-06-30 19:23:10 [booklist] INFO: VALID_ID: 2558713
2023-06-30 19:23:10 [booklist] INFO: VALID_ID: 2573557
2023-06-30 19:23:10 [booklist] INFO: VALID_ID: 2573565
2023-06-30 19:23:10 [booklist] INFO: VALID_ID: 2555739
2023-06-30 19:23:10 [booklist] INFO: VALID_ID: 2575685
2023-06-30 19:23:10 [booklist] INFO: VALID_ID: 1309266
2023-06-30 19:23:10 [booklist] INFO: VALID_ID: 2576367
2023-06-30 19:23:10 [booklist] INFO: VALID_ID: 2543701
2023-06-30 19:23:10 [booklist] INFO: VALID_ID: 2577300
2023-06-30 19:23:10 [booklist] INFO: VALID_ID: 2577302
2023-06-30 19:23:10 [booklist] INFO: VALID_ID: 2577310
2023-06-30 19:23:10 [booklist] INFO: VALID_ID: 2577313
2023-06-30 19:23:10 [booklist] INFO: VALID_ID: 2577353
2023-06-30 19:23:10 [booklist] INFO: VALID_ID: 2577354
2023-06-30 19:23:10 [booklist] INFO: VALID_ID: 2577365
2023-06-30 19:23:10 [booklist] INFO: VALID_ID: 2577377
2023-06-30 19:23:10 [booklist] INFO: VALID_ID: 2577394
2023-06-30 19:23:10 [booklist] INFO: VALID_ID: 2577421
2023-06-30 19:23:10 [booklist] INFO: VALID_ID: 2577426
2023-06-30 19:23:10 [booklist] INFO: VALID_ID: 2577449
2023-06-30 19:23:10 [booklist] INFO: VALID_ID: 2577466
2023-06-30 19:23:10 [booklist] INFO: VALID_ID: 2577505
2023-06-30 19:23:10 [booklist] INFO: VALID_ID: 2577531
2023-06-30 19:23:10 [booklist] INFO: VALID_ID: 2577533
2023-06-30 19:23:10 [booklist] INFO: VALID_ID: 2577566
2023-06-30 19:23:10 [booklist] INFO: VALID_ID: 2577579
2023-06-30 19:23:10 [booklist] INFO: VALID_ID: 1310816
2023-06-30 19:23:10 [booklist] INFO: VALID_ID: 2577323
2023-06-30 19:23:10 [booklist] INFO: VALID_ID: 2577389
2023-06-30 19:23:10 [booklist] INFO: VALID_ID: 2577393
2023-06-30 19:23:10 [booklist] INFO: VALID_ID: 2577400
2023-06-30 19:23:10 [booklist] INFO: VALID_ID: 2577523
2023-06-30 19:23:10 [booklist] INFO: VALID_ID: 2577540
2023-06-30 19:23:10 [booklist] INFO: VALID_ID: 2577568
2023-06-30 19:23:10 [booklist] INFO: VALID_ID: 2577603
2023-06-30 19:23:10 [booklist] INFO: VALID_ID: 2577628
2023-06-30 19:23:10 [booklist] INFO: VALID_ID: 2575684
2023-06-30 19:23:10 [booklist] INFO: VALID_ID: 2576333
2023-06-30 19:23:10 [booklist] INFO: VALID_ID: 2576350
2023-06-30 19:23:10 [booklist] INFO: VALID_ID: 2576354
2023-06-30 19:23:10 [booklist] INFO: VALID_ID: 2576358
2023-06-30 19:23:10 [booklist] INFO: VALID_ID: 2576395
2023-06-30 19:23:10 [booklist] INFO: VALID_ID: 2576400
2023-06-30 19:23:10 [booklist] INFO: VALID_ID: 2538291
2023-06-30 19:23:10 [booklist] INFO: VALID_ID: 2577298
2023-06-30 19:23:10 [booklist] INFO: VALID_ID: 2577339
2023-06-30 19:23:10 [booklist] INFO: VALID_ID: 2577347
2023-06-30 19:23:10 [booklist] INFO: VALID_ID: 2577349
2023-06-30 19:23:10 [booklist] INFO: VALID_ID: 2577462
2023-06-30 19:23:10 [booklist] INFO: VALID_ID: 2577481
2023-06-30 19:23:10 [booklist] INFO: VALID_ID: 2577482
2023-06-30 19:23:10 [booklist] INFO: VALID_ID: 2577545
2023-06-30 19:23:10 [booklist] INFO: VALID_ID: 2577550
2023-06-30 19:23:10 [booklist] INFO: VALID_ID: 2577554
2023-06-30 19:23:10 [booklist] INFO: VALID_ID: 2577561
2023-06-30 19:23:10 [booklist] INFO: VALID_ID: 2577593
2023-06-30 19:23:10 [booklist] INFO: VALID_ID: 2577596
2023-06-30 19:23:10 [booklist] INFO: VALID_ID: 2577597
2023-06-30 19:23:10 [booklist] INFO: VALID_ID: 2577611
2023-06-30 19:23:10 [booklist] INFO: VALID_ID: 2577296
2023-06-30 19:23:10 [booklist] INFO: VALID_ID: 2577327
2023-06-30 19:23:10 [booklist] INFO: VALID_ID: 2577364
2023-06-30 19:23:10 [booklist] INFO: VALID_ID: 2577452
2023-06-30 19:23:10 [booklist] INFO: VALID_ID: 2577463
2023-06-30 19:23:10 [booklist] INFO: VALID_ID: 2577499
2023-06-30 19:23:10 [booklist] INFO: VALID_ID: 2577524
2023-06-30 19:23:10 [booklist] INFO: VALID_ID: 2577560
2023-06-30 19:23:10 [booklist] INFO: VALID_ID: 2577589
2023-06-30 19:23:10 [booklist] INFO: VALID_ID: 2575849
2023-06-30 19:23:10 [booklist] INFO: VALID_ID: 1302703
2023-06-30 19:23:10 [booklist] INFO: VALID_ID: 1309119
2023-06-30 19:23:10 [booklist] INFO: VALID_ID: 2543499
2023-06-30 19:23:10 [booklist] INFO: VALID_ID: 2573548
2023-06-30 19:23:10 [booklist] INFO: VALID_ID: 2573561
2023-06-30 19:23:10 [booklist] INFO: VALID_ID: 1306327
2023-06-30 19:23:10 [booklist] INFO: VALID_ID: 2575682
2023-06-30 19:23:10 [booklist] INFO: VALID_ID: 2575686
2023-06-30 19:23:10 [booklist] INFO: VALID_ID: 2576072
2023-06-30 19:23:10 [booklist] INFO: VALID_ID: 2592182
2023-06-30 19:23:10 [booklist] INFO: VALID_ID: 2555756
2023-06-30 19:23:10 [booklist] INFO: VALID_ID: 2576334
2023-06-30 19:23:10 [booklist] INFO: VALID_ID: 2576339
2023-06-30 19:23:10 [booklist] INFO: VALID_ID: 2576352
2023-06-30 19:23:11 [scrapy.core.engine] DEBUG: Crawled (200) <POST https://dl.ndl.go.jp/api/item/search> (referer: https://dl.ndl.go.jp/api/item/search)
2023-06-30 19:23:11 [booklist] INFO: Fetched page 11
2023-06-30 19:23:11 [booklist] INFO: VALID_ID: 2607644
2023-06-30 19:23:11 [booklist] INFO: VALID_ID: 2543495
2023-06-30 19:23:11 [booklist] INFO: VALID_ID: 2573539
2023-06-30 19:23:11 [booklist] INFO: VALID_ID: 2573542
2023-06-30 19:23:11 [booklist] INFO: VALID_ID: 2606223
2023-06-30 19:23:11 [booklist] INFO: VALID_ID: 2558636
2023-06-30 19:23:11 [booklist] INFO: VALID_ID: 2558638
2023-06-30 19:23:11 [booklist] INFO: VALID_ID: 2607737
2023-06-30 19:23:11 [booklist] INFO: VALID_ID: 2555834
2023-06-30 19:23:11 [booklist] INFO: VALID_ID: 2558639
2023-06-30 19:23:11 [booklist] INFO: VALID_ID: 2605832
2023-06-30 19:23:11 [booklist] INFO: VALID_ID: 1307563
2023-06-30 19:23:11 [booklist] INFO: VALID_ID: 2555830
2023-06-30 19:23:11 [booklist] INFO: VALID_ID: 1309885
2023-06-30 19:23:11 [booklist] INFO: VALID_ID: 2543701
2023-06-30 19:23:11 [booklist] INFO: VALID_ID: 2575847
2023-06-30 19:23:11 [booklist] INFO: VALID_ID: 2558637
2023-06-30 19:23:11 [booklist] INFO: VALID_ID: 2555831
2023-06-30 19:23:11 [booklist] INFO: VALID_ID: 1303567
2023-06-30 19:23:11 [booklist] INFO: VALID_ID: 1301319
2023-06-30 19:23:11 [booklist] INFO: VALID_ID: 1301886
2023-06-30 19:23:11 [booklist] INFO: VALID_ID: 2564924
2023-06-30 19:23:11 [booklist] INFO: VALID_ID: 2555754
2023-06-30 19:23:11 [booklist] INFO: VALID_ID: 2576376
2023-06-30 19:23:11 [booklist] INFO: VALID_ID: 2576383
2023-06-30 19:23:11 [booklist] INFO: VALID_ID: 1311280
2023-06-30 19:23:11 [booklist] INFO: VALID_ID: 2556017
2023-06-30 19:23:11 [booklist] INFO: VALID_ID: 2609558
2023-06-30 19:23:11 [booklist] INFO: VALID_ID: 2556629
2023-06-30 19:23:11 [booklist] INFO: VALID_ID: 2592055
2023-06-30 19:23:11 [booklist] INFO: VALID_ID: 2576315
2023-06-30 19:23:11 [booklist] INFO: VALID_ID: 2576368
2023-06-30 19:23:11 [booklist] INFO: VALID_ID: 2576065
2023-06-30 19:23:11 [booklist] INFO: VALID_ID: 2576319
2023-06-30 19:23:11 [booklist] INFO: VALID_ID: 2576325
2023-06-30 19:23:11 [booklist] INFO: VALID_ID: 2576331
2023-06-30 19:23:11 [booklist] INFO: VALID_ID: 1310997
2023-06-30 19:23:11 [booklist] INFO: VALID_ID: 2576374
2023-06-30 19:23:11 [booklist] INFO: VALID_ID: 2576380
2023-06-30 19:23:11 [booklist] INFO: VALID_ID: 2543498
2023-06-30 19:23:11 [booklist] INFO: VALID_ID: 1301993
2023-06-30 19:23:11 [booklist] INFO: VALID_ID: 2573558
2023-06-30 19:23:11 [booklist] INFO: VALID_ID: 1309265
2023-06-30 19:23:11 [booklist] INFO: VALID_ID: 2576312
2023-06-30 19:23:11 [booklist] INFO: VALID_ID: 2592177
2023-06-30 19:23:11 [booklist] INFO: VALID_ID: 2555743
2023-06-30 19:23:11 [booklist] INFO: VALID_ID: 2556635
2023-06-30 19:23:11 [booklist] INFO: VALID_ID: 1307099
2023-06-30 19:23:11 [booklist] INFO: VALID_ID: 2592183
2023-06-30 19:23:11 [booklist] INFO: VALID_ID: 2555749
2023-06-30 19:23:11 [booklist] INFO: VALID_ID: 2592188
2023-06-30 19:23:11 [booklist] INFO: VALID_ID: 2576347
2023-06-30 19:23:11 [booklist] INFO: VALID_ID: 2576398
2023-06-30 19:23:11 [booklist] INFO: VALID_ID: 2576407
2023-06-30 19:23:11 [booklist] INFO: VALID_ID: 2556634
2023-06-30 19:23:11 [booklist] INFO: VALID_ID: 2555744
2023-06-30 19:23:11 [booklist] INFO: VALID_ID: 2556650
2023-06-30 19:23:11 [booklist] INFO: VALID_ID: 2576356
2023-06-30 19:23:11 [booklist] INFO: VALID_ID: 2576375
2023-06-30 19:23:11 [booklist] INFO: VALID_ID: 2576410
2023-06-30 19:23:11 [booklist] INFO: VALID_ID: 2609816
2023-06-30 19:23:11 [booklist] INFO: VALID_ID: 2576316
2023-06-30 19:23:11 [booklist] INFO: VALID_ID: 2576070
2023-06-30 19:23:11 [booklist] INFO: VALID_ID: 2592064
2023-06-30 19:23:11 [booklist] INFO: VALID_ID: 2592184
2023-06-30 19:23:11 [booklist] INFO: VALID_ID: 2576322
2023-06-30 19:23:11 [booklist] INFO: VALID_ID: 2592185
2023-06-30 19:23:11 [booklist] INFO: VALID_ID: 2556648
2023-06-30 19:23:11 [booklist] INFO: VALID_ID: 2576362
2023-06-30 19:23:11 [booklist] INFO: VALID_ID: 2576387
2023-06-30 19:23:11 [booklist] INFO: VALID_ID: 2576393
2023-06-30 19:23:11 [booklist] INFO: VALID_ID: 2576404
2023-06-30 19:23:11 [booklist] INFO: VALID_ID: 2608890
2023-06-30 19:23:11 [booklist] INFO: VALID_ID: 2573540
2023-06-30 19:23:11 [booklist] INFO: VALID_ID: 2573553
2023-06-30 19:23:11 [booklist] INFO: VALID_ID: 2573559
2023-06-30 19:23:11 [booklist] INFO: VALID_ID: 2573547
2023-06-30 19:23:11 [booklist] INFO: VALID_ID: 2573560
2023-06-30 19:23:11 [booklist] INFO: VALID_ID: 2573562
2023-06-30 19:23:11 [booklist] INFO: VALID_ID: 2606469
2023-06-30 19:23:11 [booklist] INFO: VALID_ID: 2543496
2023-06-30 19:23:11 [booklist] INFO: VALID_ID: 2573546
2023-06-30 19:23:11 [booklist] INFO: VALID_ID: 2558712
2023-06-30 19:23:11 [booklist] INFO: VALID_ID: 2573552
2023-06-30 19:23:11 [booklist] INFO: VALID_ID: 2573555
2023-06-30 19:23:11 [booklist] INFO: VALID_ID: 1306005
2023-06-30 19:23:11 [booklist] INFO: VALID_ID: 2573551
2023-06-30 19:23:11 [booklist] INFO: VALID_ID: 2573541
2023-06-30 19:23:11 [booklist] INFO: VALID_ID: 2573543
2023-06-30 19:23:11 [booklist] INFO: VALID_ID: 2573545
2023-06-30 19:23:11 [booklist] INFO: VALID_ID: 2558711
2023-06-30 19:23:11 [booklist] INFO: VALID_ID: 2573550
2023-06-30 19:23:11 [booklist] INFO: VALID_ID: 1301320
2023-06-30 19:23:11 [booklist] INFO: VALID_ID: 1305200
2023-06-30 19:23:11 [booklist] INFO: VALID_ID: 1311074
2023-06-30 19:23:11 [booklist] INFO: VALID_ID: 9893084
2023-06-30 19:23:11 [booklist] INFO: VALID_ID: 2573563
2023-06-30 19:23:11 [booklist] INFO: VALID_ID: 2573564
2023-06-30 19:23:11 [booklist] INFO: VALID_ID: 1312597
2023-06-30 19:23:11 [booklist] INFO: VALID_ID: 2575683
2023-06-30 19:23:12 [scrapy.core.engine] DEBUG: Crawled (200) <POST https://dl.ndl.go.jp/api/item/search> (referer: https://dl.ndl.go.jp/api/item/search)
2023-06-30 19:23:13 [booklist] INFO: Fetched page 12
2023-06-30 19:23:13 [booklist] INFO: VALID_ID: 1305200
2023-06-30 19:23:13 [booklist] INFO: VALID_ID: 2593488
2023-06-30 19:23:13 [booklist] INFO: VALID_ID: 1311074
2023-06-30 19:23:13 [booklist] INFO: VALID_ID: 2607929
2023-06-30 19:23:13 [booklist] INFO: VALID_ID: 2611087
2023-06-30 19:23:13 [booklist] INFO: VALID_ID: 2556632
2023-06-30 19:23:13 [booklist] INFO: VALID_ID: 2576068
2023-06-30 19:23:13 [booklist] INFO: VALID_ID: 2592178
2023-06-30 19:23:13 [booklist] INFO: VALID_ID: 2556637
2023-06-30 19:23:13 [booklist] INFO: VALID_ID: 2576323
2023-06-30 19:23:13 [booklist] INFO: VALID_ID: 2555757
2023-06-30 19:23:13 [booklist] INFO: VALID_ID: 2576366
2023-06-30 19:23:13 [booklist] INFO: VALID_ID: 2576373
2023-06-30 19:23:13 [booklist] INFO: VALID_ID: 9893084
2023-06-30 19:23:13 [booklist] INFO: VALID_ID: 2573563
2023-06-30 19:23:13 [booklist] INFO: VALID_ID: 2573564
2023-06-30 19:23:13 [booklist] INFO: VALID_ID: 1312597
2023-06-30 19:23:13 [booklist] INFO: VALID_ID: 2575683
2023-06-30 19:23:13 [booklist] INFO: VALID_ID: 2556646
2023-06-30 19:23:13 [booklist] INFO: VALID_ID: 2576353
2023-06-30 19:23:13 [booklist] INFO: VALID_ID: 2576360
2023-06-30 19:23:13 [booklist] INFO: VALID_ID: 2576406
2023-06-30 19:23:13 [booklist] INFO: VALID_ID: 2541853
2023-06-30 19:23:13 [booklist] INFO: VALID_ID: 2570299
2023-06-30 19:23:13 [booklist] INFO: VALID_ID: 2573544
2023-06-30 19:23:13 [booklist] INFO: VALID_ID: 2576318
2023-06-30 19:23:13 [booklist] INFO: VALID_ID: 2592191
2023-06-30 19:23:13 [booklist] INFO: VALID_ID: 2556647
2023-06-30 19:23:13 [booklist] INFO: VALID_ID: 2576396
2023-06-30 19:23:13 [booklist] INFO: VALID_ID: 2576397
2023-06-30 19:23:13 [booklist] INFO: VALID_ID: 1305249
2023-06-30 19:23:13 [booklist] INFO: VALID_ID: 2556018
2023-06-30 19:23:13 [booklist] INFO: VALID_ID: 2576069
2023-06-30 19:23:13 [booklist] INFO: VALID_ID: 2556640
2023-06-30 19:23:13 [booklist] INFO: VALID_ID: 2576370
2023-06-30 19:23:13 [booklist] INFO: VALID_ID: 2576388
2023-06-30 19:23:13 [booklist] INFO: VALID_ID: 2576076
2023-06-30 19:23:13 [booklist] INFO: VALID_ID: 2609816
2023-06-30 19:23:13 [booklist] INFO: VALID_ID: 2576316
2023-06-30 19:23:13 [booklist] INFO: VALID_ID: 2576070
2023-06-30 19:23:13 [booklist] INFO: VALID_ID: 2592064
2023-06-30 19:23:13 [booklist] INFO: VALID_ID: 2592184
2023-06-30 19:23:13 [booklist] INFO: VALID_ID: 2576322
2023-06-30 19:23:13 [booklist] INFO: VALID_ID: 2592185
2023-06-30 19:23:13 [booklist] INFO: VALID_ID: 2556648
2023-06-30 19:23:13 [booklist] INFO: VALID_ID: 2576362
2023-06-30 19:23:13 [booklist] INFO: VALID_ID: 2576387
2023-06-30 19:23:13 [booklist] INFO: VALID_ID: 2576393
2023-06-30 19:23:13 [booklist] INFO: VALID_ID: 2576404
2023-06-30 19:23:13 [booklist] INFO: VALID_ID: 2592174
2023-06-30 19:23:13 [booklist] INFO: VALID_ID: 2556638
2023-06-30 19:23:13 [booklist] INFO: VALID_ID: 2555750
2023-06-30 19:23:13 [booklist] INFO: VALID_ID: 2576326
2023-06-30 19:23:13 [booklist] INFO: VALID_ID: 2576335
2023-06-30 19:23:13 [booklist] INFO: VALID_ID: 2576346
2023-06-30 19:23:13 [booklist] INFO: VALID_ID: 2609627
2023-06-30 19:23:13 [booklist] INFO: VALID_ID: 2555738
2023-06-30 19:23:13 [booklist] INFO: VALID_ID: 2556639
2023-06-30 19:23:13 [booklist] INFO: VALID_ID: 2576329
2023-06-30 19:23:13 [booklist] INFO: VALID_ID: 2576344
2023-06-30 19:23:13 [booklist] INFO: VALID_ID: 2576384
2023-06-30 19:23:13 [booklist] INFO: VALID_ID: 2576313
2023-06-30 19:23:13 [booklist] INFO: VALID_ID: 2555742
2023-06-30 19:23:13 [booklist] INFO: VALID_ID: 2576320
2023-06-30 19:23:13 [booklist] INFO: VALID_ID: 2576349
2023-06-30 19:23:13 [booklist] INFO: VALID_ID: 2576386
2023-06-30 19:23:13 [booklist] INFO: VALID_ID: 2576067
2023-06-30 19:23:13 [booklist] INFO: VALID_ID: 2556636
2023-06-30 19:23:13 [booklist] INFO: VALID_ID: 2576328
2023-06-30 19:23:13 [booklist] INFO: VALID_ID: 2576330
2023-06-30 19:23:13 [booklist] INFO: VALID_ID: 2556649
2023-06-30 19:23:13 [booklist] INFO: VALID_ID: 2576369
2023-06-30 19:23:13 [booklist] INFO: VALID_ID: 2576391
2023-06-30 19:23:13 [booklist] INFO: VALID_ID: 2576408
2023-06-30 19:23:13 [booklist] INFO: VALID_ID: 1303178
2023-06-30 19:23:13 [booklist] INFO: VALID_ID: 2592060
2023-06-30 19:23:13 [booklist] INFO: VALID_ID: 2592180
2023-06-30 19:23:13 [booklist] INFO: VALID_ID: 2556645
2023-06-30 19:23:13 [booklist] INFO: VALID_ID: 2592192
2023-06-30 19:23:13 [booklist] INFO: VALID_ID: 2576377
2023-06-30 19:23:13 [booklist] INFO: VALID_ID: 2576399
2023-06-30 19:23:13 [booklist] INFO: VALID_ID: 2576403
2023-06-30 19:23:13 [booklist] INFO: VALID_ID: 2592173
2023-06-30 19:23:13 [booklist] INFO: VALID_ID: 2556630
2023-06-30 19:23:13 [booklist] INFO: VALID_ID: 2576314
2023-06-30 19:23:13 [booklist] INFO: VALID_ID: 2555741
2023-06-30 19:23:13 [booklist] INFO: VALID_ID: 2592176
2023-06-30 19:23:13 [booklist] INFO: VALID_ID: 2575687
2023-06-30 19:23:13 [booklist] INFO: VALID_ID: 2575689
2023-06-30 19:23:13 [booklist] INFO: VALID_ID: 2592189
2023-06-30 19:23:13 [booklist] INFO: VALID_ID: 2576332
2023-06-30 19:23:13 [booklist] INFO: VALID_ID: 2576345
2023-06-30 19:23:13 [booklist] INFO: VALID_ID: 2576348
2023-06-30 19:23:13 [booklist] INFO: VALID_ID: 2576378
2023-06-30 19:23:13 [booklist] INFO: VALID_ID: 2576379
2023-06-30 19:23:13 [booklist] INFO: VALID_ID: 2576394
2023-06-30 19:23:13 [booklist] INFO: VALID_ID: 2576311
2023-06-30 19:23:13 [booklist] INFO: VALID_ID: 2576066
2023-06-30 19:23:13 [booklist] INFO: VALID_ID: 2576337
2023-06-30 19:23:13 [booklist] INFO: VALID_ID: 2576338
2023-06-30 19:23:14 [scrapy.core.engine] DEBUG: Crawled (200) <POST https://dl.ndl.go.jp/api/item/search> (referer: https://dl.ndl.go.jp/api/item/search)
2023-06-30 19:23:14 [booklist] INFO: Fetched page 13
2023-06-30 19:23:14 [booklist] INFO: VALID_ID: 2592173
2023-06-30 19:23:14 [booklist] INFO: VALID_ID: 2556630
2023-06-30 19:23:14 [booklist] INFO: VALID_ID: 2576314
2023-06-30 19:23:14 [booklist] INFO: VALID_ID: 2555741
2023-06-30 19:23:14 [booklist] INFO: VALID_ID: 2592176
2023-06-30 19:23:14 [booklist] INFO: VALID_ID: 2575687
2023-06-30 19:23:14 [booklist] INFO: VALID_ID: 2575689
2023-06-30 19:23:14 [booklist] INFO: VALID_ID: 2592189
2023-06-30 19:23:14 [booklist] INFO: VALID_ID: 2576332
2023-06-30 19:23:14 [booklist] INFO: VALID_ID: 2576345
2023-06-30 19:23:14 [booklist] INFO: VALID_ID: 2576348
2023-06-30 19:23:14 [booklist] INFO: VALID_ID: 2576378
2023-06-30 19:23:14 [booklist] INFO: VALID_ID: 2576379
2023-06-30 19:23:14 [booklist] INFO: VALID_ID: 2576394
2023-06-30 19:23:14 [booklist] INFO: VALID_ID: 2576313
2023-06-30 19:23:14 [booklist] INFO: VALID_ID: 2555742
2023-06-30 19:23:14 [booklist] INFO: VALID_ID: 2576320
2023-06-30 19:23:14 [booklist] INFO: VALID_ID: 2576349
2023-06-30 19:23:14 [booklist] INFO: VALID_ID: 2576386
2023-06-30 19:23:14 [booklist] INFO: VALID_ID: 2576311
2023-06-30 19:23:14 [booklist] INFO: VALID_ID: 2576066
2023-06-30 19:23:14 [booklist] INFO: VALID_ID: 2576337
2023-06-30 19:23:14 [booklist] INFO: VALID_ID: 2576338
2023-06-30 19:23:14 [booklist] INFO: VALID_ID: 2576363
2023-06-30 19:23:14 [booklist] INFO: VALID_ID: 2593488
2023-06-30 19:23:14 [booklist] INFO: VALID_ID: 1310960
2023-06-30 19:23:14 [booklist] INFO: VALID_ID: 1307333
2023-06-30 19:23:14 [booklist] INFO: VALID_ID: 2555554
2023-06-30 19:23:14 [booklist] INFO: VALID_ID: 2576076
2023-06-30 19:23:14 [booklist] INFO: VALID_ID: 2575681
2023-06-30 19:23:14 [booklist] INFO: VALID_ID: 2605854
2023-06-30 19:23:14 [booklist] INFO: VALID_ID: 2592175
2023-06-30 19:23:14 [booklist] INFO: VALID_ID: 2555755
2023-06-30 19:23:14 [booklist] INFO: VALID_ID: 2576355
2023-06-30 19:23:14 [booklist] INFO: VALID_ID: 2576392
2023-06-30 19:23:14 [booklist] INFO: VALID_ID: 2576409
2023-06-30 19:23:14 [booklist] INFO: VALID_ID: 2576327
2023-06-30 19:23:14 [booklist] INFO: VALID_ID: 2592190
2023-06-30 19:23:14 [booklist] INFO: VALID_ID: 2576343
2023-06-30 19:23:14 [booklist] INFO: VALID_ID: 2576064
2023-06-30 19:23:14 [booklist] INFO: VALID_ID: 2576341
2023-06-30 19:23:14 [booklist] INFO: VALID_ID: 2576342
2023-06-30 19:23:14 [booklist] INFO: VALID_ID: 2558423
2023-06-30 19:23:14 [booklist] INFO: VALID_ID: 2555556
2023-06-30 19:23:14 [booklist] INFO: VALID_ID: 2555558
2023-06-30 19:23:14 [booklist] INFO: VALID_ID: 2565559
2023-06-30 19:23:14 [booklist] INFO: VALID_ID: 2560368
2023-06-30 19:23:14 [booklist] INFO: VALID_ID: 2560369
2023-06-30 19:23:14 [booklist] INFO: VALID_ID: 2592174
2023-06-30 19:23:14 [booklist] INFO: VALID_ID: 2556638
2023-06-30 19:23:14 [booklist] INFO: VALID_ID: 2555750
2023-06-30 19:23:14 [booklist] INFO: VALID_ID: 2576326
2023-06-30 19:23:14 [booklist] INFO: VALID_ID: 2576335
2023-06-30 19:23:14 [booklist] INFO: VALID_ID: 2576346
2023-06-30 19:23:14 [booklist] INFO: VALID_ID: 11891897
2023-06-30 19:23:14 [booklist] INFO: VALID_ID: 2576079
2023-06-30 19:23:14 [booklist] INFO: VALID_ID: 1303867
2023-06-30 19:23:14 [booklist] INFO: VALID_ID: 2576075
2023-06-30 19:23:14 [booklist] INFO: VALID_ID: 2565560
2023-06-30 19:23:14 [booklist] INFO: VALID_ID: 2555552
2023-06-30 19:23:14 [booklist] INFO: VALID_ID: 2555555
2023-06-30 19:23:14 [booklist] INFO: VALID_ID: 2555560
2023-06-30 19:23:14 [booklist] INFO: VALID_ID: 1305249
2023-06-30 19:23:14 [booklist] INFO: VALID_ID: 2576078
2023-06-30 19:23:14 [booklist] INFO: VALID_ID: 2576085
2023-06-30 19:23:14 [booklist] INFO: VALID_ID: 1312638
2023-06-30 19:23:14 [booklist] INFO: VALID_ID: 2607574
2023-06-30 19:23:14 [booklist] INFO: VALID_ID: 2584539
2023-06-30 19:23:14 [booklist] INFO: VALID_ID: 2555551
2023-06-30 19:23:14 [booklist] INFO: VALID_ID: 1308566
2023-06-30 19:23:14 [booklist] INFO: VALID_ID: 2556015
2023-06-30 19:23:14 [booklist] INFO: VALID_ID: 2558422
2023-06-30 19:23:14 [booklist] INFO: VALID_ID: 1305314
2023-06-30 19:23:14 [booklist] INFO: VALID_ID: 2576084
2023-06-30 19:23:14 [booklist] INFO: VALID_ID: 2556016
2023-06-30 19:23:14 [booklist] INFO: VALID_ID: 2606112
2023-06-30 19:23:14 [booklist] INFO: VALID_ID: 2555557
2023-06-30 19:23:14 [booklist] INFO: VALID_ID: 2537001
2023-06-30 19:23:14 [booklist] INFO: VALID_ID: 1301573
2023-06-30 19:23:14 [booklist] INFO: VALID_ID: 2556017
2023-06-30 19:23:14 [booklist] INFO: VALID_ID: 2555553
2023-06-30 19:23:14 [booklist] INFO: VALID_ID: 2575440
2023-06-30 19:23:14 [booklist] INFO: VALID_ID: 2575441
2023-06-30 19:23:14 [booklist] INFO: VALID_ID: 2575439
2023-06-30 19:23:14 [booklist] INFO: VALID_ID: 1310093
2023-06-30 19:23:14 [booklist] INFO: VALID_ID: 2575444
2023-06-30 19:23:14 [booklist] INFO: VALID_ID: 2610060
2023-06-30 19:23:14 [booklist] INFO: VALID_ID: 2575445
2023-06-30 19:23:14 [booklist] INFO: VALID_ID: 2575446
2023-06-30 19:23:14 [booklist] INFO: VALID_ID: 1287809
2023-06-30 19:23:14 [booklist] INFO: VALID_ID: 2558898
2023-06-30 19:23:14 [booklist] INFO: VALID_ID: 1311944
2023-06-30 19:23:14 [booklist] INFO: VALID_ID: 2584528
2023-06-30 19:23:14 [booklist] INFO: VALID_ID: 1309263
2023-06-30 19:23:14 [booklist] INFO: VALID_ID: 2575457
2023-06-30 19:23:14 [booklist] INFO: VALID_ID: 2576077
2023-06-30 19:23:14 [booklist] INFO: VALID_ID: 2576081
2023-06-30 19:23:14 [booklist] INFO: VALID_ID: 2576083
2023-06-30 19:23:14 [booklist] INFO: VALID_ID: 2544644
2023-06-30 19:23:14 [booklist] INFO: VALID_ID: 2575459
2023-06-30 19:23:15 [scrapy.core.engine] DEBUG: Crawled (200) <POST https://dl.ndl.go.jp/api/item/search> (referer: https://dl.ndl.go.jp/api/item/search)
2023-06-30 19:23:15 [booklist] INFO: Fetched page 14
2023-06-30 19:23:16 [booklist] INFO: VALID_ID: 2575264
2023-06-30 19:23:16 [booklist] INFO: VALID_ID: 1310923
2023-06-30 19:23:16 [booklist] INFO: VALID_ID: 2576073
2023-06-30 19:23:16 [booklist] INFO: VALID_ID: 2609569
2023-06-30 19:23:16 [booklist] INFO: VALID_ID: 1313212
2023-06-30 19:23:16 [booklist] INFO: VALID_ID: 2585379
2023-06-30 19:23:16 [booklist] INFO: VALID_ID: 2576087
2023-06-30 19:23:16 [booklist] INFO: VALID_ID: 2576079
2023-06-30 19:23:16 [booklist] INFO: VALID_ID: 1303867
2023-06-30 19:23:16 [booklist] INFO: VALID_ID: 1304648
2023-06-30 19:23:16 [booklist] INFO: VALID_ID: 2576086
2023-06-30 19:23:16 [booklist] INFO: VALID_ID: 2584530
2023-06-30 19:23:16 [booklist] INFO: VALID_ID: 2584529
2023-06-30 19:23:16 [booklist] INFO: VALID_ID: 2576074
2023-06-30 19:23:16 [booklist] INFO: VALID_ID: 2576080
2023-06-30 19:23:16 [booklist] INFO: VALID_ID: 2576082
2023-06-30 19:23:16 [booklist] INFO: VALID_ID: 11891813
2023-06-30 19:23:16 [booklist] INFO: VALID_ID: 1312850
2023-06-30 19:23:16 [booklist] INFO: VALID_ID: 10303846
2023-06-30 19:23:16 [booklist] INFO: VALID_ID: 2584527
2023-06-30 19:23:16 [booklist] INFO: VALID_ID: 1311291
2023-06-30 19:23:16 [booklist] INFO: VALID_ID: 2585470
2023-06-30 19:23:16 [booklist] INFO: VALID_ID: 2576078
2023-06-30 19:23:16 [booklist] INFO: VALID_ID: 2576085
2023-06-30 19:23:16 [booklist] INFO: VALID_ID: 1312638
2023-06-30 19:23:16 [booklist] INFO: VALID_ID: 2559135
2023-06-30 19:23:16 [booklist] INFO: VALID_ID: 2575452
2023-06-30 19:23:16 [booklist] INFO: VALID_ID: 2575447
2023-06-30 19:23:16 [booklist] INFO: VALID_ID: 2575451
2023-06-30 19:23:16 [booklist] INFO: VALID_ID: 2575449
2023-06-30 19:23:16 [booklist] INFO: VALID_ID: 2575266
2023-06-30 19:23:16 [booklist] INFO: VALID_ID: 2575444
2023-06-30 19:23:16 [booklist] INFO: VALID_ID: 2584538
2023-06-30 19:23:16 [booklist] INFO: VALID_ID: 2610535
2023-06-30 19:23:16 [booklist] INFO: VALID_ID: 2536977
2023-06-30 19:23:16 [booklist] INFO: VALID_ID: 1301885
2023-06-30 19:23:16 [booklist] INFO: VALID_ID: 2575440
2023-06-30 19:23:16 [booklist] INFO: VALID_ID: 2575441
2023-06-30 19:23:16 [booklist] INFO: VALID_ID: 2540247
2023-06-30 19:23:16 [booklist] INFO: VALID_ID: 2575448
2023-06-30 19:23:16 [booklist] INFO: VALID_ID: 2575458
2023-06-30 19:23:16 [booklist] INFO: VALID_ID: 10303676
2023-06-30 19:23:16 [booklist] INFO: VALID_ID: 2575442
2023-06-30 19:23:16 [booklist] INFO: VALID_ID: 1304042
2023-06-30 19:23:16 [booklist] INFO: VALID_ID: 1301887
2023-06-30 19:23:16 [booklist] INFO: VALID_ID: 2575455
2023-06-30 19:23:16 [booklist] INFO: VALID_ID: 2575456
2023-06-30 19:23:16 [booklist] INFO: VALID_ID: 2581871
2023-06-30 19:23:16 [booklist] INFO: VALID_ID: 2584531
2023-06-30 19:23:16 [booklist] INFO: VALID_ID: 2575267
2023-06-30 19:23:16 [booklist] INFO: VALID_ID: 2575271
2023-06-30 19:23:16 [booklist] INFO: VALID_ID: 2575273
2023-06-30 19:23:16 [booklist] INFO: VALID_ID: 2575269
2023-06-30 19:23:16 [booklist] INFO: VALID_ID: 1312093
2023-06-30 19:23:16 [booklist] INFO: VALID_ID: 2610223
2023-06-30 19:23:16 [booklist] INFO: VALID_ID: 2575270
2023-06-30 19:23:16 [booklist] INFO: VALID_ID: 2575272
2023-06-30 19:23:16 [booklist] INFO: VALID_ID: 2584535
2023-06-30 19:23:16 [booklist] INFO: VALID_ID: 2584533
2023-06-30 19:23:16 [booklist] INFO: VALID_ID: 2575265
2023-06-30 19:23:16 [booklist] INFO: VALID_ID: 2575268
2023-06-30 19:23:16 [booklist] INFO: VALID_ID: 1307651
2023-06-30 19:23:16 [booklist] INFO: VALID_ID: 1303872
2023-06-30 19:23:16 [booklist] INFO: VALID_ID: 1301311
2023-06-30 19:23:16 [booklist] INFO: VALID_ID: 1311228
2023-06-30 19:23:16 [booklist] INFO: VALID_ID: 10301260
2023-06-30 19:23:16 [booklist] INFO: VALID_ID: 2533636
2023-06-30 19:23:16 [booklist] INFO: VALID_ID: 2581872
2023-06-30 19:23:16 [booklist] INFO: VALID_ID: 1311272
2023-06-30 19:23:16 [booklist] INFO: VALID_ID: 2585666
2023-06-30 19:23:16 [booklist] INFO: VALID_ID: 10303845
2023-06-30 19:23:16 [booklist] INFO: VALID_ID: 1312550
2023-06-30 19:23:16 [booklist] INFO: VALID_ID: 2557898
2023-06-30 19:23:16 [booklist] INFO: VALID_ID: 2557904
2023-06-30 19:23:16 [booklist] INFO: VALID_ID: 1311914
2023-06-30 19:23:16 [booklist] INFO: VALID_ID: 1288515
2023-06-30 19:23:16 [booklist] INFO: VALID_ID: 2557911
2023-06-30 19:23:16 [booklist] INFO: VALID_ID: 2585347
2023-06-30 19:23:16 [booklist] INFO: VALID_ID: 1311951
2023-06-30 19:23:16 [booklist] INFO: VALID_ID: 2585662
2023-06-30 19:23:16 [booklist] INFO: VALID_ID: 2585689
2023-06-30 19:23:16 [booklist] INFO: VALID_ID: 2533295
2023-06-30 19:23:16 [booklist] INFO: VALID_ID: 1313494
2023-06-30 19:23:16 [booklist] INFO: VALID_ID: 1313489
2023-06-30 19:23:16 [booklist] INFO: VALID_ID: 2553339
2023-06-30 19:23:16 [booklist] INFO: VALID_ID: 2557900
2023-06-30 19:23:16 [booklist] INFO: VALID_ID: 2557913
2023-06-30 19:23:16 [booklist] INFO: VALID_ID: 2585351
2023-06-30 19:23:16 [booklist] INFO: VALID_ID: 2533896
2023-06-30 19:23:16 [booklist] INFO: VALID_ID: 1304933
2023-06-30 19:23:16 [booklist] INFO: VALID_ID: 2585667
2023-06-30 19:23:16 [booklist] INFO: VALID_ID: 2557907
2023-06-30 19:23:16 [booklist] INFO: VALID_ID: 1309176
2023-06-30 19:23:16 [booklist] INFO: VALID_ID: 2608926
2023-06-30 19:23:16 [booklist] INFO: VALID_ID: 2557914
2023-06-30 19:23:16 [booklist] INFO: VALID_ID: 11446561
2023-06-30 19:23:16 [booklist] INFO: VALID_ID: 2557905
2023-06-30 19:23:16 [booklist] INFO: VALID_ID: 2557910
2023-06-30 19:23:16 [booklist] INFO: VALID_ID: 2557901
2023-06-30 19:23:16 [booklist] INFO: VALID_ID: 2557899
2023-06-30 19:23:16 [scrapy.core.engine] DEBUG: Crawled (200) <POST https://dl.ndl.go.jp/api/item/search> (referer: https://dl.ndl.go.jp/api/item/search)
2023-06-30 19:23:16 [booklist] INFO: Fetched page 15
2023-06-30 19:23:16 [booklist] INFO: VALID_ID: 2549032
2023-06-30 19:23:16 [booklist] INFO: VALID_ID: 2557903
2023-06-30 19:23:16 [booklist] INFO: VALID_ID: 2557909
2023-06-30 19:23:16 [booklist] INFO: VALID_ID: 2557912
2023-06-30 19:23:17 [booklist] INFO: VALID_ID: 2557904
2023-06-30 19:23:17 [booklist] INFO: VALID_ID: 2557902
2023-06-30 19:23:17 [booklist] INFO: VALID_ID: 2557906
2023-06-30 19:23:17 [booklist] INFO: VALID_ID: 1301783
2023-06-30 19:23:17 [booklist] INFO: VALID_ID: 1304876
2023-06-30 19:23:17 [booklist] INFO: VALID_ID: 2536233
2023-06-30 19:23:17 [booklist] INFO: VALID_ID: 2608247
2023-06-30 19:23:17 [booklist] INFO: VALID_ID: 2549031
2023-06-30 19:23:17 [booklist] INFO: VALID_ID: 10301745
2023-06-30 19:23:17 [booklist] INFO: VALID_ID: 1287644
2023-06-30 19:23:17 [booklist] INFO: VALID_ID: 1287674
2023-06-30 19:23:17 [booklist] INFO: VALID_ID: 1311297
2023-06-30 19:23:17 [booklist] INFO: VALID_ID: 1307801
2023-06-30 19:23:17 [booklist] INFO: VALID_ID: 1287664
2023-06-30 19:23:17 [booklist] INFO: VALID_ID: 1287665
2023-06-30 19:23:17 [booklist] INFO: VALID_ID: 1287671
2023-06-30 19:23:17 [booklist] INFO: VALID_ID: 9370030
2023-06-30 19:23:17 [booklist] INFO: VALID_ID: 2581017
2023-06-30 19:23:17 [booklist] INFO: VALID_ID: 1287653
2023-06-30 19:23:17 [booklist] INFO: VALID_ID: 2585329
2023-06-30 19:23:17 [booklist] INFO: VALID_ID: 1287663
2023-06-30 19:23:17 [booklist] INFO: VALID_ID: 1287673
2023-06-30 19:23:17 [booklist] INFO: VALID_ID: 1288340
2023-06-30 19:23:17 [booklist] INFO: VALID_ID: 1287672
2023-06-30 19:23:17 [booklist] INFO: VALID_ID: 1287652
2023-06-30 19:23:17 [booklist] INFO: VALID_ID: 2608072
2023-06-30 19:23:17 [booklist] INFO: VALID_ID: 1287643
2023-06-30 19:23:17 [booklist] INFO: VALID_ID: 1287660
2023-06-30 19:23:17 [booklist] INFO: VALID_ID: 1287781
2023-06-30 19:23:17 [booklist] INFO: VALID_ID: 2585391
2023-06-30 19:23:17 [booklist] INFO: VALID_ID: 1287649
2023-06-30 19:23:17 [booklist] INFO: VALID_ID: 1301504
2023-06-30 19:23:17 [booklist] INFO: VALID_ID: 1287794
2023-06-30 19:23:17 [booklist] INFO: VALID_ID: 1287662
2023-06-30 19:23:17 [booklist] INFO: VALID_ID: 1287793
2023-06-30 19:23:17 [booklist] INFO: VALID_ID: 1287650
2023-06-30 19:23:17 [booklist] INFO: VALID_ID: 1287675
2023-06-30 19:23:17 [booklist] INFO: VALID_ID: 1287784
2023-06-30 19:23:17 [booklist] INFO: VALID_ID: 1287615
2023-06-30 19:23:17 [booklist] INFO: VALID_ID: 2539715
2023-06-30 19:23:17 [booklist] INFO: VALID_ID: 1287792
2023-06-30 19:23:17 [booklist] INFO: VALID_ID: 1287642
2023-06-30 19:23:17 [booklist] INFO: VALID_ID: 1288337
2023-06-30 19:23:17 [booklist] INFO: VALID_ID: 1287617
2023-06-30 19:23:17 [booklist] INFO: VALID_ID: 1287623
2023-06-30 19:23:17 [booklist] INFO: VALID_ID: 1287633
2023-06-30 19:23:17 [booklist] INFO: VALID_ID: 1287810
2023-06-30 19:23:17 [booklist] INFO: VALID_ID: 1287820
2023-06-30 19:23:17 [booklist] INFO: VALID_ID: 1287777
2023-06-30 19:23:17 [booklist] INFO: VALID_ID: 1288190
2023-06-30 19:23:17 [booklist] INFO: VALID_ID: 1287625
2023-06-30 19:23:17 [booklist] INFO: VALID_ID: 1287807
2023-06-30 19:23:17 [booklist] INFO: VALID_ID: 1287636
2023-06-30 19:23:17 [booklist] INFO: VALID_ID: 1287821
2023-06-30 19:23:17 [booklist] INFO: VALID_ID: 1287783
2023-06-30 19:23:17 [booklist] INFO: VALID_ID: 1287635
2023-06-30 19:23:17 [booklist] INFO: VALID_ID: 1301350
2023-06-30 19:23:17 [booklist] INFO: VALID_ID: 1287778
2023-06-30 19:23:17 [booklist] INFO: VALID_ID: 1287632
2023-06-30 19:23:17 [booklist] INFO: VALID_ID: 1287785
2023-06-30 19:23:17 [booklist] INFO: VALID_ID: 1287823
2023-06-30 19:23:17 [booklist] INFO: VALID_ID: 1287624
2023-06-30 19:23:17 [booklist] INFO: VALID_ID: 1287616
2023-06-30 19:23:17 [booklist] INFO: VALID_ID: 1287618
2023-06-30 19:23:17 [booklist] INFO: VALID_ID: 1287634
2023-06-30 19:23:17 [booklist] INFO: VALID_ID: 1287627
2023-06-30 19:23:17 [booklist] INFO: VALID_ID: 1288339
2023-06-30 19:23:17 [booklist] INFO: VALID_ID: 1287626
2023-06-30 19:23:17 [booklist] INFO: VALID_ID: 1287811
2023-06-30 19:23:17 [booklist] INFO: VALID_ID: 1287737
2023-06-30 19:23:17 [booklist] INFO: VALID_ID: 2551756
2023-06-30 19:23:17 [booklist] INFO: VALID_ID: 10301610
2023-06-30 19:23:17 [booklist] INFO: VALID_ID: 1287722
2023-06-30 19:23:17 [booklist] INFO: VALID_ID: 1287788
2023-06-30 19:23:17 [booklist] INFO: VALID_ID: 1287801
2023-06-30 19:23:17 [booklist] INFO: VALID_ID: 1287640
2023-06-30 19:23:17 [booklist] INFO: VALID_ID: 1287641
2023-06-30 19:23:17 [booklist] INFO: VALID_ID: 1287736
2023-06-30 19:23:17 [booklist] INFO: VALID_ID: 1287730
2023-06-30 19:23:17 [booklist] INFO: VALID_ID: 2585299
2023-06-30 19:23:17 [booklist] INFO: VALID_ID: 1287723
2023-06-30 19:23:17 [booklist] INFO: VALID_ID: 1287742
2023-06-30 19:23:17 [booklist] INFO: VALID_ID: 1287724
2023-06-30 19:23:17 [booklist] INFO: VALID_ID: 1287743
2023-06-30 19:23:17 [booklist] INFO: VALID_ID: 1287739
2023-06-30 19:23:17 [booklist] INFO: VALID_ID: 1287728
2023-06-30 19:23:17 [booklist] INFO: VALID_ID: 2550261
2023-06-30 19:23:17 [booklist] INFO: VALID_ID: 1287735
2023-06-30 19:23:17 [booklist] INFO: VALID_ID: 1287744
2023-06-30 19:23:17 [booklist] INFO: VALID_ID: 1287734
2023-06-30 19:23:17 [booklist] INFO: VALID_ID: 1287726
2023-06-30 19:23:17 [booklist] INFO: VALID_ID: 1287727
2023-06-30 19:23:17 [booklist] INFO: VALID_ID: 1287732
2023-06-30 19:23:17 [booklist] INFO: VALID_ID: 2549033
2023-06-30 19:23:17 [booklist] INFO: VALID_ID: 1288335
2023-06-30 19:23:17 [booklist] INFO: VALID_ID: 1287729
2023-06-30 19:23:18 [scrapy.core.engine] DEBUG: Crawled (200) <POST https://dl.ndl.go.jp/api/item/search> (referer: https://dl.ndl.go.jp/api/item/search)
2023-06-30 19:23:18 [booklist] INFO: Fetched page 16
2023-06-30 19:23:18 [booklist] INFO: VALID_ID: 2585387
2023-06-30 19:23:18 [booklist] INFO: VALID_ID: 11891795
2023-06-30 19:23:18 [booklist] INFO: VALID_ID: 10301354
2023-06-30 19:23:18 [booklist] INFO: VALID_ID: 2592524
2023-06-30 19:23:18 [booklist] INFO: VALID_ID: 2550157
2023-06-30 19:23:18 [booklist] INFO: VALID_ID: 2550345
2023-06-30 19:23:18 [booklist] INFO: VALID_ID: 10301001
2023-06-30 19:23:18 [booklist] INFO: VALID_ID: 2550344
2023-06-30 19:23:18 [booklist] INFO: VALID_ID: 9370016
2023-06-30 19:23:18 [booklist] INFO: VALID_ID: 2540884
2023-06-30 19:23:18 [booklist] INFO: VALID_ID: 2552925
2023-06-30 19:23:18 [booklist] INFO: VALID_ID: 2552927
2023-06-30 19:23:18 [booklist] INFO: VALID_ID: 2549028
2023-06-30 19:23:18 [booklist] INFO: VALID_ID: 2549029
2023-06-30 19:23:18 [booklist] INFO: VALID_ID: 2552930
2023-06-30 19:23:18 [booklist] INFO: VALID_ID: 2607286
2023-06-30 19:23:18 [booklist] INFO: VALID_ID: 2552924
2023-06-30 19:23:18 [booklist] INFO: VALID_ID: 9369953
2023-06-30 19:23:18 [booklist] INFO: VALID_ID: 2552928
2023-06-30 19:23:18 [booklist] INFO: VALID_ID: 2552929
2023-06-30 19:23:18 [booklist] INFO: VALID_ID: 2549030
2023-06-30 19:23:18 [booklist] INFO: VALID_ID: 2552926
2023-06-30 19:23:18 [booklist] INFO: VALID_ID: 2605424
2023-06-30 19:23:18 [booklist] INFO: VALID_ID: 2606585
2023-06-30 19:23:18 [booklist] INFO: VALID_ID: 2609142
2023-06-30 19:23:18 [booklist] INFO: VALID_ID: 10301752
2023-06-30 19:23:18 [booklist] INFO: VALID_ID: 10301640
2023-06-30 19:23:18 [booklist] INFO: VALID_ID: 2537334
2023-06-30 19:23:18 [booklist] INFO: VALID_ID: 2610659
2023-06-30 19:23:18 [booklist] INFO: VALID_ID: 2532472
2023-06-30 19:23:18 [booklist] INFO: VALID_ID: 2559159
2023-06-30 19:23:18 [booklist] INFO: VALID_ID: 2550325
2023-06-30 19:23:18 [booklist] INFO: VALID_ID: 2585305
2023-06-30 19:23:18 [booklist] INFO: VALID_ID: 2559154
2023-06-30 19:23:18 [booklist] INFO: VALID_ID: 2559158
2023-06-30 19:23:18 [booklist] INFO: VALID_ID: 2559156
2023-06-30 19:23:18 [booklist] INFO: VALID_ID: 2559150
2023-06-30 19:23:18 [booklist] INFO: VALID_ID: 2559157
2023-06-30 19:23:18 [booklist] INFO: VALID_ID: 2559146
2023-06-30 19:23:18 [booklist] INFO: VALID_ID: 2559162
2023-06-30 19:23:18 [booklist] INFO: VALID_ID: 2551760
2023-06-30 19:23:18 [booklist] INFO: VALID_ID: 10301461
2023-06-30 19:23:18 [booklist] INFO: VALID_ID: 2550153
2023-06-30 19:23:18 [booklist] INFO: VALID_ID: 2559155
2023-06-30 19:23:18 [booklist] INFO: VALID_ID: 2559147
2023-06-30 19:23:18 [booklist] INFO: VALID_ID: 2559149
2023-06-30 19:23:18 [booklist] INFO: VALID_ID: 2559153
2023-06-30 19:23:18 [booklist] INFO: VALID_ID: 2551759
2023-06-30 19:23:18 [booklist] INFO: VALID_ID: 2606412
2023-06-30 19:23:18 [booklist] INFO: VALID_ID: 10301340
2023-06-30 19:23:18 [booklist] INFO: VALID_ID: 2549282
2023-06-30 19:23:18 [booklist] INFO: VALID_ID: 2559148
2023-06-30 19:23:18 [booklist] INFO: VALID_ID: 2559151
2023-06-30 19:23:18 [booklist] INFO: VALID_ID: 2605579
2023-06-30 19:23:18 [booklist] INFO: VALID_ID: 9369964
2023-06-30 19:23:18 [booklist] INFO: VALID_ID: 10301207
2023-06-30 19:23:18 [booklist] INFO: VALID_ID: 2608195
2023-06-30 19:23:18 [booklist] INFO: VALID_ID: 2609516
2023-06-30 19:23:18 [booklist] INFO: VALID_ID: 2550140
2023-06-30 19:23:18 [booklist] INFO: VALID_ID: 2608004
2023-06-30 19:23:18 [booklist] INFO: VALID_ID: 10301165
2023-06-30 19:23:18 [booklist] INFO: VALID_ID: 2550211
2023-06-30 19:23:18 [booklist] INFO: VALID_ID: 2607339
2023-06-30 19:23:18 [booklist] INFO: VALID_ID: 2610596
2023-06-30 19:23:18 [booklist] INFO: VALID_ID: 2559211
2023-06-30 19:23:18 [booklist] INFO: VALID_ID: 2559210
2023-06-30 19:23:18 [booklist] INFO: VALID_ID: 2550251
2023-06-30 19:23:18 [booklist] INFO: VALID_ID: 2610129
2023-06-30 19:23:18 [booklist] INFO: VALID_ID: 2559208
2023-06-30 19:23:18 [booklist] INFO: VALID_ID: 2559215
2023-06-30 19:23:18 [booklist] INFO: VALID_ID: 10301138
2023-06-30 19:23:18 [booklist] INFO: VALID_ID: 2608884
2023-06-30 19:23:18 [booklist] INFO: VALID_ID: 2559218
2023-06-30 19:23:18 [booklist] INFO: VALID_ID: 2559212
2023-06-30 19:23:18 [booklist] INFO: VALID_ID: 2559217
2023-06-30 19:23:18 [booklist] INFO: VALID_ID: 2559209
2023-06-30 19:23:18 [booklist] INFO: VALID_ID: 2559213
2023-06-30 19:23:18 [booklist] INFO: VALID_ID: 2559216
2023-06-30 19:23:18 [booklist] INFO: VALID_ID: 2542937
2023-06-30 19:23:18 [booklist] INFO: VALID_ID: 2550207
2023-06-30 19:23:18 [booklist] INFO: VALID_ID: 10301383
2023-06-30 19:23:18 [booklist] INFO: VALID_ID: 2606743
2023-06-30 19:23:18 [booklist] INFO: VALID_ID: 9369960
2023-06-30 19:23:18 [booklist] INFO: VALID_ID: 2559137
2023-06-30 19:23:18 [booklist] INFO: VALID_ID: 2550215
2023-06-30 19:23:18 [booklist] INFO: VALID_ID: 2559136
2023-06-30 19:23:18 [booklist] INFO: VALID_ID: 2559134
2023-06-30 19:23:18 [booklist] INFO: VALID_ID: 2559139
2023-06-30 19:23:18 [booklist] INFO: VALID_ID: 2559138
2023-06-30 19:23:18 [booklist] INFO: VALID_ID: 2559142
2023-06-30 19:23:18 [booklist] INFO: VALID_ID: 2559145
2023-06-30 19:23:18 [booklist] INFO: VALID_ID: 2559141
2023-06-30 19:23:18 [booklist] INFO: VALID_ID: 2559140
2023-06-30 19:23:18 [booklist] INFO: VALID_ID: 2559143
2023-06-30 19:23:18 [booklist] INFO: VALID_ID: 2559144
2023-06-30 19:23:18 [booklist] INFO: VALID_ID: 2559133
2023-06-30 19:23:18 [booklist] INFO: VALID_ID: 2609552
2023-06-30 19:23:18 [booklist] INFO: VALID_ID: 2607856
2023-06-30 19:23:18 [booklist] INFO: VALID_ID: 2610518
2023-06-30 19:23:18 [booklist] INFO: VALID_ID: 2610801
2023-06-30 19:23:19 [scrapy.core.engine] DEBUG: Crawled (200) <POST https://dl.ndl.go.jp/api/item/search> (referer: https://dl.ndl.go.jp/api/item/search)
2023-06-30 19:23:19 [booklist] INFO: Fetched page 17
2023-06-30 19:23:19 [booklist] INFO: VALID_ID: 2610801
2023-06-30 19:23:19 [booklist] INFO: VALID_ID: 2611035
2023-06-30 19:23:19 [booklist] INFO: VALID_ID: 2609783
2023-06-30 19:23:19 [booklist] INFO: VALID_ID: 2585162
2023-06-30 19:23:19 [booklist] INFO: VALID_ID: 11446659
2023-06-30 19:23:19 [booklist] INFO: VALID_ID: 2610012
2023-06-30 19:23:19 [scrapy.core.engine] DEBUG: Crawled (200) <POST https://dl.ndl.go.jp/api/item/search> (referer: https://dl.ndl.go.jp/api/item/search)
2023-06-30 19:23:20 [booklist] INFO: Fetched page 18
2023-06-30 19:23:20 [booklist] INFO: No more books on 18
2023-06-30 19:23:20 [scrapy.core.engine] INFO: Closing spider (finished)
2023-06-30 19:23:20 [scrapy.statscollectors] INFO: Dumping Scrapy stats:
{'downloader/request_bytes': 24502,
 'downloader/request_count': 19,
 'downloader/request_method_count/GET': 1,
 'downloader/request_method_count/POST': 18,
 'downloader/response_bytes': 7920092,
 'downloader/response_count': 19,
 'downloader/response_status_count/200': 19,
 'elapsed_time_seconds': 27.2299,
 'finish_reason': 'finished',
 'finish_time': datetime.datetime(2023, 6, 30, 11, 23, 20, 21403),
 'httpcompression/response_bytes': 96631018,
 'httpcompression/response_count': 18,
 'log_count/DEBUG': 22,
 'log_count/INFO': 1635,
 'memusage/max': 63737856,
 'memusage/startup': 63737856,
 'request_depth_max': 17,
 'response_received_count': 19,
 'robotstxt/request_count': 1,
 'robotstxt/response_count': 1,
 'robotstxt/response_status_count/200': 1,
 'scheduler/dequeued': 18,
 'scheduler/dequeued/memory': 18,
 'scheduler/enqueued': 18,
 'scheduler/enqueued/memory': 18,
 'start_time': datetime.datetime(2023, 6, 30, 11, 22, 52, 791503)}
2023-06-30 19:23:20 [scrapy.core.engine] INFO: Spider closed (finished)
