2023-06-30 16:32:25 [scrapy.utils.log] INFO: Scrapy 2.9.0 started (bot: ndlcrawler)
2023-06-30 16:32:25 [scrapy.utils.log] INFO: Versions: lxml 4.9.2.0, libxml2 2.9.14, cssselect 1.2.0, parsel 1.8.1, w3lib 2.1.1, Twisted 22.10.0, Python 3.10.10 (main, Mar  5 2023, 22:26:53) [GCC 12.2.1 20230201], pyOpenSSL 23.2.0 (OpenSSL 3.1.1 30 May 2023), cryptography 41.0.1, Platform Linux-6.2.12-arch1-1-x86_64-with-glibc2.37
2023-06-30 16:32:25 [scrapy.crawler] INFO: Overridden settings:
{'BOT_NAME': 'ndlcrawler',
 'FEED_EXPORT_ENCODING': 'utf-8',
 'LOG_FILE': 'logs/booklist.title.57.DESC.log',
 'NEWSPIDER_MODULE': 'ndlcrawler.spiders',
 'REQUEST_FINGERPRINTER_IMPLEMENTATION': '2.7',
 'ROBOTSTXT_OBEY': True,
 'SPIDER_MODULES': ['ndlcrawler.spiders'],
 'TWISTED_REACTOR': 'twisted.internet.asyncioreactor.AsyncioSelectorReactor'}
2023-06-30 16:32:25 [asyncio] DEBUG: Using selector: EpollSelector
2023-06-30 16:32:25 [scrapy.utils.log] DEBUG: Using reactor: twisted.internet.asyncioreactor.AsyncioSelectorReactor
2023-06-30 16:32:25 [scrapy.utils.log] DEBUG: Using asyncio event loop: asyncio.unix_events._UnixSelectorEventLoop
2023-06-30 16:32:25 [scrapy.extensions.telnet] INFO: Telnet Password: 4a6a43b40986aa05
2023-06-30 16:32:26 [scrapy.middleware] INFO: Enabled extensions:
['scrapy.extensions.corestats.CoreStats',
 'scrapy.extensions.telnet.TelnetConsole',
 'scrapy.extensions.memusage.MemoryUsage',
 'scrapy.extensions.logstats.LogStats']
2023-06-30 16:32:26 [scrapy.middleware] INFO: Enabled downloader middlewares:
['scrapy.downloadermiddlewares.robotstxt.RobotsTxtMiddleware',
 'scrapy.downloadermiddlewares.httpauth.HttpAuthMiddleware',
 'scrapy.downloadermiddlewares.downloadtimeout.DownloadTimeoutMiddleware',
 'scrapy.downloadermiddlewares.defaultheaders.DefaultHeadersMiddleware',
 'scrapy.downloadermiddlewares.useragent.UserAgentMiddleware',
 'scrapy.downloadermiddlewares.retry.RetryMiddleware',
 'scrapy.downloadermiddlewares.redirect.MetaRefreshMiddleware',
 'scrapy.downloadermiddlewares.httpcompression.HttpCompressionMiddleware',
 'scrapy.downloadermiddlewares.redirect.RedirectMiddleware',
 'scrapy.downloadermiddlewares.cookies.CookiesMiddleware',
 'scrapy.downloadermiddlewares.httpproxy.HttpProxyMiddleware',
 'scrapy.downloadermiddlewares.stats.DownloaderStats']
2023-06-30 16:32:26 [scrapy.middleware] INFO: Enabled spider middlewares:
['scrapy.spidermiddlewares.httperror.HttpErrorMiddleware',
 'scrapy.spidermiddlewares.offsite.OffsiteMiddleware',
 'scrapy.spidermiddlewares.referer.RefererMiddleware',
 'scrapy.spidermiddlewares.urllength.UrlLengthMiddleware',
 'scrapy.spidermiddlewares.depth.DepthMiddleware']
2023-06-30 16:32:26 [scrapy.middleware] INFO: Enabled item pipelines:
[]
2023-06-30 16:32:26 [scrapy.core.engine] INFO: Spider opened
2023-06-30 16:32:26 [scrapy.extensions.logstats] INFO: Crawled 0 pages (at 0 pages/min), scraped 0 items (at 0 items/min)
2023-06-30 16:32:26 [scrapy.extensions.telnet] INFO: Telnet console listening on 127.0.0.1:6023
2023-06-30 16:32:27 [scrapy.core.engine] DEBUG: Crawled (200) <GET https://dl.ndl.go.jp/robots.txt> (referer: None)
2023-06-30 16:32:28 [scrapy.core.engine] DEBUG: Crawled (200) <POST https://dl.ndl.go.jp/api/item/search> (referer: None)
2023-06-30 16:32:28 [booklist] INFO: Fetched page 1
2023-06-30 16:32:29 [booklist] INFO: VALID_ID: 2596404
2023-06-30 16:32:29 [booklist] INFO: VALID_ID: 2596870
2023-06-30 16:32:29 [booklist] INFO: VALID_ID: 2562271
2023-06-30 16:32:29 [booklist] INFO: VALID_ID: 2560856
2023-06-30 16:32:29 [booklist] INFO: VALID_ID: 2545561
2023-06-30 16:32:29 [booklist] INFO: VALID_ID: 2574088
2023-06-30 16:32:29 [booklist] INFO: VALID_ID: 2577688
2023-06-30 16:32:29 [booklist] INFO: VALID_ID: 2591326
2023-06-30 16:32:29 [booklist] INFO: VALID_ID: 2561737
2023-06-30 16:32:29 [booklist] INFO: VALID_ID: 2550077
2023-06-30 16:32:29 [booklist] INFO: VALID_ID: 2591413
2023-06-30 16:32:29 [booklist] INFO: VALID_ID: 2551056
2023-06-30 16:32:29 [booklist] INFO: VALID_ID: 2573839
2023-06-30 16:32:29 [booklist] INFO: VALID_ID: 2573919
2023-06-30 16:32:29 [booklist] INFO: VALID_ID: 2590443
2023-06-30 16:32:29 [booklist] INFO: VALID_ID: 2573452
2023-06-30 16:32:29 [booklist] INFO: VALID_ID: 2546334
2023-06-30 16:32:29 [booklist] INFO: VALID_ID: 2596496
2023-06-30 16:32:29 [booklist] INFO: VALID_ID: 2589842
2023-06-30 16:32:29 [booklist] INFO: VALID_ID: 2577349
2023-06-30 16:32:29 [booklist] INFO: VALID_ID: 2571006
2023-06-30 16:32:29 [booklist] INFO: VALID_ID: 2549542
2023-06-30 16:32:29 [booklist] INFO: VALID_ID: 2573745
2023-06-30 16:32:29 [booklist] INFO: VALID_ID: 2591179
2023-06-30 16:32:29 [booklist] INFO: VALID_ID: 2601334
2023-06-30 16:32:29 [booklist] INFO: VALID_ID: 2601398
2023-06-30 16:32:29 [booklist] INFO: VALID_ID: 2584972
2023-06-30 16:32:29 [booklist] INFO: VALID_ID: 2549428
2023-06-30 16:32:29 [booklist] INFO: VALID_ID: 2597010
2023-06-30 16:32:29 [booklist] INFO: VALID_ID: 2579788
2023-06-30 16:32:29 [booklist] INFO: VALID_ID: 2581175
2023-06-30 16:32:29 [booklist] INFO: VALID_ID: 2576367
2023-06-30 16:32:29 [booklist] INFO: VALID_ID: 2586076
2023-06-30 16:32:29 [booklist] INFO: VALID_ID: 2596556
2023-06-30 16:32:29 [booklist] INFO: VALID_ID: 2558530
2023-06-30 16:32:29 [booklist] INFO: VALID_ID: 2580729
2023-06-30 16:32:29 [booklist] INFO: VALID_ID: 2588099
2023-06-30 16:32:29 [booklist] INFO: VALID_ID: 2552347
2023-06-30 16:32:29 [booklist] INFO: VALID_ID: 2574473
2023-06-30 16:32:29 [booklist] INFO: VALID_ID: 2570536
2023-06-30 16:32:29 [booklist] INFO: VALID_ID: 2555123
2023-06-30 16:32:29 [booklist] INFO: VALID_ID: 2576751
2023-06-30 16:32:29 [booklist] INFO: VALID_ID: 2580342
2023-06-30 16:32:29 [booklist] INFO: VALID_ID: 2561462
2023-06-30 16:32:29 [booklist] INFO: VALID_ID: 2590360
2023-06-30 16:32:29 [booklist] INFO: VALID_ID: 2553518
2023-06-30 16:32:29 [booklist] INFO: VALID_ID: 2590342
2023-06-30 16:32:29 [booklist] INFO: VALID_ID: 2589942
2023-06-30 16:32:29 [booklist] INFO: VALID_ID: 2571106
2023-06-30 16:32:29 [booklist] INFO: VALID_ID: 2590357
2023-06-30 16:32:29 [booklist] INFO: VALID_ID: 2590358
2023-06-30 16:32:29 [booklist] INFO: VALID_ID: 2597110
2023-06-30 16:32:29 [booklist] INFO: VALID_ID: 2572292
2023-06-30 16:32:29 [booklist] INFO: VALID_ID: 2600428
2023-06-30 16:32:29 [booklist] INFO: VALID_ID: 2597951
2023-06-30 16:32:29 [booklist] INFO: VALID_ID: 2597210
2023-06-30 16:32:29 [booklist] INFO: VALID_ID: 2562137
2023-06-30 16:32:29 [booklist] INFO: VALID_ID: 2590355
2023-06-30 16:32:29 [booklist] INFO: VALID_ID: 2590042
2023-06-30 16:32:29 [booklist] INFO: VALID_ID: 2590359
2023-06-30 16:32:29 [booklist] INFO: VALID_ID: 2590142
2023-06-30 16:32:29 [booklist] INFO: VALID_ID: 2551156
2023-06-30 16:32:29 [booklist] INFO: VALID_ID: 2577449
2023-06-30 16:32:29 [booklist] INFO: VALID_ID: 2590242
2023-06-30 16:32:29 [booklist] INFO: VALID_ID: 2561837
2023-06-30 16:32:29 [booklist] INFO: VALID_ID: 2576842
2023-06-30 16:32:29 [booklist] INFO: VALID_ID: 2570636
2023-06-30 16:32:29 [booklist] INFO: VALID_ID: 2590356
2023-06-30 16:32:29 [booklist] INFO: VALID_ID: 2577549
2023-06-30 16:32:29 [booklist] INFO: VALID_ID: 2562037
2023-06-30 16:32:29 [booklist] INFO: VALID_ID: 11891787
2023-06-30 16:32:29 [booklist] INFO: VALID_ID: 11892572
2023-06-30 16:32:29 [booklist] INFO: VALID_ID: 2601119
2023-06-30 16:32:29 [booklist] INFO: VALID_ID: 2601159
2023-06-30 16:32:29 [booklist] INFO: VALID_ID: 2601163
2023-06-30 16:32:29 [booklist] INFO: VALID_ID: 2601123
2023-06-30 16:32:29 [booklist] INFO: VALID_ID: 2601156
2023-06-30 16:32:29 [booklist] INFO: VALID_ID: 2601142
2023-06-30 16:32:29 [booklist] INFO: VALID_ID: 2601145
2023-06-30 16:32:29 [booklist] INFO: VALID_ID: 2601147
2023-06-30 16:32:29 [booklist] INFO: VALID_ID: 2601132
2023-06-30 16:32:29 [booklist] INFO: VALID_ID: 2601154
2023-06-30 16:32:29 [booklist] INFO: VALID_ID: 2601162
2023-06-30 16:32:29 [booklist] INFO: VALID_ID: 2601130
2023-06-30 16:32:29 [booklist] INFO: VALID_ID: 2601146
2023-06-30 16:32:29 [booklist] INFO: VALID_ID: 2601143
2023-06-30 16:32:29 [booklist] INFO: VALID_ID: 2601160
2023-06-30 16:32:29 [booklist] INFO: VALID_ID: 2601157
2023-06-30 16:32:29 [booklist] INFO: VALID_ID: 2601131
2023-06-30 16:32:29 [booklist] INFO: VALID_ID: 2601133
2023-06-30 16:32:29 [booklist] INFO: VALID_ID: 2601141
2023-06-30 16:32:29 [booklist] INFO: VALID_ID: 2601150
2023-06-30 16:32:29 [booklist] INFO: VALID_ID: 2601127
2023-06-30 16:32:29 [booklist] INFO: VALID_ID: 2601161
2023-06-30 16:32:29 [booklist] INFO: VALID_ID: 2601128
2023-06-30 16:32:29 [booklist] INFO: VALID_ID: 2601136
2023-06-30 16:32:29 [booklist] INFO: VALID_ID: 2601139
2023-06-30 16:32:29 [booklist] INFO: VALID_ID: 2601138
2023-06-30 16:32:29 [booklist] INFO: VALID_ID: 2601135
2023-06-30 16:32:29 [booklist] INFO: VALID_ID: 2601151
2023-06-30 16:32:30 [scrapy.core.engine] DEBUG: Crawled (200) <POST https://dl.ndl.go.jp/api/item/search> (referer: https://dl.ndl.go.jp/api/item/search)
2023-06-30 16:32:30 [booklist] INFO: Fetched page 2
2023-06-30 16:32:31 [booklist] INFO: VALID_ID: 2601151
2023-06-30 16:32:31 [booklist] INFO: VALID_ID: 2601137
2023-06-30 16:32:31 [booklist] INFO: VALID_ID: 2601144
2023-06-30 16:32:31 [booklist] INFO: VALID_ID: 2601126
2023-06-30 16:32:31 [booklist] INFO: VALID_ID: 2601120
2023-06-30 16:32:31 [booklist] INFO: VALID_ID: 2601155
2023-06-30 16:32:31 [booklist] INFO: VALID_ID: 2601132
2023-06-30 16:32:31 [booklist] INFO: VALID_ID: 2601154
2023-06-30 16:32:31 [booklist] INFO: VALID_ID: 2601134
2023-06-30 16:32:31 [booklist] INFO: VALID_ID: 2601152
2023-06-30 16:32:31 [booklist] INFO: VALID_ID: 2601164
2023-06-30 16:32:31 [booklist] INFO: VALID_ID: 2601122
2023-06-30 16:32:31 [booklist] INFO: VALID_ID: 2601124
2023-06-30 16:32:31 [booklist] INFO: VALID_ID: 2601158
2023-06-30 16:32:31 [booklist] INFO: VALID_ID: 2601148
2023-06-30 16:32:31 [booklist] INFO: VALID_ID: 2601118
2023-06-30 16:32:31 [booklist] INFO: VALID_ID: 2601165
2023-06-30 16:32:31 [booklist] INFO: VALID_ID: 2588584
2023-06-30 16:32:31 [booklist] INFO: VALID_ID: 2601125
2023-06-30 16:32:31 [booklist] INFO: VALID_ID: 2601140
2023-06-30 16:32:31 [booklist] INFO: VALID_ID: 2601149
2023-06-30 16:32:31 [booklist] INFO: VALID_ID: 2601153
2023-06-30 16:32:31 [booklist] INFO: VALID_ID: 11891876
2023-06-30 16:32:31 [booklist] INFO: VALID_ID: 2548754
2023-06-30 16:32:31 [booklist] INFO: VALID_ID: 2548757
2023-06-30 16:32:31 [booklist] INFO: VALID_ID: 2548728
2023-06-30 16:32:31 [booklist] INFO: VALID_ID: 2548761
2023-06-30 16:32:31 [booklist] INFO: VALID_ID: 2548726
2023-06-30 16:32:31 [booklist] INFO: VALID_ID: 2548730
2023-06-30 16:32:31 [booklist] INFO: VALID_ID: 2548733
2023-06-30 16:32:31 [booklist] INFO: VALID_ID: 2548749
2023-06-30 16:32:31 [booklist] INFO: VALID_ID: 2548731
2023-06-30 16:32:31 [booklist] INFO: VALID_ID: 2548723
2023-06-30 16:32:31 [booklist] INFO: VALID_ID: 2548738
2023-06-30 16:32:31 [booklist] INFO: VALID_ID: 2548740
2023-06-30 16:32:31 [booklist] INFO: VALID_ID: 2548747
2023-06-30 16:32:31 [booklist] INFO: VALID_ID: 2548724
2023-06-30 16:32:31 [booklist] INFO: VALID_ID: 2548748
2023-06-30 16:32:31 [booklist] INFO: VALID_ID: 2548755
2023-06-30 16:32:31 [booklist] INFO: VALID_ID: 2548776
2023-06-30 16:32:31 [booklist] INFO: VALID_ID: 2548771
2023-06-30 16:32:31 [booklist] INFO: VALID_ID: 2548770
2023-06-30 16:32:31 [booklist] INFO: VALID_ID: 2548773
2023-06-30 16:32:31 [booklist] INFO: VALID_ID: 2548734
2023-06-30 16:32:31 [booklist] INFO: VALID_ID: 2548756
2023-06-30 16:32:31 [booklist] INFO: VALID_ID: 2548742
2023-06-30 16:32:31 [booklist] INFO: VALID_ID: 2548766
2023-06-30 16:32:31 [booklist] INFO: VALID_ID: 2548769
2023-06-30 16:32:31 [booklist] INFO: VALID_ID: 2548775
2023-06-30 16:32:31 [booklist] INFO: VALID_ID: 2548722
2023-06-30 16:32:31 [booklist] INFO: VALID_ID: 2548746
2023-06-30 16:32:31 [booklist] INFO: VALID_ID: 2548750
2023-06-30 16:32:31 [booklist] INFO: VALID_ID: 2548774
2023-06-30 16:32:31 [booklist] INFO: VALID_ID: 2548763
2023-06-30 16:32:31 [booklist] INFO: VALID_ID: 2548772
2023-06-30 16:32:31 [booklist] INFO: VALID_ID: 2548745
2023-06-30 16:32:31 [booklist] INFO: VALID_ID: 2548753
2023-06-30 16:32:31 [booklist] INFO: VALID_ID: 2548765
2023-06-30 16:32:31 [booklist] INFO: VALID_ID: 2606996
2023-06-30 16:32:31 [booklist] INFO: VALID_ID: 2548732
2023-06-30 16:32:31 [booklist] INFO: VALID_ID: 2548727
2023-06-30 16:32:31 [booklist] INFO: VALID_ID: 2548764
2023-06-30 16:32:31 [booklist] INFO: VALID_ID: 2548725
2023-06-30 16:32:31 [booklist] INFO: VALID_ID: 2548729
2023-06-30 16:32:31 [booklist] INFO: VALID_ID: 2548736
2023-06-30 16:32:31 [booklist] INFO: VALID_ID: 2548737
2023-06-30 16:32:31 [booklist] INFO: VALID_ID: 2548762
2023-06-30 16:32:31 [booklist] INFO: VALID_ID: 2548768
2023-06-30 16:32:31 [booklist] INFO: VALID_ID: 2548751
2023-06-30 16:32:31 [booklist] INFO: VALID_ID: 2548758
2023-06-30 16:32:31 [booklist] INFO: VALID_ID: 2548759
2023-06-30 16:32:31 [booklist] INFO: VALID_ID: 2548760
2023-06-30 16:32:31 [booklist] INFO: VALID_ID: 2548735
2023-06-30 16:32:31 [booklist] INFO: VALID_ID: 2548741
2023-06-30 16:32:31 [booklist] INFO: VALID_ID: 2548752
2023-06-30 16:32:31 [booklist] INFO: VALID_ID: 2548777
2023-06-30 16:32:31 [booklist] INFO: VALID_ID: 2548739
2023-06-30 16:32:31 [booklist] INFO: VALID_ID: 2548743
2023-06-30 16:32:31 [booklist] INFO: VALID_ID: 2548767
2023-06-30 16:32:31 [booklist] INFO: VALID_ID: 2548779
2023-06-30 16:32:31 [booklist] INFO: VALID_ID: 10301625
2023-06-30 16:32:31 [booklist] INFO: VALID_ID: 2572392
2023-06-30 16:32:31 [booklist] INFO: VALID_ID: 2548744
2023-06-30 16:32:31 [booklist] INFO: VALID_ID: 2559089
2023-06-30 16:32:31 [booklist] INFO: VALID_ID: 2574770
2023-06-30 16:32:31 [booklist] INFO: VALID_ID: 2555949
2023-06-30 16:32:31 [booklist] INFO: VALID_ID: 2572083
2023-06-30 16:32:31 [booklist] INFO: VALID_ID: 1287062
2023-06-30 16:32:31 [booklist] INFO: VALID_ID: 2573035
2023-06-30 16:32:31 [booklist] INFO: VALID_ID: 2571538
2023-06-30 16:32:31 [booklist] INFO: VALID_ID: 2571414
2023-06-30 16:32:31 [booklist] INFO: VALID_ID: 2548617
2023-06-30 16:32:31 [booklist] INFO: VALID_ID: 2553678
2023-06-30 16:32:31 [booklist] INFO: VALID_ID: 2553621
2023-06-30 16:32:31 [booklist] INFO: VALID_ID: 2588684
2023-06-30 16:32:31 [booklist] INFO: VALID_ID: 1287009
2023-06-30 16:32:31 [booklist] INFO: VALID_ID: 2587121
2023-06-30 16:32:31 [booklist] INFO: VALID_ID: 2596176
2023-06-30 16:32:31 [booklist] INFO: VALID_ID: 2572906
2023-06-30 16:32:31 [booklist] INFO: VALID_ID: 2549859
2023-06-30 16:32:32 [scrapy.core.engine] DEBUG: Crawled (200) <POST https://dl.ndl.go.jp/api/item/search> (referer: https://dl.ndl.go.jp/api/item/search)
2023-06-30 16:32:32 [booklist] INFO: Fetched page 3
2023-06-30 16:32:33 [booklist] INFO: VALID_ID: 2572183
2023-06-30 16:32:33 [booklist] INFO: VALID_ID: 2588449
2023-06-30 16:32:33 [booklist] INFO: VALID_ID: 2572978
2023-06-30 16:32:33 [booklist] INFO: VALID_ID: 2549793
2023-06-30 16:32:33 [booklist] INFO: VALID_ID: 2572812
2023-06-30 16:32:33 [booklist] INFO: VALID_ID: 2550466
2023-06-30 16:32:33 [booklist] INFO: VALID_ID: 2589239
2023-06-30 16:32:33 [booklist] INFO: VALID_ID: 2561938
2023-06-30 16:32:33 [booklist] INFO: VALID_ID: 2543448
2023-06-30 16:32:33 [booklist] INFO: VALID_ID: 2543447
2023-06-30 16:32:33 [booklist] INFO: VALID_ID: 2589085
2023-06-30 16:32:33 [booklist] INFO: VALID_ID: 2543446
2023-06-30 16:32:33 [booklist] INFO: VALID_ID: 2543449
2023-06-30 16:32:33 [booklist] INFO: VALID_ID: 2543454
2023-06-30 16:32:33 [booklist] INFO: VALID_ID: 2543453
2023-06-30 16:32:33 [booklist] INFO: VALID_ID: 2543451
2023-06-30 16:32:33 [booklist] INFO: VALID_ID: 2543450
2023-06-30 16:32:33 [booklist] INFO: VALID_ID: 2605978
2023-06-30 16:32:33 [booklist] INFO: VALID_ID: 2576220
2023-06-30 16:32:33 [booklist] INFO: VALID_ID: 2548935
2023-06-30 16:32:33 [booklist] INFO: VALID_ID: 2543452
2023-06-30 16:32:33 [booklist] INFO: VALID_ID: 2543445
2023-06-30 16:32:33 [booklist] INFO: VALID_ID: 2550566
2023-06-30 16:32:33 [booklist] INFO: VALID_ID: 2610146
2023-06-30 16:32:33 [booklist] INFO: VALID_ID: 2589321
2023-06-30 16:32:33 [booklist] INFO: VALID_ID: 2606945
2023-06-30 16:32:33 [booklist] INFO: VALID_ID: 2600659
2023-06-30 16:32:33 [booklist] INFO: VALID_ID: 2600696
2023-06-30 16:32:33 [booklist] INFO: VALID_ID: 2600697
2023-06-30 16:32:33 [booklist] INFO: VALID_ID: 2600656
2023-06-30 16:32:33 [booklist] INFO: VALID_ID: 2600660
2023-06-30 16:32:33 [booklist] INFO: VALID_ID: 2588985
2023-06-30 16:32:33 [booklist] INFO: VALID_ID: 2606602
2023-06-30 16:32:33 [booklist] INFO: VALID_ID: 2559213
2023-06-30 16:32:33 [booklist] INFO: VALID_ID: 2600685
2023-06-30 16:32:33 [booklist] INFO: VALID_ID: 2600690
2023-06-30 16:32:33 [booklist] INFO: VALID_ID: 2600686
2023-06-30 16:32:33 [booklist] INFO: VALID_ID: 2600667
2023-06-30 16:32:33 [booklist] INFO: VALID_ID: 2600680
2023-06-30 16:32:33 [booklist] INFO: VALID_ID: 2600695
2023-06-30 16:32:33 [booklist] INFO: VALID_ID: 2600661
2023-06-30 16:32:33 [booklist] INFO: VALID_ID: 2600675
2023-06-30 16:32:33 [booklist] INFO: VALID_ID: 2600687
2023-06-30 16:32:33 [booklist] INFO: VALID_ID: 2600699
2023-06-30 16:32:33 [booklist] INFO: VALID_ID: 2600664
2023-06-30 16:32:33 [booklist] INFO: VALID_ID: 2587221
2023-06-30 16:32:33 [booklist] INFO: VALID_ID: 2600657
2023-06-30 16:32:33 [booklist] INFO: VALID_ID: 2560122
2023-06-30 16:32:33 [booklist] INFO: VALID_ID: 2600663
2023-06-30 16:32:33 [booklist] INFO: VALID_ID: 2600692
2023-06-30 16:32:33 [booklist] INFO: VALID_ID: 2600693
2023-06-30 16:32:33 [booklist] INFO: VALID_ID: 2600672
2023-06-30 16:32:33 [booklist] INFO: VALID_ID: 2600678
2023-06-30 16:32:33 [booklist] INFO: VALID_ID: 2600682
2023-06-30 16:32:33 [booklist] INFO: VALID_ID: 2600665
2023-06-30 16:32:33 [booklist] INFO: VALID_ID: 2600671
2023-06-30 16:32:33 [booklist] INFO: VALID_ID: 2600676
2023-06-30 16:32:33 [booklist] INFO: VALID_ID: 2600683
2023-06-30 16:32:33 [booklist] INFO: VALID_ID: 2600691
2023-06-30 16:32:33 [booklist] INFO: VALID_ID: 2600668
2023-06-30 16:32:33 [booklist] INFO: VALID_ID: 2600702
2023-06-30 16:32:33 [booklist] INFO: VALID_ID: 2600673
2023-06-30 16:32:33 [booklist] INFO: VALID_ID: 2600684
2023-06-30 16:32:33 [booklist] INFO: VALID_ID: 2600681
2023-06-30 16:32:33 [booklist] INFO: VALID_ID: 2600674
2023-06-30 16:32:33 [booklist] INFO: VALID_ID: 2610576
2023-06-30 16:32:33 [booklist] INFO: VALID_ID: 2600698
2023-06-30 16:32:33 [booklist] INFO: VALID_ID: 2600703
2023-06-30 16:32:33 [booklist] INFO: VALID_ID: 2600677
2023-06-30 16:32:33 [booklist] INFO: VALID_ID: 2600689
2023-06-30 16:32:33 [booklist] INFO: VALID_ID: 2600701
2023-06-30 16:32:33 [booklist] INFO: VALID_ID: 2600688
2023-06-30 16:32:33 [booklist] INFO: VALID_ID: 2600694
2023-06-30 16:32:33 [booklist] INFO: VALID_ID: 2600669
2023-06-30 16:32:33 [booklist] INFO: VALID_ID: 2600679
2023-06-30 16:32:33 [booklist] INFO: VALID_ID: 2600700
2023-06-30 16:32:33 [booklist] INFO: VALID_ID: 2600704
2023-06-30 16:32:33 [booklist] INFO: VALID_ID: 2608905
2023-06-30 16:32:33 [booklist] INFO: VALID_ID: 2560263
2023-06-30 16:32:33 [booklist] INFO: VALID_ID: 2600658
2023-06-30 16:32:33 [booklist] INFO: VALID_ID: 2600670
2023-06-30 16:32:33 [booklist] INFO: VALID_ID: 12865340
2023-06-30 16:32:33 [booklist] INFO: VALID_ID: 2600662
2023-06-30 16:32:33 [booklist] INFO: VALID_ID: 2600666
2023-06-30 16:32:33 [booklist] INFO: VALID_ID: 2538414
2023-06-30 16:32:33 [booklist] INFO: VALID_ID: 2607562
2023-06-30 16:32:33 [booklist] INFO: VALID_ID: 2588885
2023-06-30 16:32:33 [booklist] INFO: VALID_ID: 2538372
2023-06-30 16:32:33 [booklist] INFO: VALID_ID: 2571773
2023-06-30 16:32:33 [booklist] INFO: VALID_ID: 2560121
2023-06-30 16:32:33 [booklist] INFO: VALID_ID: 2560120
2023-06-30 16:32:33 [booklist] INFO: VALID_ID: 2560118
2023-06-30 16:32:33 [booklist] INFO: VALID_ID: 2560262
2023-06-30 16:32:33 [booklist] INFO: VALID_ID: 12865667
2023-06-30 16:32:33 [booklist] INFO: VALID_ID: 2587512
2023-06-30 16:32:33 [booklist] INFO: VALID_ID: 2549224
2023-06-30 16:32:33 [booklist] INFO: VALID_ID: 2540162
2023-06-30 16:32:33 [booklist] INFO: VALID_ID: 2550365
2023-06-30 16:32:33 [booklist] INFO: VALID_ID: 2560261
2023-06-30 16:32:33 [booklist] INFO: VALID_ID: 2559165
2023-06-30 16:32:34 [scrapy.core.engine] DEBUG: Crawled (200) <POST https://dl.ndl.go.jp/api/item/search> (referer: https://dl.ndl.go.jp/api/item/search)
2023-06-30 16:32:34 [booklist] INFO: Fetched page 4
2023-06-30 16:32:34 [booklist] INFO: VALID_ID: 2560119
2023-06-30 16:32:34 [booklist] INFO: VALID_ID: 2550299
2023-06-30 16:32:34 [booklist] INFO: VALID_ID: 2587392
2023-06-30 16:32:34 [booklist] INFO: VALID_ID: 2583717
2023-06-30 16:32:34 [booklist] INFO: VALID_ID: 2549103
2023-06-30 16:32:34 [booklist] INFO: VALID_ID: 12865668
2023-06-30 16:32:34 [booklist] INFO: VALID_ID: 2572530
2023-06-30 16:32:34 [booklist] INFO: VALID_ID: 11446641
2023-06-30 16:32:34 [booklist] INFO: VALID_ID: 2550188
2023-06-30 16:32:34 [booklist] INFO: VALID_ID: 2609961
2023-06-30 16:32:34 [booklist] INFO: VALID_ID: 2553330
2023-06-30 16:32:34 [booklist] INFO: VALID_ID: 2574388
2023-06-30 16:32:34 [booklist] INFO: VALID_ID: 2590721
2023-06-30 16:32:34 [booklist] INFO: VALID_ID: 2574387
2023-06-30 16:32:34 [booklist] INFO: VALID_ID: 11038798
2023-06-30 16:32:34 [booklist] INFO: VALID_ID: 10303796
2023-06-30 16:32:34 [booklist] INFO: VALID_ID: 2590719
2023-06-30 16:32:34 [booklist] INFO: VALID_ID: 11223336
2023-06-30 16:32:34 [booklist] INFO: VALID_ID: 2570123
2023-06-30 16:32:34 [booklist] INFO: VALID_ID: 2590715
2023-06-30 16:32:34 [booklist] INFO: VALID_ID: 11038676
2023-06-30 16:32:34 [booklist] INFO: VALID_ID: 2593429
2023-06-30 16:32:34 [booklist] INFO: VALID_ID: 2590728
2023-06-30 16:32:34 [booklist] INFO: VALID_ID: 2606895
2023-06-30 16:32:34 [booklist] INFO: VALID_ID: 10303781
2023-06-30 16:32:34 [booklist] INFO: VALID_ID: 2590714
2023-06-30 16:32:34 [booklist] INFO: VALID_ID: 10303561
2023-06-30 16:32:34 [booklist] INFO: VALID_ID: 12866103
2023-06-30 16:32:34 [booklist] INFO: VALID_ID: 2533165
2023-06-30 16:32:34 [booklist] INFO: VALID_ID: 10303812
2023-06-30 16:32:34 [booklist] INFO: VALID_ID: 2572631
2023-06-30 16:32:34 [booklist] INFO: VALID_ID: 2598686
2023-06-30 16:32:34 [booklist] INFO: VALID_ID: 1307492
2023-06-30 16:32:34 [booklist] INFO: VALID_ID: 2605330
2023-06-30 16:32:34 [booklist] INFO: VALID_ID: 2598033
2023-06-30 16:32:34 [booklist] INFO: VALID_ID: 2598037
2023-06-30 16:32:34 [booklist] INFO: VALID_ID: 2598032
2023-06-30 16:32:34 [booklist] INFO: VALID_ID: 2598031
2023-06-30 16:32:34 [booklist] INFO: VALID_ID: 2598036
2023-06-30 16:32:34 [booklist] INFO: VALID_ID: 2598683
2023-06-30 16:32:34 [booklist] INFO: VALID_ID: 11223436
2023-06-30 16:32:34 [booklist] INFO: VALID_ID: 2598684
2023-06-30 16:32:34 [booklist] INFO: VALID_ID: 11892630
2023-06-30 16:32:34 [booklist] INFO: VALID_ID: 2598685
2023-06-30 16:32:34 [booklist] INFO: VALID_ID: 2598681
2023-06-30 16:32:34 [booklist] INFO: VALID_ID: 2583684
2023-06-30 16:32:34 [booklist] INFO: VALID_ID: 11892737
2023-06-30 16:32:34 [booklist] INFO: VALID_ID: 1288121
2023-06-30 16:32:34 [booklist] INFO: VALID_ID: 2546394
2023-06-30 16:32:34 [booklist] INFO: VALID_ID: 2605405
2023-06-30 16:32:34 [booklist] INFO: VALID_ID: 11607758
2023-06-30 16:32:34 [booklist] INFO: VALID_ID: 2607558
2023-06-30 16:32:34 [booklist] INFO: VALID_ID: 1287957
2023-06-30 16:32:34 [booklist] INFO: VALID_ID: 2551644
2023-06-30 16:32:34 [booklist] INFO: VALID_ID: 1288060
2023-06-30 16:32:34 [booklist] INFO: VALID_ID: 1287174
2023-06-30 16:32:34 [booklist] INFO: VALID_ID: 10303932
2023-06-30 16:32:34 [booklist] INFO: VALID_ID: 2610264
2023-06-30 16:32:34 [booklist] INFO: VALID_ID: 2611028
2023-06-30 16:32:34 [booklist] INFO: VALID_ID: 11891816
2023-06-30 16:32:34 [booklist] INFO: VALID_ID: 2609205
2023-06-30 16:32:34 [booklist] INFO: VALID_ID: 2606174
2023-06-30 16:32:34 [booklist] INFO: VALID_ID: 2611038
2023-06-30 16:32:34 [booklist] INFO: VALID_ID: 2540578
2023-06-30 16:32:34 [booklist] INFO: VALID_ID: 2609818
2023-06-30 16:32:34 [booklist] INFO: VALID_ID: 2532828
2023-06-30 16:32:34 [booklist] INFO: VALID_ID: 2606229
2023-06-30 16:32:34 [booklist] INFO: VALID_ID: 2609432
2023-06-30 16:32:34 [booklist] INFO: VALID_ID: 2607434
2023-06-30 16:32:34 [booklist] INFO: VALID_ID: 2533648
2023-06-30 16:32:34 [booklist] INFO: VALID_ID: 2610790
2023-06-30 16:32:34 [booklist] INFO: VALID_ID: 2611103
2023-06-30 16:32:34 [booklist] INFO: VALID_ID: 2550792
2023-06-30 16:32:34 [booklist] INFO: VALID_ID: 2607142
2023-06-30 16:32:34 [booklist] INFO: VALID_ID: 2609492
2023-06-30 16:32:34 [booklist] INFO: VALID_ID: 2609227
2023-06-30 16:32:34 [booklist] INFO: VALID_ID: 2607636
2023-06-30 16:32:34 [booklist] INFO: VALID_ID: 2611073
2023-06-30 16:32:34 [booklist] INFO: VALID_ID: 2585761
2023-06-30 16:32:34 [booklist] INFO: VALID_ID: 2585868
2023-06-30 16:32:34 [booklist] INFO: VALID_ID: 2585875
2023-06-30 16:32:34 [booklist] INFO: VALID_ID: 2585785
2023-06-30 16:32:34 [booklist] INFO: VALID_ID: 2585788
2023-06-30 16:32:34 [booklist] INFO: VALID_ID: 2585792
2023-06-30 16:32:34 [booklist] INFO: VALID_ID: 2609581
2023-06-30 16:32:34 [booklist] INFO: VALID_ID: 2585898
2023-06-30 16:32:34 [booklist] INFO: VALID_ID: 2585914
2023-06-30 16:32:34 [booklist] INFO: VALID_ID: 2585822
2023-06-30 16:32:34 [booklist] INFO: VALID_ID: 2585932
2023-06-30 16:32:34 [booklist] INFO: VALID_ID: 2590376
2023-06-30 16:32:34 [booklist] INFO: VALID_ID: 2585793
2023-06-30 16:32:34 [booklist] INFO: VALID_ID: 2585888
2023-06-30 16:32:34 [booklist] INFO: VALID_ID: 2585919
2023-06-30 16:32:34 [booklist] INFO: VALID_ID: 2585834
2023-06-30 16:32:34 [booklist] INFO: VALID_ID: 2605995
2023-06-30 16:32:34 [booklist] INFO: VALID_ID: 2608884
2023-06-30 16:32:34 [booklist] INFO: VALID_ID: 2585873
2023-06-30 16:32:34 [booklist] INFO: VALID_ID: 2585918
2023-06-30 16:32:34 [booklist] INFO: VALID_ID: 2585829
2023-06-30 16:32:34 [booklist] INFO: VALID_ID: 2585938
2023-06-30 16:32:35 [scrapy.core.engine] DEBUG: Crawled (200) <POST https://dl.ndl.go.jp/api/item/search> (referer: https://dl.ndl.go.jp/api/item/search)
2023-06-30 16:32:35 [booklist] INFO: Fetched page 5
2023-06-30 16:32:35 [booklist] INFO: VALID_ID: 2585852
2023-06-30 16:32:35 [booklist] INFO: VALID_ID: 2585876
2023-06-30 16:32:35 [booklist] INFO: VALID_ID: 2585884
2023-06-30 16:32:35 [booklist] INFO: VALID_ID: 2585828
2023-06-30 16:32:35 [booklist] INFO: VALID_ID: 2585928
2023-06-30 16:32:35 [booklist] INFO: VALID_ID: 2585839
2023-06-30 16:32:35 [booklist] INFO: VALID_ID: 2585883
2023-06-30 16:32:35 [booklist] INFO: VALID_ID: 2585800
2023-06-30 16:32:35 [booklist] INFO: VALID_ID: 2585810
2023-06-30 16:32:35 [booklist] INFO: VALID_ID: 2585819
2023-06-30 16:32:35 [booklist] INFO: VALID_ID: 2585926
2023-06-30 16:32:35 [booklist] INFO: VALID_ID: 2585846
2023-06-30 16:32:35 [booklist] INFO: VALID_ID: 2610395
2023-06-30 16:32:35 [booklist] INFO: VALID_ID: 2585767
2023-06-30 16:32:35 [booklist] INFO: VALID_ID: 2585774
2023-06-30 16:32:35 [booklist] INFO: VALID_ID: 2585908
2023-06-30 16:32:35 [booklist] INFO: VALID_ID: 2585930
2023-06-30 16:32:35 [booklist] INFO: VALID_ID: 2585935
2023-06-30 16:32:35 [booklist] INFO: VALID_ID: 2585946
2023-06-30 16:32:35 [booklist] INFO: VALID_ID: 2585862
2023-06-30 16:32:35 [booklist] INFO: VALID_ID: 2585872
2023-06-30 16:32:35 [booklist] INFO: VALID_ID: 2585791
2023-06-30 16:32:35 [booklist] INFO: VALID_ID: 2585801
2023-06-30 16:32:35 [booklist] INFO: VALID_ID: 2585809
2023-06-30 16:32:35 [booklist] INFO: VALID_ID: 2585904
2023-06-30 16:32:35 [booklist] INFO: VALID_ID: 2585923
2023-06-30 16:32:35 [booklist] INFO: VALID_ID: 2585844
2023-06-30 16:32:35 [booklist] INFO: VALID_ID: 2585885
2023-06-30 16:32:35 [booklist] INFO: VALID_ID: 2585803
2023-06-30 16:32:35 [booklist] INFO: VALID_ID: 2585824
2023-06-30 16:32:35 [booklist] INFO: VALID_ID: 2585775
2023-06-30 16:32:35 [booklist] INFO: VALID_ID: 2585879
2023-06-30 16:32:35 [booklist] INFO: VALID_ID: 2585802
2023-06-30 16:32:35 [booklist] INFO: VALID_ID: 2585900
2023-06-30 16:32:35 [booklist] INFO: VALID_ID: 2585818
2023-06-30 16:32:35 [booklist] INFO: VALID_ID: 2585922
2023-06-30 16:32:35 [booklist] INFO: VALID_ID: 2585936
2023-06-30 16:32:35 [booklist] INFO: VALID_ID: 2609468
2023-06-30 16:32:35 [booklist] INFO: VALID_ID: 2585896
2023-06-30 16:32:35 [booklist] INFO: VALID_ID: 2585816
2023-06-30 16:32:35 [booklist] INFO: VALID_ID: 2585832
2023-06-30 16:32:35 [booklist] INFO: VALID_ID: 2585837
2023-06-30 16:32:35 [booklist] INFO: VALID_ID: 2585939
2023-06-30 16:32:35 [booklist] INFO: VALID_ID: 2585865
2023-06-30 16:32:35 [booklist] INFO: VALID_ID: 2585781
2023-06-30 16:32:35 [booklist] INFO: VALID_ID: 2585878
2023-06-30 16:32:35 [booklist] INFO: VALID_ID: 2585815
2023-06-30 16:32:35 [booklist] INFO: VALID_ID: 2585821
2023-06-30 16:32:35 [booklist] INFO: VALID_ID: 2585925
2023-06-30 16:32:35 [booklist] INFO: VALID_ID: 2585927
2023-06-30 16:32:35 [booklist] INFO: VALID_ID: 2585929
2023-06-30 16:32:35 [booklist] INFO: VALID_ID: 2585854
2023-06-30 16:32:35 [booklist] INFO: VALID_ID: 2585804
2023-06-30 16:32:35 [booklist] INFO: VALID_ID: 2585903
2023-06-30 16:32:35 [booklist] INFO: VALID_ID: 2585826
2023-06-30 16:32:35 [booklist] INFO: VALID_ID: 2585931
2023-06-30 16:32:35 [booklist] INFO: VALID_ID: 2585850
2023-06-30 16:32:35 [booklist] INFO: VALID_ID: 2585948
2023-06-30 16:32:35 [booklist] INFO: VALID_ID: 2585823
2023-06-30 16:32:35 [booklist] INFO: VALID_ID: 2585920
2023-06-30 16:32:35 [booklist] INFO: VALID_ID: 2585856
2023-06-30 16:32:35 [booklist] INFO: VALID_ID: 2585861
2023-06-30 16:32:35 [booklist] INFO: VALID_ID: 2585786
2023-06-30 16:32:35 [booklist] INFO: VALID_ID: 2585790
2023-06-30 16:32:35 [booklist] INFO: VALID_ID: 2585808
2023-06-30 16:32:35 [booklist] INFO: VALID_ID: 2585906
2023-06-30 16:32:35 [booklist] INFO: VALID_ID: 2585912
2023-06-30 16:32:35 [booklist] INFO: VALID_ID: 2585817
2023-06-30 16:32:35 [booklist] INFO: VALID_ID: 2585915
2023-06-30 16:32:35 [booklist] INFO: VALID_ID: 2585825
2023-06-30 16:32:35 [booklist] INFO: VALID_ID: 2585924
2023-06-30 16:32:35 [booklist] INFO: VALID_ID: 2585857
2023-06-30 16:32:35 [booklist] INFO: VALID_ID: 2585766
2023-06-30 16:32:35 [booklist] INFO: VALID_ID: 2585770
2023-06-30 16:32:35 [booklist] INFO: VALID_ID: 2585877
2023-06-30 16:32:35 [booklist] INFO: VALID_ID: 2585891
2023-06-30 16:32:35 [booklist] INFO: VALID_ID: 2585836
2023-06-30 16:32:35 [booklist] INFO: VALID_ID: 2585841
2023-06-30 16:32:35 [booklist] INFO: VALID_ID: 2608219
2023-06-30 16:32:35 [booklist] INFO: VALID_ID: 2585776
2023-06-30 16:32:35 [booklist] INFO: VALID_ID: 2585778
2023-06-30 16:32:35 [booklist] INFO: VALID_ID: 2585882
2023-06-30 16:32:35 [booklist] INFO: VALID_ID: 2585799
2023-06-30 16:32:35 [booklist] INFO: VALID_ID: 2585833
2023-06-30 16:32:35 [booklist] INFO: VALID_ID: 2585940
2023-06-30 16:32:35 [booklist] INFO: VALID_ID: 2585760
2023-06-30 16:32:35 [booklist] INFO: VALID_ID: 2585789
2023-06-30 16:32:35 [booklist] INFO: VALID_ID: 2585887
2023-06-30 16:32:35 [booklist] INFO: VALID_ID: 2585897
2023-06-30 16:32:35 [booklist] INFO: VALID_ID: 2585805
2023-06-30 16:32:35 [booklist] INFO: VALID_ID: 2585814
2023-06-30 16:32:35 [booklist] INFO: VALID_ID: 2585943
2023-06-30 16:32:35 [booklist] INFO: VALID_ID: 11892593
2023-06-30 16:32:35 [booklist] INFO: VALID_ID: 2610833
2023-06-30 16:32:35 [booklist] INFO: VALID_ID: 2585874
2023-06-30 16:32:35 [booklist] INFO: VALID_ID: 2585769
2023-06-30 16:32:35 [booklist] INFO: VALID_ID: 2585871
2023-06-30 16:32:35 [booklist] INFO: VALID_ID: 2585892
2023-06-30 16:32:35 [booklist] INFO: VALID_ID: 2585933
2023-06-30 16:32:35 [booklist] INFO: VALID_ID: 12865396
2023-06-30 16:32:36 [scrapy.core.engine] DEBUG: Crawled (200) <POST https://dl.ndl.go.jp/api/item/search> (referer: https://dl.ndl.go.jp/api/item/search)
2023-06-30 16:32:36 [booklist] INFO: Fetched page 6
2023-06-30 16:32:36 [booklist] INFO: VALID_ID: 2585848
2023-06-30 16:32:36 [booklist] INFO: VALID_ID: 2585763
2023-06-30 16:32:36 [booklist] INFO: VALID_ID: 2585860
2023-06-30 16:32:36 [booklist] INFO: VALID_ID: 2585768
2023-06-30 16:32:36 [booklist] INFO: VALID_ID: 2585909
2023-06-30 16:32:36 [booklist] INFO: VALID_ID: 2585835
2023-06-30 16:32:36 [booklist] INFO: VALID_ID: 2585847
2023-06-30 16:32:36 [booklist] INFO: VALID_ID: 2585858
2023-06-30 16:32:36 [booklist] INFO: VALID_ID: 2585866
2023-06-30 16:32:36 [booklist] INFO: VALID_ID: 2585780
2023-06-30 16:32:36 [booklist] INFO: VALID_ID: 2585889
2023-06-30 16:32:36 [booklist] INFO: VALID_ID: 2585890
2023-06-30 16:32:36 [booklist] INFO: VALID_ID: 2585895
2023-06-30 16:32:36 [booklist] INFO: VALID_ID: 2585901
2023-06-30 16:32:36 [booklist] INFO: VALID_ID: 2585934
2023-06-30 16:32:36 [booklist] INFO: VALID_ID: 2585856
2023-06-30 16:32:36 [booklist] INFO: VALID_ID: 2585861
2023-06-30 16:32:36 [booklist] INFO: VALID_ID: 2585786
2023-06-30 16:32:36 [booklist] INFO: VALID_ID: 2585790
2023-06-30 16:32:36 [booklist] INFO: VALID_ID: 2585808
2023-06-30 16:32:36 [booklist] INFO: VALID_ID: 2585906
2023-06-30 16:32:36 [booklist] INFO: VALID_ID: 2585912
2023-06-30 16:32:36 [booklist] INFO: VALID_ID: 2585817
2023-06-30 16:32:36 [booklist] INFO: VALID_ID: 2585915
2023-06-30 16:32:36 [booklist] INFO: VALID_ID: 2585825
2023-06-30 16:32:36 [booklist] INFO: VALID_ID: 2585924
2023-06-30 16:32:36 [booklist] INFO: VALID_ID: 2585798
2023-06-30 16:32:36 [booklist] INFO: VALID_ID: 2585902
2023-06-30 16:32:36 [booklist] INFO: VALID_ID: 2585840
2023-06-30 16:32:36 [booklist] INFO: VALID_ID: 2585775
2023-06-30 16:32:36 [booklist] INFO: VALID_ID: 2585879
2023-06-30 16:32:36 [booklist] INFO: VALID_ID: 2585802
2023-06-30 16:32:36 [booklist] INFO: VALID_ID: 2585900
2023-06-30 16:32:36 [booklist] INFO: VALID_ID: 2585818
2023-06-30 16:32:36 [booklist] INFO: VALID_ID: 2585922
2023-06-30 16:32:36 [booklist] INFO: VALID_ID: 2585936
2023-06-30 16:32:36 [booklist] INFO: VALID_ID: 2585853
2023-06-30 16:32:36 [booklist] INFO: VALID_ID: 2585893
2023-06-30 16:32:36 [booklist] INFO: VALID_ID: 2585911
2023-06-30 16:32:36 [booklist] INFO: VALID_ID: 2585917
2023-06-30 16:32:36 [booklist] INFO: VALID_ID: 2585838
2023-06-30 16:32:36 [booklist] INFO: VALID_ID: 2605995
2023-06-30 16:32:36 [booklist] INFO: VALID_ID: 2585779
2023-06-30 16:32:36 [booklist] INFO: VALID_ID: 2585886
2023-06-30 16:32:36 [booklist] INFO: VALID_ID: 2585807
2023-06-30 16:32:36 [booklist] INFO: VALID_ID: 2607835
2023-06-30 16:32:36 [booklist] INFO: VALID_ID: 2585855
2023-06-30 16:32:36 [booklist] INFO: VALID_ID: 2585777
2023-06-30 16:32:36 [booklist] INFO: VALID_ID: 2585783
2023-06-30 16:32:36 [booklist] INFO: VALID_ID: 2585894
2023-06-30 16:32:36 [booklist] INFO: VALID_ID: 2585830
2023-06-30 16:32:36 [booklist] INFO: VALID_ID: 2585945
2023-06-30 16:32:36 [booklist] INFO: VALID_ID: 2585759
2023-06-30 16:32:36 [booklist] INFO: VALID_ID: 2585762
2023-06-30 16:32:36 [booklist] INFO: VALID_ID: 2585794
2023-06-30 16:32:36 [booklist] INFO: VALID_ID: 2585905
2023-06-30 16:32:36 [booklist] INFO: VALID_ID: 2585873
2023-06-30 16:32:36 [booklist] INFO: VALID_ID: 2585918
2023-06-30 16:32:36 [booklist] INFO: VALID_ID: 2585829
2023-06-30 16:32:36 [booklist] INFO: VALID_ID: 2585938
2023-06-30 16:32:36 [booklist] INFO: VALID_ID: 2585941
2023-06-30 16:32:36 [booklist] INFO: VALID_ID: 2585863
2023-06-30 16:32:36 [booklist] INFO: VALID_ID: 2585772
2023-06-30 16:32:36 [booklist] INFO: VALID_ID: 2585784
2023-06-30 16:32:36 [booklist] INFO: VALID_ID: 2585812
2023-06-30 16:32:36 [booklist] INFO: VALID_ID: 2585916
2023-06-30 16:32:36 [booklist] INFO: VALID_ID: 2585831
2023-06-30 16:32:36 [booklist] INFO: VALID_ID: 2585942
2023-06-30 16:32:36 [booklist] INFO: VALID_ID: 2607135
2023-06-30 16:32:36 [booklist] INFO: VALID_ID: 2609621
2023-06-30 16:32:36 [booklist] INFO: VALID_ID: 2585765
2023-06-30 16:32:36 [booklist] INFO: VALID_ID: 2585859
2023-06-30 16:32:36 [booklist] INFO: VALID_ID: 2585880
2023-06-30 16:32:36 [booklist] INFO: VALID_ID: 2585899
2023-06-30 16:32:36 [booklist] INFO: VALID_ID: 2585811
2023-06-30 16:32:36 [booklist] INFO: VALID_ID: 2585827
2023-06-30 16:32:36 [booklist] INFO: VALID_ID: 2585937
2023-06-30 16:32:36 [booklist] INFO: VALID_ID: 2585843
2023-06-30 16:32:36 [booklist] INFO: VALID_ID: 2585849
2023-06-30 16:32:36 [booklist] INFO: VALID_ID: 2610785
2023-06-30 16:32:36 [booklist] INFO: VALID_ID: 12865356
2023-06-30 16:32:36 [booklist] INFO: VALID_ID: 11892742
2023-06-30 16:32:36 [booklist] INFO: VALID_ID: 2609279
2023-06-30 16:32:36 [booklist] INFO: VALID_ID: 11446659
2023-06-30 16:32:36 [booklist] INFO: VALID_ID: 2611107
2023-06-30 16:32:36 [booklist] INFO: VALID_ID: 2609924
2023-06-30 16:32:36 [booklist] INFO: VALID_ID: 2608047
2023-06-30 16:32:36 [booklist] INFO: VALID_ID: 2608721
2023-06-30 16:32:36 [booklist] INFO: VALID_ID: 2610288
2023-06-30 16:32:36 [booklist] INFO: VALID_ID: 1286321
2023-06-30 16:32:36 [booklist] INFO: VALID_ID: 2610707
2023-06-30 16:32:36 [booklist] INFO: VALID_ID: 2610518
2023-06-30 16:32:36 [booklist] INFO: VALID_ID: 2583705
2023-06-30 16:32:36 [booklist] INFO: VALID_ID: 2583718
2023-06-30 16:32:36 [booklist] INFO: VALID_ID: 2607286
2023-06-30 16:32:36 [booklist] INFO: VALID_ID: 11446365
2023-06-30 16:32:36 [booklist] INFO: VALID_ID: 2583673
2023-06-30 16:32:36 [booklist] INFO: VALID_ID: 2583659
2023-06-30 16:32:36 [booklist] INFO: VALID_ID: 2583694
2023-06-30 16:32:36 [booklist] INFO: VALID_ID: 2583678
2023-06-30 16:32:37 [scrapy.core.engine] DEBUG: Crawled (200) <POST https://dl.ndl.go.jp/api/item/search> (referer: https://dl.ndl.go.jp/api/item/search)
2023-06-30 16:32:37 [booklist] INFO: Fetched page 7
2023-06-30 16:32:37 [booklist] INFO: VALID_ID: 2583702
2023-06-30 16:32:37 [booklist] INFO: VALID_ID: 2583679
2023-06-30 16:32:37 [booklist] INFO: VALID_ID: 2583721
2023-06-30 16:32:37 [booklist] INFO: VALID_ID: 2583690
2023-06-30 16:32:37 [booklist] INFO: VALID_ID: 2583681
2023-06-30 16:32:37 [booklist] INFO: VALID_ID: 2583668
2023-06-30 16:32:37 [booklist] INFO: VALID_ID: 2583706
2023-06-30 16:32:37 [booklist] INFO: VALID_ID: 1286420
2023-06-30 16:32:37 [booklist] INFO: VALID_ID: 2583704
2023-06-30 16:32:37 [booklist] INFO: VALID_ID: 2583708
2023-06-30 16:32:37 [booklist] INFO: VALID_ID: 2583711
2023-06-30 16:32:37 [booklist] INFO: VALID_ID: 2583714
2023-06-30 16:32:37 [booklist] INFO: VALID_ID: 2583683
2023-06-30 16:32:37 [booklist] INFO: VALID_ID: 2583693
2023-06-30 16:32:37 [booklist] INFO: VALID_ID: 2583696
2023-06-30 16:32:37 [booklist] INFO: VALID_ID: 2583716
2023-06-30 16:32:37 [booklist] INFO: VALID_ID: 2583719
2023-06-30 16:32:37 [booklist] INFO: VALID_ID: 2583661
2023-06-30 16:32:37 [booklist] INFO: VALID_ID: 2583664
2023-06-30 16:32:37 [booklist] INFO: VALID_ID: 2583680
2023-06-30 16:32:37 [booklist] INFO: VALID_ID: 2583687
2023-06-30 16:32:37 [booklist] INFO: VALID_ID: 2583675
2023-06-30 16:32:37 [booklist] INFO: VALID_ID: 2583660
2023-06-30 16:32:37 [booklist] INFO: VALID_ID: 2583667
2023-06-30 16:32:37 [booklist] INFO: VALID_ID: 2583701
2023-06-30 16:32:37 [booklist] INFO: VALID_ID: 2583709
2023-06-30 16:32:37 [booklist] INFO: VALID_ID: 2583725
2023-06-30 16:32:37 [booklist] INFO: VALID_ID: 2583715
2023-06-30 16:32:37 [booklist] INFO: VALID_ID: 12865428
2023-06-30 16:32:37 [booklist] INFO: VALID_ID: 2583673
2023-06-30 16:32:37 [booklist] INFO: VALID_ID: 2583659
2023-06-30 16:32:37 [booklist] INFO: VALID_ID: 2583694
2023-06-30 16:32:37 [booklist] INFO: VALID_ID: 2583678
2023-06-30 16:32:37 [booklist] INFO: VALID_ID: 2583685
2023-06-30 16:32:37 [booklist] INFO: VALID_ID: 2583722
2023-06-30 16:32:37 [booklist] INFO: VALID_ID: 2583691
2023-06-30 16:32:37 [booklist] INFO: VALID_ID: 2583697
2023-06-30 16:32:37 [booklist] INFO: VALID_ID: 2583682
2023-06-30 16:32:37 [booklist] INFO: VALID_ID: 2583705
2023-06-30 16:32:37 [booklist] INFO: VALID_ID: 2583718
2023-06-30 16:32:37 [booklist] INFO: VALID_ID: 2583698
2023-06-30 16:32:37 [booklist] INFO: VALID_ID: 2583703
2023-06-30 16:32:37 [booklist] INFO: VALID_ID: 2583676
2023-06-30 16:32:37 [booklist] INFO: VALID_ID: 2583712
2023-06-30 16:32:37 [booklist] INFO: VALID_ID: 2583723
2023-06-30 16:32:37 [booklist] INFO: VALID_ID: 2610012
2023-06-30 16:32:37 [booklist] INFO: VALID_ID: 2610561
2023-06-30 16:32:37 [booklist] INFO: VALID_ID: 2583672
2023-06-30 16:32:37 [booklist] INFO: VALID_ID: 2583707
2023-06-30 16:32:37 [booklist] INFO: VALID_ID: 2583710
2023-06-30 16:32:37 [booklist] INFO: VALID_ID: 2596087
2023-06-30 16:32:37 [booklist] INFO: VALID_ID: 2596111
2023-06-30 16:32:37 [booklist] INFO: VALID_ID: 2596129
2023-06-30 16:32:37 [booklist] INFO: VALID_ID: 2596058
2023-06-30 16:32:37 [booklist] INFO: VALID_ID: 2596069
2023-06-30 16:32:37 [booklist] INFO: VALID_ID: 2596096
2023-06-30 16:32:37 [booklist] INFO: VALID_ID: 2596112
2023-06-30 16:32:37 [booklist] INFO: VALID_ID: 2596115
2023-06-30 16:32:37 [booklist] INFO: VALID_ID: 2583665
2023-06-30 16:32:37 [booklist] INFO: VALID_ID: 2583699
2023-06-30 16:32:37 [booklist] INFO: VALID_ID: 2596133
2023-06-30 16:32:37 [booklist] INFO: VALID_ID: 2583695
2023-06-30 16:32:37 [booklist] INFO: VALID_ID: 2583671
2023-06-30 16:32:37 [booklist] INFO: VALID_ID: 2583674
2023-06-30 16:32:37 [booklist] INFO: VALID_ID: 2583689
2023-06-30 16:32:37 [booklist] INFO: VALID_ID: 2596060
2023-06-30 16:32:37 [booklist] INFO: VALID_ID: 2596109
2023-06-30 16:32:37 [booklist] INFO: VALID_ID: 2596094
2023-06-30 16:32:37 [booklist] INFO: VALID_ID: 2583692
2023-06-30 16:32:37 [booklist] INFO: VALID_ID: 2583662
2023-06-30 16:32:37 [booklist] INFO: VALID_ID: 2583666
2023-06-30 16:32:37 [booklist] INFO: VALID_ID: 2583700
2023-06-30 16:32:37 [booklist] INFO: VALID_ID: 2583686
2023-06-30 16:32:37 [booklist] INFO: VALID_ID: 2583724
2023-06-30 16:32:37 [booklist] INFO: VALID_ID: 2596120
2023-06-30 16:32:37 [booklist] INFO: VALID_ID: 2583663
2023-06-30 16:32:37 [booklist] INFO: VALID_ID: 2583677
2023-06-30 16:32:37 [booklist] INFO: VALID_ID: 2583713
2023-06-30 16:32:37 [booklist] INFO: VALID_ID: 2583688
2023-06-30 16:32:37 [booklist] INFO: VALID_ID: 2596089
2023-06-30 16:32:37 [booklist] INFO: VALID_ID: 2596095
2023-06-30 16:32:37 [booklist] INFO: VALID_ID: 2596121
2023-06-30 16:32:37 [booklist] INFO: VALID_ID: 2596136
2023-06-30 16:32:37 [booklist] INFO: VALID_ID: 2596068
2023-06-30 16:32:37 [booklist] INFO: VALID_ID: 2596122
2023-06-30 16:32:37 [booklist] INFO: VALID_ID: 2596123
2023-06-30 16:32:37 [booklist] INFO: VALID_ID: 2596113
2023-06-30 16:32:37 [booklist] INFO: VALID_ID: 2596128
2023-06-30 16:32:37 [booklist] INFO: VALID_ID: 2596118
2023-06-30 16:32:37 [booklist] INFO: VALID_ID: 1286521
2023-06-30 16:32:37 [booklist] INFO: VALID_ID: 2605506
2023-06-30 16:32:37 [booklist] INFO: VALID_ID: 2610969
2023-06-30 16:32:37 [booklist] INFO: VALID_ID: 12865370
2023-06-30 16:32:37 [booklist] INFO: VALID_ID: 2607781
2023-06-30 16:32:37 [booklist] INFO: VALID_ID: 2608195
2023-06-30 16:32:37 [booklist] INFO: VALID_ID: 1287169
2023-06-30 16:32:37 [booklist] INFO: VALID_ID: 2611035
2023-06-30 16:32:37 [booklist] INFO: VALID_ID: 1286874
2023-06-30 16:32:37 [booklist] INFO: VALID_ID: 2605985
2023-06-30 16:32:37 [booklist] INFO: VALID_ID: 2609783
2023-06-30 16:32:38 [scrapy.core.engine] DEBUG: Crawled (200) <POST https://dl.ndl.go.jp/api/item/search> (referer: https://dl.ndl.go.jp/api/item/search)
2023-06-30 16:32:38 [booklist] INFO: Fetched page 8
2023-06-30 16:32:38 [booklist] INFO: VALID_ID: 1286615
2023-06-30 16:32:38 [booklist] INFO: VALID_ID: 2610138
2023-06-30 16:32:38 [booklist] INFO: VALID_ID: 2610801
2023-06-30 16:32:38 [booklist] INFO: VALID_ID: 11446322
2023-06-30 16:32:38 [booklist] INFO: VALID_ID: 2605996
2023-06-30 16:32:38 [booklist] INFO: VALID_ID: 2606258
2023-06-30 16:32:38 [scrapy.core.engine] DEBUG: Crawled (200) <POST https://dl.ndl.go.jp/api/item/search> (referer: https://dl.ndl.go.jp/api/item/search)
2023-06-30 16:32:38 [booklist] INFO: Fetched page 9
2023-06-30 16:32:38 [booklist] INFO: No more books on 9
2023-06-30 16:32:38 [scrapy.core.engine] INFO: Closing spider (finished)
2023-06-30 16:32:38 [scrapy.statscollectors] INFO: Dumping Scrapy stats:
{'downloader/request_bytes': 12298,
 'downloader/request_count': 10,
 'downloader/request_method_count/GET': 1,
 'downloader/request_method_count/POST': 9,
 'downloader/response_bytes': 3075034,
 'downloader/response_count': 10,
 'downloader/response_status_count/200': 10,
 'elapsed_time_seconds': 12.321703,
 'finish_reason': 'finished',
 'finish_time': datetime.datetime(2023, 6, 30, 8, 32, 38, 852376),
 'httpcompression/response_bytes': 35426576,
 'httpcompression/response_count': 9,
 'log_count/DEBUG': 13,
 'log_count/INFO': 726,
 'memusage/max': 63954944,
 'memusage/startup': 63954944,
 'request_depth_max': 8,
 'response_received_count': 10,
 'robotstxt/request_count': 1,
 'robotstxt/response_count': 1,
 'robotstxt/response_status_count/200': 1,
 'scheduler/dequeued': 9,
 'scheduler/dequeued/memory': 9,
 'scheduler/enqueued': 9,
 'scheduler/enqueued/memory': 9,
 'start_time': datetime.datetime(2023, 6, 30, 8, 32, 26, 530673)}
2023-06-30 16:32:38 [scrapy.core.engine] INFO: Spider closed (finished)
