2023-06-30 17:55:57 [scrapy.utils.log] INFO: Scrapy 2.9.0 started (bot: ndlcrawler)
2023-06-30 17:55:57 [scrapy.utils.log] INFO: Versions: lxml 4.9.2.0, libxml2 2.9.14, cssselect 1.2.0, parsel 1.8.1, w3lib 2.1.1, Twisted 22.10.0, Python 3.10.10 (main, Mar  5 2023, 22:26:53) [GCC 12.2.1 20230201], pyOpenSSL 23.2.0 (OpenSSL 3.1.1 30 May 2023), cryptography 41.0.1, Platform Linux-6.2.12-arch1-1-x86_64-with-glibc2.37
2023-06-30 17:55:57 [scrapy.crawler] INFO: Overridden settings:
{'BOT_NAME': 'ndlcrawler',
 'FEED_EXPORT_ENCODING': 'utf-8',
 'LOG_FILE': 'logs/booklist.title.郎.DESC.log',
 'NEWSPIDER_MODULE': 'ndlcrawler.spiders',
 'REQUEST_FINGERPRINTER_IMPLEMENTATION': '2.7',
 'ROBOTSTXT_OBEY': True,
 'SPIDER_MODULES': ['ndlcrawler.spiders'],
 'TWISTED_REACTOR': 'twisted.internet.asyncioreactor.AsyncioSelectorReactor'}
2023-06-30 17:55:57 [asyncio] DEBUG: Using selector: EpollSelector
2023-06-30 17:55:57 [scrapy.utils.log] DEBUG: Using reactor: twisted.internet.asyncioreactor.AsyncioSelectorReactor
2023-06-30 17:55:57 [scrapy.utils.log] DEBUG: Using asyncio event loop: asyncio.unix_events._UnixSelectorEventLoop
2023-06-30 17:55:57 [scrapy.extensions.telnet] INFO: Telnet Password: e1a91fc9d5b7667b
2023-06-30 17:55:57 [scrapy.middleware] INFO: Enabled extensions:
['scrapy.extensions.corestats.CoreStats',
 'scrapy.extensions.telnet.TelnetConsole',
 'scrapy.extensions.memusage.MemoryUsage',
 'scrapy.extensions.logstats.LogStats']
2023-06-30 17:55:57 [scrapy.middleware] INFO: Enabled downloader middlewares:
['scrapy.downloadermiddlewares.robotstxt.RobotsTxtMiddleware',
 'scrapy.downloadermiddlewares.httpauth.HttpAuthMiddleware',
 'scrapy.downloadermiddlewares.downloadtimeout.DownloadTimeoutMiddleware',
 'scrapy.downloadermiddlewares.defaultheaders.DefaultHeadersMiddleware',
 'scrapy.downloadermiddlewares.useragent.UserAgentMiddleware',
 'scrapy.downloadermiddlewares.retry.RetryMiddleware',
 'scrapy.downloadermiddlewares.redirect.MetaRefreshMiddleware',
 'scrapy.downloadermiddlewares.httpcompression.HttpCompressionMiddleware',
 'scrapy.downloadermiddlewares.redirect.RedirectMiddleware',
 'scrapy.downloadermiddlewares.cookies.CookiesMiddleware',
 'scrapy.downloadermiddlewares.httpproxy.HttpProxyMiddleware',
 'scrapy.downloadermiddlewares.stats.DownloaderStats']
2023-06-30 17:55:57 [scrapy.middleware] INFO: Enabled spider middlewares:
['scrapy.spidermiddlewares.httperror.HttpErrorMiddleware',
 'scrapy.spidermiddlewares.offsite.OffsiteMiddleware',
 'scrapy.spidermiddlewares.referer.RefererMiddleware',
 'scrapy.spidermiddlewares.urllength.UrlLengthMiddleware',
 'scrapy.spidermiddlewares.depth.DepthMiddleware']
2023-06-30 17:55:57 [scrapy.middleware] INFO: Enabled item pipelines:
[]
2023-06-30 17:55:57 [scrapy.core.engine] INFO: Spider opened
2023-06-30 17:55:57 [scrapy.extensions.logstats] INFO: Crawled 0 pages (at 0 pages/min), scraped 0 items (at 0 items/min)
2023-06-30 17:55:57 [scrapy.extensions.telnet] INFO: Telnet console listening on 127.0.0.1:6023
2023-06-30 17:55:58 [scrapy.core.engine] DEBUG: Crawled (200) <GET https://dl.ndl.go.jp/robots.txt> (referer: None)
2023-06-30 17:55:58 [scrapy.core.engine] DEBUG: Crawled (200) <POST https://dl.ndl.go.jp/api/item/search> (referer: None)
2023-06-30 17:55:58 [booklist] INFO: Fetched page 1
2023-06-30 17:55:59 [booklist] INFO: VALID_ID: 1307101
2023-06-30 17:55:59 [booklist] INFO: VALID_ID: 1309300
2023-06-30 17:55:59 [booklist] INFO: VALID_ID: 10301321
2023-06-30 17:55:59 [booklist] INFO: VALID_ID: 1309294
2023-06-30 17:55:59 [booklist] INFO: VALID_ID: 1307215
2023-06-30 17:55:59 [booklist] INFO: VALID_ID: 2533909
2023-06-30 17:55:59 [booklist] INFO: VALID_ID: 1286933
2023-06-30 17:55:59 [booklist] INFO: VALID_ID: 2532483
2023-06-30 17:55:59 [booklist] INFO: VALID_ID: 1308149
2023-06-30 17:55:59 [booklist] INFO: VALID_ID: 1312389
2023-06-30 17:55:59 [booklist] INFO: VALID_ID: 1308212
2023-06-30 17:55:59 [booklist] INFO: VALID_ID: 2532542
2023-06-30 17:55:59 [booklist] INFO: VALID_ID: 1309301
2023-06-30 17:55:59 [booklist] INFO: VALID_ID: 1309302
2023-06-30 17:55:59 [booklist] INFO: VALID_ID: 9892687
2023-06-30 17:55:59 [booklist] INFO: VALID_ID: 1312566
2023-06-30 17:55:59 [booklist] INFO: VALID_ID: 1310426
2023-06-30 17:55:59 [booklist] INFO: VALID_ID: 1312370
2023-06-30 17:55:59 [booklist] INFO: VALID_ID: 10301655
2023-06-30 17:55:59 [booklist] INFO: VALID_ID: 1312371
2023-06-30 17:55:59 [booklist] INFO: VALID_ID: 1303904
2023-06-30 17:55:59 [booklist] INFO: VALID_ID: 1307657
2023-06-30 17:55:59 [booklist] INFO: VALID_ID: 1308215
2023-06-30 17:55:59 [booklist] INFO: VALID_ID: 1309313
2023-06-30 17:55:59 [booklist] INFO: VALID_ID: 11545776
2023-06-30 17:55:59 [booklist] INFO: VALID_ID: 1303993
2023-06-30 17:55:59 [booklist] INFO: VALID_ID: 9893331
2023-06-30 17:55:59 [booklist] INFO: VALID_ID: 1307198
2023-06-30 17:55:59 [booklist] INFO: VALID_ID: 1304609
2023-06-30 17:55:59 [booklist] INFO: VALID_ID: 1303351
2023-06-30 17:55:59 [booklist] INFO: VALID_ID: 1309151
2023-06-30 17:55:59 [booklist] INFO: VALID_ID: 1307686
2023-06-30 17:55:59 [booklist] INFO: VALID_ID: 1307814
2023-06-30 17:55:59 [booklist] INFO: VALID_ID: 1312392
2023-06-30 17:55:59 [booklist] INFO: VALID_ID: 1305177
2023-06-30 17:55:59 [booklist] INFO: VALID_ID: 2542636
2023-06-30 17:55:59 [booklist] INFO: VALID_ID: 1309152
2023-06-30 17:55:59 [booklist] INFO: VALID_ID: 1307565
2023-06-30 17:55:59 [booklist] INFO: VALID_ID: 1301790
2023-06-30 17:55:59 [booklist] INFO: VALID_ID: 1309157
2023-06-30 17:55:59 [booklist] INFO: VALID_ID: 10300939
2023-06-30 17:55:59 [booklist] INFO: VALID_ID: 2533952
2023-06-30 17:55:59 [booklist] INFO: VALID_ID: 1310422
2023-06-30 17:55:59 [booklist] INFO: VALID_ID: 1309303
2023-06-30 17:55:59 [booklist] INFO: VALID_ID: 2547736
2023-06-30 17:55:59 [booklist] INFO: VALID_ID: 1309312
2023-06-30 17:55:59 [booklist] INFO: VALID_ID: 1312357
2023-06-30 17:55:59 [booklist] INFO: VALID_ID: 1308170
2023-06-30 17:55:59 [booklist] INFO: VALID_ID: 1307792
2023-06-30 17:55:59 [booklist] INFO: VALID_ID: 1305622
2023-06-30 17:55:59 [booklist] INFO: VALID_ID: 1312164
2023-06-30 17:55:59 [booklist] INFO: VALID_ID: 1309153
2023-06-30 17:55:59 [booklist] INFO: VALID_ID: 1301780
2023-06-30 17:55:59 [booklist] INFO: VALID_ID: 1308150
2023-06-30 17:55:59 [booklist] INFO: VALID_ID: 9893066
2023-06-30 17:55:59 [booklist] INFO: VALID_ID: 1309144
2023-06-30 17:55:59 [booklist] INFO: VALID_ID: 1308234
2023-06-30 17:55:59 [booklist] INFO: VALID_ID: 10301569
2023-06-30 17:55:59 [booklist] INFO: VALID_ID: 1308178
2023-06-30 17:55:59 [booklist] INFO: VALID_ID: 1301629
2023-06-30 17:55:59 [booklist] INFO: VALID_ID: 1312592
2023-06-30 17:55:59 [booklist] INFO: VALID_ID: 1311942
2023-06-30 17:55:59 [booklist] INFO: VALID_ID: 1303985
2023-06-30 17:55:59 [booklist] INFO: VALID_ID: 1305617
2023-06-30 17:55:59 [booklist] INFO: VALID_ID: 10301736
2023-06-30 17:55:59 [booklist] INFO: VALID_ID: 2610184
2023-06-30 17:55:59 [booklist] INFO: VALID_ID: 1303355
2023-06-30 17:55:59 [booklist] INFO: VALID_ID: 1308138
2023-06-30 17:55:59 [booklist] INFO: VALID_ID: 1312401
2023-06-30 17:55:59 [booklist] INFO: VALID_ID: 1301347
2023-06-30 17:55:59 [booklist] INFO: VALID_ID: 1309309
2023-06-30 17:55:59 [booklist] INFO: VALID_ID: 8929956
2023-06-30 17:55:59 [booklist] INFO: VALID_ID: 1307214
2023-06-30 17:55:59 [booklist] INFO: VALID_ID: 1304923
2023-06-30 17:55:59 [booklist] INFO: VALID_ID: 2541114
2023-06-30 17:55:59 [booklist] INFO: VALID_ID: 1303924
2023-06-30 17:55:59 [booklist] INFO: VALID_ID: 1313366
2023-06-30 17:55:59 [booklist] INFO: VALID_ID: 1313401
2023-06-30 17:55:59 [booklist] INFO: VALID_ID: 1313410
2023-06-30 17:55:59 [booklist] INFO: VALID_ID: 2585023
2023-06-30 17:55:59 [booklist] INFO: VALID_ID: 1307943
2023-06-30 17:55:59 [booklist] INFO: VALID_ID: 1302705
2023-06-30 17:55:59 [booklist] INFO: VALID_ID: 1303908
2023-06-30 17:55:59 [booklist] INFO: VALID_ID: 1309143
2023-06-30 17:55:59 [booklist] INFO: VALID_ID: 1313380
2023-06-30 17:55:59 [booklist] INFO: VALID_ID: 1304912
2023-06-30 17:55:59 [booklist] INFO: VALID_ID: 1308137
2023-06-30 17:55:59 [booklist] INFO: VALID_ID: 1309292
2023-06-30 17:55:59 [booklist] INFO: VALID_ID: 1310418
2023-06-30 17:55:59 [booklist] INFO: VALID_ID: 1313353
2023-06-30 17:55:59 [booklist] INFO: VALID_ID: 1311923
2023-06-30 17:55:59 [booklist] INFO: VALID_ID: 1305620
2023-06-30 17:55:59 [booklist] INFO: VALID_ID: 1313416
2023-06-30 17:55:59 [booklist] INFO: VALID_ID: 2585024
2023-06-30 17:55:59 [booklist] INFO: VALID_ID: 1312705
2023-06-30 17:55:59 [booklist] INFO: VALID_ID: 9892459
2023-06-30 17:55:59 [booklist] INFO: VALID_ID: 1301322
2023-06-30 17:55:59 [booklist] INFO: VALID_ID: 1308186
2023-06-30 17:55:59 [booklist] INFO: VALID_ID: 1308022
2023-06-30 17:55:59 [booklist] INFO: VALID_ID: 2591516
2023-06-30 17:55:59 [scrapy.core.engine] DEBUG: Crawled (200) <POST https://dl.ndl.go.jp/api/item/search> (referer: https://dl.ndl.go.jp/api/item/search)
2023-06-30 17:55:59 [booklist] INFO: Fetched page 2
2023-06-30 17:55:59 [booklist] INFO: VALID_ID: 1312172
2023-06-30 17:55:59 [booklist] INFO: VALID_ID: 1313351
2023-06-30 17:55:59 [booklist] INFO: VALID_ID: 2591517
2023-06-30 17:55:59 [booklist] INFO: VALID_ID: 1309140
2023-06-30 17:55:59 [booklist] INFO: VALID_ID: 9892543
2023-06-30 17:55:59 [booklist] INFO: VALID_ID: 1308144
2023-06-30 17:55:59 [booklist] INFO: VALID_ID: 1307813
2023-06-30 17:55:59 [booklist] INFO: VALID_ID: 1301764
2023-06-30 17:55:59 [booklist] INFO: VALID_ID: 1308195
2023-06-30 17:55:59 [booklist] INFO: VALID_ID: 2541108
2023-06-30 17:55:59 [booklist] INFO: VALID_ID: 1308137
2023-06-30 17:55:59 [booklist] INFO: VALID_ID: 1308204
2023-06-30 17:55:59 [booklist] INFO: VALID_ID: 1302366
2023-06-30 17:55:59 [booklist] INFO: VALID_ID: 1313398
2023-06-30 17:55:59 [booklist] INFO: VALID_ID: 1312162
2023-06-30 17:55:59 [booklist] INFO: VALID_ID: 1303911
2023-06-30 17:55:59 [booklist] INFO: VALID_ID: 1303905
2023-06-30 17:55:59 [booklist] INFO: VALID_ID: 1308176
2023-06-30 17:55:59 [booklist] INFO: VALID_ID: 1301377
2023-06-30 17:55:59 [booklist] INFO: VALID_ID: 1308175
2023-06-30 17:55:59 [booklist] INFO: VALID_ID: 1303917
2023-06-30 17:55:59 [booklist] INFO: VALID_ID: 1312705
2023-06-30 17:55:59 [booklist] INFO: VALID_ID: 1312559
2023-06-30 17:55:59 [booklist] INFO: VALID_ID: 1307142
2023-06-30 17:55:59 [booklist] INFO: VALID_ID: 1313412
2023-06-30 17:55:59 [booklist] INFO: VALID_ID: 1301503
2023-06-30 17:55:59 [booklist] INFO: VALID_ID: 2591516
2023-06-30 17:55:59 [booklist] INFO: VALID_ID: 1308446
2023-06-30 17:55:59 [booklist] INFO: VALID_ID: 1307793
2023-06-30 17:55:59 [booklist] INFO: VALID_ID: 1311101
2023-06-30 17:55:59 [booklist] INFO: VALID_ID: 1313343
2023-06-30 17:55:59 [booklist] INFO: VALID_ID: 1309081
2023-06-30 17:55:59 [booklist] INFO: VALID_ID: 1309009
2023-06-30 17:55:59 [booklist] INFO: VALID_ID: 2533280
2023-06-30 17:55:59 [booklist] INFO: VALID_ID: 1307092
2023-06-30 17:55:59 [booklist] INFO: VALID_ID: 2611001
2023-06-30 17:55:59 [booklist] INFO: VALID_ID: 2591515
2023-06-30 17:55:59 [booklist] INFO: VALID_ID: 1308167
2023-06-30 17:55:59 [booklist] INFO: VALID_ID: 1312154
2023-06-30 17:55:59 [booklist] INFO: VALID_ID: 2591514
2023-06-30 17:55:59 [booklist] INFO: VALID_ID: 1305182
2023-06-30 17:55:59 [booklist] INFO: VALID_ID: 1313393
2023-06-30 17:55:59 [booklist] INFO: VALID_ID: 1312402
2023-06-30 17:55:59 [booklist] INFO: VALID_ID: 1301776
2023-06-30 17:55:59 [booklist] INFO: VALID_ID: 1309287
2023-06-30 17:55:59 [booklist] INFO: VALID_ID: 1312356
2023-06-30 17:55:59 [booklist] INFO: VALID_ID: 1313394
2023-06-30 17:55:59 [booklist] INFO: VALID_ID: 2533881
2023-06-30 17:55:59 [booklist] INFO: VALID_ID: 1313554
2023-06-30 17:55:59 [booklist] INFO: VALID_ID: 1312197
2023-06-30 17:55:59 [booklist] INFO: VALID_ID: 2538728
2023-06-30 17:55:59 [booklist] INFO: VALID_ID: 1308765
2023-06-30 17:55:59 [booklist] INFO: VALID_ID: 1312407
2023-06-30 17:55:59 [booklist] INFO: VALID_ID: 1312387
2023-06-30 17:55:59 [booklist] INFO: VALID_ID: 1308233
2023-06-30 17:55:59 [booklist] INFO: VALID_ID: 1307809
2023-06-30 17:55:59 [booklist] INFO: VALID_ID: 1312715
2023-06-30 17:55:59 [booklist] INFO: VALID_ID: 1312672
2023-06-30 17:55:59 [booklist] INFO: VALID_ID: 2536836
2023-06-30 17:55:59 [booklist] INFO: VALID_ID: 1309138
2023-06-30 17:55:59 [booklist] INFO: VALID_ID: 1308210
2023-06-30 17:55:59 [booklist] INFO: VALID_ID: 1310854
2023-06-30 17:55:59 [booklist] INFO: VALID_ID: 1307791
2023-06-30 17:55:59 [booklist] INFO: VALID_ID: 2532957
2023-06-30 17:55:59 [booklist] INFO: VALID_ID: 1309035
2023-06-30 17:55:59 [booklist] INFO: VALID_ID: 1311941
2023-06-30 17:55:59 [booklist] INFO: VALID_ID: 2610469
2023-06-30 17:55:59 [booklist] INFO: VALID_ID: 1304066
2023-06-30 17:55:59 [booklist] INFO: VALID_ID: 1311939
2023-06-30 17:55:59 [booklist] INFO: VALID_ID: 1302365
2023-06-30 17:55:59 [booklist] INFO: VALID_ID: 1312368
2023-06-30 17:55:59 [booklist] INFO: VALID_ID: 1311236
2023-06-30 17:55:59 [booklist] INFO: VALID_ID: 2534126
2023-06-30 17:55:59 [booklist] INFO: VALID_ID: 2534302
2023-06-30 17:55:59 [booklist] INFO: VALID_ID: 1309074
2023-06-30 17:55:59 [booklist] INFO: VALID_ID: 9893357
2023-06-30 17:55:59 [booklist] INFO: VALID_ID: 1309087
2023-06-30 17:55:59 [booklist] INFO: VALID_ID: 1303925
2023-06-30 17:55:59 [booklist] INFO: VALID_ID: 1301622
2023-06-30 17:55:59 [booklist] INFO: VALID_ID: 1309086
2023-06-30 17:55:59 [booklist] INFO: VALID_ID: 2540157
2023-06-30 17:55:59 [booklist] INFO: VALID_ID: 1303910
2023-06-30 17:55:59 [booklist] INFO: VALID_ID: 1303915
2023-06-30 17:55:59 [booklist] INFO: VALID_ID: 1301350
2023-06-30 17:55:59 [booklist] INFO: VALID_ID: 1309028
2023-06-30 17:55:59 [booklist] INFO: VALID_ID: 1311766
2023-06-30 17:55:59 [booklist] INFO: VALID_ID: 1309025
2023-06-30 17:55:59 [booklist] INFO: VALID_ID: 9369466
2023-06-30 17:55:59 [booklist] INFO: VALID_ID: 8929855
2023-06-30 17:55:59 [booklist] INFO: VALID_ID: 1308525
2023-06-30 17:55:59 [booklist] INFO: VALID_ID: 1309021
2023-06-30 17:55:59 [booklist] INFO: VALID_ID: 1312707
2023-06-30 17:55:59 [booklist] INFO: VALID_ID: 11446142
2023-06-30 17:55:59 [booklist] INFO: VALID_ID: 1308168
2023-06-30 17:55:59 [booklist] INFO: VALID_ID: 1309032
2023-06-30 17:55:59 [booklist] INFO: VALID_ID: 1312709
2023-06-30 17:55:59 [booklist] INFO: VALID_ID: 1309013
2023-06-30 17:55:59 [booklist] INFO: VALID_ID: 1309023
2023-06-30 17:55:59 [booklist] INFO: VALID_ID: 1311245
2023-06-30 17:55:59 [booklist] INFO: VALID_ID: 1309155
2023-06-30 17:56:00 [scrapy.core.engine] DEBUG: Crawled (200) <POST https://dl.ndl.go.jp/api/item/search> (referer: https://dl.ndl.go.jp/api/item/search)
2023-06-30 17:56:00 [booklist] INFO: Fetched page 3
2023-06-30 17:56:00 [booklist] INFO: VALID_ID: 1309037
2023-06-30 17:56:00 [booklist] INFO: VALID_ID: 1312184
2023-06-30 17:56:00 [booklist] INFO: VALID_ID: 1309090
2023-06-30 17:56:00 [booklist] INFO: VALID_ID: 1303931
2023-06-30 17:56:00 [booklist] INFO: VALID_ID: 1307790
2023-06-30 17:56:00 [booklist] INFO: VALID_ID: 1311236
2023-06-30 17:56:00 [booklist] INFO: VALID_ID: 1307576
2023-06-30 17:56:00 [booklist] INFO: VALID_ID: 2532489
2023-06-30 17:56:00 [booklist] INFO: VALID_ID: 1307710
2023-06-30 17:56:00 [booklist] INFO: VALID_ID: 1309013
2023-06-30 17:56:00 [booklist] INFO: VALID_ID: 1309023
2023-06-30 17:56:00 [booklist] INFO: VALID_ID: 1309039
2023-06-30 17:56:00 [booklist] INFO: VALID_ID: 2606966
2023-06-30 17:56:00 [booklist] INFO: VALID_ID: 2548650
2023-06-30 17:56:00 [booklist] INFO: VALID_ID: 2548652
2023-06-30 17:56:00 [booklist] INFO: VALID_ID: 11446141
2023-06-30 17:56:00 [booklist] INFO: VALID_ID: 1308780
2023-06-30 17:56:00 [booklist] INFO: VALID_ID: 11446143
2023-06-30 17:56:00 [booklist] INFO: VALID_ID: 11446148
2023-06-30 17:56:00 [booklist] INFO: VALID_ID: 2578923
2023-06-30 17:56:00 [booklist] INFO: VALID_ID: 1311967
2023-06-30 17:56:00 [booklist] INFO: VALID_ID: 2533048
2023-06-30 17:56:00 [booklist] INFO: VALID_ID: 2548651
2023-06-30 17:56:00 [booklist] INFO: VALID_ID: 1307739
2023-06-30 17:56:00 [booklist] INFO: VALID_ID: 1308781
2023-06-30 17:56:00 [booklist] INFO: VALID_ID: 1309033
2023-06-30 17:56:00 [booklist] INFO: VALID_ID: 2542889
2023-06-30 17:56:00 [booklist] INFO: VALID_ID: 1309008
2023-06-30 17:56:00 [booklist] INFO: VALID_ID: 1308141
2023-06-30 17:56:00 [booklist] INFO: VALID_ID: 11446149
2023-06-30 17:56:00 [booklist] INFO: VALID_ID: 1312405
2023-06-30 17:56:00 [booklist] INFO: VALID_ID: 1308179
2023-06-30 17:56:00 [booklist] INFO: VALID_ID: 1309030
2023-06-30 17:56:00 [booklist] INFO: VALID_ID: 1303935
2023-06-30 17:56:00 [booklist] INFO: VALID_ID: 1311992
2023-06-30 17:56:00 [booklist] INFO: VALID_ID: 2540155
2023-06-30 17:56:00 [booklist] INFO: VALID_ID: 2606487
2023-06-30 17:56:00 [booklist] INFO: VALID_ID: 2552969
2023-06-30 17:56:00 [booklist] INFO: VALID_ID: 1301504
2023-06-30 17:56:00 [booklist] INFO: VALID_ID: 1303354
2023-06-30 17:56:00 [booklist] INFO: VALID_ID: 1308221
2023-06-30 17:56:00 [booklist] INFO: VALID_ID: 11446665
2023-06-30 17:56:00 [booklist] INFO: VALID_ID: 1305470
2023-06-30 17:56:00 [booklist] INFO: VALID_ID: 11446139
2023-06-30 17:56:00 [booklist] INFO: VALID_ID: 9893105
2023-06-30 17:56:00 [booklist] INFO: VALID_ID: 1312141
2023-06-30 17:56:00 [booklist] INFO: VALID_ID: 8929837
2023-06-30 17:56:00 [booklist] INFO: VALID_ID: 2540156
2023-06-30 17:56:00 [booklist] INFO: VALID_ID: 9892378
2023-06-30 17:56:00 [booklist] INFO: VALID_ID: 11446150
2023-06-30 17:56:00 [booklist] INFO: VALID_ID: 1312360
2023-06-30 17:56:00 [booklist] INFO: VALID_ID: 1307819
2023-06-30 17:56:00 [booklist] INFO: VALID_ID: 2567272
2023-06-30 17:56:00 [booklist] INFO: VALID_ID: 11446137
2023-06-30 17:56:00 [booklist] INFO: VALID_ID: 11446138
2023-06-30 17:56:00 [booklist] INFO: VALID_ID: 11446147
2023-06-30 17:56:00 [booklist] INFO: VALID_ID: 1312710
2023-06-30 17:56:00 [booklist] INFO: VALID_ID: 1304041
2023-06-30 17:56:00 [booklist] INFO: VALID_ID: 1312390
2023-06-30 17:56:00 [booklist] INFO: VALID_ID: 1308189
2023-06-30 17:56:00 [booklist] INFO: VALID_ID: 1308169
2023-06-30 17:56:00 [booklist] INFO: VALID_ID: 2540177
2023-06-30 17:56:00 [booklist] INFO: VALID_ID: 2541006
2023-06-30 17:56:00 [booklist] INFO: VALID_ID: 8929836
2023-06-30 17:56:00 [booklist] INFO: VALID_ID: 11446140
2023-06-30 17:56:00 [booklist] INFO: VALID_ID: 1312381
2023-06-30 17:56:00 [booklist] INFO: VALID_ID: 9893136
2023-06-30 17:56:00 [booklist] INFO: VALID_ID: 2567270
2023-06-30 17:56:00 [booklist] INFO: VALID_ID: 11446144
2023-06-30 17:56:00 [booklist] INFO: VALID_ID: 1308538
2023-06-30 17:56:00 [booklist] INFO: VALID_ID: 2608340
2023-06-30 17:56:00 [booklist] INFO: VALID_ID: 1303934
2023-06-30 17:56:00 [booklist] INFO: VALID_ID: 8929411
2023-06-30 17:56:00 [booklist] INFO: VALID_ID: 11446145
2023-06-30 17:56:00 [booklist] INFO: VALID_ID: 11446146
2023-06-30 17:56:00 [booklist] INFO: VALID_ID: 1313422
2023-06-30 17:56:00 [booklist] INFO: VALID_ID: 1308151
2023-06-30 17:56:00 [booklist] INFO: VALID_ID: 1307196
2023-06-30 17:56:00 [booklist] INFO: VALID_ID: 2542217
2023-06-30 17:56:00 [booklist] INFO: VALID_ID: 1312372
2023-06-30 17:56:00 [booklist] INFO: VALID_ID: 1308213
2023-06-30 17:56:00 [booklist] INFO: VALID_ID: 1311313
2023-06-30 17:56:00 [booklist] INFO: VALID_ID: 11446131
2023-06-30 17:56:00 [booklist] INFO: VALID_ID: 1311484
2023-06-30 17:56:00 [booklist] INFO: VALID_ID: 1301627
2023-06-30 17:56:00 [booklist] INFO: VALID_ID: 11446133
2023-06-30 17:56:00 [booklist] INFO: VALID_ID: 1307213
2023-06-30 17:56:00 [booklist] INFO: VALID_ID: 2567271
2023-06-30 17:56:00 [booklist] INFO: VALID_ID: 1307415
2023-06-30 17:56:00 [booklist] INFO: VALID_ID: 1313323
2023-06-30 17:56:00 [booklist] INFO: VALID_ID: 8929834
2023-06-30 17:56:00 [booklist] INFO: VALID_ID: 1301491
2023-06-30 17:56:00 [booklist] INFO: VALID_ID: 9893040
2023-06-30 17:56:00 [booklist] INFO: VALID_ID: 2605250
2023-06-30 17:56:00 [booklist] INFO: VALID_ID: 9893301
2023-06-30 17:56:00 [booklist] INFO: VALID_ID: 2552968
2023-06-30 17:56:00 [booklist] INFO: VALID_ID: 10301046
2023-06-30 17:56:00 [booklist] INFO: VALID_ID: 1309034
2023-06-30 17:56:00 [booklist] INFO: VALID_ID: 11446136
2023-06-30 17:56:00 [booklist] INFO: VALID_ID: 1308201
2023-06-30 17:56:01 [scrapy.core.engine] DEBUG: Crawled (200) <POST https://dl.ndl.go.jp/api/item/search> (referer: https://dl.ndl.go.jp/api/item/search)
2023-06-30 17:56:01 [booklist] INFO: Fetched page 4
2023-06-30 17:56:01 [booklist] INFO: VALID_ID: 1312144
2023-06-30 17:56:01 [booklist] INFO: VALID_ID: 1303145
2023-06-30 17:56:01 [booklist] INFO: VALID_ID: 2533487
2023-06-30 17:56:01 [booklist] INFO: VALID_ID: 11446132
2023-06-30 17:56:01 [booklist] INFO: VALID_ID: 11446134
2023-06-30 17:56:01 [booklist] INFO: VALID_ID: 1313422
2023-06-30 17:56:01 [booklist] INFO: VALID_ID: 1308202
2023-06-30 17:56:01 [booklist] INFO: VALID_ID: 2541144
2023-06-30 17:56:01 [booklist] INFO: VALID_ID: 10301591
2023-06-30 17:56:01 [booklist] INFO: VALID_ID: 9893129
2023-06-30 17:56:01 [booklist] INFO: VALID_ID: 1312151
2023-06-30 17:56:01 [booklist] INFO: VALID_ID: 1311928
2023-06-30 17:56:01 [booklist] INFO: VALID_ID: 9892832
2023-06-30 17:56:01 [booklist] INFO: VALID_ID: 1313418
2023-06-30 17:56:01 [booklist] INFO: VALID_ID: 1312594
2023-06-30 17:56:01 [booklist] INFO: VALID_ID: 1287445
2023-06-30 17:56:01 [booklist] INFO: VALID_ID: 1287446
2023-06-30 17:56:01 [booklist] INFO: VALID_ID: 1312634
2023-06-30 17:56:01 [booklist] INFO: VALID_ID: 1313421
2023-06-30 17:56:01 [booklist] INFO: VALID_ID: 8929835
2023-06-30 17:56:01 [booklist] INFO: VALID_ID: 1308216
2023-06-30 17:56:01 [booklist] INFO: VALID_ID: 10301450
2023-06-30 17:56:01 [booklist] INFO: VALID_ID: 1309092
2023-06-30 17:56:01 [booklist] INFO: VALID_ID: 1307570
2023-06-30 17:56:01 [booklist] INFO: VALID_ID: 1308783
2023-06-30 17:56:01 [booklist] INFO: VALID_ID: 1310869
2023-06-30 17:56:01 [booklist] INFO: VALID_ID: 1308196
2023-06-30 17:56:01 [booklist] INFO: VALID_ID: 1302544
2023-06-30 17:56:01 [booklist] INFO: VALID_ID: 1301344
2023-06-30 17:56:01 [booklist] INFO: VALID_ID: 1308201
2023-06-30 17:56:01 [booklist] INFO: VALID_ID: 1308628
2023-06-30 17:56:01 [booklist] INFO: VALID_ID: 1310416
2023-06-30 17:56:01 [booklist] INFO: VALID_ID: 1313260
2023-06-30 17:56:01 [booklist] INFO: VALID_ID: 1304611
2023-06-30 17:56:01 [booklist] INFO: VALID_ID: 2533274
2023-06-30 17:56:01 [booklist] INFO: VALID_ID: 1312676
2023-06-30 17:56:01 [booklist] INFO: VALID_ID: 1309061
2023-06-30 17:56:01 [booklist] INFO: VALID_ID: 1313253
2023-06-30 17:56:01 [booklist] INFO: VALID_ID: 1307577
2023-06-30 17:56:01 [booklist] INFO: VALID_ID: 1288467
2023-06-30 17:56:01 [booklist] INFO: VALID_ID: 1311294
2023-06-30 17:56:01 [booklist] INFO: VALID_ID: 2540154
2023-06-30 17:56:01 [booklist] INFO: VALID_ID: 1313356
2023-06-30 17:56:01 [booklist] INFO: VALID_ID: 1307998
2023-06-30 17:56:01 [booklist] INFO: VALID_ID: 1313249
2023-06-30 17:56:01 [booklist] INFO: VALID_ID: 1313252
2023-06-30 17:56:01 [booklist] INFO: VALID_ID: 1310425
2023-06-30 17:56:01 [booklist] INFO: VALID_ID: 1312830
2023-06-30 17:56:01 [booklist] INFO: VALID_ID: 1311797
2023-06-30 17:56:01 [booklist] INFO: VALID_ID: 1302784
2023-06-30 17:56:01 [booklist] INFO: VALID_ID: 1306919
2023-06-30 17:56:01 [booklist] INFO: VALID_ID: 10301208
2023-06-30 17:56:01 [booklist] INFO: VALID_ID: 2537259
2023-06-30 17:56:01 [booklist] INFO: VALID_ID: 8929695
2023-06-30 17:56:01 [booklist] INFO: VALID_ID: 2605695
2023-06-30 17:56:01 [booklist] INFO: VALID_ID: 1303981
2023-06-30 17:56:01 [booklist] INFO: VALID_ID: 1309078
2023-06-30 17:56:01 [booklist] INFO: VALID_ID: 9369465
2023-06-30 17:56:01 [booklist] INFO: VALID_ID: 2547737
2023-06-30 17:56:01 [booklist] INFO: VALID_ID: 1308001
2023-06-30 17:56:01 [booklist] INFO: VALID_ID: 2606117
2023-06-30 17:56:01 [booklist] INFO: VALID_ID: 10301537
2023-06-30 17:56:01 [booklist] INFO: VALID_ID: 10303555
2023-06-30 17:56:01 [booklist] INFO: VALID_ID: 1304254
2023-06-30 17:56:01 [booklist] INFO: VALID_ID: 1313274
2023-06-30 17:56:01 [booklist] INFO: VALID_ID: 1307575
2023-06-30 17:56:01 [booklist] INFO: VALID_ID: 1313261
2023-06-30 17:56:01 [booklist] INFO: VALID_ID: 1307995
2023-06-30 17:56:01 [booklist] INFO: VALID_ID: 1301787
2023-06-30 17:56:01 [booklist] INFO: VALID_ID: 1307999
2023-06-30 17:56:01 [booklist] INFO: VALID_ID: 2554647
2023-06-30 17:56:01 [booklist] INFO: VALID_ID: 1301931
2023-06-30 17:56:01 [booklist] INFO: VALID_ID: 1303371
2023-06-30 17:56:01 [booklist] INFO: VALID_ID: 1304046
2023-06-30 17:56:01 [booklist] INFO: VALID_ID: 1313262
2023-06-30 17:56:01 [booklist] INFO: VALID_ID: 1312393
2023-06-30 17:56:01 [booklist] INFO: VALID_ID: 1312391
2023-06-30 17:56:01 [booklist] INFO: VALID_ID: 1304610
2023-06-30 17:56:01 [booklist] INFO: VALID_ID: 2554648
2023-06-30 17:56:01 [booklist] INFO: VALID_ID: 1307993
2023-06-30 17:56:01 [booklist] INFO: VALID_ID: 1308158
2023-06-30 17:56:01 [booklist] INFO: VALID_ID: 1312376
2023-06-30 17:56:01 [booklist] INFO: VALID_ID: 1307992
2023-06-30 17:56:01 [booklist] INFO: VALID_ID: 1307996
2023-06-30 17:56:01 [booklist] INFO: VALID_ID: 1307997
2023-06-30 17:56:01 [booklist] INFO: VALID_ID: 1308217
2023-06-30 17:56:01 [booklist] INFO: VALID_ID: 1301789
2023-06-30 17:56:01 [booklist] INFO: VALID_ID: 1313327
2023-06-30 17:56:01 [booklist] INFO: VALID_ID: 1311947
2023-06-30 17:56:01 [booklist] INFO: VALID_ID: 1301338
2023-06-30 17:56:01 [booklist] INFO: VALID_ID: 1307994
2023-06-30 17:56:01 [booklist] INFO: VALID_ID: 1311273
2023-06-30 17:56:01 [booklist] INFO: VALID_ID: 8929312
2023-06-30 17:56:01 [booklist] INFO: VALID_ID: 1310202
2023-06-30 17:56:01 [booklist] INFO: VALID_ID: 1313263
2023-06-30 17:56:01 [booklist] INFO: VALID_ID: 8929306
2023-06-30 17:56:01 [booklist] INFO: VALID_ID: 1312702
2023-06-30 17:56:01 [booklist] INFO: VALID_ID: 1312365
2023-06-30 17:56:01 [booklist] INFO: VALID_ID: 1301766
2023-06-30 17:56:01 [booklist] INFO: VALID_ID: 1308560
2023-06-30 17:56:01 [scrapy.core.engine] DEBUG: Crawled (200) <POST https://dl.ndl.go.jp/api/item/search> (referer: https://dl.ndl.go.jp/api/item/search)
2023-06-30 17:56:01 [booklist] INFO: Fetched page 5
2023-06-30 17:56:01 [booklist] INFO: VALID_ID: 1301766
2023-06-30 17:56:01 [booklist] INFO: VALID_ID: 1308560
2023-06-30 17:56:01 [booklist] INFO: VALID_ID: 1303797
2023-06-30 17:56:01 [booklist] INFO: VALID_ID: 1311926
2023-06-30 17:56:01 [booklist] INFO: VALID_ID: 1287869
2023-06-30 17:56:01 [booklist] INFO: VALID_ID: 1301775
2023-06-30 17:56:01 [booklist] INFO: VALID_ID: 1308198
2023-06-30 17:56:01 [booklist] INFO: VALID_ID: 1301783
2023-06-30 17:56:01 [booklist] INFO: VALID_ID: 1303811
2023-06-30 17:56:01 [booklist] INFO: VALID_ID: 1304972
2023-06-30 17:56:01 [booklist] INFO: VALID_ID: 1303815
2023-06-30 17:56:01 [booklist] INFO: VALID_ID: 1303146
2023-06-30 17:56:01 [booklist] INFO: VALID_ID: 1308563
2023-06-30 17:56:01 [booklist] INFO: VALID_ID: 1308589
2023-06-30 17:56:01 [booklist] INFO: VALID_ID: 1304915
2023-06-30 17:56:01 [booklist] INFO: VALID_ID: 1311970
2023-06-30 17:56:01 [booklist] INFO: VALID_ID: 1313259
2023-06-30 17:56:01 [booklist] INFO: VALID_ID: 2538421
2023-06-30 17:56:01 [booklist] INFO: VALID_ID: 1304608
2023-06-30 17:56:01 [booklist] INFO: VALID_ID: 1304034
2023-06-30 17:56:01 [booklist] INFO: VALID_ID: 1308000
2023-06-30 17:56:01 [booklist] INFO: VALID_ID: 1312682
2023-06-30 17:56:01 [booklist] INFO: VALID_ID: 1311961
2023-06-30 17:56:01 [booklist] INFO: VALID_ID: 1308199
2023-06-30 17:56:01 [booklist] INFO: VALID_ID: 8929306
2023-06-30 17:56:01 [booklist] INFO: VALID_ID: 1312696
2023-06-30 17:56:01 [booklist] INFO: VALID_ID: 10303554
2023-06-30 17:56:01 [booklist] INFO: VALID_ID: 1301343
2023-06-30 17:56:01 [booklist] INFO: VALID_ID: 1311948
2023-06-30 17:56:01 [booklist] INFO: VALID_ID: 2534263
2023-06-30 17:56:01 [booklist] INFO: VALID_ID: 8929510
2023-06-30 17:56:01 [booklist] INFO: VALID_ID: 1302041
2023-06-30 17:56:01 [booklist] INFO: VALID_ID: 1303897
2023-06-30 17:56:01 [booklist] INFO: VALID_ID: 1304253
2023-06-30 17:56:01 [booklist] INFO: VALID_ID: 1303802
2023-06-30 17:56:01 [booklist] INFO: VALID_ID: 1303169
2023-06-30 17:56:01 [booklist] INFO: VALID_ID: 1307148
2023-06-30 17:56:01 [booklist] INFO: VALID_ID: 1306000
2023-06-30 17:56:01 [booklist] INFO: VALID_ID: 1301637
2023-06-30 17:56:01 [booklist] INFO: VALID_ID: 1304048
2023-06-30 17:56:01 [booklist] INFO: VALID_ID: 1302772
2023-06-30 17:56:01 [booklist] INFO: VALID_ID: 1310200
2023-06-30 17:56:01 [booklist] INFO: VALID_ID: 1312675
2023-06-30 17:56:01 [booklist] INFO: VALID_ID: 1313327
2023-06-30 17:56:01 [booklist] INFO: VALID_ID: 1301846
2023-06-30 17:56:01 [booklist] INFO: VALID_ID: 1311284
2023-06-30 17:56:01 [booklist] INFO: VALID_ID: 1308591
2023-06-30 17:56:01 [booklist] INFO: VALID_ID: 1310812
2023-06-30 17:56:01 [booklist] INFO: VALID_ID: 10301401
2023-06-30 17:56:01 [booklist] INFO: VALID_ID: 1312681
2023-06-30 17:56:01 [booklist] INFO: VALID_ID: 1312695
2023-06-30 17:56:01 [booklist] INFO: VALID_ID: 1301412
2023-06-30 17:56:01 [booklist] INFO: VALID_ID: 10303837
2023-06-30 17:56:01 [booklist] INFO: VALID_ID: 1301500
2023-06-30 17:56:01 [booklist] INFO: VALID_ID: 1308580
2023-06-30 17:56:01 [booklist] INFO: VALID_ID: 1312395
2023-06-30 17:56:01 [booklist] INFO: VALID_ID: 1308238
2023-06-30 17:56:01 [booklist] INFO: VALID_ID: 1312633
2023-06-30 17:56:01 [booklist] INFO: VALID_ID: 2540146
2023-06-30 17:56:01 [booklist] INFO: VALID_ID: 10303556
2023-06-30 17:56:01 [booklist] INFO: VALID_ID: 1308564
2023-06-30 17:56:01 [booklist] INFO: VALID_ID: 1307742
2023-06-30 17:56:01 [booklist] INFO: VALID_ID: 1310431
2023-06-30 17:56:01 [booklist] INFO: VALID_ID: 1312753
2023-06-30 17:56:01 [booklist] INFO: VALID_ID: 10301609
2023-06-30 17:56:01 [booklist] INFO: VALID_ID: 1313284
2023-06-30 17:56:01 [booklist] INFO: VALID_ID: 1311934
2023-06-30 17:56:01 [booklist] INFO: VALID_ID: 1304876
2023-06-30 17:56:01 [booklist] INFO: VALID_ID: 10303912
2023-06-30 17:56:01 [booklist] INFO: VALID_ID: 1307743
2023-06-30 17:56:01 [booklist] INFO: VALID_ID: 1301356
2023-06-30 17:56:01 [booklist] INFO: VALID_ID: 1302757
2023-06-30 17:56:01 [booklist] INFO: VALID_ID: 1304292
2023-06-30 17:56:01 [booklist] INFO: VALID_ID: 1308569
2023-06-30 17:56:01 [booklist] INFO: VALID_ID: 1308023
2023-06-30 17:56:01 [booklist] INFO: VALID_ID: 1302732
2023-06-30 17:56:01 [booklist] INFO: VALID_ID: 1312624
2023-06-30 17:56:01 [booklist] INFO: VALID_ID: 1305377
2023-06-30 17:56:01 [booklist] INFO: VALID_ID: 1303812
2023-06-30 17:56:01 [booklist] INFO: VALID_ID: 1301738
2023-06-30 17:56:01 [booklist] INFO: VALID_ID: 1311784
2023-06-30 17:56:01 [booklist] INFO: VALID_ID: 1306141
2023-06-30 17:56:01 [booklist] INFO: VALID_ID: 1301920
2023-06-30 17:56:01 [booklist] INFO: VALID_ID: 1311781
2023-06-30 17:56:01 [booklist] INFO: VALID_ID: 1306605
2023-06-30 17:56:01 [booklist] INFO: VALID_ID: 1312913
2023-06-30 17:56:01 [booklist] INFO: VALID_ID: 1309128
2023-06-30 17:56:01 [booklist] INFO: VALID_ID: 1303204
2023-06-30 17:56:01 [booklist] INFO: VALID_ID: 10303999
2023-06-30 17:56:01 [booklist] INFO: VALID_ID: 10303839
2023-06-30 17:56:01 [booklist] INFO: VALID_ID: 1307203
2023-06-30 17:56:01 [booklist] INFO: VALID_ID: 1308582
2023-06-30 17:56:01 [booklist] INFO: VALID_ID: 10303501
2023-06-30 17:56:01 [booklist] INFO: VALID_ID: 1303820
2023-06-30 17:56:01 [booklist] INFO: VALID_ID: 1304050
2023-06-30 17:56:01 [booklist] INFO: VALID_ID: 1303994
2023-06-30 17:56:01 [booklist] INFO: VALID_ID: 1312155
2023-06-30 17:56:01 [booklist] INFO: VALID_ID: 1301345
2023-06-30 17:56:01 [booklist] INFO: VALID_ID: 1313417
2023-06-30 17:56:01 [booklist] INFO: VALID_ID: 1312751
2023-06-30 17:56:02 [scrapy.core.engine] DEBUG: Crawled (200) <POST https://dl.ndl.go.jp/api/item/search> (referer: https://dl.ndl.go.jp/api/item/search)
2023-06-30 17:56:02 [booklist] INFO: Fetched page 6
2023-06-30 17:56:02 [booklist] INFO: VALID_ID: 1303169
2023-06-30 17:56:02 [booklist] INFO: VALID_ID: 1309119
2023-06-30 17:56:02 [booklist] INFO: VALID_ID: 1301356
2023-06-30 17:56:02 [booklist] INFO: VALID_ID: 1303204
2023-06-30 17:56:02 [booklist] INFO: VALID_ID: 10303999
2023-06-30 17:56:02 [booklist] INFO: VALID_ID: 10303839
2023-06-30 17:56:02 [booklist] INFO: VALID_ID: 10303500
2023-06-30 17:56:02 [booklist] INFO: VALID_ID: 1308570
2023-06-30 17:56:02 [booklist] INFO: VALID_ID: 1301526
2023-06-30 17:56:02 [booklist] INFO: VALID_ID: 1308562
2023-06-30 17:56:02 [booklist] INFO: VALID_ID: 1303986
2023-06-30 17:56:02 [booklist] INFO: VALID_ID: 1307743
2023-06-30 17:56:02 [booklist] INFO: VALID_ID: 1301351
2023-06-30 17:56:02 [booklist] INFO: VALID_ID: 1306013
2023-06-30 17:56:02 [booklist] INFO: VALID_ID: 1309128
2023-06-30 17:56:02 [booklist] INFO: VALID_ID: 1301345
2023-06-30 17:56:02 [booklist] INFO: VALID_ID: 10303836
2023-06-30 17:56:02 [booklist] INFO: VALID_ID: 1308627
2023-06-30 17:56:02 [booklist] INFO: VALID_ID: 1307801
2023-06-30 17:56:02 [booklist] INFO: VALID_ID: 1307668
2023-06-30 17:56:02 [booklist] INFO: VALID_ID: 1306003
2023-06-30 17:56:02 [booklist] INFO: VALID_ID: 1307195
2023-06-30 17:56:02 [booklist] INFO: VALID_ID: 1308163
2023-06-30 17:56:02 [booklist] INFO: VALID_ID: 1308581
2023-06-30 17:56:02 [booklist] INFO: VALID_ID: 10303838
2023-06-30 17:56:02 [booklist] INFO: VALID_ID: 10301000
2023-06-30 17:56:02 [booklist] INFO: VALID_ID: 10303952
2023-06-30 17:56:02 [booklist] INFO: VALID_ID: 1303149
2023-06-30 17:56:02 [booklist] INFO: VALID_ID: 1307560
2023-06-30 17:56:02 [booklist] INFO: VALID_ID: 1304040
2023-06-30 17:56:02 [booklist] INFO: VALID_ID: 1312750
2023-06-30 17:56:02 [booklist] INFO: VALID_ID: 1301340
2023-06-30 17:56:02 [booklist] INFO: VALID_ID: 1312554
2023-06-30 17:56:02 [booklist] INFO: VALID_ID: 1313387
2023-06-30 17:56:02 [booklist] INFO: VALID_ID: 1303343
2023-06-30 17:56:02 [booklist] INFO: VALID_ID: 1313333
2023-06-30 17:56:02 [booklist] INFO: VALID_ID: 1313382
2023-06-30 17:56:02 [booklist] INFO: VALID_ID: 1310105
2023-06-30 17:56:02 [booklist] INFO: VALID_ID: 1313334
2023-06-30 17:56:02 [booklist] INFO: VALID_ID: 1311298
2023-06-30 17:56:02 [booklist] INFO: VALID_ID: 1307805
2023-06-30 17:56:02 [booklist] INFO: VALID_ID: 1307842
2023-06-30 17:56:02 [booklist] INFO: VALID_ID: 1308012
2023-06-30 17:56:02 [booklist] INFO: VALID_ID: 1313420
2023-06-30 17:56:02 [booklist] INFO: VALID_ID: 1307818
2023-06-30 17:56:02 [booklist] INFO: VALID_ID: 1313383
2023-06-30 17:56:02 [booklist] INFO: VALID_ID: 1313384
2023-06-30 17:56:02 [booklist] INFO: VALID_ID: 1308588
2023-06-30 17:56:02 [booklist] INFO: VALID_ID: 1309217
2023-06-30 17:56:02 [booklist] INFO: VALID_ID: 1307216
2023-06-30 17:56:02 [booklist] INFO: VALID_ID: 1309266
2023-06-30 17:56:02 [booklist] INFO: VALID_ID: 1301777
2023-06-30 17:56:02 [booklist] INFO: VALID_ID: 1311901
2023-06-30 17:56:02 [booklist] INFO: VALID_ID: 1312961
2023-06-30 17:56:02 [booklist] INFO: VALID_ID: 1311279
2023-06-30 17:56:02 [booklist] INFO: VALID_ID: 1302754
2023-06-30 17:56:02 [booklist] INFO: VALID_ID: 1303995
2023-06-30 17:56:02 [booklist] INFO: VALID_ID: 1306622
2023-06-30 17:56:02 [booklist] INFO: VALID_ID: 1310421
2023-06-30 17:56:02 [booklist] INFO: VALID_ID: 1303142
2023-06-30 17:56:02 [booklist] INFO: VALID_ID: 2537589
2023-06-30 17:56:02 [booklist] INFO: VALID_ID: 1308228
2023-06-30 17:56:02 [booklist] INFO: VALID_ID: 1302706
2023-06-30 17:56:02 [booklist] INFO: VALID_ID: 1311086
2023-06-30 17:56:02 [booklist] INFO: VALID_ID: 1307116
2023-06-30 17:56:02 [booklist] INFO: VALID_ID: 1308571
2023-06-30 17:56:02 [booklist] INFO: VALID_ID: 1304039
2023-06-30 17:56:02 [booklist] INFO: VALID_ID: 1307171
2023-06-30 17:56:02 [booklist] INFO: VALID_ID: 1311150
2023-06-30 17:56:02 [booklist] INFO: VALID_ID: 1312826
2023-06-30 17:56:02 [booklist] INFO: VALID_ID: 1311213
2023-06-30 17:56:02 [booklist] INFO: VALID_ID: 1307128
2023-06-30 17:56:02 [booklist] INFO: VALID_ID: 1301917
2023-06-30 17:56:02 [booklist] INFO: VALID_ID: 1310112
2023-06-30 17:56:02 [booklist] INFO: VALID_ID: 1301529
2023-06-30 17:56:02 [booklist] INFO: VALID_ID: 1307687
2023-06-30 17:56:02 [booklist] INFO: VALID_ID: 1310205
2023-06-30 17:56:02 [booklist] INFO: VALID_ID: 1307267
2023-06-30 17:56:02 [booklist] INFO: VALID_ID: 1310271
2023-06-30 17:56:02 [booklist] INFO: VALID_ID: 1307558
2023-06-30 17:56:02 [booklist] INFO: VALID_ID: 1307794
2023-06-30 17:56:02 [booklist] INFO: VALID_ID: 1311081
2023-06-30 17:56:02 [booklist] INFO: VALID_ID: 1307815
2023-06-30 17:56:02 [booklist] INFO: VALID_ID: 1307820
2023-06-30 17:56:02 [booklist] INFO: VALID_ID: 1307169
2023-06-30 17:56:02 [booklist] INFO: VALID_ID: 1308590
2023-06-30 17:56:02 [booklist] INFO: VALID_ID: 1305386
2023-06-30 17:56:02 [booklist] INFO: VALID_ID: 1310983
2023-06-30 17:56:02 [booklist] INFO: VALID_ID: 1313460
2023-06-30 17:56:02 [booklist] INFO: VALID_ID: 1311314
2023-06-30 17:56:02 [booklist] INFO: VALID_ID: 1311532
2023-06-30 17:56:02 [booklist] INFO: VALID_ID: 1309641
2023-06-30 17:56:02 [booklist] INFO: VALID_ID: 1310192
2023-06-30 17:56:02 [booklist] INFO: VALID_ID: 1311265
2023-06-30 17:56:02 [booklist] INFO: VALID_ID: 1312921
2023-06-30 17:56:02 [booklist] INFO: VALID_ID: 1303381
2023-06-30 17:56:02 [booklist] INFO: VALID_ID: 1312186
2023-06-30 17:56:02 [booklist] INFO: VALID_ID: 1311178
2023-06-30 17:56:02 [booklist] INFO: VALID_ID: 1307172
2023-06-30 17:56:02 [booklist] INFO: VALID_ID: 1311949
2023-06-30 17:56:02 [scrapy.core.engine] DEBUG: Crawled (200) <POST https://dl.ndl.go.jp/api/item/search> (referer: https://dl.ndl.go.jp/api/item/search)
2023-06-30 17:56:02 [booklist] INFO: Fetched page 7
2023-06-30 17:56:02 [booklist] INFO: VALID_ID: 1307128
2023-06-30 17:56:02 [booklist] INFO: VALID_ID: 1311949
2023-06-30 17:56:02 [booklist] INFO: VALID_ID: 1307138
2023-06-30 17:56:02 [booklist] INFO: VALID_ID: 1310205
2023-06-30 17:56:02 [booklist] INFO: VALID_ID: 1310271
2023-06-30 17:56:02 [booklist] INFO: VALID_ID: 1307170
2023-06-30 17:56:02 [booklist] INFO: VALID_ID: 1309256
2023-06-30 17:56:02 [booklist] INFO: VALID_ID: 1312849
2023-06-30 17:56:02 [booklist] INFO: VALID_ID: 1312012
2023-06-30 17:56:02 [booklist] INFO: VALID_ID: 1305253
2023-06-30 17:56:02 [booklist] INFO: VALID_ID: 10301791
2023-06-30 17:56:02 [booklist] INFO: VALID_ID: 1307099
2023-06-30 17:56:02 [booklist] INFO: VALID_ID: 1305307
2023-06-30 17:56:02 [booklist] INFO: VALID_ID: 1307821
2023-06-30 17:56:02 [booklist] INFO: VALID_ID: 1307569
2023-06-30 17:56:02 [booklist] INFO: VALID_ID: 1303381
2023-06-30 17:56:02 [booklist] INFO: VALID_ID: 1312186
2023-06-30 17:56:02 [booklist] INFO: VALID_ID: 1308651
2023-06-30 17:56:02 [booklist] INFO: VALID_ID: 1311912
2023-06-30 17:56:02 [booklist] INFO: VALID_ID: 1309262
2023-06-30 17:56:02 [booklist] INFO: VALID_ID: 1310861
2023-06-30 17:56:02 [booklist] INFO: VALID_ID: 1307563
2023-06-30 17:56:02 [booklist] INFO: VALID_ID: 1305329
2023-06-30 17:56:02 [booklist] INFO: VALID_ID: 1308532
2023-06-30 17:56:02 [booklist] INFO: VALID_ID: 1311532
2023-06-30 17:56:02 [booklist] INFO: VALID_ID: 1311180
2023-06-30 17:56:02 [booklist] INFO: VALID_ID: 1301319
2023-06-30 17:56:02 [booklist] INFO: VALID_ID: 1301886
2023-06-30 17:56:02 [booklist] INFO: VALID_ID: 1307102
2023-06-30 17:56:02 [booklist] INFO: VALID_ID: 1310819
2023-06-30 17:56:02 [booklist] INFO: VALID_ID: 1305206
2023-06-30 17:56:02 [booklist] INFO: VALID_ID: 1306426
2023-06-30 17:56:02 [booklist] INFO: VALID_ID: 1310093
2023-06-30 17:56:02 [booklist] INFO: VALID_ID: 1311161
2023-06-30 17:56:02 [booklist] INFO: VALID_ID: 1309243
2023-06-30 17:56:02 [booklist] INFO: VALID_ID: 1310957
2023-06-30 17:56:02 [booklist] INFO: VALID_ID: 1310845
2023-06-30 17:56:02 [booklist] INFO: VALID_ID: 1312011
2023-06-30 17:56:02 [booklist] INFO: VALID_ID: 1307134
2023-06-30 17:56:02 [booklist] INFO: VALID_ID: 1307095
2023-06-30 17:56:02 [booklist] INFO: VALID_ID: 1307812
2023-06-30 17:56:02 [booklist] INFO: VALID_ID: 1310844
2023-06-30 17:56:02 [booklist] INFO: VALID_ID: 1309249
2023-06-30 17:56:02 [booklist] INFO: VALID_ID: 1305647
2023-06-30 17:56:02 [booklist] INFO: VALID_ID: 1311290
2023-06-30 17:56:02 [booklist] INFO: VALID_ID: 1307227
2023-06-30 17:56:02 [booklist] INFO: VALID_ID: 1313542
2023-06-30 17:56:02 [booklist] INFO: VALID_ID: 1307777
2023-06-30 17:56:02 [booklist] INFO: VALID_ID: 1310835
2023-06-30 17:56:02 [booklist] INFO: VALID_ID: 1305317
2023-06-30 17:56:02 [booklist] INFO: VALID_ID: 1312561
2023-06-30 17:56:02 [booklist] INFO: VALID_ID: 1308644
2023-06-30 17:56:02 [booklist] INFO: VALID_ID: 1311078
2023-06-30 17:56:02 [booklist] INFO: VALID_ID: 1307718
2023-06-30 17:56:02 [booklist] INFO: VALID_ID: 1308190
2023-06-30 17:56:02 [booklist] INFO: VALID_ID: 1305367
2023-06-30 17:56:02 [booklist] INFO: VALID_ID: 1311128
2023-06-30 17:56:02 [booklist] INFO: VALID_ID: 1301415
2023-06-30 17:56:02 [booklist] INFO: VALID_ID: 2532955
2023-06-30 17:56:02 [booklist] INFO: VALID_ID: 1301342
2023-06-30 17:56:02 [booklist] INFO: VALID_ID: 1301346
2023-06-30 17:56:02 [booklist] INFO: VALID_ID: 1311096
2023-06-30 17:56:02 [booklist] INFO: VALID_ID: 1313342
2023-06-30 17:56:02 [booklist] INFO: VALID_ID: 1307120
2023-06-30 17:56:02 [booklist] INFO: VALID_ID: 1307132
2023-06-30 17:56:02 [booklist] INFO: VALID_ID: 1311974
2023-06-30 17:56:02 [booklist] INFO: VALID_ID: 1305190
2023-06-30 17:56:02 [booklist] INFO: VALID_ID: 1307115
2023-06-30 17:56:02 [booklist] INFO: VALID_ID: 1307167
2023-06-30 17:56:02 [booklist] INFO: VALID_ID: 1310804
2023-06-30 17:56:02 [booklist] INFO: VALID_ID: 1307096
2023-06-30 17:56:02 [booklist] INFO: VALID_ID: 1301378
2023-06-30 17:56:02 [booklist] INFO: VALID_ID: 1305347
2023-06-30 17:56:02 [booklist] INFO: VALID_ID: 1312009
2023-06-30 17:56:02 [booklist] INFO: VALID_ID: 1307107
2023-06-30 17:56:02 [booklist] INFO: VALID_ID: 1311920
2023-06-30 17:56:02 [booklist] INFO: VALID_ID: 1311127
2023-06-30 17:56:02 [booklist] INFO: VALID_ID: 1311989
2023-06-30 17:56:02 [booklist] INFO: VALID_ID: 1307717
2023-06-30 17:56:02 [booklist] INFO: VALID_ID: 1310837
2023-06-30 17:56:02 [booklist] INFO: VALID_ID: 1307191
2023-06-30 17:56:02 [booklist] INFO: VALID_ID: 1311485
2023-06-30 17:56:02 [booklist] INFO: VALID_ID: 1305313
2023-06-30 17:56:02 [booklist] INFO: VALID_ID: 1313344
2023-06-30 17:56:02 [booklist] INFO: VALID_ID: 1310971
2023-06-30 17:56:02 [booklist] INFO: VALID_ID: 1307740
2023-06-30 17:56:02 [booklist] INFO: VALID_ID: 1311092
2023-06-30 17:56:02 [booklist] INFO: VALID_ID: 1307133
2023-06-30 17:56:02 [booklist] INFO: VALID_ID: 1312542
2023-06-30 17:56:02 [booklist] INFO: VALID_ID: 1305310
2023-06-30 17:56:02 [booklist] INFO: VALID_ID: 1311119
2023-06-30 17:56:02 [booklist] INFO: VALID_ID: 1302717
2023-06-30 17:56:02 [booklist] INFO: VALID_ID: 1312464
2023-06-30 17:56:02 [booklist] INFO: VALID_ID: 1307802
2023-06-30 17:56:02 [booklist] INFO: VALID_ID: 1310833
2023-06-30 17:56:02 [booklist] INFO: VALID_ID: 1311288
2023-06-30 17:56:02 [booklist] INFO: VALID_ID: 1307204
2023-06-30 17:56:02 [booklist] INFO: VALID_ID: 1307127
2023-06-30 17:56:02 [booklist] INFO: VALID_ID: 1312846
2023-06-30 17:56:02 [booklist] INFO: VALID_ID: 1310962
2023-06-30 17:56:03 [scrapy.core.engine] DEBUG: Crawled (200) <POST https://dl.ndl.go.jp/api/item/search> (referer: https://dl.ndl.go.jp/api/item/search)
2023-06-30 17:56:03 [booklist] INFO: Fetched page 8
2023-06-30 17:56:03 [booklist] INFO: VALID_ID: 1301378
2023-06-30 17:56:03 [booklist] INFO: VALID_ID: 1305347
2023-06-30 17:56:03 [booklist] INFO: VALID_ID: 1312009
2023-06-30 17:56:03 [booklist] INFO: VALID_ID: 1310962
2023-06-30 17:56:03 [booklist] INFO: VALID_ID: 1307106
2023-06-30 17:56:03 [booklist] INFO: VALID_ID: 1311902
2023-06-30 17:56:03 [booklist] INFO: VALID_ID: 1312204
2023-06-30 17:56:03 [booklist] INFO: VALID_ID: 1307191
2023-06-30 17:56:03 [booklist] INFO: VALID_ID: 1301497
2023-06-30 17:56:03 [booklist] INFO: VALID_ID: 1301502
2023-06-30 17:56:03 [booklist] INFO: VALID_ID: 1308587
2023-06-30 17:56:03 [booklist] INFO: VALID_ID: 1305359
2023-06-30 17:56:03 [booklist] INFO: VALID_ID: 1312757
2023-06-30 17:56:03 [booklist] INFO: VALID_ID: 9369494
2023-06-30 17:56:03 [booklist] INFO: VALID_ID: 1307155
2023-06-30 17:56:03 [booklist] INFO: VALID_ID: 1309263
2023-06-30 17:56:03 [booklist] INFO: VALID_ID: 1308634
2023-06-30 17:56:03 [booklist] INFO: VALID_ID: 1312011
2023-06-30 17:56:03 [booklist] INFO: VALID_ID: 1312542
2023-06-30 17:56:03 [booklist] INFO: VALID_ID: 1303341
2023-06-30 17:56:03 [booklist] INFO: VALID_ID: 1305198
2023-06-30 17:56:03 [booklist] INFO: VALID_ID: 9369493
2023-06-30 17:56:03 [booklist] INFO: VALID_ID: 1302765
2023-06-30 17:56:03 [booklist] INFO: VALID_ID: 1301495
2023-06-30 17:56:03 [booklist] INFO: VALID_ID: 1308225
2023-06-30 17:56:03 [booklist] INFO: VALID_ID: 1311911
2023-06-30 17:56:03 [booklist] INFO: VALID_ID: 1305349
2023-06-30 17:56:03 [booklist] INFO: VALID_ID: 1307131
2023-06-30 17:56:03 [booklist] INFO: VALID_ID: 1310977
2023-06-30 17:56:03 [booklist] INFO: VALID_ID: 1311295
2023-06-30 17:56:03 [booklist] INFO: VALID_ID: 1310980
2023-06-30 17:56:03 [booklist] INFO: VALID_ID: 1307727
2023-06-30 17:56:03 [booklist] INFO: VALID_ID: 9369498
2023-06-30 17:56:03 [booklist] INFO: VALID_ID: 1301355
2023-06-30 17:56:03 [booklist] INFO: VALID_ID: 1307100
2023-06-30 17:56:03 [booklist] INFO: VALID_ID: 1308574
2023-06-30 17:56:03 [booklist] INFO: VALID_ID: 1312677
2023-06-30 17:56:03 [booklist] INFO: VALID_ID: 1307164
2023-06-30 17:56:03 [booklist] INFO: VALID_ID: 2537577
2023-06-30 17:56:03 [booklist] INFO: VALID_ID: 1307829
2023-06-30 17:56:03 [booklist] INFO: VALID_ID: 1302787
2023-06-30 17:56:03 [booklist] INFO: VALID_ID: 1307206
2023-06-30 17:56:03 [booklist] INFO: VALID_ID: 1303949
2023-06-30 17:56:03 [booklist] INFO: VALID_ID: 1311916
2023-06-30 17:56:03 [booklist] INFO: VALID_ID: 1307181
2023-06-30 17:56:03 [booklist] INFO: VALID_ID: 1311064
2023-06-30 17:56:03 [booklist] INFO: VALID_ID: 1311220
2023-06-30 17:56:03 [booklist] INFO: VALID_ID: 1307108
2023-06-30 17:56:03 [booklist] INFO: VALID_ID: 1307141
2023-06-30 17:56:03 [booklist] INFO: VALID_ID: 1311079
2023-06-30 17:56:03 [booklist] INFO: VALID_ID: 1301887
2023-06-30 17:56:03 [booklist] INFO: VALID_ID: 1307828
2023-06-30 17:56:03 [booklist] INFO: VALID_ID: 1312377
2023-06-30 17:56:03 [booklist] INFO: VALID_ID: 1311093
2023-06-30 17:56:03 [booklist] INFO: VALID_ID: 1308575
2023-06-30 17:56:03 [booklist] INFO: VALID_ID: 1305247
2023-06-30 17:56:03 [booklist] INFO: VALID_ID: 1301416
2023-06-30 17:56:03 [booklist] INFO: VALID_ID: 1311120
2023-06-30 17:56:03 [booklist] INFO: VALID_ID: 1310838
2023-06-30 17:56:03 [booklist] INFO: VALID_ID: 1307188
2023-06-30 17:56:03 [booklist] INFO: VALID_ID: 1312776
2023-06-30 17:56:03 [booklist] INFO: VALID_ID: 1307118
2023-06-30 17:56:03 [booklist] INFO: VALID_ID: 1306506
2023-06-30 17:56:03 [booklist] INFO: VALID_ID: 2542357
2023-06-30 17:56:03 [booklist] INFO: VALID_ID: 1306475
2023-06-30 17:56:03 [booklist] INFO: VALID_ID: 1305384
2023-06-30 17:56:03 [booklist] INFO: VALID_ID: 1307808
2023-06-30 17:56:03 [booklist] INFO: VALID_ID: 1307219
2023-06-30 17:56:03 [booklist] INFO: VALID_ID: 1301498
2023-06-30 17:56:03 [booklist] INFO: VALID_ID: 1311114
2023-06-30 17:56:03 [booklist] INFO: VALID_ID: 1312218
2023-06-30 17:56:03 [booklist] INFO: VALID_ID: 1311264
2023-06-30 17:56:03 [booklist] INFO: VALID_ID: 1301885
2023-06-30 17:56:03 [booklist] INFO: VALID_ID: 1304677
2023-06-30 17:56:03 [booklist] INFO: VALID_ID: 2534019
2023-06-30 17:56:03 [booklist] INFO: VALID_ID: 1306466
2023-06-30 17:56:03 [booklist] INFO: VALID_ID: 1311136
2023-06-30 17:56:03 [booklist] INFO: VALID_ID: 1308159
2023-06-30 17:56:03 [booklist] INFO: VALID_ID: 1311972
2023-06-30 17:56:03 [booklist] INFO: VALID_ID: 1309649
2023-06-30 17:56:03 [booklist] INFO: VALID_ID: 1310881
2023-06-30 17:56:03 [booklist] INFO: VALID_ID: 1306444
2023-06-30 17:56:03 [booklist] INFO: VALID_ID: 1311109
2023-06-30 17:56:03 [booklist] INFO: VALID_ID: 1312762
2023-06-30 17:56:03 [booklist] INFO: VALID_ID: 1312625
2023-06-30 17:56:03 [booklist] INFO: VALID_ID: 1301297
2023-06-30 17:56:03 [booklist] INFO: VALID_ID: 1307830
2023-06-30 17:56:03 [booklist] INFO: VALID_ID: 1301314
2023-06-30 17:56:03 [booklist] INFO: VALID_ID: 1308194
2023-06-30 17:56:03 [booklist] INFO: VALID_ID: 1308203
2023-06-30 17:56:03 [booklist] INFO: VALID_ID: 1311287
2023-06-30 17:56:03 [booklist] INFO: VALID_ID: 1301325
2023-06-30 17:56:03 [booklist] INFO: VALID_ID: 1312948
2023-06-30 17:56:03 [booklist] INFO: VALID_ID: 1308025
2023-06-30 17:56:03 [booklist] INFO: VALID_ID: 1311244
2023-06-30 17:56:03 [booklist] INFO: VALID_ID: 1303859
2023-06-30 17:56:03 [booklist] INFO: VALID_ID: 1305211
2023-06-30 17:56:03 [booklist] INFO: VALID_ID: 1307202
2023-06-30 17:56:03 [booklist] INFO: VALID_ID: 1307807
2023-06-30 17:56:03 [booklist] INFO: VALID_ID: 1313199
2023-06-30 17:56:04 [scrapy.core.engine] DEBUG: Crawled (200) <POST https://dl.ndl.go.jp/api/item/search> (referer: https://dl.ndl.go.jp/api/item/search)
2023-06-30 17:56:04 [booklist] INFO: Fetched page 9
2023-06-30 17:56:04 [booklist] INFO: VALID_ID: 1310992
2023-06-30 17:56:04 [booklist] INFO: VALID_ID: 1308222
2023-06-30 17:56:04 [booklist] INFO: VALID_ID: 1309670
2023-06-30 17:56:04 [booklist] INFO: VALID_ID: 1302564
2023-06-30 17:56:04 [booklist] INFO: VALID_ID: 1310890
2023-06-30 17:56:04 [booklist] INFO: VALID_ID: 1301930
2023-06-30 17:56:04 [booklist] INFO: VALID_ID: 1308246
2023-06-30 17:56:04 [booklist] INFO: VALID_ID: 1305214
2023-06-30 17:56:04 [booklist] INFO: VALID_ID: 1309170
2023-06-30 17:56:04 [booklist] INFO: VALID_ID: 1311286
2023-06-30 17:56:04 [booklist] INFO: VALID_ID: 9369468
2023-06-30 17:56:04 [booklist] INFO: VALID_ID: 1311232
2023-06-30 17:56:04 [booklist] INFO: VALID_ID: 1305037
2023-06-30 17:56:04 [booklist] INFO: VALID_ID: 1310338
2023-06-30 17:56:04 [booklist] INFO: VALID_ID: 1308247
2023-06-30 17:56:04 [booklist] INFO: VALID_ID: 1311308
2023-06-30 17:56:04 [booklist] INFO: VALID_ID: 1305618
2023-06-30 17:56:04 [booklist] INFO: VALID_ID: 1311228
2023-06-30 17:56:04 [booklist] INFO: VALID_ID: 1303872
2023-06-30 17:56:04 [booklist] INFO: VALID_ID: 1305034
2023-06-30 17:56:04 [booklist] INFO: VALID_ID: 1313507
2023-06-30 17:56:04 [booklist] INFO: VALID_ID: 1311266
2023-06-30 17:56:04 [booklist] INFO: VALID_ID: 1312844
2023-06-30 17:56:04 [booklist] INFO: VALID_ID: 1311918
2023-06-30 17:56:04 [booklist] INFO: VALID_ID: 1305395
2023-06-30 17:56:04 [booklist] INFO: VALID_ID: 1308207
2023-06-30 17:56:04 [booklist] INFO: VALID_ID: 1311931
2023-06-30 17:56:04 [booklist] INFO: VALID_ID: 1305019
2023-06-30 17:56:04 [booklist] INFO: VALID_ID: 1301499
2023-06-30 17:56:04 [booklist] INFO: VALID_ID: 1309174
2023-06-30 17:56:04 [booklist] INFO: VALID_ID: 1305045
2023-06-30 17:56:04 [booklist] INFO: VALID_ID: 1312142
2023-06-30 17:56:04 [booklist] INFO: VALID_ID: 1308187
2023-06-30 17:56:04 [booklist] INFO: VALID_ID: 1307651
2023-06-30 17:56:04 [booklist] INFO: VALID_ID: 1309199
2023-06-30 17:56:04 [booklist] INFO: VALID_ID: 1309165
2023-06-30 17:56:04 [booklist] INFO: VALID_ID: 1301793
2023-06-30 17:56:04 [booklist] INFO: VALID_ID: 1305041
2023-06-30 17:56:04 [booklist] INFO: VALID_ID: 1311282
2023-06-30 17:56:04 [booklist] INFO: VALID_ID: 1311272
2023-06-30 17:56:04 [booklist] INFO: VALID_ID: 1311917
2023-06-30 17:56:04 [booklist] INFO: VALID_ID: 1312373
2023-06-30 17:56:04 [booklist] INFO: VALID_ID: 1311262
2023-06-30 17:56:04 [booklist] INFO: VALID_ID: 1305398
2023-06-30 17:56:04 [booklist] INFO: VALID_ID: 1307806
2023-06-30 17:56:04 [booklist] INFO: VALID_ID: 1308252
2023-06-30 17:56:04 [booklist] INFO: VALID_ID: 1305014
2023-06-30 17:56:04 [booklist] INFO: VALID_ID: 1309208
2023-06-30 17:56:04 [booklist] INFO: VALID_ID: 1305036
2023-06-30 17:56:04 [booklist] INFO: VALID_ID: 1312363
2023-06-30 17:56:04 [booklist] INFO: VALID_ID: 1305042
2023-06-30 17:56:04 [booklist] INFO: VALID_ID: 1301843
2023-06-30 17:56:04 [booklist] INFO: VALID_ID: 1308148
2023-06-30 17:56:04 [booklist] INFO: VALID_ID: 1311975
2023-06-30 17:56:04 [booklist] INFO: VALID_ID: 1302777
2023-06-30 17:56:04 [booklist] INFO: VALID_ID: 1286737
2023-06-30 17:56:04 [booklist] INFO: VALID_ID: 1312607
2023-06-30 17:56:04 [booklist] INFO: VALID_ID: 1305006
2023-06-30 17:56:04 [booklist] INFO: VALID_ID: 1311956
2023-06-30 17:56:04 [booklist] INFO: VALID_ID: 1308256
2023-06-30 17:56:04 [booklist] INFO: VALID_ID: 1307715
2023-06-30 17:56:04 [booklist] INFO: VALID_ID: 1312369
2023-06-30 17:56:04 [booklist] INFO: VALID_ID: 1305061
2023-06-30 17:56:04 [booklist] INFO: VALID_ID: 1311921
2023-06-30 17:56:04 [booklist] INFO: VALID_ID: 1308211
2023-06-30 17:56:04 [booklist] INFO: VALID_ID: 1311925
2023-06-30 17:56:04 [booklist] INFO: VALID_ID: 1305043
2023-06-30 17:56:04 [booklist] INFO: VALID_ID: 2544750
2023-06-30 17:56:04 [booklist] INFO: VALID_ID: 1305032
2023-06-30 17:56:04 [booklist] INFO: VALID_ID: 1308173
2023-06-30 17:56:04 [booklist] INFO: VALID_ID: 1287885
2023-06-30 17:56:04 [booklist] INFO: VALID_ID: 1305044
2023-06-30 17:56:04 [booklist] INFO: VALID_ID: 2544749
2023-06-30 17:56:04 [booklist] INFO: VALID_ID: 1313200
2023-06-30 17:56:04 [booklist] INFO: VALID_ID: 1287874
2023-06-30 17:56:04 [booklist] INFO: VALID_ID: 1313489
2023-06-30 17:56:04 [booklist] INFO: VALID_ID: 1305046
2023-06-30 17:56:04 [booklist] INFO: VALID_ID: 1305053
2023-06-30 17:56:04 [booklist] INFO: VALID_ID: 1305029
2023-06-30 17:56:04 [booklist] INFO: VALID_ID: 1301842
2023-06-30 17:56:04 [booklist] INFO: VALID_ID: 1308185
2023-06-30 17:56:04 [booklist] INFO: VALID_ID: 1312397
2023-06-30 17:56:04 [booklist] INFO: VALID_ID: 1313503
2023-06-30 17:56:04 [booklist] INFO: VALID_ID: 1304884
2023-06-30 17:56:04 [booklist] INFO: VALID_ID: 1311107
2023-06-30 17:56:04 [booklist] INFO: VALID_ID: 1287791
2023-06-30 17:56:04 [booklist] INFO: VALID_ID: 1305021
2023-06-30 17:56:04 [booklist] INFO: VALID_ID: 1305024
2023-06-30 17:56:04 [booklist] INFO: VALID_ID: 2533466
2023-06-30 17:56:04 [booklist] INFO: VALID_ID: 1301494
2023-06-30 17:56:04 [booklist] INFO: VALID_ID: 1307129
2023-06-30 17:56:04 [booklist] INFO: VALID_ID: 1308236
2023-06-30 17:56:04 [booklist] INFO: VALID_ID: 1307144
2023-06-30 17:56:04 [booklist] INFO: VALID_ID: 1305020
2023-06-30 17:56:04 [booklist] INFO: VALID_ID: 1311910
2023-06-30 17:56:04 [booklist] INFO: VALID_ID: 1309188
2023-06-30 17:56:04 [booklist] INFO: VALID_ID: 1313480
2023-06-30 17:56:04 [booklist] INFO: VALID_ID: 1307817
2023-06-30 17:56:04 [booklist] INFO: VALID_ID: 1304952
2023-06-30 17:56:04 [booklist] INFO: VALID_ID: 1308152
2023-06-30 17:56:04 [scrapy.core.engine] DEBUG: Crawled (200) <POST https://dl.ndl.go.jp/api/item/search> (referer: https://dl.ndl.go.jp/api/item/search)
2023-06-30 17:56:04 [booklist] INFO: Fetched page 10
2023-06-30 17:56:05 [booklist] INFO: VALID_ID: 1302790
2023-06-30 17:56:05 [booklist] INFO: VALID_ID: 1287710
2023-06-30 17:56:05 [booklist] INFO: VALID_ID: 1301380
2023-06-30 17:56:05 [booklist] INFO: VALID_ID: 1311297
2023-06-30 17:56:05 [booklist] INFO: VALID_ID: 1309175
2023-06-30 17:56:05 [booklist] INFO: VALID_ID: 1311913
2023-06-30 17:56:05 [booklist] INFO: VALID_ID: 1287884
2023-06-30 17:56:05 [booklist] INFO: VALID_ID: 1287880
2023-06-30 17:56:05 [booklist] INFO: VALID_ID: 1287886
2023-06-30 17:56:05 [booklist] INFO: VALID_ID: 1287879
2023-06-30 17:56:05 [booklist] INFO: VALID_ID: 1313494
2023-06-30 17:56:05 [booklist] INFO: VALID_ID: 1287866
2023-06-30 17:56:05 [booklist] INFO: VALID_ID: 1311292
2023-06-30 17:56:05 [booklist] INFO: VALID_ID: 1312388
2023-06-30 17:56:05 [booklist] INFO: VALID_ID: 1312636
2023-06-30 17:56:05 [booklist] INFO: VALID_ID: 1311953
2023-06-30 17:56:05 [booklist] INFO: VALID_ID: 1287881
2023-06-30 17:56:05 [booklist] INFO: VALID_ID: 1288331
2023-06-30 17:56:05 [booklist] INFO: VALID_ID: 1307804
2023-06-30 17:56:05 [booklist] INFO: VALID_ID: 1301791
2023-06-30 17:56:05 [booklist] INFO: VALID_ID: 1287841
2023-06-30 17:56:05 [booklist] INFO: VALID_ID: 1308235
2023-06-30 17:56:05 [booklist] INFO: VALID_ID: 1312523
2023-06-30 17:56:05 [booklist] INFO: VALID_ID: 1301411
2023-06-30 17:56:05 [booklist] INFO: VALID_ID: 1287685
2023-06-30 17:56:05 [booklist] INFO: VALID_ID: 1287873
2023-06-30 17:56:05 [booklist] INFO: VALID_ID: 1301849
2023-06-30 17:56:05 [booklist] INFO: VALID_ID: 1301379
2023-06-30 17:56:05 [booklist] INFO: VALID_ID: 1305022
2023-06-30 17:56:05 [booklist] INFO: VALID_ID: 8929502
2023-06-30 17:56:05 [booklist] INFO: VALID_ID: 1307825
2023-06-30 17:56:05 [booklist] INFO: VALID_ID: 1312601
2023-06-30 17:56:05 [booklist] INFO: VALID_ID: 1307542
2023-06-30 17:56:05 [booklist] INFO: VALID_ID: 1309168
2023-06-30 17:56:05 [booklist] INFO: VALID_ID: 1302572
2023-06-30 17:56:05 [booklist] INFO: VALID_ID: 1302551
2023-06-30 17:56:05 [booklist] INFO: VALID_ID: 1308174
2023-06-30 17:56:05 [booklist] INFO: VALID_ID: 2576232
2023-06-30 17:56:05 [booklist] INFO: VALID_ID: 1312366
2023-06-30 17:56:05 [booklist] INFO: VALID_ID: 2559210
2023-06-30 17:56:05 [booklist] INFO: VALID_ID: 1307827
2023-06-30 17:56:05 [booklist] INFO: VALID_ID: 1311919
2023-06-30 17:56:05 [booklist] INFO: VALID_ID: 1287554
2023-06-30 17:56:05 [booklist] INFO: VALID_ID: 1301381
2023-06-30 17:56:05 [booklist] INFO: VALID_ID: 1307795
2023-06-30 17:56:05 [booklist] INFO: VALID_ID: 1311293
2023-06-30 17:56:05 [booklist] INFO: VALID_ID: 1301321
2023-06-30 17:56:05 [booklist] INFO: VALID_ID: 2548612
2023-06-30 17:56:05 [booklist] INFO: VALID_ID: 1301358
2023-06-30 17:56:05 [booklist] INFO: VALID_ID: 1312143
2023-06-30 17:56:05 [booklist] INFO: VALID_ID: 2539319
2023-06-30 17:56:05 [booklist] INFO: VALID_ID: 2587659
2023-06-30 17:56:05 [booklist] INFO: VALID_ID: 1301788
2023-06-30 17:56:05 [booklist] INFO: VALID_ID: 1302550
2023-06-30 17:56:05 [booklist] INFO: VALID_ID: 9369987
2023-06-30 17:56:05 [booklist] INFO: VALID_ID: 11446636
2023-06-30 17:56:05 [booklist] INFO: VALID_ID: 11446641
2023-06-30 17:56:05 [booklist] INFO: VALID_ID: 11446638
2023-06-30 17:56:05 [booklist] INFO: VALID_ID: 2548613
2023-06-30 17:56:05 [booklist] INFO: VALID_ID: 11446637
2023-06-30 17:56:05 [booklist] INFO: VALID_ID: 2607580
2023-06-30 17:56:05 [booklist] INFO: VALID_ID: 1311302
2023-06-30 17:56:05 [booklist] INFO: VALID_ID: 1301298
2023-06-30 17:56:05 [booklist] INFO: VALID_ID: 2610692
2023-06-30 17:56:05 [booklist] INFO: VALID_ID: 9369974
2023-06-30 17:56:05 [booklist] INFO: VALID_ID: 2585593
2023-06-30 17:56:05 [booklist] INFO: VALID_ID: 11446605
2023-06-30 17:56:05 [booklist] INFO: VALID_ID: 2607339
2023-06-30 17:56:05 [booklist] INFO: VALID_ID: 2585220
2023-06-30 17:56:05 [booklist] INFO: VALID_ID: 9370009
2023-06-30 17:56:05 [booklist] INFO: VALID_ID: 2607856
2023-06-30 17:56:05 [booklist] INFO: VALID_ID: 1307831
2023-06-30 17:56:05 [booklist] INFO: VALID_ID: 1302553
2023-06-30 17:56:05 [booklist] INFO: VALID_ID: 11446628
2023-06-30 17:56:05 [booklist] INFO: VALID_ID: 2585359
2023-06-30 17:56:05 [booklist] INFO: VALID_ID: 2593185
2023-06-30 17:56:05 [booklist] INFO: VALID_ID: 2593188
2023-06-30 17:56:05 [booklist] INFO: VALID_ID: 2593237
2023-06-30 17:56:05 [booklist] INFO: VALID_ID: 2541121
2023-06-30 17:56:05 [booklist] INFO: VALID_ID: 2593193
2023-06-30 17:56:05 [booklist] INFO: VALID_ID: 2593203
2023-06-30 17:56:05 [booklist] INFO: VALID_ID: 9892670
2023-06-30 17:56:05 [booklist] INFO: VALID_ID: 2585282
2023-06-30 17:56:05 [booklist] INFO: VALID_ID: 11446640
2023-06-30 17:56:05 [booklist] INFO: VALID_ID: 2593195
2023-06-30 17:56:05 [booklist] INFO: VALID_ID: 11446639
2023-06-30 17:56:05 [booklist] INFO: VALID_ID: 2570258
2023-06-30 17:56:05 [booklist] INFO: VALID_ID: 11446627
2023-06-30 17:56:05 [booklist] INFO: VALID_ID: 2585467
2023-06-30 17:56:05 [booklist] INFO: VALID_ID: 2585174
2023-06-30 17:56:05 [booklist] INFO: VALID_ID: 2593209
2023-06-30 17:56:05 [booklist] INFO: VALID_ID: 2593213
2023-06-30 17:56:05 [booklist] INFO: VALID_ID: 2593233
2023-06-30 17:56:05 [booklist] INFO: VALID_ID: 2593197
2023-06-30 17:56:05 [booklist] INFO: VALID_ID: 2593221
2023-06-30 17:56:05 [booklist] INFO: VALID_ID: 2593211
2023-06-30 17:56:05 [booklist] INFO: VALID_ID: 2593235
2023-06-30 17:56:05 [booklist] INFO: VALID_ID: 2593207
2023-06-30 17:56:05 [booklist] INFO: VALID_ID: 2593210
2023-06-30 17:56:05 [booklist] INFO: VALID_ID: 2593216
2023-06-30 17:56:06 [scrapy.core.engine] DEBUG: Crawled (200) <POST https://dl.ndl.go.jp/api/item/search> (referer: https://dl.ndl.go.jp/api/item/search)
2023-06-30 17:56:06 [booklist] INFO: Fetched page 11
2023-06-30 17:56:06 [booklist] INFO: VALID_ID: 2593227
2023-06-30 17:56:06 [booklist] INFO: VALID_ID: 2593187
2023-06-30 17:56:06 [booklist] INFO: VALID_ID: 2593222
2023-06-30 17:56:06 [booklist] INFO: VALID_ID: 2593198
2023-06-30 17:56:06 [booklist] INFO: VALID_ID: 2593229
2023-06-30 17:56:06 [booklist] INFO: VALID_ID: 2593230
2023-06-30 17:56:06 [booklist] INFO: VALID_ID: 2593202
2023-06-30 17:56:06 [booklist] INFO: VALID_ID: 2593218
2023-06-30 17:56:06 [booklist] INFO: VALID_ID: 2593219
2023-06-30 17:56:06 [booklist] INFO: VALID_ID: 2593234
2023-06-30 17:56:06 [booklist] INFO: VALID_ID: 2593224
2023-06-30 17:56:06 [booklist] INFO: VALID_ID: 2593238
2023-06-30 17:56:06 [booklist] INFO: VALID_ID: 2593236
2023-06-30 17:56:06 [booklist] INFO: VALID_ID: 2584300
2023-06-30 17:56:06 [booklist] INFO: VALID_ID: 2593191
2023-06-30 17:56:06 [booklist] INFO: VALID_ID: 2593192
2023-06-30 17:56:06 [booklist] INFO: VALID_ID: 2593225
2023-06-30 17:56:06 [booklist] INFO: VALID_ID: 2593226
2023-06-30 17:56:06 [booklist] INFO: VALID_ID: 2593243
2023-06-30 17:56:06 [booklist] INFO: VALID_ID: 2593199
2023-06-30 17:56:06 [booklist] INFO: VALID_ID: 2593217
2023-06-30 17:56:06 [booklist] INFO: VALID_ID: 2593181
2023-06-30 17:56:06 [booklist] INFO: VALID_ID: 2593194
2023-06-30 17:56:06 [booklist] INFO: VALID_ID: 2593204
2023-06-30 17:56:06 [booklist] INFO: VALID_ID: 2593208
2023-06-30 17:56:06 [booklist] INFO: VALID_ID: 2593179
2023-06-30 17:56:06 [booklist] INFO: VALID_ID: 2593196
2023-06-30 17:56:06 [booklist] INFO: VALID_ID: 2593220
2023-06-30 17:56:06 [booklist] INFO: VALID_ID: 2593186
2023-06-30 17:56:06 [booklist] INFO: VALID_ID: 2593189
2023-06-30 17:56:06 [booklist] INFO: VALID_ID: 2610488
2023-06-30 17:56:06 [booklist] INFO: VALID_ID: 2593239
2023-06-30 17:56:06 [booklist] INFO: VALID_ID: 2593242
2023-06-30 17:56:06 [booklist] INFO: VALID_ID: 2593223
2023-06-30 17:56:06 [booklist] INFO: VALID_ID: 2593240
2023-06-30 17:56:06 [booklist] INFO: VALID_ID: 2584311
2023-06-30 17:56:06 [booklist] INFO: VALID_ID: 2585661
2023-06-30 17:56:06 [booklist] INFO: VALID_ID: 2593201
2023-06-30 17:56:06 [booklist] INFO: VALID_ID: 2593184
2023-06-30 17:56:06 [booklist] INFO: VALID_ID: 2593190
2023-06-30 17:56:06 [booklist] INFO: VALID_ID: 2593206
2023-06-30 17:56:06 [booklist] INFO: VALID_ID: 2593215
2023-06-30 17:56:06 [booklist] INFO: VALID_ID: 11446565
2023-06-30 17:56:06 [booklist] INFO: VALID_ID: 2584303
2023-06-30 17:56:06 [booklist] INFO: VALID_ID: 9893156
2023-06-30 17:56:06 [booklist] INFO: VALID_ID: 2593205
2023-06-30 17:56:06 [booklist] INFO: VALID_ID: 2593178
2023-06-30 17:56:06 [booklist] INFO: VALID_ID: 2593183
2023-06-30 17:56:06 [booklist] INFO: VALID_ID: 2593228
2023-06-30 17:56:06 [booklist] INFO: VALID_ID: 2584341
2023-06-30 17:56:06 [booklist] INFO: VALID_ID: 2584307
2023-06-30 17:56:06 [booklist] INFO: VALID_ID: 1307826
2023-06-30 17:56:06 [booklist] INFO: VALID_ID: 2584348
2023-06-30 17:56:06 [booklist] INFO: VALID_ID: 2593182
2023-06-30 17:56:06 [booklist] INFO: VALID_ID: 2593241
2023-06-30 17:56:06 [booklist] INFO: VALID_ID: 2584304
2023-06-30 17:56:06 [booklist] INFO: VALID_ID: 2584619
2023-06-30 17:56:06 [booklist] INFO: VALID_ID: 2585227
2023-06-30 17:56:06 [booklist] INFO: VALID_ID: 2593231
2023-06-30 17:56:06 [booklist] INFO: VALID_ID: 10303570
2023-06-30 17:56:06 [booklist] INFO: VALID_ID: 2585582
2023-06-30 17:56:06 [booklist] INFO: VALID_ID: 2584346
2023-06-30 17:56:06 [booklist] INFO: VALID_ID: 2584481
2023-06-30 17:56:06 [booklist] INFO: VALID_ID: 2593180
2023-06-30 17:56:06 [booklist] INFO: VALID_ID: 2593212
2023-06-30 17:56:06 [booklist] INFO: VALID_ID: 2593214
2023-06-30 17:56:06 [booklist] INFO: VALID_ID: 2593232
2023-06-30 17:56:06 [booklist] INFO: VALID_ID: 2584344
2023-06-30 17:56:06 [booklist] INFO: VALID_ID: 2547645
2023-06-30 17:56:06 [booklist] INFO: VALID_ID: 9893101
2023-06-30 17:56:06 [booklist] INFO: VALID_ID: 2584340
2023-06-30 17:56:06 [booklist] INFO: VALID_ID: 2585443
2023-06-30 17:56:06 [booklist] INFO: VALID_ID: 2584614
2023-06-30 17:56:06 [booklist] INFO: VALID_ID: 2584310
2023-06-30 17:56:06 [booklist] INFO: VALID_ID: 2585656
2023-06-30 17:56:06 [booklist] INFO: VALID_ID: 2551354
2023-06-30 17:56:06 [booklist] INFO: VALID_ID: 2584327
2023-06-30 17:56:06 [booklist] INFO: VALID_ID: 2584325
2023-06-30 17:56:06 [booklist] INFO: VALID_ID: 2584301
2023-06-30 17:56:06 [booklist] INFO: VALID_ID: 2584312
2023-06-30 17:56:06 [booklist] INFO: VALID_ID: 2584299
2023-06-30 17:56:06 [booklist] INFO: VALID_ID: 2584302
2023-06-30 17:56:06 [booklist] INFO: VALID_ID: 2584326
2023-06-30 17:56:06 [booklist] INFO: VALID_ID: 1312543
2023-06-30 17:56:06 [booklist] INFO: VALID_ID: 11446520
2023-06-30 17:56:06 [booklist] INFO: VALID_ID: 2584305
2023-06-30 17:56:06 [booklist] INFO: VALID_ID: 2584306
2023-06-30 17:56:06 [booklist] INFO: VALID_ID: 2581242
2023-06-30 17:56:06 [booklist] INFO: VALID_ID: 11891691
2023-06-30 17:56:06 [booklist] INFO: VALID_ID: 2584324
2023-06-30 17:56:06 [booklist] INFO: VALID_ID: 2592331
2023-06-30 17:56:06 [booklist] INFO: VALID_ID: 2584309
2023-06-30 17:56:06 [booklist] INFO: VALID_ID: 2584480
2023-06-30 17:56:06 [booklist] INFO: VALID_ID: 2584616
2023-06-30 17:56:06 [booklist] INFO: VALID_ID: 2593200
2023-06-30 17:56:06 [booklist] INFO: VALID_ID: 2584345
2023-06-30 17:56:06 [booklist] INFO: VALID_ID: 2544645
2023-06-30 17:56:06 [booklist] INFO: VALID_ID: 2539995
2023-06-30 17:56:06 [booklist] INFO: VALID_ID: 2584618
2023-06-30 17:56:06 [booklist] INFO: VALID_ID: 2585256
2023-06-30 17:56:07 [scrapy.core.engine] DEBUG: Crawled (200) <POST https://dl.ndl.go.jp/api/item/search> (referer: https://dl.ndl.go.jp/api/item/search)
2023-06-30 17:56:07 [booklist] INFO: Fetched page 12
2023-06-30 17:56:08 [booklist] INFO: VALID_ID: 2584313
2023-06-30 17:56:08 [booklist] INFO: VALID_ID: 2585256
2023-06-30 17:56:08 [booklist] INFO: VALID_ID: 11446469
2023-06-30 17:56:08 [booklist] INFO: VALID_ID: 2551350
2023-06-30 17:56:08 [booklist] INFO: VALID_ID: 2584322
2023-06-30 17:56:08 [booklist] INFO: VALID_ID: 2584619
2023-06-30 17:56:08 [booklist] INFO: VALID_ID: 2585231
2023-06-30 17:56:08 [booklist] INFO: VALID_ID: 2532947
2023-06-30 17:56:08 [booklist] INFO: VALID_ID: 2584323
2023-06-30 17:56:08 [booklist] INFO: VALID_ID: 2585656
2023-06-30 17:56:08 [booklist] INFO: VALID_ID: 2584342
2023-06-30 17:56:08 [booklist] INFO: VALID_ID: 1301384
2023-06-30 17:56:08 [booklist] INFO: VALID_ID: 2532954
2023-06-30 17:56:08 [booklist] INFO: VALID_ID: 2585622
2023-06-30 17:56:08 [booklist] INFO: VALID_ID: 2584308
2023-06-30 17:56:08 [booklist] INFO: VALID_ID: 2584617
2023-06-30 17:56:08 [booklist] INFO: VALID_ID: 2592331
2023-06-30 17:56:08 [booklist] INFO: VALID_ID: 2584299
2023-06-30 17:56:08 [booklist] INFO: VALID_ID: 2584302
2023-06-30 17:56:08 [booklist] INFO: VALID_ID: 2584326
2023-06-30 17:56:08 [booklist] INFO: VALID_ID: 10300974
2023-06-30 17:56:08 [booklist] INFO: VALID_ID: 2592329
2023-06-30 17:56:08 [booklist] INFO: VALID_ID: 2584622
2023-06-30 17:56:08 [booklist] INFO: VALID_ID: 2585447
2023-06-30 17:56:08 [booklist] INFO: VALID_ID: 2539717
2023-06-30 17:56:08 [booklist] INFO: VALID_ID: 2584480
2023-06-30 17:56:08 [booklist] INFO: VALID_ID: 2585354
2023-06-30 17:56:08 [booklist] INFO: VALID_ID: 2539716
2023-06-30 17:56:08 [booklist] INFO: VALID_ID: 1288187
2023-06-30 17:56:08 [booklist] INFO: VALID_ID: 9370012
2023-06-30 17:56:08 [booklist] INFO: VALID_ID: 2580966
2023-06-30 17:56:08 [booklist] INFO: VALID_ID: 2584349
2023-06-30 17:56:08 [booklist] INFO: VALID_ID: 2584615
2023-06-30 17:56:08 [booklist] INFO: VALID_ID: 2584321
2023-06-30 17:56:08 [booklist] INFO: VALID_ID: 2584621
2023-06-30 17:56:08 [booklist] INFO: VALID_ID: 2585434
2023-06-30 17:56:08 [booklist] INFO: VALID_ID: 2585327
2023-06-30 17:56:08 [booklist] INFO: VALID_ID: 2585222
2023-06-30 17:56:08 [booklist] INFO: VALID_ID: 2585269
2023-06-30 17:56:08 [booklist] INFO: VALID_ID: 2585166
2023-06-30 17:56:08 [booklist] INFO: VALID_ID: 2540608
2023-06-30 17:56:08 [booklist] INFO: VALID_ID: 2542888
2023-06-30 17:56:08 [booklist] INFO: VALID_ID: 2585296
2023-06-30 17:56:08 [booklist] INFO: VALID_ID: 2585160
2023-06-30 17:56:08 [booklist] INFO: VALID_ID: 2585319
2023-06-30 17:56:08 [booklist] INFO: VALID_ID: 10303913
2023-06-30 17:56:08 [booklist] INFO: VALID_ID: 2585540
2023-06-30 17:56:08 [booklist] INFO: VALID_ID: 2585463
2023-06-30 17:56:08 [booklist] INFO: VALID_ID: 2585490
2023-06-30 17:56:08 [booklist] INFO: VALID_ID: 2585353
2023-06-30 17:56:08 [booklist] INFO: VALID_ID: 2585481
2023-06-30 17:56:08 [booklist] INFO: VALID_ID: 2543427
2023-06-30 17:56:08 [booklist] INFO: VALID_ID: 2585176
2023-06-30 17:56:08 [booklist] INFO: VALID_ID: 2541094
2023-06-30 17:56:08 [booklist] INFO: VALID_ID: 2546173
2023-06-30 17:56:08 [booklist] INFO: VALID_ID: 2533636
2023-06-30 17:56:08 [booklist] INFO: VALID_ID: 2532803
2023-06-30 17:56:08 [booklist] INFO: VALID_ID: 2585457
2023-06-30 17:56:08 [booklist] INFO: VALID_ID: 2585257
2023-06-30 17:56:08 [booklist] INFO: VALID_ID: 2585301
2023-06-30 17:56:08 [booklist] INFO: VALID_ID: 2542488
2023-06-30 17:56:08 [booklist] INFO: VALID_ID: 2585272
2023-06-30 17:56:08 [booklist] INFO: VALID_ID: 2585281
2023-06-30 17:56:08 [booklist] INFO: VALID_ID: 2607286
2023-06-30 17:56:08 [booklist] INFO: VALID_ID: 10301285
2023-06-30 17:56:08 [booklist] INFO: VALID_ID: 2585247
2023-06-30 17:56:08 [booklist] INFO: VALID_ID: 2585352
2023-06-30 17:56:08 [booklist] INFO: VALID_ID: 2551902
2023-06-30 17:56:08 [booklist] INFO: VALID_ID: 2585312
2023-06-30 17:56:08 [booklist] INFO: VALID_ID: 2585568
2023-06-30 17:56:08 [booklist] INFO: VALID_ID: 2585627
2023-06-30 17:56:08 [booklist] INFO: VALID_ID: 10301138
2023-06-30 17:56:08 [booklist] INFO: VALID_ID: 2606532
2023-06-30 17:56:08 [booklist] INFO: VALID_ID: 2609279
2023-06-30 17:56:08 [booklist] INFO: VALID_ID: 2609618
2023-06-30 17:56:08 [booklist] INFO: VALID_ID: 10301557
2023-06-30 17:56:08 [booklist] INFO: VALID_ID: 2551757
2023-06-30 17:56:08 [booklist] INFO: VALID_ID: 2598672
2023-06-30 17:56:08 [booklist] INFO: VALID_ID: 2585587
2023-06-30 17:56:08 [booklist] INFO: VALID_ID: 2595783
2023-06-30 17:56:08 [booklist] INFO: VALID_ID: 10301461
2023-06-30 17:56:08 [booklist] INFO: VALID_ID: 2585668
2023-06-30 17:56:08 [booklist] INFO: VALID_ID: 10301389
2023-06-30 17:56:08 [booklist] INFO: VALID_ID: 2551760
2023-06-30 17:56:08 [booklist] INFO: VALID_ID: 2585294
2023-06-30 17:56:08 [booklist] INFO: VALID_ID: 2605424
2023-06-30 17:56:08 [booklist] INFO: VALID_ID: 10303727
2023-06-30 17:56:08 [booklist] INFO: VALID_ID: 10301236
2023-06-30 17:56:08 [booklist] INFO: VALID_ID: 2585524
2023-06-30 17:56:08 [booklist] INFO: VALID_ID: 10303916
2023-06-30 17:56:08 [booklist] INFO: VALID_ID: 2585509
2023-06-30 17:56:08 [booklist] INFO: VALID_ID: 10300957
2023-06-30 17:56:08 [booklist] INFO: VALID_ID: 2585462
2023-06-30 17:56:08 [booklist] INFO: VALID_ID: 2585335
2023-06-30 17:56:08 [booklist] INFO: VALID_ID: 11446659
2023-06-30 17:56:08 [booklist] INFO: VALID_ID: 2540024
2023-06-30 17:56:08 [booklist] INFO: VALID_ID: 2585496
2023-06-30 17:56:08 [booklist] INFO: VALID_ID: 10300963
2023-06-30 17:56:08 [booklist] INFO: VALID_ID: 2546174
2023-06-30 17:56:08 [booklist] INFO: VALID_ID: 2572711
2023-06-30 17:56:09 [scrapy.core.engine] DEBUG: Crawled (200) <POST https://dl.ndl.go.jp/api/item/search> (referer: https://dl.ndl.go.jp/api/item/search)
2023-06-30 17:56:09 [booklist] INFO: Fetched page 13
2023-06-30 17:56:09 [booklist] INFO: VALID_ID: 2572918
2023-06-30 17:56:09 [booklist] INFO: VALID_ID: 2576214
2023-06-30 17:56:09 [booklist] INFO: VALID_ID: 2559211
2023-06-30 17:56:09 [booklist] INFO: VALID_ID: 2540884
2023-06-30 17:56:09 [booklist] INFO: VALID_ID: 10301149
2023-06-30 17:56:09 [booklist] INFO: VALID_ID: 2576219
2023-06-30 17:56:09 [booklist] INFO: VALID_ID: 2576224
2023-06-30 17:56:09 [booklist] INFO: VALID_ID: 2559215
2023-06-30 17:56:09 [booklist] INFO: VALID_ID: 2576221
2023-06-30 17:56:09 [booklist] INFO: VALID_ID: 2576231
2023-06-30 17:56:09 [booklist] INFO: VALID_ID: 2576230
2023-06-30 17:56:09 [booklist] INFO: VALID_ID: 2576212
2023-06-30 17:56:09 [booklist] INFO: VALID_ID: 2576218
2023-06-30 17:56:09 [booklist] INFO: VALID_ID: 2576226
2023-06-30 17:56:09 [booklist] INFO: VALID_ID: 2548008
2023-06-30 17:56:09 [booklist] INFO: VALID_ID: 2548007
2023-06-30 17:56:09 [booklist] INFO: VALID_ID: 2548012
2023-06-30 17:56:09 [booklist] INFO: VALID_ID: 2576213
2023-06-30 17:56:09 [booklist] INFO: VALID_ID: 2559212
2023-06-30 17:56:09 [booklist] INFO: VALID_ID: 2576228
2023-06-30 17:56:09 [booklist] INFO: VALID_ID: 2559218
2023-06-30 17:56:09 [booklist] INFO: VALID_ID: 2576225
2023-06-30 17:56:09 [booklist] INFO: VALID_ID: 2576229
2023-06-30 17:56:09 [booklist] INFO: VALID_ID: 2559208
2023-06-30 17:56:09 [booklist] INFO: VALID_ID: 2559209
2023-06-30 17:56:09 [booklist] INFO: VALID_ID: 2576216
2023-06-30 17:56:09 [booklist] INFO: VALID_ID: 2559213
2023-06-30 17:56:09 [booklist] INFO: VALID_ID: 2576223
2023-06-30 17:56:09 [booklist] INFO: VALID_ID: 2576227
2023-06-30 17:56:09 [booklist] INFO: VALID_ID: 2559207
2023-06-30 17:56:09 [booklist] INFO: VALID_ID: 2576217
2023-06-30 17:56:09 [booklist] INFO: VALID_ID: 10301535
2023-06-30 17:56:09 [booklist] INFO: VALID_ID: 2576222
2023-06-30 17:56:09 [booklist] INFO: VALID_ID: 2559217
2023-06-30 17:56:09 [booklist] INFO: VALID_ID: 2576220
2023-06-30 17:56:09 [booklist] INFO: VALID_ID: 2533295
2023-06-30 17:56:09 [booklist] INFO: VALID_ID: 2576215
2023-06-30 17:56:09 [booklist] INFO: VALID_ID: 2559216
2023-06-30 17:56:09 [booklist] INFO: VALID_ID: 2576233
2023-06-30 17:56:09 [booklist] INFO: VALID_ID: 2610801
2023-06-30 17:56:09 [booklist] INFO: VALID_ID: 2609629
2023-06-30 17:56:09 [booklist] INFO: VALID_ID: 9369953
2023-06-30 17:56:09 [booklist] INFO: VALID_ID: 2606412
2023-06-30 17:56:09 [booklist] INFO: VALID_ID: 2606806
2023-06-30 17:56:09 [booklist] INFO: VALID_ID: 2606349
2023-06-30 17:56:09 [booklist] INFO: VALID_ID: 10301407
2023-06-30 17:56:09 [booklist] INFO: VALID_ID: 9369964
2023-06-30 17:56:09 [booklist] INFO: VALID_ID: 2609516
2023-06-30 17:56:09 [booklist] INFO: VALID_ID: 10301207
2023-06-30 17:56:09 [booklist] INFO: VALID_ID: 10301500
2023-06-30 17:56:09 [booklist] INFO: VALID_ID: 2610093
2023-06-30 17:56:09 [booklist] INFO: VALID_ID: 2576238
2023-06-30 17:56:09 [booklist] INFO: VALID_ID: 10301165
2023-06-30 17:56:09 [booklist] INFO: VALID_ID: 2549649
2023-06-30 17:56:09 [booklist] INFO: VALID_ID: 2576240
2023-06-30 17:56:09 [booklist] INFO: VALID_ID: 2576235
2023-06-30 17:56:09 [booklist] INFO: VALID_ID: 2576245
2023-06-30 17:56:09 [booklist] INFO: VALID_ID: 2576236
2023-06-30 17:56:09 [booklist] INFO: VALID_ID: 2576242
2023-06-30 17:56:09 [booklist] INFO: VALID_ID: 2576243
2023-06-30 17:56:09 [booklist] INFO: VALID_ID: 2576239
2023-06-30 17:56:09 [booklist] INFO: VALID_ID: 2576241
2023-06-30 17:56:09 [booklist] INFO: VALID_ID: 2609205
2023-06-30 17:56:09 [booklist] INFO: VALID_ID: 2576234
2023-06-30 17:56:09 [booklist] INFO: VALID_ID: 2576237
2023-06-30 17:56:09 [booklist] INFO: VALID_ID: 2587899
2023-06-30 17:56:09 [booklist] INFO: VALID_ID: 10301567
2023-06-30 17:56:09 [booklist] INFO: VALID_ID: 2610129
2023-06-30 17:56:09 [booklist] INFO: VALID_ID: 2608884
2023-06-30 17:56:09 [booklist] INFO: VALID_ID: 9369963
2023-06-30 17:56:09 [booklist] INFO: VALID_ID: 2606743
2023-06-30 17:56:09 [booklist] INFO: VALID_ID: 2609783
2023-06-30 17:56:09 [booklist] INFO: VALID_ID: 2533156
2023-06-30 17:56:09 [booklist] INFO: VALID_ID: 2611035
2023-06-30 17:56:09 [booklist] INFO: VALID_ID: 2609552
2023-06-30 17:56:09 [booklist] INFO: VALID_ID: 9369966
2023-06-30 17:56:09 [booklist] INFO: VALID_ID: 2610518
2023-06-30 17:56:09 [booklist] INFO: VALID_ID: 2610456
2023-06-30 17:56:09 [booklist] INFO: VALID_ID: 9369960
2023-06-30 17:56:09 [booklist] INFO: VALID_ID: 2585162
2023-06-30 17:56:09 [booklist] INFO: VALID_ID: 2585163
2023-06-30 17:56:09 [scrapy.core.engine] DEBUG: Crawled (200) <POST https://dl.ndl.go.jp/api/item/search> (referer: https://dl.ndl.go.jp/api/item/search)
2023-06-30 17:56:10 [booklist] INFO: Fetched page 14
2023-06-30 17:56:10 [booklist] INFO: No more books on 14
2023-06-30 17:56:10 [scrapy.core.engine] INFO: Closing spider (finished)
2023-06-30 17:56:10 [scrapy.statscollectors] INFO: Dumping Scrapy stats:
{'downloader/request_bytes': 19094,
 'downloader/request_count': 15,
 'downloader/request_method_count/GET': 1,
 'downloader/request_method_count/POST': 14,
 'downloader/response_bytes': 2630920,
 'downloader/response_count': 15,
 'downloader/response_status_count/200': 15,
 'elapsed_time_seconds': 12.16338,
 'finish_reason': 'finished',
 'finish_time': datetime.datetime(2023, 6, 30, 9, 56, 10, 53801),
 'httpcompression/response_bytes': 28639317,
 'httpcompression/response_count': 14,
 'log_count/DEBUG': 18,
 'log_count/INFO': 1306,
 'memusage/max': 63799296,
 'memusage/startup': 63799296,
 'request_depth_max': 13,
 'response_received_count': 15,
 'robotstxt/request_count': 1,
 'robotstxt/response_count': 1,
 'robotstxt/response_status_count/200': 1,
 'scheduler/dequeued': 14,
 'scheduler/dequeued/memory': 14,
 'scheduler/enqueued': 14,
 'scheduler/enqueued/memory': 14,
 'start_time': datetime.datetime(2023, 6, 30, 9, 55, 57, 890421)}
2023-06-30 17:56:10 [scrapy.core.engine] INFO: Spider closed (finished)
