2023-06-30 18:32:00 [scrapy.utils.log] INFO: Scrapy 2.9.0 started (bot: ndlcrawler)
2023-06-30 18:32:00 [scrapy.utils.log] INFO: Versions: lxml 4.9.2.0, libxml2 2.9.14, cssselect 1.2.0, parsel 1.8.1, w3lib 2.1.1, Twisted 22.10.0, Python 3.10.10 (main, Mar  5 2023, 22:26:53) [GCC 12.2.1 20230201], pyOpenSSL 23.2.0 (OpenSSL 3.1.1 30 May 2023), cryptography 41.0.1, Platform Linux-6.2.12-arch1-1-x86_64-with-glibc2.37
2023-06-30 18:32:00 [scrapy.crawler] INFO: Overridden settings:
{'BOT_NAME': 'ndlcrawler',
 'FEED_EXPORT_ENCODING': 'utf-8',
 'LOG_FILE': 'logs/booklist.title.足.DESC.log',
 'NEWSPIDER_MODULE': 'ndlcrawler.spiders',
 'REQUEST_FINGERPRINTER_IMPLEMENTATION': '2.7',
 'ROBOTSTXT_OBEY': True,
 'SPIDER_MODULES': ['ndlcrawler.spiders'],
 'TWISTED_REACTOR': 'twisted.internet.asyncioreactor.AsyncioSelectorReactor'}
2023-06-30 18:32:00 [asyncio] DEBUG: Using selector: EpollSelector
2023-06-30 18:32:00 [scrapy.utils.log] DEBUG: Using reactor: twisted.internet.asyncioreactor.AsyncioSelectorReactor
2023-06-30 18:32:00 [scrapy.utils.log] DEBUG: Using asyncio event loop: asyncio.unix_events._UnixSelectorEventLoop
2023-06-30 18:32:00 [scrapy.extensions.telnet] INFO: Telnet Password: 49b4a3e22ec36a4e
2023-06-30 18:32:01 [scrapy.middleware] INFO: Enabled extensions:
['scrapy.extensions.corestats.CoreStats',
 'scrapy.extensions.telnet.TelnetConsole',
 'scrapy.extensions.memusage.MemoryUsage',
 'scrapy.extensions.logstats.LogStats']
2023-06-30 18:32:01 [scrapy.middleware] INFO: Enabled downloader middlewares:
['scrapy.downloadermiddlewares.robotstxt.RobotsTxtMiddleware',
 'scrapy.downloadermiddlewares.httpauth.HttpAuthMiddleware',
 'scrapy.downloadermiddlewares.downloadtimeout.DownloadTimeoutMiddleware',
 'scrapy.downloadermiddlewares.defaultheaders.DefaultHeadersMiddleware',
 'scrapy.downloadermiddlewares.useragent.UserAgentMiddleware',
 'scrapy.downloadermiddlewares.retry.RetryMiddleware',
 'scrapy.downloadermiddlewares.redirect.MetaRefreshMiddleware',
 'scrapy.downloadermiddlewares.httpcompression.HttpCompressionMiddleware',
 'scrapy.downloadermiddlewares.redirect.RedirectMiddleware',
 'scrapy.downloadermiddlewares.cookies.CookiesMiddleware',
 'scrapy.downloadermiddlewares.httpproxy.HttpProxyMiddleware',
 'scrapy.downloadermiddlewares.stats.DownloaderStats']
2023-06-30 18:32:01 [scrapy.middleware] INFO: Enabled spider middlewares:
['scrapy.spidermiddlewares.httperror.HttpErrorMiddleware',
 'scrapy.spidermiddlewares.offsite.OffsiteMiddleware',
 'scrapy.spidermiddlewares.referer.RefererMiddleware',
 'scrapy.spidermiddlewares.urllength.UrlLengthMiddleware',
 'scrapy.spidermiddlewares.depth.DepthMiddleware']
2023-06-30 18:32:01 [scrapy.middleware] INFO: Enabled item pipelines:
[]
2023-06-30 18:32:01 [scrapy.core.engine] INFO: Spider opened
2023-06-30 18:32:01 [scrapy.extensions.logstats] INFO: Crawled 0 pages (at 0 pages/min), scraped 0 items (at 0 items/min)
2023-06-30 18:32:01 [scrapy.extensions.telnet] INFO: Telnet console listening on 127.0.0.1:6023
2023-06-30 18:32:02 [scrapy.core.engine] DEBUG: Crawled (200) <GET https://dl.ndl.go.jp/robots.txt> (referer: None)
2023-06-30 18:32:03 [scrapy.core.engine] DEBUG: Crawled (200) <POST https://dl.ndl.go.jp/api/item/search> (referer: None)
2023-06-30 18:32:03 [booklist] INFO: Fetched page 1
2023-06-30 18:32:03 [booklist] INFO: VALID_ID: 2588408
2023-06-30 18:32:03 [booklist] INFO: VALID_ID: 1286341
2023-06-30 18:32:03 [booklist] INFO: VALID_ID: 1303892
2023-06-30 18:32:03 [booklist] INFO: VALID_ID: 1311062
2023-06-30 18:32:03 [booklist] INFO: VALID_ID: 2588409
2023-06-30 18:32:03 [booklist] INFO: VALID_ID: 2572942
2023-06-30 18:32:03 [booklist] INFO: VALID_ID: 2606980
2023-06-30 18:32:03 [booklist] INFO: VALID_ID: 2588480
2023-06-30 18:32:03 [booklist] INFO: VALID_ID: 2588481
2023-06-30 18:32:03 [booklist] INFO: VALID_ID: 1287556
2023-06-30 18:32:03 [booklist] INFO: VALID_ID: 2572941
2023-06-30 18:32:03 [booklist] INFO: VALID_ID: 2588410
2023-06-30 18:32:03 [booklist] INFO: VALID_ID: 11891765
2023-06-30 18:32:03 [booklist] INFO: VALID_ID: 2588483
2023-06-30 18:32:03 [booklist] INFO: VALID_ID: 2587764
2023-06-30 18:32:03 [booklist] INFO: VALID_ID: 2610780
2023-06-30 18:32:03 [booklist] INFO: VALID_ID: 1303875
2023-06-30 18:32:03 [booklist] INFO: VALID_ID: 2588482
2023-06-30 18:32:03 [booklist] INFO: VALID_ID: 1311924
2023-06-30 18:32:03 [booklist] INFO: VALID_ID: 2542661
2023-06-30 18:32:03 [booklist] INFO: VALID_ID: 1287572
2023-06-30 18:32:03 [booklist] INFO: VALID_ID: 1287579
2023-06-30 18:32:03 [booklist] INFO: VALID_ID: 1287583
2023-06-30 18:32:03 [booklist] INFO: VALID_ID: 1311229
2023-06-30 18:32:03 [booklist] INFO: VALID_ID: 1311264
2023-06-30 18:32:03 [booklist] INFO: VALID_ID: 2533678
2023-06-30 18:32:03 [booklist] INFO: VALID_ID: 2538604
2023-06-30 18:32:03 [booklist] INFO: VALID_ID: 2599170
2023-06-30 18:32:03 [booklist] INFO: VALID_ID: 2554531
2023-06-30 18:32:03 [booklist] INFO: VALID_ID: 2532810
2023-06-30 18:32:03 [booklist] INFO: VALID_ID: 1287568
2023-06-30 18:32:03 [booklist] INFO: VALID_ID: 1287546
2023-06-30 18:32:03 [booklist] INFO: VALID_ID: 1287847
2023-06-30 18:32:03 [booklist] INFO: VALID_ID: 1287863
2023-06-30 18:32:03 [booklist] INFO: VALID_ID: 1287581
2023-06-30 18:32:03 [booklist] INFO: VALID_ID: 1287826
2023-06-30 18:32:03 [booklist] INFO: VALID_ID: 1287849
2023-06-30 18:32:03 [booklist] INFO: VALID_ID: 1287580
2023-06-30 18:32:03 [booklist] INFO: VALID_ID: 1287559
2023-06-30 18:32:03 [booklist] INFO: VALID_ID: 1287856
2023-06-30 18:32:03 [booklist] INFO: VALID_ID: 1287857
2023-06-30 18:32:03 [booklist] INFO: VALID_ID: 2532914
2023-06-30 18:32:03 [booklist] INFO: VALID_ID: 1287862
2023-06-30 18:32:03 [booklist] INFO: VALID_ID: 1287547
2023-06-30 18:32:03 [booklist] INFO: VALID_ID: 1287571
2023-06-30 18:32:03 [booklist] INFO: VALID_ID: 1287578
2023-06-30 18:32:03 [booklist] INFO: VALID_ID: 1287567
2023-06-30 18:32:03 [booklist] INFO: VALID_ID: 2587768
2023-06-30 18:32:03 [booklist] INFO: VALID_ID: 1307758
2023-06-30 18:32:03 [booklist] INFO: VALID_ID: 2532946
2023-06-30 18:32:03 [booklist] INFO: VALID_ID: 1310936
2023-06-30 18:32:03 [booklist] INFO: VALID_ID: 2606055
2023-06-30 18:32:03 [booklist] INFO: VALID_ID: 2559121
2023-06-30 18:32:03 [booklist] INFO: VALID_ID: 1287573
2023-06-30 18:32:03 [booklist] INFO: VALID_ID: 1287584
2023-06-30 18:32:03 [booklist] INFO: VALID_ID: 1287858
2023-06-30 18:32:03 [booklist] INFO: VALID_ID: 1287834
2023-06-30 18:32:03 [booklist] INFO: VALID_ID: 10301684
2023-06-30 18:32:03 [booklist] INFO: VALID_ID: 1287850
2023-06-30 18:32:03 [booklist] INFO: VALID_ID: 1287848
2023-06-30 18:32:03 [booklist] INFO: VALID_ID: 10301763
2023-06-30 18:32:03 [booklist] INFO: VALID_ID: 1288332
2023-06-30 18:32:03 [booklist] INFO: VALID_ID: 2587769
2023-06-30 18:32:03 [booklist] INFO: VALID_ID: 1287846
2023-06-30 18:32:03 [booklist] INFO: VALID_ID: 1287864
2023-06-30 18:32:03 [booklist] INFO: VALID_ID: 1287865
2023-06-30 18:32:03 [booklist] INFO: VALID_ID: 2540697
2023-06-30 18:32:03 [booklist] INFO: VALID_ID: 1287832
2023-06-30 18:32:03 [booklist] INFO: VALID_ID: 2587765
2023-06-30 18:32:03 [booklist] INFO: VALID_ID: 1288338
2023-06-30 18:32:03 [booklist] INFO: VALID_ID: 2548838
2023-06-30 18:32:03 [booklist] INFO: VALID_ID: 10303436
2023-06-30 18:32:03 [booklist] INFO: VALID_ID: 2585607
2023-06-30 18:32:03 [booklist] INFO: VALID_ID: 1287833
2023-06-30 18:32:03 [booklist] INFO: VALID_ID: 2540549
2023-06-30 18:32:03 [booklist] INFO: VALID_ID: 2592945
2023-06-30 18:32:03 [booklist] INFO: VALID_ID: 2540591
2023-06-30 18:32:03 [booklist] INFO: VALID_ID: 8943102
2023-06-30 18:32:03 [booklist] INFO: VALID_ID: 2559227
2023-06-30 18:32:03 [booklist] INFO: VALID_ID: 2607558
2023-06-30 18:32:03 [booklist] INFO: VALID_ID: 2589093
2023-06-30 18:32:03 [booklist] INFO: VALID_ID: 2540603
2023-06-30 18:32:03 [booklist] INFO: VALID_ID: 8943104
2023-06-30 18:32:03 [booklist] INFO: VALID_ID: 8943100
2023-06-30 18:32:03 [booklist] INFO: VALID_ID: 8943268
2023-06-30 18:32:03 [booklist] INFO: VALID_ID: 8943101
2023-06-30 18:32:03 [booklist] INFO: VALID_ID: 2540670
2023-06-30 18:32:03 [booklist] INFO: VALID_ID: 8943103
2023-06-30 18:32:03 [booklist] INFO: VALID_ID: 2585474
2023-06-30 18:32:03 [booklist] INFO: VALID_ID: 2585223
2023-06-30 18:32:03 [booklist] INFO: VALID_ID: 2585533
2023-06-30 18:32:03 [booklist] INFO: VALID_ID: 2589092
2023-06-30 18:32:03 [booklist] INFO: VALID_ID: 1287817
2023-06-30 18:32:03 [booklist] INFO: VALID_ID: 2553312
2023-06-30 18:32:03 [booklist] INFO: VALID_ID: 2585466
2023-06-30 18:32:03 [booklist] INFO: VALID_ID: 2589095
2023-06-30 18:32:03 [booklist] INFO: VALID_ID: 1310192
2023-06-30 18:32:03 [booklist] INFO: VALID_ID: 1287805
2023-06-30 18:32:03 [booklist] INFO: VALID_ID: 2585196
2023-06-30 18:32:03 [booklist] INFO: VALID_ID: 2585475
2023-06-30 18:32:05 [scrapy.core.engine] DEBUG: Crawled (200) <POST https://dl.ndl.go.jp/api/item/search> (referer: https://dl.ndl.go.jp/api/item/search)
2023-06-30 18:32:05 [booklist] INFO: Fetched page 2
2023-06-30 18:32:06 [booklist] INFO: VALID_ID: 2548292
2023-06-30 18:32:06 [booklist] INFO: VALID_ID: 1287805
2023-06-30 18:32:06 [booklist] INFO: VALID_ID: 1302545
2023-06-30 18:32:06 [booklist] INFO: VALID_ID: 2589095
2023-06-30 18:32:06 [booklist] INFO: VALID_ID: 10301247
2023-06-30 18:32:06 [booklist] INFO: VALID_ID: 10301743
2023-06-30 18:32:06 [booklist] INFO: VALID_ID: 2551759
2023-06-30 18:32:06 [booklist] INFO: VALID_ID: 2550543
2023-06-30 18:32:06 [booklist] INFO: VALID_ID: 10301459
2023-06-30 18:32:06 [booklist] INFO: VALID_ID: 10301753
2023-06-30 18:32:06 [booklist] INFO: VALID_ID: 2585246
2023-06-30 18:32:06 [booklist] INFO: VALID_ID: 2548293
2023-06-30 18:32:06 [booklist] INFO: VALID_ID: 2548595
2023-06-30 18:32:06 [booklist] INFO: VALID_ID: 10300952
2023-06-30 18:32:06 [booklist] INFO: VALID_ID: 2606533
2023-06-30 18:32:06 [booklist] INFO: VALID_ID: 2585399
2023-06-30 18:32:06 [booklist] INFO: VALID_ID: 10301236
2023-06-30 18:32:06 [booklist] INFO: VALID_ID: 2532423
2023-06-30 18:32:06 [booklist] INFO: VALID_ID: 2548632
2023-06-30 18:32:06 [booklist] INFO: VALID_ID: 10301500
2023-06-30 18:32:06 [booklist] INFO: VALID_ID: 2548129
2023-06-30 18:32:06 [booklist] INFO: VALID_ID: 2605424
2023-06-30 18:32:06 [booklist] INFO: VALID_ID: 2559087
2023-06-30 18:32:06 [booklist] INFO: VALID_ID: 2559090
2023-06-30 18:32:06 [booklist] INFO: VALID_ID: 2559082
2023-06-30 18:32:06 [booklist] INFO: VALID_ID: 2559083
2023-06-30 18:32:06 [booklist] INFO: VALID_ID: 2559086
2023-06-30 18:32:06 [booklist] INFO: VALID_ID: 2559088
2023-06-30 18:32:06 [booklist] INFO: VALID_ID: 2559089
2023-06-30 18:32:06 [booklist] INFO: VALID_ID: 2559085
2023-06-30 18:32:06 [booklist] INFO: VALID_ID: 2610499
2023-06-30 18:32:06 [booklist] INFO: VALID_ID: 10301752
2023-06-30 18:32:06 [booklist] INFO: VALID_ID: 2587851
2023-06-30 18:32:06 [booklist] INFO: VALID_ID: 2587576
2023-06-30 18:32:06 [booklist] INFO: VALID_ID: 2587587
2023-06-30 18:32:06 [booklist] INFO: VALID_ID: 2587588
2023-06-30 18:32:06 [booklist] INFO: VALID_ID: 2587578
2023-06-30 18:32:06 [booklist] INFO: VALID_ID: 2608047
2023-06-30 18:32:06 [booklist] INFO: VALID_ID: 2587590
2023-06-30 18:32:06 [booklist] INFO: VALID_ID: 2587948
2023-06-30 18:32:06 [booklist] INFO: VALID_ID: 2587586
2023-06-30 18:32:06 [booklist] INFO: VALID_ID: 10301207
2023-06-30 18:32:06 [booklist] INFO: VALID_ID: 2587579
2023-06-30 18:32:06 [booklist] INFO: VALID_ID: 2548646
2023-06-30 18:32:06 [booklist] INFO: VALID_ID: 2587589
2023-06-30 18:32:06 [booklist] INFO: VALID_ID: 2587949
2023-06-30 18:32:06 [booklist] INFO: VALID_ID: 2608598
2023-06-30 18:32:06 [booklist] INFO: VALID_ID: 10301149
2023-06-30 18:32:06 [booklist] INFO: VALID_ID: 2605933
2023-06-30 18:32:06 [booklist] INFO: VALID_ID: 2572845
2023-06-30 18:32:06 [booklist] INFO: VALID_ID: 9369963
2023-06-30 18:32:06 [booklist] INFO: VALID_ID: 10301535
2023-06-30 18:32:06 [booklist] INFO: VALID_ID: 2548596
2023-06-30 18:32:06 [booklist] INFO: VALID_ID: 2548689
2023-06-30 18:32:06 [booklist] INFO: VALID_ID: 2559126
2023-06-30 18:32:06 [booklist] INFO: VALID_ID: 2559119
2023-06-30 18:32:06 [booklist] INFO: VALID_ID: 2559117
2023-06-30 18:32:06 [booklist] INFO: VALID_ID: 2559129
2023-06-30 18:32:06 [booklist] INFO: VALID_ID: 2605214
2023-06-30 18:32:06 [booklist] INFO: VALID_ID: 2559124
2023-06-30 18:32:06 [booklist] INFO: VALID_ID: 2559128
2023-06-30 18:32:06 [booklist] INFO: VALID_ID: 2559131
2023-06-30 18:32:06 [booklist] INFO: VALID_ID: 2559118
2023-06-30 18:32:06 [booklist] INFO: VALID_ID: 2559122
2023-06-30 18:32:06 [booklist] INFO: VALID_ID: 2559123
2023-06-30 18:32:06 [booklist] INFO: VALID_ID: 2559120
2023-06-30 18:32:06 [booklist] INFO: VALID_ID: 2559130
2023-06-30 18:32:06 [booklist] INFO: VALID_ID: 2559125
2023-06-30 18:32:06 [booklist] INFO: VALID_ID: 2559132
2023-06-30 18:32:06 [booklist] INFO: VALID_ID: 2559127
2023-06-30 18:32:06 [booklist] INFO: VALID_ID: 2572529
2023-06-30 18:32:06 [booklist] INFO: VALID_ID: 2559224
2023-06-30 18:32:06 [booklist] INFO: VALID_ID: 2559225
2023-06-30 18:32:06 [booklist] INFO: VALID_ID: 2559219
2023-06-30 18:32:06 [booklist] INFO: VALID_ID: 2559220
2023-06-30 18:32:06 [booklist] INFO: VALID_ID: 2559222
2023-06-30 18:32:06 [booklist] INFO: VALID_ID: 2559226
2023-06-30 18:32:06 [booklist] INFO: VALID_ID: 2559228
2023-06-30 18:32:06 [booklist] INFO: VALID_ID: 2559230
2023-06-30 18:32:06 [booklist] INFO: VALID_ID: 2559221
2023-06-30 18:32:06 [booklist] INFO: VALID_ID: 2559223
2023-06-30 18:32:06 [booklist] INFO: VALID_ID: 2559229
2023-06-30 18:32:06 [booklist] INFO: VALID_ID: 2559231
2023-06-30 18:32:06 [booklist] INFO: VALID_ID: 2542560
2023-06-30 18:32:06 [booklist] INFO: VALID_ID: 2550198
2023-06-30 18:32:06 [booklist] INFO: VALID_ID: 2609783
2023-06-30 18:32:06 [booklist] INFO: VALID_ID: 2611035
2023-06-30 18:32:06 [booklist] INFO: VALID_ID: 2610138
2023-06-30 18:32:06 [scrapy.core.engine] DEBUG: Crawled (200) <POST https://dl.ndl.go.jp/api/item/search> (referer: https://dl.ndl.go.jp/api/item/search)
2023-06-30 18:32:06 [booklist] INFO: Fetched page 3
2023-06-30 18:32:06 [booklist] INFO: No more books on 3
2023-06-30 18:32:06 [scrapy.core.engine] INFO: Closing spider (finished)
2023-06-30 18:32:06 [scrapy.statscollectors] INFO: Dumping Scrapy stats:
{'downloader/request_bytes': 4228,
 'downloader/request_count': 4,
 'downloader/request_method_count/GET': 1,
 'downloader/request_method_count/POST': 3,
 'downloader/response_bytes': 1094874,
 'downloader/response_count': 4,
 'downloader/response_status_count/200': 4,
 'elapsed_time_seconds': 5.083164,
 'finish_reason': 'finished',
 'finish_time': datetime.datetime(2023, 6, 30, 10, 32, 6, 618445),
 'httpcompression/response_bytes': 12668387,
 'httpcompression/response_count': 3,
 'log_count/DEBUG': 7,
 'log_count/INFO': 202,
 'memusage/max': 63860736,
 'memusage/startup': 63860736,
 'request_depth_max': 2,
 'response_received_count': 4,
 'robotstxt/request_count': 1,
 'robotstxt/response_count': 1,
 'robotstxt/response_status_count/200': 1,
 'scheduler/dequeued': 3,
 'scheduler/dequeued/memory': 3,
 'scheduler/enqueued': 3,
 'scheduler/enqueued/memory': 3,
 'start_time': datetime.datetime(2023, 6, 30, 10, 32, 1, 535281)}
2023-06-30 18:32:06 [scrapy.core.engine] INFO: Spider closed (finished)
