2023-06-30 18:47:40 [scrapy.utils.log] INFO: Scrapy 2.9.0 started (bot: ndlcrawler)
2023-06-30 18:47:40 [scrapy.utils.log] INFO: Versions: lxml 4.9.2.0, libxml2 2.9.14, cssselect 1.2.0, parsel 1.8.1, w3lib 2.1.1, Twisted 22.10.0, Python 3.10.10 (main, Mar  5 2023, 22:26:53) [GCC 12.2.1 20230201], pyOpenSSL 23.2.0 (OpenSSL 3.1.1 30 May 2023), cryptography 41.0.1, Platform Linux-6.2.12-arch1-1-x86_64-with-glibc2.37
2023-06-30 18:47:40 [scrapy.crawler] INFO: Overridden settings:
{'BOT_NAME': 'ndlcrawler',
 'FEED_EXPORT_ENCODING': 'utf-8',
 'LOG_FILE': 'logs/booklist.title.術.log',
 'NEWSPIDER_MODULE': 'ndlcrawler.spiders',
 'REQUEST_FINGERPRINTER_IMPLEMENTATION': '2.7',
 'ROBOTSTXT_OBEY': True,
 'SPIDER_MODULES': ['ndlcrawler.spiders'],
 'TWISTED_REACTOR': 'twisted.internet.asyncioreactor.AsyncioSelectorReactor'}
2023-06-30 18:47:40 [asyncio] DEBUG: Using selector: EpollSelector
2023-06-30 18:47:40 [scrapy.utils.log] DEBUG: Using reactor: twisted.internet.asyncioreactor.AsyncioSelectorReactor
2023-06-30 18:47:40 [scrapy.utils.log] DEBUG: Using asyncio event loop: asyncio.unix_events._UnixSelectorEventLoop
2023-06-30 18:47:40 [scrapy.extensions.telnet] INFO: Telnet Password: be221781076ad665
2023-06-30 18:47:40 [scrapy.middleware] INFO: Enabled extensions:
['scrapy.extensions.corestats.CoreStats',
 'scrapy.extensions.telnet.TelnetConsole',
 'scrapy.extensions.memusage.MemoryUsage',
 'scrapy.extensions.logstats.LogStats']
2023-06-30 18:47:40 [scrapy.middleware] INFO: Enabled downloader middlewares:
['scrapy.downloadermiddlewares.robotstxt.RobotsTxtMiddleware',
 'scrapy.downloadermiddlewares.httpauth.HttpAuthMiddleware',
 'scrapy.downloadermiddlewares.downloadtimeout.DownloadTimeoutMiddleware',
 'scrapy.downloadermiddlewares.defaultheaders.DefaultHeadersMiddleware',
 'scrapy.downloadermiddlewares.useragent.UserAgentMiddleware',
 'scrapy.downloadermiddlewares.retry.RetryMiddleware',
 'scrapy.downloadermiddlewares.redirect.MetaRefreshMiddleware',
 'scrapy.downloadermiddlewares.httpcompression.HttpCompressionMiddleware',
 'scrapy.downloadermiddlewares.redirect.RedirectMiddleware',
 'scrapy.downloadermiddlewares.cookies.CookiesMiddleware',
 'scrapy.downloadermiddlewares.httpproxy.HttpProxyMiddleware',
 'scrapy.downloadermiddlewares.stats.DownloaderStats']
2023-06-30 18:47:40 [scrapy.middleware] INFO: Enabled spider middlewares:
['scrapy.spidermiddlewares.httperror.HttpErrorMiddleware',
 'scrapy.spidermiddlewares.offsite.OffsiteMiddleware',
 'scrapy.spidermiddlewares.referer.RefererMiddleware',
 'scrapy.spidermiddlewares.urllength.UrlLengthMiddleware',
 'scrapy.spidermiddlewares.depth.DepthMiddleware']
2023-06-30 18:47:40 [scrapy.middleware] INFO: Enabled item pipelines:
[]
2023-06-30 18:47:40 [scrapy.core.engine] INFO: Spider opened
2023-06-30 18:47:40 [scrapy.extensions.logstats] INFO: Crawled 0 pages (at 0 pages/min), scraped 0 items (at 0 items/min)
2023-06-30 18:47:40 [scrapy.extensions.telnet] INFO: Telnet console listening on 127.0.0.1:6023
2023-06-30 18:47:41 [scrapy.core.engine] DEBUG: Crawled (200) <GET https://dl.ndl.go.jp/robots.txt> (referer: None)
2023-06-30 18:47:42 [scrapy.core.engine] DEBUG: Crawled (200) <POST https://dl.ndl.go.jp/api/item/search> (referer: None)
2023-06-30 18:47:42 [booklist] INFO: Fetched page 1
2023-06-30 18:47:43 [booklist] INFO: VALID_ID: 2609273
2023-06-30 18:47:43 [booklist] INFO: VALID_ID: 2537144
2023-06-30 18:47:43 [booklist] INFO: VALID_ID: 2597703
2023-06-30 18:47:43 [booklist] INFO: VALID_ID: 3508476
2023-06-30 18:47:43 [booklist] INFO: VALID_ID: 2597697
2023-06-30 18:47:43 [booklist] INFO: VALID_ID: 11891905
2023-06-30 18:47:43 [booklist] INFO: VALID_ID: 2597698
2023-06-30 18:47:43 [booklist] INFO: VALID_ID: 2536298
2023-06-30 18:47:43 [booklist] INFO: VALID_ID: 2595884
2023-06-30 18:47:43 [booklist] INFO: VALID_ID: 2597696
2023-06-30 18:47:43 [booklist] INFO: VALID_ID: 2595886
2023-06-30 18:47:43 [booklist] INFO: VALID_ID: 3511857
2023-06-30 18:47:43 [booklist] INFO: VALID_ID: 3508470
2023-06-30 18:47:43 [booklist] INFO: VALID_ID: 2595887
2023-06-30 18:47:43 [booklist] INFO: VALID_ID: 2597695
2023-06-30 18:47:43 [booklist] INFO: VALID_ID: 2597699
2023-06-30 18:47:43 [booklist] INFO: VALID_ID: 2597705
2023-06-30 18:47:43 [booklist] INFO: VALID_ID: 3508474
2023-06-30 18:47:43 [booklist] INFO: VALID_ID: 2597693
2023-06-30 18:47:43 [booklist] INFO: VALID_ID: 2595885
2023-06-30 18:47:43 [booklist] INFO: VALID_ID: 3508475
2023-06-30 18:47:43 [booklist] INFO: VALID_ID: 9369995
2023-06-30 18:47:43 [booklist] INFO: VALID_ID: 2606370
2023-06-30 18:47:43 [booklist] INFO: VALID_ID: 2595787
2023-06-30 18:47:43 [booklist] INFO: VALID_ID: 2556180
2023-06-30 18:47:43 [booklist] INFO: VALID_ID: 2556175
2023-06-30 18:47:43 [booklist] INFO: VALID_ID: 2556182
2023-06-30 18:47:43 [booklist] INFO: VALID_ID: 2535669
2023-06-30 18:47:43 [booklist] INFO: VALID_ID: 9369998
2023-06-30 18:47:43 [booklist] INFO: VALID_ID: 2546140
2023-06-30 18:47:43 [booklist] INFO: VALID_ID: 2546148
2023-06-30 18:47:43 [booklist] INFO: VALID_ID: 2536158
2023-06-30 18:47:43 [booklist] INFO: VALID_ID: 2556176
2023-06-30 18:47:43 [booklist] INFO: VALID_ID: 9369999
2023-06-30 18:47:43 [booklist] INFO: VALID_ID: 2546145
2023-06-30 18:47:43 [booklist] INFO: VALID_ID: 2560262
2023-06-30 18:47:43 [booklist] INFO: VALID_ID: 9369990
2023-06-30 18:47:43 [booklist] INFO: VALID_ID: 2546143
2023-06-30 18:47:43 [booklist] INFO: VALID_ID: 2556184
2023-06-30 18:47:43 [booklist] INFO: VALID_ID: 9369996
2023-06-30 18:47:43 [booklist] INFO: VALID_ID: 2546141
2023-06-30 18:47:43 [booklist] INFO: VALID_ID: 2536162
2023-06-30 18:47:43 [booklist] INFO: VALID_ID: 2560261
2023-06-30 18:47:43 [booklist] INFO: VALID_ID: 9369989
2023-06-30 18:47:43 [booklist] INFO: VALID_ID: 2556177
2023-06-30 18:47:43 [booklist] INFO: VALID_ID: 9369991
2023-06-30 18:47:43 [booklist] INFO: VALID_ID: 1310618
2023-06-30 18:47:43 [booklist] INFO: VALID_ID: 9369992
2023-06-30 18:47:43 [booklist] INFO: VALID_ID: 2533576
2023-06-30 18:47:43 [booklist] INFO: VALID_ID: 2556183
2023-06-30 18:47:43 [booklist] INFO: VALID_ID: 2606832
2023-06-30 18:47:43 [booklist] INFO: VALID_ID: 2556181
2023-06-30 18:47:43 [booklist] INFO: VALID_ID: 9369987
2023-06-30 18:47:43 [booklist] INFO: VALID_ID: 2551914
2023-06-30 18:47:43 [booklist] INFO: VALID_ID: 2598676
2023-06-30 18:47:43 [booklist] INFO: VALID_ID: 9369994
2023-06-30 18:47:43 [booklist] INFO: VALID_ID: 9369988
2023-06-30 18:47:43 [booklist] INFO: VALID_ID: 9369997
2023-06-30 18:47:43 [booklist] INFO: VALID_ID: 2608905
2023-06-30 18:47:43 [booklist] INFO: VALID_ID: 2560263
2023-06-30 18:47:43 [booklist] INFO: VALID_ID: 2546142
2023-06-30 18:47:43 [booklist] INFO: VALID_ID: 2546147
2023-06-30 18:47:43 [booklist] INFO: VALID_ID: 2556179
2023-06-30 18:47:43 [booklist] INFO: VALID_ID: 9369993
2023-06-30 18:47:43 [booklist] INFO: VALID_ID: 2546144
2023-06-30 18:47:43 [booklist] INFO: VALID_ID: 2546146
2023-06-30 18:47:43 [booklist] INFO: VALID_ID: 2605293
2023-06-30 18:47:43 [booklist] INFO: VALID_ID: 2556178
2023-06-30 18:47:43 [booklist] INFO: VALID_ID: 2607796
2023-06-30 18:47:43 [booklist] INFO: VALID_ID: 2532415
2023-06-30 18:47:43 [booklist] INFO: VALID_ID: 2535878
2023-06-30 18:47:43 [booklist] INFO: VALID_ID: 2558132
2023-06-30 18:47:43 [booklist] INFO: VALID_ID: 2558133
2023-06-30 18:47:43 [booklist] INFO: VALID_ID: 2581836
2023-06-30 18:47:43 [booklist] INFO: VALID_ID: 9892553
2023-06-30 18:47:43 [booklist] INFO: VALID_ID: 2610659
2023-06-30 18:47:43 [booklist] INFO: VALID_ID: 2551913
2023-06-30 18:47:43 [booklist] INFO: VALID_ID: 2542705
2023-06-30 18:47:43 [booklist] INFO: VALID_ID: 1307847
2023-06-30 18:47:43 [booklist] INFO: VALID_ID: 1311565
2023-06-30 18:47:43 [booklist] INFO: VALID_ID: 1302617
2023-06-30 18:47:43 [booklist] INFO: VALID_ID: 2573631
2023-06-30 18:47:43 [booklist] INFO: VALID_ID: 2539168
2023-06-30 18:47:43 [booklist] INFO: VALID_ID: 1302984
2023-06-30 18:47:43 [booklist] INFO: VALID_ID: 2608548
2023-06-30 18:47:43 [booklist] INFO: VALID_ID: 2564989
2023-06-30 18:47:43 [booklist] INFO: VALID_ID: 2585579
2023-06-30 18:47:43 [booklist] INFO: VALID_ID: 2564986
2023-06-30 18:47:43 [booklist] INFO: VALID_ID: 2564987
2023-06-30 18:47:43 [booklist] INFO: VALID_ID: 2564988
2023-06-30 18:47:43 [booklist] INFO: VALID_ID: 2564990
2023-06-30 18:47:43 [booklist] INFO: VALID_ID: 3512425
2023-06-30 18:47:43 [booklist] INFO: VALID_ID: 2551915
2023-06-30 18:47:43 [booklist] INFO: VALID_ID: 1311108
2023-06-30 18:47:43 [booklist] INFO: VALID_ID: 10954754
2023-06-30 18:47:43 [booklist] INFO: VALID_ID: 1312658
2023-06-30 18:47:43 [booklist] INFO: VALID_ID: 9369962
2023-06-30 18:47:43 [booklist] INFO: VALID_ID: 9369951
2023-06-30 18:47:43 [booklist] INFO: VALID_ID: 10300957
2023-06-30 18:47:43 [booklist] INFO: VALID_ID: 2590377
2023-06-30 18:47:43 [scrapy.core.engine] DEBUG: Crawled (200) <POST https://dl.ndl.go.jp/api/item/search> (referer: https://dl.ndl.go.jp/api/item/search)
2023-06-30 18:47:43 [booklist] INFO: Fetched page 2
2023-06-30 18:47:43 [booklist] INFO: VALID_ID: 11038512
2023-06-30 18:47:43 [booklist] INFO: VALID_ID: 2585292
2023-06-30 18:47:43 [booklist] INFO: VALID_ID: 2537721
2023-06-30 18:47:43 [booklist] INFO: VALID_ID: 2592525
2023-06-30 18:47:43 [booklist] INFO: VALID_ID: 10301407
2023-06-30 18:47:43 [booklist] INFO: VALID_ID: 10301149
2023-06-30 18:47:43 [booklist] INFO: VALID_ID: 2605546
2023-06-30 18:47:43 [booklist] INFO: VALID_ID: 2611103
2023-06-30 18:47:43 [booklist] INFO: VALID_ID: 10301165
2023-06-30 18:47:43 [booklist] INFO: VALID_ID: 2608873
2023-06-30 18:47:43 [booklist] INFO: VALID_ID: 2609227
2023-06-30 18:47:43 [booklist] INFO: VALID_ID: 2610129
2023-06-30 18:47:43 [booklist] INFO: VALID_ID: 2609861
2023-06-30 18:47:43 [booklist] INFO: VALID_ID: 2533156
2023-06-30 18:47:43 [booklist] INFO: VALID_ID: 9369963
2023-06-30 18:47:43 [booklist] INFO: VALID_ID: 2609552
2023-06-30 18:47:43 [booklist] INFO: VALID_ID: 2611085
2023-06-30 18:47:43 [booklist] INFO: VALID_ID: 2610518
2023-06-30 18:47:43 [booklist] INFO: VALID_ID: 9369953
2023-06-30 18:47:43 [booklist] INFO: VALID_ID: 2609783
2023-06-30 18:47:43 [scrapy.core.engine] DEBUG: Crawled (200) <POST https://dl.ndl.go.jp/api/item/search> (referer: https://dl.ndl.go.jp/api/item/search)
2023-06-30 18:47:44 [booklist] INFO: Fetched page 3
2023-06-30 18:47:44 [booklist] INFO: No more books on 3
2023-06-30 18:47:44 [scrapy.core.engine] INFO: Closing spider (finished)
2023-06-30 18:47:44 [scrapy.statscollectors] INFO: Dumping Scrapy stats:
{'downloader/request_bytes': 4228,
 'downloader/request_count': 4,
 'downloader/request_method_count/GET': 1,
 'downloader/request_method_count/POST': 3,
 'downloader/response_bytes': 654038,
 'downloader/response_count': 4,
 'downloader/response_status_count/200': 4,
 'elapsed_time_seconds': 3.124219,
 'finish_reason': 'finished',
 'finish_time': datetime.datetime(2023, 6, 30, 10, 47, 44, 59719),
 'httpcompression/response_bytes': 7697915,
 'httpcompression/response_count': 3,
 'log_count/DEBUG': 7,
 'log_count/INFO': 134,
 'memusage/max': 63582208,
 'memusage/startup': 63582208,
 'request_depth_max': 2,
 'response_received_count': 4,
 'robotstxt/request_count': 1,
 'robotstxt/response_count': 1,
 'robotstxt/response_status_count/200': 1,
 'scheduler/dequeued': 3,
 'scheduler/dequeued/memory': 3,
 'scheduler/enqueued': 3,
 'scheduler/enqueued/memory': 3,
 'start_time': datetime.datetime(2023, 6, 30, 10, 47, 40, 935500)}
2023-06-30 18:47:44 [scrapy.core.engine] INFO: Spider closed (finished)
