2023-06-30 16:28:18 [scrapy.utils.log] INFO: Scrapy 2.9.0 started (bot: ndlcrawler)
2023-06-30 16:28:18 [scrapy.utils.log] INFO: Versions: lxml 4.9.2.0, libxml2 2.9.14, cssselect 1.2.0, parsel 1.8.1, w3lib 2.1.1, Twisted 22.10.0, Python 3.10.10 (main, Mar  5 2023, 22:26:53) [GCC 12.2.1 20230201], pyOpenSSL 23.2.0 (OpenSSL 3.1.1 30 May 2023), cryptography 41.0.1, Platform Linux-6.2.12-arch1-1-x86_64-with-glibc2.37
2023-06-30 16:28:18 [scrapy.crawler] INFO: Overridden settings:
{'BOT_NAME': 'ndlcrawler',
 'FEED_EXPORT_ENCODING': 'utf-8',
 'LOG_FILE': 'logs/booklist.title.43.DESC.log',
 'NEWSPIDER_MODULE': 'ndlcrawler.spiders',
 'REQUEST_FINGERPRINTER_IMPLEMENTATION': '2.7',
 'ROBOTSTXT_OBEY': True,
 'SPIDER_MODULES': ['ndlcrawler.spiders'],
 'TWISTED_REACTOR': 'twisted.internet.asyncioreactor.AsyncioSelectorReactor'}
2023-06-30 16:28:18 [asyncio] DEBUG: Using selector: EpollSelector
2023-06-30 16:28:18 [scrapy.utils.log] DEBUG: Using reactor: twisted.internet.asyncioreactor.AsyncioSelectorReactor
2023-06-30 16:28:18 [scrapy.utils.log] DEBUG: Using asyncio event loop: asyncio.unix_events._UnixSelectorEventLoop
2023-06-30 16:28:18 [scrapy.extensions.telnet] INFO: Telnet Password: beedefdeb059b25e
2023-06-30 16:28:18 [scrapy.middleware] INFO: Enabled extensions:
['scrapy.extensions.corestats.CoreStats',
 'scrapy.extensions.telnet.TelnetConsole',
 'scrapy.extensions.memusage.MemoryUsage',
 'scrapy.extensions.logstats.LogStats']
2023-06-30 16:28:18 [scrapy.middleware] INFO: Enabled downloader middlewares:
['scrapy.downloadermiddlewares.robotstxt.RobotsTxtMiddleware',
 'scrapy.downloadermiddlewares.httpauth.HttpAuthMiddleware',
 'scrapy.downloadermiddlewares.downloadtimeout.DownloadTimeoutMiddleware',
 'scrapy.downloadermiddlewares.defaultheaders.DefaultHeadersMiddleware',
 'scrapy.downloadermiddlewares.useragent.UserAgentMiddleware',
 'scrapy.downloadermiddlewares.retry.RetryMiddleware',
 'scrapy.downloadermiddlewares.redirect.MetaRefreshMiddleware',
 'scrapy.downloadermiddlewares.httpcompression.HttpCompressionMiddleware',
 'scrapy.downloadermiddlewares.redirect.RedirectMiddleware',
 'scrapy.downloadermiddlewares.cookies.CookiesMiddleware',
 'scrapy.downloadermiddlewares.httpproxy.HttpProxyMiddleware',
 'scrapy.downloadermiddlewares.stats.DownloaderStats']
2023-06-30 16:28:18 [scrapy.middleware] INFO: Enabled spider middlewares:
['scrapy.spidermiddlewares.httperror.HttpErrorMiddleware',
 'scrapy.spidermiddlewares.offsite.OffsiteMiddleware',
 'scrapy.spidermiddlewares.referer.RefererMiddleware',
 'scrapy.spidermiddlewares.urllength.UrlLengthMiddleware',
 'scrapy.spidermiddlewares.depth.DepthMiddleware']
2023-06-30 16:28:18 [scrapy.middleware] INFO: Enabled item pipelines:
[]
2023-06-30 16:28:18 [scrapy.core.engine] INFO: Spider opened
2023-06-30 16:28:18 [scrapy.extensions.logstats] INFO: Crawled 0 pages (at 0 pages/min), scraped 0 items (at 0 items/min)
2023-06-30 16:28:18 [scrapy.extensions.telnet] INFO: Telnet console listening on 127.0.0.1:6024
2023-06-30 16:28:19 [scrapy.core.engine] DEBUG: Crawled (200) <GET https://dl.ndl.go.jp/robots.txt> (referer: None)
2023-06-30 16:28:20 [scrapy.core.engine] DEBUG: Crawled (200) <POST https://dl.ndl.go.jp/api/item/search> (referer: None)
2023-06-30 16:28:20 [booklist] INFO: Fetched page 1
2023-06-30 16:28:21 [booklist] INFO: VALID_ID: 2551321
2023-06-30 16:28:21 [booklist] INFO: VALID_ID: 2580715
2023-06-30 16:28:21 [booklist] INFO: VALID_ID: 2574074
2023-06-30 16:28:21 [booklist] INFO: VALID_ID: 2577068
2023-06-30 16:28:21 [booklist] INFO: VALID_ID: 2578835
2023-06-30 16:28:21 [booklist] INFO: VALID_ID: 2585140
2023-06-30 16:28:21 [booklist] INFO: VALID_ID: 2592488
2023-06-30 16:28:21 [booklist] INFO: VALID_ID: 2579551
2023-06-30 16:28:21 [booklist] INFO: VALID_ID: 2553774
2023-06-30 16:28:21 [booklist] INFO: VALID_ID: 2601160
2023-06-30 16:28:21 [booklist] INFO: VALID_ID: 2576737
2023-06-30 16:28:21 [booklist] INFO: VALID_ID: 2593064
2023-06-30 16:28:21 [booklist] INFO: VALID_ID: 2577335
2023-06-30 16:28:21 [booklist] INFO: VALID_ID: 2588383
2023-06-30 16:28:21 [booklist] INFO: VALID_ID: 2571350
2023-06-30 16:28:21 [booklist] INFO: VALID_ID: 2573438
2023-06-30 16:28:21 [booklist] INFO: VALID_ID: 2569739
2023-06-30 16:28:21 [booklist] INFO: VALID_ID: 2567601
2023-06-30 16:28:21 [booklist] INFO: VALID_ID: 2570522
2023-06-30 16:28:21 [booklist] INFO: VALID_ID: 2601081
2023-06-30 16:28:21 [booklist] INFO: VALID_ID: 2550063
2023-06-30 16:28:21 [booklist] INFO: VALID_ID: 2596482
2023-06-30 16:28:21 [booklist] INFO: VALID_ID: 2558934
2023-06-30 16:28:21 [booklist] INFO: VALID_ID: 2565774
2023-06-30 16:28:21 [booklist] INFO: VALID_ID: 2559258
2023-06-30 16:28:21 [booklist] INFO: VALID_ID: 2600698
2023-06-30 16:28:21 [booklist] INFO: VALID_ID: 2562257
2023-06-30 16:28:21 [booklist] INFO: VALID_ID: 2545327
2023-06-30 16:28:21 [booklist] INFO: VALID_ID: 2544188
2023-06-30 16:28:21 [booklist] INFO: VALID_ID: 2596390
2023-06-30 16:28:21 [booklist] INFO: VALID_ID: 2573825
2023-06-30 16:28:21 [booklist] INFO: VALID_ID: 2586062
2023-06-30 16:28:21 [booklist] INFO: VALID_ID: 2574813
2023-06-30 16:28:21 [booklist] INFO: VALID_ID: 2596100
2023-06-30 16:28:21 [booklist] INFO: VALID_ID: 2590429
2023-06-30 16:28:21 [booklist] INFO: VALID_ID: 2558516
2023-06-30 16:28:21 [booklist] INFO: VALID_ID: 2591312
2023-06-30 16:28:21 [booklist] INFO: VALID_ID: 2588085
2023-06-30 16:28:21 [booklist] INFO: VALID_ID: 2544276
2023-06-30 16:28:21 [booklist] INFO: VALID_ID: 2580388
2023-06-30 16:28:21 [booklist] INFO: VALID_ID: 2559306
2023-06-30 16:28:21 [booklist] INFO: VALID_ID: 2577674
2023-06-30 16:28:21 [booklist] INFO: VALID_ID: 2556403
2023-06-30 16:28:21 [booklist] INFO: VALID_ID: 2584958
2023-06-30 16:28:21 [booklist] INFO: VALID_ID: 2549528
2023-06-30 16:28:21 [booklist] INFO: VALID_ID: 2600906
2023-06-30 16:28:21 [booklist] INFO: VALID_ID: 2546320
2023-06-30 16:28:21 [booklist] INFO: VALID_ID: 2597837
2023-06-30 16:28:21 [booklist] INFO: VALID_ID: 2552604
2023-06-30 16:28:21 [booklist] INFO: VALID_ID: 2551042
2023-06-30 16:28:21 [booklist] INFO: VALID_ID: 2560842
2023-06-30 16:28:21 [booklist] INFO: VALID_ID: 2592011
2023-06-30 16:28:21 [booklist] INFO: VALID_ID: 2578671
2023-06-30 16:28:21 [booklist] INFO: VALID_ID: 2559135
2023-06-30 16:28:21 [booklist] INFO: VALID_ID: 2580328
2023-06-30 16:28:21 [booklist] INFO: VALID_ID: 2601320
2023-06-30 16:28:21 [booklist] INFO: VALID_ID: 2596996
2023-06-30 16:28:21 [booklist] INFO: VALID_ID: 2549932
2023-06-30 16:28:21 [booklist] INFO: VALID_ID: 2596007
2023-06-30 16:28:21 [booklist] INFO: VALID_ID: 2596856
2023-06-30 16:28:21 [booklist] INFO: VALID_ID: 2603221
2023-06-30 16:28:21 [booklist] INFO: VALID_ID: 2545547
2023-06-30 16:28:21 [booklist] INFO: VALID_ID: 2600314
2023-06-30 16:28:21 [booklist] INFO: VALID_ID: 2578026
2023-06-30 16:28:21 [booklist] INFO: VALID_ID: 2579774
2023-06-30 16:28:21 [booklist] INFO: VALID_ID: 2576353
2023-06-30 16:28:21 [booklist] INFO: VALID_ID: 2567507
2023-06-30 16:28:21 [booklist] INFO: VALID_ID: 2590683
2023-06-30 16:28:21 [booklist] INFO: VALID_ID: 2573388
2023-06-30 16:28:21 [booklist] INFO: VALID_ID: 2552333
2023-06-30 16:28:21 [booklist] INFO: VALID_ID: 2581161
2023-06-30 16:28:21 [booklist] INFO: VALID_ID: 2574459
2023-06-30 16:28:21 [booklist] INFO: VALID_ID: 2593220
2023-06-30 16:28:21 [booklist] INFO: VALID_ID: 2550012
2023-06-30 16:28:21 [booklist] INFO: VALID_ID: 2551806
2023-06-30 16:28:21 [booklist] INFO: VALID_ID: 2591399
2023-06-30 16:28:21 [booklist] INFO: VALID_ID: 2591165
2023-06-30 16:28:21 [booklist] INFO: VALID_ID: 2591629
2023-06-30 16:28:21 [booklist] INFO: VALID_ID: 2595954
2023-06-30 16:28:21 [booklist] INFO: VALID_ID: 2570702
2023-06-30 16:28:21 [booklist] INFO: VALID_ID: 2564796
2023-06-30 16:28:21 [booklist] INFO: VALID_ID: 2589828
2023-06-30 16:28:21 [booklist] INFO: VALID_ID: 2600164
2023-06-30 16:28:21 [booklist] INFO: VALID_ID: 2585078
2023-06-30 16:28:21 [booklist] INFO: VALID_ID: 2555109
2023-06-30 16:28:21 [booklist] INFO: VALID_ID: 2600861
2023-06-30 16:28:21 [booklist] INFO: VALID_ID: 2591048
2023-06-30 16:28:21 [booklist] INFO: VALID_ID: 2573905
2023-06-30 16:28:21 [booklist] INFO: VALID_ID: 2596542
2023-06-30 16:28:21 [booklist] INFO: VALID_ID: 2559039
2023-06-30 16:28:21 [booklist] INFO: VALID_ID: 2549414
2023-06-30 16:28:21 [booklist] INFO: VALID_ID: 2562471
2023-06-30 16:28:21 [booklist] INFO: VALID_ID: 2573268
2023-06-30 16:28:21 [booklist] INFO: VALID_ID: 2565720
2023-06-30 16:28:21 [booklist] INFO: VALID_ID: 2561723
2023-06-30 16:28:21 [booklist] INFO: VALID_ID: 2574579
2023-06-30 16:28:21 [booklist] INFO: VALID_ID: 2552020
2023-06-30 16:28:21 [booklist] INFO: VALID_ID: 2561448
2023-06-30 16:28:21 [booklist] INFO: VALID_ID: 2590219
2023-06-30 16:28:21 [booklist] INFO: VALID_ID: 2590128
2023-06-30 16:28:22 [scrapy.core.engine] DEBUG: Crawled (200) <POST https://dl.ndl.go.jp/api/item/search> (referer: https://dl.ndl.go.jp/api/item/search)
2023-06-30 16:28:23 [booklist] INFO: Fetched page 2
2023-06-30 16:28:23 [booklist] INFO: VALID_ID: 2590218
2023-06-30 16:28:23 [booklist] INFO: VALID_ID: 2562023
2023-06-30 16:28:23 [booklist] INFO: VALID_ID: 2553504
2023-06-30 16:28:23 [booklist] INFO: VALID_ID: 2590228
2023-06-30 16:28:23 [booklist] INFO: VALID_ID: 2572278
2023-06-30 16:28:23 [booklist] INFO: VALID_ID: 2576828
2023-06-30 16:28:23 [booklist] INFO: VALID_ID: 2590224
2023-06-30 16:28:23 [booklist] INFO: VALID_ID: 2590328
2023-06-30 16:28:23 [booklist] INFO: VALID_ID: 10301255
2023-06-30 16:28:23 [booklist] INFO: VALID_ID: 2561923
2023-06-30 16:28:23 [booklist] INFO: VALID_ID: 2561823
2023-06-30 16:28:23 [booklist] INFO: VALID_ID: 2590215
2023-06-30 16:28:23 [booklist] INFO: VALID_ID: 2571092
2023-06-30 16:28:23 [booklist] INFO: VALID_ID: 2590216
2023-06-30 16:28:23 [booklist] INFO: VALID_ID: 2597196
2023-06-30 16:28:23 [booklist] INFO: VALID_ID: 2574005
2023-06-30 16:28:23 [booklist] INFO: VALID_ID: 2551142
2023-06-30 16:28:23 [booklist] INFO: VALID_ID: 2590028
2023-06-30 16:28:23 [booklist] INFO: VALID_ID: 2577535
2023-06-30 16:28:23 [booklist] INFO: VALID_ID: 2597096
2023-06-30 16:28:23 [booklist] INFO: VALID_ID: 2570622
2023-06-30 16:28:23 [booklist] INFO: VALID_ID: 2600414
2023-06-30 16:28:23 [booklist] INFO: VALID_ID: 2590221
2023-06-30 16:28:23 [booklist] INFO: VALID_ID: 2584259
2023-06-30 16:28:23 [booklist] INFO: VALID_ID: 2590220
2023-06-30 16:28:23 [booklist] INFO: VALID_ID: 2597937
2023-06-30 16:28:23 [booklist] INFO: VALID_ID: 2577435
2023-06-30 16:28:23 [booklist] INFO: VALID_ID: 2589928
2023-06-30 16:28:23 [booklist] INFO: VALID_ID: 2590217
2023-06-30 16:28:23 [booklist] INFO: VALID_ID: 2590223
2023-06-30 16:28:23 [booklist] INFO: VALID_ID: 2590222
2023-06-30 16:28:23 [booklist] INFO: VALID_ID: 11891870
2023-06-30 16:28:23 [booklist] INFO: VALID_ID: 9370106
2023-06-30 16:28:23 [booklist] INFO: VALID_ID: 2588570
2023-06-30 16:28:23 [booklist] INFO: VALID_ID: 2548961
2023-06-30 16:28:23 [booklist] INFO: VALID_ID: 2548977
2023-06-30 16:28:23 [booklist] INFO: VALID_ID: 2548993
2023-06-30 16:28:23 [booklist] INFO: VALID_ID: 2548715
2023-06-30 16:28:23 [booklist] INFO: VALID_ID: 2548981
2023-06-30 16:28:23 [booklist] INFO: VALID_ID: 2549011
2023-06-30 16:28:23 [booklist] INFO: VALID_ID: 2548972
2023-06-30 16:28:23 [booklist] INFO: VALID_ID: 2548980
2023-06-30 16:28:23 [booklist] INFO: VALID_ID: 2548986
2023-06-30 16:28:23 [booklist] INFO: VALID_ID: 2548987
2023-06-30 16:28:23 [booklist] INFO: VALID_ID: 2549012
2023-06-30 16:28:23 [booklist] INFO: VALID_ID: 2587327
2023-06-30 16:28:23 [booklist] INFO: VALID_ID: 2548966
2023-06-30 16:28:23 [booklist] INFO: VALID_ID: 2549002
2023-06-30 16:28:23 [booklist] INFO: VALID_ID: 2548971
2023-06-30 16:28:23 [booklist] INFO: VALID_ID: 2548984
2023-06-30 16:28:23 [booklist] INFO: VALID_ID: 2548995
2023-06-30 16:28:23 [booklist] INFO: VALID_ID: 2548969
2023-06-30 16:28:23 [booklist] INFO: VALID_ID: 2572378
2023-06-30 16:28:23 [booklist] INFO: VALID_ID: 2548973
2023-06-30 16:28:23 [booklist] INFO: VALID_ID: 2548975
2023-06-30 16:28:23 [booklist] INFO: VALID_ID: 2548985
2023-06-30 16:28:23 [booklist] INFO: VALID_ID: 2548996
2023-06-30 16:28:23 [booklist] INFO: VALID_ID: 2548991
2023-06-30 16:28:23 [booklist] INFO: VALID_ID: 2548998
2023-06-30 16:28:23 [booklist] INFO: VALID_ID: 2549010
2023-06-30 16:28:23 [booklist] INFO: VALID_ID: 2548963
2023-06-30 16:28:23 [booklist] INFO: VALID_ID: 2548997
2023-06-30 16:28:23 [booklist] INFO: VALID_ID: 2607134
2023-06-30 16:28:23 [booklist] INFO: VALID_ID: 2548967
2023-06-30 16:28:23 [booklist] INFO: VALID_ID: 2548976
2023-06-30 16:28:23 [booklist] INFO: VALID_ID: 2549009
2023-06-30 16:28:23 [booklist] INFO: VALID_ID: 2549000
2023-06-30 16:28:23 [booklist] INFO: VALID_ID: 2549007
2023-06-30 16:28:23 [booklist] INFO: VALID_ID: 2548970
2023-06-30 16:28:23 [booklist] INFO: VALID_ID: 2548964
2023-06-30 16:28:23 [booklist] INFO: VALID_ID: 2548974
2023-06-30 16:28:23 [booklist] INFO: VALID_ID: 2548959
2023-06-30 16:28:23 [booklist] INFO: VALID_ID: 2548979
2023-06-30 16:28:23 [booklist] INFO: VALID_ID: 2548982
2023-06-30 16:28:23 [booklist] INFO: VALID_ID: 2548988
2023-06-30 16:28:23 [booklist] INFO: VALID_ID: 2548992
2023-06-30 16:28:23 [booklist] INFO: VALID_ID: 2549003
2023-06-30 16:28:23 [booklist] INFO: VALID_ID: 2548962
2023-06-30 16:28:23 [booklist] INFO: VALID_ID: 2548965
2023-06-30 16:28:23 [booklist] INFO: VALID_ID: 2548960
2023-06-30 16:28:23 [booklist] INFO: VALID_ID: 2548989
2023-06-30 16:28:23 [booklist] INFO: VALID_ID: 2548999
2023-06-30 16:28:23 [booklist] INFO: VALID_ID: 2549004
2023-06-30 16:28:23 [booklist] INFO: VALID_ID: 2549008
2023-06-30 16:28:23 [booklist] INFO: VALID_ID: 2548968
2023-06-30 16:28:23 [booklist] INFO: VALID_ID: 2548994
2023-06-30 16:28:23 [booklist] INFO: VALID_ID: 2548990
2023-06-30 16:28:23 [booklist] INFO: VALID_ID: 2548983
2023-06-30 16:28:23 [booklist] INFO: VALID_ID: 2549006
2023-06-30 16:28:23 [booklist] INFO: VALID_ID: 2549005
2023-06-30 16:28:23 [booklist] INFO: VALID_ID: 2548978
2023-06-30 16:28:23 [booklist] INFO: VALID_ID: 2572069
2023-06-30 16:28:23 [booklist] INFO: VALID_ID: 2544849
2023-06-30 16:28:23 [booklist] INFO: VALID_ID: 2553615
2023-06-30 16:28:23 [booklist] INFO: VALID_ID: 2544865
2023-06-30 16:28:23 [booklist] INFO: VALID_ID: 2571400
2023-06-30 16:28:23 [booklist] INFO: VALID_ID: 2549845
2023-06-30 16:28:23 [booklist] INFO: VALID_ID: 2571690
2023-06-30 16:28:23 [booklist] INFO: VALID_ID: 2588670
2023-06-30 16:28:23 [booklist] INFO: VALID_ID: 2553674
2023-06-30 16:28:25 [scrapy.core.engine] DEBUG: Crawled (200) <POST https://dl.ndl.go.jp/api/item/search> (referer: https://dl.ndl.go.jp/api/item/search)
2023-06-30 16:28:25 [booklist] INFO: Fetched page 3
2023-06-30 16:28:26 [booklist] INFO: VALID_ID: 2574764
2023-06-30 16:28:26 [booklist] INFO: VALID_ID: 2559236
2023-06-30 16:28:26 [booklist] INFO: VALID_ID: 2605353
2023-06-30 16:28:26 [booklist] INFO: VALID_ID: 10301339
2023-06-30 16:28:26 [booklist] INFO: VALID_ID: 2573021
2023-06-30 16:28:26 [booklist] INFO: VALID_ID: 10301518
2023-06-30 16:28:26 [booklist] INFO: VALID_ID: 10303956
2023-06-30 16:28:26 [booklist] INFO: VALID_ID: 2554103
2023-06-30 16:28:26 [booklist] INFO: VALID_ID: 2554106
2023-06-30 16:28:26 [booklist] INFO: VALID_ID: 2554104
2023-06-30 16:28:26 [booklist] INFO: VALID_ID: 2554118
2023-06-30 16:28:26 [booklist] INFO: VALID_ID: 2572798
2023-06-30 16:28:26 [booklist] INFO: VALID_ID: 2550452
2023-06-30 16:28:26 [booklist] INFO: VALID_ID: 2549371
2023-06-30 16:28:26 [booklist] INFO: VALID_ID: 2572892
2023-06-30 16:28:26 [booklist] INFO: VALID_ID: 2588871
2023-06-30 16:28:26 [booklist] INFO: VALID_ID: 2554115
2023-06-30 16:28:26 [booklist] INFO: VALID_ID: 2554108
2023-06-30 16:28:26 [booklist] INFO: VALID_ID: 2554112
2023-06-30 16:28:26 [booklist] INFO: VALID_ID: 2554114
2023-06-30 16:28:26 [booklist] INFO: VALID_ID: 2554123
2023-06-30 16:28:26 [booklist] INFO: VALID_ID: 2554124
2023-06-30 16:28:26 [booklist] INFO: VALID_ID: 2554121
2023-06-30 16:28:26 [booklist] INFO: VALID_ID: 2554117
2023-06-30 16:28:26 [booklist] INFO: VALID_ID: 2554113
2023-06-30 16:28:26 [booklist] INFO: VALID_ID: 2588435
2023-06-30 16:28:26 [booklist] INFO: VALID_ID: 2554120
2023-06-30 16:28:26 [booklist] INFO: VALID_ID: 2554109
2023-06-30 16:28:26 [booklist] INFO: VALID_ID: 2554111
2023-06-30 16:28:26 [booklist] INFO: VALID_ID: 2554122
2023-06-30 16:28:26 [booklist] INFO: VALID_ID: 2554119
2023-06-30 16:28:26 [booklist] INFO: VALID_ID: 2589171
2023-06-30 16:28:26 [booklist] INFO: VALID_ID: 2559235
2023-06-30 16:28:26 [booklist] INFO: VALID_ID: 2554116
2023-06-30 16:28:26 [booklist] INFO: VALID_ID: 2571524
2023-06-30 16:28:26 [booklist] INFO: VALID_ID: 2554105
2023-06-30 16:28:26 [booklist] INFO: VALID_ID: 2554107
2023-06-30 16:28:26 [booklist] INFO: VALID_ID: 2554110
2023-06-30 16:28:26 [booklist] INFO: VALID_ID: 2572964
2023-06-30 16:28:26 [booklist] INFO: VALID_ID: 1307492
2023-06-30 16:28:26 [booklist] INFO: VALID_ID: 2587107
2023-06-30 16:28:26 [booklist] INFO: VALID_ID: 2589225
2023-06-30 16:28:26 [booklist] INFO: VALID_ID: 2596170
2023-06-30 16:28:26 [booklist] INFO: VALID_ID: 2543393
2023-06-30 16:28:26 [booklist] INFO: VALID_ID: 2544212
2023-06-30 16:28:26 [booklist] INFO: VALID_ID: 2548764
2023-06-30 16:28:26 [booklist] INFO: VALID_ID: 2606435
2023-06-30 16:28:26 [booklist] INFO: VALID_ID: 2599738
2023-06-30 16:28:26 [booklist] INFO: VALID_ID: 2559234
2023-06-30 16:28:26 [booklist] INFO: VALID_ID: 2553046
2023-06-30 16:28:26 [booklist] INFO: VALID_ID: 2553047
2023-06-30 16:28:26 [booklist] INFO: VALID_ID: 2549779
2023-06-30 16:28:26 [booklist] INFO: VALID_ID: 2553045
2023-06-30 16:28:26 [booklist] INFO: VALID_ID: 2553048
2023-06-30 16:28:26 [booklist] INFO: VALID_ID: 2610786
2023-06-30 16:28:26 [booklist] INFO: VALID_ID: 2543392
2023-06-30 16:28:26 [booklist] INFO: VALID_ID: 2574996
2023-06-30 16:28:26 [booklist] INFO: VALID_ID: 2562086
2023-06-30 16:28:26 [booklist] INFO: VALID_ID: 2606928
2023-06-30 16:28:26 [booklist] INFO: VALID_ID: 2559207
2023-06-30 16:28:26 [booklist] INFO: VALID_ID: 10301566
2023-06-30 16:28:26 [booklist] INFO: VALID_ID: 2532668
2023-06-30 16:28:26 [booklist] INFO: VALID_ID: 2562090
2023-06-30 16:28:26 [booklist] INFO: VALID_ID: 2562095
2023-06-30 16:28:26 [booklist] INFO: VALID_ID: 2562098
2023-06-30 16:28:26 [booklist] INFO: VALID_ID: 2562097
2023-06-30 16:28:26 [booklist] INFO: VALID_ID: 2562121
2023-06-30 16:28:26 [booklist] INFO: VALID_ID: 2589307
2023-06-30 16:28:26 [booklist] INFO: VALID_ID: 2562088
2023-06-30 16:28:26 [booklist] INFO: VALID_ID: 2562120
2023-06-30 16:28:26 [booklist] INFO: VALID_ID: 2562109
2023-06-30 16:28:26 [booklist] INFO: VALID_ID: 2571759
2023-06-30 16:28:26 [booklist] INFO: VALID_ID: 2548921
2023-06-30 16:28:26 [booklist] INFO: VALID_ID: 2562092
2023-06-30 16:28:26 [booklist] INFO: VALID_ID: 2562105
2023-06-30 16:28:26 [booklist] INFO: VALID_ID: 2562108
2023-06-30 16:28:26 [booklist] INFO: VALID_ID: 2550552
2023-06-30 16:28:26 [booklist] INFO: VALID_ID: 2562101
2023-06-30 16:28:26 [booklist] INFO: VALID_ID: 2562106
2023-06-30 16:28:26 [booklist] INFO: VALID_ID: 2559238
2023-06-30 16:28:26 [booklist] INFO: VALID_ID: 2562085
2023-06-30 16:28:26 [booklist] INFO: VALID_ID: 2562102
2023-06-30 16:28:26 [booklist] INFO: VALID_ID: 2588971
2023-06-30 16:28:26 [booklist] INFO: VALID_ID: 2589071
2023-06-30 16:28:26 [booklist] INFO: VALID_ID: 2571624
2023-06-30 16:28:26 [booklist] INFO: VALID_ID: 2605821
2023-06-30 16:28:26 [booklist] INFO: VALID_ID: 2562087
2023-06-30 16:28:26 [booklist] INFO: VALID_ID: 2559155
2023-06-30 16:28:26 [booklist] INFO: VALID_ID: 2562093
2023-06-30 16:28:26 [booklist] INFO: VALID_ID: 2562099
2023-06-30 16:28:26 [booklist] INFO: VALID_ID: 2541660
2023-06-30 16:28:26 [booklist] INFO: VALID_ID: 2548603
2023-06-30 16:28:26 [booklist] INFO: VALID_ID: 2562084
2023-06-30 16:28:26 [booklist] INFO: VALID_ID: 2562096
2023-06-30 16:28:26 [booklist] INFO: VALID_ID: 2562104
2023-06-30 16:28:26 [booklist] INFO: VALID_ID: 2562107
2023-06-30 16:28:26 [booklist] INFO: VALID_ID: 2559156
2023-06-30 16:28:26 [booklist] INFO: VALID_ID: 2572169
2023-06-30 16:28:26 [booklist] INFO: VALID_ID: 2562089
2023-06-30 16:28:26 [booklist] INFO: VALID_ID: 2562094
2023-06-30 16:28:27 [scrapy.core.engine] DEBUG: Crawled (200) <POST https://dl.ndl.go.jp/api/item/search> (referer: https://dl.ndl.go.jp/api/item/search)
2023-06-30 16:28:27 [booklist] INFO: Fetched page 4
2023-06-30 16:28:28 [booklist] INFO: VALID_ID: 2550285
2023-06-30 16:28:28 [booklist] INFO: VALID_ID: 2587207
2023-06-30 16:28:28 [booklist] INFO: VALID_ID: 2549210
2023-06-30 16:28:28 [booklist] INFO: VALID_ID: 2562103
2023-06-30 16:28:28 [booklist] INFO: VALID_ID: 2549085
2023-06-30 16:28:28 [booklist] INFO: VALID_ID: 2572515
2023-06-30 16:28:28 [booklist] INFO: VALID_ID: 2587498
2023-06-30 16:28:28 [booklist] INFO: VALID_ID: 2609871
2023-06-30 16:28:28 [booklist] INFO: VALID_ID: 2587378
2023-06-30 16:28:28 [booklist] INFO: VALID_ID: 2572617
2023-06-30 16:28:28 [booklist] INFO: VALID_ID: 2605468
2023-06-30 16:28:28 [booklist] INFO: VALID_ID: 11446627
2023-06-30 16:28:28 [booklist] INFO: VALID_ID: 11446527
2023-06-30 16:28:28 [booklist] INFO: VALID_ID: 2562100
2023-06-30 16:28:28 [booklist] INFO: VALID_ID: 2562122
2023-06-30 16:28:28 [booklist] INFO: VALID_ID: 2562091
2023-06-30 16:28:28 [booklist] INFO: VALID_ID: 2576991
2023-06-30 16:28:28 [booklist] INFO: VALID_ID: 2550174
2023-06-30 16:28:28 [booklist] INFO: VALID_ID: 2550241
2023-06-30 16:28:28 [booklist] INFO: VALID_ID: 2550351
2023-06-30 16:28:28 [booklist] INFO: VALID_ID: 2533502
2023-06-30 16:28:28 [booklist] INFO: VALID_ID: 2559131
2023-06-30 16:28:28 [booklist] INFO: VALID_ID: 2583703
2023-06-30 16:28:28 [booklist] INFO: VALID_ID: 10303588
2023-06-30 16:28:28 [booklist] INFO: VALID_ID: 11223322
2023-06-30 16:28:28 [booklist] INFO: VALID_ID: 2543767
2023-06-30 16:28:28 [booklist] INFO: VALID_ID: 8943040
2023-06-30 16:28:28 [booklist] INFO: VALID_ID: 11038662
2023-06-30 16:28:28 [booklist] INFO: VALID_ID: 2607484
2023-06-30 16:28:28 [booklist] INFO: VALID_ID: 11038779
2023-06-30 16:28:28 [booklist] INFO: VALID_ID: 8943056
2023-06-30 16:28:28 [booklist] INFO: VALID_ID: 10303603
2023-06-30 16:28:28 [booklist] INFO: VALID_ID: 10303618
2023-06-30 16:28:28 [booklist] INFO: VALID_ID: 8943011
2023-06-30 16:28:28 [booklist] INFO: VALID_ID: 2596219
2023-06-30 16:28:28 [booklist] INFO: VALID_ID: 2540102
2023-06-30 16:28:28 [booklist] INFO: VALID_ID: 2607216
2023-06-30 16:28:28 [booklist] INFO: VALID_ID: 2553704
2023-06-30 16:28:28 [booklist] INFO: VALID_ID: 2538401
2023-06-30 16:28:28 [booklist] INFO: VALID_ID: 2561567
2023-06-30 16:28:28 [booklist] INFO: VALID_ID: 2561566
2023-06-30 16:28:28 [booklist] INFO: VALID_ID: 2537851
2023-06-30 16:28:28 [booklist] INFO: VALID_ID: 2559239
2023-06-30 16:28:28 [booklist] INFO: VALID_ID: 11891700
2023-06-30 16:28:28 [booklist] INFO: VALID_ID: 2606214
2023-06-30 16:28:28 [booklist] INFO: VALID_ID: 2581039
2023-06-30 16:28:28 [booklist] INFO: VALID_ID: 2581040
2023-06-30 16:28:28 [booklist] INFO: VALID_ID: 2537905
2023-06-30 16:28:28 [booklist] INFO: VALID_ID: 2609890
2023-06-30 16:28:28 [booklist] INFO: VALID_ID: 2592044
2023-06-30 16:28:28 [booklist] INFO: VALID_ID: 2592043
2023-06-30 16:28:28 [booklist] INFO: VALID_ID: 2592045
2023-06-30 16:28:28 [booklist] INFO: VALID_ID: 2592042
2023-06-30 16:28:28 [booklist] INFO: VALID_ID: 2559081
2023-06-30 16:28:28 [booklist] INFO: VALID_ID: 11223422
2023-06-30 16:28:28 [booklist] INFO: VALID_ID: 12866098
2023-06-30 16:28:28 [booklist] INFO: VALID_ID: 2581038
2023-06-30 16:28:28 [booklist] INFO: VALID_ID: 2580950
2023-06-30 16:28:28 [booklist] INFO: VALID_ID: 2580952
2023-06-30 16:28:28 [booklist] INFO: VALID_ID: 2581037
2023-06-30 16:28:28 [booklist] INFO: VALID_ID: 2581036
2023-06-30 16:28:28 [booklist] INFO: VALID_ID: 2580951
2023-06-30 16:28:28 [booklist] INFO: VALID_ID: 2562660
2023-06-30 16:28:28 [booklist] INFO: VALID_ID: 2607286
2023-06-30 16:28:28 [booklist] INFO: VALID_ID: 10303568
2023-06-30 16:28:28 [booklist] INFO: VALID_ID: 2562662
2023-06-30 16:28:28 [booklist] INFO: VALID_ID: 2570118
2023-06-30 16:28:28 [booklist] INFO: VALID_ID: 2573735
2023-06-30 16:28:28 [booklist] INFO: VALID_ID: 10303567
2023-06-30 16:28:28 [booklist] INFO: VALID_ID: 2590711
2023-06-30 16:28:28 [booklist] INFO: VALID_ID: 2562661
2023-06-30 16:28:28 [booklist] INFO: VALID_ID: 2559078
2023-06-30 16:28:28 [booklist] INFO: VALID_ID: 2573732
2023-06-30 16:28:28 [booklist] INFO: VALID_ID: 2573733
2023-06-30 16:28:28 [booklist] INFO: VALID_ID: 2583670
2023-06-30 16:28:28 [booklist] INFO: VALID_ID: 2573739
2023-06-30 16:28:28 [booklist] INFO: VALID_ID: 2590713
2023-06-30 16:28:28 [booklist] INFO: VALID_ID: 2607879
2023-06-30 16:28:28 [booklist] INFO: VALID_ID: 2581725
2023-06-30 16:28:28 [booklist] INFO: VALID_ID: 2581724
2023-06-30 16:28:28 [booklist] INFO: VALID_ID: 2605855
2023-06-30 16:28:28 [booklist] INFO: VALID_ID: 11607744
2023-06-30 16:28:28 [booklist] INFO: VALID_ID: 1287943
2023-06-30 16:28:28 [booklist] INFO: VALID_ID: 2605147
2023-06-30 16:28:28 [booklist] INFO: VALID_ID: 2551630
2023-06-30 16:28:28 [booklist] INFO: VALID_ID: 11607844
2023-06-30 16:28:28 [booklist] INFO: VALID_ID: 1287614
2023-06-30 16:28:28 [booklist] INFO: VALID_ID: 1288107
2023-06-30 16:28:28 [booklist] INFO: VALID_ID: 11446294
2023-06-30 16:28:28 [booklist] INFO: VALID_ID: 2546380
2023-06-30 16:28:28 [booklist] INFO: VALID_ID: 1287158
2023-06-30 16:28:28 [booklist] INFO: VALID_ID: 1288318
2023-06-30 16:28:28 [booklist] INFO: VALID_ID: 1286655
2023-06-30 16:28:28 [booklist] INFO: VALID_ID: 1288045
2023-06-30 16:28:28 [booklist] INFO: VALID_ID: 2573734
2023-06-30 16:28:28 [booklist] INFO: VALID_ID: 2573737
2023-06-30 16:28:28 [booklist] INFO: VALID_ID: 11892723
2023-06-30 16:28:28 [booklist] INFO: VALID_ID: 2573738
2023-06-30 16:28:28 [booklist] INFO: VALID_ID: 2590710
2023-06-30 16:28:28 [booklist] INFO: VALID_ID: 2573736
2023-06-30 16:28:29 [scrapy.core.engine] DEBUG: Crawled (200) <POST https://dl.ndl.go.jp/api/item/search> (referer: https://dl.ndl.go.jp/api/item/search)
2023-06-30 16:28:29 [booklist] INFO: Fetched page 5
2023-06-30 16:28:29 [booklist] INFO: VALID_ID: 2551916
2023-06-30 16:28:29 [booklist] INFO: VALID_ID: 2592088
2023-06-30 16:28:29 [booklist] INFO: VALID_ID: 2592090
2023-06-30 16:28:29 [booklist] INFO: VALID_ID: 2585032
2023-06-30 16:28:29 [booklist] INFO: VALID_ID: 2610304
2023-06-30 16:28:29 [booklist] INFO: VALID_ID: 2585031
2023-06-30 16:28:29 [booklist] INFO: VALID_ID: 2533188
2023-06-30 16:28:29 [booklist] INFO: VALID_ID: 2607142
2023-06-30 16:28:29 [booklist] INFO: VALID_ID: 8943312
2023-06-30 16:28:29 [booklist] INFO: VALID_ID: 2543764
2023-06-30 16:28:29 [booklist] INFO: VALID_ID: 2609818
2023-06-30 16:28:29 [booklist] INFO: VALID_ID: 2611048
2023-06-30 16:28:29 [booklist] INFO: VALID_ID: 2532557
2023-06-30 16:28:29 [booklist] INFO: VALID_ID: 2609861
2023-06-30 16:28:29 [booklist] INFO: VALID_ID: 2611038
2023-06-30 16:28:29 [booklist] INFO: VALID_ID: 2533641
2023-06-30 16:28:29 [booklist] INFO: VALID_ID: 11892575
2023-06-30 16:28:29 [booklist] INFO: VALID_ID: 2608467
2023-06-30 16:28:29 [booklist] INFO: VALID_ID: 2610103
2023-06-30 16:28:29 [booklist] INFO: VALID_ID: 2609776
2023-06-30 16:28:29 [booklist] INFO: VALID_ID: 2607768
2023-06-30 16:28:29 [booklist] INFO: VALID_ID: 2540564
2023-06-30 16:28:29 [booklist] INFO: VALID_ID: 2532942
2023-06-30 16:28:29 [booklist] INFO: VALID_ID: 2610583
2023-06-30 16:28:29 [booklist] INFO: VALID_ID: 2605995
2023-06-30 16:28:29 [booklist] INFO: VALID_ID: 2532820
2023-06-30 16:28:29 [booklist] INFO: VALID_ID: 2607434
2023-06-30 16:28:29 [booklist] INFO: VALID_ID: 2609581
2023-06-30 16:28:29 [booklist] INFO: VALID_ID: 2609735
2023-06-30 16:28:29 [booklist] INFO: VALID_ID: 2605546
2023-06-30 16:28:29 [booklist] INFO: VALID_ID: 2609633
2023-06-30 16:28:29 [booklist] INFO: VALID_ID: 12865356
2023-06-30 16:28:29 [booklist] INFO: VALID_ID: 11892712
2023-06-30 16:28:29 [booklist] INFO: VALID_ID: 2608884
2023-06-30 16:28:29 [booklist] INFO: VALID_ID: 11891843
2023-06-30 16:28:29 [booklist] INFO: VALID_ID: 2535490
2023-06-30 16:28:29 [booklist] INFO: VALID_ID: 2555222
2023-06-30 16:28:29 [booklist] INFO: VALID_ID: 2609621
2023-06-30 16:28:29 [booklist] INFO: VALID_ID: 2550788
2023-06-30 16:28:29 [booklist] INFO: VALID_ID: 2585898
2023-06-30 16:28:29 [booklist] INFO: VALID_ID: 2585914
2023-06-30 16:28:29 [booklist] INFO: VALID_ID: 2585822
2023-06-30 16:28:29 [booklist] INFO: VALID_ID: 2585932
2023-06-30 16:28:29 [booklist] INFO: VALID_ID: 2609242
2023-06-30 16:28:29 [booklist] INFO: VALID_ID: 2585852
2023-06-30 16:28:29 [booklist] INFO: VALID_ID: 2585876
2023-06-30 16:28:29 [booklist] INFO: VALID_ID: 2585884
2023-06-30 16:28:29 [booklist] INFO: VALID_ID: 2585828
2023-06-30 16:28:29 [booklist] INFO: VALID_ID: 2585928
2023-06-30 16:28:29 [booklist] INFO: VALID_ID: 2585839
2023-06-30 16:28:29 [booklist] INFO: VALID_ID: 2585793
2023-06-30 16:28:29 [booklist] INFO: VALID_ID: 2585888
2023-06-30 16:28:29 [booklist] INFO: VALID_ID: 2585919
2023-06-30 16:28:29 [booklist] INFO: VALID_ID: 2585834
2023-06-30 16:28:29 [booklist] INFO: VALID_ID: 2585867
2023-06-30 16:28:29 [booklist] INFO: VALID_ID: 2585870
2023-06-30 16:28:29 [booklist] INFO: VALID_ID: 2585782
2023-06-30 16:28:29 [booklist] INFO: VALID_ID: 2585796
2023-06-30 16:28:29 [booklist] INFO: VALID_ID: 2585947
2023-06-30 16:28:29 [booklist] INFO: VALID_ID: 2585885
2023-06-30 16:28:29 [booklist] INFO: VALID_ID: 2585803
2023-06-30 16:28:29 [booklist] INFO: VALID_ID: 2585824
2023-06-30 16:28:29 [booklist] INFO: VALID_ID: 2585761
2023-06-30 16:28:29 [booklist] INFO: VALID_ID: 2585868
2023-06-30 16:28:29 [booklist] INFO: VALID_ID: 2585875
2023-06-30 16:28:29 [booklist] INFO: VALID_ID: 2585785
2023-06-30 16:28:29 [booklist] INFO: VALID_ID: 2585788
2023-06-30 16:28:29 [booklist] INFO: VALID_ID: 2585792
2023-06-30 16:28:29 [booklist] INFO: VALID_ID: 2585865
2023-06-30 16:28:29 [booklist] INFO: VALID_ID: 2585781
2023-06-30 16:28:29 [booklist] INFO: VALID_ID: 2585878
2023-06-30 16:28:29 [booklist] INFO: VALID_ID: 2585815
2023-06-30 16:28:29 [booklist] INFO: VALID_ID: 2585821
2023-06-30 16:28:29 [booklist] INFO: VALID_ID: 2585925
2023-06-30 16:28:29 [booklist] INFO: VALID_ID: 2585927
2023-06-30 16:28:29 [booklist] INFO: VALID_ID: 2585929
2023-06-30 16:28:29 [booklist] INFO: VALID_ID: 2609468
2023-06-30 16:28:29 [booklist] INFO: VALID_ID: 2585896
2023-06-30 16:28:29 [booklist] INFO: VALID_ID: 2585816
2023-06-30 16:28:29 [booklist] INFO: VALID_ID: 2585832
2023-06-30 16:28:29 [booklist] INFO: VALID_ID: 2585837
2023-06-30 16:28:29 [booklist] INFO: VALID_ID: 2585939
2023-06-30 16:28:29 [booklist] INFO: VALID_ID: 2585823
2023-06-30 16:28:29 [booklist] INFO: VALID_ID: 2585920
2023-06-30 16:28:29 [booklist] INFO: VALID_ID: 2606319
2023-06-30 16:28:29 [booklist] INFO: VALID_ID: 2585883
2023-06-30 16:28:29 [booklist] INFO: VALID_ID: 2585810
2023-06-30 16:28:29 [booklist] INFO: VALID_ID: 2585819
2023-06-30 16:28:29 [booklist] INFO: VALID_ID: 2585926
2023-06-30 16:28:29 [booklist] INFO: VALID_ID: 2585846
2023-06-30 16:28:29 [booklist] INFO: VALID_ID: 2585862
2023-06-30 16:28:29 [booklist] INFO: VALID_ID: 2585872
2023-06-30 16:28:29 [booklist] INFO: VALID_ID: 2585791
2023-06-30 16:28:29 [booklist] INFO: VALID_ID: 2585801
2023-06-30 16:28:29 [booklist] INFO: VALID_ID: 2585809
2023-06-30 16:28:29 [booklist] INFO: VALID_ID: 2585904
2023-06-30 16:28:29 [booklist] INFO: VALID_ID: 2585923
2023-06-30 16:28:29 [booklist] INFO: VALID_ID: 2585844
2023-06-30 16:28:29 [booklist] INFO: VALID_ID: 2585771
2023-06-30 16:28:29 [booklist] INFO: VALID_ID: 2585864
2023-06-30 16:28:29 [scrapy.core.engine] DEBUG: Crawled (200) <POST https://dl.ndl.go.jp/api/item/search> (referer: https://dl.ndl.go.jp/api/item/search)
2023-06-30 16:28:30 [booklist] INFO: Fetched page 6
2023-06-30 16:28:30 [booklist] INFO: VALID_ID: 2585921
2023-06-30 16:28:30 [booklist] INFO: VALID_ID: 2585842
2023-06-30 16:28:30 [booklist] INFO: VALID_ID: 2585798
2023-06-30 16:28:30 [booklist] INFO: VALID_ID: 2585902
2023-06-30 16:28:30 [booklist] INFO: VALID_ID: 2585840
2023-06-30 16:28:30 [booklist] INFO: VALID_ID: 2585852
2023-06-30 16:28:30 [booklist] INFO: VALID_ID: 2585876
2023-06-30 16:28:30 [booklist] INFO: VALID_ID: 2585884
2023-06-30 16:28:30 [booklist] INFO: VALID_ID: 2585828
2023-06-30 16:28:30 [booklist] INFO: VALID_ID: 2585928
2023-06-30 16:28:30 [booklist] INFO: VALID_ID: 2585839
2023-06-30 16:28:30 [booklist] INFO: VALID_ID: 2585760
2023-06-30 16:28:30 [booklist] INFO: VALID_ID: 2585789
2023-06-30 16:28:30 [booklist] INFO: VALID_ID: 2585887
2023-06-30 16:28:30 [booklist] INFO: VALID_ID: 2585897
2023-06-30 16:28:30 [booklist] INFO: VALID_ID: 2585805
2023-06-30 16:28:30 [booklist] INFO: VALID_ID: 2585814
2023-06-30 16:28:30 [booklist] INFO: VALID_ID: 2585943
2023-06-30 16:28:30 [booklist] INFO: VALID_ID: 2609468
2023-06-30 16:28:30 [booklist] INFO: VALID_ID: 2585896
2023-06-30 16:28:30 [booklist] INFO: VALID_ID: 2585816
2023-06-30 16:28:30 [booklist] INFO: VALID_ID: 2585832
2023-06-30 16:28:30 [booklist] INFO: VALID_ID: 2585837
2023-06-30 16:28:30 [booklist] INFO: VALID_ID: 2585939
2023-06-30 16:28:30 [booklist] INFO: VALID_ID: 2585854
2023-06-30 16:28:30 [booklist] INFO: VALID_ID: 2585804
2023-06-30 16:28:30 [booklist] INFO: VALID_ID: 2585903
2023-06-30 16:28:30 [booklist] INFO: VALID_ID: 2585826
2023-06-30 16:28:30 [booklist] INFO: VALID_ID: 2585931
2023-06-30 16:28:30 [booklist] INFO: VALID_ID: 2585850
2023-06-30 16:28:30 [booklist] INFO: VALID_ID: 2585948
2023-06-30 16:28:30 [booklist] INFO: VALID_ID: 2585856
2023-06-30 16:28:30 [booklist] INFO: VALID_ID: 2585861
2023-06-30 16:28:30 [booklist] INFO: VALID_ID: 2585786
2023-06-30 16:28:30 [booklist] INFO: VALID_ID: 2585790
2023-06-30 16:28:30 [booklist] INFO: VALID_ID: 2585808
2023-06-30 16:28:30 [booklist] INFO: VALID_ID: 2585906
2023-06-30 16:28:30 [booklist] INFO: VALID_ID: 2585912
2023-06-30 16:28:30 [booklist] INFO: VALID_ID: 2585817
2023-06-30 16:28:30 [booklist] INFO: VALID_ID: 2585915
2023-06-30 16:28:30 [booklist] INFO: VALID_ID: 2585825
2023-06-30 16:28:30 [booklist] INFO: VALID_ID: 2585924
2023-06-30 16:28:30 [booklist] INFO: VALID_ID: 2609656
2023-06-30 16:28:30 [booklist] INFO: VALID_ID: 2606349
2023-06-30 16:28:30 [booklist] INFO: VALID_ID: 2585874
2023-06-30 16:28:30 [booklist] INFO: VALID_ID: 2585769
2023-06-30 16:28:30 [booklist] INFO: VALID_ID: 2585871
2023-06-30 16:28:30 [booklist] INFO: VALID_ID: 2585892
2023-06-30 16:28:30 [booklist] INFO: VALID_ID: 2585933
2023-06-30 16:28:30 [booklist] INFO: VALID_ID: 2585853
2023-06-30 16:28:30 [booklist] INFO: VALID_ID: 2585893
2023-06-30 16:28:30 [booklist] INFO: VALID_ID: 2585911
2023-06-30 16:28:30 [booklist] INFO: VALID_ID: 2585917
2023-06-30 16:28:30 [booklist] INFO: VALID_ID: 2585838
2023-06-30 16:28:30 [booklist] INFO: VALID_ID: 2610833
2023-06-30 16:28:30 [booklist] INFO: VALID_ID: 2585763
2023-06-30 16:28:30 [booklist] INFO: VALID_ID: 2585860
2023-06-30 16:28:30 [booklist] INFO: VALID_ID: 2585768
2023-06-30 16:28:30 [booklist] INFO: VALID_ID: 2585909
2023-06-30 16:28:30 [booklist] INFO: VALID_ID: 2585835
2023-06-30 16:28:30 [booklist] INFO: VALID_ID: 2585847
2023-06-30 16:28:30 [booklist] INFO: VALID_ID: 2585858
2023-06-30 16:28:30 [booklist] INFO: VALID_ID: 2585866
2023-06-30 16:28:30 [booklist] INFO: VALID_ID: 2585780
2023-06-30 16:28:30 [booklist] INFO: VALID_ID: 2585889
2023-06-30 16:28:30 [booklist] INFO: VALID_ID: 2585890
2023-06-30 16:28:30 [booklist] INFO: VALID_ID: 2585901
2023-06-30 16:28:30 [booklist] INFO: VALID_ID: 2585934
2023-06-30 16:28:30 [booklist] INFO: VALID_ID: 2585764
2023-06-30 16:28:30 [booklist] INFO: VALID_ID: 2585910
2023-06-30 16:28:30 [booklist] INFO: VALID_ID: 2585913
2023-06-30 16:28:30 [booklist] INFO: VALID_ID: 2585775
2023-06-30 16:28:30 [booklist] INFO: VALID_ID: 2585879
2023-06-30 16:28:30 [booklist] INFO: VALID_ID: 2585802
2023-06-30 16:28:30 [booklist] INFO: VALID_ID: 2585900
2023-06-30 16:28:30 [booklist] INFO: VALID_ID: 2585818
2023-06-30 16:28:30 [booklist] INFO: VALID_ID: 2585922
2023-06-30 16:28:30 [booklist] INFO: VALID_ID: 2585936
2023-06-30 16:28:30 [booklist] INFO: VALID_ID: 2585898
2023-06-30 16:28:30 [booklist] INFO: VALID_ID: 2585914
2023-06-30 16:28:30 [booklist] INFO: VALID_ID: 2585822
2023-06-30 16:28:30 [booklist] INFO: VALID_ID: 2585932
2023-06-30 16:28:30 [booklist] INFO: VALID_ID: 2585776
2023-06-30 16:28:30 [booklist] INFO: VALID_ID: 2585778
2023-06-30 16:28:30 [booklist] INFO: VALID_ID: 2585882
2023-06-30 16:28:30 [booklist] INFO: VALID_ID: 2585799
2023-06-30 16:28:30 [booklist] INFO: VALID_ID: 2585833
2023-06-30 16:28:30 [booklist] INFO: VALID_ID: 2585940
2023-06-30 16:28:30 [booklist] INFO: VALID_ID: 2585779
2023-06-30 16:28:30 [booklist] INFO: VALID_ID: 2585886
2023-06-30 16:28:30 [booklist] INFO: VALID_ID: 2585807
2023-06-30 16:28:30 [booklist] INFO: VALID_ID: 2585773
2023-06-30 16:28:30 [booklist] INFO: VALID_ID: 2585869
2023-06-30 16:28:30 [booklist] INFO: VALID_ID: 2585881
2023-06-30 16:28:30 [booklist] INFO: VALID_ID: 2585787
2023-06-30 16:28:30 [booklist] INFO: VALID_ID: 2585806
2023-06-30 16:28:30 [booklist] INFO: VALID_ID: 2585907
2023-06-30 16:28:30 [booklist] INFO: VALID_ID: 2585845
2023-06-30 16:28:30 [booklist] INFO: VALID_ID: 2585944
2023-06-30 16:28:30 [booklist] INFO: VALID_ID: 2585848
2023-06-30 16:28:31 [scrapy.core.engine] DEBUG: Crawled (200) <POST https://dl.ndl.go.jp/api/item/search> (referer: https://dl.ndl.go.jp/api/item/search)
2023-06-30 16:28:31 [booklist] INFO: Fetched page 7
2023-06-30 16:28:31 [booklist] INFO: VALID_ID: 2585899
2023-06-30 16:28:31 [booklist] INFO: VALID_ID: 2585811
2023-06-30 16:28:31 [booklist] INFO: VALID_ID: 2585827
2023-06-30 16:28:31 [booklist] INFO: VALID_ID: 2585937
2023-06-30 16:28:31 [booklist] INFO: VALID_ID: 2585843
2023-06-30 16:28:31 [booklist] INFO: VALID_ID: 2585849
2023-06-30 16:28:31 [booklist] INFO: VALID_ID: 2608721
2023-06-30 16:28:31 [booklist] INFO: VALID_ID: 2585761
2023-06-30 16:28:31 [booklist] INFO: VALID_ID: 2585868
2023-06-30 16:28:31 [booklist] INFO: VALID_ID: 2585875
2023-06-30 16:28:31 [booklist] INFO: VALID_ID: 2585785
2023-06-30 16:28:31 [booklist] INFO: VALID_ID: 2585788
2023-06-30 16:28:31 [booklist] INFO: VALID_ID: 2585792
2023-06-30 16:28:31 [booklist] INFO: VALID_ID: 2585862
2023-06-30 16:28:31 [booklist] INFO: VALID_ID: 2585872
2023-06-30 16:28:31 [booklist] INFO: VALID_ID: 2585791
2023-06-30 16:28:31 [booklist] INFO: VALID_ID: 2585801
2023-06-30 16:28:31 [booklist] INFO: VALID_ID: 2585809
2023-06-30 16:28:31 [booklist] INFO: VALID_ID: 2585904
2023-06-30 16:28:31 [booklist] INFO: VALID_ID: 2585923
2023-06-30 16:28:31 [booklist] INFO: VALID_ID: 2585844
2023-06-30 16:28:31 [booklist] INFO: VALID_ID: 11892737
2023-06-30 16:28:31 [booklist] INFO: VALID_ID: 2610785
2023-06-30 16:28:31 [booklist] INFO: VALID_ID: 2583702
2023-06-30 16:28:31 [booklist] INFO: VALID_ID: 2583679
2023-06-30 16:28:31 [booklist] INFO: VALID_ID: 2583721
2023-06-30 16:28:31 [booklist] INFO: VALID_ID: 2583690
2023-06-30 16:28:31 [booklist] INFO: VALID_ID: 2583693
2023-06-30 16:28:31 [booklist] INFO: VALID_ID: 2583696
2023-06-30 16:28:31 [booklist] INFO: VALID_ID: 2583716
2023-06-30 16:28:31 [booklist] INFO: VALID_ID: 2583719
2023-06-30 16:28:31 [booklist] INFO: VALID_ID: 2583668
2023-06-30 16:28:31 [booklist] INFO: VALID_ID: 2610833
2023-06-30 16:28:31 [booklist] INFO: VALID_ID: 2585767
2023-06-30 16:28:31 [booklist] INFO: VALID_ID: 2585774
2023-06-30 16:28:31 [booklist] INFO: VALID_ID: 2585908
2023-06-30 16:28:31 [booklist] INFO: VALID_ID: 2585930
2023-06-30 16:28:31 [booklist] INFO: VALID_ID: 2585935
2023-06-30 16:28:31 [booklist] INFO: VALID_ID: 2585946
2023-06-30 16:28:31 [booklist] INFO: VALID_ID: 2585855
2023-06-30 16:28:31 [booklist] INFO: VALID_ID: 2585777
2023-06-30 16:28:31 [booklist] INFO: VALID_ID: 2585783
2023-06-30 16:28:31 [booklist] INFO: VALID_ID: 2585894
2023-06-30 16:28:31 [booklist] INFO: VALID_ID: 2585830
2023-06-30 16:28:31 [booklist] INFO: VALID_ID: 2585945
2023-06-30 16:28:31 [booklist] INFO: VALID_ID: 2583681
2023-06-30 16:28:31 [booklist] INFO: VALID_ID: 2609552
2023-06-30 16:28:31 [booklist] INFO: VALID_ID: 2583684
2023-06-30 16:28:31 [booklist] INFO: VALID_ID: 2583675
2023-06-30 16:28:31 [booklist] INFO: VALID_ID: 2583660
2023-06-30 16:28:31 [booklist] INFO: VALID_ID: 2583667
2023-06-30 16:28:31 [booklist] INFO: VALID_ID: 2583715
2023-06-30 16:28:31 [booklist] INFO: VALID_ID: 2583680
2023-06-30 16:28:31 [booklist] INFO: VALID_ID: 2583687
2023-06-30 16:28:31 [booklist] INFO: VALID_ID: 2583706
2023-06-30 16:28:31 [booklist] INFO: VALID_ID: 2587047
2023-06-30 16:28:31 [booklist] INFO: VALID_ID: 2583704
2023-06-30 16:28:31 [booklist] INFO: VALID_ID: 2583708
2023-06-30 16:28:31 [booklist] INFO: VALID_ID: 2583711
2023-06-30 16:28:31 [booklist] INFO: VALID_ID: 2583663
2023-06-30 16:28:31 [booklist] INFO: VALID_ID: 2583677
2023-06-30 16:28:31 [booklist] INFO: VALID_ID: 2583713
2023-06-30 16:28:31 [booklist] INFO: VALID_ID: 2583688
2023-06-30 16:28:31 [booklist] INFO: VALID_ID: 2583701
2023-06-30 16:28:31 [booklist] INFO: VALID_ID: 2583709
2023-06-30 16:28:31 [booklist] INFO: VALID_ID: 2583725
2023-06-30 16:28:31 [booklist] INFO: VALID_ID: 2583697
2023-06-30 16:28:31 [booklist] INFO: VALID_ID: 2583714
2023-06-30 16:28:31 [booklist] INFO: VALID_ID: 2583683
2023-06-30 16:28:31 [booklist] INFO: VALID_ID: 2583673
2023-06-30 16:28:31 [booklist] INFO: VALID_ID: 2610561
2023-06-30 16:28:31 [booklist] INFO: VALID_ID: 2583672
2023-06-30 16:28:31 [booklist] INFO: VALID_ID: 2583707
2023-06-30 16:28:31 [booklist] INFO: VALID_ID: 2583710
2023-06-30 16:28:31 [booklist] INFO: VALID_ID: 2583682
2023-06-30 16:28:31 [booklist] INFO: VALID_ID: 2583659
2023-06-30 16:28:31 [booklist] INFO: VALID_ID: 2583694
2023-06-30 16:28:31 [booklist] INFO: VALID_ID: 2583678
2023-06-30 16:28:31 [booklist] INFO: VALID_ID: 2583685
2023-06-30 16:28:31 [booklist] INFO: VALID_ID: 2583722
2023-06-30 16:28:31 [booklist] INFO: VALID_ID: 2583691
2023-06-30 16:28:31 [booklist] INFO: VALID_ID: 11446659
2023-06-30 16:28:31 [booklist] INFO: VALID_ID: 12865370
2023-06-30 16:28:31 [booklist] INFO: VALID_ID: 2583692
2023-06-30 16:28:31 [booklist] INFO: VALID_ID: 2583662
2023-06-30 16:28:31 [booklist] INFO: VALID_ID: 2583666
2023-06-30 16:28:31 [booklist] INFO: VALID_ID: 2583700
2023-06-30 16:28:31 [booklist] INFO: VALID_ID: 2583686
2023-06-30 16:28:31 [booklist] INFO: VALID_ID: 2583724
2023-06-30 16:28:31 [booklist] INFO: VALID_ID: 12865422
2023-06-30 16:28:31 [booklist] INFO: VALID_ID: 2608247
2023-06-30 16:28:31 [booklist] INFO: VALID_ID: 2583698
2023-06-30 16:28:31 [booklist] INFO: VALID_ID: 2583676
2023-06-30 16:28:31 [booklist] INFO: VALID_ID: 2583712
2023-06-30 16:28:31 [booklist] INFO: VALID_ID: 2583723
2023-06-30 16:28:31 [booklist] INFO: VALID_ID: 12865600
2023-06-30 16:28:31 [booklist] INFO: VALID_ID: 2583665
2023-06-30 16:28:31 [booklist] INFO: VALID_ID: 2583699
2023-06-30 16:28:31 [booklist] INFO: VALID_ID: 2583705
2023-06-30 16:28:31 [booklist] INFO: VALID_ID: 2583718
2023-06-30 16:28:31 [scrapy.core.engine] DEBUG: Crawled (200) <POST https://dl.ndl.go.jp/api/item/search> (referer: https://dl.ndl.go.jp/api/item/search)
2023-06-30 16:28:31 [booklist] INFO: Fetched page 8
2023-06-30 16:28:32 [booklist] INFO: VALID_ID: 2583669
2023-06-30 16:28:32 [booklist] INFO: VALID_ID: 2583665
2023-06-30 16:28:32 [booklist] INFO: VALID_ID: 2583699
2023-06-30 16:28:32 [booklist] INFO: VALID_ID: 2583705
2023-06-30 16:28:32 [booklist] INFO: VALID_ID: 2583718
2023-06-30 16:28:32 [booklist] INFO: VALID_ID: 2583661
2023-06-30 16:28:32 [booklist] INFO: VALID_ID: 2583664
2023-06-30 16:28:32 [booklist] INFO: VALID_ID: 2583717
2023-06-30 16:28:32 [booklist] INFO: VALID_ID: 9369960
2023-06-30 16:28:32 [booklist] INFO: VALID_ID: 2608047
2023-06-30 16:28:32 [booklist] INFO: VALID_ID: 2607426
2023-06-30 16:28:32 [booklist] INFO: VALID_ID: 2610288
2023-06-30 16:28:32 [booklist] INFO: VALID_ID: 2609546
2023-06-30 16:28:32 [booklist] INFO: VALID_ID: 2610518
2023-06-30 16:28:32 [booklist] INFO: VALID_ID: 1286607
2023-06-30 16:28:32 [booklist] INFO: VALID_ID: 1287105
2023-06-30 16:28:32 [booklist] INFO: VALID_ID: 2607078
2023-06-30 16:28:32 [booklist] INFO: VALID_ID: 2609582
2023-06-30 16:28:32 [booklist] INFO: VALID_ID: 1286308
2023-06-30 16:28:32 [booklist] INFO: VALID_ID: 2608597
2023-06-30 16:28:32 [booklist] INFO: VALID_ID: 1287154
2023-06-30 16:28:32 [booklist] INFO: VALID_ID: 2610801
2023-06-30 16:28:32 [booklist] INFO: VALID_ID: 2606608
2023-06-30 16:28:32 [booklist] INFO: VALID_ID: 2608195
2023-06-30 16:28:32 [booklist] INFO: VALID_ID: 2610012
2023-06-30 16:28:32 [booklist] INFO: VALID_ID: 1286698
2023-06-30 16:28:32 [booklist] INFO: VALID_ID: 1286507
2023-06-30 16:28:32 [booklist] INFO: VALID_ID: 2587046
2023-06-30 16:28:32 [booklist] INFO: VALID_ID: 2610942
2023-06-30 16:28:32 [booklist] INFO: VALID_ID: 2611035
2023-06-30 16:28:32 [booklist] INFO: VALID_ID: 2605758
2023-06-30 16:28:32 [booklist] INFO: VALID_ID: 2610138
2023-06-30 16:28:32 [booklist] INFO: VALID_ID: 2539119
2023-06-30 16:28:32 [booklist] INFO: VALID_ID: 2539120
2023-06-30 16:28:32 [booklist] INFO: VALID_ID: 11446628
2023-06-30 16:28:32 [booklist] INFO: VALID_ID: 2609783
2023-06-30 16:28:32 [booklist] INFO: VALID_ID: 2605366
2023-06-30 16:28:32 [booklist] INFO: VALID_ID: 11446621
2023-06-30 16:28:32 [booklist] INFO: VALID_ID: 11446629
2023-06-30 16:28:32 [booklist] INFO: VALID_ID: 11446316
2023-06-30 16:28:32 [scrapy.core.engine] DEBUG: Crawled (200) <POST https://dl.ndl.go.jp/api/item/search> (referer: https://dl.ndl.go.jp/api/item/search)
2023-06-30 16:28:32 [booklist] INFO: Fetched page 9
2023-06-30 16:28:32 [booklist] INFO: No more books on 9
2023-06-30 16:28:32 [scrapy.core.engine] INFO: Closing spider (finished)
2023-06-30 16:28:32 [scrapy.statscollectors] INFO: Dumping Scrapy stats:
{'downloader/request_bytes': 12298,
 'downloader/request_count': 10,
 'downloader/request_method_count/GET': 1,
 'downloader/request_method_count/POST': 9,
 'downloader/response_bytes': 3649265,
 'downloader/response_count': 10,
 'downloader/response_status_count/200': 10,
 'elapsed_time_seconds': 13.790663,
 'finish_reason': 'finished',
 'finish_time': datetime.datetime(2023, 6, 30, 8, 28, 32, 560862),
 'httpcompression/response_bytes': 43475503,
 'httpcompression/response_count': 9,
 'log_count/DEBUG': 13,
 'log_count/INFO': 760,
 'memusage/max': 63852544,
 'memusage/startup': 63852544,
 'request_depth_max': 8,
 'response_received_count': 10,
 'robotstxt/request_count': 1,
 'robotstxt/response_count': 1,
 'robotstxt/response_status_count/200': 1,
 'scheduler/dequeued': 9,
 'scheduler/dequeued/memory': 9,
 'scheduler/enqueued': 9,
 'scheduler/enqueued/memory': 9,
 'start_time': datetime.datetime(2023, 6, 30, 8, 28, 18, 770199)}
2023-06-30 16:28:32 [scrapy.core.engine] INFO: Spider closed (finished)
