2023-06-30 16:59:15 [scrapy.utils.log] INFO: Scrapy 2.9.0 started (bot: ndlcrawler)
2023-06-30 16:59:15 [scrapy.utils.log] INFO: Versions: lxml 4.9.2.0, libxml2 2.9.14, cssselect 1.2.0, parsel 1.8.1, w3lib 2.1.1, Twisted 22.10.0, Python 3.10.10 (main, Mar  5 2023, 22:26:53) [GCC 12.2.1 20230201], pyOpenSSL 23.2.0 (OpenSSL 3.1.1 30 May 2023), cryptography 41.0.1, Platform Linux-6.2.12-arch1-1-x86_64-with-glibc2.37
2023-06-30 16:59:15 [scrapy.crawler] INFO: Overridden settings:
{'BOT_NAME': 'ndlcrawler',
 'FEED_EXPORT_ENCODING': 'utf-8',
 'LOG_FILE': 'logs/booklist.title.遊.DESC.log',
 'NEWSPIDER_MODULE': 'ndlcrawler.spiders',
 'REQUEST_FINGERPRINTER_IMPLEMENTATION': '2.7',
 'ROBOTSTXT_OBEY': True,
 'SPIDER_MODULES': ['ndlcrawler.spiders'],
 'TWISTED_REACTOR': 'twisted.internet.asyncioreactor.AsyncioSelectorReactor'}
2023-06-30 16:59:15 [asyncio] DEBUG: Using selector: EpollSelector
2023-06-30 16:59:15 [scrapy.utils.log] DEBUG: Using reactor: twisted.internet.asyncioreactor.AsyncioSelectorReactor
2023-06-30 16:59:15 [scrapy.utils.log] DEBUG: Using asyncio event loop: asyncio.unix_events._UnixSelectorEventLoop
2023-06-30 16:59:15 [scrapy.extensions.telnet] INFO: Telnet Password: 60ce4132e4862bad
2023-06-30 16:59:15 [scrapy.middleware] INFO: Enabled extensions:
['scrapy.extensions.corestats.CoreStats',
 'scrapy.extensions.telnet.TelnetConsole',
 'scrapy.extensions.memusage.MemoryUsage',
 'scrapy.extensions.logstats.LogStats']
2023-06-30 16:59:15 [scrapy.middleware] INFO: Enabled downloader middlewares:
['scrapy.downloadermiddlewares.robotstxt.RobotsTxtMiddleware',
 'scrapy.downloadermiddlewares.httpauth.HttpAuthMiddleware',
 'scrapy.downloadermiddlewares.downloadtimeout.DownloadTimeoutMiddleware',
 'scrapy.downloadermiddlewares.defaultheaders.DefaultHeadersMiddleware',
 'scrapy.downloadermiddlewares.useragent.UserAgentMiddleware',
 'scrapy.downloadermiddlewares.retry.RetryMiddleware',
 'scrapy.downloadermiddlewares.redirect.MetaRefreshMiddleware',
 'scrapy.downloadermiddlewares.httpcompression.HttpCompressionMiddleware',
 'scrapy.downloadermiddlewares.redirect.RedirectMiddleware',
 'scrapy.downloadermiddlewares.cookies.CookiesMiddleware',
 'scrapy.downloadermiddlewares.httpproxy.HttpProxyMiddleware',
 'scrapy.downloadermiddlewares.stats.DownloaderStats']
2023-06-30 16:59:15 [scrapy.middleware] INFO: Enabled spider middlewares:
['scrapy.spidermiddlewares.httperror.HttpErrorMiddleware',
 'scrapy.spidermiddlewares.offsite.OffsiteMiddleware',
 'scrapy.spidermiddlewares.referer.RefererMiddleware',
 'scrapy.spidermiddlewares.urllength.UrlLengthMiddleware',
 'scrapy.spidermiddlewares.depth.DepthMiddleware']
2023-06-30 16:59:15 [scrapy.middleware] INFO: Enabled item pipelines:
[]
2023-06-30 16:59:15 [scrapy.core.engine] INFO: Spider opened
2023-06-30 16:59:16 [scrapy.extensions.logstats] INFO: Crawled 0 pages (at 0 pages/min), scraped 0 items (at 0 items/min)
2023-06-30 16:59:16 [scrapy.extensions.telnet] INFO: Telnet console listening on 127.0.0.1:6023
2023-06-30 16:59:17 [scrapy.core.engine] DEBUG: Crawled (200) <GET https://dl.ndl.go.jp/robots.txt> (referer: None)
2023-06-30 16:59:18 [scrapy.core.engine] DEBUG: Crawled (200) <POST https://dl.ndl.go.jp/api/item/search> (referer: None)
2023-06-30 16:59:18 [booklist] INFO: Fetched page 1
2023-06-30 16:59:18 [booklist] INFO: VALID_ID: 2563659
2023-06-30 16:59:18 [booklist] INFO: VALID_ID: 2545240
2023-06-30 16:59:18 [booklist] INFO: VALID_ID: 2541112
2023-06-30 16:59:18 [booklist] INFO: VALID_ID: 2545243
2023-06-30 16:59:18 [booklist] INFO: VALID_ID: 2538042
2023-06-30 16:59:18 [booklist] INFO: VALID_ID: 2539601
2023-06-30 16:59:18 [booklist] INFO: VALID_ID: 2563658
2023-06-30 16:59:18 [booklist] INFO: VALID_ID: 1287446
2023-06-30 16:59:18 [booklist] INFO: VALID_ID: 2540624
2023-06-30 16:59:18 [booklist] INFO: VALID_ID: 11445821
2023-06-30 16:59:18 [booklist] INFO: VALID_ID: 11445837
2023-06-30 16:59:18 [booklist] INFO: VALID_ID: 1287483
2023-06-30 16:59:18 [booklist] INFO: VALID_ID: 2536568
2023-06-30 16:59:18 [booklist] INFO: VALID_ID: 2533534
2023-06-30 16:59:18 [booklist] INFO: VALID_ID: 1304626
2023-06-30 16:59:18 [booklist] INFO: VALID_ID: 1287481
2023-06-30 16:59:18 [booklist] INFO: VALID_ID: 2533256
2023-06-30 16:59:18 [booklist] INFO: VALID_ID: 1287482
2023-06-30 16:59:18 [booklist] INFO: VALID_ID: 2536435
2023-06-30 16:59:18 [booklist] INFO: VALID_ID: 2540649
2023-06-30 16:59:18 [booklist] INFO: VALID_ID: 2537372
2023-06-30 16:59:18 [booklist] INFO: VALID_ID: 2558540
2023-06-30 16:59:18 [booklist] INFO: VALID_ID: 2538703
2023-06-30 16:59:18 [booklist] INFO: VALID_ID: 2534088
2023-06-30 16:59:18 [booklist] INFO: VALID_ID: 2532317
2023-06-30 16:59:18 [booklist] INFO: VALID_ID: 2536610
2023-06-30 16:59:18 [booklist] INFO: VALID_ID: 1307266
2023-06-30 16:59:18 [booklist] INFO: VALID_ID: 1307661
2023-06-30 16:59:18 [booklist] INFO: VALID_ID: 2541172
2023-06-30 16:59:18 [booklist] INFO: VALID_ID: 2558537
2023-06-30 16:59:18 [booklist] INFO: VALID_ID: 2542977
2023-06-30 16:59:18 [booklist] INFO: VALID_ID: 11446313
2023-06-30 16:59:18 [booklist] INFO: VALID_ID: 2533818
2023-06-30 16:59:18 [booklist] INFO: VALID_ID: 11891707
2023-06-30 16:59:18 [booklist] INFO: VALID_ID: 2558538
2023-06-30 16:59:18 [booklist] INFO: VALID_ID: 1288481
2023-06-30 16:59:18 [booklist] INFO: VALID_ID: 2534130
2023-06-30 16:59:18 [booklist] INFO: VALID_ID: 2607227
2023-06-30 16:59:18 [booklist] INFO: VALID_ID: 2538298
2023-06-30 16:59:18 [booklist] INFO: VALID_ID: 2558539
2023-06-30 16:59:18 [booklist] INFO: VALID_ID: 2534264
2023-06-30 16:59:18 [booklist] INFO: VALID_ID: 2533351
2023-06-30 16:59:18 [booklist] INFO: VALID_ID: 2533436
2023-06-30 16:59:18 [booklist] INFO: VALID_ID: 2533433
2023-06-30 16:59:18 [booklist] INFO: VALID_ID: 11891753
2023-06-30 16:59:18 [booklist] INFO: VALID_ID: 2536421
2023-06-30 16:59:18 [booklist] INFO: VALID_ID: 2552656
2023-06-30 16:59:18 [booklist] INFO: VALID_ID: 8929852
2023-06-30 16:59:18 [booklist] INFO: VALID_ID: 2533424
2023-06-30 16:59:18 [booklist] INFO: VALID_ID: 2552659
2023-06-30 16:59:18 [booklist] INFO: VALID_ID: 2533425
2023-06-30 16:59:18 [booklist] INFO: VALID_ID: 2533435
2023-06-30 16:59:18 [booklist] INFO: VALID_ID: 2552648
2023-06-30 16:59:18 [booklist] INFO: VALID_ID: 2533426
2023-06-30 16:59:18 [booklist] INFO: VALID_ID: 2542950
2023-06-30 16:59:18 [booklist] INFO: VALID_ID: 2552650
2023-06-30 16:59:18 [booklist] INFO: VALID_ID: 2552653
2023-06-30 16:59:18 [booklist] INFO: VALID_ID: 1301825
2023-06-30 16:59:18 [booklist] INFO: VALID_ID: 2605954
2023-06-30 16:59:18 [booklist] INFO: VALID_ID: 2533432
2023-06-30 16:59:18 [booklist] INFO: VALID_ID: 2552647
2023-06-30 16:59:18 [booklist] INFO: VALID_ID: 1301837
2023-06-30 16:59:18 [booklist] INFO: VALID_ID: 2533430
2023-06-30 16:59:18 [booklist] INFO: VALID_ID: 2552654
2023-06-30 16:59:18 [booklist] INFO: VALID_ID: 2533423
2023-06-30 16:59:18 [booklist] INFO: VALID_ID: 2552637
2023-06-30 16:59:18 [booklist] INFO: VALID_ID: 2552639
2023-06-30 16:59:18 [booklist] INFO: VALID_ID: 2552641
2023-06-30 16:59:18 [booklist] INFO: VALID_ID: 2552649
2023-06-30 16:59:18 [booklist] INFO: VALID_ID: 2552643
2023-06-30 16:59:18 [booklist] INFO: VALID_ID: 2533429
2023-06-30 16:59:18 [booklist] INFO: VALID_ID: 2552638
2023-06-30 16:59:18 [booklist] INFO: VALID_ID: 1304022
2023-06-30 16:59:18 [booklist] INFO: VALID_ID: 1311455
2023-06-30 16:59:18 [booklist] INFO: VALID_ID: 2568545
2023-06-30 16:59:18 [booklist] INFO: VALID_ID: 2561222
2023-06-30 16:59:18 [booklist] INFO: VALID_ID: 2533420
2023-06-30 16:59:18 [booklist] INFO: VALID_ID: 1302992
2023-06-30 16:59:18 [booklist] INFO: VALID_ID: 2552646
2023-06-30 16:59:18 [booklist] INFO: VALID_ID: 2533428
2023-06-30 16:59:18 [booklist] INFO: VALID_ID: 2533431
2023-06-30 16:59:18 [booklist] INFO: VALID_ID: 2552640
2023-06-30 16:59:18 [booklist] INFO: VALID_ID: 2552645
2023-06-30 16:59:18 [booklist] INFO: VALID_ID: 1310274
2023-06-30 16:59:18 [booklist] INFO: VALID_ID: 2533422
2023-06-30 16:59:18 [booklist] INFO: VALID_ID: 2552644
2023-06-30 16:59:18 [booklist] INFO: VALID_ID: 2533427
2023-06-30 16:59:18 [booklist] INFO: VALID_ID: 2552642
2023-06-30 16:59:18 [booklist] INFO: VALID_ID: 2552660
2023-06-30 16:59:18 [booklist] INFO: VALID_ID: 2533434
2023-06-30 16:59:18 [booklist] INFO: VALID_ID: 1302394
2023-06-30 16:59:18 [booklist] INFO: VALID_ID: 2533421
2023-06-30 16:59:18 [booklist] INFO: VALID_ID: 2552651
2023-06-30 16:59:18 [booklist] INFO: VALID_ID: 2552655
2023-06-30 16:59:18 [booklist] INFO: VALID_ID: 2552658
2023-06-30 16:59:18 [booklist] INFO: VALID_ID: 1312583
2023-06-30 16:59:18 [booklist] INFO: VALID_ID: 2606212
2023-06-30 16:59:18 [booklist] INFO: VALID_ID: 1307622
2023-06-30 16:59:18 [booklist] INFO: VALID_ID: 2552652
2023-06-30 16:59:18 [booklist] INFO: VALID_ID: 1301465
2023-06-30 16:59:19 [scrapy.core.engine] DEBUG: Crawled (200) <POST https://dl.ndl.go.jp/api/item/search> (referer: https://dl.ndl.go.jp/api/item/search)
2023-06-30 16:59:19 [booklist] INFO: Fetched page 2
2023-06-30 16:59:19 [booklist] INFO: VALID_ID: 1307695
2023-06-30 16:59:19 [booklist] INFO: VALID_ID: 2552657
2023-06-30 16:59:19 [booklist] INFO: VALID_ID: 1303004
2023-06-30 16:59:19 [booklist] INFO: VALID_ID: 1311457
2023-06-30 16:59:19 [booklist] INFO: VALID_ID: 2607556
2023-06-30 16:59:19 [booklist] INFO: VALID_ID: 1310776
2023-06-30 16:59:19 [booklist] INFO: VALID_ID: 2605274
2023-06-30 16:59:19 [booklist] INFO: VALID_ID: 2561221
2023-06-30 16:59:19 [booklist] INFO: VALID_ID: 2540837
2023-06-30 16:59:19 [booklist] INFO: VALID_ID: 2561223
2023-06-30 16:59:19 [booklist] INFO: VALID_ID: 10301643
2023-06-30 16:59:19 [booklist] INFO: VALID_ID: 2561226
2023-06-30 16:59:19 [booklist] INFO: VALID_ID: 1310144
2023-06-30 16:59:19 [booklist] INFO: VALID_ID: 1310723
2023-06-30 16:59:19 [booklist] INFO: VALID_ID: 2561227
2023-06-30 16:59:19 [booklist] INFO: VALID_ID: 2540391
2023-06-30 16:59:19 [booklist] INFO: VALID_ID: 1310549
2023-06-30 16:59:19 [booklist] INFO: VALID_ID: 1307586
2023-06-30 16:59:19 [booklist] INFO: VALID_ID: 2553180
2023-06-30 16:59:19 [booklist] INFO: VALID_ID: 10301240
2023-06-30 16:59:19 [booklist] INFO: VALID_ID: 2552941
2023-06-30 16:59:19 [booklist] INFO: VALID_ID: 1307452
2023-06-30 16:59:19 [booklist] INFO: VALID_ID: 2553181
2023-06-30 16:59:19 [booklist] INFO: VALID_ID: 1306674
2023-06-30 16:59:19 [booklist] INFO: VALID_ID: 1312214
2023-06-30 16:59:19 [booklist] INFO: VALID_ID: 2605285
2023-06-30 16:59:19 [booklist] INFO: VALID_ID: 2537157
2023-06-30 16:59:19 [booklist] INFO: VALID_ID: 1304403
2023-06-30 16:59:19 [booklist] INFO: VALID_ID: 2537156
2023-06-30 16:59:19 [booklist] INFO: VALID_ID: 2561224
2023-06-30 16:59:19 [booklist] INFO: VALID_ID: 1307677
2023-06-30 16:59:19 [booklist] INFO: VALID_ID: 1310662
2023-06-30 16:59:19 [booklist] INFO: VALID_ID: 2533552
2023-06-30 16:59:19 [booklist] INFO: VALID_ID: 1307986
2023-06-30 16:59:19 [booklist] INFO: VALID_ID: 2552940
2023-06-30 16:59:19 [booklist] INFO: VALID_ID: 1301951
2023-06-30 16:59:19 [booklist] INFO: VALID_ID: 2605633
2023-06-30 16:59:19 [booklist] INFO: VALID_ID: 2568544
2023-06-30 16:59:19 [booklist] INFO: VALID_ID: 8943305
2023-06-30 16:59:19 [booklist] INFO: VALID_ID: 11299477
2023-06-30 16:59:19 [booklist] INFO: VALID_ID: 1310773
2023-06-30 16:59:19 [booklist] INFO: VALID_ID: 1312721
2023-06-30 16:59:19 [booklist] INFO: VALID_ID: 2533232
2023-06-30 16:59:19 [booklist] INFO: VALID_ID: 1307693
2023-06-30 16:59:19 [booklist] INFO: VALID_ID: 1304406
2023-06-30 16:59:19 [booklist] INFO: VALID_ID: 2552661
2023-06-30 16:59:19 [booklist] INFO: VALID_ID: 1301468
2023-06-30 16:59:19 [booklist] INFO: VALID_ID: 9369457
2023-06-30 16:59:19 [booklist] INFO: VALID_ID: 1305764
2023-06-30 16:59:19 [booklist] INFO: VALID_ID: 1305281
2023-06-30 16:59:19 [booklist] INFO: VALID_ID: 1301814
2023-06-30 16:59:19 [booklist] INFO: VALID_ID: 1310798
2023-06-30 16:59:19 [booklist] INFO: VALID_ID: 2608338
2023-06-30 16:59:19 [booklist] INFO: VALID_ID: 2552662
2023-06-30 16:59:19 [booklist] INFO: VALID_ID: 1304568
2023-06-30 16:59:19 [booklist] INFO: VALID_ID: 2561225
2023-06-30 16:59:19 [booklist] INFO: VALID_ID: 1307729
2023-06-30 16:59:19 [booklist] INFO: VALID_ID: 2554495
2023-06-30 16:59:19 [booklist] INFO: VALID_ID: 10301508
2023-06-30 16:59:19 [booklist] INFO: VALID_ID: 1301728
2023-06-30 16:59:19 [booklist] INFO: VALID_ID: 2607286
2023-06-30 16:59:19 [booklist] INFO: VALID_ID: 11299493
2023-06-30 16:59:19 [booklist] INFO: VALID_ID: 8943114
2023-06-30 16:59:19 [booklist] INFO: VALID_ID: 1310509
2023-06-30 16:59:19 [booklist] INFO: VALID_ID: 2546704
2023-06-30 16:59:19 [booklist] INFO: VALID_ID: 1312018
2023-06-30 16:59:19 [booklist] INFO: VALID_ID: 1312035
2023-06-30 16:59:19 [booklist] INFO: VALID_ID: 1310552
2023-06-30 16:59:19 [booklist] INFO: VALID_ID: 1301949
2023-06-30 16:59:19 [booklist] INFO: VALID_ID: 2607024
2023-06-30 16:59:19 [booklist] INFO: VALID_ID: 2533327
2023-06-30 16:59:19 [booklist] INFO: VALID_ID: 1301420
2023-06-30 16:59:19 [booklist] INFO: VALID_ID: 8943113
2023-06-30 16:59:19 [booklist] INFO: VALID_ID: 1301937
2023-06-30 16:59:19 [booklist] INFO: VALID_ID: 2566699
2023-06-30 16:59:19 [booklist] INFO: VALID_ID: 763418
2023-06-30 16:59:19 [booklist] INFO: VALID_ID: 9892689
2023-06-30 16:59:19 [booklist] INFO: VALID_ID: 1311890
2023-06-30 16:59:19 [booklist] INFO: VALID_ID: 1312512
2023-06-30 16:59:19 [booklist] INFO: VALID_ID: 11299476
2023-06-30 16:59:19 [booklist] INFO: VALID_ID: 1301808
2023-06-30 16:59:19 [booklist] INFO: VALID_ID: 2554496
2023-06-30 16:59:19 [booklist] INFO: VALID_ID: 1310793
2023-06-30 16:59:19 [booklist] INFO: VALID_ID: 2608869
2023-06-30 16:59:19 [booklist] INFO: VALID_ID: 2566690
2023-06-30 16:59:19 [booklist] INFO: VALID_ID: 2566693
2023-06-30 16:59:19 [booklist] INFO: VALID_ID: 2605674
2023-06-30 16:59:19 [booklist] INFO: VALID_ID: 1307702
2023-06-30 16:59:19 [booklist] INFO: VALID_ID: 8929478
2023-06-30 16:59:19 [booklist] INFO: VALID_ID: 10301143
2023-06-30 16:59:19 [booklist] INFO: VALID_ID: 8943111
2023-06-30 16:59:19 [booklist] INFO: VALID_ID: 2538501
2023-06-30 16:59:19 [booklist] INFO: VALID_ID: 1310664
2023-06-30 16:59:19 [booklist] INFO: VALID_ID: 1312036
2023-06-30 16:59:19 [booklist] INFO: VALID_ID: 1304398
2023-06-30 16:59:19 [booklist] INFO: VALID_ID: 2546703
2023-06-30 16:59:19 [booklist] INFO: VALID_ID: 2537714
2023-06-30 16:59:19 [booklist] INFO: VALID_ID: 2566705
2023-06-30 16:59:19 [booklist] INFO: VALID_ID: 1301328
2023-06-30 16:59:19 [booklist] INFO: VALID_ID: 10301672
2023-06-30 16:59:20 [scrapy.core.engine] DEBUG: Crawled (200) <POST https://dl.ndl.go.jp/api/item/search> (referer: https://dl.ndl.go.jp/api/item/search)
2023-06-30 16:59:20 [booklist] INFO: Fetched page 3
2023-06-30 16:59:20 [booklist] INFO: VALID_ID: 8929478
2023-06-30 16:59:20 [booklist] INFO: VALID_ID: 2561568
2023-06-30 16:59:20 [booklist] INFO: VALID_ID: 1305527
2023-06-30 16:59:20 [booklist] INFO: VALID_ID: 2566702
2023-06-30 16:59:20 [booklist] INFO: VALID_ID: 8943112
2023-06-30 16:59:20 [booklist] INFO: VALID_ID: 2608869
2023-06-30 16:59:20 [booklist] INFO: VALID_ID: 2566690
2023-06-30 16:59:20 [booklist] INFO: VALID_ID: 2566693
2023-06-30 16:59:20 [booklist] INFO: VALID_ID: 2605674
2023-06-30 16:59:20 [booklist] INFO: VALID_ID: 1307702
2023-06-30 16:59:20 [booklist] INFO: VALID_ID: 10301672
2023-06-30 16:59:20 [booklist] INFO: VALID_ID: 1311476
2023-06-30 16:59:20 [booklist] INFO: VALID_ID: 1307872
2023-06-30 16:59:20 [booklist] INFO: VALID_ID: 1301480
2023-06-30 16:59:20 [booklist] INFO: VALID_ID: 2566697
2023-06-30 16:59:20 [booklist] INFO: VALID_ID: 2566707
2023-06-30 16:59:20 [booklist] INFO: VALID_ID: 2566706
2023-06-30 16:59:20 [booklist] INFO: VALID_ID: 2566711
2023-06-30 16:59:20 [booklist] INFO: VALID_ID: 2566694
2023-06-30 16:59:20 [booklist] INFO: VALID_ID: 1307699
2023-06-30 16:59:20 [booklist] INFO: VALID_ID: 2559212
2023-06-30 16:59:20 [booklist] INFO: VALID_ID: 2566701
2023-06-30 16:59:20 [booklist] INFO: VALID_ID: 1310739
2023-06-30 16:59:20 [booklist] INFO: VALID_ID: 1307522
2023-06-30 16:59:20 [booklist] INFO: VALID_ID: 2566696
2023-06-30 16:59:20 [booklist] INFO: VALID_ID: 1304475
2023-06-30 16:59:20 [booklist] INFO: VALID_ID: 1313544
2023-06-30 16:59:20 [booklist] INFO: VALID_ID: 1310268
2023-06-30 16:59:20 [booklist] INFO: VALID_ID: 9893062
2023-06-30 16:59:20 [booklist] INFO: VALID_ID: 1305495
2023-06-30 16:59:20 [booklist] INFO: VALID_ID: 2566695
2023-06-30 16:59:20 [booklist] INFO: VALID_ID: 2566710
2023-06-30 16:59:20 [booklist] INFO: VALID_ID: 1310738
2023-06-30 16:59:20 [booklist] INFO: VALID_ID: 2566704
2023-06-30 16:59:20 [booklist] INFO: VALID_ID: 1310641
2023-06-30 16:59:20 [booklist] INFO: VALID_ID: 1310665
2023-06-30 16:59:20 [booklist] INFO: VALID_ID: 1310564
2023-06-30 16:59:20 [booklist] INFO: VALID_ID: 1304405
2023-06-30 16:59:20 [booklist] INFO: VALID_ID: 2566698
2023-06-30 16:59:20 [booklist] INFO: VALID_ID: 1304991
2023-06-30 16:59:20 [booklist] INFO: VALID_ID: 1312661
2023-06-30 16:59:20 [booklist] INFO: VALID_ID: 2608719
2023-06-30 16:59:20 [booklist] INFO: VALID_ID: 2566700
2023-06-30 16:59:20 [booklist] INFO: VALID_ID: 2566709
2023-06-30 16:59:20 [booklist] INFO: VALID_ID: 2566691
2023-06-30 16:59:20 [booklist] INFO: VALID_ID: 2566708
2023-06-30 16:59:20 [booklist] INFO: VALID_ID: 2566712
2023-06-30 16:59:20 [booklist] INFO: VALID_ID: 2533870
2023-06-30 16:59:20 [booklist] INFO: VALID_ID: 1310775
2023-06-30 16:59:20 [booklist] INFO: VALID_ID: 2561569
2023-06-30 16:59:20 [booklist] INFO: VALID_ID: 2566703
2023-06-30 16:59:20 [booklist] INFO: VALID_ID: 1311879
2023-06-30 16:59:20 [booklist] INFO: VALID_ID: 9893352
2023-06-30 16:59:20 [booklist] INFO: VALID_ID: 1302664
2023-06-30 16:59:20 [booklist] INFO: VALID_ID: 2539847
2023-06-30 16:59:20 [booklist] INFO: VALID_ID: 1304024
2023-06-30 16:59:20 [booklist] INFO: VALID_ID: 1312626
2023-06-30 16:59:20 [booklist] INFO: VALID_ID: 2542806
2023-06-30 16:59:20 [booklist] INFO: VALID_ID: 1304199
2023-06-30 16:59:20 [booklist] INFO: VALID_ID: 1301602
2023-06-30 16:59:20 [booklist] INFO: VALID_ID: 1302692
2023-06-30 16:59:20 [booklist] INFO: VALID_ID: 1310234
2023-06-30 16:59:20 [booklist] INFO: VALID_ID: 1301854
2023-06-30 16:59:20 [booklist] INFO: VALID_ID: 1310568
2023-06-30 16:59:20 [booklist] INFO: VALID_ID: 1310544
2023-06-30 16:59:20 [booklist] INFO: VALID_ID: 1310735
2023-06-30 16:59:20 [booklist] INFO: VALID_ID: 1310545
2023-06-30 16:59:20 [booklist] INFO: VALID_ID: 2536761
2023-06-30 16:59:20 [booklist] INFO: VALID_ID: 1305982
2023-06-30 16:59:20 [booklist] INFO: VALID_ID: 1310666
2023-06-30 16:59:20 [booklist] INFO: VALID_ID: 1310540
2023-06-30 16:59:20 [booklist] INFO: VALID_ID: 8929352
2023-06-30 16:59:20 [booklist] INFO: VALID_ID: 1304285
2023-06-30 16:59:20 [booklist] INFO: VALID_ID: 1301763
2023-06-30 16:59:20 [booklist] INFO: VALID_ID: 10301523
2023-06-30 16:59:20 [booklist] INFO: VALID_ID: 1310782
2023-06-30 16:59:20 [booklist] INFO: VALID_ID: 2559210
2023-06-30 16:59:20 [booklist] INFO: VALID_ID: 8929563
2023-06-30 16:59:20 [booklist] INFO: VALID_ID: 1303000
2023-06-30 16:59:20 [booklist] INFO: VALID_ID: 1310547
2023-06-30 16:59:20 [booklist] INFO: VALID_ID: 1307840
2023-06-30 16:59:20 [booklist] INFO: VALID_ID: 1309046
2023-06-30 16:59:20 [booklist] INFO: VALID_ID: 1312445
2023-06-30 16:59:20 [booklist] INFO: VALID_ID: 1310543
2023-06-30 16:59:20 [booklist] INFO: VALID_ID: 2568325
2023-06-30 16:59:20 [booklist] INFO: VALID_ID: 1304719
2023-06-30 16:59:20 [booklist] INFO: VALID_ID: 2568326
2023-06-30 16:59:20 [booklist] INFO: VALID_ID: 1307932
2023-06-30 16:59:20 [booklist] INFO: VALID_ID: 1310501
2023-06-30 16:59:20 [booklist] INFO: VALID_ID: 8929533
2023-06-30 16:59:20 [booklist] INFO: VALID_ID: 1301853
2023-06-30 16:59:20 [booklist] INFO: VALID_ID: 1306267
2023-06-30 16:59:20 [booklist] INFO: VALID_ID: 1309892
2023-06-30 16:59:20 [booklist] INFO: VALID_ID: 1309548
2023-06-30 16:59:20 [booklist] INFO: VALID_ID: 2607606
2023-06-30 16:59:20 [booklist] INFO: VALID_ID: 1307757
2023-06-30 16:59:20 [booklist] INFO: VALID_ID: 1307654
2023-06-30 16:59:20 [booklist] INFO: VALID_ID: 1311800
2023-06-30 16:59:20 [booklist] INFO: VALID_ID: 2542773
2023-06-30 16:59:20 [booklist] INFO: VALID_ID: 1308582
2023-06-30 16:59:21 [scrapy.core.engine] DEBUG: Crawled (200) <POST https://dl.ndl.go.jp/api/item/search> (referer: https://dl.ndl.go.jp/api/item/search)
2023-06-30 16:59:21 [booklist] INFO: Fetched page 4
2023-06-30 16:59:21 [booklist] INFO: VALID_ID: 1311800
2023-06-30 16:59:21 [booklist] INFO: VALID_ID: 1306337
2023-06-30 16:59:21 [booklist] INFO: VALID_ID: 8929474
2023-06-30 16:59:21 [booklist] INFO: VALID_ID: 1309463
2023-06-30 16:59:21 [booklist] INFO: VALID_ID: 1301527
2023-06-30 16:59:21 [booklist] INFO: VALID_ID: 1305909
2023-06-30 16:59:21 [booklist] INFO: VALID_ID: 9893859
2023-06-30 16:59:21 [booklist] INFO: VALID_ID: 1312597
2023-06-30 16:59:21 [booklist] INFO: VALID_ID: 1309489
2023-06-30 16:59:21 [booklist] INFO: VALID_ID: 1307931
2023-06-30 16:59:21 [booklist] INFO: VALID_ID: 1310504
2023-06-30 16:59:21 [booklist] INFO: VALID_ID: 1301320
2023-06-30 16:59:21 [booklist] INFO: VALID_ID: 2553314
2023-06-30 16:59:21 [booklist] INFO: VALID_ID: 1312024
2023-06-30 16:59:21 [booklist] INFO: VALID_ID: 2549710
2023-06-30 16:59:21 [booklist] INFO: VALID_ID: 1307083
2023-06-30 16:59:21 [booklist] INFO: VALID_ID: 2592414
2023-06-30 16:59:21 [booklist] INFO: VALID_ID: 1311801
2023-06-30 16:59:21 [booklist] INFO: VALID_ID: 1312503
2023-06-30 16:59:21 [booklist] INFO: VALID_ID: 1312848
2023-06-30 16:59:21 [booklist] INFO: VALID_ID: 2570257
2023-06-30 16:59:21 [booklist] INFO: VALID_ID: 1312499
2023-06-30 16:59:21 [booklist] INFO: VALID_ID: 10300949
2023-06-30 16:59:21 [booklist] INFO: VALID_ID: 1311803
2023-06-30 16:59:21 [booklist] INFO: VALID_ID: 1312501
2023-06-30 16:59:21 [booklist] INFO: VALID_ID: 2571692
2023-06-30 16:59:21 [booklist] INFO: VALID_ID: 1312502
2023-06-30 16:59:21 [booklist] INFO: VALID_ID: 1312500
2023-06-30 16:59:21 [booklist] INFO: VALID_ID: 2536550
2023-06-30 16:59:21 [booklist] INFO: VALID_ID: 11891760
2023-06-30 16:59:21 [booklist] INFO: VALID_ID: 1312504
2023-06-30 16:59:21 [booklist] INFO: VALID_ID: 11891847
2023-06-30 16:59:21 [booklist] INFO: VALID_ID: 1311802
2023-06-30 16:59:21 [booklist] INFO: VALID_ID: 2534195
2023-06-30 16:59:21 [booklist] INFO: VALID_ID: 1306499
2023-06-30 16:59:21 [booklist] INFO: VALID_ID: 10303443
2023-06-30 16:59:21 [booklist] INFO: VALID_ID: 1312790
2023-06-30 16:59:21 [booklist] INFO: VALID_ID: 2581775
2023-06-30 16:59:21 [booklist] INFO: VALID_ID: 10303442
2023-06-30 16:59:21 [booklist] INFO: VALID_ID: 2553330
2023-06-30 16:59:21 [booklist] INFO: VALID_ID: 10301481
2023-06-30 16:59:21 [booklist] INFO: VALID_ID: 2581019
2023-06-30 16:59:21 [booklist] INFO: VALID_ID: 1305615
2023-06-30 16:59:21 [booklist] INFO: VALID_ID: 2542751
2023-06-30 16:59:21 [booklist] INFO: VALID_ID: 2553329
2023-06-30 16:59:21 [booklist] INFO: VALID_ID: 2553351
2023-06-30 16:59:21 [booklist] INFO: VALID_ID: 2581712
2023-06-30 16:59:21 [booklist] INFO: VALID_ID: 2586091
2023-06-30 16:59:21 [booklist] INFO: VALID_ID: 2583254
2023-06-30 16:59:21 [booklist] INFO: VALID_ID: 2544647
2023-06-30 16:59:21 [booklist] INFO: VALID_ID: 2586090
2023-06-30 16:59:21 [booklist] INFO: VALID_ID: 10303970
2023-06-30 16:59:21 [booklist] INFO: VALID_ID: 10301600
2023-06-30 16:59:21 [booklist] INFO: VALID_ID: 2551937
2023-06-30 16:59:21 [booklist] INFO: VALID_ID: 2581774
2023-06-30 16:59:21 [booklist] INFO: VALID_ID: 2558767
2023-06-30 16:59:21 [booklist] INFO: VALID_ID: 1313487
2023-06-30 16:59:21 [booklist] INFO: VALID_ID: 2592523
2023-06-30 16:59:21 [booklist] INFO: VALID_ID: 2585444
2023-06-30 16:59:21 [booklist] INFO: VALID_ID: 2559128
2023-06-30 16:59:21 [booklist] INFO: VALID_ID: 2583255
2023-06-30 16:59:21 [booklist] INFO: VALID_ID: 2581709
2023-06-30 16:59:21 [booklist] INFO: VALID_ID: 2580654
2023-06-30 16:59:21 [booklist] INFO: VALID_ID: 2551916
2023-06-30 16:59:21 [booklist] INFO: VALID_ID: 2585160
2023-06-30 16:59:21 [booklist] INFO: VALID_ID: 10300983
2023-06-30 16:59:21 [booklist] INFO: VALID_ID: 2532472
2023-06-30 16:59:21 [booklist] INFO: VALID_ID: 2598021
2023-06-30 16:59:21 [booklist] INFO: VALID_ID: 2607974
2023-06-30 16:59:21 [booklist] INFO: VALID_ID: 2551948
2023-06-30 16:59:21 [booklist] INFO: VALID_ID: 10301307
2023-06-30 16:59:21 [booklist] INFO: VALID_ID: 10301748
2023-06-30 16:59:21 [booklist] INFO: VALID_ID: 2537967
2023-06-30 16:59:21 [booklist] INFO: VALID_ID: 2585602
2023-06-30 16:59:21 [booklist] INFO: VALID_ID: 2553346
2023-06-30 16:59:21 [booklist] INFO: VALID_ID: 10300911
2023-06-30 16:59:21 [booklist] INFO: VALID_ID: 2606303
2023-06-30 16:59:21 [booklist] INFO: VALID_ID: 2549709
2023-06-30 16:59:21 [booklist] INFO: VALID_ID: 2605429
2023-06-30 16:59:21 [booklist] INFO: VALID_ID: 10301315
2023-06-30 16:59:21 [booklist] INFO: VALID_ID: 2585183
2023-06-30 16:59:21 [booklist] INFO: VALID_ID: 2533856
2023-06-30 16:59:21 [booklist] INFO: VALID_ID: 2553328
2023-06-30 16:59:21 [booklist] INFO: VALID_ID: 2553350
2023-06-30 16:59:21 [booklist] INFO: VALID_ID: 2551915
2023-06-30 16:59:21 [booklist] INFO: VALID_ID: 2585522
2023-06-30 16:59:21 [booklist] INFO: VALID_ID: 2585521
2023-06-30 16:59:21 [booklist] INFO: VALID_ID: 2605174
2023-06-30 16:59:21 [booklist] INFO: VALID_ID: 9892687
2023-06-30 16:59:21 [booklist] INFO: VALID_ID: 1287695
2023-06-30 16:59:21 [booklist] INFO: VALID_ID: 2581711
2023-06-30 16:59:21 [booklist] INFO: VALID_ID: 1287714
2023-06-30 16:59:21 [booklist] INFO: VALID_ID: 1287694
2023-06-30 16:59:21 [booklist] INFO: VALID_ID: 1287686
2023-06-30 16:59:21 [booklist] INFO: VALID_ID: 1287709
2023-06-30 16:59:21 [booklist] INFO: VALID_ID: 1287715
2023-06-30 16:59:21 [booklist] INFO: VALID_ID: 2585340
2023-06-30 16:59:21 [booklist] INFO: VALID_ID: 1288334
2023-06-30 16:59:21 [booklist] INFO: VALID_ID: 1288515
2023-06-30 16:59:21 [booklist] INFO: VALID_ID: 1287687
2023-06-30 16:59:22 [scrapy.core.engine] DEBUG: Crawled (200) <POST https://dl.ndl.go.jp/api/item/search> (referer: https://dl.ndl.go.jp/api/item/search)
2023-06-30 16:59:22 [booklist] INFO: Fetched page 5
2023-06-30 16:59:23 [booklist] INFO: VALID_ID: 1287684
2023-06-30 16:59:23 [booklist] INFO: VALID_ID: 1287693
2023-06-30 16:59:23 [booklist] INFO: VALID_ID: 1287701
2023-06-30 16:59:23 [booklist] INFO: VALID_ID: 1287715
2023-06-30 16:59:23 [booklist] INFO: VALID_ID: 1287719
2023-06-30 16:59:23 [booklist] INFO: VALID_ID: 1287716
2023-06-30 16:59:23 [booklist] INFO: VALID_ID: 1287682
2023-06-30 16:59:23 [booklist] INFO: VALID_ID: 1287704
2023-06-30 16:59:23 [booklist] INFO: VALID_ID: 1288515
2023-06-30 16:59:23 [booklist] INFO: VALID_ID: 10300952
2023-06-30 16:59:23 [booklist] INFO: VALID_ID: 1287717
2023-06-30 16:59:23 [booklist] INFO: VALID_ID: 1287692
2023-06-30 16:59:23 [booklist] INFO: VALID_ID: 2585294
2023-06-30 16:59:23 [booklist] INFO: VALID_ID: 2541094
2023-06-30 16:59:23 [booklist] INFO: VALID_ID: 2610226
2023-06-30 16:59:23 [booklist] INFO: VALID_ID: 2610121
2023-06-30 16:59:23 [booklist] INFO: VALID_ID: 2609321
2023-06-30 16:59:23 [booklist] INFO: VALID_ID: 2559209
2023-06-30 16:59:23 [booklist] INFO: VALID_ID: 2559213
2023-06-30 16:59:23 [booklist] INFO: VALID_ID: 2609776
2023-06-30 16:59:23 [booklist] INFO: VALID_ID: 2559211
2023-06-30 16:59:23 [booklist] INFO: VALID_ID: 2559218
2023-06-30 16:59:23 [booklist] INFO: VALID_ID: 9369514
2023-06-30 16:59:23 [booklist] INFO: VALID_ID: 2559215
2023-06-30 16:59:23 [booklist] INFO: VALID_ID: 1288187
2023-06-30 16:59:23 [booklist] INFO: VALID_ID: 2559216
2023-06-30 16:59:23 [booklist] INFO: VALID_ID: 11446312
2023-06-30 16:59:23 [booklist] INFO: VALID_ID: 2559207
2023-06-30 16:59:23 [booklist] INFO: VALID_ID: 2559208
2023-06-30 16:59:23 [booklist] INFO: VALID_ID: 2559217
2023-06-30 16:59:23 [booklist] INFO: VALID_ID: 1288536
2023-06-30 16:59:23 [booklist] INFO: VALID_ID: 2610250
2023-06-30 16:59:23 [booklist] INFO: VALID_ID: 2606933
2023-06-30 16:59:23 [booklist] INFO: VALID_ID: 10301657
2023-06-30 16:59:23 [booklist] INFO: VALID_ID: 2606945
2023-06-30 16:59:23 [booklist] INFO: VALID_ID: 2610431
2023-06-30 16:59:23 [booklist] INFO: VALID_ID: 2545202
2023-06-30 16:59:23 [booklist] INFO: VALID_ID: 10301640
2023-06-30 16:59:23 [booklist] INFO: VALID_ID: 2541121
2023-06-30 16:59:23 [booklist] INFO: VALID_ID: 10301648
2023-06-30 16:59:23 [booklist] INFO: VALID_ID: 2585331
2023-06-30 16:59:23 [booklist] INFO: VALID_ID: 2610659
2023-06-30 16:59:23 [booklist] INFO: VALID_ID: 2608047
2023-06-30 16:59:23 [booklist] INFO: VALID_ID: 2533240
2023-06-30 16:59:23 [booklist] INFO: VALID_ID: 10301264
2023-06-30 16:59:23 [booklist] INFO: VALID_ID: 2606412
2023-06-30 16:59:23 [booklist] INFO: VALID_ID: 2550186
2023-06-30 16:59:23 [booklist] INFO: VALID_ID: 2549577
2023-06-30 16:59:23 [booklist] INFO: VALID_ID: 10301500
2023-06-30 16:59:23 [booklist] INFO: VALID_ID: 2610093
2023-06-30 16:59:23 [booklist] INFO: VALID_ID: 2611103
2023-06-30 16:59:23 [booklist] INFO: VALID_ID: 2550185
2023-06-30 16:59:23 [booklist] INFO: VALID_ID: 2610596
2023-06-30 16:59:23 [booklist] INFO: VALID_ID: 10301138
2023-06-30 16:59:23 [booklist] INFO: VALID_ID: 2559118
2023-06-30 16:59:23 [booklist] INFO: VALID_ID: 2608884
2023-06-30 16:59:23 [booklist] INFO: VALID_ID: 2559117
2023-06-30 16:59:23 [booklist] INFO: VALID_ID: 2559129
2023-06-30 16:59:23 [booklist] INFO: VALID_ID: 2559124
2023-06-30 16:59:23 [booklist] INFO: VALID_ID: 2559121
2023-06-30 16:59:23 [booklist] INFO: VALID_ID: 2559132
2023-06-30 16:59:23 [booklist] INFO: VALID_ID: 2559130
2023-06-30 16:59:23 [booklist] INFO: VALID_ID: 2559127
2023-06-30 16:59:23 [booklist] INFO: VALID_ID: 10301383
2023-06-30 16:59:23 [booklist] INFO: VALID_ID: 2559122
2023-06-30 16:59:23 [booklist] INFO: VALID_ID: 2559123
2023-06-30 16:59:23 [booklist] INFO: VALID_ID: 2559120
2023-06-30 16:59:23 [booklist] INFO: VALID_ID: 2559131
2023-06-30 16:59:23 [booklist] INFO: VALID_ID: 2559119
2023-06-30 16:59:23 [booklist] INFO: VALID_ID: 2559126
2023-06-30 16:59:23 [booklist] INFO: VALID_ID: 2559125
2023-06-30 16:59:23 [booklist] INFO: VALID_ID: 2550233
2023-06-30 16:59:23 [booklist] INFO: VALID_ID: 2606130
2023-06-30 16:59:23 [booklist] INFO: VALID_ID: 2533156
2023-06-30 16:59:23 [booklist] INFO: VALID_ID: 2542560
2023-06-30 16:59:23 [booklist] INFO: VALID_ID: 2550274
2023-06-30 16:59:23 [booklist] INFO: VALID_ID: 2610456
2023-06-30 16:59:23 [booklist] INFO: VALID_ID: 2572706
2023-06-30 16:59:23 [booklist] INFO: VALID_ID: 2572710
2023-06-30 16:59:23 [booklist] INFO: VALID_ID: 9369963
2023-06-30 16:59:23 [booklist] INFO: VALID_ID: 2549294
2023-06-30 16:59:23 [booklist] INFO: VALID_ID: 9369953
2023-06-30 16:59:23 [booklist] INFO: VALID_ID: 2609783
2023-06-30 16:59:23 [booklist] INFO: VALID_ID: 2611035
2023-06-30 16:59:23 [scrapy.core.engine] DEBUG: Crawled (200) <POST https://dl.ndl.go.jp/api/item/search> (referer: https://dl.ndl.go.jp/api/item/search)
2023-06-30 16:59:23 [booklist] INFO: Fetched page 6
2023-06-30 16:59:23 [booklist] INFO: No more books on 6
2023-06-30 16:59:23 [scrapy.core.engine] INFO: Closing spider (finished)
2023-06-30 16:59:23 [scrapy.statscollectors] INFO: Dumping Scrapy stats:
{'downloader/request_bytes': 8281,
 'downloader/request_count': 7,
 'downloader/request_method_count/GET': 1,
 'downloader/request_method_count/POST': 6,
 'downloader/response_bytes': 1811116,
 'downloader/response_count': 7,
 'downloader/response_status_count/200': 7,
 'elapsed_time_seconds': 7.515493,
 'finish_reason': 'finished',
 'finish_time': datetime.datetime(2023, 6, 30, 8, 59, 23, 639794),
 'httpcompression/response_bytes': 20234332,
 'httpcompression/response_count': 6,
 'log_count/DEBUG': 10,
 'log_count/INFO': 501,
 'memusage/max': 63844352,
 'memusage/startup': 63844352,
 'request_depth_max': 5,
 'response_received_count': 7,
 'robotstxt/request_count': 1,
 'robotstxt/response_count': 1,
 'robotstxt/response_status_count/200': 1,
 'scheduler/dequeued': 6,
 'scheduler/dequeued/memory': 6,
 'scheduler/enqueued': 6,
 'scheduler/enqueued/memory': 6,
 'start_time': datetime.datetime(2023, 6, 30, 8, 59, 16, 124301)}
2023-06-30 16:59:23 [scrapy.core.engine] INFO: Spider closed (finished)
