2023-06-30 16:27:44 [scrapy.utils.log] INFO: Scrapy 2.9.0 started (bot: ndlcrawler)
2023-06-30 16:27:44 [scrapy.utils.log] INFO: Versions: lxml 4.9.2.0, libxml2 2.9.14, cssselect 1.2.0, parsel 1.8.1, w3lib 2.1.1, Twisted 22.10.0, Python 3.10.10 (main, Mar  5 2023, 22:26:53) [GCC 12.2.1 20230201], pyOpenSSL 23.2.0 (OpenSSL 3.1.1 30 May 2023), cryptography 41.0.1, Platform Linux-6.2.12-arch1-1-x86_64-with-glibc2.37
2023-06-30 16:27:44 [scrapy.crawler] INFO: Overridden settings:
{'BOT_NAME': 'ndlcrawler',
 'FEED_EXPORT_ENCODING': 'utf-8',
 'LOG_FILE': 'logs/booklist.title.41.DESC.log',
 'NEWSPIDER_MODULE': 'ndlcrawler.spiders',
 'REQUEST_FINGERPRINTER_IMPLEMENTATION': '2.7',
 'ROBOTSTXT_OBEY': True,
 'SPIDER_MODULES': ['ndlcrawler.spiders'],
 'TWISTED_REACTOR': 'twisted.internet.asyncioreactor.AsyncioSelectorReactor'}
2023-06-30 16:27:44 [asyncio] DEBUG: Using selector: EpollSelector
2023-06-30 16:27:44 [scrapy.utils.log] DEBUG: Using reactor: twisted.internet.asyncioreactor.AsyncioSelectorReactor
2023-06-30 16:27:44 [scrapy.utils.log] DEBUG: Using asyncio event loop: asyncio.unix_events._UnixSelectorEventLoop
2023-06-30 16:27:44 [scrapy.extensions.telnet] INFO: Telnet Password: f85ff25413fdac42
2023-06-30 16:27:44 [scrapy.middleware] INFO: Enabled extensions:
['scrapy.extensions.corestats.CoreStats',
 'scrapy.extensions.telnet.TelnetConsole',
 'scrapy.extensions.memusage.MemoryUsage',
 'scrapy.extensions.logstats.LogStats']
2023-06-30 16:27:45 [scrapy.middleware] INFO: Enabled downloader middlewares:
['scrapy.downloadermiddlewares.robotstxt.RobotsTxtMiddleware',
 'scrapy.downloadermiddlewares.httpauth.HttpAuthMiddleware',
 'scrapy.downloadermiddlewares.downloadtimeout.DownloadTimeoutMiddleware',
 'scrapy.downloadermiddlewares.defaultheaders.DefaultHeadersMiddleware',
 'scrapy.downloadermiddlewares.useragent.UserAgentMiddleware',
 'scrapy.downloadermiddlewares.retry.RetryMiddleware',
 'scrapy.downloadermiddlewares.redirect.MetaRefreshMiddleware',
 'scrapy.downloadermiddlewares.httpcompression.HttpCompressionMiddleware',
 'scrapy.downloadermiddlewares.redirect.RedirectMiddleware',
 'scrapy.downloadermiddlewares.cookies.CookiesMiddleware',
 'scrapy.downloadermiddlewares.httpproxy.HttpProxyMiddleware',
 'scrapy.downloadermiddlewares.stats.DownloaderStats']
2023-06-30 16:27:45 [scrapy.middleware] INFO: Enabled spider middlewares:
['scrapy.spidermiddlewares.httperror.HttpErrorMiddleware',
 'scrapy.spidermiddlewares.offsite.OffsiteMiddleware',
 'scrapy.spidermiddlewares.referer.RefererMiddleware',
 'scrapy.spidermiddlewares.urllength.UrlLengthMiddleware',
 'scrapy.spidermiddlewares.depth.DepthMiddleware']
2023-06-30 16:27:45 [scrapy.middleware] INFO: Enabled item pipelines:
[]
2023-06-30 16:27:45 [scrapy.core.engine] INFO: Spider opened
2023-06-30 16:27:45 [scrapy.extensions.logstats] INFO: Crawled 0 pages (at 0 pages/min), scraped 0 items (at 0 items/min)
2023-06-30 16:27:45 [scrapy.extensions.telnet] INFO: Telnet console listening on 127.0.0.1:6024
2023-06-30 16:27:46 [scrapy.core.engine] DEBUG: Crawled (200) <GET https://dl.ndl.go.jp/robots.txt> (referer: None)
2023-06-30 16:27:47 [scrapy.core.engine] DEBUG: Crawled (200) <POST https://dl.ndl.go.jp/api/item/search> (referer: None)
2023-06-30 16:27:47 [booklist] INFO: Fetched page 1
2023-06-30 16:27:48 [booklist] INFO: VALID_ID: 2596480
2023-06-30 16:27:48 [booklist] INFO: VALID_ID: 2570700
2023-06-30 16:27:48 [booklist] INFO: VALID_ID: 2545325
2023-06-30 16:27:48 [booklist] INFO: VALID_ID: 2591397
2023-06-30 16:27:48 [booklist] INFO: VALID_ID: 2584956
2023-06-30 16:27:48 [booklist] INFO: VALID_ID: 2556401
2023-06-30 16:27:48 [booklist] INFO: VALID_ID: 2557862
2023-06-30 16:27:48 [booklist] INFO: VALID_ID: 2571947
2023-06-30 16:27:48 [booklist] INFO: VALID_ID: 2571348
2023-06-30 16:27:48 [booklist] INFO: VALID_ID: 2565772
2023-06-30 16:27:48 [booklist] INFO: VALID_ID: 2590681
2023-06-30 16:27:48 [booklist] INFO: VALID_ID: 2596098
2023-06-30 16:27:48 [booklist] INFO: VALID_ID: 2560360
2023-06-30 16:27:48 [booklist] INFO: VALID_ID: 2603219
2023-06-30 16:27:48 [booklist] INFO: VALID_ID: 2600859
2023-06-30 16:27:48 [booklist] INFO: VALID_ID: 2578778
2023-06-30 16:27:48 [booklist] INFO: VALID_ID: 2573729
2023-06-30 16:27:48 [booklist] INFO: VALID_ID: 2588381
2023-06-30 16:27:48 [booklist] INFO: VALID_ID: 2601318
2023-06-30 16:27:48 [booklist] INFO: VALID_ID: 2578024
2023-06-30 16:27:48 [booklist] INFO: VALID_ID: 2555107
2023-06-30 16:27:48 [booklist] INFO: VALID_ID: 2597835
2023-06-30 16:27:48 [booklist] INFO: VALID_ID: 2562616
2023-06-30 16:27:48 [booklist] INFO: VALID_ID: 2574811
2023-06-30 16:27:48 [booklist] INFO: VALID_ID: 2592009
2023-06-30 16:27:48 [booklist] INFO: VALID_ID: 2590427
2023-06-30 16:27:48 [booklist] INFO: VALID_ID: 2600312
2023-06-30 16:27:48 [booklist] INFO: VALID_ID: 2545931
2023-06-30 16:27:48 [booklist] INFO: VALID_ID: 2579772
2023-06-30 16:27:48 [booklist] INFO: VALID_ID: 2576451
2023-06-30 16:27:48 [booklist] INFO: VALID_ID: 2558932
2023-06-30 16:27:48 [booklist] INFO: VALID_ID: 2589826
2023-06-30 16:27:48 [booklist] INFO: VALID_ID: 2551040
2023-06-30 16:27:48 [booklist] INFO: VALID_ID: 2579549
2023-06-30 16:27:48 [booklist] INFO: VALID_ID: 2577066
2023-06-30 16:27:48 [booklist] INFO: VALID_ID: 2573386
2023-06-30 16:27:48 [booklist] INFO: VALID_ID: 2569737
2023-06-30 16:27:48 [booklist] INFO: VALID_ID: 2573266
2023-06-30 16:27:48 [booklist] INFO: VALID_ID: 2596540
2023-06-30 16:27:48 [booklist] INFO: VALID_ID: 2591046
2023-06-30 16:27:48 [booklist] INFO: VALID_ID: 2562255
2023-06-30 16:27:48 [booklist] INFO: VALID_ID: 2558514
2023-06-30 16:27:48 [booklist] INFO: VALID_ID: 2596854
2023-06-30 16:27:48 [booklist] INFO: VALID_ID: 2596388
2023-06-30 16:27:48 [booklist] INFO: VALID_ID: 2588083
2023-06-30 16:27:48 [booklist] INFO: VALID_ID: 2550061
2023-06-30 16:27:48 [booklist] INFO: VALID_ID: 2576351
2023-06-30 16:27:48 [booklist] INFO: VALID_ID: 2552018
2023-06-30 16:27:48 [booklist] INFO: VALID_ID: 2585076
2023-06-30 16:27:48 [booklist] INFO: VALID_ID: 2572723
2023-06-30 16:27:48 [booklist] INFO: VALID_ID: 2581159
2023-06-30 16:27:48 [booklist] INFO: VALID_ID: 2593218
2023-06-30 16:27:48 [booklist] INFO: VALID_ID: 2570520
2023-06-30 16:27:48 [booklist] INFO: VALID_ID: 2596994
2023-06-30 16:27:48 [booklist] INFO: VALID_ID: 2595952
2023-06-30 16:27:48 [booklist] INFO: VALID_ID: 2578783
2023-06-30 16:27:48 [booklist] INFO: VALID_ID: 2574072
2023-06-30 16:27:48 [booklist] INFO: VALID_ID: 2573436
2023-06-30 16:27:48 [booklist] INFO: VALID_ID: 2592486
2023-06-30 16:27:48 [booklist] INFO: VALID_ID: 2578782
2023-06-30 16:27:48 [booklist] INFO: VALID_ID: 2562657
2023-06-30 16:27:48 [booklist] INFO: VALID_ID: 2552602
2023-06-30 16:27:48 [booklist] INFO: VALID_ID: 2578779
2023-06-30 16:27:48 [booklist] INFO: VALID_ID: 2578780
2023-06-30 16:27:48 [booklist] INFO: VALID_ID: 2573903
2023-06-30 16:27:48 [booklist] INFO: VALID_ID: 2544274
2023-06-30 16:27:48 [booklist] INFO: VALID_ID: 2544186
2023-06-30 16:27:48 [booklist] INFO: VALID_ID: 2580326
2023-06-30 16:27:48 [booklist] INFO: VALID_ID: 2574457
2023-06-30 16:27:48 [booklist] INFO: VALID_ID: 2546318
2023-06-30 16:27:48 [booklist] INFO: VALID_ID: 2578669
2023-06-30 16:27:48 [booklist] INFO: VALID_ID: 2551804
2023-06-30 16:27:48 [booklist] INFO: VALID_ID: 2580386
2023-06-30 16:27:48 [booklist] INFO: VALID_ID: 2577672
2023-06-30 16:27:48 [booklist] INFO: VALID_ID: 2552331
2023-06-30 16:27:48 [booklist] INFO: VALID_ID: 2578781
2023-06-30 16:27:48 [booklist] INFO: VALID_ID: 2549412
2023-06-30 16:27:48 [booklist] INFO: VALID_ID: 2600696
2023-06-30 16:27:48 [booklist] INFO: VALID_ID: 2580713
2023-06-30 16:27:48 [booklist] INFO: VALID_ID: 2565718
2023-06-30 16:27:48 [booklist] INFO: VALID_ID: 2593062
2023-06-30 16:27:48 [booklist] INFO: VALID_ID: 2578784
2023-06-30 16:27:48 [booklist] INFO: VALID_ID: 2561721
2023-06-30 16:27:48 [booklist] INFO: VALID_ID: 2600162
2023-06-30 16:27:48 [booklist] INFO: VALID_ID: 2549484
2023-06-30 16:27:48 [booklist] INFO: VALID_ID: 2550010
2023-06-30 16:27:48 [booklist] INFO: VALID_ID: 2591163
2023-06-30 16:27:48 [booklist] INFO: VALID_ID: 2545545
2023-06-30 16:27:48 [booklist] INFO: VALID_ID: 2580636
2023-06-30 16:27:48 [booklist] INFO: VALID_ID: 2609720
2023-06-30 16:27:48 [booklist] INFO: VALID_ID: 2562469
2023-06-30 16:27:48 [booklist] INFO: VALID_ID: 2549526
2023-06-30 16:27:48 [booklist] INFO: VALID_ID: 2560840
2023-06-30 16:27:48 [booklist] INFO: VALID_ID: 2564794
2023-06-30 16:27:48 [booklist] INFO: VALID_ID: 2551319
2023-06-30 16:27:48 [booklist] INFO: VALID_ID: 2585138
2023-06-30 16:27:48 [booklist] INFO: VALID_ID: 2559304
2023-06-30 16:27:48 [booklist] INFO: VALID_ID: 2601158
2023-06-30 16:27:48 [booklist] INFO: VALID_ID: 2573823
2023-06-30 16:27:48 [booklist] INFO: VALID_ID: 2567505
2023-06-30 16:27:49 [scrapy.core.engine] DEBUG: Crawled (200) <POST https://dl.ndl.go.jp/api/item/search> (referer: https://dl.ndl.go.jp/api/item/search)
2023-06-30 16:27:49 [booklist] INFO: Fetched page 2
2023-06-30 16:27:50 [booklist] INFO: VALID_ID: 2591627
2023-06-30 16:27:50 [booklist] INFO: VALID_ID: 2574577
2023-06-30 16:27:50 [booklist] INFO: VALID_ID: 2556142
2023-06-30 16:27:50 [booklist] INFO: VALID_ID: 2590199
2023-06-30 16:27:50 [booklist] INFO: VALID_ID: 2558367
2023-06-30 16:27:50 [booklist] INFO: VALID_ID: 2556145
2023-06-30 16:27:50 [booklist] INFO: VALID_ID: 2562121
2023-06-30 16:27:50 [booklist] INFO: VALID_ID: 2590226
2023-06-30 16:27:50 [booklist] INFO: VALID_ID: 2606221
2023-06-30 16:27:50 [booklist] INFO: VALID_ID: 2553502
2023-06-30 16:27:50 [booklist] INFO: VALID_ID: 2561446
2023-06-30 16:27:50 [booklist] INFO: VALID_ID: 2562094
2023-06-30 16:27:50 [booklist] INFO: VALID_ID: 2556143
2023-06-30 16:27:50 [booklist] INFO: VALID_ID: 2556144
2023-06-30 16:27:50 [booklist] INFO: VALID_ID: 2551140
2023-06-30 16:27:50 [booklist] INFO: VALID_ID: 2590196
2023-06-30 16:27:50 [booklist] INFO: VALID_ID: 2577433
2023-06-30 16:27:50 [booklist] INFO: VALID_ID: 2574003
2023-06-30 16:27:50 [booklist] INFO: VALID_ID: 2597094
2023-06-30 16:27:50 [booklist] INFO: VALID_ID: 2589926
2023-06-30 16:27:50 [booklist] INFO: VALID_ID: 2561821
2023-06-30 16:27:50 [booklist] INFO: VALID_ID: 2556653
2023-06-30 16:27:50 [booklist] INFO: VALID_ID: 2556657
2023-06-30 16:27:50 [booklist] INFO: VALID_ID: 2600412
2023-06-30 16:27:50 [booklist] INFO: VALID_ID: 10301235
2023-06-30 16:27:50 [booklist] INFO: VALID_ID: 2572276
2023-06-30 16:27:50 [booklist] INFO: VALID_ID: 2576826
2023-06-30 16:27:50 [booklist] INFO: VALID_ID: 2562091
2023-06-30 16:27:50 [booklist] INFO: VALID_ID: 2590326
2023-06-30 16:27:50 [booklist] INFO: VALID_ID: 2584257
2023-06-30 16:27:50 [booklist] INFO: VALID_ID: 2590200
2023-06-30 16:27:50 [booklist] INFO: VALID_ID: 2570620
2023-06-30 16:27:50 [booklist] INFO: VALID_ID: 2590204
2023-06-30 16:27:50 [booklist] INFO: VALID_ID: 2597935
2023-06-30 16:27:50 [booklist] INFO: VALID_ID: 2590026
2023-06-30 16:27:50 [booklist] INFO: VALID_ID: 2590202
2023-06-30 16:27:50 [booklist] INFO: VALID_ID: 10301005
2023-06-30 16:27:50 [booklist] INFO: VALID_ID: 2562092
2023-06-30 16:27:50 [booklist] INFO: VALID_ID: 2556652
2023-06-30 16:27:50 [booklist] INFO: VALID_ID: 2562093
2023-06-30 16:27:50 [booklist] INFO: VALID_ID: 2562090
2023-06-30 16:27:50 [booklist] INFO: VALID_ID: 2562095
2023-06-30 16:27:50 [booklist] INFO: VALID_ID: 2590201
2023-06-30 16:27:50 [booklist] INFO: VALID_ID: 2562098
2023-06-30 16:27:50 [booklist] INFO: VALID_ID: 2590126
2023-06-30 16:27:50 [booklist] INFO: VALID_ID: 2562096
2023-06-30 16:27:50 [booklist] INFO: VALID_ID: 2556663
2023-06-30 16:27:50 [booklist] INFO: VALID_ID: 2556658
2023-06-30 16:27:50 [booklist] INFO: VALID_ID: 2556664
2023-06-30 16:27:50 [booklist] INFO: VALID_ID: 2590198
2023-06-30 16:27:50 [booklist] INFO: VALID_ID: 2562097
2023-06-30 16:27:50 [booklist] INFO: VALID_ID: 2556659
2023-06-30 16:27:50 [booklist] INFO: VALID_ID: 2562099
2023-06-30 16:27:50 [booklist] INFO: VALID_ID: 2590195
2023-06-30 16:27:50 [booklist] INFO: VALID_ID: 2556654
2023-06-30 16:27:50 [booklist] INFO: VALID_ID: 2577533
2023-06-30 16:27:50 [booklist] INFO: VALID_ID: 2556661
2023-06-30 16:27:50 [booklist] INFO: VALID_ID: 2597194
2023-06-30 16:27:50 [booklist] INFO: VALID_ID: 2562021
2023-06-30 16:27:50 [booklist] INFO: VALID_ID: 2590203
2023-06-30 16:27:50 [booklist] INFO: VALID_ID: 2561921
2023-06-30 16:27:50 [booklist] INFO: VALID_ID: 2571190
2023-06-30 16:27:50 [booklist] INFO: VALID_ID: 2590197
2023-06-30 16:27:50 [booklist] INFO: VALID_ID: 2585762
2023-06-30 16:27:50 [booklist] INFO: VALID_ID: 2559225
2023-06-30 16:27:50 [booklist] INFO: VALID_ID: 2605967
2023-06-30 16:27:50 [booklist] INFO: VALID_ID: 2556656
2023-06-30 16:27:50 [booklist] INFO: VALID_ID: 2556662
2023-06-30 16:27:50 [booklist] INFO: VALID_ID: 2556655
2023-06-30 16:27:50 [booklist] INFO: VALID_ID: 2556660
2023-06-30 16:27:50 [booklist] INFO: VALID_ID: 11891784
2023-06-30 16:27:50 [booklist] INFO: VALID_ID: 2559227
2023-06-30 16:27:50 [booklist] INFO: VALID_ID: 2585801
2023-06-30 16:27:50 [booklist] INFO: VALID_ID: 11891869
2023-06-30 16:27:50 [booklist] INFO: VALID_ID: 2588568
2023-06-30 16:27:50 [booklist] INFO: VALID_ID: 9370105
2023-06-30 16:27:50 [booklist] INFO: VALID_ID: 2572376
2023-06-30 16:27:50 [booklist] INFO: VALID_ID: 2585781
2023-06-30 16:27:50 [booklist] INFO: VALID_ID: 2585840
2023-06-30 16:27:50 [booklist] INFO: VALID_ID: 2585791
2023-06-30 16:27:50 [booklist] INFO: VALID_ID: 2585771
2023-06-30 16:27:50 [booklist] INFO: VALID_ID: 1307492
2023-06-30 16:27:50 [booklist] INFO: VALID_ID: 2585905
2023-06-30 16:27:50 [booklist] INFO: VALID_ID: 11891842
2023-06-30 16:27:50 [booklist] INFO: VALID_ID: 2585820
2023-06-30 16:27:50 [booklist] INFO: VALID_ID: 2596218
2023-06-30 16:27:50 [booklist] INFO: VALID_ID: 2585830
2023-06-30 16:27:50 [booklist] INFO: VALID_ID: 2548999
2023-06-30 16:27:50 [booklist] INFO: VALID_ID: 2572067
2023-06-30 16:27:50 [booklist] INFO: VALID_ID: 2553047
2023-06-30 16:27:50 [booklist] INFO: VALID_ID: 10301332
2023-06-30 16:27:50 [booklist] INFO: VALID_ID: 2553046
2023-06-30 16:27:50 [booklist] INFO: VALID_ID: 2606435
2023-06-30 16:27:50 [booklist] INFO: VALID_ID: 2588668
2023-06-30 16:27:50 [booklist] INFO: VALID_ID: 2553045
2023-06-30 16:27:50 [booklist] INFO: VALID_ID: 2553048
2023-06-30 16:27:50 [booklist] INFO: VALID_ID: 2606916
2023-06-30 16:27:50 [booklist] INFO: VALID_ID: 2544848
2023-06-30 16:27:50 [booklist] INFO: VALID_ID: 2544864
2023-06-30 16:27:50 [booklist] INFO: VALID_ID: 2571398
2023-06-30 16:27:51 [scrapy.core.engine] DEBUG: Crawled (200) <POST https://dl.ndl.go.jp/api/item/search> (referer: https://dl.ndl.go.jp/api/item/search)
2023-06-30 16:27:51 [booklist] INFO: Fetched page 3
2023-06-30 16:27:52 [booklist] INFO: VALID_ID: 2559229
2023-06-30 16:27:52 [booklist] INFO: VALID_ID: 2553674
2023-06-30 16:27:52 [booklist] INFO: VALID_ID: 2544864
2023-06-30 16:27:52 [booklist] INFO: VALID_ID: 10301168
2023-06-30 16:27:52 [booklist] INFO: VALID_ID: 2571398
2023-06-30 16:27:52 [booklist] INFO: VALID_ID: 2565086
2023-06-30 16:27:52 [booklist] INFO: VALID_ID: 2565094
2023-06-30 16:27:52 [booklist] INFO: VALID_ID: 2572890
2023-06-30 16:27:52 [booklist] INFO: VALID_ID: 2565091
2023-06-30 16:27:52 [booklist] INFO: VALID_ID: 2565103
2023-06-30 16:27:52 [booklist] INFO: VALID_ID: 2544211
2023-06-30 16:27:52 [booklist] INFO: VALID_ID: 2553614
2023-06-30 16:27:52 [booklist] INFO: VALID_ID: 2565093
2023-06-30 16:27:52 [booklist] INFO: VALID_ID: 2571522
2023-06-30 16:27:52 [booklist] INFO: VALID_ID: 2608920
2023-06-30 16:27:52 [booklist] INFO: VALID_ID: 2548713
2023-06-30 16:27:52 [booklist] INFO: VALID_ID: 2565088
2023-06-30 16:27:52 [booklist] INFO: VALID_ID: 2565099
2023-06-30 16:27:52 [booklist] INFO: VALID_ID: 2565085
2023-06-30 16:27:52 [booklist] INFO: VALID_ID: 2565092
2023-06-30 16:27:52 [booklist] INFO: VALID_ID: 2565090
2023-06-30 16:27:52 [booklist] INFO: VALID_ID: 2574763
2023-06-30 16:27:52 [booklist] INFO: VALID_ID: 2565100
2023-06-30 16:27:52 [booklist] INFO: VALID_ID: 2573019
2023-06-30 16:27:52 [booklist] INFO: VALID_ID: 2565105
2023-06-30 16:27:52 [booklist] INFO: VALID_ID: 2565098
2023-06-30 16:27:52 [booklist] INFO: VALID_ID: 2565095
2023-06-30 16:27:52 [booklist] INFO: VALID_ID: 2565097
2023-06-30 16:27:52 [booklist] INFO: VALID_ID: 2587325
2023-06-30 16:27:52 [booklist] INFO: VALID_ID: 2565102
2023-06-30 16:27:52 [booklist] INFO: VALID_ID: 2565096
2023-06-30 16:27:52 [booklist] INFO: VALID_ID: 2565101
2023-06-30 16:27:52 [booklist] INFO: VALID_ID: 2565106
2023-06-30 16:27:52 [booklist] INFO: VALID_ID: 2565089
2023-06-30 16:27:52 [booklist] INFO: VALID_ID: 10301260
2023-06-30 16:27:52 [booklist] INFO: VALID_ID: 2572167
2023-06-30 16:27:52 [booklist] INFO: VALID_ID: 2565087
2023-06-30 16:27:52 [booklist] INFO: VALID_ID: 2565107
2023-06-30 16:27:52 [booklist] INFO: VALID_ID: 2565084
2023-06-30 16:27:52 [booklist] INFO: VALID_ID: 2565104
2023-06-30 16:27:52 [booklist] INFO: VALID_ID: 2550450
2023-06-30 16:27:52 [booklist] INFO: VALID_ID: 10301587
2023-06-30 16:27:52 [booklist] INFO: VALID_ID: 2588869
2023-06-30 16:27:52 [booklist] INFO: VALID_ID: 2572962
2023-06-30 16:27:52 [booklist] INFO: VALID_ID: 2548919
2023-06-30 16:27:52 [booklist] INFO: VALID_ID: 2576989
2023-06-30 16:27:52 [booklist] INFO: VALID_ID: 2549369
2023-06-30 16:27:52 [booklist] INFO: VALID_ID: 2549777
2023-06-30 16:27:52 [booklist] INFO: VALID_ID: 2605953
2023-06-30 16:27:52 [booklist] INFO: VALID_ID: 2559228
2023-06-30 16:27:52 [booklist] INFO: VALID_ID: 2588433
2023-06-30 16:27:52 [booklist] INFO: VALID_ID: 2559226
2023-06-30 16:27:52 [booklist] INFO: VALID_ID: 2607204
2023-06-30 16:27:52 [booklist] INFO: VALID_ID: 2558127
2023-06-30 16:27:52 [booklist] INFO: VALID_ID: 2558128
2023-06-30 16:27:52 [booklist] INFO: VALID_ID: 2558131
2023-06-30 16:27:52 [booklist] INFO: VALID_ID: 2558130
2023-06-30 16:27:52 [booklist] INFO: VALID_ID: 2558122
2023-06-30 16:27:52 [booklist] INFO: VALID_ID: 2558125
2023-06-30 16:27:52 [booklist] INFO: VALID_ID: 2558129
2023-06-30 16:27:52 [booklist] INFO: VALID_ID: 2558124
2023-06-30 16:27:52 [booklist] INFO: VALID_ID: 2558121
2023-06-30 16:27:52 [booklist] INFO: VALID_ID: 2589223
2023-06-30 16:27:52 [booklist] INFO: VALID_ID: 2573119
2023-06-30 16:27:52 [booklist] INFO: VALID_ID: 2558126
2023-06-30 16:27:52 [booklist] INFO: VALID_ID: 2558123
2023-06-30 16:27:52 [booklist] INFO: VALID_ID: 2571622
2023-06-30 16:27:52 [booklist] INFO: VALID_ID: 2559207
2023-06-30 16:27:52 [booklist] INFO: VALID_ID: 2587105
2023-06-30 16:27:52 [booklist] INFO: VALID_ID: 2548762
2023-06-30 16:27:52 [booklist] INFO: VALID_ID: 2548601
2023-06-30 16:27:52 [booklist] INFO: VALID_ID: 2588969
2023-06-30 16:27:52 [booklist] INFO: VALID_ID: 2559080
2023-06-30 16:27:52 [booklist] INFO: VALID_ID: 2559131
2023-06-30 16:27:52 [booklist] INFO: VALID_ID: 2550550
2023-06-30 16:27:52 [booklist] INFO: VALID_ID: 2589069
2023-06-30 16:27:52 [booklist] INFO: VALID_ID: 2557911
2023-06-30 16:27:52 [booklist] INFO: VALID_ID: 2578796
2023-06-30 16:27:52 [booklist] INFO: VALID_ID: 2578829
2023-06-30 16:27:52 [booklist] INFO: VALID_ID: 2557902
2023-06-30 16:27:52 [booklist] INFO: VALID_ID: 2557906
2023-06-30 16:27:52 [booklist] INFO: VALID_ID: 2578824
2023-06-30 16:27:52 [booklist] INFO: VALID_ID: 2578827
2023-06-30 16:27:52 [booklist] INFO: VALID_ID: 2578834
2023-06-30 16:27:52 [booklist] INFO: VALID_ID: 2578813
2023-06-30 16:27:52 [booklist] INFO: VALID_ID: 2578819
2023-06-30 16:27:52 [booklist] INFO: VALID_ID: 2578823
2023-06-30 16:27:52 [booklist] INFO: VALID_ID: 2589169
2023-06-30 16:27:52 [booklist] INFO: VALID_ID: 2571688
2023-06-30 16:27:52 [booklist] INFO: VALID_ID: 2578806
2023-06-30 16:27:52 [booklist] INFO: VALID_ID: 2578825
2023-06-30 16:27:52 [booklist] INFO: VALID_ID: 2578836
2023-06-30 16:27:52 [booklist] INFO: VALID_ID: 2589305
2023-06-30 16:27:52 [booklist] INFO: VALID_ID: 2557907
2023-06-30 16:27:52 [booklist] INFO: VALID_ID: 2578797
2023-06-30 16:27:52 [booklist] INFO: VALID_ID: 2578801
2023-06-30 16:27:52 [booklist] INFO: VALID_ID: 2578800
2023-06-30 16:27:52 [booklist] INFO: VALID_ID: 2578821
2023-06-30 16:27:52 [booklist] INFO: VALID_ID: 2578808
2023-06-30 16:27:52 [booklist] INFO: VALID_ID: 2578809
2023-06-30 16:27:53 [scrapy.core.engine] DEBUG: Crawled (200) <POST https://dl.ndl.go.jp/api/item/search> (referer: https://dl.ndl.go.jp/api/item/search)
2023-06-30 16:27:53 [booklist] INFO: Fetched page 4
2023-06-30 16:27:53 [booklist] INFO: VALID_ID: 2557899
2023-06-30 16:27:53 [booklist] INFO: VALID_ID: 2609139
2023-06-30 16:27:53 [booklist] INFO: VALID_ID: 2557911
2023-06-30 16:27:53 [booklist] INFO: VALID_ID: 2578842
2023-06-30 16:27:53 [booklist] INFO: VALID_ID: 2578820
2023-06-30 16:27:53 [booklist] INFO: VALID_ID: 2578810
2023-06-30 16:27:53 [booklist] INFO: VALID_ID: 2578818
2023-06-30 16:27:53 [booklist] INFO: VALID_ID: 2578816
2023-06-30 16:27:53 [booklist] INFO: VALID_ID: 2578832
2023-06-30 16:27:53 [booklist] INFO: VALID_ID: 2578839
2023-06-30 16:27:53 [booklist] INFO: VALID_ID: 2578815
2023-06-30 16:27:53 [booklist] INFO: VALID_ID: 2578831
2023-06-30 16:27:53 [booklist] INFO: VALID_ID: 2578838
2023-06-30 16:27:53 [booklist] INFO: VALID_ID: 2557908
2023-06-30 16:27:53 [booklist] INFO: VALID_ID: 2571757
2023-06-30 16:27:53 [booklist] INFO: VALID_ID: 2557904
2023-06-30 16:27:53 [booklist] INFO: VALID_ID: 2557903
2023-06-30 16:27:53 [booklist] INFO: VALID_ID: 2557909
2023-06-30 16:27:53 [booklist] INFO: VALID_ID: 2557912
2023-06-30 16:27:53 [booklist] INFO: VALID_ID: 2610906
2023-06-30 16:27:53 [booklist] INFO: VALID_ID: 2578804
2023-06-30 16:27:53 [booklist] INFO: VALID_ID: 2557898
2023-06-30 16:27:53 [booklist] INFO: VALID_ID: 2578806
2023-06-30 16:27:53 [booklist] INFO: VALID_ID: 2578825
2023-06-30 16:27:53 [booklist] INFO: VALID_ID: 2578836
2023-06-30 16:27:53 [booklist] INFO: VALID_ID: 2608926
2023-06-30 16:27:53 [booklist] INFO: VALID_ID: 2557914
2023-06-30 16:27:53 [booklist] INFO: VALID_ID: 2578798
2023-06-30 16:27:53 [booklist] INFO: VALID_ID: 2578805
2023-06-30 16:27:53 [booklist] INFO: VALID_ID: 2578835
2023-06-30 16:27:53 [booklist] INFO: VALID_ID: 2578794
2023-06-30 16:27:53 [booklist] INFO: VALID_ID: 2578803
2023-06-30 16:27:53 [booklist] INFO: VALID_ID: 2578814
2023-06-30 16:27:53 [booklist] INFO: VALID_ID: 2578840
2023-06-30 16:27:53 [booklist] INFO: VALID_ID: 2578822
2023-06-30 16:27:53 [booklist] INFO: VALID_ID: 2578826
2023-06-30 16:27:53 [booklist] INFO: VALID_ID: 2578795
2023-06-30 16:27:53 [booklist] INFO: VALID_ID: 2557901
2023-06-30 16:27:53 [booklist] INFO: VALID_ID: 2578799
2023-06-30 16:27:53 [booklist] INFO: VALID_ID: 2578807
2023-06-30 16:27:53 [booklist] INFO: VALID_ID: 2578841
2023-06-30 16:27:53 [booklist] INFO: VALID_ID: 2578817
2023-06-30 16:27:53 [booklist] INFO: VALID_ID: 2572796
2023-06-30 16:27:53 [booklist] INFO: VALID_ID: 2578793
2023-06-30 16:27:53 [booklist] INFO: VALID_ID: 2557905
2023-06-30 16:27:53 [booklist] INFO: VALID_ID: 2557910
2023-06-30 16:27:53 [booklist] INFO: VALID_ID: 2557900
2023-06-30 16:27:53 [booklist] INFO: VALID_ID: 2557913
2023-06-30 16:27:53 [booklist] INFO: VALID_ID: 2578828
2023-06-30 16:27:53 [booklist] INFO: VALID_ID: 2578830
2023-06-30 16:27:53 [booklist] INFO: VALID_ID: 2550172
2023-06-30 16:27:53 [booklist] INFO: VALID_ID: 2550349
2023-06-30 16:27:53 [booklist] INFO: VALID_ID: 2587205
2023-06-30 16:27:53 [booklist] INFO: VALID_ID: 2572513
2023-06-30 16:27:53 [booklist] INFO: VALID_ID: 2559153
2023-06-30 16:27:53 [booklist] INFO: VALID_ID: 2572714
2023-06-30 16:27:53 [booklist] INFO: VALID_ID: 2549208
2023-06-30 16:27:53 [booklist] INFO: VALID_ID: 2549083
2023-06-30 16:27:53 [booklist] INFO: VALID_ID: 11446525
2023-06-30 16:27:53 [booklist] INFO: VALID_ID: 2587376
2023-06-30 16:27:53 [booklist] INFO: VALID_ID: 11446625
2023-06-30 16:27:53 [booklist] INFO: VALID_ID: 2609205
2023-06-30 16:27:53 [booklist] INFO: VALID_ID: 2587496
2023-06-30 16:27:53 [booklist] INFO: VALID_ID: 2583701
2023-06-30 16:27:53 [booklist] INFO: VALID_ID: 2559224
2023-06-30 16:27:53 [booklist] INFO: VALID_ID: 10303817
2023-06-30 16:27:53 [booklist] INFO: VALID_ID: 10303816
2023-06-30 16:27:53 [booklist] INFO: VALID_ID: 2559239
2023-06-30 16:27:53 [booklist] INFO: VALID_ID: 2550239
2023-06-30 16:27:53 [booklist] INFO: VALID_ID: 2550283
2023-06-30 16:27:53 [booklist] INFO: VALID_ID: 2553700
2023-06-30 16:27:53 [booklist] INFO: VALID_ID: 2574383
2023-06-30 16:27:53 [booklist] INFO: VALID_ID: 2543765
2023-06-30 16:27:53 [booklist] INFO: VALID_ID: 2553459
2023-06-30 16:27:53 [booklist] INFO: VALID_ID: 2574382
2023-06-30 16:27:53 [booklist] INFO: VALID_ID: 2532594
2023-06-30 16:27:53 [booklist] INFO: VALID_ID: 2568883
2023-06-30 16:27:53 [booklist] INFO: VALID_ID: 2570843
2023-06-30 16:27:53 [booklist] INFO: VALID_ID: 8943009
2023-06-30 16:27:53 [booklist] INFO: VALID_ID: 2583440
2023-06-30 16:27:53 [booklist] INFO: VALID_ID: 2585704
2023-06-30 16:27:53 [booklist] INFO: VALID_ID: 2547537
2023-06-30 16:27:53 [booklist] INFO: VALID_ID: 10303616
2023-06-30 16:27:53 [booklist] INFO: VALID_ID: 11038660
2023-06-30 16:27:53 [booklist] INFO: VALID_ID: 8943054
2023-06-30 16:27:53 [booklist] INFO: VALID_ID: 10303586
2023-06-30 16:27:53 [booklist] INFO: VALID_ID: 11223320
2023-06-30 16:27:53 [booklist] INFO: VALID_ID: 2591126
2023-06-30 16:27:53 [booklist] INFO: VALID_ID: 2605029
2023-06-30 16:27:53 [booklist] INFO: VALID_ID: 8943038
2023-06-30 16:27:53 [booklist] INFO: VALID_ID: 10303601
2023-06-30 16:27:53 [booklist] INFO: VALID_ID: 11038776
2023-06-30 16:27:53 [booklist] INFO: VALID_ID: 2572615
2023-06-30 16:27:53 [booklist] INFO: VALID_ID: 2570817
2023-06-30 16:27:53 [booklist] INFO: VALID_ID: 2585952
2023-06-30 16:27:53 [booklist] INFO: VALID_ID: 10303722
2023-06-30 16:27:53 [booklist] INFO: VALID_ID: 11038727
2023-06-30 16:27:53 [booklist] INFO: VALID_ID: 2590988
2023-06-30 16:27:53 [booklist] INFO: VALID_ID: 2574298
2023-06-30 16:27:53 [booklist] INFO: VALID_ID: 2549028
2023-06-30 16:27:54 [scrapy.core.engine] DEBUG: Crawled (200) <POST https://dl.ndl.go.jp/api/item/search> (referer: https://dl.ndl.go.jp/api/item/search)
2023-06-30 16:27:54 [booklist] INFO: Fetched page 5
2023-06-30 16:27:55 [booklist] INFO: VALID_ID: 2555352
2023-06-30 16:27:55 [booklist] INFO: VALID_ID: 2590940
2023-06-30 16:27:55 [booklist] INFO: VALID_ID: 2608748
2023-06-30 16:27:55 [booklist] INFO: VALID_ID: 11038780
2023-06-30 16:27:55 [booklist] INFO: VALID_ID: 2574381
2023-06-30 16:27:55 [booklist] INFO: VALID_ID: 2610261
2023-06-30 16:27:55 [booklist] INFO: VALID_ID: 12866097
2023-06-30 16:27:55 [booklist] INFO: VALID_ID: 2607553
2023-06-30 16:27:55 [booklist] INFO: VALID_ID: 2538360
2023-06-30 16:27:55 [booklist] INFO: VALID_ID: 2560193
2023-06-30 16:27:55 [booklist] INFO: VALID_ID: 2532593
2023-06-30 16:27:55 [booklist] INFO: VALID_ID: 2581725
2023-06-30 16:27:55 [booklist] INFO: VALID_ID: 2608598
2023-06-30 16:27:55 [booklist] INFO: VALID_ID: 2583668
2023-06-30 16:27:55 [booklist] INFO: VALID_ID: 2538474
2023-06-30 16:27:55 [booklist] INFO: VALID_ID: 2578063
2023-06-30 16:27:55 [booklist] INFO: VALID_ID: 2560192
2023-06-30 16:27:55 [booklist] INFO: VALID_ID: 2578065
2023-06-30 16:27:55 [booklist] INFO: VALID_ID: 2610490
2023-06-30 16:27:55 [booklist] INFO: VALID_ID: 2540117
2023-06-30 16:27:55 [booklist] INFO: VALID_ID: 2578061
2023-06-30 16:27:55 [booklist] INFO: VALID_ID: 11891737
2023-06-30 16:27:55 [booklist] INFO: VALID_ID: 2578062
2023-06-30 16:27:55 [booklist] INFO: VALID_ID: 2605048
2023-06-30 16:27:55 [booklist] INFO: VALID_ID: 11891906
2023-06-30 16:27:55 [booklist] INFO: VALID_ID: 2532595
2023-06-30 16:27:55 [booklist] INFO: VALID_ID: 2578064
2023-06-30 16:27:55 [booklist] INFO: VALID_ID: 2585962
2023-06-30 16:27:55 [booklist] INFO: VALID_ID: 2560194
2023-06-30 16:27:55 [booklist] INFO: VALID_ID: 2591136
2023-06-30 16:27:55 [booklist] INFO: VALID_ID: 2605068
2023-06-30 16:27:55 [booklist] INFO: VALID_ID: 2605468
2023-06-30 16:27:55 [booklist] INFO: VALID_ID: 2581724
2023-06-30 16:27:55 [booklist] INFO: VALID_ID: 11223420
2023-06-30 16:27:55 [booklist] INFO: VALID_ID: 2549061
2023-06-30 16:27:55 [booklist] INFO: VALID_ID: 2581523
2023-06-30 16:27:55 [booklist] INFO: VALID_ID: 2549099
2023-06-30 16:27:55 [booklist] INFO: VALID_ID: 2609060
2023-06-30 16:27:55 [booklist] INFO: VALID_ID: 2585982
2023-06-30 16:27:55 [booklist] INFO: VALID_ID: 2605088
2023-06-30 16:27:55 [booklist] INFO: VALID_ID: 2549146
2023-06-30 16:27:55 [booklist] INFO: VALID_ID: 2537903
2023-06-30 16:27:55 [booklist] INFO: VALID_ID: 2548866
2023-06-30 16:27:55 [booklist] INFO: VALID_ID: 2585972
2023-06-30 16:27:55 [booklist] INFO: VALID_ID: 2607286
2023-06-30 16:27:55 [booklist] INFO: VALID_ID: 2576690
2023-06-30 16:27:55 [booklist] INFO: VALID_ID: 2587041
2023-06-30 16:27:55 [booklist] INFO: VALID_ID: 2576692
2023-06-30 16:27:55 [booklist] INFO: VALID_ID: 2609434
2023-06-30 16:27:55 [booklist] INFO: VALID_ID: 11607842
2023-06-30 16:27:55 [booklist] INFO: VALID_ID: 2576691
2023-06-30 16:27:55 [booklist] INFO: VALID_ID: 2576689
2023-06-30 16:27:55 [booklist] INFO: VALID_ID: 1288105
2023-06-30 16:27:55 [booklist] INFO: VALID_ID: 11446292
2023-06-30 16:27:55 [booklist] INFO: VALID_ID: 11892721
2023-06-30 16:27:55 [booklist] INFO: VALID_ID: 1287156
2023-06-30 16:27:55 [booklist] INFO: VALID_ID: 1287941
2023-06-30 16:27:55 [booklist] INFO: VALID_ID: 2546378
2023-06-30 16:27:55 [booklist] INFO: VALID_ID: 2591226
2023-06-30 16:27:55 [booklist] INFO: VALID_ID: 1288043
2023-06-30 16:27:55 [booklist] INFO: VALID_ID: 1288316
2023-06-30 16:27:55 [booklist] INFO: VALID_ID: 1287606
2023-06-30 16:27:55 [booklist] INFO: VALID_ID: 2551628
2023-06-30 16:27:55 [booklist] INFO: VALID_ID: 11607742
2023-06-30 16:27:55 [booklist] INFO: VALID_ID: 1286653
2023-06-30 16:27:55 [booklist] INFO: VALID_ID: 2608022
2023-06-30 16:27:55 [booklist] INFO: VALID_ID: 2610532
2023-06-30 16:27:55 [booklist] INFO: VALID_ID: 2605546
2023-06-30 16:27:55 [booklist] INFO: VALID_ID: 2610264
2023-06-30 16:27:55 [booklist] INFO: VALID_ID: 2533196
2023-06-30 16:27:55 [booklist] INFO: VALID_ID: 9977379
2023-06-30 16:27:55 [booklist] INFO: VALID_ID: 8943312
2023-06-30 16:27:55 [booklist] INFO: VALID_ID: 2610217
2023-06-30 16:27:55 [booklist] INFO: VALID_ID: 2611028
2023-06-30 16:27:55 [booklist] INFO: VALID_ID: 2587048
2023-06-30 16:27:55 [booklist] INFO: VALID_ID: 2611038
2023-06-30 16:27:55 [booklist] INFO: VALID_ID: 2611024
2023-06-30 16:27:55 [booklist] INFO: VALID_ID: 2609776
2023-06-30 16:27:55 [booklist] INFO: VALID_ID: 2609633
2023-06-30 16:27:55 [booklist] INFO: VALID_ID: 2609818
2023-06-30 16:27:55 [booklist] INFO: VALID_ID: 2610583
2023-06-30 16:27:55 [booklist] INFO: VALID_ID: 2609735
2023-06-30 16:27:55 [booklist] INFO: VALID_ID: 2543762
2023-06-30 16:27:55 [booklist] INFO: VALID_ID: 2607484
2023-06-30 16:27:55 [booklist] INFO: VALID_ID: 11038910
2023-06-30 16:27:55 [booklist] INFO: VALID_ID: 11038915
2023-06-30 16:27:55 [booklist] INFO: VALID_ID: 2606744
2023-06-30 16:27:55 [booklist] INFO: VALID_ID: 2611048
2023-06-30 16:27:55 [booklist] INFO: VALID_ID: 2608884
2023-06-30 16:27:55 [booklist] INFO: VALID_ID: 11038911
2023-06-30 16:27:55 [booklist] INFO: VALID_ID: 11038894
2023-06-30 16:27:55 [booklist] INFO: VALID_ID: 2609621
2023-06-30 16:27:55 [booklist] INFO: VALID_ID: 11891780
2023-06-30 16:27:55 [booklist] INFO: VALID_ID: 11038907
2023-06-30 16:27:55 [booklist] INFO: VALID_ID: 11038892
2023-06-30 16:27:55 [booklist] INFO: VALID_ID: 11038887
2023-06-30 16:27:55 [booklist] INFO: VALID_ID: 11038902
2023-06-30 16:27:55 [booklist] INFO: VALID_ID: 11038891
2023-06-30 16:27:55 [booklist] INFO: VALID_ID: 11038913
2023-06-30 16:27:55 [booklist] INFO: VALID_ID: 11038878
2023-06-30 16:27:56 [scrapy.core.engine] DEBUG: Crawled (200) <POST https://dl.ndl.go.jp/api/item/search> (referer: https://dl.ndl.go.jp/api/item/search)
2023-06-30 16:27:56 [booklist] INFO: Fetched page 6
2023-06-30 16:27:56 [booklist] INFO: VALID_ID: 11038904
2023-06-30 16:27:56 [booklist] INFO: VALID_ID: 11038909
2023-06-30 16:27:56 [booklist] INFO: VALID_ID: 2532951
2023-06-30 16:27:56 [booklist] INFO: VALID_ID: 2608884
2023-06-30 16:27:56 [booklist] INFO: VALID_ID: 2605821
2023-06-30 16:27:56 [booklist] INFO: VALID_ID: 11038912
2023-06-30 16:27:56 [booklist] INFO: VALID_ID: 11038889
2023-06-30 16:27:56 [booklist] INFO: VALID_ID: 11038905
2023-06-30 16:27:56 [booklist] INFO: VALID_ID: 11038906
2023-06-30 16:27:56 [booklist] INFO: VALID_ID: 11038919
2023-06-30 16:27:56 [booklist] INFO: VALID_ID: 11038901
2023-06-30 16:27:56 [booklist] INFO: VALID_ID: 11038885
2023-06-30 16:27:56 [booklist] INFO: VALID_ID: 11038899
2023-06-30 16:27:56 [booklist] INFO: VALID_ID: 11038898
2023-06-30 16:27:56 [booklist] INFO: VALID_ID: 2540563
2023-06-30 16:27:56 [booklist] INFO: VALID_ID: 2533640
2023-06-30 16:27:56 [booklist] INFO: VALID_ID: 11038875
2023-06-30 16:27:56 [booklist] INFO: VALID_ID: 11038876
2023-06-30 16:27:56 [booklist] INFO: VALID_ID: 11038884
2023-06-30 16:27:56 [booklist] INFO: VALID_ID: 11892574
2023-06-30 16:27:56 [booklist] INFO: VALID_ID: 2606349
2023-06-30 16:27:56 [booklist] INFO: VALID_ID: 11038874
2023-06-30 16:27:56 [booklist] INFO: VALID_ID: 11038880
2023-06-30 16:27:56 [booklist] INFO: VALID_ID: 2585761
2023-06-30 16:27:56 [booklist] INFO: VALID_ID: 2585868
2023-06-30 16:27:56 [booklist] INFO: VALID_ID: 2585875
2023-06-30 16:27:56 [booklist] INFO: VALID_ID: 2585785
2023-06-30 16:27:56 [booklist] INFO: VALID_ID: 2585788
2023-06-30 16:27:56 [booklist] INFO: VALID_ID: 2585792
2023-06-30 16:27:56 [booklist] INFO: VALID_ID: 11038886
2023-06-30 16:27:56 [booklist] INFO: VALID_ID: 11038893
2023-06-30 16:27:56 [booklist] INFO: VALID_ID: 11038895
2023-06-30 16:27:56 [booklist] INFO: VALID_ID: 11038890
2023-06-30 16:27:56 [booklist] INFO: VALID_ID: 11038877
2023-06-30 16:27:56 [booklist] INFO: VALID_ID: 2532818
2023-06-30 16:27:56 [booklist] INFO: VALID_ID: 2585852
2023-06-30 16:27:56 [booklist] INFO: VALID_ID: 2585876
2023-06-30 16:27:56 [booklist] INFO: VALID_ID: 2585884
2023-06-30 16:27:56 [booklist] INFO: VALID_ID: 2585828
2023-06-30 16:27:56 [booklist] INFO: VALID_ID: 2585928
2023-06-30 16:27:56 [booklist] INFO: VALID_ID: 2585839
2023-06-30 16:27:56 [booklist] INFO: VALID_ID: 2609861
2023-06-30 16:27:56 [booklist] INFO: VALID_ID: 2585867
2023-06-30 16:27:56 [booklist] INFO: VALID_ID: 2585870
2023-06-30 16:27:56 [booklist] INFO: VALID_ID: 2585782
2023-06-30 16:27:56 [booklist] INFO: VALID_ID: 2585796
2023-06-30 16:27:56 [booklist] INFO: VALID_ID: 2585947
2023-06-30 16:27:56 [booklist] INFO: VALID_ID: 2585793
2023-06-30 16:27:56 [booklist] INFO: VALID_ID: 2585888
2023-06-30 16:27:56 [booklist] INFO: VALID_ID: 2585919
2023-06-30 16:27:56 [booklist] INFO: VALID_ID: 2585834
2023-06-30 16:27:56 [booklist] INFO: VALID_ID: 2585898
2023-06-30 16:27:56 [booklist] INFO: VALID_ID: 2585914
2023-06-30 16:27:56 [booklist] INFO: VALID_ID: 2585822
2023-06-30 16:27:56 [booklist] INFO: VALID_ID: 2585932
2023-06-30 16:27:56 [booklist] INFO: VALID_ID: 11038882
2023-06-30 16:27:56 [booklist] INFO: VALID_ID: 11038908
2023-06-30 16:27:56 [booklist] INFO: VALID_ID: 2609242
2023-06-30 16:27:56 [booklist] INFO: VALID_ID: 2585885
2023-06-30 16:27:56 [booklist] INFO: VALID_ID: 2585803
2023-06-30 16:27:56 [booklist] INFO: VALID_ID: 2585824
2023-06-30 16:27:56 [booklist] INFO: VALID_ID: 11038888
2023-06-30 16:27:56 [booklist] INFO: VALID_ID: 2585883
2023-06-30 16:27:56 [booklist] INFO: VALID_ID: 2585800
2023-06-30 16:27:56 [booklist] INFO: VALID_ID: 2585810
2023-06-30 16:27:56 [booklist] INFO: VALID_ID: 2585819
2023-06-30 16:27:56 [booklist] INFO: VALID_ID: 2585926
2023-06-30 16:27:56 [booklist] INFO: VALID_ID: 2585846
2023-06-30 16:27:56 [booklist] INFO: VALID_ID: 2606319
2023-06-30 16:27:56 [booklist] INFO: VALID_ID: 2606214
2023-06-30 16:27:56 [booklist] INFO: VALID_ID: 2585865
2023-06-30 16:27:56 [booklist] INFO: VALID_ID: 2585878
2023-06-30 16:27:56 [booklist] INFO: VALID_ID: 2585815
2023-06-30 16:27:56 [booklist] INFO: VALID_ID: 2585821
2023-06-30 16:27:56 [booklist] INFO: VALID_ID: 2585925
2023-06-30 16:27:56 [booklist] INFO: VALID_ID: 2585927
2023-06-30 16:27:56 [booklist] INFO: VALID_ID: 2585929
2023-06-30 16:27:56 [booklist] INFO: VALID_ID: 2605995
2023-06-30 16:27:56 [booklist] INFO: VALID_ID: 2585760
2023-06-30 16:27:56 [booklist] INFO: VALID_ID: 2585789
2023-06-30 16:27:56 [booklist] INFO: VALID_ID: 2585887
2023-06-30 16:27:56 [booklist] INFO: VALID_ID: 2585897
2023-06-30 16:27:56 [booklist] INFO: VALID_ID: 2585805
2023-06-30 16:27:56 [booklist] INFO: VALID_ID: 2585814
2023-06-30 16:27:56 [booklist] INFO: VALID_ID: 2585943
2023-06-30 16:27:56 [booklist] INFO: VALID_ID: 2585823
2023-06-30 16:27:56 [booklist] INFO: VALID_ID: 2585920
2023-06-30 16:27:56 [booklist] INFO: VALID_ID: 2585862
2023-06-30 16:27:56 [booklist] INFO: VALID_ID: 2585872
2023-06-30 16:27:56 [booklist] INFO: VALID_ID: 2585809
2023-06-30 16:27:56 [booklist] INFO: VALID_ID: 2585904
2023-06-30 16:27:56 [booklist] INFO: VALID_ID: 2585923
2023-06-30 16:27:56 [booklist] INFO: VALID_ID: 2585844
2023-06-30 16:27:56 [booklist] INFO: VALID_ID: 2609468
2023-06-30 16:27:56 [booklist] INFO: VALID_ID: 2585896
2023-06-30 16:27:56 [booklist] INFO: VALID_ID: 2585816
2023-06-30 16:27:56 [booklist] INFO: VALID_ID: 2585832
2023-06-30 16:27:56 [booklist] INFO: VALID_ID: 2585837
2023-06-30 16:27:56 [booklist] INFO: VALID_ID: 2585939
2023-06-30 16:27:56 [booklist] INFO: VALID_ID: 2585767
2023-06-30 16:27:57 [scrapy.core.engine] DEBUG: Crawled (200) <POST https://dl.ndl.go.jp/api/item/search> (referer: https://dl.ndl.go.jp/api/item/search)
2023-06-30 16:27:57 [booklist] INFO: Fetched page 7
2023-06-30 16:27:58 [booklist] INFO: VALID_ID: 11892712
2023-06-30 16:27:58 [booklist] INFO: VALID_ID: 2585865
2023-06-30 16:27:58 [booklist] INFO: VALID_ID: 2585878
2023-06-30 16:27:58 [booklist] INFO: VALID_ID: 2585815
2023-06-30 16:27:58 [booklist] INFO: VALID_ID: 2585821
2023-06-30 16:27:58 [booklist] INFO: VALID_ID: 2585925
2023-06-30 16:27:58 [booklist] INFO: VALID_ID: 2585927
2023-06-30 16:27:58 [booklist] INFO: VALID_ID: 2585929
2023-06-30 16:27:58 [booklist] INFO: VALID_ID: 2585856
2023-06-30 16:27:58 [booklist] INFO: VALID_ID: 2585861
2023-06-30 16:27:58 [booklist] INFO: VALID_ID: 2585786
2023-06-30 16:27:58 [booklist] INFO: VALID_ID: 2585790
2023-06-30 16:27:58 [booklist] INFO: VALID_ID: 2585808
2023-06-30 16:27:58 [booklist] INFO: VALID_ID: 2585906
2023-06-30 16:27:58 [booklist] INFO: VALID_ID: 2585912
2023-06-30 16:27:58 [booklist] INFO: VALID_ID: 2585817
2023-06-30 16:27:58 [booklist] INFO: VALID_ID: 2585915
2023-06-30 16:27:58 [booklist] INFO: VALID_ID: 2585825
2023-06-30 16:27:58 [booklist] INFO: VALID_ID: 2585924
2023-06-30 16:27:58 [booklist] INFO: VALID_ID: 2585858
2023-06-30 16:27:58 [booklist] INFO: VALID_ID: 2585866
2023-06-30 16:27:58 [booklist] INFO: VALID_ID: 2585780
2023-06-30 16:27:58 [booklist] INFO: VALID_ID: 2585889
2023-06-30 16:27:58 [booklist] INFO: VALID_ID: 2585890
2023-06-30 16:27:58 [booklist] INFO: VALID_ID: 2585895
2023-06-30 16:27:58 [booklist] INFO: VALID_ID: 2585901
2023-06-30 16:27:58 [booklist] INFO: VALID_ID: 2585934
2023-06-30 16:27:58 [booklist] INFO: VALID_ID: 12865356
2023-06-30 16:27:58 [booklist] INFO: VALID_ID: 2585763
2023-06-30 16:27:58 [booklist] INFO: VALID_ID: 2585860
2023-06-30 16:27:58 [booklist] INFO: VALID_ID: 2585768
2023-06-30 16:27:58 [booklist] INFO: VALID_ID: 2585909
2023-06-30 16:27:58 [booklist] INFO: VALID_ID: 2585835
2023-06-30 16:27:58 [booklist] INFO: VALID_ID: 2585847
2023-06-30 16:27:58 [booklist] INFO: VALID_ID: 2585874
2023-06-30 16:27:58 [booklist] INFO: VALID_ID: 2585769
2023-06-30 16:27:58 [booklist] INFO: VALID_ID: 2585871
2023-06-30 16:27:58 [booklist] INFO: VALID_ID: 2585892
2023-06-30 16:27:58 [booklist] INFO: VALID_ID: 2585933
2023-06-30 16:27:58 [booklist] INFO: VALID_ID: 2585776
2023-06-30 16:27:58 [booklist] INFO: VALID_ID: 2585778
2023-06-30 16:27:58 [booklist] INFO: VALID_ID: 2585882
2023-06-30 16:27:58 [booklist] INFO: VALID_ID: 2585799
2023-06-30 16:27:58 [booklist] INFO: VALID_ID: 2585833
2023-06-30 16:27:58 [booklist] INFO: VALID_ID: 2585940
2023-06-30 16:27:58 [booklist] INFO: VALID_ID: 2585853
2023-06-30 16:27:58 [booklist] INFO: VALID_ID: 2585911
2023-06-30 16:27:58 [booklist] INFO: VALID_ID: 2585917
2023-06-30 16:27:58 [booklist] INFO: VALID_ID: 2585838
2023-06-30 16:27:58 [booklist] INFO: VALID_ID: 2585898
2023-06-30 16:27:58 [booklist] INFO: VALID_ID: 2585914
2023-06-30 16:27:58 [booklist] INFO: VALID_ID: 2585822
2023-06-30 16:27:58 [booklist] INFO: VALID_ID: 2585932
2023-06-30 16:27:58 [booklist] INFO: VALID_ID: 2585775
2023-06-30 16:27:58 [booklist] INFO: VALID_ID: 2585879
2023-06-30 16:27:58 [booklist] INFO: VALID_ID: 2585802
2023-06-30 16:27:58 [booklist] INFO: VALID_ID: 2585900
2023-06-30 16:27:58 [booklist] INFO: VALID_ID: 2585818
2023-06-30 16:27:58 [booklist] INFO: VALID_ID: 2585922
2023-06-30 16:27:58 [booklist] INFO: VALID_ID: 2585936
2023-06-30 16:27:58 [booklist] INFO: VALID_ID: 2585761
2023-06-30 16:27:58 [booklist] INFO: VALID_ID: 2585868
2023-06-30 16:27:58 [booklist] INFO: VALID_ID: 2585875
2023-06-30 16:27:58 [booklist] INFO: VALID_ID: 2585785
2023-06-30 16:27:58 [booklist] INFO: VALID_ID: 2585788
2023-06-30 16:27:58 [booklist] INFO: VALID_ID: 2585792
2023-06-30 16:27:58 [booklist] INFO: VALID_ID: 9224457
2023-06-30 16:27:58 [booklist] INFO: VALID_ID: 2585779
2023-06-30 16:27:58 [booklist] INFO: VALID_ID: 2585886
2023-06-30 16:27:58 [booklist] INFO: VALID_ID: 2585807
2023-06-30 16:27:58 [booklist] INFO: VALID_ID: 2555220
2023-06-30 16:27:58 [booklist] INFO: VALID_ID: 2585902
2023-06-30 16:27:58 [booklist] INFO: VALID_ID: 2585855
2023-06-30 16:27:58 [booklist] INFO: VALID_ID: 2585777
2023-06-30 16:27:58 [booklist] INFO: VALID_ID: 2585783
2023-06-30 16:27:58 [booklist] INFO: VALID_ID: 2585894
2023-06-30 16:27:58 [booklist] INFO: VALID_ID: 2585945
2023-06-30 16:27:58 [booklist] INFO: VALID_ID: 2585854
2023-06-30 16:27:58 [booklist] INFO: VALID_ID: 2585804
2023-06-30 16:27:58 [booklist] INFO: VALID_ID: 2585903
2023-06-30 16:27:58 [booklist] INFO: VALID_ID: 2585826
2023-06-30 16:27:58 [booklist] INFO: VALID_ID: 2585931
2023-06-30 16:27:58 [booklist] INFO: VALID_ID: 2585850
2023-06-30 16:27:58 [booklist] INFO: VALID_ID: 2585948
2023-06-30 16:27:58 [booklist] INFO: VALID_ID: 2610785
2023-06-30 16:27:58 [booklist] INFO: VALID_ID: 2585759
2023-06-30 16:27:58 [booklist] INFO: VALID_ID: 2585794
2023-06-30 16:27:58 [booklist] INFO: VALID_ID: 2585773
2023-06-30 16:27:58 [booklist] INFO: VALID_ID: 2585869
2023-06-30 16:27:58 [booklist] INFO: VALID_ID: 2585881
2023-06-30 16:27:58 [booklist] INFO: VALID_ID: 2585787
2023-06-30 16:27:58 [booklist] INFO: VALID_ID: 2585806
2023-06-30 16:27:58 [booklist] INFO: VALID_ID: 2585907
2023-06-30 16:27:58 [booklist] INFO: VALID_ID: 2585845
2023-06-30 16:27:58 [booklist] INFO: VALID_ID: 2585944
2023-06-30 16:27:58 [booklist] INFO: VALID_ID: 2585848
2023-06-30 16:27:58 [booklist] INFO: VALID_ID: 9748298
2023-06-30 16:27:58 [booklist] INFO: VALID_ID: 2609552
2023-06-30 16:27:58 [booklist] INFO: VALID_ID: 2585863
2023-06-30 16:27:58 [booklist] INFO: VALID_ID: 2585772
2023-06-30 16:27:58 [scrapy.core.engine] DEBUG: Crawled (200) <POST https://dl.ndl.go.jp/api/item/search> (referer: https://dl.ndl.go.jp/api/item/search)
2023-06-30 16:27:59 [booklist] INFO: Fetched page 8
2023-06-30 16:27:59 [booklist] INFO: VALID_ID: 2585907
2023-06-30 16:27:59 [booklist] INFO: VALID_ID: 2585845
2023-06-30 16:27:59 [booklist] INFO: VALID_ID: 2585944
2023-06-30 16:27:59 [booklist] INFO: VALID_ID: 2585848
2023-06-30 16:27:59 [booklist] INFO: VALID_ID: 2609552
2023-06-30 16:27:59 [booklist] INFO: VALID_ID: 2585863
2023-06-30 16:27:59 [booklist] INFO: VALID_ID: 2585772
2023-06-30 16:27:59 [booklist] INFO: VALID_ID: 2585784
2023-06-30 16:27:59 [booklist] INFO: VALID_ID: 2585812
2023-06-30 16:27:59 [booklist] INFO: VALID_ID: 2585916
2023-06-30 16:27:59 [booklist] INFO: VALID_ID: 2585831
2023-06-30 16:27:59 [booklist] INFO: VALID_ID: 2585942
2023-06-30 16:27:59 [booklist] INFO: VALID_ID: 2608047
2023-06-30 16:27:59 [booklist] INFO: VALID_ID: 2585765
2023-06-30 16:27:59 [booklist] INFO: VALID_ID: 2585859
2023-06-30 16:27:59 [booklist] INFO: VALID_ID: 2585880
2023-06-30 16:27:59 [booklist] INFO: VALID_ID: 2585899
2023-06-30 16:27:59 [booklist] INFO: VALID_ID: 2585811
2023-06-30 16:27:59 [booklist] INFO: VALID_ID: 2585827
2023-06-30 16:27:59 [booklist] INFO: VALID_ID: 2585937
2023-06-30 16:27:59 [booklist] INFO: VALID_ID: 2585843
2023-06-30 16:27:59 [booklist] INFO: VALID_ID: 2585849
2023-06-30 16:27:59 [booklist] INFO: VALID_ID: 2607879
2023-06-30 16:27:59 [booklist] INFO: VALID_ID: 11446659
2023-06-30 16:27:59 [booklist] INFO: VALID_ID: 2585767
2023-06-30 16:27:59 [booklist] INFO: VALID_ID: 2585774
2023-06-30 16:27:59 [booklist] INFO: VALID_ID: 2585908
2023-06-30 16:27:59 [booklist] INFO: VALID_ID: 2585930
2023-06-30 16:27:59 [booklist] INFO: VALID_ID: 2585935
2023-06-30 16:27:59 [booklist] INFO: VALID_ID: 2585946
2023-06-30 16:27:59 [booklist] INFO: VALID_ID: 2607426
2023-06-30 16:27:59 [booklist] INFO: VALID_ID: 2583702
2023-06-30 16:27:59 [booklist] INFO: VALID_ID: 2583679
2023-06-30 16:27:59 [booklist] INFO: VALID_ID: 2583721
2023-06-30 16:27:59 [booklist] INFO: VALID_ID: 2583690
2023-06-30 16:27:59 [booklist] INFO: VALID_ID: 12865370
2023-06-30 16:27:59 [booklist] INFO: VALID_ID: 2583681
2023-06-30 16:27:59 [booklist] INFO: VALID_ID: 2583693
2023-06-30 16:27:59 [booklist] INFO: VALID_ID: 2583696
2023-06-30 16:27:59 [booklist] INFO: VALID_ID: 2583716
2023-06-30 16:27:59 [booklist] INFO: VALID_ID: 2583719
2023-06-30 16:27:59 [booklist] INFO: VALID_ID: 2610535
2023-06-30 16:27:59 [booklist] INFO: VALID_ID: 2610707
2023-06-30 16:27:59 [booklist] INFO: VALID_ID: 2583660
2023-06-30 16:27:59 [booklist] INFO: VALID_ID: 2583667
2023-06-30 16:27:59 [booklist] INFO: VALID_ID: 2583665
2023-06-30 16:27:59 [booklist] INFO: VALID_ID: 2583699
2023-06-30 16:27:59 [booklist] INFO: VALID_ID: 2583704
2023-06-30 16:27:59 [booklist] INFO: VALID_ID: 2583708
2023-06-30 16:27:59 [booklist] INFO: VALID_ID: 2583711
2023-06-30 16:27:59 [booklist] INFO: VALID_ID: 2583684
2023-06-30 16:27:59 [booklist] INFO: VALID_ID: 2583697
2023-06-30 16:27:59 [booklist] INFO: VALID_ID: 2583680
2023-06-30 16:27:59 [booklist] INFO: VALID_ID: 2583687
2023-06-30 16:27:59 [booklist] INFO: VALID_ID: 2583706
2023-06-30 16:27:59 [booklist] INFO: VALID_ID: 2583675
2023-06-30 16:27:59 [booklist] INFO: VALID_ID: 2583715
2023-06-30 16:27:59 [booklist] INFO: VALID_ID: 2609546
2023-06-30 16:27:59 [booklist] INFO: VALID_ID: 2583705
2023-06-30 16:27:59 [booklist] INFO: VALID_ID: 2583718
2023-06-30 16:27:59 [booklist] INFO: VALID_ID: 2583709
2023-06-30 16:27:59 [booklist] INFO: VALID_ID: 2583725
2023-06-30 16:27:59 [booklist] INFO: VALID_ID: 2583698
2023-06-30 16:27:59 [booklist] INFO: VALID_ID: 2583703
2023-06-30 16:27:59 [booklist] INFO: VALID_ID: 2583676
2023-06-30 16:27:59 [booklist] INFO: VALID_ID: 2583712
2023-06-30 16:27:59 [booklist] INFO: VALID_ID: 2583723
2023-06-30 16:27:59 [booklist] INFO: VALID_ID: 2583673
2023-06-30 16:27:59 [booklist] INFO: VALID_ID: 2583714
2023-06-30 16:27:59 [booklist] INFO: VALID_ID: 2583683
2023-06-30 16:27:59 [booklist] INFO: VALID_ID: 2610561
2023-06-30 16:27:59 [booklist] INFO: VALID_ID: 2583672
2023-06-30 16:27:59 [booklist] INFO: VALID_ID: 2583707
2023-06-30 16:27:59 [booklist] INFO: VALID_ID: 2583710
2023-06-30 16:27:59 [booklist] INFO: VALID_ID: 2583659
2023-06-30 16:27:59 [booklist] INFO: VALID_ID: 2583694
2023-06-30 16:27:59 [booklist] INFO: VALID_ID: 2583678
2023-06-30 16:27:59 [booklist] INFO: VALID_ID: 2583685
2023-06-30 16:27:59 [booklist] INFO: VALID_ID: 2583722
2023-06-30 16:27:59 [booklist] INFO: VALID_ID: 2583691
2023-06-30 16:27:59 [booklist] INFO: VALID_ID: 2583695
2023-06-30 16:27:59 [booklist] INFO: VALID_ID: 2583671
2023-06-30 16:27:59 [booklist] INFO: VALID_ID: 2583674
2023-06-30 16:27:59 [booklist] INFO: VALID_ID: 2583689
2023-06-30 16:27:59 [booklist] INFO: VALID_ID: 2610288
2023-06-30 16:27:59 [booklist] INFO: VALID_ID: 2609924
2023-06-30 16:27:59 [booklist] INFO: VALID_ID: 2583682
2023-06-30 16:27:59 [booklist] INFO: VALID_ID: 2583661
2023-06-30 16:27:59 [booklist] INFO: VALID_ID: 2583664
2023-06-30 16:27:59 [booklist] INFO: VALID_ID: 2583717
2023-06-30 16:27:59 [booklist] INFO: VALID_ID: 2583663
2023-06-30 16:27:59 [booklist] INFO: VALID_ID: 2583677
2023-06-30 16:27:59 [booklist] INFO: VALID_ID: 2583713
2023-06-30 16:27:59 [booklist] INFO: VALID_ID: 2583688
2023-06-30 16:27:59 [booklist] INFO: VALID_ID: 2583692
2023-06-30 16:27:59 [booklist] INFO: VALID_ID: 2583662
2023-06-30 16:27:59 [booklist] INFO: VALID_ID: 2583666
2023-06-30 16:27:59 [booklist] INFO: VALID_ID: 2583700
2023-06-30 16:27:59 [booklist] INFO: VALID_ID: 2583686
2023-06-30 16:27:59 [booklist] INFO: VALID_ID: 2583724
2023-06-30 16:27:59 [scrapy.core.engine] DEBUG: Crawled (200) <POST https://dl.ndl.go.jp/api/item/search> (referer: https://dl.ndl.go.jp/api/item/search)
2023-06-30 16:27:59 [booklist] INFO: Fetched page 9
2023-06-30 16:27:59 [booklist] INFO: VALID_ID: 2583669
2023-06-30 16:27:59 [booklist] INFO: VALID_ID: 2583670
2023-06-30 16:27:59 [booklist] INFO: VALID_ID: 2610012
2023-06-30 16:27:59 [booklist] INFO: VALID_ID: 2608597
2023-06-30 16:27:59 [booklist] INFO: VALID_ID: 2535542
2023-06-30 16:27:59 [booklist] INFO: VALID_ID: 2608195
2023-06-30 16:27:59 [booklist] INFO: VALID_ID: 2608247
2023-06-30 16:27:59 [booklist] INFO: VALID_ID: 2610518
2023-06-30 16:27:59 [booklist] INFO: VALID_ID: 1286696
2023-06-30 16:27:59 [booklist] INFO: VALID_ID: 2609582
2023-06-30 16:27:59 [booklist] INFO: VALID_ID: 11446368
2023-06-30 16:27:59 [booklist] INFO: VALID_ID: 1286306
2023-06-30 16:27:59 [booklist] INFO: VALID_ID: 2610801
2023-06-30 16:27:59 [booklist] INFO: VALID_ID: 2608721
2023-06-30 16:27:59 [booklist] INFO: VALID_ID: 2611035
2023-06-30 16:27:59 [booklist] INFO: VALID_ID: 2608239
2023-06-30 16:27:59 [booklist] INFO: VALID_ID: 1287152
2023-06-30 16:27:59 [booklist] INFO: VALID_ID: 2533435
2023-06-30 16:27:59 [booklist] INFO: VALID_ID: 2605758
2023-06-30 16:27:59 [booklist] INFO: VALID_ID: 1286505
2023-06-30 16:27:59 [booklist] INFO: VALID_ID: 2607770
2023-06-30 16:27:59 [booklist] INFO: VALID_ID: 2539116
2023-06-30 16:27:59 [booklist] INFO: VALID_ID: 1286605
2023-06-30 16:27:59 [booklist] INFO: VALID_ID: 2610138
2023-06-30 16:27:59 [booklist] INFO: VALID_ID: 2541506
2023-06-30 16:27:59 [booklist] INFO: VALID_ID: 2609783
2023-06-30 16:27:59 [booklist] INFO: VALID_ID: 11446315
2023-06-30 16:27:59 [booklist] INFO: VALID_ID: 11446626
2023-06-30 16:27:59 [booklist] INFO: VALID_ID: 2605460
2023-06-30 16:27:59 [booklist] INFO: VALID_ID: 11446567
2023-06-30 16:27:59 [booklist] INFO: VALID_ID: 11446566
2023-06-30 16:27:59 [booklist] INFO: VALID_ID: 2605465
2023-06-30 16:28:00 [scrapy.core.engine] DEBUG: Crawled (200) <POST https://dl.ndl.go.jp/api/item/search> (referer: https://dl.ndl.go.jp/api/item/search)
2023-06-30 16:28:00 [booklist] INFO: Fetched page 10
2023-06-30 16:28:00 [booklist] INFO: No more books on 10
2023-06-30 16:28:00 [scrapy.core.engine] INFO: Closing spider (finished)
2023-06-30 16:28:00 [scrapy.statscollectors] INFO: Dumping Scrapy stats:
{'downloader/request_bytes': 13646,
 'downloader/request_count': 11,
 'downloader/request_method_count/GET': 1,
 'downloader/request_method_count/POST': 10,
 'downloader/response_bytes': 3803311,
 'downloader/response_count': 11,
 'downloader/response_status_count/200': 11,
 'elapsed_time_seconds': 14.834834,
 'finish_reason': 'finished',
 'finish_time': datetime.datetime(2023, 6, 30, 8, 28, 0, 319225),
 'httpcompression/response_bytes': 43644283,
 'httpcompression/response_count': 10,
 'log_count/DEBUG': 14,
 'log_count/INFO': 853,
 'memusage/max': 63983616,
 'memusage/startup': 63983616,
 'request_depth_max': 9,
 'response_received_count': 11,
 'robotstxt/request_count': 1,
 'robotstxt/response_count': 1,
 'robotstxt/response_status_count/200': 1,
 'scheduler/dequeued': 10,
 'scheduler/dequeued/memory': 10,
 'scheduler/enqueued': 10,
 'scheduler/enqueued/memory': 10,
 'start_time': datetime.datetime(2023, 6, 30, 8, 27, 45, 484391)}
2023-06-30 16:28:00 [scrapy.core.engine] INFO: Spider closed (finished)
