2023-06-30 16:52:16 [scrapy.utils.log] INFO: Scrapy 2.9.0 started (bot: ndlcrawler)
2023-06-30 16:52:16 [scrapy.utils.log] INFO: Versions: lxml 4.9.2.0, libxml2 2.9.14, cssselect 1.2.0, parsel 1.8.1, w3lib 2.1.1, Twisted 22.10.0, Python 3.10.10 (main, Mar  5 2023, 22:26:53) [GCC 12.2.1 20230201], pyOpenSSL 23.2.0 (OpenSSL 3.1.1 30 May 2023), cryptography 41.0.1, Platform Linux-6.2.12-arch1-1-x86_64-with-glibc2.37
2023-06-30 16:52:16 [scrapy.crawler] INFO: Overridden settings:
{'BOT_NAME': 'ndlcrawler',
 'FEED_EXPORT_ENCODING': 'utf-8',
 'LOG_FILE': 'logs/booklist.title.200.DESC.log',
 'NEWSPIDER_MODULE': 'ndlcrawler.spiders',
 'REQUEST_FINGERPRINTER_IMPLEMENTATION': '2.7',
 'ROBOTSTXT_OBEY': True,
 'SPIDER_MODULES': ['ndlcrawler.spiders'],
 'TWISTED_REACTOR': 'twisted.internet.asyncioreactor.AsyncioSelectorReactor'}
2023-06-30 16:52:16 [asyncio] DEBUG: Using selector: EpollSelector
2023-06-30 16:52:16 [scrapy.utils.log] DEBUG: Using reactor: twisted.internet.asyncioreactor.AsyncioSelectorReactor
2023-06-30 16:52:16 [scrapy.utils.log] DEBUG: Using asyncio event loop: asyncio.unix_events._UnixSelectorEventLoop
2023-06-30 16:52:16 [scrapy.extensions.telnet] INFO: Telnet Password: 85f0c60058ee717d
2023-06-30 16:52:16 [scrapy.middleware] INFO: Enabled extensions:
['scrapy.extensions.corestats.CoreStats',
 'scrapy.extensions.telnet.TelnetConsole',
 'scrapy.extensions.memusage.MemoryUsage',
 'scrapy.extensions.logstats.LogStats']
2023-06-30 16:52:16 [scrapy.middleware] INFO: Enabled downloader middlewares:
['scrapy.downloadermiddlewares.robotstxt.RobotsTxtMiddleware',
 'scrapy.downloadermiddlewares.httpauth.HttpAuthMiddleware',
 'scrapy.downloadermiddlewares.downloadtimeout.DownloadTimeoutMiddleware',
 'scrapy.downloadermiddlewares.defaultheaders.DefaultHeadersMiddleware',
 'scrapy.downloadermiddlewares.useragent.UserAgentMiddleware',
 'scrapy.downloadermiddlewares.retry.RetryMiddleware',
 'scrapy.downloadermiddlewares.redirect.MetaRefreshMiddleware',
 'scrapy.downloadermiddlewares.httpcompression.HttpCompressionMiddleware',
 'scrapy.downloadermiddlewares.redirect.RedirectMiddleware',
 'scrapy.downloadermiddlewares.cookies.CookiesMiddleware',
 'scrapy.downloadermiddlewares.httpproxy.HttpProxyMiddleware',
 'scrapy.downloadermiddlewares.stats.DownloaderStats']
2023-06-30 16:52:16 [scrapy.middleware] INFO: Enabled spider middlewares:
['scrapy.spidermiddlewares.httperror.HttpErrorMiddleware',
 'scrapy.spidermiddlewares.offsite.OffsiteMiddleware',
 'scrapy.spidermiddlewares.referer.RefererMiddleware',
 'scrapy.spidermiddlewares.urllength.UrlLengthMiddleware',
 'scrapy.spidermiddlewares.depth.DepthMiddleware']
2023-06-30 16:52:16 [scrapy.middleware] INFO: Enabled item pipelines:
[]
2023-06-30 16:52:16 [scrapy.core.engine] INFO: Spider opened
2023-06-30 16:52:16 [scrapy.extensions.logstats] INFO: Crawled 0 pages (at 0 pages/min), scraped 0 items (at 0 items/min)
2023-06-30 16:52:16 [scrapy.extensions.telnet] INFO: Telnet console listening on 127.0.0.1:6023
2023-06-30 16:52:17 [scrapy.core.engine] DEBUG: Crawled (200) <GET https://dl.ndl.go.jp/robots.txt> (referer: None)
2023-06-30 16:52:18 [scrapy.core.engine] DEBUG: Crawled (200) <POST https://dl.ndl.go.jp/api/item/search> (referer: None)
2023-06-30 16:52:18 [booklist] INFO: Fetched page 1
2023-06-30 16:52:18 [booklist] INFO: VALID_ID: 2576329
2023-06-30 16:52:18 [booklist] INFO: VALID_ID: 2576344
2023-06-30 16:52:18 [booklist] INFO: VALID_ID: 2576384
2023-06-30 16:52:18 [booklist] INFO: VALID_ID: 2576376
2023-06-30 16:52:18 [booklist] INFO: VALID_ID: 2576383
2023-06-30 16:52:18 [booklist] INFO: VALID_ID: 2576319
2023-06-30 16:52:18 [booklist] INFO: VALID_ID: 2576325
2023-06-30 16:52:18 [booklist] INFO: VALID_ID: 2576331
2023-06-30 16:52:18 [booklist] INFO: VALID_ID: 2576374
2023-06-30 16:52:18 [booklist] INFO: VALID_ID: 2576380
2023-06-30 16:52:18 [booklist] INFO: VALID_ID: 2576321
2023-06-30 16:52:18 [booklist] INFO: VALID_ID: 2576381
2023-06-30 16:52:18 [booklist] INFO: VALID_ID: 2576401
2023-06-30 16:52:18 [booklist] INFO: VALID_ID: 2576314
2023-06-30 16:52:18 [booklist] INFO: VALID_ID: 2576332
2023-06-30 16:52:18 [booklist] INFO: VALID_ID: 2576345
2023-06-30 16:52:18 [booklist] INFO: VALID_ID: 2576348
2023-06-30 16:52:18 [booklist] INFO: VALID_ID: 2576378
2023-06-30 16:52:18 [booklist] INFO: VALID_ID: 2576379
2023-06-30 16:52:18 [booklist] INFO: VALID_ID: 2576394
2023-06-30 16:52:18 [booklist] INFO: VALID_ID: 2576341
2023-06-30 16:52:18 [booklist] INFO: VALID_ID: 2576342
2023-06-30 16:52:18 [booklist] INFO: VALID_ID: 2576312
2023-06-30 16:52:18 [booklist] INFO: VALID_ID: 2576347
2023-06-30 16:52:18 [booklist] INFO: VALID_ID: 2576398
2023-06-30 16:52:18 [booklist] INFO: VALID_ID: 2576407
2023-06-30 16:52:18 [booklist] INFO: VALID_ID: 2576326
2023-06-30 16:52:18 [booklist] INFO: VALID_ID: 2576335
2023-06-30 16:52:18 [booklist] INFO: VALID_ID: 2576346
2023-06-30 16:52:18 [booklist] INFO: VALID_ID: 2576317
2023-06-30 16:52:18 [booklist] INFO: VALID_ID: 2576340
2023-06-30 16:52:18 [booklist] INFO: VALID_ID: 2576361
2023-06-30 16:52:18 [booklist] INFO: VALID_ID: 2576356
2023-06-30 16:52:18 [booklist] INFO: VALID_ID: 2576375
2023-06-30 16:52:18 [booklist] INFO: VALID_ID: 2576410
2023-06-30 16:52:18 [booklist] INFO: VALID_ID: 2576334
2023-06-30 16:52:18 [booklist] INFO: VALID_ID: 2576339
2023-06-30 16:52:18 [booklist] INFO: VALID_ID: 2576352
2023-06-30 16:52:18 [booklist] INFO: VALID_ID: 2576357
2023-06-30 16:52:18 [booklist] INFO: VALID_ID: 2576385
2023-06-30 16:52:18 [booklist] INFO: VALID_ID: 2576367
2023-06-30 16:52:18 [booklist] INFO: VALID_ID: 2576327
2023-06-30 16:52:18 [booklist] INFO: VALID_ID: 2576343
2023-06-30 16:52:18 [booklist] INFO: VALID_ID: 2576311
2023-06-30 16:52:18 [booklist] INFO: VALID_ID: 2576337
2023-06-30 16:52:18 [booklist] INFO: VALID_ID: 2576338
2023-06-30 16:52:18 [booklist] INFO: VALID_ID: 2576363
2023-06-30 16:52:18 [booklist] INFO: VALID_ID: 2576318
2023-06-30 16:52:18 [booklist] INFO: VALID_ID: 2576396
2023-06-30 16:52:18 [booklist] INFO: VALID_ID: 2576397
2023-06-30 16:52:18 [booklist] INFO: VALID_ID: 2584119
2023-06-30 16:52:18 [booklist] INFO: VALID_ID: 2593473
2023-06-30 16:52:18 [booklist] INFO: VALID_ID: 2585364
2023-06-30 16:52:18 [booklist] INFO: VALID_ID: 2585647
2023-06-30 16:52:18 [booklist] INFO: VALID_ID: 2592832
2023-06-30 16:52:18 [booklist] INFO: VALID_ID: 2547910
2023-06-30 16:52:18 [booklist] INFO: VALID_ID: 2584449
2023-06-30 16:52:18 [booklist] INFO: VALID_ID: 2576216
2023-06-30 16:52:18 [booklist] INFO: VALID_ID: 2559143
2023-06-30 16:52:18 [booklist] INFO: VALID_ID: 2600274
2023-06-30 16:52:18 [booklist] INFO: VALID_ID: 2600288
2023-06-30 16:52:18 [booklist] INFO: VALID_ID: 2600304
2023-06-30 16:52:18 [booklist] INFO: VALID_ID: 2600342
2023-06-30 16:52:18 [booklist] INFO: VALID_ID: 2600349
2023-06-30 16:52:18 [booklist] INFO: VALID_ID: 2600389
2023-06-30 16:52:18 [booklist] INFO: VALID_ID: 2600273
2023-06-30 16:52:18 [booklist] INFO: VALID_ID: 2600316
2023-06-30 16:52:18 [booklist] INFO: VALID_ID: 2600332
2023-06-30 16:52:18 [booklist] INFO: VALID_ID: 2600367
2023-06-30 16:52:18 [booklist] INFO: VALID_ID: 2600384
2023-06-30 16:52:18 [booklist] INFO: VALID_ID: 2600403
2023-06-30 16:52:18 [booklist] INFO: VALID_ID: 2600410
2023-06-30 16:52:18 [booklist] INFO: VALID_ID: 2600275
2023-06-30 16:52:18 [booklist] INFO: VALID_ID: 2600350
2023-06-30 16:52:18 [booklist] INFO: VALID_ID: 2600378
2023-06-30 16:52:18 [booklist] INFO: VALID_ID: 2600411
2023-06-30 16:52:18 [booklist] INFO: VALID_ID: 2600291
2023-06-30 16:52:18 [booklist] INFO: VALID_ID: 2600320
2023-06-30 16:52:18 [booklist] INFO: VALID_ID: 2600364
2023-06-30 16:52:18 [booklist] INFO: VALID_ID: 2600401
2023-06-30 16:52:18 [booklist] INFO: VALID_ID: 2600419
2023-06-30 16:52:18 [booklist] INFO: VALID_ID: 2600277
2023-06-30 16:52:18 [booklist] INFO: VALID_ID: 2600356
2023-06-30 16:52:18 [booklist] INFO: VALID_ID: 2600392
2023-06-30 16:52:18 [booklist] INFO: VALID_ID: 2600409
2023-06-30 16:52:18 [booklist] INFO: VALID_ID: 2600422
2023-06-30 16:52:18 [booklist] INFO: VALID_ID: 2600272
2023-06-30 16:52:18 [booklist] INFO: VALID_ID: 2600293
2023-06-30 16:52:18 [booklist] INFO: VALID_ID: 2600310
2023-06-30 16:52:18 [booklist] INFO: VALID_ID: 2600339
2023-06-30 16:52:18 [booklist] INFO: VALID_ID: 2600300
2023-06-30 16:52:18 [booklist] INFO: VALID_ID: 2600319
2023-06-30 16:52:18 [booklist] INFO: VALID_ID: 2600324
2023-06-30 16:52:18 [booklist] INFO: VALID_ID: 2600347
2023-06-30 16:52:18 [booklist] INFO: VALID_ID: 2600355
2023-06-30 16:52:18 [booklist] INFO: VALID_ID: 2600381
2023-06-30 16:52:18 [booklist] INFO: VALID_ID: 2600387
2023-06-30 16:52:18 [booklist] INFO: VALID_ID: 2600281
2023-06-30 16:52:18 [booklist] INFO: VALID_ID: 2600297
2023-06-30 16:52:18 [booklist] INFO: VALID_ID: 2600309
2023-06-30 16:52:20 [scrapy.core.engine] DEBUG: Crawled (200) <POST https://dl.ndl.go.jp/api/item/search> (referer: https://dl.ndl.go.jp/api/item/search)
2023-06-30 16:52:20 [booklist] INFO: Fetched page 2
2023-06-30 16:52:20 [booklist] INFO: VALID_ID: 2600350
2023-06-30 16:52:20 [booklist] INFO: VALID_ID: 2600378
2023-06-30 16:52:20 [booklist] INFO: VALID_ID: 2600411
2023-06-30 16:52:20 [booklist] INFO: VALID_ID: 2600276
2023-06-30 16:52:20 [booklist] INFO: VALID_ID: 2600333
2023-06-30 16:52:20 [booklist] INFO: VALID_ID: 2600361
2023-06-30 16:52:20 [booklist] INFO: VALID_ID: 2600404
2023-06-30 16:52:20 [booklist] INFO: VALID_ID: 2600414
2023-06-30 16:52:20 [booklist] INFO: VALID_ID: 2600300
2023-06-30 16:52:20 [booklist] INFO: VALID_ID: 2600319
2023-06-30 16:52:20 [booklist] INFO: VALID_ID: 2600324
2023-06-30 16:52:20 [booklist] INFO: VALID_ID: 2600347
2023-06-30 16:52:20 [booklist] INFO: VALID_ID: 2600355
2023-06-30 16:52:20 [booklist] INFO: VALID_ID: 2600381
2023-06-30 16:52:20 [booklist] INFO: VALID_ID: 2600387
2023-06-30 16:52:20 [booklist] INFO: VALID_ID: 2600280
2023-06-30 16:52:20 [booklist] INFO: VALID_ID: 2600335
2023-06-30 16:52:20 [booklist] INFO: VALID_ID: 2600368
2023-06-30 16:52:20 [booklist] INFO: VALID_ID: 2600369
2023-06-30 16:52:20 [booklist] INFO: VALID_ID: 2600382
2023-06-30 16:52:20 [booklist] INFO: VALID_ID: 2600303
2023-06-30 16:52:20 [booklist] INFO: VALID_ID: 2600354
2023-06-30 16:52:20 [booklist] INFO: VALID_ID: 2600383
2023-06-30 16:52:20 [booklist] INFO: VALID_ID: 2600405
2023-06-30 16:52:20 [booklist] INFO: VALID_ID: 2600407
2023-06-30 16:52:20 [booklist] INFO: VALID_ID: 2600408
2023-06-30 16:52:20 [booklist] INFO: VALID_ID: 2600284
2023-06-30 16:52:20 [booklist] INFO: VALID_ID: 2600302
2023-06-30 16:52:20 [booklist] INFO: VALID_ID: 2600329
2023-06-30 16:52:20 [booklist] INFO: VALID_ID: 2600366
2023-06-30 16:52:20 [booklist] INFO: VALID_ID: 2600394
2023-06-30 16:52:20 [booklist] INFO: VALID_ID: 2600415
2023-06-30 16:52:20 [booklist] INFO: VALID_ID: 2600421
2023-06-30 16:52:20 [booklist] INFO: VALID_ID: 2600272
2023-06-30 16:52:20 [booklist] INFO: VALID_ID: 2600293
2023-06-30 16:52:20 [booklist] INFO: VALID_ID: 2600310
2023-06-30 16:52:20 [booklist] INFO: VALID_ID: 2600339
2023-06-30 16:52:20 [booklist] INFO: VALID_ID: 2600289
2023-06-30 16:52:20 [booklist] INFO: VALID_ID: 2600353
2023-06-30 16:52:20 [booklist] INFO: VALID_ID: 2600390
2023-06-30 16:52:20 [booklist] INFO: VALID_ID: 2600400
2023-06-30 16:52:20 [booklist] INFO: VALID_ID: 2600292
2023-06-30 16:52:20 [booklist] INFO: VALID_ID: 2600336
2023-06-30 16:52:20 [booklist] INFO: VALID_ID: 2600340
2023-06-30 16:52:20 [booklist] INFO: VALID_ID: 2600345
2023-06-30 16:52:20 [booklist] INFO: VALID_ID: 2600397
2023-06-30 16:52:20 [booklist] INFO: VALID_ID: 2600418
2023-06-30 16:52:20 [booklist] INFO: VALID_ID: 2600430
2023-06-30 16:52:20 [booklist] INFO: VALID_ID: 2600286
2023-06-30 16:52:20 [booklist] INFO: VALID_ID: 2600298
2023-06-30 16:52:20 [booklist] INFO: VALID_ID: 2600372
2023-06-30 16:52:20 [booklist] INFO: VALID_ID: 2600278
2023-06-30 16:52:20 [booklist] INFO: VALID_ID: 2600341
2023-06-30 16:52:20 [booklist] INFO: VALID_ID: 2600370
2023-06-30 16:52:20 [booklist] INFO: VALID_ID: 2600412
2023-06-30 16:52:20 [booklist] INFO: VALID_ID: 2600417
2023-06-30 16:52:20 [booklist] INFO: VALID_ID: 2600428
2023-06-30 16:52:20 [booklist] INFO: VALID_ID: 2600296
2023-06-30 16:52:20 [booklist] INFO: VALID_ID: 2600313
2023-06-30 16:52:20 [booklist] INFO: VALID_ID: 2600326
2023-06-30 16:52:20 [booklist] INFO: VALID_ID: 2600343
2023-06-30 16:52:20 [booklist] INFO: VALID_ID: 2600376
2023-06-30 16:52:20 [booklist] INFO: VALID_ID: 2600379
2023-06-30 16:52:20 [booklist] INFO: VALID_ID: 2600380
2023-06-30 16:52:20 [booklist] INFO: VALID_ID: 2600398
2023-06-30 16:52:20 [booklist] INFO: VALID_ID: 2600308
2023-06-30 16:52:20 [booklist] INFO: VALID_ID: 2600312
2023-06-30 16:52:20 [booklist] INFO: VALID_ID: 2600359
2023-06-30 16:52:20 [booklist] INFO: VALID_ID: 2600426
2023-06-30 16:52:20 [booklist] INFO: VALID_ID: 2600287
2023-06-30 16:52:20 [booklist] INFO: VALID_ID: 2600337
2023-06-30 16:52:20 [booklist] INFO: VALID_ID: 2600357
2023-06-30 16:52:20 [booklist] INFO: VALID_ID: 2600373
2023-06-30 16:52:20 [booklist] INFO: VALID_ID: 2600374
2023-06-30 16:52:20 [booklist] INFO: VALID_ID: 2600386
2023-06-30 16:52:20 [booklist] INFO: VALID_ID: 2600393
2023-06-30 16:52:20 [booklist] INFO: VALID_ID: 2600307
2023-06-30 16:52:20 [booklist] INFO: VALID_ID: 2600317
2023-06-30 16:52:20 [booklist] INFO: VALID_ID: 2600283
2023-06-30 16:52:20 [booklist] INFO: VALID_ID: 2600306
2023-06-30 16:52:20 [booklist] INFO: VALID_ID: 2600311
2023-06-30 16:52:20 [booklist] INFO: VALID_ID: 2600314
2023-06-30 16:52:20 [booklist] INFO: VALID_ID: 2600328
2023-06-30 16:52:20 [booklist] INFO: VALID_ID: 2600351
2023-06-30 16:52:20 [booklist] INFO: VALID_ID: 2600358
2023-06-30 16:52:20 [booklist] INFO: VALID_ID: 2600362
2023-06-30 16:52:20 [booklist] INFO: VALID_ID: 2600279
2023-06-30 16:52:20 [booklist] INFO: VALID_ID: 2600322
2023-06-30 16:52:20 [booklist] INFO: VALID_ID: 2600334
2023-06-30 16:52:20 [booklist] INFO: VALID_ID: 2600416
2023-06-30 16:52:20 [booklist] INFO: VALID_ID: 2600429
2023-06-30 16:52:20 [booklist] INFO: VALID_ID: 2600305
2023-06-30 16:52:20 [booklist] INFO: VALID_ID: 2600321
2023-06-30 16:52:20 [booklist] INFO: VALID_ID: 2600346
2023-06-30 16:52:20 [booklist] INFO: VALID_ID: 2600365
2023-06-30 16:52:20 [booklist] INFO: VALID_ID: 2600420
2023-06-30 16:52:20 [booklist] INFO: VALID_ID: 2600423
2023-06-30 16:52:20 [booklist] INFO: VALID_ID: 2600301
2023-06-30 16:52:20 [booklist] INFO: VALID_ID: 2600431
2023-06-30 16:52:20 [booklist] INFO: VALID_ID: 2610106
2023-06-30 16:52:21 [scrapy.core.engine] DEBUG: Crawled (200) <POST https://dl.ndl.go.jp/api/item/search> (referer: https://dl.ndl.go.jp/api/item/search)
2023-06-30 16:52:21 [booklist] INFO: Fetched page 3
2023-06-30 16:52:22 [booklist] INFO: VALID_ID: 2600420
2023-06-30 16:52:22 [booklist] INFO: VALID_ID: 2600423
2023-06-30 16:52:22 [booklist] INFO: VALID_ID: 2600285
2023-06-30 16:52:22 [booklist] INFO: VALID_ID: 2600294
2023-06-30 16:52:22 [booklist] INFO: VALID_ID: 2600295
2023-06-30 16:52:22 [booklist] INFO: VALID_ID: 2600325
2023-06-30 16:52:22 [booklist] INFO: VALID_ID: 2600330
2023-06-30 16:52:22 [booklist] INFO: VALID_ID: 2600344
2023-06-30 16:52:22 [booklist] INFO: VALID_ID: 2600375
2023-06-30 16:52:22 [booklist] INFO: VALID_ID: 2600399
2023-06-30 16:52:22 [booklist] INFO: VALID_ID: 2600413
2023-06-30 16:52:22 [booklist] INFO: VALID_ID: 2600318
2023-06-30 16:52:22 [booklist] INFO: VALID_ID: 2600377
2023-06-30 16:52:22 [booklist] INFO: VALID_ID: 2600299
2023-06-30 16:52:22 [booklist] INFO: VALID_ID: 2600315
2023-06-30 16:52:22 [booklist] INFO: VALID_ID: 2600371
2023-06-30 16:52:22 [booklist] INFO: VALID_ID: 2600406
2023-06-30 16:52:22 [booklist] INFO: VALID_ID: 2600425
2023-06-30 16:52:22 [booklist] INFO: VALID_ID: 2600301
2023-06-30 16:52:22 [booklist] INFO: VALID_ID: 2600431
2023-06-30 16:52:22 [booklist] INFO: VALID_ID: 2601039
2023-06-30 16:52:22 [booklist] INFO: VALID_ID: 2601099
2023-06-30 16:52:22 [booklist] INFO: VALID_ID: 2601103
2023-06-30 16:52:22 [booklist] INFO: VALID_ID: 2601062
2023-06-30 16:52:22 [booklist] INFO: VALID_ID: 2601101
2023-06-30 16:52:22 [booklist] INFO: VALID_ID: 2601073
2023-06-30 16:52:22 [booklist] INFO: VALID_ID: 2601078
2023-06-30 16:52:22 [booklist] INFO: VALID_ID: 2601096
2023-06-30 16:52:22 [booklist] INFO: VALID_ID: 2601097
2023-06-30 16:52:22 [booklist] INFO: VALID_ID: 2601061
2023-06-30 16:52:22 [booklist] INFO: VALID_ID: 2601081
2023-06-30 16:52:22 [booklist] INFO: VALID_ID: 2601100
2023-06-30 16:52:22 [booklist] INFO: VALID_ID: 2601098
2023-06-30 16:52:22 [booklist] INFO: VALID_ID: 2580674
2023-06-30 16:52:22 [booklist] INFO: VALID_ID: 2601063
2023-06-30 16:52:22 [booklist] INFO: VALID_ID: 2601049
2023-06-30 16:52:22 [booklist] INFO: VALID_ID: 2601068
2023-06-30 16:52:22 [booklist] INFO: VALID_ID: 2601071
2023-06-30 16:52:22 [booklist] INFO: VALID_ID: 2601079
2023-06-30 16:52:22 [booklist] INFO: VALID_ID: 2601082
2023-06-30 16:52:22 [booklist] INFO: VALID_ID: 2601084
2023-06-30 16:52:22 [booklist] INFO: VALID_ID: 2601041
2023-06-30 16:52:22 [booklist] INFO: VALID_ID: 2601057
2023-06-30 16:52:22 [booklist] INFO: VALID_ID: 2601058
2023-06-30 16:52:22 [booklist] INFO: VALID_ID: 2601059
2023-06-30 16:52:22 [booklist] INFO: VALID_ID: 2601089
2023-06-30 16:52:22 [booklist] INFO: VALID_ID: 2601075
2023-06-30 16:52:22 [booklist] INFO: VALID_ID: 2601087
2023-06-30 16:52:22 [booklist] INFO: VALID_ID: 2601055
2023-06-30 16:52:22 [booklist] INFO: VALID_ID: 2601045
2023-06-30 16:52:22 [booklist] INFO: VALID_ID: 2601060
2023-06-30 16:52:22 [booklist] INFO: VALID_ID: 2601056
2023-06-30 16:52:22 [booklist] INFO: VALID_ID: 2580720
2023-06-30 16:52:22 [booklist] INFO: VALID_ID: 2580722
2023-06-30 16:52:22 [booklist] INFO: VALID_ID: 2601040
2023-06-30 16:52:22 [booklist] INFO: VALID_ID: 2601080
2023-06-30 16:52:22 [booklist] INFO: VALID_ID: 2601083
2023-06-30 16:52:22 [booklist] INFO: VALID_ID: 2601090
2023-06-30 16:52:22 [booklist] INFO: VALID_ID: 2580673
2023-06-30 16:52:22 [booklist] INFO: VALID_ID: 2601074
2023-06-30 16:52:22 [booklist] INFO: VALID_ID: 2601077
2023-06-30 16:52:22 [booklist] INFO: VALID_ID: 2601102
2023-06-30 16:52:22 [booklist] INFO: VALID_ID: 2601046
2023-06-30 16:52:22 [booklist] INFO: VALID_ID: 2538446
2023-06-30 16:52:22 [booklist] INFO: VALID_ID: 2580678
2023-06-30 16:52:22 [booklist] INFO: VALID_ID: 2580697
2023-06-30 16:52:22 [booklist] INFO: VALID_ID: 2601072
2023-06-30 16:52:22 [booklist] INFO: VALID_ID: 2601094
2023-06-30 16:52:22 [booklist] INFO: VALID_ID: 2601044
2023-06-30 16:52:22 [booklist] INFO: VALID_ID: 2601050
2023-06-30 16:52:22 [booklist] INFO: VALID_ID: 2601086
2023-06-30 16:52:22 [booklist] INFO: VALID_ID: 2601042
2023-06-30 16:52:22 [booklist] INFO: VALID_ID: 2601051
2023-06-30 16:52:22 [booklist] INFO: VALID_ID: 2601065
2023-06-30 16:52:22 [booklist] INFO: VALID_ID: 2601092
2023-06-30 16:52:22 [booklist] INFO: VALID_ID: 2601095
2023-06-30 16:52:22 [booklist] INFO: VALID_ID: 2601070
2023-06-30 16:52:22 [booklist] INFO: VALID_ID: 2580709
2023-06-30 16:52:22 [booklist] INFO: VALID_ID: 2580677
2023-06-30 16:52:22 [booklist] INFO: VALID_ID: 2580712
2023-06-30 16:52:22 [booklist] INFO: VALID_ID: 2580713
2023-06-30 16:52:22 [booklist] INFO: VALID_ID: 2601052
2023-06-30 16:52:22 [booklist] INFO: VALID_ID: 2601066
2023-06-30 16:52:22 [booklist] INFO: VALID_ID: 2580706
2023-06-30 16:52:22 [booklist] INFO: VALID_ID: 2580699
2023-06-30 16:52:22 [booklist] INFO: VALID_ID: 2580715
2023-06-30 16:52:22 [booklist] INFO: VALID_ID: 2580679
2023-06-30 16:52:22 [booklist] INFO: VALID_ID: 2580711
2023-06-30 16:52:22 [booklist] INFO: VALID_ID: 2580734
2023-06-30 16:52:22 [booklist] INFO: VALID_ID: 2580680
2023-06-30 16:52:22 [booklist] INFO: VALID_ID: 2580681
2023-06-30 16:52:22 [booklist] INFO: VALID_ID: 2580689
2023-06-30 16:52:22 [booklist] INFO: VALID_ID: 2580727
2023-06-30 16:52:22 [booklist] INFO: VALID_ID: 2580710
2023-06-30 16:52:22 [booklist] INFO: VALID_ID: 2580714
2023-06-30 16:52:22 [booklist] INFO: VALID_ID: 2580676
2023-06-30 16:52:22 [booklist] INFO: VALID_ID: 2580717
2023-06-30 16:52:22 [booklist] INFO: VALID_ID: 2601048
2023-06-30 16:52:22 [booklist] INFO: VALID_ID: 2580683
2023-06-30 16:52:22 [booklist] INFO: VALID_ID: 2580718
2023-06-30 16:52:23 [scrapy.core.engine] DEBUG: Crawled (200) <POST https://dl.ndl.go.jp/api/item/search> (referer: https://dl.ndl.go.jp/api/item/search)
2023-06-30 16:52:23 [booklist] INFO: Fetched page 4
2023-06-30 16:52:24 [booklist] INFO: VALID_ID: 2601088
2023-06-30 16:52:24 [booklist] INFO: VALID_ID: 2580677
2023-06-30 16:52:24 [booklist] INFO: VALID_ID: 2580712
2023-06-30 16:52:24 [booklist] INFO: VALID_ID: 2580713
2023-06-30 16:52:24 [booklist] INFO: VALID_ID: 2580690
2023-06-30 16:52:24 [booklist] INFO: VALID_ID: 2580723
2023-06-30 16:52:24 [booklist] INFO: VALID_ID: 2580724
2023-06-30 16:52:24 [booklist] INFO: VALID_ID: 2601043
2023-06-30 16:52:24 [booklist] INFO: VALID_ID: 2601047
2023-06-30 16:52:24 [booklist] INFO: VALID_ID: 2601054
2023-06-30 16:52:24 [booklist] INFO: VALID_ID: 2601093
2023-06-30 16:52:24 [booklist] INFO: VALID_ID: 2601074
2023-06-30 16:52:24 [booklist] INFO: VALID_ID: 2601077
2023-06-30 16:52:24 [booklist] INFO: VALID_ID: 2601102
2023-06-30 16:52:24 [booklist] INFO: VALID_ID: 2580680
2023-06-30 16:52:24 [booklist] INFO: VALID_ID: 2580681
2023-06-30 16:52:24 [booklist] INFO: VALID_ID: 2580689
2023-06-30 16:52:24 [booklist] INFO: VALID_ID: 2580727
2023-06-30 16:52:24 [booklist] INFO: VALID_ID: 2580706
2023-06-30 16:52:24 [booklist] INFO: VALID_ID: 2580714
2023-06-30 16:52:24 [booklist] INFO: VALID_ID: 2610422
2023-06-30 16:52:24 [booklist] INFO: VALID_ID: 2580705
2023-06-30 16:52:24 [booklist] INFO: VALID_ID: 2580735
2023-06-30 16:52:24 [booklist] INFO: VALID_ID: 2580685
2023-06-30 16:52:24 [booklist] INFO: VALID_ID: 2580726
2023-06-30 16:52:24 [booklist] INFO: VALID_ID: 2580736
2023-06-30 16:52:24 [booklist] INFO: VALID_ID: 2580686
2023-06-30 16:52:24 [booklist] INFO: VALID_ID: 2580700
2023-06-30 16:52:24 [booklist] INFO: VALID_ID: 2580682
2023-06-30 16:52:24 [booklist] INFO: VALID_ID: 2580730
2023-06-30 16:52:24 [booklist] INFO: VALID_ID: 2580683
2023-06-30 16:52:24 [booklist] INFO: VALID_ID: 2580718
2023-06-30 16:52:24 [booklist] INFO: VALID_ID: 2580719
2023-06-30 16:52:24 [booklist] INFO: VALID_ID: 2601044
2023-06-30 16:52:24 [booklist] INFO: VALID_ID: 2580684
2023-06-30 16:52:24 [booklist] INFO: VALID_ID: 2580695
2023-06-30 16:52:24 [booklist] INFO: VALID_ID: 2580721
2023-06-30 16:52:24 [booklist] INFO: VALID_ID: 2580725
2023-06-30 16:52:24 [booklist] INFO: VALID_ID: 2580691
2023-06-30 16:52:24 [booklist] INFO: VALID_ID: 2580694
2023-06-30 16:52:24 [booklist] INFO: VALID_ID: 2580701
2023-06-30 16:52:24 [booklist] INFO: VALID_ID: 2580702
2023-06-30 16:52:24 [booklist] INFO: VALID_ID: 2580704
2023-06-30 16:52:24 [booklist] INFO: VALID_ID: 2580731
2023-06-30 16:52:24 [booklist] INFO: VALID_ID: 2580696
2023-06-30 16:52:24 [booklist] INFO: VALID_ID: 2580675
2023-06-30 16:52:24 [booklist] INFO: VALID_ID: 2580687
2023-06-30 16:52:24 [booklist] INFO: VALID_ID: 2580692
2023-06-30 16:52:24 [booklist] INFO: VALID_ID: 2580698
2023-06-30 16:52:24 [booklist] INFO: VALID_ID: 2580728
2023-06-30 16:52:24 [booklist] INFO: VALID_ID: 2580688
2023-06-30 16:52:24 [booklist] INFO: VALID_ID: 2580716
2023-06-30 16:52:24 [booklist] INFO: VALID_ID: 2580729
2023-06-30 16:52:24 [booklist] INFO: VALID_ID: 2579783
2023-06-30 16:52:24 [booklist] INFO: VALID_ID: 2579737
2023-06-30 16:52:24 [booklist] INFO: VALID_ID: 2579789
2023-06-30 16:52:24 [booklist] INFO: VALID_ID: 2579747
2023-06-30 16:52:24 [booklist] INFO: VALID_ID: 2579780
2023-06-30 16:52:24 [booklist] INFO: VALID_ID: 2579784
2023-06-30 16:52:24 [booklist] INFO: VALID_ID: 2579733
2023-06-30 16:52:24 [booklist] INFO: VALID_ID: 2579740
2023-06-30 16:52:24 [booklist] INFO: VALID_ID: 2579778
2023-06-30 16:52:24 [booklist] INFO: VALID_ID: 2579758
2023-06-30 16:52:24 [booklist] INFO: VALID_ID: 2579766
2023-06-30 16:52:24 [booklist] INFO: VALID_ID: 2579732
2023-06-30 16:52:24 [booklist] INFO: VALID_ID: 2579769
2023-06-30 16:52:24 [booklist] INFO: VALID_ID: 2579770
2023-06-30 16:52:24 [booklist] INFO: VALID_ID: 2579773
2023-06-30 16:52:24 [booklist] INFO: VALID_ID: 2579734
2023-06-30 16:52:24 [booklist] INFO: VALID_ID: 2579745
2023-06-30 16:52:24 [booklist] INFO: VALID_ID: 2579743
2023-06-30 16:52:24 [booklist] INFO: VALID_ID: 2579754
2023-06-30 16:52:24 [booklist] INFO: VALID_ID: 2579756
2023-06-30 16:52:24 [booklist] INFO: VALID_ID: 2579774
2023-06-30 16:52:24 [booklist] INFO: VALID_ID: 2610384
2023-06-30 16:52:24 [booklist] INFO: VALID_ID: 2579748
2023-06-30 16:52:24 [booklist] INFO: VALID_ID: 2579751
2023-06-30 16:52:24 [booklist] INFO: VALID_ID: 2579757
2023-06-30 16:52:24 [booklist] INFO: VALID_ID: 2579779
2023-06-30 16:52:24 [booklist] INFO: VALID_ID: 2579744
2023-06-30 16:52:24 [booklist] INFO: VALID_ID: 2579752
2023-06-30 16:52:24 [booklist] INFO: VALID_ID: 2579755
2023-06-30 16:52:24 [booklist] INFO: VALID_ID: 2579767
2023-06-30 16:52:24 [booklist] INFO: VALID_ID: 2579753
2023-06-30 16:52:24 [booklist] INFO: VALID_ID: 2579768
2023-06-30 16:52:24 [booklist] INFO: VALID_ID: 2579791
2023-06-30 16:52:24 [booklist] INFO: VALID_ID: 2579736
2023-06-30 16:52:24 [booklist] INFO: VALID_ID: 2579742
2023-06-30 16:52:24 [booklist] INFO: VALID_ID: 2579761
2023-06-30 16:52:24 [booklist] INFO: VALID_ID: 2579782
2023-06-30 16:52:24 [booklist] INFO: VALID_ID: 2579785
2023-06-30 16:52:24 [booklist] INFO: VALID_ID: 2579786
2023-06-30 16:52:24 [booklist] INFO: VALID_ID: 2579735
2023-06-30 16:52:24 [booklist] INFO: VALID_ID: 2579739
2023-06-30 16:52:24 [booklist] INFO: VALID_ID: 2579790
2023-06-30 16:52:24 [booklist] INFO: VALID_ID: 2579759
2023-06-30 16:52:24 [booklist] INFO: VALID_ID: 2579763
2023-06-30 16:52:24 [booklist] INFO: VALID_ID: 2579764
2023-06-30 16:52:24 [booklist] INFO: VALID_ID: 2579750
2023-06-30 16:52:24 [booklist] INFO: VALID_ID: 2579772
2023-06-30 16:52:25 [scrapy.core.engine] DEBUG: Crawled (200) <POST https://dl.ndl.go.jp/api/item/search> (referer: https://dl.ndl.go.jp/api/item/search)
2023-06-30 16:52:25 [booklist] INFO: Fetched page 5
2023-06-30 16:52:26 [booklist] INFO: VALID_ID: 2579790
2023-06-30 16:52:26 [booklist] INFO: VALID_ID: 2579750
2023-06-30 16:52:26 [booklist] INFO: VALID_ID: 2579772
2023-06-30 16:52:26 [booklist] INFO: VALID_ID: 2579776
2023-06-30 16:52:26 [booklist] INFO: VALID_ID: 2579746
2023-06-30 16:52:26 [booklist] INFO: VALID_ID: 2579771
2023-06-30 16:52:26 [booklist] INFO: VALID_ID: 2579781
2023-06-30 16:52:26 [booklist] INFO: VALID_ID: 2579788
2023-06-30 16:52:26 [booklist] INFO: VALID_ID: 2579738
2023-06-30 16:52:26 [booklist] INFO: VALID_ID: 2579787
2023-06-30 16:52:26 [booklist] INFO: VALID_ID: 2579765
2023-06-30 16:52:26 [booklist] INFO: VALID_ID: 2579741
2023-06-30 16:52:26 [booklist] INFO: VALID_ID: 2579760
2023-06-30 16:52:26 [booklist] INFO: VALID_ID: 2579777
2023-06-30 16:52:26 [booklist] INFO: VALID_ID: 2576884
2023-06-30 16:52:26 [booklist] INFO: VALID_ID: 2589985
2023-06-30 16:52:26 [booklist] INFO: VALID_ID: 2561880
2023-06-30 16:52:26 [booklist] INFO: VALID_ID: 2577492
2023-06-30 16:52:26 [booklist] INFO: VALID_ID: 2571149
2023-06-30 16:52:26 [booklist] INFO: VALID_ID: 2597153
2023-06-30 16:52:26 [booklist] INFO: VALID_ID: 2597994
2023-06-30 16:52:26 [booklist] INFO: VALID_ID: 2593472
2023-06-30 16:52:26 [booklist] INFO: VALID_ID: 2605701
2023-06-30 16:52:26 [booklist] INFO: VALID_ID: 2559195
2023-06-30 16:52:26 [booklist] INFO: VALID_ID: 2551958
2023-06-30 16:52:26 [booklist] INFO: VALID_ID: 12865370
2023-06-30 16:52:26 [booklist] INFO: VALID_ID: 2572435
2023-06-30 16:52:26 [booklist] INFO: VALID_ID: 2588727
2023-06-30 16:52:26 [booklist] INFO: VALID_ID: 2572226
2023-06-30 16:52:26 [booklist] INFO: VALID_ID: 2611028
2023-06-30 16:52:26 [booklist] INFO: VALID_ID: 11446584
2023-06-30 16:52:26 [booklist] INFO: VALID_ID: 2605528
2023-06-30 16:52:26 [booklist] INFO: VALID_ID: 2553889
2023-06-30 16:52:26 [booklist] INFO: VALID_ID: 2589028
2023-06-30 16:52:26 [booklist] INFO: VALID_ID: 2609279
2023-06-30 16:52:26 [booklist] INFO: VALID_ID: 2587045
2023-06-30 16:52:26 [booklist] INFO: VALID_ID: 2606744
2023-06-30 16:52:26 [booklist] INFO: VALID_ID: 2609818
2023-06-30 16:52:26 [booklist] INFO: VALID_ID: 2608598
2023-06-30 16:52:26 [booklist] INFO: VALID_ID: 2610288
2023-06-30 16:52:26 [booklist] INFO: VALID_ID: 11446659
2023-06-30 16:52:26 [booklist] INFO: VALID_ID: 2610785
2023-06-30 16:52:26 [booklist] INFO: VALID_ID: 2608748
2023-06-30 16:52:26 [booklist] INFO: VALID_ID: 2607884
2023-06-30 16:52:26 [booklist] INFO: VALID_ID: 9369959
2023-06-30 16:52:26 [booklist] INFO: VALID_ID: 2610537
2023-06-30 16:52:26 [booklist] INFO: VALID_ID: 9369960
2023-06-30 16:52:26 [booklist] INFO: VALID_ID: 2610012
2023-06-30 16:52:26 [booklist] INFO: VALID_ID: 11892751
2023-06-30 16:52:26 [booklist] INFO: VALID_ID: 2607426
2023-06-30 16:52:26 [booklist] INFO: VALID_ID: 2608195
2023-06-30 16:52:26 [booklist] INFO: VALID_ID: 2608247
2023-06-30 16:52:26 [booklist] INFO: VALID_ID: 2610707
2023-06-30 16:52:26 [booklist] INFO: VALID_ID: 1286464
2023-06-30 16:52:26 [booklist] INFO: VALID_ID: 2572674
2023-06-30 16:52:26 [booklist] INFO: VALID_ID: 2611035
2023-06-30 16:52:26 [booklist] INFO: VALID_ID: 2609783
2023-06-30 16:52:26 [booklist] INFO: VALID_ID: 2605758
2023-06-30 16:52:26 [booklist] INFO: VALID_ID: 2610138
2023-06-30 16:52:26 [booklist] INFO: VALID_ID: 2610801
2023-06-30 16:52:26 [booklist] INFO: VALID_ID: 2609383
2023-06-30 16:52:26 [booklist] INFO: VALID_ID: 1246412
2023-06-30 16:52:26 [booklist] INFO: VALID_ID: 1287350
2023-06-30 16:52:26 [booklist] INFO: VALID_ID: 11446113
2023-06-30 16:52:26 [booklist] INFO: VALID_ID: 1287506
2023-06-30 16:52:26 [booklist] INFO: VALID_ID: 2569861
2023-06-30 16:52:26 [booklist] INFO: VALID_ID: 2546357
2023-06-30 16:52:26 [booklist] INFO: VALID_ID: 1288089
2023-06-30 16:52:26 [booklist] INFO: VALID_ID: 2605465
2023-06-30 16:52:26 [booklist] INFO: VALID_ID: 1287262
2023-06-30 16:52:26 [booklist] INFO: VALID_ID: 1287526
2023-06-30 16:52:26 [booklist] INFO: VALID_ID: 11446366
2023-06-30 16:52:26 [booklist] INFO: VALID_ID: 11446316
2023-06-30 16:52:26 [booklist] INFO: VALID_ID: 1287852
2023-06-30 16:52:26 [booklist] INFO: VALID_ID: 1288525
2023-06-30 16:52:26 [booklist] INFO: VALID_ID: 11446223
2023-06-30 16:52:26 [booklist] INFO: VALID_ID: 1287875
2023-06-30 16:52:26 [booklist] INFO: VALID_ID: 2584275
2023-06-30 16:52:26 [booklist] INFO: VALID_ID: 3510715
2023-06-30 16:52:26 [booklist] INFO: VALID_ID: 9370014
2023-06-30 16:52:26 [booklist] INFO: VALID_ID: 1286631
2023-06-30 16:52:26 [booklist] INFO: VALID_ID: 2551607
2023-06-30 16:52:26 [booklist] INFO: VALID_ID: 11607721
2023-06-30 16:52:26 [booklist] INFO: VALID_ID: 2586482
2023-06-30 16:52:26 [booklist] INFO: VALID_ID: 2569815
2023-06-30 16:52:26 [booklist] INFO: VALID_ID: 2584669
2023-06-30 16:52:26 [booklist] INFO: VALID_ID: 11446271
2023-06-30 16:52:26 [booklist] INFO: VALID_ID: 1286195
2023-06-30 16:52:26 [booklist] INFO: VALID_ID: 1288295
2023-06-30 16:52:26 [booklist] INFO: VALID_ID: 1288022
2023-06-30 16:52:26 [booklist] INFO: VALID_ID: 9369910
2023-06-30 16:52:26 [booklist] INFO: VALID_ID: 11892711
2023-06-30 16:52:26 [booklist] INFO: VALID_ID: 1287780
2023-06-30 16:52:26 [booklist] INFO: VALID_ID: 11607936
2023-06-30 16:52:26 [booklist] INFO: VALID_ID: 1287134
2023-06-30 16:52:26 [booklist] INFO: VALID_ID: 9369923
2023-06-30 16:52:26 [booklist] INFO: VALID_ID: 9370008
2023-06-30 16:52:26 [booklist] INFO: VALID_ID: 2584293
2023-06-30 16:52:26 [booklist] INFO: VALID_ID: 2584193
2023-06-30 16:52:26 [booklist] INFO: VALID_ID: 10317808
2023-06-30 16:52:26 [scrapy.core.engine] DEBUG: Crawled (200) <POST https://dl.ndl.go.jp/api/item/search> (referer: https://dl.ndl.go.jp/api/item/search)
2023-06-30 16:52:26 [booklist] INFO: Fetched page 6
2023-06-30 16:52:27 [booklist] INFO: VALID_ID: 11892711
2023-06-30 16:52:27 [booklist] INFO: VALID_ID: 9369989
2023-06-30 16:52:27 [booklist] INFO: VALID_ID: 9370011
2023-06-30 16:52:27 [booklist] INFO: VALID_ID: 2584275
2023-06-30 16:52:27 [booklist] INFO: VALID_ID: 1286882
2023-06-30 16:52:27 [booklist] INFO: VALID_ID: 1287920
2023-06-30 16:52:27 [booklist] INFO: VALID_ID: 9366498
2023-06-30 16:52:27 [booklist] INFO: VALID_ID: 11892777
2023-06-30 16:52:27 [booklist] INFO: VALID_ID: 1287464
2023-06-30 16:52:27 [booklist] INFO: VALID_ID: 9367519
2023-06-30 16:52:27 [booklist] INFO: VALID_ID: 2569815
2023-06-30 16:52:27 [booklist] INFO: VALID_ID: 2584669
2023-06-30 16:52:27 [booklist] INFO: VALID_ID: 2570880
2023-06-30 16:52:27 [booklist] INFO: VALID_ID: 2586467
2023-06-30 16:52:27 [booklist] INFO: VALID_ID: 10317549
2023-06-30 16:52:27 [booklist] INFO: VALID_ID: 1287780
2023-06-30 16:52:27 [booklist] INFO: VALID_ID: 11607936
2023-06-30 16:52:27 [booklist] INFO: VALID_ID: 9369910
2023-06-30 16:52:27 [booklist] INFO: VALID_ID: 1286195
2023-06-30 16:52:27 [booklist] INFO: VALID_ID: 1288295
2023-06-30 16:52:27 [booklist] INFO: VALID_ID: 9367542
2023-06-30 16:52:27 [booklist] INFO: VALID_ID: 9369916
2023-06-30 16:52:27 [booklist] INFO: VALID_ID: 9370005
2023-06-30 16:52:27 [booklist] INFO: VALID_ID: 9255486
2023-06-30 16:52:27 [booklist] INFO: VALID_ID: 9369969
2023-06-30 16:52:27 [booklist] INFO: VALID_ID: 9370002
2023-06-30 16:52:27 [booklist] INFO: VALID_ID: 2586480
2023-06-30 16:52:27 [booklist] INFO: VALID_ID: 2586503
2023-06-30 16:52:27 [booklist] INFO: VALID_ID: 9369999
2023-06-30 16:52:27 [booklist] INFO: VALID_ID: 9370018
2023-06-30 16:52:27 [booklist] INFO: VALID_ID: 11446376
2023-06-30 16:52:27 [booklist] INFO: VALID_ID: 9370033
2023-06-30 16:52:27 [booklist] INFO: VALID_ID: 8664058
2023-06-30 16:52:27 [booklist] INFO: VALID_ID: 11446364
2023-06-30 16:52:27 [booklist] INFO: VALID_ID: 9369986
2023-06-30 16:52:27 [booklist] INFO: VALID_ID: 9370029
2023-06-30 16:52:27 [booklist] INFO: VALID_ID: 2570890
2023-06-30 16:52:27 [booklist] INFO: VALID_ID: 2586492
2023-06-30 16:52:27 [scrapy.core.engine] DEBUG: Crawled (200) <POST https://dl.ndl.go.jp/api/item/search> (referer: https://dl.ndl.go.jp/api/item/search)
2023-06-30 16:52:27 [booklist] INFO: Fetched page 7
2023-06-30 16:52:27 [booklist] INFO: No more books on 7
2023-06-30 16:52:27 [scrapy.core.engine] INFO: Closing spider (finished)
2023-06-30 16:52:27 [scrapy.statscollectors] INFO: Dumping Scrapy stats:
{'downloader/request_bytes': 9611,
 'downloader/request_count': 8,
 'downloader/request_method_count/GET': 1,
 'downloader/request_method_count/POST': 7,
 'downloader/response_bytes': 3243877,
 'downloader/response_count': 8,
 'downloader/response_status_count/200': 8,
 'elapsed_time_seconds': 10.687242,
 'finish_reason': 'finished',
 'finish_time': datetime.datetime(2023, 6, 30, 8, 52, 27, 572951),
 'httpcompression/response_bytes': 38441210,
 'httpcompression/response_count': 7,
 'log_count/DEBUG': 11,
 'log_count/INFO': 556,
 'memusage/max': 63959040,
 'memusage/startup': 63959040,
 'request_depth_max': 6,
 'response_received_count': 8,
 'robotstxt/request_count': 1,
 'robotstxt/response_count': 1,
 'robotstxt/response_status_count/200': 1,
 'scheduler/dequeued': 7,
 'scheduler/dequeued/memory': 7,
 'scheduler/enqueued': 7,
 'scheduler/enqueued/memory': 7,
 'start_time': datetime.datetime(2023, 6, 30, 8, 52, 16, 885709)}
2023-06-30 16:52:27 [scrapy.core.engine] INFO: Spider closed (finished)
