2023-06-30 16:30:52 [scrapy.utils.log] INFO: Scrapy 2.9.0 started (bot: ndlcrawler)
2023-06-30 16:30:52 [scrapy.utils.log] INFO: Versions: lxml 4.9.2.0, libxml2 2.9.14, cssselect 1.2.0, parsel 1.8.1, w3lib 2.1.1, Twisted 22.10.0, Python 3.10.10 (main, Mar  5 2023, 22:26:53) [GCC 12.2.1 20230201], pyOpenSSL 23.2.0 (OpenSSL 3.1.1 30 May 2023), cryptography 41.0.1, Platform Linux-6.2.12-arch1-1-x86_64-with-glibc2.37
2023-06-30 16:30:52 [scrapy.crawler] INFO: Overridden settings:
{'BOT_NAME': 'ndlcrawler',
 'FEED_EXPORT_ENCODING': 'utf-8',
 'LOG_FILE': 'logs/booklist.title.52.DESC.log',
 'NEWSPIDER_MODULE': 'ndlcrawler.spiders',
 'REQUEST_FINGERPRINTER_IMPLEMENTATION': '2.7',
 'ROBOTSTXT_OBEY': True,
 'SPIDER_MODULES': ['ndlcrawler.spiders'],
 'TWISTED_REACTOR': 'twisted.internet.asyncioreactor.AsyncioSelectorReactor'}
2023-06-30 16:30:52 [asyncio] DEBUG: Using selector: EpollSelector
2023-06-30 16:30:52 [scrapy.utils.log] DEBUG: Using reactor: twisted.internet.asyncioreactor.AsyncioSelectorReactor
2023-06-30 16:30:52 [scrapy.utils.log] DEBUG: Using asyncio event loop: asyncio.unix_events._UnixSelectorEventLoop
2023-06-30 16:30:52 [scrapy.extensions.telnet] INFO: Telnet Password: d605ca49fbb1e855
2023-06-30 16:30:52 [scrapy.middleware] INFO: Enabled extensions:
['scrapy.extensions.corestats.CoreStats',
 'scrapy.extensions.telnet.TelnetConsole',
 'scrapy.extensions.memusage.MemoryUsage',
 'scrapy.extensions.logstats.LogStats']
2023-06-30 16:30:52 [scrapy.middleware] INFO: Enabled downloader middlewares:
['scrapy.downloadermiddlewares.robotstxt.RobotsTxtMiddleware',
 'scrapy.downloadermiddlewares.httpauth.HttpAuthMiddleware',
 'scrapy.downloadermiddlewares.downloadtimeout.DownloadTimeoutMiddleware',
 'scrapy.downloadermiddlewares.defaultheaders.DefaultHeadersMiddleware',
 'scrapy.downloadermiddlewares.useragent.UserAgentMiddleware',
 'scrapy.downloadermiddlewares.retry.RetryMiddleware',
 'scrapy.downloadermiddlewares.redirect.MetaRefreshMiddleware',
 'scrapy.downloadermiddlewares.httpcompression.HttpCompressionMiddleware',
 'scrapy.downloadermiddlewares.redirect.RedirectMiddleware',
 'scrapy.downloadermiddlewares.cookies.CookiesMiddleware',
 'scrapy.downloadermiddlewares.httpproxy.HttpProxyMiddleware',
 'scrapy.downloadermiddlewares.stats.DownloaderStats']
2023-06-30 16:30:52 [scrapy.middleware] INFO: Enabled spider middlewares:
['scrapy.spidermiddlewares.httperror.HttpErrorMiddleware',
 'scrapy.spidermiddlewares.offsite.OffsiteMiddleware',
 'scrapy.spidermiddlewares.referer.RefererMiddleware',
 'scrapy.spidermiddlewares.urllength.UrlLengthMiddleware',
 'scrapy.spidermiddlewares.depth.DepthMiddleware']
2023-06-30 16:30:52 [scrapy.middleware] INFO: Enabled item pipelines:
[]
2023-06-30 16:30:52 [scrapy.core.engine] INFO: Spider opened
2023-06-30 16:30:52 [scrapy.extensions.logstats] INFO: Crawled 0 pages (at 0 pages/min), scraped 0 items (at 0 items/min)
2023-06-30 16:30:52 [scrapy.extensions.telnet] INFO: Telnet console listening on 127.0.0.1:6023
2023-06-30 16:30:53 [scrapy.core.engine] DEBUG: Crawled (200) <GET https://dl.ndl.go.jp/robots.txt> (referer: None)
2023-06-30 16:30:54 [scrapy.core.engine] DEBUG: Crawled (200) <POST https://dl.ndl.go.jp/api/item/search> (referer: None)
2023-06-30 16:30:54 [booklist] INFO: Fetched page 1
2023-06-30 16:30:55 [booklist] INFO: VALID_ID: 2596865
2023-06-30 16:30:55 [booklist] INFO: VALID_ID: 2592497
2023-06-30 16:30:55 [booklist] INFO: VALID_ID: 2591408
2023-06-30 16:30:55 [booklist] INFO: VALID_ID: 2580397
2023-06-30 16:30:55 [booklist] INFO: VALID_ID: 2591057
2023-06-30 16:30:55 [booklist] INFO: VALID_ID: 2607879
2023-06-30 16:30:55 [booklist] INFO: VALID_ID: 2597005
2023-06-30 16:30:55 [booklist] INFO: VALID_ID: 2580724
2023-06-30 16:30:55 [booklist] INFO: VALID_ID: 2553783
2023-06-30 16:30:55 [booklist] INFO: VALID_ID: 2571001
2023-06-30 16:30:55 [booklist] INFO: VALID_ID: 2581170
2023-06-30 16:30:55 [booklist] INFO: VALID_ID: 2574083
2023-06-30 16:30:55 [booklist] INFO: VALID_ID: 2585087
2023-06-30 16:30:55 [booklist] INFO: VALID_ID: 2549537
2023-06-30 16:30:55 [booklist] INFO: VALID_ID: 2565783
2023-06-30 16:30:55 [booklist] INFO: VALID_ID: 2560851
2023-06-30 16:30:55 [booklist] INFO: VALID_ID: 2550072
2023-06-30 16:30:55 [booklist] INFO: VALID_ID: 2551051
2023-06-30 16:30:55 [booklist] INFO: VALID_ID: 2577077
2023-06-30 16:30:55 [booklist] INFO: VALID_ID: 2573914
2023-06-30 16:30:55 [booklist] INFO: VALID_ID: 2578035
2023-06-30 16:30:55 [booklist] INFO: VALID_ID: 2579560
2023-06-30 16:30:55 [booklist] INFO: VALID_ID: 2573447
2023-06-30 16:30:55 [booklist] INFO: VALID_ID: 2577683
2023-06-30 16:30:55 [booklist] INFO: VALID_ID: 2590692
2023-06-30 16:30:55 [booklist] INFO: VALID_ID: 2588094
2023-06-30 16:30:55 [booklist] INFO: VALID_ID: 2600173
2023-06-30 16:30:55 [booklist] INFO: VALID_ID: 2596491
2023-06-30 16:30:55 [booklist] INFO: VALID_ID: 2584967
2023-06-30 16:30:55 [booklist] INFO: VALID_ID: 2570531
2023-06-30 16:30:55 [booklist] INFO: VALID_ID: 2596551
2023-06-30 16:30:55 [booklist] INFO: VALID_ID: 2567610
2023-06-30 16:30:55 [booklist] INFO: VALID_ID: 2558525
2023-06-30 16:30:55 [booklist] INFO: VALID_ID: 2596399
2023-06-30 16:30:55 [booklist] INFO: VALID_ID: 2549423
2023-06-30 16:30:55 [booklist] INFO: VALID_ID: 2576746
2023-06-30 16:30:55 [booklist] INFO: VALID_ID: 2579783
2023-06-30 16:30:55 [booklist] INFO: VALID_ID: 2555118
2023-06-30 16:30:55 [booklist] INFO: VALID_ID: 2574468
2023-06-30 16:30:55 [booklist] INFO: VALID_ID: 2565729
2023-06-30 16:30:55 [booklist] INFO: VALID_ID: 2589837
2023-06-30 16:30:55 [booklist] INFO: VALID_ID: 2586071
2023-06-30 16:30:55 [booklist] INFO: VALID_ID: 2580337
2023-06-30 16:30:55 [booklist] INFO: VALID_ID: 2569748
2023-06-30 16:30:55 [booklist] INFO: VALID_ID: 2601329
2023-06-30 16:30:55 [booklist] INFO: VALID_ID: 2574822
2023-06-30 16:30:55 [booklist] INFO: VALID_ID: 2593229
2023-06-30 16:30:55 [booklist] INFO: VALID_ID: 2601090
2023-06-30 16:30:55 [booklist] INFO: VALID_ID: 2601393
2023-06-30 16:30:55 [booklist] INFO: VALID_ID: 2578680
2023-06-30 16:30:55 [booklist] INFO: VALID_ID: 2573834
2023-06-30 16:30:55 [booklist] INFO: VALID_ID: 2573277
2023-06-30 16:30:55 [booklist] INFO: VALID_ID: 2593073
2023-06-30 16:30:55 [booklist] INFO: VALID_ID: 2545556
2023-06-30 16:30:55 [booklist] INFO: VALID_ID: 2562480
2023-06-30 16:30:55 [booklist] INFO: VALID_ID: 2552342
2023-06-30 16:30:55 [booklist] INFO: VALID_ID: 2600323
2023-06-30 16:30:55 [booklist] INFO: VALID_ID: 2553513
2023-06-30 16:30:55 [booklist] INFO: VALID_ID: 2561457
2023-06-30 16:30:55 [booklist] INFO: VALID_ID: 2590310
2023-06-30 16:30:55 [booklist] INFO: VALID_ID: 2562205
2023-06-30 16:30:55 [booklist] INFO: VALID_ID: 2590337
2023-06-30 16:30:55 [booklist] INFO: VALID_ID: 2562202
2023-06-30 16:30:55 [booklist] INFO: VALID_ID: 2571201
2023-06-30 16:30:55 [booklist] INFO: VALID_ID: 2590307
2023-06-30 16:30:55 [booklist] INFO: VALID_ID: 2597205
2023-06-30 16:30:55 [booklist] INFO: VALID_ID: 2561932
2023-06-30 16:30:55 [booklist] INFO: VALID_ID: 2590037
2023-06-30 16:30:55 [booklist] INFO: VALID_ID: 10301181
2023-06-30 16:30:55 [booklist] INFO: VALID_ID: 10301592
2023-06-30 16:30:55 [booklist] INFO: VALID_ID: 2549010
2023-06-30 16:30:55 [booklist] INFO: VALID_ID: 2572287
2023-06-30 16:30:55 [booklist] INFO: VALID_ID: 2562206
2023-06-30 16:30:55 [booklist] INFO: VALID_ID: 2590237
2023-06-30 16:30:55 [booklist] INFO: VALID_ID: 2590137
2023-06-30 16:30:55 [booklist] INFO: VALID_ID: 2590314
2023-06-30 16:30:55 [booklist] INFO: VALID_ID: 2590305
2023-06-30 16:30:55 [booklist] INFO: VALID_ID: 2590308
2023-06-30 16:30:55 [booklist] INFO: VALID_ID: 2590312
2023-06-30 16:30:55 [booklist] INFO: VALID_ID: 2561832
2023-06-30 16:30:55 [booklist] INFO: VALID_ID: 2590313
2023-06-30 16:30:55 [booklist] INFO: VALID_ID: 2562200
2023-06-30 16:30:55 [booklist] INFO: VALID_ID: 2562203
2023-06-30 16:30:55 [booklist] INFO: VALID_ID: 2590309
2023-06-30 16:30:55 [booklist] INFO: VALID_ID: 2562201
2023-06-30 16:30:55 [booklist] INFO: VALID_ID: 2600423
2023-06-30 16:30:55 [booklist] INFO: VALID_ID: 2562207
2023-06-30 16:30:55 [booklist] INFO: VALID_ID: 2570631
2023-06-30 16:30:55 [booklist] INFO: VALID_ID: 2562204
2023-06-30 16:30:55 [booklist] INFO: VALID_ID: 2590311
2023-06-30 16:30:55 [booklist] INFO: VALID_ID: 2562209
2023-06-30 16:30:55 [booklist] INFO: VALID_ID: 2584222
2023-06-30 16:30:55 [booklist] INFO: VALID_ID: 2576837
2023-06-30 16:30:55 [booklist] INFO: VALID_ID: 2590306
2023-06-30 16:30:55 [booklist] INFO: VALID_ID: 2562208
2023-06-30 16:30:55 [booklist] INFO: VALID_ID: 2562132
2023-06-30 16:30:55 [booklist] INFO: VALID_ID: 2597105
2023-06-30 16:30:55 [booklist] INFO: VALID_ID: 2597946
2023-06-30 16:30:55 [booklist] INFO: VALID_ID: 2589937
2023-06-30 16:30:55 [booklist] INFO: VALID_ID: 2551151
2023-06-30 16:30:56 [scrapy.core.engine] DEBUG: Crawled (200) <POST https://dl.ndl.go.jp/api/item/search> (referer: https://dl.ndl.go.jp/api/item/search)
2023-06-30 16:30:56 [booklist] INFO: Fetched page 2
2023-06-30 16:30:56 [booklist] INFO: VALID_ID: 2559263
2023-06-30 16:30:56 [booklist] INFO: VALID_ID: 2585856
2023-06-30 16:30:56 [booklist] INFO: VALID_ID: 2557029
2023-06-30 16:30:56 [booklist] INFO: VALID_ID: 2557041
2023-06-30 16:30:56 [booklist] INFO: VALID_ID: 2557047
2023-06-30 16:30:56 [booklist] INFO: VALID_ID: 2557045
2023-06-30 16:30:56 [booklist] INFO: VALID_ID: 10301310
2023-06-30 16:30:56 [booklist] INFO: VALID_ID: 2557026
2023-06-30 16:30:56 [booklist] INFO: VALID_ID: 2553897
2023-06-30 16:30:56 [booklist] INFO: VALID_ID: 2557056
2023-06-30 16:30:56 [booklist] INFO: VALID_ID: 2557027
2023-06-30 16:30:56 [booklist] INFO: VALID_ID: 2557032
2023-06-30 16:30:56 [booklist] INFO: VALID_ID: 2588579
2023-06-30 16:30:56 [booklist] INFO: VALID_ID: 2553895
2023-06-30 16:30:56 [booklist] INFO: VALID_ID: 2557038
2023-06-30 16:30:56 [booklist] INFO: VALID_ID: 2557062
2023-06-30 16:30:56 [booklist] INFO: VALID_ID: 2557025
2023-06-30 16:30:56 [booklist] INFO: VALID_ID: 2557046
2023-06-30 16:30:56 [booklist] INFO: VALID_ID: 2559262
2023-06-30 16:30:56 [booklist] INFO: VALID_ID: 2557037
2023-06-30 16:30:56 [booklist] INFO: VALID_ID: 2553896
2023-06-30 16:30:56 [booklist] INFO: VALID_ID: 2557033
2023-06-30 16:30:56 [booklist] INFO: VALID_ID: 2557034
2023-06-30 16:30:56 [booklist] INFO: VALID_ID: 2557055
2023-06-30 16:30:56 [booklist] INFO: VALID_ID: 2557040
2023-06-30 16:30:56 [booklist] INFO: VALID_ID: 2557035
2023-06-30 16:30:56 [booklist] INFO: VALID_ID: 2557051
2023-06-30 16:30:56 [booklist] INFO: VALID_ID: 2557053
2023-06-30 16:30:56 [booklist] INFO: VALID_ID: 2557028
2023-06-30 16:30:56 [booklist] INFO: VALID_ID: 2557061
2023-06-30 16:30:56 [booklist] INFO: VALID_ID: 2605873
2023-06-30 16:30:56 [booklist] INFO: VALID_ID: 2557054
2023-06-30 16:30:56 [booklist] INFO: VALID_ID: 2557059
2023-06-30 16:30:56 [booklist] INFO: VALID_ID: 2557036
2023-06-30 16:30:56 [booklist] INFO: VALID_ID: 11891807
2023-06-30 16:30:56 [booklist] INFO: VALID_ID: 2585908
2023-06-30 16:30:56 [booklist] INFO: VALID_ID: 2557039
2023-06-30 16:30:56 [booklist] INFO: VALID_ID: 2557049
2023-06-30 16:30:56 [booklist] INFO: VALID_ID: 2557057
2023-06-30 16:30:56 [booklist] INFO: VALID_ID: 2557043
2023-06-30 16:30:56 [booklist] INFO: VALID_ID: 10304001
2023-06-30 16:30:56 [booklist] INFO: VALID_ID: 2557052
2023-06-30 16:30:56 [booklist] INFO: VALID_ID: 2585877
2023-06-30 16:30:56 [booklist] INFO: VALID_ID: 2557044
2023-06-30 16:30:56 [booklist] INFO: VALID_ID: 2557050
2023-06-30 16:30:56 [booklist] INFO: VALID_ID: 2557048
2023-06-30 16:30:56 [booklist] INFO: VALID_ID: 2557042
2023-06-30 16:30:56 [booklist] INFO: VALID_ID: 2557060
2023-06-30 16:30:56 [booklist] INFO: VALID_ID: 2580450
2023-06-30 16:30:56 [booklist] INFO: VALID_ID: 2580452
2023-06-30 16:30:56 [booklist] INFO: VALID_ID: 2557030
2023-06-30 16:30:56 [booklist] INFO: VALID_ID: 2557031
2023-06-30 16:30:56 [booklist] INFO: VALID_ID: 2557058
2023-06-30 16:30:56 [booklist] INFO: VALID_ID: 2585928
2023-06-30 16:30:56 [booklist] INFO: VALID_ID: 2580455
2023-06-30 16:30:56 [booklist] INFO: VALID_ID: 2580460
2023-06-30 16:30:56 [booklist] INFO: VALID_ID: 2580446
2023-06-30 16:30:56 [booklist] INFO: VALID_ID: 2580454
2023-06-30 16:30:56 [booklist] INFO: VALID_ID: 2580461
2023-06-30 16:30:56 [booklist] INFO: VALID_ID: 2580444
2023-06-30 16:30:56 [booklist] INFO: VALID_ID: 2580445
2023-06-30 16:30:56 [booklist] INFO: VALID_ID: 2580453
2023-06-30 16:30:56 [booklist] INFO: VALID_ID: 2580462
2023-06-30 16:30:56 [booklist] INFO: VALID_ID: 2580464
2023-06-30 16:30:56 [booklist] INFO: VALID_ID: 2580449
2023-06-30 16:30:56 [booklist] INFO: VALID_ID: 2580443
2023-06-30 16:30:56 [booklist] INFO: VALID_ID: 2572387
2023-06-30 16:30:56 [booklist] INFO: VALID_ID: 2580447
2023-06-30 16:30:56 [booklist] INFO: VALID_ID: 2580463
2023-06-30 16:30:56 [booklist] INFO: VALID_ID: 2580456
2023-06-30 16:30:56 [booklist] INFO: VALID_ID: 2580467
2023-06-30 16:30:56 [booklist] INFO: VALID_ID: 2580448
2023-06-30 16:30:56 [booklist] INFO: VALID_ID: 2580440
2023-06-30 16:30:56 [booklist] INFO: VALID_ID: 2585887
2023-06-30 16:30:56 [booklist] INFO: VALID_ID: 2585897
2023-06-30 16:30:56 [booklist] INFO: VALID_ID: 2585865
2023-06-30 16:30:56 [booklist] INFO: VALID_ID: 2580451
2023-06-30 16:30:56 [booklist] INFO: VALID_ID: 2580458
2023-06-30 16:30:56 [booklist] INFO: VALID_ID: 2580442
2023-06-30 16:30:56 [booklist] INFO: VALID_ID: 2572901
2023-06-30 16:30:56 [booklist] INFO: VALID_ID: 2580441
2023-06-30 16:30:56 [booklist] INFO: VALID_ID: 2548930
2023-06-30 16:30:56 [booklist] INFO: VALID_ID: 2609440
2023-06-30 16:30:56 [booklist] INFO: VALID_ID: 2580457
2023-06-30 16:30:56 [booklist] INFO: VALID_ID: 2580459
2023-06-30 16:30:56 [booklist] INFO: VALID_ID: 2572078
2023-06-30 16:30:56 [booklist] INFO: VALID_ID: 2571533
2023-06-30 16:30:56 [booklist] INFO: VALID_ID: 2580466
2023-06-30 16:30:56 [booklist] INFO: VALID_ID: 2580465
2023-06-30 16:30:56 [booklist] INFO: VALID_ID: 2585918
2023-06-30 16:30:56 [booklist] INFO: VALID_ID: 2585938
2023-06-30 16:30:56 [booklist] INFO: VALID_ID: 2571409
2023-06-30 16:30:56 [booklist] INFO: VALID_ID: 2588444
2023-06-30 16:30:56 [booklist] INFO: VALID_ID: 2599741
2023-06-30 16:30:56 [booklist] INFO: VALID_ID: 2550461
2023-06-30 16:30:56 [booklist] INFO: VALID_ID: 2559264
2023-06-30 16:30:56 [booklist] INFO: VALID_ID: 2553619
2023-06-30 16:30:56 [booklist] INFO: VALID_ID: 2574505
2023-06-30 16:30:56 [booklist] INFO: VALID_ID: 2573030
2023-06-30 16:30:56 [booklist] INFO: VALID_ID: 2574768
2023-06-30 16:30:58 [scrapy.core.engine] DEBUG: Crawled (200) <POST https://dl.ndl.go.jp/api/item/search> (referer: https://dl.ndl.go.jp/api/item/search)
2023-06-30 16:30:58 [booklist] INFO: Fetched page 3
2023-06-30 16:30:59 [booklist] INFO: VALID_ID: 2573030
2023-06-30 16:30:59 [booklist] INFO: VALID_ID: 2549854
2023-06-30 16:30:59 [booklist] INFO: VALID_ID: 2588880
2023-06-30 16:30:59 [booklist] INFO: VALID_ID: 2549788
2023-06-30 16:30:59 [booklist] INFO: VALID_ID: 2605912
2023-06-30 16:30:59 [booklist] INFO: VALID_ID: 2572178
2023-06-30 16:30:59 [booklist] INFO: VALID_ID: 2589316
2023-06-30 16:30:59 [booklist] INFO: VALID_ID: 2589080
2023-06-30 16:30:59 [booklist] INFO: VALID_ID: 2571633
2023-06-30 16:30:59 [booklist] INFO: VALID_ID: 2572807
2023-06-30 16:30:59 [booklist] INFO: VALID_ID: 2577298
2023-06-30 16:30:59 [booklist] INFO: VALID_ID: 2577339
2023-06-30 16:30:59 [booklist] INFO: VALID_ID: 2577347
2023-06-30 16:30:59 [booklist] INFO: VALID_ID: 2577349
2023-06-30 16:30:59 [booklist] INFO: VALID_ID: 2577462
2023-06-30 16:30:59 [booklist] INFO: VALID_ID: 2577481
2023-06-30 16:30:59 [booklist] INFO: VALID_ID: 2577482
2023-06-30 16:30:59 [booklist] INFO: VALID_ID: 2577545
2023-06-30 16:30:59 [booklist] INFO: VALID_ID: 2577550
2023-06-30 16:30:59 [booklist] INFO: VALID_ID: 2577554
2023-06-30 16:30:59 [booklist] INFO: VALID_ID: 2577561
2023-06-30 16:30:59 [booklist] INFO: VALID_ID: 2577593
2023-06-30 16:30:59 [booklist] INFO: VALID_ID: 2577596
2023-06-30 16:30:59 [booklist] INFO: VALID_ID: 2577597
2023-06-30 16:30:59 [booklist] INFO: VALID_ID: 2577611
2023-06-30 16:30:59 [booklist] INFO: VALID_ID: 2532085
2023-06-30 16:30:59 [booklist] INFO: VALID_ID: 2577338
2023-06-30 16:30:59 [booklist] INFO: VALID_ID: 2577374
2023-06-30 16:30:59 [booklist] INFO: VALID_ID: 2577381
2023-06-30 16:30:59 [booklist] INFO: VALID_ID: 2577408
2023-06-30 16:30:59 [booklist] INFO: VALID_ID: 2577430
2023-06-30 16:30:59 [booklist] INFO: VALID_ID: 2577439
2023-06-30 16:30:59 [booklist] INFO: VALID_ID: 2577483
2023-06-30 16:30:59 [booklist] INFO: VALID_ID: 2577552
2023-06-30 16:30:59 [booklist] INFO: VALID_ID: 2577592
2023-06-30 16:30:59 [booklist] INFO: VALID_ID: 2577627
2023-06-30 16:30:59 [booklist] INFO: VALID_ID: 2572973
2023-06-30 16:30:59 [booklist] INFO: VALID_ID: 2588679
2023-06-30 16:30:59 [booklist] INFO: VALID_ID: 2571768
2023-06-30 16:30:59 [booklist] INFO: VALID_ID: 2577390
2023-06-30 16:30:59 [booklist] INFO: VALID_ID: 2577396
2023-06-30 16:30:59 [booklist] INFO: VALID_ID: 2577416
2023-06-30 16:30:59 [booklist] INFO: VALID_ID: 2577429
2023-06-30 16:30:59 [booklist] INFO: VALID_ID: 2577457
2023-06-30 16:30:59 [booklist] INFO: VALID_ID: 2577464
2023-06-30 16:30:59 [booklist] INFO: VALID_ID: 2577480
2023-06-30 16:30:59 [booklist] INFO: VALID_ID: 2577486
2023-06-30 16:30:59 [booklist] INFO: VALID_ID: 2577522
2023-06-30 16:30:59 [booklist] INFO: VALID_ID: 2577525
2023-06-30 16:30:59 [booklist] INFO: VALID_ID: 2577532
2023-06-30 16:30:59 [booklist] INFO: VALID_ID: 2577542
2023-06-30 16:30:59 [booklist] INFO: VALID_ID: 2577574
2023-06-30 16:30:59 [booklist] INFO: VALID_ID: 2577584
2023-06-30 16:30:59 [booklist] INFO: VALID_ID: 2577585
2023-06-30 16:30:59 [booklist] INFO: VALID_ID: 2577588
2023-06-30 16:30:59 [booklist] INFO: VALID_ID: 2577360
2023-06-30 16:30:59 [booklist] INFO: VALID_ID: 2577372
2023-06-30 16:30:59 [booklist] INFO: VALID_ID: 2577388
2023-06-30 16:30:59 [booklist] INFO: VALID_ID: 2577398
2023-06-30 16:30:59 [booklist] INFO: VALID_ID: 2577413
2023-06-30 16:30:59 [booklist] INFO: VALID_ID: 2577446
2023-06-30 16:30:59 [booklist] INFO: VALID_ID: 2577472
2023-06-30 16:30:59 [booklist] INFO: VALID_ID: 2577520
2023-06-30 16:30:59 [booklist] INFO: VALID_ID: 2577309
2023-06-30 16:30:59 [booklist] INFO: VALID_ID: 2577373
2023-06-30 16:30:59 [booklist] INFO: VALID_ID: 2577386
2023-06-30 16:30:59 [booklist] INFO: VALID_ID: 2577395
2023-06-30 16:30:59 [booklist] INFO: VALID_ID: 2577512
2023-06-30 16:30:59 [booklist] INFO: VALID_ID: 2577548
2023-06-30 16:30:59 [booklist] INFO: VALID_ID: 2577591
2023-06-30 16:30:59 [booklist] INFO: VALID_ID: 2577366
2023-06-30 16:30:59 [booklist] INFO: VALID_ID: 2577382
2023-06-30 16:30:59 [booklist] INFO: VALID_ID: 2577392
2023-06-30 16:30:59 [booklist] INFO: VALID_ID: 2577419
2023-06-30 16:30:59 [booklist] INFO: VALID_ID: 2577427
2023-06-30 16:30:59 [booklist] INFO: VALID_ID: 2577437
2023-06-30 16:30:59 [booklist] INFO: VALID_ID: 2577497
2023-06-30 16:30:59 [booklist] INFO: VALID_ID: 2577549
2023-06-30 16:30:59 [booklist] INFO: VALID_ID: 2577553
2023-06-30 16:30:59 [booklist] INFO: VALID_ID: 2577556
2023-06-30 16:30:59 [booklist] INFO: VALID_ID: 2577583
2023-06-30 16:30:59 [booklist] INFO: VALID_ID: 2577631
2023-06-30 16:30:59 [booklist] INFO: VALID_ID: 2577296
2023-06-30 16:30:59 [booklist] INFO: VALID_ID: 2577327
2023-06-30 16:30:59 [booklist] INFO: VALID_ID: 2577364
2023-06-30 16:30:59 [booklist] INFO: VALID_ID: 2577452
2023-06-30 16:30:59 [booklist] INFO: VALID_ID: 2577463
2023-06-30 16:30:59 [booklist] INFO: VALID_ID: 2577499
2023-06-30 16:30:59 [booklist] INFO: VALID_ID: 2577524
2023-06-30 16:30:59 [booklist] INFO: VALID_ID: 2577560
2023-06-30 16:30:59 [booklist] INFO: VALID_ID: 2577589
2023-06-30 16:30:59 [booklist] INFO: VALID_ID: 2577294
2023-06-30 16:30:59 [booklist] INFO: VALID_ID: 2577308
2023-06-30 16:30:59 [booklist] INFO: VALID_ID: 2577333
2023-06-30 16:30:59 [booklist] INFO: VALID_ID: 2577401
2023-06-30 16:30:59 [booklist] INFO: VALID_ID: 2577433
2023-06-30 16:30:59 [booklist] INFO: VALID_ID: 2577453
2023-06-30 16:30:59 [booklist] INFO: VALID_ID: 2577456
2023-06-30 16:30:59 [booklist] INFO: VALID_ID: 2577470
2023-06-30 16:30:59 [booklist] INFO: VALID_ID: 2577493
2023-06-30 16:31:01 [scrapy.core.engine] DEBUG: Crawled (200) <POST https://dl.ndl.go.jp/api/item/search> (referer: https://dl.ndl.go.jp/api/item/search)
2023-06-30 16:31:01 [booklist] INFO: Fetched page 4
2023-06-30 16:31:02 [booklist] INFO: VALID_ID: 2577414
2023-06-30 16:31:02 [booklist] INFO: VALID_ID: 2577475
2023-06-30 16:31:02 [booklist] INFO: VALID_ID: 2577479
2023-06-30 16:31:02 [booklist] INFO: VALID_ID: 2577506
2023-06-30 16:31:02 [booklist] INFO: VALID_ID: 2577534
2023-06-30 16:31:02 [booklist] INFO: VALID_ID: 2577543
2023-06-30 16:31:02 [booklist] INFO: VALID_ID: 2577326
2023-06-30 16:31:02 [booklist] INFO: VALID_ID: 2577494
2023-06-30 16:31:02 [booklist] INFO: VALID_ID: 2577504
2023-06-30 16:31:02 [booklist] INFO: VALID_ID: 2577507
2023-06-30 16:31:02 [booklist] INFO: VALID_ID: 2577551
2023-06-30 16:31:02 [booklist] INFO: VALID_ID: 2577576
2023-06-30 16:31:02 [booklist] INFO: VALID_ID: 2577595
2023-06-30 16:31:02 [booklist] INFO: VALID_ID: 2577605
2023-06-30 16:31:02 [booklist] INFO: VALID_ID: 2577328
2023-06-30 16:31:02 [booklist] INFO: VALID_ID: 2577359
2023-06-30 16:31:02 [booklist] INFO: VALID_ID: 2577436
2023-06-30 16:31:02 [booklist] INFO: VALID_ID: 2577489
2023-06-30 16:31:02 [booklist] INFO: VALID_ID: 2577492
2023-06-30 16:31:02 [booklist] INFO: VALID_ID: 2577503
2023-06-30 16:31:02 [booklist] INFO: VALID_ID: 2577516
2023-06-30 16:31:02 [booklist] INFO: VALID_ID: 2577575
2023-06-30 16:31:02 [booklist] INFO: VALID_ID: 2577618
2023-06-30 16:31:02 [booklist] INFO: VALID_ID: 2577312
2023-06-30 16:31:02 [booklist] INFO: VALID_ID: 2577318
2023-06-30 16:31:02 [booklist] INFO: VALID_ID: 2577341
2023-06-30 16:31:02 [booklist] INFO: VALID_ID: 2577375
2023-06-30 16:31:02 [booklist] INFO: VALID_ID: 2577378
2023-06-30 16:31:02 [booklist] INFO: VALID_ID: 2577385
2023-06-30 16:31:02 [booklist] INFO: VALID_ID: 2577420
2023-06-30 16:31:02 [booklist] INFO: VALID_ID: 2577422
2023-06-30 16:31:02 [booklist] INFO: VALID_ID: 2577459
2023-06-30 16:31:02 [booklist] INFO: VALID_ID: 2577485
2023-06-30 16:31:02 [booklist] INFO: VALID_ID: 2577526
2023-06-30 16:31:02 [booklist] INFO: VALID_ID: 2577563
2023-06-30 16:31:02 [booklist] INFO: VALID_ID: 2577567
2023-06-30 16:31:02 [booklist] INFO: VALID_ID: 2577609
2023-06-30 16:31:02 [booklist] INFO: VALID_ID: 2577297
2023-06-30 16:31:02 [booklist] INFO: VALID_ID: 2577319
2023-06-30 16:31:02 [booklist] INFO: VALID_ID: 2577321
2023-06-30 16:31:02 [booklist] INFO: VALID_ID: 2577335
2023-06-30 16:31:02 [booklist] INFO: VALID_ID: 2577428
2023-06-30 16:31:02 [booklist] INFO: VALID_ID: 2577432
2023-06-30 16:31:02 [booklist] INFO: VALID_ID: 2577458
2023-06-30 16:31:02 [booklist] INFO: VALID_ID: 2577564
2023-06-30 16:31:02 [booklist] INFO: VALID_ID: 2577569
2023-06-30 16:31:02 [booklist] INFO: VALID_ID: 2577571
2023-06-30 16:31:02 [booklist] INFO: VALID_ID: 2577581
2023-06-30 16:31:02 [booklist] INFO: VALID_ID: 2577623
2023-06-30 16:31:02 [booklist] INFO: VALID_ID: 2577298
2023-06-30 16:31:02 [booklist] INFO: VALID_ID: 2577339
2023-06-30 16:31:02 [booklist] INFO: VALID_ID: 2577347
2023-06-30 16:31:02 [booklist] INFO: VALID_ID: 2577349
2023-06-30 16:31:02 [booklist] INFO: VALID_ID: 2577462
2023-06-30 16:31:02 [booklist] INFO: VALID_ID: 2577481
2023-06-30 16:31:02 [booklist] INFO: VALID_ID: 2577482
2023-06-30 16:31:02 [booklist] INFO: VALID_ID: 2577545
2023-06-30 16:31:02 [booklist] INFO: VALID_ID: 2577550
2023-06-30 16:31:02 [booklist] INFO: VALID_ID: 2577554
2023-06-30 16:31:02 [booklist] INFO: VALID_ID: 2577561
2023-06-30 16:31:02 [booklist] INFO: VALID_ID: 2577593
2023-06-30 16:31:02 [booklist] INFO: VALID_ID: 2577596
2023-06-30 16:31:02 [booklist] INFO: VALID_ID: 2577597
2023-06-30 16:31:02 [booklist] INFO: VALID_ID: 2577611
2023-06-30 16:31:02 [booklist] INFO: VALID_ID: 2577294
2023-06-30 16:31:02 [booklist] INFO: VALID_ID: 2577308
2023-06-30 16:31:02 [booklist] INFO: VALID_ID: 2577333
2023-06-30 16:31:02 [booklist] INFO: VALID_ID: 2577401
2023-06-30 16:31:02 [booklist] INFO: VALID_ID: 2577433
2023-06-30 16:31:02 [booklist] INFO: VALID_ID: 2577453
2023-06-30 16:31:02 [booklist] INFO: VALID_ID: 2577456
2023-06-30 16:31:02 [booklist] INFO: VALID_ID: 2577470
2023-06-30 16:31:02 [booklist] INFO: VALID_ID: 2577493
2023-06-30 16:31:02 [booklist] INFO: VALID_ID: 2577555
2023-06-30 16:31:02 [booklist] INFO: VALID_ID: 2577301
2023-06-30 16:31:02 [booklist] INFO: VALID_ID: 2577397
2023-06-30 16:31:02 [booklist] INFO: VALID_ID: 2577473
2023-06-30 16:31:02 [booklist] INFO: VALID_ID: 2577487
2023-06-30 16:31:02 [booklist] INFO: VALID_ID: 2577488
2023-06-30 16:31:02 [booklist] INFO: VALID_ID: 2577491
2023-06-30 16:31:02 [booklist] INFO: VALID_ID: 2577578
2023-06-30 16:31:02 [booklist] INFO: VALID_ID: 2577314
2023-06-30 16:31:02 [booklist] INFO: VALID_ID: 2577356
2023-06-30 16:31:02 [booklist] INFO: VALID_ID: 2577407
2023-06-30 16:31:02 [booklist] INFO: VALID_ID: 2577469
2023-06-30 16:31:02 [booklist] INFO: VALID_ID: 2577515
2023-06-30 16:31:02 [booklist] INFO: VALID_ID: 2577615
2023-06-30 16:31:02 [booklist] INFO: VALID_ID: 2577334
2023-06-30 16:31:02 [booklist] INFO: VALID_ID: 2577343
2023-06-30 16:31:02 [booklist] INFO: VALID_ID: 2577370
2023-06-30 16:31:02 [booklist] INFO: VALID_ID: 2577405
2023-06-30 16:31:02 [booklist] INFO: VALID_ID: 2577431
2023-06-30 16:31:02 [booklist] INFO: VALID_ID: 2577465
2023-06-30 16:31:02 [booklist] INFO: VALID_ID: 2577495
2023-06-30 16:31:02 [booklist] INFO: VALID_ID: 2577511
2023-06-30 16:31:02 [booklist] INFO: VALID_ID: 2577558
2023-06-30 16:31:02 [booklist] INFO: VALID_ID: 2577617
2023-06-30 16:31:02 [booklist] INFO: VALID_ID: 2577303
2023-06-30 16:31:02 [booklist] INFO: VALID_ID: 2577317
2023-06-30 16:31:02 [booklist] INFO: VALID_ID: 2577346
2023-06-30 16:31:04 [scrapy.core.engine] DEBUG: Crawled (200) <POST https://dl.ndl.go.jp/api/item/search> (referer: https://dl.ndl.go.jp/api/item/search)
2023-06-30 16:31:04 [booklist] INFO: Fetched page 5
2023-06-30 16:31:05 [booklist] INFO: VALID_ID: 2577518
2023-06-30 16:31:05 [booklist] INFO: VALID_ID: 2577559
2023-06-30 16:31:05 [booklist] INFO: VALID_ID: 2577616
2023-06-30 16:31:05 [booklist] INFO: VALID_ID: 2577304
2023-06-30 16:31:05 [booklist] INFO: VALID_ID: 2577371
2023-06-30 16:31:05 [booklist] INFO: VALID_ID: 2577414
2023-06-30 16:31:05 [booklist] INFO: VALID_ID: 2577475
2023-06-30 16:31:05 [booklist] INFO: VALID_ID: 2577479
2023-06-30 16:31:05 [booklist] INFO: VALID_ID: 2577506
2023-06-30 16:31:05 [booklist] INFO: VALID_ID: 2577534
2023-06-30 16:31:05 [booklist] INFO: VALID_ID: 2577543
2023-06-30 16:31:05 [booklist] INFO: VALID_ID: 2577301
2023-06-30 16:31:05 [booklist] INFO: VALID_ID: 2577397
2023-06-30 16:31:05 [booklist] INFO: VALID_ID: 2577473
2023-06-30 16:31:05 [booklist] INFO: VALID_ID: 2577487
2023-06-30 16:31:05 [booklist] INFO: VALID_ID: 2577488
2023-06-30 16:31:05 [booklist] INFO: VALID_ID: 2577491
2023-06-30 16:31:05 [booklist] INFO: VALID_ID: 2577578
2023-06-30 16:31:05 [booklist] INFO: VALID_ID: 2577312
2023-06-30 16:31:05 [booklist] INFO: VALID_ID: 2577318
2023-06-30 16:31:05 [booklist] INFO: VALID_ID: 2577341
2023-06-30 16:31:05 [booklist] INFO: VALID_ID: 2577375
2023-06-30 16:31:05 [booklist] INFO: VALID_ID: 2577378
2023-06-30 16:31:05 [booklist] INFO: VALID_ID: 2577385
2023-06-30 16:31:05 [booklist] INFO: VALID_ID: 2577420
2023-06-30 16:31:05 [booklist] INFO: VALID_ID: 2577422
2023-06-30 16:31:05 [booklist] INFO: VALID_ID: 2577459
2023-06-30 16:31:05 [booklist] INFO: VALID_ID: 2577485
2023-06-30 16:31:05 [booklist] INFO: VALID_ID: 2577526
2023-06-30 16:31:05 [booklist] INFO: VALID_ID: 2577563
2023-06-30 16:31:05 [booklist] INFO: VALID_ID: 2577567
2023-06-30 16:31:05 [booklist] INFO: VALID_ID: 2577609
2023-06-30 16:31:05 [booklist] INFO: VALID_ID: 2577307
2023-06-30 16:31:05 [booklist] INFO: VALID_ID: 2577376
2023-06-30 16:31:05 [booklist] INFO: VALID_ID: 2577379
2023-06-30 16:31:05 [booklist] INFO: VALID_ID: 2577403
2023-06-30 16:31:05 [booklist] INFO: VALID_ID: 2577404
2023-06-30 16:31:05 [booklist] INFO: VALID_ID: 2577415
2023-06-30 16:31:05 [booklist] INFO: VALID_ID: 2577438
2023-06-30 16:31:05 [booklist] INFO: VALID_ID: 2577484
2023-06-30 16:31:05 [booklist] INFO: VALID_ID: 2577490
2023-06-30 16:31:05 [booklist] INFO: VALID_ID: 2577501
2023-06-30 16:31:05 [booklist] INFO: VALID_ID: 2577508
2023-06-30 16:31:05 [booklist] INFO: VALID_ID: 2577527
2023-06-30 16:31:05 [booklist] INFO: VALID_ID: 2577535
2023-06-30 16:31:05 [booklist] INFO: VALID_ID: 2577538
2023-06-30 16:31:05 [booklist] INFO: VALID_ID: 2577541
2023-06-30 16:31:05 [booklist] INFO: VALID_ID: 2577614
2023-06-30 16:31:05 [booklist] INFO: VALID_ID: 2577630
2023-06-30 16:31:05 [booklist] INFO: VALID_ID: 2577323
2023-06-30 16:31:05 [booklist] INFO: VALID_ID: 2577389
2023-06-30 16:31:05 [booklist] INFO: VALID_ID: 2577393
2023-06-30 16:31:05 [booklist] INFO: VALID_ID: 2577400
2023-06-30 16:31:05 [booklist] INFO: VALID_ID: 2577523
2023-06-30 16:31:05 [booklist] INFO: VALID_ID: 2577540
2023-06-30 16:31:05 [booklist] INFO: VALID_ID: 2577568
2023-06-30 16:31:05 [booklist] INFO: VALID_ID: 2577603
2023-06-30 16:31:05 [booklist] INFO: VALID_ID: 2577628
2023-06-30 16:31:05 [booklist] INFO: VALID_ID: 2577322
2023-06-30 16:31:05 [booklist] INFO: VALID_ID: 2577330
2023-06-30 16:31:05 [booklist] INFO: VALID_ID: 2577345
2023-06-30 16:31:05 [booklist] INFO: VALID_ID: 2577423
2023-06-30 16:31:05 [booklist] INFO: VALID_ID: 2577461
2023-06-30 16:31:05 [booklist] INFO: VALID_ID: 2577467
2023-06-30 16:31:05 [booklist] INFO: VALID_ID: 2577496
2023-06-30 16:31:05 [booklist] INFO: VALID_ID: 2577509
2023-06-30 16:31:05 [booklist] INFO: VALID_ID: 2577514
2023-06-30 16:31:05 [booklist] INFO: VALID_ID: 2577536
2023-06-30 16:31:05 [booklist] INFO: VALID_ID: 2577587
2023-06-30 16:31:05 [booklist] INFO: VALID_ID: 2577601
2023-06-30 16:31:05 [booklist] INFO: VALID_ID: 2577606
2023-06-30 16:31:05 [booklist] INFO: VALID_ID: 2577620
2023-06-30 16:31:05 [booklist] INFO: VALID_ID: 2577621
2023-06-30 16:31:05 [booklist] INFO: VALID_ID: 2577625
2023-06-30 16:31:05 [booklist] INFO: VALID_ID: 2577629
2023-06-30 16:31:05 [booklist] INFO: VALID_ID: 2577325
2023-06-30 16:31:05 [booklist] INFO: VALID_ID: 2577351
2023-06-30 16:31:05 [booklist] INFO: VALID_ID: 2577383
2023-06-30 16:31:05 [booklist] INFO: VALID_ID: 2577441
2023-06-30 16:31:05 [booklist] INFO: VALID_ID: 2577517
2023-06-30 16:31:05 [booklist] INFO: VALID_ID: 2577562
2023-06-30 16:31:05 [booklist] INFO: VALID_ID: 2577610
2023-06-30 16:31:05 [booklist] INFO: VALID_ID: 2577622
2023-06-30 16:31:05 [booklist] INFO: VALID_ID: 2553676
2023-06-30 16:31:05 [booklist] INFO: VALID_ID: 2577352
2023-06-30 16:31:05 [booklist] INFO: VALID_ID: 2577380
2023-06-30 16:31:05 [booklist] INFO: VALID_ID: 2577406
2023-06-30 16:31:05 [booklist] INFO: VALID_ID: 2577417
2023-06-30 16:31:05 [booklist] INFO: VALID_ID: 2577455
2023-06-30 16:31:05 [booklist] INFO: VALID_ID: 2577474
2023-06-30 16:31:05 [booklist] INFO: VALID_ID: 2577498
2023-06-30 16:31:05 [booklist] INFO: VALID_ID: 2577537
2023-06-30 16:31:05 [booklist] INFO: VALID_ID: 2577586
2023-06-30 16:31:05 [booklist] INFO: VALID_ID: 2577600
2023-06-30 16:31:05 [booklist] INFO: VALID_ID: 2577300
2023-06-30 16:31:05 [booklist] INFO: VALID_ID: 2577302
2023-06-30 16:31:05 [booklist] INFO: VALID_ID: 2577310
2023-06-30 16:31:05 [booklist] INFO: VALID_ID: 2577313
2023-06-30 16:31:05 [booklist] INFO: VALID_ID: 2577353
2023-06-30 16:31:05 [booklist] INFO: VALID_ID: 2577354
2023-06-30 16:31:07 [scrapy.core.engine] DEBUG: Crawled (200) <POST https://dl.ndl.go.jp/api/item/search> (referer: https://dl.ndl.go.jp/api/item/search)
2023-06-30 16:31:07 [booklist] INFO: Fetched page 6
2023-06-30 16:31:08 [booklist] INFO: VALID_ID: 2577498
2023-06-30 16:31:08 [booklist] INFO: VALID_ID: 2577537
2023-06-30 16:31:08 [booklist] INFO: VALID_ID: 2577586
2023-06-30 16:31:08 [booklist] INFO: VALID_ID: 2577600
2023-06-30 16:31:08 [booklist] INFO: VALID_ID: 2577300
2023-06-30 16:31:08 [booklist] INFO: VALID_ID: 2577302
2023-06-30 16:31:08 [booklist] INFO: VALID_ID: 2577310
2023-06-30 16:31:08 [booklist] INFO: VALID_ID: 2577313
2023-06-30 16:31:08 [booklist] INFO: VALID_ID: 2577353
2023-06-30 16:31:08 [booklist] INFO: VALID_ID: 2577354
2023-06-30 16:31:08 [booklist] INFO: VALID_ID: 2577365
2023-06-30 16:31:08 [booklist] INFO: VALID_ID: 2577377
2023-06-30 16:31:08 [booklist] INFO: VALID_ID: 2577394
2023-06-30 16:31:08 [booklist] INFO: VALID_ID: 2577421
2023-06-30 16:31:08 [booklist] INFO: VALID_ID: 2577426
2023-06-30 16:31:08 [booklist] INFO: VALID_ID: 2577449
2023-06-30 16:31:08 [booklist] INFO: VALID_ID: 2577466
2023-06-30 16:31:08 [booklist] INFO: VALID_ID: 2577505
2023-06-30 16:31:08 [booklist] INFO: VALID_ID: 2577531
2023-06-30 16:31:08 [booklist] INFO: VALID_ID: 2577533
2023-06-30 16:31:08 [booklist] INFO: VALID_ID: 2577566
2023-06-30 16:31:08 [booklist] INFO: VALID_ID: 2577579
2023-06-30 16:31:08 [booklist] INFO: VALID_ID: 2577293
2023-06-30 16:31:08 [booklist] INFO: VALID_ID: 2577316
2023-06-30 16:31:08 [booklist] INFO: VALID_ID: 2577320
2023-06-30 16:31:08 [booklist] INFO: VALID_ID: 2577331
2023-06-30 16:31:08 [booklist] INFO: VALID_ID: 2577337
2023-06-30 16:31:08 [booklist] INFO: VALID_ID: 2577434
2023-06-30 16:31:08 [booklist] INFO: VALID_ID: 2577435
2023-06-30 16:31:08 [booklist] INFO: VALID_ID: 2577478
2023-06-30 16:31:08 [booklist] INFO: VALID_ID: 2577513
2023-06-30 16:31:08 [booklist] INFO: VALID_ID: 2577602
2023-06-30 16:31:08 [booklist] INFO: VALID_ID: 2577607
2023-06-30 16:31:08 [booklist] INFO: VALID_ID: 2559265
2023-06-30 16:31:08 [booklist] INFO: VALID_ID: 2609334
2023-06-30 16:31:08 [booklist] INFO: VALID_ID: 2577299
2023-06-30 16:31:08 [booklist] INFO: VALID_ID: 2577336
2023-06-30 16:31:08 [booklist] INFO: VALID_ID: 2577363
2023-06-30 16:31:08 [booklist] INFO: VALID_ID: 2577384
2023-06-30 16:31:08 [booklist] INFO: VALID_ID: 2577409
2023-06-30 16:31:08 [booklist] INFO: VALID_ID: 2577443
2023-06-30 16:31:08 [booklist] INFO: VALID_ID: 2577445
2023-06-30 16:31:08 [booklist] INFO: VALID_ID: 2577447
2023-06-30 16:31:08 [booklist] INFO: VALID_ID: 2577450
2023-06-30 16:31:08 [booklist] INFO: VALID_ID: 2577529
2023-06-30 16:31:08 [booklist] INFO: VALID_ID: 2577565
2023-06-30 16:31:08 [booklist] INFO: VALID_ID: 2577613
2023-06-30 16:31:08 [booklist] INFO: VALID_ID: 2577303
2023-06-30 16:31:08 [booklist] INFO: VALID_ID: 2577317
2023-06-30 16:31:08 [booklist] INFO: VALID_ID: 2577346
2023-06-30 16:31:08 [booklist] INFO: VALID_ID: 2577367
2023-06-30 16:31:08 [booklist] INFO: VALID_ID: 2577387
2023-06-30 16:31:08 [booklist] INFO: VALID_ID: 2577425
2023-06-30 16:31:08 [booklist] INFO: VALID_ID: 2577440
2023-06-30 16:31:08 [booklist] INFO: VALID_ID: 2577471
2023-06-30 16:31:08 [booklist] INFO: VALID_ID: 2577598
2023-06-30 16:31:08 [booklist] INFO: VALID_ID: 2553676
2023-06-30 16:31:08 [booklist] INFO: VALID_ID: 2580074
2023-06-30 16:31:08 [booklist] INFO: VALID_ID: 2580079
2023-06-30 16:31:08 [booklist] INFO: VALID_ID: 2596174
2023-06-30 16:31:08 [booklist] INFO: VALID_ID: 2610411
2023-06-30 16:31:08 [booklist] INFO: VALID_ID: 2580080
2023-06-30 16:31:08 [booklist] INFO: VALID_ID: 2548612
2023-06-30 16:31:08 [booklist] INFO: VALID_ID: 2580060
2023-06-30 16:31:08 [booklist] INFO: VALID_ID: 2580075
2023-06-30 16:31:08 [booklist] INFO: VALID_ID: 2580071
2023-06-30 16:31:08 [booklist] INFO: VALID_ID: 2580077
2023-06-30 16:31:08 [booklist] INFO: VALID_ID: 2580072
2023-06-30 16:31:08 [booklist] INFO: VALID_ID: 2580062
2023-06-30 16:31:08 [booklist] INFO: VALID_ID: 2580063
2023-06-30 16:31:08 [booklist] INFO: VALID_ID: 2580066
2023-06-30 16:31:08 [booklist] INFO: VALID_ID: 2580067
2023-06-30 16:31:08 [booklist] INFO: VALID_ID: 2580064
2023-06-30 16:31:08 [booklist] INFO: VALID_ID: 2610454
2023-06-30 16:31:08 [booklist] INFO: VALID_ID: 2589180
2023-06-30 16:31:08 [booklist] INFO: VALID_ID: 2576269
2023-06-30 16:31:08 [booklist] INFO: VALID_ID: 2580068
2023-06-30 16:31:08 [booklist] INFO: VALID_ID: 2580078
2023-06-30 16:31:08 [booklist] INFO: VALID_ID: 2543451
2023-06-30 16:31:08 [booklist] INFO: VALID_ID: 2580065
2023-06-30 16:31:08 [booklist] INFO: VALID_ID: 2580069
2023-06-30 16:31:08 [booklist] INFO: VALID_ID: 2580070
2023-06-30 16:31:08 [booklist] INFO: VALID_ID: 2580082
2023-06-30 16:31:08 [booklist] INFO: VALID_ID: 2580061
2023-06-30 16:31:08 [booklist] INFO: VALID_ID: 2580073
2023-06-30 16:31:08 [booklist] INFO: VALID_ID: 2543453
2023-06-30 16:31:08 [booklist] INFO: VALID_ID: 2543447
2023-06-30 16:31:08 [booklist] INFO: VALID_ID: 2543454
2023-06-30 16:31:08 [booklist] INFO: VALID_ID: 2580076
2023-06-30 16:31:08 [booklist] INFO: VALID_ID: 2587116
2023-06-30 16:31:08 [booklist] INFO: VALID_ID: 2543446
2023-06-30 16:31:08 [booklist] INFO: VALID_ID: 2543449
2023-06-30 16:31:08 [booklist] INFO: VALID_ID: 2543448
2023-06-30 16:31:08 [booklist] INFO: VALID_ID: 2576270
2023-06-30 16:31:08 [booklist] INFO: VALID_ID: 2580081
2023-06-30 16:31:08 [booklist] INFO: VALID_ID: 2580083
2023-06-30 16:31:08 [booklist] INFO: VALID_ID: 2543450
2023-06-30 16:31:08 [booklist] INFO: VALID_ID: 2548773
2023-06-30 16:31:08 [booklist] INFO: VALID_ID: 2605978
2023-06-30 16:31:08 [booklist] INFO: VALID_ID: 2543445
2023-06-30 16:31:09 [scrapy.core.engine] DEBUG: Crawled (200) <POST https://dl.ndl.go.jp/api/item/search> (referer: https://dl.ndl.go.jp/api/item/search)
2023-06-30 16:31:09 [booklist] INFO: Fetched page 7
2023-06-30 16:31:10 [booklist] INFO: VALID_ID: 2562034
2023-06-30 16:31:10 [booklist] INFO: VALID_ID: 2588980
2023-06-30 16:31:10 [booklist] INFO: VALID_ID: 2550294
2023-06-30 16:31:10 [booklist] INFO: VALID_ID: 2543452
2023-06-30 16:31:10 [booklist] INFO: VALID_ID: 2576217
2023-06-30 16:31:10 [booklist] INFO: VALID_ID: 2587216
2023-06-30 16:31:10 [booklist] INFO: VALID_ID: 10301354
2023-06-30 16:31:10 [booklist] INFO: VALID_ID: 2550561
2023-06-30 16:31:10 [booklist] INFO: VALID_ID: 2562035
2023-06-30 16:31:10 [booklist] INFO: VALID_ID: 2587507
2023-06-30 16:31:10 [booklist] INFO: VALID_ID: 2587387
2023-06-30 16:31:10 [booklist] INFO: VALID_ID: 2559161
2023-06-30 16:31:10 [booklist] INFO: VALID_ID: 11446436
2023-06-30 16:31:10 [booklist] INFO: VALID_ID: 11446536
2023-06-30 16:31:10 [booklist] INFO: VALID_ID: 11446636
2023-06-30 16:31:10 [booklist] INFO: VALID_ID: 2572525
2023-06-30 16:31:10 [booklist] INFO: VALID_ID: 2549219
2023-06-30 16:31:10 [booklist] INFO: VALID_ID: 2550360
2023-06-30 16:31:10 [booklist] INFO: VALID_ID: 10301446
2023-06-30 16:31:10 [booklist] INFO: VALID_ID: 2608598
2023-06-30 16:31:10 [booklist] INFO: VALID_ID: 2549096
2023-06-30 16:31:10 [booklist] INFO: VALID_ID: 2575635
2023-06-30 16:31:10 [booklist] INFO: VALID_ID: 2575631
2023-06-30 16:31:10 [booklist] INFO: VALID_ID: 2575633
2023-06-30 16:31:10 [booklist] INFO: VALID_ID: 2575616
2023-06-30 16:31:10 [booklist] INFO: VALID_ID: 2578800
2023-06-30 16:31:10 [booklist] INFO: VALID_ID: 2578821
2023-06-30 16:31:10 [booklist] INFO: VALID_ID: 2575617
2023-06-30 16:31:10 [booklist] INFO: VALID_ID: 2575608
2023-06-30 16:31:10 [booklist] INFO: VALID_ID: 2578813
2023-06-30 16:31:10 [booklist] INFO: VALID_ID: 2575615
2023-06-30 16:31:10 [booklist] INFO: VALID_ID: 2575624
2023-06-30 16:31:10 [booklist] INFO: VALID_ID: 2575604
2023-06-30 16:31:10 [booklist] INFO: VALID_ID: 2575607
2023-06-30 16:31:10 [booklist] INFO: VALID_ID: 2575625
2023-06-30 16:31:10 [booklist] INFO: VALID_ID: 2578834
2023-06-30 16:31:10 [booklist] INFO: VALID_ID: 2578824
2023-06-30 16:31:10 [booklist] INFO: VALID_ID: 2578827
2023-06-30 16:31:10 [booklist] INFO: VALID_ID: 2575618
2023-06-30 16:31:10 [booklist] INFO: VALID_ID: 2575639
2023-06-30 16:31:10 [booklist] INFO: VALID_ID: 2578815
2023-06-30 16:31:10 [booklist] INFO: VALID_ID: 2578831
2023-06-30 16:31:10 [booklist] INFO: VALID_ID: 2578838
2023-06-30 16:31:10 [booklist] INFO: VALID_ID: 2578802
2023-06-30 16:31:10 [booklist] INFO: VALID_ID: 2578837
2023-06-30 16:31:10 [booklist] INFO: VALID_ID: 2578806
2023-06-30 16:31:10 [booklist] INFO: VALID_ID: 2578825
2023-06-30 16:31:10 [booklist] INFO: VALID_ID: 2578836
2023-06-30 16:31:10 [booklist] INFO: VALID_ID: 2575613
2023-06-30 16:31:10 [booklist] INFO: VALID_ID: 2575614
2023-06-30 16:31:10 [booklist] INFO: VALID_ID: 2575609
2023-06-30 16:31:10 [booklist] INFO: VALID_ID: 2575628
2023-06-30 16:31:10 [booklist] INFO: VALID_ID: 2578810
2023-06-30 16:31:10 [booklist] INFO: VALID_ID: 2578818
2023-06-30 16:31:10 [booklist] INFO: VALID_ID: 2575619
2023-06-30 16:31:10 [booklist] INFO: VALID_ID: 2575627
2023-06-30 16:31:10 [booklist] INFO: VALID_ID: 2575638
2023-06-30 16:31:10 [booklist] INFO: VALID_ID: 2610531
2023-06-30 16:31:10 [booklist] INFO: VALID_ID: 2575606
2023-06-30 16:31:10 [booklist] INFO: VALID_ID: 2575610
2023-06-30 16:31:10 [booklist] INFO: VALID_ID: 2575626
2023-06-30 16:31:10 [booklist] INFO: VALID_ID: 2578808
2023-06-30 16:31:10 [booklist] INFO: VALID_ID: 2578809
2023-06-30 16:31:10 [booklist] INFO: VALID_ID: 2578811
2023-06-30 16:31:10 [booklist] INFO: VALID_ID: 2578828
2023-06-30 16:31:10 [booklist] INFO: VALID_ID: 2578830
2023-06-30 16:31:10 [booklist] INFO: VALID_ID: 2575623
2023-06-30 16:31:10 [booklist] INFO: VALID_ID: 2578820
2023-06-30 16:31:10 [booklist] INFO: VALID_ID: 2575620
2023-06-30 16:31:10 [booklist] INFO: VALID_ID: 2575621
2023-06-30 16:31:10 [booklist] INFO: VALID_ID: 2578796
2023-06-30 16:31:10 [booklist] INFO: VALID_ID: 2578829
2023-06-30 16:31:10 [booklist] INFO: VALID_ID: 2596226
2023-06-30 16:31:10 [booklist] INFO: VALID_ID: 2575603
2023-06-30 16:31:10 [booklist] INFO: VALID_ID: 2575636
2023-06-30 16:31:10 [booklist] INFO: VALID_ID: 2578807
2023-06-30 16:31:10 [booklist] INFO: VALID_ID: 2578841
2023-06-30 16:31:10 [booklist] INFO: VALID_ID: 2578795
2023-06-30 16:31:10 [booklist] INFO: VALID_ID: 2556418
2023-06-30 16:31:10 [booklist] INFO: VALID_ID: 2556436
2023-06-30 16:31:10 [booklist] INFO: VALID_ID: 2578797
2023-06-30 16:31:10 [booklist] INFO: VALID_ID: 2578801
2023-06-30 16:31:10 [booklist] INFO: VALID_ID: 2575611
2023-06-30 16:31:10 [booklist] INFO: VALID_ID: 2575622
2023-06-30 16:31:10 [booklist] INFO: VALID_ID: 2578793
2023-06-30 16:31:10 [booklist] INFO: VALID_ID: 2578833
2023-06-30 16:31:10 [booklist] INFO: VALID_ID: 2556414
2023-06-30 16:31:10 [booklist] INFO: VALID_ID: 2556419
2023-06-30 16:31:10 [booklist] INFO: VALID_ID: 2556420
2023-06-30 16:31:10 [booklist] INFO: VALID_ID: 2578816
2023-06-30 16:31:10 [booklist] INFO: VALID_ID: 2578832
2023-06-30 16:31:10 [booklist] INFO: VALID_ID: 2578839
2023-06-30 16:31:10 [booklist] INFO: VALID_ID: 2575605
2023-06-30 16:31:10 [booklist] INFO: VALID_ID: 2575697
2023-06-30 16:31:10 [booklist] INFO: VALID_ID: 2575720
2023-06-30 16:31:10 [booklist] INFO: VALID_ID: 2556411
2023-06-30 16:31:10 [booklist] INFO: VALID_ID: 2575632
2023-06-30 16:31:10 [booklist] INFO: VALID_ID: 2575637
2023-06-30 16:31:10 [booklist] INFO: VALID_ID: 2556424
2023-06-30 16:31:10 [booklist] INFO: VALID_ID: 2556409
2023-06-30 16:31:11 [scrapy.core.engine] DEBUG: Crawled (200) <POST https://dl.ndl.go.jp/api/item/search> (referer: https://dl.ndl.go.jp/api/item/search)
2023-06-30 16:31:11 [booklist] INFO: Fetched page 8
2023-06-30 16:31:12 [booklist] INFO: VALID_ID: 2575637
2023-06-30 16:31:12 [booklist] INFO: VALID_ID: 2556431
2023-06-30 16:31:12 [booklist] INFO: VALID_ID: 2578798
2023-06-30 16:31:12 [booklist] INFO: VALID_ID: 2578805
2023-06-30 16:31:12 [booklist] INFO: VALID_ID: 2578835
2023-06-30 16:31:12 [booklist] INFO: VALID_ID: 2556429
2023-06-30 16:31:12 [booklist] INFO: VALID_ID: 2556438
2023-06-30 16:31:12 [booklist] INFO: VALID_ID: 2578799
2023-06-30 16:31:12 [booklist] INFO: VALID_ID: 2578817
2023-06-30 16:31:12 [booklist] INFO: VALID_ID: 2575612
2023-06-30 16:31:12 [booklist] INFO: VALID_ID: 2575629
2023-06-30 16:31:12 [booklist] INFO: VALID_ID: 2575634
2023-06-30 16:31:12 [booklist] INFO: VALID_ID: 2575623
2023-06-30 16:31:12 [booklist] INFO: VALID_ID: 2578812
2023-06-30 16:31:12 [booklist] INFO: VALID_ID: 2578819
2023-06-30 16:31:12 [booklist] INFO: VALID_ID: 2578823
2023-06-30 16:31:12 [booklist] INFO: VALID_ID: 2556414
2023-06-30 16:31:12 [booklist] INFO: VALID_ID: 2610906
2023-06-30 16:31:12 [booklist] INFO: VALID_ID: 2578804
2023-06-30 16:31:12 [booklist] INFO: VALID_ID: 2605210
2023-06-30 16:31:12 [booklist] INFO: VALID_ID: 2556426
2023-06-30 16:31:12 [booklist] INFO: VALID_ID: 2610314
2023-06-30 16:31:12 [booklist] INFO: VALID_ID: 2575714
2023-06-30 16:31:12 [booklist] INFO: VALID_ID: 2575724
2023-06-30 16:31:12 [booklist] INFO: VALID_ID: 2575697
2023-06-30 16:31:12 [booklist] INFO: VALID_ID: 2575720
2023-06-30 16:31:12 [booklist] INFO: VALID_ID: 2578842
2023-06-30 16:31:12 [booklist] INFO: VALID_ID: 2556408
2023-06-30 16:31:12 [booklist] INFO: VALID_ID: 2556437
2023-06-30 16:31:12 [booklist] INFO: VALID_ID: 2575727
2023-06-30 16:31:12 [booklist] INFO: VALID_ID: 2556412
2023-06-30 16:31:12 [booklist] INFO: VALID_ID: 2556462
2023-06-30 16:31:12 [booklist] INFO: VALID_ID: 2556465
2023-06-30 16:31:12 [booklist] INFO: VALID_ID: 2575609
2023-06-30 16:31:12 [booklist] INFO: VALID_ID: 2578822
2023-06-30 16:31:12 [booklist] INFO: VALID_ID: 2578826
2023-06-30 16:31:12 [booklist] INFO: VALID_ID: 2556416
2023-06-30 16:31:12 [booklist] INFO: VALID_ID: 2556425
2023-06-30 16:31:12 [booklist] INFO: VALID_ID: 2556467
2023-06-30 16:31:12 [booklist] INFO: VALID_ID: 2575698
2023-06-30 16:31:12 [booklist] INFO: VALID_ID: 2578795
2023-06-30 16:31:12 [booklist] INFO: VALID_ID: 2556424
2023-06-30 16:31:12 [booklist] INFO: VALID_ID: 2556430
2023-06-30 16:31:12 [booklist] INFO: VALID_ID: 2575691
2023-06-30 16:31:12 [booklist] INFO: VALID_ID: 2556415
2023-06-30 16:31:12 [booklist] INFO: VALID_ID: 2556421
2023-06-30 16:31:12 [booklist] INFO: VALID_ID: 2556441
2023-06-30 16:31:12 [booklist] INFO: VALID_ID: 2556447
2023-06-30 16:31:12 [booklist] INFO: VALID_ID: 2556454
2023-06-30 16:31:12 [booklist] INFO: VALID_ID: 2556455
2023-06-30 16:31:12 [booklist] INFO: VALID_ID: 2556474
2023-06-30 16:31:12 [booklist] INFO: VALID_ID: 2575630
2023-06-30 16:31:12 [booklist] INFO: VALID_ID: 2556435
2023-06-30 16:31:12 [booklist] INFO: VALID_ID: 2556453
2023-06-30 16:31:12 [booklist] INFO: VALID_ID: 2556470
2023-06-30 16:31:12 [booklist] INFO: VALID_ID: 2556452
2023-06-30 16:31:12 [booklist] INFO: VALID_ID: 2556443
2023-06-30 16:31:12 [booklist] INFO: VALID_ID: 2575708
2023-06-30 16:31:12 [booklist] INFO: VALID_ID: 2575712
2023-06-30 16:31:12 [booklist] INFO: VALID_ID: 2578794
2023-06-30 16:31:12 [booklist] INFO: VALID_ID: 2578803
2023-06-30 16:31:12 [booklist] INFO: VALID_ID: 2578814
2023-06-30 16:31:12 [booklist] INFO: VALID_ID: 2578840
2023-06-30 16:31:12 [booklist] INFO: VALID_ID: 2556440
2023-06-30 16:31:12 [booklist] INFO: VALID_ID: 2575692
2023-06-30 16:31:12 [booklist] INFO: VALID_ID: 2575726
2023-06-30 16:31:12 [booklist] INFO: VALID_ID: 2575694
2023-06-30 16:31:12 [booklist] INFO: VALID_ID: 2556445
2023-06-30 16:31:12 [booklist] INFO: VALID_ID: 2556434
2023-06-30 16:31:12 [booklist] INFO: VALID_ID: 2556417
2023-06-30 16:31:12 [booklist] INFO: VALID_ID: 2605438
2023-06-30 16:31:12 [booklist] INFO: VALID_ID: 2556442
2023-06-30 16:31:12 [booklist] INFO: VALID_ID: 2575707
2023-06-30 16:31:12 [booklist] INFO: VALID_ID: 2575699
2023-06-30 16:31:12 [booklist] INFO: VALID_ID: 2575710
2023-06-30 16:31:12 [booklist] INFO: VALID_ID: 2556461
2023-06-30 16:31:12 [booklist] INFO: VALID_ID: 2556456
2023-06-30 16:31:12 [booklist] INFO: VALID_ID: 2575716
2023-06-30 16:31:12 [booklist] INFO: VALID_ID: 2556472
2023-06-30 16:31:12 [booklist] INFO: VALID_ID: 2556433
2023-06-30 16:31:12 [booklist] INFO: VALID_ID: 2556432
2023-06-30 16:31:12 [booklist] INFO: VALID_ID: 2556450
2023-06-30 16:31:12 [booklist] INFO: VALID_ID: 2609861
2023-06-30 16:31:12 [booklist] INFO: VALID_ID: 2556413
2023-06-30 16:31:12 [booklist] INFO: VALID_ID: 2556427
2023-06-30 16:31:12 [booklist] INFO: VALID_ID: 2575701
2023-06-30 16:31:12 [booklist] INFO: VALID_ID: 2575711
2023-06-30 16:31:12 [booklist] INFO: VALID_ID: 2556460
2023-06-30 16:31:12 [booklist] INFO: VALID_ID: 2556463
2023-06-30 16:31:12 [booklist] INFO: VALID_ID: 2550183
2023-06-30 16:31:12 [booklist] INFO: VALID_ID: 2556459
2023-06-30 16:31:12 [booklist] INFO: VALID_ID: 2575715
2023-06-30 16:31:12 [booklist] INFO: VALID_ID: 2575719
2023-06-30 16:31:12 [booklist] INFO: VALID_ID: 2575721
2023-06-30 16:31:12 [booklist] INFO: VALID_ID: 2575722
2023-06-30 16:31:12 [booklist] INFO: VALID_ID: 2556475
2023-06-30 16:31:12 [booklist] INFO: VALID_ID: 2556464
2023-06-30 16:31:12 [booklist] INFO: VALID_ID: 2556468
2023-06-30 16:31:12 [booklist] INFO: VALID_ID: 2556448
2023-06-30 16:31:12 [booklist] INFO: VALID_ID: 2556451
2023-06-30 16:31:13 [scrapy.core.engine] DEBUG: Crawled (200) <POST https://dl.ndl.go.jp/api/item/search> (referer: https://dl.ndl.go.jp/api/item/search)
2023-06-30 16:31:13 [booklist] INFO: Fetched page 9
2023-06-30 16:31:13 [booklist] INFO: VALID_ID: 2556459
2023-06-30 16:31:13 [booklist] INFO: VALID_ID: 2575715
2023-06-30 16:31:13 [booklist] INFO: VALID_ID: 2575719
2023-06-30 16:31:13 [booklist] INFO: VALID_ID: 2575721
2023-06-30 16:31:13 [booklist] INFO: VALID_ID: 2575722
2023-06-30 16:31:13 [booklist] INFO: VALID_ID: 2556475
2023-06-30 16:31:13 [booklist] INFO: VALID_ID: 2556464
2023-06-30 16:31:13 [booklist] INFO: VALID_ID: 2556468
2023-06-30 16:31:13 [booklist] INFO: VALID_ID: 2556448
2023-06-30 16:31:13 [booklist] INFO: VALID_ID: 2556451
2023-06-30 16:31:13 [booklist] INFO: VALID_ID: 2575723
2023-06-30 16:31:13 [booklist] INFO: VALID_ID: 2575690
2023-06-30 16:31:13 [booklist] INFO: VALID_ID: 2575704
2023-06-30 16:31:13 [booklist] INFO: VALID_ID: 2556473
2023-06-30 16:31:13 [booklist] INFO: VALID_ID: 2575691
2023-06-30 16:31:13 [booklist] INFO: VALID_ID: 2556444
2023-06-30 16:31:13 [booklist] INFO: VALID_ID: 2575702
2023-06-30 16:31:13 [booklist] INFO: VALID_ID: 2556458
2023-06-30 16:31:13 [booklist] INFO: VALID_ID: 2575717
2023-06-30 16:31:13 [booklist] INFO: VALID_ID: 2549095
2023-06-30 16:31:13 [booklist] INFO: VALID_ID: 2556446
2023-06-30 16:31:13 [booklist] INFO: VALID_ID: 2556466
2023-06-30 16:31:13 [booklist] INFO: VALID_ID: 2575693
2023-06-30 16:31:13 [booklist] INFO: VALID_ID: 2575713
2023-06-30 16:31:13 [booklist] INFO: VALID_ID: 2556476
2023-06-30 16:31:13 [booklist] INFO: VALID_ID: 2559211
2023-06-30 16:31:13 [booklist] INFO: VALID_ID: 2583712
2023-06-30 16:31:13 [booklist] INFO: VALID_ID: 2609559
2023-06-30 16:31:13 [booklist] INFO: VALID_ID: 2576999
2023-06-30 16:31:13 [booklist] INFO: VALID_ID: 2556542
2023-06-30 16:31:13 [booklist] INFO: VALID_ID: 10303658
2023-06-30 16:31:13 [booklist] INFO: VALID_ID: 2556548
2023-06-30 16:31:13 [booklist] INFO: VALID_ID: 2556559
2023-06-30 16:31:13 [booklist] INFO: VALID_ID: 2556563
2023-06-30 16:31:13 [booklist] INFO: VALID_ID: 2605622
2023-06-30 16:31:13 [booklist] INFO: VALID_ID: 2556540
2023-06-30 16:31:13 [booklist] INFO: VALID_ID: 2556555
2023-06-30 16:31:13 [booklist] INFO: VALID_ID: 2556561
2023-06-30 16:31:13 [booklist] INFO: VALID_ID: 2556566
2023-06-30 16:31:13 [booklist] INFO: VALID_ID: 2556528
2023-06-30 16:31:13 [booklist] INFO: VALID_ID: 2556537
2023-06-30 16:31:13 [booklist] INFO: VALID_ID: 2556546
2023-06-30 16:31:13 [booklist] INFO: VALID_ID: 2556534
2023-06-30 16:31:13 [booklist] INFO: VALID_ID: 2556531
2023-06-30 16:31:13 [booklist] INFO: VALID_ID: 2556533
2023-06-30 16:31:13 [booklist] INFO: VALID_ID: 2556545
2023-06-30 16:31:13 [booklist] INFO: VALID_ID: 2556564
2023-06-30 16:31:13 [booklist] INFO: VALID_ID: 2556530
2023-06-30 16:31:13 [booklist] INFO: VALID_ID: 2556535
2023-06-30 16:31:13 [booklist] INFO: VALID_ID: 2556527
2023-06-30 16:31:13 [booklist] INFO: VALID_ID: 2556552
2023-06-30 16:31:13 [booklist] INFO: VALID_ID: 2556532
2023-06-30 16:31:13 [booklist] INFO: VALID_ID: 2556554
2023-06-30 16:31:13 [booklist] INFO: VALID_ID: 2556556
2023-06-30 16:31:13 [booklist] INFO: VALID_ID: 2556557
2023-06-30 16:31:13 [booklist] INFO: VALID_ID: 2556565
2023-06-30 16:31:13 [booklist] INFO: VALID_ID: 2556529
2023-06-30 16:31:13 [booklist] INFO: VALID_ID: 2556544
2023-06-30 16:31:13 [booklist] INFO: VALID_ID: 2556550
2023-06-30 16:31:13 [booklist] INFO: VALID_ID: 11038730
2023-06-30 16:31:13 [booklist] INFO: VALID_ID: 2583443
2023-06-30 16:31:13 [booklist] INFO: VALID_ID: 2572626
2023-06-30 16:31:13 [booklist] INFO: VALID_ID: 2556543
2023-06-30 16:31:13 [booklist] INFO: VALID_ID: 2536154
2023-06-30 16:31:13 [booklist] INFO: VALID_ID: 2556536
2023-06-30 16:31:13 [booklist] INFO: VALID_ID: 2556547
2023-06-30 16:31:13 [booklist] INFO: VALID_ID: 2556541
2023-06-30 16:31:13 [booklist] INFO: VALID_ID: 2556539
2023-06-30 16:31:13 [booklist] INFO: VALID_ID: 2556553
2023-06-30 16:31:13 [booklist] INFO: VALID_ID: 2556558
2023-06-30 16:31:13 [booklist] INFO: VALID_ID: 2556549
2023-06-30 16:31:13 [booklist] INFO: VALID_ID: 2556560
2023-06-30 16:31:13 [booklist] INFO: VALID_ID: 2556562
2023-06-30 16:31:13 [booklist] INFO: VALID_ID: 2556538
2023-06-30 16:31:13 [booklist] INFO: VALID_ID: 2556551
2023-06-30 16:31:13 [booklist] INFO: VALID_ID: 2573745
2023-06-30 16:31:13 [booklist] INFO: VALID_ID: 11223331
2023-06-30 16:31:13 [booklist] INFO: VALID_ID: 2547540
2023-06-30 16:31:13 [booklist] INFO: VALID_ID: 10303605
2023-06-30 16:31:13 [booklist] INFO: VALID_ID: 10303436
2023-06-30 16:31:13 [booklist] INFO: VALID_ID: 2570808
2023-06-30 16:31:13 [booklist] INFO: VALID_ID: 2605032
2023-06-30 16:31:13 [booklist] INFO: VALID_ID: 2573744
2023-06-30 16:31:13 [booklist] INFO: VALID_ID: 2558929
2023-06-30 16:31:13 [booklist] INFO: VALID_ID: 2575204
2023-06-30 16:31:13 [booklist] INFO: VALID_ID: 2585989
2023-06-30 16:31:13 [booklist] INFO: VALID_ID: 2538481
2023-06-30 16:31:13 [booklist] INFO: VALID_ID: 11038671
2023-06-30 16:31:13 [booklist] INFO: VALID_ID: 2591230
2023-06-30 16:31:13 [booklist] INFO: VALID_ID: 2585618
2023-06-30 16:31:13 [booklist] INFO: VALID_ID: 2570834
2023-06-30 16:31:13 [booklist] INFO: VALID_ID: 2582796
2023-06-30 16:31:13 [booklist] INFO: VALID_ID: 8943058
2023-06-30 16:31:13 [booklist] INFO: VALID_ID: 2590951
2023-06-30 16:31:13 [booklist] INFO: VALID_ID: 10303590
2023-06-30 16:31:13 [booklist] INFO: VALID_ID: 2555355
2023-06-30 16:31:13 [booklist] INFO: VALID_ID: 11038792
2023-06-30 16:31:13 [booklist] INFO: VALID_ID: 2558940
2023-06-30 16:31:13 [booklist] INFO: VALID_ID: 11892568
2023-06-30 16:31:13 [booklist] INFO: VALID_ID: 2537852
2023-06-30 16:31:15 [scrapy.core.engine] DEBUG: Crawled (200) <POST https://dl.ndl.go.jp/api/item/search> (referer: https://dl.ndl.go.jp/api/item/search)
2023-06-30 16:31:15 [booklist] INFO: Fetched page 10
2023-06-30 16:31:15 [booklist] INFO: VALID_ID: 11892791
2023-06-30 16:31:15 [booklist] INFO: VALID_ID: 2558935
2023-06-30 16:31:15 [booklist] INFO: VALID_ID: 2556319
2023-06-30 16:31:15 [booklist] INFO: VALID_ID: 10303435
2023-06-30 16:31:15 [booklist] INFO: VALID_ID: 2556295
2023-06-30 16:31:15 [booklist] INFO: VALID_ID: 10303809
2023-06-30 16:31:15 [booklist] INFO: VALID_ID: 2556313
2023-06-30 16:31:15 [booklist] INFO: VALID_ID: 2558929
2023-06-30 16:31:15 [booklist] INFO: VALID_ID: 2573742
2023-06-30 16:31:15 [booklist] INFO: VALID_ID: 2556292
2023-06-30 16:31:15 [booklist] INFO: VALID_ID: 2558932
2023-06-30 16:31:15 [booklist] INFO: VALID_ID: 2556298
2023-06-30 16:31:15 [booklist] INFO: VALID_ID: 2556288
2023-06-30 16:31:15 [booklist] INFO: VALID_ID: 2556294
2023-06-30 16:31:15 [booklist] INFO: VALID_ID: 2556315
2023-06-30 16:31:15 [booklist] INFO: VALID_ID: 10304017
2023-06-30 16:31:15 [booklist] INFO: VALID_ID: 2556299
2023-06-30 16:31:15 [booklist] INFO: VALID_ID: 2556301
2023-06-30 16:31:15 [booklist] INFO: VALID_ID: 2556312
2023-06-30 16:31:15 [booklist] INFO: VALID_ID: 2556297
2023-06-30 16:31:15 [booklist] INFO: VALID_ID: 2605930
2023-06-30 16:31:15 [booklist] INFO: VALID_ID: 2556289
2023-06-30 16:31:15 [booklist] INFO: VALID_ID: 2556291
2023-06-30 16:31:15 [booklist] INFO: VALID_ID: 2556293
2023-06-30 16:31:15 [booklist] INFO: VALID_ID: 2556305
2023-06-30 16:31:15 [booklist] INFO: VALID_ID: 2538410
2023-06-30 16:31:15 [booklist] INFO: VALID_ID: 2601440
2023-06-30 16:31:15 [booklist] INFO: VALID_ID: 2556290
2023-06-30 16:31:15 [booklist] INFO: VALID_ID: 2556306
2023-06-30 16:31:15 [booklist] INFO: VALID_ID: 2556309
2023-06-30 16:31:15 [booklist] INFO: VALID_ID: 2556317
2023-06-30 16:31:15 [booklist] INFO: VALID_ID: 2556318
2023-06-30 16:31:15 [booklist] INFO: VALID_ID: 2556303
2023-06-30 16:31:15 [booklist] INFO: VALID_ID: 2556304
2023-06-30 16:31:15 [booklist] INFO: VALID_ID: 2556302
2023-06-30 16:31:15 [booklist] INFO: VALID_ID: 2556320
2023-06-30 16:31:15 [booklist] INFO: VALID_ID: 12865540
2023-06-30 16:31:15 [booklist] INFO: VALID_ID: 2556300
2023-06-30 16:31:15 [booklist] INFO: VALID_ID: 2556321
2023-06-30 16:31:15 [booklist] INFO: VALID_ID: 2538368
2023-06-30 16:31:15 [booklist] INFO: VALID_ID: 2607002
2023-06-30 16:31:15 [booklist] INFO: VALID_ID: 2556286
2023-06-30 16:31:15 [booklist] INFO: VALID_ID: 2556296
2023-06-30 16:31:15 [booklist] INFO: VALID_ID: 2556308
2023-06-30 16:31:15 [booklist] INFO: VALID_ID: 2556314
2023-06-30 16:31:15 [booklist] INFO: VALID_ID: 2556307
2023-06-30 16:31:15 [booklist] INFO: VALID_ID: 2558941
2023-06-30 16:31:15 [booklist] INFO: VALID_ID: 2556310
2023-06-30 16:31:15 [booklist] INFO: VALID_ID: 2556311
2023-06-30 16:31:15 [booklist] INFO: VALID_ID: 2575662
2023-06-30 16:31:15 [booklist] INFO: VALID_ID: 2556287
2023-06-30 16:31:15 [booklist] INFO: VALID_ID: 2593421
2023-06-30 16:31:15 [booklist] INFO: VALID_ID: 2593424
2023-06-30 16:31:15 [booklist] INFO: VALID_ID: 2575651
2023-06-30 16:31:15 [booklist] INFO: VALID_ID: 2575661
2023-06-30 16:31:15 [booklist] INFO: VALID_ID: 2573743
2023-06-30 16:31:15 [booklist] INFO: VALID_ID: 2575675
2023-06-30 16:31:15 [booklist] INFO: VALID_ID: 11892568
2023-06-30 16:31:15 [booklist] INFO: VALID_ID: 2575659
2023-06-30 16:31:15 [booklist] INFO: VALID_ID: 10303659
2023-06-30 16:31:15 [booklist] INFO: VALID_ID: 11892796
2023-06-30 16:31:15 [booklist] INFO: VALID_ID: 2601439
2023-06-30 16:31:15 [booklist] INFO: VALID_ID: 2575671
2023-06-30 16:31:15 [booklist] INFO: VALID_ID: 2575678
2023-06-30 16:31:15 [booklist] INFO: VALID_ID: 2575672
2023-06-30 16:31:15 [booklist] INFO: VALID_ID: 2573746
2023-06-30 16:31:15 [booklist] INFO: VALID_ID: 2581713
2023-06-30 16:31:15 [booklist] INFO: VALID_ID: 2556316
2023-06-30 16:31:15 [booklist] INFO: VALID_ID: 2575650
2023-06-30 16:31:15 [booklist] INFO: VALID_ID: 2575677
2023-06-30 16:31:15 [booklist] INFO: VALID_ID: 2605071
2023-06-30 16:31:15 [booklist] INFO: VALID_ID: 2575679
2023-06-30 16:31:15 [booklist] INFO: VALID_ID: 11892614
2023-06-30 16:31:15 [booklist] INFO: VALID_ID: 2576999
2023-06-30 16:31:15 [booklist] INFO: VALID_ID: 2575663
2023-06-30 16:31:15 [booklist] INFO: VALID_ID: 2610529
2023-06-30 16:31:15 [booklist] INFO: VALID_ID: 2575670
2023-06-30 16:31:15 [booklist] INFO: VALID_ID: 2558942
2023-06-30 16:31:15 [booklist] INFO: VALID_ID: 2575660
2023-06-30 16:31:15 [booklist] INFO: VALID_ID: 2575654
2023-06-30 16:31:15 [booklist] INFO: VALID_ID: 2591234
2023-06-30 16:31:15 [booklist] INFO: VALID_ID: 2586009
2023-06-30 16:31:15 [booklist] INFO: VALID_ID: 2575666
2023-06-30 16:31:15 [booklist] INFO: VALID_ID: 2575653
2023-06-30 16:31:15 [booklist] INFO: VALID_ID: 2608597
2023-06-30 16:31:15 [booklist] INFO: VALID_ID: 2575657
2023-06-30 16:31:15 [booklist] INFO: VALID_ID: 2575658
2023-06-30 16:31:15 [booklist] INFO: VALID_ID: 2575652
2023-06-30 16:31:15 [booklist] INFO: VALID_ID: 2575656
2023-06-30 16:31:15 [booklist] INFO: VALID_ID: 2575664
2023-06-30 16:31:15 [booklist] INFO: VALID_ID: 2575665
2023-06-30 16:31:15 [booklist] INFO: VALID_ID: 2575669
2023-06-30 16:31:15 [booklist] INFO: VALID_ID: 2575680
2023-06-30 16:31:15 [booklist] INFO: VALID_ID: 2558939
2023-06-30 16:31:15 [booklist] INFO: VALID_ID: 2575676
2023-06-30 16:31:15 [booklist] INFO: VALID_ID: 2575674
2023-06-30 16:31:15 [booklist] INFO: VALID_ID: 2558937
2023-06-30 16:31:15 [booklist] INFO: VALID_ID: 2558930
2023-06-30 16:31:15 [booklist] INFO: VALID_ID: 2558938
2023-06-30 16:31:15 [booklist] INFO: VALID_ID: 2575667
2023-06-30 16:31:16 [scrapy.core.engine] DEBUG: Crawled (200) <POST https://dl.ndl.go.jp/api/item/search> (referer: https://dl.ndl.go.jp/api/item/search)
2023-06-30 16:31:17 [booklist] INFO: Fetched page 11
2023-06-30 16:31:17 [booklist] INFO: VALID_ID: 10304017
2023-06-30 16:31:17 [booklist] INFO: VALID_ID: 2583679
2023-06-30 16:31:17 [booklist] INFO: VALID_ID: 2605930
2023-06-30 16:31:17 [booklist] INFO: VALID_ID: 2586019
2023-06-30 16:31:17 [booklist] INFO: VALID_ID: 2605091
2023-06-30 16:31:17 [booklist] INFO: VALID_ID: 2549149
2023-06-30 16:31:17 [booklist] INFO: VALID_ID: 11223431
2023-06-30 16:31:17 [booklist] INFO: VALID_ID: 2558932
2023-06-30 16:31:17 [booklist] INFO: VALID_ID: 2558933
2023-06-30 16:31:17 [booklist] INFO: VALID_ID: 2558931
2023-06-30 16:31:17 [booklist] INFO: VALID_ID: 2593422
2023-06-30 16:31:17 [booklist] INFO: VALID_ID: 2571713
2023-06-30 16:31:17 [booklist] INFO: VALID_ID: 2548855
2023-06-30 16:31:17 [booklist] INFO: VALID_ID: 2585028
2023-06-30 16:31:17 [booklist] INFO: VALID_ID: 2585999
2023-06-30 16:31:17 [booklist] INFO: VALID_ID: 2605051
2023-06-30 16:31:17 [booklist] INFO: VALID_ID: 2549045
2023-06-30 16:31:17 [booklist] INFO: VALID_ID: 2593423
2023-06-30 16:31:17 [booklist] INFO: VALID_ID: 11038783
2023-06-30 16:31:17 [booklist] INFO: VALID_ID: 2549136
2023-06-30 16:31:17 [booklist] INFO: VALID_ID: 12865540
2023-06-30 16:31:17 [booklist] INFO: VALID_ID: 2608916
2023-06-30 16:31:17 [booklist] INFO: VALID_ID: 2590708
2023-06-30 16:31:17 [booklist] INFO: VALID_ID: 2560201
2023-06-30 16:31:17 [booklist] INFO: VALID_ID: 2560202
2023-06-30 16:31:17 [booklist] INFO: VALID_ID: 12866101
2023-06-30 16:31:17 [booklist] INFO: VALID_ID: 10303659
2023-06-30 16:31:17 [booklist] INFO: VALID_ID: 2560200
2023-06-30 16:31:17 [booklist] INFO: VALID_ID: 2606595
2023-06-30 16:31:17 [booklist] INFO: VALID_ID: 2560203
2023-06-30 16:31:17 [booklist] INFO: VALID_ID: 2556567
2023-06-30 16:31:17 [booklist] INFO: VALID_ID: 2556571
2023-06-30 16:31:17 [booklist] INFO: VALID_ID: 10303794
2023-06-30 16:31:17 [booklist] INFO: VALID_ID: 2556580
2023-06-30 16:31:17 [booklist] INFO: VALID_ID: 2556576
2023-06-30 16:31:17 [booklist] INFO: VALID_ID: 2556581
2023-06-30 16:31:17 [booklist] INFO: VALID_ID: 2556585
2023-06-30 16:31:17 [booklist] INFO: VALID_ID: 2556568
2023-06-30 16:31:17 [booklist] INFO: VALID_ID: 2556573
2023-06-30 16:31:17 [booklist] INFO: VALID_ID: 2556586
2023-06-30 16:31:17 [booklist] INFO: VALID_ID: 2556592
2023-06-30 16:31:17 [booklist] INFO: VALID_ID: 2556598
2023-06-30 16:31:17 [booklist] INFO: VALID_ID: 2556582
2023-06-30 16:31:17 [booklist] INFO: VALID_ID: 11892625
2023-06-30 16:31:17 [booklist] INFO: VALID_ID: 2556595
2023-06-30 16:31:17 [booklist] INFO: VALID_ID: 2556575
2023-06-30 16:31:17 [booklist] INFO: VALID_ID: 2556579
2023-06-30 16:31:17 [booklist] INFO: VALID_ID: 2556569
2023-06-30 16:31:17 [booklist] INFO: VALID_ID: 2556599
2023-06-30 16:31:17 [booklist] INFO: VALID_ID: 2556601
2023-06-30 16:31:17 [booklist] INFO: VALID_ID: 2556593
2023-06-30 16:31:17 [booklist] INFO: VALID_ID: 2556589
2023-06-30 16:31:17 [booklist] INFO: VALID_ID: 2556591
2023-06-30 16:31:17 [booklist] INFO: VALID_ID: 2556597
2023-06-30 16:31:17 [booklist] INFO: VALID_ID: 2556600
2023-06-30 16:31:17 [booklist] INFO: VALID_ID: 2556572
2023-06-30 16:31:17 [booklist] INFO: VALID_ID: 2556588
2023-06-30 16:31:17 [booklist] INFO: VALID_ID: 2556594
2023-06-30 16:31:17 [booklist] INFO: VALID_ID: 2556596
2023-06-30 16:31:17 [booklist] INFO: VALID_ID: 11892571
2023-06-30 16:31:17 [booklist] INFO: VALID_ID: 2556574
2023-06-30 16:31:17 [booklist] INFO: VALID_ID: 1287168
2023-06-30 16:31:17 [booklist] INFO: VALID_ID: 2556584
2023-06-30 16:31:17 [booklist] INFO: VALID_ID: 11607753
2023-06-30 16:31:17 [booklist] INFO: VALID_ID: 2551639
2023-06-30 16:31:17 [booklist] INFO: VALID_ID: 1286887
2023-06-30 16:31:17 [booklist] INFO: VALID_ID: 2556570
2023-06-30 16:31:17 [booklist] INFO: VALID_ID: 2556578
2023-06-30 16:31:17 [booklist] INFO: VALID_ID: 2592093
2023-06-30 16:31:17 [booklist] INFO: VALID_ID: 2556577
2023-06-30 16:31:17 [booklist] INFO: VALID_ID: 2556587
2023-06-30 16:31:17 [booklist] INFO: VALID_ID: 2556590
2023-06-30 16:31:17 [booklist] INFO: VALID_ID: 1288116
2023-06-30 16:31:17 [booklist] INFO: VALID_ID: 2606386
2023-06-30 16:31:17 [booklist] INFO: VALID_ID: 2556583
2023-06-30 16:31:17 [booklist] INFO: VALID_ID: 2559082
2023-06-30 16:31:17 [booklist] INFO: VALID_ID: 2546389
2023-06-30 16:31:17 [booklist] INFO: VALID_ID: 11892732
2023-06-30 16:31:17 [booklist] INFO: VALID_ID: 1288326
2023-06-30 16:31:17 [booklist] INFO: VALID_ID: 1288054
2023-06-30 16:31:17 [booklist] INFO: VALID_ID: 2591247
2023-06-30 16:31:17 [booklist] INFO: VALID_ID: 2607286
2023-06-30 16:31:17 [booklist] INFO: VALID_ID: 2611073
2023-06-30 16:31:17 [booklist] INFO: VALID_ID: 2610304
2023-06-30 16:31:17 [booklist] INFO: VALID_ID: 2586498
2023-06-30 16:31:17 [booklist] INFO: VALID_ID: 2585027
2023-06-30 16:31:17 [booklist] INFO: VALID_ID: 2609432
2023-06-30 16:31:17 [booklist] INFO: VALID_ID: 2607768
2023-06-30 16:31:17 [booklist] INFO: VALID_ID: 2575786
2023-06-30 16:31:17 [booklist] INFO: VALID_ID: 2575778
2023-06-30 16:31:17 [booklist] INFO: VALID_ID: 2575788
2023-06-30 16:31:17 [booklist] INFO: VALID_ID: 2575794
2023-06-30 16:31:17 [booklist] INFO: VALID_ID: 2575804
2023-06-30 16:31:17 [booklist] INFO: VALID_ID: 2575780
2023-06-30 16:31:17 [booklist] INFO: VALID_ID: 2575787
2023-06-30 16:31:17 [booklist] INFO: VALID_ID: 2575789
2023-06-30 16:31:17 [booklist] INFO: VALID_ID: 2575793
2023-06-30 16:31:17 [booklist] INFO: VALID_ID: 2575795
2023-06-30 16:31:17 [booklist] INFO: VALID_ID: 2575791
2023-06-30 16:31:17 [booklist] INFO: VALID_ID: 2575779
2023-06-30 16:31:18 [scrapy.core.engine] DEBUG: Crawled (200) <POST https://dl.ndl.go.jp/api/item/search> (referer: https://dl.ndl.go.jp/api/item/search)
2023-06-30 16:31:18 [booklist] INFO: Fetched page 12
2023-06-30 16:31:18 [booklist] INFO: VALID_ID: 2575792
2023-06-30 16:31:18 [booklist] INFO: VALID_ID: 2575803
2023-06-30 16:31:18 [booklist] INFO: VALID_ID: 2575779
2023-06-30 16:31:18 [booklist] INFO: VALID_ID: 2575790
2023-06-30 16:31:18 [booklist] INFO: VALID_ID: 2536153
2023-06-30 16:31:18 [booklist] INFO: VALID_ID: 2575797
2023-06-30 16:31:18 [booklist] INFO: VALID_ID: 2575798
2023-06-30 16:31:18 [booklist] INFO: VALID_ID: 2575785
2023-06-30 16:31:18 [booklist] INFO: VALID_ID: 2575799
2023-06-30 16:31:18 [booklist] INFO: VALID_ID: 2575781
2023-06-30 16:31:18 [booklist] INFO: VALID_ID: 2575782
2023-06-30 16:31:18 [booklist] INFO: VALID_ID: 2575802
2023-06-30 16:31:18 [booklist] INFO: VALID_ID: 2609538
2023-06-30 16:31:18 [booklist] INFO: VALID_ID: 2575801
2023-06-30 16:31:18 [booklist] INFO: VALID_ID: 2575783
2023-06-30 16:31:18 [booklist] INFO: VALID_ID: 2575796
2023-06-30 16:31:18 [booklist] INFO: VALID_ID: 2575800
2023-06-30 16:31:18 [booklist] INFO: VALID_ID: 2611038
2023-06-30 16:31:18 [booklist] INFO: VALID_ID: 2607558
2023-06-30 16:31:18 [booklist] INFO: VALID_ID: 8943312
2023-06-30 16:31:18 [booklist] INFO: VALID_ID: 2609818
2023-06-30 16:31:18 [booklist] INFO: VALID_ID: 2610103
2023-06-30 16:31:18 [booklist] INFO: VALID_ID: 2608467
2023-06-30 16:31:18 [booklist] INFO: VALID_ID: 2607434
2023-06-30 16:31:18 [booklist] INFO: VALID_ID: 2605693
2023-06-30 16:31:18 [booklist] INFO: VALID_ID: 2608004
2023-06-30 16:31:18 [booklist] INFO: VALID_ID: 2610583
2023-06-30 16:31:18 [booklist] INFO: VALID_ID: 2533645
2023-06-30 16:31:18 [booklist] INFO: VALID_ID: 2540573
2023-06-30 16:31:18 [booklist] INFO: VALID_ID: 2609205
2023-06-30 16:31:18 [booklist] INFO: VALID_ID: 2609975
2023-06-30 16:31:18 [booklist] INFO: VALID_ID: 2535916
2023-06-30 16:31:18 [booklist] INFO: VALID_ID: 2607142
2023-06-30 16:31:18 [booklist] INFO: VALID_ID: 2609735
2023-06-30 16:31:18 [booklist] INFO: VALID_ID: 2608884
2023-06-30 16:31:18 [booklist] INFO: VALID_ID: 2610875
2023-06-30 16:31:18 [booklist] INFO: VALID_ID: 9369960
2023-06-30 16:31:18 [booklist] INFO: VALID_ID: 2609776
2023-06-30 16:31:18 [booklist] INFO: VALID_ID: 2609621
2023-06-30 16:31:18 [booklist] INFO: VALID_ID: 2610395
2023-06-30 16:31:18 [booklist] INFO: VALID_ID: 2608873
2023-06-30 16:31:18 [booklist] INFO: VALID_ID: 2550791
2023-06-30 16:31:18 [booklist] INFO: VALID_ID: 2563212
2023-06-30 16:31:18 [booklist] INFO: VALID_ID: 2609492
2023-06-30 16:31:18 [booklist] INFO: VALID_ID: 11892592
2023-06-30 16:31:18 [booklist] INFO: VALID_ID: 2605546
2023-06-30 16:31:18 [booklist] INFO: VALID_ID: 2585885
2023-06-30 16:31:18 [booklist] INFO: VALID_ID: 2585803
2023-06-30 16:31:18 [booklist] INFO: VALID_ID: 2585824
2023-06-30 16:31:18 [booklist] INFO: VALID_ID: 2585863
2023-06-30 16:31:18 [booklist] INFO: VALID_ID: 2585772
2023-06-30 16:31:18 [booklist] INFO: VALID_ID: 2585784
2023-06-30 16:31:18 [booklist] INFO: VALID_ID: 2585812
2023-06-30 16:31:18 [booklist] INFO: VALID_ID: 2585916
2023-06-30 16:31:18 [booklist] INFO: VALID_ID: 2585831
2023-06-30 16:31:18 [booklist] INFO: VALID_ID: 2585942
2023-06-30 16:31:18 [booklist] INFO: VALID_ID: 2585883
2023-06-30 16:31:18 [booklist] INFO: VALID_ID: 2585800
2023-06-30 16:31:18 [booklist] INFO: VALID_ID: 2585810
2023-06-30 16:31:18 [booklist] INFO: VALID_ID: 2585819
2023-06-30 16:31:18 [booklist] INFO: VALID_ID: 2585926
2023-06-30 16:31:18 [booklist] INFO: VALID_ID: 2585846
2023-06-30 16:31:18 [booklist] INFO: VALID_ID: 2585867
2023-06-30 16:31:18 [booklist] INFO: VALID_ID: 2585870
2023-06-30 16:31:18 [booklist] INFO: VALID_ID: 2585782
2023-06-30 16:31:18 [booklist] INFO: VALID_ID: 2585796
2023-06-30 16:31:18 [booklist] INFO: VALID_ID: 2585947
2023-06-30 16:31:18 [booklist] INFO: VALID_ID: 2585857
2023-06-30 16:31:18 [booklist] INFO: VALID_ID: 2585766
2023-06-30 16:31:18 [booklist] INFO: VALID_ID: 2585770
2023-06-30 16:31:18 [booklist] INFO: VALID_ID: 2585891
2023-06-30 16:31:18 [booklist] INFO: VALID_ID: 2585813
2023-06-30 16:31:18 [booklist] INFO: VALID_ID: 2585836
2023-06-30 16:31:18 [booklist] INFO: VALID_ID: 2585841
2023-06-30 16:31:18 [booklist] INFO: VALID_ID: 2585861
2023-06-30 16:31:18 [booklist] INFO: VALID_ID: 2585786
2023-06-30 16:31:18 [booklist] INFO: VALID_ID: 2585790
2023-06-30 16:31:18 [booklist] INFO: VALID_ID: 2585808
2023-06-30 16:31:18 [booklist] INFO: VALID_ID: 2585906
2023-06-30 16:31:18 [booklist] INFO: VALID_ID: 2585912
2023-06-30 16:31:18 [booklist] INFO: VALID_ID: 2585817
2023-06-30 16:31:18 [booklist] INFO: VALID_ID: 2585915
2023-06-30 16:31:18 [booklist] INFO: VALID_ID: 2585825
2023-06-30 16:31:18 [booklist] INFO: VALID_ID: 2585924
2023-06-30 16:31:18 [booklist] INFO: VALID_ID: 2585793
2023-06-30 16:31:18 [booklist] INFO: VALID_ID: 2585888
2023-06-30 16:31:18 [booklist] INFO: VALID_ID: 2585919
2023-06-30 16:31:18 [booklist] INFO: VALID_ID: 2585834
2023-06-30 16:31:18 [booklist] INFO: VALID_ID: 2585767
2023-06-30 16:31:18 [booklist] INFO: VALID_ID: 2585774
2023-06-30 16:31:18 [booklist] INFO: VALID_ID: 2585930
2023-06-30 16:31:18 [booklist] INFO: VALID_ID: 2585935
2023-06-30 16:31:18 [booklist] INFO: VALID_ID: 2585946
2023-06-30 16:31:18 [booklist] INFO: VALID_ID: 2605995
2023-06-30 16:31:18 [booklist] INFO: VALID_ID: 2585852
2023-06-30 16:31:18 [booklist] INFO: VALID_ID: 2585876
2023-06-30 16:31:18 [booklist] INFO: VALID_ID: 2585884
2023-06-30 16:31:18 [booklist] INFO: VALID_ID: 2585828
2023-06-30 16:31:18 [booklist] INFO: VALID_ID: 2585839
2023-06-30 16:31:18 [booklist] INFO: VALID_ID: 2585764
2023-06-30 16:31:19 [scrapy.core.engine] DEBUG: Crawled (200) <POST https://dl.ndl.go.jp/api/item/search> (referer: https://dl.ndl.go.jp/api/item/search)
2023-06-30 16:31:19 [booklist] INFO: Fetched page 13
2023-06-30 16:31:19 [booklist] INFO: VALID_ID: 2610790
2023-06-30 16:31:19 [booklist] INFO: VALID_ID: 2585883
2023-06-30 16:31:19 [booklist] INFO: VALID_ID: 2585800
2023-06-30 16:31:19 [booklist] INFO: VALID_ID: 2585810
2023-06-30 16:31:19 [booklist] INFO: VALID_ID: 2585819
2023-06-30 16:31:19 [booklist] INFO: VALID_ID: 2585926
2023-06-30 16:31:19 [booklist] INFO: VALID_ID: 2585846
2023-06-30 16:31:19 [booklist] INFO: VALID_ID: 2609468
2023-06-30 16:31:19 [booklist] INFO: VALID_ID: 2585896
2023-06-30 16:31:19 [booklist] INFO: VALID_ID: 2585816
2023-06-30 16:31:19 [booklist] INFO: VALID_ID: 2585832
2023-06-30 16:31:19 [booklist] INFO: VALID_ID: 2585837
2023-06-30 16:31:19 [booklist] INFO: VALID_ID: 2585939
2023-06-30 16:31:19 [booklist] INFO: VALID_ID: 2585781
2023-06-30 16:31:19 [booklist] INFO: VALID_ID: 2585878
2023-06-30 16:31:19 [booklist] INFO: VALID_ID: 2585815
2023-06-30 16:31:19 [booklist] INFO: VALID_ID: 2585821
2023-06-30 16:31:19 [booklist] INFO: VALID_ID: 2585925
2023-06-30 16:31:19 [booklist] INFO: VALID_ID: 2585927
2023-06-30 16:31:19 [booklist] INFO: VALID_ID: 2585929
2023-06-30 16:31:19 [booklist] INFO: VALID_ID: 2585760
2023-06-30 16:31:19 [booklist] INFO: VALID_ID: 2585789
2023-06-30 16:31:19 [booklist] INFO: VALID_ID: 2585805
2023-06-30 16:31:19 [booklist] INFO: VALID_ID: 2585814
2023-06-30 16:31:19 [booklist] INFO: VALID_ID: 2585943
2023-06-30 16:31:19 [booklist] INFO: VALID_ID: 2585775
2023-06-30 16:31:19 [booklist] INFO: VALID_ID: 2585879
2023-06-30 16:31:19 [booklist] INFO: VALID_ID: 2585802
2023-06-30 16:31:19 [booklist] INFO: VALID_ID: 2585900
2023-06-30 16:31:19 [booklist] INFO: VALID_ID: 2585818
2023-06-30 16:31:19 [booklist] INFO: VALID_ID: 2585922
2023-06-30 16:31:19 [booklist] INFO: VALID_ID: 2585936
2023-06-30 16:31:19 [booklist] INFO: VALID_ID: 2610129
2023-06-30 16:31:19 [booklist] INFO: VALID_ID: 2585898
2023-06-30 16:31:19 [booklist] INFO: VALID_ID: 2585914
2023-06-30 16:31:19 [booklist] INFO: VALID_ID: 2585822
2023-06-30 16:31:19 [booklist] INFO: VALID_ID: 2585932
2023-06-30 16:31:19 [booklist] INFO: VALID_ID: 2585858
2023-06-30 16:31:19 [booklist] INFO: VALID_ID: 2585866
2023-06-30 16:31:19 [booklist] INFO: VALID_ID: 2585780
2023-06-30 16:31:19 [booklist] INFO: VALID_ID: 2585889
2023-06-30 16:31:19 [booklist] INFO: VALID_ID: 2585890
2023-06-30 16:31:19 [booklist] INFO: VALID_ID: 2585895
2023-06-30 16:31:19 [booklist] INFO: VALID_ID: 2585901
2023-06-30 16:31:19 [booklist] INFO: VALID_ID: 2585934
2023-06-30 16:31:19 [booklist] INFO: VALID_ID: 2585874
2023-06-30 16:31:19 [booklist] INFO: VALID_ID: 2585769
2023-06-30 16:31:19 [booklist] INFO: VALID_ID: 2585871
2023-06-30 16:31:19 [booklist] INFO: VALID_ID: 2585892
2023-06-30 16:31:19 [booklist] INFO: VALID_ID: 2585933
2023-06-30 16:31:19 [booklist] INFO: VALID_ID: 2585764
2023-06-30 16:31:19 [booklist] INFO: VALID_ID: 2585910
2023-06-30 16:31:19 [booklist] INFO: VALID_ID: 2585913
2023-06-30 16:31:19 [booklist] INFO: VALID_ID: 2585763
2023-06-30 16:31:19 [booklist] INFO: VALID_ID: 2585860
2023-06-30 16:31:19 [booklist] INFO: VALID_ID: 2585768
2023-06-30 16:31:19 [booklist] INFO: VALID_ID: 2585909
2023-06-30 16:31:19 [booklist] INFO: VALID_ID: 2585835
2023-06-30 16:31:19 [booklist] INFO: VALID_ID: 2585847
2023-06-30 16:31:19 [booklist] INFO: VALID_ID: 2585823
2023-06-30 16:31:19 [booklist] INFO: VALID_ID: 2585920
2023-06-30 16:31:19 [booklist] INFO: VALID_ID: 2585776
2023-06-30 16:31:19 [booklist] INFO: VALID_ID: 2585778
2023-06-30 16:31:19 [booklist] INFO: VALID_ID: 2585882
2023-06-30 16:31:19 [booklist] INFO: VALID_ID: 2585799
2023-06-30 16:31:19 [booklist] INFO: VALID_ID: 2585833
2023-06-30 16:31:19 [booklist] INFO: VALID_ID: 2585940
2023-06-30 16:31:19 [booklist] INFO: VALID_ID: 2585798
2023-06-30 16:31:19 [booklist] INFO: VALID_ID: 2585902
2023-06-30 16:31:19 [booklist] INFO: VALID_ID: 2585840
2023-06-30 16:31:19 [booklist] INFO: VALID_ID: 11891873
2023-06-30 16:31:19 [booklist] INFO: VALID_ID: 2585779
2023-06-30 16:31:19 [booklist] INFO: VALID_ID: 2585886
2023-06-30 16:31:19 [booklist] INFO: VALID_ID: 2585807
2023-06-30 16:31:19 [booklist] INFO: VALID_ID: 2585765
2023-06-30 16:31:19 [booklist] INFO: VALID_ID: 2585859
2023-06-30 16:31:19 [booklist] INFO: VALID_ID: 2585880
2023-06-30 16:31:19 [booklist] INFO: VALID_ID: 2585899
2023-06-30 16:31:19 [booklist] INFO: VALID_ID: 2585811
2023-06-30 16:31:19 [booklist] INFO: VALID_ID: 2585827
2023-06-30 16:31:19 [booklist] INFO: VALID_ID: 2585937
2023-06-30 16:31:19 [booklist] INFO: VALID_ID: 2585843
2023-06-30 16:31:19 [booklist] INFO: VALID_ID: 2585849
2023-06-30 16:31:19 [booklist] INFO: VALID_ID: 2585854
2023-06-30 16:31:19 [booklist] INFO: VALID_ID: 2585804
2023-06-30 16:31:19 [booklist] INFO: VALID_ID: 2585903
2023-06-30 16:31:19 [booklist] INFO: VALID_ID: 2585826
2023-06-30 16:31:19 [booklist] INFO: VALID_ID: 2585931
2023-06-30 16:31:19 [booklist] INFO: VALID_ID: 2585850
2023-06-30 16:31:19 [booklist] INFO: VALID_ID: 2585948
2023-06-30 16:31:19 [booklist] INFO: VALID_ID: 2583669
2023-06-30 16:31:19 [booklist] INFO: VALID_ID: 2583670
2023-06-30 16:31:19 [booklist] INFO: VALID_ID: 2585761
2023-06-30 16:31:19 [booklist] INFO: VALID_ID: 2585868
2023-06-30 16:31:19 [booklist] INFO: VALID_ID: 2585875
2023-06-30 16:31:19 [booklist] INFO: VALID_ID: 2585785
2023-06-30 16:31:19 [booklist] INFO: VALID_ID: 2585788
2023-06-30 16:31:19 [booklist] INFO: VALID_ID: 2585792
2023-06-30 16:31:19 [booklist] INFO: VALID_ID: 2585771
2023-06-30 16:31:19 [booklist] INFO: VALID_ID: 2585864
2023-06-30 16:31:20 [scrapy.core.engine] DEBUG: Crawled (200) <POST https://dl.ndl.go.jp/api/item/search> (referer: https://dl.ndl.go.jp/api/item/search)
2023-06-30 16:31:20 [booklist] INFO: Fetched page 14
2023-06-30 16:31:20 [booklist] INFO: VALID_ID: 2585853
2023-06-30 16:31:20 [booklist] INFO: VALID_ID: 2585893
2023-06-30 16:31:20 [booklist] INFO: VALID_ID: 2585911
2023-06-30 16:31:20 [booklist] INFO: VALID_ID: 2585917
2023-06-30 16:31:20 [booklist] INFO: VALID_ID: 2585838
2023-06-30 16:31:20 [booklist] INFO: VALID_ID: 2585765
2023-06-30 16:31:20 [booklist] INFO: VALID_ID: 2585859
2023-06-30 16:31:20 [booklist] INFO: VALID_ID: 2585880
2023-06-30 16:31:20 [booklist] INFO: VALID_ID: 2585899
2023-06-30 16:31:20 [booklist] INFO: VALID_ID: 2585811
2023-06-30 16:31:20 [booklist] INFO: VALID_ID: 2585827
2023-06-30 16:31:20 [booklist] INFO: VALID_ID: 2585937
2023-06-30 16:31:20 [booklist] INFO: VALID_ID: 2585843
2023-06-30 16:31:20 [booklist] INFO: VALID_ID: 2585849
2023-06-30 16:31:20 [booklist] INFO: VALID_ID: 2585873
2023-06-30 16:31:20 [booklist] INFO: VALID_ID: 2585829
2023-06-30 16:31:20 [booklist] INFO: VALID_ID: 2585941
2023-06-30 16:31:20 [booklist] INFO: VALID_ID: 2585862
2023-06-30 16:31:20 [booklist] INFO: VALID_ID: 2585872
2023-06-30 16:31:20 [booklist] INFO: VALID_ID: 2585791
2023-06-30 16:31:20 [booklist] INFO: VALID_ID: 2585801
2023-06-30 16:31:20 [booklist] INFO: VALID_ID: 2585923
2023-06-30 16:31:20 [booklist] INFO: VALID_ID: 2585844
2023-06-30 16:31:20 [booklist] INFO: VALID_ID: 12865601
2023-06-30 16:31:20 [booklist] INFO: VALID_ID: 2585855
2023-06-30 16:31:20 [booklist] INFO: VALID_ID: 2585777
2023-06-30 16:31:20 [booklist] INFO: VALID_ID: 2585783
2023-06-30 16:31:20 [booklist] INFO: VALID_ID: 2585894
2023-06-30 16:31:20 [booklist] INFO: VALID_ID: 2585830
2023-06-30 16:31:20 [booklist] INFO: VALID_ID: 2585945
2023-06-30 16:31:20 [booklist] INFO: VALID_ID: 2605528
2023-06-30 16:31:20 [booklist] INFO: VALID_ID: 2609279
2023-06-30 16:31:20 [booklist] INFO: VALID_ID: 12865356
2023-06-30 16:31:20 [booklist] INFO: VALID_ID: 2583715
2023-06-30 16:31:20 [booklist] INFO: VALID_ID: 2583705
2023-06-30 16:31:20 [booklist] INFO: VALID_ID: 2583718
2023-06-30 16:31:20 [booklist] INFO: VALID_ID: 2583660
2023-06-30 16:31:20 [booklist] INFO: VALID_ID: 2583667
2023-06-30 16:31:20 [booklist] INFO: VALID_ID: 2583701
2023-06-30 16:31:20 [booklist] INFO: VALID_ID: 2583709
2023-06-30 16:31:20 [booklist] INFO: VALID_ID: 2583725
2023-06-30 16:31:20 [booklist] INFO: VALID_ID: 11446659
2023-06-30 16:31:20 [booklist] INFO: VALID_ID: 2610833
2023-06-30 16:31:20 [booklist] INFO: VALID_ID: 2583661
2023-06-30 16:31:20 [booklist] INFO: VALID_ID: 2583664
2023-06-30 16:31:20 [booklist] INFO: VALID_ID: 2583717
2023-06-30 16:31:20 [booklist] INFO: VALID_ID: 2609552
2023-06-30 16:31:20 [booklist] INFO: VALID_ID: 2583675
2023-06-30 16:31:20 [booklist] INFO: VALID_ID: 2583673
2023-06-30 16:31:20 [booklist] INFO: VALID_ID: 2583684
2023-06-30 16:31:20 [booklist] INFO: VALID_ID: 2608721
2023-06-30 16:31:20 [booklist] INFO: VALID_ID: 2583668
2023-06-30 16:31:20 [booklist] INFO: VALID_ID: 2583659
2023-06-30 16:31:20 [booklist] INFO: VALID_ID: 2583694
2023-06-30 16:31:20 [booklist] INFO: VALID_ID: 2583678
2023-06-30 16:31:20 [booklist] INFO: VALID_ID: 2583685
2023-06-30 16:31:20 [booklist] INFO: VALID_ID: 2583722
2023-06-30 16:31:20 [booklist] INFO: VALID_ID: 2583691
2023-06-30 16:31:20 [booklist] INFO: VALID_ID: 2583693
2023-06-30 16:31:20 [booklist] INFO: VALID_ID: 2583696
2023-06-30 16:31:20 [booklist] INFO: VALID_ID: 2583716
2023-06-30 16:31:20 [booklist] INFO: VALID_ID: 2583719
2023-06-30 16:31:20 [booklist] INFO: VALID_ID: 2583681
2023-06-30 16:31:20 [booklist] INFO: VALID_ID: 2583682
2023-06-30 16:31:20 [booklist] INFO: VALID_ID: 2583697
2023-06-30 16:31:20 [booklist] INFO: VALID_ID: 11892740
2023-06-30 16:31:20 [booklist] INFO: VALID_ID: 2610785
2023-06-30 16:31:20 [booklist] INFO: VALID_ID: 2583706
2023-06-30 16:31:20 [booklist] INFO: VALID_ID: 2583680
2023-06-30 16:31:20 [booklist] INFO: VALID_ID: 2583687
2023-06-30 16:31:20 [booklist] INFO: VALID_ID: 2606933
2023-06-30 16:31:20 [booklist] INFO: VALID_ID: 2583704
2023-06-30 16:31:20 [booklist] INFO: VALID_ID: 2583708
2023-06-30 16:31:20 [booklist] INFO: VALID_ID: 2583711
2023-06-30 16:31:20 [booklist] INFO: VALID_ID: 2610288
2023-06-30 16:31:20 [booklist] INFO: VALID_ID: 2583714
2023-06-30 16:31:20 [booklist] INFO: VALID_ID: 2583683
2023-06-30 16:31:20 [booklist] INFO: VALID_ID: 2532533
2023-06-30 16:31:20 [booklist] INFO: VALID_ID: 9369959
2023-06-30 16:31:20 [booklist] INFO: VALID_ID: 2583663
2023-06-30 16:31:20 [booklist] INFO: VALID_ID: 2583677
2023-06-30 16:31:20 [booklist] INFO: VALID_ID: 2583713
2023-06-30 16:31:20 [booklist] INFO: VALID_ID: 2583688
2023-06-30 16:31:20 [booklist] INFO: VALID_ID: 2607654
2023-06-30 16:31:20 [booklist] INFO: VALID_ID: 2583692
2023-06-30 16:31:20 [booklist] INFO: VALID_ID: 2583662
2023-06-30 16:31:20 [booklist] INFO: VALID_ID: 2583666
2023-06-30 16:31:20 [booklist] INFO: VALID_ID: 2583700
2023-06-30 16:31:20 [booklist] INFO: VALID_ID: 2583686
2023-06-30 16:31:20 [booklist] INFO: VALID_ID: 2583724
2023-06-30 16:31:20 [booklist] INFO: VALID_ID: 2609924
2023-06-30 16:31:20 [booklist] INFO: VALID_ID: 12865370
2023-06-30 16:31:20 [booklist] INFO: VALID_ID: 2583698
2023-06-30 16:31:20 [booklist] INFO: VALID_ID: 2583703
2023-06-30 16:31:20 [booklist] INFO: VALID_ID: 2583676
2023-06-30 16:31:20 [booklist] INFO: VALID_ID: 2583723
2023-06-30 16:31:20 [booklist] INFO: VALID_ID: 2583669
2023-06-30 16:31:20 [booklist] INFO: VALID_ID: 2583670
2023-06-30 16:31:20 [booklist] INFO: VALID_ID: 2583702
2023-06-30 16:31:20 [booklist] INFO: VALID_ID: 2583721
2023-06-30 16:31:21 [scrapy.core.engine] DEBUG: Crawled (200) <POST https://dl.ndl.go.jp/api/item/search> (referer: https://dl.ndl.go.jp/api/item/search)
2023-06-30 16:31:21 [booklist] INFO: Fetched page 15
2023-06-30 16:31:21 [booklist] INFO: VALID_ID: 9369959
2023-06-30 16:31:21 [booklist] INFO: VALID_ID: 2583695
2023-06-30 16:31:21 [booklist] INFO: VALID_ID: 2583671
2023-06-30 16:31:21 [booklist] INFO: VALID_ID: 2583674
2023-06-30 16:31:21 [booklist] INFO: VALID_ID: 2583689
2023-06-30 16:31:21 [booklist] INFO: VALID_ID: 2583665
2023-06-30 16:31:21 [booklist] INFO: VALID_ID: 2583699
2023-06-30 16:31:21 [booklist] INFO: VALID_ID: 2583663
2023-06-30 16:31:21 [booklist] INFO: VALID_ID: 2583677
2023-06-30 16:31:21 [booklist] INFO: VALID_ID: 2583713
2023-06-30 16:31:21 [booklist] INFO: VALID_ID: 2583688
2023-06-30 16:31:21 [booklist] INFO: VALID_ID: 2608195
2023-06-30 16:31:21 [booklist] INFO: VALID_ID: 12865780
2023-06-30 16:31:21 [booklist] INFO: VALID_ID: 2608824
2023-06-30 16:31:21 [booklist] INFO: VALID_ID: 2610707
2023-06-30 16:31:21 [booklist] INFO: VALID_ID: 2608563
2023-06-30 16:31:21 [booklist] INFO: VALID_ID: 2608247
2023-06-30 16:31:21 [booklist] INFO: VALID_ID: 2609894
2023-06-30 16:31:21 [booklist] INFO: VALID_ID: 1286752
2023-06-30 16:31:21 [booklist] INFO: VALID_ID: 2610518
2023-06-30 16:31:21 [booklist] INFO: VALID_ID: 2610012
2023-06-30 16:31:21 [booklist] INFO: VALID_ID: 11607948
2023-06-30 16:31:21 [booklist] INFO: VALID_ID: 1286316
2023-06-30 16:31:21 [booklist] INFO: VALID_ID: 1286516
2023-06-30 16:31:21 [booklist] INFO: VALID_ID: 1286415
2023-06-30 16:31:21 [booklist] INFO: VALID_ID: 2596089
2023-06-30 16:31:21 [booklist] INFO: VALID_ID: 2596095
2023-06-30 16:31:21 [booklist] INFO: VALID_ID: 2596069
2023-06-30 16:31:21 [booklist] INFO: VALID_ID: 2596096
2023-06-30 16:31:21 [booklist] INFO: VALID_ID: 2596112
2023-06-30 16:31:21 [booklist] INFO: VALID_ID: 2596133
2023-06-30 16:31:21 [booklist] INFO: VALID_ID: 2596121
2023-06-30 16:31:21 [booklist] INFO: VALID_ID: 2596136
2023-06-30 16:31:21 [booklist] INFO: VALID_ID: 2596115
2023-06-30 16:31:21 [booklist] INFO: VALID_ID: 2596087
2023-06-30 16:31:21 [booklist] INFO: VALID_ID: 2596111
2023-06-30 16:31:21 [booklist] INFO: VALID_ID: 2596129
2023-06-30 16:31:21 [booklist] INFO: VALID_ID: 2596120
2023-06-30 16:31:21 [booklist] INFO: VALID_ID: 2596060
2023-06-30 16:31:21 [booklist] INFO: VALID_ID: 2596058
2023-06-30 16:31:21 [booklist] INFO: VALID_ID: 2596094
2023-06-30 16:31:21 [booklist] INFO: VALID_ID: 1287163
2023-06-30 16:31:21 [booklist] INFO: VALID_ID: 2608346
2023-06-30 16:31:21 [booklist] INFO: VALID_ID: 1286611
2023-06-30 16:31:21 [booklist] INFO: VALID_ID: 2596068
2023-06-30 16:31:21 [booklist] INFO: VALID_ID: 2596122
2023-06-30 16:31:21 [booklist] INFO: VALID_ID: 2596123
2023-06-30 16:31:21 [booklist] INFO: VALID_ID: 2596114
2023-06-30 16:31:21 [booklist] INFO: VALID_ID: 2596118
2023-06-30 16:31:21 [booklist] INFO: VALID_ID: 2596113
2023-06-30 16:31:21 [booklist] INFO: VALID_ID: 2596128
2023-06-30 16:31:21 [booklist] INFO: VALID_ID: 2610026
2023-06-30 16:31:21 [booklist] INFO: VALID_ID: 2596088
2023-06-30 16:31:21 [booklist] INFO: VALID_ID: 2596124
2023-06-30 16:31:21 [booklist] INFO: VALID_ID: 2609000
2023-06-30 16:31:21 [booklist] INFO: VALID_ID: 2607075
2023-06-30 16:31:21 [booklist] INFO: VALID_ID: 2611035
2023-06-30 16:31:21 [booklist] INFO: VALID_ID: 2609649
2023-06-30 16:31:21 [booklist] INFO: VALID_ID: 2610138
2023-06-30 16:31:21 [booklist] INFO: VALID_ID: 2605758
2023-06-30 16:31:21 [booklist] INFO: VALID_ID: 2609783
2023-06-30 16:31:21 [booklist] INFO: VALID_ID: 2610801
2023-06-30 16:31:21 [booklist] INFO: VALID_ID: 2605465
2023-06-30 16:31:21 [booklist] INFO: VALID_ID: 2609383
2023-06-30 16:31:21 [scrapy.core.engine] DEBUG: Crawled (200) <POST https://dl.ndl.go.jp/api/item/search> (referer: https://dl.ndl.go.jp/api/item/search)
2023-06-30 16:31:21 [booklist] INFO: Fetched page 16
2023-06-30 16:31:21 [booklist] INFO: No more books on 16
2023-06-30 16:31:21 [scrapy.core.engine] INFO: Closing spider (finished)
2023-06-30 16:31:21 [scrapy.statscollectors] INFO: Dumping Scrapy stats:
{'downloader/request_bytes': 21734,
 'downloader/request_count': 17,
 'downloader/request_method_count/GET': 1,
 'downloader/request_method_count/POST': 16,
 'downloader/response_bytes': 8867404,
 'downloader/response_count': 17,
 'downloader/response_status_count/200': 17,
 'elapsed_time_seconds': 28.952781,
 'finish_reason': 'finished',
 'finish_time': datetime.datetime(2023, 6, 30, 8, 31, 21, 692686),
 'httpcompression/response_bytes': 108510088,
 'httpcompression/response_count': 16,
 'log_count/DEBUG': 20,
 'log_count/INFO': 1491,
 'memusage/max': 63762432,
 'memusage/startup': 63762432,
 'request_depth_max': 15,
 'response_received_count': 17,
 'robotstxt/request_count': 1,
 'robotstxt/response_count': 1,
 'robotstxt/response_status_count/200': 1,
 'scheduler/dequeued': 16,
 'scheduler/dequeued/memory': 16,
 'scheduler/enqueued': 16,
 'scheduler/enqueued/memory': 16,
 'start_time': datetime.datetime(2023, 6, 30, 8, 30, 52, 739905)}
2023-06-30 16:31:21 [scrapy.core.engine] INFO: Spider closed (finished)
