2023-06-30 19:21:57 [scrapy.utils.log] INFO: Scrapy 2.9.0 started (bot: ndlcrawler)
2023-06-30 19:21:57 [scrapy.utils.log] INFO: Versions: lxml 4.9.2.0, libxml2 2.9.14, cssselect 1.2.0, parsel 1.8.1, w3lib 2.1.1, Twisted 22.10.0, Python 3.10.10 (main, Mar  5 2023, 22:26:53) [GCC 12.2.1 20230201], pyOpenSSL 23.2.0 (OpenSSL 3.1.1 30 May 2023), cryptography 41.0.1, Platform Linux-6.2.12-arch1-1-x86_64-with-glibc2.37
2023-06-30 19:21:57 [scrapy.crawler] INFO: Overridden settings:
{'BOT_NAME': 'ndlcrawler',
 'FEED_EXPORT_ENCODING': 'utf-8',
 'LOG_FILE': 'logs/booklist.title.右.log',
 'NEWSPIDER_MODULE': 'ndlcrawler.spiders',
 'REQUEST_FINGERPRINTER_IMPLEMENTATION': '2.7',
 'ROBOTSTXT_OBEY': True,
 'SPIDER_MODULES': ['ndlcrawler.spiders'],
 'TWISTED_REACTOR': 'twisted.internet.asyncioreactor.AsyncioSelectorReactor'}
2023-06-30 19:21:57 [asyncio] DEBUG: Using selector: EpollSelector
2023-06-30 19:21:57 [scrapy.utils.log] DEBUG: Using reactor: twisted.internet.asyncioreactor.AsyncioSelectorReactor
2023-06-30 19:21:57 [scrapy.utils.log] DEBUG: Using asyncio event loop: asyncio.unix_events._UnixSelectorEventLoop
2023-06-30 19:21:57 [scrapy.extensions.telnet] INFO: Telnet Password: 7c4ce4e63b475d49
2023-06-30 19:21:57 [scrapy.middleware] INFO: Enabled extensions:
['scrapy.extensions.corestats.CoreStats',
 'scrapy.extensions.telnet.TelnetConsole',
 'scrapy.extensions.memusage.MemoryUsage',
 'scrapy.extensions.logstats.LogStats']
2023-06-30 19:21:57 [scrapy.middleware] INFO: Enabled downloader middlewares:
['scrapy.downloadermiddlewares.robotstxt.RobotsTxtMiddleware',
 'scrapy.downloadermiddlewares.httpauth.HttpAuthMiddleware',
 'scrapy.downloadermiddlewares.downloadtimeout.DownloadTimeoutMiddleware',
 'scrapy.downloadermiddlewares.defaultheaders.DefaultHeadersMiddleware',
 'scrapy.downloadermiddlewares.useragent.UserAgentMiddleware',
 'scrapy.downloadermiddlewares.retry.RetryMiddleware',
 'scrapy.downloadermiddlewares.redirect.MetaRefreshMiddleware',
 'scrapy.downloadermiddlewares.httpcompression.HttpCompressionMiddleware',
 'scrapy.downloadermiddlewares.redirect.RedirectMiddleware',
 'scrapy.downloadermiddlewares.cookies.CookiesMiddleware',
 'scrapy.downloadermiddlewares.httpproxy.HttpProxyMiddleware',
 'scrapy.downloadermiddlewares.stats.DownloaderStats']
2023-06-30 19:21:57 [scrapy.middleware] INFO: Enabled spider middlewares:
['scrapy.spidermiddlewares.httperror.HttpErrorMiddleware',
 'scrapy.spidermiddlewares.offsite.OffsiteMiddleware',
 'scrapy.spidermiddlewares.referer.RefererMiddleware',
 'scrapy.spidermiddlewares.urllength.UrlLengthMiddleware',
 'scrapy.spidermiddlewares.depth.DepthMiddleware']
2023-06-30 19:21:57 [scrapy.middleware] INFO: Enabled item pipelines:
[]
2023-06-30 19:21:57 [scrapy.core.engine] INFO: Spider opened
2023-06-30 19:21:58 [scrapy.extensions.logstats] INFO: Crawled 0 pages (at 0 pages/min), scraped 0 items (at 0 items/min)
2023-06-30 19:21:58 [scrapy.extensions.telnet] INFO: Telnet console listening on 127.0.0.1:6024
2023-06-30 19:21:58 [scrapy.core.engine] DEBUG: Crawled (200) <GET https://dl.ndl.go.jp/robots.txt> (referer: None)
2023-06-30 19:21:59 [scrapy.core.engine] DEBUG: Crawled (200) <POST https://dl.ndl.go.jp/api/item/search> (referer: None)
2023-06-30 19:21:59 [booklist] INFO: Fetched page 1
2023-06-30 19:21:59 [booklist] INFO: VALID_ID: 2563094
2023-06-30 19:21:59 [booklist] INFO: VALID_ID: 2577022
2023-06-30 19:21:59 [booklist] INFO: VALID_ID: 2542778
2023-06-30 19:21:59 [booklist] INFO: VALID_ID: 2545176
2023-06-30 19:21:59 [booklist] INFO: VALID_ID: 2545175
2023-06-30 19:21:59 [booklist] INFO: VALID_ID: 2560456
2023-06-30 19:21:59 [booklist] INFO: VALID_ID: 1305179
2023-06-30 19:21:59 [booklist] INFO: VALID_ID: 12865498
2023-06-30 19:21:59 [booklist] INFO: VALID_ID: 2608945
2023-06-30 19:21:59 [booklist] INFO: VALID_ID: 1307648
2023-06-30 19:21:59 [booklist] INFO: VALID_ID: 1307990
2023-06-30 19:21:59 [booklist] INFO: VALID_ID: 2609865
2023-06-30 19:21:59 [booklist] INFO: VALID_ID: 2565212
2023-06-30 19:21:59 [booklist] INFO: VALID_ID: 2565216
2023-06-30 19:21:59 [booklist] INFO: VALID_ID: 1313388
2023-06-30 19:21:59 [booklist] INFO: VALID_ID: 2565209
2023-06-30 19:21:59 [booklist] INFO: VALID_ID: 2565213
2023-06-30 19:21:59 [booklist] INFO: VALID_ID: 1312179
2023-06-30 19:21:59 [booklist] INFO: VALID_ID: 2545177
2023-06-30 19:21:59 [booklist] INFO: VALID_ID: 1303912
2023-06-30 19:21:59 [booklist] INFO: VALID_ID: 1313373
2023-06-30 19:21:59 [booklist] INFO: VALID_ID: 2563048
2023-06-30 19:21:59 [booklist] INFO: VALID_ID: 2563049
2023-06-30 19:21:59 [booklist] INFO: VALID_ID: 2609063
2023-06-30 19:21:59 [booklist] INFO: VALID_ID: 1305176
2023-06-30 19:21:59 [booklist] INFO: VALID_ID: 1313386
2023-06-30 19:21:59 [booklist] INFO: VALID_ID: 2563095
2023-06-30 19:21:59 [booklist] INFO: VALID_ID: 1313406
2023-06-30 19:21:59 [booklist] INFO: VALID_ID: 2563047
2023-06-30 19:21:59 [booklist] INFO: VALID_ID: 1312704
2023-06-30 19:21:59 [booklist] INFO: VALID_ID: 1303916
2023-06-30 19:21:59 [booklist] INFO: VALID_ID: 1313364
2023-06-30 19:21:59 [booklist] INFO: VALID_ID: 1303914
2023-06-30 19:21:59 [booklist] INFO: VALID_ID: 1312706
2023-06-30 19:21:59 [booklist] INFO: VALID_ID: 1313405
2023-06-30 19:21:59 [booklist] INFO: VALID_ID: 1311219
2023-06-30 19:21:59 [booklist] INFO: VALID_ID: 2539239
2023-06-30 19:21:59 [booklist] INFO: VALID_ID: 1303913
2023-06-30 19:21:59 [booklist] INFO: VALID_ID: 1313397
2023-06-30 19:21:59 [booklist] INFO: VALID_ID: 2560454
2023-06-30 19:21:59 [booklist] INFO: VALID_ID: 2565217
2023-06-30 19:21:59 [booklist] INFO: VALID_ID: 1309089
2023-06-30 19:21:59 [booklist] INFO: VALID_ID: 1313389
2023-06-30 19:21:59 [booklist] INFO: VALID_ID: 1307721
2023-06-30 19:21:59 [booklist] INFO: VALID_ID: 1308180
2023-06-30 19:21:59 [booklist] INFO: VALID_ID: 1313372
2023-06-30 19:21:59 [booklist] INFO: VALID_ID: 2577021
2023-06-30 19:21:59 [booklist] INFO: VALID_ID: 1303919
2023-06-30 19:21:59 [booklist] INFO: VALID_ID: 2607586
2023-06-30 19:21:59 [booklist] INFO: VALID_ID: 1307738
2023-06-30 19:21:59 [booklist] INFO: VALID_ID: 1303921
2023-06-30 19:21:59 [booklist] INFO: VALID_ID: 1313365
2023-06-30 19:21:59 [booklist] INFO: VALID_ID: 1313374
2023-06-30 19:21:59 [booklist] INFO: VALID_ID: 1312708
2023-06-30 19:21:59 [booklist] INFO: VALID_ID: 10301421
2023-06-30 19:21:59 [booklist] INFO: VALID_ID: 1313062
2023-06-30 19:21:59 [booklist] INFO: VALID_ID: 1313399
2023-06-30 19:21:59 [booklist] INFO: VALID_ID: 1313371
2023-06-30 19:21:59 [booklist] INFO: VALID_ID: 1313392
2023-06-30 19:21:59 [booklist] INFO: VALID_ID: 8929706
2023-06-30 19:21:59 [booklist] INFO: VALID_ID: 12865658
2023-06-30 19:21:59 [booklist] INFO: VALID_ID: 1313368
2023-06-30 19:21:59 [booklist] INFO: VALID_ID: 1313367
2023-06-30 19:21:59 [booklist] INFO: VALID_ID: 1303926
2023-06-30 19:21:59 [booklist] INFO: VALID_ID: 1313379
2023-06-30 19:21:59 [booklist] INFO: VALID_ID: 1313396
2023-06-30 19:21:59 [booklist] INFO: VALID_ID: 9893316
2023-06-30 19:21:59 [booklist] INFO: VALID_ID: 1309040
2023-06-30 19:21:59 [booklist] INFO: VALID_ID: 12865657
2023-06-30 19:21:59 [booklist] INFO: VALID_ID: 1309014
2023-06-30 19:21:59 [booklist] INFO: VALID_ID: 1308543
2023-06-30 19:21:59 [booklist] INFO: VALID_ID: 1309031
2023-06-30 19:21:59 [booklist] INFO: VALID_ID: 1313415
2023-06-30 19:21:59 [booklist] INFO: VALID_ID: 1301436
2023-06-30 19:21:59 [booklist] INFO: VALID_ID: 1303930
2023-06-30 19:21:59 [booklist] INFO: VALID_ID: 10301373
2023-06-30 19:21:59 [booklist] INFO: VALID_ID: 1309098
2023-06-30 19:21:59 [booklist] INFO: VALID_ID: 1302544
2023-06-30 19:21:59 [booklist] INFO: VALID_ID: 12865660
2023-06-30 19:21:59 [booklist] INFO: VALID_ID: 1303929
2023-06-30 19:21:59 [booklist] INFO: VALID_ID: 1309064
2023-06-30 19:21:59 [booklist] INFO: VALID_ID: 12865659
2023-06-30 19:21:59 [booklist] INFO: VALID_ID: 1310423
2023-06-30 19:21:59 [booklist] INFO: VALID_ID: 10303981
2023-06-30 19:21:59 [booklist] INFO: VALID_ID: 1303932
2023-06-30 19:21:59 [booklist] INFO: VALID_ID: 12865475
2023-06-30 19:21:59 [booklist] INFO: VALID_ID: 1312386
2023-06-30 19:21:59 [booklist] INFO: VALID_ID: 10303540
2023-06-30 19:21:59 [booklist] INFO: VALID_ID: 1307989
2023-06-30 19:21:59 [booklist] INFO: VALID_ID: 1311993
2023-06-30 19:21:59 [booklist] INFO: VALID_ID: 1308247
2023-06-30 19:21:59 [booklist] INFO: VALID_ID: 1313041
2023-06-30 19:21:59 [booklist] INFO: VALID_ID: 1308164
2023-06-30 19:21:59 [booklist] INFO: VALID_ID: 12865336
2023-06-30 19:21:59 [booklist] INFO: VALID_ID: 1309018
2023-06-30 19:21:59 [booklist] INFO: VALID_ID: 1313107
2023-06-30 19:21:59 [booklist] INFO: VALID_ID: 1308253
2023-06-30 19:21:59 [booklist] INFO: VALID_ID: 1313138
2023-06-30 19:21:59 [booklist] INFO: VALID_ID: 1312180
2023-06-30 19:21:59 [booklist] INFO: VALID_ID: 10303539
2023-06-30 19:21:59 [scrapy.core.engine] DEBUG: Crawled (200) <POST https://dl.ndl.go.jp/api/item/search> (referer: https://dl.ndl.go.jp/api/item/search)
2023-06-30 19:21:59 [booklist] INFO: Fetched page 2
2023-06-30 19:22:00 [booklist] INFO: VALID_ID: 1301738
2023-06-30 19:22:00 [booklist] INFO: VALID_ID: 1312180
2023-06-30 19:22:00 [booklist] INFO: VALID_ID: 1312673
2023-06-30 19:22:00 [booklist] INFO: VALID_ID: 1308182
2023-06-30 19:22:00 [booklist] INFO: VALID_ID: 1308578
2023-06-30 19:22:00 [booklist] INFO: VALID_ID: 1312159
2023-06-30 19:22:00 [booklist] INFO: VALID_ID: 1313417
2023-06-30 19:22:00 [booklist] INFO: VALID_ID: 1313048
2023-06-30 19:22:00 [booklist] INFO: VALID_ID: 1309633
2023-06-30 19:22:00 [booklist] INFO: VALID_ID: 1307199
2023-06-30 19:22:00 [booklist] INFO: VALID_ID: 1308533
2023-06-30 19:22:00 [booklist] INFO: VALID_ID: 1313083
2023-06-30 19:22:00 [booklist] INFO: VALID_ID: 1308654
2023-06-30 19:22:00 [booklist] INFO: VALID_ID: 1308772
2023-06-30 19:22:00 [booklist] INFO: VALID_ID: 1310491
2023-06-30 19:22:00 [booklist] INFO: VALID_ID: 1313038
2023-06-30 19:22:00 [booklist] INFO: VALID_ID: 1311770
2023-06-30 19:22:00 [booklist] INFO: VALID_ID: 1313004
2023-06-30 19:22:00 [booklist] INFO: VALID_ID: 1304040
2023-06-30 19:22:00 [booklist] INFO: VALID_ID: 1307733
2023-06-30 19:22:00 [booklist] INFO: VALID_ID: 1307825
2023-06-30 19:22:00 [booklist] INFO: VALID_ID: 1312601
2023-06-30 19:22:00 [booklist] INFO: VALID_ID: 1303822
2023-06-30 19:22:00 [booklist] INFO: VALID_ID: 1309224
2023-06-30 19:22:00 [booklist] INFO: VALID_ID: 1305223
2023-06-30 19:22:00 [booklist] INFO: VALID_ID: 2559141
2023-06-30 19:22:00 [booklist] INFO: VALID_ID: 1309638
2023-06-30 19:22:00 [booklist] INFO: VALID_ID: 1310089
2023-06-30 19:22:00 [booklist] INFO: VALID_ID: 1307220
2023-06-30 19:22:00 [booklist] INFO: VALID_ID: 1311090
2023-06-30 19:22:00 [booklist] INFO: VALID_ID: 10301279
2023-06-30 19:22:00 [booklist] INFO: VALID_ID: 2532881
2023-06-30 19:22:00 [booklist] INFO: VALID_ID: 1307574
2023-06-30 19:22:00 [booklist] INFO: VALID_ID: 1303987
2023-06-30 19:22:00 [booklist] INFO: VALID_ID: 1309626
2023-06-30 19:22:00 [booklist] INFO: VALID_ID: 1305370
2023-06-30 19:22:00 [booklist] INFO: VALID_ID: 1311485
2023-06-30 19:22:00 [booklist] INFO: VALID_ID: 1313344
2023-06-30 19:22:00 [booklist] INFO: VALID_ID: 1305350
2023-06-30 19:22:00 [booklist] INFO: VALID_ID: 1304051
2023-06-30 19:22:00 [booklist] INFO: VALID_ID: 1305235
2023-06-30 19:22:00 [booklist] INFO: VALID_ID: 1301347
2023-06-30 19:22:00 [booklist] INFO: VALID_ID: 1311149
2023-06-30 19:22:00 [booklist] INFO: VALID_ID: 1312394
2023-06-30 19:22:00 [booklist] INFO: VALID_ID: 1308229
2023-06-30 19:22:00 [booklist] INFO: VALID_ID: 1313211
2023-06-30 19:22:00 [booklist] INFO: VALID_ID: 1303182
2023-06-30 19:22:00 [booklist] INFO: VALID_ID: 1305376
2023-06-30 19:22:00 [booklist] INFO: VALID_ID: 1311104
2023-06-30 19:22:00 [booklist] INFO: VALID_ID: 1304309
2023-06-30 19:22:00 [booklist] INFO: VALID_ID: 1309225
2023-06-30 19:22:00 [booklist] INFO: VALID_ID: 1309261
2023-06-30 19:22:00 [booklist] INFO: VALID_ID: 1308643
2023-06-30 19:22:00 [booklist] INFO: VALID_ID: 1312561
2023-06-30 19:22:00 [booklist] INFO: VALID_ID: 1305255
2023-06-30 19:22:00 [booklist] INFO: VALID_ID: 1311032
2023-06-30 19:22:00 [booklist] INFO: VALID_ID: 1309267
2023-06-30 19:22:00 [booklist] INFO: VALID_ID: 1311293
2023-06-30 19:22:00 [booklist] INFO: VALID_ID: 1311140
2023-06-30 19:22:00 [booklist] INFO: VALID_ID: 1309269
2023-06-30 19:22:00 [booklist] INFO: VALID_ID: 1311989
2023-06-30 19:22:00 [booklist] INFO: VALID_ID: 1309242
2023-06-30 19:22:00 [booklist] INFO: VALID_ID: 1307823
2023-06-30 19:22:00 [booklist] INFO: VALID_ID: 1309271
2023-06-30 19:22:00 [booklist] INFO: VALID_ID: 1309246
2023-06-30 19:22:00 [booklist] INFO: VALID_ID: 1309248
2023-06-30 19:22:00 [booklist] INFO: VALID_ID: 1311000
2023-06-30 19:22:00 [booklist] INFO: VALID_ID: 1307740
2023-06-30 19:22:00 [booklist] INFO: VALID_ID: 1303176
2023-06-30 19:22:00 [booklist] INFO: VALID_ID: 1308648
2023-06-30 19:22:00 [booklist] INFO: VALID_ID: 1307167
2023-06-30 19:22:00 [booklist] INFO: VALID_ID: 1312009
2023-06-30 19:22:00 [booklist] INFO: VALID_ID: 1303881
2023-06-30 19:22:00 [booklist] INFO: VALID_ID: 1309229
2023-06-30 19:22:00 [booklist] INFO: VALID_ID: 1309245
2023-06-30 19:22:00 [booklist] INFO: VALID_ID: 1305337
2023-06-30 19:22:00 [booklist] INFO: VALID_ID: 1309263
2023-06-30 19:22:00 [booklist] INFO: VALID_ID: 1310810
2023-06-30 19:22:00 [booklist] INFO: VALID_ID: 1301502
2023-06-30 19:22:00 [booklist] INFO: VALID_ID: 1305361
2023-06-30 19:22:00 [booklist] INFO: VALID_ID: 2559137
2023-06-30 19:22:00 [booklist] INFO: VALID_ID: 1309253
2023-06-30 19:22:00 [booklist] INFO: VALID_ID: 1313464
2023-06-30 19:22:00 [booklist] INFO: VALID_ID: 1307653
2023-06-30 19:22:00 [booklist] INFO: VALID_ID: 2559136
2023-06-30 19:22:00 [booklist] INFO: VALID_ID: 1311095
2023-06-30 19:22:00 [booklist] INFO: VALID_ID: 1313462
2023-06-30 19:22:00 [booklist] INFO: VALID_ID: 1311122
2023-06-30 19:22:00 [booklist] INFO: VALID_ID: 9369467
2023-06-30 19:22:00 [booklist] INFO: VALID_ID: 1305378
2023-06-30 19:22:00 [booklist] INFO: VALID_ID: 1308225
2023-06-30 19:22:00 [booklist] INFO: VALID_ID: 1305234
2023-06-30 19:22:00 [booklist] INFO: VALID_ID: 1311143
2023-06-30 19:22:00 [booklist] INFO: VALID_ID: 1313463
2023-06-30 19:22:00 [booklist] INFO: VALID_ID: 1307557
2023-06-30 19:22:00 [booklist] INFO: VALID_ID: 1312547
2023-06-30 19:22:00 [booklist] INFO: VALID_ID: 1311247
2023-06-30 19:22:00 [booklist] INFO: VALID_ID: 1311123
2023-06-30 19:22:00 [booklist] INFO: VALID_ID: 1307121
2023-06-30 19:22:00 [booklist] INFO: VALID_ID: 1311243
2023-06-30 19:22:00 [scrapy.core.engine] DEBUG: Crawled (200) <POST https://dl.ndl.go.jp/api/item/search> (referer: https://dl.ndl.go.jp/api/item/search)
2023-06-30 19:22:00 [booklist] INFO: Fetched page 3
2023-06-30 19:22:01 [booklist] INFO: VALID_ID: 1310889
2023-06-30 19:22:01 [booklist] INFO: VALID_ID: 1305384
2023-06-30 19:22:01 [booklist] INFO: VALID_ID: 1307808
2023-06-30 19:22:01 [booklist] INFO: VALID_ID: 1307739
2023-06-30 19:22:01 [booklist] INFO: VALID_ID: 1311243
2023-06-30 19:22:01 [booklist] INFO: VALID_ID: 1310199
2023-06-30 19:22:01 [booklist] INFO: VALID_ID: 1307722
2023-06-30 19:22:01 [booklist] INFO: VALID_ID: 1301419
2023-06-30 19:22:01 [booklist] INFO: VALID_ID: 1311939
2023-06-30 19:22:01 [booklist] INFO: VALID_ID: 1301930
2023-06-30 19:22:01 [booklist] INFO: VALID_ID: 1311019
2023-06-30 19:22:01 [booklist] INFO: VALID_ID: 1311235
2023-06-30 19:22:01 [booklist] INFO: VALID_ID: 1307830
2023-06-30 19:22:01 [booklist] INFO: VALID_ID: 1311992
2023-06-30 19:22:01 [booklist] INFO: VALID_ID: 2584555
2023-06-30 19:22:01 [booklist] INFO: VALID_ID: 2559240
2023-06-30 19:22:01 [booklist] INFO: VALID_ID: 1308245
2023-06-30 19:22:01 [booklist] INFO: VALID_ID: 2584549
2023-06-30 19:22:01 [booklist] INFO: VALID_ID: 1311955
2023-06-30 19:22:01 [booklist] INFO: VALID_ID: 1311179
2023-06-30 19:22:01 [booklist] INFO: VALID_ID: 1312003
2023-06-30 19:22:01 [booklist] INFO: VALID_ID: 1305214
2023-06-30 19:22:01 [booklist] INFO: VALID_ID: 1305221
2023-06-30 19:22:01 [booklist] INFO: VALID_ID: 1309631
2023-06-30 19:22:01 [booklist] INFO: VALID_ID: 1308224
2023-06-30 19:22:01 [booklist] INFO: VALID_ID: 2559135
2023-06-30 19:22:01 [booklist] INFO: VALID_ID: 1307720
2023-06-30 19:22:01 [booklist] INFO: VALID_ID: 1305352
2023-06-30 19:22:01 [booklist] INFO: VALID_ID: 1305618
2023-06-30 19:22:01 [booklist] INFO: VALID_ID: 2584557
2023-06-30 19:22:01 [booklist] INFO: VALID_ID: 2584550
2023-06-30 19:22:01 [booklist] INFO: VALID_ID: 1308254
2023-06-30 19:22:01 [booklist] INFO: VALID_ID: 2584556
2023-06-30 19:22:01 [booklist] INFO: VALID_ID: 1303982
2023-06-30 19:22:01 [booklist] INFO: VALID_ID: 1310996
2023-06-30 19:22:01 [booklist] INFO: VALID_ID: 1305048
2023-06-30 19:22:01 [booklist] INFO: VALID_ID: 2584553
2023-06-30 19:22:01 [booklist] INFO: VALID_ID: 2584554
2023-06-30 19:22:01 [booklist] INFO: VALID_ID: 1309199
2023-06-30 19:22:01 [booklist] INFO: VALID_ID: 2584552
2023-06-30 19:22:01 [booklist] INFO: VALID_ID: 2584551
2023-06-30 19:22:01 [booklist] INFO: VALID_ID: 2584548
2023-06-30 19:22:01 [booklist] INFO: VALID_ID: 1308219
2023-06-30 19:22:01 [booklist] INFO: VALID_ID: 1310905
2023-06-30 19:22:01 [booklist] INFO: VALID_ID: 2559216
2023-06-30 19:22:01 [booklist] INFO: VALID_ID: 2559177
2023-06-30 19:22:01 [booklist] INFO: VALID_ID: 1312556
2023-06-30 19:22:01 [booklist] INFO: VALID_ID: 1311261
2023-06-30 19:22:01 [booklist] INFO: VALID_ID: 1312382
2023-06-30 19:22:01 [booklist] INFO: VALID_ID: 1308173
2023-06-30 19:22:01 [booklist] INFO: VALID_ID: 1309201
2023-06-30 19:22:01 [booklist] INFO: VALID_ID: 1305033
2023-06-30 19:22:01 [booklist] INFO: VALID_ID: 1311951
2023-06-30 19:22:01 [booklist] INFO: VALID_ID: 1307651
2023-06-30 19:22:01 [booklist] INFO: VALID_ID: 1309189
2023-06-30 19:22:01 [booklist] INFO: VALID_ID: 1313200
2023-06-30 19:22:01 [booklist] INFO: VALID_ID: 1311954
2023-06-30 19:22:01 [booklist] INFO: VALID_ID: 1308181
2023-06-30 19:22:01 [booklist] INFO: VALID_ID: 2584546
2023-06-30 19:22:01 [booklist] INFO: VALID_ID: 1312702
2023-06-30 19:22:01 [booklist] INFO: VALID_ID: 1308162
2023-06-30 19:22:01 [booklist] INFO: VALID_ID: 1311284
2023-06-30 19:22:01 [booklist] INFO: VALID_ID: 1312363
2023-06-30 19:22:01 [booklist] INFO: VALID_ID: 2559148
2023-06-30 19:22:01 [booklist] INFO: VALID_ID: 2584281
2023-06-30 19:22:01 [booklist] INFO: VALID_ID: 1312633
2023-06-30 19:22:01 [booklist] INFO: VALID_ID: 2570279
2023-06-30 19:22:01 [booklist] INFO: VALID_ID: 2553335
2023-06-30 19:22:01 [booklist] INFO: VALID_ID: 2542275
2023-06-30 19:22:01 [booklist] INFO: VALID_ID: 1308251
2023-06-30 19:22:01 [booklist] INFO: VALID_ID: 1305052
2023-06-30 19:22:01 [booklist] INFO: VALID_ID: 2576243
2023-06-30 19:22:01 [booklist] INFO: VALID_ID: 2584282
2023-06-30 19:22:01 [booklist] INFO: VALID_ID: 1311107
2023-06-30 19:22:01 [booklist] INFO: VALID_ID: 1311296
2023-06-30 19:22:01 [booklist] INFO: VALID_ID: 1309192
2023-06-30 19:22:01 [booklist] INFO: VALID_ID: 1308184
2023-06-30 19:22:01 [booklist] INFO: VALID_ID: 2584424
2023-06-30 19:22:01 [booklist] INFO: VALID_ID: 1305038
2023-06-30 19:22:01 [booklist] INFO: VALID_ID: 2541593
2023-06-30 19:22:01 [booklist] INFO: VALID_ID: 1301345
2023-06-30 19:22:01 [booklist] INFO: VALID_ID: 2559265
2023-06-30 19:22:01 [booklist] INFO: VALID_ID: 1311292
2023-06-30 19:22:01 [booklist] INFO: VALID_ID: 2584293
2023-06-30 19:22:01 [booklist] INFO: VALID_ID: 2584455
2023-06-30 19:22:01 [booklist] INFO: VALID_ID: 2584563
2023-06-30 19:22:01 [booklist] INFO: VALID_ID: 2540840
2023-06-30 19:22:01 [booklist] INFO: VALID_ID: 2584279
2023-06-30 19:22:01 [booklist] INFO: VALID_ID: 2558895
2023-06-30 19:22:01 [booklist] INFO: VALID_ID: 10301391
2023-06-30 19:22:01 [booklist] INFO: VALID_ID: 2584433
2023-06-30 19:22:01 [booklist] INFO: VALID_ID: 2584280
2023-06-30 19:22:01 [booklist] INFO: VALID_ID: 2584426
2023-06-30 19:22:01 [booklist] INFO: VALID_ID: 2584559
2023-06-30 19:22:01 [booklist] INFO: VALID_ID: 1309180
2023-06-30 19:22:01 [booklist] INFO: VALID_ID: 1308230
2023-06-30 19:22:01 [booklist] INFO: VALID_ID: 1307824
2023-06-30 19:22:01 [booklist] INFO: VALID_ID: 1311298
2023-06-30 19:22:01 [booklist] INFO: VALID_ID: 2584278
2023-06-30 19:22:01 [booklist] INFO: VALID_ID: 2584393
2023-06-30 19:22:02 [scrapy.core.engine] DEBUG: Crawled (200) <POST https://dl.ndl.go.jp/api/item/search> (referer: https://dl.ndl.go.jp/api/item/search)
2023-06-30 19:22:02 [booklist] INFO: Fetched page 4
2023-06-30 19:22:02 [booklist] INFO: VALID_ID: 2584455
2023-06-30 19:22:02 [booklist] INFO: VALID_ID: 2584563
2023-06-30 19:22:02 [booklist] INFO: VALID_ID: 2584584
2023-06-30 19:22:02 [booklist] INFO: VALID_ID: 2584461
2023-06-30 19:22:02 [booklist] INFO: VALID_ID: 2584560
2023-06-30 19:22:02 [booklist] INFO: VALID_ID: 2584434
2023-06-30 19:22:02 [booklist] INFO: VALID_ID: 2584432
2023-06-30 19:22:02 [booklist] INFO: VALID_ID: 2584426
2023-06-30 19:22:02 [booklist] INFO: VALID_ID: 2584290
2023-06-30 19:22:02 [booklist] INFO: VALID_ID: 2584291
2023-06-30 19:22:02 [booklist] INFO: VALID_ID: 2539716
2023-06-30 19:22:02 [booklist] INFO: VALID_ID: 2584458
2023-06-30 19:22:02 [booklist] INFO: VALID_ID: 2584599
2023-06-30 19:22:02 [booklist] INFO: VALID_ID: 2608195
2023-06-30 19:22:02 [booklist] INFO: VALID_ID: 2584392
2023-06-30 19:22:02 [booklist] INFO: VALID_ID: 2584332
2023-06-30 19:22:02 [booklist] INFO: VALID_ID: 1307542
2023-06-30 19:22:02 [booklist] INFO: VALID_ID: 2584460
2023-06-30 19:22:02 [booklist] INFO: VALID_ID: 2584391
2023-06-30 19:22:02 [booklist] INFO: VALID_ID: 2584456
2023-06-30 19:22:02 [booklist] INFO: VALID_ID: 2563758
2023-06-30 19:22:02 [booklist] INFO: VALID_ID: 2584558
2023-06-30 19:22:02 [booklist] INFO: VALID_ID: 1311297
2023-06-30 19:22:02 [booklist] INFO: VALID_ID: 2584389
2023-06-30 19:22:02 [booklist] INFO: VALID_ID: 2584585
2023-06-30 19:22:02 [booklist] INFO: VALID_ID: 2584457
2023-06-30 19:22:02 [booklist] INFO: VALID_ID: 2584430
2023-06-30 19:22:02 [booklist] INFO: VALID_ID: 2584598
2023-06-30 19:22:02 [booklist] INFO: VALID_ID: 2584388
2023-06-30 19:22:02 [booklist] INFO: VALID_ID: 2584597
2023-06-30 19:22:02 [booklist] INFO: VALID_ID: 2584562
2023-06-30 19:22:02 [booklist] INFO: VALID_ID: 2584328
2023-06-30 19:22:02 [booklist] INFO: VALID_ID: 2584292
2023-06-30 19:22:02 [booklist] INFO: VALID_ID: 2584390
2023-06-30 19:22:02 [booklist] INFO: VALID_ID: 1301379
2023-06-30 19:22:02 [booklist] INFO: VALID_ID: 2584427
2023-06-30 19:22:02 [booklist] INFO: VALID_ID: 2584425
2023-06-30 19:22:02 [booklist] INFO: VALID_ID: 2584289
2023-06-30 19:22:02 [booklist] INFO: VALID_ID: 2584454
2023-06-30 19:22:02 [booklist] INFO: VALID_ID: 2584490
2023-06-30 19:22:02 [booklist] INFO: VALID_ID: 2584329
2023-06-30 19:22:02 [booklist] INFO: VALID_ID: 2592124
2023-06-30 19:22:02 [booklist] INFO: VALID_ID: 2584459
2023-06-30 19:22:02 [booklist] INFO: VALID_ID: 2551369
2023-06-30 19:22:02 [booklist] INFO: VALID_ID: 1312366
2023-06-30 19:22:02 [booklist] INFO: VALID_ID: 9370003
2023-06-30 19:22:02 [booklist] INFO: VALID_ID: 2584587
2023-06-30 19:22:02 [booklist] INFO: VALID_ID: 2584288
2023-06-30 19:22:02 [booklist] INFO: VALID_ID: 2584294
2023-06-30 19:22:02 [booklist] INFO: VALID_ID: 2585682
2023-06-30 19:22:02 [booklist] INFO: VALID_ID: 1308174
2023-06-30 19:22:02 [booklist] INFO: VALID_ID: 1307569
2023-06-30 19:22:02 [booklist] INFO: VALID_ID: 2584428
2023-06-30 19:22:02 [booklist] INFO: VALID_ID: 1311265
2023-06-30 19:22:02 [booklist] INFO: VALID_ID: 2584431
2023-06-30 19:22:02 [booklist] INFO: VALID_ID: 1307558
2023-06-30 19:22:02 [booklist] INFO: VALID_ID: 2551370
2023-06-30 19:22:02 [booklist] INFO: VALID_ID: 2584596
2023-06-30 19:22:02 [booklist] INFO: VALID_ID: 2584331
2023-06-30 19:22:02 [booklist] INFO: VALID_ID: 2537953
2023-06-30 19:22:02 [booklist] INFO: VALID_ID: 2584429
2023-06-30 19:22:02 [booklist] INFO: VALID_ID: 2576244
2023-06-30 19:22:02 [booklist] INFO: VALID_ID: 2585439
2023-06-30 19:22:02 [booklist] INFO: VALID_ID: 1301296
2023-06-30 19:22:02 [booklist] INFO: VALID_ID: 10301716
2023-06-30 19:22:02 [booklist] INFO: VALID_ID: 2585595
2023-06-30 19:22:02 [booklist] INFO: VALID_ID: 9370012
2023-06-30 19:22:02 [booklist] INFO: VALID_ID: 2584423
2023-06-30 19:22:02 [booklist] INFO: VALID_ID: 2533159
2023-06-30 19:22:02 [booklist] INFO: VALID_ID: 2585507
2023-06-30 19:22:02 [booklist] INFO: VALID_ID: 1301321
2023-06-30 19:22:02 [booklist] INFO: VALID_ID: 1301346
2023-06-30 19:22:02 [booklist] INFO: VALID_ID: 2548611
2023-06-30 19:22:02 [booklist] INFO: VALID_ID: 2610692
2023-06-30 19:22:02 [booklist] INFO: VALID_ID: 10303649
2023-06-30 19:22:02 [booklist] INFO: VALID_ID: 1301764
2023-06-30 19:22:02 [booklist] INFO: VALID_ID: 2585455
2023-06-30 19:22:02 [booklist] INFO: VALID_ID: 2585192
2023-06-30 19:22:02 [booklist] INFO: VALID_ID: 1310875
2023-06-30 19:22:02 [booklist] INFO: VALID_ID: 1301358
2023-06-30 19:22:02 [booklist] INFO: VALID_ID: 1310355
2023-06-30 19:22:02 [booklist] INFO: VALID_ID: 2585680
2023-06-30 19:22:02 [booklist] INFO: VALID_ID: 1311302
2023-06-30 19:22:02 [booklist] INFO: VALID_ID: 1301298
2023-06-30 19:22:02 [booklist] INFO: VALID_ID: 2585602
2023-06-30 19:22:02 [booklist] INFO: VALID_ID: 2585402
2023-06-30 19:22:02 [booklist] INFO: VALID_ID: 10301285
2023-06-30 19:22:02 [booklist] INFO: VALID_ID: 2540569
2023-06-30 19:22:02 [booklist] INFO: VALID_ID: 2585601
2023-06-30 19:22:02 [booklist] INFO: VALID_ID: 2587647
2023-06-30 19:22:02 [booklist] INFO: VALID_ID: 2585257
2023-06-30 19:22:02 [booklist] INFO: VALID_ID: 2585425
2023-06-30 19:22:02 [booklist] INFO: VALID_ID: 2585522
2023-06-30 19:22:02 [booklist] INFO: VALID_ID: 2540527
2023-06-30 19:22:02 [booklist] INFO: VALID_ID: 1287598
2023-06-30 19:22:02 [booklist] INFO: VALID_ID: 2551757
2023-06-30 19:22:02 [booklist] INFO: VALID_ID: 2610801
2023-06-30 19:22:02 [booklist] INFO: VALID_ID: 10301257
2023-06-30 19:22:02 [booklist] INFO: VALID_ID: 1287586
2023-06-30 19:22:02 [booklist] INFO: VALID_ID: 1287607
2023-06-30 19:22:03 [scrapy.core.engine] DEBUG: Crawled (200) <POST https://dl.ndl.go.jp/api/item/search> (referer: https://dl.ndl.go.jp/api/item/search)
2023-06-30 19:22:03 [booklist] INFO: Fetched page 5
2023-06-30 19:22:04 [booklist] INFO: VALID_ID: 2549690
2023-06-30 19:22:04 [booklist] INFO: VALID_ID: 2610801
2023-06-30 19:22:04 [booklist] INFO: VALID_ID: 1312554
2023-06-30 19:22:04 [booklist] INFO: VALID_ID: 10301743
2023-06-30 19:22:04 [booklist] INFO: VALID_ID: 1287593
2023-06-30 19:22:04 [booklist] INFO: VALID_ID: 10301165
2023-06-30 19:22:04 [booklist] INFO: VALID_ID: 1287601
2023-06-30 19:22:04 [booklist] INFO: VALID_ID: 2585588
2023-06-30 19:22:04 [booklist] INFO: VALID_ID: 1287592
2023-06-30 19:22:04 [booklist] INFO: VALID_ID: 1287594
2023-06-30 19:22:04 [booklist] INFO: VALID_ID: 1287595
2023-06-30 19:22:04 [booklist] INFO: VALID_ID: 2605579
2023-06-30 19:22:04 [booklist] INFO: VALID_ID: 2609629
2023-06-30 19:22:04 [booklist] INFO: VALID_ID: 10301269
2023-06-30 19:22:04 [booklist] INFO: VALID_ID: 1287608
2023-06-30 19:22:04 [booklist] INFO: VALID_ID: 1287585
2023-06-30 19:22:04 [booklist] INFO: VALID_ID: 2585241
2023-06-30 19:22:04 [booklist] INFO: VALID_ID: 2585320
2023-06-30 19:22:04 [booklist] INFO: VALID_ID: 1287586
2023-06-30 19:22:04 [booklist] INFO: VALID_ID: 1287607
2023-06-30 19:22:04 [booklist] INFO: VALID_ID: 1287603
2023-06-30 19:22:04 [booklist] INFO: VALID_ID: 10301236
2023-06-30 19:22:04 [booklist] INFO: VALID_ID: 1287610
2023-06-30 19:22:04 [booklist] INFO: VALID_ID: 1287587
2023-06-30 19:22:04 [booklist] INFO: VALID_ID: 1288333
2023-06-30 19:22:04 [booklist] INFO: VALID_ID: 10301593
2023-06-30 19:22:04 [booklist] INFO: VALID_ID: 1311921
2023-06-30 19:22:04 [booklist] INFO: VALID_ID: 2589065
2023-06-30 19:22:04 [booklist] INFO: VALID_ID: 1287599
2023-06-30 19:22:04 [booklist] INFO: VALID_ID: 1287602
2023-06-30 19:22:04 [booklist] INFO: VALID_ID: 1307826
2023-06-30 19:22:04 [booklist] INFO: VALID_ID: 1287600
2023-06-30 19:22:04 [booklist] INFO: VALID_ID: 10301407
2023-06-30 19:22:04 [booklist] INFO: VALID_ID: 1301766
2023-06-30 19:22:04 [booklist] INFO: VALID_ID: 9369964
2023-06-30 19:22:04 [booklist] INFO: VALID_ID: 2608772
2023-06-30 19:22:04 [booklist] INFO: VALID_ID: 2610270
2023-06-30 19:22:04 [booklist] INFO: VALID_ID: 10301354
2023-06-30 19:22:04 [booklist] INFO: VALID_ID: 9369953
2023-06-30 19:22:04 [booklist] INFO: VALID_ID: 1301775
2023-06-30 19:22:04 [booklist] INFO: VALID_ID: 2548008
2023-06-30 19:22:04 [booklist] INFO: VALID_ID: 2548012
2023-06-30 19:22:04 [booklist] INFO: VALID_ID: 1307804
2023-06-30 19:22:04 [booklist] INFO: VALID_ID: 10301536
2023-06-30 19:22:04 [booklist] INFO: VALID_ID: 2548007
2023-06-30 19:22:04 [booklist] INFO: VALID_ID: 10301535
2023-06-30 19:22:04 [booklist] INFO: VALID_ID: 2607286
2023-06-30 19:22:04 [booklist] INFO: VALID_ID: 2609142
2023-06-30 19:22:04 [booklist] INFO: VALID_ID: 2549293
2023-06-30 19:22:04 [booklist] INFO: VALID_ID: 2608597
2023-06-30 19:22:04 [booklist] INFO: VALID_ID: 2547744
2023-06-30 19:22:04 [booklist] INFO: VALID_ID: 2550212
2023-06-30 19:22:04 [booklist] INFO: VALID_ID: 2608721
2023-06-30 19:22:04 [booklist] INFO: VALID_ID: 2547504
2023-06-30 19:22:04 [booklist] INFO: VALID_ID: 2550266
2023-06-30 19:22:04 [booklist] INFO: VALID_ID: 10301340
2023-06-30 19:22:04 [booklist] INFO: VALID_ID: 2549673
2023-06-30 19:22:04 [booklist] INFO: VALID_ID: 10301232
2023-06-30 19:22:04 [booklist] INFO: VALID_ID: 2606425
2023-06-30 19:22:04 [booklist] INFO: VALID_ID: 2559142
2023-06-30 19:22:04 [booklist] INFO: VALID_ID: 2550353
2023-06-30 19:22:04 [booklist] INFO: VALID_ID: 2547501
2023-06-30 19:22:04 [booklist] INFO: VALID_ID: 10301264
2023-06-30 19:22:04 [booklist] INFO: VALID_ID: 2608247
2023-06-30 19:22:04 [booklist] INFO: VALID_ID: 2550257
2023-06-30 19:22:04 [booklist] INFO: VALID_ID: 2559143
2023-06-30 19:22:04 [booklist] INFO: VALID_ID: 2559144
2023-06-30 19:22:04 [booklist] INFO: VALID_ID: 2549289
2023-06-30 19:22:04 [booklist] INFO: VALID_ID: 2547726
2023-06-30 19:22:04 [booklist] INFO: VALID_ID: 2607580
2023-06-30 19:22:04 [booklist] INFO: VALID_ID: 2559139
2023-06-30 19:22:04 [booklist] INFO: VALID_ID: 2559138
2023-06-30 19:22:04 [booklist] INFO: VALID_ID: 2559133
2023-06-30 19:22:04 [booklist] INFO: VALID_ID: 2550258
2023-06-30 19:22:04 [booklist] INFO: VALID_ID: 2559134
2023-06-30 19:22:04 [booklist] INFO: VALID_ID: 2559140
2023-06-30 19:22:04 [booklist] INFO: VALID_ID: 2559145
2023-06-30 19:22:04 [booklist] INFO: VALID_ID: 2548602
2023-06-30 19:22:04 [booklist] INFO: VALID_ID: 2547718
2023-06-30 19:22:04 [booklist] INFO: VALID_ID: 2607879
2023-06-30 19:22:04 [booklist] INFO: VALID_ID: 2608004
2023-06-30 19:22:04 [booklist] INFO: VALID_ID: 2550338
2023-06-30 19:22:04 [booklist] INFO: VALID_ID: 2576238
2023-06-30 19:22:04 [booklist] INFO: VALID_ID: 10301149
2023-06-30 19:22:04 [booklist] INFO: VALID_ID: 2550153
2023-06-30 19:22:04 [booklist] INFO: VALID_ID: 2550340
2023-06-30 19:22:04 [booklist] INFO: VALID_ID: 2550339
2023-06-30 19:22:04 [booklist] INFO: VALID_ID: 2550307
2023-06-30 19:22:04 [booklist] INFO: VALID_ID: 2576235
2023-06-30 19:22:04 [booklist] INFO: VALID_ID: 2576245
2023-06-30 19:22:04 [booklist] INFO: VALID_ID: 9892700
2023-06-30 19:22:04 [booklist] INFO: VALID_ID: 2609321
2023-06-30 19:22:04 [booklist] INFO: VALID_ID: 2576234
2023-06-30 19:22:04 [booklist] INFO: VALID_ID: 2576237
2023-06-30 19:22:04 [booklist] INFO: VALID_ID: 2576241
2023-06-30 19:22:04 [booklist] INFO: VALID_ID: 2576240
2023-06-30 19:22:04 [booklist] INFO: VALID_ID: 2576239
2023-06-30 19:22:04 [booklist] INFO: VALID_ID: 2547771
2023-06-30 19:22:04 [booklist] INFO: VALID_ID: 2576236
2023-06-30 19:22:04 [booklist] INFO: VALID_ID: 2576242
2023-06-30 19:22:05 [scrapy.core.engine] DEBUG: Crawled (200) <POST https://dl.ndl.go.jp/api/item/search> (referer: https://dl.ndl.go.jp/api/item/search)
2023-06-30 19:22:05 [booklist] INFO: Fetched page 6
2023-06-30 19:22:06 [booklist] INFO: VALID_ID: 2559211
2023-06-30 19:22:06 [booklist] INFO: VALID_ID: 2607339
2023-06-30 19:22:06 [booklist] INFO: VALID_ID: 2559218
2023-06-30 19:22:06 [booklist] INFO: VALID_ID: 2547770
2023-06-30 19:22:06 [booklist] INFO: VALID_ID: 10301138
2023-06-30 19:22:06 [booklist] INFO: VALID_ID: 2608884
2023-06-30 19:22:06 [booklist] INFO: VALID_ID: 2541121
2023-06-30 19:22:06 [booklist] INFO: VALID_ID: 2547745
2023-06-30 19:22:06 [booklist] INFO: VALID_ID: 2547772
2023-06-30 19:22:06 [booklist] INFO: VALID_ID: 2559217
2023-06-30 19:22:06 [booklist] INFO: VALID_ID: 2559163
2023-06-30 19:22:06 [booklist] INFO: VALID_ID: 2559165
2023-06-30 19:22:06 [booklist] INFO: VALID_ID: 2559174
2023-06-30 19:22:06 [booklist] INFO: VALID_ID: 2559210
2023-06-30 19:22:06 [booklist] INFO: VALID_ID: 2559207
2023-06-30 19:22:06 [booklist] INFO: VALID_ID: 2559208
2023-06-30 19:22:06 [booklist] INFO: VALID_ID: 2559215
2023-06-30 19:22:06 [booklist] INFO: VALID_ID: 2559212
2023-06-30 19:22:06 [booklist] INFO: VALID_ID: 2559209
2023-06-30 19:22:06 [booklist] INFO: VALID_ID: 2559213
2023-06-30 19:22:06 [booklist] INFO: VALID_ID: 2559175
2023-06-30 19:22:06 [booklist] INFO: VALID_ID: 2550161
2023-06-30 19:22:06 [booklist] INFO: VALID_ID: 10301383
2023-06-30 19:22:06 [booklist] INFO: VALID_ID: 2559169
2023-06-30 19:22:06 [booklist] INFO: VALID_ID: 2550218
2023-06-30 19:22:06 [booklist] INFO: VALID_ID: 2559176
2023-06-30 19:22:06 [booklist] INFO: VALID_ID: 2559170
2023-06-30 19:22:06 [booklist] INFO: VALID_ID: 2559173
2023-06-30 19:22:06 [booklist] INFO: VALID_ID: 2559166
2023-06-30 19:22:06 [booklist] INFO: VALID_ID: 2559171
2023-06-30 19:22:06 [booklist] INFO: VALID_ID: 2559262
2023-06-30 19:22:06 [booklist] INFO: VALID_ID: 2559164
2023-06-30 19:22:06 [booklist] INFO: VALID_ID: 2559172
2023-06-30 19:22:06 [booklist] INFO: VALID_ID: 2606743
2023-06-30 19:22:06 [booklist] INFO: VALID_ID: 2559167
2023-06-30 19:22:06 [booklist] INFO: VALID_ID: 2559168
2023-06-30 19:22:06 [booklist] INFO: VALID_ID: 2559263
2023-06-30 19:22:06 [booklist] INFO: VALID_ID: 2559264
2023-06-30 19:22:06 [booklist] INFO: VALID_ID: 2559259
2023-06-30 19:22:06 [booklist] INFO: VALID_ID: 2559258
2023-06-30 19:22:06 [booklist] INFO: VALID_ID: 2559260
2023-06-30 19:22:06 [booklist] INFO: VALID_ID: 2559256
2023-06-30 19:22:06 [booklist] INFO: VALID_ID: 2550197
2023-06-30 19:22:06 [booklist] INFO: VALID_ID: 2559261
2023-06-30 19:22:06 [booklist] INFO: VALID_ID: 2559257
2023-06-30 19:22:06 [booklist] INFO: VALID_ID: 2559159
2023-06-30 19:22:06 [booklist] INFO: VALID_ID: 2559154
2023-06-30 19:22:06 [booklist] INFO: VALID_ID: 2559151
2023-06-30 19:22:06 [booklist] INFO: VALID_ID: 2559147
2023-06-30 19:22:06 [booklist] INFO: VALID_ID: 2606349
2023-06-30 19:22:06 [booklist] INFO: VALID_ID: 2549292
2023-06-30 19:22:06 [booklist] INFO: VALID_ID: 2559153
2023-06-30 19:22:06 [booklist] INFO: VALID_ID: 2559158
2023-06-30 19:22:06 [booklist] INFO: VALID_ID: 2559146
2023-06-30 19:22:06 [booklist] INFO: VALID_ID: 2559162
2023-06-30 19:22:06 [booklist] INFO: VALID_ID: 2559156
2023-06-30 19:22:06 [booklist] INFO: VALID_ID: 2559155
2023-06-30 19:22:06 [booklist] INFO: VALID_ID: 2559150
2023-06-30 19:22:06 [booklist] INFO: VALID_ID: 2559157
2023-06-30 19:22:06 [booklist] INFO: VALID_ID: 2559149
2023-06-30 19:22:06 [booklist] INFO: VALID_ID: 2559152
2023-06-30 19:22:06 [booklist] INFO: VALID_ID: 2559161
2023-06-30 19:22:06 [booklist] INFO: VALID_ID: 2550389
2023-06-30 19:22:06 [booklist] INFO: VALID_ID: 2559237
2023-06-30 19:22:06 [booklist] INFO: VALID_ID: 2559233
2023-06-30 19:22:06 [booklist] INFO: VALID_ID: 2559236
2023-06-30 19:22:06 [booklist] INFO: VALID_ID: 9369963
2023-06-30 19:22:06 [booklist] INFO: VALID_ID: 2559238
2023-06-30 19:22:06 [booklist] INFO: VALID_ID: 2559234
2023-06-30 19:22:06 [booklist] INFO: VALID_ID: 2559235
2023-06-30 19:22:06 [booklist] INFO: VALID_ID: 2559239
2023-06-30 19:22:06 [booklist] INFO: VALID_ID: 2559232
2023-06-30 19:22:06 [booklist] INFO: VALID_ID: 2550145
2023-06-30 19:22:06 [booklist] INFO: VALID_ID: 2550306
2023-06-30 19:22:06 [booklist] INFO: VALID_ID: 2550308
2023-06-30 19:22:06 [booklist] INFO: VALID_ID: 2550164
2023-06-30 19:22:06 [booklist] INFO: VALID_ID: 2550264
2023-06-30 19:22:06 [booklist] INFO: VALID_ID: 2609783
2023-06-30 19:22:06 [booklist] INFO: VALID_ID: 2550259
2023-06-30 19:22:06 [booklist] INFO: VALID_ID: 2550198
2023-06-30 19:22:06 [booklist] INFO: VALID_ID: 2611035
2023-06-30 19:22:06 [scrapy.core.engine] DEBUG: Crawled (200) <POST https://dl.ndl.go.jp/api/item/search> (referer: https://dl.ndl.go.jp/api/item/search)
2023-06-30 19:22:06 [booklist] INFO: Fetched page 7
2023-06-30 19:22:06 [booklist] INFO: No more books on 7
2023-06-30 19:22:06 [scrapy.core.engine] INFO: Closing spider (finished)
2023-06-30 19:22:06 [scrapy.statscollectors] INFO: Dumping Scrapy stats:
{'downloader/request_bytes': 9632,
 'downloader/request_count': 8,
 'downloader/request_method_count/GET': 1,
 'downloader/request_method_count/POST': 7,
 'downloader/response_bytes': 2363970,
 'downloader/response_count': 8,
 'downloader/response_status_count/200': 8,
 'elapsed_time_seconds': 8.726833,
 'finish_reason': 'finished',
 'finish_time': datetime.datetime(2023, 6, 30, 11, 22, 6, 841237),
 'httpcompression/response_bytes': 27014190,
 'httpcompression/response_count': 7,
 'log_count/DEBUG': 11,
 'log_count/INFO': 599,
 'memusage/max': 64106496,
 'memusage/startup': 64106496,
 'request_depth_max': 6,
 'response_received_count': 8,
 'robotstxt/request_count': 1,
 'robotstxt/response_count': 1,
 'robotstxt/response_status_count/200': 1,
 'scheduler/dequeued': 7,
 'scheduler/dequeued/memory': 7,
 'scheduler/enqueued': 7,
 'scheduler/enqueued/memory': 7,
 'start_time': datetime.datetime(2023, 6, 30, 11, 21, 58, 114404)}
2023-06-30 19:22:06 [scrapy.core.engine] INFO: Spider closed (finished)
