2023-06-30 16:23:14 [scrapy.utils.log] INFO: Scrapy 2.9.0 started (bot: ndlcrawler)
2023-06-30 16:23:14 [scrapy.utils.log] INFO: Versions: lxml 4.9.2.0, libxml2 2.9.14, cssselect 1.2.0, parsel 1.8.1, w3lib 2.1.1, Twisted 22.10.0, Python 3.10.10 (main, Mar  5 2023, 22:26:53) [GCC 12.2.1 20230201], pyOpenSSL 23.2.0 (OpenSSL 3.1.1 30 May 2023), cryptography 41.0.1, Platform Linux-6.2.12-arch1-1-x86_64-with-glibc2.37
2023-06-30 16:23:14 [scrapy.crawler] INFO: Overridden settings:
{'BOT_NAME': 'ndlcrawler',
 'FEED_EXPORT_ENCODING': 'utf-8',
 'LOG_FILE': 'logs/booklist.title.寫.log',
 'NEWSPIDER_MODULE': 'ndlcrawler.spiders',
 'REQUEST_FINGERPRINTER_IMPLEMENTATION': '2.7',
 'ROBOTSTXT_OBEY': True,
 'SPIDER_MODULES': ['ndlcrawler.spiders'],
 'TWISTED_REACTOR': 'twisted.internet.asyncioreactor.AsyncioSelectorReactor'}
2023-06-30 16:23:14 [asyncio] DEBUG: Using selector: EpollSelector
2023-06-30 16:23:14 [scrapy.utils.log] DEBUG: Using reactor: twisted.internet.asyncioreactor.AsyncioSelectorReactor
2023-06-30 16:23:14 [scrapy.utils.log] DEBUG: Using asyncio event loop: asyncio.unix_events._UnixSelectorEventLoop
2023-06-30 16:23:14 [scrapy.extensions.telnet] INFO: Telnet Password: 67a97d2241816637
2023-06-30 16:23:14 [scrapy.middleware] INFO: Enabled extensions:
['scrapy.extensions.corestats.CoreStats',
 'scrapy.extensions.telnet.TelnetConsole',
 'scrapy.extensions.memusage.MemoryUsage',
 'scrapy.extensions.logstats.LogStats']
2023-06-30 16:23:14 [scrapy.middleware] INFO: Enabled downloader middlewares:
['scrapy.downloadermiddlewares.robotstxt.RobotsTxtMiddleware',
 'scrapy.downloadermiddlewares.httpauth.HttpAuthMiddleware',
 'scrapy.downloadermiddlewares.downloadtimeout.DownloadTimeoutMiddleware',
 'scrapy.downloadermiddlewares.defaultheaders.DefaultHeadersMiddleware',
 'scrapy.downloadermiddlewares.useragent.UserAgentMiddleware',
 'scrapy.downloadermiddlewares.retry.RetryMiddleware',
 'scrapy.downloadermiddlewares.redirect.MetaRefreshMiddleware',
 'scrapy.downloadermiddlewares.httpcompression.HttpCompressionMiddleware',
 'scrapy.downloadermiddlewares.redirect.RedirectMiddleware',
 'scrapy.downloadermiddlewares.cookies.CookiesMiddleware',
 'scrapy.downloadermiddlewares.httpproxy.HttpProxyMiddleware',
 'scrapy.downloadermiddlewares.stats.DownloaderStats']
2023-06-30 16:23:14 [scrapy.middleware] INFO: Enabled spider middlewares:
['scrapy.spidermiddlewares.httperror.HttpErrorMiddleware',
 'scrapy.spidermiddlewares.offsite.OffsiteMiddleware',
 'scrapy.spidermiddlewares.referer.RefererMiddleware',
 'scrapy.spidermiddlewares.urllength.UrlLengthMiddleware',
 'scrapy.spidermiddlewares.depth.DepthMiddleware']
2023-06-30 16:23:14 [scrapy.middleware] INFO: Enabled item pipelines:
[]
2023-06-30 16:23:14 [scrapy.core.engine] INFO: Spider opened
2023-06-30 16:23:14 [scrapy.extensions.logstats] INFO: Crawled 0 pages (at 0 pages/min), scraped 0 items (at 0 items/min)
2023-06-30 16:23:14 [scrapy.extensions.telnet] INFO: Telnet console listening on 127.0.0.1:6024
2023-06-30 16:23:15 [scrapy.core.engine] DEBUG: Crawled (200) <GET https://dl.ndl.go.jp/robots.txt> (referer: None)
2023-06-30 16:23:16 [scrapy.core.engine] DEBUG: Crawled (200) <POST https://dl.ndl.go.jp/api/item/search> (referer: None)
2023-06-30 16:23:16 [booklist] INFO: Fetched page 1
2023-06-30 16:23:17 [booklist] INFO: VALID_ID: 2549173
2023-06-30 16:23:17 [booklist] INFO: VALID_ID: 1305774
2023-06-30 16:23:17 [booklist] INFO: VALID_ID: 1305777
2023-06-30 16:23:17 [booklist] INFO: VALID_ID: 2549215
2023-06-30 16:23:17 [booklist] INFO: VALID_ID: 2549216
2023-06-30 16:23:17 [booklist] INFO: VALID_ID: 2570948
2023-06-30 16:23:17 [booklist] INFO: VALID_ID: 2549226
2023-06-30 16:23:17 [booklist] INFO: VALID_ID: 1308808
2023-06-30 16:23:17 [booklist] INFO: VALID_ID: 2549171
2023-06-30 16:23:17 [booklist] INFO: VALID_ID: 1305760
2023-06-30 16:23:17 [booklist] INFO: VALID_ID: 1305769
2023-06-30 16:23:17 [booklist] INFO: VALID_ID: 1305757
2023-06-30 16:23:17 [booklist] INFO: VALID_ID: 1308822
2023-06-30 16:23:17 [booklist] INFO: VALID_ID: 2549180
2023-06-30 16:23:17 [booklist] INFO: VALID_ID: 2570949
2023-06-30 16:23:17 [booklist] INFO: VALID_ID: 2549220
2023-06-30 16:23:17 [booklist] INFO: VALID_ID: 2549187
2023-06-30 16:23:17 [booklist] INFO: VALID_ID: 2533168
2023-06-30 16:23:17 [booklist] INFO: VALID_ID: 1305767
2023-06-30 16:23:17 [booklist] INFO: VALID_ID: 2549199
2023-06-30 16:23:17 [booklist] INFO: VALID_ID: 2533195
2023-06-30 16:23:17 [booklist] INFO: VALID_ID: 1305770
2023-06-30 16:23:17 [booklist] INFO: VALID_ID: 1305807
2023-06-30 16:23:17 [booklist] INFO: VALID_ID: 2549188
2023-06-30 16:23:17 [booklist] INFO: VALID_ID: 2549178
2023-06-30 16:23:17 [booklist] INFO: VALID_ID: 2549190
2023-06-30 16:23:17 [booklist] INFO: VALID_ID: 2549181
2023-06-30 16:23:17 [booklist] INFO: VALID_ID: 2549191
2023-06-30 16:23:17 [booklist] INFO: VALID_ID: 1305753
2023-06-30 16:23:17 [booklist] INFO: VALID_ID: 1305787
2023-06-30 16:23:17 [booklist] INFO: VALID_ID: 2549186
2023-06-30 16:23:17 [booklist] INFO: VALID_ID: 2549182
2023-06-30 16:23:17 [booklist] INFO: VALID_ID: 2549237
2023-06-30 16:23:17 [booklist] INFO: VALID_ID: 1305776
2023-06-30 16:23:17 [booklist] INFO: VALID_ID: 1305799
2023-06-30 16:23:17 [booklist] INFO: VALID_ID: 1305805
2023-06-30 16:23:17 [booklist] INFO: VALID_ID: 1305751
2023-06-30 16:23:17 [booklist] INFO: VALID_ID: 1305788
2023-06-30 16:23:17 [booklist] INFO: VALID_ID: 2549195
2023-06-30 16:23:17 [booklist] INFO: VALID_ID: 2549172
2023-06-30 16:23:17 [booklist] INFO: VALID_ID: 1305766
2023-06-30 16:23:17 [booklist] INFO: VALID_ID: 2549174
2023-06-30 16:23:17 [booklist] INFO: VALID_ID: 1305771
2023-06-30 16:23:17 [booklist] INFO: VALID_ID: 1305754
2023-06-30 16:23:17 [booklist] INFO: VALID_ID: 2549225
2023-06-30 16:23:17 [booklist] INFO: VALID_ID: 2549238
2023-06-30 16:23:17 [booklist] INFO: VALID_ID: 2549239
2023-06-30 16:23:17 [booklist] INFO: VALID_ID: 2549177
2023-06-30 16:23:17 [booklist] INFO: VALID_ID: 2549198
2023-06-30 16:23:17 [booklist] INFO: VALID_ID: 1305761
2023-06-30 16:23:17 [booklist] INFO: VALID_ID: 1305772
2023-06-30 16:23:17 [booklist] INFO: VALID_ID: 1305783
2023-06-30 16:23:17 [booklist] INFO: VALID_ID: 1305803
2023-06-30 16:23:17 [booklist] INFO: VALID_ID: 2549202
2023-06-30 16:23:17 [booklist] INFO: VALID_ID: 1305758
2023-06-30 16:23:17 [booklist] INFO: VALID_ID: 2549203
2023-06-30 16:23:17 [booklist] INFO: VALID_ID: 2549170
2023-06-30 16:23:17 [booklist] INFO: VALID_ID: 2549204
2023-06-30 16:23:17 [booklist] INFO: VALID_ID: 1305789
2023-06-30 16:23:17 [booklist] INFO: VALID_ID: 1305781
2023-06-30 16:23:17 [booklist] INFO: VALID_ID: 2549201
2023-06-30 16:23:17 [booklist] INFO: VALID_ID: 1305804
2023-06-30 16:23:17 [booklist] INFO: VALID_ID: 1305752
2023-06-30 16:23:17 [booklist] INFO: VALID_ID: 1305782
2023-06-30 16:23:17 [booklist] INFO: VALID_ID: 2549214
2023-06-30 16:23:17 [booklist] INFO: VALID_ID: 2549217
2023-06-30 16:23:17 [booklist] INFO: VALID_ID: 2549240
2023-06-30 16:23:17 [booklist] INFO: VALID_ID: 2549219
2023-06-30 16:23:17 [booklist] INFO: VALID_ID: 2549244
2023-06-30 16:23:17 [booklist] INFO: VALID_ID: 2549200
2023-06-30 16:23:17 [booklist] INFO: VALID_ID: 1305779
2023-06-30 16:23:17 [booklist] INFO: VALID_ID: 1305750
2023-06-30 16:23:17 [booklist] INFO: VALID_ID: 1305797
2023-06-30 16:23:17 [booklist] INFO: VALID_ID: 1305801
2023-06-30 16:23:17 [booklist] INFO: VALID_ID: 2549179
2023-06-30 16:23:17 [booklist] INFO: VALID_ID: 2549197
2023-06-30 16:23:17 [booklist] INFO: VALID_ID: 1305773
2023-06-30 16:23:17 [booklist] INFO: VALID_ID: 1305778
2023-06-30 16:23:17 [booklist] INFO: VALID_ID: 1305780
2023-06-30 16:23:17 [booklist] INFO: VALID_ID: 1305785
2023-06-30 16:23:17 [booklist] INFO: VALID_ID: 1305756
2023-06-30 16:23:17 [booklist] INFO: VALID_ID: 2549224
2023-06-30 16:23:17 [booklist] INFO: VALID_ID: 2549236
2023-06-30 16:23:17 [booklist] INFO: VALID_ID: 1305800
2023-06-30 16:23:17 [booklist] INFO: VALID_ID: 1305759
2023-06-30 16:23:17 [booklist] INFO: VALID_ID: 2549230
2023-06-30 16:23:17 [booklist] INFO: VALID_ID: 1305762
2023-06-30 16:23:17 [booklist] INFO: VALID_ID: 2549243
2023-06-30 16:23:17 [booklist] INFO: VALID_ID: 1305775
2023-06-30 16:23:17 [booklist] INFO: VALID_ID: 2549209
2023-06-30 16:23:17 [booklist] INFO: VALID_ID: 2549210
2023-06-30 16:23:17 [booklist] INFO: VALID_ID: 2549232
2023-06-30 16:23:17 [booklist] INFO: VALID_ID: 1302545
2023-06-30 16:23:17 [booklist] INFO: VALID_ID: 1312464
2023-06-30 16:23:17 [booklist] INFO: VALID_ID: 1305786
2023-06-30 16:23:17 [booklist] INFO: VALID_ID: 1312463
2023-06-30 16:23:17 [booklist] INFO: VALID_ID: 1305802
2023-06-30 16:23:17 [booklist] INFO: VALID_ID: 2549196
2023-06-30 16:23:17 [booklist] INFO: VALID_ID: 1312462
2023-06-30 16:23:17 [booklist] INFO: VALID_ID: 2549211
2023-06-30 16:23:18 [scrapy.core.engine] DEBUG: Crawled (200) <POST https://dl.ndl.go.jp/api/item/search> (referer: https://dl.ndl.go.jp/api/item/search)
2023-06-30 16:23:18 [booklist] INFO: Fetched page 2
2023-06-30 16:23:18 [booklist] INFO: VALID_ID: 2549211
2023-06-30 16:23:18 [booklist] INFO: VALID_ID: 2549212
2023-06-30 16:23:18 [booklist] INFO: VALID_ID: 2549206
2023-06-30 16:23:18 [booklist] INFO: VALID_ID: 1305768
2023-06-30 16:23:18 [booklist] INFO: VALID_ID: 2549193
2023-06-30 16:23:18 [booklist] INFO: VALID_ID: 2549207
2023-06-30 16:23:18 [booklist] INFO: VALID_ID: 1305790
2023-06-30 16:23:18 [booklist] INFO: VALID_ID: 2549192
2023-06-30 16:23:18 [booklist] INFO: VALID_ID: 2549222
2023-06-30 16:23:18 [booklist] INFO: VALID_ID: 2549245
2023-06-30 16:23:18 [booklist] INFO: VALID_ID: 2549208
2023-06-30 16:23:18 [booklist] INFO: VALID_ID: 2549223
2023-06-30 16:23:18 [booklist] INFO: VALID_ID: 1307223
2023-06-30 16:23:18 [booklist] INFO: VALID_ID: 2549169
2023-06-30 16:23:18 [booklist] INFO: VALID_ID: 2549221
2023-06-30 16:23:18 [booklist] INFO: VALID_ID: 1305784
2023-06-30 16:23:18 [booklist] INFO: VALID_ID: 1307222
2023-06-30 16:23:18 [booklist] INFO: VALID_ID: 2549194
2023-06-30 16:23:18 [booklist] INFO: VALID_ID: 1302546
2023-06-30 16:23:18 [booklist] INFO: VALID_ID: 2540701
2023-06-30 16:23:18 [booklist] INFO: VALID_ID: 1286916
2023-06-30 16:23:18 [booklist] INFO: VALID_ID: 2590749
2023-06-30 16:23:18 [booklist] INFO: VALID_ID: 2590748
2023-06-30 16:23:18 [booklist] INFO: VALID_ID: 2537209
2023-06-30 16:23:18 [booklist] INFO: VALID_ID: 2610711
2023-06-30 16:23:18 [booklist] INFO: VALID_ID: 2535817
2023-06-30 16:23:18 [booklist] INFO: VALID_ID: 1286918
2023-06-30 16:23:18 [booklist] INFO: VALID_ID: 2538394
2023-06-30 16:23:18 [booklist] INFO: VALID_ID: 1286914
2023-06-30 16:23:18 [booklist] INFO: VALID_ID: 2540153
2023-06-30 16:23:18 [booklist] INFO: VALID_ID: 1286915
2023-06-30 16:23:18 [booklist] INFO: VALID_ID: 2537394
2023-06-30 16:23:18 [booklist] INFO: VALID_ID: 1286742
2023-06-30 16:23:18 [booklist] INFO: VALID_ID: 2575000
2023-06-30 16:23:18 [booklist] INFO: VALID_ID: 2610125
2023-06-30 16:23:18 [booklist] INFO: VALID_ID: 2586571
2023-06-30 16:23:18 [booklist] INFO: VALID_ID: 2586572
2023-06-30 16:23:18 [booklist] INFO: VALID_ID: 2586500
2023-06-30 16:23:18 [booklist] INFO: VALID_ID: 2586570
2023-06-30 16:23:18 [booklist] INFO: VALID_ID: 2586569
2023-06-30 16:23:18 [booklist] INFO: VALID_ID: 2609546
2023-06-30 16:23:18 [booklist] INFO: VALID_ID: 2543422
2023-06-30 16:23:18 [booklist] INFO: VALID_ID: 2533459
2023-06-30 16:23:18 [booklist] INFO: VALID_ID: 1286763
2023-06-30 16:23:18 [booklist] INFO: VALID_ID: 2549249
2023-06-30 16:23:18 [booklist] INFO: VALID_ID: 2543429
2023-06-30 16:23:18 [booklist] INFO: VALID_ID: 2543432
2023-06-30 16:23:18 [booklist] INFO: VALID_ID: 2549235
2023-06-30 16:23:18 [booklist] INFO: VALID_ID: 2606520
2023-06-30 16:23:18 [booklist] INFO: VALID_ID: 2549234
2023-06-30 16:23:18 [booklist] INFO: VALID_ID: 2543425
2023-06-30 16:23:18 [booklist] INFO: VALID_ID: 2543431
2023-06-30 16:23:18 [booklist] INFO: VALID_ID: 2549183
2023-06-30 16:23:18 [booklist] INFO: VALID_ID: 2549218
2023-06-30 16:23:18 [booklist] INFO: VALID_ID: 2549246
2023-06-30 16:23:18 [booklist] INFO: VALID_ID: 2549247
2023-06-30 16:23:18 [booklist] INFO: VALID_ID: 2543427
2023-06-30 16:23:18 [booklist] INFO: VALID_ID: 2543421
2023-06-30 16:23:18 [booklist] INFO: VALID_ID: 2543433
2023-06-30 16:23:18 [booklist] INFO: VALID_ID: 1287058
2023-06-30 16:23:18 [booklist] INFO: VALID_ID: 2549248
2023-06-30 16:23:18 [booklist] INFO: VALID_ID: 2549250
2023-06-30 16:23:18 [booklist] INFO: VALID_ID: 2549168
2023-06-30 16:23:18 [booklist] INFO: VALID_ID: 2549228
2023-06-30 16:23:18 [booklist] INFO: VALID_ID: 2543423
2023-06-30 16:23:18 [booklist] INFO: VALID_ID: 2543428
2023-06-30 16:23:18 [booklist] INFO: VALID_ID: 2549231
2023-06-30 16:23:18 [booklist] INFO: VALID_ID: 2549241
2023-06-30 16:23:18 [booklist] INFO: VALID_ID: 2549242
2023-06-30 16:23:18 [booklist] INFO: VALID_ID: 2538379
2023-06-30 16:23:18 [booklist] INFO: VALID_ID: 2549251
2023-06-30 16:23:18 [booklist] INFO: VALID_ID: 2538467
2023-06-30 16:23:18 [booklist] INFO: VALID_ID: 2538568
2023-06-30 16:23:18 [booklist] INFO: VALID_ID: 2543424
2023-06-30 16:23:18 [booklist] INFO: VALID_ID: 2549213
2023-06-30 16:23:18 [booklist] INFO: VALID_ID: 2549227
2023-06-30 16:23:18 [booklist] INFO: VALID_ID: 1286764
2023-06-30 16:23:18 [booklist] INFO: VALID_ID: 1286766
2023-06-30 16:23:18 [booklist] INFO: VALID_ID: 2549184
2023-06-30 16:23:18 [booklist] INFO: VALID_ID: 2606073
2023-06-30 16:23:18 [booklist] INFO: VALID_ID: 2543426
2023-06-30 16:23:18 [booklist] INFO: VALID_ID: 2549205
2023-06-30 16:23:18 [booklist] INFO: VALID_ID: 2549229
2023-06-30 16:23:18 [booklist] INFO: VALID_ID: 2549252
2023-06-30 16:23:18 [booklist] INFO: VALID_ID: 2541052
2023-06-30 16:23:18 [booklist] INFO: VALID_ID: 1286765
2023-06-30 16:23:18 [booklist] INFO: VALID_ID: 1286963
2023-06-30 16:23:18 [booklist] INFO: VALID_ID: 2569393
2023-06-30 16:23:18 [booklist] INFO: VALID_ID: 2535866
2023-06-30 16:23:18 [booklist] INFO: VALID_ID: 2536454
2023-06-30 16:23:18 [booklist] INFO: VALID_ID: 2549189
2023-06-30 16:23:18 [booklist] INFO: VALID_ID: 2607872
2023-06-30 16:23:18 [booklist] INFO: VALID_ID: 2536988
2023-06-30 16:23:18 [booklist] INFO: VALID_ID: 2533370
2023-06-30 16:23:18 [booklist] INFO: VALID_ID: 1287323
2023-06-30 16:23:18 [booklist] INFO: VALID_ID: 2543430
2023-06-30 16:23:18 [booklist] INFO: VALID_ID: 1287403
2023-06-30 16:23:18 [booklist] INFO: VALID_ID: 2569390
2023-06-30 16:23:18 [booklist] INFO: VALID_ID: 2558278
2023-06-30 16:23:18 [booklist] INFO: VALID_ID: 1287399
2023-06-30 16:23:19 [scrapy.core.engine] DEBUG: Crawled (200) <POST https://dl.ndl.go.jp/api/item/search> (referer: https://dl.ndl.go.jp/api/item/search)
2023-06-30 16:23:19 [booklist] INFO: Fetched page 3
2023-06-30 16:23:19 [booklist] INFO: VALID_ID: 2540992
2023-06-30 16:23:19 [booklist] INFO: VALID_ID: 1287018
2023-06-30 16:23:19 [booklist] INFO: VALID_ID: 1287318
2023-06-30 16:23:19 [booklist] INFO: VALID_ID: 1287049
2023-06-30 16:23:19 [booklist] INFO: VALID_ID: 2608432
2023-06-30 16:23:19 [booklist] INFO: VALID_ID: 2533244
2023-06-30 16:23:19 [booklist] INFO: VALID_ID: 2606441
2023-06-30 16:23:19 [booklist] INFO: VALID_ID: 1287402
2023-06-30 16:23:19 [booklist] INFO: VALID_ID: 2586508
2023-06-30 16:23:19 [booklist] INFO: VALID_ID: 1287970
2023-06-30 16:23:19 [booklist] INFO: VALID_ID: 2535794
2023-06-30 16:23:19 [booklist] INFO: VALID_ID: 1287330
2023-06-30 16:23:19 [booklist] INFO: VALID_ID: 2536988
2023-06-30 16:23:19 [booklist] INFO: VALID_ID: 2533370
2023-06-30 16:23:19 [booklist] INFO: VALID_ID: 1287172
2023-06-30 16:23:19 [booklist] INFO: VALID_ID: 1288357
2023-06-30 16:23:19 [booklist] INFO: VALID_ID: 1287028
2023-06-30 16:23:19 [booklist] INFO: VALID_ID: 2535914
2023-06-30 16:23:19 [booklist] INFO: VALID_ID: 1286723
2023-06-30 16:23:19 [booklist] INFO: VALID_ID: 1286909
2023-06-30 16:23:19 [booklist] INFO: VALID_ID: 2532081
2023-06-30 16:23:19 [booklist] INFO: VALID_ID: 1287316
2023-06-30 16:23:19 [booklist] INFO: VALID_ID: 1287329
2023-06-30 16:23:19 [booklist] INFO: VALID_ID: 1287317
2023-06-30 16:23:19 [booklist] INFO: VALID_ID: 1287027
2023-06-30 16:23:19 [booklist] INFO: VALID_ID: 1287320
2023-06-30 16:23:19 [booklist] INFO: VALID_ID: 1287401
2023-06-30 16:23:19 [booklist] INFO: VALID_ID: 2569394
2023-06-30 16:23:19 [booklist] INFO: VALID_ID: 2537007
2023-06-30 16:23:19 [booklist] INFO: VALID_ID: 2537228
2023-06-30 16:23:19 [booklist] INFO: VALID_ID: 2558279
2023-06-30 16:23:19 [booklist] INFO: VALID_ID: 1287971
2023-06-30 16:23:19 [booklist] INFO: VALID_ID: 2569392
2023-06-30 16:23:19 [booklist] INFO: VALID_ID: 1287321
2023-06-30 16:23:19 [booklist] INFO: VALID_ID: 1287322
2023-06-30 16:23:19 [booklist] INFO: VALID_ID: 2586497
2023-06-30 16:23:19 [booklist] INFO: VALID_ID: 2552957
2023-06-30 16:23:19 [booklist] INFO: VALID_ID: 2569395
2023-06-30 16:23:19 [booklist] INFO: VALID_ID: 2586504
2023-06-30 16:23:19 [booklist] INFO: VALID_ID: 2537224
2023-06-30 16:23:19 [booklist] INFO: VALID_ID: 1287319
2023-06-30 16:23:19 [booklist] INFO: VALID_ID: 2586502
2023-06-30 16:23:19 [booklist] INFO: VALID_ID: 2552956
2023-06-30 16:23:19 [booklist] INFO: VALID_ID: 2543101
2023-06-30 16:23:19 [booklist] INFO: VALID_ID: 1287252
2023-06-30 16:23:19 [booklist] INFO: VALID_ID: 1287263
2023-06-30 16:23:19 [booklist] INFO: VALID_ID: 2534273
2023-06-30 16:23:19 [booklist] INFO: VALID_ID: 2586503
2023-06-30 16:23:19 [booklist] INFO: VALID_ID: 2586505
2023-06-30 16:23:19 [booklist] INFO: VALID_ID: 1288442
2023-06-30 16:23:19 [booklist] INFO: VALID_ID: 2569391
2023-06-30 16:23:19 [booklist] INFO: VALID_ID: 2556125
2023-06-30 16:23:19 [booklist] INFO: VALID_ID: 1286926
2023-06-30 16:23:19 [booklist] INFO: VALID_ID: 2556128
2023-06-30 16:23:19 [booklist] INFO: VALID_ID: 2586495
2023-06-30 16:23:19 [booklist] INFO: VALID_ID: 2586501
2023-06-30 16:23:19 [booklist] INFO: VALID_ID: 1287259
2023-06-30 16:23:19 [booklist] INFO: VALID_ID: 1287266
2023-06-30 16:23:19 [booklist] INFO: VALID_ID: 2543098
2023-06-30 16:23:19 [booklist] INFO: VALID_ID: 2538914
2023-06-30 16:23:19 [booklist] INFO: VALID_ID: 2537279
2023-06-30 16:23:19 [booklist] INFO: VALID_ID: 1287244
2023-06-30 16:23:19 [booklist] INFO: VALID_ID: 1287274
2023-06-30 16:23:19 [booklist] INFO: VALID_ID: 1287275
2023-06-30 16:23:19 [booklist] INFO: VALID_ID: 1287279
2023-06-30 16:23:19 [booklist] INFO: VALID_ID: 2532775
2023-06-30 16:23:19 [booklist] INFO: VALID_ID: 1286993
2023-06-30 16:23:19 [booklist] INFO: VALID_ID: 2537188
2023-06-30 16:23:19 [booklist] INFO: VALID_ID: 2535620
2023-06-30 16:23:19 [booklist] INFO: VALID_ID: 2556126
2023-06-30 16:23:19 [booklist] INFO: VALID_ID: 1287264
2023-06-30 16:23:19 [booklist] INFO: VALID_ID: 11299491
2023-06-30 16:23:19 [booklist] INFO: VALID_ID: 1287254
2023-06-30 16:23:19 [booklist] INFO: VALID_ID: 2540039
2023-06-30 16:23:19 [booklist] INFO: VALID_ID: 2536760
2023-06-30 16:23:19 [booklist] INFO: VALID_ID: 2575352
2023-06-30 16:23:19 [booklist] INFO: VALID_ID: 1287255
2023-06-30 16:23:19 [booklist] INFO: VALID_ID: 2543146
2023-06-30 16:23:19 [booklist] INFO: VALID_ID: 2532750
2023-06-30 16:23:19 [booklist] INFO: VALID_ID: 1287250
2023-06-30 16:23:19 [booklist] INFO: VALID_ID: 1287261
2023-06-30 16:23:19 [booklist] INFO: VALID_ID: 1287273
2023-06-30 16:23:19 [booklist] INFO: VALID_ID: 2541330
2023-06-30 16:23:19 [booklist] INFO: VALID_ID: 1287243
2023-06-30 16:23:19 [booklist] INFO: VALID_ID: 11299487
2023-06-30 16:23:19 [booklist] INFO: VALID_ID: 1287272
2023-06-30 16:23:19 [booklist] INFO: VALID_ID: 2535664
2023-06-30 16:23:19 [booklist] INFO: VALID_ID: 1287253
2023-06-30 16:23:19 [booklist] INFO: VALID_ID: 1287265
2023-06-30 16:23:19 [booklist] INFO: VALID_ID: 1287242
2023-06-30 16:23:19 [booklist] INFO: VALID_ID: 1287248
2023-06-30 16:23:19 [booklist] INFO: VALID_ID: 1287249
2023-06-30 16:23:19 [booklist] INFO: VALID_ID: 1287269
2023-06-30 16:23:19 [booklist] INFO: VALID_ID: 2575351
2023-06-30 16:23:19 [booklist] INFO: VALID_ID: 2540047
2023-06-30 16:23:19 [booklist] INFO: VALID_ID: 1287278
2023-06-30 16:23:19 [booklist] INFO: VALID_ID: 1287112
2023-06-30 16:23:19 [booklist] INFO: VALID_ID: 9892577
2023-06-30 16:23:19 [booklist] INFO: VALID_ID: 1287258
2023-06-30 16:23:19 [booklist] INFO: VALID_ID: 1287271
2023-06-30 16:23:20 [scrapy.core.engine] DEBUG: Crawled (200) <POST https://dl.ndl.go.jp/api/item/search> (referer: https://dl.ndl.go.jp/api/item/search)
2023-06-30 16:23:20 [booklist] INFO: Fetched page 4
2023-06-30 16:23:20 [booklist] INFO: VALID_ID: 2556127
2023-06-30 16:23:20 [booklist] INFO: VALID_ID: 1287256
2023-06-30 16:23:20 [booklist] INFO: VALID_ID: 1287277
2023-06-30 16:23:20 [booklist] INFO: VALID_ID: 1287251
2023-06-30 16:23:20 [booklist] INFO: VALID_ID: 1287258
2023-06-30 16:23:20 [booklist] INFO: VALID_ID: 1287271
2023-06-30 16:23:20 [booklist] INFO: VALID_ID: 2543146
2023-06-30 16:23:20 [booklist] INFO: VALID_ID: 11299488
2023-06-30 16:23:20 [booklist] INFO: VALID_ID: 2566981
2023-06-30 16:23:20 [booklist] INFO: VALID_ID: 2555903
2023-06-30 16:23:20 [booklist] INFO: VALID_ID: 2541330
2023-06-30 16:23:20 [booklist] INFO: VALID_ID: 1287243
2023-06-30 16:23:20 [booklist] INFO: VALID_ID: 11299487
2023-06-30 16:23:20 [booklist] INFO: VALID_ID: 1287272
2023-06-30 16:23:20 [booklist] INFO: VALID_ID: 1312443
2023-06-30 16:23:20 [booklist] INFO: VALID_ID: 2586506
2023-06-30 16:23:20 [booklist] INFO: VALID_ID: 11299486
2023-06-30 16:23:20 [booklist] INFO: VALID_ID: 1287247
2023-06-30 16:23:20 [booklist] INFO: VALID_ID: 1287268
2023-06-30 16:23:20 [booklist] INFO: VALID_ID: 2586488
2023-06-30 16:23:20 [booklist] INFO: VALID_ID: 1286820
2023-06-30 16:23:20 [booklist] INFO: VALID_ID: 1302429
2023-06-30 16:23:20 [booklist] INFO: VALID_ID: 1287026
2023-06-30 16:23:20 [booklist] INFO: VALID_ID: 2543106
2023-06-30 16:23:20 [booklist] INFO: VALID_ID: 2607662
2023-06-30 16:23:20 [booklist] INFO: VALID_ID: 1287242
2023-06-30 16:23:20 [booklist] INFO: VALID_ID: 1287248
2023-06-30 16:23:20 [booklist] INFO: VALID_ID: 1287249
2023-06-30 16:23:20 [booklist] INFO: VALID_ID: 1287269
2023-06-30 16:23:20 [booklist] INFO: VALID_ID: 2609940
2023-06-30 16:23:20 [booklist] INFO: VALID_ID: 2536121
2023-06-30 16:23:20 [booklist] INFO: VALID_ID: 1287257
2023-06-30 16:23:20 [booklist] INFO: VALID_ID: 1287262
2023-06-30 16:23:20 [booklist] INFO: VALID_ID: 2575820
2023-06-30 16:23:20 [booklist] INFO: VALID_ID: 2609823
2023-06-30 16:23:20 [booklist] INFO: VALID_ID: 2536229
2023-06-30 16:23:20 [booklist] INFO: VALID_ID: 1287246
2023-06-30 16:23:20 [booklist] INFO: VALID_ID: 1287276
2023-06-30 16:23:20 [booklist] INFO: VALID_ID: 2537057
2023-06-30 16:23:20 [booklist] INFO: VALID_ID: 8942738
2023-06-30 16:23:20 [booklist] INFO: VALID_ID: 2537542
2023-06-30 16:23:20 [booklist] INFO: VALID_ID: 2608014
2023-06-30 16:23:20 [booklist] INFO: VALID_ID: 1286929
2023-06-30 16:23:20 [booklist] INFO: VALID_ID: 1288355
2023-06-30 16:23:20 [booklist] INFO: VALID_ID: 2536725
2023-06-30 16:23:20 [booklist] INFO: VALID_ID: 1307461
2023-06-30 16:23:20 [booklist] INFO: VALID_ID: 11535996
2023-06-30 16:23:20 [booklist] INFO: VALID_ID: 2606102
2023-06-30 16:23:20 [booklist] INFO: VALID_ID: 2536783
2023-06-30 16:23:20 [booklist] INFO: VALID_ID: 11535998
2023-06-30 16:23:20 [booklist] INFO: VALID_ID: 11535999
2023-06-30 16:23:20 [booklist] INFO: VALID_ID: 11535997
2023-06-30 16:23:20 [booklist] INFO: VALID_ID: 1312105
2023-06-30 16:23:20 [booklist] INFO: VALID_ID: 1304433
2023-06-30 16:23:20 [booklist] INFO: VALID_ID: 2558217
2023-06-30 16:23:20 [booklist] INFO: VALID_ID: 2575819
2023-06-30 16:23:20 [booklist] INFO: VALID_ID: 1287113
2023-06-30 16:23:20 [booklist] INFO: VALID_ID: 2575818
2023-06-30 16:23:20 [booklist] INFO: VALID_ID: 2537134
2023-06-30 16:23:20 [booklist] INFO: VALID_ID: 2554176
2023-06-30 16:23:20 [booklist] INFO: VALID_ID: 11536010
2023-06-30 16:23:20 [booklist] INFO: VALID_ID: 2541643
2023-06-30 16:23:20 [booklist] INFO: VALID_ID: 2538376
2023-06-30 16:23:20 [booklist] INFO: VALID_ID: 2540566
2023-06-30 16:23:20 [booklist] INFO: VALID_ID: 2566982
2023-06-30 16:23:20 [booklist] INFO: VALID_ID: 2557974
2023-06-30 16:23:20 [booklist] INFO: VALID_ID: 1310241
2023-06-30 16:23:20 [booklist] INFO: VALID_ID: 2607734
2023-06-30 16:23:20 [booklist] INFO: VALID_ID: 2536110
2023-06-30 16:23:20 [booklist] INFO: VALID_ID: 2557973
2023-06-30 16:23:20 [booklist] INFO: VALID_ID: 2555904
2023-06-30 16:23:20 [booklist] INFO: VALID_ID: 1304842
2023-06-30 16:23:20 [booklist] INFO: VALID_ID: 1304120
2023-06-30 16:23:20 [booklist] INFO: VALID_ID: 8943306
2023-06-30 16:23:20 [booklist] INFO: VALID_ID: 2558211
2023-06-30 16:23:20 [booklist] INFO: VALID_ID: 2608755
2023-06-30 16:23:20 [booklist] INFO: VALID_ID: 2541120
2023-06-30 16:23:20 [booklist] INFO: VALID_ID: 1288366
2023-06-30 16:23:20 [booklist] INFO: VALID_ID: 11536000
2023-06-30 16:23:20 [booklist] INFO: VALID_ID: 1288474
2023-06-30 16:23:20 [booklist] INFO: VALID_ID: 2540813
2023-06-30 16:23:20 [booklist] INFO: VALID_ID: 2610600
2023-06-30 16:23:20 [booklist] INFO: VALID_ID: 2591068
2023-06-30 16:23:20 [booklist] INFO: VALID_ID: 1286821
2023-06-30 16:23:20 [booklist] INFO: VALID_ID: 2558216
2023-06-30 16:23:20 [booklist] INFO: VALID_ID: 2558212
2023-06-30 16:23:20 [booklist] INFO: VALID_ID: 2591062
2023-06-30 16:23:20 [booklist] INFO: VALID_ID: 2591067
2023-06-30 16:23:20 [booklist] INFO: VALID_ID: 1307384
2023-06-30 16:23:20 [booklist] INFO: VALID_ID: 8942739
2023-06-30 16:23:20 [booklist] INFO: VALID_ID: 2586676
2023-06-30 16:23:20 [booklist] INFO: VALID_ID: 1304118
2023-06-30 16:23:20 [booklist] INFO: VALID_ID: 2536993
2023-06-30 16:23:20 [booklist] INFO: VALID_ID: 2565425
2023-06-30 16:23:20 [booklist] INFO: VALID_ID: 2591066
2023-06-30 16:23:20 [booklist] INFO: VALID_ID: 2591060
2023-06-30 16:23:20 [booklist] INFO: VALID_ID: 9892549
2023-06-30 16:23:20 [booklist] INFO: VALID_ID: 2565428
2023-06-30 16:23:20 [booklist] INFO: VALID_ID: 1304115
2023-06-30 16:23:20 [booklist] INFO: VALID_ID: 2565426
2023-06-30 16:23:21 [scrapy.core.engine] DEBUG: Crawled (200) <POST https://dl.ndl.go.jp/api/item/search> (referer: https://dl.ndl.go.jp/api/item/search)
2023-06-30 16:23:21 [booklist] INFO: Fetched page 5
2023-06-30 16:23:21 [booklist] INFO: VALID_ID: 1304118
2023-06-30 16:23:21 [booklist] INFO: VALID_ID: 2536993
2023-06-30 16:23:21 [booklist] INFO: VALID_ID: 2565425
2023-06-30 16:23:21 [booklist] INFO: VALID_ID: 2591066
2023-06-30 16:23:21 [booklist] INFO: VALID_ID: 1306095
2023-06-30 16:23:21 [booklist] INFO: VALID_ID: 2575328
2023-06-30 16:23:21 [booklist] INFO: VALID_ID: 2538343
2023-06-30 16:23:21 [booklist] INFO: VALID_ID: 2610137
2023-06-30 16:23:21 [booklist] INFO: VALID_ID: 2591063
2023-06-30 16:23:21 [booklist] INFO: VALID_ID: 2591065
2023-06-30 16:23:21 [booklist] INFO: VALID_ID: 2555858
2023-06-30 16:23:21 [booklist] INFO: VALID_ID: 2555859
2023-06-30 16:23:21 [booklist] INFO: VALID_ID: 1304542
2023-06-30 16:23:21 [booklist] INFO: VALID_ID: 1304121
2023-06-30 16:23:21 [booklist] INFO: VALID_ID: 1301958
2023-06-30 16:23:21 [booklist] INFO: VALID_ID: 2536523
2023-06-30 16:23:21 [booklist] INFO: VALID_ID: 2559079
2023-06-30 16:23:21 [booklist] INFO: VALID_ID: 2537274
2023-06-30 16:23:21 [booklist] INFO: VALID_ID: 2575329
2023-06-30 16:23:21 [booklist] INFO: VALID_ID: 2591060
2023-06-30 16:23:21 [booklist] INFO: VALID_ID: 2608641
2023-06-30 16:23:21 [booklist] INFO: VALID_ID: 1307877
2023-06-30 16:23:21 [booklist] INFO: VALID_ID: 2591070
2023-06-30 16:23:21 [booklist] INFO: VALID_ID: 2543100
2023-06-30 16:23:21 [booklist] INFO: VALID_ID: 2591069
2023-06-30 16:23:21 [booklist] INFO: VALID_ID: 2565427
2023-06-30 16:23:21 [booklist] INFO: VALID_ID: 2591071
2023-06-30 16:23:21 [booklist] INFO: VALID_ID: 2591064
2023-06-30 16:23:21 [booklist] INFO: VALID_ID: 2540103
2023-06-30 16:23:21 [booklist] INFO: VALID_ID: 2558417
2023-06-30 16:23:21 [booklist] INFO: VALID_ID: 2590535
2023-06-30 16:23:21 [booklist] INFO: VALID_ID: 2590536
2023-06-30 16:23:21 [booklist] INFO: VALID_ID: 2558416
2023-06-30 16:23:21 [booklist] INFO: VALID_ID: 2569505
2023-06-30 16:23:21 [booklist] INFO: VALID_ID: 2590537
2023-06-30 16:23:21 [booklist] INFO: VALID_ID: 2538422
2023-06-30 16:23:21 [booklist] INFO: VALID_ID: 1304116
2023-06-30 16:23:21 [booklist] INFO: VALID_ID: 1311886
2023-06-30 16:23:21 [booklist] INFO: VALID_ID: 2586468
2023-06-30 16:23:21 [booklist] INFO: VALID_ID: 2540115
2023-06-30 16:23:21 [booklist] INFO: VALID_ID: 2609033
2023-06-30 16:23:21 [booklist] INFO: VALID_ID: 2586469
2023-06-30 16:23:21 [booklist] INFO: VALID_ID: 2542769
2023-06-30 16:23:21 [booklist] INFO: VALID_ID: 2608149
2023-06-30 16:23:21 [booklist] INFO: VALID_ID: 2611044
2023-06-30 16:23:21 [booklist] INFO: VALID_ID: 2535702
2023-06-30 16:23:21 [booklist] INFO: VALID_ID: 2569504
2023-06-30 16:23:21 [booklist] INFO: VALID_ID: 2586509
2023-06-30 16:23:21 [booklist] INFO: VALID_ID: 2540249
2023-06-30 16:23:21 [booklist] INFO: VALID_ID: 10303453
2023-06-30 16:23:21 [booklist] INFO: VALID_ID: 2574222
2023-06-30 16:23:21 [booklist] INFO: VALID_ID: 2586470
2023-06-30 16:23:21 [booklist] INFO: VALID_ID: 2574217
2023-06-30 16:23:21 [booklist] INFO: VALID_ID: 2541551
2023-06-30 16:23:21 [booklist] INFO: VALID_ID: 10304003
2023-06-30 16:23:21 [booklist] INFO: VALID_ID: 2574220
2023-06-30 16:23:21 [booklist] INFO: VALID_ID: 9893188
2023-06-30 16:23:21 [booklist] INFO: VALID_ID: 2574219
2023-06-30 16:23:21 [booklist] INFO: VALID_ID: 2590538
2023-06-30 16:23:21 [booklist] INFO: VALID_ID: 2586478
2023-06-30 16:23:21 [booklist] INFO: VALID_ID: 2586493
2023-06-30 16:23:21 [booklist] INFO: VALID_ID: 2585502
2023-06-30 16:23:21 [booklist] INFO: VALID_ID: 2541629
2023-06-30 16:23:21 [booklist] INFO: VALID_ID: 2609962
2023-06-30 16:23:21 [booklist] INFO: VALID_ID: 2574218
2023-06-30 16:23:21 [booklist] INFO: VALID_ID: 2574221
2023-06-30 16:23:21 [booklist] INFO: VALID_ID: 2574225
2023-06-30 16:23:21 [booklist] INFO: VALID_ID: 10303452
2023-06-30 16:23:21 [booklist] INFO: VALID_ID: 2542347
2023-06-30 16:23:21 [booklist] INFO: VALID_ID: 10303451
2023-06-30 16:23:21 [booklist] INFO: VALID_ID: 2543140
2023-06-30 16:23:21 [booklist] INFO: VALID_ID: 1307839
2023-06-30 16:23:21 [booklist] INFO: VALID_ID: 2586467
2023-06-30 16:23:21 [booklist] INFO: VALID_ID: 2542992
2023-06-30 16:23:21 [booklist] INFO: VALID_ID: 2536115
2023-06-30 16:23:21 [booklist] INFO: VALID_ID: 2574224
2023-06-30 16:23:21 [booklist] INFO: VALID_ID: 2586492
2023-06-30 16:23:21 [booklist] INFO: VALID_ID: 2583542
2023-06-30 16:23:21 [booklist] INFO: VALID_ID: 2586471
2023-06-30 16:23:21 [booklist] INFO: VALID_ID: 2540607
2023-06-30 16:23:21 [booklist] INFO: VALID_ID: 2586484
2023-06-30 16:23:21 [booklist] INFO: VALID_ID: 2586482
2023-06-30 16:23:21 [booklist] INFO: VALID_ID: 1309696
2023-06-30 16:23:21 [booklist] INFO: VALID_ID: 2536337
2023-06-30 16:23:21 [booklist] INFO: VALID_ID: 2586489
2023-06-30 16:23:21 [booklist] INFO: VALID_ID: 2553019
2023-06-30 16:23:21 [booklist] INFO: VALID_ID: 2532550
2023-06-30 16:23:21 [booklist] INFO: VALID_ID: 2574223
2023-06-30 16:23:21 [booklist] INFO: VALID_ID: 2582332
2023-06-30 16:23:21 [booklist] INFO: VALID_ID: 2606951
2023-06-30 16:23:21 [booklist] INFO: VALID_ID: 2553018
2023-06-30 16:23:21 [booklist] INFO: VALID_ID: 2536597
2023-06-30 16:23:21 [booklist] INFO: VALID_ID: 2553020
2023-06-30 16:23:21 [booklist] INFO: VALID_ID: 2586472
2023-06-30 16:23:21 [booklist] INFO: VALID_ID: 1313316
2023-06-30 16:23:21 [booklist] INFO: VALID_ID: 2532707
2023-06-30 16:23:21 [booklist] INFO: VALID_ID: 2586485
2023-06-30 16:23:21 [booklist] INFO: VALID_ID: 2586498
2023-06-30 16:23:21 [booklist] INFO: VALID_ID: 2541532
2023-06-30 16:23:21 [booklist] INFO: VALID_ID: 2553017
2023-06-30 16:23:22 [scrapy.core.engine] DEBUG: Crawled (200) <POST https://dl.ndl.go.jp/api/item/search> (referer: https://dl.ndl.go.jp/api/item/search)
2023-06-30 16:23:22 [booklist] INFO: Fetched page 6
2023-06-30 16:23:22 [booklist] INFO: VALID_ID: 2538450
2023-06-30 16:23:22 [booklist] INFO: VALID_ID: 2592953
2023-06-30 16:23:22 [booklist] INFO: VALID_ID: 2586487
2023-06-30 16:23:22 [booklist] INFO: VALID_ID: 2537010
2023-06-30 16:23:22 [booklist] INFO: VALID_ID: 2586473
2023-06-30 16:23:22 [booklist] INFO: VALID_ID: 2540146
2023-06-30 16:23:22 [booklist] INFO: VALID_ID: 2586474
2023-06-30 16:23:22 [booklist] INFO: VALID_ID: 2586490
2023-06-30 16:23:22 [booklist] INFO: VALID_ID: 2542355
2023-06-30 16:23:22 [booklist] INFO: VALID_ID: 2539950
2023-06-30 16:23:22 [booklist] INFO: VALID_ID: 2585497
2023-06-30 16:23:22 [booklist] INFO: VALID_ID: 1310500
2023-06-30 16:23:22 [booklist] INFO: VALID_ID: 2586489
2023-06-30 16:23:22 [booklist] INFO: VALID_ID: 2586475
2023-06-30 16:23:22 [booklist] INFO: VALID_ID: 2581509
2023-06-30 16:23:22 [booklist] INFO: VALID_ID: 2586472
2023-06-30 16:23:22 [booklist] INFO: VALID_ID: 2586477
2023-06-30 16:23:22 [booklist] INFO: VALID_ID: 1305853
2023-06-30 16:23:22 [booklist] INFO: VALID_ID: 2552970
2023-06-30 16:23:22 [booklist] INFO: VALID_ID: 2586491
2023-06-30 16:23:22 [booklist] INFO: VALID_ID: 9367510
2023-06-30 16:23:22 [booklist] INFO: VALID_ID: 2542892
2023-06-30 16:23:22 [booklist] INFO: VALID_ID: 2584845
2023-06-30 16:23:22 [booklist] INFO: VALID_ID: 2540561
2023-06-30 16:23:22 [booklist] INFO: VALID_ID: 12865415
2023-06-30 16:23:22 [booklist] INFO: VALID_ID: 2541517
2023-06-30 16:23:22 [booklist] INFO: VALID_ID: 1313319
2023-06-30 16:23:22 [booklist] INFO: VALID_ID: 2585448
2023-06-30 16:23:22 [booklist] INFO: VALID_ID: 2586494
2023-06-30 16:23:22 [booklist] INFO: VALID_ID: 2584846
2023-06-30 16:23:22 [booklist] INFO: VALID_ID: 2592982
2023-06-30 16:23:22 [booklist] INFO: VALID_ID: 2585379
2023-06-30 16:23:22 [booklist] INFO: VALID_ID: 2586476
2023-06-30 16:23:22 [booklist] INFO: VALID_ID: 2610251
2023-06-30 16:23:22 [booklist] INFO: VALID_ID: 2586486
2023-06-30 16:23:22 [booklist] INFO: VALID_ID: 2587901
2023-06-30 16:23:22 [booklist] INFO: VALID_ID: 2587904
2023-06-30 16:23:22 [booklist] INFO: VALID_ID: 2580227
2023-06-30 16:23:22 [booklist] INFO: VALID_ID: 2542483
2023-06-30 16:23:22 [booklist] INFO: VALID_ID: 2610457
2023-06-30 16:23:22 [booklist] INFO: VALID_ID: 2587906
2023-06-30 16:23:22 [booklist] INFO: VALID_ID: 2587913
2023-06-30 16:23:22 [booklist] INFO: VALID_ID: 2563829
2023-06-30 16:23:22 [booklist] INFO: VALID_ID: 2587908
2023-06-30 16:23:22 [booklist] INFO: VALID_ID: 2610354
2023-06-30 16:23:22 [booklist] INFO: VALID_ID: 2587909
2023-06-30 16:23:22 [booklist] INFO: VALID_ID: 2587900
2023-06-30 16:23:22 [booklist] INFO: VALID_ID: 2587903
2023-06-30 16:23:22 [booklist] INFO: VALID_ID: 2586483
2023-06-30 16:23:22 [booklist] INFO: VALID_ID: 2560608
2023-06-30 16:23:22 [booklist] INFO: VALID_ID: 2587902
2023-06-30 16:23:22 [booklist] INFO: VALID_ID: 2587910
2023-06-30 16:23:22 [booklist] INFO: VALID_ID: 2587907
2023-06-30 16:23:22 [booklist] INFO: VALID_ID: 2540185
2023-06-30 16:23:22 [booklist] INFO: VALID_ID: 2587911
2023-06-30 16:23:22 [booklist] INFO: VALID_ID: 2586479
2023-06-30 16:23:22 [booklist] INFO: VALID_ID: 2543116
2023-06-30 16:23:22 [booklist] INFO: VALID_ID: 2587912
2023-06-30 16:23:22 [booklist] INFO: VALID_ID: 2580226
2023-06-30 16:23:22 [booklist] INFO: VALID_ID: 1286948
2023-06-30 16:23:22 [booklist] INFO: VALID_ID: 2541094
2023-06-30 16:23:22 [booklist] INFO: VALID_ID: 2537445
2023-06-30 16:23:22 [booklist] INFO: VALID_ID: 9369151
2023-06-30 16:23:22 [booklist] INFO: VALID_ID: 2587905
2023-06-30 16:23:22 [booklist] INFO: VALID_ID: 2608821
2023-06-30 16:23:22 [booklist] INFO: VALID_ID: 2585638
2023-06-30 16:23:22 [booklist] INFO: VALID_ID: 11446540
2023-06-30 16:23:22 [booklist] INFO: VALID_ID: 2540373
2023-06-30 16:23:22 [booklist] INFO: VALID_ID: 2540608
2023-06-30 16:23:22 [booklist] INFO: VALID_ID: 2609301
2023-06-30 16:23:22 [booklist] INFO: VALID_ID: 10301270
2023-06-30 16:23:22 [booklist] INFO: VALID_ID: 2540248
2023-06-30 16:23:22 [booklist] INFO: VALID_ID: 2540109
2023-06-30 16:23:22 [booklist] INFO: VALID_ID: 2537953
2023-06-30 16:23:22 [booklist] INFO: VALID_ID: 2593577
2023-06-30 16:23:22 [booklist] INFO: VALID_ID: 2585538
2023-06-30 16:23:22 [booklist] INFO: VALID_ID: 2585540
2023-06-30 16:23:22 [booklist] INFO: VALID_ID: 10301536
2023-06-30 16:23:22 [booklist] INFO: VALID_ID: 2585190
2023-06-30 16:23:22 [booklist] INFO: VALID_ID: 10301235
2023-06-30 16:23:22 [booklist] INFO: VALID_ID: 2537967
2023-06-30 16:23:22 [booklist] INFO: VALID_ID: 2585414
2023-06-30 16:23:22 [booklist] INFO: VALID_ID: 2532663
2023-06-30 16:23:22 [booklist] INFO: VALID_ID: 1305903
2023-06-30 16:23:22 [booklist] INFO: VALID_ID: 2585662
2023-06-30 16:23:22 [booklist] INFO: VALID_ID: 1305428
2023-06-30 16:23:22 [booklist] INFO: VALID_ID: 2540281
2023-06-30 16:23:22 [booklist] INFO: VALID_ID: 2540598
2023-06-30 16:23:22 [booklist] INFO: VALID_ID: 2585389
2023-06-30 16:23:22 [booklist] INFO: VALID_ID: 2585568
2023-06-30 16:23:22 [booklist] INFO: VALID_ID: 1305755
2023-06-30 16:23:22 [booklist] INFO: VALID_ID: 1305429
2023-06-30 16:23:22 [booklist] INFO: VALID_ID: 10301284
2023-06-30 16:23:22 [booklist] INFO: VALID_ID: 2540531
2023-06-30 16:23:22 [booklist] INFO: VALID_ID: 2540532
2023-06-30 16:23:22 [booklist] INFO: VALID_ID: 2585578
2023-06-30 16:23:22 [booklist] INFO: VALID_ID: 2540527
2023-06-30 16:23:22 [booklist] INFO: VALID_ID: 10300961
2023-06-30 16:23:22 [booklist] INFO: VALID_ID: 10301288
2023-06-30 16:23:22 [booklist] INFO: VALID_ID: 2539715
2023-06-30 16:23:23 [scrapy.core.engine] DEBUG: Crawled (200) <POST https://dl.ndl.go.jp/api/item/search> (referer: https://dl.ndl.go.jp/api/item/search)
2023-06-30 16:23:24 [booklist] INFO: Fetched page 7
2023-06-30 16:23:24 [booklist] INFO: VALID_ID: 10301236
2023-06-30 16:23:24 [booklist] INFO: VALID_ID: 2540554
2023-06-30 16:23:24 [booklist] INFO: VALID_ID: 2610511
2023-06-30 16:23:24 [booklist] INFO: VALID_ID: 1313503
2023-06-30 16:23:24 [booklist] INFO: VALID_ID: 2592549
2023-06-30 16:23:24 [booklist] INFO: VALID_ID: 2585310
2023-06-30 16:23:24 [booklist] INFO: VALID_ID: 2585373
2023-06-30 16:23:24 [booklist] INFO: VALID_ID: 2585241
2023-06-30 16:23:24 [booklist] INFO: VALID_ID: 10301527
2023-06-30 16:23:24 [booklist] INFO: VALID_ID: 2607484
2023-06-30 16:23:24 [booklist] INFO: VALID_ID: 2540605
2023-06-30 16:23:24 [booklist] INFO: VALID_ID: 2540182
2023-06-30 16:23:24 [booklist] INFO: VALID_ID: 2572514
2023-06-30 16:23:24 [booklist] INFO: VALID_ID: 2540600
2023-06-30 16:23:24 [booklist] INFO: VALID_ID: 2572509
2023-06-30 16:23:24 [booklist] INFO: VALID_ID: 2549160
2023-06-30 16:23:24 [booklist] INFO: VALID_ID: 2572519
2023-06-30 16:23:24 [booklist] INFO: VALID_ID: 2572579
2023-06-30 16:23:24 [booklist] INFO: VALID_ID: 2549161
2023-06-30 16:23:24 [booklist] INFO: VALID_ID: 2593575
2023-06-30 16:23:24 [booklist] INFO: VALID_ID: 2572677
2023-06-30 16:23:24 [booklist] INFO: VALID_ID: 2609774
2023-06-30 16:23:24 [booklist] INFO: VALID_ID: 2572646
2023-06-30 16:23:24 [booklist] INFO: VALID_ID: 2610026
2023-06-30 16:23:24 [booklist] INFO: VALID_ID: 2596088
2023-06-30 16:23:24 [booklist] INFO: VALID_ID: 2596124
2023-06-30 16:23:24 [booklist] INFO: VALID_ID: 2572676
2023-06-30 16:23:24 [booklist] INFO: VALID_ID: 2572617
2023-06-30 16:23:24 [booklist] INFO: VALID_ID: 2572618
2023-06-30 16:23:24 [booklist] INFO: VALID_ID: 2548452
2023-06-30 16:23:24 [booklist] INFO: VALID_ID: 2548456
2023-06-30 16:23:24 [booklist] INFO: VALID_ID: 2572686
2023-06-30 16:23:24 [booklist] INFO: VALID_ID: 2596068
2023-06-30 16:23:24 [booklist] INFO: VALID_ID: 2596122
2023-06-30 16:23:24 [booklist] INFO: VALID_ID: 2596123
2023-06-30 16:23:24 [booklist] INFO: VALID_ID: 2596069
2023-06-30 16:23:24 [booklist] INFO: VALID_ID: 2596096
2023-06-30 16:23:24 [booklist] INFO: VALID_ID: 2596112
2023-06-30 16:23:24 [booklist] INFO: VALID_ID: 2596115
2023-06-30 16:23:24 [booklist] INFO: VALID_ID: 2572685
2023-06-30 16:23:24 [booklist] INFO: VALID_ID: 2596060
2023-06-30 16:23:24 [booklist] INFO: VALID_ID: 2572645
2023-06-30 16:23:24 [booklist] INFO: VALID_ID: 2548447
2023-06-30 16:23:24 [booklist] INFO: VALID_ID: 2596094
2023-06-30 16:23:24 [booklist] INFO: VALID_ID: 2610518
2023-06-30 16:23:24 [booklist] INFO: VALID_ID: 2596118
2023-06-30 16:23:24 [booklist] INFO: VALID_ID: 2596058
2023-06-30 16:23:24 [booklist] INFO: VALID_ID: 2596113
2023-06-30 16:23:24 [booklist] INFO: VALID_ID: 2596128
2023-06-30 16:23:24 [booklist] INFO: VALID_ID: 2596133
2023-06-30 16:23:24 [booklist] INFO: VALID_ID: 2572508
2023-06-30 16:23:24 [booklist] INFO: VALID_ID: 2572513
2023-06-30 16:23:24 [booklist] INFO: VALID_ID: 2596120
2023-06-30 16:23:24 [booklist] INFO: VALID_ID: 10301207
2023-06-30 16:23:24 [booklist] INFO: VALID_ID: 2572588
2023-06-30 16:23:24 [booklist] INFO: VALID_ID: 2596089
2023-06-30 16:23:24 [booklist] INFO: VALID_ID: 2596095
2023-06-30 16:23:24 [booklist] INFO: VALID_ID: 2596114
2023-06-30 16:23:24 [booklist] INFO: VALID_ID: 2548451
2023-06-30 16:23:24 [booklist] INFO: VALID_ID: 2596087
2023-06-30 16:23:24 [booklist] INFO: VALID_ID: 2596111
2023-06-30 16:23:24 [booklist] INFO: VALID_ID: 2596129
2023-06-30 16:23:24 [booklist] INFO: VALID_ID: 2572638
2023-06-30 16:23:24 [booklist] INFO: VALID_ID: 2596121
2023-06-30 16:23:24 [booklist] INFO: VALID_ID: 2596136
2023-06-30 16:23:24 [booklist] INFO: VALID_ID: 12865370
2023-06-30 16:23:24 [booklist] INFO: VALID_ID: 2572518
2023-06-30 16:23:24 [booklist] INFO: VALID_ID: 2548455
2023-06-30 16:23:24 [booklist] INFO: VALID_ID: 2572515
2023-06-30 16:23:24 [booklist] INFO: VALID_ID: 2596109
2023-06-30 16:23:24 [booklist] INFO: VALID_ID: 2548448
2023-06-30 16:23:24 [booklist] INFO: VALID_ID: 2572578
2023-06-30 16:23:24 [booklist] INFO: VALID_ID: 2572580
2023-06-30 16:23:24 [booklist] INFO: VALID_ID: 2572517
2023-06-30 16:23:24 [booklist] INFO: VALID_ID: 2572527
2023-06-30 16:23:24 [booklist] INFO: VALID_ID: 2572642
2023-06-30 16:23:24 [booklist] INFO: VALID_ID: 2572632
2023-06-30 16:23:24 [booklist] INFO: VALID_ID: 2559073
2023-06-30 16:23:24 [booklist] INFO: VALID_ID: 2559076
2023-06-30 16:23:24 [booklist] INFO: VALID_ID: 2559081
2023-06-30 16:23:24 [booklist] INFO: VALID_ID: 2559074
2023-06-30 16:23:24 [booklist] INFO: VALID_ID: 2559075
2023-06-30 16:23:24 [booklist] INFO: VALID_ID: 2559077
2023-06-30 16:23:24 [booklist] INFO: VALID_ID: 2572634
2023-06-30 16:23:24 [booklist] INFO: VALID_ID: 2547708
2023-06-30 16:23:24 [booklist] INFO: VALID_ID: 2559078
2023-06-30 16:23:24 [booklist] INFO: VALID_ID: 2559080
2023-06-30 16:23:24 [booklist] INFO: VALID_ID: 2611048
2023-06-30 16:23:24 [booklist] INFO: VALID_ID: 2572626
2023-06-30 16:23:24 [booklist] INFO: VALID_ID: 2605758
2023-06-30 16:23:24 [booklist] INFO: VALID_ID: 2572521
2023-06-30 16:23:24 [booklist] INFO: VALID_ID: 2609783
2023-06-30 16:23:24 [booklist] INFO: VALID_ID: 2572703
2023-06-30 16:23:24 [booklist] INFO: VALID_ID: 2549625
2023-06-30 16:23:24 [booklist] INFO: VALID_ID: 2572641
2023-06-30 16:23:24 [booklist] INFO: VALID_ID: 2611085
2023-06-30 16:23:24 [booklist] INFO: VALID_ID: 9369963
2023-06-30 16:23:24 [booklist] INFO: VALID_ID: 2572631
2023-06-30 16:23:24 [booklist] INFO: VALID_ID: 2611035
2023-06-30 16:23:24 [booklist] INFO: VALID_ID: 2610138
2023-06-30 16:23:24 [scrapy.core.engine] DEBUG: Crawled (200) <POST https://dl.ndl.go.jp/api/item/search> (referer: https://dl.ndl.go.jp/api/item/search)
2023-06-30 16:23:24 [booklist] INFO: Fetched page 8
2023-06-30 16:23:24 [booklist] INFO: No more books on 8
2023-06-30 16:23:24 [scrapy.core.engine] INFO: Closing spider (finished)
2023-06-30 16:23:24 [scrapy.statscollectors] INFO: Dumping Scrapy stats:
{'downloader/request_bytes': 10983,
 'downloader/request_count': 9,
 'downloader/request_method_count/GET': 1,
 'downloader/request_method_count/POST': 8,
 'downloader/response_bytes': 2671008,
 'downloader/response_count': 9,
 'downloader/response_status_count/200': 9,
 'elapsed_time_seconds': 10.205632,
 'finish_reason': 'finished',
 'finish_time': datetime.datetime(2023, 6, 30, 8, 23, 24, 994340),
 'httpcompression/response_bytes': 30245598,
 'httpcompression/response_count': 8,
 'log_count/DEBUG': 12,
 'log_count/INFO': 719,
 'memusage/max': 63827968,
 'memusage/startup': 63827968,
 'request_depth_max': 7,
 'response_received_count': 9,
 'robotstxt/request_count': 1,
 'robotstxt/response_count': 1,
 'robotstxt/response_status_count/200': 1,
 'scheduler/dequeued': 8,
 'scheduler/dequeued/memory': 8,
 'scheduler/enqueued': 8,
 'scheduler/enqueued/memory': 8,
 'start_time': datetime.datetime(2023, 6, 30, 8, 23, 14, 788708)}
2023-06-30 16:23:24 [scrapy.core.engine] INFO: Spider closed (finished)
