2023-06-30 19:20:49 [scrapy.utils.log] INFO: Scrapy 2.9.0 started (bot: ndlcrawler)
2023-06-30 19:20:49 [scrapy.utils.log] INFO: Versions: lxml 4.9.2.0, libxml2 2.9.14, cssselect 1.2.0, parsel 1.8.1, w3lib 2.1.1, Twisted 22.10.0, Python 3.10.10 (main, Mar  5 2023, 22:26:53) [GCC 12.2.1 20230201], pyOpenSSL 23.2.0 (OpenSSL 3.1.1 30 May 2023), cryptography 41.0.1, Platform Linux-6.2.12-arch1-1-x86_64-with-glibc2.37
2023-06-30 19:20:49 [scrapy.crawler] INFO: Overridden settings:
{'BOT_NAME': 'ndlcrawler',
 'FEED_EXPORT_ENCODING': 'utf-8',
 'LOG_FILE': 'logs/booklist.title.梅.DESC.log',
 'NEWSPIDER_MODULE': 'ndlcrawler.spiders',
 'REQUEST_FINGERPRINTER_IMPLEMENTATION': '2.7',
 'ROBOTSTXT_OBEY': True,
 'SPIDER_MODULES': ['ndlcrawler.spiders'],
 'TWISTED_REACTOR': 'twisted.internet.asyncioreactor.AsyncioSelectorReactor'}
2023-06-30 19:20:49 [asyncio] DEBUG: Using selector: EpollSelector
2023-06-30 19:20:49 [scrapy.utils.log] DEBUG: Using reactor: twisted.internet.asyncioreactor.AsyncioSelectorReactor
2023-06-30 19:20:49 [scrapy.utils.log] DEBUG: Using asyncio event loop: asyncio.unix_events._UnixSelectorEventLoop
2023-06-30 19:20:49 [scrapy.extensions.telnet] INFO: Telnet Password: a77d56b40fff6e39
2023-06-30 19:20:49 [scrapy.middleware] INFO: Enabled extensions:
['scrapy.extensions.corestats.CoreStats',
 'scrapy.extensions.telnet.TelnetConsole',
 'scrapy.extensions.memusage.MemoryUsage',
 'scrapy.extensions.logstats.LogStats']
2023-06-30 19:20:50 [scrapy.middleware] INFO: Enabled downloader middlewares:
['scrapy.downloadermiddlewares.robotstxt.RobotsTxtMiddleware',
 'scrapy.downloadermiddlewares.httpauth.HttpAuthMiddleware',
 'scrapy.downloadermiddlewares.downloadtimeout.DownloadTimeoutMiddleware',
 'scrapy.downloadermiddlewares.defaultheaders.DefaultHeadersMiddleware',
 'scrapy.downloadermiddlewares.useragent.UserAgentMiddleware',
 'scrapy.downloadermiddlewares.retry.RetryMiddleware',
 'scrapy.downloadermiddlewares.redirect.MetaRefreshMiddleware',
 'scrapy.downloadermiddlewares.httpcompression.HttpCompressionMiddleware',
 'scrapy.downloadermiddlewares.redirect.RedirectMiddleware',
 'scrapy.downloadermiddlewares.cookies.CookiesMiddleware',
 'scrapy.downloadermiddlewares.httpproxy.HttpProxyMiddleware',
 'scrapy.downloadermiddlewares.stats.DownloaderStats']
2023-06-30 19:20:50 [scrapy.middleware] INFO: Enabled spider middlewares:
['scrapy.spidermiddlewares.httperror.HttpErrorMiddleware',
 'scrapy.spidermiddlewares.offsite.OffsiteMiddleware',
 'scrapy.spidermiddlewares.referer.RefererMiddleware',
 'scrapy.spidermiddlewares.urllength.UrlLengthMiddleware',
 'scrapy.spidermiddlewares.depth.DepthMiddleware']
2023-06-30 19:20:50 [scrapy.middleware] INFO: Enabled item pipelines:
[]
2023-06-30 19:20:50 [scrapy.core.engine] INFO: Spider opened
2023-06-30 19:20:50 [scrapy.extensions.logstats] INFO: Crawled 0 pages (at 0 pages/min), scraped 0 items (at 0 items/min)
2023-06-30 19:20:50 [scrapy.extensions.telnet] INFO: Telnet console listening on 127.0.0.1:6023
2023-06-30 19:20:51 [scrapy.core.engine] DEBUG: Crawled (200) <GET https://dl.ndl.go.jp/robots.txt> (referer: None)
2023-06-30 19:20:51 [scrapy.core.engine] DEBUG: Crawled (200) <POST https://dl.ndl.go.jp/api/item/search> (referer: None)
2023-06-30 19:20:51 [booklist] INFO: Fetched page 1
2023-06-30 19:20:52 [booklist] INFO: VALID_ID: 1308648
2023-06-30 19:20:52 [booklist] INFO: VALID_ID: 1286927
2023-06-30 19:20:52 [booklist] INFO: VALID_ID: 1287280
2023-06-30 19:20:52 [booklist] INFO: VALID_ID: 2585093
2023-06-30 19:20:52 [booklist] INFO: VALID_ID: 8942871
2023-06-30 19:20:52 [booklist] INFO: VALID_ID: 8942872
2023-06-30 19:20:52 [booklist] INFO: VALID_ID: 1312793
2023-06-30 19:20:52 [booklist] INFO: VALID_ID: 1287291
2023-06-30 19:20:52 [booklist] INFO: VALID_ID: 8942866
2023-06-30 19:20:52 [booklist] INFO: VALID_ID: 2541309
2023-06-30 19:20:52 [booklist] INFO: VALID_ID: 8942879
2023-06-30 19:20:52 [booklist] INFO: VALID_ID: 1312794
2023-06-30 19:20:52 [booklist] INFO: VALID_ID: 8942874
2023-06-30 19:20:52 [booklist] INFO: VALID_ID: 8942875
2023-06-30 19:20:52 [booklist] INFO: VALID_ID: 1287282
2023-06-30 19:20:52 [booklist] INFO: VALID_ID: 1287286
2023-06-30 19:20:52 [booklist] INFO: VALID_ID: 8942867
2023-06-30 19:20:52 [booklist] INFO: VALID_ID: 8942878
2023-06-30 19:20:52 [booklist] INFO: VALID_ID: 8942873
2023-06-30 19:20:52 [booklist] INFO: VALID_ID: 1312796
2023-06-30 19:20:52 [booklist] INFO: VALID_ID: 1287283
2023-06-30 19:20:52 [booklist] INFO: VALID_ID: 8942876
2023-06-30 19:20:52 [booklist] INFO: VALID_ID: 8942880
2023-06-30 19:20:52 [booklist] INFO: VALID_ID: 1310805
2023-06-30 19:20:52 [booklist] INFO: VALID_ID: 1310806
2023-06-30 19:20:52 [booklist] INFO: VALID_ID: 2537857
2023-06-30 19:20:52 [booklist] INFO: VALID_ID: 1286769
2023-06-30 19:20:52 [booklist] INFO: VALID_ID: 1312822
2023-06-30 19:20:52 [booklist] INFO: VALID_ID: 1310804
2023-06-30 19:20:52 [booklist] INFO: VALID_ID: 1310809
2023-06-30 19:20:52 [booklist] INFO: VALID_ID: 1308653
2023-06-30 19:20:52 [booklist] INFO: VALID_ID: 1287024
2023-06-30 19:20:52 [booklist] INFO: VALID_ID: 1310803
2023-06-30 19:20:52 [booklist] INFO: VALID_ID: 1308651
2023-06-30 19:20:52 [booklist] INFO: VALID_ID: 1310807
2023-06-30 19:20:52 [booklist] INFO: VALID_ID: 1311161
2023-06-30 19:20:52 [booklist] INFO: VALID_ID: 1287075
2023-06-30 19:20:52 [booklist] INFO: VALID_ID: 1287072
2023-06-30 19:20:52 [booklist] INFO: VALID_ID: 1308652
2023-06-30 19:20:52 [booklist] INFO: VALID_ID: 1308647
2023-06-30 19:20:52 [booklist] INFO: VALID_ID: 1308650
2023-06-30 19:20:52 [booklist] INFO: VALID_ID: 1311160
2023-06-30 19:20:52 [booklist] INFO: VALID_ID: 1310808
2023-06-30 19:20:52 [booklist] INFO: VALID_ID: 1302555
2023-06-30 19:20:52 [booklist] INFO: VALID_ID: 1310810
2023-06-30 19:20:52 [booklist] INFO: VALID_ID: 1302556
2023-06-30 19:20:52 [booklist] INFO: VALID_ID: 2541523
2023-06-30 19:20:52 [booklist] INFO: VALID_ID: 2551343
2023-06-30 19:20:52 [booklist] INFO: VALID_ID: 2551342
2023-06-30 19:20:52 [booklist] INFO: VALID_ID: 2536553
2023-06-30 19:20:52 [booklist] INFO: VALID_ID: 9893139
2023-06-30 19:20:52 [booklist] INFO: VALID_ID: 2606205
2023-06-30 19:20:52 [booklist] INFO: VALID_ID: 9893000
2023-06-30 19:20:52 [booklist] INFO: VALID_ID: 2541955
2023-06-30 19:20:52 [booklist] INFO: VALID_ID: 9893315
2023-06-30 19:20:52 [booklist] INFO: VALID_ID: 2541340
2023-06-30 19:20:52 [booklist] INFO: VALID_ID: 9892763
2023-06-30 19:20:52 [booklist] INFO: VALID_ID: 9892847
2023-06-30 19:20:52 [booklist] INFO: VALID_ID: 9892456
2023-06-30 19:20:52 [booklist] INFO: VALID_ID: 2534119
2023-06-30 19:20:52 [booklist] INFO: VALID_ID: 1287572
2023-06-30 19:20:52 [booklist] INFO: VALID_ID: 2541553
2023-06-30 19:20:52 [booklist] INFO: VALID_ID: 1288318
2023-06-30 19:20:52 [booklist] INFO: VALID_ID: 1303626
2023-06-30 19:20:52 [booklist] INFO: VALID_ID: 1308747
2023-06-30 19:20:52 [booklist] INFO: VALID_ID: 10301248
2023-06-30 19:20:52 [booklist] INFO: VALID_ID: 10301673
2023-06-30 19:20:52 [booklist] INFO: VALID_ID: 2544868
2023-06-30 19:20:52 [booklist] INFO: VALID_ID: 2553989
2023-06-30 19:20:52 [booklist] INFO: VALID_ID: 10303619
2023-06-30 19:20:52 [booklist] INFO: VALID_ID: 2538106
2023-06-30 19:20:52 [booklist] INFO: VALID_ID: 9893687
2023-06-30 19:20:52 [booklist] INFO: VALID_ID: 1305934
2023-06-30 19:20:52 [booklist] INFO: VALID_ID: 1311356
2023-06-30 19:20:52 [booklist] INFO: VALID_ID: 2542222
2023-06-30 19:20:52 [booklist] INFO: VALID_ID: 1307775
2023-06-30 19:20:52 [booklist] INFO: VALID_ID: 1312215
2023-06-30 19:20:52 [booklist] INFO: VALID_ID: 1288009
2023-06-30 19:20:52 [booklist] INFO: VALID_ID: 10303607
2023-06-30 19:20:52 [booklist] INFO: VALID_ID: 1288135
2023-06-30 19:20:52 [booklist] INFO: VALID_ID: 1286918
2023-06-30 19:20:52 [booklist] INFO: VALID_ID: 10303620
2023-06-30 19:20:52 [booklist] INFO: VALID_ID: 10303612
2023-06-30 19:20:52 [booklist] INFO: VALID_ID: 9893686
2023-06-30 19:20:52 [booklist] INFO: VALID_ID: 2553990
2023-06-30 19:20:52 [booklist] INFO: VALID_ID: 1305922
2023-06-30 19:20:52 [booklist] INFO: VALID_ID: 1287737
2023-06-30 19:20:52 [booklist] INFO: VALID_ID: 10303621
2023-06-30 19:20:52 [booklist] INFO: VALID_ID: 2605875
2023-06-30 19:20:52 [booklist] INFO: VALID_ID: 2541469
2023-06-30 19:20:52 [booklist] INFO: VALID_ID: 10303622
2023-06-30 19:20:52 [booklist] INFO: VALID_ID: 10303616
2023-06-30 19:20:52 [booklist] INFO: VALID_ID: 2537681
2023-06-30 19:20:52 [booklist] INFO: VALID_ID: 1304355
2023-06-30 19:20:52 [booklist] INFO: VALID_ID: 1286914
2023-06-30 19:20:52 [booklist] INFO: VALID_ID: 2553991
2023-06-30 19:20:52 [booklist] INFO: VALID_ID: 10303623
2023-06-30 19:20:52 [booklist] INFO: VALID_ID: 10303610
2023-06-30 19:20:52 [booklist] INFO: VALID_ID: 10303624
2023-06-30 19:20:52 [booklist] INFO: VALID_ID: 9892638
2023-06-30 19:20:52 [scrapy.core.engine] DEBUG: Crawled (200) <POST https://dl.ndl.go.jp/api/item/search> (referer: https://dl.ndl.go.jp/api/item/search)
2023-06-30 19:20:52 [booklist] INFO: Fetched page 2
2023-06-30 19:20:53 [booklist] INFO: VALID_ID: 9892638
2023-06-30 19:20:53 [booklist] INFO: VALID_ID: 1309382
2023-06-30 19:20:53 [booklist] INFO: VALID_ID: 10303614
2023-06-30 19:20:53 [booklist] INFO: VALID_ID: 10303609
2023-06-30 19:20:53 [booklist] INFO: VALID_ID: 10303617
2023-06-30 19:20:53 [booklist] INFO: VALID_ID: 11891884
2023-06-30 19:20:53 [booklist] INFO: VALID_ID: 1311353
2023-06-30 19:20:53 [booklist] INFO: VALID_ID: 2533086
2023-06-30 19:20:53 [booklist] INFO: VALID_ID: 2543383
2023-06-30 19:20:53 [booklist] INFO: VALID_ID: 9893840
2023-06-30 19:20:53 [booklist] INFO: VALID_ID: 2536748
2023-06-30 19:20:53 [booklist] INFO: VALID_ID: 1286916
2023-06-30 19:20:53 [booklist] INFO: VALID_ID: 1303001
2023-06-30 19:20:53 [booklist] INFO: VALID_ID: 11891701
2023-06-30 19:20:53 [booklist] INFO: VALID_ID: 1301986
2023-06-30 19:20:53 [booklist] INFO: VALID_ID: 10303608
2023-06-30 19:20:53 [booklist] INFO: VALID_ID: 1307693
2023-06-30 19:20:53 [booklist] INFO: VALID_ID: 2534106
2023-06-30 19:20:53 [booklist] INFO: VALID_ID: 10303939
2023-06-30 19:20:53 [booklist] INFO: VALID_ID: 10303613
2023-06-30 19:20:53 [booklist] INFO: VALID_ID: 10303611
2023-06-30 19:20:53 [booklist] INFO: VALID_ID: 1305723
2023-06-30 19:20:53 [booklist] INFO: VALID_ID: 2556768
2023-06-30 19:20:53 [booklist] INFO: VALID_ID: 2537297
2023-06-30 19:20:53 [booklist] INFO: VALID_ID: 1301820
2023-06-30 19:20:53 [booklist] INFO: VALID_ID: 2537681
2023-06-30 19:20:53 [booklist] INFO: VALID_ID: 1309744
2023-06-30 19:20:53 [booklist] INFO: VALID_ID: 10303596
2023-06-30 19:20:53 [booklist] INFO: VALID_ID: 1309019
2023-06-30 19:20:53 [booklist] INFO: VALID_ID: 2590991
2023-06-30 19:20:53 [booklist] INFO: VALID_ID: 2536384
2023-06-30 19:20:53 [booklist] INFO: VALID_ID: 2533492
2023-06-30 19:20:53 [booklist] INFO: VALID_ID: 2606183
2023-06-30 19:20:53 [booklist] INFO: VALID_ID: 2541552
2023-06-30 19:20:53 [booklist] INFO: VALID_ID: 2590983
2023-06-30 19:20:53 [booklist] INFO: VALID_ID: 2556767
2023-06-30 19:20:53 [booklist] INFO: VALID_ID: 10304005
2023-06-30 19:20:53 [booklist] INFO: VALID_ID: 1307695
2023-06-30 19:20:53 [booklist] INFO: VALID_ID: 10303907
2023-06-30 19:20:53 [booklist] INFO: VALID_ID: 10303606
2023-06-30 19:20:53 [booklist] INFO: VALID_ID: 2535752
2023-06-30 19:20:53 [booklist] INFO: VALID_ID: 1286742
2023-06-30 19:20:53 [booklist] INFO: VALID_ID: 1305506
2023-06-30 19:20:53 [booklist] INFO: VALID_ID: 2590988
2023-06-30 19:20:53 [booklist] INFO: VALID_ID: 1303591
2023-06-30 19:20:53 [booklist] INFO: VALID_ID: 8929396
2023-06-30 19:20:53 [booklist] INFO: VALID_ID: 10303967
2023-06-30 19:20:53 [booklist] INFO: VALID_ID: 2568521
2023-06-30 19:20:53 [booklist] INFO: VALID_ID: 2603257
2023-06-30 19:20:53 [booklist] INFO: VALID_ID: 1302360
2023-06-30 19:20:53 [booklist] INFO: VALID_ID: 1309401
2023-06-30 19:20:53 [booklist] INFO: VALID_ID: 1311419
2023-06-30 19:20:53 [booklist] INFO: VALID_ID: 1305634
2023-06-30 19:20:53 [booklist] INFO: VALID_ID: 2532153
2023-06-30 19:20:53 [booklist] INFO: VALID_ID: 2603256
2023-06-30 19:20:53 [booklist] INFO: VALID_ID: 2590985
2023-06-30 19:20:53 [booklist] INFO: VALID_ID: 2590987
2023-06-30 19:20:53 [booklist] INFO: VALID_ID: 2537893
2023-06-30 19:20:53 [booklist] INFO: VALID_ID: 1305424
2023-06-30 19:20:53 [booklist] INFO: VALID_ID: 1302349
2023-06-30 19:20:53 [booklist] INFO: VALID_ID: 2554950
2023-06-30 19:20:53 [booklist] INFO: VALID_ID: 2541300
2023-06-30 19:20:53 [booklist] INFO: VALID_ID: 1312931
2023-06-30 19:20:53 [booklist] INFO: VALID_ID: 10303594
2023-06-30 19:20:53 [booklist] INFO: VALID_ID: 1307621
2023-06-30 19:20:53 [booklist] INFO: VALID_ID: 8942887
2023-06-30 19:20:53 [booklist] INFO: VALID_ID: 2609903
2023-06-30 19:20:53 [booklist] INFO: VALID_ID: 1305143
2023-06-30 19:20:53 [booklist] INFO: VALID_ID: 2590984
2023-06-30 19:20:53 [booklist] INFO: VALID_ID: 10303605
2023-06-30 19:20:53 [booklist] INFO: VALID_ID: 2550867
2023-06-30 19:20:53 [booklist] INFO: VALID_ID: 10303494
2023-06-30 19:20:53 [booklist] INFO: VALID_ID: 8942884
2023-06-30 19:20:53 [booklist] INFO: VALID_ID: 2590990
2023-06-30 19:20:53 [booklist] INFO: VALID_ID: 2538824
2023-06-30 19:20:53 [booklist] INFO: VALID_ID: 2590989
2023-06-30 19:20:53 [booklist] INFO: VALID_ID: 1306182
2023-06-30 19:20:53 [booklist] INFO: VALID_ID: 1308535
2023-06-30 19:20:53 [booklist] INFO: VALID_ID: 10300997
2023-06-30 19:20:53 [booklist] INFO: VALID_ID: 8942886
2023-06-30 19:20:53 [booklist] INFO: VALID_ID: 2590986
2023-06-30 19:20:53 [booklist] INFO: VALID_ID: 10303597
2023-06-30 19:20:53 [booklist] INFO: VALID_ID: 2535729
2023-06-30 19:20:53 [booklist] INFO: VALID_ID: 2609272
2023-06-30 19:20:53 [booklist] INFO: VALID_ID: 2606190
2023-06-30 19:20:53 [booklist] INFO: VALID_ID: 10303595
2023-06-30 19:20:53 [booklist] INFO: VALID_ID: 2608490
2023-06-30 19:20:53 [booklist] INFO: VALID_ID: 8942885
2023-06-30 19:20:53 [booklist] INFO: VALID_ID: 2532264
2023-06-30 19:20:53 [booklist] INFO: VALID_ID: 2563560
2023-06-30 19:20:53 [booklist] INFO: VALID_ID: 1305411
2023-06-30 19:20:53 [booklist] INFO: VALID_ID: 1303899
2023-06-30 19:20:53 [booklist] INFO: VALID_ID: 10303492
2023-06-30 19:20:53 [booklist] INFO: VALID_ID: 2605444
2023-06-30 19:20:53 [booklist] INFO: VALID_ID: 8942881
2023-06-30 19:20:53 [booklist] INFO: VALID_ID: 10303601
2023-06-30 19:20:53 [booklist] INFO: VALID_ID: 2554946
2023-06-30 19:20:53 [booklist] INFO: VALID_ID: 1311434
2023-06-30 19:20:53 [booklist] INFO: VALID_ID: 8942888
2023-06-30 19:20:53 [booklist] INFO: VALID_ID: 2537868
2023-06-30 19:20:53 [scrapy.core.engine] DEBUG: Crawled (200) <POST https://dl.ndl.go.jp/api/item/search> (referer: https://dl.ndl.go.jp/api/item/search)
2023-06-30 19:20:53 [booklist] INFO: Fetched page 3
2023-06-30 19:20:53 [booklist] INFO: VALID_ID: 2554949
2023-06-30 19:20:53 [booklist] INFO: VALID_ID: 10300997
2023-06-30 19:20:53 [booklist] INFO: VALID_ID: 8942886
2023-06-30 19:20:53 [booklist] INFO: VALID_ID: 10303985
2023-06-30 19:20:53 [booklist] INFO: VALID_ID: 10301086
2023-06-30 19:20:53 [booklist] INFO: VALID_ID: 10303852
2023-06-30 19:20:53 [booklist] INFO: VALID_ID: 8929305
2023-06-30 19:20:53 [booklist] INFO: VALID_ID: 10300996
2023-06-30 19:20:53 [booklist] INFO: VALID_ID: 8942890
2023-06-30 19:20:53 [booklist] INFO: VALID_ID: 2563549
2023-06-30 19:20:53 [booklist] INFO: VALID_ID: 2563560
2023-06-30 19:20:53 [booklist] INFO: VALID_ID: 1305411
2023-06-30 19:20:53 [booklist] INFO: VALID_ID: 1301865
2023-06-30 19:20:53 [booklist] INFO: VALID_ID: 1309733
2023-06-30 19:20:53 [booklist] INFO: VALID_ID: 1302424
2023-06-30 19:20:53 [booklist] INFO: VALID_ID: 10303851
2023-06-30 19:20:53 [booklist] INFO: VALID_ID: 8943270
2023-06-30 19:20:53 [booklist] INFO: VALID_ID: 2550870
2023-06-30 19:20:53 [booklist] INFO: VALID_ID: 10303604
2023-06-30 19:20:53 [booklist] INFO: VALID_ID: 8942892
2023-06-30 19:20:53 [booklist] INFO: VALID_ID: 10303598
2023-06-30 19:20:53 [booklist] INFO: VALID_ID: 10303599
2023-06-30 19:20:53 [booklist] INFO: VALID_ID: 10303600
2023-06-30 19:20:53 [booklist] INFO: VALID_ID: 8942882
2023-06-30 19:20:53 [booklist] INFO: VALID_ID: 2554948
2023-06-30 19:20:53 [booklist] INFO: VALID_ID: 10300994
2023-06-30 19:20:53 [booklist] INFO: VALID_ID: 1302795
2023-06-30 19:20:53 [booklist] INFO: VALID_ID: 1304919
2023-06-30 19:20:53 [booklist] INFO: VALID_ID: 10303989
2023-06-30 19:20:53 [booklist] INFO: VALID_ID: 8942883
2023-06-30 19:20:53 [booklist] INFO: VALID_ID: 8942891
2023-06-30 19:20:53 [booklist] INFO: VALID_ID: 10300973
2023-06-30 19:20:53 [booklist] INFO: VALID_ID: 10300995
2023-06-30 19:20:53 [booklist] INFO: VALID_ID: 10301484
2023-06-30 19:20:53 [booklist] INFO: VALID_ID: 1286917
2023-06-30 19:20:53 [booklist] INFO: VALID_ID: 2550868
2023-06-30 19:20:53 [booklist] INFO: VALID_ID: 2533982
2023-06-30 19:20:53 [booklist] INFO: VALID_ID: 2568520
2023-06-30 19:20:53 [booklist] INFO: VALID_ID: 1307846
2023-06-30 19:20:53 [booklist] INFO: VALID_ID: 2550869
2023-06-30 19:20:53 [booklist] INFO: VALID_ID: 1307697
2023-06-30 19:20:53 [booklist] INFO: VALID_ID: 11223164
2023-06-30 19:20:53 [booklist] INFO: VALID_ID: 10301430
2023-06-30 19:20:53 [booklist] INFO: VALID_ID: 2563562
2023-06-30 19:20:53 [booklist] INFO: VALID_ID: 10303542
2023-06-30 19:20:53 [booklist] INFO: VALID_ID: 10301021
2023-06-30 19:20:53 [booklist] INFO: VALID_ID: 9893359
2023-06-30 19:20:53 [booklist] INFO: VALID_ID: 10303592
2023-06-30 19:20:53 [booklist] INFO: VALID_ID: 10303603
2023-06-30 19:20:53 [booklist] INFO: VALID_ID: 1312340
2023-06-30 19:20:53 [booklist] INFO: VALID_ID: 1304035
2023-06-30 19:20:53 [booklist] INFO: VALID_ID: 2607979
2023-06-30 19:20:53 [booklist] INFO: VALID_ID: 1309094
2023-06-30 19:20:53 [booklist] INFO: VALID_ID: 8942889
2023-06-30 19:20:53 [booklist] INFO: VALID_ID: 2554466
2023-06-30 19:20:53 [booklist] INFO: VALID_ID: 1302172
2023-06-30 19:20:53 [booklist] INFO: VALID_ID: 1308740
2023-06-30 19:20:53 [booklist] INFO: VALID_ID: 2605675
2023-06-30 19:20:53 [booklist] INFO: VALID_ID: 2563561
2023-06-30 19:20:53 [booklist] INFO: VALID_ID: 2563563
2023-06-30 19:20:53 [booklist] INFO: VALID_ID: 10303593
2023-06-30 19:20:53 [booklist] INFO: VALID_ID: 10303602
2023-06-30 19:20:53 [booklist] INFO: VALID_ID: 1308539
2023-06-30 19:20:53 [booklist] INFO: VALID_ID: 1312216
2023-06-30 19:20:53 [booklist] INFO: VALID_ID: 1303310
2023-06-30 19:20:53 [booklist] INFO: VALID_ID: 2536322
2023-06-30 19:20:53 [booklist] INFO: VALID_ID: 10300993
2023-06-30 19:20:53 [booklist] INFO: VALID_ID: 2563564
2023-06-30 19:20:53 [booklist] INFO: VALID_ID: 9616670
2023-06-30 19:20:53 [booklist] INFO: VALID_ID: 10301275
2023-06-30 19:20:53 [booklist] INFO: VALID_ID: 1306400
2023-06-30 19:20:53 [booklist] INFO: VALID_ID: 9893361
2023-06-30 19:20:53 [booklist] INFO: VALID_ID: 1304781
2023-06-30 19:20:53 [booklist] INFO: VALID_ID: 9893180
2023-06-30 19:20:53 [booklist] INFO: VALID_ID: 1307013
2023-06-30 19:20:53 [booklist] INFO: VALID_ID: 1310018
2023-06-30 19:20:53 [booklist] INFO: VALID_ID: 10301174
2023-06-30 19:20:53 [booklist] INFO: VALID_ID: 1303161
2023-06-30 19:20:53 [booklist] INFO: VALID_ID: 2575289
2023-06-30 19:20:53 [booklist] INFO: VALID_ID: 1303821
2023-06-30 19:20:53 [booklist] INFO: VALID_ID: 10300923
2023-06-30 19:20:53 [booklist] INFO: VALID_ID: 10303577
2023-06-30 19:20:53 [booklist] INFO: VALID_ID: 10301805
2023-06-30 19:20:53 [booklist] INFO: VALID_ID: 10301195
2023-06-30 19:20:53 [booklist] INFO: VALID_ID: 1308056
2023-06-30 19:20:53 [booklist] INFO: VALID_ID: 2563547
2023-06-30 19:20:53 [booklist] INFO: VALID_ID: 2563548
2023-06-30 19:20:53 [booklist] INFO: VALID_ID: 2563551
2023-06-30 19:20:53 [booklist] INFO: VALID_ID: 9893215
2023-06-30 19:20:53 [booklist] INFO: VALID_ID: 10301173
2023-06-30 19:20:53 [booklist] INFO: VALID_ID: 1309058
2023-06-30 19:20:53 [booklist] INFO: VALID_ID: 1309999
2023-06-30 19:20:53 [booklist] INFO: VALID_ID: 10301239
2023-06-30 19:20:53 [booklist] INFO: VALID_ID: 1307964
2023-06-30 19:20:53 [booklist] INFO: VALID_ID: 9893367
2023-06-30 19:20:53 [booklist] INFO: VALID_ID: 10301276
2023-06-30 19:20:53 [booklist] INFO: VALID_ID: 2563550
2023-06-30 19:20:53 [booklist] INFO: VALID_ID: 1309586
2023-06-30 19:20:53 [booklist] INFO: VALID_ID: 9367562
2023-06-30 19:20:53 [booklist] INFO: VALID_ID: 2608007
2023-06-30 19:20:54 [scrapy.core.engine] DEBUG: Crawled (200) <POST https://dl.ndl.go.jp/api/item/search> (referer: https://dl.ndl.go.jp/api/item/search)
2023-06-30 19:20:54 [booklist] INFO: Fetched page 4
2023-06-30 19:20:54 [booklist] INFO: VALID_ID: 1305563
2023-06-30 19:20:54 [booklist] INFO: VALID_ID: 9893201
2023-06-30 19:20:54 [booklist] INFO: VALID_ID: 2575288
2023-06-30 19:20:54 [booklist] INFO: VALID_ID: 1304295
2023-06-30 19:20:54 [booklist] INFO: VALID_ID: 1303195
2023-06-30 19:20:54 [booklist] INFO: VALID_ID: 1303850
2023-06-30 19:20:54 [booklist] INFO: VALID_ID: 9893215
2023-06-30 19:20:54 [booklist] INFO: VALID_ID: 10301173
2023-06-30 19:20:54 [booklist] INFO: VALID_ID: 1309058
2023-06-30 19:20:54 [booklist] INFO: VALID_ID: 1308043
2023-06-30 19:20:54 [booklist] INFO: VALID_ID: 1313324
2023-06-30 19:20:54 [booklist] INFO: VALID_ID: 10303590
2023-06-30 19:20:54 [booklist] INFO: VALID_ID: 9892637
2023-06-30 19:20:54 [booklist] INFO: VALID_ID: 10303578
2023-06-30 19:20:54 [booklist] INFO: VALID_ID: 1303800
2023-06-30 19:20:54 [booklist] INFO: VALID_ID: 1308564
2023-06-30 19:20:54 [booklist] INFO: VALID_ID: 10303582
2023-06-30 19:20:54 [booklist] INFO: VALID_ID: 2575291
2023-06-30 19:20:54 [booklist] INFO: VALID_ID: 1303965
2023-06-30 19:20:54 [booklist] INFO: VALID_ID: 1302520
2023-06-30 19:20:54 [booklist] INFO: VALID_ID: 1302776
2023-06-30 19:20:54 [booklist] INFO: VALID_ID: 1304321
2023-06-30 19:20:54 [booklist] INFO: VALID_ID: 1303958
2023-06-30 19:20:54 [booklist] INFO: VALID_ID: 10303586
2023-06-30 19:20:54 [booklist] INFO: VALID_ID: 1301407
2023-06-30 19:20:54 [booklist] INFO: VALID_ID: 1303231
2023-06-30 19:20:54 [booklist] INFO: VALID_ID: 10303580
2023-06-30 19:20:54 [booklist] INFO: VALID_ID: 10303581
2023-06-30 19:20:54 [booklist] INFO: VALID_ID: 1303991
2023-06-30 19:20:54 [booklist] INFO: VALID_ID: 10303587
2023-06-30 19:20:54 [booklist] INFO: VALID_ID: 1312263
2023-06-30 19:20:54 [booklist] INFO: VALID_ID: 1303477
2023-06-30 19:20:54 [booklist] INFO: VALID_ID: 1308400
2023-06-30 19:20:54 [booklist] INFO: VALID_ID: 10301399
2023-06-30 19:20:54 [booklist] INFO: VALID_ID: 1306142
2023-06-30 19:20:54 [booklist] INFO: VALID_ID: 2575290
2023-06-30 19:20:54 [booklist] INFO: VALID_ID: 10303579
2023-06-30 19:20:54 [booklist] INFO: VALID_ID: 10303591
2023-06-30 19:20:54 [booklist] INFO: VALID_ID: 9369198
2023-06-30 19:20:54 [booklist] INFO: VALID_ID: 10303584
2023-06-30 19:20:54 [booklist] INFO: VALID_ID: 1305438
2023-06-30 19:20:54 [booklist] INFO: VALID_ID: 1302535
2023-06-30 19:20:54 [booklist] INFO: VALID_ID: 1305599
2023-06-30 19:20:54 [booklist] INFO: VALID_ID: 10303927
2023-06-30 19:20:54 [booklist] INFO: VALID_ID: 2540805
2023-06-30 19:20:54 [booklist] INFO: VALID_ID: 1303234
2023-06-30 19:20:54 [booklist] INFO: VALID_ID: 9893167
2023-06-30 19:20:54 [booklist] INFO: VALID_ID: 1306149
2023-06-30 19:20:54 [booklist] INFO: VALID_ID: 10303585
2023-06-30 19:20:54 [booklist] INFO: VALID_ID: 1308591
2023-06-30 19:20:54 [booklist] INFO: VALID_ID: 1312266
2023-06-30 19:20:54 [booklist] INFO: VALID_ID: 1311908
2023-06-30 19:20:54 [booklist] INFO: VALID_ID: 1311263
2023-06-30 19:20:54 [booklist] INFO: VALID_ID: 2589511
2023-06-30 19:20:54 [booklist] INFO: VALID_ID: 1307565
2023-06-30 19:20:54 [booklist] INFO: VALID_ID: 2610033
2023-06-30 19:20:54 [booklist] INFO: VALID_ID: 10303588
2023-06-30 19:20:54 [booklist] INFO: VALID_ID: 1303902
2023-06-30 19:20:54 [booklist] INFO: VALID_ID: 1309117
2023-06-30 19:20:54 [booklist] INFO: VALID_ID: 10303583
2023-06-30 19:20:54 [booklist] INFO: VALID_ID: 10303589
2023-06-30 19:20:54 [booklist] INFO: VALID_ID: 2589509
2023-06-30 19:20:54 [booklist] INFO: VALID_ID: 2589510
2023-06-30 19:20:54 [booklist] INFO: VALID_ID: 1305167
2023-06-30 19:20:54 [booklist] INFO: VALID_ID: 1305110
2023-06-30 19:20:54 [booklist] INFO: VALID_ID: 1305753
2023-06-30 19:20:54 [booklist] INFO: VALID_ID: 1311305
2023-06-30 19:20:54 [booklist] INFO: VALID_ID: 2589512
2023-06-30 19:20:54 [booklist] INFO: VALID_ID: 1311017
2023-06-30 19:20:54 [booklist] INFO: VALID_ID: 1309343
2023-06-30 19:20:54 [booklist] INFO: VALID_ID: 2545583
2023-06-30 19:20:54 [booklist] INFO: VALID_ID: 1312754
2023-06-30 19:20:54 [booklist] INFO: VALID_ID: 2576248
2023-06-30 19:20:54 [booklist] INFO: VALID_ID: 1304744
2023-06-30 19:20:54 [booklist] INFO: VALID_ID: 9893169
2023-06-30 19:20:54 [booklist] INFO: VALID_ID: 9369169
2023-06-30 19:20:54 [booklist] INFO: VALID_ID: 1307094
2023-06-30 19:20:54 [booklist] INFO: VALID_ID: 2545581
2023-06-30 19:20:54 [booklist] INFO: VALID_ID: 2545586
2023-06-30 19:20:54 [booklist] INFO: VALID_ID: 2545591
2023-06-30 19:20:54 [booklist] INFO: VALID_ID: 1311920
2023-06-30 19:20:54 [booklist] INFO: VALID_ID: 2592068
2023-06-30 19:20:54 [booklist] INFO: VALID_ID: 1305119
2023-06-30 19:20:54 [booklist] INFO: VALID_ID: 1304642
2023-06-30 19:20:54 [booklist] INFO: VALID_ID: 2545603
2023-06-30 19:20:54 [booklist] INFO: VALID_ID: 2591822
2023-06-30 19:20:54 [booklist] INFO: VALID_ID: 2545598
2023-06-30 19:20:54 [booklist] INFO: VALID_ID: 2545582
2023-06-30 19:20:54 [booklist] INFO: VALID_ID: 1301519
2023-06-30 19:20:54 [booklist] INFO: VALID_ID: 1310861
2023-06-30 19:20:54 [booklist] INFO: VALID_ID: 1305097
2023-06-30 19:20:54 [booklist] INFO: VALID_ID: 2609500
2023-06-30 19:20:54 [booklist] INFO: VALID_ID: 2545589
2023-06-30 19:20:54 [booklist] INFO: VALID_ID: 1302348
2023-06-30 19:20:54 [booklist] INFO: VALID_ID: 1301346
2023-06-30 19:20:54 [booklist] INFO: VALID_ID: 2545606
2023-06-30 19:20:54 [booklist] INFO: VALID_ID: 2545584
2023-06-30 19:20:54 [booklist] INFO: VALID_ID: 2545607
2023-06-30 19:20:54 [booklist] INFO: VALID_ID: 2545587
2023-06-30 19:20:54 [booklist] INFO: VALID_ID: 2592067
2023-06-30 19:20:55 [scrapy.core.engine] DEBUG: Crawled (200) <POST https://dl.ndl.go.jp/api/item/search> (referer: https://dl.ndl.go.jp/api/item/search)
2023-06-30 19:20:55 [booklist] INFO: Fetched page 5
2023-06-30 19:20:55 [booklist] INFO: VALID_ID: 2592067
2023-06-30 19:20:55 [booklist] INFO: VALID_ID: 2545610
2023-06-30 19:20:55 [booklist] INFO: VALID_ID: 2545580
2023-06-30 19:20:55 [booklist] INFO: VALID_ID: 2545588
2023-06-30 19:20:55 [booklist] INFO: VALID_ID: 2545595
2023-06-30 19:20:55 [booklist] INFO: VALID_ID: 1305232
2023-06-30 19:20:55 [booklist] INFO: VALID_ID: 2545579
2023-06-30 19:20:55 [booklist] INFO: VALID_ID: 2545612
2023-06-30 19:20:55 [booklist] INFO: VALID_ID: 2545611
2023-06-30 19:20:55 [booklist] INFO: VALID_ID: 2545594
2023-06-30 19:20:55 [booklist] INFO: VALID_ID: 1307154
2023-06-30 19:20:55 [booklist] INFO: VALID_ID: 2545585
2023-06-30 19:20:55 [booklist] INFO: VALID_ID: 2545601
2023-06-30 19:20:55 [booklist] INFO: VALID_ID: 2545592
2023-06-30 19:20:55 [booklist] INFO: VALID_ID: 2545593
2023-06-30 19:20:55 [booklist] INFO: VALID_ID: 2545599
2023-06-30 19:20:55 [booklist] INFO: VALID_ID: 2545613
2023-06-30 19:20:55 [booklist] INFO: VALID_ID: 2545590
2023-06-30 19:20:55 [booklist] INFO: VALID_ID: 2545600
2023-06-30 19:20:55 [booklist] INFO: VALID_ID: 2606052
2023-06-30 19:20:55 [booklist] INFO: VALID_ID: 11446494
2023-06-30 19:20:55 [booklist] INFO: VALID_ID: 2545606
2023-06-30 19:20:55 [booklist] INFO: VALID_ID: 2545605
2023-06-30 19:20:55 [booklist] INFO: VALID_ID: 2545608
2023-06-30 19:20:55 [booklist] INFO: VALID_ID: 1307127
2023-06-30 19:20:55 [booklist] INFO: VALID_ID: 1304674
2023-06-30 19:20:55 [booklist] INFO: VALID_ID: 2545596
2023-06-30 19:20:55 [booklist] INFO: VALID_ID: 2545604
2023-06-30 19:20:55 [booklist] INFO: VALID_ID: 2545609
2023-06-30 19:20:55 [booklist] INFO: VALID_ID: 2545602
2023-06-30 19:20:55 [booklist] INFO: VALID_ID: 1310930
2023-06-30 19:20:55 [booklist] INFO: VALID_ID: 1311112
2023-06-30 19:20:55 [booklist] INFO: VALID_ID: 1303888
2023-06-30 19:20:55 [booklist] INFO: VALID_ID: 1301378
2023-06-30 19:20:55 [booklist] INFO: VALID_ID: 2545597
2023-06-30 19:20:55 [booklist] INFO: VALID_ID: 2592069
2023-06-30 19:20:55 [booklist] INFO: VALID_ID: 1311946
2023-06-30 19:20:55 [booklist] INFO: VALID_ID: 1304175
2023-06-30 19:20:55 [booklist] INFO: VALID_ID: 1310947
2023-06-30 19:20:55 [booklist] INFO: VALID_ID: 1309173
2023-06-30 19:20:55 [booklist] INFO: VALID_ID: 1311950
2023-06-30 19:20:55 [booklist] INFO: VALID_ID: 1310924
2023-06-30 19:20:55 [booklist] INFO: VALID_ID: 1308197
2023-06-30 19:20:55 [booklist] INFO: VALID_ID: 1311111
2023-06-30 19:20:55 [booklist] INFO: VALID_ID: 1307368
2023-06-30 19:20:55 [booklist] INFO: VALID_ID: 1302554
2023-06-30 19:20:55 [booklist] INFO: VALID_ID: 1311246
2023-06-30 19:20:55 [booklist] INFO: VALID_ID: 1308044
2023-06-30 19:20:55 [booklist] INFO: VALID_ID: 1311233
2023-06-30 19:20:55 [booklist] INFO: VALID_ID: 1312006
2023-06-30 19:20:55 [booklist] INFO: VALID_ID: 1307151
2023-06-30 19:20:55 [booklist] INFO: VALID_ID: 2571633
2023-06-30 19:20:55 [booklist] INFO: VALID_ID: 1310911
2023-06-30 19:20:55 [booklist] INFO: VALID_ID: 1306998
2023-06-30 19:20:55 [booklist] INFO: VALID_ID: 1301314
2023-06-30 19:20:55 [booklist] INFO: VALID_ID: 1311214
2023-06-30 19:20:55 [booklist] INFO: VALID_ID: 1303883
2023-06-30 19:20:55 [booklist] INFO: VALID_ID: 1311234
2023-06-30 19:20:55 [booklist] INFO: VALID_ID: 1311286
2023-06-30 19:20:55 [booklist] INFO: VALID_ID: 1305023
2023-06-30 19:20:55 [booklist] INFO: VALID_ID: 1311289
2023-06-30 19:20:55 [booklist] INFO: VALID_ID: 2536554
2023-06-30 19:20:55 [booklist] INFO: VALID_ID: 2591659
2023-06-30 19:20:55 [booklist] INFO: VALID_ID: 3010903
2023-06-30 19:20:55 [booklist] INFO: VALID_ID: 8943206
2023-06-30 19:20:55 [booklist] INFO: VALID_ID: 2581038
2023-06-30 19:20:55 [booklist] INFO: VALID_ID: 2541322
2023-06-30 19:20:55 [booklist] INFO: VALID_ID: 1303893
2023-06-30 19:20:55 [booklist] INFO: VALID_ID: 2559069
2023-06-30 19:20:55 [booklist] INFO: VALID_ID: 2537322
2023-06-30 19:20:55 [booklist] INFO: VALID_ID: 1306390
2023-06-30 19:20:55 [booklist] INFO: VALID_ID: 8943217
2023-06-30 19:20:55 [booklist] INFO: VALID_ID: 2591644
2023-06-30 19:20:55 [booklist] INFO: VALID_ID: 10301422
2023-06-30 19:20:55 [booklist] INFO: VALID_ID: 1307129
2023-06-30 19:20:55 [booklist] INFO: VALID_ID: 2606361
2023-06-30 19:20:55 [booklist] INFO: VALID_ID: 2570263
2023-06-30 19:20:55 [booklist] INFO: VALID_ID: 1311953
2023-06-30 19:20:55 [booklist] INFO: VALID_ID: 2537880
2023-06-30 19:20:55 [booklist] INFO: VALID_ID: 1307801
2023-06-30 19:20:55 [booklist] INFO: VALID_ID: 9893770
2023-06-30 19:20:55 [booklist] INFO: VALID_ID: 9893772
2023-06-30 19:20:55 [booklist] INFO: VALID_ID: 2610714
2023-06-30 19:20:55 [booklist] INFO: VALID_ID: 2533641
2023-06-30 19:20:55 [booklist] INFO: VALID_ID: 2571451
2023-06-30 19:20:55 [booklist] INFO: VALID_ID: 9893769
2023-06-30 19:20:55 [booklist] INFO: VALID_ID: 1306336
2023-06-30 19:20:55 [booklist] INFO: VALID_ID: 2610562
2023-06-30 19:20:55 [booklist] INFO: VALID_ID: 9893771
2023-06-30 19:20:55 [booklist] INFO: VALID_ID: 10317557
2023-06-30 19:20:55 [booklist] INFO: VALID_ID: 2581031
2023-06-30 19:20:55 [booklist] INFO: VALID_ID: 2554010
2023-06-30 19:20:55 [booklist] INFO: VALID_ID: 9893768
2023-06-30 19:20:55 [booklist] INFO: VALID_ID: 2590717
2023-06-30 19:20:55 [booklist] INFO: VALID_ID: 2544644
2023-06-30 19:20:55 [booklist] INFO: VALID_ID: 2590718
2023-06-30 19:20:55 [booklist] INFO: VALID_ID: 2536149
2023-06-30 19:20:55 [booklist] INFO: VALID_ID: 11891764
2023-06-30 19:20:55 [booklist] INFO: VALID_ID: 11446481
2023-06-30 19:20:55 [booklist] INFO: VALID_ID: 2590706
2023-06-30 19:20:56 [scrapy.core.engine] DEBUG: Crawled (200) <POST https://dl.ndl.go.jp/api/item/search> (referer: https://dl.ndl.go.jp/api/item/search)
2023-06-30 19:20:56 [booklist] INFO: Fetched page 6
2023-06-30 19:20:56 [booklist] INFO: VALID_ID: 2590706
2023-06-30 19:20:56 [booklist] INFO: VALID_ID: 1287680
2023-06-30 19:20:56 [booklist] INFO: VALID_ID: 9369967
2023-06-30 19:20:56 [booklist] INFO: VALID_ID: 2542751
2023-06-30 19:20:56 [booklist] INFO: VALID_ID: 9893846
2023-06-30 19:20:56 [booklist] INFO: VALID_ID: 2580953
2023-06-30 19:20:56 [booklist] INFO: VALID_ID: 2590707
2023-06-30 19:20:56 [booklist] INFO: VALID_ID: 1301347
2023-06-30 19:20:56 [booklist] INFO: VALID_ID: 1311303
2023-06-30 19:20:56 [booklist] INFO: VALID_ID: 1311293
2023-06-30 19:20:56 [booklist] INFO: VALID_ID: 2540884
2023-06-30 19:20:56 [booklist] INFO: VALID_ID: 2546173
2023-06-30 19:20:56 [booklist] INFO: VALID_ID: 9369974
2023-06-30 19:20:56 [booklist] INFO: VALID_ID: 2598878
2023-06-30 19:20:56 [booklist] INFO: VALID_ID: 1287556
2023-06-30 19:20:56 [booklist] INFO: VALID_ID: 9977381
2023-06-30 19:20:56 [booklist] INFO: VALID_ID: 1287583
2023-06-30 19:20:56 [booklist] INFO: VALID_ID: 2585519
2023-06-30 19:20:56 [booklist] INFO: VALID_ID: 10303527
2023-06-30 19:20:56 [booklist] INFO: VALID_ID: 1287579
2023-06-30 19:20:56 [booklist] INFO: VALID_ID: 1287578
2023-06-30 19:20:56 [booklist] INFO: VALID_ID: 2585672
2023-06-30 19:20:56 [booklist] INFO: VALID_ID: 1287736
2023-06-30 19:20:56 [booklist] INFO: VALID_ID: 1287741
2023-06-30 19:20:56 [booklist] INFO: VALID_ID: 1287552
2023-06-30 19:20:56 [booklist] INFO: VALID_ID: 1288332
2023-06-30 19:20:56 [booklist] INFO: VALID_ID: 1287546
2023-06-30 19:20:56 [booklist] INFO: VALID_ID: 2598877
2023-06-30 19:20:56 [booklist] INFO: VALID_ID: 1287547
2023-06-30 19:20:56 [booklist] INFO: VALID_ID: 1287571
2023-06-30 19:20:56 [booklist] INFO: VALID_ID: 1287575
2023-06-30 19:20:56 [booklist] INFO: VALID_ID: 1287573
2023-06-30 19:20:56 [booklist] INFO: VALID_ID: 1287584
2023-06-30 19:20:56 [booklist] INFO: VALID_ID: 2609618
2023-06-30 19:20:56 [booklist] INFO: VALID_ID: 1287559
2023-06-30 19:20:56 [booklist] INFO: VALID_ID: 1287722
2023-06-30 19:20:56 [booklist] INFO: VALID_ID: 1287568
2023-06-30 19:20:56 [booklist] INFO: VALID_ID: 1287728
2023-06-30 19:20:56 [booklist] INFO: VALID_ID: 1287581
2023-06-30 19:20:56 [booklist] INFO: VALID_ID: 1287567
2023-06-30 19:20:56 [booklist] INFO: VALID_ID: 1287580
2023-06-30 19:20:56 [booklist] INFO: VALID_ID: 1287726
2023-06-30 19:20:56 [booklist] INFO: VALID_ID: 1287727
2023-06-30 19:20:56 [booklist] INFO: VALID_ID: 1287732
2023-06-30 19:20:56 [booklist] INFO: VALID_ID: 1287734
2023-06-30 19:20:56 [booklist] INFO: VALID_ID: 1288335
2023-06-30 19:20:56 [booklist] INFO: VALID_ID: 1287729
2023-06-30 19:20:56 [booklist] INFO: VALID_ID: 9977377
2023-06-30 19:20:56 [booklist] INFO: VALID_ID: 11446472
2023-06-30 19:20:56 [booklist] INFO: VALID_ID: 2610692
2023-06-30 19:20:56 [booklist] INFO: VALID_ID: 2542566
2023-06-30 19:20:56 [booklist] INFO: VALID_ID: 10303727
2023-06-30 19:20:56 [booklist] INFO: VALID_ID: 2585314
2023-06-30 19:20:56 [booklist] INFO: VALID_ID: 1287739
2023-06-30 19:20:56 [booklist] INFO: VALID_ID: 1287723
2023-06-30 19:20:56 [booklist] INFO: VALID_ID: 1287742
2023-06-30 19:20:56 [booklist] INFO: VALID_ID: 1287735
2023-06-30 19:20:56 [booklist] INFO: VALID_ID: 1287744
2023-06-30 19:20:56 [booklist] INFO: VALID_ID: 1287730
2023-06-30 19:20:56 [booklist] INFO: VALID_ID: 1287724
2023-06-30 19:20:56 [booklist] INFO: VALID_ID: 1287743
2023-06-30 19:20:56 [booklist] INFO: VALID_ID: 2581525
2023-06-30 19:20:56 [booklist] INFO: VALID_ID: 8943312
2023-06-30 19:20:56 [booklist] INFO: VALID_ID: 1288183
2023-06-30 19:20:56 [booklist] INFO: VALID_ID: 10303901
2023-06-30 19:20:56 [booklist] INFO: VALID_ID: 1288195
2023-06-30 19:20:56 [booklist] INFO: VALID_ID: 2611042
2023-06-30 19:20:56 [booklist] INFO: VALID_ID: 2585307
2023-06-30 19:20:56 [booklist] INFO: VALID_ID: 2553347
2023-06-30 19:20:56 [booklist] INFO: VALID_ID: 10301536
2023-06-30 19:20:56 [booklist] INFO: VALID_ID: 1288543
2023-06-30 19:20:56 [booklist] INFO: VALID_ID: 2541716
2023-06-30 19:20:56 [booklist] INFO: VALID_ID: 1288525
2023-06-30 19:20:56 [booklist] INFO: VALID_ID: 2611107
2023-06-30 19:20:56 [booklist] INFO: VALID_ID: 9370016
2023-06-30 19:20:56 [booklist] INFO: VALID_ID: 10301218
2023-06-30 19:20:56 [booklist] INFO: VALID_ID: 1288537
2023-06-30 19:20:56 [booklist] INFO: VALID_ID: 1302551
2023-06-30 19:20:56 [booklist] INFO: VALID_ID: 2609142
2023-06-30 19:20:56 [booklist] INFO: VALID_ID: 2542560
2023-06-30 19:20:56 [booklist] INFO: VALID_ID: 2551760
2023-06-30 19:20:56 [booklist] INFO: VALID_ID: 1288534
2023-06-30 19:20:56 [booklist] INFO: VALID_ID: 2608900
2023-06-30 19:20:56 [booklist] INFO: VALID_ID: 2606412
2023-06-30 19:20:56 [booklist] INFO: VALID_ID: 2543380
2023-06-30 19:20:56 [booklist] INFO: VALID_ID: 2609989
2023-06-30 19:20:56 [booklist] INFO: VALID_ID: 2610518
2023-06-30 19:20:56 [booklist] INFO: VALID_ID: 9369964
2023-06-30 19:20:56 [booklist] INFO: VALID_ID: 10301407
2023-06-30 19:20:56 [booklist] INFO: VALID_ID: 2610325
2023-06-30 19:20:56 [booklist] INFO: VALID_ID: 2576255
2023-06-30 19:20:56 [booklist] INFO: VALID_ID: 2610583
2023-06-30 19:20:56 [booklist] INFO: VALID_ID: 2576246
2023-06-30 19:20:56 [booklist] INFO: VALID_ID: 2576252
2023-06-30 19:20:56 [booklist] INFO: VALID_ID: 2576260
2023-06-30 19:20:56 [booklist] INFO: VALID_ID: 2576262
2023-06-30 19:20:56 [booklist] INFO: VALID_ID: 2576249
2023-06-30 19:20:56 [booklist] INFO: VALID_ID: 2576258
2023-06-30 19:20:56 [booklist] INFO: VALID_ID: 2576257
2023-06-30 19:20:56 [booklist] INFO: VALID_ID: 2576247
2023-06-30 19:20:57 [scrapy.core.engine] DEBUG: Crawled (200) <POST https://dl.ndl.go.jp/api/item/search> (referer: https://dl.ndl.go.jp/api/item/search)
2023-06-30 19:20:57 [booklist] INFO: Fetched page 7
2023-06-30 19:20:58 [booklist] INFO: VALID_ID: 2576247
2023-06-30 19:20:58 [booklist] INFO: VALID_ID: 2576259
2023-06-30 19:20:58 [booklist] INFO: VALID_ID: 2576261
2023-06-30 19:20:58 [booklist] INFO: VALID_ID: 2576249
2023-06-30 19:20:58 [booklist] INFO: VALID_ID: 2576264
2023-06-30 19:20:58 [booklist] INFO: VALID_ID: 2576250
2023-06-30 19:20:58 [booklist] INFO: VALID_ID: 2576251
2023-06-30 19:20:58 [booklist] INFO: VALID_ID: 2576254
2023-06-30 19:20:58 [booklist] INFO: VALID_ID: 2576256
2023-06-30 19:20:58 [booklist] INFO: VALID_ID: 2576253
2023-06-30 19:20:58 [booklist] INFO: VALID_ID: 2576257
2023-06-30 19:20:58 [booklist] INFO: VALID_ID: 2605424
2023-06-30 19:20:58 [booklist] INFO: VALID_ID: 10301165
2023-06-30 19:20:58 [booklist] INFO: VALID_ID: 10301138
2023-06-30 19:20:58 [booklist] INFO: VALID_ID: 2608884
2023-06-30 19:20:58 [booklist] INFO: VALID_ID: 2548011
2023-06-30 19:20:58 [booklist] INFO: VALID_ID: 10301383
2023-06-30 19:20:58 [booklist] INFO: VALID_ID: 2606130
2023-06-30 19:20:58 [booklist] INFO: VALID_ID: 2609444
2023-06-30 19:20:58 [booklist] INFO: VALID_ID: 2548010
2023-06-30 19:20:58 [booklist] INFO: VALID_ID: 2548009
2023-06-30 19:20:58 [booklist] INFO: VALID_ID: 2606806
2023-06-30 19:20:58 [booklist] INFO: VALID_ID: 2559067
2023-06-30 19:20:58 [booklist] INFO: VALID_ID: 2559071
2023-06-30 19:20:58 [booklist] INFO: VALID_ID: 2559060
2023-06-30 19:20:58 [booklist] INFO: VALID_ID: 2559064
2023-06-30 19:20:58 [booklist] INFO: VALID_ID: 2533156
2023-06-30 19:20:58 [booklist] INFO: VALID_ID: 2559072
2023-06-30 19:20:58 [booklist] INFO: VALID_ID: 2559062
2023-06-30 19:20:58 [booklist] INFO: VALID_ID: 2559066
2023-06-30 19:20:58 [booklist] INFO: VALID_ID: 2559070
2023-06-30 19:20:58 [booklist] INFO: VALID_ID: 2559063
2023-06-30 19:20:58 [booklist] INFO: VALID_ID: 2559061
2023-06-30 19:20:58 [booklist] INFO: VALID_ID: 2609516
2023-06-30 19:20:58 [booklist] INFO: VALID_ID: 2559068
2023-06-30 19:20:58 [booklist] INFO: VALID_ID: 2559065
2023-06-30 19:20:58 [booklist] INFO: VALID_ID: 2541094
2023-06-30 19:20:58 [booklist] INFO: VALID_ID: 2610537
2023-06-30 19:20:58 [booklist] INFO: VALID_ID: 2587899
2023-06-30 19:20:58 [booklist] INFO: VALID_ID: 11446659
2023-06-30 19:20:58 [booklist] INFO: VALID_ID: 2610456
2023-06-30 19:20:58 [booklist] INFO: VALID_ID: 2585162
2023-06-30 19:20:58 [booklist] INFO: VALID_ID: 9369953
2023-06-30 19:20:58 [booklist] INFO: VALID_ID: 2609783
2023-06-30 19:20:58 [scrapy.core.engine] DEBUG: Crawled (200) <POST https://dl.ndl.go.jp/api/item/search> (referer: https://dl.ndl.go.jp/api/item/search)
2023-06-30 19:20:58 [booklist] INFO: Fetched page 8
2023-06-30 19:20:58 [booklist] INFO: No more books on 8
2023-06-30 19:20:58 [scrapy.core.engine] INFO: Closing spider (finished)
2023-06-30 19:20:58 [scrapy.statscollectors] INFO: Dumping Scrapy stats:
{'downloader/request_bytes': 10983,
 'downloader/request_count': 9,
 'downloader/request_method_count/GET': 1,
 'downloader/request_method_count/POST': 8,
 'downloader/response_bytes': 1823804,
 'downloader/response_count': 9,
 'downloader/response_status_count/200': 9,
 'elapsed_time_seconds': 8.11108,
 'finish_reason': 'finished',
 'finish_time': datetime.datetime(2023, 6, 30, 11, 20, 58, 501352),
 'httpcompression/response_bytes': 19931738,
 'httpcompression/response_count': 8,
 'log_count/DEBUG': 12,
 'log_count/INFO': 663,
 'memusage/max': 63852544,
 'memusage/startup': 63852544,
 'request_depth_max': 7,
 'response_received_count': 9,
 'robotstxt/request_count': 1,
 'robotstxt/response_count': 1,
 'robotstxt/response_status_count/200': 1,
 'scheduler/dequeued': 8,
 'scheduler/dequeued/memory': 8,
 'scheduler/enqueued': 8,
 'scheduler/enqueued/memory': 8,
 'start_time': datetime.datetime(2023, 6, 30, 11, 20, 50, 390272)}
2023-06-30 19:20:58 [scrapy.core.engine] INFO: Spider closed (finished)
