2023-06-30 17:41:33 [scrapy.utils.log] INFO: Scrapy 2.9.0 started (bot: ndlcrawler)
2023-06-30 17:41:33 [scrapy.utils.log] INFO: Versions: lxml 4.9.2.0, libxml2 2.9.14, cssselect 1.2.0, parsel 1.8.1, w3lib 2.1.1, Twisted 22.10.0, Python 3.10.10 (main, Mar  5 2023, 22:26:53) [GCC 12.2.1 20230201], pyOpenSSL 23.2.0 (OpenSSL 3.1.1 30 May 2023), cryptography 41.0.1, Platform Linux-6.2.12-arch1-1-x86_64-with-glibc2.37
2023-06-30 17:41:33 [scrapy.crawler] INFO: Overridden settings:
{'BOT_NAME': 'ndlcrawler',
 'FEED_EXPORT_ENCODING': 'utf-8',
 'LOG_FILE': 'logs/booklist.title.藝.DESC.log',
 'NEWSPIDER_MODULE': 'ndlcrawler.spiders',
 'REQUEST_FINGERPRINTER_IMPLEMENTATION': '2.7',
 'ROBOTSTXT_OBEY': True,
 'SPIDER_MODULES': ['ndlcrawler.spiders'],
 'TWISTED_REACTOR': 'twisted.internet.asyncioreactor.AsyncioSelectorReactor'}
2023-06-30 17:41:33 [asyncio] DEBUG: Using selector: EpollSelector
2023-06-30 17:41:33 [scrapy.utils.log] DEBUG: Using reactor: twisted.internet.asyncioreactor.AsyncioSelectorReactor
2023-06-30 17:41:33 [scrapy.utils.log] DEBUG: Using asyncio event loop: asyncio.unix_events._UnixSelectorEventLoop
2023-06-30 17:41:33 [scrapy.extensions.telnet] INFO: Telnet Password: dc1fa9ed8925c39b
2023-06-30 17:41:33 [scrapy.middleware] INFO: Enabled extensions:
['scrapy.extensions.corestats.CoreStats',
 'scrapy.extensions.telnet.TelnetConsole',
 'scrapy.extensions.memusage.MemoryUsage',
 'scrapy.extensions.logstats.LogStats']
2023-06-30 17:41:33 [scrapy.middleware] INFO: Enabled downloader middlewares:
['scrapy.downloadermiddlewares.robotstxt.RobotsTxtMiddleware',
 'scrapy.downloadermiddlewares.httpauth.HttpAuthMiddleware',
 'scrapy.downloadermiddlewares.downloadtimeout.DownloadTimeoutMiddleware',
 'scrapy.downloadermiddlewares.defaultheaders.DefaultHeadersMiddleware',
 'scrapy.downloadermiddlewares.useragent.UserAgentMiddleware',
 'scrapy.downloadermiddlewares.retry.RetryMiddleware',
 'scrapy.downloadermiddlewares.redirect.MetaRefreshMiddleware',
 'scrapy.downloadermiddlewares.httpcompression.HttpCompressionMiddleware',
 'scrapy.downloadermiddlewares.redirect.RedirectMiddleware',
 'scrapy.downloadermiddlewares.cookies.CookiesMiddleware',
 'scrapy.downloadermiddlewares.httpproxy.HttpProxyMiddleware',
 'scrapy.downloadermiddlewares.stats.DownloaderStats']
2023-06-30 17:41:33 [scrapy.middleware] INFO: Enabled spider middlewares:
['scrapy.spidermiddlewares.httperror.HttpErrorMiddleware',
 'scrapy.spidermiddlewares.offsite.OffsiteMiddleware',
 'scrapy.spidermiddlewares.referer.RefererMiddleware',
 'scrapy.spidermiddlewares.urllength.UrlLengthMiddleware',
 'scrapy.spidermiddlewares.depth.DepthMiddleware']
2023-06-30 17:41:33 [scrapy.middleware] INFO: Enabled item pipelines:
[]
2023-06-30 17:41:33 [scrapy.core.engine] INFO: Spider opened
2023-06-30 17:41:34 [scrapy.extensions.logstats] INFO: Crawled 0 pages (at 0 pages/min), scraped 0 items (at 0 items/min)
2023-06-30 17:41:34 [scrapy.extensions.telnet] INFO: Telnet console listening on 127.0.0.1:6024
2023-06-30 17:41:34 [scrapy.core.engine] DEBUG: Crawled (200) <GET https://dl.ndl.go.jp/robots.txt> (referer: None)
2023-06-30 17:41:35 [scrapy.core.engine] DEBUG: Crawled (200) <POST https://dl.ndl.go.jp/api/item/search> (referer: None)
2023-06-30 17:41:35 [booklist] INFO: Fetched page 1
2023-06-30 17:41:35 [booklist] INFO: VALID_ID: 2556118
2023-06-30 17:41:35 [booklist] INFO: VALID_ID: 2556120
2023-06-30 17:41:35 [booklist] INFO: VALID_ID: 2581072
2023-06-30 17:41:35 [booklist] INFO: VALID_ID: 2581061
2023-06-30 17:41:35 [booklist] INFO: VALID_ID: 2581052
2023-06-30 17:41:35 [booklist] INFO: VALID_ID: 2581009
2023-06-30 17:41:35 [booklist] INFO: VALID_ID: 2538246
2023-06-30 17:41:35 [booklist] INFO: VALID_ID: 2556115
2023-06-30 17:41:35 [booklist] INFO: VALID_ID: 2581050
2023-06-30 17:41:35 [booklist] INFO: VALID_ID: 2581069
2023-06-30 17:41:35 [booklist] INFO: VALID_ID: 2581024
2023-06-30 17:41:35 [booklist] INFO: VALID_ID: 2581025
2023-06-30 17:41:35 [booklist] INFO: VALID_ID: 2581032
2023-06-30 17:41:35 [booklist] INFO: VALID_ID: 2581049
2023-06-30 17:41:35 [booklist] INFO: VALID_ID: 2581037
2023-06-30 17:41:35 [booklist] INFO: VALID_ID: 2581028
2023-06-30 17:41:35 [booklist] INFO: VALID_ID: 2581035
2023-06-30 17:41:35 [booklist] INFO: VALID_ID: 2581071
2023-06-30 17:41:35 [booklist] INFO: VALID_ID: 2581041
2023-06-30 17:41:35 [booklist] INFO: VALID_ID: 2581039
2023-06-30 17:41:35 [booklist] INFO: VALID_ID: 2581010
2023-06-30 17:41:35 [booklist] INFO: VALID_ID: 2581030
2023-06-30 17:41:35 [booklist] INFO: VALID_ID: 1305676
2023-06-30 17:41:35 [booklist] INFO: VALID_ID: 2581016
2023-06-30 17:41:35 [booklist] INFO: VALID_ID: 2581054
2023-06-30 17:41:35 [booklist] INFO: VALID_ID: 2610790
2023-06-30 17:41:35 [booklist] INFO: VALID_ID: 2556122
2023-06-30 17:41:35 [booklist] INFO: VALID_ID: 2581053
2023-06-30 17:41:35 [booklist] INFO: VALID_ID: 2581015
2023-06-30 17:41:35 [booklist] INFO: VALID_ID: 2581074
2023-06-30 17:41:35 [booklist] INFO: VALID_ID: 2539028
2023-06-30 17:41:35 [booklist] INFO: VALID_ID: 2581044
2023-06-30 17:41:35 [booklist] INFO: VALID_ID: 2581048
2023-06-30 17:41:35 [booklist] INFO: VALID_ID: 2581073
2023-06-30 17:41:35 [booklist] INFO: VALID_ID: 2581075
2023-06-30 17:41:35 [booklist] INFO: VALID_ID: 2533287
2023-06-30 17:41:35 [booklist] INFO: VALID_ID: 2581066
2023-06-30 17:41:35 [booklist] INFO: VALID_ID: 2581034
2023-06-30 17:41:35 [booklist] INFO: VALID_ID: 2581068
2023-06-30 17:41:35 [booklist] INFO: VALID_ID: 2575831
2023-06-30 17:41:35 [booklist] INFO: VALID_ID: 2546227
2023-06-30 17:41:35 [booklist] INFO: VALID_ID: 2575833
2023-06-30 17:41:35 [booklist] INFO: VALID_ID: 2536331
2023-06-30 17:41:35 [booklist] INFO: VALID_ID: 2575834
2023-06-30 17:41:35 [booklist] INFO: VALID_ID: 1305267
2023-06-30 17:41:35 [booklist] INFO: VALID_ID: 2606224
2023-06-30 17:41:35 [booklist] INFO: VALID_ID: 2609439
2023-06-30 17:41:35 [booklist] INFO: VALID_ID: 2575832
2023-06-30 17:41:35 [booklist] INFO: VALID_ID: 2546228
2023-06-30 17:41:35 [booklist] INFO: VALID_ID: 2533290
2023-06-30 17:41:35 [booklist] INFO: VALID_ID: 2541303
2023-06-30 17:41:35 [booklist] INFO: VALID_ID: 2541304
2023-06-30 17:41:35 [booklist] INFO: VALID_ID: 2607640
2023-06-30 17:41:35 [booklist] INFO: VALID_ID: 11446673
2023-06-30 17:41:35 [booklist] INFO: VALID_ID: 11446128
2023-06-30 17:41:35 [booklist] INFO: VALID_ID: 1310598
2023-06-30 17:41:35 [booklist] INFO: VALID_ID: 2566853
2023-06-30 17:41:35 [booklist] INFO: VALID_ID: 1301985
2023-06-30 17:41:35 [booklist] INFO: VALID_ID: 11446130
2023-06-30 17:41:35 [booklist] INFO: VALID_ID: 1304454
2023-06-30 17:41:35 [booklist] INFO: VALID_ID: 2537347
2023-06-30 17:41:35 [booklist] INFO: VALID_ID: 2543066
2023-06-30 17:41:35 [booklist] INFO: VALID_ID: 2566852
2023-06-30 17:41:35 [booklist] INFO: VALID_ID: 2608022
2023-06-30 17:41:35 [booklist] INFO: VALID_ID: 2540391
2023-06-30 17:41:35 [booklist] INFO: VALID_ID: 11446127
2023-06-30 17:41:35 [booklist] INFO: VALID_ID: 11446129
2023-06-30 17:41:35 [booklist] INFO: VALID_ID: 2566850
2023-06-30 17:41:35 [booklist] INFO: VALID_ID: 2546144
2023-06-30 17:41:35 [booklist] INFO: VALID_ID: 2546146
2023-06-30 17:41:35 [booklist] INFO: VALID_ID: 2567987
2023-06-30 17:41:35 [booklist] INFO: VALID_ID: 2608554
2023-06-30 17:41:35 [booklist] INFO: VALID_ID: 2536480
2023-06-30 17:41:35 [booklist] INFO: VALID_ID: 2566849
2023-06-30 17:41:35 [booklist] INFO: VALID_ID: 2566851
2023-06-30 17:41:35 [booklist] INFO: VALID_ID: 2554397
2023-06-30 17:41:35 [booklist] INFO: VALID_ID: 2546140
2023-06-30 17:41:35 [booklist] INFO: VALID_ID: 2546148
2023-06-30 17:41:35 [booklist] INFO: VALID_ID: 2546145
2023-06-30 17:41:35 [booklist] INFO: VALID_ID: 2605454
2023-06-30 17:41:35 [booklist] INFO: VALID_ID: 2606370
2023-06-30 17:41:35 [booklist] INFO: VALID_ID: 2546143
2023-06-30 17:41:35 [booklist] INFO: VALID_ID: 2555428
2023-06-30 17:41:35 [booklist] INFO: VALID_ID: 2567988
2023-06-30 17:41:35 [booklist] INFO: VALID_ID: 1310670
2023-06-30 17:41:35 [booklist] INFO: VALID_ID: 1302774
2023-06-30 17:41:35 [booklist] INFO: VALID_ID: 2606563
2023-06-30 17:41:35 [booklist] INFO: VALID_ID: 2567986
2023-06-30 17:41:35 [booklist] INFO: VALID_ID: 2555429
2023-06-30 17:41:35 [booklist] INFO: VALID_ID: 1312738
2023-06-30 17:41:35 [booklist] INFO: VALID_ID: 9892449
2023-06-30 17:41:35 [booklist] INFO: VALID_ID: 2554396
2023-06-30 17:41:35 [booklist] INFO: VALID_ID: 1305264
2023-06-30 17:41:35 [booklist] INFO: VALID_ID: 2546142
2023-06-30 17:41:35 [booklist] INFO: VALID_ID: 2546147
2023-06-30 17:41:35 [booklist] INFO: VALID_ID: 2546141
2023-06-30 17:41:35 [booklist] INFO: VALID_ID: 2540058
2023-06-30 17:41:35 [booklist] INFO: VALID_ID: 9892524
2023-06-30 17:41:35 [booklist] INFO: VALID_ID: 1307398
2023-06-30 17:41:35 [booklist] INFO: VALID_ID: 1305521
2023-06-30 17:41:36 [scrapy.core.engine] DEBUG: Crawled (200) <POST https://dl.ndl.go.jp/api/item/search> (referer: https://dl.ndl.go.jp/api/item/search)
2023-06-30 17:41:37 [booklist] INFO: Fetched page 2
2023-06-30 17:41:37 [booklist] INFO: VALID_ID: 2568882
2023-06-30 17:41:37 [booklist] INFO: VALID_ID: 1305521
2023-06-30 17:41:37 [booklist] INFO: VALID_ID: 1303799
2023-06-30 17:41:37 [booklist] INFO: VALID_ID: 1304322
2023-06-30 17:41:37 [booklist] INFO: VALID_ID: 1305523
2023-06-30 17:41:37 [booklist] INFO: VALID_ID: 10301466
2023-06-30 17:41:37 [booklist] INFO: VALID_ID: 1311947
2023-06-30 17:41:37 [booklist] INFO: VALID_ID: 1305121
2023-06-30 17:41:37 [booklist] INFO: VALID_ID: 1310672
2023-06-30 17:41:37 [booklist] INFO: VALID_ID: 2539259
2023-06-30 17:41:37 [booklist] INFO: VALID_ID: 9367537
2023-06-30 17:41:37 [booklist] INFO: VALID_ID: 2608737
2023-06-30 17:41:37 [booklist] INFO: VALID_ID: 2568881
2023-06-30 17:41:37 [booklist] INFO: VALID_ID: 1311948
2023-06-30 17:41:37 [booklist] INFO: VALID_ID: 2533713
2023-06-30 17:41:37 [booklist] INFO: VALID_ID: 10300949
2023-06-30 17:41:37 [booklist] INFO: VALID_ID: 1307337
2023-06-30 17:41:37 [booklist] INFO: VALID_ID: 1312720
2023-06-30 17:41:37 [booklist] INFO: VALID_ID: 1309777
2023-06-30 17:41:37 [booklist] INFO: VALID_ID: 1311999
2023-06-30 17:41:37 [booklist] INFO: VALID_ID: 1286539
2023-06-30 17:41:37 [booklist] INFO: VALID_ID: 2568883
2023-06-30 17:41:37 [booklist] INFO: VALID_ID: 2595799
2023-06-30 17:41:37 [booklist] INFO: VALID_ID: 11223529
2023-06-30 17:41:37 [booklist] INFO: VALID_ID: 10303442
2023-06-30 17:41:37 [booklist] INFO: VALID_ID: 2586084
2023-06-30 17:41:37 [booklist] INFO: VALID_ID: 2568885
2023-06-30 17:41:37 [booklist] INFO: VALID_ID: 1309642
2023-06-30 17:41:37 [booklist] INFO: VALID_ID: 2568879
2023-06-30 17:41:37 [booklist] INFO: VALID_ID: 2580648
2023-06-30 17:41:37 [booklist] INFO: VALID_ID: 2598685
2023-06-30 17:41:37 [booklist] INFO: VALID_ID: 2537464
2023-06-30 17:41:37 [booklist] INFO: VALID_ID: 2598686
2023-06-30 17:41:37 [booklist] INFO: VALID_ID: 1308352
2023-06-30 17:41:37 [booklist] INFO: VALID_ID: 2595798
2023-06-30 17:41:37 [booklist] INFO: VALID_ID: 2595797
2023-06-30 17:41:37 [booklist] INFO: VALID_ID: 2536399
2023-06-30 17:41:37 [booklist] INFO: VALID_ID: 2568880
2023-06-30 17:41:37 [booklist] INFO: VALID_ID: 2582278
2023-06-30 17:41:37 [booklist] INFO: VALID_ID: 10301600
2023-06-30 17:41:37 [booklist] INFO: VALID_ID: 10303443
2023-06-30 17:41:37 [booklist] INFO: VALID_ID: 2582277
2023-06-30 17:41:37 [booklist] INFO: VALID_ID: 10303970
2023-06-30 17:41:37 [booklist] INFO: VALID_ID: 2533434
2023-06-30 17:41:37 [booklist] INFO: VALID_ID: 2542751
2023-06-30 17:41:37 [booklist] INFO: VALID_ID: 2580649
2023-06-30 17:41:37 [booklist] INFO: VALID_ID: 10301298
2023-06-30 17:41:37 [booklist] INFO: VALID_ID: 1304065
2023-06-30 17:41:37 [booklist] INFO: VALID_ID: 1312773
2023-06-30 17:41:37 [booklist] INFO: VALID_ID: 2568877
2023-06-30 17:41:37 [booklist] INFO: VALID_ID: 1306486
2023-06-30 17:41:37 [booklist] INFO: VALID_ID: 1306467
2023-06-30 17:41:37 [booklist] INFO: VALID_ID: 10300983
2023-06-30 17:41:37 [booklist] INFO: VALID_ID: 1312786
2023-06-30 17:41:37 [booklist] INFO: VALID_ID: 1312770
2023-06-30 17:41:37 [booklist] INFO: VALID_ID: 1312761
2023-06-30 17:41:37 [booklist] INFO: VALID_ID: 1306500
2023-06-30 17:41:37 [booklist] INFO: VALID_ID: 1306477
2023-06-30 17:41:37 [booklist] INFO: VALID_ID: 1306495
2023-06-30 17:41:37 [booklist] INFO: VALID_ID: 1312758
2023-06-30 17:41:37 [booklist] INFO: VALID_ID: 1312789
2023-06-30 17:41:37 [booklist] INFO: VALID_ID: 2537300
2023-06-30 17:41:37 [booklist] INFO: VALID_ID: 1306497
2023-06-30 17:41:37 [booklist] INFO: VALID_ID: 1312781
2023-06-30 17:41:37 [booklist] INFO: VALID_ID: 1306476
2023-06-30 17:41:37 [booklist] INFO: VALID_ID: 11446328
2023-06-30 17:41:37 [booklist] INFO: VALID_ID: 2548823
2023-06-30 17:41:37 [booklist] INFO: VALID_ID: 2571684
2023-06-30 17:41:37 [booklist] INFO: VALID_ID: 1312557
2023-06-30 17:41:37 [booklist] INFO: VALID_ID: 1312631
2023-06-30 17:41:37 [booklist] INFO: VALID_ID: 1286540
2023-06-30 17:41:37 [booklist] INFO: VALID_ID: 2554206
2023-06-30 17:41:37 [booklist] INFO: VALID_ID: 2551757
2023-06-30 17:41:37 [booklist] INFO: VALID_ID: 2533396
2023-06-30 17:41:37 [booklist] INFO: VALID_ID: 10301459
2023-06-30 17:41:37 [booklist] INFO: VALID_ID: 2609175
2023-06-30 17:41:37 [booklist] INFO: VALID_ID: 2610124
2023-06-30 17:41:37 [booklist] INFO: VALID_ID: 2609432
2023-06-30 17:41:37 [booklist] INFO: VALID_ID: 2571683
2023-06-30 17:41:37 [booklist] INFO: VALID_ID: 11446312
2023-06-30 17:41:37 [booklist] INFO: VALID_ID: 2610129
2023-06-30 17:41:37 [booklist] INFO: VALID_ID: 1301766
2023-06-30 17:41:37 [booklist] INFO: VALID_ID: 11038891
2023-06-30 17:41:37 [booklist] INFO: VALID_ID: 11038913
2023-06-30 17:41:37 [booklist] INFO: VALID_ID: 2609552
2023-06-30 17:41:37 [booklist] INFO: VALID_ID: 11038890
2023-06-30 17:41:37 [booklist] INFO: VALID_ID: 11038892
2023-06-30 17:41:37 [booklist] INFO: VALID_ID: 11038909
2023-06-30 17:41:37 [booklist] INFO: VALID_ID: 11038887
2023-06-30 17:41:37 [booklist] INFO: VALID_ID: 11038902
2023-06-30 17:41:37 [booklist] INFO: VALID_ID: 11038874
2023-06-30 17:41:37 [booklist] INFO: VALID_ID: 11038880
2023-06-30 17:41:37 [booklist] INFO: VALID_ID: 11038910
2023-06-30 17:41:37 [booklist] INFO: VALID_ID: 11038915
2023-06-30 17:41:37 [booklist] INFO: VALID_ID: 11038886
2023-06-30 17:41:37 [booklist] INFO: VALID_ID: 11038893
2023-06-30 17:41:37 [booklist] INFO: VALID_ID: 11038895
2023-06-30 17:41:37 [booklist] INFO: VALID_ID: 11038875
2023-06-30 17:41:37 [booklist] INFO: VALID_ID: 11038876
2023-06-30 17:41:37 [booklist] INFO: VALID_ID: 11038884
2023-06-30 17:41:38 [scrapy.core.engine] DEBUG: Crawled (200) <POST https://dl.ndl.go.jp/api/item/search> (referer: https://dl.ndl.go.jp/api/item/search)
2023-06-30 17:41:38 [booklist] INFO: Fetched page 3
2023-06-30 17:41:38 [booklist] INFO: VALID_ID: 11038882
2023-06-30 17:41:38 [booklist] INFO: VALID_ID: 11038901
2023-06-30 17:41:38 [booklist] INFO: VALID_ID: 11038894
2023-06-30 17:41:38 [booklist] INFO: VALID_ID: 11038890
2023-06-30 17:41:38 [booklist] INFO: VALID_ID: 11038889
2023-06-30 17:41:38 [booklist] INFO: VALID_ID: 11038905
2023-06-30 17:41:38 [booklist] INFO: VALID_ID: 11038891
2023-06-30 17:41:38 [booklist] INFO: VALID_ID: 11038913
2023-06-30 17:41:38 [booklist] INFO: VALID_ID: 11038874
2023-06-30 17:41:38 [booklist] INFO: VALID_ID: 11038880
2023-06-30 17:41:38 [booklist] INFO: VALID_ID: 11038908
2023-06-30 17:41:38 [booklist] INFO: VALID_ID: 11038919
2023-06-30 17:41:38 [booklist] INFO: VALID_ID: 11038907
2023-06-30 17:41:38 [booklist] INFO: VALID_ID: 11038911
2023-06-30 17:41:38 [booklist] INFO: VALID_ID: 11038878
2023-06-30 17:41:38 [booklist] INFO: VALID_ID: 11038896
2023-06-30 17:41:38 [booklist] INFO: VALID_ID: 11038904
2023-06-30 17:41:38 [booklist] INFO: VALID_ID: 11038885
2023-06-30 17:41:38 [booklist] INFO: VALID_ID: 11038899
2023-06-30 17:41:38 [booklist] INFO: VALID_ID: 11038906
2023-06-30 17:41:38 [booklist] INFO: VALID_ID: 2607339
2023-06-30 17:41:38 [booklist] INFO: VALID_ID: 11223558
2023-06-30 17:41:38 [booklist] INFO: VALID_ID: 2606743
2023-06-30 17:41:38 [booklist] INFO: VALID_ID: 2542560
2023-06-30 17:41:38 [booklist] INFO: VALID_ID: 9369963
2023-06-30 17:41:38 [scrapy.core.engine] DEBUG: Crawled (200) <POST https://dl.ndl.go.jp/api/item/search> (referer: https://dl.ndl.go.jp/api/item/search)
2023-06-30 17:41:38 [booklist] INFO: Fetched page 4
2023-06-30 17:41:38 [booklist] INFO: No more books on 4
2023-06-30 17:41:38 [scrapy.core.engine] INFO: Closing spider (finished)
2023-06-30 17:41:38 [scrapy.statscollectors] INFO: Dumping Scrapy stats:
{'downloader/request_bytes': 5579,
 'downloader/request_count': 5,
 'downloader/request_method_count/GET': 1,
 'downloader/request_method_count/POST': 4,
 'downloader/response_bytes': 1235160,
 'downloader/response_count': 5,
 'downloader/response_status_count/200': 5,
 'elapsed_time_seconds': 4.687964,
 'finish_reason': 'finished',
 'finish_time': datetime.datetime(2023, 6, 30, 9, 41, 38, 828244),
 'httpcompression/response_bytes': 14179821,
 'httpcompression/response_count': 4,
 'log_count/DEBUG': 8,
 'log_count/INFO': 240,
 'memusage/max': 63852544,
 'memusage/startup': 63852544,
 'request_depth_max': 3,
 'response_received_count': 5,
 'robotstxt/request_count': 1,
 'robotstxt/response_count': 1,
 'robotstxt/response_status_count/200': 1,
 'scheduler/dequeued': 4,
 'scheduler/dequeued/memory': 4,
 'scheduler/enqueued': 4,
 'scheduler/enqueued/memory': 4,
 'start_time': datetime.datetime(2023, 6, 30, 9, 41, 34, 140280)}
2023-06-30 17:41:38 [scrapy.core.engine] INFO: Spider closed (finished)
