2023-06-30 16:14:09 [scrapy.utils.log] INFO: Scrapy 2.9.0 started (bot: ndlcrawler)
2023-06-30 16:14:09 [scrapy.utils.log] INFO: Versions: lxml 4.9.2.0, libxml2 2.9.14, cssselect 1.2.0, parsel 1.8.1, w3lib 2.1.1, Twisted 22.10.0, Python 3.10.10 (main, Mar  5 2023, 22:26:53) [GCC 12.2.1 20230201], pyOpenSSL 23.2.0 (OpenSSL 3.1.1 30 May 2023), cryptography 41.0.1, Platform Linux-6.2.12-arch1-1-x86_64-with-glibc2.37
2023-06-30 16:14:09 [scrapy.crawler] INFO: Overridden settings:
{'BOT_NAME': 'ndlcrawler',
 'FEED_EXPORT_ENCODING': 'utf-8',
 'LOG_FILE': 'logs/booklist.title.字.log',
 'NEWSPIDER_MODULE': 'ndlcrawler.spiders',
 'REQUEST_FINGERPRINTER_IMPLEMENTATION': '2.7',
 'ROBOTSTXT_OBEY': True,
 'SPIDER_MODULES': ['ndlcrawler.spiders'],
 'TWISTED_REACTOR': 'twisted.internet.asyncioreactor.AsyncioSelectorReactor'}
2023-06-30 16:14:09 [asyncio] DEBUG: Using selector: EpollSelector
2023-06-30 16:14:09 [scrapy.utils.log] DEBUG: Using reactor: twisted.internet.asyncioreactor.AsyncioSelectorReactor
2023-06-30 16:14:09 [scrapy.utils.log] DEBUG: Using asyncio event loop: asyncio.unix_events._UnixSelectorEventLoop
2023-06-30 16:14:09 [scrapy.extensions.telnet] INFO: Telnet Password: c91b2c6fff6ed33e
2023-06-30 16:14:10 [scrapy.middleware] INFO: Enabled extensions:
['scrapy.extensions.corestats.CoreStats',
 'scrapy.extensions.telnet.TelnetConsole',
 'scrapy.extensions.memusage.MemoryUsage',
 'scrapy.extensions.logstats.LogStats']
2023-06-30 16:14:10 [scrapy.middleware] INFO: Enabled downloader middlewares:
['scrapy.downloadermiddlewares.robotstxt.RobotsTxtMiddleware',
 'scrapy.downloadermiddlewares.httpauth.HttpAuthMiddleware',
 'scrapy.downloadermiddlewares.downloadtimeout.DownloadTimeoutMiddleware',
 'scrapy.downloadermiddlewares.defaultheaders.DefaultHeadersMiddleware',
 'scrapy.downloadermiddlewares.useragent.UserAgentMiddleware',
 'scrapy.downloadermiddlewares.retry.RetryMiddleware',
 'scrapy.downloadermiddlewares.redirect.MetaRefreshMiddleware',
 'scrapy.downloadermiddlewares.httpcompression.HttpCompressionMiddleware',
 'scrapy.downloadermiddlewares.redirect.RedirectMiddleware',
 'scrapy.downloadermiddlewares.cookies.CookiesMiddleware',
 'scrapy.downloadermiddlewares.httpproxy.HttpProxyMiddleware',
 'scrapy.downloadermiddlewares.stats.DownloaderStats']
2023-06-30 16:14:10 [scrapy.middleware] INFO: Enabled spider middlewares:
['scrapy.spidermiddlewares.httperror.HttpErrorMiddleware',
 'scrapy.spidermiddlewares.offsite.OffsiteMiddleware',
 'scrapy.spidermiddlewares.referer.RefererMiddleware',
 'scrapy.spidermiddlewares.urllength.UrlLengthMiddleware',
 'scrapy.spidermiddlewares.depth.DepthMiddleware']
2023-06-30 16:14:10 [scrapy.middleware] INFO: Enabled item pipelines:
[]
2023-06-30 16:14:10 [scrapy.core.engine] INFO: Spider opened
2023-06-30 16:14:10 [scrapy.extensions.logstats] INFO: Crawled 0 pages (at 0 pages/min), scraped 0 items (at 0 items/min)
2023-06-30 16:14:10 [scrapy.extensions.telnet] INFO: Telnet console listening on 127.0.0.1:6024
2023-06-30 16:14:11 [scrapy.core.engine] DEBUG: Crawled (200) <GET https://dl.ndl.go.jp/robots.txt> (referer: None)
2023-06-30 16:14:12 [scrapy.core.engine] DEBUG: Crawled (200) <POST https://dl.ndl.go.jp/api/item/search> (referer: None)
2023-06-30 16:14:12 [booklist] INFO: Fetched page 1
2023-06-30 16:14:13 [booklist] INFO: VALID_ID: 2540838
2023-06-30 16:14:13 [booklist] INFO: VALID_ID: 2533321
2023-06-30 16:14:13 [booklist] INFO: VALID_ID: 2562583
2023-06-30 16:14:13 [booklist] INFO: VALID_ID: 2562609
2023-06-30 16:14:13 [booklist] INFO: VALID_ID: 2562586
2023-06-30 16:14:13 [booklist] INFO: VALID_ID: 2562587
2023-06-30 16:14:13 [booklist] INFO: VALID_ID: 2562596
2023-06-30 16:14:13 [booklist] INFO: VALID_ID: 2562605
2023-06-30 16:14:13 [booklist] INFO: VALID_ID: 2562595
2023-06-30 16:14:13 [booklist] INFO: VALID_ID: 2562611
2023-06-30 16:14:13 [booklist] INFO: VALID_ID: 2562593
2023-06-30 16:14:13 [booklist] INFO: VALID_ID: 2562616
2023-06-30 16:14:13 [booklist] INFO: VALID_ID: 2562594
2023-06-30 16:14:13 [booklist] INFO: VALID_ID: 2562597
2023-06-30 16:14:13 [booklist] INFO: VALID_ID: 2562602
2023-06-30 16:14:13 [booklist] INFO: VALID_ID: 2562610
2023-06-30 16:14:13 [booklist] INFO: VALID_ID: 2592434
2023-06-30 16:14:13 [booklist] INFO: VALID_ID: 2562580
2023-06-30 16:14:13 [booklist] INFO: VALID_ID: 2562600
2023-06-30 16:14:13 [booklist] INFO: VALID_ID: 2562584
2023-06-30 16:14:13 [booklist] INFO: VALID_ID: 2562592
2023-06-30 16:14:13 [booklist] INFO: VALID_ID: 2562608
2023-06-30 16:14:13 [booklist] INFO: VALID_ID: 2562614
2023-06-30 16:14:13 [booklist] INFO: VALID_ID: 1286982
2023-06-30 16:14:13 [booklist] INFO: VALID_ID: 2538734
2023-06-30 16:14:13 [booklist] INFO: VALID_ID: 2562760
2023-06-30 16:14:13 [booklist] INFO: VALID_ID: 2562604
2023-06-30 16:14:13 [booklist] INFO: VALID_ID: 2562613
2023-06-30 16:14:13 [booklist] INFO: VALID_ID: 2562579
2023-06-30 16:14:13 [booklist] INFO: VALID_ID: 2562590
2023-06-30 16:14:13 [booklist] INFO: VALID_ID: 2562612
2023-06-30 16:14:13 [booklist] INFO: VALID_ID: 2607959
2023-06-30 16:14:13 [booklist] INFO: VALID_ID: 2562576
2023-06-30 16:14:13 [booklist] INFO: VALID_ID: 2562588
2023-06-30 16:14:13 [booklist] INFO: VALID_ID: 2562589
2023-06-30 16:14:13 [booklist] INFO: VALID_ID: 2562601
2023-06-30 16:14:13 [booklist] INFO: VALID_ID: 2562603
2023-06-30 16:14:13 [booklist] INFO: VALID_ID: 2562577
2023-06-30 16:14:13 [booklist] INFO: VALID_ID: 2562615
2023-06-30 16:14:13 [booklist] INFO: VALID_ID: 2562607
2023-06-30 16:14:13 [booklist] INFO: VALID_ID: 2562606
2023-06-30 16:14:13 [booklist] INFO: VALID_ID: 2539511
2023-06-30 16:14:13 [booklist] INFO: VALID_ID: 2562578
2023-06-30 16:14:13 [booklist] INFO: VALID_ID: 2562581
2023-06-30 16:14:13 [booklist] INFO: VALID_ID: 2608867
2023-06-30 16:14:13 [booklist] INFO: VALID_ID: 2562582
2023-06-30 16:14:13 [booklist] INFO: VALID_ID: 2538674
2023-06-30 16:14:13 [booklist] INFO: VALID_ID: 2605220
2023-06-30 16:14:13 [booklist] INFO: VALID_ID: 2538016
2023-06-30 16:14:13 [booklist] INFO: VALID_ID: 2562591
2023-06-30 16:14:13 [booklist] INFO: VALID_ID: 2562599
2023-06-30 16:14:13 [booklist] INFO: VALID_ID: 2543332
2023-06-30 16:14:13 [booklist] INFO: VALID_ID: 2562585
2023-06-30 16:14:13 [booklist] INFO: VALID_ID: 2609413
2023-06-30 16:14:13 [booklist] INFO: VALID_ID: 2556146
2023-06-30 16:14:13 [booklist] INFO: VALID_ID: 2538032
2023-06-30 16:14:13 [booklist] INFO: VALID_ID: 2556147
2023-06-30 16:14:13 [booklist] INFO: VALID_ID: 2562598
2023-06-30 16:14:13 [booklist] INFO: VALID_ID: 2577291
2023-06-30 16:14:13 [booklist] INFO: VALID_ID: 2608269
2023-06-30 16:14:13 [booklist] INFO: VALID_ID: 2533729
2023-06-30 16:14:13 [booklist] INFO: VALID_ID: 2577292
2023-06-30 16:14:13 [booklist] INFO: VALID_ID: 2582925
2023-06-30 16:14:13 [booklist] INFO: VALID_ID: 2562761
2023-06-30 16:14:13 [booklist] INFO: VALID_ID: 2543379
2023-06-30 16:14:13 [booklist] INFO: VALID_ID: 2582924
2023-06-30 16:14:13 [booklist] INFO: VALID_ID: 2582929
2023-06-30 16:14:13 [booklist] INFO: VALID_ID: 2582930
2023-06-30 16:14:13 [booklist] INFO: VALID_ID: 2610602
2023-06-30 16:14:13 [booklist] INFO: VALID_ID: 2582927
2023-06-30 16:14:13 [booklist] INFO: VALID_ID: 2582928
2023-06-30 16:14:13 [booklist] INFO: VALID_ID: 2582934
2023-06-30 16:14:13 [booklist] INFO: VALID_ID: 2582931
2023-06-30 16:14:13 [booklist] INFO: VALID_ID: 2582933
2023-06-30 16:14:13 [booklist] INFO: VALID_ID: 2533807
2023-06-30 16:14:13 [booklist] INFO: VALID_ID: 2582921
2023-06-30 16:14:13 [booklist] INFO: VALID_ID: 2564894
2023-06-30 16:14:13 [booklist] INFO: VALID_ID: 2541427
2023-06-30 16:14:13 [booklist] INFO: VALID_ID: 2537029
2023-06-30 16:14:13 [booklist] INFO: VALID_ID: 2582922
2023-06-30 16:14:13 [booklist] INFO: VALID_ID: 2536056
2023-06-30 16:14:13 [booklist] INFO: VALID_ID: 2582918
2023-06-30 16:14:13 [booklist] INFO: VALID_ID: 2582919
2023-06-30 16:14:13 [booklist] INFO: VALID_ID: 2582932
2023-06-30 16:14:13 [booklist] INFO: VALID_ID: 2582917
2023-06-30 16:14:13 [booklist] INFO: VALID_ID: 2582920
2023-06-30 16:14:13 [booklist] INFO: VALID_ID: 2582926
2023-06-30 16:14:13 [booklist] INFO: VALID_ID: 2540194
2023-06-30 16:14:13 [booklist] INFO: VALID_ID: 2582935
2023-06-30 16:14:13 [booklist] INFO: VALID_ID: 2582923
2023-06-30 16:14:13 [booklist] INFO: VALID_ID: 2582916
2023-06-30 16:14:13 [booklist] INFO: VALID_ID: 2532370
2023-06-30 16:14:13 [booklist] INFO: VALID_ID: 2564895
2023-06-30 16:14:13 [booklist] INFO: VALID_ID: 2564896
2023-06-30 16:14:13 [booklist] INFO: VALID_ID: 2559251
2023-06-30 16:14:13 [booklist] INFO: VALID_ID: 2540658
2023-06-30 16:14:13 [booklist] INFO: VALID_ID: 2538961
2023-06-30 16:14:13 [booklist] INFO: VALID_ID: 9892483
2023-06-30 16:14:13 [booklist] INFO: VALID_ID: 2538296
2023-06-30 16:14:13 [booklist] INFO: VALID_ID: 2564893
2023-06-30 16:14:14 [scrapy.core.engine] DEBUG: Crawled (200) <POST https://dl.ndl.go.jp/api/item/search> (referer: https://dl.ndl.go.jp/api/item/search)
2023-06-30 16:14:14 [booklist] INFO: Fetched page 2
2023-06-30 16:14:14 [booklist] INFO: VALID_ID: 2538269
2023-06-30 16:14:14 [booklist] INFO: VALID_ID: 2564893
2023-06-30 16:14:14 [booklist] INFO: VALID_ID: 2540068
2023-06-30 16:14:14 [booklist] INFO: VALID_ID: 2609113
2023-06-30 16:14:14 [booklist] INFO: VALID_ID: 2541702
2023-06-30 16:14:14 [booklist] INFO: VALID_ID: 2552635
2023-06-30 16:14:14 [booklist] INFO: VALID_ID: 2574207
2023-06-30 16:14:14 [booklist] INFO: VALID_ID: 8929384
2023-06-30 16:14:14 [booklist] INFO: VALID_ID: 2610117
2023-06-30 16:14:14 [booklist] INFO: VALID_ID: 2539204
2023-06-30 16:14:14 [booklist] INFO: VALID_ID: 2579587
2023-06-30 16:14:14 [booklist] INFO: VALID_ID: 2574205
2023-06-30 16:14:14 [booklist] INFO: VALID_ID: 2606695
2023-06-30 16:14:14 [booklist] INFO: VALID_ID: 2537987
2023-06-30 16:14:14 [booklist] INFO: VALID_ID: 2563042
2023-06-30 16:14:14 [booklist] INFO: VALID_ID: 2533142
2023-06-30 16:14:14 [booklist] INFO: VALID_ID: 2579588
2023-06-30 16:14:14 [booklist] INFO: VALID_ID: 2539641
2023-06-30 16:14:14 [booklist] INFO: VALID_ID: 2574204
2023-06-30 16:14:14 [booklist] INFO: VALID_ID: 2552636
2023-06-30 16:14:14 [booklist] INFO: VALID_ID: 8929983
2023-06-30 16:14:14 [booklist] INFO: VALID_ID: 2551268
2023-06-30 16:14:14 [booklist] INFO: VALID_ID: 2609442
2023-06-30 16:14:14 [booklist] INFO: VALID_ID: 2538988
2023-06-30 16:14:14 [booklist] INFO: VALID_ID: 2574206
2023-06-30 16:14:14 [booklist] INFO: VALID_ID: 1301859
2023-06-30 16:14:14 [booklist] INFO: VALID_ID: 1311971
2023-06-30 16:14:14 [booklist] INFO: VALID_ID: 2608374
2023-06-30 16:14:14 [booklist] INFO: VALID_ID: 8942902
2023-06-30 16:14:14 [booklist] INFO: VALID_ID: 2551269
2023-06-30 16:14:14 [booklist] INFO: VALID_ID: 8942906
2023-06-30 16:14:14 [booklist] INFO: VALID_ID: 869285
2023-06-30 16:14:14 [booklist] INFO: VALID_ID: 2551270
2023-06-30 16:14:14 [booklist] INFO: VALID_ID: 8942904
2023-06-30 16:14:14 [booklist] INFO: VALID_ID: 2560561
2023-06-30 16:14:14 [booklist] INFO: VALID_ID: 8942905
2023-06-30 16:14:14 [booklist] INFO: VALID_ID: 2551264
2023-06-30 16:14:14 [booklist] INFO: VALID_ID: 2538621
2023-06-30 16:14:14 [booklist] INFO: VALID_ID: 2560560
2023-06-30 16:14:14 [booklist] INFO: VALID_ID: 3507458
2023-06-30 16:14:14 [booklist] INFO: VALID_ID: 2537948
2023-06-30 16:14:14 [booklist] INFO: VALID_ID: 2541640
2023-06-30 16:14:14 [booklist] INFO: VALID_ID: 2560562
2023-06-30 16:14:14 [booklist] INFO: VALID_ID: 2538639
2023-06-30 16:14:14 [booklist] INFO: VALID_ID: 9892532
2023-06-30 16:14:14 [booklist] INFO: VALID_ID: 2551267
2023-06-30 16:14:14 [booklist] INFO: VALID_ID: 869286
2023-06-30 16:14:14 [booklist] INFO: VALID_ID: 2551266
2023-06-30 16:14:14 [booklist] INFO: VALID_ID: 8943286
2023-06-30 16:14:14 [booklist] INFO: VALID_ID: 2532222
2023-06-30 16:14:14 [booklist] INFO: VALID_ID: 2559250
2023-06-30 16:14:14 [booklist] INFO: VALID_ID: 2551272
2023-06-30 16:14:14 [booklist] INFO: VALID_ID: 2557347
2023-06-30 16:14:14 [booklist] INFO: VALID_ID: 8942903
2023-06-30 16:14:14 [booklist] INFO: VALID_ID: 2559995
2023-06-30 16:14:14 [booklist] INFO: VALID_ID: 2552617
2023-06-30 16:14:14 [booklist] INFO: VALID_ID: 2559993
2023-06-30 16:14:14 [booklist] INFO: VALID_ID: 2551271
2023-06-30 16:14:14 [booklist] INFO: VALID_ID: 869287
2023-06-30 16:14:14 [booklist] INFO: VALID_ID: 2533559
2023-06-30 16:14:14 [booklist] INFO: VALID_ID: 2552615
2023-06-30 16:14:14 [booklist] INFO: VALID_ID: 2607956
2023-06-30 16:14:14 [booklist] INFO: VALID_ID: 2559996
2023-06-30 16:14:14 [booklist] INFO: VALID_ID: 2551265
2023-06-30 16:14:14 [booklist] INFO: VALID_ID: 1310620
2023-06-30 16:14:14 [booklist] INFO: VALID_ID: 2559994
2023-06-30 16:14:14 [booklist] INFO: VALID_ID: 2561322
2023-06-30 16:14:14 [booklist] INFO: VALID_ID: 2552619
2023-06-30 16:14:14 [booklist] INFO: VALID_ID: 10301049
2023-06-30 16:14:14 [booklist] INFO: VALID_ID: 10301178
2023-06-30 16:14:14 [booklist] INFO: VALID_ID: 2561324
2023-06-30 16:14:14 [booklist] INFO: VALID_ID: 2605389
2023-06-30 16:14:14 [booklist] INFO: VALID_ID: 2609056
2023-06-30 16:14:14 [booklist] INFO: VALID_ID: 2552618
2023-06-30 16:14:14 [booklist] INFO: VALID_ID: 2552616
2023-06-30 16:14:14 [booklist] INFO: VALID_ID: 2561323
2023-06-30 16:14:14 [booklist] INFO: VALID_ID: 2561328
2023-06-30 16:14:14 [booklist] INFO: VALID_ID: 2561325
2023-06-30 16:14:14 [booklist] INFO: VALID_ID: 2557346
2023-06-30 16:14:14 [booklist] INFO: VALID_ID: 9892519
2023-06-30 16:14:14 [booklist] INFO: VALID_ID: 2561326
2023-06-30 16:14:14 [booklist] INFO: VALID_ID: 2561327
2023-06-30 16:14:14 [booklist] INFO: VALID_ID: 2606957
2023-06-30 16:14:14 [booklist] INFO: VALID_ID: 2551976
2023-06-30 16:14:14 [booklist] INFO: VALID_ID: 2559997
2023-06-30 16:14:14 [booklist] INFO: VALID_ID: 2607299
2023-06-30 16:14:14 [booklist] INFO: VALID_ID: 2551974
2023-06-30 16:14:14 [booklist] INFO: VALID_ID: 2551977
2023-06-30 16:14:14 [booklist] INFO: VALID_ID: 10301661
2023-06-30 16:14:14 [booklist] INFO: VALID_ID: 2568323
2023-06-30 16:14:14 [booklist] INFO: VALID_ID: 2606453
2023-06-30 16:14:14 [booklist] INFO: VALID_ID: 2608372
2023-06-30 16:14:14 [booklist] INFO: VALID_ID: 8929375
2023-06-30 16:14:14 [booklist] INFO: VALID_ID: 2551975
2023-06-30 16:14:14 [booklist] INFO: VALID_ID: 2536470
2023-06-30 16:14:14 [booklist] INFO: VALID_ID: 10301636
2023-06-30 16:14:14 [booklist] INFO: VALID_ID: 2560597
2023-06-30 16:14:14 [booklist] INFO: VALID_ID: 2568324
2023-06-30 16:14:14 [booklist] INFO: VALID_ID: 10301783
2023-06-30 16:14:14 [booklist] INFO: VALID_ID: 2560587
2023-06-30 16:14:16 [scrapy.core.engine] DEBUG: Crawled (200) <POST https://dl.ndl.go.jp/api/item/search> (referer: https://dl.ndl.go.jp/api/item/search)
2023-06-30 16:14:16 [booklist] INFO: Fetched page 3
2023-06-30 16:14:16 [booklist] INFO: VALID_ID: 2533734
2023-06-30 16:14:16 [booklist] INFO: VALID_ID: 2560602
2023-06-30 16:14:16 [booklist] INFO: VALID_ID: 2560587
2023-06-30 16:14:16 [booklist] INFO: VALID_ID: 2560600
2023-06-30 16:14:16 [booklist] INFO: VALID_ID: 2560586
2023-06-30 16:14:16 [booklist] INFO: VALID_ID: 2608209
2023-06-30 16:14:16 [booklist] INFO: VALID_ID: 2560598
2023-06-30 16:14:16 [booklist] INFO: VALID_ID: 2560588
2023-06-30 16:14:16 [booklist] INFO: VALID_ID: 2560590
2023-06-30 16:14:16 [booklist] INFO: VALID_ID: 2560603
2023-06-30 16:14:16 [booklist] INFO: VALID_ID: 2560539
2023-06-30 16:14:16 [booklist] INFO: VALID_ID: 2560541
2023-06-30 16:14:16 [booklist] INFO: VALID_ID: 10303406
2023-06-30 16:14:16 [booklist] INFO: VALID_ID: 2560540
2023-06-30 16:14:16 [booklist] INFO: VALID_ID: 10303405
2023-06-30 16:14:16 [booklist] INFO: VALID_ID: 2560543
2023-06-30 16:14:16 [booklist] INFO: VALID_ID: 2560604
2023-06-30 16:14:16 [booklist] INFO: VALID_ID: 2532218
2023-06-30 16:14:16 [booklist] INFO: VALID_ID: 8929652
2023-06-30 16:14:16 [booklist] INFO: VALID_ID: 2560605
2023-06-30 16:14:16 [booklist] INFO: VALID_ID: 2560594
2023-06-30 16:14:16 [booklist] INFO: VALID_ID: 2560592
2023-06-30 16:14:16 [booklist] INFO: VALID_ID: 2560596
2023-06-30 16:14:16 [booklist] INFO: VALID_ID: 2560595
2023-06-30 16:14:16 [booklist] INFO: VALID_ID: 2560606
2023-06-30 16:14:16 [booklist] INFO: VALID_ID: 10303938
2023-06-30 16:14:16 [booklist] INFO: VALID_ID: 2560542
2023-06-30 16:14:16 [booklist] INFO: VALID_ID: 2560601
2023-06-30 16:14:16 [booklist] INFO: VALID_ID: 1305954
2023-06-30 16:14:16 [booklist] INFO: VALID_ID: 10303404
2023-06-30 16:14:16 [booklist] INFO: VALID_ID: 2560591
2023-06-30 16:14:16 [booklist] INFO: VALID_ID: 2560599
2023-06-30 16:14:16 [booklist] INFO: VALID_ID: 2607923
2023-06-30 16:14:16 [booklist] INFO: VALID_ID: 2560607
2023-06-30 16:14:16 [booklist] INFO: VALID_ID: 2560030
2023-06-30 16:14:16 [booklist] INFO: VALID_ID: 2560593
2023-06-30 16:14:16 [booklist] INFO: VALID_ID: 2540645
2023-06-30 16:14:16 [booklist] INFO: VALID_ID: 2560031
2023-06-30 16:14:16 [booklist] INFO: VALID_ID: 2560028
2023-06-30 16:14:16 [booklist] INFO: VALID_ID: 2560029
2023-06-30 16:14:16 [booklist] INFO: VALID_ID: 2560026
2023-06-30 16:14:16 [booklist] INFO: VALID_ID: 2560034
2023-06-30 16:14:16 [booklist] INFO: VALID_ID: 2532120
2023-06-30 16:14:16 [booklist] INFO: VALID_ID: 1304204
2023-06-30 16:14:16 [booklist] INFO: VALID_ID: 2560032
2023-06-30 16:14:16 [booklist] INFO: VALID_ID: 1304794
2023-06-30 16:14:16 [booklist] INFO: VALID_ID: 2560027
2023-06-30 16:14:16 [booklist] INFO: VALID_ID: 2560033
2023-06-30 16:14:16 [booklist] INFO: VALID_ID: 10301660
2023-06-30 16:14:16 [booklist] INFO: VALID_ID: 2560546
2023-06-30 16:14:16 [booklist] INFO: VALID_ID: 2560023
2023-06-30 16:14:16 [booklist] INFO: VALID_ID: 2560021
2023-06-30 16:14:16 [booklist] INFO: VALID_ID: 1303895
2023-06-30 16:14:16 [booklist] INFO: VALID_ID: 2560022
2023-06-30 16:14:16 [booklist] INFO: VALID_ID: 2532232
2023-06-30 16:14:16 [booklist] INFO: VALID_ID: 2609133
2023-06-30 16:14:16 [booklist] INFO: VALID_ID: 1305985
2023-06-30 16:14:16 [booklist] INFO: VALID_ID: 2560024
2023-06-30 16:14:16 [booklist] INFO: VALID_ID: 2560025
2023-06-30 16:14:16 [booklist] INFO: VALID_ID: 2574025
2023-06-30 16:14:16 [booklist] INFO: VALID_ID: 2541803
2023-06-30 16:14:16 [booklist] INFO: VALID_ID: 2560548
2023-06-30 16:14:16 [booklist] INFO: VALID_ID: 2559256
2023-06-30 16:14:16 [booklist] INFO: VALID_ID: 2608064
2023-06-30 16:14:16 [booklist] INFO: VALID_ID: 2561329
2023-06-30 16:14:16 [booklist] INFO: VALID_ID: 2607914
2023-06-30 16:14:16 [booklist] INFO: VALID_ID: 9367080
2023-06-30 16:14:16 [booklist] INFO: VALID_ID: 2608264
2023-06-30 16:14:16 [booklist] INFO: VALID_ID: 2560545
2023-06-30 16:14:16 [booklist] INFO: VALID_ID: 9366479
2023-06-30 16:14:16 [booklist] INFO: VALID_ID: 2561330
2023-06-30 16:14:16 [booklist] INFO: VALID_ID: 9366480
2023-06-30 16:14:16 [booklist] INFO: VALID_ID: 2538251
2023-06-30 16:14:16 [booklist] INFO: VALID_ID: 2561331
2023-06-30 16:14:16 [booklist] INFO: VALID_ID: 2574028
2023-06-30 16:14:16 [booklist] INFO: VALID_ID: 2560551
2023-06-30 16:14:16 [booklist] INFO: VALID_ID: 2581805
2023-06-30 16:14:16 [booklist] INFO: VALID_ID: 2560544
2023-06-30 16:14:16 [booklist] INFO: VALID_ID: 2574026
2023-06-30 16:14:16 [booklist] INFO: VALID_ID: 2560550
2023-06-30 16:14:16 [booklist] INFO: VALID_ID: 2585319
2023-06-30 16:14:16 [booklist] INFO: VALID_ID: 2538103
2023-06-30 16:14:16 [booklist] INFO: VALID_ID: 2560547
2023-06-30 16:14:16 [booklist] INFO: VALID_ID: 2574027
2023-06-30 16:14:16 [booklist] INFO: VALID_ID: 2543924
2023-06-30 16:14:16 [booklist] INFO: VALID_ID: 2561332
2023-06-30 16:14:16 [booklist] INFO: VALID_ID: 2583240
2023-06-30 16:14:16 [booklist] INFO: VALID_ID: 2560549
2023-06-30 16:14:16 [booklist] INFO: VALID_ID: 2537390
2023-06-30 16:14:16 [booklist] INFO: VALID_ID: 2560552
2023-06-30 16:14:16 [booklist] INFO: VALID_ID: 2567154
2023-06-30 16:14:16 [booklist] INFO: VALID_ID: 2543921
2023-06-30 16:14:16 [booklist] INFO: VALID_ID: 2599631
2023-06-30 16:14:16 [booklist] INFO: VALID_ID: 2599630
2023-06-30 16:14:16 [booklist] INFO: VALID_ID: 2608793
2023-06-30 16:14:16 [booklist] INFO: VALID_ID: 2609805
2023-06-30 16:14:16 [booklist] INFO: VALID_ID: 2567153
2023-06-30 16:14:16 [booklist] INFO: VALID_ID: 2543920
2023-06-30 16:14:16 [booklist] INFO: VALID_ID: 2599632
2023-06-30 16:14:16 [booklist] INFO: VALID_ID: 12865334
2023-06-30 16:14:17 [scrapy.core.engine] DEBUG: Crawled (200) <POST https://dl.ndl.go.jp/api/item/search> (referer: https://dl.ndl.go.jp/api/item/search)
2023-06-30 16:14:17 [booklist] INFO: Fetched page 4
2023-06-30 16:14:18 [booklist] INFO: VALID_ID: 2582252
2023-06-30 16:14:18 [booklist] INFO: VALID_ID: 2599632
2023-06-30 16:14:18 [booklist] INFO: VALID_ID: 2567153
2023-06-30 16:14:18 [booklist] INFO: VALID_ID: 12865553
2023-06-30 16:14:18 [booklist] INFO: VALID_ID: 2582253
2023-06-30 16:14:18 [booklist] INFO: VALID_ID: 2543924
2023-06-30 16:14:18 [booklist] INFO: VALID_ID: 12865608
2023-06-30 16:14:18 [booklist] INFO: VALID_ID: 2567155
2023-06-30 16:14:18 [booklist] INFO: VALID_ID: 12865551
2023-06-30 16:14:18 [booklist] INFO: VALID_ID: 2541796
2023-06-30 16:14:18 [booklist] INFO: VALID_ID: 12865334
2023-06-30 16:14:18 [booklist] INFO: VALID_ID: 2582037
2023-06-30 16:14:18 [booklist] INFO: VALID_ID: 2607076
2023-06-30 16:14:18 [booklist] INFO: VALID_ID: 2567152
2023-06-30 16:14:18 [booklist] INFO: VALID_ID: 2586503
2023-06-30 16:14:18 [booklist] INFO: VALID_ID: 2586505
2023-06-30 16:14:18 [booklist] INFO: VALID_ID: 2543923
2023-06-30 16:14:18 [booklist] INFO: VALID_ID: 2543918
2023-06-30 16:14:18 [booklist] INFO: VALID_ID: 2543919
2023-06-30 16:14:18 [booklist] INFO: VALID_ID: 2543922
2023-06-30 16:14:18 [booklist] INFO: VALID_ID: 2581802
2023-06-30 16:14:18 [booklist] INFO: VALID_ID: 2586504
2023-06-30 16:14:18 [booklist] INFO: VALID_ID: 2567150
2023-06-30 16:14:18 [booklist] INFO: VALID_ID: 2567151
2023-06-30 16:14:18 [booklist] INFO: VALID_ID: 2582038
2023-06-30 16:14:18 [booklist] INFO: VALID_ID: 2585443
2023-06-30 16:14:18 [booklist] INFO: VALID_ID: 2583241
2023-06-30 16:14:18 [booklist] INFO: VALID_ID: 2581766
2023-06-30 16:14:18 [booklist] INFO: VALID_ID: 2583242
2023-06-30 16:14:18 [booklist] INFO: VALID_ID: 2583327
2023-06-30 16:14:18 [booklist] INFO: VALID_ID: 2598963
2023-06-30 16:14:18 [booklist] INFO: VALID_ID: 2586506
2023-06-30 16:14:18 [booklist] INFO: VALID_ID: 2581765
2023-06-30 16:14:18 [booklist] INFO: VALID_ID: 2598016
2023-06-30 16:14:18 [booklist] INFO: VALID_ID: 11891930
2023-06-30 16:14:18 [booklist] INFO: VALID_ID: 11223532
2023-06-30 16:14:18 [booklist] INFO: VALID_ID: 2581027
2023-06-30 16:14:18 [booklist] INFO: VALID_ID: 1307111
2023-06-30 16:14:18 [booklist] INFO: VALID_ID: 2598032
2023-06-30 16:14:18 [booklist] INFO: VALID_ID: 2583243
2023-06-30 16:14:18 [booklist] INFO: VALID_ID: 2581801
2023-06-30 16:14:18 [booklist] INFO: VALID_ID: 2597775
2023-06-30 16:14:18 [booklist] INFO: VALID_ID: 2581803
2023-06-30 16:14:18 [booklist] INFO: VALID_ID: 2581804
2023-06-30 16:14:18 [booklist] INFO: VALID_ID: 1304999
2023-06-30 16:14:18 [booklist] INFO: VALID_ID: 2582039
2023-06-30 16:14:18 [booklist] INFO: VALID_ID: 2583328
2023-06-30 16:14:18 [booklist] INFO: VALID_ID: 2581806
2023-06-30 16:14:18 [booklist] INFO: VALID_ID: 2586472
2023-06-30 16:14:18 [booklist] INFO: VALID_ID: 1309332
2023-06-30 16:14:18 [booklist] INFO: VALID_ID: 2610666
2023-06-30 16:14:18 [booklist] INFO: VALID_ID: 2585411
2023-06-30 16:14:18 [booklist] INFO: VALID_ID: 2581800
2023-06-30 16:14:18 [booklist] INFO: VALID_ID: 2581807
2023-06-30 16:14:18 [booklist] INFO: VALID_ID: 2598033
2023-06-30 16:14:18 [booklist] INFO: VALID_ID: 2585410
2023-06-30 16:14:18 [booklist] INFO: VALID_ID: 2582251
2023-06-30 16:14:18 [booklist] INFO: VALID_ID: 1307115
2023-06-30 16:14:18 [booklist] INFO: VALID_ID: 2581525
2023-06-30 16:14:18 [booklist] INFO: VALID_ID: 2544422
2023-06-30 16:14:18 [booklist] INFO: VALID_ID: 2559468
2023-06-30 16:14:18 [booklist] INFO: VALID_ID: 2543960
2023-06-30 16:14:18 [booklist] INFO: VALID_ID: 1311962
2023-06-30 16:14:18 [booklist] INFO: VALID_ID: 11892804
2023-06-30 16:14:18 [booklist] INFO: VALID_ID: 2559467
2023-06-30 16:14:18 [booklist] INFO: VALID_ID: 2544190
2023-06-30 16:14:18 [booklist] INFO: VALID_ID: 2585544
2023-06-30 16:14:18 [booklist] INFO: VALID_ID: 2532118
2023-06-30 16:14:18 [booklist] INFO: VALID_ID: 1307112
2023-06-30 16:14:18 [booklist] INFO: VALID_ID: 2585409
2023-06-30 16:14:18 [booklist] INFO: VALID_ID: 2608991
2023-06-30 16:14:18 [booklist] INFO: VALID_ID: 11892680
2023-06-30 16:14:18 [booklist] INFO: VALID_ID: 2606249
2023-06-30 16:14:18 [booklist] INFO: VALID_ID: 2544189
2023-06-30 16:14:18 [booklist] INFO: VALID_ID: 2544421
2023-06-30 16:14:18 [booklist] INFO: VALID_ID: 11892681
2023-06-30 16:14:18 [booklist] INFO: VALID_ID: 11892679
2023-06-30 16:14:18 [booklist] INFO: VALID_ID: 2605588
2023-06-30 16:14:18 [booklist] INFO: VALID_ID: 2575046
2023-06-30 16:14:18 [booklist] INFO: VALID_ID: 2606534
2023-06-30 16:14:18 [booklist] INFO: VALID_ID: 11892682
2023-06-30 16:14:18 [booklist] INFO: VALID_ID: 2585387
2023-06-30 16:14:18 [booklist] INFO: VALID_ID: 2598017
2023-06-30 16:14:18 [booklist] INFO: VALID_ID: 2543959
2023-06-30 16:14:18 [booklist] INFO: VALID_ID: 2580227
2023-06-30 16:14:18 [booklist] INFO: VALID_ID: 2585563
2023-06-30 16:14:18 [booklist] INFO: VALID_ID: 2553342
2023-06-30 16:14:18 [booklist] INFO: VALID_ID: 2542988
2023-06-30 16:14:18 [booklist] INFO: VALID_ID: 2575269
2023-06-30 16:14:18 [booklist] INFO: VALID_ID: 2575266
2023-06-30 16:14:18 [booklist] INFO: VALID_ID: 2575264
2023-06-30 16:14:18 [booklist] INFO: VALID_ID: 2581764
2023-06-30 16:14:18 [booklist] INFO: VALID_ID: 2543432
2023-06-30 16:14:18 [booklist] INFO: VALID_ID: 2585556
2023-06-30 16:14:18 [booklist] INFO: VALID_ID: 2575265
2023-06-30 16:14:18 [booklist] INFO: VALID_ID: 2575273
2023-06-30 16:14:18 [booklist] INFO: VALID_ID: 2556230
2023-06-30 16:14:18 [booklist] INFO: VALID_ID: 2605277
2023-06-30 16:14:18 [booklist] INFO: VALID_ID: 2575267
2023-06-30 16:14:18 [booklist] INFO: VALID_ID: 2575271
2023-06-30 16:14:19 [scrapy.core.engine] DEBUG: Crawled (200) <POST https://dl.ndl.go.jp/api/item/search> (referer: https://dl.ndl.go.jp/api/item/search)
2023-06-30 16:14:19 [booklist] INFO: Fetched page 5
2023-06-30 16:14:19 [booklist] INFO: VALID_ID: 2605277
2023-06-30 16:14:19 [booklist] INFO: VALID_ID: 2575267
2023-06-30 16:14:19 [booklist] INFO: VALID_ID: 2575271
2023-06-30 16:14:19 [booklist] INFO: VALID_ID: 2575268
2023-06-30 16:14:19 [booklist] INFO: VALID_ID: 2585632
2023-06-30 16:14:19 [booklist] INFO: VALID_ID: 2585583
2023-06-30 16:14:19 [booklist] INFO: VALID_ID: 2559068
2023-06-30 16:14:19 [booklist] INFO: VALID_ID: 2575046
2023-06-30 16:14:19 [booklist] INFO: VALID_ID: 2610223
2023-06-30 16:14:19 [booklist] INFO: VALID_ID: 2580226
2023-06-30 16:14:19 [booklist] INFO: VALID_ID: 2575336
2023-06-30 16:14:19 [booklist] INFO: VALID_ID: 2556232
2023-06-30 16:14:19 [booklist] INFO: VALID_ID: 2575339
2023-06-30 16:14:19 [booklist] INFO: VALID_ID: 2556229
2023-06-30 16:14:19 [booklist] INFO: VALID_ID: 2556231
2023-06-30 16:14:19 [booklist] INFO: VALID_ID: 2538246
2023-06-30 16:14:19 [booklist] INFO: VALID_ID: 1311286
2023-06-30 16:14:19 [booklist] INFO: VALID_ID: 2575342
2023-06-30 16:14:19 [booklist] INFO: VALID_ID: 2581776
2023-06-30 16:14:19 [booklist] INFO: VALID_ID: 2585405
2023-06-30 16:14:19 [booklist] INFO: VALID_ID: 2575340
2023-06-30 16:14:19 [booklist] INFO: VALID_ID: 2585204
2023-06-30 16:14:19 [booklist] INFO: VALID_ID: 2598878
2023-06-30 16:14:19 [booklist] INFO: VALID_ID: 2543423
2023-06-30 16:14:19 [booklist] INFO: VALID_ID: 2543428
2023-06-30 16:14:19 [booklist] INFO: VALID_ID: 2585683
2023-06-30 16:14:19 [booklist] INFO: VALID_ID: 2609306
2023-06-30 16:14:19 [booklist] INFO: VALID_ID: 1305008
2023-06-30 16:14:19 [booklist] INFO: VALID_ID: 2575338
2023-06-30 16:14:19 [booklist] INFO: VALID_ID: 2575337
2023-06-30 16:14:19 [booklist] INFO: VALID_ID: 2575341
2023-06-30 16:14:19 [booklist] INFO: VALID_ID: 2533896
2023-06-30 16:14:19 [booklist] INFO: VALID_ID: 2559128
2023-06-30 16:14:19 [booklist] INFO: VALID_ID: 2585312
2023-06-30 16:14:19 [booklist] INFO: VALID_ID: 10301516
2023-06-30 16:14:19 [booklist] INFO: VALID_ID: 2559233
2023-06-30 16:14:19 [booklist] INFO: VALID_ID: 1304861
2023-06-30 16:14:19 [booklist] INFO: VALID_ID: 2543421
2023-06-30 16:14:19 [booklist] INFO: VALID_ID: 2585568
2023-06-30 16:14:19 [booklist] INFO: VALID_ID: 2543424
2023-06-30 16:14:19 [booklist] INFO: VALID_ID: 2585538
2023-06-30 16:14:19 [booklist] INFO: VALID_ID: 2585408
2023-06-30 16:14:19 [booklist] INFO: VALID_ID: 9892591
2023-06-30 16:14:19 [booklist] INFO: VALID_ID: 2543431
2023-06-30 16:14:19 [booklist] INFO: VALID_ID: 2543425
2023-06-30 16:14:19 [booklist] INFO: VALID_ID: 2543422
2023-06-30 16:14:19 [booklist] INFO: VALID_ID: 2543434
2023-06-30 16:14:19 [booklist] INFO: VALID_ID: 2585329
2023-06-30 16:14:19 [booklist] INFO: VALID_ID: 2593575
2023-06-30 16:14:19 [booklist] INFO: VALID_ID: 2607884
2023-06-30 16:14:19 [booklist] INFO: VALID_ID: 2543429
2023-06-30 16:14:19 [booklist] INFO: VALID_ID: 2610121
2023-06-30 16:14:19 [booklist] INFO: VALID_ID: 2609546
2023-06-30 16:14:19 [booklist] INFO: VALID_ID: 2543433
2023-06-30 16:14:19 [booklist] INFO: VALID_ID: 2533406
2023-06-30 16:14:19 [booklist] INFO: VALID_ID: 2543430
2023-06-30 16:14:19 [booklist] INFO: VALID_ID: 2543426
2023-06-30 16:14:19 [booklist] INFO: VALID_ID: 2598877
2023-06-30 16:14:19 [booklist] INFO: VALID_ID: 2533396
2023-06-30 16:14:19 [booklist] INFO: VALID_ID: 10301684
2023-06-30 16:14:19 [booklist] INFO: VALID_ID: 2611103
2023-06-30 16:14:19 [booklist] INFO: VALID_ID: 10301658
2023-06-30 16:14:19 [booklist] INFO: VALID_ID: 2585333
2023-06-30 16:14:19 [booklist] INFO: VALID_ID: 2585464
2023-06-30 16:14:19 [booklist] INFO: VALID_ID: 10301410
2023-06-30 16:14:19 [booklist] INFO: VALID_ID: 2585335
2023-06-30 16:14:19 [booklist] INFO: VALID_ID: 10301138
2023-06-30 16:14:19 [booklist] INFO: VALID_ID: 2609697
2023-06-30 16:14:19 [booklist] INFO: VALID_ID: 2609371
2023-06-30 16:14:19 [booklist] INFO: VALID_ID: 1287856
2023-06-30 16:14:19 [booklist] INFO: VALID_ID: 1287857
2023-06-30 16:14:19 [booklist] INFO: VALID_ID: 2609301
2023-06-30 16:14:19 [booklist] INFO: VALID_ID: 11446666
2023-06-30 16:14:19 [booklist] INFO: VALID_ID: 1287834
2023-06-30 16:14:19 [booklist] INFO: VALID_ID: 1287855
2023-06-30 16:14:19 [booklist] INFO: VALID_ID: 1287826
2023-06-30 16:14:19 [booklist] INFO: VALID_ID: 1287849
2023-06-30 16:14:19 [booklist] INFO: VALID_ID: 1287858
2023-06-30 16:14:19 [booklist] INFO: VALID_ID: 1287847
2023-06-30 16:14:19 [booklist] INFO: VALID_ID: 1287854
2023-06-30 16:14:19 [booklist] INFO: VALID_ID: 1287863
2023-06-30 16:14:19 [booklist] INFO: VALID_ID: 1288338
2023-06-30 16:14:19 [booklist] INFO: VALID_ID: 2610217
2023-06-30 16:14:19 [booklist] INFO: VALID_ID: 1287850
2023-06-30 16:14:19 [booklist] INFO: VALID_ID: 10301535
2023-06-30 16:14:19 [booklist] INFO: VALID_ID: 1287833
2023-06-30 16:14:19 [booklist] INFO: VALID_ID: 1287832
2023-06-30 16:14:19 [booklist] INFO: VALID_ID: 1287846
2023-06-30 16:14:19 [booklist] INFO: VALID_ID: 1287864
2023-06-30 16:14:19 [booklist] INFO: VALID_ID: 1287865
2023-06-30 16:14:19 [booklist] INFO: VALID_ID: 1307625
2023-06-30 16:14:19 [booklist] INFO: VALID_ID: 1287862
2023-06-30 16:14:19 [booklist] INFO: VALID_ID: 10300956
2023-06-30 16:14:19 [booklist] INFO: VALID_ID: 11446186
2023-06-30 16:14:19 [booklist] INFO: VALID_ID: 10301648
2023-06-30 16:14:19 [booklist] INFO: VALID_ID: 2610558
2023-06-30 16:14:19 [booklist] INFO: VALID_ID: 2572837
2023-06-30 16:14:19 [booklist] INFO: VALID_ID: 2609774
2023-06-30 16:14:19 [booklist] INFO: VALID_ID: 2610431
2023-06-30 16:14:19 [booklist] INFO: VALID_ID: 2608597
2023-06-30 16:14:20 [scrapy.core.engine] DEBUG: Crawled (200) <POST https://dl.ndl.go.jp/api/item/search> (referer: https://dl.ndl.go.jp/api/item/search)
2023-06-30 16:14:20 [booklist] INFO: Fetched page 6
2023-06-30 16:14:21 [booklist] INFO: VALID_ID: 1301822
2023-06-30 16:14:21 [booklist] INFO: VALID_ID: 2559255
2023-06-30 16:14:21 [booklist] INFO: VALID_ID: 2559243
2023-06-30 16:14:21 [booklist] INFO: VALID_ID: 2559247
2023-06-30 16:14:21 [booklist] INFO: VALID_ID: 2559242
2023-06-30 16:14:21 [booklist] INFO: VALID_ID: 2559246
2023-06-30 16:14:21 [booklist] INFO: VALID_ID: 2559252
2023-06-30 16:14:21 [booklist] INFO: VALID_ID: 2559241
2023-06-30 16:14:21 [booklist] INFO: VALID_ID: 2559249
2023-06-30 16:14:21 [booklist] INFO: VALID_ID: 2559254
2023-06-30 16:14:21 [booklist] INFO: VALID_ID: 2559244
2023-06-30 16:14:21 [booklist] INFO: VALID_ID: 2559248
2023-06-30 16:14:21 [booklist] INFO: VALID_ID: 2608047
2023-06-30 16:14:21 [booklist] INFO: VALID_ID: 2559245
2023-06-30 16:14:21 [booklist] INFO: VALID_ID: 2559253
2023-06-30 16:14:21 [booklist] INFO: VALID_ID: 2609774
2023-06-30 16:14:21 [booklist] INFO: VALID_ID: 2549359
2023-06-30 16:14:21 [booklist] INFO: VALID_ID: 2541094
2023-06-30 16:14:21 [booklist] INFO: VALID_ID: 2610368
2023-06-30 16:14:21 [booklist] INFO: VALID_ID: 2608900
2023-06-30 16:14:21 [booklist] INFO: VALID_ID: 2607879
2023-06-30 16:14:21 [booklist] INFO: VALID_ID: 2610093
2023-06-30 16:14:21 [booklist] INFO: VALID_ID: 2609621
2023-06-30 16:14:21 [booklist] INFO: VALID_ID: 2609861
2023-06-30 16:14:21 [booklist] INFO: VALID_ID: 2559125
2023-06-30 16:14:21 [booklist] INFO: VALID_ID: 2559126
2023-06-30 16:14:21 [booklist] INFO: VALID_ID: 2559118
2023-06-30 16:14:21 [booklist] INFO: VALID_ID: 2559122
2023-06-30 16:14:21 [booklist] INFO: VALID_ID: 2559123
2023-06-30 16:14:21 [booklist] INFO: VALID_ID: 2559130
2023-06-30 16:14:21 [booklist] INFO: VALID_ID: 2559131
2023-06-30 16:14:21 [booklist] INFO: VALID_ID: 2559124
2023-06-30 16:14:21 [booklist] INFO: VALID_ID: 2559117
2023-06-30 16:14:21 [booklist] INFO: VALID_ID: 2559129
2023-06-30 16:14:21 [booklist] INFO: VALID_ID: 2533156
2023-06-30 16:14:21 [booklist] INFO: VALID_ID: 2559127
2023-06-30 16:14:21 [booklist] INFO: VALID_ID: 2559120
2023-06-30 16:14:21 [booklist] INFO: VALID_ID: 2559132
2023-06-30 16:14:21 [booklist] INFO: VALID_ID: 2606130
2023-06-30 16:14:21 [booklist] INFO: VALID_ID: 2559121
2023-06-30 16:14:21 [booklist] INFO: VALID_ID: 2559119
2023-06-30 16:14:21 [booklist] INFO: VALID_ID: 2559262
2023-06-30 16:14:21 [booklist] INFO: VALID_ID: 2559261
2023-06-30 16:14:21 [booklist] INFO: VALID_ID: 2559265
2023-06-30 16:14:21 [booklist] INFO: VALID_ID: 2559257
2023-06-30 16:14:21 [booklist] INFO: VALID_ID: 2559259
2023-06-30 16:14:21 [booklist] INFO: VALID_ID: 2559260
2023-06-30 16:14:21 [booklist] INFO: VALID_ID: 2559263
2023-06-30 16:14:21 [booklist] INFO: VALID_ID: 2559264
2023-06-30 16:14:21 [booklist] INFO: VALID_ID: 2559258
2023-06-30 16:14:21 [booklist] INFO: VALID_ID: 2609800
2023-06-30 16:14:21 [booklist] INFO: VALID_ID: 2610537
2023-06-30 16:14:21 [booklist] INFO: VALID_ID: 2559064
2023-06-30 16:14:21 [booklist] INFO: VALID_ID: 2559061
2023-06-30 16:14:21 [booklist] INFO: VALID_ID: 2559060
2023-06-30 16:14:21 [booklist] INFO: VALID_ID: 2559063
2023-06-30 16:14:21 [booklist] INFO: VALID_ID: 2559065
2023-06-30 16:14:21 [booklist] INFO: VALID_ID: 2559072
2023-06-30 16:14:21 [booklist] INFO: VALID_ID: 2559069
2023-06-30 16:14:21 [booklist] INFO: VALID_ID: 2559070
2023-06-30 16:14:21 [booklist] INFO: VALID_ID: 2559062
2023-06-30 16:14:21 [booklist] INFO: VALID_ID: 2559066
2023-06-30 16:14:21 [booklist] INFO: VALID_ID: 2559067
2023-06-30 16:14:21 [booklist] INFO: VALID_ID: 2559071
2023-06-30 16:14:21 [booklist] INFO: VALID_ID: 2611085
2023-06-30 16:14:21 [booklist] INFO: VALID_ID: 2559236
2023-06-30 16:14:21 [booklist] INFO: VALID_ID: 2559240
2023-06-30 16:14:21 [booklist] INFO: VALID_ID: 2559234
2023-06-30 16:14:21 [booklist] INFO: VALID_ID: 2559235
2023-06-30 16:14:21 [booklist] INFO: VALID_ID: 2559239
2023-06-30 16:14:21 [booklist] INFO: VALID_ID: 2559237
2023-06-30 16:14:21 [booklist] INFO: VALID_ID: 2559232
2023-06-30 16:14:21 [booklist] INFO: VALID_ID: 2559238
2023-06-30 16:14:21 [booklist] INFO: VALID_ID: 2611035
2023-06-30 16:14:21 [booklist] INFO: VALID_ID: 2609783
2023-06-30 16:14:21 [booklist] INFO: VALID_ID: 12865370
2023-06-30 16:14:21 [scrapy.core.engine] DEBUG: Crawled (200) <POST https://dl.ndl.go.jp/api/item/search> (referer: https://dl.ndl.go.jp/api/item/search)
2023-06-30 16:14:21 [booklist] INFO: Fetched page 7
2023-06-30 16:14:21 [booklist] INFO: No more books on 7
2023-06-30 16:14:21 [scrapy.core.engine] INFO: Closing spider (finished)
2023-06-30 16:14:21 [scrapy.statscollectors] INFO: Dumping Scrapy stats:
{'downloader/request_bytes': 9632,
 'downloader/request_count': 8,
 'downloader/request_method_count/GET': 1,
 'downloader/request_method_count/POST': 7,
 'downloader/response_bytes': 3036209,
 'downloader/response_count': 8,
 'downloader/response_status_count/200': 8,
 'elapsed_time_seconds': 11.296934,
 'finish_reason': 'finished',
 'finish_time': datetime.datetime(2023, 6, 30, 8, 14, 21, 820599),
 'httpcompression/response_bytes': 35103154,
 'httpcompression/response_count': 7,
 'log_count/DEBUG': 11,
 'log_count/INFO': 594,
 'memusage/max': 63791104,
 'memusage/startup': 63791104,
 'request_depth_max': 6,
 'response_received_count': 8,
 'robotstxt/request_count': 1,
 'robotstxt/response_count': 1,
 'robotstxt/response_status_count/200': 1,
 'scheduler/dequeued': 7,
 'scheduler/dequeued/memory': 7,
 'scheduler/enqueued': 7,
 'scheduler/enqueued/memory': 7,
 'start_time': datetime.datetime(2023, 6, 30, 8, 14, 10, 523665)}
2023-06-30 16:14:21 [scrapy.core.engine] INFO: Spider closed (finished)
