2023-06-30 19:40:35 [scrapy.utils.log] INFO: Scrapy 2.9.0 started (bot: ndlcrawler)
2023-06-30 19:40:35 [scrapy.utils.log] INFO: Versions: lxml 4.9.2.0, libxml2 2.9.14, cssselect 1.2.0, parsel 1.8.1, w3lib 2.1.1, Twisted 22.10.0, Python 3.10.10 (main, Mar  5 2023, 22:26:53) [GCC 12.2.1 20230201], pyOpenSSL 23.2.0 (OpenSSL 3.1.1 30 May 2023), cryptography 41.0.1, Platform Linux-6.2.12-arch1-1-x86_64-with-glibc2.37
2023-06-30 19:40:35 [scrapy.crawler] INFO: Overridden settings:
{'BOT_NAME': 'ndlcrawler',
 'FEED_EXPORT_ENCODING': 'utf-8',
 'LOG_FILE': 'logs/booklist.title.絲.log',
 'NEWSPIDER_MODULE': 'ndlcrawler.spiders',
 'REQUEST_FINGERPRINTER_IMPLEMENTATION': '2.7',
 'ROBOTSTXT_OBEY': True,
 'SPIDER_MODULES': ['ndlcrawler.spiders'],
 'TWISTED_REACTOR': 'twisted.internet.asyncioreactor.AsyncioSelectorReactor'}
2023-06-30 19:40:35 [asyncio] DEBUG: Using selector: EpollSelector
2023-06-30 19:40:35 [scrapy.utils.log] DEBUG: Using reactor: twisted.internet.asyncioreactor.AsyncioSelectorReactor
2023-06-30 19:40:35 [scrapy.utils.log] DEBUG: Using asyncio event loop: asyncio.unix_events._UnixSelectorEventLoop
2023-06-30 19:40:35 [scrapy.extensions.telnet] INFO: Telnet Password: 65f876c7cbb27a94
2023-06-30 19:40:35 [scrapy.middleware] INFO: Enabled extensions:
['scrapy.extensions.corestats.CoreStats',
 'scrapy.extensions.telnet.TelnetConsole',
 'scrapy.extensions.memusage.MemoryUsage',
 'scrapy.extensions.logstats.LogStats']
2023-06-30 19:40:35 [scrapy.middleware] INFO: Enabled downloader middlewares:
['scrapy.downloadermiddlewares.robotstxt.RobotsTxtMiddleware',
 'scrapy.downloadermiddlewares.httpauth.HttpAuthMiddleware',
 'scrapy.downloadermiddlewares.downloadtimeout.DownloadTimeoutMiddleware',
 'scrapy.downloadermiddlewares.defaultheaders.DefaultHeadersMiddleware',
 'scrapy.downloadermiddlewares.useragent.UserAgentMiddleware',
 'scrapy.downloadermiddlewares.retry.RetryMiddleware',
 'scrapy.downloadermiddlewares.redirect.MetaRefreshMiddleware',
 'scrapy.downloadermiddlewares.httpcompression.HttpCompressionMiddleware',
 'scrapy.downloadermiddlewares.redirect.RedirectMiddleware',
 'scrapy.downloadermiddlewares.cookies.CookiesMiddleware',
 'scrapy.downloadermiddlewares.httpproxy.HttpProxyMiddleware',
 'scrapy.downloadermiddlewares.stats.DownloaderStats']
2023-06-30 19:40:35 [scrapy.middleware] INFO: Enabled spider middlewares:
['scrapy.spidermiddlewares.httperror.HttpErrorMiddleware',
 'scrapy.spidermiddlewares.offsite.OffsiteMiddleware',
 'scrapy.spidermiddlewares.referer.RefererMiddleware',
 'scrapy.spidermiddlewares.urllength.UrlLengthMiddleware',
 'scrapy.spidermiddlewares.depth.DepthMiddleware']
2023-06-30 19:40:35 [scrapy.middleware] INFO: Enabled item pipelines:
[]
2023-06-30 19:40:35 [scrapy.core.engine] INFO: Spider opened
2023-06-30 19:40:36 [scrapy.extensions.logstats] INFO: Crawled 0 pages (at 0 pages/min), scraped 0 items (at 0 items/min)
2023-06-30 19:40:36 [scrapy.extensions.telnet] INFO: Telnet console listening on 127.0.0.1:6023
2023-06-30 19:40:36 [scrapy.core.engine] DEBUG: Crawled (200) <GET https://dl.ndl.go.jp/robots.txt> (referer: None)
2023-06-30 19:40:37 [scrapy.core.engine] DEBUG: Crawled (200) <POST https://dl.ndl.go.jp/api/item/search> (referer: None)
2023-06-30 19:40:37 [booklist] INFO: Fetched page 1
2023-06-30 19:40:37 [booklist] INFO: VALID_ID: 10301437
2023-06-30 19:40:37 [booklist] INFO: VALID_ID: 1312823
2023-06-30 19:40:37 [booklist] INFO: VALID_ID: 1301636
2023-06-30 19:40:37 [booklist] INFO: VALID_ID: 1312749
2023-06-30 19:40:37 [booklist] INFO: VALID_ID: 9893830
2023-06-30 19:40:37 [booklist] INFO: VALID_ID: 2559209
2023-06-30 19:40:37 [booklist] INFO: VALID_ID: 1302563
2023-06-30 19:40:37 [booklist] INFO: VALID_ID: 11891855
2023-06-30 19:40:37 [booklist] INFO: VALID_ID: 2548839
2023-06-30 19:40:37 [booklist] INFO: VALID_ID: 2541984
2023-06-30 19:40:37 [booklist] INFO: VALID_ID: 1286501
2023-06-30 19:40:37 [booklist] INFO: VALID_ID: 10301642
2023-06-30 19:40:37 [booklist] INFO: VALID_ID: 2540759
2023-06-30 19:40:37 [booklist] INFO: VALID_ID: 1302785
2023-06-30 19:40:37 [booklist] INFO: VALID_ID: 1307320
2023-06-30 19:40:37 [booklist] INFO: VALID_ID: 2588697
2023-06-30 19:40:37 [booklist] INFO: VALID_ID: 2588695
2023-06-30 19:40:37 [booklist] INFO: VALID_ID: 2588702
2023-06-30 19:40:37 [booklist] INFO: VALID_ID: 2588700
2023-06-30 19:40:37 [booklist] INFO: VALID_ID: 2588699
2023-06-30 19:40:37 [booklist] INFO: VALID_ID: 2588704
2023-06-30 19:40:37 [booklist] INFO: VALID_ID: 2548616
2023-06-30 19:40:37 [booklist] INFO: VALID_ID: 2588696
2023-06-30 19:40:37 [booklist] INFO: VALID_ID: 2588703
2023-06-30 19:40:37 [booklist] INFO: VALID_ID: 2533866
2023-06-30 19:40:37 [booklist] INFO: VALID_ID: 2588701
2023-06-30 19:40:37 [booklist] INFO: VALID_ID: 2588698
2023-06-30 19:40:37 [booklist] INFO: VALID_ID: 2593527
2023-06-30 19:40:37 [booklist] INFO: VALID_ID: 10301725
2023-06-30 19:40:37 [booklist] INFO: VALID_ID: 2548762
2023-06-30 19:40:37 [booklist] INFO: VALID_ID: 10301640
2023-06-30 19:40:37 [booklist] INFO: VALID_ID: 1288537
2023-06-30 19:40:37 [booklist] INFO: VALID_ID: 2607286
2023-06-30 19:40:37 [booklist] INFO: VALID_ID: 2587576
2023-06-30 19:40:37 [booklist] INFO: VALID_ID: 2587578
2023-06-30 19:40:37 [booklist] INFO: VALID_ID: 2587587
2023-06-30 19:40:37 [booklist] INFO: VALID_ID: 2587579
2023-06-30 19:40:37 [booklist] INFO: VALID_ID: 2605933
2023-06-30 19:40:37 [booklist] INFO: VALID_ID: 2587586
2023-06-30 19:40:37 [booklist] INFO: VALID_ID: 2587590
2023-06-30 19:40:37 [booklist] INFO: VALID_ID: 2587589
2023-06-30 19:40:37 [booklist] INFO: VALID_ID: 2548697
2023-06-30 19:40:37 [booklist] INFO: VALID_ID: 2559210
2023-06-30 19:40:37 [booklist] INFO: VALID_ID: 2559207
2023-06-30 19:40:37 [booklist] INFO: VALID_ID: 2559213
2023-06-30 19:40:37 [booklist] INFO: VALID_ID: 2559212
2023-06-30 19:40:37 [booklist] INFO: VALID_ID: 2559208
2023-06-30 19:40:37 [booklist] INFO: VALID_ID: 2541121
2023-06-30 19:40:37 [booklist] INFO: VALID_ID: 2559211
2023-06-30 19:40:37 [booklist] INFO: VALID_ID: 2559216
2023-06-30 19:40:37 [booklist] INFO: VALID_ID: 2559218
2023-06-30 19:40:37 [booklist] INFO: VALID_ID: 2559215
2023-06-30 19:40:37 [booklist] INFO: VALID_ID: 2559217
2023-06-30 19:40:37 [booklist] INFO: VALID_ID: 2542560
2023-06-30 19:40:37 [booklist] INFO: VALID_ID: 2548711
2023-06-30 19:40:37 [booklist] INFO: VALID_ID: 2610012
2023-06-30 19:40:38 [scrapy.core.engine] DEBUG: Crawled (200) <POST https://dl.ndl.go.jp/api/item/search> (referer: https://dl.ndl.go.jp/api/item/search)
2023-06-30 19:40:38 [booklist] INFO: Fetched page 2
2023-06-30 19:40:38 [booklist] INFO: No more books on 2
2023-06-30 19:40:38 [scrapy.core.engine] INFO: Closing spider (finished)
2023-06-30 19:40:38 [scrapy.statscollectors] INFO: Dumping Scrapy stats:
{'downloader/request_bytes': 2877,
 'downloader/request_count': 3,
 'downloader/request_method_count/GET': 1,
 'downloader/request_method_count/POST': 2,
 'downloader/response_bytes': 385818,
 'downloader/response_count': 3,
 'downloader/response_status_count/200': 3,
 'elapsed_time_seconds': 1.982596,
 'finish_reason': 'finished',
 'finish_time': datetime.datetime(2023, 6, 30, 11, 40, 38, 173116),
 'httpcompression/response_bytes': 4420118,
 'httpcompression/response_count': 2,
 'log_count/DEBUG': 6,
 'log_count/INFO': 69,
 'memusage/max': 63782912,
 'memusage/startup': 63782912,
 'request_depth_max': 1,
 'response_received_count': 3,
 'robotstxt/request_count': 1,
 'robotstxt/response_count': 1,
 'robotstxt/response_status_count/200': 1,
 'scheduler/dequeued': 2,
 'scheduler/dequeued/memory': 2,
 'scheduler/enqueued': 2,
 'scheduler/enqueued/memory': 2,
 'start_time': datetime.datetime(2023, 6, 30, 11, 40, 36, 190520)}
2023-06-30 19:40:38 [scrapy.core.engine] INFO: Spider closed (finished)
